10.000000 0.037364
20.000000 0.029768
30.000000 0.042943
40.000000 0.038335
50.000000 0.089568
60.000000 0.005316
70.000000 0.091287
80.000000 0.037886
90.000000 0.030922
100.000000 0.044859
110.000000 0.044702
120.000000 0.016318
130.000000 0.083000
140.000000 0.094022
150.000000 0.018809
160.000000 0.016046
170.000000 0.029638
180.000000 0.047754
190.000000 0.006358
200.000000 0.042883
210.000000 0.046274
220.000000 0.053686
230.000000 0.071049
240.000000 0.016008
250.000000 0.039299
260.000000 0.055119
270.000000 0.039470
280.000000 0.048685
290.000000 0.048220
300.000000 0.077412
310.000000 0.016647
320.000000 0.020535
330.000000 0.032009
340.000000 0.037448
350.000000 0.003039
360.000000 0.035617
370.000000 0.042721
380.000000 0.039223
390.000000 0.044499
400.000000 0.024042
410.000000 0.063537
420.000000 0.037320
430.000000 0.030461
440.000000 0.055003
450.000000 0.052056
460.000000 0.009479
470.000000 0.043655
480.000000 0.074167
490.000000 0.038426
500.000000 0.021273
510.000000 0.040834
520.000000 0.028914
530.000000 0.029500
540.000000 0.034861
550.000000 0.038489
560.000000 0.058138
570.000000 0.022465
580.000000 0.033131
590.000000 0.055159
600.000000 0.012708
610.000000 0.031929
620.000000 0.097656
630.000000 0.069865
640.000000 0.048047
650.000000 0.020871
660.000000 0.023909
670.000000 0.044155
680.000000 0.044144
690.000000 0.032349
700.000000 0.033191
710.000000 0.044210
720.000000 0.033514
730.000000 0.075253
740.000000 0.008522
750.000000 0.007924
760.000000 0.060122
770.000000 0.039407
780.000000 0.017255
790.000000 0.065101
800.000000 0.018815
810.000000 0.067102
820.000000 0.039835
830.000000 0.051288
840.000000 0.020143
850.000000 0.031905
860.000000 0.035180
870.000000 0.018581
880.000000 0.036585
890.000000 0.020478
900.000000 0.046012
910.000000 0.052706
920.000000 0.096732
930.000000 0.035979
940.000000 0.019460
950.000000 0.065655
960.000000 0.009641
970.000000 0.086889
980.000000 0.050268
990.000000 0.048249
1000.000000 0.011560
