0.000000 0.153840
1.000000 0.051523
2.000000 0.113594
3.000000 0.134689
4.000000 0.132885
5.000000 0.074499
6.000000 0.292339
7.000000 0.010195
8.000000 0.150016
9.000000 0.178695
10.000000 0.214885
11.000000 0.191581
12.000000 0.115636
13.000000 0.181063
14.000000 0.071417
15.000000 0.272018
16.000000 0.127544
17.000000 0.225091
18.000000 0.225181
19.000000 0.187540
20.000000 0.296755
21.000000 0.113354
22.000000 0.172317
23.000000 0.037301
24.000000 0.284154
25.000000 0.230323
26.000000 0.207253
27.000000 0.109657
28.000000 0.161388
29.000000 0.055315
30.000000 0.294196
31.000000 0.141864
32.000000 0.200145
33.000000 0.115954
34.000000 0.216791
35.000000 0.185719
36.000000 0.214692
37.000000 0.018207
38.000000 0.230623
39.000000 0.135639
40.000000 0.082167
41.000000 0.107405
42.000000 0.110426
43.000000 0.113210
44.000000 0.049568
45.000000 0.107993
46.000000 0.064023
47.000000 0.083978
48.000000 0.109456
49.000000 0.268026
50.000000 0.238344
51.000000 0.108939
52.000000 0.070584
53.000000 0.067348
54.000000 0.071790
55.000000 0.134918
56.000000 0.109452
57.000000 0.215517
58.000000 0.114813
59.000000 0.166254
60.000000 0.026132
61.000000 0.187645
62.000000 0.069232
63.000000 0.082292
64.000000 0.087891
65.000000 0.207682
66.000000 0.183934
67.000000 0.182546
68.000000 0.115696
69.000000 0.224734
70.000000 0.094964
71.000000 0.180401
72.000000 0.218991
73.000000 0.068075
74.000000 0.184830
75.000000 0.149932
76.000000 0.301743
77.000000 0.155941
78.000000 0.123086
79.000000 0.069446
80.000000 0.122907
81.000000 0.246281
82.000000 0.082831
83.000000 0.118828
84.000000 0.091028
85.000000 0.129297
86.000000 0.111006
87.000000 0.087998
88.000000 0.063755
89.000000 0.059307
90.000000 0.121587
91.000000 0.147391
92.000000 0.130125
93.000000 0.171094
94.000000 0.212118
95.000000 0.130848
96.000000 0.196551
97.000000 0.160440
98.000000 0.153340
99.000000 0.105087
100.000000 0.240754
101.000000 0.069057
102.000000 0.139228
103.000000 0.181685
104.000000 0.162412
105.000000 0.101671
106.000000 0.306192
107.000000 0.013759
108.000000 0.042384
109.000000 0.054332
110.000000 0.102649
111.000000 0.373643
112.000000 0.264746
113.000000 0.166747
114.000000 0.162414
115.000000 0.159977
116.000000 0.141523
117.000000 0.121917
118.000000 0.306912
119.000000 0.069306
120.000000 0.178263
121.000000 0.082746
122.000000 0.153761
123.000000 0.077314
124.000000 0.196955
125.000000 0.144162
126.000000 0.174505
127.000000 0.085772
128.000000 0.106496
129.000000 0.055543
130.000000 0.150012
131.000000 0.069398
132.000000 0.158046
133.000000 0.056226
134.000000 0.021955
135.000000 0.099286
136.000000 0.039371
137.000000 0.059550
138.000000 0.096149
139.000000 0.314571
140.000000 0.175909
141.000000 0.040487
142.000000 0.076622
143.000000 0.069139
144.000000 0.206101
145.000000 0.127063
146.000000 0.228461
147.000000 0.168460
148.000000 0.162261
149.000000 0.190711
150.000000 0.127578
151.000000 0.183784
152.000000 0.090859
153.000000 0.110916
154.000000 0.259739
155.000000 0.107723
156.000000 0.113821
157.000000 0.174361
158.000000 0.044589
159.000000 0.130231
160.000000 0.236531
161.000000 0.104788
162.000000 0.180845
163.000000 0.192429
164.000000 0.227531
165.000000 0.104158
166.000000 0.232831
167.000000 0.186454
168.000000 0.162034
169.000000 0.084528
170.000000 0.094993
171.000000 0.129897
172.000000 0.053756
173.000000 0.151781
174.000000 0.177857
175.000000 0.344700
176.000000 0.136504
177.000000 0.142056
178.000000 0.115227
179.000000 0.045162
180.000000 0.026806
181.000000 0.185804
182.000000 0.276062
183.000000 0.219118
184.000000 0.219517
185.000000 0.237484
186.000000 0.137382
187.000000 0.076288
188.000000 0.215771
189.000000 0.271970
190.000000 0.146454
191.000000 0.203809
192.000000 0.138086
193.000000 0.149900
194.000000 0.119534
195.000000 0.089049
196.000000 0.168711
197.000000 0.225035
198.000000 0.152727
199.000000 0.070083
200.000000 0.130929
201.000000 0.288296
202.000000 0.251035
203.000000 0.054561
204.000000 0.069336
205.000000 0.064552
206.000000 0.226974
207.000000 0.030890
208.000000 0.128673
209.000000 0.196247
210.000000 0.136129
211.000000 0.127415
212.000000 0.153529
213.000000 0.326557
214.000000 0.191203
215.000000 0.176007
216.000000 0.235380
217.000000 0.202126
218.000000 0.082163
219.000000 0.111593
220.000000 0.097416
221.000000 0.042874
222.000000 0.111129
223.000000 0.143177
224.000000 0.206028
225.000000 0.156247
226.000000 0.176207
227.000000 0.312977
228.000000 0.130127
229.000000 0.114588
230.000000 0.211115
231.000000 0.225975
232.000000 0.306006
233.000000 0.111448
234.000000 0.138142
235.000000 0.089508
236.000000 0.134915
237.000000 0.072911
238.000000 0.273202
239.000000 0.046572
240.000000 0.175533
241.000000 0.249728
242.000000 0.064031
243.000000 0.027125
244.000000 0.118602
245.000000 0.028545
246.000000 0.193567
247.000000 0.153571
248.000000 0.121071
249.000000 0.065554
250.000000 0.293288
251.000000 0.171691
252.000000 0.160846
253.000000 0.027307
254.000000 0.057982
255.000000 0.236003
256.000000 0.149315
257.000000 0.127841
258.000000 0.189191
259.000000 0.246355
260.000000 0.175775
261.000000 0.076076
262.000000 0.044767
263.000000 0.231811
264.000000 0.104047
265.000000 0.223954
266.000000 0.148333
267.000000 0.166094
268.000000 0.162596
269.000000 0.157020
270.000000 0.206415
271.000000 0.107168
272.000000 0.242694
273.000000 0.069848
274.000000 0.089589
275.000000 0.111138
276.000000 0.222262
277.000000 0.094027
278.000000 0.310339
279.000000 0.101386
280.000000 0.161021
281.000000 0.139235
282.000000 0.177067
283.000000 0.192932
284.000000 0.193712
285.000000 0.192289
286.000000 0.141608
287.000000 0.148202
288.000000 0.137548
289.000000 0.164317
290.000000 0.024585
291.000000 0.346752
292.000000 0.312934
293.000000 0.076711
294.000000 0.253894
295.000000 0.062747
296.000000 0.188538
297.000000 0.185535
298.000000 0.076669
299.000000 0.143789
300.000000 0.186808
301.000000 0.097264
302.000000 0.204770
303.000000 0.218013
304.000000 0.127934
305.000000 0.092291
306.000000 0.135973
307.000000 0.109539
308.000000 0.035425
309.000000 0.166204
310.000000 0.136198
311.000000 0.398046
312.000000 0.098759
313.000000 0.056479
314.000000 0.037084
315.000000 0.178061
316.000000 0.254816
317.000000 0.097416
318.000000 0.262906
319.000000 0.230234
320.000000 0.143336
321.000000 0.311626
322.000000 0.211029
323.000000 0.350486
324.000000 0.076771
325.000000 0.199216
326.000000 0.081700
327.000000 0.185288
328.000000 0.117453
329.000000 0.073393
330.000000 0.241645
331.000000 0.153771
332.000000 0.262883
333.000000 0.175514
334.000000 0.059381
335.000000 0.188671
336.000000 0.266164
337.000000 0.234898
338.000000 0.136519
339.000000 0.075851
340.000000 0.212206
341.000000 0.056862
342.000000 0.150695
343.000000 0.256760
344.000000 0.207787
345.000000 0.228997
346.000000 0.130098
347.000000 0.036941
348.000000 0.065565
349.000000 0.051635
350.000000 0.154779
351.000000 0.176390
352.000000 0.182712
353.000000 0.195572
354.000000 0.061977
355.000000 0.065875
356.000000 0.183022
357.000000 0.247558
358.000000 0.367063
359.000000 0.231932
360.000000 0.048519
361.000000 0.165149
362.000000 0.064321
363.000000 0.146892
364.000000 0.256539
365.000000 0.103469
366.000000 0.081364
367.000000 0.194662
368.000000 0.031186
369.000000 0.127781
370.000000 0.155431
371.000000 0.213194
372.000000 0.111211
373.000000 0.069223
374.000000 0.249711
375.000000 0.092267
376.000000 0.183922
377.000000 0.136718
378.000000 0.269854
379.000000 0.166117
380.000000 0.256251
381.000000 0.223845
382.000000 0.185648
383.000000 0.301366
384.000000 0.117274
385.000000 0.217327
386.000000 0.160357
387.000000 0.015445
388.000000 0.321675
389.000000 0.088559
390.000000 0.119440
391.000000 0.110343
392.000000 0.354969
393.000000 0.154626
394.000000 0.090438
395.000000 0.073751
396.000000 0.216745
397.000000 0.145442
398.000000 0.123910
399.000000 0.047959
400.000000 0.019799
401.000000 0.125947
402.000000 0.167558
403.000000 0.129835
404.000000 0.135030
405.000000 0.102316
406.000000 0.219650
407.000000 0.142099
408.000000 0.077417
409.000000 0.118270
410.000000 0.213077
411.000000 0.083593
412.000000 0.068122
413.000000 0.180359
414.000000 0.039451
415.000000 0.109915
416.000000 0.055068
417.000000 0.154363
418.000000 0.090595
419.000000 0.162717
420.000000 0.161393
421.000000 0.087748
422.000000 0.179005
423.000000 0.409011
424.000000 0.074914
425.000000 0.045203
426.000000 0.017907
427.000000 0.107055
428.000000 0.168679
429.000000 0.081574
430.000000 0.248485
431.000000 0.076753
432.000000 0.209611
433.000000 0.030156
434.000000 0.202689
435.000000 0.094971
436.000000 0.075507
437.000000 0.086645
438.000000 0.045658
439.000000 0.144627
440.000000 0.154448
441.000000 0.126634
442.000000 0.087836
443.000000 0.186576
444.000000 0.094826
445.000000 0.110779
446.000000 0.165397
447.000000 0.009249
448.000000 0.064076
449.000000 0.216607
450.000000 0.343900
451.000000 0.080620
452.000000 0.066310
453.000000 0.335207
454.000000 0.128628
455.000000 0.201775
456.000000 0.189473
457.000000 0.043507
458.000000 0.280155
459.000000 0.183809
460.000000 0.294576
461.000000 0.183883
462.000000 0.118545
463.000000 0.104467
464.000000 0.298572
465.000000 0.308664
466.000000 0.018597
467.000000 0.092461
468.000000 0.215202
469.000000 0.097697
470.000000 0.156140
471.000000 0.069608
472.000000 0.148316
473.000000 0.038589
474.000000 0.116312
475.000000 0.101903
476.000000 0.099885
477.000000 0.112555
478.000000 0.149696
479.000000 0.196615
480.000000 0.039780
481.000000 0.291660
482.000000 0.218847
483.000000 0.079039
484.000000 0.183630
485.000000 0.180923
486.000000 0.188269
487.000000 0.025918
488.000000 0.148734
489.000000 0.093312
490.000000 0.190965
491.000000 0.126368
492.000000 0.148941
493.000000 0.132230
494.000000 0.252373
495.000000 0.234499
496.000000 0.215018
497.000000 0.280254
498.000000 0.124168
499.000000 0.020945
500.000000 0.201645
501.000000 0.235234
502.000000 0.006146
503.000000 0.088810
504.000000 0.158899
505.000000 0.142354
506.000000 0.171441
507.000000 0.085228
508.000000 0.201428
509.000000 0.013483
510.000000 0.101665
511.000000 0.227744
512.000000 0.078550
513.000000 0.094294
514.000000 0.081417
515.000000 0.254669
516.000000 0.150875
517.000000 0.208686
518.000000 0.146977
519.000000 0.081829
520.000000 0.420689
521.000000 0.214866
522.000000 0.166591
523.000000 0.197373
524.000000 0.112490
525.000000 0.126147
526.000000 0.145501
527.000000 0.122916
528.000000 0.108812
529.000000 0.235940
530.000000 0.091341
531.000000 0.214848
532.000000 0.037277
533.000000 0.113292
534.000000 0.170770
535.000000 0.168534
536.000000 0.145443
537.000000 0.169970
538.000000 0.194387
539.000000 0.145851
540.000000 0.345119
541.000000 0.166768
542.000000 0.114450
543.000000 0.127061
544.000000 0.080946
545.000000 0.253173
546.000000 0.266490
547.000000 0.034248
548.000000 0.073027
549.000000 0.138083
550.000000 0.116299
551.000000 0.164871
552.000000 0.075974
553.000000 0.272772
554.000000 0.138469
555.000000 0.061789
556.000000 0.144985
557.000000 0.163784
558.000000 0.147697
559.000000 0.184672
560.000000 0.136145
561.000000 0.089148
562.000000 0.283529
563.000000 0.132785
564.000000 0.063509
565.000000 0.310425
566.000000 0.146400
567.000000 0.234642
568.000000 0.087707
569.000000 0.122698
570.000000 0.123499
571.000000 0.266332
572.000000 0.145374
573.000000 0.161921
574.000000 0.120586
575.000000 0.082431
576.000000 0.059192
577.000000 0.143025
578.000000 0.155042
579.000000 0.052618
580.000000 0.049321
581.000000 0.111855
582.000000 0.353000
583.000000 0.175819
584.000000 0.305636
585.000000 0.134222
586.000000 0.245331
587.000000 0.077411
588.000000 0.231433
589.000000 0.064951
590.000000 0.075217
591.000000 0.128958
592.000000 0.190531
593.000000 0.150929
594.000000 0.324119
595.000000 0.131002
596.000000 0.047564
597.000000 0.229775
598.000000 0.084736
599.000000 0.199493
600.000000 0.038868
601.000000 0.101247
602.000000 0.279041
603.000000 0.251426
604.000000 0.192254
605.000000 0.240535
606.000000 0.115970
607.000000 0.247863
608.000000 0.103149
609.000000 0.141632
610.000000 0.172749
611.000000 0.146851
612.000000 0.093669
613.000000 0.141274
614.000000 0.130026
615.000000 0.159824
616.000000 0.039726
617.000000 0.301214
618.000000 0.155844
619.000000 0.056824
620.000000 0.109716
621.000000 0.240713
622.000000 0.187742
623.000000 0.046739
624.000000 0.098669
625.000000 0.087233
626.000000 0.028819
627.000000 0.011064
628.000000 0.228083
629.000000 0.189153
630.000000 0.019616
631.000000 0.104873
632.000000 0.254872
633.000000 0.242994
634.000000 0.078535
635.000000 0.137447
636.000000 0.321563
637.000000 0.078599
638.000000 0.154510
639.000000 0.070843
640.000000 0.225369
641.000000 0.108435
642.000000 0.178473
643.000000 0.207781
644.000000 0.119143
645.000000 0.065495
646.000000 0.149243
647.000000 0.244680
648.000000 0.068367
649.000000 0.111702
650.000000 0.345020
651.000000 0.187501
652.000000 0.243516
653.000000 0.119409
654.000000 0.136175
655.000000 0.083887
656.000000 0.101690
657.000000 0.063193
658.000000 0.271000
659.000000 0.278389
660.000000 0.201619
661.000000 0.082409
662.000000 0.069149
663.000000 0.087692
664.000000 0.181209
665.000000 0.116662
666.000000 0.243124
667.000000 0.263734
668.000000 0.170315
669.000000 0.091251
670.000000 0.054993
671.000000 0.190955
672.000000 0.068774
673.000000 0.060180
674.000000 0.184424
675.000000 0.248434
676.000000 0.041340
677.000000 0.096989
678.000000 0.093518
679.000000 0.189750
680.000000 0.216518
681.000000 0.239515
682.000000 0.144052
683.000000 0.072067
684.000000 0.126351
685.000000 0.142522
686.000000 0.284182
687.000000 0.032689
688.000000 0.096308
689.000000 0.125348
690.000000 0.007768
691.000000 0.276653
692.000000 0.139265
693.000000 0.290898
694.000000 0.146495
695.000000 0.287883
696.000000 0.157942
697.000000 0.184657
698.000000 0.242028
699.000000 0.261273
700.000000 0.083569
701.000000 0.102725
702.000000 0.058742
703.000000 0.118845
704.000000 0.188248
705.000000 0.202081
706.000000 0.202978
707.000000 0.079317
708.000000 0.126646
709.000000 0.067948
710.000000 0.266905
711.000000 0.060907
712.000000 0.064321
713.000000 0.076406
714.000000 0.030026
715.000000 0.306426
716.000000 0.025259
717.000000 0.104984
718.000000 0.020240
719.000000 0.135370
720.000000 0.218014
721.000000 0.180512
722.000000 0.067749
723.000000 0.310545
724.000000 0.128532
725.000000 0.275087
726.000000 0.131500
727.000000 0.138191
728.000000 0.176085
729.000000 0.164635
730.000000 0.148131
731.000000 0.201180
732.000000 0.038520
733.000000 0.238760
734.000000 0.115254
735.000000 0.154371
736.000000 0.184183
737.000000 0.033287
738.000000 0.196281
739.000000 0.291828
740.000000 0.027927
741.000000 0.078090
742.000000 0.128648
743.000000 0.261959
744.000000 0.107634
745.000000 0.260404
746.000000 0.178296
747.000000 0.065225
748.000000 0.190688
749.000000 0.311829
750.000000 0.193520
751.000000 0.142317
752.000000 0.079406
753.000000 0.179789
754.000000 0.087204
755.000000 0.218412
756.000000 0.240334
757.000000 0.218036
758.000000 0.151014
759.000000 0.053747
760.000000 0.334481
761.000000 0.057168
762.000000 0.155475
763.000000 0.102401
764.000000 0.208500
765.000000 0.103467
766.000000 0.026131
767.000000 0.233869
768.000000 0.077070
769.000000 0.288149
770.000000 0.022879
771.000000 0.238418
772.000000 0.033924
773.000000 0.209055
774.000000 0.239020
775.000000 0.283437
776.000000 0.204425
777.000000 0.252074
778.000000 0.076396
779.000000 0.110215
780.000000 0.217817
781.000000 0.065793
782.000000 0.121759
783.000000 0.144611
784.000000 0.053562
785.000000 0.025269
786.000000 0.145617
787.000000 0.140994
788.000000 0.227268
789.000000 0.032413
790.000000 0.210803
791.000000 0.244816
792.000000 0.242441
793.000000 0.203974
794.000000 0.037045
795.000000 0.235530
796.000000 0.174671
797.000000 0.210588
798.000000 0.089591
799.000000 0.261975
800.000000 0.028391
801.000000 0.123904
802.000000 0.030598
803.000000 0.041227
804.000000 0.116078
805.000000 0.184513
806.000000 0.212968
807.000000 0.138612
808.000000 0.223143
809.000000 0.156720
810.000000 0.031929
811.000000 0.065097
812.000000 0.096776
813.000000 0.113218
814.000000 0.247532
815.000000 0.168429
816.000000 0.154016
817.000000 0.079536
818.000000 0.196474
819.000000 0.101612
820.000000 0.064143
821.000000 0.030318
822.000000 0.114478
823.000000 0.120570
824.000000 0.189420
825.000000 0.115488
826.000000 0.068803
827.000000 0.233307
828.000000 0.235322
829.000000 0.184973
830.000000 0.226704
831.000000 0.126939
832.000000 0.177483
833.000000 0.098136
834.000000 0.271916
835.000000 0.091653
836.000000 0.152805
837.000000 0.290311
838.000000 0.210880
839.000000 0.086547
840.000000 0.266940
841.000000 0.039509
842.000000 0.110880
843.000000 0.122461
844.000000 0.081227
845.000000 0.090337
846.000000 0.143740
847.000000 0.098430
848.000000 0.077338
849.000000 0.128900
850.000000 0.373449
851.000000 0.100644
852.000000 0.094246
853.000000 0.121910
854.000000 0.072712
855.000000 0.037052
856.000000 0.028984
857.000000 0.163086
858.000000 0.114405
859.000000 0.121585
860.000000 0.070266
861.000000 0.262325
862.000000 0.034704
863.000000 0.138947
864.000000 0.098810
865.000000 0.148661
866.000000 0.160364
867.000000 0.323996
868.000000 0.093713
869.000000 0.080187
870.000000 0.082020
871.000000 0.147297
872.000000 0.211649
873.000000 0.055669
874.000000 0.052319
875.000000 0.065436
876.000000 0.109266
877.000000 0.113088
878.000000 0.145052
879.000000 0.116292
880.000000 0.023743
881.000000 0.351812
882.000000 0.194858
883.000000 0.100454
884.000000 0.113840
885.000000 0.125690
886.000000 0.253310
887.000000 0.049044
888.000000 0.183758
889.000000 0.100752
890.000000 0.113533
891.000000 0.158762
892.000000 0.171958
893.000000 0.062391
894.000000 0.119544
895.000000 0.045094
896.000000 0.074780
897.000000 0.079422
898.000000 0.168213
899.000000 0.180655
900.000000 0.232906
901.000000 0.061666
902.000000 0.185258
903.000000 0.126287
904.000000 0.108370
905.000000 0.222697
906.000000 0.096804
907.000000 0.074729
908.000000 0.367865
909.000000 0.038428
910.000000 0.027791
911.000000 0.176397
912.000000 0.258342
913.000000 0.202845
914.000000 0.272343
915.000000 0.234487
916.000000 0.162894
917.000000 0.363931
918.000000 0.187385
919.000000 0.112477
920.000000 0.486580
921.000000 0.095611
922.000000 0.030788
923.000000 0.102492
924.000000 0.082187
925.000000 0.217767
926.000000 0.141357
927.000000 0.109817
928.000000 0.043005
929.000000 0.154861
930.000000 0.045913
931.000000 0.109334
932.000000 0.097827
933.000000 0.044721
934.000000 0.258679
935.000000 0.102072
936.000000 0.031460
937.000000 0.123484
938.000000 0.168741
939.000000 0.252374
940.000000 0.177689
941.000000 0.106952
942.000000 0.029370
943.000000 0.071726
944.000000 0.200712
945.000000 0.304372
946.000000 0.095171
947.000000 0.056976
948.000000 0.135254
949.000000 0.052792
950.000000 0.095432
951.000000 0.217048
952.000000 0.082603
953.000000 0.243554
954.000000 0.308214
955.000000 0.060428
956.000000 0.241952
957.000000 0.178904
958.000000 0.209328
959.000000 0.193522
960.000000 0.143339
961.000000 0.125422
962.000000 0.122322
963.000000 0.131326
964.000000 0.160058
965.000000 0.345746
966.000000 0.206560
967.000000 0.159869
968.000000 0.138770
969.000000 0.155188
970.000000 0.235024
971.000000 0.045874
972.000000 0.186435
973.000000 0.146898
974.000000 0.078195
975.000000 0.015640
976.000000 0.022123
977.000000 0.098965
978.000000 0.049398
979.000000 0.219865
980.000000 0.062634
981.000000 0.162212
982.000000 0.041206
983.000000 0.224969
984.000000 0.064702
985.000000 0.222717
986.000000 0.178463
987.000000 0.320130
988.000000 0.164635
989.000000 0.127342
990.000000 0.137712
991.000000 0.059257
992.000000 0.255184
993.000000 0.141922
994.000000 0.276748
995.000000 0.121778
996.000000 0.155462
997.000000 0.186113
998.000000 0.027237
999.000000 0.038073
1000.000000 0.120004
1001.000000 0.178273
1002.000000 0.094610
1003.000000 0.227374
1004.000000 0.115997
1005.000000 0.176340
1006.000000 0.058614
1007.000000 0.032815
1008.000000 0.204371
1009.000000 0.150845
1010.000000 0.126990
1011.000000 0.097334
1012.000000 0.169896
1013.000000 0.018297
1014.000000 0.183309
1015.000000 0.056467
1016.000000 0.209721
1017.000000 0.073156
1018.000000 0.200783
1019.000000 0.028645
1020.000000 0.106069
1021.000000 0.088152
1022.000000 0.311754
1023.000000 0.189134
1024.000000 0.009793
1025.000000 0.094655
1026.000000 0.136440
1027.000000 0.067025
1028.000000 0.305121
1029.000000 0.161577
1030.000000 0.131448
1031.000000 0.127880
1032.000000 0.106063
1033.000000 0.195428
1034.000000 0.162993
1035.000000 0.344135
1036.000000 0.140831
1037.000000 0.113524
1038.000000 0.230785
1039.000000 0.159037
1040.000000 0.132102
1041.000000 0.182114
1042.000000 0.307496
1043.000000 0.144170
1044.000000 0.060359
1045.000000 0.098658
1046.000000 0.073588
1047.000000 0.179271
1048.000000 0.192389
1049.000000 0.141632
1050.000000 0.226723
1051.000000 0.015926
1052.000000 0.238590
1053.000000 0.219219
1054.000000 0.107261
1055.000000 0.179331
1056.000000 0.035534
1057.000000 0.110953
1058.000000 0.023553
1059.000000 0.129148
1060.000000 0.090430
1061.000000 0.123765
1062.000000 0.115656
1063.000000 0.104067
1064.000000 0.122224
1065.000000 0.363128
1066.000000 0.157088
1067.000000 0.092501
1068.000000 0.123304
1069.000000 0.281216
1070.000000 0.044073
1071.000000 0.117737
1072.000000 0.197032
1073.000000 0.276396
1074.000000 0.078301
1075.000000 0.038132
1076.000000 0.165807
1077.000000 0.047138
1078.000000 0.237334
1079.000000 0.018565
1080.000000 0.075417
1081.000000 0.038010
1082.000000 0.089221
1083.000000 0.086099
1084.000000 0.255771
1085.000000 0.233351
1086.000000 0.260688
1087.000000 0.017194
1088.000000 0.030649
1089.000000 0.265106
1090.000000 0.084094
1091.000000 0.110428
1092.000000 0.286205
1093.000000 0.295226
1094.000000 0.208073
1095.000000 0.149769
1096.000000 0.250726
1097.000000 0.279732
1098.000000 0.246004
1099.000000 0.052469
1100.000000 0.172237
1101.000000 0.320651
1102.000000 0.109087
1103.000000 0.229448
1104.000000 0.151656
1105.000000 0.154091
1106.000000 0.174915
1107.000000 0.087311
1108.000000 0.117365
1109.000000 0.211124
1110.000000 0.251613
1111.000000 0.126176
1112.000000 0.088642
1113.000000 0.106787
1114.000000 0.161576
1115.000000 0.112249
1116.000000 0.148931
1117.000000 0.233398
1118.000000 0.327350
1119.000000 0.124754
1120.000000 0.211769
1121.000000 0.200684
1122.000000 0.078834
1123.000000 0.192844
1124.000000 0.308881
1125.000000 0.115200
1126.000000 0.119120
1127.000000 0.097238
1128.000000 0.257342
1129.000000 0.120055
1130.000000 0.098472
1131.000000 0.256607
1132.000000 0.058721
1133.000000 0.106969
1134.000000 0.080746
1135.000000 0.187687
1136.000000 0.121741
1137.000000 0.218103
1138.000000 0.041366
1139.000000 0.171201
1140.000000 0.161260
1141.000000 0.092362
1142.000000 0.185127
1143.000000 0.103796
1144.000000 0.132152
1145.000000 0.212778
1146.000000 0.217788
1147.000000 0.181858
1148.000000 0.103698
1149.000000 0.165790
1150.000000 0.120936
1151.000000 0.170168
1152.000000 0.059863
1153.000000 0.134547
1154.000000 0.260784
1155.000000 0.145115
1156.000000 0.198904
1157.000000 0.248561
1158.000000 0.376987
1159.000000 0.297863
1160.000000 0.104013
1161.000000 0.118132
1162.000000 0.103509
1163.000000 0.133017
1164.000000 0.175754
1165.000000 0.085539
1166.000000 0.073931
1167.000000 0.180304
1168.000000 0.208150
1169.000000 0.313225
1170.000000 0.260013
1171.000000 0.132535
1172.000000 0.115708
1173.000000 0.081822
1174.000000 0.206435
1175.000000 0.265738
1176.000000 0.095553
1177.000000 0.084192
1178.000000 0.022247
1179.000000 0.018825
1180.000000 0.143890
1181.000000 0.074115
1182.000000 0.191908
1183.000000 0.036303
1184.000000 0.260521
1185.000000 0.100456
1186.000000 0.152166
1187.000000 0.057500
1188.000000 0.111958
1189.000000 0.151169
1190.000000 0.147798
1191.000000 0.089672
1192.000000 0.030123
1193.000000 0.099340
1194.000000 0.158828
1195.000000 0.164634
1196.000000 0.160288
1197.000000 0.072179
1198.000000 0.041166
1199.000000 0.172646
1200.000000 0.162548
1201.000000 0.002684
1202.000000 0.207371
1203.000000 0.169523
1204.000000 0.118829
1205.000000 0.035266
1206.000000 0.173116
1207.000000 0.103455
1208.000000 0.082670
1209.000000 0.038905
1210.000000 0.127833
1211.000000 0.127089
1212.000000 0.278157
1213.000000 0.072445
1214.000000 0.283528
1215.000000 0.253534
1216.000000 0.116261
1217.000000 0.013956
1218.000000 0.158784
1219.000000 0.127686
1220.000000 0.150871
1221.000000 0.195062
1222.000000 0.097483
1223.000000 0.119268
1224.000000 0.195370
1225.000000 0.011226
1226.000000 0.134403
1227.000000 0.173697
1228.000000 0.470607
1229.000000 0.135142
1230.000000 0.187508
1231.000000 0.168444
1232.000000 0.110119
1233.000000 0.212991
1234.000000 0.082791
1235.000000 0.133593
1236.000000 0.242412
1237.000000 0.087115
1238.000000 0.065728
1239.000000 0.198603
1240.000000 0.053307
1241.000000 0.186385
1242.000000 0.203799
1243.000000 0.329043
1244.000000 0.144425
1245.000000 0.145223
1246.000000 0.155046
1247.000000 0.228829
1248.000000 0.134228
1249.000000 0.167547
1250.000000 0.011528
1251.000000 0.163886
1252.000000 0.165241
1253.000000 0.082950
1254.000000 0.120124
1255.000000 0.089291
1256.000000 0.101870
1257.000000 0.155316
1258.000000 0.066186
1259.000000 0.044365
1260.000000 0.075347
1261.000000 0.308522
1262.000000 0.273380
1263.000000 0.214669
1264.000000 0.168234
1265.000000 0.084944
1266.000000 0.139064
1267.000000 0.106852
1268.000000 0.180261
1269.000000 0.149268
1270.000000 0.153214
1271.000000 0.199310
1272.000000 0.235558
1273.000000 0.221100
1274.000000 0.099123
1275.000000 0.109081
1276.000000 0.107145
1277.000000 0.363693
1278.000000 0.156014
1279.000000 0.268259
1280.000000 0.065048
1281.000000 0.268513
1282.000000 0.183905
1283.000000 0.142712
1284.000000 0.023524
1285.000000 0.093259
1286.000000 0.343210
1287.000000 0.200278
1288.000000 0.094247
1289.000000 0.059104
1290.000000 0.007356
1291.000000 0.160380
1292.000000 0.269311
1293.000000 0.067565
1294.000000 0.090090
1295.000000 0.106882
1296.000000 0.244535
1297.000000 0.158518
1298.000000 0.083229
1299.000000 0.255087
1300.000000 0.101776
1301.000000 0.052956
1302.000000 0.108355
1303.000000 0.102572
1304.000000 0.105913
1305.000000 0.207457
1306.000000 0.201714
1307.000000 0.203748
1308.000000 0.196627
1309.000000 0.211978
1310.000000 0.095011
1311.000000 0.031127
1312.000000 0.108497
1313.000000 0.100940
1314.000000 0.139305
1315.000000 0.230656
1316.000000 0.225857
1317.000000 0.158615
1318.000000 0.066971
1319.000000 0.078545
1320.000000 0.319487
1321.000000 0.220935
1322.000000 0.070357
1323.000000 0.086653
1324.000000 0.092577
1325.000000 0.082540
1326.000000 0.115459
1327.000000 0.143490
1328.000000 0.088063
1329.000000 0.229597
1330.000000 0.112166
1331.000000 0.265748
1332.000000 0.210573
1333.000000 0.062863
1334.000000 0.265623
1335.000000 0.238611
1336.000000 0.093377
1337.000000 0.149264
1338.000000 0.172525
1339.000000 0.315721
1340.000000 0.143975
1341.000000 0.277815
1342.000000 0.202919
1343.000000 0.061311
1344.000000 0.181047
1345.000000 0.148875
1346.000000 0.097016
1347.000000 0.136140
1348.000000 0.119510
1349.000000 0.053639
1350.000000 0.129015
1351.000000 0.119401
1352.000000 0.125427
1353.000000 0.144920
1354.000000 0.130431
1355.000000 0.203497
1356.000000 0.150758
1357.000000 0.167107
1358.000000 0.122360
1359.000000 0.145950
1360.000000 0.103401
1361.000000 0.180881
1362.000000 0.283589
1363.000000 0.197240
1364.000000 0.110214
1365.000000 0.225217
1366.000000 0.181378
1367.000000 0.299859
1368.000000 0.212210
1369.000000 0.136065
1370.000000 0.135200
1371.000000 0.280476
1372.000000 0.289456
1373.000000 0.189257
1374.000000 0.052024
1375.000000 0.131814
1376.000000 0.103296
1377.000000 0.271588
1378.000000 0.045225
1379.000000 0.065013
1380.000000 0.107441
1381.000000 0.332004
1382.000000 0.181647
1383.000000 0.105259
1384.000000 0.105008
1385.000000 0.144672
1386.000000 0.075887
1387.000000 0.141576
1388.000000 0.203977
1389.000000 0.101550
1390.000000 0.266460
1391.000000 0.086196
1392.000000 0.089631
1393.000000 0.162792
1394.000000 0.273207
1395.000000 0.166313
1396.000000 0.145718
1397.000000 0.055410
1398.000000 0.214267
1399.000000 0.126449
1400.000000 0.142846
1401.000000 0.102743
1402.000000 0.326023
1403.000000 0.243958
1404.000000 0.114170
1405.000000 0.307818
1406.000000 0.256816
1407.000000 0.085111
1408.000000 0.107094
1409.000000 0.148304
1410.000000 0.171547
1411.000000 0.088892
1412.000000 0.167864
1413.000000 0.168346
1414.000000 0.166686
1415.000000 0.069207
1416.000000 0.055152
1417.000000 0.118888
1418.000000 0.199756
1419.000000 0.071132
1420.000000 0.059460
1421.000000 0.122498
1422.000000 0.199925
1423.000000 0.182806
1424.000000 0.040148
1425.000000 0.169799
1426.000000 0.108343
1427.000000 0.208090
1428.000000 0.014137
1429.000000 0.169111
1430.000000 0.215134
1431.000000 0.074589
1432.000000 0.135326
1433.000000 0.095071
1434.000000 0.268736
1435.000000 0.329349
1436.000000 0.063290
1437.000000 0.070637
1438.000000 0.248657
1439.000000 0.107566
1440.000000 0.067384
1441.000000 0.260728
1442.000000 0.012462
1443.000000 0.084375
1444.000000 0.082418
1445.000000 0.111450
1446.000000 0.141596
1447.000000 0.195831
1448.000000 0.153455
1449.000000 0.110096
1450.000000 0.135329
1451.000000 0.217275
1452.000000 0.052550
1453.000000 0.149697
1454.000000 0.151304
1455.000000 0.052277
1456.000000 0.220396
1457.000000 0.185910
1458.000000 0.275958
1459.000000 0.107277
1460.000000 0.074588
1461.000000 0.107574
1462.000000 0.108156
1463.000000 0.076960
1464.000000 0.223879
1465.000000 0.095014
1466.000000 0.086785
1467.000000 0.029889
1468.000000 0.193335
1469.000000 0.227910
1470.000000 0.141017
1471.000000 0.029431
1472.000000 0.116783
1473.000000 0.186038
1474.000000 0.064233
1475.000000 0.051708
1476.000000 0.115199
1477.000000 0.178056
1478.000000 0.254846
1479.000000 0.160595
1480.000000 0.159684
1481.000000 0.200465
1482.000000 0.083380
1483.000000 0.161507
1484.000000 0.062115
1485.000000 0.163656
1486.000000 0.149433
1487.000000 0.057867
1488.000000 0.119881
1489.000000 0.081263
1490.000000 0.154873
1491.000000 0.081694
1492.000000 0.090470
1493.000000 0.172562
1494.000000 0.051895
1495.000000 0.036938
1496.000000 0.268079
1497.000000 0.180303
1498.000000 0.032073
1499.000000 0.088888
1500.000000 0.163701
1501.000000 0.227856
1502.000000 0.195107
1503.000000 0.252486
1504.000000 0.138186
1505.000000 0.144387
1506.000000 0.153724
1507.000000 0.180130
1508.000000 0.285250
1509.000000 0.079859
1510.000000 0.158828
1511.000000 0.137044
1512.000000 0.203333
1513.000000 0.263497
1514.000000 0.181758
1515.000000 0.068714
1516.000000 0.131250
1517.000000 0.182465
1518.000000 0.292306
1519.000000 0.235686
1520.000000 0.338526
1521.000000 0.117187
1522.000000 0.157141
1523.000000 0.056921
1524.000000 0.241232
1525.000000 0.181626
1526.000000 0.079404
1527.000000 0.320598
1528.000000 0.125834
1529.000000 0.117926
1530.000000 0.129560
1531.000000 0.313804
1532.000000 0.102722
1533.000000 0.167546
1534.000000 0.071870
1535.000000 0.140886
1536.000000 0.066151
1537.000000 0.309830
1538.000000 0.109645
1539.000000 0.202808
1540.000000 0.200585
1541.000000 0.081984
1542.000000 0.117806
1543.000000 0.165973
1544.000000 0.116485
1545.000000 0.122033
1546.000000 0.186675
1547.000000 0.259667
1548.000000 0.088165
1549.000000 0.033722
1550.000000 0.050148
1551.000000 0.338926
1552.000000 0.122021
1553.000000 0.049662
1554.000000 0.129869
1555.000000 0.102563
1556.000000 0.117332
1557.000000 0.165713
1558.000000 0.188237
1559.000000 0.152402
1560.000000 0.100384
1561.000000 0.194522
1562.000000 0.103173
1563.000000 0.217716
1564.000000 0.109146
1565.000000 0.127158
1566.000000 0.144955
1567.000000 0.222704
1568.000000 0.060735
1569.000000 0.172705
1570.000000 0.090672
1571.000000 0.157981
1572.000000 0.171315
1573.000000 0.228476
1574.000000 0.189242
1575.000000 0.258770
1576.000000 0.102141
1577.000000 0.085183
1578.000000 0.146862
1579.000000 0.246313
1580.000000 0.176224
1581.000000 0.061887
1582.000000 0.124181
1583.000000 0.125604
1584.000000 0.095453
1585.000000 0.098497
1586.000000 0.222357
1587.000000 0.135894
1588.000000 0.099618
1589.000000 0.119909
1590.000000 0.328525
1591.000000 0.105589
1592.000000 0.198500
1593.000000 0.314125
1594.000000 0.207737
1595.000000 0.112364
1596.000000 0.119527
1597.000000 0.083343
1598.000000 0.265542
1599.000000 0.146615
1600.000000 0.061089
1601.000000 0.214926
1602.000000 0.160178
1603.000000 0.132827
1604.000000 0.046500
1605.000000 0.201632
1606.000000 0.243495
1607.000000 0.216442
1608.000000 0.279013
1609.000000 0.096017
1610.000000 0.206774
1611.000000 0.058683
1612.000000 0.048478
1613.000000 0.205291
1614.000000 0.109143
1615.000000 0.307000
1616.000000 0.100123
1617.000000 0.154242
1618.000000 0.176646
1619.000000 0.101452
1620.000000 0.106115
1621.000000 0.189717
1622.000000 0.052222
1623.000000 0.148758
1624.000000 0.081310
1625.000000 0.062733
1626.000000 0.316684
1627.000000 0.140143
1628.000000 0.171334
1629.000000 0.050778
1630.000000 0.103544
1631.000000 0.147823
1632.000000 0.173165
1633.000000 0.223737
1634.000000 0.082363
1635.000000 0.191820
1636.000000 0.050000
1637.000000 0.277509
1638.000000 0.136896
1639.000000 0.213856
1640.000000 0.234841
1641.000000 0.103717
1642.000000 0.144852
1643.000000 0.291979
1644.000000 0.056638
1645.000000 0.104766
1646.000000 0.306647
1647.000000 0.015440
1648.000000 0.075089
1649.000000 0.065444
1650.000000 0.188858
1651.000000 0.174663
1652.000000 0.211281
1653.000000 0.095836
1654.000000 0.139408
1655.000000 0.204039
1656.000000 0.171669
1657.000000 0.159163
1658.000000 0.240250
1659.000000 0.167709
1660.000000 0.130119
1661.000000 0.137178
1662.000000 0.065821
1663.000000 0.094442
1664.000000 0.070970
1665.000000 0.125676
1666.000000 0.281962
1667.000000 0.110150
1668.000000 0.203872
1669.000000 0.322474
1670.000000 0.361923
1671.000000 0.017811
1672.000000 0.265929
1673.000000 0.012154
1674.000000 0.163759
1675.000000 0.177732
1676.000000 0.074922
1677.000000 0.206630
1678.000000 0.187275
1679.000000 0.217717
1680.000000 0.050393
1681.000000 0.077056
1682.000000 0.067402
1683.000000 0.071423
1684.000000 0.100858
1685.000000 0.181556
1686.000000 0.126097
1687.000000 0.189211
1688.000000 0.060913
1689.000000 0.302230
1690.000000 0.138071
1691.000000 0.094227
1692.000000 0.112442
1693.000000 0.053622
1694.000000 0.093697
1695.000000 0.086160
1696.000000 0.094413
1697.000000 0.159567
1698.000000 0.128183
1699.000000 0.016755
1700.000000 0.108149
1701.000000 0.213157
1702.000000 0.170337
1703.000000 0.103371
1704.000000 0.063616
1705.000000 0.118956
1706.000000 0.062626
1707.000000 0.297111
1708.000000 0.100697
1709.000000 0.135264
1710.000000 0.359841
1711.000000 0.186390
1712.000000 0.162020
1713.000000 0.282286
1714.000000 0.059214
1715.000000 0.029863
1716.000000 0.017946
1717.000000 0.151864
1718.000000 0.206995
1719.000000 0.101483
1720.000000 0.247409
1721.000000 0.027910
1722.000000 0.166398
1723.000000 0.046148
1724.000000 0.055967
1725.000000 0.066535
1726.000000 0.070667
1727.000000 0.125498
1728.000000 0.088505
1729.000000 0.061474
1730.000000 0.031466
1731.000000 0.107529
1732.000000 0.072828
1733.000000 0.107953
1734.000000 0.191520
1735.000000 0.072049
1736.000000 0.139432
1737.000000 0.085642
1738.000000 0.217197
1739.000000 0.331564
1740.000000 0.236616
1741.000000 0.077321
1742.000000 0.078971
1743.000000 0.136257
1744.000000 0.114903
1745.000000 0.103494
1746.000000 0.307215
1747.000000 0.223032
1748.000000 0.186717
1749.000000 0.171886
1750.000000 0.299289
1751.000000 0.292284
1752.000000 0.082584
1753.000000 0.241141
1754.000000 0.086292
1755.000000 0.048176
1756.000000 0.308281
1757.000000 0.119655
1758.000000 0.156114
1759.000000 0.056968
1760.000000 0.146994
1761.000000 0.160470
1762.000000 0.137617
1763.000000 0.054914
1764.000000 0.054836
1765.000000 0.155968
1766.000000 0.112226
1767.000000 0.389917
1768.000000 0.015651
1769.000000 0.220306
1770.000000 0.087289
1771.000000 0.160100
1772.000000 0.169997
1773.000000 0.112737
1774.000000 0.064045
1775.000000 0.172760
1776.000000 0.042631
1777.000000 0.133158
1778.000000 0.144008
1779.000000 0.176979
1780.000000 0.209990
1781.000000 0.176331
1782.000000 0.170995
1783.000000 0.117078
1784.000000 0.074474
1785.000000 0.084221
1786.000000 0.034258
1787.000000 0.188075
1788.000000 0.177975
1789.000000 0.095065
1790.000000 0.134207
1791.000000 0.169907
1792.000000 0.216073
1793.000000 0.238607
1794.000000 0.137524
1795.000000 0.070405
1796.000000 0.093110
1797.000000 0.175355
1798.000000 0.079455
1799.000000 0.082563
1800.000000 0.316315
1801.000000 0.022836
1802.000000 0.239932
1803.000000 0.209460
1804.000000 0.176625
1805.000000 0.097048
1806.000000 0.213380
1807.000000 0.076018
1808.000000 0.257691
1809.000000 0.095821
1810.000000 0.115839
1811.000000 0.047668
1812.000000 0.123995
1813.000000 0.071174
1814.000000 0.179529
1815.000000 0.235090
1816.000000 0.090538
1817.000000 0.215953
1818.000000 0.117645
1819.000000 0.029934
1820.000000 0.058351
1821.000000 0.232652
1822.000000 0.098095
1823.000000 0.096095
1824.000000 0.234959
1825.000000 0.128445
1826.000000 0.154761
1827.000000 0.176873
1828.000000 0.206016
1829.000000 0.222759
1830.000000 0.206359
1831.000000 0.292097
1832.000000 0.248116
1833.000000 0.261471
1834.000000 0.187874
1835.000000 0.106847
1836.000000 0.246005
1837.000000 0.224182
1838.000000 0.148880
1839.000000 0.139587
1840.000000 0.054267
1841.000000 0.235970
1842.000000 0.441062
1843.000000 0.022094
1844.000000 0.162740
1845.000000 0.280857
1846.000000 0.150006
1847.000000 0.130492
1848.000000 0.151476
1849.000000 0.188806
1850.000000 0.088080
1851.000000 0.038763
1852.000000 0.163586
1853.000000 0.243741
1854.000000 0.094014
1855.000000 0.062330
1856.000000 0.065859
1857.000000 0.158910
1858.000000 0.198308
1859.000000 0.062325
1860.000000 0.200730
1861.000000 0.279825
1862.000000 0.221498
1863.000000 0.168405
1864.000000 0.150081
1865.000000 0.369891
1866.000000 0.113242
1867.000000 0.194749
1868.000000 0.202999
1869.000000 0.152805
1870.000000 0.189390
1871.000000 0.171042
1872.000000 0.098576
1873.000000 0.112743
1874.000000 0.402890
1875.000000 0.232973
1876.000000 0.117120
1877.000000 0.260296
1878.000000 0.279248
1879.000000 0.198750
1880.000000 0.233376
1881.000000 0.043696
1882.000000 0.138229
1883.000000 0.192761
1884.000000 0.030506
1885.000000 0.151904
1886.000000 0.210926
1887.000000 0.104355
1888.000000 0.227760
1889.000000 0.186804
1890.000000 0.176540
1891.000000 0.037817
1892.000000 0.097420
1893.000000 0.189428
1894.000000 0.215253
1895.000000 0.058908
1896.000000 0.112982
1897.000000 0.157969
1898.000000 0.319418
1899.000000 0.085887
1900.000000 0.090164
1901.000000 0.119717
1902.000000 0.150591
1903.000000 0.053424
1904.000000 0.113962
1905.000000 0.020530
1906.000000 0.042787
1907.000000 0.136896
1908.000000 0.137514
1909.000000 0.093966
1910.000000 0.107003
1911.000000 0.182234
1912.000000 0.232811
1913.000000 0.059622
1914.000000 0.131399
1915.000000 0.180089
1916.000000 0.064066
1917.000000 0.136679
1918.000000 0.142773
1919.000000 0.108595
1920.000000 0.244753
1921.000000 0.046955
1922.000000 0.134252
1923.000000 0.310382
1924.000000 0.162833
1925.000000 0.110229
1926.000000 0.084034
1927.000000 0.151836
1928.000000 0.044288
1929.000000 0.181577
1930.000000 0.119782
1931.000000 0.068280
1932.000000 0.074557
1933.000000 0.184730
1934.000000 0.179584
1935.000000 0.024562
1936.000000 0.190752
1937.000000 0.070308
1938.000000 0.227212
1939.000000 0.061169
1940.000000 0.069939
1941.000000 0.164646
1942.000000 0.097362
1943.000000 0.053522
1944.000000 0.118595
1945.000000 0.164915
1946.000000 0.067239
1947.000000 0.058289
1948.000000 0.096082
1949.000000 0.017601
1950.000000 0.182250
1951.000000 0.078993
1952.000000 0.123784
1953.000000 0.212646
1954.000000 0.201655
1955.000000 0.112838
1956.000000 0.069738
1957.000000 0.046134
1958.000000 0.216291
1959.000000 0.076687
1960.000000 0.058341
1961.000000 0.107478
1962.000000 0.177628
1963.000000 0.270674
1964.000000 0.052453
1965.000000 0.174500
1966.000000 0.075394
1967.000000 0.095836
1968.000000 0.169394
1969.000000 0.071828
1970.000000 0.103847
1971.000000 0.110068
1972.000000 0.177843
1973.000000 0.068147
1974.000000 0.207331
1975.000000 0.035912
1976.000000 0.139155
1977.000000 0.199345
1978.000000 0.053202
1979.000000 0.109949
1980.000000 0.066541
1981.000000 0.189709
1982.000000 0.075311
1983.000000 0.241694
1984.000000 0.090718
1985.000000 0.040550
1986.000000 0.161469
1987.000000 0.155123
1988.000000 0.114723
1989.000000 0.083794
1990.000000 0.241722
1991.000000 0.126419
1992.000000 0.151345
1993.000000 0.325459
1994.000000 0.036056
1995.000000 0.183742
1996.000000 0.084242
1997.000000 0.080051
1998.000000 0.164310
1999.000000 0.013291
2000.000000 0.091014
2001.000000 0.197841
2002.000000 0.135910
2003.000000 0.032823
2004.000000 0.093250
2005.000000 0.202284
2006.000000 0.215072
2007.000000 0.087108
2008.000000 0.269274
2009.000000 0.117001
2010.000000 0.200947
2011.000000 0.230171
2012.000000 0.239058
2013.000000 0.039474
2014.000000 0.141234
2015.000000 0.134529
2016.000000 0.116323
2017.000000 0.124536
2018.000000 0.234268
2019.000000 0.182325
2020.000000 0.252403
2021.000000 0.093703
2022.000000 0.103561
2023.000000 0.168831
2024.000000 0.133805
2025.000000 0.051397
2026.000000 0.131839
2027.000000 0.190012
2028.000000 0.118576
2029.000000 0.242779
2030.000000 0.124395
2031.000000 0.263387
2032.000000 0.181996
2033.000000 0.182789
2034.000000 0.076348
2035.000000 0.133256
2036.000000 0.280687
2037.000000 0.063611
2038.000000 0.046203
2039.000000 0.090557
2040.000000 0.124165
2041.000000 0.352745
2042.000000 0.139095
2043.000000 0.118662
2044.000000 0.081431
2045.000000 0.112430
2046.000000 0.156845
2047.000000 0.263263
2048.000000 0.020926
2049.000000 0.112201
2050.000000 0.323784
2051.000000 0.187928
2052.000000 0.097977
2053.000000 0.163590
2054.000000 0.145450
2055.000000 0.222121
2056.000000 0.206821
2057.000000 0.212644
2058.000000 0.089440
2059.000000 0.280605
2060.000000 0.163190
2061.000000 0.278677
2062.000000 0.218080
2063.000000 0.078651
2064.000000 0.198178
2065.000000 0.042547
2066.000000 0.140323
2067.000000 0.112325
2068.000000 0.112558
2069.000000 0.101715
2070.000000 0.134023
2071.000000 0.078097
2072.000000 0.279097
2073.000000 0.139336
2074.000000 0.147802
2075.000000 0.303678
2076.000000 0.023801
2077.000000 0.261399
2078.000000 0.089217
2079.000000 0.169771
2080.000000 0.202175
2081.000000 0.198457
2082.000000 0.116330
2083.000000 0.197719
2084.000000 0.038659
2085.000000 0.206281
2086.000000 0.067914
2087.000000 0.148697
2088.000000 0.138387
2089.000000 0.142174
2090.000000 0.064333
2091.000000 0.125094
2092.000000 0.090006
2093.000000 0.083956
2094.000000 0.155417
2095.000000 0.240299
2096.000000 0.152877
2097.000000 0.106665
2098.000000 0.055487
2099.000000 0.150128
2100.000000 0.095390
2101.000000 0.110694
2102.000000 0.064705
2103.000000 0.116223
2104.000000 0.070309
2105.000000 0.199788
2106.000000 0.151815
2107.000000 0.161165
2108.000000 0.229023
2109.000000 0.176621
2110.000000 0.245066
2111.000000 0.181511
2112.000000 0.204295
2113.000000 0.075526
2114.000000 0.208340
2115.000000 0.176377
2116.000000 0.310500
2117.000000 0.166477
2118.000000 0.252772
2119.000000 0.153092
2120.000000 0.114773
2121.000000 0.189817
2122.000000 0.261430
2123.000000 0.173803
2124.000000 0.302712
2125.000000 0.188227
2126.000000 0.193442
2127.000000 0.199042
2128.000000 0.143612
2129.000000 0.178213
2130.000000 0.024879
2131.000000 0.195657
2132.000000 0.160766
2133.000000 0.122997
2134.000000 0.177952
2135.000000 0.061227
2136.000000 0.058919
2137.000000 0.179663
2138.000000 0.119634
2139.000000 0.349799
2140.000000 0.188039
2141.000000 0.037268
2142.000000 0.032605
2143.000000 0.126597
2144.000000 0.107759
2145.000000 0.142227
2146.000000 0.200593
2147.000000 0.057197
2148.000000 0.138531
2149.000000 0.131503
2150.000000 0.112191
2151.000000 0.045157
2152.000000 0.207721
2153.000000 0.284905
2154.000000 0.195725
2155.000000 0.090727
2156.000000 0.154824
2157.000000 0.112282
2158.000000 0.144353
2159.000000 0.025036
2160.000000 0.220050
2161.000000 0.120768
2162.000000 0.233308
2163.000000 0.201957
2164.000000 0.154525
2165.000000 0.063103
2166.000000 0.122836
2167.000000 0.052343
2168.000000 0.140897
2169.000000 0.035742
2170.000000 0.101525
2171.000000 0.231618
2172.000000 0.105050
2173.000000 0.083086
2174.000000 0.085190
2175.000000 0.044834
2176.000000 0.010438
2177.000000 0.093276
2178.000000 0.096275
2179.000000 0.199801
2180.000000 0.220878
2181.000000 0.055977
2182.000000 0.262464
2183.000000 0.121923
2184.000000 0.101402
2185.000000 0.083961
2186.000000 0.256985
2187.000000 0.236307
2188.000000 0.110288
2189.000000 0.060818
2190.000000 0.049178
2191.000000 0.246375
2192.000000 0.172485
2193.000000 0.169910
2194.000000 0.019235
2195.000000 0.183603
2196.000000 0.052256
2197.000000 0.170744
2198.000000 0.025648
2199.000000 0.085942
2200.000000 0.205079
2201.000000 0.190701
2202.000000 0.098694
2203.000000 0.234725
2204.000000 0.064372
2205.000000 0.079432
2206.000000 0.324892
2207.000000 0.144649
2208.000000 0.131540
2209.000000 0.075657
2210.000000 0.311790
2211.000000 0.037001
2212.000000 0.107597
2213.000000 0.154635
2214.000000 0.279670
2215.000000 0.086186
2216.000000 0.069810
2217.000000 0.210217
2218.000000 0.165291
2219.000000 0.194690
2220.000000 0.171750
2221.000000 0.179933
2222.000000 0.206621
2223.000000 0.173227
2224.000000 0.115659
2225.000000 0.334973
2226.000000 0.146114
2227.000000 0.198309
2228.000000 0.084075
2229.000000 0.047304
2230.000000 0.017926
2231.000000 0.136764
2232.000000 0.081638
2233.000000 0.248083
2234.000000 0.051051
2235.000000 0.209653
2236.000000 0.050568
2237.000000 0.143064
2238.000000 0.154864
2239.000000 0.104459
2240.000000 0.230226
2241.000000 0.150429
2242.000000 0.147067
2243.000000 0.081878
2244.000000 0.054589
2245.000000 0.052694
2246.000000 0.236925
2247.000000 0.101021
2248.000000 0.032990
2249.000000 0.209826
2250.000000 0.122780
2251.000000 0.115834
2252.000000 0.085798
2253.000000 0.196979
2254.000000 0.039663
2255.000000 0.100271
2256.000000 0.171740
2257.000000 0.138132
2258.000000 0.047721
2259.000000 0.073421
2260.000000 0.033490
2261.000000 0.162667
2262.000000 0.046701
2263.000000 0.237976
2264.000000 0.070973
2265.000000 0.192328
2266.000000 0.269396
2267.000000 0.077941
2268.000000 0.067559
2269.000000 0.192606
2270.000000 0.202967
2271.000000 0.077935
2272.000000 0.112223
2273.000000 0.090922
2274.000000 0.239007
2275.000000 0.230147
2276.000000 0.115190
2277.000000 0.264003
2278.000000 0.092407
2279.000000 0.221154
2280.000000 0.082899
2281.000000 0.320766
2282.000000 0.064212
2283.000000 0.144645
2284.000000 0.051803
2285.000000 0.052516
2286.000000 0.179315
2287.000000 0.296595
2288.000000 0.132557
2289.000000 0.085920
2290.000000 0.102546
2291.000000 0.086541
2292.000000 0.096026
2293.000000 0.231895
2294.000000 0.170806
2295.000000 0.230271
2296.000000 0.090460
2297.000000 0.086997
2298.000000 0.198983
2299.000000 0.058863
2300.000000 0.139089
2301.000000 0.109398
2302.000000 0.029735
2303.000000 0.128919
2304.000000 0.073111
2305.000000 0.139105
2306.000000 0.210958
2307.000000 0.201353
2308.000000 0.355086
2309.000000 0.246399
2310.000000 0.203055
2311.000000 0.068863
2312.000000 0.363448
2313.000000 0.168686
2314.000000 0.099617
2315.000000 0.095680
2316.000000 0.111930
2317.000000 0.170014
2318.000000 0.363195
2319.000000 0.039519
2320.000000 0.050768
2321.000000 0.065901
2322.000000 0.114721
2323.000000 0.132141
2324.000000 0.151574
2325.000000 0.227087
2326.000000 0.250842
2327.000000 0.288022
2328.000000 0.210233
2329.000000 0.075953
2330.000000 0.131454
2331.000000 0.140306
2332.000000 0.090104
2333.000000 0.129002
2334.000000 0.008429
2335.000000 0.072787
2336.000000 0.071218
2337.000000 0.264438
2338.000000 0.209061
2339.000000 0.085001
2340.000000 0.263330
2341.000000 0.132993
2342.000000 0.107320
2343.000000 0.241067
2344.000000 0.167307
2345.000000 0.087626
2346.000000 0.178139
2347.000000 0.022949
2348.000000 0.326958
2349.000000 0.092937
2350.000000 0.222239
2351.000000 0.170538
2352.000000 0.023149
2353.000000 0.071540
2354.000000 0.101611
2355.000000 0.127787
2356.000000 0.177523
2357.000000 0.080932
2358.000000 0.126029
2359.000000 0.152096
2360.000000 0.220644
2361.000000 0.113780
2362.000000 0.044783
2363.000000 0.119922
2364.000000 0.249276
2365.000000 0.095209
2366.000000 0.134532
2367.000000 0.260824
2368.000000 0.131021
2369.000000 0.093636
2370.000000 0.029854
2371.000000 0.119209
2372.000000 0.191793
2373.000000 0.149614
2374.000000 0.038370
2375.000000 0.274473
2376.000000 0.128438
2377.000000 0.182958
2378.000000 0.131015
2379.000000 0.174050
2380.000000 0.217135
2381.000000 0.188915
2382.000000 0.112107
2383.000000 0.201326
2384.000000 0.109554
2385.000000 0.013096
2386.000000 0.106168
2387.000000 0.139420
2388.000000 0.153374
2389.000000 0.214428
2390.000000 0.054822
2391.000000 0.065224
2392.000000 0.069819
2393.000000 0.271784
2394.000000 0.156562
2395.000000 0.181314
2396.000000 0.209369
2397.000000 0.128268
2398.000000 0.068813
2399.000000 0.217589
2400.000000 0.141734
2401.000000 0.160184
2402.000000 0.088393
2403.000000 0.188191
2404.000000 0.207479
2405.000000 0.212828
2406.000000 0.050703
2407.000000 0.238129
2408.000000 0.163393
2409.000000 0.227578
2410.000000 0.291430
2411.000000 0.090543
2412.000000 0.041436
2413.000000 0.110297
2414.000000 0.251764
2415.000000 0.167802
2416.000000 0.166018
2417.000000 0.154225
2418.000000 0.085361
2419.000000 0.030429
2420.000000 0.332065
2421.000000 0.239512
2422.000000 0.180191
2423.000000 0.206159
2424.000000 0.215710
2425.000000 0.146931
2426.000000 0.340039
2427.000000 0.293822
2428.000000 0.137433
2429.000000 0.166539
2430.000000 0.334410
2431.000000 0.311634
2432.000000 0.098808
2433.000000 0.024565
2434.000000 0.114761
2435.000000 0.118645
2436.000000 0.161824
2437.000000 0.076025
2438.000000 0.267073
2439.000000 0.079406
2440.000000 0.159298
2441.000000 0.091267
2442.000000 0.217229
2443.000000 0.245138
2444.000000 0.113929
2445.000000 0.088643
2446.000000 0.197410
2447.000000 0.104760
2448.000000 0.211974
2449.000000 0.081842
2450.000000 0.096992
2451.000000 0.067737
2452.000000 0.209137
2453.000000 0.039470
2454.000000 0.057417
2455.000000 0.276129
2456.000000 0.104101
2457.000000 0.195307
2458.000000 0.406578
2459.000000 0.091965
2460.000000 0.179494
2461.000000 0.163862
2462.000000 0.133987
2463.000000 0.057027
2464.000000 0.081067
2465.000000 0.086078
2466.000000 0.155044
2467.000000 0.160817
2468.000000 0.081552
2469.000000 0.026912
2470.000000 0.309658
2471.000000 0.239676
2472.000000 0.023035
2473.000000 0.118619
2474.000000 0.079125
2475.000000 0.161716
2476.000000 0.154101
2477.000000 0.113720
2478.000000 0.169061
2479.000000 0.097999
2480.000000 0.191089
2481.000000 0.147830
2482.000000 0.214420
2483.000000 0.075631
2484.000000 0.174588
2485.000000 0.159418
2486.000000 0.143888
2487.000000 0.165055
2488.000000 0.103250
2489.000000 0.090149
2490.000000 0.067885
2491.000000 0.085777
2492.000000 0.101962
2493.000000 0.221705
2494.000000 0.113434
2495.000000 0.227001
2496.000000 0.040093
2497.000000 0.096513
2498.000000 0.097543
2499.000000 0.067429
2500.000000 0.138059
2501.000000 0.221583
2502.000000 0.227628
2503.000000 0.046713
2504.000000 0.077919
2505.000000 0.131375
2506.000000 0.151483
2507.000000 0.158914
2508.000000 0.041482
2509.000000 0.085644
2510.000000 0.065043
2511.000000 0.198034
2512.000000 0.147782
2513.000000 0.192080
2514.000000 0.122328
2515.000000 0.115983
2516.000000 0.141094
2517.000000 0.085454
2518.000000 0.270937
2519.000000 0.194935
2520.000000 0.272008
2521.000000 0.180679
2522.000000 0.171276
2523.000000 0.272129
2524.000000 0.272590
2525.000000 0.018176
2526.000000 0.232776
2527.000000 0.125063
2528.000000 0.144268
2529.000000 0.192549
2530.000000 0.004476
2531.000000 0.183413
2532.000000 0.159842
2533.000000 0.143899
2534.000000 0.041877
2535.000000 0.139918
2536.000000 0.161667
2537.000000 0.145755
2538.000000 0.319573
2539.000000 0.215886
2540.000000 0.111537
2541.000000 0.025276
2542.000000 0.150559
2543.000000 0.172948
2544.000000 0.100623
2545.000000 0.157509
2546.000000 0.085547
2547.000000 0.301559
2548.000000 0.247934
2549.000000 0.140768
2550.000000 0.120957
2551.000000 0.141021
2552.000000 0.121790
2553.000000 0.104925
2554.000000 0.059960
2555.000000 0.160501
2556.000000 0.304523
2557.000000 0.090995
2558.000000 0.121282
2559.000000 0.048221
2560.000000 0.176671
2561.000000 0.153849
2562.000000 0.157722
2563.000000 0.173553
2564.000000 0.046399
2565.000000 0.131076
2566.000000 0.100405
2567.000000 0.151897
2568.000000 0.213827
2569.000000 0.182094
2570.000000 0.247194
2571.000000 0.254731
2572.000000 0.223898
2573.000000 0.037609
2574.000000 0.131059
2575.000000 0.165601
2576.000000 0.116467
2577.000000 0.184783
2578.000000 0.053567
2579.000000 0.139183
2580.000000 0.205158
2581.000000 0.137348
2582.000000 0.121956
2583.000000 0.091030
2584.000000 0.292118
2585.000000 0.063619
2586.000000 0.237468
2587.000000 0.285685
2588.000000 0.201833
2589.000000 0.178059
2590.000000 0.165307
2591.000000 0.094195
2592.000000 0.153434
2593.000000 0.198851
2594.000000 0.051350
2595.000000 0.155305
2596.000000 0.204908
2597.000000 0.047612
2598.000000 0.124957
2599.000000 0.155070
2600.000000 0.149510
2601.000000 0.157615
2602.000000 0.347110
2603.000000 0.209704
2604.000000 0.090450
2605.000000 0.294424
2606.000000 0.177714
2607.000000 0.077088
2608.000000 0.088825
2609.000000 0.097462
2610.000000 0.190024
2611.000000 0.215042
2612.000000 0.304763
2613.000000 0.142123
2614.000000 0.102436
2615.000000 0.185620
2616.000000 0.403392
2617.000000 0.226829
2618.000000 0.143069
2619.000000 0.149221
2620.000000 0.136054
2621.000000 0.055788
2622.000000 0.035250
2623.000000 0.106246
2624.000000 0.188416
2625.000000 0.075294
2626.000000 0.196965
2627.000000 0.107112
2628.000000 0.086450
2629.000000 0.024545
2630.000000 0.048361
2631.000000 0.189530
2632.000000 0.157150
2633.000000 0.100095
2634.000000 0.070211
2635.000000 0.215795
2636.000000 0.155181
2637.000000 0.171167
2638.000000 0.122150
2639.000000 0.053034
2640.000000 0.187569
2641.000000 0.192360
2642.000000 0.065723
2643.000000 0.151764
2644.000000 0.123579
2645.000000 0.250345
2646.000000 0.146574
2647.000000 0.188861
2648.000000 0.031045
2649.000000 0.045971
2650.000000 0.060932
2651.000000 0.103974
2652.000000 0.108133
2653.000000 0.153026
2654.000000 0.211284
2655.000000 0.244899
2656.000000 0.186162
2657.000000 0.187534
2658.000000 0.196108
2659.000000 0.231403
2660.000000 0.139603
2661.000000 0.201868
2662.000000 0.066677
2663.000000 0.138524
2664.000000 0.110680
2665.000000 0.264596
2666.000000 0.026985
2667.000000 0.071539
2668.000000 0.067086
2669.000000 0.246474
2670.000000 0.073354
2671.000000 0.092549
2672.000000 0.245474
2673.000000 0.097847
2674.000000 0.295450
2675.000000 0.167315
2676.000000 0.139383
2677.000000 0.177589
2678.000000 0.189555
2679.000000 0.075620
2680.000000 0.237324
2681.000000 0.320091
2682.000000 0.181174
2683.000000 0.127027
2684.000000 0.081399
2685.000000 0.186249
2686.000000 0.116839
2687.000000 0.227758
2688.000000 0.058002
2689.000000 0.085897
2690.000000 0.028632
2691.000000 0.215621
2692.000000 0.256731
2693.000000 0.103531
2694.000000 0.030199
2695.000000 0.152376
2696.000000 0.065486
2697.000000 0.168861
2698.000000 0.205335
2699.000000 0.024769
2700.000000 0.429397
2701.000000 0.105651
2702.000000 0.128309
2703.000000 0.162460
2704.000000 0.127453
2705.000000 0.099116
2706.000000 0.298991
2707.000000 0.079387
2708.000000 0.068652
2709.000000 0.041984
2710.000000 0.169370
2711.000000 0.235872
2712.000000 0.228085
2713.000000 0.032130
2714.000000 0.095290
2715.000000 0.238351
2716.000000 0.131540
2717.000000 0.168070
2718.000000 0.123975
2719.000000 0.240546
2720.000000 0.111199
2721.000000 0.151992
2722.000000 0.074568
2723.000000 0.117844
2724.000000 0.185867
2725.000000 0.239869
2726.000000 0.093338
2727.000000 0.189728
2728.000000 0.011384
2729.000000 0.232778
2730.000000 0.171413
2731.000000 0.169356
2732.000000 0.125516
2733.000000 0.096218
2734.000000 0.119134
2735.000000 0.103242
2736.000000 0.204338
2737.000000 0.082137
2738.000000 0.170444
2739.000000 0.064992
2740.000000 0.192981
2741.000000 0.200054
2742.000000 0.128601
2743.000000 0.103695
2744.000000 0.404472
2745.000000 0.150898
2746.000000 0.260438
2747.000000 0.106118
2748.000000 0.202862
2749.000000 0.143915
2750.000000 0.284049
2751.000000 0.241558
2752.000000 0.223556
2753.000000 0.186907
2754.000000 0.115869
2755.000000 0.250847
2756.000000 0.187881
2757.000000 0.184251
2758.000000 0.023772
2759.000000 0.079046
2760.000000 0.121955
2761.000000 0.239459
2762.000000 0.135768
2763.000000 0.028356
2764.000000 0.093233
2765.000000 0.101965
2766.000000 0.202137
2767.000000 0.085803
2768.000000 0.092273
2769.000000 0.050986
2770.000000 0.203946
2771.000000 0.102990
2772.000000 0.272831
2773.000000 0.170578
2774.000000 0.094284
2775.000000 0.083192
2776.000000 0.243720
2777.000000 0.175807
2778.000000 0.201004
2779.000000 0.142079
2780.000000 0.198902
2781.000000 0.171505
2782.000000 0.246398
2783.000000 0.058570
2784.000000 0.260205
2785.000000 0.061575
2786.000000 0.072613
2787.000000 0.053652
2788.000000 0.110296
2789.000000 0.155638
2790.000000 0.190518
2791.000000 0.069101
2792.000000 0.098657
2793.000000 0.066220
2794.000000 0.183034
2795.000000 0.063156
2796.000000 0.051943
2797.000000 0.141859
2798.000000 0.077481
2799.000000 0.068932
2800.000000 0.261214
2801.000000 0.096454
2802.000000 0.191533
2803.000000 0.202538
2804.000000 0.193408
2805.000000 0.083016
2806.000000 0.172675
2807.000000 0.092044
2808.000000 0.141417
2809.000000 0.105107
2810.000000 0.084574
2811.000000 0.219174
2812.000000 0.205976
2813.000000 0.085425
2814.000000 0.064945
2815.000000 0.338545
2816.000000 0.156708
2817.000000 0.220730
2818.000000 0.231301
2819.000000 0.166987
2820.000000 0.061727
2821.000000 0.174714
2822.000000 0.167411
2823.000000 0.139229
2824.000000 0.387794
2825.000000 0.029002
2826.000000 0.117899
2827.000000 0.230948
2828.000000 0.294254
2829.000000 0.088851
2830.000000 0.221067
2831.000000 0.167696
2832.000000 0.006079
2833.000000 0.193512
2834.000000 0.104227
2835.000000 0.160999
2836.000000 0.026763
2837.000000 0.222377
2838.000000 0.170076
2839.000000 0.120845
2840.000000 0.114890
2841.000000 0.256744
2842.000000 0.059403
2843.000000 0.121052
2844.000000 0.177040
2845.000000 0.094616
2846.000000 0.077206
2847.000000 0.114139
2848.000000 0.137905
2849.000000 0.187988
2850.000000 0.203214
2851.000000 0.103939
2852.000000 0.256729
2853.000000 0.122662
2854.000000 0.276433
2855.000000 0.203077
2856.000000 0.079105
2857.000000 0.237026
2858.000000 0.223396
2859.000000 0.067910
2860.000000 0.111287
2861.000000 0.164179
2862.000000 0.172538
2863.000000 0.150020
2864.000000 0.342417
2865.000000 0.050170
2866.000000 0.221813
2867.000000 0.198996
2868.000000 0.184434
2869.000000 0.040734
2870.000000 0.122364
2871.000000 0.022714
2872.000000 0.030348
2873.000000 0.129440
2874.000000 0.043357
2875.000000 0.289579
2876.000000 0.117023
2877.000000 0.154674
2878.000000 0.132589
2879.000000 0.045002
2880.000000 0.181153
2881.000000 0.192977
2882.000000 0.099027
2883.000000 0.126314
2884.000000 0.142124
2885.000000 0.109025
2886.000000 0.225899
2887.000000 0.044194
2888.000000 0.193750
2889.000000 0.116198
2890.000000 0.112188
2891.000000 0.052549
2892.000000 0.066478
2893.000000 0.151878
2894.000000 0.233495
2895.000000 0.184595
2896.000000 0.070696
2897.000000 0.019415
2898.000000 0.212043
2899.000000 0.113765
2900.000000 0.182406
2901.000000 0.114263
2902.000000 0.173820
2903.000000 0.221369
2904.000000 0.192219
2905.000000 0.208253
2906.000000 0.300089
2907.000000 0.075349
2908.000000 0.088767
2909.000000 0.209810
2910.000000 0.041563
2911.000000 0.131816
2912.000000 0.202949
2913.000000 0.345714
2914.000000 0.107995
2915.000000 0.218329
2916.000000 0.252137
2917.000000 0.023640
2918.000000 0.178571
2919.000000 0.191819
2920.000000 0.298114
2921.000000 0.074737
2922.000000 0.163737
2923.000000 0.147612
2924.000000 0.215908
2925.000000 0.174646
2926.000000 0.072500
2927.000000 0.122563
2928.000000 0.247921
2929.000000 0.155071
2930.000000 0.115742
2931.000000 0.037514
2932.000000 0.251844
2933.000000 0.112125
2934.000000 0.167746
2935.000000 0.226034
2936.000000 0.224414
2937.000000 0.120482
2938.000000 0.075560
2939.000000 0.083253
2940.000000 0.151585
2941.000000 0.390404
2942.000000 0.180372
2943.000000 0.109584
2944.000000 0.137720
2945.000000 0.226344
2946.000000 0.152257
2947.000000 0.114469
2948.000000 0.189417
2949.000000 0.395645
2950.000000 0.063514
2951.000000 0.151454
2952.000000 0.101237
2953.000000 0.213923
2954.000000 0.058796
2955.000000 0.160724
2956.000000 0.284920
2957.000000 0.150365
2958.000000 0.123946
2959.000000 0.252537
2960.000000 0.118289
2961.000000 0.143882
2962.000000 0.154047
2963.000000 0.212074
2964.000000 0.094603
2965.000000 0.222995
2966.000000 0.076394
2967.000000 0.087938
2968.000000 0.223158
2969.000000 0.148574
2970.000000 0.228208
2971.000000 0.089920
2972.000000 0.154789
2973.000000 0.020074
2974.000000 0.132543
2975.000000 0.162049
2976.000000 0.111387
2977.000000 0.024295
2978.000000 0.201323
2979.000000 0.181280
2980.000000 0.146387
2981.000000 0.131991
2982.000000 0.097151
2983.000000 0.151100
2984.000000 0.218878
2985.000000 0.196618
2986.000000 0.306922
2987.000000 0.279264
2988.000000 0.302913
2989.000000 0.029679
2990.000000 0.111978
2991.000000 0.101089
2992.000000 0.208842
2993.000000 0.101768
2994.000000 0.033840
2995.000000 0.215072
2996.000000 0.168599
2997.000000 0.297621
2998.000000 0.033029
2999.000000 0.095897
3000.000000 0.317436
