0.000000 0.144687
1.000000 0.210121
2.000000 0.096296
3.000000 0.188594
4.000000 0.236824
5.000000 0.227393
6.000000 0.107924
7.000000 0.123148
8.000000 0.220188
9.000000 0.113814
10.000000 0.122351
11.000000 0.145998
12.000000 0.204087
13.000000 0.171911
14.000000 0.047289
15.000000 0.030668
16.000000 0.068863
17.000000 0.280129
18.000000 0.271685
19.000000 0.166067
20.000000 0.101917
21.000000 0.220721
22.000000 0.194254
23.000000 0.271040
24.000000 0.202471
25.000000 0.111154
26.000000 0.163888
27.000000 0.119987
28.000000 0.075456
29.000000 0.127617
30.000000 0.192251
31.000000 0.157630
32.000000 0.123095
33.000000 0.188510
34.000000 0.138208
35.000000 0.195498
36.000000 0.116447
37.000000 0.167363
38.000000 0.153007
39.000000 0.171570
40.000000 0.299285
41.000000 0.187382
42.000000 0.207135
43.000000 0.131669
44.000000 0.297425
45.000000 0.110415
46.000000 0.129988
47.000000 0.120919
48.000000 0.136635
49.000000 0.196947
50.000000 0.177443
51.000000 0.161551
52.000000 0.122036
53.000000 0.027511
54.000000 0.251423
55.000000 0.236117
56.000000 0.256798
57.000000 0.179794
58.000000 0.159181
59.000000 0.140122
60.000000 0.034231
61.000000 0.068406
62.000000 0.150004
63.000000 0.024446
64.000000 0.179366
65.000000 0.138999
66.000000 0.296351
67.000000 0.106402
68.000000 0.106471
69.000000 0.086531
70.000000 0.154644
71.000000 0.157131
72.000000 0.196307
73.000000 0.104385
74.000000 0.172433
75.000000 0.122735
76.000000 0.019148
77.000000 0.114218
78.000000 0.139106
79.000000 0.098536
80.000000 0.184946
81.000000 0.134550
82.000000 0.155987
83.000000 0.156947
84.000000 0.071462
85.000000 0.093803
86.000000 0.062214
87.000000 0.173746
88.000000 0.188047
89.000000 0.108192
90.000000 0.016728
91.000000 0.148602
92.000000 0.147327
93.000000 0.257728
94.000000 0.181381
95.000000 0.158383
96.000000 0.154747
97.000000 0.129445
98.000000 0.135218
99.000000 0.061315
100.000000 0.215843
101.000000 0.205826
102.000000 0.092300
103.000000 0.056228
104.000000 0.181138
105.000000 0.151892
106.000000 0.273679
107.000000 0.042154
108.000000 0.214013
109.000000 0.181267
110.000000 0.075190
111.000000 0.068113
112.000000 0.178857
113.000000 0.223194
114.000000 0.147022
115.000000 0.107153
116.000000 0.157159
117.000000 0.124778
118.000000 0.084659
119.000000 0.233991
120.000000 0.054672
121.000000 0.267920
122.000000 0.050035
123.000000 0.152803
124.000000 0.195974
125.000000 0.096234
126.000000 0.155984
127.000000 0.135188
128.000000 0.180959
129.000000 0.232445
130.000000 0.119114
131.000000 0.192969
132.000000 0.209214
133.000000 0.206426
134.000000 0.272547
135.000000 0.093781
136.000000 0.106123
137.000000 0.324840
138.000000 0.169759
139.000000 0.196238
140.000000 0.216053
141.000000 0.240289
142.000000 0.049087
143.000000 0.158803
144.000000 0.261494
145.000000 0.063250
146.000000 0.183580
147.000000 0.039928
148.000000 0.066582
149.000000 0.336951
150.000000 0.101163
151.000000 0.206912
152.000000 0.138241
153.000000 0.134941
154.000000 0.263533
155.000000 0.150208
156.000000 0.122033
157.000000 0.130190
158.000000 0.147491
159.000000 0.192927
160.000000 0.174599
161.000000 0.067806
162.000000 0.104836
163.000000 0.141830
164.000000 0.085631
165.000000 0.109186
166.000000 0.122407
167.000000 0.121692
168.000000 0.014985
169.000000 0.162009
170.000000 0.087527
171.000000 0.181846
172.000000 0.204249
173.000000 0.191430
174.000000 0.150182
175.000000 0.192215
176.000000 0.085096
177.000000 0.171998
178.000000 0.088845
179.000000 0.162043
180.000000 0.111432
181.000000 0.129273
182.000000 0.158883
183.000000 0.185839
184.000000 0.237987
185.000000 0.201247
186.000000 0.097658
187.000000 0.266653
188.000000 0.094195
189.000000 0.048074
190.000000 0.071438
191.000000 0.221800
192.000000 0.313758
193.000000 0.128674
194.000000 0.232494
195.000000 0.073510
196.000000 0.130743
197.000000 0.096271
198.000000 0.159541
199.000000 0.195492
200.000000 0.045339
201.000000 0.150547
202.000000 0.043536
203.000000 0.029514
204.000000 0.158579
205.000000 0.127539
206.000000 0.138269
207.000000 0.206467
208.000000 0.251972
209.000000 0.109416
210.000000 0.130323
211.000000 0.157054
212.000000 0.092897
213.000000 0.172520
214.000000 0.162301
215.000000 0.109581
216.000000 0.232847
217.000000 0.076828
218.000000 0.187109
219.000000 0.091719
220.000000 0.156498
221.000000 0.116240
222.000000 0.183155
223.000000 0.289385
224.000000 0.177815
225.000000 0.283932
226.000000 0.239352
227.000000 0.117959
228.000000 0.236291
229.000000 0.144356
230.000000 0.211634
231.000000 0.105101
232.000000 0.063242
233.000000 0.039552
234.000000 0.220916
235.000000 0.052854
236.000000 0.273050
237.000000 0.221082
238.000000 0.188814
239.000000 0.175046
240.000000 0.203838
241.000000 0.159552
242.000000 0.067855
243.000000 0.061438
244.000000 0.201511
245.000000 0.017909
246.000000 0.060614
247.000000 0.046655
248.000000 0.118795
249.000000 0.106559
250.000000 0.138799
251.000000 0.222140
252.000000 0.037518
253.000000 0.195199
254.000000 0.186652
255.000000 0.058401
256.000000 0.102436
257.000000 0.220236
258.000000 0.156267
259.000000 0.049101
260.000000 0.304158
261.000000 0.236257
262.000000 0.089747
263.000000 0.014709
264.000000 0.145715
265.000000 0.216308
266.000000 0.282581
267.000000 0.122957
268.000000 0.187708
269.000000 0.118778
270.000000 0.035321
271.000000 0.299457
272.000000 0.106192
273.000000 0.116698
274.000000 0.059063
275.000000 0.054888
276.000000 0.119386
277.000000 0.235905
278.000000 0.192999
279.000000 0.177819
280.000000 0.244197
281.000000 0.175718
282.000000 0.222711
283.000000 0.230062
284.000000 0.133694
285.000000 0.168554
286.000000 0.161209
287.000000 0.035860
288.000000 0.112512
289.000000 0.186998
290.000000 0.124908
291.000000 0.129897
292.000000 0.125320
293.000000 0.099019
294.000000 0.135045
295.000000 0.211115
296.000000 0.144558
297.000000 0.155178
298.000000 0.138034
299.000000 0.019272
300.000000 0.135084
301.000000 0.203579
302.000000 0.095193
303.000000 0.229202
304.000000 0.031658
305.000000 0.244537
306.000000 0.189495
307.000000 0.104877
308.000000 0.071381
309.000000 0.273844
310.000000 0.103583
311.000000 0.113610
312.000000 0.155019
313.000000 0.110196
314.000000 0.197314
315.000000 0.136213
316.000000 0.094991
317.000000 0.146154
318.000000 0.168327
319.000000 0.099339
320.000000 0.213629
321.000000 0.097582
322.000000 0.184068
323.000000 0.090368
324.000000 0.209948
325.000000 0.351773
326.000000 0.033215
327.000000 0.118421
328.000000 0.113804
329.000000 0.075127
330.000000 0.115445
331.000000 0.190681
332.000000 0.223847
333.000000 0.037986
334.000000 0.200371
335.000000 0.232653
336.000000 0.095456
337.000000 0.240455
338.000000 0.087480
339.000000 0.234062
340.000000 0.208184
341.000000 0.117633
342.000000 0.113973
343.000000 0.212348
344.000000 0.095084
345.000000 0.312651
346.000000 0.103090
347.000000 0.205470
348.000000 0.134979
349.000000 0.150867
350.000000 0.190556
351.000000 0.077628
352.000000 0.231580
353.000000 0.142405
354.000000 0.130380
355.000000 0.130296
356.000000 0.116135
357.000000 0.160755
358.000000 0.264467
359.000000 0.214543
360.000000 0.174639
361.000000 0.264452
362.000000 0.284317
363.000000 0.246931
364.000000 0.168952
365.000000 0.129890
366.000000 0.105595
367.000000 0.146729
368.000000 0.050135
369.000000 0.073729
370.000000 0.078822
371.000000 0.218096
372.000000 0.030697
373.000000 0.069595
374.000000 0.131557
375.000000 0.103351
376.000000 0.114376
377.000000 0.217276
378.000000 0.132598
379.000000 0.070815
380.000000 0.190187
381.000000 0.125136
382.000000 0.241220
383.000000 0.190550
384.000000 0.149089
385.000000 0.144358
386.000000 0.148668
387.000000 0.218687
388.000000 0.147503
389.000000 0.092876
390.000000 0.058138
391.000000 0.063362
392.000000 0.092955
393.000000 0.122299
394.000000 0.207424
395.000000 0.193592
396.000000 0.136447
397.000000 0.180159
398.000000 0.202481
399.000000 0.138612
400.000000 0.110515
401.000000 0.221733
402.000000 0.104779
403.000000 0.084600
404.000000 0.156636
405.000000 0.126829
406.000000 0.189983
407.000000 0.269084
408.000000 0.142249
409.000000 0.161636
410.000000 0.153727
411.000000 0.167789
412.000000 0.308723
413.000000 0.093824
414.000000 0.224159
415.000000 0.113178
416.000000 0.178277
417.000000 0.147094
418.000000 0.117732
419.000000 0.218150
420.000000 0.107770
421.000000 0.053880
422.000000 0.090596
423.000000 0.200419
424.000000 0.047229
425.000000 0.171478
426.000000 0.047887
427.000000 0.054493
428.000000 0.146607
429.000000 0.201730
430.000000 0.190691
431.000000 0.167993
432.000000 0.036268
433.000000 0.167549
434.000000 0.109891
435.000000 0.202743
436.000000 0.114952
437.000000 0.129866
438.000000 0.043303
439.000000 0.113141
440.000000 0.199608
441.000000 0.088860
442.000000 0.201252
443.000000 0.257373
444.000000 0.203072
445.000000 0.337075
446.000000 0.124336
447.000000 0.173023
448.000000 0.117409
449.000000 0.155868
450.000000 0.150037
451.000000 0.089581
452.000000 0.186147
453.000000 0.238137
454.000000 0.118658
455.000000 0.188045
456.000000 0.258799
457.000000 0.249036
458.000000 0.087632
459.000000 0.102597
460.000000 0.255880
461.000000 0.177332
462.000000 0.118599
463.000000 0.095284
464.000000 0.268812
465.000000 0.213140
466.000000 0.168780
467.000000 0.038343
468.000000 0.191619
469.000000 0.128201
470.000000 0.102922
471.000000 0.106335
472.000000 0.119541
473.000000 0.092125
474.000000 0.233917
475.000000 0.132833
476.000000 0.173671
477.000000 0.179202
478.000000 0.087369
479.000000 0.106799
480.000000 0.025914
481.000000 0.134570
482.000000 0.075587
483.000000 0.116236
484.000000 0.108475
485.000000 0.109037
486.000000 0.043533
487.000000 0.258219
488.000000 0.123593
489.000000 0.346755
490.000000 0.134516
491.000000 0.097092
492.000000 0.229462
493.000000 0.264034
494.000000 0.167935
495.000000 0.299960
496.000000 0.214151
497.000000 0.010920
498.000000 0.112367
499.000000 0.165222
500.000000 0.212486
501.000000 0.179735
502.000000 0.225978
503.000000 0.206732
504.000000 0.155774
505.000000 0.156915
506.000000 0.131676
507.000000 0.267019
508.000000 0.250797
509.000000 0.209342
510.000000 0.139844
511.000000 0.175308
512.000000 0.104551
513.000000 0.127137
514.000000 0.168828
515.000000 0.250188
516.000000 0.152656
517.000000 0.067519
518.000000 0.148784
519.000000 0.123167
520.000000 0.256874
521.000000 0.104514
522.000000 0.212776
523.000000 0.164430
524.000000 0.243584
525.000000 0.068746
526.000000 0.346351
527.000000 0.156740
528.000000 0.145668
529.000000 0.115494
530.000000 0.060362
531.000000 0.205243
532.000000 0.147697
533.000000 0.172757
534.000000 0.216348
535.000000 0.137704
536.000000 0.180075
537.000000 0.143906
538.000000 0.160275
539.000000 0.166216
540.000000 0.119536
541.000000 0.189066
542.000000 0.157652
543.000000 0.065713
544.000000 0.166551
545.000000 0.021735
546.000000 0.102352
547.000000 0.142541
548.000000 0.094796
549.000000 0.210375
550.000000 0.303382
551.000000 0.055311
552.000000 0.171200
553.000000 0.061999
554.000000 0.114636
555.000000 0.183838
556.000000 0.348612
557.000000 0.156642
558.000000 0.167707
559.000000 0.203167
560.000000 0.096877
561.000000 0.122863
562.000000 0.037055
563.000000 0.205643
564.000000 0.093753
565.000000 0.232965
566.000000 0.193697
567.000000 0.145814
568.000000 0.187395
569.000000 0.244699
570.000000 0.037750
571.000000 0.053759
572.000000 0.170095
573.000000 0.056910
574.000000 0.091479
575.000000 0.209676
576.000000 0.073922
577.000000 0.134603
578.000000 0.078289
579.000000 0.081223
580.000000 0.065781
581.000000 0.100032
582.000000 0.217928
583.000000 0.113011
584.000000 0.211097
585.000000 0.071041
586.000000 0.214200
587.000000 0.121154
588.000000 0.130924
589.000000 0.165282
590.000000 0.121476
591.000000 0.167324
592.000000 0.150246
593.000000 0.126112
594.000000 0.228700
595.000000 0.141959
596.000000 0.071721
597.000000 0.175675
598.000000 0.236148
599.000000 0.102276
600.000000 0.141315
601.000000 0.079958
602.000000 0.088663
603.000000 0.050413
604.000000 0.101180
605.000000 0.062040
606.000000 0.188036
607.000000 0.324538
608.000000 0.108339
609.000000 0.199029
610.000000 0.127424
611.000000 0.150399
612.000000 0.198926
613.000000 0.203215
614.000000 0.197015
615.000000 0.157990
616.000000 0.096679
617.000000 0.129599
618.000000 0.180281
619.000000 0.183648
620.000000 0.171984
621.000000 0.241974
622.000000 0.108632
623.000000 0.091662
624.000000 0.226884
625.000000 0.283810
626.000000 0.197604
627.000000 0.237390
628.000000 0.135088
629.000000 0.122158
630.000000 0.177611
631.000000 0.206972
632.000000 0.146709
633.000000 0.096350
634.000000 0.228474
635.000000 0.195991
636.000000 0.163672
637.000000 0.139776
638.000000 0.118734
639.000000 0.093960
640.000000 0.117503
641.000000 0.111957
642.000000 0.119038
643.000000 0.002282
644.000000 0.119411
645.000000 0.103748
646.000000 0.275661
647.000000 0.144826
648.000000 0.272779
649.000000 0.036407
650.000000 0.158492
651.000000 0.023914
652.000000 0.181744
653.000000 0.193956
654.000000 0.195680
655.000000 0.162848
656.000000 0.094427
657.000000 0.144860
658.000000 0.141877
659.000000 0.233525
660.000000 0.123460
661.000000 0.226774
662.000000 0.123077
663.000000 0.112369
664.000000 0.116023
665.000000 0.124321
666.000000 0.150443
667.000000 0.169386
668.000000 0.210455
669.000000 0.076017
670.000000 0.126361
671.000000 0.102658
672.000000 0.208376
673.000000 0.060938
674.000000 0.100472
675.000000 0.138029
676.000000 0.096353
677.000000 0.268654
678.000000 0.131846
679.000000 0.142043
680.000000 0.107863
681.000000 0.073079
682.000000 0.060612
683.000000 0.277162
684.000000 0.227796
685.000000 0.034866
686.000000 0.189244
687.000000 0.207005
688.000000 0.238551
689.000000 0.066622
690.000000 0.200246
691.000000 0.089783
692.000000 0.115266
693.000000 0.265584
694.000000 0.071543
695.000000 0.196175
696.000000 0.143995
697.000000 0.099732
698.000000 0.067345
699.000000 0.307636
700.000000 0.191569
701.000000 0.145842
702.000000 0.203123
703.000000 0.137373
704.000000 0.244975
705.000000 0.207005
706.000000 0.054798
707.000000 0.116209
708.000000 0.085999
709.000000 0.104023
710.000000 0.335347
711.000000 0.187366
712.000000 0.200405
713.000000 0.185487
714.000000 0.123934
715.000000 0.215076
716.000000 0.251198
717.000000 0.251488
718.000000 0.076977
719.000000 0.182525
720.000000 0.208949
721.000000 0.140916
722.000000 0.160047
723.000000 0.270599
724.000000 0.084172
725.000000 0.128354
726.000000 0.152174
727.000000 0.218609
728.000000 0.232474
729.000000 0.253578
730.000000 0.319207
731.000000 0.288858
732.000000 0.078314
733.000000 0.199232
734.000000 0.218738
735.000000 0.052006
736.000000 0.127130
737.000000 0.181576
738.000000 0.043488
739.000000 0.185276
740.000000 0.115660
741.000000 0.205122
742.000000 0.194005
743.000000 0.052119
744.000000 0.129315
745.000000 0.133595
746.000000 0.190454
747.000000 0.087781
748.000000 0.303518
749.000000 0.115949
750.000000 0.117767
751.000000 0.198362
752.000000 0.160958
753.000000 0.182852
754.000000 0.193378
755.000000 0.192041
756.000000 0.254156
757.000000 0.206681
758.000000 0.096019
759.000000 0.152752
760.000000 0.218380
761.000000 0.238028
762.000000 0.268566
763.000000 0.070179
764.000000 0.018549
765.000000 0.111286
766.000000 0.122075
767.000000 0.153431
768.000000 0.240140
769.000000 0.110390
770.000000 0.150434
771.000000 0.159006
772.000000 0.103291
773.000000 0.189829
774.000000 0.183101
775.000000 0.129785
776.000000 0.177650
777.000000 0.144955
778.000000 0.091102
779.000000 0.249145
780.000000 0.207606
781.000000 0.118967
782.000000 0.100003
783.000000 0.123137
784.000000 0.239011
785.000000 0.207244
786.000000 0.127387
787.000000 0.257373
788.000000 0.087920
789.000000 0.055625
790.000000 0.099199
791.000000 0.202468
792.000000 0.134174
793.000000 0.292472
794.000000 0.119320
795.000000 0.106563
796.000000 0.119658
797.000000 0.188488
798.000000 0.086972
799.000000 0.138591
800.000000 0.258504
801.000000 0.149100
802.000000 0.250985
803.000000 0.151949
804.000000 0.125561
805.000000 0.024863
806.000000 0.172726
807.000000 0.388276
808.000000 0.260425
809.000000 0.176756
810.000000 0.133398
811.000000 0.171141
812.000000 0.152655
813.000000 0.198842
814.000000 0.180254
815.000000 0.119465
816.000000 0.196796
817.000000 0.054646
818.000000 0.097650
819.000000 0.163776
820.000000 0.154811
821.000000 0.226757
822.000000 0.032851
823.000000 0.229157
824.000000 0.202733
825.000000 0.304622
826.000000 0.163359
827.000000 0.151370
828.000000 0.328452
829.000000 0.045039
830.000000 0.267415
831.000000 0.083167
832.000000 0.194664
833.000000 0.102665
834.000000 0.180041
835.000000 0.187423
836.000000 0.106921
837.000000 0.006175
838.000000 0.099379
839.000000 0.150468
840.000000 0.065671
841.000000 0.161324
842.000000 0.062232
843.000000 0.264563
844.000000 0.149518
845.000000 0.148250
846.000000 0.081211
847.000000 0.203342
848.000000 0.142641
849.000000 0.112524
850.000000 0.158336
851.000000 0.135981
852.000000 0.068621
853.000000 0.096338
854.000000 0.169123
855.000000 0.200133
856.000000 0.169410
857.000000 0.045293
858.000000 0.185678
859.000000 0.157382
860.000000 0.133860
861.000000 0.143184
862.000000 0.307056
863.000000 0.104653
864.000000 0.076634
865.000000 0.117490
866.000000 0.089981
867.000000 0.136837
868.000000 0.162041
869.000000 0.263257
870.000000 0.164438
871.000000 0.216910
872.000000 0.129197
873.000000 0.091693
874.000000 0.112765
875.000000 0.041135
876.000000 0.083704
877.000000 0.204891
878.000000 0.228466
879.000000 0.062824
880.000000 0.212742
881.000000 0.067130
882.000000 0.085137
883.000000 0.258266
884.000000 0.074120
885.000000 0.211531
886.000000 0.177476
887.000000 0.133925
888.000000 0.207073
889.000000 0.045981
890.000000 0.268528
891.000000 0.073303
892.000000 0.106014
893.000000 0.156237
894.000000 0.217962
895.000000 0.183636
896.000000 0.093436
897.000000 0.153120
898.000000 0.032828
899.000000 0.181140
900.000000 0.203176
901.000000 0.149663
902.000000 0.120960
903.000000 0.188994
904.000000 0.179666
905.000000 0.060235
906.000000 0.141501
907.000000 0.072988
908.000000 0.160445
909.000000 0.089016
910.000000 0.122802
911.000000 0.087078
912.000000 0.097689
913.000000 0.128202
914.000000 0.044044
915.000000 0.129462
916.000000 0.075619
917.000000 0.184562
918.000000 0.093379
919.000000 0.160033
920.000000 0.186538
921.000000 0.101679
922.000000 0.165352
923.000000 0.208814
924.000000 0.108210
925.000000 0.141333
926.000000 0.278673
927.000000 0.272163
928.000000 0.141458
929.000000 0.111908
930.000000 0.111250
931.000000 0.249682
932.000000 0.132876
933.000000 0.030895
934.000000 0.161296
935.000000 0.205362
936.000000 0.149899
937.000000 0.240890
938.000000 0.046760
939.000000 0.234991
940.000000 0.243932
941.000000 0.183040
942.000000 0.138165
943.000000 0.059385
944.000000 0.091069
945.000000 0.096182
946.000000 0.175835
947.000000 0.172246
948.000000 0.205068
949.000000 0.080294
950.000000 0.287436
951.000000 0.103713
952.000000 0.163737
953.000000 0.106482
954.000000 0.186092
955.000000 0.178147
956.000000 0.105431
957.000000 0.181379
958.000000 0.186572
959.000000 0.166628
960.000000 0.173114
961.000000 0.115471
962.000000 0.133679
963.000000 0.154343
964.000000 0.231739
965.000000 0.148237
966.000000 0.083686
967.000000 0.155899
968.000000 0.164151
969.000000 0.141243
970.000000 0.144808
971.000000 0.089553
972.000000 0.146841
973.000000 0.129675
974.000000 0.157885
975.000000 0.167294
976.000000 0.153775
977.000000 0.142708
978.000000 0.244363
979.000000 0.200921
980.000000 0.097902
981.000000 0.197326
982.000000 0.053749
983.000000 0.075050
984.000000 0.015943
985.000000 0.140952
986.000000 0.068869
987.000000 0.152177
988.000000 0.154387
989.000000 0.265613
990.000000 0.126266
991.000000 0.204403
992.000000 0.262196
993.000000 0.149549
994.000000 0.194277
995.000000 0.273967
996.000000 0.046222
997.000000 0.083419
998.000000 0.197522
999.000000 0.180021
1000.000000 0.164672
1001.000000 0.217049
1002.000000 0.078499
1003.000000 0.178924
1004.000000 0.076663
1005.000000 0.181930
1006.000000 0.099896
1007.000000 0.209005
1008.000000 0.162388
1009.000000 0.307439
1010.000000 0.213156
1011.000000 0.197318
1012.000000 0.095991
1013.000000 0.029434
1014.000000 0.264543
1015.000000 0.220568
1016.000000 0.095357
1017.000000 0.229975
1018.000000 0.197609
1019.000000 0.152547
1020.000000 0.119078
1021.000000 0.107391
1022.000000 0.091530
1023.000000 0.293211
1024.000000 0.143201
1025.000000 0.081108
1026.000000 0.241357
1027.000000 0.222432
1028.000000 0.147017
1029.000000 0.123484
1030.000000 0.254008
1031.000000 0.157781
1032.000000 0.162936
1033.000000 0.150074
1034.000000 0.237195
1035.000000 0.109916
1036.000000 0.109962
1037.000000 0.148227
1038.000000 0.105904
1039.000000 0.030644
1040.000000 0.190710
1041.000000 0.196952
1042.000000 0.127929
1043.000000 0.069616
1044.000000 0.292288
1045.000000 0.180822
1046.000000 0.143616
1047.000000 0.195503
1048.000000 0.230223
1049.000000 0.159579
1050.000000 0.080937
1051.000000 0.060463
1052.000000 0.043112
1053.000000 0.083960
1054.000000 0.172079
1055.000000 0.196576
1056.000000 0.190970
1057.000000 0.058187
1058.000000 0.162969
1059.000000 0.346295
1060.000000 0.213095
1061.000000 0.094150
1062.000000 0.120169
1063.000000 0.166483
1064.000000 0.124957
1065.000000 0.193855
1066.000000 0.163844
1067.000000 0.161881
1068.000000 0.129676
1069.000000 0.188459
1070.000000 0.164278
1071.000000 0.225898
1072.000000 0.246582
1073.000000 0.098031
1074.000000 0.216973
1075.000000 0.079412
1076.000000 0.096568
1077.000000 0.230816
1078.000000 0.180499
1079.000000 0.109482
1080.000000 0.130419
1081.000000 0.149002
1082.000000 0.094115
1083.000000 0.244012
1084.000000 0.098737
1085.000000 0.267912
1086.000000 0.174778
1087.000000 0.059235
1088.000000 0.074328
1089.000000 0.096619
1090.000000 0.123092
1091.000000 0.259072
1092.000000 0.178296
1093.000000 0.185396
1094.000000 0.223467
1095.000000 0.198463
1096.000000 0.114908
1097.000000 0.118618
1098.000000 0.298385
1099.000000 0.077669
1100.000000 0.080051
1101.000000 0.092656
1102.000000 0.109422
1103.000000 0.016426
1104.000000 0.071046
1105.000000 0.141818
1106.000000 0.191290
1107.000000 0.185668
1108.000000 0.187930
1109.000000 0.196393
1110.000000 0.034677
1111.000000 0.191672
1112.000000 0.104571
1113.000000 0.155922
1114.000000 0.120102
1115.000000 0.347990
1116.000000 0.086874
1117.000000 0.076255
1118.000000 0.041245
1119.000000 0.038623
1120.000000 0.148872
1121.000000 0.154287
1122.000000 0.059086
1123.000000 0.156282
1124.000000 0.238724
1125.000000 0.206001
1126.000000 0.241844
1127.000000 0.177889
1128.000000 0.143573
1129.000000 0.150918
1130.000000 0.141159
1131.000000 0.054221
1132.000000 0.381893
1133.000000 0.112970
1134.000000 0.104593
1135.000000 0.167392
1136.000000 0.061916
1137.000000 0.158056
1138.000000 0.114921
1139.000000 0.107929
1140.000000 0.149618
1141.000000 0.102778
1142.000000 0.138245
1143.000000 0.081364
1144.000000 0.140092
1145.000000 0.125590
1146.000000 0.250917
1147.000000 0.114827
1148.000000 0.007904
1149.000000 0.243340
1150.000000 0.096569
1151.000000 0.266146
1152.000000 0.127916
1153.000000 0.148809
1154.000000 0.216909
1155.000000 0.139257
1156.000000 0.106892
1157.000000 0.164469
1158.000000 0.118657
1159.000000 0.229185
1160.000000 0.118861
1161.000000 0.062277
1162.000000 0.092842
1163.000000 0.044390
1164.000000 0.203907
1165.000000 0.206635
1166.000000 0.169443
1167.000000 0.132440
1168.000000 0.135760
1169.000000 0.054130
1170.000000 0.114404
1171.000000 0.176581
1172.000000 0.050697
1173.000000 0.184131
1174.000000 0.169698
1175.000000 0.123025
1176.000000 0.083899
1177.000000 0.133433
1178.000000 0.165554
1179.000000 0.179378
1180.000000 0.114275
1181.000000 0.021170
1182.000000 0.188017
1183.000000 0.237683
1184.000000 0.153114
1185.000000 0.104398
1186.000000 0.086109
1187.000000 0.201198
1188.000000 0.190245
1189.000000 0.162082
1190.000000 0.101909
1191.000000 0.054958
1192.000000 0.144508
1193.000000 0.232024
1194.000000 0.230493
1195.000000 0.059462
1196.000000 0.155221
1197.000000 0.190155
1198.000000 0.117587
1199.000000 0.124257
1200.000000 0.269684
1201.000000 0.197347
1202.000000 0.172160
1203.000000 0.069011
1204.000000 0.244794
1205.000000 0.016672
1206.000000 0.336787
1207.000000 0.189564
1208.000000 0.138780
1209.000000 0.045343
1210.000000 0.154652
1211.000000 0.085069
1212.000000 0.072329
1213.000000 0.089701
1214.000000 0.101593
1215.000000 0.166444
1216.000000 0.291503
1217.000000 0.269184
1218.000000 0.131226
1219.000000 0.216833
1220.000000 0.082840
1221.000000 0.122526
1222.000000 0.112062
1223.000000 0.233489
1224.000000 0.092773
1225.000000 0.200317
1226.000000 0.102169
1227.000000 0.094285
1228.000000 0.178552
1229.000000 0.154450
1230.000000 0.177458
1231.000000 0.185491
1232.000000 0.110032
1233.000000 0.044953
1234.000000 0.135297
1235.000000 0.140629
1236.000000 0.135917
1237.000000 0.089387
1238.000000 0.100916
1239.000000 0.198398
1240.000000 0.132737
1241.000000 0.131735
1242.000000 0.190625
1243.000000 0.112825
1244.000000 0.218514
1245.000000 0.122316
1246.000000 0.123911
1247.000000 0.099109
1248.000000 0.137479
1249.000000 0.256393
1250.000000 0.112755
1251.000000 0.219182
1252.000000 0.025723
1253.000000 0.160267
1254.000000 0.213336
1255.000000 0.128682
1256.000000 0.081358
1257.000000 0.273754
1258.000000 0.156997
1259.000000 0.017933
1260.000000 0.139723
1261.000000 0.212099
1262.000000 0.188425
1263.000000 0.051636
1264.000000 0.094539
1265.000000 0.115871
1266.000000 0.202249
1267.000000 0.114300
1268.000000 0.102107
1269.000000 0.042452
1270.000000 0.036059
1271.000000 0.147011
1272.000000 0.162647
1273.000000 0.225607
1274.000000 0.151296
1275.000000 0.162981
1276.000000 0.170847
1277.000000 0.166827
1278.000000 0.246483
1279.000000 0.151589
1280.000000 0.306886
1281.000000 0.164492
1282.000000 0.079711
1283.000000 0.345918
1284.000000 0.246961
1285.000000 0.112664
1286.000000 0.277184
1287.000000 0.322945
1288.000000 0.171956
1289.000000 0.092656
1290.000000 0.187600
1291.000000 0.147675
1292.000000 0.234914
1293.000000 0.083033
1294.000000 0.228230
1295.000000 0.171938
1296.000000 0.159652
1297.000000 0.266473
1298.000000 0.169140
1299.000000 0.219654
1300.000000 0.165975
1301.000000 0.230743
1302.000000 0.047105
1303.000000 0.106935
1304.000000 0.061589
1305.000000 0.113269
1306.000000 0.200179
1307.000000 0.229851
1308.000000 0.177982
1309.000000 0.197752
1310.000000 0.169933
1311.000000 0.052435
1312.000000 0.179388
1313.000000 0.227208
1314.000000 0.153171
1315.000000 0.101732
1316.000000 0.221704
1317.000000 0.164073
1318.000000 0.090154
1319.000000 0.141767
1320.000000 0.135201
1321.000000 0.149963
1322.000000 0.279001
1323.000000 0.298819
1324.000000 0.184128
1325.000000 0.119777
1326.000000 0.214719
1327.000000 0.115605
1328.000000 0.104327
1329.000000 0.187170
1330.000000 0.064268
1331.000000 0.211503
1332.000000 0.089315
1333.000000 0.164891
1334.000000 0.064229
1335.000000 0.099799
1336.000000 0.155457
1337.000000 0.159595
1338.000000 0.138254
1339.000000 0.156758
1340.000000 0.315631
1341.000000 0.175575
1342.000000 0.171076
1343.000000 0.130845
1344.000000 0.223439
1345.000000 0.185653
1346.000000 0.166611
1347.000000 0.110125
1348.000000 0.348661
1349.000000 0.096477
1350.000000 0.179791
1351.000000 0.123321
1352.000000 0.073018
1353.000000 0.145597
1354.000000 0.173571
1355.000000 0.214793
1356.000000 0.101012
1357.000000 0.160292
1358.000000 0.197859
1359.000000 0.131481
1360.000000 0.171463
1361.000000 0.150677
1362.000000 0.105002
1363.000000 0.180068
1364.000000 0.146698
1365.000000 0.181349
1366.000000 0.084534
1367.000000 0.226064
1368.000000 0.202196
1369.000000 0.081514
1370.000000 0.187070
1371.000000 0.098034
1372.000000 0.134397
1373.000000 0.187828
1374.000000 0.195412
1375.000000 0.120698
1376.000000 0.225513
1377.000000 0.064420
1378.000000 0.214089
1379.000000 0.130075
1380.000000 0.214724
1381.000000 0.121443
1382.000000 0.154222
1383.000000 0.286963
1384.000000 0.250509
1385.000000 0.094853
1386.000000 0.032190
1387.000000 0.221442
1388.000000 0.150246
1389.000000 0.131629
1390.000000 0.093355
1391.000000 0.222195
1392.000000 0.069851
1393.000000 0.202712
1394.000000 0.169891
1395.000000 0.151662
1396.000000 0.289271
1397.000000 0.095749
1398.000000 0.114429
1399.000000 0.144300
1400.000000 0.193236
1401.000000 0.083706
1402.000000 0.108301
1403.000000 0.178691
1404.000000 0.274672
1405.000000 0.279894
1406.000000 0.136796
1407.000000 0.158270
1408.000000 0.282079
1409.000000 0.010397
1410.000000 0.188389
1411.000000 0.236826
1412.000000 0.204801
1413.000000 0.141646
1414.000000 0.176713
1415.000000 0.081250
1416.000000 0.119499
1417.000000 0.083824
1418.000000 0.241512
1419.000000 0.256170
1420.000000 0.186554
1421.000000 0.153056
1422.000000 0.121757
1423.000000 0.127981
1424.000000 0.091190
1425.000000 0.084207
1426.000000 0.177876
1427.000000 0.225380
1428.000000 0.155294
1429.000000 0.198964
1430.000000 0.282429
1431.000000 0.117174
1432.000000 0.047755
1433.000000 0.126913
1434.000000 0.239703
1435.000000 0.069537
1436.000000 0.205870
1437.000000 0.108744
1438.000000 0.081342
1439.000000 0.105780
1440.000000 0.140177
1441.000000 0.219576
1442.000000 0.040239
1443.000000 0.185244
1444.000000 0.109406
1445.000000 0.103278
1446.000000 0.139675
1447.000000 0.106203
1448.000000 0.229357
1449.000000 0.124065
1450.000000 0.006056
1451.000000 0.174520
1452.000000 0.037475
1453.000000 0.218707
1454.000000 0.206521
1455.000000 0.099526
1456.000000 0.094012
1457.000000 0.047245
1458.000000 0.015931
1459.000000 0.074497
1460.000000 0.230745
1461.000000 0.180691
1462.000000 0.219231
1463.000000 0.148337
1464.000000 0.204560
1465.000000 0.088629
1466.000000 0.121905
1467.000000 0.283602
1468.000000 0.136470
1469.000000 0.048575
1470.000000 0.229018
1471.000000 0.125167
1472.000000 0.262877
1473.000000 0.207169
1474.000000 0.038738
1475.000000 0.362428
1476.000000 0.222236
1477.000000 0.188636
1478.000000 0.222375
1479.000000 0.080776
1480.000000 0.184289
1481.000000 0.243620
1482.000000 0.013996
1483.000000 0.173412
1484.000000 0.119597
1485.000000 0.114734
1486.000000 0.213211
1487.000000 0.279601
1488.000000 0.162339
1489.000000 0.373822
1490.000000 0.087515
1491.000000 0.155631
1492.000000 0.129192
1493.000000 0.110056
1494.000000 0.060222
1495.000000 0.129147
1496.000000 0.171543
1497.000000 0.186336
1498.000000 0.173892
1499.000000 0.069615
1500.000000 0.135266
1501.000000 0.184886
1502.000000 0.044095
1503.000000 0.007376
1504.000000 0.149827
1505.000000 0.194544
1506.000000 0.073991
1507.000000 0.214794
1508.000000 0.206882
1509.000000 0.116969
1510.000000 0.117988
1511.000000 0.153271
1512.000000 0.257471
1513.000000 0.082536
1514.000000 0.092249
1515.000000 0.144994
1516.000000 0.160754
1517.000000 0.126691
1518.000000 0.183029
1519.000000 0.266064
1520.000000 0.121967
1521.000000 0.180644
1522.000000 0.173297
1523.000000 0.166796
1524.000000 0.153170
1525.000000 0.201474
1526.000000 0.060799
1527.000000 0.155881
1528.000000 0.190363
1529.000000 0.206875
1530.000000 0.208659
1531.000000 0.188220
1532.000000 0.152220
1533.000000 0.233049
1534.000000 0.139629
1535.000000 0.095211
1536.000000 0.287994
1537.000000 0.052978
1538.000000 0.150057
1539.000000 0.053724
1540.000000 0.182391
1541.000000 0.216711
1542.000000 0.199326
1543.000000 0.156497
1544.000000 0.204252
1545.000000 0.258608
1546.000000 0.183512
1547.000000 0.139087
1548.000000 0.087458
1549.000000 0.262534
1550.000000 0.080322
1551.000000 0.170795
1552.000000 0.103378
1553.000000 0.190017
1554.000000 0.295778
1555.000000 0.246522
1556.000000 0.148559
1557.000000 0.232619
1558.000000 0.124255
1559.000000 0.181442
1560.000000 0.175384
1561.000000 0.022794
1562.000000 0.149850
1563.000000 0.256576
1564.000000 0.185379
1565.000000 0.209358
1566.000000 0.175742
1567.000000 0.267756
1568.000000 0.134431
1569.000000 0.227972
1570.000000 0.162852
1571.000000 0.202875
1572.000000 0.174962
1573.000000 0.122994
1574.000000 0.197239
1575.000000 0.191841
1576.000000 0.215520
1577.000000 0.066568
1578.000000 0.192512
1579.000000 0.171283
1580.000000 0.145897
1581.000000 0.206298
1582.000000 0.160191
1583.000000 0.227401
1584.000000 0.048341
1585.000000 0.087584
1586.000000 0.157682
1587.000000 0.118387
1588.000000 0.177671
1589.000000 0.094673
1590.000000 0.218686
1591.000000 0.240020
1592.000000 0.212501
1593.000000 0.097037
1594.000000 0.172208
1595.000000 0.108125
1596.000000 0.114493
1597.000000 0.132993
1598.000000 0.065512
1599.000000 0.195795
1600.000000 0.129506
1601.000000 0.079354
1602.000000 0.018113
1603.000000 0.228763
1604.000000 0.182917
1605.000000 0.312301
1606.000000 0.273270
1607.000000 0.238547
1608.000000 0.134779
1609.000000 0.107655
1610.000000 0.259442
1611.000000 0.195916
1612.000000 0.166987
1613.000000 0.160130
1614.000000 0.167775
1615.000000 0.345912
1616.000000 0.169220
1617.000000 0.199106
1618.000000 0.096830
1619.000000 0.125964
1620.000000 0.162706
1621.000000 0.249223
1622.000000 0.110553
1623.000000 0.031265
1624.000000 0.119507
1625.000000 0.183754
1626.000000 0.254711
1627.000000 0.091721
1628.000000 0.049220
1629.000000 0.137333
1630.000000 0.105064
1631.000000 0.046971
1632.000000 0.150522
1633.000000 0.219706
1634.000000 0.150474
1635.000000 0.283818
1636.000000 0.150583
1637.000000 0.090411
1638.000000 0.152494
1639.000000 0.184096
1640.000000 0.150851
1641.000000 0.107681
1642.000000 0.144796
1643.000000 0.290674
1644.000000 0.210675
1645.000000 0.204184
1646.000000 0.065222
1647.000000 0.167089
1648.000000 0.165515
1649.000000 0.078803
1650.000000 0.228769
1651.000000 0.290092
1652.000000 0.276572
1653.000000 0.071856
1654.000000 0.033401
1655.000000 0.148702
1656.000000 0.042491
1657.000000 0.129616
1658.000000 0.133412
1659.000000 0.247029
1660.000000 0.154557
1661.000000 0.084582
1662.000000 0.103065
1663.000000 0.137724
1664.000000 0.061270
1665.000000 0.126258
1666.000000 0.153319
1667.000000 0.171609
1668.000000 0.173489
1669.000000 0.139944
1670.000000 0.094707
1671.000000 0.155694
1672.000000 0.047961
1673.000000 0.159128
1674.000000 0.222637
1675.000000 0.347909
1676.000000 0.298918
1677.000000 0.052020
1678.000000 0.119111
1679.000000 0.036304
1680.000000 0.245727
1681.000000 0.123290
1682.000000 0.231482
1683.000000 0.224005
1684.000000 0.198667
1685.000000 0.198844
1686.000000 0.237050
1687.000000 0.119799
1688.000000 0.139813
1689.000000 0.229966
1690.000000 0.091236
1691.000000 0.301970
1692.000000 0.369812
1693.000000 0.187712
1694.000000 0.087229
1695.000000 0.252110
1696.000000 0.027344
1697.000000 0.186598
1698.000000 0.257673
1699.000000 0.080157
1700.000000 0.090590
1701.000000 0.121067
1702.000000 0.203584
1703.000000 0.200918
1704.000000 0.125781
1705.000000 0.042228
1706.000000 0.042787
1707.000000 0.132992
1708.000000 0.031515
1709.000000 0.153921
1710.000000 0.214760
1711.000000 0.152245
1712.000000 0.121840
1713.000000 0.245122
1714.000000 0.190920
1715.000000 0.032878
1716.000000 0.072522
1717.000000 0.131390
1718.000000 0.054401
1719.000000 0.094950
1720.000000 0.147315
1721.000000 0.031019
1722.000000 0.250245
1723.000000 0.114211
1724.000000 0.038288
1725.000000 0.279757
1726.000000 0.211088
1727.000000 0.203641
1728.000000 0.117942
1729.000000 0.096923
1730.000000 0.159835
1731.000000 0.097688
1732.000000 0.169007
1733.000000 0.146444
1734.000000 0.140372
1735.000000 0.209566
1736.000000 0.060323
1737.000000 0.224434
1738.000000 0.164601
1739.000000 0.170896
1740.000000 0.064452
1741.000000 0.031839
1742.000000 0.169630
1743.000000 0.188381
1744.000000 0.136674
1745.000000 0.188802
1746.000000 0.181232
1747.000000 0.127387
1748.000000 0.090551
1749.000000 0.190493
1750.000000 0.268695
1751.000000 0.143592
1752.000000 0.190064
1753.000000 0.135841
1754.000000 0.259988
1755.000000 0.142699
1756.000000 0.130062
1757.000000 0.105437
1758.000000 0.158293
1759.000000 0.132921
1760.000000 0.176690
1761.000000 0.177915
1762.000000 0.078388
1763.000000 0.092598
1764.000000 0.146231
1765.000000 0.200064
1766.000000 0.235117
1767.000000 0.154576
1768.000000 0.205011
1769.000000 0.016598
1770.000000 0.143853
1771.000000 0.186856
1772.000000 0.090193
1773.000000 0.021825
1774.000000 0.186465
1775.000000 0.100380
1776.000000 0.075569
1777.000000 0.179633
1778.000000 0.126391
1779.000000 0.126591
1780.000000 0.103710
1781.000000 0.037633
1782.000000 0.131505
1783.000000 0.187686
1784.000000 0.184893
1785.000000 0.150843
1786.000000 0.098191
1787.000000 0.196843
1788.000000 0.249638
1789.000000 0.135859
1790.000000 0.154211
1791.000000 0.085421
1792.000000 0.170231
1793.000000 0.164027
1794.000000 0.225290
1795.000000 0.190187
1796.000000 0.240381
1797.000000 0.076939
1798.000000 0.209092
1799.000000 0.291273
1800.000000 0.139328
1801.000000 0.116844
1802.000000 0.074272
1803.000000 0.144256
1804.000000 0.131030
1805.000000 0.093134
1806.000000 0.123909
1807.000000 0.148835
1808.000000 0.047551
1809.000000 0.175691
1810.000000 0.020599
1811.000000 0.225931
1812.000000 0.184541
1813.000000 0.146902
1814.000000 0.191591
1815.000000 0.052940
1816.000000 0.021811
1817.000000 0.283514
1818.000000 0.184081
1819.000000 0.115738
1820.000000 0.177574
1821.000000 0.122103
1822.000000 0.076163
1823.000000 0.117140
1824.000000 0.276481
1825.000000 0.215924
1826.000000 0.100579
1827.000000 0.106231
1828.000000 0.045761
1829.000000 0.165791
1830.000000 0.234313
1831.000000 0.083606
1832.000000 0.106241
1833.000000 0.223029
1834.000000 0.177270
1835.000000 0.157043
1836.000000 0.184142
1837.000000 0.231662
1838.000000 0.169944
1839.000000 0.184656
1840.000000 0.122695
1841.000000 0.145709
1842.000000 0.187672
1843.000000 0.078299
1844.000000 0.162330
1845.000000 0.215985
1846.000000 0.174217
1847.000000 0.183559
1848.000000 0.196706
1849.000000 0.112214
1850.000000 0.176771
1851.000000 0.214417
1852.000000 0.193208
1853.000000 0.172230
1854.000000 0.105862
1855.000000 0.229489
1856.000000 0.206547
1857.000000 0.137089
1858.000000 0.204440
1859.000000 0.149062
1860.000000 0.149873
1861.000000 0.128947
1862.000000 0.236872
1863.000000 0.221067
1864.000000 0.130388
1865.000000 0.062007
1866.000000 0.170232
1867.000000 0.154081
1868.000000 0.148234
1869.000000 0.235024
1870.000000 0.237989
1871.000000 0.152372
1872.000000 0.127058
1873.000000 0.160099
1874.000000 0.249045
1875.000000 0.253541
1876.000000 0.179484
1877.000000 0.130304
1878.000000 0.201344
1879.000000 0.229169
1880.000000 0.099528
1881.000000 0.058260
1882.000000 0.148106
1883.000000 0.085974
1884.000000 0.046611
1885.000000 0.022187
1886.000000 0.174850
1887.000000 0.106874
1888.000000 0.207237
1889.000000 0.185770
1890.000000 0.060721
1891.000000 0.185388
1892.000000 0.182086
1893.000000 0.188324
1894.000000 0.137498
1895.000000 0.204560
1896.000000 0.165494
1897.000000 0.158871
1898.000000 0.129137
1899.000000 0.052341
1900.000000 0.139374
1901.000000 0.267854
1902.000000 0.207561
1903.000000 0.082635
1904.000000 0.048787
1905.000000 0.141793
1906.000000 0.094829
1907.000000 0.077444
1908.000000 0.273530
1909.000000 0.185451
1910.000000 0.159273
1911.000000 0.249734
1912.000000 0.185607
1913.000000 0.166791
1914.000000 0.276400
1915.000000 0.074914
1916.000000 0.032257
1917.000000 0.146419
1918.000000 0.061887
1919.000000 0.135341
1920.000000 0.146772
1921.000000 0.209483
1922.000000 0.274199
1923.000000 0.198292
1924.000000 0.129940
1925.000000 0.180410
1926.000000 0.204028
1927.000000 0.090649
1928.000000 0.164852
1929.000000 0.103117
1930.000000 0.219011
1931.000000 0.341969
1932.000000 0.060465
1933.000000 0.058794
1934.000000 0.164993
1935.000000 0.132903
1936.000000 0.089044
1937.000000 0.073815
1938.000000 0.216062
1939.000000 0.203234
1940.000000 0.188320
1941.000000 0.058205
1942.000000 0.188393
1943.000000 0.186210
1944.000000 0.156276
1945.000000 0.219292
1946.000000 0.067706
1947.000000 0.202933
1948.000000 0.183224
1949.000000 0.030519
1950.000000 0.231245
1951.000000 0.180492
1952.000000 0.196637
1953.000000 0.212562
1954.000000 0.206409
1955.000000 0.165769
1956.000000 0.111854
1957.000000 0.245061
1958.000000 0.135663
1959.000000 0.140974
1960.000000 0.338435
1961.000000 0.267950
1962.000000 0.041163
1963.000000 0.099571
1964.000000 0.276070
1965.000000 0.102786
1966.000000 0.083875
1967.000000 0.159012
1968.000000 0.097372
1969.000000 0.099534
1970.000000 0.174085
1971.000000 0.159226
1972.000000 0.074544
1973.000000 0.163534
1974.000000 0.152207
1975.000000 0.151713
1976.000000 0.127431
1977.000000 0.150450
1978.000000 0.228516
1979.000000 0.167869
1980.000000 0.096408
1981.000000 0.104583
1982.000000 0.164458
1983.000000 0.130705
1984.000000 0.095368
1985.000000 0.121479
1986.000000 0.141228
1987.000000 0.076822
1988.000000 0.188492
1989.000000 0.160412
1990.000000 0.087304
1991.000000 0.209065
1992.000000 0.068614
1993.000000 0.164796
1994.000000 0.143266
1995.000000 0.225980
1996.000000 0.142913
1997.000000 0.088770
1998.000000 0.216381
1999.000000 0.103520
2000.000000 0.117559
2001.000000 0.150217
2002.000000 0.084857
2003.000000 0.057376
2004.000000 0.170314
2005.000000 0.121549
2006.000000 0.070766
2007.000000 0.154313
2008.000000 0.059702
2009.000000 0.127553
2010.000000 0.224491
2011.000000 0.094290
2012.000000 0.229181
2013.000000 0.212613
2014.000000 0.200930
2015.000000 0.161286
2016.000000 0.153047
2017.000000 0.073754
2018.000000 0.160130
2019.000000 0.051670
2020.000000 0.194166
2021.000000 0.109858
2022.000000 0.183383
2023.000000 0.207428
2024.000000 0.252338
2025.000000 0.177317
2026.000000 0.122841
2027.000000 0.176287
2028.000000 0.020758
2029.000000 0.088179
2030.000000 0.197382
2031.000000 0.145368
2032.000000 0.296330
2033.000000 0.092846
2034.000000 0.111906
2035.000000 0.120158
2036.000000 0.123100
2037.000000 0.179409
2038.000000 0.117032
2039.000000 0.147957
2040.000000 0.113594
2041.000000 0.174570
2042.000000 0.061438
2043.000000 0.082175
2044.000000 0.161407
2045.000000 0.152150
2046.000000 0.181228
2047.000000 0.033309
2048.000000 0.073509
2049.000000 0.150668
2050.000000 0.123888
2051.000000 0.135288
2052.000000 0.151008
2053.000000 0.141415
2054.000000 0.078557
2055.000000 0.147199
2056.000000 0.058537
2057.000000 0.165595
2058.000000 0.130555
2059.000000 0.078137
2060.000000 0.199782
2061.000000 0.173605
2062.000000 0.081218
2063.000000 0.152263
2064.000000 0.166505
2065.000000 0.116633
2066.000000 0.101771
2067.000000 0.220305
2068.000000 0.150740
2069.000000 0.145709
2070.000000 0.171349
2071.000000 0.243484
2072.000000 0.285907
2073.000000 0.159261
2074.000000 0.173358
2075.000000 0.182683
2076.000000 0.124019
2077.000000 0.164188
2078.000000 0.253151
2079.000000 0.139248
2080.000000 0.273930
2081.000000 0.155095
2082.000000 0.067669
2083.000000 0.113783
2084.000000 0.185154
2085.000000 0.059062
2086.000000 0.135776
2087.000000 0.078478
2088.000000 0.257701
2089.000000 0.112221
2090.000000 0.104814
2091.000000 0.049750
2092.000000 0.146299
2093.000000 0.178079
2094.000000 0.061784
2095.000000 0.133518
2096.000000 0.075465
2097.000000 0.218054
2098.000000 0.223009
2099.000000 0.170117
2100.000000 0.192834
2101.000000 0.143607
2102.000000 0.128543
2103.000000 0.132295
2104.000000 0.197861
2105.000000 0.183210
2106.000000 0.212453
2107.000000 0.162326
2108.000000 0.145185
2109.000000 0.190204
2110.000000 0.094415
2111.000000 0.210736
2112.000000 0.138726
2113.000000 0.219538
2114.000000 0.133643
2115.000000 0.147731
2116.000000 0.243017
2117.000000 0.203986
2118.000000 0.181133
2119.000000 0.099942
2120.000000 0.130460
2121.000000 0.226923
2122.000000 0.141532
2123.000000 0.204450
2124.000000 0.076537
2125.000000 0.137081
2126.000000 0.355154
2127.000000 0.197716
2128.000000 0.184442
2129.000000 0.129919
2130.000000 0.081198
2131.000000 0.115371
2132.000000 0.099084
2133.000000 0.143580
2134.000000 0.197334
2135.000000 0.185072
2136.000000 0.127933
2137.000000 0.143819
2138.000000 0.229282
2139.000000 0.066746
2140.000000 0.123269
2141.000000 0.203914
2142.000000 0.117220
2143.000000 0.070429
2144.000000 0.134348
2145.000000 0.218489
2146.000000 0.184103
2147.000000 0.124590
2148.000000 0.106172
2149.000000 0.174570
2150.000000 0.241708
2151.000000 0.195932
2152.000000 0.100859
2153.000000 0.249743
2154.000000 0.121567
2155.000000 0.031130
2156.000000 0.214765
2157.000000 0.227984
2158.000000 0.114304
2159.000000 0.190219
2160.000000 0.042002
2161.000000 0.230682
2162.000000 0.178358
2163.000000 0.132175
2164.000000 0.205128
2165.000000 0.080507
2166.000000 0.278262
2167.000000 0.138461
2168.000000 0.191510
2169.000000 0.115957
2170.000000 0.136713
2171.000000 0.019215
2172.000000 0.128334
2173.000000 0.177870
2174.000000 0.140467
2175.000000 0.178777
2176.000000 0.178032
2177.000000 0.189911
2178.000000 0.153510
2179.000000 0.128927
2180.000000 0.128735
2181.000000 0.022241
2182.000000 0.201340
2183.000000 0.067534
2184.000000 0.139279
2185.000000 0.146407
2186.000000 0.175866
2187.000000 0.263376
2188.000000 0.144773
2189.000000 0.120709
2190.000000 0.190488
2191.000000 0.042022
2192.000000 0.220597
2193.000000 0.141101
2194.000000 0.063934
2195.000000 0.102187
2196.000000 0.199021
2197.000000 0.143333
2198.000000 0.155595
2199.000000 0.120853
2200.000000 0.240182
2201.000000 0.165378
2202.000000 0.183972
2203.000000 0.158923
2204.000000 0.145100
2205.000000 0.058845
2206.000000 0.206917
2207.000000 0.036057
2208.000000 0.056492
2209.000000 0.181245
2210.000000 0.138183
2211.000000 0.128551
2212.000000 0.160317
2213.000000 0.218425
2214.000000 0.184780
2215.000000 0.131262
2216.000000 0.172149
2217.000000 0.187575
2218.000000 0.166068
2219.000000 0.085041
2220.000000 0.273288
2221.000000 0.206972
2222.000000 0.158796
2223.000000 0.166220
2224.000000 0.271261
2225.000000 0.156843
2226.000000 0.205513
2227.000000 0.117215
2228.000000 0.158737
2229.000000 0.067427
2230.000000 0.121514
2231.000000 0.180898
2232.000000 0.119382
2233.000000 0.193947
2234.000000 0.145406
2235.000000 0.113234
2236.000000 0.293056
2237.000000 0.212767
2238.000000 0.175060
2239.000000 0.177012
2240.000000 0.089021
2241.000000 0.065931
2242.000000 0.230775
2243.000000 0.215268
2244.000000 0.144783
2245.000000 0.107599
2246.000000 0.100666
2247.000000 0.238486
2248.000000 0.207562
2249.000000 0.173982
2250.000000 0.061046
2251.000000 0.090741
2252.000000 0.100463
2253.000000 0.158593
2254.000000 0.100731
2255.000000 0.133867
2256.000000 0.101857
2257.000000 0.251007
2258.000000 0.235487
2259.000000 0.168022
2260.000000 0.087509
2261.000000 0.120871
2262.000000 0.080788
2263.000000 0.050894
2264.000000 0.126223
2265.000000 0.123144
2266.000000 0.132382
2267.000000 0.207794
2268.000000 0.174914
2269.000000 0.070932
2270.000000 0.148493
2271.000000 0.304423
2272.000000 0.166619
2273.000000 0.230873
2274.000000 0.157721
2275.000000 0.120960
2276.000000 0.116179
2277.000000 0.214280
2278.000000 0.092612
2279.000000 0.092266
2280.000000 0.085849
2281.000000 0.132516
2282.000000 0.147709
2283.000000 0.169666
2284.000000 0.102789
2285.000000 0.126144
2286.000000 0.057911
2287.000000 0.103569
2288.000000 0.213968
2289.000000 0.182103
2290.000000 0.127439
2291.000000 0.143150
2292.000000 0.144558
2293.000000 0.061148
2294.000000 0.129194
2295.000000 0.201650
2296.000000 0.105589
2297.000000 0.290491
2298.000000 0.022414
2299.000000 0.182674
2300.000000 0.122799
2301.000000 0.259965
2302.000000 0.133867
2303.000000 0.103755
2304.000000 0.154074
2305.000000 0.097639
2306.000000 0.164669
2307.000000 0.067888
2308.000000 0.147076
2309.000000 0.093618
2310.000000 0.322648
2311.000000 0.172385
2312.000000 0.098548
2313.000000 0.206072
2314.000000 0.179070
2315.000000 0.152751
2316.000000 0.092572
2317.000000 0.100683
2318.000000 0.139840
2319.000000 0.237099
2320.000000 0.202224
2321.000000 0.081681
2322.000000 0.166787
2323.000000 0.152129
2324.000000 0.115726
2325.000000 0.167512
2326.000000 0.136605
2327.000000 0.165811
2328.000000 0.061357
2329.000000 0.060851
2330.000000 0.158130
2331.000000 0.098549
2332.000000 0.086107
2333.000000 0.102177
2334.000000 0.163547
2335.000000 0.279034
2336.000000 0.052903
2337.000000 0.179548
2338.000000 0.183105
2339.000000 0.150253
2340.000000 0.169082
2341.000000 0.051796
2342.000000 0.093209
2343.000000 0.160121
2344.000000 0.095583
2345.000000 0.043473
2346.000000 0.214036
2347.000000 0.071250
2348.000000 0.222615
2349.000000 0.151547
2350.000000 0.167915
2351.000000 0.212213
2352.000000 0.142085
2353.000000 0.200863
2354.000000 0.081869
2355.000000 0.138422
2356.000000 0.179380
2357.000000 0.078848
2358.000000 0.091786
2359.000000 0.118076
2360.000000 0.120280
2361.000000 0.019615
2362.000000 0.088488
2363.000000 0.127090
2364.000000 0.062433
2365.000000 0.228292
2366.000000 0.090874
2367.000000 0.141633
2368.000000 0.135528
2369.000000 0.224515
2370.000000 0.218702
2371.000000 0.177294
2372.000000 0.159495
2373.000000 0.053319
2374.000000 0.114859
2375.000000 0.208735
2376.000000 0.171544
2377.000000 0.144610
2378.000000 0.167916
2379.000000 0.157895
2380.000000 0.142061
2381.000000 0.081648
2382.000000 0.112415
2383.000000 0.159736
2384.000000 0.152032
2385.000000 0.205083
2386.000000 0.064243
2387.000000 0.151104
2388.000000 0.245047
2389.000000 0.098671
2390.000000 0.111923
2391.000000 0.244777
2392.000000 0.107846
2393.000000 0.057748
2394.000000 0.125250
2395.000000 0.035293
2396.000000 0.131548
2397.000000 0.073622
2398.000000 0.113045
2399.000000 0.304410
2400.000000 0.077764
2401.000000 0.259359
2402.000000 0.197224
2403.000000 0.122096
2404.000000 0.193128
2405.000000 0.120656
2406.000000 0.212966
2407.000000 0.133323
2408.000000 0.188177
2409.000000 0.252584
2410.000000 0.229718
2411.000000 0.082269
2412.000000 0.248792
2413.000000 0.118380
2414.000000 0.030167
2415.000000 0.084995
2416.000000 0.064010
2417.000000 0.137269
2418.000000 0.171759
2419.000000 0.090266
2420.000000 0.060339
2421.000000 0.193876
2422.000000 0.170001
2423.000000 0.185000
2424.000000 0.144632
2425.000000 0.091899
2426.000000 0.189274
2427.000000 0.270287
2428.000000 0.214793
2429.000000 0.168052
2430.000000 0.065685
2431.000000 0.178032
2432.000000 0.238936
2433.000000 0.185236
2434.000000 0.099608
2435.000000 0.122216
2436.000000 0.072962
2437.000000 0.106354
2438.000000 0.115860
2439.000000 0.259436
2440.000000 0.177068
2441.000000 0.229600
2442.000000 0.147294
2443.000000 0.061000
2444.000000 0.053641
2445.000000 0.103833
2446.000000 0.220921
2447.000000 0.209507
2448.000000 0.030384
2449.000000 0.139491
2450.000000 0.179441
2451.000000 0.283963
2452.000000 0.086880
2453.000000 0.048801
2454.000000 0.086915
2455.000000 0.188664
2456.000000 0.169159
2457.000000 0.144258
2458.000000 0.142488
2459.000000 0.177890
2460.000000 0.202117
2461.000000 0.216034
2462.000000 0.108140
2463.000000 0.081875
2464.000000 0.112535
2465.000000 0.152003
2466.000000 0.330889
2467.000000 0.223220
2468.000000 0.104744
2469.000000 0.090940
2470.000000 0.266759
2471.000000 0.109907
2472.000000 0.077593
2473.000000 0.194624
2474.000000 0.170549
2475.000000 0.155507
2476.000000 0.021666
2477.000000 0.076585
2478.000000 0.190775
2479.000000 0.151584
2480.000000 0.283853
2481.000000 0.135570
2482.000000 0.165099
2483.000000 0.251462
2484.000000 0.049058
2485.000000 0.120232
2486.000000 0.262725
2487.000000 0.201105
2488.000000 0.115337
2489.000000 0.097272
2490.000000 0.279394
2491.000000 0.169865
2492.000000 0.090815
2493.000000 0.185284
2494.000000 0.185688
2495.000000 0.110633
2496.000000 0.142344
2497.000000 0.231562
2498.000000 0.171967
2499.000000 0.142300
2500.000000 0.148035
2501.000000 0.209391
2502.000000 0.082862
2503.000000 0.131706
2504.000000 0.115306
2505.000000 0.163379
2506.000000 0.131978
2507.000000 0.181723
2508.000000 0.158570
2509.000000 0.134841
2510.000000 0.177925
2511.000000 0.058870
2512.000000 0.251386
2513.000000 0.111478
2514.000000 0.198790
2515.000000 0.151504
2516.000000 0.135134
2517.000000 0.184735
2518.000000 0.029794
2519.000000 0.193256
2520.000000 0.173993
2521.000000 0.086510
2522.000000 0.046050
2523.000000 0.227741
2524.000000 0.083966
2525.000000 0.144304
2526.000000 0.251695
2527.000000 0.279031
2528.000000 0.128784
2529.000000 0.096235
2530.000000 0.165270
2531.000000 0.193699
2532.000000 0.071128
2533.000000 0.246752
2534.000000 0.063714
2535.000000 0.251431
2536.000000 0.211884
2537.000000 0.129028
2538.000000 0.132467
2539.000000 0.068419
2540.000000 0.176939
2541.000000 0.113849
2542.000000 0.178948
2543.000000 0.107776
2544.000000 0.282610
2545.000000 0.108442
2546.000000 0.113272
2547.000000 0.074874
2548.000000 0.222952
2549.000000 0.130665
2550.000000 0.299952
2551.000000 0.204608
2552.000000 0.208023
2553.000000 0.078164
2554.000000 0.114206
2555.000000 0.081721
2556.000000 0.241473
2557.000000 0.144813
2558.000000 0.242583
2559.000000 0.203469
2560.000000 0.264779
2561.000000 0.271102
2562.000000 0.169290
2563.000000 0.320424
2564.000000 0.087337
2565.000000 0.043840
2566.000000 0.184610
2567.000000 0.113809
2568.000000 0.067966
2569.000000 0.217450
2570.000000 0.166818
2571.000000 0.027499
2572.000000 0.047915
2573.000000 0.221591
2574.000000 0.189427
2575.000000 0.129748
2576.000000 0.023641
2577.000000 0.136181
2578.000000 0.216449
2579.000000 0.073225
2580.000000 0.105835
2581.000000 0.093791
2582.000000 0.104747
2583.000000 0.152444
2584.000000 0.229711
2585.000000 0.286664
2586.000000 0.050475
2587.000000 0.108062
2588.000000 0.134236
2589.000000 0.148597
2590.000000 0.136639
2591.000000 0.155945
2592.000000 0.264848
2593.000000 0.196699
2594.000000 0.093213
2595.000000 0.209434
2596.000000 0.128409
2597.000000 0.296785
2598.000000 0.238735
2599.000000 0.077630
2600.000000 0.134994
2601.000000 0.141750
2602.000000 0.142978
2603.000000 0.106379
2604.000000 0.235509
2605.000000 0.243375
2606.000000 0.180765
2607.000000 0.110089
2608.000000 0.268133
2609.000000 0.172714
2610.000000 0.153418
2611.000000 0.085468
2612.000000 0.181280
2613.000000 0.106202
2614.000000 0.189210
2615.000000 0.255717
2616.000000 0.062296
2617.000000 0.254519
2618.000000 0.084475
2619.000000 0.225187
2620.000000 0.101169
2621.000000 0.255075
2622.000000 0.113655
2623.000000 0.041561
2624.000000 0.152732
2625.000000 0.215764
2626.000000 0.161568
2627.000000 0.142584
2628.000000 0.293301
2629.000000 0.210778
2630.000000 0.215302
2631.000000 0.133794
2632.000000 0.034140
2633.000000 0.072618
2634.000000 0.088305
2635.000000 0.068153
2636.000000 0.165283
2637.000000 0.136578
2638.000000 0.203163
2639.000000 0.104042
2640.000000 0.041504
2641.000000 0.075634
2642.000000 0.255952
2643.000000 0.241779
2644.000000 0.158308
2645.000000 0.064479
2646.000000 0.067327
2647.000000 0.215933
2648.000000 0.150431
2649.000000 0.021305
2650.000000 0.129032
2651.000000 0.249690
2652.000000 0.233395
2653.000000 0.208288
2654.000000 0.047473
2655.000000 0.104184
2656.000000 0.083372
2657.000000 0.211532
2658.000000 0.220993
2659.000000 0.032879
2660.000000 0.286893
2661.000000 0.148931
2662.000000 0.086912
2663.000000 0.164654
2664.000000 0.230315
2665.000000 0.068795
2666.000000 0.117778
2667.000000 0.199639
2668.000000 0.069197
2669.000000 0.143985
2670.000000 0.187349
2671.000000 0.255885
2672.000000 0.195336
2673.000000 0.207601
2674.000000 0.109084
2675.000000 0.076807
2676.000000 0.108531
2677.000000 0.143741
2678.000000 0.152990
2679.000000 0.065030
2680.000000 0.150009
2681.000000 0.232590
2682.000000 0.062073
2683.000000 0.230446
2684.000000 0.234412
2685.000000 0.046056
2686.000000 0.172580
2687.000000 0.062381
2688.000000 0.209649
2689.000000 0.131577
2690.000000 0.106859
2691.000000 0.096268
2692.000000 0.222877
2693.000000 0.202065
2694.000000 0.118759
2695.000000 0.197778
2696.000000 0.111226
2697.000000 0.131458
2698.000000 0.245346
2699.000000 0.257585
2700.000000 0.167003
2701.000000 0.067175
2702.000000 0.151401
2703.000000 0.144231
2704.000000 0.079132
2705.000000 0.090500
2706.000000 0.111465
2707.000000 0.195082
2708.000000 0.203296
2709.000000 0.164133
2710.000000 0.040541
2711.000000 0.227439
2712.000000 0.123272
2713.000000 0.317990
2714.000000 0.108460
2715.000000 0.218058
2716.000000 0.207121
2717.000000 0.232036
2718.000000 0.213274
2719.000000 0.142330
2720.000000 0.085169
2721.000000 0.218647
2722.000000 0.210224
2723.000000 0.169335
2724.000000 0.116253
2725.000000 0.092285
2726.000000 0.054408
2727.000000 0.154493
2728.000000 0.052337
2729.000000 0.267648
2730.000000 0.190969
2731.000000 0.100270
2732.000000 0.066055
2733.000000 0.158835
2734.000000 0.054902
2735.000000 0.024986
2736.000000 0.194364
2737.000000 0.035148
2738.000000 0.233773
2739.000000 0.118720
2740.000000 0.169542
2741.000000 0.244822
2742.000000 0.144443
2743.000000 0.073339
2744.000000 0.238083
2745.000000 0.151624
2746.000000 0.137220
2747.000000 0.187307
2748.000000 0.110229
2749.000000 0.110198
2750.000000 0.197098
2751.000000 0.188174
2752.000000 0.149082
2753.000000 0.059630
2754.000000 0.224861
2755.000000 0.129497
2756.000000 0.084269
2757.000000 0.172575
2758.000000 0.276357
2759.000000 0.213553
2760.000000 0.206301
2761.000000 0.261498
2762.000000 0.199946
2763.000000 0.139818
2764.000000 0.297215
2765.000000 0.185242
2766.000000 0.112951
2767.000000 0.209904
2768.000000 0.203288
2769.000000 0.176029
2770.000000 0.133266
2771.000000 0.152227
2772.000000 0.082798
2773.000000 0.222727
2774.000000 0.231678
2775.000000 0.134167
2776.000000 0.124443
2777.000000 0.149107
2778.000000 0.115467
2779.000000 0.129785
2780.000000 0.112203
2781.000000 0.080664
2782.000000 0.162484
2783.000000 0.172856
2784.000000 0.186580
2785.000000 0.177873
2786.000000 0.215935
2787.000000 0.171141
2788.000000 0.212685
2789.000000 0.219103
2790.000000 0.278185
2791.000000 0.139473
2792.000000 0.251144
2793.000000 0.149971
2794.000000 0.244545
2795.000000 0.135863
2796.000000 0.184758
2797.000000 0.244816
2798.000000 0.268081
2799.000000 0.010146
2800.000000 0.146526
2801.000000 0.084900
2802.000000 0.109536
2803.000000 0.159215
2804.000000 0.197158
2805.000000 0.105862
2806.000000 0.266411
2807.000000 0.146825
2808.000000 0.222197
2809.000000 0.108522
2810.000000 0.060740
2811.000000 0.074861
2812.000000 0.313203
2813.000000 0.102414
2814.000000 0.122311
2815.000000 0.249342
2816.000000 0.369336
2817.000000 0.022522
2818.000000 0.134215
2819.000000 0.082396
2820.000000 0.151959
2821.000000 0.151793
2822.000000 0.251734
2823.000000 0.335930
2824.000000 0.225010
2825.000000 0.124798
2826.000000 0.224601
2827.000000 0.104827
2828.000000 0.104199
2829.000000 0.076723
2830.000000 0.128927
2831.000000 0.117015
2832.000000 0.204584
2833.000000 0.121511
2834.000000 0.141251
2835.000000 0.217817
2836.000000 0.156955
2837.000000 0.178788
2838.000000 0.333662
2839.000000 0.147250
2840.000000 0.336196
2841.000000 0.115958
2842.000000 0.070874
2843.000000 0.125783
2844.000000 0.095066
2845.000000 0.207644
2846.000000 0.124248
2847.000000 0.066624
2848.000000 0.096143
2849.000000 0.110083
2850.000000 0.028167
2851.000000 0.150809
2852.000000 0.026958
2853.000000 0.151586
2854.000000 0.158067
2855.000000 0.216869
2856.000000 0.165519
2857.000000 0.135922
2858.000000 0.062645
2859.000000 0.247047
2860.000000 0.015746
2861.000000 0.069548
2862.000000 0.110069
2863.000000 0.080467
2864.000000 0.190724
2865.000000 0.091147
2866.000000 0.173484
2867.000000 0.094683
2868.000000 0.185789
2869.000000 0.199924
2870.000000 0.155852
2871.000000 0.152035
2872.000000 0.218693
2873.000000 0.128306
2874.000000 0.218979
2875.000000 0.107092
2876.000000 0.192520
2877.000000 0.044377
2878.000000 0.191270
2879.000000 0.099781
2880.000000 0.196186
2881.000000 0.163010
2882.000000 0.167687
2883.000000 0.148185
2884.000000 0.299027
2885.000000 0.087233
2886.000000 0.222166
2887.000000 0.227088
2888.000000 0.187826
2889.000000 0.234217
2890.000000 0.182507
2891.000000 0.038441
2892.000000 0.174914
2893.000000 0.108191
2894.000000 0.192936
2895.000000 0.110012
2896.000000 0.074298
2897.000000 0.146169
2898.000000 0.214689
2899.000000 0.067461
2900.000000 0.130290
2901.000000 0.203403
2902.000000 0.197590
2903.000000 0.102553
2904.000000 0.083645
2905.000000 0.197285
2906.000000 0.126016
2907.000000 0.265208
2908.000000 0.151758
2909.000000 0.160771
2910.000000 0.090800
2911.000000 0.182332
2912.000000 0.115903
2913.000000 0.194179
2914.000000 0.151909
2915.000000 0.044666
2916.000000 0.113468
2917.000000 0.064472
2918.000000 0.073311
2919.000000 0.121490
2920.000000 0.352638
2921.000000 0.004677
2922.000000 0.112636
2923.000000 0.134240
2924.000000 0.203535
2925.000000 0.255866
2926.000000 0.103879
2927.000000 0.035555
2928.000000 0.139045
2929.000000 0.203084
2930.000000 0.174572
2931.000000 0.215559
2932.000000 0.144230
2933.000000 0.152965
2934.000000 0.187253
2935.000000 0.199694
2936.000000 0.275940
2937.000000 0.229653
2938.000000 0.157627
2939.000000 0.149034
2940.000000 0.121558
2941.000000 0.077908
2942.000000 0.116303
2943.000000 0.225499
2944.000000 0.214665
2945.000000 0.285872
2946.000000 0.095841
2947.000000 0.210366
2948.000000 0.148815
2949.000000 0.151472
2950.000000 0.199692
2951.000000 0.169065
2952.000000 0.094553
2953.000000 0.104937
2954.000000 0.369917
2955.000000 0.003898
2956.000000 0.180320
2957.000000 0.110349
2958.000000 0.193223
2959.000000 0.159880
2960.000000 0.125494
2961.000000 0.108546
2962.000000 0.167082
2963.000000 0.154415
2964.000000 0.051590
2965.000000 0.118463
2966.000000 0.147911
2967.000000 0.063971
2968.000000 0.178708
2969.000000 0.104573
2970.000000 0.218047
2971.000000 0.146720
2972.000000 0.226993
2973.000000 0.125487
2974.000000 0.211491
2975.000000 0.150766
2976.000000 0.136462
2977.000000 0.024991
2978.000000 0.101757
2979.000000 0.018535
2980.000000 0.155145
2981.000000 0.163487
2982.000000 0.131064
2983.000000 0.094955
2984.000000 0.069442
2985.000000 0.179983
2986.000000 0.235717
2987.000000 0.269194
2988.000000 0.149930
2989.000000 0.185881
2990.000000 0.161155
2991.000000 0.104732
2992.000000 0.074861
2993.000000 0.238649
2994.000000 0.200129
2995.000000 0.016900
2996.000000 0.118222
2997.000000 0.086888
2998.000000 0.053922
2999.000000 0.215979
3000.000000 0.186025
