0.000000 0.128521
1.000000 0.097785
2.000000 0.265936
3.000000 0.295135
4.000000 0.167426
5.000000 0.003375
6.000000 0.175925
7.000000 0.060689
8.000000 0.175487
9.000000 0.083890
10.000000 0.115922
11.000000 0.073219
12.000000 0.128727
13.000000 0.226875
14.000000 0.119345
15.000000 0.199531
16.000000 0.114990
17.000000 0.056733
18.000000 0.096399
19.000000 0.087896
20.000000 0.242670
21.000000 0.080712
22.000000 0.136248
23.000000 0.128896
24.000000 0.135645
25.000000 0.086121
26.000000 0.148050
27.000000 0.220460
28.000000 0.141956
29.000000 0.072106
30.000000 0.129255
31.000000 0.124599
32.000000 0.280447
33.000000 0.060920
34.000000 0.131276
35.000000 0.038467
36.000000 0.107896
37.000000 0.145165
38.000000 0.091559
39.000000 0.116026
40.000000 0.106728
41.000000 0.130296
42.000000 0.043882
43.000000 0.244567
44.000000 0.062294
45.000000 0.082275
46.000000 0.132322
47.000000 0.067953
48.000000 0.129071
49.000000 0.142022
50.000000 0.021788
51.000000 0.222662
52.000000 0.238055
53.000000 0.116288
54.000000 0.068784
55.000000 0.094801
56.000000 0.093449
57.000000 0.141254
58.000000 0.060082
59.000000 0.186180
60.000000 0.159516
61.000000 0.158150
62.000000 0.020287
63.000000 0.174432
64.000000 0.075186
65.000000 0.177899
66.000000 0.184631
67.000000 0.111314
68.000000 0.045505
69.000000 0.207523
70.000000 0.075600
71.000000 0.183509
72.000000 0.047119
73.000000 0.097819
74.000000 0.045982
75.000000 0.176821
76.000000 0.100771
77.000000 0.256126
78.000000 0.086956
79.000000 0.127835
80.000000 0.057701
81.000000 0.145303
82.000000 0.083422
83.000000 0.193032
84.000000 0.056404
85.000000 0.141763
86.000000 0.193249
87.000000 0.287533
88.000000 0.109145
89.000000 0.165749
90.000000 0.225597
91.000000 0.122161
92.000000 0.121684
93.000000 0.036604
94.000000 0.114086
95.000000 0.063237
96.000000 0.159833
97.000000 0.075261
98.000000 0.117814
99.000000 0.187837
100.000000 0.041624
101.000000 0.088532
102.000000 0.149041
103.000000 0.101789
104.000000 0.149893
105.000000 0.079166
106.000000 0.299992
107.000000 0.115658
108.000000 0.058935
109.000000 0.067871
110.000000 0.137046
111.000000 0.130770
112.000000 0.144966
113.000000 0.082921
114.000000 0.087676
115.000000 0.082168
116.000000 0.147716
117.000000 0.114786
118.000000 0.045127
119.000000 0.070331
120.000000 0.133812
121.000000 0.089823
122.000000 0.023447
123.000000 0.132776
124.000000 0.024894
125.000000 0.141264
126.000000 0.051916
127.000000 0.123595
128.000000 0.143979
129.000000 0.105291
130.000000 0.152663
131.000000 0.161802
132.000000 0.131871
133.000000 0.178311
134.000000 0.160353
135.000000 0.082075
136.000000 0.051724
137.000000 0.169608
138.000000 0.154640
139.000000 0.085170
140.000000 0.118519
141.000000 0.067845
142.000000 0.059854
143.000000 0.108572
144.000000 0.180936
145.000000 0.068594
146.000000 0.111390
147.000000 0.067730
148.000000 0.077237
149.000000 0.025882
150.000000 0.093514
151.000000 0.035237
152.000000 0.294297
153.000000 0.096533
154.000000 0.234746
155.000000 0.044592
156.000000 0.100977
157.000000 0.185046
158.000000 0.157532
159.000000 0.108814
160.000000 0.161212
161.000000 0.029374
162.000000 0.080347
163.000000 0.070137
164.000000 0.112759
165.000000 0.125734
166.000000 0.196629
167.000000 0.088989
168.000000 0.062293
169.000000 0.096152
170.000000 0.084721
171.000000 0.165034
172.000000 0.194689
173.000000 0.080333
174.000000 0.137389
175.000000 0.095515
176.000000 0.083254
177.000000 0.172727
178.000000 0.217047
179.000000 0.194988
180.000000 0.079914
181.000000 0.157991
182.000000 0.028598
183.000000 0.093090
184.000000 0.206153
185.000000 0.176831
186.000000 0.021019
187.000000 0.154189
188.000000 0.315090
189.000000 0.137597
190.000000 0.090930
191.000000 0.179076
192.000000 0.077283
193.000000 0.074215
194.000000 0.140359
195.000000 0.250965
196.000000 0.142187
197.000000 0.243702
198.000000 0.064815
199.000000 0.265300
200.000000 0.112025
201.000000 0.129913
202.000000 0.121839
203.000000 0.174168
204.000000 0.109389
205.000000 0.030479
206.000000 0.040697
207.000000 0.044034
208.000000 0.040106
209.000000 0.222307
210.000000 0.203429
211.000000 0.132342
212.000000 0.213674
213.000000 0.039925
214.000000 0.159911
215.000000 0.171259
216.000000 0.162171
217.000000 0.181606
218.000000 0.090033
219.000000 0.103807
220.000000 0.048103
221.000000 0.134634
222.000000 0.231747
223.000000 0.068176
224.000000 0.159157
225.000000 0.038945
226.000000 0.062338
227.000000 0.106330
228.000000 0.030417
229.000000 0.061417
230.000000 0.045166
231.000000 0.124280
232.000000 0.076280
233.000000 0.180438
234.000000 0.041167
235.000000 0.140703
236.000000 0.089625
237.000000 0.048237
238.000000 0.152648
239.000000 0.278132
240.000000 0.201795
241.000000 0.157200
242.000000 0.148312
243.000000 0.054215
244.000000 0.199782
245.000000 0.256306
246.000000 0.063174
247.000000 0.061151
248.000000 0.272998
249.000000 0.021472
250.000000 0.105196
251.000000 0.198157
252.000000 0.026064
253.000000 0.121239
254.000000 0.050993
255.000000 0.074904
256.000000 0.128781
257.000000 0.173980
258.000000 0.019790
259.000000 0.140095
260.000000 0.138105
261.000000 0.072507
262.000000 0.185041
263.000000 0.086147
264.000000 0.118484
265.000000 0.118031
266.000000 0.024603
267.000000 0.141241
268.000000 0.210101
269.000000 0.068100
270.000000 0.148840
271.000000 0.100640
272.000000 0.145648
273.000000 0.123351
274.000000 0.185708
275.000000 0.098228
276.000000 0.086982
277.000000 0.075008
278.000000 0.224777
279.000000 0.127878
280.000000 0.147787
281.000000 0.104754
282.000000 0.180087
283.000000 0.108739
284.000000 0.138357
285.000000 0.103224
286.000000 0.182481
287.000000 0.110734
288.000000 0.248884
289.000000 0.172469
290.000000 0.017342
291.000000 0.157891
292.000000 0.050146
293.000000 0.190449
294.000000 0.178565
295.000000 0.021858
296.000000 0.255137
297.000000 0.166929
298.000000 0.045875
299.000000 0.150521
300.000000 0.137020
301.000000 0.213797
302.000000 0.222482
303.000000 0.179920
304.000000 0.272086
305.000000 0.238434
306.000000 0.100854
307.000000 0.151895
308.000000 0.173784
309.000000 0.140763
310.000000 0.043980
311.000000 0.095188
312.000000 0.117986
313.000000 0.207045
314.000000 0.044067
315.000000 0.232426
316.000000 0.164035
317.000000 0.086768
318.000000 0.097573
319.000000 0.159111
320.000000 0.113975
321.000000 0.123914
322.000000 0.036790
323.000000 0.084042
324.000000 0.040215
325.000000 0.110432
326.000000 0.138423
327.000000 0.109318
328.000000 0.138505
329.000000 0.261999
330.000000 0.144302
331.000000 0.050365
332.000000 0.085785
333.000000 0.074831
334.000000 0.211767
335.000000 0.170634
336.000000 0.063107
337.000000 0.068469
338.000000 0.141586
339.000000 0.185587
340.000000 0.154366
341.000000 0.122738
342.000000 0.103312
343.000000 0.088874
344.000000 0.096188
345.000000 0.093150
346.000000 0.125018
347.000000 0.176213
348.000000 0.149174
349.000000 0.203080
350.000000 0.210199
351.000000 0.216199
352.000000 0.167128
353.000000 0.111980
354.000000 0.144315
355.000000 0.066186
356.000000 0.089108
357.000000 0.138121
358.000000 0.040627
359.000000 0.050914
360.000000 0.148381
361.000000 0.214801
362.000000 0.176815
363.000000 0.119354
364.000000 0.070719
365.000000 0.107771
366.000000 0.180997
367.000000 0.073765
368.000000 0.215127
369.000000 0.115593
370.000000 0.106293
371.000000 0.059204
372.000000 0.175614
373.000000 0.117851
374.000000 0.085157
375.000000 0.227240
376.000000 0.132065
377.000000 0.136941
378.000000 0.258710
379.000000 0.059723
380.000000 0.016054
381.000000 0.127914
382.000000 0.125714
383.000000 0.171038
384.000000 0.220426
385.000000 0.045786
386.000000 0.275727
387.000000 0.154916
388.000000 0.107547
389.000000 0.033742
390.000000 0.108053
391.000000 0.182758
392.000000 0.173390
393.000000 0.253127
394.000000 0.207629
395.000000 0.258941
396.000000 0.148291
397.000000 0.125113
398.000000 0.074268
399.000000 0.094957
400.000000 0.251163
401.000000 0.093640
402.000000 0.220298
403.000000 0.065082
404.000000 0.055142
405.000000 0.214594
406.000000 0.089147
407.000000 0.086519
408.000000 0.136270
409.000000 0.093751
410.000000 0.047880
411.000000 0.131693
412.000000 0.083054
413.000000 0.098518
414.000000 0.162766
415.000000 0.080784
416.000000 0.127928
417.000000 0.136022
418.000000 0.337076
419.000000 0.116712
420.000000 0.164448
421.000000 0.223529
422.000000 0.188802
423.000000 0.148868
424.000000 0.093196
425.000000 0.195023
426.000000 0.147250
427.000000 0.071398
428.000000 0.093501
429.000000 0.116884
430.000000 0.132573
431.000000 0.256678
432.000000 0.002974
433.000000 0.249543
434.000000 0.312878
435.000000 0.159685
436.000000 0.156020
437.000000 0.175136
438.000000 0.180963
439.000000 0.120041
440.000000 0.260890
441.000000 0.160622
442.000000 0.041900
443.000000 0.054879
444.000000 0.195961
445.000000 0.155606
446.000000 0.128265
447.000000 0.129271
448.000000 0.147556
449.000000 0.099892
450.000000 0.056632
451.000000 0.109946
452.000000 0.152033
453.000000 0.170465
454.000000 0.122514
455.000000 0.162956
456.000000 0.123930
457.000000 0.128420
458.000000 0.083481
459.000000 0.038568
460.000000 0.265113
461.000000 0.092358
462.000000 0.218409
463.000000 0.084791
464.000000 0.041396
465.000000 0.123934
466.000000 0.026240
467.000000 0.210429
468.000000 0.156957
469.000000 0.050238
470.000000 0.154140
471.000000 0.038765
472.000000 0.155017
473.000000 0.091772
474.000000 0.112401
475.000000 0.134042
476.000000 0.182278
477.000000 0.121439
478.000000 0.209015
479.000000 0.082225
480.000000 0.209226
481.000000 0.148172
482.000000 0.180304
483.000000 0.069847
484.000000 0.065229
485.000000 0.077883
486.000000 0.117572
487.000000 0.229528
488.000000 0.109824
489.000000 0.059629
490.000000 0.072528
491.000000 0.087819
492.000000 0.019304
493.000000 0.130667
494.000000 0.135373
495.000000 0.165236
496.000000 0.139841
497.000000 0.165245
498.000000 0.163854
499.000000 0.020912
500.000000 0.108340
501.000000 0.166212
502.000000 0.054494
503.000000 0.058135
504.000000 0.172671
505.000000 0.123900
506.000000 0.199515
507.000000 0.136318
508.000000 0.037996
509.000000 0.097151
510.000000 0.114822
511.000000 0.041072
512.000000 0.108261
513.000000 0.122882
514.000000 0.038350
515.000000 0.026304
516.000000 0.176023
517.000000 0.095842
518.000000 0.076178
519.000000 0.089637
520.000000 0.189501
521.000000 0.150475
522.000000 0.112439
523.000000 0.172007
524.000000 0.223523
525.000000 0.281788
526.000000 0.100421
527.000000 0.189669
528.000000 0.085035
529.000000 0.184807
530.000000 0.122455
531.000000 0.098135
532.000000 0.250859
533.000000 0.121269
534.000000 0.018270
535.000000 0.063034
536.000000 0.192233
537.000000 0.087226
538.000000 0.025837
539.000000 0.176027
540.000000 0.049423
541.000000 0.067596
542.000000 0.171996
543.000000 0.017753
544.000000 0.180376
545.000000 0.041894
546.000000 0.105345
547.000000 0.272525
548.000000 0.070019
549.000000 0.071471
550.000000 0.014572
551.000000 0.050288
552.000000 0.101780
553.000000 0.127871
554.000000 0.159741
555.000000 0.046163
556.000000 0.081698
557.000000 0.049604
558.000000 0.033179
559.000000 0.284737
560.000000 0.075038
561.000000 0.014506
562.000000 0.072408
563.000000 0.058553
564.000000 0.169309
565.000000 0.150174
566.000000 0.067432
567.000000 0.082575
568.000000 0.149934
569.000000 0.247467
570.000000 0.327183
571.000000 0.286809
572.000000 0.184773
573.000000 0.147955
574.000000 0.177145
575.000000 0.211840
576.000000 0.124588
577.000000 0.096060
578.000000 0.170864
579.000000 0.146731
580.000000 0.034228
581.000000 0.049876
582.000000 0.108451
583.000000 0.012612
584.000000 0.170754
585.000000 0.259693
586.000000 0.168466
587.000000 0.118567
588.000000 0.089614
589.000000 0.185494
590.000000 0.171719
591.000000 0.057776
592.000000 0.068745
593.000000 0.213886
594.000000 0.145856
595.000000 0.141304
596.000000 0.096129
597.000000 0.084238
598.000000 0.042554
599.000000 0.025443
600.000000 0.188563
601.000000 0.164983
602.000000 0.083234
603.000000 0.188449
604.000000 0.120091
605.000000 0.068928
606.000000 0.088829
607.000000 0.175016
608.000000 0.132665
609.000000 0.046328
610.000000 0.168157
611.000000 0.165623
612.000000 0.130066
613.000000 0.204157
614.000000 0.159862
615.000000 0.232599
616.000000 0.384247
617.000000 0.264481
618.000000 0.267689
619.000000 0.109589
620.000000 0.216058
621.000000 0.079935
622.000000 0.034258
623.000000 0.175461
624.000000 0.218308
625.000000 0.159268
626.000000 0.119471
627.000000 0.105464
628.000000 0.071464
629.000000 0.187221
630.000000 0.247374
631.000000 0.180461
632.000000 0.142557
633.000000 0.138217
634.000000 0.110099
635.000000 0.144943
636.000000 0.189403
637.000000 0.186792
638.000000 0.182732
639.000000 0.042107
640.000000 0.134458
641.000000 0.010243
642.000000 0.006099
643.000000 0.180778
644.000000 0.103889
645.000000 0.031456
646.000000 0.173874
647.000000 0.016552
648.000000 0.130042
649.000000 0.157671
650.000000 0.129072
651.000000 0.071224
652.000000 0.258870
653.000000 0.089744
654.000000 0.203396
655.000000 0.272685
656.000000 0.147485
657.000000 0.055540
658.000000 0.122339
659.000000 0.029076
660.000000 0.198380
661.000000 0.020027
662.000000 0.133808
663.000000 0.138989
664.000000 0.172598
665.000000 0.092849
666.000000 0.099955
667.000000 0.034237
668.000000 0.124849
669.000000 0.203901
670.000000 0.056972
671.000000 0.079149
672.000000 0.139242
673.000000 0.158246
674.000000 0.138972
675.000000 0.239924
676.000000 0.228400
677.000000 0.082747
678.000000 0.151281
679.000000 0.173819
680.000000 0.225562
681.000000 0.043826
682.000000 0.165298
683.000000 0.191687
684.000000 0.223145
685.000000 0.062083
686.000000 0.028682
687.000000 0.142398
688.000000 0.037030
689.000000 0.077489
690.000000 0.163275
691.000000 0.122507
692.000000 0.057787
693.000000 0.150950
694.000000 0.136311
695.000000 0.056792
696.000000 0.127559
697.000000 0.097013
698.000000 0.100547
699.000000 0.142040
700.000000 0.048680
701.000000 0.168336
702.000000 0.110572
703.000000 0.146477
704.000000 0.075506
705.000000 0.105346
706.000000 0.136804
707.000000 0.003838
708.000000 0.113901
709.000000 0.060644
710.000000 0.222909
711.000000 0.132128
712.000000 0.056369
713.000000 0.137680
714.000000 0.236188
715.000000 0.223436
716.000000 0.040015
717.000000 0.080160
718.000000 0.162209
719.000000 0.106069
720.000000 0.122029
721.000000 0.174543
722.000000 0.125717
723.000000 0.192481
724.000000 0.171415
725.000000 0.189006
726.000000 0.006821
727.000000 0.148963
728.000000 0.093686
729.000000 0.208439
730.000000 0.181714
731.000000 0.145335
732.000000 0.071180
733.000000 0.183345
734.000000 0.142372
735.000000 0.164492
736.000000 0.056366
737.000000 0.098748
738.000000 0.099494
739.000000 0.110005
740.000000 0.162503
741.000000 0.184874
742.000000 0.066180
743.000000 0.028945
744.000000 0.148272
745.000000 0.109600
746.000000 0.119276
747.000000 0.173570
748.000000 0.177379
749.000000 0.099147
750.000000 0.191586
751.000000 0.182300
752.000000 0.165333
753.000000 0.169259
754.000000 0.185988
755.000000 0.170817
756.000000 0.132280
757.000000 0.031394
758.000000 0.077700
759.000000 0.042420
760.000000 0.124723
761.000000 0.216035
762.000000 0.081585
763.000000 0.025471
764.000000 0.176106
765.000000 0.181574
766.000000 0.154157
767.000000 0.106752
768.000000 0.179503
769.000000 0.128022
770.000000 0.196069
771.000000 0.046071
772.000000 0.161101
773.000000 0.126164
774.000000 0.072422
775.000000 0.058653
776.000000 0.205579
777.000000 0.144475
778.000000 0.145643
779.000000 0.162486
780.000000 0.206167
781.000000 0.330740
782.000000 0.096102
783.000000 0.098994
784.000000 0.074642
785.000000 0.074483
786.000000 0.062239
787.000000 0.094571
788.000000 0.195101
789.000000 0.083275
790.000000 0.144092
791.000000 0.187145
792.000000 0.163639
793.000000 0.140552
794.000000 0.116228
795.000000 0.049041
796.000000 0.143801
797.000000 0.140973
798.000000 0.126356
799.000000 0.101030
800.000000 0.233657
801.000000 0.096764
802.000000 0.064712
803.000000 0.104771
804.000000 0.032152
805.000000 0.159132
806.000000 0.195522
807.000000 0.065199
808.000000 0.199699
809.000000 0.073092
810.000000 0.017171
811.000000 0.050293
812.000000 0.086822
813.000000 0.132863
814.000000 0.156091
815.000000 0.124866
816.000000 0.300444
817.000000 0.096978
818.000000 0.142839
819.000000 0.049029
820.000000 0.120563
821.000000 0.089237
822.000000 0.233325
823.000000 0.084072
824.000000 0.165472
825.000000 0.197809
826.000000 0.117949
827.000000 0.043722
828.000000 0.153396
829.000000 0.108548
830.000000 0.112317
831.000000 0.034487
832.000000 0.175224
833.000000 0.092455
834.000000 0.142402
835.000000 0.247227
836.000000 0.094083
837.000000 0.164790
838.000000 0.125842
839.000000 0.109582
840.000000 0.041849
841.000000 0.032802
842.000000 0.246468
843.000000 0.038274
844.000000 0.168571
845.000000 0.292681
846.000000 0.088877
847.000000 0.041973
848.000000 0.133296
849.000000 0.158698
850.000000 0.105680
851.000000 0.109441
852.000000 0.062561
853.000000 0.118844
854.000000 0.103664
855.000000 0.103991
856.000000 0.268853
857.000000 0.242023
858.000000 0.130711
859.000000 0.058233
860.000000 0.080231
861.000000 0.118270
862.000000 0.112242
863.000000 0.167808
864.000000 0.097642
865.000000 0.203506
866.000000 0.120960
867.000000 0.064867
868.000000 0.032701
869.000000 0.069196
870.000000 0.168685
871.000000 0.146482
872.000000 0.093317
873.000000 0.287943
874.000000 0.065917
875.000000 0.187880
876.000000 0.078952
877.000000 0.074599
878.000000 0.177189
879.000000 0.089260
880.000000 0.222969
881.000000 0.065389
882.000000 0.085821
883.000000 0.251453
884.000000 0.295605
885.000000 0.059657
886.000000 0.180630
887.000000 0.140712
888.000000 0.138013
889.000000 0.062067
890.000000 0.081551
891.000000 0.167628
892.000000 0.151603
893.000000 0.114377
894.000000 0.138250
895.000000 0.112592
896.000000 0.327624
897.000000 0.278032
898.000000 0.135497
899.000000 0.175173
900.000000 0.135750
901.000000 0.117374
902.000000 0.147112
903.000000 0.120356
904.000000 0.138992
905.000000 0.241799
906.000000 0.099906
907.000000 0.079679
908.000000 0.130255
909.000000 0.018540
910.000000 0.154338
911.000000 0.023575
912.000000 0.247173
913.000000 0.147365
914.000000 0.185265
915.000000 0.157028
916.000000 0.094010
917.000000 0.134922
918.000000 0.160811
919.000000 0.211694
920.000000 0.111023
921.000000 0.141334
922.000000 0.263762
923.000000 0.101328
924.000000 0.106213
925.000000 0.061496
926.000000 0.101363
927.000000 0.095278
928.000000 0.102140
929.000000 0.131614
930.000000 0.061892
931.000000 0.120516
932.000000 0.120892
933.000000 0.188915
934.000000 0.028147
935.000000 0.182477
936.000000 0.046879
937.000000 0.234072
938.000000 0.035729
939.000000 0.129665
940.000000 0.197941
941.000000 0.081152
942.000000 0.096382
943.000000 0.059583
944.000000 0.038431
945.000000 0.223175
946.000000 0.064272
947.000000 0.088222
948.000000 0.171814
949.000000 0.134272
950.000000 0.244805
951.000000 0.130630
952.000000 0.200576
953.000000 0.147954
954.000000 0.031425
955.000000 0.154794
956.000000 0.095945
957.000000 0.220191
958.000000 0.075722
959.000000 0.196610
960.000000 0.102390
961.000000 0.205981
962.000000 0.060462
963.000000 0.089020
964.000000 0.080382
965.000000 0.083882
966.000000 0.065947
967.000000 0.196551
968.000000 0.164284
969.000000 0.176979
970.000000 0.086292
971.000000 0.080488
972.000000 0.179375
973.000000 0.075886
974.000000 0.061398
975.000000 0.106513
976.000000 0.015141
977.000000 0.203089
978.000000 0.128546
979.000000 0.168761
980.000000 0.054704
981.000000 0.091111
982.000000 0.105001
983.000000 0.127473
984.000000 0.105062
985.000000 0.165717
986.000000 0.233942
987.000000 0.063020
988.000000 0.105986
989.000000 0.167895
990.000000 0.136212
991.000000 0.063859
992.000000 0.153825
993.000000 0.242536
994.000000 0.016208
995.000000 0.092116
996.000000 0.166686
997.000000 0.218132
998.000000 0.030025
999.000000 0.094191
1000.000000 0.142015
1001.000000 0.194953
1002.000000 0.116019
1003.000000 0.091651
1004.000000 0.128051
1005.000000 0.112279
1006.000000 0.249409
1007.000000 0.158718
1008.000000 0.063472
1009.000000 0.144701
1010.000000 0.176102
1011.000000 0.162864
1012.000000 0.137127
1013.000000 0.112126
1014.000000 0.074146
1015.000000 0.089222
1016.000000 0.020382
1017.000000 0.014314
1018.000000 0.032266
1019.000000 0.156145
1020.000000 0.124239
1021.000000 0.054217
1022.000000 0.085547
1023.000000 0.163857
1024.000000 0.311672
1025.000000 0.098299
1026.000000 0.096915
1027.000000 0.138712
1028.000000 0.028990
1029.000000 0.052648
1030.000000 0.160940
1031.000000 0.033821
1032.000000 0.199186
1033.000000 0.132783
1034.000000 0.140722
1035.000000 0.123617
1036.000000 0.105896
1037.000000 0.037068
1038.000000 0.062409
1039.000000 0.082683
1040.000000 0.167163
1041.000000 0.143579
1042.000000 0.089805
1043.000000 0.186371
1044.000000 0.095461
1045.000000 0.119960
1046.000000 0.060418
1047.000000 0.098585
1048.000000 0.182472
1049.000000 0.223901
1050.000000 0.128883
1051.000000 0.134317
1052.000000 0.152316
1053.000000 0.031950
1054.000000 0.077478
1055.000000 0.249397
1056.000000 0.151461
1057.000000 0.152829
1058.000000 0.068346
1059.000000 0.140027
1060.000000 0.125085
1061.000000 0.036042
1062.000000 0.097748
1063.000000 0.051374
1064.000000 0.124312
1065.000000 0.107380
1066.000000 0.079313
1067.000000 0.172283
1068.000000 0.285022
1069.000000 0.159694
1070.000000 0.175345
1071.000000 0.105768
1072.000000 0.127723
1073.000000 0.090517
1074.000000 0.163719
1075.000000 0.073158
1076.000000 0.295775
1077.000000 0.028818
1078.000000 0.222782
1079.000000 0.118379
1080.000000 0.176582
1081.000000 0.192678
1082.000000 0.105417
1083.000000 0.061316
1084.000000 0.142511
1085.000000 0.091594
1086.000000 0.041494
1087.000000 0.213729
1088.000000 0.093778
1089.000000 0.034632
1090.000000 0.303988
1091.000000 0.061635
1092.000000 0.051872
1093.000000 0.108198
1094.000000 0.132444
1095.000000 0.033012
1096.000000 0.199840
1097.000000 0.122507
1098.000000 0.099091
1099.000000 0.274742
1100.000000 0.062116
1101.000000 0.163991
1102.000000 0.172483
1103.000000 0.049087
1104.000000 0.048375
1105.000000 0.117336
1106.000000 0.034305
1107.000000 0.097986
1108.000000 0.026802
1109.000000 0.164260
1110.000000 0.177940
1111.000000 0.127931
1112.000000 0.181639
1113.000000 0.221308
1114.000000 0.079629
1115.000000 0.044590
1116.000000 0.179780
1117.000000 0.035483
1118.000000 0.085397
1119.000000 0.039600
1120.000000 0.109459
1121.000000 0.042203
1122.000000 0.489335
1123.000000 0.076966
1124.000000 0.221031
1125.000000 0.114158
1126.000000 0.051055
1127.000000 0.042849
1128.000000 0.085636
1129.000000 0.127878
1130.000000 0.108029
1131.000000 0.206817
1132.000000 0.056645
1133.000000 0.156489
1134.000000 0.056461
1135.000000 0.121120
1136.000000 0.201956
1137.000000 0.148496
1138.000000 0.089913
1139.000000 0.110029
1140.000000 0.161690
1141.000000 0.336366
1142.000000 0.044350
1143.000000 0.109105
1144.000000 0.160849
1145.000000 0.166016
1146.000000 0.032483
1147.000000 0.043275
1148.000000 0.073457
1149.000000 0.031573
1150.000000 0.023655
1151.000000 0.133583
1152.000000 0.168761
1153.000000 0.162457
1154.000000 0.141756
1155.000000 0.174466
1156.000000 0.204218
1157.000000 0.135112
1158.000000 0.109803
1159.000000 0.214826
1160.000000 0.025943
1161.000000 0.107755
1162.000000 0.152494
1163.000000 0.107633
1164.000000 0.036677
1165.000000 0.039399
1166.000000 0.112622
1167.000000 0.206360
1168.000000 0.049269
1169.000000 0.205403
1170.000000 0.176929
1171.000000 0.262145
1172.000000 0.128764
1173.000000 0.097128
1174.000000 0.128920
1175.000000 0.104534
1176.000000 0.077061
1177.000000 0.280808
1178.000000 0.087485
1179.000000 0.047638
1180.000000 0.082037
1181.000000 0.243665
1182.000000 0.127426
1183.000000 0.126750
1184.000000 0.249403
1185.000000 0.171703
1186.000000 0.049424
1187.000000 0.090727
1188.000000 0.163920
1189.000000 0.131214
1190.000000 0.189311
1191.000000 0.073071
1192.000000 0.150498
1193.000000 0.053036
1194.000000 0.071873
1195.000000 0.213117
1196.000000 0.188130
1197.000000 0.088901
1198.000000 0.175261
1199.000000 0.149195
1200.000000 0.038044
1201.000000 0.156227
1202.000000 0.073001
1203.000000 0.038393
1204.000000 0.075581
1205.000000 0.169859
1206.000000 0.099839
1207.000000 0.092306
1208.000000 0.073578
1209.000000 0.100439
1210.000000 0.090765
1211.000000 0.084859
1212.000000 0.104578
1213.000000 0.068529
1214.000000 0.049991
1215.000000 0.048946
1216.000000 0.154151
1217.000000 0.087693
1218.000000 0.021551
1219.000000 0.145869
1220.000000 0.075227
1221.000000 0.207583
1222.000000 0.103469
1223.000000 0.184840
1224.000000 0.051527
1225.000000 0.071650
1226.000000 0.140685
1227.000000 0.084806
1228.000000 0.145334
1229.000000 0.098476
1230.000000 0.105881
1231.000000 0.069204
1232.000000 0.049897
1233.000000 0.026290
1234.000000 0.291272
1235.000000 0.069311
1236.000000 0.061349
1237.000000 0.064386
1238.000000 0.099445
1239.000000 0.142729
1240.000000 0.057462
1241.000000 0.043356
1242.000000 0.098747
1243.000000 0.065033
1244.000000 0.124582
1245.000000 0.090757
1246.000000 0.218363
1247.000000 0.169288
1248.000000 0.280906
1249.000000 0.077361
1250.000000 0.112616
1251.000000 0.174037
1252.000000 0.153879
1253.000000 0.207546
1254.000000 0.121198
1255.000000 0.026176
1256.000000 0.254287
1257.000000 0.069664
1258.000000 0.124268
1259.000000 0.151826
1260.000000 0.164638
1261.000000 0.023532
1262.000000 0.033176
1263.000000 0.290686
1264.000000 0.140252
1265.000000 0.119471
1266.000000 0.145335
1267.000000 0.079235
1268.000000 0.067916
1269.000000 0.147559
1270.000000 0.198976
1271.000000 0.132341
1272.000000 0.048447
1273.000000 0.025342
1274.000000 0.058198
1275.000000 0.025669
1276.000000 0.114923
1277.000000 0.233732
1278.000000 0.121207
1279.000000 0.154767
1280.000000 0.192385
1281.000000 0.244760
1282.000000 0.155868
1283.000000 0.265183
1284.000000 0.052569
1285.000000 0.036489
1286.000000 0.138247
1287.000000 0.041775
1288.000000 0.133359
1289.000000 0.269984
1290.000000 0.110891
1291.000000 0.218633
1292.000000 0.080807
1293.000000 0.101122
1294.000000 0.109348
1295.000000 0.190541
1296.000000 0.070700
1297.000000 0.106234
1298.000000 0.169523
1299.000000 0.140076
1300.000000 0.197303
1301.000000 0.064688
1302.000000 0.110270
1303.000000 0.119722
1304.000000 0.159489
1305.000000 0.148711
1306.000000 0.188609
1307.000000 0.173817
1308.000000 0.172281
1309.000000 0.017233
1310.000000 0.123111
1311.000000 0.322347
1312.000000 0.046994
1313.000000 0.106345
1314.000000 0.171610
1315.000000 0.239363
1316.000000 0.215169
1317.000000 0.180701
1318.000000 0.096004
1319.000000 0.231716
1320.000000 0.046883
1321.000000 0.209197
1322.000000 0.095772
1323.000000 0.060590
1324.000000 0.181101
1325.000000 0.218033
1326.000000 0.117691
1327.000000 0.223855
1328.000000 0.126056
1329.000000 0.149118
1330.000000 0.129062
1331.000000 0.080879
1332.000000 0.061648
1333.000000 0.172205
1334.000000 0.045977
1335.000000 0.194683
1336.000000 0.153344
1337.000000 0.216697
1338.000000 0.301436
1339.000000 0.194161
1340.000000 0.152457
1341.000000 0.063131
1342.000000 0.148790
1343.000000 0.084941
1344.000000 0.043531
1345.000000 0.020879
1346.000000 0.085913
1347.000000 0.140772
1348.000000 0.049142
1349.000000 0.115232
1350.000000 0.056585
1351.000000 0.041465
1352.000000 0.339720
1353.000000 0.042953
1354.000000 0.090109
1355.000000 0.049825
1356.000000 0.034425
1357.000000 0.216179
1358.000000 0.292589
1359.000000 0.208360
1360.000000 0.254900
1361.000000 0.088949
1362.000000 0.106468
1363.000000 0.155850
1364.000000 0.134886
1365.000000 0.077677
1366.000000 0.217312
1367.000000 0.245039
1368.000000 0.304757
1369.000000 0.037458
1370.000000 0.078500
1371.000000 0.125471
1372.000000 0.219392
1373.000000 0.151293
1374.000000 0.073904
1375.000000 0.124603
1376.000000 0.234312
1377.000000 0.078775
1378.000000 0.061048
1379.000000 0.043839
1380.000000 0.075035
1381.000000 0.084554
1382.000000 0.057026
1383.000000 0.175760
1384.000000 0.216207
1385.000000 0.237311
1386.000000 0.019435
1387.000000 0.155455
1388.000000 0.151340
1389.000000 0.081492
1390.000000 0.154559
1391.000000 0.072941
1392.000000 0.208930
1393.000000 0.060591
1394.000000 0.018399
1395.000000 0.143144
1396.000000 0.063568
1397.000000 0.157467
1398.000000 0.140169
1399.000000 0.133752
1400.000000 0.097470
1401.000000 0.117200
1402.000000 0.042547
1403.000000 0.116403
1404.000000 0.101250
1405.000000 0.115443
1406.000000 0.130401
1407.000000 0.138873
1408.000000 0.178139
1409.000000 0.037400
1410.000000 0.200912
1411.000000 0.135179
1412.000000 0.110702
1413.000000 0.142337
1414.000000 0.191038
1415.000000 0.112547
1416.000000 0.091374
1417.000000 0.223463
1418.000000 0.140850
1419.000000 0.109592
1420.000000 0.115270
1421.000000 0.193948
1422.000000 0.053983
1423.000000 0.107359
1424.000000 0.112512
1425.000000 0.131573
1426.000000 0.083703
1427.000000 0.149454
1428.000000 0.086796
1429.000000 0.139866
1430.000000 0.204056
1431.000000 0.202171
1432.000000 0.080862
1433.000000 0.185094
1434.000000 0.106903
1435.000000 0.177410
1436.000000 0.167916
1437.000000 0.184854
1438.000000 0.180559
1439.000000 0.227243
1440.000000 0.200810
1441.000000 0.060592
1442.000000 0.291143
1443.000000 0.093177
1444.000000 0.124874
1445.000000 0.200621
1446.000000 0.115817
1447.000000 0.192950
1448.000000 0.046788
1449.000000 0.129168
1450.000000 0.118456
1451.000000 0.188340
1452.000000 0.191453
1453.000000 0.104726
1454.000000 0.088678
1455.000000 0.151511
1456.000000 0.177010
1457.000000 0.115425
1458.000000 0.132077
1459.000000 0.180045
1460.000000 0.229463
1461.000000 0.211169
1462.000000 0.182592
1463.000000 0.149889
1464.000000 0.144960
1465.000000 0.122737
1466.000000 0.097122
1467.000000 0.078722
1468.000000 0.084109
1469.000000 0.026595
1470.000000 0.058802
1471.000000 0.147221
1472.000000 0.254730
1473.000000 0.104332
1474.000000 0.066076
1475.000000 0.096854
1476.000000 0.026838
1477.000000 0.176556
1478.000000 0.139145
1479.000000 0.062475
1480.000000 0.158898
1481.000000 0.083477
1482.000000 0.238028
1483.000000 0.146028
1484.000000 0.139179
1485.000000 0.198440
1486.000000 0.233532
1487.000000 0.115297
1488.000000 0.063587
1489.000000 0.071785
1490.000000 0.050327
1491.000000 0.258523
1492.000000 0.193906
1493.000000 0.129266
1494.000000 0.198491
1495.000000 0.157385
1496.000000 0.198279
1497.000000 0.138689
1498.000000 0.107044
1499.000000 0.138938
1500.000000 0.160751
1501.000000 0.092651
1502.000000 0.191138
1503.000000 0.038179
1504.000000 0.146268
1505.000000 0.287122
1506.000000 0.065585
1507.000000 0.199310
1508.000000 0.111411
1509.000000 0.080798
1510.000000 0.101158
1511.000000 0.099795
1512.000000 0.058288
1513.000000 0.082246
1514.000000 0.209432
1515.000000 0.093912
1516.000000 0.210349
1517.000000 0.209069
1518.000000 0.062292
1519.000000 0.113867
1520.000000 0.039661
1521.000000 0.101269
1522.000000 0.032019
1523.000000 0.090607
1524.000000 0.116169
1525.000000 0.070995
1526.000000 0.076586
1527.000000 0.109017
1528.000000 0.082229
1529.000000 0.083844
1530.000000 0.069460
1531.000000 0.043204
1532.000000 0.103385
1533.000000 0.273181
1534.000000 0.033580
1535.000000 0.251786
1536.000000 0.151096
1537.000000 0.150742
1538.000000 0.096729
1539.000000 0.116208
1540.000000 0.272967
1541.000000 0.296672
1542.000000 0.163829
1543.000000 0.050089
1544.000000 0.190768
1545.000000 0.085335
1546.000000 0.025227
1547.000000 0.299467
1548.000000 0.056593
1549.000000 0.166808
1550.000000 0.267922
1551.000000 0.043433
1552.000000 0.078754
1553.000000 0.190402
1554.000000 0.130727
1555.000000 0.130305
1556.000000 0.116976
1557.000000 0.153814
1558.000000 0.233395
1559.000000 0.155548
1560.000000 0.133125
1561.000000 0.164392
1562.000000 0.175039
1563.000000 0.226542
1564.000000 0.179355
1565.000000 0.106634
1566.000000 0.063019
1567.000000 0.013746
1568.000000 0.197378
1569.000000 0.076765
1570.000000 0.145345
1571.000000 0.061456
1572.000000 0.097727
1573.000000 0.102175
1574.000000 0.163926
1575.000000 0.139338
1576.000000 0.173708
1577.000000 0.127757
1578.000000 0.025289
1579.000000 0.106169
1580.000000 0.140918
1581.000000 0.129850
1582.000000 0.291603
1583.000000 0.109210
1584.000000 0.099013
1585.000000 0.128461
1586.000000 0.095746
1587.000000 0.049937
1588.000000 0.173828
1589.000000 0.233854
1590.000000 0.183291
1591.000000 0.130325
1592.000000 0.097229
1593.000000 0.169939
1594.000000 0.198500
1595.000000 0.181652
1596.000000 0.134731
1597.000000 0.109039
1598.000000 0.055034
1599.000000 0.060720
1600.000000 0.034870
1601.000000 0.062392
1602.000000 0.187685
1603.000000 0.164995
1604.000000 0.157148
1605.000000 0.176922
1606.000000 0.094333
1607.000000 0.115382
1608.000000 0.059599
1609.000000 0.047652
1610.000000 0.110598
1611.000000 0.318558
1612.000000 0.134838
1613.000000 0.081185
1614.000000 0.040631
1615.000000 0.072918
1616.000000 0.159605
1617.000000 0.165673
1618.000000 0.014400
1619.000000 0.144232
1620.000000 0.032174
1621.000000 0.103793
1622.000000 0.128389
1623.000000 0.063403
1624.000000 0.108532
1625.000000 0.079664
1626.000000 0.192730
1627.000000 0.075278
1628.000000 0.056383
1629.000000 0.133647
1630.000000 0.039356
1631.000000 0.192271
1632.000000 0.073293
1633.000000 0.046353
1634.000000 0.092114
1635.000000 0.166900
1636.000000 0.146949
1637.000000 0.172866
1638.000000 0.050876
1639.000000 0.147207
1640.000000 0.180992
1641.000000 0.161407
1642.000000 0.044532
1643.000000 0.016760
1644.000000 0.104245
1645.000000 0.163390
1646.000000 0.142420
1647.000000 0.019054
1648.000000 0.142454
1649.000000 0.244721
1650.000000 0.076386
1651.000000 0.156797
1652.000000 0.277153
1653.000000 0.083130
1654.000000 0.081356
1655.000000 0.214751
1656.000000 0.174877
1657.000000 0.158755
1658.000000 0.106745
1659.000000 0.128774
1660.000000 0.204978
1661.000000 0.020394
1662.000000 0.098076
1663.000000 0.071429
1664.000000 0.139213
1665.000000 0.164923
1666.000000 0.163938
1667.000000 0.134003
1668.000000 0.162630
1669.000000 0.061032
1670.000000 0.194706
1671.000000 0.164823
1672.000000 0.212250
1673.000000 0.130880
1674.000000 0.089373
1675.000000 0.174248
1676.000000 0.119631
1677.000000 0.204296
1678.000000 0.191295
1679.000000 0.075413
1680.000000 0.056781
1681.000000 0.135352
1682.000000 0.128723
1683.000000 0.218395
1684.000000 0.252031
1685.000000 0.159024
1686.000000 0.155311
1687.000000 0.162245
1688.000000 0.144421
1689.000000 0.161583
1690.000000 0.080951
1691.000000 0.154450
1692.000000 0.191145
1693.000000 0.070158
1694.000000 0.061064
1695.000000 0.153260
1696.000000 0.249537
1697.000000 0.212352
1698.000000 0.252256
1699.000000 0.106300
1700.000000 0.070741
1701.000000 0.110304
1702.000000 0.120358
1703.000000 0.154022
1704.000000 0.040290
1705.000000 0.120077
1706.000000 0.207211
1707.000000 0.146170
1708.000000 0.027497
1709.000000 0.183985
1710.000000 0.172256
1711.000000 0.024618
1712.000000 0.218680
1713.000000 0.041089
1714.000000 0.098309
1715.000000 0.047345
1716.000000 0.139037
1717.000000 0.238538
1718.000000 0.126725
1719.000000 0.108199
1720.000000 0.052608
1721.000000 0.064500
1722.000000 0.129009
1723.000000 0.061256
1724.000000 0.154340
1725.000000 0.058644
1726.000000 0.147744
1727.000000 0.054473
1728.000000 0.308787
1729.000000 0.072557
1730.000000 0.172550
1731.000000 0.091029
1732.000000 0.160155
1733.000000 0.233600
1734.000000 0.040241
1735.000000 0.042293
1736.000000 0.158443
1737.000000 0.044553
1738.000000 0.118850
1739.000000 0.116169
1740.000000 0.238281
1741.000000 0.153480
1742.000000 0.087707
1743.000000 0.130626
1744.000000 0.077628
1745.000000 0.033392
1746.000000 0.129680
1747.000000 0.098594
1748.000000 0.163829
1749.000000 0.115078
1750.000000 0.085941
1751.000000 0.130228
1752.000000 0.119352
1753.000000 0.170387
1754.000000 0.148054
1755.000000 0.308544
1756.000000 0.075132
1757.000000 0.150523
1758.000000 0.137635
1759.000000 0.130523
1760.000000 0.096525
1761.000000 0.143947
1762.000000 0.043126
1763.000000 0.102132
1764.000000 0.123385
1765.000000 0.153937
1766.000000 0.030345
1767.000000 0.097920
1768.000000 0.067701
1769.000000 0.021405
1770.000000 0.063387
1771.000000 0.060827
1772.000000 0.122993
1773.000000 0.188920
1774.000000 0.146069
1775.000000 0.199706
1776.000000 0.136047
1777.000000 0.080609
1778.000000 0.116441
1779.000000 0.050305
1780.000000 0.054352
1781.000000 0.124095
1782.000000 0.107973
1783.000000 0.049265
1784.000000 0.275993
1785.000000 0.189162
1786.000000 0.046340
1787.000000 0.238299
1788.000000 0.189165
1789.000000 0.337223
1790.000000 0.084070
1791.000000 0.170073
1792.000000 0.188751
1793.000000 0.069365
1794.000000 0.238203
1795.000000 0.201350
1796.000000 0.044549
1797.000000 0.028387
1798.000000 0.105723
1799.000000 0.125556
1800.000000 0.204793
1801.000000 0.104568
1802.000000 0.172767
1803.000000 0.083518
1804.000000 0.072024
1805.000000 0.119766
1806.000000 0.171078
1807.000000 0.052777
1808.000000 0.185676
1809.000000 0.160199
1810.000000 0.089141
1811.000000 0.099789
1812.000000 0.157465
1813.000000 0.338358
1814.000000 0.098174
1815.000000 0.090328
1816.000000 0.140584
1817.000000 0.134305
1818.000000 0.109163
1819.000000 0.208611
1820.000000 0.139821
1821.000000 0.076904
1822.000000 0.163285
1823.000000 0.063077
1824.000000 0.068445
1825.000000 0.156667
1826.000000 0.163748
1827.000000 0.286014
1828.000000 0.054985
1829.000000 0.232297
1830.000000 0.049023
1831.000000 0.122305
1832.000000 0.080499
1833.000000 0.123438
1834.000000 0.111089
1835.000000 0.137222
1836.000000 0.126487
1837.000000 0.083984
1838.000000 0.090841
1839.000000 0.121503
1840.000000 0.104163
1841.000000 0.222241
1842.000000 0.080925
1843.000000 0.046700
1844.000000 0.069622
1845.000000 0.117810
1846.000000 0.182048
1847.000000 0.038844
1848.000000 0.107777
1849.000000 0.119459
1850.000000 0.154298
1851.000000 0.156625
1852.000000 0.249517
1853.000000 0.163309
1854.000000 0.169944
1855.000000 0.049070
1856.000000 0.255312
1857.000000 0.089414
1858.000000 0.083152
1859.000000 0.162998
1860.000000 0.077350
1861.000000 0.188383
1862.000000 0.176155
1863.000000 0.057011
1864.000000 0.150224
1865.000000 0.170014
1866.000000 0.109228
1867.000000 0.052121
1868.000000 0.107798
1869.000000 0.052856
1870.000000 0.111697
1871.000000 0.035982
1872.000000 0.137897
1873.000000 0.194313
1874.000000 0.144441
1875.000000 0.113553
1876.000000 0.099792
1877.000000 0.154739
1878.000000 0.179511
1879.000000 0.035202
1880.000000 0.120740
1881.000000 0.218063
1882.000000 0.164656
1883.000000 0.153789
1884.000000 0.234586
1885.000000 0.223958
1886.000000 0.058204
1887.000000 0.263933
1888.000000 0.079502
1889.000000 0.236885
1890.000000 0.135327
1891.000000 0.153615
1892.000000 0.180677
1893.000000 0.113904
1894.000000 0.114380
1895.000000 0.137790
1896.000000 0.064023
1897.000000 0.135025
1898.000000 0.127273
1899.000000 0.267087
1900.000000 0.134348
1901.000000 0.086286
1902.000000 0.106953
1903.000000 0.096603
1904.000000 0.125404
1905.000000 0.112552
1906.000000 0.205912
1907.000000 0.137587
1908.000000 0.148607
1909.000000 0.111756
1910.000000 0.148542
1911.000000 0.237236
1912.000000 0.201853
1913.000000 0.180738
1914.000000 0.109702
1915.000000 0.256904
1916.000000 0.124913
1917.000000 0.082751
1918.000000 0.199760
1919.000000 0.272652
1920.000000 0.104352
1921.000000 0.119702
1922.000000 0.073296
1923.000000 0.178045
1924.000000 0.059982
1925.000000 0.110739
1926.000000 0.234823
1927.000000 0.093622
1928.000000 0.094607
1929.000000 0.126453
1930.000000 0.107713
1931.000000 0.084371
1932.000000 0.054314
1933.000000 0.164677
1934.000000 0.210724
1935.000000 0.186732
1936.000000 0.081364
1937.000000 0.251047
1938.000000 0.121477
1939.000000 0.070245
1940.000000 0.226340
1941.000000 0.269324
1942.000000 0.115253
1943.000000 0.103234
1944.000000 0.119479
1945.000000 0.127878
1946.000000 0.104414
1947.000000 0.135891
1948.000000 0.134152
1949.000000 0.080914
1950.000000 0.093670
1951.000000 0.277961
1952.000000 0.090782
1953.000000 0.082144
1954.000000 0.060829
1955.000000 0.143424
1956.000000 0.198781
1957.000000 0.049570
1958.000000 0.175056
1959.000000 0.086701
1960.000000 0.080269
1961.000000 0.177611
1962.000000 0.186881
1963.000000 0.017577
1964.000000 0.068011
1965.000000 0.347795
1966.000000 0.234999
1967.000000 0.093686
1968.000000 0.158536
1969.000000 0.101810
1970.000000 0.138656
1971.000000 0.184870
1972.000000 0.085320
1973.000000 0.148616
1974.000000 0.123450
1975.000000 0.047556
1976.000000 0.044523
1977.000000 0.112088
1978.000000 0.116631
1979.000000 0.225128
1980.000000 0.089597
1981.000000 0.125560
1982.000000 0.088753
1983.000000 0.070002
1984.000000 0.110494
1985.000000 0.049931
1986.000000 0.083459
1987.000000 0.132082
1988.000000 0.050914
1989.000000 0.218064
1990.000000 0.079416
1991.000000 0.105247
1992.000000 0.040715
1993.000000 0.069588
1994.000000 0.099203
1995.000000 0.081226
1996.000000 0.073402
1997.000000 0.122839
1998.000000 0.112946
1999.000000 0.249560
2000.000000 0.116019
2001.000000 0.256971
2002.000000 0.106676
2003.000000 0.218460
2004.000000 0.116127
2005.000000 0.034206
2006.000000 0.194386
2007.000000 0.226979
2008.000000 0.094203
2009.000000 0.083441
2010.000000 0.103332
2011.000000 0.068136
2012.000000 0.029721
2013.000000 0.165842
2014.000000 0.134433
2015.000000 0.229845
2016.000000 0.170329
2017.000000 0.111117
2018.000000 0.159426
2019.000000 0.185883
2020.000000 0.066313
2021.000000 0.069215
2022.000000 0.048801
2023.000000 0.116917
2024.000000 0.025982
2025.000000 0.109569
2026.000000 0.092889
2027.000000 0.032100
2028.000000 0.178628
2029.000000 0.077189
2030.000000 0.114227
2031.000000 0.045544
2032.000000 0.089458
2033.000000 0.188096
2034.000000 0.182461
2035.000000 0.088000
2036.000000 0.128719
2037.000000 0.078210
2038.000000 0.117436
2039.000000 0.039922
2040.000000 0.122493
2041.000000 0.162623
2042.000000 0.086807
2043.000000 0.035345
2044.000000 0.239788
2045.000000 0.032032
2046.000000 0.018927
2047.000000 0.109444
2048.000000 0.233088
2049.000000 0.191198
2050.000000 0.101922
2051.000000 0.051395
2052.000000 0.208598
2053.000000 0.069536
2054.000000 0.076557
2055.000000 0.157701
2056.000000 0.217597
2057.000000 0.062295
2058.000000 0.089152
2059.000000 0.210224
2060.000000 0.099290
2061.000000 0.100924
2062.000000 0.149719
2063.000000 0.057684
2064.000000 0.103277
2065.000000 0.131521
2066.000000 0.091835
2067.000000 0.070666
2068.000000 0.184243
2069.000000 0.015219
2070.000000 0.078177
2071.000000 0.155041
2072.000000 0.144800
2073.000000 0.078020
2074.000000 0.273560
2075.000000 0.192880
2076.000000 0.179402
2077.000000 0.194324
2078.000000 0.049339
2079.000000 0.065127
2080.000000 0.028395
2081.000000 0.038437
2082.000000 0.173218
2083.000000 0.144001
2084.000000 0.063074
2085.000000 0.006757
2086.000000 0.116391
2087.000000 0.162594
2088.000000 0.080771
2089.000000 0.105977
2090.000000 0.152263
2091.000000 0.179109
2092.000000 0.059854
2093.000000 0.124126
2094.000000 0.066687
2095.000000 0.111609
2096.000000 0.244037
2097.000000 0.151939
2098.000000 0.125608
2099.000000 0.248580
2100.000000 0.124152
2101.000000 0.105139
2102.000000 0.085988
2103.000000 0.172100
2104.000000 0.057205
2105.000000 0.183654
2106.000000 0.096943
2107.000000 0.134426
2108.000000 0.095631
2109.000000 0.072254
2110.000000 0.142380
2111.000000 0.092472
2112.000000 0.084440
2113.000000 0.153204
2114.000000 0.112723
2115.000000 0.131614
2116.000000 0.180983
2117.000000 0.195887
2118.000000 0.163436
2119.000000 0.122509
2120.000000 0.061988
2121.000000 0.104067
2122.000000 0.248727
2123.000000 0.241694
2124.000000 0.103590
2125.000000 0.136102
2126.000000 0.091727
2127.000000 0.042250
2128.000000 0.068240
2129.000000 0.057130
2130.000000 0.160889
2131.000000 0.161131
2132.000000 0.047387
2133.000000 0.244848
2134.000000 0.110197
2135.000000 0.145838
2136.000000 0.136516
2137.000000 0.103788
2138.000000 0.090559
2139.000000 0.030261
2140.000000 0.207379
2141.000000 0.106714
2142.000000 0.277145
2143.000000 0.094931
2144.000000 0.300876
2145.000000 0.220658
2146.000000 0.218471
2147.000000 0.074880
2148.000000 0.116752
2149.000000 0.193797
2150.000000 0.067604
2151.000000 0.072542
2152.000000 0.109527
2153.000000 0.118131
2154.000000 0.201444
2155.000000 0.117847
2156.000000 0.241318
2157.000000 0.085715
2158.000000 0.185402
2159.000000 0.067180
2160.000000 0.038383
2161.000000 0.133981
2162.000000 0.062529
2163.000000 0.133990
2164.000000 0.129025
2165.000000 0.203927
2166.000000 0.127029
2167.000000 0.006891
2168.000000 0.110064
2169.000000 0.114437
2170.000000 0.099903
2171.000000 0.096811
2172.000000 0.107560
2173.000000 0.185132
2174.000000 0.082519
2175.000000 0.259665
2176.000000 0.046791
2177.000000 0.168032
2178.000000 0.088396
2179.000000 0.048722
2180.000000 0.187637
2181.000000 0.045325
2182.000000 0.162589
2183.000000 0.099596
2184.000000 0.220336
2185.000000 0.135999
2186.000000 0.060865
2187.000000 0.022938
2188.000000 0.109683
2189.000000 0.083390
2190.000000 0.117883
2191.000000 0.136760
2192.000000 0.116454
2193.000000 0.194539
2194.000000 0.041505
2195.000000 0.186418
2196.000000 0.025936
2197.000000 0.077554
2198.000000 0.212004
2199.000000 0.144678
2200.000000 0.067196
2201.000000 0.081958
2202.000000 0.170699
2203.000000 0.151557
2204.000000 0.046503
2205.000000 0.041464
2206.000000 0.201187
2207.000000 0.139382
2208.000000 0.145353
2209.000000 0.079825
2210.000000 0.093000
2211.000000 0.154234
2212.000000 0.070306
2213.000000 0.178578
2214.000000 0.242375
2215.000000 0.164268
2216.000000 0.078287
2217.000000 0.256460
2218.000000 0.185838
2219.000000 0.125140
2220.000000 0.179574
2221.000000 0.182854
2222.000000 0.019207
2223.000000 0.293099
2224.000000 0.262872
2225.000000 0.111809
2226.000000 0.162420
2227.000000 0.080515
2228.000000 0.129373
2229.000000 0.146625
2230.000000 0.113037
2231.000000 0.118115
2232.000000 0.216390
2233.000000 0.115469
2234.000000 0.076688
2235.000000 0.148050
2236.000000 0.136950
2237.000000 0.079150
2238.000000 0.079850
2239.000000 0.270859
2240.000000 0.057016
2241.000000 0.295050
2242.000000 0.074151
2243.000000 0.138829
2244.000000 0.141911
2245.000000 0.076449
2246.000000 0.145234
2247.000000 0.109335
2248.000000 0.159591
2249.000000 0.088885
2250.000000 0.048886
2251.000000 0.086538
2252.000000 0.038472
2253.000000 0.148984
2254.000000 0.223826
2255.000000 0.129886
2256.000000 0.080615
2257.000000 0.055059
2258.000000 0.107247
2259.000000 0.158829
2260.000000 0.033256
2261.000000 0.221563
2262.000000 0.126230
2263.000000 0.052422
2264.000000 0.177638
2265.000000 0.119455
2266.000000 0.105672
2267.000000 0.150610
2268.000000 0.072311
2269.000000 0.297380
2270.000000 0.062605
2271.000000 0.149594
2272.000000 0.137303
2273.000000 0.108927
2274.000000 0.138433
2275.000000 0.194286
2276.000000 0.187979
2277.000000 0.150395
2278.000000 0.105546
2279.000000 0.134162
2280.000000 0.128775
2281.000000 0.170802
2282.000000 0.172018
2283.000000 0.244006
2284.000000 0.089808
2285.000000 0.143208
2286.000000 0.220479
2287.000000 0.082403
2288.000000 0.101479
2289.000000 0.115806
2290.000000 0.029872
2291.000000 0.167762
2292.000000 0.202889
2293.000000 0.099780
2294.000000 0.108101
2295.000000 0.373431
2296.000000 0.092696
2297.000000 0.286825
2298.000000 0.243787
2299.000000 0.088826
2300.000000 0.297871
2301.000000 0.140179
2302.000000 0.058869
2303.000000 0.118693
2304.000000 0.082655
2305.000000 0.165617
2306.000000 0.114516
2307.000000 0.107881
2308.000000 0.056799
2309.000000 0.095716
2310.000000 0.089648
2311.000000 0.173943
2312.000000 0.248909
2313.000000 0.188523
2314.000000 0.115422
2315.000000 0.115310
2316.000000 0.083999
2317.000000 0.180324
2318.000000 0.075074
2319.000000 0.135538
2320.000000 0.167450
2321.000000 0.282368
2322.000000 0.101924
2323.000000 0.151244
2324.000000 0.178392
2325.000000 0.075603
2326.000000 0.078294
2327.000000 0.161998
2328.000000 0.182859
2329.000000 0.059382
2330.000000 0.047782
2331.000000 0.181661
2332.000000 0.078014
2333.000000 0.146060
2334.000000 0.246942
2335.000000 0.195496
2336.000000 0.059689
2337.000000 0.095695
2338.000000 0.112870
2339.000000 0.229888
2340.000000 0.080754
2341.000000 0.117597
2342.000000 0.149721
2343.000000 0.136378
2344.000000 0.045152
2345.000000 0.196603
2346.000000 0.108191
2347.000000 0.253473
2348.000000 0.164787
2349.000000 0.118356
2350.000000 0.113792
2351.000000 0.188164
2352.000000 0.096007
2353.000000 0.022544
2354.000000 0.116080
2355.000000 0.238254
2356.000000 0.152362
2357.000000 0.031976
2358.000000 0.202634
2359.000000 0.017065
2360.000000 0.081194
2361.000000 0.073001
2362.000000 0.134123
2363.000000 0.042601
2364.000000 0.114862
2365.000000 0.031967
2366.000000 0.116365
2367.000000 0.056429
2368.000000 0.157069
2369.000000 0.141482
2370.000000 0.096418
2371.000000 0.186970
2372.000000 0.083136
2373.000000 0.054628
2374.000000 0.295370
2375.000000 0.126358
2376.000000 0.226948
2377.000000 0.051111
2378.000000 0.197182
2379.000000 0.046415
2380.000000 0.040379
2381.000000 0.102977
2382.000000 0.242351
2383.000000 0.122587
2384.000000 0.015251
2385.000000 0.176731
2386.000000 0.176444
2387.000000 0.188669
2388.000000 0.097589
2389.000000 0.067039
2390.000000 0.071605
2391.000000 0.150395
2392.000000 0.175367
2393.000000 0.041656
2394.000000 0.177779
2395.000000 0.099378
2396.000000 0.088724
2397.000000 0.253854
2398.000000 0.112762
2399.000000 0.107185
2400.000000 0.179526
2401.000000 0.234197
2402.000000 0.203298
2403.000000 0.273769
2404.000000 0.083986
2405.000000 0.117975
2406.000000 0.132048
2407.000000 0.147237
2408.000000 0.146933
2409.000000 0.142176
2410.000000 0.154750
2411.000000 0.090296
2412.000000 0.137464
2413.000000 0.235583
2414.000000 0.220241
2415.000000 0.123728
2416.000000 0.147981
2417.000000 0.211488
2418.000000 0.162388
2419.000000 0.093016
2420.000000 0.117830
2421.000000 0.089415
2422.000000 0.166226
2423.000000 0.117181
2424.000000 0.064734
2425.000000 0.035955
2426.000000 0.079047
2427.000000 0.118936
2428.000000 0.024122
2429.000000 0.177207
2430.000000 0.034363
2431.000000 0.063036
2432.000000 0.181759
2433.000000 0.211771
2434.000000 0.224275
2435.000000 0.169508
2436.000000 0.121675
2437.000000 0.060011
2438.000000 0.081009
2439.000000 0.206427
2440.000000 0.183825
2441.000000 0.146745
2442.000000 0.116551
2443.000000 0.195944
2444.000000 0.182069
2445.000000 0.067975
2446.000000 0.181504
2447.000000 0.324296
2448.000000 0.094542
2449.000000 0.016668
2450.000000 0.036437
2451.000000 0.220156
2452.000000 0.180194
2453.000000 0.048305
2454.000000 0.231086
2455.000000 0.171294
2456.000000 0.240655
2457.000000 0.053756
2458.000000 0.101106
2459.000000 0.182872
2460.000000 0.105733
2461.000000 0.238886
2462.000000 0.041067
2463.000000 0.031030
2464.000000 0.126791
2465.000000 0.179577
2466.000000 0.243344
2467.000000 0.050184
2468.000000 0.133357
2469.000000 0.058723
2470.000000 0.190132
2471.000000 0.094788
2472.000000 0.133951
2473.000000 0.069222
2474.000000 0.065093
2475.000000 0.120509
2476.000000 0.113318
2477.000000 0.051863
2478.000000 0.038078
2479.000000 0.140784
2480.000000 0.216935
2481.000000 0.112035
2482.000000 0.131010
2483.000000 0.231928
2484.000000 0.073782
2485.000000 0.038067
2486.000000 0.114671
2487.000000 0.084684
2488.000000 0.097931
2489.000000 0.052920
2490.000000 0.170646
2491.000000 0.081265
2492.000000 0.148019
2493.000000 0.174764
2494.000000 0.101969
2495.000000 0.207636
2496.000000 0.156158
2497.000000 0.084700
2498.000000 0.186978
2499.000000 0.139771
2500.000000 0.192184
2501.000000 0.106302
2502.000000 0.113314
2503.000000 0.202736
2504.000000 0.120336
2505.000000 0.122118
2506.000000 0.189274
2507.000000 0.169637
2508.000000 0.044704
2509.000000 0.218411
2510.000000 0.057398
2511.000000 0.074878
2512.000000 0.065375
2513.000000 0.130182
2514.000000 0.222343
2515.000000 0.112619
2516.000000 0.162774
2517.000000 0.077479
2518.000000 0.187484
2519.000000 0.096340
2520.000000 0.039020
2521.000000 0.173301
2522.000000 0.069459
2523.000000 0.074632
2524.000000 0.212604
2525.000000 0.071593
2526.000000 0.216459
2527.000000 0.020538
2528.000000 0.079884
2529.000000 0.146400
2530.000000 0.113938
2531.000000 0.229129
2532.000000 0.121481
2533.000000 0.085302
2534.000000 0.138739
2535.000000 0.163430
2536.000000 0.219527
2537.000000 0.104129
2538.000000 0.237173
2539.000000 0.180455
2540.000000 0.097707
2541.000000 0.123409
2542.000000 0.085470
2543.000000 0.058318
2544.000000 0.143259
2545.000000 0.118657
2546.000000 0.115854
2547.000000 0.047557
2548.000000 0.089353
2549.000000 0.074383
2550.000000 0.098521
2551.000000 0.154462
2552.000000 0.070524
2553.000000 0.035938
2554.000000 0.091357
2555.000000 0.047791
2556.000000 0.133802
2557.000000 0.212531
2558.000000 0.059748
2559.000000 0.152170
2560.000000 0.070573
2561.000000 0.106087
2562.000000 0.059085
2563.000000 0.149492
2564.000000 0.078156
2565.000000 0.211359
2566.000000 0.102201
2567.000000 0.140430
2568.000000 0.135196
2569.000000 0.064752
2570.000000 0.045052
2571.000000 0.073507
2572.000000 0.049143
2573.000000 0.148584
2574.000000 0.214425
2575.000000 0.138754
2576.000000 0.292166
2577.000000 0.161186
2578.000000 0.136418
2579.000000 0.082489
2580.000000 0.198482
2581.000000 0.081844
2582.000000 0.122051
2583.000000 0.178553
2584.000000 0.078985
2585.000000 0.107022
2586.000000 0.165582
2587.000000 0.236347
2588.000000 0.168231
2589.000000 0.149586
2590.000000 0.003086
2591.000000 0.080145
2592.000000 0.166146
2593.000000 0.092200
2594.000000 0.169581
2595.000000 0.081894
2596.000000 0.182420
2597.000000 0.115576
2598.000000 0.024268
2599.000000 0.212176
2600.000000 0.091311
2601.000000 0.181873
2602.000000 0.055510
2603.000000 0.118039
2604.000000 0.086735
2605.000000 0.221820
2606.000000 0.108516
2607.000000 0.042720
2608.000000 0.075028
2609.000000 0.175571
2610.000000 0.161302
2611.000000 0.118816
2612.000000 0.100209
2613.000000 0.066066
2614.000000 0.186273
2615.000000 0.125286
2616.000000 0.112022
2617.000000 0.038314
2618.000000 0.029024
2619.000000 0.234429
2620.000000 0.008528
2621.000000 0.208935
2622.000000 0.136443
2623.000000 0.058076
2624.000000 0.075415
2625.000000 0.034644
2626.000000 0.131689
2627.000000 0.002678
2628.000000 0.067803
2629.000000 0.091382
2630.000000 0.069767
2631.000000 0.196340
2632.000000 0.035272
2633.000000 0.092274
2634.000000 0.245263
2635.000000 0.129074
2636.000000 0.208132
2637.000000 0.187394
2638.000000 0.089241
2639.000000 0.171934
2640.000000 0.113189
2641.000000 0.093811
2642.000000 0.092461
2643.000000 0.145408
2644.000000 0.115077
2645.000000 0.057875
2646.000000 0.137914
2647.000000 0.157663
2648.000000 0.054879
2649.000000 0.302469
2650.000000 0.188919
2651.000000 0.080640
2652.000000 0.186790
2653.000000 0.061936
2654.000000 0.086486
2655.000000 0.073706
2656.000000 0.118129
2657.000000 0.105027
2658.000000 0.160964
2659.000000 0.114471
2660.000000 0.117507
2661.000000 0.040550
2662.000000 0.105822
2663.000000 0.155298
2664.000000 0.184110
2665.000000 0.219331
2666.000000 0.195964
2667.000000 0.073145
2668.000000 0.103417
2669.000000 0.120247
2670.000000 0.232839
2671.000000 0.124072
2672.000000 0.167268
2673.000000 0.108687
2674.000000 0.093661
2675.000000 0.062181
2676.000000 0.061653
2677.000000 0.193399
2678.000000 0.010730
2679.000000 0.134419
2680.000000 0.284198
2681.000000 0.205295
2682.000000 0.235021
2683.000000 0.128072
2684.000000 0.115566
2685.000000 0.051293
2686.000000 0.147511
2687.000000 0.234754
2688.000000 0.106502
2689.000000 0.122015
2690.000000 0.156406
2691.000000 0.077465
2692.000000 0.119230
2693.000000 0.126132
2694.000000 0.136133
2695.000000 0.137757
2696.000000 0.211754
2697.000000 0.043902
2698.000000 0.049636
2699.000000 0.107155
2700.000000 0.092338
2701.000000 0.045567
2702.000000 0.094258
2703.000000 0.177879
2704.000000 0.074441
2705.000000 0.034558
2706.000000 0.165365
2707.000000 0.037055
2708.000000 0.041256
2709.000000 0.099396
2710.000000 0.140791
2711.000000 0.029952
2712.000000 0.081064
2713.000000 0.241375
2714.000000 0.131059
2715.000000 0.099551
2716.000000 0.087087
2717.000000 0.033436
2718.000000 0.159182
2719.000000 0.092999
2720.000000 0.029070
2721.000000 0.117412
2722.000000 0.106239
2723.000000 0.126322
2724.000000 0.172274
2725.000000 0.179367
2726.000000 0.101301
2727.000000 0.072635
2728.000000 0.130913
2729.000000 0.074941
2730.000000 0.088720
2731.000000 0.267960
2732.000000 0.075868
2733.000000 0.112811
2734.000000 0.159180
2735.000000 0.135931
2736.000000 0.165750
2737.000000 0.105928
2738.000000 0.157849
2739.000000 0.129487
2740.000000 0.163064
2741.000000 0.152492
2742.000000 0.023904
2743.000000 0.196837
2744.000000 0.135154
2745.000000 0.105855
2746.000000 0.113747
2747.000000 0.063948
2748.000000 0.126332
2749.000000 0.087434
2750.000000 0.144910
2751.000000 0.073249
2752.000000 0.058024
2753.000000 0.025332
2754.000000 0.061637
2755.000000 0.179263
2756.000000 0.140223
2757.000000 0.211655
2758.000000 0.301403
2759.000000 0.227698
2760.000000 0.110371
2761.000000 0.154758
2762.000000 0.079151
2763.000000 0.034145
2764.000000 0.073081
2765.000000 0.115750
2766.000000 0.103504
2767.000000 0.063878
2768.000000 0.212041
2769.000000 0.134951
2770.000000 0.185917
2771.000000 0.034005
2772.000000 0.156863
2773.000000 0.234821
2774.000000 0.135573
2775.000000 0.125707
2776.000000 0.016229
2777.000000 0.068348
2778.000000 0.136804
2779.000000 0.120995
2780.000000 0.056902
2781.000000 0.223245
2782.000000 0.043868
2783.000000 0.122714
2784.000000 0.125463
2785.000000 0.131378
2786.000000 0.107010
2787.000000 0.132988
2788.000000 0.173756
2789.000000 0.161702
2790.000000 0.167673
2791.000000 0.113020
2792.000000 0.058043
2793.000000 0.171538
2794.000000 0.092761
2795.000000 0.042691
2796.000000 0.211899
2797.000000 0.158244
2798.000000 0.093250
2799.000000 0.134130
2800.000000 0.302180
2801.000000 0.250586
2802.000000 0.241244
2803.000000 0.092058
2804.000000 0.102234
2805.000000 0.139029
2806.000000 0.121781
2807.000000 0.031685
2808.000000 0.201097
2809.000000 0.103652
2810.000000 0.138170
2811.000000 0.076618
2812.000000 0.158062
2813.000000 0.050582
2814.000000 0.097114
2815.000000 0.089983
2816.000000 0.156076
2817.000000 0.233601
2818.000000 0.081955
2819.000000 0.010352
2820.000000 0.154772
2821.000000 0.058782
2822.000000 0.038886
2823.000000 0.166327
2824.000000 0.062125
2825.000000 0.105383
2826.000000 0.230710
2827.000000 0.217259
2828.000000 0.096555
2829.000000 0.067390
2830.000000 0.185673
2831.000000 0.206276
2832.000000 0.090864
2833.000000 0.116752
2834.000000 0.096302
2835.000000 0.032739
2836.000000 0.110864
2837.000000 0.062440
2838.000000 0.192440
2839.000000 0.087442
2840.000000 0.116728
2841.000000 0.220958
2842.000000 0.067061
2843.000000 0.074937
2844.000000 0.101843
2845.000000 0.031296
2846.000000 0.221082
2847.000000 0.108179
2848.000000 0.052815
2849.000000 0.227776
2850.000000 0.081710
2851.000000 0.067105
2852.000000 0.019615
2853.000000 0.081109
2854.000000 0.166668
2855.000000 0.066873
2856.000000 0.220128
2857.000000 0.164057
2858.000000 0.049950
2859.000000 0.108242
2860.000000 0.084804
2861.000000 0.107508
2862.000000 0.111357
2863.000000 0.117169
2864.000000 0.101101
2865.000000 0.197497
2866.000000 0.152628
2867.000000 0.220753
2868.000000 0.137321
2869.000000 0.091706
2870.000000 0.117475
2871.000000 0.231052
2872.000000 0.155328
2873.000000 0.197847
2874.000000 0.115928
2875.000000 0.097391
2876.000000 0.158600
2877.000000 0.157242
2878.000000 0.212044
2879.000000 0.120798
2880.000000 0.041201
2881.000000 0.228508
2882.000000 0.086714
2883.000000 0.156622
2884.000000 0.083447
2885.000000 0.245664
2886.000000 0.153711
2887.000000 0.112344
2888.000000 0.096329
2889.000000 0.192279
2890.000000 0.092239
2891.000000 0.171495
2892.000000 0.256754
2893.000000 0.181905
2894.000000 0.158051
2895.000000 0.119218
2896.000000 0.042547
2897.000000 0.124564
2898.000000 0.095111
2899.000000 0.102071
2900.000000 0.178294
2901.000000 0.172076
2902.000000 0.126469
2903.000000 0.137302
2904.000000 0.160493
2905.000000 0.210117
2906.000000 0.028947
2907.000000 0.079779
2908.000000 0.263017
2909.000000 0.208733
2910.000000 0.199862
2911.000000 0.070538
2912.000000 0.094373
2913.000000 0.137815
2914.000000 0.056261
2915.000000 0.155800
2916.000000 0.132024
2917.000000 0.094643
2918.000000 0.184329
2919.000000 0.157260
2920.000000 0.169577
2921.000000 0.020764
2922.000000 0.108321
2923.000000 0.035969
2924.000000 0.041569
2925.000000 0.080320
2926.000000 0.192441
2927.000000 0.110212
2928.000000 0.023654
2929.000000 0.029805
2930.000000 0.049612
2931.000000 0.248874
2932.000000 0.067064
2933.000000 0.161728
2934.000000 0.112694
2935.000000 0.092798
2936.000000 0.075150
2937.000000 0.174519
2938.000000 0.162189
2939.000000 0.086952
2940.000000 0.267139
2941.000000 0.149417
2942.000000 0.051995
2943.000000 0.095772
2944.000000 0.128020
2945.000000 0.037391
2946.000000 0.066873
2947.000000 0.074494
2948.000000 0.033101
2949.000000 0.063850
2950.000000 0.167544
2951.000000 0.036270
2952.000000 0.046133
2953.000000 0.134545
2954.000000 0.201913
2955.000000 0.036028
2956.000000 0.185605
2957.000000 0.110291
2958.000000 0.148725
2959.000000 0.217114
2960.000000 0.033079
2961.000000 0.048732
2962.000000 0.208037
2963.000000 0.159367
2964.000000 0.179813
2965.000000 0.122968
2966.000000 0.156645
2967.000000 0.101466
2968.000000 0.132316
2969.000000 0.078171
2970.000000 0.027864
2971.000000 0.074218
2972.000000 0.073808
2973.000000 0.178420
2974.000000 0.209364
2975.000000 0.086254
2976.000000 0.261412
2977.000000 0.195775
2978.000000 0.083879
2979.000000 0.110449
2980.000000 0.064818
2981.000000 0.135353
2982.000000 0.046727
2983.000000 0.108046
2984.000000 0.151034
2985.000000 0.017595
2986.000000 0.167015
2987.000000 0.170694
2988.000000 0.044561
2989.000000 0.050278
2990.000000 0.234375
2991.000000 0.046565
2992.000000 0.093282
2993.000000 0.121302
2994.000000 0.161438
2995.000000 0.066149
2996.000000 0.184226
2997.000000 0.072945
2998.000000 0.062264
2999.000000 0.307559
3000.000000 0.132929
