0.000000 0.207549
1.000000 0.247601
2.000000 0.492402
3.000000 0.528862
4.000000 0.215060
5.000000 0.413271
6.000000 0.271509
7.000000 0.431367
8.000000 0.263891
9.000000 0.300148
10.000000 0.206683
11.000000 0.539182
12.000000 0.310771
13.000000 0.491787
14.000000 0.314911
15.000000 0.157013
16.000000 0.181414
17.000000 0.469027
18.000000 0.269153
19.000000 0.502784
20.000000 0.331982
21.000000 0.328299
22.000000 0.343082
23.000000 0.380263
24.000000 0.547298
25.000000 0.401245
26.000000 0.256972
27.000000 0.114139
28.000000 0.278414
29.000000 0.341136
30.000000 0.311262
31.000000 0.136709
32.000000 0.436029
33.000000 0.168432
34.000000 0.336653
35.000000 0.540029
36.000000 0.285632
37.000000 0.197168
38.000000 0.124857
39.000000 0.479160
40.000000 0.592902
41.000000 0.260006
42.000000 0.086107
43.000000 0.177243
44.000000 0.375344
45.000000 0.269410
46.000000 0.304550
47.000000 0.289640
48.000000 0.142075
49.000000 0.192677
50.000000 0.234016
51.000000 0.142501
52.000000 0.204304
53.000000 0.373387
54.000000 0.309141
55.000000 0.727725
56.000000 0.283692
57.000000 0.113576
58.000000 0.279812
59.000000 0.365944
60.000000 0.406616
61.000000 0.562629
62.000000 0.445960
63.000000 0.223356
64.000000 0.049973
65.000000 0.223421
66.000000 0.334583
67.000000 0.232045
68.000000 0.385436
69.000000 0.139041
70.000000 0.022106
71.000000 0.065895
72.000000 0.408367
73.000000 0.201440
74.000000 0.155146
75.000000 0.231584
76.000000 0.291542
77.000000 0.138461
78.000000 0.047117
79.000000 0.343025
80.000000 0.401456
81.000000 0.397303
82.000000 0.396250
83.000000 0.161627
84.000000 0.320775
85.000000 0.581704
86.000000 0.304643
87.000000 0.251058
88.000000 0.308915
89.000000 0.455923
90.000000 0.345470
91.000000 0.568648
92.000000 0.269991
93.000000 0.417992
94.000000 0.260648
95.000000 0.204863
96.000000 0.448210
97.000000 0.343270
98.000000 0.298531
99.000000 0.297147
100.000000 0.198484
101.000000 0.430229
102.000000 0.272628
103.000000 0.530937
104.000000 0.302072
105.000000 0.322294
106.000000 0.385249
107.000000 0.312658
108.000000 0.090598
109.000000 0.375279
110.000000 0.326678
111.000000 0.215540
112.000000 0.370367
113.000000 0.194116
114.000000 0.167617
115.000000 0.115484
116.000000 0.201591
117.000000 0.479095
118.000000 0.317430
119.000000 0.352454
120.000000 0.433962
121.000000 0.295753
122.000000 0.120214
123.000000 0.318125
124.000000 0.257433
125.000000 0.280767
126.000000 0.336583
127.000000 0.447184
128.000000 0.217202
129.000000 0.448035
130.000000 0.472675
131.000000 0.124896
132.000000 0.209010
133.000000 0.409439
134.000000 0.415175
135.000000 0.380459
136.000000 0.541331
137.000000 0.461783
138.000000 0.304188
139.000000 0.565697
140.000000 0.452925
141.000000 0.251655
142.000000 0.116821
143.000000 0.285271
144.000000 0.451289
145.000000 0.474060
146.000000 0.316088
147.000000 0.334886
148.000000 0.043785
149.000000 0.271647
150.000000 0.387027
151.000000 0.378114
152.000000 0.451108
153.000000 0.182222
154.000000 0.136717
155.000000 0.155860
156.000000 0.462976
157.000000 0.233233
158.000000 0.185347
159.000000 0.523739
160.000000 0.461939
161.000000 0.129191
162.000000 0.227379
163.000000 0.440761
164.000000 0.136252
165.000000 0.436500
166.000000 0.371943
167.000000 0.515344
168.000000 0.231086
169.000000 0.016142
170.000000 0.222541
171.000000 0.071231
172.000000 0.384961
173.000000 0.175204
174.000000 0.137195
175.000000 0.172065
176.000000 0.334505
177.000000 0.286642
178.000000 0.211740
179.000000 0.344454
180.000000 0.170011
181.000000 0.257168
182.000000 0.229404
183.000000 0.165031
184.000000 0.139872
185.000000 0.368933
186.000000 0.358264
187.000000 0.165915
188.000000 0.075204
189.000000 0.199956
190.000000 0.353227
191.000000 0.203392
192.000000 0.492559
193.000000 0.308323
194.000000 0.138884
195.000000 0.091453
196.000000 0.276427
197.000000 0.113724
198.000000 0.349909
199.000000 0.489980
200.000000 0.390644
201.000000 0.472441
202.000000 0.657781
203.000000 0.586574
204.000000 0.109990
205.000000 0.174594
206.000000 0.266168
207.000000 0.165940
208.000000 0.623477
209.000000 0.517734
210.000000 0.021743
211.000000 0.324294
212.000000 0.362750
213.000000 0.219225
214.000000 0.283454
215.000000 0.513742
216.000000 0.376441
217.000000 0.276657
218.000000 0.232424
219.000000 0.395349
220.000000 0.319093
221.000000 0.203240
222.000000 0.384669
223.000000 0.134622
224.000000 0.309679
225.000000 0.318459
226.000000 0.318763
227.000000 0.319512
228.000000 0.439409
229.000000 0.359014
230.000000 0.265557
231.000000 0.251192
232.000000 0.149370
233.000000 0.379264
234.000000 0.497872
235.000000 0.282757
236.000000 0.151160
237.000000 0.033164
238.000000 0.211169
239.000000 0.361277
240.000000 0.434274
241.000000 0.301796
242.000000 0.366379
243.000000 0.049623
244.000000 0.033137
245.000000 0.344815
246.000000 0.223504
247.000000 0.165038
248.000000 0.189963
249.000000 0.430431
250.000000 0.350785
251.000000 0.469563
252.000000 0.341593
253.000000 0.492913
254.000000 0.173971
255.000000 0.342055
256.000000 0.526272
257.000000 0.396437
258.000000 0.249852
259.000000 0.304439
260.000000 0.369462
261.000000 0.479164
262.000000 0.224567
263.000000 0.213628
264.000000 0.167924
265.000000 0.458505
266.000000 0.127660
267.000000 0.199593
268.000000 0.320555
269.000000 0.191299
270.000000 0.130324
271.000000 0.514130
272.000000 0.405478
273.000000 0.179839
274.000000 0.314203
275.000000 0.337239
276.000000 0.425682
277.000000 0.191481
278.000000 0.114114
279.000000 0.383323
280.000000 0.329516
281.000000 0.234935
282.000000 0.135951
283.000000 0.129513
284.000000 0.072446
285.000000 0.202035
286.000000 0.394796
287.000000 0.446186
288.000000 0.421497
289.000000 0.066688
290.000000 0.217212
291.000000 0.194010
292.000000 0.438538
293.000000 0.350817
294.000000 0.253484
295.000000 0.205036
296.000000 0.411790
297.000000 0.221632
298.000000 0.209692
299.000000 0.121067
300.000000 0.236492
301.000000 0.180568
302.000000 0.193206
303.000000 0.207827
304.000000 0.259172
305.000000 0.272452
306.000000 0.171131
307.000000 0.313673
308.000000 0.229395
309.000000 0.026456
310.000000 0.183708
311.000000 0.375251
312.000000 0.166672
313.000000 0.288418
314.000000 0.351328
315.000000 0.407862
316.000000 0.357024
317.000000 0.327584
318.000000 0.511930
319.000000 0.396057
320.000000 0.265054
321.000000 0.113042
322.000000 0.238946
323.000000 0.092477
324.000000 0.167365
325.000000 0.522566
326.000000 0.370915
327.000000 0.135657
328.000000 0.141316
329.000000 0.227459
330.000000 0.410959
331.000000 0.377147
332.000000 0.544239
333.000000 0.124486
334.000000 0.268124
335.000000 0.074537
336.000000 0.225889
337.000000 0.282974
338.000000 0.356645
339.000000 0.446961
340.000000 0.420010
341.000000 0.164460
342.000000 0.222462
343.000000 0.274826
344.000000 0.449865
345.000000 0.387263
346.000000 0.063335
347.000000 0.247926
348.000000 0.332601
349.000000 0.368881
350.000000 0.353475
351.000000 0.535868
352.000000 0.173920
353.000000 0.230970
354.000000 0.232303
355.000000 0.422226
356.000000 0.387476
357.000000 0.501235
358.000000 0.491661
359.000000 0.065264
360.000000 0.244931
361.000000 0.457100
362.000000 0.326262
363.000000 0.172774
364.000000 0.270955
365.000000 0.260312
366.000000 0.240387
367.000000 0.345614
368.000000 0.438024
369.000000 0.351406
370.000000 0.643451
371.000000 0.275269
372.000000 0.346395
373.000000 0.275905
374.000000 0.142572
375.000000 0.322169
376.000000 0.285866
377.000000 0.252235
378.000000 0.115714
379.000000 0.250485
380.000000 0.549254
381.000000 0.098646
382.000000 0.396053
383.000000 0.380398
384.000000 0.392245
385.000000 0.430740
386.000000 0.495491
387.000000 0.469421
388.000000 0.441209
389.000000 0.390325
390.000000 0.316495
391.000000 0.371192
392.000000 0.274060
393.000000 0.324455
394.000000 0.378762
395.000000 0.129105
396.000000 0.290490
397.000000 0.139450
398.000000 0.512846
399.000000 0.410347
400.000000 0.438216
401.000000 0.118664
402.000000 0.270163
403.000000 0.326939
404.000000 0.117376
405.000000 0.314175
406.000000 0.582134
407.000000 0.546615
408.000000 0.306656
409.000000 0.378654
410.000000 0.219869
411.000000 0.167792
412.000000 0.214297
413.000000 0.259327
414.000000 0.532311
415.000000 0.157030
416.000000 0.374175
417.000000 0.304829
418.000000 0.395787
419.000000 0.390947
420.000000 0.062246
421.000000 0.176512
422.000000 0.351758
423.000000 0.354446
424.000000 0.278123
425.000000 0.325206
426.000000 0.540600
427.000000 0.395372
428.000000 0.479697
429.000000 0.452017
430.000000 0.370851
431.000000 0.215775
432.000000 0.157265
433.000000 0.119903
434.000000 0.170198
435.000000 0.368266
436.000000 0.426309
437.000000 0.349318
438.000000 0.107139
439.000000 0.220163
440.000000 0.233493
441.000000 0.435772
442.000000 0.667102
443.000000 0.609585
444.000000 0.441355
445.000000 0.330212
446.000000 0.081893
447.000000 0.264977
448.000000 0.569613
449.000000 0.495849
450.000000 0.604173
451.000000 0.025805
452.000000 0.221670
453.000000 0.316580
454.000000 0.206896
455.000000 0.498800
456.000000 0.155856
457.000000 0.274654
458.000000 0.321572
459.000000 0.352999
460.000000 0.548503
461.000000 0.300426
462.000000 0.318331
463.000000 0.269216
464.000000 0.155589
465.000000 0.280140
466.000000 0.482669
467.000000 0.379313
468.000000 0.231463
469.000000 0.259413
470.000000 0.249392
471.000000 0.222303
472.000000 0.046359
473.000000 0.152182
474.000000 0.591897
475.000000 0.101597
476.000000 0.109122
477.000000 0.467185
478.000000 0.496282
479.000000 0.489229
480.000000 0.393423
481.000000 0.475279
482.000000 0.310777
483.000000 0.423754
484.000000 0.547676
485.000000 0.377261
486.000000 0.282764
487.000000 0.422830
488.000000 0.164211
489.000000 0.100740
490.000000 0.421856
491.000000 0.233094
492.000000 0.321214
493.000000 0.547544
494.000000 0.294908
495.000000 0.323680
496.000000 0.413052
497.000000 0.727142
498.000000 0.398082
499.000000 0.546263
500.000000 0.232040
501.000000 0.218246
502.000000 0.359549
503.000000 0.399775
504.000000 0.260121
505.000000 0.343214
506.000000 0.260922
507.000000 0.268699
508.000000 0.360783
509.000000 0.290657
510.000000 0.478605
511.000000 0.348788
512.000000 0.432071
513.000000 0.488994
514.000000 0.523970
515.000000 0.505896
516.000000 0.693273
517.000000 0.226339
518.000000 0.150930
519.000000 0.580258
520.000000 0.251022
521.000000 0.255866
522.000000 0.412620
523.000000 0.500383
524.000000 0.474853
525.000000 0.543863
526.000000 0.139876
527.000000 0.263137
528.000000 0.625506
529.000000 0.516532
530.000000 0.596185
531.000000 0.434991
532.000000 0.402903
533.000000 0.558526
534.000000 0.312516
535.000000 0.268975
536.000000 0.466276
537.000000 0.628790
538.000000 0.483430
539.000000 0.537236
540.000000 0.522406
541.000000 0.208411
542.000000 0.158810
543.000000 0.268011
544.000000 0.285966
545.000000 0.426494
546.000000 0.538976
547.000000 0.380831
548.000000 0.615764
549.000000 0.648639
550.000000 0.435037
551.000000 0.378989
552.000000 0.192939
553.000000 0.316713
554.000000 0.454966
555.000000 0.353446
556.000000 0.336609
557.000000 0.405822
558.000000 0.418412
559.000000 0.195043
560.000000 0.091713
561.000000 0.096992
562.000000 0.194059
563.000000 0.184220
564.000000 0.385817
565.000000 0.268067
566.000000 0.557219
567.000000 0.312800
568.000000 0.221643
569.000000 0.285556
570.000000 0.244856
571.000000 0.448374
572.000000 0.094380
573.000000 0.148985
574.000000 0.269546
575.000000 0.340844
576.000000 0.450662
577.000000 0.630469
578.000000 0.345692
579.000000 0.244436
580.000000 0.181224
581.000000 0.319415
582.000000 0.120797
583.000000 0.520594
584.000000 0.416805
585.000000 0.085224
586.000000 0.290547
587.000000 0.313149
588.000000 0.260883
589.000000 0.339856
590.000000 0.262321
591.000000 0.380178
592.000000 0.236969
593.000000 0.486039
594.000000 0.428726
595.000000 0.186195
596.000000 0.142140
597.000000 0.312274
598.000000 0.173964
599.000000 0.372040
600.000000 0.114267
601.000000 0.375636
602.000000 0.427277
603.000000 0.367970
604.000000 0.023279
605.000000 0.289279
606.000000 0.380315
607.000000 0.384754
608.000000 0.173022
609.000000 0.229328
610.000000 0.093356
611.000000 0.343483
612.000000 0.236255
613.000000 0.488206
614.000000 0.289895
615.000000 0.217255
616.000000 0.345255
617.000000 0.144887
618.000000 0.278710
619.000000 0.324976
620.000000 0.376061
621.000000 0.357503
622.000000 0.571066
623.000000 0.137074
624.000000 0.278077
625.000000 0.226902
626.000000 0.173566
627.000000 0.310153
628.000000 0.140961
629.000000 0.168901
630.000000 0.240410
631.000000 0.295775
632.000000 0.205138
633.000000 0.128375
634.000000 0.313368
635.000000 0.263114
636.000000 0.308294
637.000000 0.435633
638.000000 0.122997
639.000000 0.404483
640.000000 0.247213
641.000000 0.216023
642.000000 0.307348
643.000000 0.233773
644.000000 0.146145
645.000000 0.262375
646.000000 0.136819
647.000000 0.097373
648.000000 0.247175
649.000000 0.105312
650.000000 0.416184
651.000000 0.483625
652.000000 0.150171
653.000000 0.360341
654.000000 0.412516
655.000000 0.292649
656.000000 0.424506
657.000000 0.258540
658.000000 0.050634
659.000000 0.213366
660.000000 0.295634
661.000000 0.458413
662.000000 0.656529
663.000000 0.194397
664.000000 0.402371
665.000000 0.271020
666.000000 0.276432
667.000000 0.496348
668.000000 0.364576
669.000000 0.182529
670.000000 0.230054
671.000000 0.139672
672.000000 0.101988
673.000000 0.268726
674.000000 0.151387
675.000000 0.326424
676.000000 0.601307
677.000000 0.138753
678.000000 0.079672
679.000000 0.195814
680.000000 0.251441
681.000000 0.153551
682.000000 0.101104
683.000000 0.416066
684.000000 0.432865
685.000000 0.294159
686.000000 0.439561
687.000000 0.370809
688.000000 0.301149
689.000000 0.226385
690.000000 0.274322
691.000000 0.327102
692.000000 0.468619
693.000000 0.631311
694.000000 0.471001
695.000000 0.450778
696.000000 0.357237
697.000000 0.403027
698.000000 0.502643
699.000000 0.397647
700.000000 0.427361
701.000000 0.653946
702.000000 0.395300
703.000000 0.277635
704.000000 0.530543
705.000000 0.522405
706.000000 0.333008
707.000000 0.320547
708.000000 0.076287
709.000000 0.018207
710.000000 0.185828
711.000000 0.185469
712.000000 0.058486
713.000000 0.191337
714.000000 0.132516
715.000000 0.555911
716.000000 0.283629
717.000000 0.299005
718.000000 0.128934
719.000000 0.151770
720.000000 0.479028
721.000000 0.456994
722.000000 0.259387
723.000000 0.362944
724.000000 0.649541
725.000000 0.424757
726.000000 0.168368
727.000000 0.540879
728.000000 0.403226
729.000000 0.257338
730.000000 0.118806
731.000000 0.271073
732.000000 0.349023
733.000000 0.508517
734.000000 0.312794
735.000000 0.255553
736.000000 0.290040
737.000000 0.166499
738.000000 0.408091
739.000000 0.548699
740.000000 0.351391
741.000000 0.300223
742.000000 0.286562
743.000000 0.453114
744.000000 0.569433
745.000000 0.312785
746.000000 0.394384
747.000000 0.616753
748.000000 0.348189
749.000000 0.277790
750.000000 0.336214
751.000000 0.464156
752.000000 0.183536
753.000000 0.438580
754.000000 0.284670
755.000000 0.245785
756.000000 0.409913
757.000000 0.454015
758.000000 0.316061
759.000000 0.226631
760.000000 0.419111
761.000000 0.571169
762.000000 0.442227
763.000000 0.741159
764.000000 0.280436
765.000000 0.378178
766.000000 0.415765
767.000000 0.280550
768.000000 0.407286
769.000000 0.296176
770.000000 0.452039
771.000000 0.461548
772.000000 0.309362
773.000000 0.637513
774.000000 0.273698
775.000000 0.383448
776.000000 0.234058
777.000000 0.392702
778.000000 0.340598
779.000000 0.357250
780.000000 0.379883
781.000000 0.211472
782.000000 0.435648
783.000000 0.184296
784.000000 0.273012
785.000000 0.123114
786.000000 0.319102
787.000000 0.320987
788.000000 0.392844
789.000000 0.253446
790.000000 0.538075
791.000000 0.368933
792.000000 0.550955
793.000000 0.288155
794.000000 0.466865
795.000000 0.217698
796.000000 0.531007
797.000000 0.161325
798.000000 0.102307
799.000000 0.195788
800.000000 0.297196
801.000000 0.548394
802.000000 0.246279
803.000000 0.437260
804.000000 0.397254
805.000000 0.434203
806.000000 0.188043
807.000000 0.349404
808.000000 0.207748
809.000000 0.291939
810.000000 0.302146
811.000000 0.519167
812.000000 0.456372
813.000000 0.294975
814.000000 0.576300
815.000000 0.297386
816.000000 0.381721
817.000000 0.376259
818.000000 0.056725
819.000000 0.161689
820.000000 0.493434
821.000000 0.294170
822.000000 0.147942
823.000000 0.293160
824.000000 0.146720
825.000000 0.371836
826.000000 0.480015
827.000000 0.300443
828.000000 0.315376
829.000000 0.482484
830.000000 0.264770
831.000000 0.518507
832.000000 0.231928
833.000000 0.137063
834.000000 0.277273
835.000000 0.252995
836.000000 0.179687
837.000000 0.205591
838.000000 0.127816
839.000000 0.168096
840.000000 0.394077
841.000000 0.155625
842.000000 0.221482
843.000000 0.343714
844.000000 0.445881
845.000000 0.308496
846.000000 0.516431
847.000000 0.286289
848.000000 0.186535
849.000000 0.400391
850.000000 0.218240
851.000000 0.102940
852.000000 0.230373
853.000000 0.320673
854.000000 0.599192
855.000000 0.568665
856.000000 0.104362
857.000000 0.217968
858.000000 0.343534
859.000000 0.342809
860.000000 0.132999
861.000000 0.378126
862.000000 0.557438
863.000000 0.510905
864.000000 0.418839
865.000000 0.591030
866.000000 0.409751
867.000000 0.340108
868.000000 0.112911
869.000000 0.303340
870.000000 0.547290
871.000000 0.295278
872.000000 0.300772
873.000000 0.510266
874.000000 0.429282
875.000000 0.197300
876.000000 0.350694
877.000000 0.231434
878.000000 0.540357
879.000000 0.533405
880.000000 0.313475
881.000000 0.133537
882.000000 0.356410
883.000000 0.220633
884.000000 0.282869
885.000000 0.352539
886.000000 0.479466
887.000000 0.056569
888.000000 0.377667
889.000000 0.306600
890.000000 0.432544
891.000000 0.322780
892.000000 0.184996
893.000000 0.253135
894.000000 0.264431
895.000000 0.304141
896.000000 0.223142
897.000000 0.297500
898.000000 0.404846
899.000000 0.041935
900.000000 0.181748
901.000000 0.179244
902.000000 0.372958
903.000000 0.275023
904.000000 0.264219
905.000000 0.333585
906.000000 0.194715
907.000000 0.462160
908.000000 0.292329
909.000000 0.348528
910.000000 0.224135
911.000000 0.023102
912.000000 0.456690
913.000000 0.239073
914.000000 0.133738
915.000000 0.410942
916.000000 0.128857
917.000000 0.591647
918.000000 0.303324
919.000000 0.419343
920.000000 0.174359
921.000000 0.240728
922.000000 0.407242
923.000000 0.498522
924.000000 0.293880
925.000000 0.285496
926.000000 0.423257
927.000000 0.353537
928.000000 0.204895
929.000000 0.508078
930.000000 0.187605
931.000000 0.134334
932.000000 0.170678
933.000000 0.137746
934.000000 0.290431
935.000000 0.303810
936.000000 0.150716
937.000000 0.242075
938.000000 0.312820
939.000000 0.333118
940.000000 0.250862
941.000000 0.098728
942.000000 0.136134
943.000000 0.356230
944.000000 0.322890
945.000000 0.519924
946.000000 0.319752
947.000000 0.186137
948.000000 0.374347
949.000000 0.214619
950.000000 0.146196
951.000000 0.162027
952.000000 0.363315
953.000000 0.393922
954.000000 0.439598
955.000000 0.566695
956.000000 0.179144
957.000000 0.086184
958.000000 0.314325
959.000000 0.364536
960.000000 0.453664
961.000000 0.444269
962.000000 0.217709
963.000000 0.290571
964.000000 0.399470
965.000000 0.296669
966.000000 0.120401
967.000000 0.365111
968.000000 0.369800
969.000000 0.403442
970.000000 0.471249
971.000000 0.456112
972.000000 0.286048
973.000000 0.348508
974.000000 0.351528
975.000000 0.261536
976.000000 0.389861
977.000000 0.565111
978.000000 0.496130
979.000000 0.336420
980.000000 0.274009
981.000000 0.213999
982.000000 0.309233
983.000000 0.179276
984.000000 0.445027
985.000000 0.415337
986.000000 0.513070
987.000000 0.441856
988.000000 0.051519
989.000000 0.101512
990.000000 0.110874
991.000000 0.366638
992.000000 0.081935
993.000000 0.324276
994.000000 0.343396
995.000000 0.501478
996.000000 0.425068
997.000000 0.481478
998.000000 0.456283
999.000000 0.278065
1000.000000 0.341518
1001.000000 0.476494
1002.000000 0.445791
1003.000000 0.298112
1004.000000 0.391637
1005.000000 0.228613
1006.000000 0.165603
1007.000000 0.332385
1008.000000 0.471810
1009.000000 0.537286
1010.000000 0.270114
1011.000000 0.408223
1012.000000 0.549488
1013.000000 0.378605
1014.000000 0.305217
1015.000000 0.628535
1016.000000 0.247162
1017.000000 0.256995
1018.000000 0.499308
1019.000000 0.322358
1020.000000 0.221824
1021.000000 0.069961
1022.000000 0.063858
1023.000000 0.234396
1024.000000 0.219021
1025.000000 0.428960
1026.000000 0.421958
1027.000000 0.524679
1028.000000 0.380376
1029.000000 0.377173
1030.000000 0.320032
1031.000000 0.413256
1032.000000 0.500684
1033.000000 0.476000
1034.000000 0.168719
1035.000000 0.190077
1036.000000 0.457460
1037.000000 0.327849
1038.000000 0.180519
1039.000000 0.206890
1040.000000 0.299861
1041.000000 0.481856
1042.000000 0.212510
1043.000000 0.255837
1044.000000 0.369790
1045.000000 0.317893
1046.000000 0.492117
1047.000000 0.643301
1048.000000 0.149768
1049.000000 0.439945
1050.000000 0.526229
1051.000000 0.544864
1052.000000 0.044822
1053.000000 0.419918
1054.000000 0.398582
1055.000000 0.260473
1056.000000 0.130629
1057.000000 0.187915
1058.000000 0.145054
1059.000000 0.374431
1060.000000 0.309150
1061.000000 0.440073
1062.000000 0.193034
1063.000000 0.522475
1064.000000 0.798318
1065.000000 0.091279
1066.000000 0.187507
1067.000000 0.346641
1068.000000 0.365007
1069.000000 0.534295
1070.000000 0.283624
1071.000000 0.335899
1072.000000 0.279451
1073.000000 0.516400
1074.000000 0.400170
1075.000000 0.355463
1076.000000 0.192594
1077.000000 0.354039
1078.000000 0.232634
1079.000000 0.303125
1080.000000 0.453437
1081.000000 0.271734
1082.000000 0.488347
1083.000000 0.351982
1084.000000 0.500935
1085.000000 0.279673
1086.000000 0.186618
1087.000000 0.398699
1088.000000 0.678949
1089.000000 0.379711
1090.000000 0.283256
1091.000000 0.104279
1092.000000 0.394543
1093.000000 0.315984
1094.000000 0.319854
1095.000000 0.478476
1096.000000 0.247441
1097.000000 0.028763
1098.000000 0.094638
1099.000000 0.171754
1100.000000 0.345961
1101.000000 0.216665
1102.000000 0.294434
1103.000000 0.209535
1104.000000 0.119505
1105.000000 0.462490
1106.000000 0.587574
1107.000000 0.539125
1108.000000 0.406219
1109.000000 0.329790
1110.000000 0.428302
1111.000000 0.164521
1112.000000 0.302769
1113.000000 0.311666
1114.000000 0.290484
1115.000000 0.300506
1116.000000 0.351010
1117.000000 0.503641
1118.000000 0.418676
1119.000000 0.345283
1120.000000 0.384367
1121.000000 0.651973
1122.000000 0.415567
1123.000000 0.269725
1124.000000 0.271074
1125.000000 0.166164
1126.000000 0.305497
1127.000000 0.373481
1128.000000 0.421621
1129.000000 0.433676
1130.000000 0.377176
1131.000000 0.317689
1132.000000 0.130547
1133.000000 0.238830
1134.000000 0.290454
1135.000000 0.153666
1136.000000 0.085430
1137.000000 0.245109
1138.000000 0.420588
1139.000000 0.450532
1140.000000 0.228083
1141.000000 0.081453
1142.000000 0.282606
1143.000000 0.183353
1144.000000 0.198636
1145.000000 0.553716
1146.000000 0.496716
1147.000000 0.468488
1148.000000 0.721687
1149.000000 0.456134
1150.000000 0.411823
1151.000000 0.225552
1152.000000 0.076367
1153.000000 0.321114
1154.000000 0.387606
1155.000000 0.626756
1156.000000 0.416269
1157.000000 0.390343
1158.000000 0.225095
1159.000000 0.147681
1160.000000 0.154808
1161.000000 0.217563
1162.000000 0.147638
1163.000000 0.151576
1164.000000 0.335743
1165.000000 0.072006
1166.000000 0.098288
1167.000000 0.331795
1168.000000 0.423149
1169.000000 0.646620
1170.000000 0.341623
1171.000000 0.306572
1172.000000 0.342078
1173.000000 0.239130
1174.000000 0.271009
1175.000000 0.338484
1176.000000 0.368833
1177.000000 0.509017
1178.000000 0.299516
1179.000000 0.264831
1180.000000 0.318361
1181.000000 0.350008
1182.000000 0.415092
1183.000000 0.569135
1184.000000 0.314821
1185.000000 0.300147
1186.000000 0.352843
1187.000000 0.528482
1188.000000 0.363659
1189.000000 0.495901
1190.000000 0.293163
1191.000000 0.284797
1192.000000 0.315947
1193.000000 0.097107
1194.000000 0.309097
1195.000000 0.206975
1196.000000 0.092651
1197.000000 0.037059
1198.000000 0.350733
1199.000000 0.595488
1200.000000 0.354518
1201.000000 0.256967
1202.000000 0.472208
1203.000000 0.573916
1204.000000 0.199425
1205.000000 0.395146
1206.000000 0.436256
1207.000000 0.284428
1208.000000 0.191876
1209.000000 0.144593
1210.000000 0.594318
1211.000000 0.348103
1212.000000 0.639283
1213.000000 0.221174
1214.000000 0.046011
1215.000000 0.172171
1216.000000 0.148600
1217.000000 0.307507
1218.000000 0.578891
1219.000000 0.459269
1220.000000 0.159299
1221.000000 0.346235
1222.000000 0.452155
1223.000000 0.320513
1224.000000 0.504263
1225.000000 0.467436
1226.000000 0.795730
1227.000000 0.460369
1228.000000 0.524235
1229.000000 0.397008
1230.000000 0.151570
1231.000000 0.289474
1232.000000 0.056451
1233.000000 0.168737
1234.000000 0.423682
1235.000000 0.125957
1236.000000 0.192826
1237.000000 0.321647
1238.000000 0.461666
1239.000000 0.472233
1240.000000 0.533538
1241.000000 0.117410
1242.000000 0.074899
1243.000000 0.061698
1244.000000 0.324396
1245.000000 0.134391
1246.000000 0.203931
1247.000000 0.340675
1248.000000 0.174921
1249.000000 0.262764
1250.000000 0.209964
1251.000000 0.021590
1252.000000 0.161085
1253.000000 0.233225
1254.000000 0.367024
1255.000000 0.253745
1256.000000 0.273637
1257.000000 0.430850
1258.000000 0.352733
1259.000000 0.504708
1260.000000 0.253826
1261.000000 0.222886
1262.000000 0.668598
1263.000000 0.198335
1264.000000 0.088966
1265.000000 0.134533
1266.000000 0.312611
1267.000000 0.240482
1268.000000 0.250999
1269.000000 0.514272
1270.000000 0.369478
1271.000000 0.465076
1272.000000 0.645543
1273.000000 0.337313
1274.000000 0.239464
1275.000000 0.369568
1276.000000 0.077310
1277.000000 0.343287
1278.000000 0.502757
1279.000000 0.021720
1280.000000 0.312208
1281.000000 0.211102
1282.000000 0.276854
1283.000000 0.383372
1284.000000 0.235507
1285.000000 0.544705
1286.000000 0.271985
1287.000000 0.259896
1288.000000 0.518408
1289.000000 0.365448
1290.000000 0.509330
1291.000000 0.522225
1292.000000 0.541460
1293.000000 0.150560
1294.000000 0.108843
1295.000000 0.269819
1296.000000 0.634977
1297.000000 0.464431
1298.000000 0.385085
1299.000000 0.445049
1300.000000 0.480705
1301.000000 0.258389
1302.000000 0.310710
1303.000000 0.552333
1304.000000 0.319475
1305.000000 0.501370
1306.000000 0.322545
1307.000000 0.324047
1308.000000 0.297655
1309.000000 0.527532
1310.000000 0.310729
1311.000000 0.482876
1312.000000 0.211648
1313.000000 0.091988
1314.000000 0.154416
1315.000000 0.333557
1316.000000 0.153014
1317.000000 0.383038
1318.000000 0.153764
1319.000000 0.442859
1320.000000 0.194059
1321.000000 0.256691
1322.000000 0.243332
1323.000000 0.435130
1324.000000 0.180816
1325.000000 0.226011
1326.000000 0.211437
1327.000000 0.363096
1328.000000 0.123186
1329.000000 0.219660
1330.000000 0.503924
1331.000000 0.312871
1332.000000 0.300956
1333.000000 0.251923
1334.000000 0.211328
1335.000000 0.386120
1336.000000 0.400065
1337.000000 0.470809
1338.000000 0.539934
1339.000000 0.437155
1340.000000 0.424545
1341.000000 0.354549
1342.000000 0.313825
1343.000000 0.540211
1344.000000 0.220670
1345.000000 0.273166
1346.000000 0.267232
1347.000000 0.547546
1348.000000 0.269590
1349.000000 0.485605
1350.000000 0.473438
1351.000000 0.523714
1352.000000 0.538741
1353.000000 0.381095
1354.000000 0.353566
1355.000000 0.264779
1356.000000 0.325633
1357.000000 0.090416
1358.000000 0.082342
1359.000000 0.270338
1360.000000 0.264460
1361.000000 0.177504
1362.000000 0.341112
1363.000000 0.291497
1364.000000 0.394443
1365.000000 0.589190
1366.000000 0.493055
1367.000000 0.148187
1368.000000 0.273339
1369.000000 0.142370
1370.000000 0.252567
1371.000000 0.154791
1372.000000 0.319236
1373.000000 0.366617
1374.000000 0.218069
1375.000000 0.454660
1376.000000 0.353959
1377.000000 0.214241
1378.000000 0.317663
1379.000000 0.347341
1380.000000 0.112094
1381.000000 0.211005
1382.000000 0.354111
1383.000000 0.087711
1384.000000 0.308318
1385.000000 0.440774
1386.000000 0.569309
1387.000000 0.246456
1388.000000 0.060652
1389.000000 0.061678
1390.000000 0.316292
1391.000000 0.493092
1392.000000 0.131115
1393.000000 0.314167
1394.000000 0.514261
1395.000000 0.297559
1396.000000 0.337422
1397.000000 0.501171
1398.000000 0.278195
1399.000000 0.222850
1400.000000 0.275742
1401.000000 0.079088
1402.000000 0.128499
1403.000000 0.037534
1404.000000 0.182562
1405.000000 0.264106
1406.000000 0.344736
1407.000000 0.147595
1408.000000 0.133021
1409.000000 0.425959
1410.000000 0.272426
1411.000000 0.333633
1412.000000 0.256370
1413.000000 0.352810
1414.000000 0.290342
1415.000000 0.419391
1416.000000 0.327779
1417.000000 0.146481
1418.000000 0.251916
1419.000000 0.233913
1420.000000 0.618435
1421.000000 0.122737
1422.000000 0.546914
1423.000000 0.459633
1424.000000 0.242653
1425.000000 0.188546
1426.000000 0.111789
1427.000000 0.446159
1428.000000 0.433107
1429.000000 0.476588
1430.000000 0.756664
1431.000000 0.111963
1432.000000 0.389990
1433.000000 0.282976
1434.000000 0.653595
1435.000000 0.299367
1436.000000 0.449220
1437.000000 0.265348
1438.000000 0.213296
1439.000000 0.529946
1440.000000 0.464990
1441.000000 0.362520
1442.000000 0.455532
1443.000000 0.565020
1444.000000 0.355236
1445.000000 0.033011
1446.000000 0.007563
1447.000000 0.129480
1448.000000 0.443171
1449.000000 0.157189
1450.000000 0.368984
1451.000000 0.431136
1452.000000 0.317027
1453.000000 0.044518
1454.000000 0.224884
1455.000000 0.212312
1456.000000 0.422945
1457.000000 0.423139
1458.000000 0.272212
1459.000000 0.390883
1460.000000 0.199548
1461.000000 0.234029
1462.000000 0.505681
1463.000000 0.529663
1464.000000 0.573452
1465.000000 0.202219
1466.000000 0.319366
1467.000000 0.411459
1468.000000 0.172149
1469.000000 0.127811
1470.000000 0.223237
1471.000000 0.452095
1472.000000 0.289368
1473.000000 0.340000
1474.000000 0.411302
1475.000000 0.264050
1476.000000 0.571800
1477.000000 0.681974
1478.000000 0.272032
1479.000000 0.381175
1480.000000 0.248647
1481.000000 0.336014
1482.000000 0.299801
1483.000000 0.350681
1484.000000 0.295141
1485.000000 0.408520
1486.000000 0.449589
1487.000000 0.215817
1488.000000 0.257685
1489.000000 0.598376
1490.000000 0.408724
1491.000000 0.527073
1492.000000 0.191509
1493.000000 0.337829
1494.000000 0.430743
1495.000000 0.317547
1496.000000 0.154625
1497.000000 0.479306
1498.000000 0.572419
1499.000000 0.509204
1500.000000 0.348759
1501.000000 0.245413
1502.000000 0.319306
1503.000000 0.056620
1504.000000 0.070264
1505.000000 0.105648
1506.000000 0.178706
1507.000000 0.573798
1508.000000 0.256341
1509.000000 0.411880
1510.000000 0.260431
1511.000000 0.425521
1512.000000 0.392999
1513.000000 0.382482
1514.000000 0.509351
1515.000000 0.271330
1516.000000 0.469313
1517.000000 0.076301
1518.000000 0.280574
1519.000000 0.120875
1520.000000 0.360935
1521.000000 0.264270
1522.000000 0.167815
1523.000000 0.102353
1524.000000 0.128153
1525.000000 0.204543
1526.000000 0.382998
1527.000000 0.505458
1528.000000 0.418209
1529.000000 0.655740
1530.000000 0.457858
1531.000000 0.330230
1532.000000 0.298735
1533.000000 0.476077
1534.000000 0.292800
1535.000000 0.265473
1536.000000 0.410343
1537.000000 0.356092
1538.000000 0.232027
1539.000000 0.220732
1540.000000 0.398018
1541.000000 0.423682
1542.000000 0.160731
1543.000000 0.185900
1544.000000 0.338114
1545.000000 0.156599
1546.000000 0.282921
1547.000000 0.273833
1548.000000 0.484267
1549.000000 0.484907
1550.000000 0.185634
1551.000000 0.249976
1552.000000 0.121150
1553.000000 0.226672
1554.000000 0.225007
1555.000000 0.101952
1556.000000 0.053102
1557.000000 0.195268
1558.000000 0.373204
1559.000000 0.449033
1560.000000 0.433290
1561.000000 0.448414
1562.000000 0.428041
1563.000000 0.457408
1564.000000 0.526680
1565.000000 0.311202
1566.000000 0.292151
1567.000000 0.288693
1568.000000 0.447889
1569.000000 0.030927
1570.000000 0.275671
1571.000000 0.409727
1572.000000 0.469688
1573.000000 0.368564
1574.000000 0.442022
1575.000000 0.436825
1576.000000 0.411665
1577.000000 0.571393
1578.000000 0.088121
1579.000000 0.197113
1580.000000 0.368482
1581.000000 0.302753
1582.000000 0.331192
1583.000000 0.269302
1584.000000 0.452870
1585.000000 0.308724
1586.000000 0.222201
1587.000000 0.041276
1588.000000 0.130229
1589.000000 0.193219
1590.000000 0.175817
1591.000000 0.409110
1592.000000 0.492148
1593.000000 0.550353
1594.000000 0.412473
1595.000000 0.590112
1596.000000 0.553791
1597.000000 0.401443
1598.000000 0.356383
1599.000000 0.116247
1600.000000 0.351285
1601.000000 0.138785
1602.000000 0.138975
1603.000000 0.106938
1604.000000 0.223223
1605.000000 0.383925
1606.000000 0.429646
1607.000000 0.353316
1608.000000 0.309572
1609.000000 0.589063
1610.000000 0.158968
1611.000000 0.124306
1612.000000 0.072417
1613.000000 0.239425
1614.000000 0.300100
1615.000000 0.191939
1616.000000 0.326642
1617.000000 0.296526
1618.000000 0.290976
1619.000000 0.313085
1620.000000 0.343395
1621.000000 0.153559
1622.000000 0.161348
1623.000000 0.243283
1624.000000 0.364611
1625.000000 0.287899
1626.000000 0.262708
1627.000000 0.328116
1628.000000 0.298891
1629.000000 0.516499
1630.000000 0.510188
1631.000000 0.533096
1632.000000 0.357441
1633.000000 0.229331
1634.000000 0.089950
1635.000000 0.158911
1636.000000 0.160631
1637.000000 0.217305
1638.000000 0.599528
1639.000000 0.055456
1640.000000 0.457113
1641.000000 0.674612
1642.000000 0.309328
1643.000000 0.141045
1644.000000 0.169088
1645.000000 0.381912
1646.000000 0.339244
1647.000000 0.298801
1648.000000 0.437822
1649.000000 0.296150
1650.000000 0.285344
1651.000000 0.374917
1652.000000 0.387271
1653.000000 0.488220
1654.000000 0.319009
1655.000000 0.508632
1656.000000 0.245175
1657.000000 0.211745
1658.000000 0.193167
1659.000000 0.661005
1660.000000 0.519525
1661.000000 0.402078
1662.000000 0.407025
1663.000000 0.436128
1664.000000 0.489295
1665.000000 0.392937
1666.000000 0.221876
1667.000000 0.290371
1668.000000 0.308419
1669.000000 0.267127
1670.000000 0.018195
1671.000000 0.158873
1672.000000 0.211291
1673.000000 0.250979
1674.000000 0.223225
1675.000000 0.511853
1676.000000 0.208462
1677.000000 0.419143
1678.000000 0.431014
1679.000000 0.196235
1680.000000 0.377076
1681.000000 0.443689
1682.000000 0.292494
1683.000000 0.045400
1684.000000 0.124019
1685.000000 0.256308
1686.000000 0.138086
1687.000000 0.326408
1688.000000 0.447495
1689.000000 0.293500
1690.000000 0.421101
1691.000000 0.274486
1692.000000 0.573350
1693.000000 0.470897
1694.000000 0.243704
1695.000000 0.267952
1696.000000 0.223690
1697.000000 0.428409
1698.000000 0.498132
1699.000000 0.341944
1700.000000 0.376037
1701.000000 0.415432
1702.000000 0.369967
1703.000000 0.242326
1704.000000 0.173941
1705.000000 0.313641
1706.000000 0.347982
1707.000000 0.138907
1708.000000 0.276540
1709.000000 0.245002
1710.000000 0.423993
1711.000000 0.608971
1712.000000 0.080012
1713.000000 0.449829
1714.000000 0.305065
1715.000000 0.194023
1716.000000 0.405670
1717.000000 0.518428
1718.000000 0.038694
1719.000000 0.179973
1720.000000 0.325764
1721.000000 0.275067
1722.000000 0.245854
1723.000000 0.583949
1724.000000 0.393032
1725.000000 0.583887
1726.000000 0.612416
1727.000000 0.377062
1728.000000 0.105090
1729.000000 0.313123
1730.000000 0.466666
1731.000000 0.233501
1732.000000 0.605689
1733.000000 0.369176
1734.000000 0.174000
1735.000000 0.319426
1736.000000 0.154363
1737.000000 0.504425
1738.000000 0.584785
1739.000000 0.513590
1740.000000 0.135641
1741.000000 0.204804
1742.000000 0.241711
1743.000000 0.174405
1744.000000 0.431536
1745.000000 0.271318
1746.000000 0.520270
1747.000000 0.314927
1748.000000 0.408907
1749.000000 0.353381
1750.000000 0.199082
1751.000000 0.320033
1752.000000 0.134137
1753.000000 0.306639
1754.000000 0.259811
1755.000000 0.299170
1756.000000 0.416151
1757.000000 0.545188
1758.000000 0.116572
1759.000000 0.215294
1760.000000 0.365611
1761.000000 0.079019
1762.000000 0.285171
1763.000000 0.662742
1764.000000 0.160065
1765.000000 0.326303
1766.000000 0.391748
1767.000000 0.375732
1768.000000 0.184997
1769.000000 0.559222
1770.000000 0.246624
1771.000000 0.412981
1772.000000 0.300458
1773.000000 0.142350
1774.000000 0.104483
1775.000000 0.213391
1776.000000 0.235403
1777.000000 0.202100
1778.000000 0.408945
1779.000000 0.454726
1780.000000 0.269749
1781.000000 0.293385
1782.000000 0.291359
1783.000000 0.274948
1784.000000 0.531706
1785.000000 0.458543
1786.000000 0.551861
1787.000000 0.091762
1788.000000 0.310940
1789.000000 0.632461
1790.000000 0.050039
1791.000000 0.292511
1792.000000 0.469745
1793.000000 0.437142
1794.000000 0.479975
1795.000000 0.456336
1796.000000 0.114876
1797.000000 0.381213
1798.000000 0.368081
1799.000000 0.319005
1800.000000 0.302707
1801.000000 0.283930
1802.000000 0.259420
1803.000000 0.050964
1804.000000 0.325137
1805.000000 0.468504
1806.000000 0.457690
1807.000000 0.443720
1808.000000 0.444720
1809.000000 0.407452
1810.000000 0.129863
1811.000000 0.164150
1812.000000 0.379633
1813.000000 0.577473
1814.000000 0.318143
1815.000000 0.386268
1816.000000 0.251003
1817.000000 0.526591
1818.000000 0.285528
1819.000000 0.433693
1820.000000 0.332018
1821.000000 0.135638
1822.000000 0.237487
1823.000000 0.175355
1824.000000 0.060408
1825.000000 0.186913
1826.000000 0.376265
1827.000000 0.203813
1828.000000 0.472743
1829.000000 0.233606
1830.000000 0.248760
1831.000000 0.344086
1832.000000 0.332654
1833.000000 0.466596
1834.000000 0.353075
1835.000000 0.087571
1836.000000 0.177147
1837.000000 0.410649
1838.000000 0.388254
1839.000000 0.365105
1840.000000 0.512939
1841.000000 0.345550
1842.000000 0.439868
1843.000000 0.167012
1844.000000 0.157202
1845.000000 0.241633
1846.000000 0.455428
1847.000000 0.624946
1848.000000 0.420403
1849.000000 0.286063
1850.000000 0.362238
1851.000000 0.334925
1852.000000 0.339593
1853.000000 0.369007
1854.000000 0.197334
1855.000000 0.077406
1856.000000 0.266902
1857.000000 0.085243
1858.000000 0.256925
1859.000000 0.159364
1860.000000 0.223989
1861.000000 0.543558
1862.000000 0.244310
1863.000000 0.471299
1864.000000 0.218985
1865.000000 0.194720
1866.000000 0.194845
1867.000000 0.284172
1868.000000 0.690154
1869.000000 0.404968
1870.000000 0.229200
1871.000000 0.227116
1872.000000 0.387120
1873.000000 0.423509
1874.000000 0.158937
1875.000000 0.418326
1876.000000 0.285740
1877.000000 0.486553
1878.000000 0.455326
1879.000000 0.185156
1880.000000 0.661204
1881.000000 0.297009
1882.000000 0.356073
1883.000000 0.149516
1884.000000 0.176622
1885.000000 0.346434
1886.000000 0.327889
1887.000000 0.358514
1888.000000 0.261331
1889.000000 0.451108
1890.000000 0.101585
1891.000000 0.137878
1892.000000 0.219817
1893.000000 0.452760
1894.000000 0.262105
1895.000000 0.124910
1896.000000 0.250854
1897.000000 0.304877
1898.000000 0.302553
1899.000000 0.381971
1900.000000 0.068641
1901.000000 0.362607
1902.000000 0.461830
1903.000000 0.266051
1904.000000 0.256667
1905.000000 0.300260
1906.000000 0.242347
1907.000000 0.266837
1908.000000 0.316922
1909.000000 0.424064
1910.000000 0.151864
1911.000000 0.215456
1912.000000 0.420398
1913.000000 0.351288
1914.000000 0.283342
1915.000000 0.301376
1916.000000 0.043102
1917.000000 0.209327
1918.000000 0.330344
1919.000000 0.500751
1920.000000 0.375018
1921.000000 0.239902
1922.000000 0.443492
1923.000000 0.480205
1924.000000 0.155355
1925.000000 0.405176
1926.000000 0.090567
1927.000000 0.153039
1928.000000 0.239348
1929.000000 0.137083
1930.000000 0.166052
1931.000000 0.367466
1932.000000 0.404614
1933.000000 0.277457
1934.000000 0.522876
1935.000000 0.433044
1936.000000 0.564049
1937.000000 0.175122
1938.000000 0.300596
1939.000000 0.698515
1940.000000 0.240283
1941.000000 0.392694
1942.000000 0.515673
1943.000000 0.612342
1944.000000 0.306194
1945.000000 0.093776
1946.000000 0.243481
1947.000000 0.392412
1948.000000 0.589854
1949.000000 0.375270
1950.000000 0.174483
1951.000000 0.152415
1952.000000 0.398160
1953.000000 0.339271
1954.000000 0.524132
1955.000000 0.364501
1956.000000 0.315689
1957.000000 0.244581
1958.000000 0.272803
1959.000000 0.219713
1960.000000 0.617100
1961.000000 0.555842
1962.000000 0.422953
1963.000000 0.387034
1964.000000 0.096173
1965.000000 0.314700
1966.000000 0.307017
1967.000000 0.219181
1968.000000 0.355577
1969.000000 0.466455
1970.000000 0.304009
1971.000000 0.303524
1972.000000 0.243416
1973.000000 0.130663
1974.000000 0.293690
1975.000000 0.386549
1976.000000 0.401854
1977.000000 0.222263
1978.000000 0.337040
1979.000000 0.501985
1980.000000 0.517732
1981.000000 0.316691
1982.000000 0.337305
1983.000000 0.138832
1984.000000 0.147086
1985.000000 0.137603
1986.000000 0.100738
1987.000000 0.120048
1988.000000 0.677866
1989.000000 0.523209
1990.000000 0.394746
1991.000000 0.199133
1992.000000 0.385810
1993.000000 0.204417
1994.000000 0.183591
1995.000000 0.605102
1996.000000 0.267356
1997.000000 0.248420
1998.000000 0.316676
1999.000000 0.438998
2000.000000 0.359252
2001.000000 0.230426
2002.000000 0.235877
2003.000000 0.505135
2004.000000 0.096529
2005.000000 0.181041
2006.000000 0.061047
2007.000000 0.081369
2008.000000 0.161019
2009.000000 0.255680
2010.000000 0.269410
2011.000000 0.245806
2012.000000 0.358522
2013.000000 0.209988
2014.000000 0.287497
2015.000000 0.118480
2016.000000 0.316583
2017.000000 0.488750
2018.000000 0.293864
2019.000000 0.396639
2020.000000 0.217739
2021.000000 0.358870
2022.000000 0.237678
2023.000000 0.094974
2024.000000 0.215122
2025.000000 0.290853
2026.000000 0.435605
2027.000000 0.353316
2028.000000 0.314544
2029.000000 0.305662
2030.000000 0.103932
2031.000000 0.291781
2032.000000 0.355867
2033.000000 0.480372
2034.000000 0.187428
2035.000000 0.317823
2036.000000 0.606272
2037.000000 0.125713
2038.000000 0.647634
2039.000000 0.335870
2040.000000 0.525332
2041.000000 0.560500
2042.000000 0.267582
2043.000000 0.098820
2044.000000 0.338264
2045.000000 0.062645
2046.000000 0.092026
2047.000000 0.187386
2048.000000 0.122450
2049.000000 0.203836
2050.000000 0.383486
2051.000000 0.690715
2052.000000 0.563348
2053.000000 0.263264
2054.000000 0.536818
2055.000000 0.390820
2056.000000 0.262809
2057.000000 0.291389
2058.000000 0.602217
2059.000000 0.225706
2060.000000 0.285781
2061.000000 0.646724
2062.000000 0.286338
2063.000000 0.312959
2064.000000 0.315431
2065.000000 0.313715
2066.000000 0.211532
2067.000000 0.190997
2068.000000 0.266787
2069.000000 0.316762
2070.000000 0.399445
2071.000000 0.327811
2072.000000 0.324235
2073.000000 0.158139
2074.000000 0.282757
2075.000000 0.356515
2076.000000 0.480976
2077.000000 0.423691
2078.000000 0.214524
2079.000000 0.488724
2080.000000 0.419862
2081.000000 0.391789
2082.000000 0.308240
2083.000000 0.118648
2084.000000 0.204094
2085.000000 0.376359
2086.000000 0.311015
2087.000000 0.128766
2088.000000 0.308019
2089.000000 0.156663
2090.000000 0.281676
2091.000000 0.149724
2092.000000 0.329828
2093.000000 0.391850
2094.000000 0.430666
2095.000000 0.287357
2096.000000 0.245430
2097.000000 0.135813
2098.000000 0.192843
2099.000000 0.140801
2100.000000 0.131830
2101.000000 0.293524
2102.000000 0.269400
2103.000000 0.610795
2104.000000 0.276081
2105.000000 0.433428
2106.000000 0.499989
2107.000000 0.282110
2108.000000 0.296506
2109.000000 0.364139
2110.000000 0.295085
2111.000000 0.273033
2112.000000 0.277544
2113.000000 0.345330
2114.000000 0.431133
2115.000000 0.408441
2116.000000 0.578727
2117.000000 0.564962
2118.000000 0.444511
2119.000000 0.384348
2120.000000 0.344060
2121.000000 0.290675
2122.000000 0.305501
2123.000000 0.450959
2124.000000 0.212906
2125.000000 0.484761
2126.000000 0.301104
2127.000000 0.178698
2128.000000 0.528153
2129.000000 0.367137
2130.000000 0.541163
2131.000000 0.413325
2132.000000 0.342431
2133.000000 0.455148
2134.000000 0.296734
2135.000000 0.442443
2136.000000 0.671906
2137.000000 0.614608
2138.000000 0.461846
2139.000000 0.564690
2140.000000 0.482756
2141.000000 0.548934
2142.000000 0.163532
2143.000000 0.390598
2144.000000 0.108726
2145.000000 0.113034
2146.000000 0.393098
2147.000000 0.158887
2148.000000 0.152979
2149.000000 0.502800
2150.000000 0.497935
2151.000000 0.177301
2152.000000 0.324454
2153.000000 0.458591
2154.000000 0.565901
2155.000000 0.264851
2156.000000 0.185994
2157.000000 0.099713
2158.000000 0.356174
2159.000000 0.379102
2160.000000 0.204058
2161.000000 0.317756
2162.000000 0.405343
2163.000000 0.250346
2164.000000 0.327443
2165.000000 0.456145
2166.000000 0.052079
2167.000000 0.156059
2168.000000 0.491301
2169.000000 0.373150
2170.000000 0.408208
2171.000000 0.105226
2172.000000 0.223483
2173.000000 0.223027
2174.000000 0.533516
2175.000000 0.504659
2176.000000 0.503365
2177.000000 0.573813
2178.000000 0.084064
2179.000000 0.348036
2180.000000 0.107741
2181.000000 0.091652
2182.000000 0.232361
2183.000000 0.196597
2184.000000 0.295742
2185.000000 0.574258
2186.000000 0.397422
2187.000000 0.207786
2188.000000 0.133187
2189.000000 0.243845
2190.000000 0.350596
2191.000000 0.372548
2192.000000 0.392166
2193.000000 0.543593
2194.000000 0.408777
2195.000000 0.058530
2196.000000 0.482240
2197.000000 0.204850
2198.000000 0.201481
2199.000000 0.094865
2200.000000 0.328220
2201.000000 0.544014
2202.000000 0.464734
2203.000000 0.313020
2204.000000 0.074621
2205.000000 0.467926
2206.000000 0.349123
2207.000000 0.578160
2208.000000 0.297951
2209.000000 0.338972
2210.000000 0.682135
2211.000000 0.433693
2212.000000 0.783248
2213.000000 0.248018
2214.000000 0.268281
2215.000000 0.281881
2216.000000 0.472899
2217.000000 0.208777
2218.000000 0.606703
2219.000000 0.198402
2220.000000 0.448495
2221.000000 0.200938
2222.000000 0.462710
2223.000000 0.411728
2224.000000 0.488940
2225.000000 0.520187
2226.000000 0.372398
2227.000000 0.501966
2228.000000 0.465436
2229.000000 0.385450
2230.000000 0.553632
2231.000000 0.563375
2232.000000 0.268798
2233.000000 0.110613
2234.000000 0.273044
2235.000000 0.421123
2236.000000 0.078653
2237.000000 0.060346
2238.000000 0.150447
2239.000000 0.373876
2240.000000 0.218922
2241.000000 0.337716
2242.000000 0.493787
2243.000000 0.442341
2244.000000 0.521257
2245.000000 0.507932
2246.000000 0.486525
2247.000000 0.268463
2248.000000 0.355945
2249.000000 0.273926
2250.000000 0.701899
2251.000000 0.730651
2252.000000 0.284138
2253.000000 0.309016
2254.000000 0.372545
2255.000000 0.358308
2256.000000 0.333929
2257.000000 0.183010
2258.000000 0.227786
2259.000000 0.345568
2260.000000 0.597031
2261.000000 0.380243
2262.000000 0.440635
2263.000000 0.329709
2264.000000 0.276326
2265.000000 0.104839
2266.000000 0.136947
2267.000000 0.339126
2268.000000 0.280364
2269.000000 0.260882
2270.000000 0.125953
2271.000000 0.043318
2272.000000 0.328236
2273.000000 0.220805
2274.000000 0.347078
2275.000000 0.355740
2276.000000 0.291459
2277.000000 0.236143
2278.000000 0.488077
2279.000000 0.277915
2280.000000 0.269675
2281.000000 0.265776
2282.000000 0.494867
2283.000000 0.285450
2284.000000 0.411484
2285.000000 0.551107
2286.000000 0.357336
2287.000000 0.338224
2288.000000 0.146772
2289.000000 0.395739
2290.000000 0.275518
2291.000000 0.410171
2292.000000 0.399628
2293.000000 0.195544
2294.000000 0.247314
2295.000000 0.396047
2296.000000 0.272927
2297.000000 0.272150
2298.000000 0.451631
2299.000000 0.260768
2300.000000 0.307186
2301.000000 0.146107
2302.000000 0.162451
2303.000000 0.474811
2304.000000 0.430621
2305.000000 0.282500
2306.000000 0.174733
2307.000000 0.514715
2308.000000 0.279086
2309.000000 0.381731
2310.000000 0.303483
2311.000000 0.336514
2312.000000 0.223702
2313.000000 0.340714
2314.000000 0.315674
2315.000000 0.376008
2316.000000 0.422732
2317.000000 0.435234
2318.000000 0.522453
2319.000000 0.362536
2320.000000 0.478901
2321.000000 0.642065
2322.000000 0.506367
2323.000000 0.384703
2324.000000 0.616193
2325.000000 0.215328
2326.000000 0.197990
2327.000000 0.103485
2328.000000 0.390056
2329.000000 0.152574
2330.000000 0.151212
2331.000000 0.397531
2332.000000 0.458962
2333.000000 0.463021
2334.000000 0.385146
2335.000000 0.074671
2336.000000 0.293675
2337.000000 0.225332
2338.000000 0.085013
2339.000000 0.299106
2340.000000 0.675353
2341.000000 0.395645
2342.000000 0.351118
2343.000000 0.109306
2344.000000 0.301913
2345.000000 0.199278
2346.000000 0.160291
2347.000000 0.131747
2348.000000 0.445464
2349.000000 0.471848
2350.000000 0.347279
2351.000000 0.616987
2352.000000 0.149962
2353.000000 0.203598
2354.000000 0.364435
2355.000000 0.327873
2356.000000 0.200992
2357.000000 0.291512
2358.000000 0.396668
2359.000000 0.453512
2360.000000 0.281291
2361.000000 0.418158
2362.000000 0.191385
2363.000000 0.370643
2364.000000 0.278382
2365.000000 0.351585
2366.000000 0.343123
2367.000000 0.251242
2368.000000 0.485934
2369.000000 0.184283
2370.000000 0.559939
2371.000000 0.235897
2372.000000 0.261202
2373.000000 0.217252
2374.000000 0.207315
2375.000000 0.344076
2376.000000 0.251735
2377.000000 0.235706
2378.000000 0.347844
2379.000000 0.568378
2380.000000 0.402939
2381.000000 0.165826
2382.000000 0.305930
2383.000000 0.225055
2384.000000 0.209454
2385.000000 0.308784
2386.000000 0.352182
2387.000000 0.318917
2388.000000 0.209673
2389.000000 0.180630
2390.000000 0.359463
2391.000000 0.277711
2392.000000 0.219289
2393.000000 0.100489
2394.000000 0.252964
2395.000000 0.331521
2396.000000 0.345676
2397.000000 0.480637
2398.000000 0.304452
2399.000000 0.108679
2400.000000 0.217526
2401.000000 0.133828
2402.000000 0.339353
2403.000000 0.126512
2404.000000 0.110945
2405.000000 0.161568
2406.000000 0.305440
2407.000000 0.060727
2408.000000 0.341234
2409.000000 0.353382
2410.000000 0.121015
2411.000000 0.173089
2412.000000 0.212305
2413.000000 0.167563
2414.000000 0.074429
2415.000000 0.253697
2416.000000 0.127067
2417.000000 0.241444
2418.000000 0.421030
2419.000000 0.148799
2420.000000 0.392452
2421.000000 0.497684
2422.000000 0.325677
2423.000000 0.299321
2424.000000 0.234698
2425.000000 0.533790
2426.000000 0.392513
2427.000000 0.590794
2428.000000 0.460618
2429.000000 0.263253
2430.000000 0.402496
2431.000000 0.452985
2432.000000 0.341723
2433.000000 0.401858
2434.000000 0.400520
2435.000000 0.155979
2436.000000 0.091173
2437.000000 0.137235
2438.000000 0.172475
2439.000000 0.173253
2440.000000 0.113396
2441.000000 0.322354
2442.000000 0.221361
2443.000000 0.469613
2444.000000 0.490811
2445.000000 0.210573
2446.000000 0.301184
2447.000000 0.540565
2448.000000 0.421026
2449.000000 0.304246
2450.000000 0.339963
2451.000000 0.452349
2452.000000 0.420752
2453.000000 0.409336
2454.000000 0.165576
2455.000000 0.248292
2456.000000 0.182631
2457.000000 0.362251
2458.000000 0.191339
2459.000000 0.152960
2460.000000 0.182606
2461.000000 0.533981
2462.000000 0.517240
2463.000000 0.268433
2464.000000 0.155606
2465.000000 0.532476
2466.000000 0.466909
2467.000000 0.572242
2468.000000 0.207664
2469.000000 0.387028
2470.000000 0.217204
2471.000000 0.429911
2472.000000 0.464650
2473.000000 0.296631
2474.000000 0.514858
2475.000000 0.110531
2476.000000 0.549838
2477.000000 0.445622
2478.000000 0.061086
2479.000000 0.358186
2480.000000 0.300165
2481.000000 0.459977
2482.000000 0.352593
2483.000000 0.444633
2484.000000 0.310401
2485.000000 0.205912
2486.000000 0.255192
2487.000000 0.445038
2488.000000 0.309253
2489.000000 0.452132
2490.000000 0.197385
2491.000000 0.483352
2492.000000 0.346685
2493.000000 0.634038
2494.000000 0.212853
2495.000000 0.198433
2496.000000 0.417247
2497.000000 0.394349
2498.000000 0.407387
2499.000000 0.659714
2500.000000 0.240005
2501.000000 0.104770
2502.000000 0.062369
2503.000000 0.294217
2504.000000 0.160505
2505.000000 0.317015
2506.000000 0.231414
2507.000000 0.392930
2508.000000 0.634468
2509.000000 0.254418
2510.000000 0.371347
2511.000000 0.620494
2512.000000 0.247988
2513.000000 0.506130
2514.000000 0.237208
2515.000000 0.268660
2516.000000 0.550109
2517.000000 0.471058
2518.000000 0.313005
2519.000000 0.577907
2520.000000 0.291595
2521.000000 0.113275
2522.000000 0.254699
2523.000000 0.080175
2524.000000 0.179866
2525.000000 0.162932
2526.000000 0.498812
2527.000000 0.442971
2528.000000 0.515324
2529.000000 0.227227
2530.000000 0.049036
2531.000000 0.229273
2532.000000 0.311815
2533.000000 0.235421
2534.000000 0.085315
2535.000000 0.219202
2536.000000 0.306860
2537.000000 0.224008
2538.000000 0.398098
2539.000000 0.247146
2540.000000 0.159881
2541.000000 0.357194
2542.000000 0.278044
2543.000000 0.185117
2544.000000 0.386349
2545.000000 0.174298
2546.000000 0.377453
2547.000000 0.272659
2548.000000 0.427784
2549.000000 0.270123
2550.000000 0.517091
2551.000000 0.357240
2552.000000 0.421549
2553.000000 0.196605
2554.000000 0.101749
2555.000000 0.089130
2556.000000 0.133216
2557.000000 0.332146
2558.000000 0.582805
2559.000000 0.433650
2560.000000 0.453689
2561.000000 0.274293
2562.000000 0.252273
2563.000000 0.370150
2564.000000 0.344168
2565.000000 0.419251
2566.000000 0.352304
2567.000000 0.370667
2568.000000 0.438622
2569.000000 0.355333
2570.000000 0.350122
2571.000000 0.277174
2572.000000 0.416888
2573.000000 0.226750
2574.000000 0.192355
2575.000000 0.340193
2576.000000 0.294548
2577.000000 0.237168
2578.000000 0.299852
2579.000000 0.450127
2580.000000 0.253186
2581.000000 0.258411
2582.000000 0.350637
2583.000000 0.610526
2584.000000 0.349473
2585.000000 0.338341
2586.000000 0.610785
2587.000000 0.317163
2588.000000 0.127379
2589.000000 0.448165
2590.000000 0.259272
2591.000000 0.370914
2592.000000 0.291639
2593.000000 0.179436
2594.000000 0.066643
2595.000000 0.322281
2596.000000 0.364185
2597.000000 0.412762
2598.000000 0.454519
2599.000000 0.523452
2600.000000 0.546999
2601.000000 0.405208
2602.000000 0.236907
2603.000000 0.107371
2604.000000 0.178975
2605.000000 0.256931
2606.000000 0.203841
2607.000000 0.174825
2608.000000 0.286118
2609.000000 0.462967
2610.000000 0.328501
2611.000000 0.108255
2612.000000 0.027527
2613.000000 0.335338
2614.000000 0.108608
2615.000000 0.195336
2616.000000 0.243851
2617.000000 0.094591
2618.000000 0.129058
2619.000000 0.400236
2620.000000 0.101313
2621.000000 0.495018
2622.000000 0.217070
2623.000000 0.225426
2624.000000 0.285367
2625.000000 0.351119
2626.000000 0.060179
2627.000000 0.428423
2628.000000 0.365010
2629.000000 0.384689
2630.000000 0.218829
2631.000000 0.224109
2632.000000 0.506622
2633.000000 0.335513
2634.000000 0.335979
2635.000000 0.243537
2636.000000 0.281558
2637.000000 0.292150
2638.000000 0.287126
2639.000000 0.212144
2640.000000 0.376101
2641.000000 0.079687
2642.000000 0.388466
2643.000000 0.223677
2644.000000 0.366315
2645.000000 0.493836
2646.000000 0.262602
2647.000000 0.407592
2648.000000 0.445312
2649.000000 0.313963
2650.000000 0.393711
2651.000000 0.111908
2652.000000 0.167763
2653.000000 0.230588
2654.000000 0.314900
2655.000000 0.469976
2656.000000 0.344709
2657.000000 0.417212
2658.000000 0.179265
2659.000000 0.455384
2660.000000 0.588416
2661.000000 0.080316
2662.000000 0.376645
2663.000000 0.391002
2664.000000 0.421618
2665.000000 0.482564
2666.000000 0.443523
2667.000000 0.514738
2668.000000 0.423348
2669.000000 0.261224
2670.000000 0.407806
2671.000000 0.237237
2672.000000 0.187525
2673.000000 0.022734
2674.000000 0.169063
2675.000000 0.039410
2676.000000 0.414083
2677.000000 0.455705
2678.000000 0.286859
2679.000000 0.498240
2680.000000 0.350038
2681.000000 0.207146
2682.000000 0.350471
2683.000000 0.471859
2684.000000 0.269659
2685.000000 0.127333
2686.000000 0.396173
2687.000000 0.249219
2688.000000 0.382651
2689.000000 0.253941
2690.000000 0.424335
2691.000000 0.217036
2692.000000 0.508208
2693.000000 0.231529
2694.000000 0.244014
2695.000000 0.517282
2696.000000 0.243423
2697.000000 0.418562
2698.000000 0.532594
2699.000000 0.651706
2700.000000 0.735822
2701.000000 0.349658
2702.000000 0.235228
2703.000000 0.466980
2704.000000 0.377236
2705.000000 0.313279
2706.000000 0.398673
2707.000000 0.326921
2708.000000 0.326821
2709.000000 0.282605
2710.000000 0.258785
2711.000000 0.409783
2712.000000 0.400774
2713.000000 0.356427
2714.000000 0.521112
2715.000000 0.634068
2716.000000 0.620720
2717.000000 0.407854
2718.000000 0.404412
2719.000000 0.426571
2720.000000 0.617781
2721.000000 0.166986
2722.000000 0.477379
2723.000000 0.522577
2724.000000 0.351141
2725.000000 0.565429
2726.000000 0.278396
2727.000000 0.625680
2728.000000 0.548764
2729.000000 0.417665
2730.000000 0.388252
2731.000000 0.496137
2732.000000 0.564688
2733.000000 0.430721
2734.000000 0.527634
2735.000000 0.435770
2736.000000 0.493488
2737.000000 0.583250
2738.000000 0.409570
2739.000000 0.383212
2740.000000 0.642920
2741.000000 0.251362
2742.000000 0.319248
2743.000000 0.280877
2744.000000 0.352617
2745.000000 0.194558
2746.000000 0.193657
2747.000000 0.146074
2748.000000 0.557445
2749.000000 0.602032
2750.000000 0.319221
2751.000000 0.542154
2752.000000 0.221682
2753.000000 0.331346
2754.000000 0.543204
2755.000000 0.496019
2756.000000 0.322010
2757.000000 0.310655
2758.000000 0.413302
2759.000000 0.290303
2760.000000 0.079775
2761.000000 0.206446
2762.000000 0.182237
2763.000000 0.124073
2764.000000 0.326230
2765.000000 0.679357
2766.000000 0.354614
2767.000000 0.328966
2768.000000 0.190759
2769.000000 0.352328
2770.000000 0.231902
2771.000000 0.125727
2772.000000 0.243101
2773.000000 0.181741
2774.000000 0.305434
2775.000000 0.557224
2776.000000 0.427670
2777.000000 0.346029
2778.000000 0.330459
2779.000000 0.390253
2780.000000 0.431509
2781.000000 0.268086
2782.000000 0.303730
2783.000000 0.249291
2784.000000 0.097575
2785.000000 0.331006
2786.000000 0.104970
2787.000000 0.216729
2788.000000 0.312082
2789.000000 0.522093
2790.000000 0.340431
2791.000000 0.411865
2792.000000 0.675899
2793.000000 0.321802
2794.000000 0.429159
2795.000000 0.476420
2796.000000 0.411291
2797.000000 0.378259
2798.000000 0.556745
2799.000000 0.465955
2800.000000 0.552229
2801.000000 0.306722
2802.000000 0.385989
2803.000000 0.255835
2804.000000 0.402730
2805.000000 0.524433
2806.000000 0.449277
2807.000000 0.075689
2808.000000 0.191023
2809.000000 0.370436
2810.000000 0.476668
2811.000000 0.354749
2812.000000 0.170456
2813.000000 0.307626
2814.000000 0.262058
2815.000000 0.294752
2816.000000 0.527467
2817.000000 0.327185
2818.000000 0.301703
2819.000000 0.279546
2820.000000 0.302998
2821.000000 0.354738
2822.000000 0.359886
2823.000000 0.192533
2824.000000 0.285867
2825.000000 0.572777
2826.000000 0.353429
2827.000000 0.422303
2828.000000 0.294889
2829.000000 0.217881
2830.000000 0.322652
2831.000000 0.299267
2832.000000 0.448331
2833.000000 0.365738
2834.000000 0.600513
2835.000000 0.126567
2836.000000 0.354292
2837.000000 0.369399
2838.000000 0.562590
2839.000000 0.167161
2840.000000 0.290589
2841.000000 0.370026
2842.000000 0.434670
2843.000000 0.487149
2844.000000 0.514492
2845.000000 0.677056
2846.000000 0.155012
2847.000000 0.132495
2848.000000 0.388555
2849.000000 0.205530
2850.000000 0.309070
2851.000000 0.574305
2852.000000 0.591192
2853.000000 0.517507
2854.000000 0.171752
2855.000000 0.190791
2856.000000 0.195892
2857.000000 0.060412
2858.000000 0.393067
2859.000000 0.280684
2860.000000 0.319586
2861.000000 0.238669
2862.000000 0.212775
2863.000000 0.135857
2864.000000 0.389819
2865.000000 0.329428
2866.000000 0.248200
2867.000000 0.178681
2868.000000 0.190467
2869.000000 0.308278
2870.000000 0.015766
2871.000000 0.163261
2872.000000 0.275432
2873.000000 0.376982
2874.000000 0.085080
2875.000000 0.077777
2876.000000 0.079393
2877.000000 0.087723
2878.000000 0.108839
2879.000000 0.168793
2880.000000 0.299276
2881.000000 0.285310
2882.000000 0.417208
2883.000000 0.452684
2884.000000 0.604009
2885.000000 0.063096
2886.000000 0.407619
2887.000000 0.505441
2888.000000 0.137066
2889.000000 0.435935
2890.000000 0.338663
2891.000000 0.379793
2892.000000 0.427000
2893.000000 0.568894
2894.000000 0.239578
2895.000000 0.035563
2896.000000 0.126689
2897.000000 0.356473
2898.000000 0.628238
2899.000000 0.176506
2900.000000 0.323574
2901.000000 0.198072
2902.000000 0.300767
2903.000000 0.287547
2904.000000 0.267691
2905.000000 0.218789
2906.000000 0.050719
2907.000000 0.432745
2908.000000 0.272796
2909.000000 0.121616
2910.000000 0.224560
2911.000000 0.295470
2912.000000 0.152902
2913.000000 0.211921
2914.000000 0.215229
2915.000000 0.247677
2916.000000 0.478057
2917.000000 0.489300
2918.000000 0.359486
2919.000000 0.309632
2920.000000 0.290825
2921.000000 0.173199
2922.000000 0.391484
2923.000000 0.487900
2924.000000 0.374932
2925.000000 0.605307
2926.000000 0.280468
2927.000000 0.238106
2928.000000 0.185303
2929.000000 0.437875
2930.000000 0.231829
2931.000000 0.387073
2932.000000 0.523652
2933.000000 0.249379
2934.000000 0.430674
2935.000000 0.286064
2936.000000 0.113861
2937.000000 0.333178
2938.000000 0.149034
2939.000000 0.118210
2940.000000 0.045275
2941.000000 0.167953
2942.000000 0.198408
2943.000000 0.377156
2944.000000 0.145489
2945.000000 0.201028
2946.000000 0.279907
2947.000000 0.515792
2948.000000 0.435450
2949.000000 0.322388
2950.000000 0.467330
2951.000000 0.274413
2952.000000 0.401319
2953.000000 0.023472
2954.000000 0.380845
2955.000000 0.232825
2956.000000 0.243864
2957.000000 0.669953
2958.000000 0.584260
2959.000000 0.536349
2960.000000 0.281834
2961.000000 0.115221
2962.000000 0.406312
2963.000000 0.300081
2964.000000 0.265275
2965.000000 0.351470
2966.000000 0.300712
2967.000000 0.343699
2968.000000 0.271334
2969.000000 0.556542
2970.000000 0.446907
2971.000000 0.174457
2972.000000 0.462605
2973.000000 0.498658
2974.000000 0.374585
2975.000000 0.252136
2976.000000 0.538668
2977.000000 0.278709
2978.000000 0.424297
2979.000000 0.280737
2980.000000 0.124949
2981.000000 0.075045
2982.000000 0.327599
2983.000000 0.354040
2984.000000 0.676635
2985.000000 0.398616
2986.000000 0.247663
2987.000000 0.216773
2988.000000 0.415846
2989.000000 0.235173
2990.000000 0.240295
2991.000000 0.358508
2992.000000 0.294610
2993.000000 0.456755
2994.000000 0.518589
2995.000000 0.575456
2996.000000 0.298002
2997.000000 0.213007
2998.000000 0.363339
2999.000000 0.329370
3000.000000 0.414907
