10.000000 0.545884
20.000000 0.083763
30.000000 0.285705
40.000000 0.642103
50.000000 0.495180
60.000000 0.124577
70.000000 0.157187
80.000000 0.272923
90.000000 0.211845
100.000000 0.510434
110.000000 0.149606
120.000000 0.210845
130.000000 0.248342
140.000000 0.414778
150.000000 0.289361
160.000000 0.312890
170.000000 0.164793
180.000000 0.512035
190.000000 0.237463
200.000000 0.182992
210.000000 0.443147
220.000000 0.563514
230.000000 0.306654
240.000000 0.481573
250.000000 0.146940
260.000000 0.188756
270.000000 0.205836
280.000000 0.329036
290.000000 0.190724
300.000000 0.364506
310.000000 0.363778
320.000000 0.169717
330.000000 0.257643
340.000000 0.296337
350.000000 0.558037
360.000000 0.292414
370.000000 0.264508
380.000000 0.215040
390.000000 0.104828
400.000000 0.450065
410.000000 0.255092
420.000000 0.130369
430.000000 0.346921
440.000000 0.093657
450.000000 0.483882
460.000000 0.311019
470.000000 0.565004
480.000000 0.081636
490.000000 0.289856
500.000000 0.252591
510.000000 0.368393
520.000000 0.246934
530.000000 0.358805
540.000000 0.399790
550.000000 0.357964
560.000000 0.325721
570.000000 0.424594
580.000000 0.299699
590.000000 0.374504
600.000000 0.177308
610.000000 0.227098
620.000000 0.297420
630.000000 0.331092
640.000000 0.619999
650.000000 0.291860
660.000000 0.329920
670.000000 0.172760
680.000000 0.189864
690.000000 0.627017
700.000000 0.185201
710.000000 0.295762
720.000000 0.038614
730.000000 0.228158
740.000000 0.255265
750.000000 0.355921
760.000000 0.080245
770.000000 0.190650
780.000000 0.184275
790.000000 0.392269
800.000000 0.474106
810.000000 0.254204
820.000000 0.334189
830.000000 0.078746
840.000000 0.092141
850.000000 0.540342
860.000000 0.407754
870.000000 0.095758
880.000000 0.469108
890.000000 0.328104
900.000000 0.142251
910.000000 0.433236
920.000000 0.277294
930.000000 0.133653
940.000000 0.177430
950.000000 0.266648
960.000000 0.217355
970.000000 0.074456
980.000000 0.283779
990.000000 0.304039
1000.000000 0.503979
