10.000000 0.058194
20.000000 0.046322
30.000000 0.109560
40.000000 0.062488
50.000000 0.065333
60.000000 0.072789
70.000000 0.072247
80.000000 0.011523
90.000000 0.058088
100.000000 0.200737
110.000000 0.074498
120.000000 0.075138
130.000000 0.120879
140.000000 0.087841
150.000000 0.098089
160.000000 0.091986
170.000000 0.168688
180.000000 0.091712
190.000000 0.050472
200.000000 0.042640
210.000000 0.113790
220.000000 0.086455
230.000000 0.019711
240.000000 0.101355
250.000000 0.093493
260.000000 0.015208
270.000000 0.068699
280.000000 0.078948
290.000000 0.062624
300.000000 0.165695
310.000000 0.073341
320.000000 0.107160
330.000000 0.086022
340.000000 0.129366
350.000000 0.107652
360.000000 0.184342
370.000000 0.120404
380.000000 0.061398
390.000000 0.079222
400.000000 0.037573
410.000000 0.136283
420.000000 0.133038
430.000000 0.021426
440.000000 0.074282
450.000000 0.101816
460.000000 0.076964
470.000000 0.127015
480.000000 0.094634
490.000000 0.016412
500.000000 0.044181
510.000000 0.019756
520.000000 0.072902
530.000000 0.086420
540.000000 0.152635
550.000000 0.051815
560.000000 0.100604
570.000000 0.092673
580.000000 0.146861
590.000000 0.070869
600.000000 0.025931
610.000000 0.007109
620.000000 0.114143
630.000000 0.065872
640.000000 0.036220
650.000000 0.054008
660.000000 0.122340
670.000000 0.030329
680.000000 0.116262
690.000000 0.081807
700.000000 0.114515
710.000000 0.121991
720.000000 0.085953
730.000000 0.114862
740.000000 0.038047
750.000000 0.058036
760.000000 0.045459
770.000000 0.066028
780.000000 0.102804
790.000000 0.072848
800.000000 0.063829
810.000000 0.094170
820.000000 0.088417
830.000000 0.039551
840.000000 0.063422
850.000000 0.086341
860.000000 0.027116
870.000000 0.053607
880.000000 0.198269
890.000000 0.060996
900.000000 0.111026
910.000000 0.099615
920.000000 0.091360
930.000000 0.052435
940.000000 0.163559
950.000000 0.070081
960.000000 0.048532
970.000000 0.121179
980.000000 0.104621
990.000000 0.191140
1000.000000 0.102159
