0.000000 0.231241
1.000000 0.142647
2.000000 0.124176
3.000000 0.144049
4.000000 0.216165
5.000000 0.094129
6.000000 0.162910
7.000000 0.135215
8.000000 0.256493
9.000000 0.204489
10.000000 0.159720
11.000000 0.151282
12.000000 0.075685
13.000000 0.020967
14.000000 0.148787
15.000000 0.146962
16.000000 0.162494
17.000000 0.230985
18.000000 0.106811
19.000000 0.054511
20.000000 0.071204
21.000000 0.227953
22.000000 0.195077
23.000000 0.195378
24.000000 0.121694
25.000000 0.153976
26.000000 0.155067
27.000000 0.187354
28.000000 0.135696
29.000000 0.224165
30.000000 0.041891
31.000000 0.218376
32.000000 0.096475
33.000000 0.110650
34.000000 0.075457
35.000000 0.126908
36.000000 0.083347
37.000000 0.051920
38.000000 0.039005
39.000000 0.197260
40.000000 0.159208
41.000000 0.228493
42.000000 0.187175
43.000000 0.236479
44.000000 0.128794
45.000000 0.057361
46.000000 0.031847
47.000000 0.182016
48.000000 0.034029
49.000000 0.052049
50.000000 0.197913
51.000000 0.070836
52.000000 0.155606
53.000000 0.109835
54.000000 0.303807
55.000000 0.095811
56.000000 0.047325
57.000000 0.213359
58.000000 0.016304
59.000000 0.161369
60.000000 0.141665
61.000000 0.111070
62.000000 0.044144
63.000000 0.207194
64.000000 0.287181
65.000000 0.205517
66.000000 0.111010
67.000000 0.040815
68.000000 0.197489
69.000000 0.084979
70.000000 0.088682
71.000000 0.095499
72.000000 0.064329
73.000000 0.067042
74.000000 0.258179
75.000000 0.231644
76.000000 0.099381
77.000000 0.064553
78.000000 0.146858
79.000000 0.064030
80.000000 0.176033
81.000000 0.116939
82.000000 0.039299
83.000000 0.123834
84.000000 0.097830
85.000000 0.213990
86.000000 0.135594
87.000000 0.232442
88.000000 0.092353
89.000000 0.060013
90.000000 0.177389
91.000000 0.161070
92.000000 0.167881
93.000000 0.025142
94.000000 0.100997
95.000000 0.065270
96.000000 0.121568
97.000000 0.310907
98.000000 0.113787
99.000000 0.073781
100.000000 0.145176
101.000000 0.203743
102.000000 0.160878
103.000000 0.098924
104.000000 0.171544
105.000000 0.164871
106.000000 0.224503
107.000000 0.272520
108.000000 0.223785
109.000000 0.215512
110.000000 0.214161
111.000000 0.144521
112.000000 0.157328
113.000000 0.201116
114.000000 0.077428
115.000000 0.131176
116.000000 0.116760
117.000000 0.152616
118.000000 0.128412
119.000000 0.097424
120.000000 0.213789
121.000000 0.066091
122.000000 0.059603
123.000000 0.149002
124.000000 0.096826
125.000000 0.185796
126.000000 0.269061
127.000000 0.130820
128.000000 0.277578
129.000000 0.327906
130.000000 0.087674
131.000000 0.090857
132.000000 0.080378
133.000000 0.160314
134.000000 0.208917
135.000000 0.071228
136.000000 0.089957
137.000000 0.169665
138.000000 0.115089
139.000000 0.126064
140.000000 0.219034
141.000000 0.103046
142.000000 0.130797
143.000000 0.042338
144.000000 0.149548
145.000000 0.019090
146.000000 0.131806
147.000000 0.116706
148.000000 0.158642
149.000000 0.065536
150.000000 0.152524
151.000000 0.083102
152.000000 0.098771
153.000000 0.090623
154.000000 0.076793
155.000000 0.167756
156.000000 0.217346
157.000000 0.114691
158.000000 0.099116
159.000000 0.138536
160.000000 0.110919
161.000000 0.203578
162.000000 0.180568
163.000000 0.109369
164.000000 0.065771
165.000000 0.232979
166.000000 0.101262
167.000000 0.030323
168.000000 0.044250
169.000000 0.062614
170.000000 0.065034
171.000000 0.139535
172.000000 0.128951
173.000000 0.162161
174.000000 0.074175
175.000000 0.088634
176.000000 0.155298
177.000000 0.304905
178.000000 0.118287
179.000000 0.143348
180.000000 0.172579
181.000000 0.192979
182.000000 0.197413
183.000000 0.097432
184.000000 0.295566
185.000000 0.065551
186.000000 0.087514
187.000000 0.096811
188.000000 0.134062
189.000000 0.304181
190.000000 0.186721
191.000000 0.105650
192.000000 0.049948
193.000000 0.113749
194.000000 0.099615
195.000000 0.109604
196.000000 0.224382
197.000000 0.127164
198.000000 0.176558
199.000000 0.056631
200.000000 0.212216
201.000000 0.071044
202.000000 0.125205
203.000000 0.166526
204.000000 0.092085
205.000000 0.108582
206.000000 0.115105
207.000000 0.113474
208.000000 0.113354
209.000000 0.214549
210.000000 0.039998
211.000000 0.130683
212.000000 0.167913
213.000000 0.382966
214.000000 0.059208
215.000000 0.116187
216.000000 0.075158
217.000000 0.189947
218.000000 0.154069
219.000000 0.144830
220.000000 0.073925
221.000000 0.158577
222.000000 0.085507
223.000000 0.156586
224.000000 0.208191
225.000000 0.077262
226.000000 0.147684
227.000000 0.097682
228.000000 0.120293
229.000000 0.155405
230.000000 0.071888
231.000000 0.136055
232.000000 0.038702
233.000000 0.149635
234.000000 0.207093
235.000000 0.219872
236.000000 0.076714
237.000000 0.093321
238.000000 0.048683
239.000000 0.095156
240.000000 0.124930
241.000000 0.023501
242.000000 0.120025
243.000000 0.078861
244.000000 0.098442
245.000000 0.090250
246.000000 0.064219
247.000000 0.086493
248.000000 0.112785
249.000000 0.102929
250.000000 0.308167
251.000000 0.107689
252.000000 0.125140
253.000000 0.116813
254.000000 0.081489
255.000000 0.072948
256.000000 0.100710
257.000000 0.060631
258.000000 0.030191
259.000000 0.088828
260.000000 0.162201
261.000000 0.166605
262.000000 0.057640
263.000000 0.074507
264.000000 0.261307
265.000000 0.115418
266.000000 0.223941
267.000000 0.079697
268.000000 0.181410
269.000000 0.070306
270.000000 0.033703
271.000000 0.051346
272.000000 0.064185
273.000000 0.116253
274.000000 0.133611
275.000000 0.179210
276.000000 0.058344
277.000000 0.061701
278.000000 0.125500
279.000000 0.264101
280.000000 0.179284
281.000000 0.327708
282.000000 0.130976
283.000000 0.200999
284.000000 0.257483
285.000000 0.141472
286.000000 0.007199
287.000000 0.045136
288.000000 0.090839
289.000000 0.174209
290.000000 0.088620
291.000000 0.212531
292.000000 0.114108
293.000000 0.179562
294.000000 0.162761
295.000000 0.247481
296.000000 0.175197
297.000000 0.096364
298.000000 0.145631
299.000000 0.288119
300.000000 0.097141
301.000000 0.091758
302.000000 0.153027
303.000000 0.173591
304.000000 0.065345
305.000000 0.043434
306.000000 0.413107
307.000000 0.059583
308.000000 0.086033
309.000000 0.092977
310.000000 0.090344
311.000000 0.096036
312.000000 0.204388
313.000000 0.097149
314.000000 0.110193
315.000000 0.103458
316.000000 0.102081
317.000000 0.087272
318.000000 0.162866
319.000000 0.008757
320.000000 0.139878
321.000000 0.073755
322.000000 0.093084
323.000000 0.160604
324.000000 0.102746
325.000000 0.189211
326.000000 0.095735
327.000000 0.092648
328.000000 0.197508
329.000000 0.182181
330.000000 0.199727
331.000000 0.033007
332.000000 0.017313
333.000000 0.140482
334.000000 0.049438
335.000000 0.226805
336.000000 0.078849
337.000000 0.113738
338.000000 0.107117
339.000000 0.069028
340.000000 0.176711
341.000000 0.199679
342.000000 0.126498
343.000000 0.104077
344.000000 0.247032
345.000000 0.072505
346.000000 0.110157
347.000000 0.116182
348.000000 0.243425
349.000000 0.214448
350.000000 0.013106
351.000000 0.053507
352.000000 0.112538
353.000000 0.028958
354.000000 0.087497
355.000000 0.241514
356.000000 0.091479
357.000000 0.069487
358.000000 0.168304
359.000000 0.125341
360.000000 0.100843
361.000000 0.293194
362.000000 0.089956
363.000000 0.163321
364.000000 0.055661
365.000000 0.090288
366.000000 0.161459
367.000000 0.050612
368.000000 0.116457
369.000000 0.160017
370.000000 0.246069
371.000000 0.096537
372.000000 0.199449
373.000000 0.136117
374.000000 0.085295
375.000000 0.055297
376.000000 0.103109
377.000000 0.239914
378.000000 0.165572
379.000000 0.204602
380.000000 0.093354
381.000000 0.169432
382.000000 0.187221
383.000000 0.167141
384.000000 0.045821
385.000000 0.081858
386.000000 0.071956
387.000000 0.118466
388.000000 0.252713
389.000000 0.181657
390.000000 0.118149
391.000000 0.023538
392.000000 0.158111
393.000000 0.124766
394.000000 0.031124
395.000000 0.177177
396.000000 0.231805
397.000000 0.142856
398.000000 0.097264
399.000000 0.157497
400.000000 0.183502
401.000000 0.143508
402.000000 0.031401
403.000000 0.066821
404.000000 0.182811
405.000000 0.209965
406.000000 0.066785
407.000000 0.122260
408.000000 0.123021
409.000000 0.126303
410.000000 0.120198
411.000000 0.152014
412.000000 0.135502
413.000000 0.022925
414.000000 0.060369
415.000000 0.038766
416.000000 0.154135
417.000000 0.132301
418.000000 0.244452
419.000000 0.206769
420.000000 0.081974
421.000000 0.174680
422.000000 0.188855
423.000000 0.104608
424.000000 0.056407
425.000000 0.204315
426.000000 0.125843
427.000000 0.171627
428.000000 0.021353
429.000000 0.170277
430.000000 0.059320
431.000000 0.166073
432.000000 0.132373
433.000000 0.137336
434.000000 0.099069
435.000000 0.197504
436.000000 0.104146
437.000000 0.047884
438.000000 0.099863
439.000000 0.154667
440.000000 0.177133
441.000000 0.137684
442.000000 0.078346
443.000000 0.082963
444.000000 0.292278
445.000000 0.184890
446.000000 0.169891
447.000000 0.088265
448.000000 0.045218
449.000000 0.112875
450.000000 0.129927
451.000000 0.115997
452.000000 0.116863
453.000000 0.165523
454.000000 0.087876
455.000000 0.276061
456.000000 0.251510
457.000000 0.104456
458.000000 0.207973
459.000000 0.067774
460.000000 0.187547
461.000000 0.202901
462.000000 0.343090
463.000000 0.113182
464.000000 0.177725
465.000000 0.129311
466.000000 0.086258
467.000000 0.067195
468.000000 0.242142
469.000000 0.085615
470.000000 0.089298
471.000000 0.079821
472.000000 0.188324
473.000000 0.036879
474.000000 0.078298
475.000000 0.111432
476.000000 0.112153
477.000000 0.206387
478.000000 0.017305
479.000000 0.045234
480.000000 0.169385
481.000000 0.225849
482.000000 0.171695
483.000000 0.151960
484.000000 0.186053
485.000000 0.129652
486.000000 0.140647
487.000000 0.199359
488.000000 0.139997
489.000000 0.039951
490.000000 0.125480
491.000000 0.191225
492.000000 0.094617
493.000000 0.178447
494.000000 0.166751
495.000000 0.150444
496.000000 0.128810
497.000000 0.068081
498.000000 0.125949
499.000000 0.185530
500.000000 0.094729
501.000000 0.034450
502.000000 0.234440
503.000000 0.200625
504.000000 0.241808
505.000000 0.104442
506.000000 0.099323
507.000000 0.064772
508.000000 0.136899
509.000000 0.213483
510.000000 0.237339
511.000000 0.102830
512.000000 0.170132
513.000000 0.219923
514.000000 0.037347
515.000000 0.064118
516.000000 0.146147
517.000000 0.087518
518.000000 0.066790
519.000000 0.117958
520.000000 0.219165
521.000000 0.098247
522.000000 0.107623
523.000000 0.145799
524.000000 0.044138
525.000000 0.050260
526.000000 0.106737
527.000000 0.132506
528.000000 0.014203
529.000000 0.062159
530.000000 0.115424
531.000000 0.040159
532.000000 0.154852
533.000000 0.227624
534.000000 0.086543
535.000000 0.231172
536.000000 0.091995
537.000000 0.076728
538.000000 0.073633
539.000000 0.043344
540.000000 0.019377
541.000000 0.205853
542.000000 0.127043
543.000000 0.058083
544.000000 0.269255
545.000000 0.114832
546.000000 0.150710
547.000000 0.039570
548.000000 0.025970
549.000000 0.309292
550.000000 0.190748
551.000000 0.149079
552.000000 0.120459
553.000000 0.225780
554.000000 0.081200
555.000000 0.138475
556.000000 0.030800
557.000000 0.152882
558.000000 0.234392
559.000000 0.052101
560.000000 0.113478
561.000000 0.082090
562.000000 0.099791
563.000000 0.154675
564.000000 0.193347
565.000000 0.178250
566.000000 0.048115
567.000000 0.082764
568.000000 0.046936
569.000000 0.089704
570.000000 0.084672
571.000000 0.018549
572.000000 0.153978
573.000000 0.098020
574.000000 0.068504
575.000000 0.022657
576.000000 0.180116
577.000000 0.063010
578.000000 0.142922
579.000000 0.207438
580.000000 0.115502
581.000000 0.060744
582.000000 0.194244
583.000000 0.067410
584.000000 0.182935
585.000000 0.149240
586.000000 0.140262
587.000000 0.145315
588.000000 0.257351
589.000000 0.072970
590.000000 0.101678
591.000000 0.192566
592.000000 0.189541
593.000000 0.159310
594.000000 0.146984
595.000000 0.038462
596.000000 0.115294
597.000000 0.119043
598.000000 0.113813
599.000000 0.173259
600.000000 0.238160
601.000000 0.153725
602.000000 0.071397
603.000000 0.122459
604.000000 0.092002
605.000000 0.176666
606.000000 0.259198
607.000000 0.121404
608.000000 0.090298
609.000000 0.150520
610.000000 0.126202
611.000000 0.298469
612.000000 0.097709
613.000000 0.110978
614.000000 0.129534
615.000000 0.133565
616.000000 0.064855
617.000000 0.211445
618.000000 0.078687
619.000000 0.105879
620.000000 0.065623
621.000000 0.097199
622.000000 0.189387
623.000000 0.181464
624.000000 0.078111
625.000000 0.049413
626.000000 0.023258
627.000000 0.248916
628.000000 0.226965
629.000000 0.142265
630.000000 0.064566
631.000000 0.175953
632.000000 0.218580
633.000000 0.137684
634.000000 0.109676
635.000000 0.144857
636.000000 0.018369
637.000000 0.150383
638.000000 0.123712
639.000000 0.043215
640.000000 0.185741
641.000000 0.065206
642.000000 0.147950
643.000000 0.250101
644.000000 0.102593
645.000000 0.197214
646.000000 0.113878
647.000000 0.155549
648.000000 0.073926
649.000000 0.194793
650.000000 0.029670
651.000000 0.213635
652.000000 0.142270
653.000000 0.100455
654.000000 0.188049
655.000000 0.090478
656.000000 0.144525
657.000000 0.162314
658.000000 0.054118
659.000000 0.050238
660.000000 0.059398
661.000000 0.167411
662.000000 0.299309
663.000000 0.225596
664.000000 0.284582
665.000000 0.040013
666.000000 0.217201
667.000000 0.148672
668.000000 0.107392
669.000000 0.358515
670.000000 0.106259
671.000000 0.199197
672.000000 0.182250
673.000000 0.142158
674.000000 0.089755
675.000000 0.047646
676.000000 0.087913
677.000000 0.122038
678.000000 0.086042
679.000000 0.138188
680.000000 0.163332
681.000000 0.216904
682.000000 0.187961
683.000000 0.367885
684.000000 0.183219
685.000000 0.132977
686.000000 0.138335
687.000000 0.092231
688.000000 0.020597
689.000000 0.128735
690.000000 0.116461
691.000000 0.261990
692.000000 0.236547
693.000000 0.272942
694.000000 0.069361
695.000000 0.152790
696.000000 0.014031
697.000000 0.206798
698.000000 0.168343
699.000000 0.061100
700.000000 0.001487
701.000000 0.146728
702.000000 0.188620
703.000000 0.319701
704.000000 0.052465
705.000000 0.165772
706.000000 0.032977
707.000000 0.149696
708.000000 0.143788
709.000000 0.198827
710.000000 0.112637
711.000000 0.101266
712.000000 0.059904
713.000000 0.156292
714.000000 0.136408
715.000000 0.126785
716.000000 0.117982
717.000000 0.099070
718.000000 0.131455
719.000000 0.060440
720.000000 0.023247
721.000000 0.119831
722.000000 0.099872
723.000000 0.229602
724.000000 0.096783
725.000000 0.131677
726.000000 0.029671
727.000000 0.141404
728.000000 0.135194
729.000000 0.109471
730.000000 0.200605
731.000000 0.171825
732.000000 0.063084
733.000000 0.255970
734.000000 0.039860
735.000000 0.082340
736.000000 0.134849
737.000000 0.079939
738.000000 0.098585
739.000000 0.088240
740.000000 0.097104
741.000000 0.054395
742.000000 0.154379
743.000000 0.129567
744.000000 0.194080
745.000000 0.127598
746.000000 0.088668
747.000000 0.040295
748.000000 0.057253
749.000000 0.068175
750.000000 0.033892
751.000000 0.087139
752.000000 0.182577
753.000000 0.184617
754.000000 0.085990
755.000000 0.138894
756.000000 0.137285
757.000000 0.189067
758.000000 0.168414
759.000000 0.132253
760.000000 0.181387
761.000000 0.256510
762.000000 0.120162
763.000000 0.031155
764.000000 0.102387
765.000000 0.232453
766.000000 0.108631
767.000000 0.074590
768.000000 0.055420
769.000000 0.154897
770.000000 0.025218
771.000000 0.163996
772.000000 0.186570
773.000000 0.040922
774.000000 0.110544
775.000000 0.094893
776.000000 0.132942
777.000000 0.059253
778.000000 0.043992
779.000000 0.044177
780.000000 0.129852
781.000000 0.104491
782.000000 0.016946
783.000000 0.142543
784.000000 0.087262
785.000000 0.189837
786.000000 0.366319
787.000000 0.216918
788.000000 0.085901
789.000000 0.135940
790.000000 0.322820
791.000000 0.064202
792.000000 0.199705
793.000000 0.058671
794.000000 0.197590
795.000000 0.135586
796.000000 0.133006
797.000000 0.039625
798.000000 0.094312
799.000000 0.160121
800.000000 0.201717
801.000000 0.140695
802.000000 0.112651
803.000000 0.055492
804.000000 0.180413
805.000000 0.088487
806.000000 0.025314
807.000000 0.169954
808.000000 0.100360
809.000000 0.242231
810.000000 0.038574
811.000000 0.032931
812.000000 0.079709
813.000000 0.116862
814.000000 0.116800
815.000000 0.032431
816.000000 0.167986
817.000000 0.111450
818.000000 0.156421
819.000000 0.103978
820.000000 0.174013
821.000000 0.101223
822.000000 0.217808
823.000000 0.036454
824.000000 0.121373
825.000000 0.160626
826.000000 0.157275
827.000000 0.074499
828.000000 0.105703
829.000000 0.048247
830.000000 0.179992
831.000000 0.089333
832.000000 0.043168
833.000000 0.224347
834.000000 0.023674
835.000000 0.090294
836.000000 0.026941
837.000000 0.205254
838.000000 0.050707
839.000000 0.060049
840.000000 0.008381
841.000000 0.120142
842.000000 0.090803
843.000000 0.207151
844.000000 0.310714
845.000000 0.075292
846.000000 0.027855
847.000000 0.153597
848.000000 0.091136
849.000000 0.245386
850.000000 0.196941
851.000000 0.136747
852.000000 0.072850
853.000000 0.123194
854.000000 0.132641
855.000000 0.065740
856.000000 0.119913
857.000000 0.103503
858.000000 0.271373
859.000000 0.137429
860.000000 0.011833
861.000000 0.074537
862.000000 0.120311
863.000000 0.237986
864.000000 0.139157
865.000000 0.112503
866.000000 0.063822
867.000000 0.053418
868.000000 0.026794
869.000000 0.135015
870.000000 0.158305
871.000000 0.078740
872.000000 0.125241
873.000000 0.125559
874.000000 0.135932
875.000000 0.080597
876.000000 0.014689
877.000000 0.130170
878.000000 0.048992
879.000000 0.127793
880.000000 0.136172
881.000000 0.058452
882.000000 0.297750
883.000000 0.107778
884.000000 0.033483
885.000000 0.143158
886.000000 0.099613
887.000000 0.019537
888.000000 0.055949
889.000000 0.117413
890.000000 0.151034
891.000000 0.138826
892.000000 0.043774
893.000000 0.218972
894.000000 0.070437
895.000000 0.162320
896.000000 0.073596
897.000000 0.098033
898.000000 0.157064
899.000000 0.178379
900.000000 0.125143
901.000000 0.156568
902.000000 0.202794
903.000000 0.094981
904.000000 0.167161
905.000000 0.127859
906.000000 0.167671
907.000000 0.093408
908.000000 0.084248
909.000000 0.232821
910.000000 0.135730
911.000000 0.127729
912.000000 0.103616
913.000000 0.167916
914.000000 0.089691
915.000000 0.205281
916.000000 0.031091
917.000000 0.063976
918.000000 0.148627
919.000000 0.123275
920.000000 0.106633
921.000000 0.195373
922.000000 0.119395
923.000000 0.149976
924.000000 0.102412
925.000000 0.139347
926.000000 0.051573
927.000000 0.243968
928.000000 0.056370
929.000000 0.018741
930.000000 0.117287
931.000000 0.194084
932.000000 0.040672
933.000000 0.097991
934.000000 0.057347
935.000000 0.160594
936.000000 0.015442
937.000000 0.032784
938.000000 0.266550
939.000000 0.176804
940.000000 0.043351
941.000000 0.152580
942.000000 0.118058
943.000000 0.201508
944.000000 0.164295
945.000000 0.024057
946.000000 0.055734
947.000000 0.085683
948.000000 0.080241
949.000000 0.081428
950.000000 0.112252
951.000000 0.129556
952.000000 0.030838
953.000000 0.205484
954.000000 0.130998
955.000000 0.057159
956.000000 0.061534
957.000000 0.186016
958.000000 0.074179
959.000000 0.123300
960.000000 0.051787
961.000000 0.124055
962.000000 0.096293
963.000000 0.122864
964.000000 0.129480
965.000000 0.050228
966.000000 0.138391
967.000000 0.248669
968.000000 0.198476
969.000000 0.179228
970.000000 0.172522
971.000000 0.244555
972.000000 0.064328
973.000000 0.096145
974.000000 0.099554
975.000000 0.086846
976.000000 0.054733
977.000000 0.198822
978.000000 0.166505
979.000000 0.282673
980.000000 0.131208
981.000000 0.105957
982.000000 0.108500
983.000000 0.070287
984.000000 0.012219
985.000000 0.093004
986.000000 0.198299
987.000000 0.044238
988.000000 0.101168
989.000000 0.149092
990.000000 0.148424
991.000000 0.133222
992.000000 0.039737
993.000000 0.121621
994.000000 0.122525
995.000000 0.067427
996.000000 0.115796
997.000000 0.096024
998.000000 0.170059
999.000000 0.148916
1000.000000 0.140803
1001.000000 0.067761
1002.000000 0.026755
1003.000000 0.196466
1004.000000 0.204519
1005.000000 0.057007
1006.000000 0.271499
1007.000000 0.234912
1008.000000 0.061606
1009.000000 0.090869
1010.000000 0.104830
1011.000000 0.026652
1012.000000 0.205260
1013.000000 0.018010
1014.000000 0.173737
1015.000000 0.200266
1016.000000 0.115767
1017.000000 0.142365
1018.000000 0.197328
1019.000000 0.178252
1020.000000 0.030466
1021.000000 0.166472
1022.000000 0.086145
1023.000000 0.057794
1024.000000 0.040782
1025.000000 0.195392
1026.000000 0.018472
1027.000000 0.206920
1028.000000 0.060380
1029.000000 0.041983
1030.000000 0.069640
1031.000000 0.030753
1032.000000 0.131031
1033.000000 0.105367
1034.000000 0.116445
1035.000000 0.144838
1036.000000 0.190389
1037.000000 0.128893
1038.000000 0.106586
1039.000000 0.031125
1040.000000 0.106283
1041.000000 0.072968
1042.000000 0.228549
1043.000000 0.196110
1044.000000 0.122158
1045.000000 0.157957
1046.000000 0.239584
1047.000000 0.047167
1048.000000 0.104743
1049.000000 0.129580
1050.000000 0.104622
1051.000000 0.007610
1052.000000 0.156954
1053.000000 0.026608
1054.000000 0.086638
1055.000000 0.112739
1056.000000 0.223710
1057.000000 0.130079
1058.000000 0.049648
1059.000000 0.089301
1060.000000 0.220429
1061.000000 0.119781
1062.000000 0.076158
1063.000000 0.037745
1064.000000 0.033414
1065.000000 0.092080
1066.000000 0.059008
1067.000000 0.027697
1068.000000 0.167760
1069.000000 0.150154
1070.000000 0.129152
1071.000000 0.195388
1072.000000 0.131384
1073.000000 0.077863
1074.000000 0.202495
1075.000000 0.093454
1076.000000 0.030102
1077.000000 0.069317
1078.000000 0.088011
1079.000000 0.101310
1080.000000 0.152027
1081.000000 0.080423
1082.000000 0.049076
1083.000000 0.177333
1084.000000 0.080042
1085.000000 0.189565
1086.000000 0.218922
1087.000000 0.196289
1088.000000 0.054706
1089.000000 0.145329
1090.000000 0.117918
1091.000000 0.100624
1092.000000 0.130633
1093.000000 0.176203
1094.000000 0.060658
1095.000000 0.151197
1096.000000 0.069894
1097.000000 0.106251
1098.000000 0.108305
1099.000000 0.146484
1100.000000 0.212398
1101.000000 0.172120
1102.000000 0.106508
1103.000000 0.165095
1104.000000 0.070208
1105.000000 0.096329
1106.000000 0.056902
1107.000000 0.127623
1108.000000 0.334183
1109.000000 0.165224
1110.000000 0.036153
1111.000000 0.071027
1112.000000 0.257353
1113.000000 0.115405
1114.000000 0.049736
1115.000000 0.195258
1116.000000 0.156532
1117.000000 0.070029
1118.000000 0.231549
1119.000000 0.109598
1120.000000 0.121562
1121.000000 0.202878
1122.000000 0.174314
1123.000000 0.125757
1124.000000 0.071862
1125.000000 0.186467
1126.000000 0.147293
1127.000000 0.259360
1128.000000 0.194439
1129.000000 0.044595
1130.000000 0.077048
1131.000000 0.061173
1132.000000 0.131598
1133.000000 0.054716
1134.000000 0.142249
1135.000000 0.083523
1136.000000 0.088355
1137.000000 0.104496
1138.000000 0.206275
1139.000000 0.176319
1140.000000 0.244807
1141.000000 0.049605
1142.000000 0.177381
1143.000000 0.221273
1144.000000 0.127636
1145.000000 0.093076
1146.000000 0.101542
1147.000000 0.122466
1148.000000 0.183489
1149.000000 0.158141
1150.000000 0.245231
1151.000000 0.112187
1152.000000 0.118920
1153.000000 0.120067
1154.000000 0.115765
1155.000000 0.065633
1156.000000 0.140497
1157.000000 0.064867
1158.000000 0.080807
1159.000000 0.248505
1160.000000 0.181685
1161.000000 0.062944
1162.000000 0.122721
1163.000000 0.244174
1164.000000 0.062045
1165.000000 0.280249
1166.000000 0.198024
1167.000000 0.206484
1168.000000 0.099231
1169.000000 0.212367
1170.000000 0.091714
1171.000000 0.106790
1172.000000 0.125492
1173.000000 0.178034
1174.000000 0.232358
1175.000000 0.154727
1176.000000 0.153053
1177.000000 0.147202
1178.000000 0.167300
1179.000000 0.170230
1180.000000 0.110160
1181.000000 0.155874
1182.000000 0.058849
1183.000000 0.160090
1184.000000 0.122721
1185.000000 0.069382
1186.000000 0.218006
1187.000000 0.063860
1188.000000 0.123041
1189.000000 0.022592
1190.000000 0.119703
1191.000000 0.191994
1192.000000 0.069383
1193.000000 0.312865
1194.000000 0.216335
1195.000000 0.203374
1196.000000 0.105802
1197.000000 0.127710
1198.000000 0.271974
1199.000000 0.184753
1200.000000 0.185060
1201.000000 0.142540
1202.000000 0.272884
1203.000000 0.004089
1204.000000 0.262209
1205.000000 0.025102
1206.000000 0.168483
1207.000000 0.255818
1208.000000 0.084271
1209.000000 0.117411
1210.000000 0.132290
1211.000000 0.053616
1212.000000 0.030233
1213.000000 0.219468
1214.000000 0.098331
1215.000000 0.050101
1216.000000 0.110023
1217.000000 0.380194
1218.000000 0.249050
1219.000000 0.170892
1220.000000 0.217366
1221.000000 0.107263
1222.000000 0.100016
1223.000000 0.275404
1224.000000 0.174321
1225.000000 0.011610
1226.000000 0.064283
1227.000000 0.160638
1228.000000 0.046723
1229.000000 0.094968
1230.000000 0.121704
1231.000000 0.124135
1232.000000 0.109110
1233.000000 0.113560
1234.000000 0.107839
1235.000000 0.294450
1236.000000 0.153342
1237.000000 0.172305
1238.000000 0.064678
1239.000000 0.122136
1240.000000 0.151154
1241.000000 0.113276
1242.000000 0.133544
1243.000000 0.166088
1244.000000 0.163197
1245.000000 0.138811
1246.000000 0.157174
1247.000000 0.304156
1248.000000 0.156621
1249.000000 0.136725
1250.000000 0.157067
1251.000000 0.126359
1252.000000 0.153585
1253.000000 0.179955
1254.000000 0.075235
1255.000000 0.115649
1256.000000 0.079612
1257.000000 0.073401
1258.000000 0.114713
1259.000000 0.122024
1260.000000 0.291914
1261.000000 0.127583
1262.000000 0.076010
1263.000000 0.161003
1264.000000 0.067947
1265.000000 0.056779
1266.000000 0.097643
1267.000000 0.175464
1268.000000 0.043238
1269.000000 0.127348
1270.000000 0.207208
1271.000000 0.190393
1272.000000 0.092800
1273.000000 0.064190
1274.000000 0.155277
1275.000000 0.044272
1276.000000 0.211469
1277.000000 0.114612
1278.000000 0.148519
1279.000000 0.067137
1280.000000 0.054404
1281.000000 0.186694
1282.000000 0.130020
1283.000000 0.090509
1284.000000 0.136068
1285.000000 0.080926
1286.000000 0.229581
1287.000000 0.135432
1288.000000 0.130066
1289.000000 0.121927
1290.000000 0.063941
1291.000000 0.154851
1292.000000 0.086087
1293.000000 0.073429
1294.000000 0.166715
1295.000000 0.168169
1296.000000 0.197223
1297.000000 0.272950
1298.000000 0.086878
1299.000000 0.108767
1300.000000 0.059350
1301.000000 0.276765
1302.000000 0.128988
1303.000000 0.054781
1304.000000 0.127629
1305.000000 0.073281
1306.000000 0.105093
1307.000000 0.193529
1308.000000 0.143598
1309.000000 0.157154
1310.000000 0.103022
1311.000000 0.041384
1312.000000 0.062112
1313.000000 0.245520
1314.000000 0.172918
1315.000000 0.115785
1316.000000 0.079543
1317.000000 0.106586
1318.000000 0.110249
1319.000000 0.098173
1320.000000 0.159000
1321.000000 0.259697
1322.000000 0.257388
1323.000000 0.261179
1324.000000 0.299023
1325.000000 0.065928
1326.000000 0.106411
1327.000000 0.081634
1328.000000 0.084552
1329.000000 0.083556
1330.000000 0.105617
1331.000000 0.050700
1332.000000 0.015940
1333.000000 0.085808
1334.000000 0.164117
1335.000000 0.116134
1336.000000 0.071785
1337.000000 0.120121
1338.000000 0.038228
1339.000000 0.287400
1340.000000 0.275804
1341.000000 0.042141
1342.000000 0.133402
1343.000000 0.041444
1344.000000 0.026684
1345.000000 0.177790
1346.000000 0.137299
1347.000000 0.027739
1348.000000 0.200007
1349.000000 0.083991
1350.000000 0.128390
1351.000000 0.110583
1352.000000 0.199126
1353.000000 0.177672
1354.000000 0.051578
1355.000000 0.040069
1356.000000 0.257488
1357.000000 0.165552
1358.000000 0.048797
1359.000000 0.041091
1360.000000 0.166419
1361.000000 0.145617
1362.000000 0.089557
1363.000000 0.101909
1364.000000 0.108557
1365.000000 0.138795
1366.000000 0.102263
1367.000000 0.064645
1368.000000 0.126081
1369.000000 0.103216
1370.000000 0.030033
1371.000000 0.080965
1372.000000 0.064429
1373.000000 0.025727
1374.000000 0.131088
1375.000000 0.075250
1376.000000 0.096020
1377.000000 0.135238
1378.000000 0.094695
1379.000000 0.128298
1380.000000 0.174353
1381.000000 0.104634
1382.000000 0.082958
1383.000000 0.157549
1384.000000 0.054440
1385.000000 0.032246
1386.000000 0.140579
1387.000000 0.158065
1388.000000 0.331998
1389.000000 0.144910
1390.000000 0.058202
1391.000000 0.211477
1392.000000 0.077583
1393.000000 0.091762
1394.000000 0.100361
1395.000000 0.164180
1396.000000 0.085393
1397.000000 0.136037
1398.000000 0.247977
1399.000000 0.164932
1400.000000 0.150977
1401.000000 0.060135
1402.000000 0.103785
1403.000000 0.172664
1404.000000 0.081220
1405.000000 0.139139
1406.000000 0.077612
1407.000000 0.149018
1408.000000 0.060429
1409.000000 0.016470
1410.000000 0.113318
1411.000000 0.065775
1412.000000 0.095682
1413.000000 0.039150
1414.000000 0.287567
1415.000000 0.182290
1416.000000 0.157141
1417.000000 0.191010
1418.000000 0.115495
1419.000000 0.194474
1420.000000 0.057352
1421.000000 0.048066
1422.000000 0.112769
1423.000000 0.188530
1424.000000 0.177369
1425.000000 0.118022
1426.000000 0.191189
1427.000000 0.091375
1428.000000 0.122941
1429.000000 0.118242
1430.000000 0.021764
1431.000000 0.033725
1432.000000 0.034437
1433.000000 0.099422
1434.000000 0.244405
1435.000000 0.239512
1436.000000 0.044814
1437.000000 0.148793
1438.000000 0.055326
1439.000000 0.012045
1440.000000 0.224426
1441.000000 0.152240
1442.000000 0.074444
1443.000000 0.152346
1444.000000 0.112263
1445.000000 0.114462
1446.000000 0.122365
1447.000000 0.097664
1448.000000 0.033374
1449.000000 0.283853
1450.000000 0.062946
1451.000000 0.178647
1452.000000 0.146361
1453.000000 0.168019
1454.000000 0.012245
1455.000000 0.118805
1456.000000 0.083719
1457.000000 0.192275
1458.000000 0.340398
1459.000000 0.170874
1460.000000 0.023314
1461.000000 0.128079
1462.000000 0.184279
1463.000000 0.098720
1464.000000 0.154752
1465.000000 0.074575
1466.000000 0.088139
1467.000000 0.049045
1468.000000 0.176401
1469.000000 0.026474
1470.000000 0.063391
1471.000000 0.030129
1472.000000 0.142985
1473.000000 0.188054
1474.000000 0.055636
1475.000000 0.169856
1476.000000 0.152398
1477.000000 0.085156
1478.000000 0.067288
1479.000000 0.135794
1480.000000 0.137751
1481.000000 0.078682
1482.000000 0.254141
1483.000000 0.071112
1484.000000 0.231844
1485.000000 0.120379
1486.000000 0.116952
1487.000000 0.193224
1488.000000 0.121901
1489.000000 0.213869
1490.000000 0.120773
1491.000000 0.133074
1492.000000 0.077106
1493.000000 0.116230
1494.000000 0.193862
1495.000000 0.094764
1496.000000 0.149108
1497.000000 0.145062
1498.000000 0.119210
1499.000000 0.183337
1500.000000 0.116692
1501.000000 0.067295
1502.000000 0.213927
1503.000000 0.236716
1504.000000 0.191350
1505.000000 0.039765
1506.000000 0.109900
1507.000000 0.177072
1508.000000 0.136404
1509.000000 0.162668
1510.000000 0.137658
1511.000000 0.193718
1512.000000 0.217740
1513.000000 0.063441
1514.000000 0.033780
1515.000000 0.193223
1516.000000 0.170354
1517.000000 0.169764
1518.000000 0.106604
1519.000000 0.113619
1520.000000 0.021263
1521.000000 0.111146
1522.000000 0.092820
1523.000000 0.191783
1524.000000 0.275017
1525.000000 0.137762
1526.000000 0.172613
1527.000000 0.226812
1528.000000 0.130593
1529.000000 0.024302
1530.000000 0.158270
1531.000000 0.121754
1532.000000 0.127266
1533.000000 0.047066
1534.000000 0.127433
1535.000000 0.063178
1536.000000 0.105322
1537.000000 0.020173
1538.000000 0.066079
1539.000000 0.080415
1540.000000 0.051837
1541.000000 0.098643
1542.000000 0.196352
1543.000000 0.094714
1544.000000 0.019344
1545.000000 0.162648
1546.000000 0.033388
1547.000000 0.090195
1548.000000 0.116677
1549.000000 0.185819
1550.000000 0.223312
1551.000000 0.082967
1552.000000 0.123391
1553.000000 0.156369
1554.000000 0.141783
1555.000000 0.217617
1556.000000 0.202779
1557.000000 0.061445
1558.000000 0.079984
1559.000000 0.002861
1560.000000 0.062552
1561.000000 0.147509
1562.000000 0.166437
1563.000000 0.150312
1564.000000 0.231983
1565.000000 0.083117
1566.000000 0.176024
1567.000000 0.056955
1568.000000 0.160854
1569.000000 0.111868
1570.000000 0.061844
1571.000000 0.153671
1572.000000 0.163200
1573.000000 0.069064
1574.000000 0.222810
1575.000000 0.119605
1576.000000 0.236231
1577.000000 0.042105
1578.000000 0.279505
1579.000000 0.146286
1580.000000 0.142269
1581.000000 0.136827
1582.000000 0.098619
1583.000000 0.036046
1584.000000 0.151957
1585.000000 0.077860
1586.000000 0.085039
1587.000000 0.175588
1588.000000 0.093364
1589.000000 0.270250
1590.000000 0.072623
1591.000000 0.200505
1592.000000 0.084038
1593.000000 0.087725
1594.000000 0.240053
1595.000000 0.104261
1596.000000 0.061315
1597.000000 0.151325
1598.000000 0.183531
1599.000000 0.116514
1600.000000 0.037132
1601.000000 0.120123
1602.000000 0.062932
1603.000000 0.046900
1604.000000 0.143606
1605.000000 0.158971
1606.000000 0.176217
1607.000000 0.176188
1608.000000 0.243566
1609.000000 0.148237
1610.000000 0.126444
1611.000000 0.135397
1612.000000 0.144745
1613.000000 0.030732
1614.000000 0.127494
1615.000000 0.097225
1616.000000 0.135558
1617.000000 0.040680
1618.000000 0.099692
1619.000000 0.050392
1620.000000 0.119774
1621.000000 0.106280
1622.000000 0.092218
1623.000000 0.242113
1624.000000 0.196262
1625.000000 0.039309
1626.000000 0.130912
1627.000000 0.110457
1628.000000 0.161142
1629.000000 0.087941
1630.000000 0.263440
1631.000000 0.249638
1632.000000 0.136793
1633.000000 0.059626
1634.000000 0.044747
1635.000000 0.168469
1636.000000 0.118644
1637.000000 0.176717
1638.000000 0.143970
1639.000000 0.164288
1640.000000 0.115708
1641.000000 0.115349
1642.000000 0.252068
1643.000000 0.117272
1644.000000 0.117258
1645.000000 0.032562
1646.000000 0.114873
1647.000000 0.017757
1648.000000 0.124432
1649.000000 0.247375
1650.000000 0.154812
1651.000000 0.016495
1652.000000 0.053876
1653.000000 0.189096
1654.000000 0.271031
1655.000000 0.113101
1656.000000 0.058647
1657.000000 0.148170
1658.000000 0.118300
1659.000000 0.120533
1660.000000 0.079414
1661.000000 0.090710
1662.000000 0.192428
1663.000000 0.243206
1664.000000 0.223806
1665.000000 0.194956
1666.000000 0.092868
1667.000000 0.042510
1668.000000 0.156683
1669.000000 0.171640
1670.000000 0.140523
1671.000000 0.057172
1672.000000 0.248628
1673.000000 0.102593
1674.000000 0.170126
1675.000000 0.113856
1676.000000 0.280278
1677.000000 0.125534
1678.000000 0.266248
1679.000000 0.220381
1680.000000 0.224537
1681.000000 0.163708
1682.000000 0.077318
1683.000000 0.136638
1684.000000 0.350084
1685.000000 0.168353
1686.000000 0.209262
1687.000000 0.145011
1688.000000 0.066841
1689.000000 0.195078
1690.000000 0.125460
1691.000000 0.100814
1692.000000 0.125811
1693.000000 0.151747
1694.000000 0.068538
1695.000000 0.161814
1696.000000 0.085712
1697.000000 0.098352
1698.000000 0.072526
1699.000000 0.188340
1700.000000 0.166408
1701.000000 0.004256
1702.000000 0.078966
1703.000000 0.042020
1704.000000 0.098475
1705.000000 0.202729
1706.000000 0.215217
1707.000000 0.098048
1708.000000 0.090451
1709.000000 0.060001
1710.000000 0.090425
1711.000000 0.103904
1712.000000 0.123113
1713.000000 0.075148
1714.000000 0.203645
1715.000000 0.096972
1716.000000 0.063363
1717.000000 0.223678
1718.000000 0.288244
1719.000000 0.195363
1720.000000 0.094598
1721.000000 0.174378
1722.000000 0.015359
1723.000000 0.148499
1724.000000 0.134403
1725.000000 0.075545
1726.000000 0.239384
1727.000000 0.213462
1728.000000 0.068335
1729.000000 0.129730
1730.000000 0.069274
1731.000000 0.204712
1732.000000 0.167845
1733.000000 0.110323
1734.000000 0.162801
1735.000000 0.091031
1736.000000 0.183555
1737.000000 0.009034
1738.000000 0.132556
1739.000000 0.132797
1740.000000 0.067847
1741.000000 0.103698
1742.000000 0.206846
1743.000000 0.107248
1744.000000 0.427375
1745.000000 0.068476
1746.000000 0.186286
1747.000000 0.141837
1748.000000 0.160125
1749.000000 0.109559
1750.000000 0.209461
1751.000000 0.110914
1752.000000 0.237582
1753.000000 0.220834
1754.000000 0.208600
1755.000000 0.102317
1756.000000 0.035947
1757.000000 0.083833
1758.000000 0.148433
1759.000000 0.187112
1760.000000 0.184728
1761.000000 0.163517
1762.000000 0.140546
1763.000000 0.236885
1764.000000 0.079013
1765.000000 0.128904
1766.000000 0.059274
1767.000000 0.293050
1768.000000 0.123389
1769.000000 0.218587
1770.000000 0.241463
1771.000000 0.165209
1772.000000 0.145156
1773.000000 0.077721
1774.000000 0.111618
1775.000000 0.138551
1776.000000 0.235292
1777.000000 0.038852
1778.000000 0.181141
1779.000000 0.169606
1780.000000 0.070491
1781.000000 0.011671
1782.000000 0.140778
1783.000000 0.146680
1784.000000 0.164951
1785.000000 0.100569
1786.000000 0.117350
1787.000000 0.128036
1788.000000 0.190270
1789.000000 0.064053
1790.000000 0.154256
1791.000000 0.098268
1792.000000 0.056526
1793.000000 0.187737
1794.000000 0.160942
1795.000000 0.019131
1796.000000 0.136832
1797.000000 0.086361
1798.000000 0.113503
1799.000000 0.183651
1800.000000 0.143866
1801.000000 0.100388
1802.000000 0.161970
1803.000000 0.078562
1804.000000 0.032632
1805.000000 0.201622
1806.000000 0.075096
1807.000000 0.111583
1808.000000 0.060511
1809.000000 0.015387
1810.000000 0.118843
1811.000000 0.188774
1812.000000 0.098009
1813.000000 0.030705
1814.000000 0.109439
1815.000000 0.095743
1816.000000 0.055175
1817.000000 0.123931
1818.000000 0.130684
1819.000000 0.162417
1820.000000 0.106861
1821.000000 0.094484
1822.000000 0.203795
1823.000000 0.097756
1824.000000 0.127962
1825.000000 0.106345
1826.000000 0.096606
1827.000000 0.042266
1828.000000 0.069800
1829.000000 0.113391
1830.000000 0.168760
1831.000000 0.111397
1832.000000 0.092058
1833.000000 0.097255
1834.000000 0.104079
1835.000000 0.061031
1836.000000 0.182350
1837.000000 0.061269
1838.000000 0.143574
1839.000000 0.137513
1840.000000 0.146224
1841.000000 0.128282
1842.000000 0.078241
1843.000000 0.145175
1844.000000 0.196459
1845.000000 0.078257
1846.000000 0.055706
1847.000000 0.019035
1848.000000 0.197816
1849.000000 0.118460
1850.000000 0.142420
1851.000000 0.138161
1852.000000 0.136633
1853.000000 0.045690
1854.000000 0.044401
1855.000000 0.090464
1856.000000 0.146952
1857.000000 0.049750
1858.000000 0.178936
1859.000000 0.174192
1860.000000 0.090204
1861.000000 0.155317
1862.000000 0.065155
1863.000000 0.218107
1864.000000 0.104869
1865.000000 0.076043
1866.000000 0.165406
1867.000000 0.239591
1868.000000 0.190137
1869.000000 0.020670
1870.000000 0.100108
1871.000000 0.117047
1872.000000 0.063154
1873.000000 0.112244
1874.000000 0.099512
1875.000000 0.253918
1876.000000 0.042088
1877.000000 0.045006
1878.000000 0.025308
1879.000000 0.033533
1880.000000 0.022401
1881.000000 0.149569
1882.000000 0.188127
1883.000000 0.064050
1884.000000 0.207735
1885.000000 0.132772
1886.000000 0.091619
1887.000000 0.069913
1888.000000 0.056250
1889.000000 0.072500
1890.000000 0.099852
1891.000000 0.073135
1892.000000 0.210191
1893.000000 0.010440
1894.000000 0.065517
1895.000000 0.149690
1896.000000 0.071895
1897.000000 0.215579
1898.000000 0.104806
1899.000000 0.184510
1900.000000 0.123484
1901.000000 0.113465
1902.000000 0.176348
1903.000000 0.050792
1904.000000 0.159795
1905.000000 0.136359
1906.000000 0.035198
1907.000000 0.061418
1908.000000 0.208151
1909.000000 0.117518
1910.000000 0.168531
1911.000000 0.141571
1912.000000 0.051615
1913.000000 0.070103
1914.000000 0.055240
1915.000000 0.154509
1916.000000 0.148364
1917.000000 0.094699
1918.000000 0.138680
1919.000000 0.057738
1920.000000 0.156054
1921.000000 0.035405
1922.000000 0.196609
1923.000000 0.139427
1924.000000 0.057266
1925.000000 0.161134
1926.000000 0.127441
1927.000000 0.081933
1928.000000 0.273314
1929.000000 0.221426
1930.000000 0.190859
1931.000000 0.247700
1932.000000 0.126982
1933.000000 0.130066
1934.000000 0.185828
1935.000000 0.036714
1936.000000 0.127565
1937.000000 0.049697
1938.000000 0.135537
1939.000000 0.101222
1940.000000 0.134352
1941.000000 0.166861
1942.000000 0.091624
1943.000000 0.048053
1944.000000 0.162828
1945.000000 0.076285
1946.000000 0.170039
1947.000000 0.191577
1948.000000 0.200932
1949.000000 0.021670
1950.000000 0.078311
1951.000000 0.193237
1952.000000 0.204433
1953.000000 0.133616
1954.000000 0.088039
1955.000000 0.163761
1956.000000 0.052802
1957.000000 0.007083
1958.000000 0.095571
1959.000000 0.175474
1960.000000 0.046395
1961.000000 0.025789
1962.000000 0.185792
1963.000000 0.135227
1964.000000 0.199075
1965.000000 0.221761
1966.000000 0.108837
1967.000000 0.123809
1968.000000 0.146185
1969.000000 0.095539
1970.000000 0.108729
1971.000000 0.021010
1972.000000 0.042496
1973.000000 0.081253
1974.000000 0.175637
1975.000000 0.013847
1976.000000 0.176755
1977.000000 0.128816
1978.000000 0.115933
1979.000000 0.163804
1980.000000 0.026218
1981.000000 0.117502
1982.000000 0.123873
1983.000000 0.143628
1984.000000 0.111150
1985.000000 0.202213
1986.000000 0.038210
1987.000000 0.158223
1988.000000 0.120234
1989.000000 0.207100
1990.000000 0.066004
1991.000000 0.142710
1992.000000 0.091427
1993.000000 0.243896
1994.000000 0.285817
1995.000000 0.090202
1996.000000 0.185439
1997.000000 0.153139
1998.000000 0.053214
1999.000000 0.132282
2000.000000 0.278060
2001.000000 0.171486
2002.000000 0.089192
2003.000000 0.175456
2004.000000 0.103900
2005.000000 0.151138
2006.000000 0.134441
2007.000000 0.141225
2008.000000 0.079039
2009.000000 0.119739
2010.000000 0.224122
2011.000000 0.075954
2012.000000 0.078677
2013.000000 0.245839
2014.000000 0.070451
2015.000000 0.197579
2016.000000 0.174717
2017.000000 0.130991
2018.000000 0.053924
2019.000000 0.142722
2020.000000 0.039781
2021.000000 0.212863
2022.000000 0.034246
2023.000000 0.176281
2024.000000 0.080333
2025.000000 0.160478
2026.000000 0.054316
2027.000000 0.135753
2028.000000 0.054745
2029.000000 0.071072
2030.000000 0.050967
2031.000000 0.156151
2032.000000 0.125109
2033.000000 0.081810
2034.000000 0.108766
2035.000000 0.133231
2036.000000 0.115309
2037.000000 0.191390
2038.000000 0.166360
2039.000000 0.299910
2040.000000 0.237634
2041.000000 0.112126
2042.000000 0.083807
2043.000000 0.120746
2044.000000 0.146874
2045.000000 0.068156
2046.000000 0.096454
2047.000000 0.103326
2048.000000 0.186331
2049.000000 0.108038
2050.000000 0.248293
2051.000000 0.146920
2052.000000 0.131396
2053.000000 0.151849
2054.000000 0.171815
2055.000000 0.050108
2056.000000 0.170043
2057.000000 0.020349
2058.000000 0.127754
2059.000000 0.120374
2060.000000 0.147533
2061.000000 0.081284
2062.000000 0.124425
2063.000000 0.047778
2064.000000 0.040036
2065.000000 0.199938
2066.000000 0.149962
2067.000000 0.041641
2068.000000 0.046869
2069.000000 0.283349
2070.000000 0.212095
2071.000000 0.020560
2072.000000 0.165774
2073.000000 0.041906
2074.000000 0.083589
2075.000000 0.100322
2076.000000 0.123598
2077.000000 0.182116
2078.000000 0.205678
2079.000000 0.040282
2080.000000 0.169835
2081.000000 0.083550
2082.000000 0.143639
2083.000000 0.120075
2084.000000 0.076854
2085.000000 0.179156
2086.000000 0.075721
2087.000000 0.054296
2088.000000 0.156959
2089.000000 0.279315
2090.000000 0.051193
2091.000000 0.169579
2092.000000 0.133598
2093.000000 0.053710
2094.000000 0.042979
2095.000000 0.136014
2096.000000 0.177975
2097.000000 0.012682
2098.000000 0.108222
2099.000000 0.146459
2100.000000 0.047819
2101.000000 0.114532
2102.000000 0.079307
2103.000000 0.140116
2104.000000 0.115973
2105.000000 0.045674
2106.000000 0.225311
2107.000000 0.038535
2108.000000 0.127600
2109.000000 0.121726
2110.000000 0.176695
2111.000000 0.072262
2112.000000 0.091148
2113.000000 0.037763
2114.000000 0.251571
2115.000000 0.170349
2116.000000 0.101664
2117.000000 0.077308
2118.000000 0.147285
2119.000000 0.159424
2120.000000 0.071756
2121.000000 0.100695
2122.000000 0.146284
2123.000000 0.128687
2124.000000 0.146278
2125.000000 0.311731
2126.000000 0.206766
2127.000000 0.148623
2128.000000 0.081174
2129.000000 0.138701
2130.000000 0.179518
2131.000000 0.078409
2132.000000 0.174602
2133.000000 0.140310
2134.000000 0.227903
2135.000000 0.215489
2136.000000 0.125419
2137.000000 0.022797
2138.000000 0.118459
2139.000000 0.211884
2140.000000 0.056494
2141.000000 0.097931
2142.000000 0.111557
2143.000000 0.178437
2144.000000 0.113173
2145.000000 0.080797
2146.000000 0.183761
2147.000000 0.091592
2148.000000 0.118876
2149.000000 0.081674
2150.000000 0.163715
2151.000000 0.120532
2152.000000 0.051481
2153.000000 0.217185
2154.000000 0.072145
2155.000000 0.043075
2156.000000 0.096406
2157.000000 0.025153
2158.000000 0.241359
2159.000000 0.122350
2160.000000 0.116815
2161.000000 0.290459
2162.000000 0.155374
2163.000000 0.098715
2164.000000 0.092004
2165.000000 0.037751
2166.000000 0.121028
2167.000000 0.162401
2168.000000 0.076531
2169.000000 0.084828
2170.000000 0.059185
2171.000000 0.125536
2172.000000 0.063866
2173.000000 0.144932
2174.000000 0.051182
2175.000000 0.181759
2176.000000 0.123500
2177.000000 0.086687
2178.000000 0.294886
2179.000000 0.151367
2180.000000 0.180762
2181.000000 0.140530
2182.000000 0.074041
2183.000000 0.222887
2184.000000 0.052808
2185.000000 0.056092
2186.000000 0.140369
2187.000000 0.051177
2188.000000 0.113499
2189.000000 0.126260
2190.000000 0.270286
2191.000000 0.232340
2192.000000 0.198565
2193.000000 0.106407
2194.000000 0.178186
2195.000000 0.374452
2196.000000 0.263266
2197.000000 0.103080
2198.000000 0.113564
2199.000000 0.162477
2200.000000 0.113389
2201.000000 0.032034
2202.000000 0.125553
2203.000000 0.079821
2204.000000 0.064468
2205.000000 0.119520
2206.000000 0.043280
2207.000000 0.166524
2208.000000 0.224379
2209.000000 0.025850
2210.000000 0.036093
2211.000000 0.071612
2212.000000 0.084702
2213.000000 0.051846
2214.000000 0.056932
2215.000000 0.195519
2216.000000 0.072869
2217.000000 0.080663
2218.000000 0.124139
2219.000000 0.132044
2220.000000 0.068037
2221.000000 0.166631
2222.000000 0.124372
2223.000000 0.018285
2224.000000 0.092335
2225.000000 0.133459
2226.000000 0.014099
2227.000000 0.182391
2228.000000 0.074536
2229.000000 0.056919
2230.000000 0.106983
2231.000000 0.071109
2232.000000 0.075006
2233.000000 0.041949
2234.000000 0.182153
2235.000000 0.196235
2236.000000 0.177746
2237.000000 0.084454
2238.000000 0.105936
2239.000000 0.115201
2240.000000 0.203570
2241.000000 0.079353
2242.000000 0.132140
2243.000000 0.158402
2244.000000 0.192312
2245.000000 0.174638
2246.000000 0.159113
2247.000000 0.254092
2248.000000 0.118924
2249.000000 0.078505
2250.000000 0.105747
2251.000000 0.180960
2252.000000 0.061134
2253.000000 0.100160
2254.000000 0.115138
2255.000000 0.144478
2256.000000 0.106132
2257.000000 0.196291
2258.000000 0.167796
2259.000000 0.143378
2260.000000 0.136650
2261.000000 0.180845
2262.000000 0.149563
2263.000000 0.204644
2264.000000 0.155988
2265.000000 0.097813
2266.000000 0.017752
2267.000000 0.098469
2268.000000 0.132883
2269.000000 0.124062
2270.000000 0.220405
2271.000000 0.137350
2272.000000 0.268433
2273.000000 0.223296
2274.000000 0.102665
2275.000000 0.044999
2276.000000 0.033700
2277.000000 0.172341
2278.000000 0.059491
2279.000000 0.140834
2280.000000 0.096785
2281.000000 0.091881
2282.000000 0.114265
2283.000000 0.116174
2284.000000 0.137842
2285.000000 0.209556
2286.000000 0.363910
2287.000000 0.071756
2288.000000 0.147094
2289.000000 0.181083
2290.000000 0.183219
2291.000000 0.110746
2292.000000 0.136342
2293.000000 0.173340
2294.000000 0.247328
2295.000000 0.172762
2296.000000 0.033169
2297.000000 0.159593
2298.000000 0.243166
2299.000000 0.143218
2300.000000 0.184402
2301.000000 0.092449
2302.000000 0.121679
2303.000000 0.008279
2304.000000 0.127073
2305.000000 0.103629
2306.000000 0.020881
2307.000000 0.101165
2308.000000 0.079124
2309.000000 0.123207
2310.000000 0.101698
2311.000000 0.105264
2312.000000 0.073021
2313.000000 0.032571
2314.000000 0.107332
2315.000000 0.140557
2316.000000 0.139778
2317.000000 0.050470
2318.000000 0.085380
2319.000000 0.096343
2320.000000 0.158665
2321.000000 0.121724
2322.000000 0.080564
2323.000000 0.115516
2324.000000 0.129419
2325.000000 0.167948
2326.000000 0.199388
2327.000000 0.081905
2328.000000 0.172949
2329.000000 0.031286
2330.000000 0.060863
2331.000000 0.192277
2332.000000 0.229636
2333.000000 0.055574
2334.000000 0.023420
2335.000000 0.163122
2336.000000 0.223133
2337.000000 0.153670
2338.000000 0.097042
2339.000000 0.087060
2340.000000 0.213825
2341.000000 0.228864
2342.000000 0.091671
2343.000000 0.081273
2344.000000 0.091316
2345.000000 0.032301
2346.000000 0.036034
2347.000000 0.099684
2348.000000 0.071790
2349.000000 0.104888
2350.000000 0.176977
2351.000000 0.205772
2352.000000 0.049701
2353.000000 0.127939
2354.000000 0.285557
2355.000000 0.167474
2356.000000 0.242090
2357.000000 0.196188
2358.000000 0.190179
2359.000000 0.132029
2360.000000 0.066469
2361.000000 0.160347
2362.000000 0.199899
2363.000000 0.152082
2364.000000 0.217317
2365.000000 0.061617
2366.000000 0.074729
2367.000000 0.147939
2368.000000 0.241401
2369.000000 0.047704
2370.000000 0.029703
2371.000000 0.350129
2372.000000 0.156291
2373.000000 0.042628
2374.000000 0.122974
2375.000000 0.153862
2376.000000 0.116974
2377.000000 0.116331
2378.000000 0.151061
2379.000000 0.062271
2380.000000 0.111652
2381.000000 0.133504
2382.000000 0.207869
2383.000000 0.351320
2384.000000 0.066636
2385.000000 0.071789
2386.000000 0.114528
2387.000000 0.102673
2388.000000 0.131606
2389.000000 0.090021
2390.000000 0.111065
2391.000000 0.163171
2392.000000 0.241397
2393.000000 0.196427
2394.000000 0.153922
2395.000000 0.084575
2396.000000 0.358187
2397.000000 0.181832
2398.000000 0.099405
2399.000000 0.062382
2400.000000 0.064700
2401.000000 0.182437
2402.000000 0.179354
2403.000000 0.055144
2404.000000 0.186715
2405.000000 0.098313
2406.000000 0.090376
2407.000000 0.195082
2408.000000 0.117135
2409.000000 0.076883
2410.000000 0.032136
2411.000000 0.063672
2412.000000 0.205652
2413.000000 0.225612
2414.000000 0.163984
2415.000000 0.091259
2416.000000 0.052706
2417.000000 0.121674
2418.000000 0.186944
2419.000000 0.160785
2420.000000 0.107644
2421.000000 0.117230
2422.000000 0.144747
2423.000000 0.040896
2424.000000 0.081313
2425.000000 0.224852
2426.000000 0.187091
2427.000000 0.152731
2428.000000 0.143393
2429.000000 0.239619
2430.000000 0.089953
2431.000000 0.101734
2432.000000 0.115193
2433.000000 0.191107
2434.000000 0.141216
2435.000000 0.142057
2436.000000 0.199923
2437.000000 0.114097
2438.000000 0.095807
2439.000000 0.195388
2440.000000 0.116657
2441.000000 0.095357
2442.000000 0.197190
2443.000000 0.025030
2444.000000 0.181950
2445.000000 0.123211
2446.000000 0.172411
2447.000000 0.037936
2448.000000 0.057693
2449.000000 0.160820
2450.000000 0.043863
2451.000000 0.224544
2452.000000 0.076751
2453.000000 0.208652
2454.000000 0.142026
2455.000000 0.023994
2456.000000 0.139315
2457.000000 0.253782
2458.000000 0.020355
2459.000000 0.092924
2460.000000 0.093847
2461.000000 0.034544
2462.000000 0.050868
2463.000000 0.178329
2464.000000 0.233536
2465.000000 0.121371
2466.000000 0.005770
2467.000000 0.273944
2468.000000 0.162075
2469.000000 0.040823
2470.000000 0.056056
2471.000000 0.060265
2472.000000 0.216091
2473.000000 0.203107
2474.000000 0.105591
2475.000000 0.063984
2476.000000 0.069165
2477.000000 0.042719
2478.000000 0.049373
2479.000000 0.241052
2480.000000 0.194301
2481.000000 0.206217
2482.000000 0.120997
2483.000000 0.186250
2484.000000 0.072837
2485.000000 0.052909
2486.000000 0.119353
2487.000000 0.198102
2488.000000 0.069517
2489.000000 0.108734
2490.000000 0.109044
2491.000000 0.142418
2492.000000 0.097793
2493.000000 0.173656
2494.000000 0.107168
2495.000000 0.066885
2496.000000 0.210072
2497.000000 0.193543
2498.000000 0.232627
2499.000000 0.044119
2500.000000 0.141698
2501.000000 0.238399
2502.000000 0.238606
2503.000000 0.044397
2504.000000 0.080168
2505.000000 0.275074
2506.000000 0.129528
2507.000000 0.125997
2508.000000 0.055801
2509.000000 0.066547
2510.000000 0.079642
2511.000000 0.166982
2512.000000 0.213104
2513.000000 0.152103
2514.000000 0.196163
2515.000000 0.088833
2516.000000 0.023537
2517.000000 0.093268
2518.000000 0.121082
2519.000000 0.118036
2520.000000 0.119179
2521.000000 0.172636
2522.000000 0.035165
2523.000000 0.114687
2524.000000 0.076713
2525.000000 0.155753
2526.000000 0.139580
2527.000000 0.137267
2528.000000 0.063121
2529.000000 0.076349
2530.000000 0.043383
2531.000000 0.053332
2532.000000 0.107281
2533.000000 0.106707
2534.000000 0.050000
2535.000000 0.051023
2536.000000 0.312600
2537.000000 0.152104
2538.000000 0.119830
2539.000000 0.062311
2540.000000 0.160527
2541.000000 0.097214
2542.000000 0.175815
2543.000000 0.233106
2544.000000 0.086216
2545.000000 0.101496
2546.000000 0.141693
2547.000000 0.258669
2548.000000 0.150771
2549.000000 0.031238
2550.000000 0.068778
2551.000000 0.083122
2552.000000 0.235856
2553.000000 0.139574
2554.000000 0.133533
2555.000000 0.082507
2556.000000 0.177573
2557.000000 0.184626
2558.000000 0.037409
2559.000000 0.157249
2560.000000 0.043341
2561.000000 0.062847
2562.000000 0.019821
2563.000000 0.182328
2564.000000 0.155516
2565.000000 0.106851
2566.000000 0.159481
2567.000000 0.057881
2568.000000 0.057244
2569.000000 0.176364
2570.000000 0.126327
2571.000000 0.233668
2572.000000 0.084638
2573.000000 0.126029
2574.000000 0.121037
2575.000000 0.153873
2576.000000 0.171793
2577.000000 0.081204
2578.000000 0.212921
2579.000000 0.115822
2580.000000 0.210784
2581.000000 0.139326
2582.000000 0.098211
2583.000000 0.055804
2584.000000 0.117656
2585.000000 0.083268
2586.000000 0.096388
2587.000000 0.068491
2588.000000 0.122284
2589.000000 0.134351
2590.000000 0.029928
2591.000000 0.102656
2592.000000 0.110891
2593.000000 0.037241
2594.000000 0.142843
2595.000000 0.087695
2596.000000 0.076636
2597.000000 0.190024
2598.000000 0.120047
2599.000000 0.172183
2600.000000 0.135137
2601.000000 0.072942
2602.000000 0.121029
2603.000000 0.145406
2604.000000 0.163124
2605.000000 0.052479
2606.000000 0.066169
2607.000000 0.047391
2608.000000 0.053302
2609.000000 0.033786
2610.000000 0.125996
2611.000000 0.106284
2612.000000 0.157352
2613.000000 0.109241
2614.000000 0.185651
2615.000000 0.055684
2616.000000 0.039588
2617.000000 0.110709
2618.000000 0.233265
2619.000000 0.040035
2620.000000 0.055731
2621.000000 0.061911
2622.000000 0.093378
2623.000000 0.069840
2624.000000 0.105830
2625.000000 0.041010
2626.000000 0.034122
2627.000000 0.097005
2628.000000 0.226745
2629.000000 0.073643
2630.000000 0.236819
2631.000000 0.017929
2632.000000 0.100842
2633.000000 0.075425
2634.000000 0.032538
2635.000000 0.016646
2636.000000 0.046197
2637.000000 0.149151
2638.000000 0.058582
2639.000000 0.129263
2640.000000 0.211044
2641.000000 0.092146
2642.000000 0.076933
2643.000000 0.292846
2644.000000 0.162652
2645.000000 0.160999
2646.000000 0.198752
2647.000000 0.027441
2648.000000 0.266995
2649.000000 0.090791
2650.000000 0.113536
2651.000000 0.065237
2652.000000 0.048665
2653.000000 0.120043
2654.000000 0.005478
2655.000000 0.156884
2656.000000 0.100936
2657.000000 0.031428
2658.000000 0.098675
2659.000000 0.117331
2660.000000 0.167560
2661.000000 0.084128
2662.000000 0.120831
2663.000000 0.124825
2664.000000 0.052776
2665.000000 0.186810
2666.000000 0.108114
2667.000000 0.246686
2668.000000 0.115099
2669.000000 0.118962
2670.000000 0.049141
2671.000000 0.099648
2672.000000 0.227526
2673.000000 0.124648
2674.000000 0.179519
2675.000000 0.165088
2676.000000 0.176203
2677.000000 0.046915
2678.000000 0.256521
2679.000000 0.133629
2680.000000 0.125548
2681.000000 0.092044
2682.000000 0.091062
2683.000000 0.092338
2684.000000 0.122069
2685.000000 0.159422
2686.000000 0.105859
2687.000000 0.161929
2688.000000 0.161597
2689.000000 0.157911
2690.000000 0.108007
2691.000000 0.169421
2692.000000 0.160290
2693.000000 0.042797
2694.000000 0.096915
2695.000000 0.075260
2696.000000 0.066821
2697.000000 0.159081
2698.000000 0.142812
2699.000000 0.083306
2700.000000 0.047778
2701.000000 0.136589
2702.000000 0.154805
2703.000000 0.081080
2704.000000 0.058421
2705.000000 0.098450
2706.000000 0.227533
2707.000000 0.031572
2708.000000 0.034486
2709.000000 0.049236
2710.000000 0.179384
2711.000000 0.204527
2712.000000 0.139248
2713.000000 0.149459
2714.000000 0.225639
2715.000000 0.241855
2716.000000 0.070499
2717.000000 0.138462
2718.000000 0.115055
2719.000000 0.015654
2720.000000 0.134821
2721.000000 0.070571
2722.000000 0.207892
2723.000000 0.185361
2724.000000 0.089623
2725.000000 0.098655
2726.000000 0.147759
2727.000000 0.165406
2728.000000 0.220044
2729.000000 0.110605
2730.000000 0.209633
2731.000000 0.158417
2732.000000 0.114226
2733.000000 0.054793
2734.000000 0.100775
2735.000000 0.026656
2736.000000 0.063162
2737.000000 0.131061
2738.000000 0.052632
2739.000000 0.120607
2740.000000 0.032799
2741.000000 0.027074
2742.000000 0.203095
2743.000000 0.251793
2744.000000 0.158293
2745.000000 0.188112
2746.000000 0.157230
2747.000000 0.077379
2748.000000 0.124195
2749.000000 0.165945
2750.000000 0.109249
2751.000000 0.085033
2752.000000 0.128670
2753.000000 0.105724
2754.000000 0.222204
2755.000000 0.053076
2756.000000 0.060390
2757.000000 0.089669
2758.000000 0.190925
2759.000000 0.090137
2760.000000 0.103945
2761.000000 0.135256
2762.000000 0.114057
2763.000000 0.196363
2764.000000 0.102744
2765.000000 0.161904
2766.000000 0.147807
2767.000000 0.027855
2768.000000 0.128455
2769.000000 0.041329
2770.000000 0.224349
2771.000000 0.106861
2772.000000 0.023148
2773.000000 0.066596
2774.000000 0.061734
2775.000000 0.251924
2776.000000 0.149533
2777.000000 0.083158
2778.000000 0.212375
2779.000000 0.160468
2780.000000 0.138456
2781.000000 0.164405
2782.000000 0.132307
2783.000000 0.064105
2784.000000 0.065307
2785.000000 0.054669
2786.000000 0.106444
2787.000000 0.047959
2788.000000 0.084342
2789.000000 0.096428
2790.000000 0.214020
2791.000000 0.053259
2792.000000 0.194191
2793.000000 0.191800
2794.000000 0.055593
2795.000000 0.072507
2796.000000 0.222376
2797.000000 0.075111
2798.000000 0.214477
2799.000000 0.326065
2800.000000 0.139049
2801.000000 0.260900
2802.000000 0.147933
2803.000000 0.071832
2804.000000 0.063714
2805.000000 0.224436
2806.000000 0.177305
2807.000000 0.103818
2808.000000 0.061986
2809.000000 0.247687
2810.000000 0.050545
2811.000000 0.116096
2812.000000 0.191074
2813.000000 0.113395
2814.000000 0.086611
2815.000000 0.024831
2816.000000 0.112775
2817.000000 0.130857
2818.000000 0.200413
2819.000000 0.169165
2820.000000 0.052515
2821.000000 0.039411
2822.000000 0.151568
2823.000000 0.139045
2824.000000 0.156884
2825.000000 0.195263
2826.000000 0.150404
2827.000000 0.023235
2828.000000 0.120993
2829.000000 0.222530
2830.000000 0.036818
2831.000000 0.079875
2832.000000 0.195348
2833.000000 0.091905
2834.000000 0.075641
2835.000000 0.052926
2836.000000 0.057701
2837.000000 0.151422
2838.000000 0.124705
2839.000000 0.201590
2840.000000 0.188134
2841.000000 0.100573
2842.000000 0.081324
2843.000000 0.158955
2844.000000 0.211687
2845.000000 0.188182
2846.000000 0.160240
2847.000000 0.027464
2848.000000 0.017536
2849.000000 0.162857
2850.000000 0.116123
2851.000000 0.194084
2852.000000 0.205633
2853.000000 0.127908
2854.000000 0.085508
2855.000000 0.109815
2856.000000 0.117445
2857.000000 0.152066
2858.000000 0.144090
2859.000000 0.139996
2860.000000 0.152296
2861.000000 0.134561
2862.000000 0.089793
2863.000000 0.049328
2864.000000 0.160816
2865.000000 0.151089
2866.000000 0.080517
2867.000000 0.098371
2868.000000 0.102187
2869.000000 0.183249
2870.000000 0.099836
2871.000000 0.211938
2872.000000 0.128421
2873.000000 0.234822
2874.000000 0.167457
2875.000000 0.041325
2876.000000 0.063979
2877.000000 0.345874
2878.000000 0.172875
2879.000000 0.100118
2880.000000 0.072680
2881.000000 0.099516
2882.000000 0.232607
2883.000000 0.128948
2884.000000 0.055494
2885.000000 0.083832
2886.000000 0.121004
2887.000000 0.307508
2888.000000 0.108204
2889.000000 0.168701
2890.000000 0.166768
2891.000000 0.080226
2892.000000 0.054373
2893.000000 0.029394
2894.000000 0.146983
2895.000000 0.121533
2896.000000 0.166282
2897.000000 0.030677
2898.000000 0.129246
2899.000000 0.017983
2900.000000 0.118944
2901.000000 0.160092
2902.000000 0.093087
2903.000000 0.204887
2904.000000 0.168244
2905.000000 0.231005
2906.000000 0.183979
2907.000000 0.263029
2908.000000 0.073208
2909.000000 0.053344
2910.000000 0.262966
2911.000000 0.203089
2912.000000 0.084021
2913.000000 0.094558
2914.000000 0.120325
2915.000000 0.067198
2916.000000 0.233160
2917.000000 0.067449
2918.000000 0.054117
2919.000000 0.074245
2920.000000 0.099725
2921.000000 0.248987
2922.000000 0.063768
2923.000000 0.091473
2924.000000 0.077356
2925.000000 0.070133
2926.000000 0.099714
2927.000000 0.139238
2928.000000 0.201453
2929.000000 0.162316
2930.000000 0.060900
2931.000000 0.253761
2932.000000 0.095986
2933.000000 0.085714
2934.000000 0.022658
2935.000000 0.109734
2936.000000 0.189627
2937.000000 0.029373
2938.000000 0.030596
2939.000000 0.084604
2940.000000 0.100120
2941.000000 0.079471
2942.000000 0.113884
2943.000000 0.047380
2944.000000 0.057918
2945.000000 0.055199
2946.000000 0.152936
2947.000000 0.025996
2948.000000 0.145103
2949.000000 0.102592
2950.000000 0.107855
2951.000000 0.153950
2952.000000 0.240158
2953.000000 0.092331
2954.000000 0.144878
2955.000000 0.027544
2956.000000 0.124900
2957.000000 0.248715
2958.000000 0.079457
2959.000000 0.201970
2960.000000 0.056851
2961.000000 0.093785
2962.000000 0.146549
2963.000000 0.088069
2964.000000 0.034795
2965.000000 0.060292
2966.000000 0.042647
2967.000000 0.108694
2968.000000 0.261736
2969.000000 0.065001
2970.000000 0.181036
2971.000000 0.061000
2972.000000 0.144975
2973.000000 0.113186
2974.000000 0.094163
2975.000000 0.047442
2976.000000 0.110097
2977.000000 0.022978
2978.000000 0.266620
2979.000000 0.064310
2980.000000 0.071633
2981.000000 0.102826
2982.000000 0.171256
2983.000000 0.117006
2984.000000 0.216051
2985.000000 0.121002
2986.000000 0.080018
2987.000000 0.071757
2988.000000 0.132955
2989.000000 0.180928
2990.000000 0.074913
2991.000000 0.070617
2992.000000 0.135584
2993.000000 0.043036
2994.000000 0.130302
2995.000000 0.078761
2996.000000 0.045752
2997.000000 0.104693
2998.000000 0.111023
2999.000000 0.210654
3000.000000 0.134255
