0.000000 0.084151
1.000000 0.118825
2.000000 0.100003
3.000000 0.067769
4.000000 0.145673
5.000000 0.115290
6.000000 0.052450
7.000000 0.099696
8.000000 0.212201
9.000000 0.126528
10.000000 0.219580
11.000000 0.111054
12.000000 0.128622
13.000000 0.235246
14.000000 0.096709
15.000000 0.190259
16.000000 0.127489
17.000000 0.153067
18.000000 0.058676
19.000000 0.220016
20.000000 0.155512
21.000000 0.254733
22.000000 0.151031
23.000000 0.061171
24.000000 0.134925
25.000000 0.174074
26.000000 0.066847
27.000000 0.073899
28.000000 0.162811
29.000000 0.158450
30.000000 0.111643
31.000000 0.176684
32.000000 0.150251
33.000000 0.234597
34.000000 0.237412
35.000000 0.128431
36.000000 0.221184
37.000000 0.162022
38.000000 0.060680
39.000000 0.151112
40.000000 0.091077
41.000000 0.205588
42.000000 0.105040
43.000000 0.061717
44.000000 0.114482
45.000000 0.161065
46.000000 0.037154
47.000000 0.145716
48.000000 0.042214
49.000000 0.077280
50.000000 0.028715
51.000000 0.252909
52.000000 0.192594
53.000000 0.068928
54.000000 0.125080
55.000000 0.114003
56.000000 0.128742
57.000000 0.068531
58.000000 0.108274
59.000000 0.122252
60.000000 0.092842
61.000000 0.198711
62.000000 0.173961
63.000000 0.234061
64.000000 0.168418
65.000000 0.085300
66.000000 0.068235
67.000000 0.191117
68.000000 0.117028
69.000000 0.266797
70.000000 0.058412
71.000000 0.080984
72.000000 0.115925
73.000000 0.228481
74.000000 0.036898
75.000000 0.294446
76.000000 0.189999
77.000000 0.061673
78.000000 0.172082
79.000000 0.130733
80.000000 0.035231
81.000000 0.057931
82.000000 0.139514
83.000000 0.106564
84.000000 0.131999
85.000000 0.080126
86.000000 0.261389
87.000000 0.206333
88.000000 0.137413
89.000000 0.192210
90.000000 0.125269
91.000000 0.162482
92.000000 0.030368
93.000000 0.119958
94.000000 0.024057
95.000000 0.160975
96.000000 0.056810
97.000000 0.295887
98.000000 0.100881
99.000000 0.067840
100.000000 0.183952
101.000000 0.109581
102.000000 0.111593
103.000000 0.093458
104.000000 0.090086
105.000000 0.163035
106.000000 0.072328
107.000000 0.051304
108.000000 0.134471
109.000000 0.168837
110.000000 0.172989
111.000000 0.095113
112.000000 0.046893
113.000000 0.054308
114.000000 0.126945
115.000000 0.095187
116.000000 0.159147
117.000000 0.053785
118.000000 0.107611
119.000000 0.087610
120.000000 0.147063
121.000000 0.186737
122.000000 0.204046
123.000000 0.083791
124.000000 0.066506
125.000000 0.100952
126.000000 0.079320
127.000000 0.179446
128.000000 0.098146
129.000000 0.033515
130.000000 0.172361
131.000000 0.104996
132.000000 0.095507
133.000000 0.237857
134.000000 0.193044
135.000000 0.215913
136.000000 0.107421
137.000000 0.140159
138.000000 0.064233
139.000000 0.127269
140.000000 0.146609
141.000000 0.117390
142.000000 0.121670
143.000000 0.093402
144.000000 0.128205
145.000000 0.017906
146.000000 0.254527
147.000000 0.052881
148.000000 0.105309
149.000000 0.172284
150.000000 0.103877
151.000000 0.062376
152.000000 0.260563
153.000000 0.087521
154.000000 0.089147
155.000000 0.267554
156.000000 0.118423
157.000000 0.102440
158.000000 0.132126
159.000000 0.103975
160.000000 0.154807
161.000000 0.253368
162.000000 0.233057
163.000000 0.072845
164.000000 0.164072
165.000000 0.063969
166.000000 0.164221
167.000000 0.059051
168.000000 0.216997
169.000000 0.126732
170.000000 0.112283
171.000000 0.055810
172.000000 0.137866
173.000000 0.136783
174.000000 0.129874
175.000000 0.044239
176.000000 0.242843
177.000000 0.078020
178.000000 0.174081
179.000000 0.159158
180.000000 0.252163
181.000000 0.206368
182.000000 0.122814
183.000000 0.091340
184.000000 0.104028
185.000000 0.129322
186.000000 0.129777
187.000000 0.206741
188.000000 0.105584
189.000000 0.076477
190.000000 0.038578
191.000000 0.092082
192.000000 0.149812
193.000000 0.089001
194.000000 0.259267
195.000000 0.108777
196.000000 0.137719
197.000000 0.161790
198.000000 0.214170
199.000000 0.184350
200.000000 0.256517
201.000000 0.081726
202.000000 0.118949
203.000000 0.099867
204.000000 0.209359
205.000000 0.072658
206.000000 0.097860
207.000000 0.038267
208.000000 0.152145
209.000000 0.142210
210.000000 0.126349
211.000000 0.031955
212.000000 0.135526
213.000000 0.127005
214.000000 0.081985
215.000000 0.250111
216.000000 0.154020
217.000000 0.017650
218.000000 0.318101
219.000000 0.041048
220.000000 0.240450
221.000000 0.120988
222.000000 0.099579
223.000000 0.212543
224.000000 0.091539
225.000000 0.077646
226.000000 0.149835
227.000000 0.017316
228.000000 0.056027
229.000000 0.094144
230.000000 0.116459
231.000000 0.009420
232.000000 0.097284
233.000000 0.176339
234.000000 0.057018
235.000000 0.202500
236.000000 0.143550
237.000000 0.110122
238.000000 0.116050
239.000000 0.225161
240.000000 0.007432
241.000000 0.009104
242.000000 0.204826
243.000000 0.213949
244.000000 0.184760
245.000000 0.228306
246.000000 0.066398
247.000000 0.141306
248.000000 0.092198
249.000000 0.033343
250.000000 0.090335
251.000000 0.051122
252.000000 0.093267
253.000000 0.064501
254.000000 0.106847
255.000000 0.185879
256.000000 0.096891
257.000000 0.172204
258.000000 0.177179
259.000000 0.076993
260.000000 0.108267
261.000000 0.105332
262.000000 0.216802
263.000000 0.070744
264.000000 0.101008
265.000000 0.099947
266.000000 0.058122
267.000000 0.013309
268.000000 0.064034
269.000000 0.180695
270.000000 0.159001
271.000000 0.167393
272.000000 0.194567
273.000000 0.155224
274.000000 0.062935
275.000000 0.037853
276.000000 0.132676
277.000000 0.155816
278.000000 0.111714
279.000000 0.113632
280.000000 0.065862
281.000000 0.143420
282.000000 0.256965
283.000000 0.202292
284.000000 0.141381
285.000000 0.098346
286.000000 0.155816
287.000000 0.021249
288.000000 0.242599
289.000000 0.065962
290.000000 0.222492
291.000000 0.198453
292.000000 0.146607
293.000000 0.081879
294.000000 0.047069
295.000000 0.276571
296.000000 0.155325
297.000000 0.126998
298.000000 0.157224
299.000000 0.104585
300.000000 0.128832
301.000000 0.037948
302.000000 0.108211
303.000000 0.148502
304.000000 0.216565
305.000000 0.195551
306.000000 0.246601
307.000000 0.178925
308.000000 0.012547
309.000000 0.084121
310.000000 0.202360
311.000000 0.038725
312.000000 0.080499
313.000000 0.102713
314.000000 0.142754
315.000000 0.157706
316.000000 0.129561
317.000000 0.071645
318.000000 0.111188
319.000000 0.126721
320.000000 0.113378
321.000000 0.045874
322.000000 0.049822
323.000000 0.231236
324.000000 0.142193
325.000000 0.183475
326.000000 0.062030
327.000000 0.171568
328.000000 0.273708
329.000000 0.136569
330.000000 0.022580
331.000000 0.134553
332.000000 0.084851
333.000000 0.251705
334.000000 0.120764
335.000000 0.089938
336.000000 0.138280
337.000000 0.111097
338.000000 0.194503
339.000000 0.207498
340.000000 0.235715
341.000000 0.046232
342.000000 0.063314
343.000000 0.072954
344.000000 0.137121
345.000000 0.027713
346.000000 0.076854
347.000000 0.161146
348.000000 0.059269
349.000000 0.111595
350.000000 0.079326
351.000000 0.080340
352.000000 0.105461
353.000000 0.186584
354.000000 0.127106
355.000000 0.083198
356.000000 0.174289
357.000000 0.133325
358.000000 0.173961
359.000000 0.236532
360.000000 0.189862
361.000000 0.137837
362.000000 0.239333
363.000000 0.109381
364.000000 0.084601
365.000000 0.026838
366.000000 0.205977
367.000000 0.157577
368.000000 0.051360
369.000000 0.048961
370.000000 0.153755
371.000000 0.139979
372.000000 0.106868
373.000000 0.150114
374.000000 0.111104
375.000000 0.071370
376.000000 0.097022
377.000000 0.178534
378.000000 0.018685
379.000000 0.206818
380.000000 0.061233
381.000000 0.134408
382.000000 0.087321
383.000000 0.075198
384.000000 0.207934
385.000000 0.090350
386.000000 0.169604
387.000000 0.117699
388.000000 0.134924
389.000000 0.166836
390.000000 0.156380
391.000000 0.093152
392.000000 0.145745
393.000000 0.044327
394.000000 0.037781
395.000000 0.159313
396.000000 0.198211
397.000000 0.225373
398.000000 0.280435
399.000000 0.072058
400.000000 0.053647
401.000000 0.178394
402.000000 0.135981
403.000000 0.094993
404.000000 0.167257
405.000000 0.088696
406.000000 0.100543
407.000000 0.133547
408.000000 0.079454
409.000000 0.089493
410.000000 0.239120
411.000000 0.196604
412.000000 0.148628
413.000000 0.151242
414.000000 0.125475
415.000000 0.146582
416.000000 0.076889
417.000000 0.071933
418.000000 0.123019
419.000000 0.242651
420.000000 0.088578
421.000000 0.042285
422.000000 0.164672
423.000000 0.142135
424.000000 0.075902
425.000000 0.214211
426.000000 0.277020
427.000000 0.042842
428.000000 0.285365
429.000000 0.223885
430.000000 0.065746
431.000000 0.197204
432.000000 0.204689
433.000000 0.164082
434.000000 0.121732
435.000000 0.105850
436.000000 0.051468
437.000000 0.069592
438.000000 0.125979
439.000000 0.066408
440.000000 0.064129
441.000000 0.223183
442.000000 0.201252
443.000000 0.064515
444.000000 0.261915
445.000000 0.120526
446.000000 0.074454
447.000000 0.245470
448.000000 0.142178
449.000000 0.181556
450.000000 0.063627
451.000000 0.134003
452.000000 0.174708
453.000000 0.035850
454.000000 0.171506
455.000000 0.072472
456.000000 0.232818
457.000000 0.053160
458.000000 0.057987
459.000000 0.189583
460.000000 0.225083
461.000000 0.224993
462.000000 0.016257
463.000000 0.112246
464.000000 0.268610
465.000000 0.076467
466.000000 0.072928
467.000000 0.095990
468.000000 0.206596
469.000000 0.084765
470.000000 0.188297
471.000000 0.048710
472.000000 0.176584
473.000000 0.245189
474.000000 0.135551
475.000000 0.102791
476.000000 0.106901
477.000000 0.057199
478.000000 0.111473
479.000000 0.205184
480.000000 0.062492
481.000000 0.112198
482.000000 0.139449
483.000000 0.116138
484.000000 0.081209
485.000000 0.262050
486.000000 0.145448
487.000000 0.110504
488.000000 0.114952
489.000000 0.099137
490.000000 0.110829
491.000000 0.107714
492.000000 0.153741
493.000000 0.026602
494.000000 0.174726
495.000000 0.181135
496.000000 0.201508
497.000000 0.267479
498.000000 0.182947
499.000000 0.097295
500.000000 0.029759
501.000000 0.252127
502.000000 0.048813
503.000000 0.100733
504.000000 0.038749
505.000000 0.152101
506.000000 0.248954
507.000000 0.096733
508.000000 0.123238
509.000000 0.142609
510.000000 0.083420
511.000000 0.130309
512.000000 0.156294
513.000000 0.048459
514.000000 0.111596
515.000000 0.091280
516.000000 0.312174
517.000000 0.162452
518.000000 0.140774
519.000000 0.149348
520.000000 0.142711
521.000000 0.157129
522.000000 0.104550
523.000000 0.176251
524.000000 0.043313
525.000000 0.142499
526.000000 0.167873
527.000000 0.080896
528.000000 0.055577
529.000000 0.058766
530.000000 0.133810
531.000000 0.071206
532.000000 0.028115
533.000000 0.232675
534.000000 0.106379
535.000000 0.126367
536.000000 0.106328
537.000000 0.167121
538.000000 0.101004
539.000000 0.235858
540.000000 0.097648
541.000000 0.177041
542.000000 0.072364
543.000000 0.204928
544.000000 0.194099
545.000000 0.071336
546.000000 0.080417
547.000000 0.107108
548.000000 0.182673
549.000000 0.074383
550.000000 0.200761
551.000000 0.124890
552.000000 0.299456
553.000000 0.097338
554.000000 0.155456
555.000000 0.230171
556.000000 0.168105
557.000000 0.167940
558.000000 0.037898
559.000000 0.192736
560.000000 0.087274
561.000000 0.058985
562.000000 0.175525
563.000000 0.125485
564.000000 0.108421
565.000000 0.125801
566.000000 0.105678
567.000000 0.156849
568.000000 0.104475
569.000000 0.097347
570.000000 0.030492
571.000000 0.054447
572.000000 0.099382
573.000000 0.065689
574.000000 0.115540
575.000000 0.237911
576.000000 0.224496
577.000000 0.068344
578.000000 0.076097
579.000000 0.164738
580.000000 0.070929
581.000000 0.016391
582.000000 0.188032
583.000000 0.117420
584.000000 0.091198
585.000000 0.170123
586.000000 0.054156
587.000000 0.074010
588.000000 0.220155
589.000000 0.005996
590.000000 0.143021
591.000000 0.083082
592.000000 0.104796
593.000000 0.174793
594.000000 0.249587
595.000000 0.167258
596.000000 0.167263
597.000000 0.210841
598.000000 0.089175
599.000000 0.188769
600.000000 0.086757
601.000000 0.042821
602.000000 0.142182
603.000000 0.020309
604.000000 0.262969
605.000000 0.118663
606.000000 0.137671
607.000000 0.177142
608.000000 0.120168
609.000000 0.232818
610.000000 0.084096
611.000000 0.130683
612.000000 0.143058
613.000000 0.290469
614.000000 0.163279
615.000000 0.100964
616.000000 0.065015
617.000000 0.018274
618.000000 0.041649
619.000000 0.070224
620.000000 0.139073
621.000000 0.001618
622.000000 0.046872
623.000000 0.017508
624.000000 0.177145
625.000000 0.129574
626.000000 0.197331
627.000000 0.315185
628.000000 0.284086
629.000000 0.164308
630.000000 0.029058
631.000000 0.146480
632.000000 0.133588
633.000000 0.144871
634.000000 0.062840
635.000000 0.224115
636.000000 0.123471
637.000000 0.176690
638.000000 0.281154
639.000000 0.181225
640.000000 0.052279
641.000000 0.117972
642.000000 0.167655
643.000000 0.116012
644.000000 0.082139
645.000000 0.191272
646.000000 0.171854
647.000000 0.208361
648.000000 0.271040
649.000000 0.091933
650.000000 0.324485
651.000000 0.086889
652.000000 0.154786
653.000000 0.096867
654.000000 0.140540
655.000000 0.178441
656.000000 0.171104
657.000000 0.056072
658.000000 0.131546
659.000000 0.183906
660.000000 0.104776
661.000000 0.326608
662.000000 0.188441
663.000000 0.096599
664.000000 0.070981
665.000000 0.051700
666.000000 0.059777
667.000000 0.270030
668.000000 0.106185
669.000000 0.170449
670.000000 0.209882
671.000000 0.083854
672.000000 0.127989
673.000000 0.115079
674.000000 0.153655
675.000000 0.195268
676.000000 0.190693
677.000000 0.063195
678.000000 0.149653
679.000000 0.129986
680.000000 0.026030
681.000000 0.145974
682.000000 0.069328
683.000000 0.036396
684.000000 0.204208
685.000000 0.074563
686.000000 0.078660
687.000000 0.127687
688.000000 0.034430
689.000000 0.151104
690.000000 0.182855
691.000000 0.225257
692.000000 0.061618
693.000000 0.187289
694.000000 0.144982
695.000000 0.102394
696.000000 0.147753
697.000000 0.360116
698.000000 0.169217
699.000000 0.112636
700.000000 0.098681
701.000000 0.210225
702.000000 0.089804
703.000000 0.043143
704.000000 0.040444
705.000000 0.018877
706.000000 0.062978
707.000000 0.178208
708.000000 0.054942
709.000000 0.202015
710.000000 0.101751
711.000000 0.099204
712.000000 0.080826
713.000000 0.085936
714.000000 0.126288
715.000000 0.169002
716.000000 0.147888
717.000000 0.081685
718.000000 0.056050
719.000000 0.276465
720.000000 0.094898
721.000000 0.141950
722.000000 0.100446
723.000000 0.052861
724.000000 0.222035
725.000000 0.057798
726.000000 0.186198
727.000000 0.261473
728.000000 0.076034
729.000000 0.096869
730.000000 0.151666
731.000000 0.113563
732.000000 0.031517
733.000000 0.024239
734.000000 0.077562
735.000000 0.055106
736.000000 0.162972
737.000000 0.103595
738.000000 0.097762
739.000000 0.175740
740.000000 0.182643
741.000000 0.095930
742.000000 0.133646
743.000000 0.112989
744.000000 0.209273
745.000000 0.157985
746.000000 0.154461
747.000000 0.106071
748.000000 0.094362
749.000000 0.153748
750.000000 0.090913
751.000000 0.117825
752.000000 0.171094
753.000000 0.038900
754.000000 0.180149
755.000000 0.093651
756.000000 0.038205
757.000000 0.045652
758.000000 0.084978
759.000000 0.139899
760.000000 0.206093
761.000000 0.072040
762.000000 0.121339
763.000000 0.013060
764.000000 0.119429
765.000000 0.183523
766.000000 0.181256
767.000000 0.087209
768.000000 0.153521
769.000000 0.195293
770.000000 0.144529
771.000000 0.068503
772.000000 0.259343
773.000000 0.058976
774.000000 0.124219
775.000000 0.282410
776.000000 0.226973
777.000000 0.134129
778.000000 0.152958
779.000000 0.212753
780.000000 0.052475
781.000000 0.106949
782.000000 0.167051
783.000000 0.184183
784.000000 0.164101
785.000000 0.250004
786.000000 0.219587
787.000000 0.114974
788.000000 0.216647
789.000000 0.242218
790.000000 0.245520
791.000000 0.097223
792.000000 0.174710
793.000000 0.085423
794.000000 0.053082
795.000000 0.126139
796.000000 0.082352
797.000000 0.106663
798.000000 0.091253
799.000000 0.189836
800.000000 0.142426
801.000000 0.203528
802.000000 0.048580
803.000000 0.102443
804.000000 0.137926
805.000000 0.088530
806.000000 0.075381
807.000000 0.115335
808.000000 0.214480
809.000000 0.127634
810.000000 0.142958
811.000000 0.107385
812.000000 0.169358
813.000000 0.096189
814.000000 0.041347
815.000000 0.021610
816.000000 0.120231
817.000000 0.140256
818.000000 0.147676
819.000000 0.097350
820.000000 0.155219
821.000000 0.114570
822.000000 0.195611
823.000000 0.121663
824.000000 0.135130
825.000000 0.260702
826.000000 0.060621
827.000000 0.233829
828.000000 0.140492
829.000000 0.048829
830.000000 0.124678
831.000000 0.213471
832.000000 0.127868
833.000000 0.203023
834.000000 0.081368
835.000000 0.114604
836.000000 0.209441
837.000000 0.140511
838.000000 0.058941
839.000000 0.138794
840.000000 0.152331
841.000000 0.126781
842.000000 0.163163
843.000000 0.078496
844.000000 0.072834
845.000000 0.069628
846.000000 0.086685
847.000000 0.145775
848.000000 0.254449
849.000000 0.163154
850.000000 0.047536
851.000000 0.111258
852.000000 0.199429
853.000000 0.169919
854.000000 0.174787
855.000000 0.082269
856.000000 0.039586
857.000000 0.083927
858.000000 0.076693
859.000000 0.222171
860.000000 0.239138
861.000000 0.112905
862.000000 0.225301
863.000000 0.121276
864.000000 0.122201
865.000000 0.130167
866.000000 0.236694
867.000000 0.091558
868.000000 0.168705
869.000000 0.148136
870.000000 0.121112
871.000000 0.145197
872.000000 0.066024
873.000000 0.096983
874.000000 0.216993
875.000000 0.123635
876.000000 0.016695
877.000000 0.091081
878.000000 0.334530
879.000000 0.064552
880.000000 0.197056
881.000000 0.210222
882.000000 0.186308
883.000000 0.041157
884.000000 0.289417
885.000000 0.251652
886.000000 0.178900
887.000000 0.179044
888.000000 0.072373
889.000000 0.055691
890.000000 0.286499
891.000000 0.161563
892.000000 0.269414
893.000000 0.174102
894.000000 0.128639
895.000000 0.026350
896.000000 0.181823
897.000000 0.072147
898.000000 0.038683
899.000000 0.319120
900.000000 0.143936
901.000000 0.069105
902.000000 0.242649
903.000000 0.226497
904.000000 0.032890
905.000000 0.091142
906.000000 0.092971
907.000000 0.166643
908.000000 0.086521
909.000000 0.053676
910.000000 0.107072
911.000000 0.143758
912.000000 0.257226
913.000000 0.149945
914.000000 0.025193
915.000000 0.197843
916.000000 0.072053
917.000000 0.194911
918.000000 0.074759
919.000000 0.089224
920.000000 0.241290
921.000000 0.136935
922.000000 0.149084
923.000000 0.135106
924.000000 0.134433
925.000000 0.110677
926.000000 0.031808
927.000000 0.122124
928.000000 0.086846
929.000000 0.198276
930.000000 0.269627
931.000000 0.141269
932.000000 0.172286
933.000000 0.174257
934.000000 0.087371
935.000000 0.039728
936.000000 0.096383
937.000000 0.119891
938.000000 0.107784
939.000000 0.088550
940.000000 0.203964
941.000000 0.221833
942.000000 0.081226
943.000000 0.202839
944.000000 0.108312
945.000000 0.173218
946.000000 0.168135
947.000000 0.084792
948.000000 0.087472
949.000000 0.154081
950.000000 0.216856
951.000000 0.167458
952.000000 0.089911
953.000000 0.085235
954.000000 0.169572
955.000000 0.137709
956.000000 0.071878
957.000000 0.174088
958.000000 0.173706
959.000000 0.098741
960.000000 0.089955
961.000000 0.095847
962.000000 0.042242
963.000000 0.189235
964.000000 0.163279
965.000000 0.097156
966.000000 0.224603
967.000000 0.156958
968.000000 0.156649
969.000000 0.075310
970.000000 0.072176
971.000000 0.110330
972.000000 0.281937
973.000000 0.082498
974.000000 0.124606
975.000000 0.029676
976.000000 0.063688
977.000000 0.084266
978.000000 0.303433
979.000000 0.153435
980.000000 0.098671
981.000000 0.083913
982.000000 0.117369
983.000000 0.144139
984.000000 0.083708
985.000000 0.144207
986.000000 0.153305
987.000000 0.162454
988.000000 0.066551
989.000000 0.077758
990.000000 0.201239
991.000000 0.095292
992.000000 0.076472
993.000000 0.237787
994.000000 0.209130
995.000000 0.159166
996.000000 0.151174
997.000000 0.102524
998.000000 0.015309
999.000000 0.205162
1000.000000 0.259575
1001.000000 0.068566
1002.000000 0.165673
1003.000000 0.178273
1004.000000 0.141987
1005.000000 0.205442
1006.000000 0.161391
1007.000000 0.299022
1008.000000 0.079923
1009.000000 0.104601
1010.000000 0.145495
1011.000000 0.299635
1012.000000 0.106952
1013.000000 0.164672
1014.000000 0.050248
1015.000000 0.115111
1016.000000 0.125833
1017.000000 0.121161
1018.000000 0.127671
1019.000000 0.080170
1020.000000 0.061101
1021.000000 0.054341
1022.000000 0.144703
1023.000000 0.128568
1024.000000 0.239772
1025.000000 0.233746
1026.000000 0.175872
1027.000000 0.201185
1028.000000 0.178506
1029.000000 0.072685
1030.000000 0.070313
1031.000000 0.076159
1032.000000 0.231068
1033.000000 0.123187
1034.000000 0.144653
1035.000000 0.168408
1036.000000 0.057837
1037.000000 0.209806
1038.000000 0.158143
1039.000000 0.057226
1040.000000 0.114955
1041.000000 0.071662
1042.000000 0.096334
1043.000000 0.068138
1044.000000 0.160650
1045.000000 0.061588
1046.000000 0.113320
1047.000000 0.084642
1048.000000 0.078270
1049.000000 0.164467
1050.000000 0.052083
1051.000000 0.086939
1052.000000 0.113266
1053.000000 0.053030
1054.000000 0.077071
1055.000000 0.106653
1056.000000 0.061848
1057.000000 0.128696
1058.000000 0.260938
1059.000000 0.078035
1060.000000 0.070236
1061.000000 0.104475
1062.000000 0.117444
1063.000000 0.058815
1064.000000 0.102168
1065.000000 0.241683
1066.000000 0.053916
1067.000000 0.232196
1068.000000 0.026722
1069.000000 0.203889
1070.000000 0.087415
1071.000000 0.213197
1072.000000 0.144738
1073.000000 0.056045
1074.000000 0.100245
1075.000000 0.046093
1076.000000 0.094479
1077.000000 0.126420
1078.000000 0.118117
1079.000000 0.104870
1080.000000 0.096823
1081.000000 0.085968
1082.000000 0.069528
1083.000000 0.270348
1084.000000 0.207069
1085.000000 0.088572
1086.000000 0.257677
1087.000000 0.256093
1088.000000 0.100330
1089.000000 0.091077
1090.000000 0.189213
1091.000000 0.119171
1092.000000 0.018617
1093.000000 0.114281
1094.000000 0.064470
1095.000000 0.107117
1096.000000 0.132479
1097.000000 0.128809
1098.000000 0.264768
1099.000000 0.174185
1100.000000 0.092610
1101.000000 0.091008
1102.000000 0.220029
1103.000000 0.121622
1104.000000 0.080883
1105.000000 0.134104
1106.000000 0.077265
1107.000000 0.231957
1108.000000 0.133103
1109.000000 0.164366
1110.000000 0.163457
1111.000000 0.118511
1112.000000 0.247470
1113.000000 0.127639
1114.000000 0.116668
1115.000000 0.036830
1116.000000 0.193501
1117.000000 0.081889
1118.000000 0.174312
1119.000000 0.130769
1120.000000 0.053517
1121.000000 0.091032
1122.000000 0.283840
1123.000000 0.067848
1124.000000 0.110361
1125.000000 0.132701
1126.000000 0.082124
1127.000000 0.141697
1128.000000 0.162876
1129.000000 0.093193
1130.000000 0.141667
1131.000000 0.076824
1132.000000 0.138753
1133.000000 0.226578
1134.000000 0.017320
1135.000000 0.147149
1136.000000 0.077587
1137.000000 0.277947
1138.000000 0.068911
1139.000000 0.224126
1140.000000 0.059959
1141.000000 0.185683
1142.000000 0.101896
1143.000000 0.171246
1144.000000 0.141513
1145.000000 0.157718
1146.000000 0.181197
1147.000000 0.026300
1148.000000 0.102482
1149.000000 0.129279
1150.000000 0.117814
1151.000000 0.093429
1152.000000 0.141596
1153.000000 0.166358
1154.000000 0.051027
1155.000000 0.316604
1156.000000 0.014168
1157.000000 0.207988
1158.000000 0.096345
1159.000000 0.100206
1160.000000 0.031521
1161.000000 0.082972
1162.000000 0.053711
1163.000000 0.231469
1164.000000 0.236130
1165.000000 0.071665
1166.000000 0.039694
1167.000000 0.092273
1168.000000 0.059841
1169.000000 0.113013
1170.000000 0.238785
1171.000000 0.156803
1172.000000 0.083959
1173.000000 0.185504
1174.000000 0.116779
1175.000000 0.159700
1176.000000 0.132343
1177.000000 0.015905
1178.000000 0.124161
1179.000000 0.074984
1180.000000 0.060955
1181.000000 0.164037
1182.000000 0.090081
1183.000000 0.133638
1184.000000 0.103920
1185.000000 0.187993
1186.000000 0.176907
1187.000000 0.121980
1188.000000 0.180351
1189.000000 0.149004
1190.000000 0.144805
1191.000000 0.006045
1192.000000 0.146380
1193.000000 0.240573
1194.000000 0.128096
1195.000000 0.035718
1196.000000 0.013453
1197.000000 0.110874
1198.000000 0.163194
1199.000000 0.099141
1200.000000 0.252490
1201.000000 0.189709
1202.000000 0.304396
1203.000000 0.007049
1204.000000 0.094314
1205.000000 0.112138
1206.000000 0.090928
1207.000000 0.146533
1208.000000 0.146148
1209.000000 0.025814
1210.000000 0.319100
1211.000000 0.152304
1212.000000 0.028610
1213.000000 0.179787
1214.000000 0.130127
1215.000000 0.272713
1216.000000 0.134527
1217.000000 0.224181
1218.000000 0.165551
1219.000000 0.134981
1220.000000 0.125727
1221.000000 0.167147
1222.000000 0.275722
1223.000000 0.039956
1224.000000 0.055041
1225.000000 0.186177
1226.000000 0.208627
1227.000000 0.231506
1228.000000 0.102660
1229.000000 0.113816
1230.000000 0.037055
1231.000000 0.162790
1232.000000 0.177564
1233.000000 0.180104
1234.000000 0.096389
1235.000000 0.192777
1236.000000 0.091819
1237.000000 0.111001
1238.000000 0.162878
1239.000000 0.310501
1240.000000 0.081196
1241.000000 0.109227
1242.000000 0.142468
1243.000000 0.160536
1244.000000 0.117063
1245.000000 0.212062
1246.000000 0.159888
1247.000000 0.138203
1248.000000 0.159451
1249.000000 0.100715
1250.000000 0.155026
1251.000000 0.063487
1252.000000 0.211283
1253.000000 0.090488
1254.000000 0.247240
1255.000000 0.043670
1256.000000 0.121866
1257.000000 0.064912
1258.000000 0.078002
1259.000000 0.261323
1260.000000 0.102861
1261.000000 0.039746
1262.000000 0.119245
1263.000000 0.097189
1264.000000 0.249227
1265.000000 0.138252
1266.000000 0.213429
1267.000000 0.032845
1268.000000 0.010458
1269.000000 0.054386
1270.000000 0.183515
1271.000000 0.099899
1272.000000 0.104575
1273.000000 0.047257
1274.000000 0.205522
1275.000000 0.231662
1276.000000 0.161538
1277.000000 0.080895
1278.000000 0.131949
1279.000000 0.155345
1280.000000 0.211605
1281.000000 0.074266
1282.000000 0.165534
1283.000000 0.121691
1284.000000 0.042324
1285.000000 0.264953
1286.000000 0.070940
1287.000000 0.064382
1288.000000 0.231626
1289.000000 0.061145
1290.000000 0.031805
1291.000000 0.158799
1292.000000 0.141430
1293.000000 0.153357
1294.000000 0.185575
1295.000000 0.229364
1296.000000 0.130864
1297.000000 0.057476
1298.000000 0.052232
1299.000000 0.199838
1300.000000 0.143810
1301.000000 0.235421
1302.000000 0.052650
1303.000000 0.153419
1304.000000 0.097811
1305.000000 0.162925
1306.000000 0.229483
1307.000000 0.174359
1308.000000 0.135209
1309.000000 0.116591
1310.000000 0.079862
1311.000000 0.177092
1312.000000 0.066071
1313.000000 0.197226
1314.000000 0.055913
1315.000000 0.048080
1316.000000 0.085269
1317.000000 0.187885
1318.000000 0.098302
1319.000000 0.236868
1320.000000 0.030037
1321.000000 0.104756
1322.000000 0.142187
1323.000000 0.110678
1324.000000 0.070355
1325.000000 0.192169
1326.000000 0.126869
1327.000000 0.171544
1328.000000 0.103562
1329.000000 0.243250
1330.000000 0.085146
1331.000000 0.233317
1332.000000 0.040145
1333.000000 0.076512
1334.000000 0.120803
1335.000000 0.131014
1336.000000 0.209434
1337.000000 0.109462
1338.000000 0.172610
1339.000000 0.054767
1340.000000 0.110508
1341.000000 0.241489
1342.000000 0.060780
1343.000000 0.066241
1344.000000 0.167863
1345.000000 0.070530
1346.000000 0.068341
1347.000000 0.167672
1348.000000 0.170815
1349.000000 0.187235
1350.000000 0.135987
1351.000000 0.102856
1352.000000 0.095088
1353.000000 0.146151
1354.000000 0.130046
1355.000000 0.227515
1356.000000 0.159306
1357.000000 0.112556
1358.000000 0.161680
1359.000000 0.203423
1360.000000 0.218789
1361.000000 0.048951
1362.000000 0.052331
1363.000000 0.141452
1364.000000 0.044415
1365.000000 0.163076
1366.000000 0.309184
1367.000000 0.234283
1368.000000 0.042946
1369.000000 0.119527
1370.000000 0.217915
1371.000000 0.211154
1372.000000 0.049802
1373.000000 0.094001
1374.000000 0.199958
1375.000000 0.176516
1376.000000 0.224708
1377.000000 0.216688
1378.000000 0.129963
1379.000000 0.027152
1380.000000 0.039773
1381.000000 0.100557
1382.000000 0.145674
1383.000000 0.091719
1384.000000 0.033879
1385.000000 0.094917
1386.000000 0.078325
1387.000000 0.196089
1388.000000 0.258382
1389.000000 0.155095
1390.000000 0.070829
1391.000000 0.262145
1392.000000 0.094605
1393.000000 0.089347
1394.000000 0.182507
1395.000000 0.065603
1396.000000 0.143903
1397.000000 0.198366
1398.000000 0.025913
1399.000000 0.160233
1400.000000 0.127993
1401.000000 0.314060
1402.000000 0.070575
1403.000000 0.111323
1404.000000 0.257749
1405.000000 0.132057
1406.000000 0.057018
1407.000000 0.056616
1408.000000 0.076916
1409.000000 0.109219
1410.000000 0.255788
1411.000000 0.109992
1412.000000 0.065913
1413.000000 0.129082
1414.000000 0.104404
1415.000000 0.117183
1416.000000 0.122133
1417.000000 0.057024
1418.000000 0.158557
1419.000000 0.121188
1420.000000 0.150351
1421.000000 0.039794
1422.000000 0.106268
1423.000000 0.161598
1424.000000 0.033996
1425.000000 0.042911
1426.000000 0.036423
1427.000000 0.148703
1428.000000 0.110940
1429.000000 0.103060
1430.000000 0.261885
1431.000000 0.206417
1432.000000 0.260478
1433.000000 0.146146
1434.000000 0.155681
1435.000000 0.112219
1436.000000 0.168253
1437.000000 0.280894
1438.000000 0.036773
1439.000000 0.202563
1440.000000 0.273195
1441.000000 0.056319
1442.000000 0.128717
1443.000000 0.052341
1444.000000 0.118504
1445.000000 0.107435
1446.000000 0.091508
1447.000000 0.140938
1448.000000 0.124462
1449.000000 0.044301
1450.000000 0.025466
1451.000000 0.115923
1452.000000 0.124310
1453.000000 0.050018
1454.000000 0.108332
1455.000000 0.129030
1456.000000 0.060629
1457.000000 0.131207
1458.000000 0.094533
1459.000000 0.038559
1460.000000 0.101489
1461.000000 0.063278
1462.000000 0.068857
1463.000000 0.053828
1464.000000 0.155983
1465.000000 0.080163
1466.000000 0.113178
1467.000000 0.087923
1468.000000 0.115753
1469.000000 0.024418
1470.000000 0.071405
1471.000000 0.093915
1472.000000 0.154648
1473.000000 0.136009
1474.000000 0.218942
1475.000000 0.054974
1476.000000 0.118372
1477.000000 0.208448
1478.000000 0.035001
1479.000000 0.108002
1480.000000 0.124314
1481.000000 0.131134
1482.000000 0.116677
1483.000000 0.023740
1484.000000 0.252125
1485.000000 0.076167
1486.000000 0.263568
1487.000000 0.133024
1488.000000 0.090654
1489.000000 0.327979
1490.000000 0.053327
1491.000000 0.095017
1492.000000 0.062490
1493.000000 0.143814
1494.000000 0.127091
1495.000000 0.053553
1496.000000 0.278177
1497.000000 0.210171
1498.000000 0.037568
1499.000000 0.144077
1500.000000 0.236033
1501.000000 0.154889
1502.000000 0.117773
1503.000000 0.267883
1504.000000 0.227670
1505.000000 0.114096
1506.000000 0.166115
1507.000000 0.142043
1508.000000 0.343417
1509.000000 0.151069
1510.000000 0.087237
1511.000000 0.148967
1512.000000 0.010341
1513.000000 0.273768
1514.000000 0.123558
1515.000000 0.263258
1516.000000 0.140678
1517.000000 0.196465
1518.000000 0.142541
1519.000000 0.139325
1520.000000 0.080385
1521.000000 0.093738
1522.000000 0.096168
1523.000000 0.136117
1524.000000 0.099702
1525.000000 0.123731
1526.000000 0.191857
1527.000000 0.031473
1528.000000 0.075630
1529.000000 0.022401
1530.000000 0.068332
1531.000000 0.135747
1532.000000 0.319284
1533.000000 0.099197
1534.000000 0.139538
1535.000000 0.149097
1536.000000 0.019922
1537.000000 0.166237
1538.000000 0.036126
1539.000000 0.011085
1540.000000 0.209074
1541.000000 0.025741
1542.000000 0.060766
1543.000000 0.086390
1544.000000 0.127691
1545.000000 0.175074
1546.000000 0.122510
1547.000000 0.085497
1548.000000 0.119230
1549.000000 0.062680
1550.000000 0.180062
1551.000000 0.131239
1552.000000 0.068995
1553.000000 0.110792
1554.000000 0.071049
1555.000000 0.132029
1556.000000 0.264511
1557.000000 0.113069
1558.000000 0.137289
1559.000000 0.121764
1560.000000 0.102614
1561.000000 0.055033
1562.000000 0.095842
1563.000000 0.230649
1564.000000 0.072270
1565.000000 0.109504
1566.000000 0.112294
1567.000000 0.234595
1568.000000 0.223632
1569.000000 0.016853
1570.000000 0.212558
1571.000000 0.095193
1572.000000 0.178342
1573.000000 0.198763
1574.000000 0.276398
1575.000000 0.202034
1576.000000 0.223399
1577.000000 0.073662
1578.000000 0.126181
1579.000000 0.179246
1580.000000 0.152185
1581.000000 0.114071
1582.000000 0.123348
1583.000000 0.191476
1584.000000 0.115419
1585.000000 0.142723
1586.000000 0.157913
1587.000000 0.169646
1588.000000 0.050129
1589.000000 0.158368
1590.000000 0.089748
1591.000000 0.259829
1592.000000 0.229225
1593.000000 0.052934
1594.000000 0.132764
1595.000000 0.177036
1596.000000 0.072106
1597.000000 0.159262
1598.000000 0.032478
1599.000000 0.196307
1600.000000 0.068514
1601.000000 0.144610
1602.000000 0.035882
1603.000000 0.165259
1604.000000 0.182196
1605.000000 0.084264
1606.000000 0.104679
1607.000000 0.121326
1608.000000 0.142843
1609.000000 0.032372
1610.000000 0.094281
1611.000000 0.172769
1612.000000 0.130655
1613.000000 0.121354
1614.000000 0.265989
1615.000000 0.101911
1616.000000 0.188908
1617.000000 0.154860
1618.000000 0.069558
1619.000000 0.099003
1620.000000 0.100568
1621.000000 0.102003
1622.000000 0.088291
1623.000000 0.302469
1624.000000 0.211666
1625.000000 0.018289
1626.000000 0.140470
1627.000000 0.064167
1628.000000 0.133686
1629.000000 0.118040
1630.000000 0.045075
1631.000000 0.199212
1632.000000 0.203178
1633.000000 0.007045
1634.000000 0.187487
1635.000000 0.183629
1636.000000 0.235402
1637.000000 0.121257
1638.000000 0.107284
1639.000000 0.329059
1640.000000 0.066840
1641.000000 0.041659
1642.000000 0.290765
1643.000000 0.137867
1644.000000 0.118920
1645.000000 0.070115
1646.000000 0.148855
1647.000000 0.133017
1648.000000 0.064558
1649.000000 0.138347
1650.000000 0.185971
1651.000000 0.066923
1652.000000 0.183127
1653.000000 0.068029
1654.000000 0.117225
1655.000000 0.127129
1656.000000 0.099135
1657.000000 0.145731
1658.000000 0.083032
1659.000000 0.176605
1660.000000 0.032385
1661.000000 0.220069
1662.000000 0.232865
1663.000000 0.302930
1664.000000 0.183104
1665.000000 0.138905
1666.000000 0.203817
1667.000000 0.120478
1668.000000 0.106731
1669.000000 0.019952
1670.000000 0.112391
1671.000000 0.016260
1672.000000 0.042769
1673.000000 0.096592
1674.000000 0.087445
1675.000000 0.206888
1676.000000 0.063101
1677.000000 0.145508
1678.000000 0.204107
1679.000000 0.098134
1680.000000 0.090480
1681.000000 0.082182
1682.000000 0.190456
1683.000000 0.072532
1684.000000 0.140477
1685.000000 0.127853
1686.000000 0.075668
1687.000000 0.108878
1688.000000 0.238873
1689.000000 0.076039
1690.000000 0.105825
1691.000000 0.273415
1692.000000 0.094385
1693.000000 0.014445
1694.000000 0.170658
1695.000000 0.060896
1696.000000 0.134323
1697.000000 0.096332
1698.000000 0.224524
1699.000000 0.025877
1700.000000 0.201309
1701.000000 0.123371
1702.000000 0.303378
1703.000000 0.038355
1704.000000 0.265923
1705.000000 0.061835
1706.000000 0.047681
1707.000000 0.118218
1708.000000 0.172339
1709.000000 0.273115
1710.000000 0.065645
1711.000000 0.057118
1712.000000 0.216440
1713.000000 0.112257
1714.000000 0.080422
1715.000000 0.211309
1716.000000 0.032902
1717.000000 0.081469
1718.000000 0.080782
1719.000000 0.096062
1720.000000 0.060177
1721.000000 0.150041
1722.000000 0.097752
1723.000000 0.070175
1724.000000 0.165359
1725.000000 0.102965
1726.000000 0.079722
1727.000000 0.221480
1728.000000 0.137629
1729.000000 0.141155
1730.000000 0.309213
1731.000000 0.227824
1732.000000 0.151821
1733.000000 0.284458
1734.000000 0.163258
1735.000000 0.156818
1736.000000 0.072192
1737.000000 0.247607
1738.000000 0.189958
1739.000000 0.147922
1740.000000 0.180555
1741.000000 0.064187
1742.000000 0.054558
1743.000000 0.068612
1744.000000 0.334199
1745.000000 0.046517
1746.000000 0.172571
1747.000000 0.205914
1748.000000 0.178412
1749.000000 0.048830
1750.000000 0.204692
1751.000000 0.066003
1752.000000 0.183643
1753.000000 0.277000
1754.000000 0.136290
1755.000000 0.101737
1756.000000 0.157608
1757.000000 0.262089
1758.000000 0.254438
1759.000000 0.253553
1760.000000 0.077770
1761.000000 0.050724
1762.000000 0.015819
1763.000000 0.125917
1764.000000 0.144199
1765.000000 0.308477
1766.000000 0.184355
1767.000000 0.122123
1768.000000 0.236560
1769.000000 0.116419
1770.000000 0.140444
1771.000000 0.132665
1772.000000 0.227226
1773.000000 0.223464
1774.000000 0.164470
1775.000000 0.162121
1776.000000 0.102983
1777.000000 0.179068
1778.000000 0.179451
1779.000000 0.024271
1780.000000 0.111788
1781.000000 0.077224
1782.000000 0.141861
1783.000000 0.061926
1784.000000 0.215675
1785.000000 0.048493
1786.000000 0.087291
1787.000000 0.164839
1788.000000 0.106159
1789.000000 0.102920
1790.000000 0.272169
1791.000000 0.155825
1792.000000 0.113897
1793.000000 0.099018
1794.000000 0.111687
1795.000000 0.130850
1796.000000 0.118809
1797.000000 0.249058
1798.000000 0.104308
1799.000000 0.085215
1800.000000 0.152735
1801.000000 0.133716
1802.000000 0.164218
1803.000000 0.339540
1804.000000 0.081806
1805.000000 0.222765
1806.000000 0.190033
1807.000000 0.110587
1808.000000 0.045019
1809.000000 0.041379
1810.000000 0.160171
1811.000000 0.213227
1812.000000 0.208905
1813.000000 0.116192
1814.000000 0.102954
1815.000000 0.060026
1816.000000 0.134884
1817.000000 0.153486
1818.000000 0.172995
1819.000000 0.008145
1820.000000 0.059704
1821.000000 0.152459
1822.000000 0.186508
1823.000000 0.112892
1824.000000 0.071296
1825.000000 0.192843
1826.000000 0.247867
1827.000000 0.109121
1828.000000 0.109846
1829.000000 0.062818
1830.000000 0.135727
1831.000000 0.080096
1832.000000 0.256002
1833.000000 0.129627
1834.000000 0.149336
1835.000000 0.037076
1836.000000 0.057189
1837.000000 0.135330
1838.000000 0.270134
1839.000000 0.143219
1840.000000 0.202037
1841.000000 0.105814
1842.000000 0.119140
1843.000000 0.046193
1844.000000 0.023367
1845.000000 0.213508
1846.000000 0.151267
1847.000000 0.159253
1848.000000 0.158096
1849.000000 0.149236
1850.000000 0.095637
1851.000000 0.162595
1852.000000 0.166325
1853.000000 0.117703
1854.000000 0.196807
1855.000000 0.201606
1856.000000 0.250374
1857.000000 0.055554
1858.000000 0.064146
1859.000000 0.066215
1860.000000 0.154549
1861.000000 0.110587
1862.000000 0.181088
1863.000000 0.139976
1864.000000 0.153560
1865.000000 0.081114
1866.000000 0.179489
1867.000000 0.140505
1868.000000 0.257200
1869.000000 0.084429
1870.000000 0.256786
1871.000000 0.224795
1872.000000 0.157008
1873.000000 0.176141
1874.000000 0.147466
1875.000000 0.199239
1876.000000 0.152871
1877.000000 0.282639
1878.000000 0.137454
1879.000000 0.201661
1880.000000 0.261624
1881.000000 0.197462
1882.000000 0.257691
1883.000000 0.104341
1884.000000 0.272596
1885.000000 0.127896
1886.000000 0.108208
1887.000000 0.298109
1888.000000 0.125463
1889.000000 0.165149
1890.000000 0.159680
1891.000000 0.105447
1892.000000 0.075959
1893.000000 0.089191
1894.000000 0.135197
1895.000000 0.064733
1896.000000 0.055688
1897.000000 0.222227
1898.000000 0.123418
1899.000000 0.105573
1900.000000 0.130309
1901.000000 0.115628
1902.000000 0.195432
1903.000000 0.289129
1904.000000 0.158672
1905.000000 0.203828
1906.000000 0.027496
1907.000000 0.150855
1908.000000 0.029033
1909.000000 0.152153
1910.000000 0.136133
1911.000000 0.156839
1912.000000 0.139795
1913.000000 0.087964
1914.000000 0.113220
1915.000000 0.182538
1916.000000 0.171065
1917.000000 0.178707
1918.000000 0.137308
1919.000000 0.211928
1920.000000 0.177098
1921.000000 0.089840
1922.000000 0.023312
1923.000000 0.065310
1924.000000 0.085896
1925.000000 0.129350
1926.000000 0.144840
1927.000000 0.079020
1928.000000 0.185456
1929.000000 0.186621
1930.000000 0.089163
1931.000000 0.147688
1932.000000 0.121494
1933.000000 0.239922
1934.000000 0.111696
1935.000000 0.028932
1936.000000 0.084577
1937.000000 0.184961
1938.000000 0.106856
1939.000000 0.212429
1940.000000 0.225655
1941.000000 0.035095
1942.000000 0.102853
1943.000000 0.216182
1944.000000 0.064332
1945.000000 0.176527
1946.000000 0.166223
1947.000000 0.039477
1948.000000 0.235380
1949.000000 0.199626
1950.000000 0.059151
1951.000000 0.147919
1952.000000 0.099904
1953.000000 0.099310
1954.000000 0.131305
1955.000000 0.060874
1956.000000 0.094862
1957.000000 0.183857
1958.000000 0.276232
1959.000000 0.116284
1960.000000 0.182343
1961.000000 0.330085
1962.000000 0.191961
1963.000000 0.286143
1964.000000 0.168678
1965.000000 0.206065
1966.000000 0.137407
1967.000000 0.096102
1968.000000 0.163677
1969.000000 0.112981
1970.000000 0.164601
1971.000000 0.200145
1972.000000 0.141290
1973.000000 0.071889
1974.000000 0.088246
1975.000000 0.058457
1976.000000 0.213780
1977.000000 0.024939
1978.000000 0.148881
1979.000000 0.133197
1980.000000 0.082531
1981.000000 0.117157
1982.000000 0.046613
1983.000000 0.166610
1984.000000 0.283876
1985.000000 0.151020
1986.000000 0.089983
1987.000000 0.295986
1988.000000 0.100423
1989.000000 0.018934
1990.000000 0.218631
1991.000000 0.007101
1992.000000 0.269984
1993.000000 0.194974
1994.000000 0.136020
1995.000000 0.212802
1996.000000 0.039155
1997.000000 0.115008
1998.000000 0.055294
1999.000000 0.232820
2000.000000 0.169178
2001.000000 0.205786
2002.000000 0.170533
2003.000000 0.212205
2004.000000 0.192228
2005.000000 0.073340
2006.000000 0.117599
2007.000000 0.072061
2008.000000 0.155971
2009.000000 0.110273
2010.000000 0.295940
2011.000000 0.041806
2012.000000 0.176309
2013.000000 0.105987
2014.000000 0.049983
2015.000000 0.095274
2016.000000 0.142537
2017.000000 0.137771
2018.000000 0.182863
2019.000000 0.140012
2020.000000 0.075864
2021.000000 0.160613
2022.000000 0.025544
2023.000000 0.157060
2024.000000 0.122876
2025.000000 0.117472
2026.000000 0.356532
2027.000000 0.067489
2028.000000 0.235949
2029.000000 0.199312
2030.000000 0.084449
2031.000000 0.073350
2032.000000 0.110722
2033.000000 0.257393
2034.000000 0.163909
2035.000000 0.163714
2036.000000 0.100430
2037.000000 0.077305
2038.000000 0.219923
2039.000000 0.086229
2040.000000 0.197167
2041.000000 0.104379
2042.000000 0.155791
2043.000000 0.275846
2044.000000 0.121864
2045.000000 0.088345
2046.000000 0.091785
2047.000000 0.170821
2048.000000 0.189595
2049.000000 0.111388
2050.000000 0.109283
2051.000000 0.172070
2052.000000 0.265556
2053.000000 0.083086
2054.000000 0.130788
2055.000000 0.036556
2056.000000 0.180882
2057.000000 0.132469
2058.000000 0.202735
2059.000000 0.145899
2060.000000 0.093467
2061.000000 0.204504
2062.000000 0.189316
2063.000000 0.099998
2064.000000 0.236046
2065.000000 0.076726
2066.000000 0.118573
2067.000000 0.067562
2068.000000 0.072988
2069.000000 0.089068
2070.000000 0.030198
2071.000000 0.324537
2072.000000 0.148924
2073.000000 0.212071
2074.000000 0.192765
2075.000000 0.131015
2076.000000 0.032183
2077.000000 0.092475
2078.000000 0.087459
2079.000000 0.159889
2080.000000 0.175514
2081.000000 0.078090
2082.000000 0.098272
2083.000000 0.057420
2084.000000 0.098625
2085.000000 0.121996
2086.000000 0.150405
2087.000000 0.064836
2088.000000 0.027993
2089.000000 0.070812
2090.000000 0.042313
2091.000000 0.047493
2092.000000 0.047532
2093.000000 0.064346
2094.000000 0.199347
2095.000000 0.130023
2096.000000 0.156376
2097.000000 0.107924
2098.000000 0.120114
2099.000000 0.090823
2100.000000 0.274926
2101.000000 0.104182
2102.000000 0.147266
2103.000000 0.076412
2104.000000 0.120747
2105.000000 0.086219
2106.000000 0.158713
2107.000000 0.078798
2108.000000 0.280195
2109.000000 0.009842
2110.000000 0.207999
2111.000000 0.078964
2112.000000 0.018319
2113.000000 0.204065
2114.000000 0.165973
2115.000000 0.179944
2116.000000 0.354520
2117.000000 0.048888
2118.000000 0.095039
2119.000000 0.134432
2120.000000 0.166377
2121.000000 0.087499
2122.000000 0.133240
2123.000000 0.033549
2124.000000 0.220364
2125.000000 0.045504
2126.000000 0.100480
2127.000000 0.206242
2128.000000 0.140599
2129.000000 0.161248
2130.000000 0.085682
2131.000000 0.094666
2132.000000 0.128434
2133.000000 0.013674
2134.000000 0.202307
2135.000000 0.254085
2136.000000 0.196973
2137.000000 0.071634
2138.000000 0.084358
2139.000000 0.180727
2140.000000 0.026701
2141.000000 0.001219
2142.000000 0.167459
2143.000000 0.096151
2144.000000 0.049735
2145.000000 0.179404
2146.000000 0.244876
2147.000000 0.169163
2148.000000 0.111664
2149.000000 0.077731
2150.000000 0.126532
2151.000000 0.112685
2152.000000 0.172287
2153.000000 0.067581
2154.000000 0.103415
2155.000000 0.079516
2156.000000 0.115294
2157.000000 0.152799
2158.000000 0.273599
2159.000000 0.052317
2160.000000 0.172077
2161.000000 0.129805
2162.000000 0.043352
2163.000000 0.113132
2164.000000 0.027933
2165.000000 0.162848
2166.000000 0.245112
2167.000000 0.102208
2168.000000 0.132605
2169.000000 0.035533
2170.000000 0.280381
2171.000000 0.258853
2172.000000 0.240266
2173.000000 0.085661
2174.000000 0.123120
2175.000000 0.200987
2176.000000 0.117005
2177.000000 0.063388
2178.000000 0.097352
2179.000000 0.127239
2180.000000 0.159282
2181.000000 0.149365
2182.000000 0.198633
2183.000000 0.238669
2184.000000 0.165516
2185.000000 0.103387
2186.000000 0.181492
2187.000000 0.203293
2188.000000 0.096993
2189.000000 0.151183
2190.000000 0.056425
2191.000000 0.125428
2192.000000 0.162244
2193.000000 0.124473
2194.000000 0.164471
2195.000000 0.183325
2196.000000 0.047893
2197.000000 0.097111
2198.000000 0.171733
2199.000000 0.186860
2200.000000 0.187228
2201.000000 0.216592
2202.000000 0.188471
2203.000000 0.091058
2204.000000 0.270811
2205.000000 0.173573
2206.000000 0.248329
2207.000000 0.217892
2208.000000 0.214594
2209.000000 0.260655
2210.000000 0.185176
2211.000000 0.331795
2212.000000 0.071630
2213.000000 0.172735
2214.000000 0.081808
2215.000000 0.256628
2216.000000 0.091561
2217.000000 0.142357
2218.000000 0.119447
2219.000000 0.109252
2220.000000 0.207275
2221.000000 0.140153
2222.000000 0.229652
2223.000000 0.115846
2224.000000 0.136269
2225.000000 0.062675
2226.000000 0.155257
2227.000000 0.235948
2228.000000 0.174518
2229.000000 0.113133
2230.000000 0.071321
2231.000000 0.125613
2232.000000 0.103881
2233.000000 0.075561
2234.000000 0.060965
2235.000000 0.107795
2236.000000 0.158370
2237.000000 0.245461
2238.000000 0.096499
2239.000000 0.162717
2240.000000 0.103405
2241.000000 0.246921
2242.000000 0.041908
2243.000000 0.107258
2244.000000 0.138561
2245.000000 0.126086
2246.000000 0.107129
2247.000000 0.117866
2248.000000 0.090527
2249.000000 0.025580
2250.000000 0.092067
2251.000000 0.134208
2252.000000 0.290980
2253.000000 0.335181
2254.000000 0.144538
2255.000000 0.070859
2256.000000 0.131034
2257.000000 0.113077
2258.000000 0.166393
2259.000000 0.189983
2260.000000 0.141469
2261.000000 0.078230
2262.000000 0.065210
2263.000000 0.057298
2264.000000 0.017556
2265.000000 0.169612
2266.000000 0.058097
2267.000000 0.188139
2268.000000 0.163385
2269.000000 0.217605
2270.000000 0.088345
2271.000000 0.014883
2272.000000 0.228418
2273.000000 0.083898
2274.000000 0.203595
2275.000000 0.267440
2276.000000 0.225393
2277.000000 0.263082
2278.000000 0.322321
2279.000000 0.085747
2280.000000 0.106740
2281.000000 0.172560
2282.000000 0.260523
2283.000000 0.041423
2284.000000 0.149788
2285.000000 0.037984
2286.000000 0.036811
2287.000000 0.116901
2288.000000 0.180503
2289.000000 0.050625
2290.000000 0.003597
2291.000000 0.108521
2292.000000 0.179882
2293.000000 0.137333
2294.000000 0.127977
2295.000000 0.143303
2296.000000 0.122330
2297.000000 0.045949
2298.000000 0.214024
2299.000000 0.146658
2300.000000 0.280153
2301.000000 0.084010
2302.000000 0.259670
2303.000000 0.247162
2304.000000 0.135813
2305.000000 0.165528
2306.000000 0.031229
2307.000000 0.159675
2308.000000 0.145266
2309.000000 0.170220
2310.000000 0.080734
2311.000000 0.111514
2312.000000 0.192257
2313.000000 0.276826
2314.000000 0.175653
2315.000000 0.067600
2316.000000 0.149644
2317.000000 0.151113
2318.000000 0.050517
2319.000000 0.111360
2320.000000 0.225438
2321.000000 0.065282
2322.000000 0.085892
2323.000000 0.122489
2324.000000 0.125239
2325.000000 0.311267
2326.000000 0.094456
2327.000000 0.077602
2328.000000 0.034301
2329.000000 0.185569
2330.000000 0.216176
2331.000000 0.160108
2332.000000 0.129060
2333.000000 0.109950
2334.000000 0.102752
2335.000000 0.102186
2336.000000 0.133072
2337.000000 0.137962
2338.000000 0.115653
2339.000000 0.185271
2340.000000 0.202509
2341.000000 0.061849
2342.000000 0.066377
2343.000000 0.148078
2344.000000 0.272258
2345.000000 0.060221
2346.000000 0.042881
2347.000000 0.112425
2348.000000 0.150710
2349.000000 0.094507
2350.000000 0.185942
2351.000000 0.035707
2352.000000 0.059717
2353.000000 0.062833
2354.000000 0.241854
2355.000000 0.145263
2356.000000 0.116571
2357.000000 0.069698
2358.000000 0.107740
2359.000000 0.044525
2360.000000 0.108825
2361.000000 0.226797
2362.000000 0.127902
2363.000000 0.151631
2364.000000 0.096764
2365.000000 0.217150
2366.000000 0.147155
2367.000000 0.235157
2368.000000 0.234701
2369.000000 0.135874
2370.000000 0.172977
2371.000000 0.049953
2372.000000 0.074821
2373.000000 0.271415
2374.000000 0.075376
2375.000000 0.337878
2376.000000 0.201878
2377.000000 0.113690
2378.000000 0.144451
2379.000000 0.026692
2380.000000 0.149440
2381.000000 0.178868
2382.000000 0.385582
2383.000000 0.234786
2384.000000 0.081686
2385.000000 0.036676
2386.000000 0.105181
2387.000000 0.144500
2388.000000 0.183456
2389.000000 0.074130
2390.000000 0.085339
2391.000000 0.025483
2392.000000 0.043043
2393.000000 0.117085
2394.000000 0.144057
2395.000000 0.155316
2396.000000 0.134405
2397.000000 0.133620
2398.000000 0.316677
2399.000000 0.312657
2400.000000 0.142084
2401.000000 0.193589
2402.000000 0.244761
2403.000000 0.306553
2404.000000 0.130398
2405.000000 0.173535
2406.000000 0.142271
2407.000000 0.049045
2408.000000 0.185915
2409.000000 0.122125
2410.000000 0.255054
2411.000000 0.059489
2412.000000 0.121423
2413.000000 0.093512
2414.000000 0.147108
2415.000000 0.197626
2416.000000 0.062050
2417.000000 0.070574
2418.000000 0.218925
2419.000000 0.106549
2420.000000 0.118842
2421.000000 0.097605
2422.000000 0.057622
2423.000000 0.066859
2424.000000 0.125871
2425.000000 0.294782
2426.000000 0.098473
2427.000000 0.120433
2428.000000 0.204199
2429.000000 0.240203
2430.000000 0.142872
2431.000000 0.237535
2432.000000 0.119076
2433.000000 0.151019
2434.000000 0.157863
2435.000000 0.162698
2436.000000 0.132058
2437.000000 0.098379
2438.000000 0.049490
2439.000000 0.074261
2440.000000 0.060243
2441.000000 0.130090
2442.000000 0.102260
2443.000000 0.227898
2444.000000 0.209981
2445.000000 0.052400
2446.000000 0.156016
2447.000000 0.096362
2448.000000 0.064664
2449.000000 0.056042
2450.000000 0.113729
2451.000000 0.196008
2452.000000 0.102200
2453.000000 0.108990
2454.000000 0.112790
2455.000000 0.033079
2456.000000 0.120651
2457.000000 0.133833
2458.000000 0.024879
2459.000000 0.164996
2460.000000 0.034812
2461.000000 0.233005
2462.000000 0.124731
2463.000000 0.304320
2464.000000 0.168911
2465.000000 0.105290
2466.000000 0.196229
2467.000000 0.099697
2468.000000 0.082227
2469.000000 0.050442
2470.000000 0.139169
2471.000000 0.105258
2472.000000 0.086272
2473.000000 0.116033
2474.000000 0.114491
2475.000000 0.094728
2476.000000 0.206380
2477.000000 0.091801
2478.000000 0.158628
2479.000000 0.092986
2480.000000 0.117005
2481.000000 0.172817
2482.000000 0.160529
2483.000000 0.072299
2484.000000 0.236924
2485.000000 0.114546
2486.000000 0.286360
2487.000000 0.085435
2488.000000 0.218880
2489.000000 0.131661
2490.000000 0.102034
2491.000000 0.080229
2492.000000 0.054933
2493.000000 0.118624
2494.000000 0.128334
2495.000000 0.063644
2496.000000 0.133122
2497.000000 0.068930
2498.000000 0.082998
2499.000000 0.151971
2500.000000 0.138817
2501.000000 0.074481
2502.000000 0.191187
2503.000000 0.063811
2504.000000 0.220768
2505.000000 0.147847
2506.000000 0.108114
2507.000000 0.049928
2508.000000 0.028578
2509.000000 0.290038
2510.000000 0.124171
2511.000000 0.146824
2512.000000 0.130486
2513.000000 0.195647
2514.000000 0.357201
2515.000000 0.177499
2516.000000 0.071124
2517.000000 0.106036
2518.000000 0.092611
2519.000000 0.048814
2520.000000 0.167382
2521.000000 0.067576
2522.000000 0.104420
2523.000000 0.065976
2524.000000 0.114456
2525.000000 0.005398
2526.000000 0.153498
2527.000000 0.063478
2528.000000 0.133136
2529.000000 0.129251
2530.000000 0.047187
2531.000000 0.003494
2532.000000 0.072831
2533.000000 0.202713
2534.000000 0.194810
2535.000000 0.101353
2536.000000 0.099444
2537.000000 0.060553
2538.000000 0.154227
2539.000000 0.149359
2540.000000 0.155482
2541.000000 0.160757
2542.000000 0.044187
2543.000000 0.059003
2544.000000 0.064962
2545.000000 0.045227
2546.000000 0.175372
2547.000000 0.249331
2548.000000 0.260456
2549.000000 0.159538
2550.000000 0.206832
2551.000000 0.308419
2552.000000 0.031577
2553.000000 0.157094
2554.000000 0.044033
2555.000000 0.007537
2556.000000 0.234597
2557.000000 0.229366
2558.000000 0.181712
2559.000000 0.047642
2560.000000 0.120827
2561.000000 0.234155
2562.000000 0.170881
2563.000000 0.224784
2564.000000 0.267056
2565.000000 0.140473
2566.000000 0.057210
2567.000000 0.174737
2568.000000 0.043007
2569.000000 0.139671
2570.000000 0.083231
2571.000000 0.103800
2572.000000 0.061883
2573.000000 0.012750
2574.000000 0.078749
2575.000000 0.120574
2576.000000 0.008931
2577.000000 0.128674
2578.000000 0.016005
2579.000000 0.141889
2580.000000 0.074641
2581.000000 0.211706
2582.000000 0.213324
2583.000000 0.085650
2584.000000 0.174152
2585.000000 0.242552
2586.000000 0.203690
2587.000000 0.221268
2588.000000 0.039992
2589.000000 0.131890
2590.000000 0.150483
2591.000000 0.077539
2592.000000 0.130415
2593.000000 0.255191
2594.000000 0.098472
2595.000000 0.194000
2596.000000 0.225743
2597.000000 0.149276
2598.000000 0.160764
2599.000000 0.056659
2600.000000 0.115290
2601.000000 0.015701
2602.000000 0.083518
2603.000000 0.142517
2604.000000 0.059089
2605.000000 0.086383
2606.000000 0.095286
2607.000000 0.106359
2608.000000 0.117340
2609.000000 0.087349
2610.000000 0.095260
2611.000000 0.105692
2612.000000 0.116954
2613.000000 0.114760
2614.000000 0.178888
2615.000000 0.047379
2616.000000 0.056554
2617.000000 0.080835
2618.000000 0.189765
2619.000000 0.109275
2620.000000 0.175919
2621.000000 0.218991
2622.000000 0.373093
2623.000000 0.060977
2624.000000 0.087456
2625.000000 0.109471
2626.000000 0.107647
2627.000000 0.139301
2628.000000 0.121474
2629.000000 0.110125
2630.000000 0.043091
2631.000000 0.153164
2632.000000 0.067997
2633.000000 0.085752
2634.000000 0.064945
2635.000000 0.113890
2636.000000 0.253425
2637.000000 0.047243
2638.000000 0.096984
2639.000000 0.071663
2640.000000 0.129289
2641.000000 0.116749
2642.000000 0.101022
2643.000000 0.177690
2644.000000 0.171158
2645.000000 0.114490
2646.000000 0.199474
2647.000000 0.110751
2648.000000 0.084851
2649.000000 0.105863
2650.000000 0.235175
2651.000000 0.058107
2652.000000 0.116180
2653.000000 0.176243
2654.000000 0.083259
2655.000000 0.098973
2656.000000 0.199711
2657.000000 0.100387
2658.000000 0.066884
2659.000000 0.169588
2660.000000 0.015883
2661.000000 0.218748
2662.000000 0.198700
2663.000000 0.132652
2664.000000 0.138558
2665.000000 0.153832
2666.000000 0.044944
2667.000000 0.018447
2668.000000 0.219213
2669.000000 0.148957
2670.000000 0.138711
2671.000000 0.040356
2672.000000 0.151274
2673.000000 0.187510
2674.000000 0.024277
2675.000000 0.056485
2676.000000 0.056477
2677.000000 0.076381
2678.000000 0.081279
2679.000000 0.124459
2680.000000 0.248906
2681.000000 0.066322
2682.000000 0.123570
2683.000000 0.108890
2684.000000 0.105349
2685.000000 0.201739
2686.000000 0.103896
2687.000000 0.287059
2688.000000 0.062136
2689.000000 0.298315
2690.000000 0.128146
2691.000000 0.154273
2692.000000 0.030016
2693.000000 0.086899
2694.000000 0.156259
2695.000000 0.160723
2696.000000 0.100190
2697.000000 0.073704
2698.000000 0.055026
2699.000000 0.093890
2700.000000 0.232435
2701.000000 0.160299
2702.000000 0.081759
2703.000000 0.180398
2704.000000 0.211599
2705.000000 0.106437
2706.000000 0.111321
2707.000000 0.132343
2708.000000 0.063682
2709.000000 0.155474
2710.000000 0.176194
2711.000000 0.092538
2712.000000 0.100128
2713.000000 0.063028
2714.000000 0.096063
2715.000000 0.312257
2716.000000 0.105894
2717.000000 0.258119
2718.000000 0.022336
2719.000000 0.220504
2720.000000 0.201598
2721.000000 0.149727
2722.000000 0.045834
2723.000000 0.105646
2724.000000 0.078443
2725.000000 0.231749
2726.000000 0.047555
2727.000000 0.134901
2728.000000 0.037688
2729.000000 0.151680
2730.000000 0.059108
2731.000000 0.176042
2732.000000 0.150482
2733.000000 0.134321
2734.000000 0.227635
2735.000000 0.148307
2736.000000 0.167113
2737.000000 0.190940
2738.000000 0.097309
2739.000000 0.038921
2740.000000 0.166018
2741.000000 0.091838
2742.000000 0.191795
2743.000000 0.060178
2744.000000 0.244916
2745.000000 0.273719
2746.000000 0.291829
2747.000000 0.058800
2748.000000 0.217698
2749.000000 0.039904
2750.000000 0.085205
2751.000000 0.145466
2752.000000 0.179760
2753.000000 0.208827
2754.000000 0.030729
2755.000000 0.055522
2756.000000 0.135354
2757.000000 0.060218
2758.000000 0.042576
2759.000000 0.041383
2760.000000 0.065634
2761.000000 0.282140
2762.000000 0.257821
2763.000000 0.064660
2764.000000 0.055568
2765.000000 0.132184
2766.000000 0.105615
2767.000000 0.056924
2768.000000 0.054268
2769.000000 0.165991
2770.000000 0.160337
2771.000000 0.065242
2772.000000 0.197628
2773.000000 0.244048
2774.000000 0.010201
2775.000000 0.148991
2776.000000 0.094445
2777.000000 0.082376
2778.000000 0.147077
2779.000000 0.184255
2780.000000 0.069395
2781.000000 0.101783
2782.000000 0.105245
2783.000000 0.119721
2784.000000 0.171643
2785.000000 0.078209
2786.000000 0.123638
2787.000000 0.069211
2788.000000 0.152060
2789.000000 0.046024
2790.000000 0.194977
2791.000000 0.125060
2792.000000 0.014165
2793.000000 0.093016
2794.000000 0.088511
2795.000000 0.298817
2796.000000 0.064398
2797.000000 0.205264
2798.000000 0.202948
2799.000000 0.196679
2800.000000 0.035408
2801.000000 0.113608
2802.000000 0.267538
2803.000000 0.136199
2804.000000 0.074102
2805.000000 0.083515
2806.000000 0.165536
2807.000000 0.115708
2808.000000 0.138450
2809.000000 0.196385
2810.000000 0.064582
2811.000000 0.092386
2812.000000 0.285172
2813.000000 0.169765
2814.000000 0.166568
2815.000000 0.202115
2816.000000 0.080379
2817.000000 0.216312
2818.000000 0.101239
2819.000000 0.118451
2820.000000 0.079823
2821.000000 0.150622
2822.000000 0.134113
2823.000000 0.186248
2824.000000 0.283662
2825.000000 0.049025
2826.000000 0.120557
2827.000000 0.178466
2828.000000 0.160614
2829.000000 0.114121
2830.000000 0.206629
2831.000000 0.081991
2832.000000 0.201043
2833.000000 0.085512
2834.000000 0.048693
2835.000000 0.048256
2836.000000 0.079398
2837.000000 0.074082
2838.000000 0.199731
2839.000000 0.032856
2840.000000 0.125193
2841.000000 0.148892
2842.000000 0.056067
2843.000000 0.043678
2844.000000 0.215286
2845.000000 0.137143
2846.000000 0.176894
2847.000000 0.149646
2848.000000 0.232259
2849.000000 0.247415
2850.000000 0.049887
2851.000000 0.087190
2852.000000 0.031258
2853.000000 0.264614
2854.000000 0.175519
2855.000000 0.195602
2856.000000 0.154349
2857.000000 0.114103
2858.000000 0.220217
2859.000000 0.083346
2860.000000 0.203251
2861.000000 0.105748
2862.000000 0.094575
2863.000000 0.273444
2864.000000 0.175404
2865.000000 0.113901
2866.000000 0.185680
2867.000000 0.091676
2868.000000 0.124540
2869.000000 0.020128
2870.000000 0.122946
2871.000000 0.119909
2872.000000 0.210793
2873.000000 0.102572
2874.000000 0.156034
2875.000000 0.191557
2876.000000 0.045163
2877.000000 0.062715
2878.000000 0.049003
2879.000000 0.092781
2880.000000 0.053073
2881.000000 0.071592
2882.000000 0.059843
2883.000000 0.102111
2884.000000 0.134028
2885.000000 0.182847
2886.000000 0.255086
2887.000000 0.142874
2888.000000 0.067630
2889.000000 0.168025
2890.000000 0.156450
2891.000000 0.057347
2892.000000 0.096800
2893.000000 0.086429
2894.000000 0.303298
2895.000000 0.175246
2896.000000 0.144448
2897.000000 0.020840
2898.000000 0.053053
2899.000000 0.222820
2900.000000 0.065794
2901.000000 0.095263
2902.000000 0.008942
2903.000000 0.016851
2904.000000 0.222317
2905.000000 0.126136
2906.000000 0.207704
2907.000000 0.174306
2908.000000 0.088680
2909.000000 0.150132
2910.000000 0.061527
2911.000000 0.062433
2912.000000 0.020190
2913.000000 0.130781
2914.000000 0.064725
2915.000000 0.060504
2916.000000 0.127259
2917.000000 0.107603
2918.000000 0.101522
2919.000000 0.068508
2920.000000 0.174107
2921.000000 0.123023
2922.000000 0.046879
2923.000000 0.129344
2924.000000 0.273519
2925.000000 0.133626
2926.000000 0.061600
2927.000000 0.014159
2928.000000 0.040756
2929.000000 0.039705
2930.000000 0.116548
2931.000000 0.150424
2932.000000 0.087594
2933.000000 0.221431
2934.000000 0.175008
2935.000000 0.235679
2936.000000 0.112432
2937.000000 0.195604
2938.000000 0.122983
2939.000000 0.146914
2940.000000 0.132112
2941.000000 0.050219
2942.000000 0.151765
2943.000000 0.167974
2944.000000 0.155593
2945.000000 0.120857
2946.000000 0.082627
2947.000000 0.235896
2948.000000 0.074156
2949.000000 0.187342
2950.000000 0.037560
2951.000000 0.088846
2952.000000 0.072414
2953.000000 0.148594
2954.000000 0.098127
2955.000000 0.122094
2956.000000 0.163362
2957.000000 0.078125
2958.000000 0.172659
2959.000000 0.122559
2960.000000 0.262316
2961.000000 0.111025
2962.000000 0.087214
2963.000000 0.073385
2964.000000 0.123948
2965.000000 0.090150
2966.000000 0.130540
2967.000000 0.161814
2968.000000 0.026098
2969.000000 0.182692
2970.000000 0.051518
2971.000000 0.211754
2972.000000 0.130726
2973.000000 0.054164
2974.000000 0.258876
2975.000000 0.061791
2976.000000 0.220076
2977.000000 0.078548
2978.000000 0.137173
2979.000000 0.163422
2980.000000 0.166503
2981.000000 0.190565
2982.000000 0.141807
2983.000000 0.071412
2984.000000 0.074030
2985.000000 0.187459
2986.000000 0.150228
2987.000000 0.193634
2988.000000 0.144092
2989.000000 0.106738
2990.000000 0.156068
2991.000000 0.128815
2992.000000 0.227169
2993.000000 0.031433
2994.000000 0.329109
2995.000000 0.217981
2996.000000 0.250674
2997.000000 0.217026
2998.000000 0.036296
2999.000000 0.043006
3000.000000 0.109677
