0.000000 0.101465
1.000000 0.313734
2.000000 0.429063
3.000000 0.465609
4.000000 0.040985
5.000000 0.139130
6.000000 0.210948
7.000000 0.195943
8.000000 0.327054
9.000000 0.070524
10.000000 0.155356
11.000000 0.309585
12.000000 0.169011
13.000000 0.398548
14.000000 0.075853
15.000000 0.181794
16.000000 0.202694
17.000000 0.209858
18.000000 0.107199
19.000000 0.270079
20.000000 0.327781
21.000000 0.136483
22.000000 0.259162
23.000000 0.163057
24.000000 0.272604
25.000000 0.263511
26.000000 0.218475
27.000000 0.236275
28.000000 0.361680
29.000000 0.193586
30.000000 0.123768
31.000000 0.298838
32.000000 0.271294
33.000000 0.252207
34.000000 0.236733
35.000000 0.445636
36.000000 0.064898
37.000000 0.263299
38.000000 0.159956
39.000000 0.153947
40.000000 0.189585
41.000000 0.150809
42.000000 0.196720
43.000000 0.290359
44.000000 0.207810
45.000000 0.332473
46.000000 0.190913
47.000000 0.194813
48.000000 0.049579
49.000000 0.145909
50.000000 0.233217
51.000000 0.279345
52.000000 0.132870
53.000000 0.279734
54.000000 0.192467
55.000000 0.134999
56.000000 0.227090
57.000000 0.157320
58.000000 0.354332
59.000000 0.467523
60.000000 0.435242
61.000000 0.152024
62.000000 0.175414
63.000000 0.179023
64.000000 0.361700
65.000000 0.129719
66.000000 0.047060
67.000000 0.220050
68.000000 0.040078
69.000000 0.310493
70.000000 0.378799
71.000000 0.170434
72.000000 0.031940
73.000000 0.116104
74.000000 0.464773
75.000000 0.319891
76.000000 0.395942
77.000000 0.142450
78.000000 0.011916
79.000000 0.417394
80.000000 0.064366
81.000000 0.434700
82.000000 0.330381
83.000000 0.384386
84.000000 0.057636
85.000000 0.054968
86.000000 0.345820
87.000000 0.289347
88.000000 0.321420
89.000000 0.105000
90.000000 0.113327
91.000000 0.066888
92.000000 0.069191
93.000000 0.122729
94.000000 0.149742
95.000000 0.306870
96.000000 0.124936
97.000000 0.279783
98.000000 0.040868
99.000000 0.114856
100.000000 0.117756
101.000000 0.128831
102.000000 0.306243
103.000000 0.190501
104.000000 0.240822
105.000000 0.307202
106.000000 0.266436
107.000000 0.122969
108.000000 0.192956
109.000000 0.204641
110.000000 0.219119
111.000000 0.076316
112.000000 0.179087
113.000000 0.259226
114.000000 0.263877
115.000000 0.254987
116.000000 0.135596
117.000000 0.135443
118.000000 0.216858
119.000000 0.266749
120.000000 0.112119
121.000000 0.478092
122.000000 0.236637
123.000000 0.378336
124.000000 0.097741
125.000000 0.244686
126.000000 0.331640
127.000000 0.209351
128.000000 0.174568
129.000000 0.220472
130.000000 0.191692
131.000000 0.453006
132.000000 0.222551
133.000000 0.281127
134.000000 0.119587
135.000000 0.254683
136.000000 0.067108
137.000000 0.285099
138.000000 0.231088
139.000000 0.288867
140.000000 0.290669
141.000000 0.177293
142.000000 0.118431
143.000000 0.235990
144.000000 0.339291
145.000000 0.085379
146.000000 0.132106
147.000000 0.213291
148.000000 0.191587
149.000000 0.331663
150.000000 0.135815
151.000000 0.026314
152.000000 0.235503
153.000000 0.047107
154.000000 0.389809
155.000000 0.282895
156.000000 0.271124
157.000000 0.119002
158.000000 0.240035
159.000000 0.273787
160.000000 0.256309
161.000000 0.297875
162.000000 0.316399
163.000000 0.140647
164.000000 0.070232
165.000000 0.134414
166.000000 0.255339
167.000000 0.267455
168.000000 0.136645
169.000000 0.161134
170.000000 0.582246
171.000000 0.247552
172.000000 0.368355
173.000000 0.140032
174.000000 0.130693
175.000000 0.324862
176.000000 0.029326
177.000000 0.149586
178.000000 0.233654
179.000000 0.119482
180.000000 0.424486
181.000000 0.193636
182.000000 0.281767
183.000000 0.285182
184.000000 0.273025
185.000000 0.286133
186.000000 0.259482
187.000000 0.134284
188.000000 0.376770
189.000000 0.513814
190.000000 0.289792
191.000000 0.132951
192.000000 0.291050
193.000000 0.193884
194.000000 0.056279
195.000000 0.152229
196.000000 0.032667
197.000000 0.027539
198.000000 0.132986
199.000000 0.160175
200.000000 0.065295
201.000000 0.255259
202.000000 0.137564
203.000000 0.123820
204.000000 0.109946
205.000000 0.218256
206.000000 0.129131
207.000000 0.159061
208.000000 0.092252
209.000000 0.234018
210.000000 0.088680
211.000000 0.119092
212.000000 0.248934
213.000000 0.345417
214.000000 0.065481
215.000000 0.136823
216.000000 0.315193
217.000000 0.122224
218.000000 0.047663
219.000000 0.254626
220.000000 0.173093
221.000000 0.242753
222.000000 0.142309
223.000000 0.161114
224.000000 0.272389
225.000000 0.102577
226.000000 0.200129
227.000000 0.261920
228.000000 0.258410
229.000000 0.210011
230.000000 0.204261
231.000000 0.247666
232.000000 0.260280
233.000000 0.255677
234.000000 0.148120
235.000000 0.167668
236.000000 0.320206
237.000000 0.110834
238.000000 0.230165
239.000000 0.212335
240.000000 0.131238
241.000000 0.415463
242.000000 0.191052
243.000000 0.190277
244.000000 0.196125
245.000000 0.351646
246.000000 0.272676
247.000000 0.337102
248.000000 0.135644
249.000000 0.241094
250.000000 0.233292
251.000000 0.214775
252.000000 0.428251
253.000000 0.154630
254.000000 0.027700
255.000000 0.151517
256.000000 0.063249
257.000000 0.276865
258.000000 0.510059
259.000000 0.333718
260.000000 0.132130
261.000000 0.207367
262.000000 0.220616
263.000000 0.175342
264.000000 0.197232
265.000000 0.081976
266.000000 0.164372
267.000000 0.095145
268.000000 0.124260
269.000000 0.242156
270.000000 0.305714
271.000000 0.203400
272.000000 0.124745
273.000000 0.077555
274.000000 0.071568
275.000000 0.316876
276.000000 0.145600
277.000000 0.424454
278.000000 0.033452
279.000000 0.067817
280.000000 0.117024
281.000000 0.145998
282.000000 0.151554
283.000000 0.127587
284.000000 0.279686
285.000000 0.294314
286.000000 0.328708
287.000000 0.507489
288.000000 0.438898
289.000000 0.110522
290.000000 0.302202
291.000000 0.241981
292.000000 0.260534
293.000000 0.261997
294.000000 0.226927
295.000000 0.148791
296.000000 0.139391
297.000000 0.521860
298.000000 0.290164
299.000000 0.077838
300.000000 0.362806
301.000000 0.021510
302.000000 0.294102
303.000000 0.241162
304.000000 0.360638
305.000000 0.278722
306.000000 0.247835
307.000000 0.451117
308.000000 0.242208
309.000000 0.111216
310.000000 0.333897
311.000000 0.257494
312.000000 0.214095
313.000000 0.358370
314.000000 0.230488
315.000000 0.257833
316.000000 0.220610
317.000000 0.075125
318.000000 0.198819
319.000000 0.106931
320.000000 0.169523
321.000000 0.123463
322.000000 0.076491
323.000000 0.366082
324.000000 0.050589
325.000000 0.301793
326.000000 0.051415
327.000000 0.249361
328.000000 0.229105
329.000000 0.102766
330.000000 0.276381
331.000000 0.128808
332.000000 0.245289
333.000000 0.205833
334.000000 0.247502
335.000000 0.224425
336.000000 0.333424
337.000000 0.099255
338.000000 0.492231
339.000000 0.273915
340.000000 0.139995
341.000000 0.182228
342.000000 0.460032
343.000000 0.266897
344.000000 0.128010
345.000000 0.291678
346.000000 0.303515
347.000000 0.312495
348.000000 0.232425
349.000000 0.238014
350.000000 0.242537
351.000000 0.268615
352.000000 0.277946
353.000000 0.320192
354.000000 0.440255
355.000000 0.071430
356.000000 0.359465
357.000000 0.374747
358.000000 0.246156
359.000000 0.112217
360.000000 0.316047
361.000000 0.368779
362.000000 0.157514
363.000000 0.050449
364.000000 0.033284
365.000000 0.250956
366.000000 0.373976
367.000000 0.042449
368.000000 0.163597
369.000000 0.542630
370.000000 0.124100
371.000000 0.041003
372.000000 0.163307
373.000000 0.266218
374.000000 0.313835
375.000000 0.167710
376.000000 0.165848
377.000000 0.234196
378.000000 0.244965
379.000000 0.463792
380.000000 0.182374
381.000000 0.259475
382.000000 0.241676
383.000000 0.286216
384.000000 0.152090
385.000000 0.043298
386.000000 0.104437
387.000000 0.075920
388.000000 0.229102
389.000000 0.402447
390.000000 0.252582
391.000000 0.018073
392.000000 0.198866
393.000000 0.249264
394.000000 0.234756
395.000000 0.179686
396.000000 0.360118
397.000000 0.052606
398.000000 0.056579
399.000000 0.195061
400.000000 0.107458
401.000000 0.376195
402.000000 0.143586
403.000000 0.301438
404.000000 0.178126
405.000000 0.542469
406.000000 0.382575
407.000000 0.228719
408.000000 0.191055
409.000000 0.245241
410.000000 0.220092
411.000000 0.087976
412.000000 0.208823
413.000000 0.394508
414.000000 0.161950
415.000000 0.610366
416.000000 0.146698
417.000000 0.376674
418.000000 0.301199
419.000000 0.237566
420.000000 0.181281
421.000000 0.255489
422.000000 0.157815
423.000000 0.310487
424.000000 0.385328
425.000000 0.385929
426.000000 0.499527
427.000000 0.283770
428.000000 0.051043
429.000000 0.193867
430.000000 0.357991
431.000000 0.189783
432.000000 0.319155
433.000000 0.144064
434.000000 0.296664
435.000000 0.266062
436.000000 0.159160
437.000000 0.285582
438.000000 0.224934
439.000000 0.082667
440.000000 0.206127
441.000000 0.120336
442.000000 0.248338
443.000000 0.227791
444.000000 0.405483
445.000000 0.127688
446.000000 0.050452
447.000000 0.127555
448.000000 0.265208
449.000000 0.229208
450.000000 0.295388
451.000000 0.385200
452.000000 0.360831
453.000000 0.131231
454.000000 0.351880
455.000000 0.216097
456.000000 0.126652
457.000000 0.052439
458.000000 0.337826
459.000000 0.148946
460.000000 0.097945
461.000000 0.235145
462.000000 0.038917
463.000000 0.276851
464.000000 0.117913
465.000000 0.158073
466.000000 0.340432
467.000000 0.291585
468.000000 0.093769
469.000000 0.333162
470.000000 0.149607
471.000000 0.411274
472.000000 0.376347
473.000000 0.369835
474.000000 0.299070
475.000000 0.286666
476.000000 0.281618
477.000000 0.434047
478.000000 0.254145
479.000000 0.391839
480.000000 0.242633
481.000000 0.416763
482.000000 0.340177
483.000000 0.128610
484.000000 0.273342
485.000000 0.232274
486.000000 0.099875
487.000000 0.469694
488.000000 0.195113
489.000000 0.448936
490.000000 0.185240
491.000000 0.213569
492.000000 0.221829
493.000000 0.248810
494.000000 0.318978
495.000000 0.185117
496.000000 0.196973
497.000000 0.081890
498.000000 0.233139
499.000000 0.295667
500.000000 0.024899
501.000000 0.562547
502.000000 0.342467
503.000000 0.205665
504.000000 0.184641
505.000000 0.308362
506.000000 0.033520
507.000000 0.257930
508.000000 0.234128
509.000000 0.232771
510.000000 0.446118
511.000000 0.164288
512.000000 0.280379
513.000000 0.305685
514.000000 0.261851
515.000000 0.383772
516.000000 0.266264
517.000000 0.218331
518.000000 0.034542
519.000000 0.124172
520.000000 0.098303
521.000000 0.202221
522.000000 0.092321
523.000000 0.388616
524.000000 0.118112
525.000000 0.153503
526.000000 0.127494
527.000000 0.311381
528.000000 0.326224
529.000000 0.354690
530.000000 0.316015
531.000000 0.303576
532.000000 0.330498
533.000000 0.132870
534.000000 0.544117
535.000000 0.093757
536.000000 0.069711
537.000000 0.491120
538.000000 0.349584
539.000000 0.264265
540.000000 0.317309
541.000000 0.068767
542.000000 0.104147
543.000000 0.061971
544.000000 0.113673
545.000000 0.301073
546.000000 0.228322
547.000000 0.357303
548.000000 0.232993
549.000000 0.074736
550.000000 0.316266
551.000000 0.096883
552.000000 0.159084
553.000000 0.139671
554.000000 0.300294
555.000000 0.061535
556.000000 0.353354
557.000000 0.268207
558.000000 0.135145
559.000000 0.628168
560.000000 0.345185
561.000000 0.171501
562.000000 0.332940
563.000000 0.291641
564.000000 0.209044
565.000000 0.405490
566.000000 0.278478
567.000000 0.056469
568.000000 0.298164
569.000000 0.107513
570.000000 0.304704
571.000000 0.297775
572.000000 0.319072
573.000000 0.050992
574.000000 0.196454
575.000000 0.077571
576.000000 0.244995
577.000000 0.055610
578.000000 0.147168
579.000000 0.081133
580.000000 0.224016
581.000000 0.207192
582.000000 0.387358
583.000000 0.221260
584.000000 0.353499
585.000000 0.112522
586.000000 0.196682
587.000000 0.332171
588.000000 0.113867
589.000000 0.174482
590.000000 0.284184
591.000000 0.367570
592.000000 0.022343
593.000000 0.351673
594.000000 0.079866
595.000000 0.026453
596.000000 0.320931
597.000000 0.292851
598.000000 0.367245
599.000000 0.121427
600.000000 0.150428
601.000000 0.283413
602.000000 0.258178
603.000000 0.131052
604.000000 0.466190
605.000000 0.450362
606.000000 0.489115
607.000000 0.285759
608.000000 0.157021
609.000000 0.343947
610.000000 0.308616
611.000000 0.187371
612.000000 0.219268
613.000000 0.196072
614.000000 0.075160
615.000000 0.379106
616.000000 0.127521
617.000000 0.122816
618.000000 0.213007
619.000000 0.229014
620.000000 0.176453
621.000000 0.231347
622.000000 0.149660
623.000000 0.308410
624.000000 0.196925
625.000000 0.276343
626.000000 0.319228
627.000000 0.532631
628.000000 0.269273
629.000000 0.162441
630.000000 0.253998
631.000000 0.192949
632.000000 0.225855
633.000000 0.215585
634.000000 0.222568
635.000000 0.256183
636.000000 0.244752
637.000000 0.386376
638.000000 0.232299
639.000000 0.150887
640.000000 0.436830
641.000000 0.258827
642.000000 0.172664
643.000000 0.073126
644.000000 0.245411
645.000000 0.130717
646.000000 0.197879
647.000000 0.263270
648.000000 0.075244
649.000000 0.081965
650.000000 0.274852
651.000000 0.123053
652.000000 0.115904
653.000000 0.074818
654.000000 0.290131
655.000000 0.221064
656.000000 0.209579
657.000000 0.051866
658.000000 0.457210
659.000000 0.135550
660.000000 0.141775
661.000000 0.401454
662.000000 0.135734
663.000000 0.312755
664.000000 0.165932
665.000000 0.129714
666.000000 0.305417
667.000000 0.133241
668.000000 0.531858
669.000000 0.427824
670.000000 0.279637
671.000000 0.177942
672.000000 0.144519
673.000000 0.294475
674.000000 0.085775
675.000000 0.175683
676.000000 0.142731
677.000000 0.198941
678.000000 0.398408
679.000000 0.132089
680.000000 0.349065
681.000000 0.365452
682.000000 0.451295
683.000000 0.208611
684.000000 0.135505
685.000000 0.207187
686.000000 0.210504
687.000000 0.322096
688.000000 0.367159
689.000000 0.132847
690.000000 0.399013
691.000000 0.289828
692.000000 0.443571
693.000000 0.295239
694.000000 0.326723
695.000000 0.091733
696.000000 0.578971
697.000000 0.083819
698.000000 0.218910
699.000000 0.135982
700.000000 0.183986
701.000000 0.152540
702.000000 0.153076
703.000000 0.117207
704.000000 0.144674
705.000000 0.199032
706.000000 0.086640
707.000000 0.167204
708.000000 0.147284
709.000000 0.242991
710.000000 0.240432
711.000000 0.090888
712.000000 0.421088
713.000000 0.134166
714.000000 0.185373
715.000000 0.228277
716.000000 0.258965
717.000000 0.248643
718.000000 0.120223
719.000000 0.187406
720.000000 0.253152
721.000000 0.314457
722.000000 0.160844
723.000000 0.263022
724.000000 0.417832
725.000000 0.164844
726.000000 0.138297
727.000000 0.208890
728.000000 0.188187
729.000000 0.398903
730.000000 0.247233
731.000000 0.151228
732.000000 0.334684
733.000000 0.272984
734.000000 0.239459
735.000000 0.231143
736.000000 0.272369
737.000000 0.048312
738.000000 0.283557
739.000000 0.261047
740.000000 0.225638
741.000000 0.137508
742.000000 0.310585
743.000000 0.202017
744.000000 0.117798
745.000000 0.097869
746.000000 0.378049
747.000000 0.033678
748.000000 0.228531
749.000000 0.276165
750.000000 0.063765
751.000000 0.120364
752.000000 0.508311
753.000000 0.277659
754.000000 0.338652
755.000000 0.335928
756.000000 0.250061
757.000000 0.173433
758.000000 0.125531
759.000000 0.078448
760.000000 0.512765
761.000000 0.261605
762.000000 0.340512
763.000000 0.240890
764.000000 0.210888
765.000000 0.214418
766.000000 0.095515
767.000000 0.241449
768.000000 0.323316
769.000000 0.134762
770.000000 0.106495
771.000000 0.215171
772.000000 0.171618
773.000000 0.094437
774.000000 0.068246
775.000000 0.068568
776.000000 0.240315
777.000000 0.235790
778.000000 0.226671
779.000000 0.062479
780.000000 0.152791
781.000000 0.343670
782.000000 0.057551
783.000000 0.238146
784.000000 0.320807
785.000000 0.330668
786.000000 0.165752
787.000000 0.168442
788.000000 0.373304
789.000000 0.176005
790.000000 0.118600
791.000000 0.402699
792.000000 0.194449
793.000000 0.149586
794.000000 0.456786
795.000000 0.328990
796.000000 0.161391
797.000000 0.201166
798.000000 0.071738
799.000000 0.610907
800.000000 0.268635
801.000000 0.254424
802.000000 0.338913
803.000000 0.047829
804.000000 0.132828
805.000000 0.228864
806.000000 0.309996
807.000000 0.212447
808.000000 0.091128
809.000000 0.300124
810.000000 0.164202
811.000000 0.224295
812.000000 0.380166
813.000000 0.068203
814.000000 0.329160
815.000000 0.281473
816.000000 0.158446
817.000000 0.100712
818.000000 0.199838
819.000000 0.285240
820.000000 0.187854
821.000000 0.116638
822.000000 0.284765
823.000000 0.149386
824.000000 0.247317
825.000000 0.049246
826.000000 0.244822
827.000000 0.253605
828.000000 0.295109
829.000000 0.147011
830.000000 0.441778
831.000000 0.072871
832.000000 0.172781
833.000000 0.054954
834.000000 0.126990
835.000000 0.171831
836.000000 0.139887
837.000000 0.234297
838.000000 0.069678
839.000000 0.230635
840.000000 0.288190
841.000000 0.283216
842.000000 0.250406
843.000000 0.354773
844.000000 0.189637
845.000000 0.246727
846.000000 0.327726
847.000000 0.100873
848.000000 0.153087
849.000000 0.396759
850.000000 0.425934
851.000000 0.325863
852.000000 0.131953
853.000000 0.369241
854.000000 0.218362
855.000000 0.129888
856.000000 0.118395
857.000000 0.042418
858.000000 0.077749
859.000000 0.252900
860.000000 0.161462
861.000000 0.212361
862.000000 0.259679
863.000000 0.391146
864.000000 0.312631
865.000000 0.279894
866.000000 0.073274
867.000000 0.430722
868.000000 0.167028
869.000000 0.160958
870.000000 0.383174
871.000000 0.160655
872.000000 0.375044
873.000000 0.361068
874.000000 0.285406
875.000000 0.286782
876.000000 0.232193
877.000000 0.185292
878.000000 0.291542
879.000000 0.090553
880.000000 0.237420
881.000000 0.047666
882.000000 0.140790
883.000000 0.292281
884.000000 0.310148
885.000000 0.063596
886.000000 0.133122
887.000000 0.291025
888.000000 0.137461
889.000000 0.306080
890.000000 0.162839
891.000000 0.196085
892.000000 0.265873
893.000000 0.104477
894.000000 0.232454
895.000000 0.197852
896.000000 0.234764
897.000000 0.276957
898.000000 0.118608
899.000000 0.144726
900.000000 0.057654
901.000000 0.105428
902.000000 0.500199
903.000000 0.091663
904.000000 0.258655
905.000000 0.219388
906.000000 0.044344
907.000000 0.551295
908.000000 0.212651
909.000000 0.095162
910.000000 0.371365
911.000000 0.275387
912.000000 0.039956
913.000000 0.178523
914.000000 0.182381
915.000000 0.321686
916.000000 0.366686
917.000000 0.262896
918.000000 0.145653
919.000000 0.169512
920.000000 0.156595
921.000000 0.048221
922.000000 0.280000
923.000000 0.229498
924.000000 0.169970
925.000000 0.237226
926.000000 0.206462
927.000000 0.163228
928.000000 0.232726
929.000000 0.271089
930.000000 0.216706
931.000000 0.270411
932.000000 0.444519
933.000000 0.228826
934.000000 0.269456
935.000000 0.090356
936.000000 0.236558
937.000000 0.237971
938.000000 0.249092
939.000000 0.249786
940.000000 0.078578
941.000000 0.383027
942.000000 0.359845
943.000000 0.141234
944.000000 0.382716
945.000000 0.141332
946.000000 0.377663
947.000000 0.071318
948.000000 0.165211
949.000000 0.169693
950.000000 0.272648
951.000000 0.271710
952.000000 0.216926
953.000000 0.113634
954.000000 0.447600
955.000000 0.312603
956.000000 0.326340
957.000000 0.046211
958.000000 0.200280
959.000000 0.286821
960.000000 0.241252
961.000000 0.221310
962.000000 0.061161
963.000000 0.080728
964.000000 0.461953
965.000000 0.096991
966.000000 0.110638
967.000000 0.055067
968.000000 0.082388
969.000000 0.186901
970.000000 0.092091
971.000000 0.310792
972.000000 0.095950
973.000000 0.084897
974.000000 0.154953
975.000000 0.181304
976.000000 0.399083
977.000000 0.198104
978.000000 0.188902
979.000000 0.047209
980.000000 0.154295
981.000000 0.332585
982.000000 0.318706
983.000000 0.247269
984.000000 0.443902
985.000000 0.424141
986.000000 0.109647
987.000000 0.068397
988.000000 0.304420
989.000000 0.153954
990.000000 0.049271
991.000000 0.139625
992.000000 0.208518
993.000000 0.186382
994.000000 0.183556
995.000000 0.286876
996.000000 0.324288
997.000000 0.291988
998.000000 0.189617
999.000000 0.309019
1000.000000 0.201096
1001.000000 0.245317
1002.000000 0.345167
1003.000000 0.187437
1004.000000 0.206200
1005.000000 0.173739
1006.000000 0.457859
1007.000000 0.150332
1008.000000 0.162215
1009.000000 0.115424
1010.000000 0.256397
1011.000000 0.178515
1012.000000 0.279833
1013.000000 0.296729
1014.000000 0.333422
1015.000000 0.081249
1016.000000 0.324827
1017.000000 0.170109
1018.000000 0.109690
1019.000000 0.088925
1020.000000 0.433644
1021.000000 0.165307
1022.000000 0.136898
1023.000000 0.282231
1024.000000 0.472660
1025.000000 0.112368
1026.000000 0.270618
1027.000000 0.427718
1028.000000 0.186358
1029.000000 0.096037
1030.000000 0.091262
1031.000000 0.206331
1032.000000 0.460777
1033.000000 0.242551
1034.000000 0.179665
1035.000000 0.303109
1036.000000 0.476062
1037.000000 0.418353
1038.000000 0.175871
1039.000000 0.174339
1040.000000 0.388495
1041.000000 0.253897
1042.000000 0.204569
1043.000000 0.067702
1044.000000 0.266390
1045.000000 0.067972
1046.000000 0.079332
1047.000000 0.079608
1048.000000 0.371051
1049.000000 0.161142
1050.000000 0.247708
1051.000000 0.268992
1052.000000 0.289010
1053.000000 0.193594
1054.000000 0.174227
1055.000000 0.203682
1056.000000 0.164536
1057.000000 0.169728
1058.000000 0.136948
1059.000000 0.164899
1060.000000 0.085036
1061.000000 0.235632
1062.000000 0.323341
1063.000000 0.226418
1064.000000 0.351044
1065.000000 0.163804
1066.000000 0.151613
1067.000000 0.343970
1068.000000 0.051963
1069.000000 0.167089
1070.000000 0.342494
1071.000000 0.090450
1072.000000 0.233177
1073.000000 0.260466
1074.000000 0.130347
1075.000000 0.217842
1076.000000 0.264009
1077.000000 0.171615
1078.000000 0.161231
1079.000000 0.078104
1080.000000 0.195359
1081.000000 0.381119
1082.000000 0.463505
1083.000000 0.132955
1084.000000 0.299847
1085.000000 0.512922
1086.000000 0.073312
1087.000000 0.322988
1088.000000 0.437328
1089.000000 0.099940
1090.000000 0.200174
1091.000000 0.223453
1092.000000 0.119555
1093.000000 0.183196
1094.000000 0.160802
1095.000000 0.121472
1096.000000 0.270448
1097.000000 0.114298
1098.000000 0.348138
1099.000000 0.072695
1100.000000 0.094590
1101.000000 0.313075
1102.000000 0.164862
1103.000000 0.271129
1104.000000 0.212667
1105.000000 0.239267
1106.000000 0.242511
1107.000000 0.120770
1108.000000 0.123970
1109.000000 0.202095
1110.000000 0.136745
1111.000000 0.202485
1112.000000 0.208673
1113.000000 0.098432
1114.000000 0.199077
1115.000000 0.116915
1116.000000 0.207876
1117.000000 0.095397
1118.000000 0.377495
1119.000000 0.416821
1120.000000 0.178552
1121.000000 0.476285
1122.000000 0.175197
1123.000000 0.161255
1124.000000 0.233928
1125.000000 0.436417
1126.000000 0.191549
1127.000000 0.122418
1128.000000 0.606645
1129.000000 0.253384
1130.000000 0.360654
1131.000000 0.334960
1132.000000 0.162666
1133.000000 0.202663
1134.000000 0.114460
1135.000000 0.109351
1136.000000 0.187220
1137.000000 0.083166
1138.000000 0.224323
1139.000000 0.130766
1140.000000 0.112982
1141.000000 0.263709
1142.000000 0.199258
1143.000000 0.233057
1144.000000 0.441499
1145.000000 0.426285
1146.000000 0.172962
1147.000000 0.188757
1148.000000 0.141389
1149.000000 0.072951
1150.000000 0.179709
1151.000000 0.077526
1152.000000 0.255004
1153.000000 0.122448
1154.000000 0.272282
1155.000000 0.137664
1156.000000 0.067364
1157.000000 0.226967
1158.000000 0.018479
1159.000000 0.079357
1160.000000 0.117198
1161.000000 0.283096
1162.000000 0.001475
1163.000000 0.386771
1164.000000 0.404832
1165.000000 0.134365
1166.000000 0.238890
1167.000000 0.328092
1168.000000 0.020280
1169.000000 0.190420
1170.000000 0.336878
1171.000000 0.262234
1172.000000 0.061025
1173.000000 0.217526
1174.000000 0.346802
1175.000000 0.021586
1176.000000 0.179639
1177.000000 0.132335
1178.000000 0.153244
1179.000000 0.386567
1180.000000 0.193290
1181.000000 0.092575
1182.000000 0.022845
1183.000000 0.134860
1184.000000 0.288528
1185.000000 0.194070
1186.000000 0.139932
1187.000000 0.456135
1188.000000 0.245684
1189.000000 0.195321
1190.000000 0.396115
1191.000000 0.280466
1192.000000 0.301061
1193.000000 0.121615
1194.000000 0.490581
1195.000000 0.301306
1196.000000 0.258180
1197.000000 0.203503
1198.000000 0.193971
1199.000000 0.139218
1200.000000 0.193847
1201.000000 0.211456
1202.000000 0.175607
1203.000000 0.376270
1204.000000 0.051766
1205.000000 0.264149
1206.000000 0.261713
1207.000000 0.136656
1208.000000 0.255085
1209.000000 0.163822
1210.000000 0.334278
1211.000000 0.050092
1212.000000 0.212670
1213.000000 0.331631
1214.000000 0.156060
1215.000000 0.271111
1216.000000 0.240060
1217.000000 0.049371
1218.000000 0.113923
1219.000000 0.237702
1220.000000 0.169910
1221.000000 0.017787
1222.000000 0.068397
1223.000000 0.100341
1224.000000 0.108401
1225.000000 0.123778
1226.000000 0.247810
1227.000000 0.211411
1228.000000 0.190615
1229.000000 0.201942
1230.000000 0.224299
1231.000000 0.232416
1232.000000 0.227942
1233.000000 0.227606
1234.000000 0.294544
1235.000000 0.286207
1236.000000 0.073503
1237.000000 0.061815
1238.000000 0.181839
1239.000000 0.428347
1240.000000 0.387432
1241.000000 0.249612
1242.000000 0.111497
1243.000000 0.439711
1244.000000 0.238467
1245.000000 0.169326
1246.000000 0.261995
1247.000000 0.249636
1248.000000 0.292164
1249.000000 0.245462
1250.000000 0.403173
1251.000000 0.126986
1252.000000 0.190378
1253.000000 0.300926
1254.000000 0.160425
1255.000000 0.298455
1256.000000 0.106215
1257.000000 0.220394
1258.000000 0.281264
1259.000000 0.153310
1260.000000 0.193020
1261.000000 0.159956
1262.000000 0.291771
1263.000000 0.527947
1264.000000 0.064726
1265.000000 0.280143
1266.000000 0.299887
1267.000000 0.242954
1268.000000 0.197752
1269.000000 0.272691
1270.000000 0.177171
1271.000000 0.245698
1272.000000 0.362223
1273.000000 0.160594
1274.000000 0.234729
1275.000000 0.096090
1276.000000 0.348759
1277.000000 0.142718
1278.000000 0.589458
1279.000000 0.121669
1280.000000 0.351414
1281.000000 0.173032
1282.000000 0.081211
1283.000000 0.099751
1284.000000 0.093803
1285.000000 0.292511
1286.000000 0.177198
1287.000000 0.045256
1288.000000 0.133914
1289.000000 0.217738
1290.000000 0.198830
1291.000000 0.169066
1292.000000 0.591999
1293.000000 0.145515
1294.000000 0.251455
1295.000000 0.124219
1296.000000 0.222170
1297.000000 0.493597
1298.000000 0.372047
1299.000000 0.153624
1300.000000 0.078647
1301.000000 0.225995
1302.000000 0.323379
1303.000000 0.152223
1304.000000 0.182172
1305.000000 0.154558
1306.000000 0.150184
1307.000000 0.112040
1308.000000 0.125180
1309.000000 0.327747
1310.000000 0.365332
1311.000000 0.236785
1312.000000 0.252428
1313.000000 0.293218
1314.000000 0.411928
1315.000000 0.164336
1316.000000 0.305537
1317.000000 0.246590
1318.000000 0.172556
1319.000000 0.212197
1320.000000 0.272047
1321.000000 0.035549
1322.000000 0.314435
1323.000000 0.189441
1324.000000 0.075145
1325.000000 0.160621
1326.000000 0.527171
1327.000000 0.562973
1328.000000 0.159149
1329.000000 0.268962
1330.000000 0.135924
1331.000000 0.139591
1332.000000 0.067047
1333.000000 0.414147
1334.000000 0.344988
1335.000000 0.185622
1336.000000 0.042684
1337.000000 0.411867
1338.000000 0.105355
1339.000000 0.375194
1340.000000 0.523663
1341.000000 0.235714
1342.000000 0.412788
1343.000000 0.024054
1344.000000 0.075941
1345.000000 0.094728
1346.000000 0.170822
1347.000000 0.103022
1348.000000 0.274160
1349.000000 0.210902
1350.000000 0.324822
1351.000000 0.220708
1352.000000 0.460161
1353.000000 0.205111
1354.000000 0.410137
1355.000000 0.160185
1356.000000 0.136840
1357.000000 0.221994
1358.000000 0.152002
1359.000000 0.308757
1360.000000 0.385908
1361.000000 0.249851
1362.000000 0.288928
1363.000000 0.128068
1364.000000 0.325126
1365.000000 0.072115
1366.000000 0.405367
1367.000000 0.272658
1368.000000 0.080447
1369.000000 0.464811
1370.000000 0.228664
1371.000000 0.222963
1372.000000 0.053918
1373.000000 0.407515
1374.000000 0.419158
1375.000000 0.265040
1376.000000 0.160851
1377.000000 0.270735
1378.000000 0.391601
1379.000000 0.261805
1380.000000 0.179358
1381.000000 0.286076
1382.000000 0.339622
1383.000000 0.182155
1384.000000 0.339711
1385.000000 0.164862
1386.000000 0.124102
1387.000000 0.138429
1388.000000 0.121120
1389.000000 0.279485
1390.000000 0.161017
1391.000000 0.172789
1392.000000 0.107837
1393.000000 0.116804
1394.000000 0.085266
1395.000000 0.196952
1396.000000 0.051530
1397.000000 0.610749
1398.000000 0.314176
1399.000000 0.206331
1400.000000 0.170982
1401.000000 0.280260
1402.000000 0.354113
1403.000000 0.586370
1404.000000 0.156609
1405.000000 0.159997
1406.000000 0.296987
1407.000000 0.156757
1408.000000 0.521250
1409.000000 0.256800
1410.000000 0.189488
1411.000000 0.200443
1412.000000 0.185230
1413.000000 0.250255
1414.000000 0.121937
1415.000000 0.027310
1416.000000 0.233009
1417.000000 0.211177
1418.000000 0.368697
1419.000000 0.276777
1420.000000 0.106494
1421.000000 0.296302
1422.000000 0.125905
1423.000000 0.156944
1424.000000 0.197869
1425.000000 0.166503
1426.000000 0.258298
1427.000000 0.218432
1428.000000 0.298040
1429.000000 0.258147
1430.000000 0.146657
1431.000000 0.318282
1432.000000 0.228483
1433.000000 0.257042
1434.000000 0.136288
1435.000000 0.406568
1436.000000 0.209319
1437.000000 0.050154
1438.000000 0.117077
1439.000000 0.164774
1440.000000 0.125037
1441.000000 0.182658
1442.000000 0.122775
1443.000000 0.195525
1444.000000 0.133673
1445.000000 0.190941
1446.000000 0.261771
1447.000000 0.373061
1448.000000 0.404307
1449.000000 0.141697
1450.000000 0.053359
1451.000000 0.220634
1452.000000 0.321801
1453.000000 0.634945
1454.000000 0.147889
1455.000000 0.361732
1456.000000 0.187395
1457.000000 0.295975
1458.000000 0.366800
1459.000000 0.133487
1460.000000 0.065176
1461.000000 0.113418
1462.000000 0.321394
1463.000000 0.098226
1464.000000 0.066035
1465.000000 0.210241
1466.000000 0.272849
1467.000000 0.218976
1468.000000 0.152550
1469.000000 0.256352
1470.000000 0.202848
1471.000000 0.097945
1472.000000 0.223247
1473.000000 0.080648
1474.000000 0.458702
1475.000000 0.139570
1476.000000 0.346952
1477.000000 0.120223
1478.000000 0.129920
1479.000000 0.045252
1480.000000 0.143404
1481.000000 0.423711
1482.000000 0.262877
1483.000000 0.325858
1484.000000 0.198934
1485.000000 0.190001
1486.000000 0.055394
1487.000000 0.327571
1488.000000 0.387215
1489.000000 0.148889
1490.000000 0.143672
1491.000000 0.318272
1492.000000 0.140987
1493.000000 0.208462
1494.000000 0.307333
1495.000000 0.302344
1496.000000 0.227629
1497.000000 0.337984
1498.000000 0.474031
1499.000000 0.017136
1500.000000 0.123059
1501.000000 0.296993
1502.000000 0.125203
1503.000000 0.244366
1504.000000 0.228569
1505.000000 0.151025
1506.000000 0.174535
1507.000000 0.138707
1508.000000 0.529189
1509.000000 0.227506
1510.000000 0.292651
1511.000000 0.185014
1512.000000 0.333814
1513.000000 0.387953
1514.000000 0.192744
1515.000000 0.361413
1516.000000 0.170009
1517.000000 0.161871
1518.000000 0.386550
1519.000000 0.177086
1520.000000 0.211534
1521.000000 0.292244
1522.000000 0.247371
1523.000000 0.142874
1524.000000 0.029035
1525.000000 0.046876
1526.000000 0.141297
1527.000000 0.238880
1528.000000 0.204149
1529.000000 0.136168
1530.000000 0.446749
1531.000000 0.311097
1532.000000 0.130874
1533.000000 0.026769
1534.000000 0.325945
1535.000000 0.279172
1536.000000 0.026262
1537.000000 0.333829
1538.000000 0.028658
1539.000000 0.168055
1540.000000 0.137694
1541.000000 0.276215
1542.000000 0.143831
1543.000000 0.260556
1544.000000 0.064935
1545.000000 0.146376
1546.000000 0.077978
1547.000000 0.209970
1548.000000 0.048206
1549.000000 0.142630
1550.000000 0.237037
1551.000000 0.271903
1552.000000 0.254693
1553.000000 0.337430
1554.000000 0.221472
1555.000000 0.143141
1556.000000 0.141057
1557.000000 0.573930
1558.000000 0.232267
1559.000000 0.291845
1560.000000 0.319859
1561.000000 0.174541
1562.000000 0.066458
1563.000000 0.137902
1564.000000 0.262651
1565.000000 0.188522
1566.000000 0.349258
1567.000000 0.067733
1568.000000 0.356145
1569.000000 0.215837
1570.000000 0.068481
1571.000000 0.020603
1572.000000 0.098521
1573.000000 0.245669
1574.000000 0.170044
1575.000000 0.267812
1576.000000 0.244984
1577.000000 0.105422
1578.000000 0.315511
1579.000000 0.132108
1580.000000 0.105293
1581.000000 0.403164
1582.000000 0.165325
1583.000000 0.293813
1584.000000 0.121970
1585.000000 0.218288
1586.000000 0.120167
1587.000000 0.110157
1588.000000 0.235295
1589.000000 0.036879
1590.000000 0.289807
1591.000000 0.223590
1592.000000 0.087466
1593.000000 0.188537
1594.000000 0.252699
1595.000000 0.346505
1596.000000 0.142094
1597.000000 0.273105
1598.000000 0.201561
1599.000000 0.398872
1600.000000 0.039347
1601.000000 0.109069
1602.000000 0.459255
1603.000000 0.141626
1604.000000 0.177646
1605.000000 0.110828
1606.000000 0.226710
1607.000000 0.251641
1608.000000 0.092532
1609.000000 0.241334
1610.000000 0.410809
1611.000000 0.576856
1612.000000 0.256665
1613.000000 0.594531
1614.000000 0.421283
1615.000000 0.153537
1616.000000 0.164992
1617.000000 0.483455
1618.000000 0.419182
1619.000000 0.283563
1620.000000 0.259175
1621.000000 0.303462
1622.000000 0.330384
1623.000000 0.040630
1624.000000 0.073539
1625.000000 0.148340
1626.000000 0.052371
1627.000000 0.276882
1628.000000 0.153642
1629.000000 0.057197
1630.000000 0.057298
1631.000000 0.209155
1632.000000 0.192035
1633.000000 0.414926
1634.000000 0.155933
1635.000000 0.356891
1636.000000 0.148006
1637.000000 0.235425
1638.000000 0.180731
1639.000000 0.264002
1640.000000 0.124810
1641.000000 0.360263
1642.000000 0.348409
1643.000000 0.380642
1644.000000 0.160332
1645.000000 0.365630
1646.000000 0.147664
1647.000000 0.170722
1648.000000 0.158500
1649.000000 0.219465
1650.000000 0.340231
1651.000000 0.236623
1652.000000 0.255446
1653.000000 0.480927
1654.000000 0.374305
1655.000000 0.280482
1656.000000 0.259094
1657.000000 0.106850
1658.000000 0.162382
1659.000000 0.504494
1660.000000 0.367775
1661.000000 0.129214
1662.000000 0.255625
1663.000000 0.261386
1664.000000 0.142300
1665.000000 0.189687
1666.000000 0.341524
1667.000000 0.310510
1668.000000 0.024655
1669.000000 0.182938
1670.000000 0.249925
1671.000000 0.169735
1672.000000 0.162847
1673.000000 0.083044
1674.000000 0.199309
1675.000000 0.041473
1676.000000 0.131319
1677.000000 0.410617
1678.000000 0.270187
1679.000000 0.299910
1680.000000 0.114570
1681.000000 0.179845
1682.000000 0.270464
1683.000000 0.319354
1684.000000 0.218760
1685.000000 0.217407
1686.000000 0.055183
1687.000000 0.245549
1688.000000 0.604254
1689.000000 0.083969
1690.000000 0.146589
1691.000000 0.359295
1692.000000 0.166703
1693.000000 0.294645
1694.000000 0.232478
1695.000000 0.147991
1696.000000 0.172495
1697.000000 0.258074
1698.000000 0.194517
1699.000000 0.413300
1700.000000 0.374690
1701.000000 0.116620
1702.000000 0.226089
1703.000000 0.332585
1704.000000 0.267886
1705.000000 0.013378
1706.000000 0.410133
1707.000000 0.307856
1708.000000 0.398785
1709.000000 0.103433
1710.000000 0.457143
1711.000000 0.285803
1712.000000 0.129976
1713.000000 0.223972
1714.000000 0.409871
1715.000000 0.123040
1716.000000 0.077758
1717.000000 0.335487
1718.000000 0.106872
1719.000000 0.592340
1720.000000 0.379653
1721.000000 0.326344
1722.000000 0.296751
1723.000000 0.178945
1724.000000 0.148938
1725.000000 0.076747
1726.000000 0.540077
1727.000000 0.288985
1728.000000 0.278671
1729.000000 0.077926
1730.000000 0.045265
1731.000000 0.319164
1732.000000 0.274892
1733.000000 0.150647
1734.000000 0.457079
1735.000000 0.145476
1736.000000 0.181666
1737.000000 0.253084
1738.000000 0.170502
1739.000000 0.370764
1740.000000 0.348137
1741.000000 0.365909
1742.000000 0.156914
1743.000000 0.292331
1744.000000 0.114534
1745.000000 0.392568
1746.000000 0.116553
1747.000000 0.252738
1748.000000 0.062494
1749.000000 0.430885
1750.000000 0.190696
1751.000000 0.231333
1752.000000 0.412598
1753.000000 0.031161
1754.000000 0.211668
1755.000000 0.313046
1756.000000 0.166072
1757.000000 0.264038
1758.000000 0.162626
1759.000000 0.196534
1760.000000 0.102461
1761.000000 0.199239
1762.000000 0.408344
1763.000000 0.199217
1764.000000 0.355044
1765.000000 0.365581
1766.000000 0.536900
1767.000000 0.153500
1768.000000 0.420100
1769.000000 0.274577
1770.000000 0.289286
1771.000000 0.158340
1772.000000 0.228671
1773.000000 0.206000
1774.000000 0.418312
1775.000000 0.179572
1776.000000 0.331938
1777.000000 0.173848
1778.000000 0.208828
1779.000000 0.372941
1780.000000 0.418487
1781.000000 0.167827
1782.000000 0.287768
1783.000000 0.156398
1784.000000 0.174159
1785.000000 0.060596
1786.000000 0.160047
1787.000000 0.465073
1788.000000 0.290819
1789.000000 0.367436
1790.000000 0.268629
1791.000000 0.415677
1792.000000 0.128881
1793.000000 0.238692
1794.000000 0.384905
1795.000000 0.122946
1796.000000 0.121211
1797.000000 0.079732
1798.000000 0.403245
1799.000000 0.101825
1800.000000 0.073776
1801.000000 0.101957
1802.000000 0.226741
1803.000000 0.203045
1804.000000 0.299770
1805.000000 0.251742
1806.000000 0.280441
1807.000000 0.117137
1808.000000 0.213088
1809.000000 0.180707
1810.000000 0.265652
1811.000000 0.417277
1812.000000 0.066120
1813.000000 0.094287
1814.000000 0.330884
1815.000000 0.213530
1816.000000 0.417408
1817.000000 0.193653
1818.000000 0.111642
1819.000000 0.084692
1820.000000 0.154752
1821.000000 0.409503
1822.000000 0.077417
1823.000000 0.291015
1824.000000 0.395354
1825.000000 0.329536
1826.000000 0.113760
1827.000000 0.035030
1828.000000 0.257299
1829.000000 0.180407
1830.000000 0.253113
1831.000000 0.207863
1832.000000 0.424017
1833.000000 0.244988
1834.000000 0.301616
1835.000000 0.266356
1836.000000 0.213485
1837.000000 0.197423
1838.000000 0.214465
1839.000000 0.147053
1840.000000 0.199699
1841.000000 0.094981
1842.000000 0.233051
1843.000000 0.140063
1844.000000 0.217420
1845.000000 0.120671
1846.000000 0.458397
1847.000000 0.039746
1848.000000 0.121311
1849.000000 0.302366
1850.000000 0.343057
1851.000000 0.200590
1852.000000 0.153308
1853.000000 0.472766
1854.000000 0.234519
1855.000000 0.234486
1856.000000 0.173422
1857.000000 0.113763
1858.000000 0.303904
1859.000000 0.154511
1860.000000 0.069196
1861.000000 0.314914
1862.000000 0.192777
1863.000000 0.214265
1864.000000 0.094993
1865.000000 0.199124
1866.000000 0.376741
1867.000000 0.062497
1868.000000 0.214624
1869.000000 0.357070
1870.000000 0.189413
1871.000000 0.279776
1872.000000 0.161485
1873.000000 0.293055
1874.000000 0.126678
1875.000000 0.066797
1876.000000 0.192668
1877.000000 0.169906
1878.000000 0.240030
1879.000000 0.203886
1880.000000 0.032113
1881.000000 0.222172
1882.000000 0.170306
1883.000000 0.263492
1884.000000 0.188219
1885.000000 0.051079
1886.000000 0.061725
1887.000000 0.415040
1888.000000 0.270918
1889.000000 0.429790
1890.000000 0.366644
1891.000000 0.194904
1892.000000 0.356290
1893.000000 0.104003
1894.000000 0.087178
1895.000000 0.161059
1896.000000 0.061284
1897.000000 0.241707
1898.000000 0.135585
1899.000000 0.276781
1900.000000 0.026478
1901.000000 0.485215
1902.000000 0.210771
1903.000000 0.377926
1904.000000 0.236363
1905.000000 0.102057
1906.000000 0.191392
1907.000000 0.227482
1908.000000 0.221119
1909.000000 0.204883
1910.000000 0.234596
1911.000000 0.431196
1912.000000 0.122051
1913.000000 0.136634
1914.000000 0.106299
1915.000000 0.048942
1916.000000 0.034156
1917.000000 0.161688
1918.000000 0.276293
1919.000000 0.387973
1920.000000 0.069032
1921.000000 0.152151
1922.000000 0.200632
1923.000000 0.253068
1924.000000 0.169267
1925.000000 0.153900
1926.000000 0.136337
1927.000000 0.221653
1928.000000 0.272534
1929.000000 0.267683
1930.000000 0.061315
1931.000000 0.193012
1932.000000 0.228378
1933.000000 0.342531
1934.000000 0.074281
1935.000000 0.105753
1936.000000 0.227588
1937.000000 0.176578
1938.000000 0.195814
1939.000000 0.122598
1940.000000 0.177471
1941.000000 0.215429
1942.000000 0.265189
1943.000000 0.254010
1944.000000 0.326276
1945.000000 0.317867
1946.000000 0.221230
1947.000000 0.287967
1948.000000 0.108164
1949.000000 0.349737
1950.000000 0.252933
1951.000000 0.377774
1952.000000 0.372674
1953.000000 0.343627
1954.000000 0.084238
1955.000000 0.345786
1956.000000 0.326165
1957.000000 0.360227
1958.000000 0.126806
1959.000000 0.236917
1960.000000 0.202662
1961.000000 0.068375
1962.000000 0.084559
1963.000000 0.153526
1964.000000 0.200950
1965.000000 0.046344
1966.000000 0.176191
1967.000000 0.313638
1968.000000 0.265805
1969.000000 0.229313
1970.000000 0.232204
1971.000000 0.191151
1972.000000 0.236046
1973.000000 0.119818
1974.000000 0.056191
1975.000000 0.164625
1976.000000 0.066430
1977.000000 0.208068
1978.000000 0.251648
1979.000000 0.343617
1980.000000 0.272408
1981.000000 0.081360
1982.000000 0.246126
1983.000000 0.326836
1984.000000 0.179067
1985.000000 0.199216
1986.000000 0.290675
1987.000000 0.387573
1988.000000 0.130734
1989.000000 0.049726
1990.000000 0.379224
1991.000000 0.196088
1992.000000 0.168625
1993.000000 0.221781
1994.000000 0.090025
1995.000000 0.082863
1996.000000 0.234417
1997.000000 0.162531
1998.000000 0.263693
1999.000000 0.265545
2000.000000 0.082647
2001.000000 0.154202
2002.000000 0.261804
2003.000000 0.266050
2004.000000 0.148760
2005.000000 0.188125
2006.000000 0.158655
2007.000000 0.175915
2008.000000 0.279743
2009.000000 0.136869
2010.000000 0.487806
2011.000000 0.042602
2012.000000 0.301752
2013.000000 0.295455
2014.000000 0.118977
2015.000000 0.185175
2016.000000 0.365289
2017.000000 0.246827
2018.000000 0.224618
2019.000000 0.453525
2020.000000 0.321125
2021.000000 0.283789
2022.000000 0.147027
2023.000000 0.413987
2024.000000 0.139962
2025.000000 0.124482
2026.000000 0.446993
2027.000000 0.193533
2028.000000 0.490594
2029.000000 0.467673
2030.000000 0.125173
2031.000000 0.401119
2032.000000 0.124789
2033.000000 0.072272
2034.000000 0.062179
2035.000000 0.285645
2036.000000 0.162315
2037.000000 0.102884
2038.000000 0.255206
2039.000000 0.096833
2040.000000 0.363966
2041.000000 0.285003
2042.000000 0.237324
2043.000000 0.433753
2044.000000 0.106035
2045.000000 0.257874
2046.000000 0.313737
2047.000000 0.192862
2048.000000 0.158456
2049.000000 0.176746
2050.000000 0.212718
2051.000000 0.115952
2052.000000 0.032655
2053.000000 0.619567
2054.000000 0.149537
2055.000000 0.093415
2056.000000 0.055355
2057.000000 0.325683
2058.000000 0.315777
2059.000000 0.095423
2060.000000 0.056165
2061.000000 0.190481
2062.000000 0.221246
2063.000000 0.139814
2064.000000 0.188030
2065.000000 0.183227
2066.000000 0.072792
2067.000000 0.217835
2068.000000 0.174513
2069.000000 0.329444
2070.000000 0.177141
2071.000000 0.165880
2072.000000 0.213636
2073.000000 0.175324
2074.000000 0.092931
2075.000000 0.339873
2076.000000 0.154528
2077.000000 0.326291
2078.000000 0.037004
2079.000000 0.221471
2080.000000 0.158882
2081.000000 0.238816
2082.000000 0.296976
2083.000000 0.368131
2084.000000 0.267942
2085.000000 0.317705
2086.000000 0.347124
2087.000000 0.047663
2088.000000 0.276259
2089.000000 0.397096
2090.000000 0.179227
2091.000000 0.197061
2092.000000 0.112195
2093.000000 0.290306
2094.000000 0.165554
2095.000000 0.119889
2096.000000 0.230268
2097.000000 0.229806
2098.000000 0.230342
2099.000000 0.232408
2100.000000 0.017687
2101.000000 0.269041
2102.000000 0.317952
2103.000000 0.157444
2104.000000 0.231436
2105.000000 0.256477
2106.000000 0.097159
2107.000000 0.350801
2108.000000 0.185166
2109.000000 0.219193
2110.000000 0.196453
2111.000000 0.061529
2112.000000 0.053731
2113.000000 0.104057
2114.000000 0.140793
2115.000000 0.149367
2116.000000 0.016311
2117.000000 0.116302
2118.000000 0.219790
2119.000000 0.389397
2120.000000 0.121574
2121.000000 0.151348
2122.000000 0.171096
2123.000000 0.290427
2124.000000 0.114449
2125.000000 0.201861
2126.000000 0.332672
2127.000000 0.307608
2128.000000 0.273803
2129.000000 0.360040
2130.000000 0.265158
2131.000000 0.256248
2132.000000 0.298845
2133.000000 0.301649
2134.000000 0.162552
2135.000000 0.173141
2136.000000 0.538354
2137.000000 0.402046
2138.000000 0.240566
2139.000000 0.152352
2140.000000 0.037345
2141.000000 0.267237
2142.000000 0.064371
2143.000000 0.183488
2144.000000 0.250743
2145.000000 0.238943
2146.000000 0.373489
2147.000000 0.421323
2148.000000 0.325321
2149.000000 0.210696
2150.000000 0.234336
2151.000000 0.581127
2152.000000 0.367562
2153.000000 0.091910
2154.000000 0.142883
2155.000000 0.215971
2156.000000 0.106722
2157.000000 0.452913
2158.000000 0.108761
2159.000000 0.340903
2160.000000 0.473503
2161.000000 0.493332
2162.000000 0.093642
2163.000000 0.447244
2164.000000 0.532437
2165.000000 0.096116
2166.000000 0.231871
2167.000000 0.272948
2168.000000 0.241500
2169.000000 0.206560
2170.000000 0.075445
2171.000000 0.077549
2172.000000 0.496654
2173.000000 0.112591
2174.000000 0.130715
2175.000000 0.256828
2176.000000 0.160537
2177.000000 0.225978
2178.000000 0.182044
2179.000000 0.353927
2180.000000 0.130740
2181.000000 0.271932
2182.000000 0.244461
2183.000000 0.169409
2184.000000 0.148939
2185.000000 0.213601
2186.000000 0.594105
2187.000000 0.445070
2188.000000 0.152813
2189.000000 0.076704
2190.000000 0.465242
2191.000000 0.608637
2192.000000 0.375961
2193.000000 0.164783
2194.000000 0.150229
2195.000000 0.213464
2196.000000 0.305886
2197.000000 0.065426
2198.000000 0.190821
2199.000000 0.383800
2200.000000 0.201667
2201.000000 0.256856
2202.000000 0.146690
2203.000000 0.170640
2204.000000 0.175968
2205.000000 0.363480
2206.000000 0.109239
2207.000000 0.279928
2208.000000 0.115077
2209.000000 0.256731
2210.000000 0.241604
2211.000000 0.246924
2212.000000 0.113932
2213.000000 0.172291
2214.000000 0.140728
2215.000000 0.257325
2216.000000 0.111292
2217.000000 0.097520
2218.000000 0.187650
2219.000000 0.217361
2220.000000 0.195332
2221.000000 0.086341
2222.000000 0.314031
2223.000000 0.497992
2224.000000 0.091479
2225.000000 0.598694
2226.000000 0.308714
2227.000000 0.275204
2228.000000 0.416509
2229.000000 0.235092
2230.000000 0.221614
2231.000000 0.178867
2232.000000 0.061457
2233.000000 0.216402
2234.000000 0.244712
2235.000000 0.063900
2236.000000 0.211413
2237.000000 0.106095
2238.000000 0.110251
2239.000000 0.099042
2240.000000 0.219399
2241.000000 0.076978
2242.000000 0.310991
2243.000000 0.102794
2244.000000 0.100915
2245.000000 0.218027
2246.000000 0.158862
2247.000000 0.451429
2248.000000 0.162894
2249.000000 0.359391
2250.000000 0.503415
2251.000000 0.125430
2252.000000 0.199998
2253.000000 0.205440
2254.000000 0.071442
2255.000000 0.309052
2256.000000 0.102183
2257.000000 0.177543
2258.000000 0.454803
2259.000000 0.170099
2260.000000 0.225673
2261.000000 0.122364
2262.000000 0.098754
2263.000000 0.322371
2264.000000 0.031996
2265.000000 0.225533
2266.000000 0.367554
2267.000000 0.046886
2268.000000 0.186727
2269.000000 0.396207
2270.000000 0.106029
2271.000000 0.194380
2272.000000 0.234822
2273.000000 0.143164
2274.000000 0.187649
2275.000000 0.138434
2276.000000 0.096788
2277.000000 0.085223
2278.000000 0.104796
2279.000000 0.071215
2280.000000 0.330844
2281.000000 0.033752
2282.000000 0.245962
2283.000000 0.204614
2284.000000 0.071910
2285.000000 0.169126
2286.000000 0.202040
2287.000000 0.067490
2288.000000 0.166946
2289.000000 0.499277
2290.000000 0.234153
2291.000000 0.128619
2292.000000 0.408941
2293.000000 0.219546
2294.000000 0.408112
2295.000000 0.053284
2296.000000 0.013015
2297.000000 0.239099
2298.000000 0.274749
2299.000000 0.361106
2300.000000 0.214028
2301.000000 0.218235
2302.000000 0.313733
2303.000000 0.228401
2304.000000 0.280135
2305.000000 0.148802
2306.000000 0.267445
2307.000000 0.375987
2308.000000 0.288106
2309.000000 0.414362
2310.000000 0.266050
2311.000000 0.162129
2312.000000 0.199697
2313.000000 0.125311
2314.000000 0.100560
2315.000000 0.112226
2316.000000 0.343470
2317.000000 0.299589
2318.000000 0.094380
2319.000000 0.034355
2320.000000 0.419377
2321.000000 0.293047
2322.000000 0.555554
2323.000000 0.085810
2324.000000 0.341674
2325.000000 0.059395
2326.000000 0.564233
2327.000000 0.264747
2328.000000 0.155027
2329.000000 0.258311
2330.000000 0.399415
2331.000000 0.119789
2332.000000 0.209760
2333.000000 0.224808
2334.000000 0.544119
2335.000000 0.287458
2336.000000 0.277225
2337.000000 0.191672
2338.000000 0.323171
2339.000000 0.131169
2340.000000 0.124994
2341.000000 0.293221
2342.000000 0.191159
2343.000000 0.089621
2344.000000 0.219485
2345.000000 0.326229
2346.000000 0.047088
2347.000000 0.049541
2348.000000 0.514744
2349.000000 0.453599
2350.000000 0.439115
2351.000000 0.332814
2352.000000 0.398479
2353.000000 0.247132
2354.000000 0.137580
2355.000000 0.163915
2356.000000 0.178687
2357.000000 0.133846
2358.000000 0.244184
2359.000000 0.315732
2360.000000 0.135032
2361.000000 0.369800
2362.000000 0.156095
2363.000000 0.098855
2364.000000 0.206970
2365.000000 0.162005
2366.000000 0.155856
2367.000000 0.371375
2368.000000 0.243020
2369.000000 0.327152
2370.000000 0.162198
2371.000000 0.227253
2372.000000 0.105456
2373.000000 0.383774
2374.000000 0.488711
2375.000000 0.389064
2376.000000 0.512377
2377.000000 0.160219
2378.000000 0.126936
2379.000000 0.082666
2380.000000 0.275130
2381.000000 0.251780
2382.000000 0.340070
2383.000000 0.106277
2384.000000 0.243115
2385.000000 0.030248
2386.000000 0.105187
2387.000000 0.311621
2388.000000 0.309054
2389.000000 0.029259
2390.000000 0.171162
2391.000000 0.165752
2392.000000 0.322219
2393.000000 0.350477
2394.000000 0.149280
2395.000000 0.225548
2396.000000 0.207883
2397.000000 0.109500
2398.000000 0.242836
2399.000000 0.337337
2400.000000 0.341578
2401.000000 0.309042
2402.000000 0.360314
2403.000000 0.095643
2404.000000 0.063016
2405.000000 0.239730
2406.000000 0.297912
2407.000000 0.563009
2408.000000 0.109903
2409.000000 0.333702
2410.000000 0.083907
2411.000000 0.362390
2412.000000 0.080379
2413.000000 0.454669
2414.000000 0.371244
2415.000000 0.234819
2416.000000 0.244800
2417.000000 0.073822
2418.000000 0.168947
2419.000000 0.168571
2420.000000 0.243349
2421.000000 0.229581
2422.000000 0.176375
2423.000000 0.322647
2424.000000 0.267411
2425.000000 0.253073
2426.000000 0.319938
2427.000000 0.388834
2428.000000 0.368054
2429.000000 0.299446
2430.000000 0.194600
2431.000000 0.259401
2432.000000 0.350391
2433.000000 0.175140
2434.000000 0.381898
2435.000000 0.411329
2436.000000 0.174393
2437.000000 0.371063
2438.000000 0.238308
2439.000000 0.044664
2440.000000 0.323618
2441.000000 0.258582
2442.000000 0.268630
2443.000000 0.230611
2444.000000 0.183519
2445.000000 0.352231
2446.000000 0.349158
2447.000000 0.308046
2448.000000 0.452937
2449.000000 0.196429
2450.000000 0.317129
2451.000000 0.350475
2452.000000 0.067925
2453.000000 0.053042
2454.000000 0.025959
2455.000000 0.362777
2456.000000 0.205866
2457.000000 0.234064
2458.000000 0.161564
2459.000000 0.141768
2460.000000 0.135950
2461.000000 0.172872
2462.000000 0.206838
2463.000000 0.193953
2464.000000 0.419213
2465.000000 0.064258
2466.000000 0.223953
2467.000000 0.450593
2468.000000 0.257482
2469.000000 0.046265
2470.000000 0.216365
2471.000000 0.309751
2472.000000 0.216799
2473.000000 0.400178
2474.000000 0.630387
2475.000000 0.238013
2476.000000 0.262764
2477.000000 0.239655
2478.000000 0.046804
2479.000000 0.225698
2480.000000 0.205523
2481.000000 0.135858
2482.000000 0.115077
2483.000000 0.166681
2484.000000 0.002432
2485.000000 0.380775
2486.000000 0.070754
2487.000000 0.213572
2488.000000 0.134040
2489.000000 0.151958
2490.000000 0.073034
2491.000000 0.214075
2492.000000 0.375269
2493.000000 0.097500
2494.000000 0.189054
2495.000000 0.225747
2496.000000 0.386771
2497.000000 0.113685
2498.000000 0.267807
2499.000000 0.358743
2500.000000 0.543332
2501.000000 0.114465
2502.000000 0.258646
2503.000000 0.182735
2504.000000 0.115537
2505.000000 0.131003
2506.000000 0.285856
2507.000000 0.276324
2508.000000 0.128850
2509.000000 0.219570
2510.000000 0.332055
2511.000000 0.193462
2512.000000 0.386724
2513.000000 0.453379
2514.000000 0.167801
2515.000000 0.204071
2516.000000 0.096749
2517.000000 0.181296
2518.000000 0.039159
2519.000000 0.291952
2520.000000 0.103195
2521.000000 0.333956
2522.000000 0.195222
2523.000000 0.245271
2524.000000 0.389916
2525.000000 0.119430
2526.000000 0.044978
2527.000000 0.157726
2528.000000 0.248796
2529.000000 0.558690
2530.000000 0.409635
2531.000000 0.203402
2532.000000 0.269591
2533.000000 0.202193
2534.000000 0.055092
2535.000000 0.075304
2536.000000 0.103317
2537.000000 0.461915
2538.000000 0.433383
2539.000000 0.107774
2540.000000 0.242078
2541.000000 0.315338
2542.000000 0.144209
2543.000000 0.145848
2544.000000 0.146263
2545.000000 0.128442
2546.000000 0.252667
2547.000000 0.254720
2548.000000 0.167845
2549.000000 0.287473
2550.000000 0.202491
2551.000000 0.056647
2552.000000 0.184879
2553.000000 0.309333
2554.000000 0.308696
2555.000000 0.264415
2556.000000 0.308116
2557.000000 0.167175
2558.000000 0.258045
2559.000000 0.112678
2560.000000 0.061970
2561.000000 0.358034
2562.000000 0.151929
2563.000000 0.278062
2564.000000 0.046945
2565.000000 0.395442
2566.000000 0.109603
2567.000000 0.200760
2568.000000 0.272212
2569.000000 0.374033
2570.000000 0.089984
2571.000000 0.320659
2572.000000 0.267547
2573.000000 0.285311
2574.000000 0.269608
2575.000000 0.392465
2576.000000 0.228948
2577.000000 0.270082
2578.000000 0.181631
2579.000000 0.333846
2580.000000 0.317914
2581.000000 0.479903
2582.000000 0.417551
2583.000000 0.234750
2584.000000 0.160535
2585.000000 0.216789
2586.000000 0.244585
2587.000000 0.378759
2588.000000 0.165935
2589.000000 0.078786
2590.000000 0.349079
2591.000000 0.106182
2592.000000 0.081904
2593.000000 0.078956
2594.000000 0.171050
2595.000000 0.117838
2596.000000 0.282386
2597.000000 0.146085
2598.000000 0.362680
2599.000000 0.208281
2600.000000 0.097286
2601.000000 0.130129
2602.000000 0.245815
2603.000000 0.307238
2604.000000 0.167058
2605.000000 0.337665
2606.000000 0.186894
2607.000000 0.272739
2608.000000 0.110858
2609.000000 0.229547
2610.000000 0.482616
2611.000000 0.320797
2612.000000 0.116333
2613.000000 0.379450
2614.000000 0.057461
2615.000000 0.229533
2616.000000 0.512450
2617.000000 0.098118
2618.000000 0.378236
2619.000000 0.291013
2620.000000 0.188571
2621.000000 0.103685
2622.000000 0.240934
2623.000000 0.172951
2624.000000 0.323460
2625.000000 0.448353
2626.000000 0.266254
2627.000000 0.237701
2628.000000 0.398790
2629.000000 0.334940
2630.000000 0.174627
2631.000000 0.342939
2632.000000 0.173590
2633.000000 0.191018
2634.000000 0.140580
2635.000000 0.201471
2636.000000 0.391627
2637.000000 0.524186
2638.000000 0.519468
2639.000000 0.401089
2640.000000 0.200756
2641.000000 0.100128
2642.000000 0.083107
2643.000000 0.144920
2644.000000 0.111723
2645.000000 0.408925
2646.000000 0.203503
2647.000000 0.501527
2648.000000 0.083953
2649.000000 0.117211
2650.000000 0.503582
2651.000000 0.371319
2652.000000 0.269511
2653.000000 0.452099
2654.000000 0.206052
2655.000000 0.291037
2656.000000 0.312193
2657.000000 0.120261
2658.000000 0.091909
2659.000000 0.264939
2660.000000 0.225159
2661.000000 0.206442
2662.000000 0.022651
2663.000000 0.141599
2664.000000 0.304180
2665.000000 0.183476
2666.000000 0.049476
2667.000000 0.133301
2668.000000 0.137711
2669.000000 0.178014
2670.000000 0.248734
2671.000000 0.142121
2672.000000 0.315510
2673.000000 0.204572
2674.000000 0.263000
2675.000000 0.198014
2676.000000 0.067904
2677.000000 0.305268
2678.000000 0.289417
2679.000000 0.093378
2680.000000 0.225803
2681.000000 0.073980
2682.000000 0.069512
2683.000000 0.098551
2684.000000 0.271836
2685.000000 0.216535
2686.000000 0.231107
2687.000000 0.074015
2688.000000 0.284080
2689.000000 0.106738
2690.000000 0.128735
2691.000000 0.402485
2692.000000 0.120399
2693.000000 0.207231
2694.000000 0.199039
2695.000000 0.115853
2696.000000 0.116322
2697.000000 0.175999
2698.000000 0.088073
2699.000000 0.282287
2700.000000 0.068930
2701.000000 0.085532
2702.000000 0.600542
2703.000000 0.171852
2704.000000 0.438281
2705.000000 0.172854
2706.000000 0.046880
2707.000000 0.294297
2708.000000 0.277662
2709.000000 0.207879
2710.000000 0.150173
2711.000000 0.130732
2712.000000 0.097634
2713.000000 0.128283
2714.000000 0.425236
2715.000000 0.173940
2716.000000 0.303817
2717.000000 0.374217
2718.000000 0.140416
2719.000000 0.233668
2720.000000 0.077365
2721.000000 0.221642
2722.000000 0.146010
2723.000000 0.166819
2724.000000 0.255390
2725.000000 0.388814
2726.000000 0.160528
2727.000000 0.248813
2728.000000 0.262387
2729.000000 0.195187
2730.000000 0.155074
2731.000000 0.203754
2732.000000 0.244663
2733.000000 0.396118
2734.000000 0.336347
2735.000000 0.373216
2736.000000 0.541765
2737.000000 0.114141
2738.000000 0.445077
2739.000000 0.270869
2740.000000 0.384732
2741.000000 0.285041
2742.000000 0.194697
2743.000000 0.386044
2744.000000 0.278800
2745.000000 0.119878
2746.000000 0.231754
2747.000000 0.292901
2748.000000 0.305503
2749.000000 0.075645
2750.000000 0.317155
2751.000000 0.224081
2752.000000 0.259634
2753.000000 0.341224
2754.000000 0.324195
2755.000000 0.329067
2756.000000 0.321905
2757.000000 0.196768
2758.000000 0.499223
2759.000000 0.237638
2760.000000 0.267132
2761.000000 0.225211
2762.000000 0.114228
2763.000000 0.256924
2764.000000 0.369106
2765.000000 0.226330
2766.000000 0.134217
2767.000000 0.222693
2768.000000 0.172425
2769.000000 0.276357
2770.000000 0.423679
2771.000000 0.281194
2772.000000 0.123829
2773.000000 0.295087
2774.000000 0.308167
2775.000000 0.263407
2776.000000 0.102989
2777.000000 0.080154
2778.000000 0.524591
2779.000000 0.113834
2780.000000 0.091561
2781.000000 0.343032
2782.000000 0.285568
2783.000000 0.112369
2784.000000 0.521398
2785.000000 0.330996
2786.000000 0.117186
2787.000000 0.084362
2788.000000 0.479668
2789.000000 0.320947
2790.000000 0.219750
2791.000000 0.167297
2792.000000 0.033533
2793.000000 0.110138
2794.000000 0.136226
2795.000000 0.137256
2796.000000 0.000922
2797.000000 0.201084
2798.000000 0.159001
2799.000000 0.081831
2800.000000 0.231922
2801.000000 0.141709
2802.000000 0.407904
2803.000000 0.083032
2804.000000 0.203284
2805.000000 0.048499
2806.000000 0.089806
2807.000000 0.128280
2808.000000 0.128787
2809.000000 0.143629
2810.000000 0.240514
2811.000000 0.303836
2812.000000 0.285759
2813.000000 0.212131
2814.000000 0.225647
2815.000000 0.135921
2816.000000 0.438572
2817.000000 0.286947
2818.000000 0.160029
2819.000000 0.110208
2820.000000 0.199059
2821.000000 0.333172
2822.000000 0.168595
2823.000000 0.215114
2824.000000 0.298199
2825.000000 0.220016
2826.000000 0.196352
2827.000000 0.106259
2828.000000 0.494856
2829.000000 0.274880
2830.000000 0.326739
2831.000000 0.281006
2832.000000 0.342134
2833.000000 0.262405
2834.000000 0.226989
2835.000000 0.081765
2836.000000 0.249252
2837.000000 0.154413
2838.000000 0.180677
2839.000000 0.351477
2840.000000 0.217533
2841.000000 0.110615
2842.000000 0.316223
2843.000000 0.306820
2844.000000 0.169697
2845.000000 0.341154
2846.000000 0.289139
2847.000000 0.217265
2848.000000 0.175266
2849.000000 0.415819
2850.000000 0.088973
2851.000000 0.078607
2852.000000 0.340086
2853.000000 0.134532
2854.000000 0.235333
2855.000000 0.399177
2856.000000 0.284384
2857.000000 0.093685
2858.000000 0.157945
2859.000000 0.081713
2860.000000 0.218012
2861.000000 0.328299
2862.000000 0.208514
2863.000000 0.287387
2864.000000 0.125279
2865.000000 0.343702
2866.000000 0.328618
2867.000000 0.193811
2868.000000 0.215043
2869.000000 0.449191
2870.000000 0.234037
2871.000000 0.171237
2872.000000 0.119037
2873.000000 0.310926
2874.000000 0.023371
2875.000000 0.594601
2876.000000 0.307250
2877.000000 0.232232
2878.000000 0.193939
2879.000000 0.256777
2880.000000 0.430220
2881.000000 0.099405
2882.000000 0.153193
2883.000000 0.237186
2884.000000 0.126065
2885.000000 0.171282
2886.000000 0.145618
2887.000000 0.204398
2888.000000 0.494966
2889.000000 0.136608
2890.000000 0.065897
2891.000000 0.305043
2892.000000 0.318877
2893.000000 0.344281
2894.000000 0.232556
2895.000000 0.221329
2896.000000 0.250734
2897.000000 0.514299
2898.000000 0.148808
2899.000000 0.447159
2900.000000 0.357539
2901.000000 0.308082
2902.000000 0.259383
2903.000000 0.239406
2904.000000 0.286570
2905.000000 0.448451
2906.000000 0.094673
2907.000000 0.227529
2908.000000 0.133376
2909.000000 0.219251
2910.000000 0.271232
2911.000000 0.303410
2912.000000 0.429779
2913.000000 0.303411
2914.000000 0.115882
2915.000000 0.585653
2916.000000 0.214939
2917.000000 0.112056
2918.000000 0.199745
2919.000000 0.353080
2920.000000 0.175079
2921.000000 0.402639
2922.000000 0.123261
2923.000000 0.240952
2924.000000 0.100928
2925.000000 0.254458
2926.000000 0.244848
2927.000000 0.253137
2928.000000 0.081305
2929.000000 0.228134
2930.000000 0.633102
2931.000000 0.257675
2932.000000 0.386537
2933.000000 0.280871
2934.000000 0.282738
2935.000000 0.094019
2936.000000 0.283544
2937.000000 0.094234
2938.000000 0.125557
2939.000000 0.148757
2940.000000 0.256402
2941.000000 0.071383
2942.000000 0.322796
2943.000000 0.364003
2944.000000 0.213686
2945.000000 0.317655
2946.000000 0.328363
2947.000000 0.191916
2948.000000 0.215438
2949.000000 0.317501
2950.000000 0.423455
2951.000000 0.067528
2952.000000 0.308111
2953.000000 0.343868
2954.000000 0.253836
2955.000000 0.215749
2956.000000 0.373622
2957.000000 0.324964
2958.000000 0.192251
2959.000000 0.104448
2960.000000 0.213024
2961.000000 0.083991
2962.000000 0.139881
2963.000000 0.290108
2964.000000 0.320739
2965.000000 0.192968
2966.000000 0.160878
2967.000000 0.327579
2968.000000 0.118226
2969.000000 0.220570
2970.000000 0.211526
2971.000000 0.264147
2972.000000 0.072231
2973.000000 0.122600
2974.000000 0.223627
2975.000000 0.211462
2976.000000 0.262314
2977.000000 0.191334
2978.000000 0.185188
2979.000000 0.344822
2980.000000 0.163503
2981.000000 0.338853
2982.000000 0.310889
2983.000000 0.132112
2984.000000 0.240793
2985.000000 0.205935
2986.000000 0.485408
2987.000000 0.276238
2988.000000 0.338393
2989.000000 0.162224
2990.000000 0.429300
2991.000000 0.137994
2992.000000 0.223444
2993.000000 0.140272
2994.000000 0.162805
2995.000000 0.256809
2996.000000 0.175092
2997.000000 0.056257
2998.000000 0.361353
2999.000000 0.272719
3000.000000 0.097340
