10.000000 0.194455
20.000000 0.263768
30.000000 0.296992
40.000000 0.077007
50.000000 0.240765
60.000000 0.183608
70.000000 0.104630
80.000000 0.259102
90.000000 0.100149
100.000000 0.385786
110.000000 0.104141
120.000000 0.148905
130.000000 0.053262
140.000000 0.185838
150.000000 0.174855
160.000000 0.165546
170.000000 0.196269
180.000000 0.212426
190.000000 0.295636
200.000000 0.231352
210.000000 0.219656
220.000000 0.191015
230.000000 0.328372
240.000000 0.073467
250.000000 0.220213
260.000000 0.069557
270.000000 0.285088
280.000000 0.228596
290.000000 0.162147
300.000000 0.181839
310.000000 0.068196
320.000000 0.279781
330.000000 0.126658
340.000000 0.494745
350.000000 0.193461
360.000000 0.238327
370.000000 0.306739
380.000000 0.154793
390.000000 0.167155
400.000000 0.105522
410.000000 0.151319
420.000000 0.309508
430.000000 0.142154
440.000000 0.054544
450.000000 0.256180
460.000000 0.132699
470.000000 0.255271
480.000000 0.247729
490.000000 0.214228
500.000000 0.112213
510.000000 0.016815
520.000000 0.496152
530.000000 0.439240
540.000000 0.130985
550.000000 0.067179
560.000000 0.101899
570.000000 0.393483
580.000000 0.030883
590.000000 0.140404
600.000000 0.263672
610.000000 0.250244
620.000000 0.519533
630.000000 0.098884
640.000000 0.133056
650.000000 0.402858
660.000000 0.191703
670.000000 0.290867
680.000000 0.212700
690.000000 0.079330
700.000000 0.225868
710.000000 0.055111
720.000000 0.268113
730.000000 0.209495
740.000000 0.116506
750.000000 0.388221
760.000000 0.101848
770.000000 0.285327
780.000000 0.315516
790.000000 0.177239
800.000000 0.169486
810.000000 0.240169
820.000000 0.005212
830.000000 0.052334
840.000000 0.319146
850.000000 0.206750
860.000000 0.174116
870.000000 0.191070
880.000000 0.209851
890.000000 0.038930
900.000000 0.046562
910.000000 0.189612
920.000000 0.198229
930.000000 0.211081
940.000000 0.089093
950.000000 0.165039
960.000000 0.154995
970.000000 0.269885
980.000000 0.045677
990.000000 0.362773
1000.000000 0.108715
