0.000000 0.221458
1.000000 0.165759
2.000000 0.040537
3.000000 0.137604
4.000000 0.159420
5.000000 0.037767
6.000000 0.157586
7.000000 0.141750
8.000000 0.268143
9.000000 0.132089
10.000000 0.046547
11.000000 0.286721
12.000000 0.153352
13.000000 0.204672
14.000000 0.161808
15.000000 0.165335
16.000000 0.089841
17.000000 0.122112
18.000000 0.161595
19.000000 0.163253
20.000000 0.073214
21.000000 0.032569
22.000000 0.184774
23.000000 0.051906
24.000000 0.144027
25.000000 0.140593
26.000000 0.146591
27.000000 0.255812
28.000000 0.114710
29.000000 0.093725
30.000000 0.062548
31.000000 0.204460
32.000000 0.118968
33.000000 0.021525
34.000000 0.211076
35.000000 0.176284
36.000000 0.105795
37.000000 0.086121
38.000000 0.114740
39.000000 0.152406
40.000000 0.072768
41.000000 0.128958
42.000000 0.122949
43.000000 0.151007
44.000000 0.072028
45.000000 0.063206
46.000000 0.049822
47.000000 0.099701
48.000000 0.128625
49.000000 0.144088
50.000000 0.217123
51.000000 0.089961
52.000000 0.146682
53.000000 0.203554
54.000000 0.053228
55.000000 0.149578
56.000000 0.038862
57.000000 0.142563
58.000000 0.084093
59.000000 0.242124
60.000000 0.056171
61.000000 0.074333
62.000000 0.153271
63.000000 0.183794
64.000000 0.184590
65.000000 0.041399
66.000000 0.128135
67.000000 0.056682
68.000000 0.011301
69.000000 0.125898
70.000000 0.198841
71.000000 0.123956
72.000000 0.255090
73.000000 0.365201
74.000000 0.170331
75.000000 0.063067
76.000000 0.235938
77.000000 0.146910
78.000000 0.227667
79.000000 0.032403
80.000000 0.063407
81.000000 0.075769
82.000000 0.101224
83.000000 0.060942
84.000000 0.089690
85.000000 0.103210
86.000000 0.149819
87.000000 0.222758
88.000000 0.075913
89.000000 0.209854
90.000000 0.179344
91.000000 0.016766
92.000000 0.189783
93.000000 0.113371
94.000000 0.044891
95.000000 0.216871
96.000000 0.032091
97.000000 0.047384
98.000000 0.061142
99.000000 0.271158
100.000000 0.137659
101.000000 0.128882
102.000000 0.080895
103.000000 0.081467
104.000000 0.064599
105.000000 0.054841
106.000000 0.046701
107.000000 0.120510
108.000000 0.406365
109.000000 0.199301
110.000000 0.190142
111.000000 0.064765
112.000000 0.124867
113.000000 0.087893
114.000000 0.100261
115.000000 0.088130
116.000000 0.041260
117.000000 0.026277
118.000000 0.078447
119.000000 0.121626
120.000000 0.104160
121.000000 0.108054
122.000000 0.106599
123.000000 0.197430
124.000000 0.224381
125.000000 0.171107
126.000000 0.226622
127.000000 0.015108
128.000000 0.185411
129.000000 0.043870
130.000000 0.085303
131.000000 0.112227
132.000000 0.015723
133.000000 0.150672
134.000000 0.127666
135.000000 0.023484
136.000000 0.110051
137.000000 0.042267
138.000000 0.203480
139.000000 0.194950
140.000000 0.045948
141.000000 0.275682
142.000000 0.011985
143.000000 0.327891
144.000000 0.023590
145.000000 0.104204
146.000000 0.186817
147.000000 0.322073
148.000000 0.178495
149.000000 0.225719
150.000000 0.098533
151.000000 0.179398
152.000000 0.216911
153.000000 0.027644
154.000000 0.107039
155.000000 0.077704
156.000000 0.097381
157.000000 0.111975
158.000000 0.096966
159.000000 0.041400
160.000000 0.223760
161.000000 0.169915
162.000000 0.113517
163.000000 0.159064
164.000000 0.144851
165.000000 0.322158
166.000000 0.105208
167.000000 0.119198
168.000000 0.028368
169.000000 0.107962
170.000000 0.131711
171.000000 0.254905
172.000000 0.096646
173.000000 0.031647
174.000000 0.247793
175.000000 0.033509
176.000000 0.260746
177.000000 0.113134
178.000000 0.250497
179.000000 0.196037
180.000000 0.087349
181.000000 0.080500
182.000000 0.035449
183.000000 0.135129
184.000000 0.179678
185.000000 0.234189
186.000000 0.062211
187.000000 0.147010
188.000000 0.163730
189.000000 0.210006
190.000000 0.070133
191.000000 0.195922
192.000000 0.217518
193.000000 0.241206
194.000000 0.035307
195.000000 0.035639
196.000000 0.149542
197.000000 0.093506
198.000000 0.137253
199.000000 0.135827
200.000000 0.145978
201.000000 0.091408
202.000000 0.161150
203.000000 0.197305
204.000000 0.238386
205.000000 0.088675
206.000000 0.104007
207.000000 0.076647
208.000000 0.104778
209.000000 0.184720
210.000000 0.080110
211.000000 0.055237
212.000000 0.235389
213.000000 0.161254
214.000000 0.223855
215.000000 0.098197
216.000000 0.239169
217.000000 0.136017
218.000000 0.112573
219.000000 0.101435
220.000000 0.034764
221.000000 0.121634
222.000000 0.089710
223.000000 0.028496
224.000000 0.052576
225.000000 0.182227
226.000000 0.143270
227.000000 0.093717
228.000000 0.014862
229.000000 0.170624
230.000000 0.058357
231.000000 0.090674
232.000000 0.107315
233.000000 0.082841
234.000000 0.096032
235.000000 0.205079
236.000000 0.194088
237.000000 0.178113
238.000000 0.134933
239.000000 0.091763
240.000000 0.137812
241.000000 0.192790
242.000000 0.292378
243.000000 0.246120
244.000000 0.154812
245.000000 0.063197
246.000000 0.130314
247.000000 0.018571
248.000000 0.177002
249.000000 0.141203
250.000000 0.249560
251.000000 0.123514
252.000000 0.153222
253.000000 0.081080
254.000000 0.024469
255.000000 0.055550
256.000000 0.085802
257.000000 0.117107
258.000000 0.086575
259.000000 0.164399
260.000000 0.168315
261.000000 0.191280
262.000000 0.155407
263.000000 0.217270
264.000000 0.213567
265.000000 0.084718
266.000000 0.101001
267.000000 0.205821
268.000000 0.176452
269.000000 0.086883
270.000000 0.090473
271.000000 0.100106
272.000000 0.154267
273.000000 0.194377
274.000000 0.070741
275.000000 0.055979
276.000000 0.141523
277.000000 0.166586
278.000000 0.124647
279.000000 0.068109
280.000000 0.049721
281.000000 0.166371
282.000000 0.204191
283.000000 0.043995
284.000000 0.097484
285.000000 0.163351
286.000000 0.054075
287.000000 0.104088
288.000000 0.129069
289.000000 0.122582
290.000000 0.201684
291.000000 0.114277
292.000000 0.113325
293.000000 0.107836
294.000000 0.094973
295.000000 0.213092
296.000000 0.161257
297.000000 0.130422
298.000000 0.248052
299.000000 0.091010
300.000000 0.170335
301.000000 0.244258
302.000000 0.116356
303.000000 0.089304
304.000000 0.084693
305.000000 0.132322
306.000000 0.158217
307.000000 0.091854
308.000000 0.194609
309.000000 0.254406
310.000000 0.119825
311.000000 0.149828
312.000000 0.081315
313.000000 0.088723
314.000000 0.085553
315.000000 0.158277
316.000000 0.087145
317.000000 0.069890
318.000000 0.135336
319.000000 0.173386
320.000000 0.138344
321.000000 0.259113
322.000000 0.146482
323.000000 0.166501
324.000000 0.187243
325.000000 0.197314
326.000000 0.114427
327.000000 0.114571
328.000000 0.140068
329.000000 0.081730
330.000000 0.060425
331.000000 0.091423
332.000000 0.206743
333.000000 0.146255
334.000000 0.150220
335.000000 0.190987
336.000000 0.142043
337.000000 0.108434
338.000000 0.068644
339.000000 0.142406
340.000000 0.082108
341.000000 0.080186
342.000000 0.185629
343.000000 0.171555
344.000000 0.078800
345.000000 0.098268
346.000000 0.114481
347.000000 0.124282
348.000000 0.204471
349.000000 0.097785
350.000000 0.184494
351.000000 0.224087
352.000000 0.099170
353.000000 0.138625
354.000000 0.081373
355.000000 0.154105
356.000000 0.125806
357.000000 0.263770
358.000000 0.225223
359.000000 0.115043
360.000000 0.075618
361.000000 0.098687
362.000000 0.163082
363.000000 0.247326
364.000000 0.215546
365.000000 0.138672
366.000000 0.199866
367.000000 0.163811
368.000000 0.168822
369.000000 0.108309
370.000000 0.138011
371.000000 0.312133
372.000000 0.063149
373.000000 0.116491
374.000000 0.130605
375.000000 0.206123
376.000000 0.095746
377.000000 0.133918
378.000000 0.124071
379.000000 0.159106
380.000000 0.168536
381.000000 0.246006
382.000000 0.023908
383.000000 0.161714
384.000000 0.074662
385.000000 0.213186
386.000000 0.151887
387.000000 0.080593
388.000000 0.043127
389.000000 0.085819
390.000000 0.228547
391.000000 0.125763
392.000000 0.223452
393.000000 0.091363
394.000000 0.053746
395.000000 0.161119
396.000000 0.180154
397.000000 0.121291
398.000000 0.104820
399.000000 0.059882
400.000000 0.149980
401.000000 0.080761
402.000000 0.138446
403.000000 0.183350
404.000000 0.197299
405.000000 0.142959
406.000000 0.215679
407.000000 0.048028
408.000000 0.134896
409.000000 0.106584
410.000000 0.025655
411.000000 0.220272
412.000000 0.132188
413.000000 0.035027
414.000000 0.149201
415.000000 0.218278
416.000000 0.186275
417.000000 0.063902
418.000000 0.045651
419.000000 0.069232
420.000000 0.036722
421.000000 0.158876
422.000000 0.250153
423.000000 0.075358
424.000000 0.079744
425.000000 0.043038
426.000000 0.180728
427.000000 0.127135
428.000000 0.015906
429.000000 0.067262
430.000000 0.078152
431.000000 0.208921
432.000000 0.111730
433.000000 0.059971
434.000000 0.050229
435.000000 0.119934
436.000000 0.088446
437.000000 0.078606
438.000000 0.042324
439.000000 0.047998
440.000000 0.069794
441.000000 0.184689
442.000000 0.104426
443.000000 0.190118
444.000000 0.146543
445.000000 0.227689
446.000000 0.212563
447.000000 0.122473
448.000000 0.230737
449.000000 0.285516
450.000000 0.286532
451.000000 0.051970
452.000000 0.185013
453.000000 0.054444
454.000000 0.093743
455.000000 0.033851
456.000000 0.204894
457.000000 0.213745
458.000000 0.130647
459.000000 0.101727
460.000000 0.134028
461.000000 0.261729
462.000000 0.098640
463.000000 0.080227
464.000000 0.073309
465.000000 0.164397
466.000000 0.168743
467.000000 0.292003
468.000000 0.050429
469.000000 0.088587
470.000000 0.135512
471.000000 0.208313
472.000000 0.114494
473.000000 0.033230
474.000000 0.053538
475.000000 0.077658
476.000000 0.199226
477.000000 0.148673
478.000000 0.202416
479.000000 0.110610
480.000000 0.128793
481.000000 0.025886
482.000000 0.120364
483.000000 0.194063
484.000000 0.048399
485.000000 0.119711
486.000000 0.062264
487.000000 0.102475
488.000000 0.185081
489.000000 0.037064
490.000000 0.109582
491.000000 0.042406
492.000000 0.014471
493.000000 0.083262
494.000000 0.171335
495.000000 0.261235
496.000000 0.087907
497.000000 0.166767
498.000000 0.049364
499.000000 0.070431
500.000000 0.123032
501.000000 0.123442
502.000000 0.045589
503.000000 0.030866
504.000000 0.155823
505.000000 0.107121
506.000000 0.020169
507.000000 0.075128
508.000000 0.115493
509.000000 0.111612
510.000000 0.058300
511.000000 0.150719
512.000000 0.222085
513.000000 0.277911
514.000000 0.232556
515.000000 0.146345
516.000000 0.105857
517.000000 0.029326
518.000000 0.085890
519.000000 0.110021
520.000000 0.129744
521.000000 0.090807
522.000000 0.191565
523.000000 0.129930
524.000000 0.177825
525.000000 0.127982
526.000000 0.096779
527.000000 0.089048
528.000000 0.224791
529.000000 0.120999
530.000000 0.169629
531.000000 0.176773
532.000000 0.113966
533.000000 0.051427
534.000000 0.129980
535.000000 0.215943
536.000000 0.191959
537.000000 0.196372
538.000000 0.129662
539.000000 0.127296
540.000000 0.033718
541.000000 0.135726
542.000000 0.085534
543.000000 0.077626
544.000000 0.123973
545.000000 0.182693
546.000000 0.051837
547.000000 0.263498
548.000000 0.248165
549.000000 0.230335
550.000000 0.171976
551.000000 0.009534
552.000000 0.120446
553.000000 0.167539
554.000000 0.126870
555.000000 0.198369
556.000000 0.034012
557.000000 0.116597
558.000000 0.138981
559.000000 0.094461
560.000000 0.058157
561.000000 0.044304
562.000000 0.097701
563.000000 0.139885
564.000000 0.148462
565.000000 0.076795
566.000000 0.115225
567.000000 0.224273
568.000000 0.126688
569.000000 0.118375
570.000000 0.050717
571.000000 0.125664
572.000000 0.149964
573.000000 0.041794
574.000000 0.093619
575.000000 0.049046
576.000000 0.155363
577.000000 0.116115
578.000000 0.103258
579.000000 0.204563
580.000000 0.134253
581.000000 0.032959
582.000000 0.095407
583.000000 0.096607
584.000000 0.169957
585.000000 0.102900
586.000000 0.204914
587.000000 0.148280
588.000000 0.215424
589.000000 0.204358
590.000000 0.084751
591.000000 0.038656
592.000000 0.100969
593.000000 0.005704
594.000000 0.078771
595.000000 0.055731
596.000000 0.102435
597.000000 0.206299
598.000000 0.135596
599.000000 0.102961
600.000000 0.132116
601.000000 0.184260
602.000000 0.192284
603.000000 0.215109
604.000000 0.093336
605.000000 0.153964
606.000000 0.094626
607.000000 0.112834
608.000000 0.256649
609.000000 0.084616
610.000000 0.182368
611.000000 0.200409
612.000000 0.249275
613.000000 0.202972
614.000000 0.114506
615.000000 0.109937
616.000000 0.196037
617.000000 0.015799
618.000000 0.067353
619.000000 0.165776
620.000000 0.166261
621.000000 0.069368
622.000000 0.134588
623.000000 0.149554
624.000000 0.225042
625.000000 0.028627
626.000000 0.129298
627.000000 0.064620
628.000000 0.184965
629.000000 0.245802
630.000000 0.131154
631.000000 0.043379
632.000000 0.186784
633.000000 0.116291
634.000000 0.141567
635.000000 0.135000
636.000000 0.008768
637.000000 0.054781
638.000000 0.176437
639.000000 0.045290
640.000000 0.058393
641.000000 0.170760
642.000000 0.163208
643.000000 0.133765
644.000000 0.166807
645.000000 0.112468
646.000000 0.072931
647.000000 0.144145
648.000000 0.202520
649.000000 0.248809
650.000000 0.333409
651.000000 0.116739
652.000000 0.138273
653.000000 0.148529
654.000000 0.143577
655.000000 0.194357
656.000000 0.106201
657.000000 0.084491
658.000000 0.156138
659.000000 0.113298
660.000000 0.155541
661.000000 0.086596
662.000000 0.012865
663.000000 0.095771
664.000000 0.257294
665.000000 0.124812
666.000000 0.092396
667.000000 0.124094
668.000000 0.115307
669.000000 0.086386
670.000000 0.105270
671.000000 0.113233
672.000000 0.253465
673.000000 0.131125
674.000000 0.084887
675.000000 0.031944
676.000000 0.083553
677.000000 0.121866
678.000000 0.197526
679.000000 0.108782
680.000000 0.089699
681.000000 0.057538
682.000000 0.176702
683.000000 0.022393
684.000000 0.158653
685.000000 0.286079
686.000000 0.226666
687.000000 0.283020
688.000000 0.176316
689.000000 0.124928
690.000000 0.166108
691.000000 0.020758
692.000000 0.190744
693.000000 0.059586
694.000000 0.042506
695.000000 0.126382
696.000000 0.108028
697.000000 0.177629
698.000000 0.091239
699.000000 0.139575
700.000000 0.062505
701.000000 0.133806
702.000000 0.163985
703.000000 0.087746
704.000000 0.107414
705.000000 0.103854
706.000000 0.184108
707.000000 0.117045
708.000000 0.116143
709.000000 0.085537
710.000000 0.034196
711.000000 0.098839
712.000000 0.084145
713.000000 0.196911
714.000000 0.118327
715.000000 0.154729
716.000000 0.143317
717.000000 0.124828
718.000000 0.195046
719.000000 0.168508
720.000000 0.094230
721.000000 0.134659
722.000000 0.178709
723.000000 0.090563
724.000000 0.213074
725.000000 0.186644
726.000000 0.131665
727.000000 0.067204
728.000000 0.134874
729.000000 0.209865
730.000000 0.248911
731.000000 0.415706
732.000000 0.154347
733.000000 0.089281
734.000000 0.144003
735.000000 0.095262
736.000000 0.064467
737.000000 0.184924
738.000000 0.144880
739.000000 0.054206
740.000000 0.114184
741.000000 0.130141
742.000000 0.087053
743.000000 0.101084
744.000000 0.119748
745.000000 0.222678
746.000000 0.081346
747.000000 0.063917
748.000000 0.198805
749.000000 0.215766
750.000000 0.265887
751.000000 0.219599
752.000000 0.033984
753.000000 0.217759
754.000000 0.051484
755.000000 0.124531
756.000000 0.073562
757.000000 0.284072
758.000000 0.067687
759.000000 0.093658
760.000000 0.194452
761.000000 0.177190
762.000000 0.121536
763.000000 0.117773
764.000000 0.114101
765.000000 0.085807
766.000000 0.294768
767.000000 0.163835
768.000000 0.354715
769.000000 0.215408
770.000000 0.101567
771.000000 0.114699
772.000000 0.150238
773.000000 0.149369
774.000000 0.136985
775.000000 0.080268
776.000000 0.135684
777.000000 0.322697
778.000000 0.220911
779.000000 0.076625
780.000000 0.329415
781.000000 0.177089
782.000000 0.117832
783.000000 0.323221
784.000000 0.121206
785.000000 0.191440
786.000000 0.164453
787.000000 0.174524
788.000000 0.146262
789.000000 0.242986
790.000000 0.293637
791.000000 0.096364
792.000000 0.227343
793.000000 0.088981
794.000000 0.102304
795.000000 0.167157
796.000000 0.192917
797.000000 0.251447
798.000000 0.330540
799.000000 0.064780
800.000000 0.198569
801.000000 0.212460
802.000000 0.152026
803.000000 0.178869
804.000000 0.052332
805.000000 0.053544
806.000000 0.278900
807.000000 0.090504
808.000000 0.125785
809.000000 0.119047
810.000000 0.150193
811.000000 0.119949
812.000000 0.075020
813.000000 0.162263
814.000000 0.205234
815.000000 0.158280
816.000000 0.029576
817.000000 0.065423
818.000000 0.117411
819.000000 0.096812
820.000000 0.204280
821.000000 0.125556
822.000000 0.205023
823.000000 0.095492
824.000000 0.092298
825.000000 0.214106
826.000000 0.236909
827.000000 0.227294
828.000000 0.199253
829.000000 0.147731
830.000000 0.127003
831.000000 0.181608
832.000000 0.210722
833.000000 0.082269
834.000000 0.175328
835.000000 0.264853
836.000000 0.149261
837.000000 0.099517
838.000000 0.135360
839.000000 0.061943
840.000000 0.211682
841.000000 0.177496
842.000000 0.238454
843.000000 0.119553
844.000000 0.222987
845.000000 0.143461
846.000000 0.345215
847.000000 0.076058
848.000000 0.095602
849.000000 0.072011
850.000000 0.037185
851.000000 0.120397
852.000000 0.259432
853.000000 0.049278
854.000000 0.191572
855.000000 0.179071
856.000000 0.114712
857.000000 0.037745
858.000000 0.370097
859.000000 0.021195
860.000000 0.163456
861.000000 0.114724
862.000000 0.122003
863.000000 0.242140
864.000000 0.161475
865.000000 0.231298
866.000000 0.059757
867.000000 0.081979
868.000000 0.209190
869.000000 0.139439
870.000000 0.210376
871.000000 0.151680
872.000000 0.261634
873.000000 0.142119
874.000000 0.114271
875.000000 0.211946
876.000000 0.072933
877.000000 0.082055
878.000000 0.054683
879.000000 0.217321
880.000000 0.101880
881.000000 0.039146
882.000000 0.194920
883.000000 0.237217
884.000000 0.271793
885.000000 0.026749
886.000000 0.113050
887.000000 0.037451
888.000000 0.140359
889.000000 0.080747
890.000000 0.054263
891.000000 0.067131
892.000000 0.079358
893.000000 0.054394
894.000000 0.223101
895.000000 0.133209
896.000000 0.028062
897.000000 0.181991
898.000000 0.177577
899.000000 0.335209
900.000000 0.118714
901.000000 0.103874
902.000000 0.129546
903.000000 0.162967
904.000000 0.075268
905.000000 0.012995
906.000000 0.128205
907.000000 0.118337
908.000000 0.132716
909.000000 0.210806
910.000000 0.142153
911.000000 0.256992
912.000000 0.087315
913.000000 0.123512
914.000000 0.057939
915.000000 0.112022
916.000000 0.108793
917.000000 0.134773
918.000000 0.161844
919.000000 0.046710
920.000000 0.168075
921.000000 0.019607
922.000000 0.265241
923.000000 0.090546
924.000000 0.293579
925.000000 0.182068
926.000000 0.121921
927.000000 0.234168
928.000000 0.159062
929.000000 0.287768
930.000000 0.371825
931.000000 0.057736
932.000000 0.168535
933.000000 0.192086
934.000000 0.146972
935.000000 0.073044
936.000000 0.069204
937.000000 0.118812
938.000000 0.177323
939.000000 0.153118
940.000000 0.070549
941.000000 0.109697
942.000000 0.147434
943.000000 0.188430
944.000000 0.049959
945.000000 0.029762
946.000000 0.075978
947.000000 0.073303
948.000000 0.160437
949.000000 0.163513
950.000000 0.080822
951.000000 0.142073
952.000000 0.100809
953.000000 0.114722
954.000000 0.099010
955.000000 0.154202
956.000000 0.138736
957.000000 0.163146
958.000000 0.070277
959.000000 0.117134
960.000000 0.114962
961.000000 0.097006
962.000000 0.196043
963.000000 0.079173
964.000000 0.080119
965.000000 0.212608
966.000000 0.253963
967.000000 0.167267
968.000000 0.064398
969.000000 0.105150
970.000000 0.258904
971.000000 0.138103
972.000000 0.030939
973.000000 0.098655
974.000000 0.098469
975.000000 0.221007
976.000000 0.192389
977.000000 0.190291
978.000000 0.044233
979.000000 0.255501
980.000000 0.158345
981.000000 0.154595
982.000000 0.135662
983.000000 0.200828
984.000000 0.177667
985.000000 0.265828
986.000000 0.137098
987.000000 0.161101
988.000000 0.138051
989.000000 0.167161
990.000000 0.039538
991.000000 0.107163
992.000000 0.118355
993.000000 0.138920
994.000000 0.351555
995.000000 0.161580
996.000000 0.033334
997.000000 0.131836
998.000000 0.131790
999.000000 0.122275
1000.000000 0.088967
1001.000000 0.091655
1002.000000 0.329029
1003.000000 0.422282
1004.000000 0.184162
1005.000000 0.154341
1006.000000 0.209657
1007.000000 0.150855
1008.000000 0.143386
1009.000000 0.221817
1010.000000 0.104039
1011.000000 0.205574
1012.000000 0.194169
1013.000000 0.056836
1014.000000 0.087476
1015.000000 0.348086
1016.000000 0.041786
1017.000000 0.107650
1018.000000 0.103254
1019.000000 0.141454
1020.000000 0.131493
1021.000000 0.038421
1022.000000 0.098435
1023.000000 0.179294
1024.000000 0.084232
1025.000000 0.030260
1026.000000 0.268861
1027.000000 0.175236
1028.000000 0.138557
1029.000000 0.110989
1030.000000 0.152724
1031.000000 0.064238
1032.000000 0.209916
1033.000000 0.200896
1034.000000 0.213751
1035.000000 0.156644
1036.000000 0.104500
1037.000000 0.191382
1038.000000 0.348283
1039.000000 0.066466
1040.000000 0.150523
1041.000000 0.194138
1042.000000 0.071954
1043.000000 0.045588
1044.000000 0.103705
1045.000000 0.201210
1046.000000 0.211832
1047.000000 0.022730
1048.000000 0.070995
1049.000000 0.298005
1050.000000 0.106879
1051.000000 0.108254
1052.000000 0.107982
1053.000000 0.130962
1054.000000 0.146575
1055.000000 0.130820
1056.000000 0.138797
1057.000000 0.257409
1058.000000 0.032784
1059.000000 0.013275
1060.000000 0.188999
1061.000000 0.089591
1062.000000 0.247365
1063.000000 0.083681
1064.000000 0.158061
1065.000000 0.129503
1066.000000 0.227810
1067.000000 0.008586
1068.000000 0.135983
1069.000000 0.114884
1070.000000 0.141750
1071.000000 0.154660
1072.000000 0.272222
1073.000000 0.281479
1074.000000 0.156738
1075.000000 0.096389
1076.000000 0.206290
1077.000000 0.314817
1078.000000 0.225670
1079.000000 0.253909
1080.000000 0.326827
1081.000000 0.142751
1082.000000 0.010206
1083.000000 0.161183
1084.000000 0.102230
1085.000000 0.149427
1086.000000 0.186520
1087.000000 0.162394
1088.000000 0.162115
1089.000000 0.024911
1090.000000 0.204705
1091.000000 0.066633
1092.000000 0.054153
1093.000000 0.052134
1094.000000 0.096587
1095.000000 0.174797
1096.000000 0.173689
1097.000000 0.117173
1098.000000 0.150048
1099.000000 0.244927
1100.000000 0.160606
1101.000000 0.056765
1102.000000 0.242364
1103.000000 0.244128
1104.000000 0.248552
1105.000000 0.101190
1106.000000 0.146608
1107.000000 0.286342
1108.000000 0.073286
1109.000000 0.098871
1110.000000 0.100158
1111.000000 0.035437
1112.000000 0.055967
1113.000000 0.131603
1114.000000 0.108425
1115.000000 0.234389
1116.000000 0.287603
1117.000000 0.068387
1118.000000 0.184480
1119.000000 0.151618
1120.000000 0.155464
1121.000000 0.181667
1122.000000 0.068150
1123.000000 0.129192
1124.000000 0.009247
1125.000000 0.072167
1126.000000 0.233105
1127.000000 0.108858
1128.000000 0.164863
1129.000000 0.364992
1130.000000 0.151659
1131.000000 0.170676
1132.000000 0.131333
1133.000000 0.110686
1134.000000 0.171044
1135.000000 0.094720
1136.000000 0.115342
1137.000000 0.015039
1138.000000 0.043333
1139.000000 0.095791
1140.000000 0.248693
1141.000000 0.088143
1142.000000 0.029189
1143.000000 0.211222
1144.000000 0.063300
1145.000000 0.075530
1146.000000 0.118692
1147.000000 0.178406
1148.000000 0.151342
1149.000000 0.137110
1150.000000 0.246487
1151.000000 0.103084
1152.000000 0.131595
1153.000000 0.215100
1154.000000 0.151808
1155.000000 0.097033
1156.000000 0.068432
1157.000000 0.074371
1158.000000 0.104345
1159.000000 0.095534
1160.000000 0.081271
1161.000000 0.248151
1162.000000 0.095500
1163.000000 0.145575
1164.000000 0.175163
1165.000000 0.240338
1166.000000 0.156186
1167.000000 0.137478
1168.000000 0.212984
1169.000000 0.076571
1170.000000 0.058631
1171.000000 0.112700
1172.000000 0.051734
1173.000000 0.160888
1174.000000 0.091641
1175.000000 0.255126
1176.000000 0.133451
1177.000000 0.212166
1178.000000 0.295702
1179.000000 0.064468
1180.000000 0.113216
1181.000000 0.094508
1182.000000 0.160431
1183.000000 0.114904
1184.000000 0.085567
1185.000000 0.024058
1186.000000 0.145818
1187.000000 0.033588
1188.000000 0.071748
1189.000000 0.157137
1190.000000 0.146705
1191.000000 0.155129
1192.000000 0.115952
1193.000000 0.120690
1194.000000 0.133752
1195.000000 0.073842
1196.000000 0.113719
1197.000000 0.107742
1198.000000 0.056522
1199.000000 0.156298
1200.000000 0.204558
1201.000000 0.102773
1202.000000 0.169618
1203.000000 0.182656
1204.000000 0.115504
1205.000000 0.112870
1206.000000 0.101190
1207.000000 0.118653
1208.000000 0.026136
1209.000000 0.049130
1210.000000 0.070026
1211.000000 0.052057
1212.000000 0.178782
1213.000000 0.094452
1214.000000 0.054532
1215.000000 0.128693
1216.000000 0.080701
1217.000000 0.098978
1218.000000 0.156538
1219.000000 0.261713
1220.000000 0.061587
1221.000000 0.241021
1222.000000 0.072691
1223.000000 0.105570
1224.000000 0.077792
1225.000000 0.082880
1226.000000 0.134268
1227.000000 0.089287
1228.000000 0.115135
1229.000000 0.169258
1230.000000 0.105138
1231.000000 0.146469
1232.000000 0.073841
1233.000000 0.039103
1234.000000 0.208109
1235.000000 0.139593
1236.000000 0.129842
1237.000000 0.166142
1238.000000 0.073492
1239.000000 0.174721
1240.000000 0.214378
1241.000000 0.126288
1242.000000 0.145005
1243.000000 0.044465
1244.000000 0.153185
1245.000000 0.138620
1246.000000 0.097631
1247.000000 0.162746
1248.000000 0.174465
1249.000000 0.071359
1250.000000 0.151297
1251.000000 0.192450
1252.000000 0.163081
1253.000000 0.109704
1254.000000 0.085894
1255.000000 0.140127
1256.000000 0.167967
1257.000000 0.183758
1258.000000 0.135957
1259.000000 0.184665
1260.000000 0.114891
1261.000000 0.119242
1262.000000 0.160895
1263.000000 0.126375
1264.000000 0.117930
1265.000000 0.149343
1266.000000 0.097163
1267.000000 0.084859
1268.000000 0.154471
1269.000000 0.164381
1270.000000 0.079072
1271.000000 0.068397
1272.000000 0.147601
1273.000000 0.082004
1274.000000 0.156765
1275.000000 0.024908
1276.000000 0.137297
1277.000000 0.165952
1278.000000 0.184090
1279.000000 0.078310
1280.000000 0.045556
1281.000000 0.084510
1282.000000 0.140917
1283.000000 0.179160
1284.000000 0.255236
1285.000000 0.108413
1286.000000 0.068489
1287.000000 0.074054
1288.000000 0.188336
1289.000000 0.186789
1290.000000 0.199005
1291.000000 0.125465
1292.000000 0.069031
1293.000000 0.186042
1294.000000 0.130861
1295.000000 0.124675
1296.000000 0.253001
1297.000000 0.099688
1298.000000 0.090061
1299.000000 0.042049
1300.000000 0.141490
1301.000000 0.110419
1302.000000 0.200496
1303.000000 0.037374
1304.000000 0.138007
1305.000000 0.057583
1306.000000 0.071877
1307.000000 0.125849
1308.000000 0.067343
1309.000000 0.050048
1310.000000 0.171183
1311.000000 0.221916
1312.000000 0.096400
1313.000000 0.094809
1314.000000 0.216931
1315.000000 0.047056
1316.000000 0.249990
1317.000000 0.097076
1318.000000 0.188071
1319.000000 0.165959
1320.000000 0.104850
1321.000000 0.074516
1322.000000 0.084529
1323.000000 0.195896
1324.000000 0.198475
1325.000000 0.139746
1326.000000 0.119483
1327.000000 0.069060
1328.000000 0.236060
1329.000000 0.144007
1330.000000 0.121962
1331.000000 0.098305
1332.000000 0.121253
1333.000000 0.382551
1334.000000 0.350151
1335.000000 0.183025
1336.000000 0.136247
1337.000000 0.248925
1338.000000 0.198071
1339.000000 0.239919
1340.000000 0.084437
1341.000000 0.162532
1342.000000 0.116313
1343.000000 0.197914
1344.000000 0.147550
1345.000000 0.047686
1346.000000 0.116275
1347.000000 0.220556
1348.000000 0.089085
1349.000000 0.228392
1350.000000 0.203238
1351.000000 0.252955
1352.000000 0.146547
1353.000000 0.085257
1354.000000 0.241979
1355.000000 0.132500
1356.000000 0.270202
1357.000000 0.140450
1358.000000 0.103660
1359.000000 0.134980
1360.000000 0.112204
1361.000000 0.088981
1362.000000 0.152188
1363.000000 0.236276
1364.000000 0.055904
1365.000000 0.174741
1366.000000 0.137625
1367.000000 0.082530
1368.000000 0.144002
1369.000000 0.164919
1370.000000 0.068746
1371.000000 0.168618
1372.000000 0.278456
1373.000000 0.057946
1374.000000 0.160139
1375.000000 0.225822
1376.000000 0.100673
1377.000000 0.077098
1378.000000 0.063326
1379.000000 0.063499
1380.000000 0.097060
1381.000000 0.079616
1382.000000 0.164413
1383.000000 0.177221
1384.000000 0.082552
1385.000000 0.189561
1386.000000 0.233410
1387.000000 0.067528
1388.000000 0.083939
1389.000000 0.196060
1390.000000 0.216075
1391.000000 0.141172
1392.000000 0.213583
1393.000000 0.110075
1394.000000 0.207227
1395.000000 0.123197
1396.000000 0.074569
1397.000000 0.107064
1398.000000 0.171436
1399.000000 0.024155
1400.000000 0.016723
1401.000000 0.091859
1402.000000 0.217607
1403.000000 0.291742
1404.000000 0.197663
1405.000000 0.098898
1406.000000 0.196884
1407.000000 0.311237
1408.000000 0.074033
1409.000000 0.036507
1410.000000 0.045210
1411.000000 0.115611
1412.000000 0.105778
1413.000000 0.112084
1414.000000 0.189040
1415.000000 0.174175
1416.000000 0.170823
1417.000000 0.272135
1418.000000 0.206667
1419.000000 0.183328
1420.000000 0.128343
1421.000000 0.084372
1422.000000 0.187386
1423.000000 0.185095
1424.000000 0.141047
1425.000000 0.120240
1426.000000 0.136035
1427.000000 0.133286
1428.000000 0.060072
1429.000000 0.021625
1430.000000 0.110303
1431.000000 0.175241
1432.000000 0.227289
1433.000000 0.141273
1434.000000 0.068757
1435.000000 0.206281
1436.000000 0.368471
1437.000000 0.211597
1438.000000 0.188390
1439.000000 0.025261
1440.000000 0.202335
1441.000000 0.044210
1442.000000 0.177146
1443.000000 0.331243
1444.000000 0.236426
1445.000000 0.132496
1446.000000 0.243148
1447.000000 0.171971
1448.000000 0.093229
1449.000000 0.115206
1450.000000 0.202881
1451.000000 0.287894
1452.000000 0.088793
1453.000000 0.110584
1454.000000 0.084174
1455.000000 0.350830
1456.000000 0.176794
1457.000000 0.190368
1458.000000 0.285525
1459.000000 0.152828
1460.000000 0.321466
1461.000000 0.097770
1462.000000 0.183985
1463.000000 0.073656
1464.000000 0.098980
1465.000000 0.113002
1466.000000 0.210436
1467.000000 0.161766
1468.000000 0.054778
1469.000000 0.097781
1470.000000 0.193539
1471.000000 0.282007
1472.000000 0.181699
1473.000000 0.061933
1474.000000 0.165227
1475.000000 0.042415
1476.000000 0.228830
1477.000000 0.094405
1478.000000 0.235747
1479.000000 0.226915
1480.000000 0.183943
1481.000000 0.198361
1482.000000 0.183755
1483.000000 0.055092
1484.000000 0.202987
1485.000000 0.147538
1486.000000 0.047612
1487.000000 0.022282
1488.000000 0.227064
1489.000000 0.068579
1490.000000 0.215269
1491.000000 0.040514
1492.000000 0.095635
1493.000000 0.021488
1494.000000 0.115453
1495.000000 0.115510
1496.000000 0.141447
1497.000000 0.144763
1498.000000 0.214537
1499.000000 0.046667
1500.000000 0.050108
1501.000000 0.060023
1502.000000 0.111268
1503.000000 0.196133
1504.000000 0.267867
1505.000000 0.158996
1506.000000 0.098412
1507.000000 0.217941
1508.000000 0.165694
1509.000000 0.075471
1510.000000 0.155474
1511.000000 0.145413
1512.000000 0.168347
1513.000000 0.055472
1514.000000 0.061492
1515.000000 0.141520
1516.000000 0.247633
1517.000000 0.139459
1518.000000 0.162500
1519.000000 0.152831
1520.000000 0.239571
1521.000000 0.267266
1522.000000 0.165854
1523.000000 0.255734
1524.000000 0.196835
1525.000000 0.037588
1526.000000 0.097318
1527.000000 0.113900
1528.000000 0.092983
1529.000000 0.218181
1530.000000 0.052831
1531.000000 0.181725
1532.000000 0.133410
1533.000000 0.137090
1534.000000 0.118856
1535.000000 0.109358
1536.000000 0.197914
1537.000000 0.204596
1538.000000 0.291087
1539.000000 0.167520
1540.000000 0.046582
1541.000000 0.093609
1542.000000 0.045221
1543.000000 0.141331
1544.000000 0.159195
1545.000000 0.083192
1546.000000 0.102216
1547.000000 0.231113
1548.000000 0.175799
1549.000000 0.096066
1550.000000 0.045417
1551.000000 0.100693
1552.000000 0.201641
1553.000000 0.090386
1554.000000 0.145472
1555.000000 0.128920
1556.000000 0.060241
1557.000000 0.114730
1558.000000 0.214056
1559.000000 0.162617
1560.000000 0.103928
1561.000000 0.090625
1562.000000 0.154698
1563.000000 0.284081
1564.000000 0.227584
1565.000000 0.070773
1566.000000 0.197891
1567.000000 0.165442
1568.000000 0.228048
1569.000000 0.058338
1570.000000 0.139308
1571.000000 0.157413
1572.000000 0.113060
1573.000000 0.106632
1574.000000 0.030885
1575.000000 0.180116
1576.000000 0.098565
1577.000000 0.166467
1578.000000 0.091209
1579.000000 0.209479
1580.000000 0.167957
1581.000000 0.190885
1582.000000 0.012423
1583.000000 0.012990
1584.000000 0.092670
1585.000000 0.100398
1586.000000 0.150106
1587.000000 0.082341
1588.000000 0.229897
1589.000000 0.217611
1590.000000 0.283523
1591.000000 0.063390
1592.000000 0.137275
1593.000000 0.274479
1594.000000 0.214058
1595.000000 0.032886
1596.000000 0.117116
1597.000000 0.142751
1598.000000 0.198793
1599.000000 0.081789
1600.000000 0.100275
1601.000000 0.060182
1602.000000 0.013853
1603.000000 0.144044
1604.000000 0.178617
1605.000000 0.153343
1606.000000 0.214304
1607.000000 0.044896
1608.000000 0.090139
1609.000000 0.007795
1610.000000 0.201881
1611.000000 0.194467
1612.000000 0.104157
1613.000000 0.140569
1614.000000 0.232465
1615.000000 0.143261
1616.000000 0.016574
1617.000000 0.139298
1618.000000 0.207088
1619.000000 0.031506
1620.000000 0.097150
1621.000000 0.103771
1622.000000 0.109653
1623.000000 0.248710
1624.000000 0.111800
1625.000000 0.158891
1626.000000 0.136349
1627.000000 0.139713
1628.000000 0.036722
1629.000000 0.187753
1630.000000 0.040283
1631.000000 0.131014
1632.000000 0.196497
1633.000000 0.185736
1634.000000 0.178556
1635.000000 0.234561
1636.000000 0.061084
1637.000000 0.214655
1638.000000 0.182783
1639.000000 0.292300
1640.000000 0.166803
1641.000000 0.031335
1642.000000 0.280079
1643.000000 0.025785
1644.000000 0.083050
1645.000000 0.155503
1646.000000 0.125186
1647.000000 0.200573
1648.000000 0.162311
1649.000000 0.202256
1650.000000 0.144292
1651.000000 0.107709
1652.000000 0.060526
1653.000000 0.087169
1654.000000 0.074883
1655.000000 0.226155
1656.000000 0.218821
1657.000000 0.253210
1658.000000 0.050768
1659.000000 0.221809
1660.000000 0.360122
1661.000000 0.167922
1662.000000 0.052839
1663.000000 0.146266
1664.000000 0.098669
1665.000000 0.158875
1666.000000 0.327118
1667.000000 0.155098
1668.000000 0.162711
1669.000000 0.045050
1670.000000 0.078455
1671.000000 0.164697
1672.000000 0.177340
1673.000000 0.153462
1674.000000 0.150805
1675.000000 0.237926
1676.000000 0.235335
1677.000000 0.115658
1678.000000 0.056423
1679.000000 0.117885
1680.000000 0.095116
1681.000000 0.173542
1682.000000 0.173389
1683.000000 0.112801
1684.000000 0.041937
1685.000000 0.081976
1686.000000 0.169736
1687.000000 0.100984
1688.000000 0.084209
1689.000000 0.067281
1690.000000 0.072968
1691.000000 0.123661
1692.000000 0.251632
1693.000000 0.057173
1694.000000 0.047606
1695.000000 0.059818
1696.000000 0.047594
1697.000000 0.119996
1698.000000 0.090172
1699.000000 0.224471
1700.000000 0.173758
1701.000000 0.124054
1702.000000 0.144723
1703.000000 0.070915
1704.000000 0.071487
1705.000000 0.066060
1706.000000 0.111100
1707.000000 0.051156
1708.000000 0.059471
1709.000000 0.081214
1710.000000 0.178148
1711.000000 0.003474
1712.000000 0.113524
1713.000000 0.229134
1714.000000 0.069238
1715.000000 0.119689
1716.000000 0.034343
1717.000000 0.240110
1718.000000 0.045177
1719.000000 0.222899
1720.000000 0.096227
1721.000000 0.106474
1722.000000 0.125873
1723.000000 0.052943
1724.000000 0.147975
1725.000000 0.065127
1726.000000 0.079314
1727.000000 0.011454
1728.000000 0.097932
1729.000000 0.102151
1730.000000 0.178730
1731.000000 0.055562
1732.000000 0.116251
1733.000000 0.163488
1734.000000 0.252210
1735.000000 0.138363
1736.000000 0.092377
1737.000000 0.007407
1738.000000 0.165449
1739.000000 0.059640
1740.000000 0.194204
1741.000000 0.120511
1742.000000 0.107384
1743.000000 0.043765
1744.000000 0.233046
1745.000000 0.158504
1746.000000 0.226716
1747.000000 0.229453
1748.000000 0.100385
1749.000000 0.272760
1750.000000 0.096047
1751.000000 0.099678
1752.000000 0.035347
1753.000000 0.019039
1754.000000 0.195155
1755.000000 0.175324
1756.000000 0.169549
1757.000000 0.330617
1758.000000 0.114684
1759.000000 0.063104
1760.000000 0.111041
1761.000000 0.141868
1762.000000 0.201507
1763.000000 0.086709
1764.000000 0.052032
1765.000000 0.250172
1766.000000 0.084474
1767.000000 0.105131
1768.000000 0.119546
1769.000000 0.100554
1770.000000 0.069083
1771.000000 0.106205
1772.000000 0.074349
1773.000000 0.090469
1774.000000 0.142431
1775.000000 0.187297
1776.000000 0.104340
1777.000000 0.118117
1778.000000 0.067020
1779.000000 0.093069
1780.000000 0.178960
1781.000000 0.100580
1782.000000 0.125517
1783.000000 0.190360
1784.000000 0.085276
1785.000000 0.236074
1786.000000 0.149801
1787.000000 0.166690
1788.000000 0.183166
1789.000000 0.053156
1790.000000 0.112792
1791.000000 0.071291
1792.000000 0.202563
1793.000000 0.141502
1794.000000 0.165434
1795.000000 0.172129
1796.000000 0.133400
1797.000000 0.143437
1798.000000 0.241690
1799.000000 0.271469
1800.000000 0.175994
1801.000000 0.134883
1802.000000 0.158928
1803.000000 0.105773
1804.000000 0.130207
1805.000000 0.162737
1806.000000 0.295877
1807.000000 0.108892
1808.000000 0.100779
1809.000000 0.149837
1810.000000 0.291528
1811.000000 0.193051
1812.000000 0.141745
1813.000000 0.049038
1814.000000 0.122105
1815.000000 0.123823
1816.000000 0.124837
1817.000000 0.098560
1818.000000 0.127616
1819.000000 0.176670
1820.000000 0.106024
1821.000000 0.415368
1822.000000 0.234703
1823.000000 0.075758
1824.000000 0.260736
1825.000000 0.202188
1826.000000 0.121909
1827.000000 0.028498
1828.000000 0.273452
1829.000000 0.126945
1830.000000 0.024919
1831.000000 0.208036
1832.000000 0.050603
1833.000000 0.234307
1834.000000 0.119075
1835.000000 0.090079
1836.000000 0.049727
1837.000000 0.107602
1838.000000 0.139375
1839.000000 0.188413
1840.000000 0.277186
1841.000000 0.090928
1842.000000 0.194183
1843.000000 0.096583
1844.000000 0.100968
1845.000000 0.118925
1846.000000 0.072749
1847.000000 0.207811
1848.000000 0.148364
1849.000000 0.103200
1850.000000 0.090781
1851.000000 0.035724
1852.000000 0.069780
1853.000000 0.128865
1854.000000 0.113767
1855.000000 0.171491
1856.000000 0.131244
1857.000000 0.044685
1858.000000 0.116306
1859.000000 0.029079
1860.000000 0.075386
1861.000000 0.149980
1862.000000 0.144118
1863.000000 0.020222
1864.000000 0.125840
1865.000000 0.084291
1866.000000 0.284183
1867.000000 0.167649
1868.000000 0.049657
1869.000000 0.044122
1870.000000 0.193424
1871.000000 0.040553
1872.000000 0.147789
1873.000000 0.126160
1874.000000 0.107000
1875.000000 0.097935
1876.000000 0.168816
1877.000000 0.186976
1878.000000 0.207627
1879.000000 0.180397
1880.000000 0.081244
1881.000000 0.014852
1882.000000 0.248765
1883.000000 0.243568
1884.000000 0.152302
1885.000000 0.068553
1886.000000 0.133249
1887.000000 0.103056
1888.000000 0.043289
1889.000000 0.239955
1890.000000 0.089945
1891.000000 0.070115
1892.000000 0.074697
1893.000000 0.110599
1894.000000 0.085577
1895.000000 0.120119
1896.000000 0.107114
1897.000000 0.261064
1898.000000 0.362175
1899.000000 0.069034
1900.000000 0.093442
1901.000000 0.162218
1902.000000 0.318275
1903.000000 0.249037
1904.000000 0.179476
1905.000000 0.178803
1906.000000 0.174276
1907.000000 0.225515
1908.000000 0.142327
1909.000000 0.031993
1910.000000 0.096297
1911.000000 0.082610
1912.000000 0.150754
1913.000000 0.172858
1914.000000 0.092070
1915.000000 0.032606
1916.000000 0.030277
1917.000000 0.051147
1918.000000 0.070509
1919.000000 0.105212
1920.000000 0.069009
1921.000000 0.230523
1922.000000 0.023392
1923.000000 0.149123
1924.000000 0.094986
1925.000000 0.066635
1926.000000 0.049323
1927.000000 0.070421
1928.000000 0.197838
1929.000000 0.092722
1930.000000 0.234842
1931.000000 0.106167
1932.000000 0.298881
1933.000000 0.151479
1934.000000 0.106889
1935.000000 0.168942
1936.000000 0.255771
1937.000000 0.055389
1938.000000 0.157935
1939.000000 0.188007
1940.000000 0.246412
1941.000000 0.134315
1942.000000 0.152773
1943.000000 0.207898
1944.000000 0.126963
1945.000000 0.065679
1946.000000 0.049432
1947.000000 0.092886
1948.000000 0.333103
1949.000000 0.024354
1950.000000 0.135641
1951.000000 0.054068
1952.000000 0.031479
1953.000000 0.203765
1954.000000 0.185735
1955.000000 0.221654
1956.000000 0.075242
1957.000000 0.133272
1958.000000 0.060866
1959.000000 0.119647
1960.000000 0.166129
1961.000000 0.127232
1962.000000 0.051793
1963.000000 0.039064
1964.000000 0.104528
1965.000000 0.120154
1966.000000 0.129078
1967.000000 0.086799
1968.000000 0.039637
1969.000000 0.061532
1970.000000 0.148288
1971.000000 0.183041
1972.000000 0.171533
1973.000000 0.204884
1974.000000 0.157365
1975.000000 0.299861
1976.000000 0.088207
1977.000000 0.075333
1978.000000 0.072094
1979.000000 0.171487
1980.000000 0.080557
1981.000000 0.198839
1982.000000 0.076160
1983.000000 0.079017
1984.000000 0.197968
1985.000000 0.091271
1986.000000 0.052499
1987.000000 0.171183
1988.000000 0.184164
1989.000000 0.132756
1990.000000 0.101348
1991.000000 0.187784
1992.000000 0.086230
1993.000000 0.069765
1994.000000 0.104976
1995.000000 0.092687
1996.000000 0.136392
1997.000000 0.205837
1998.000000 0.270854
1999.000000 0.223650
2000.000000 0.097271
2001.000000 0.146829
2002.000000 0.105203
2003.000000 0.190446
2004.000000 0.099998
2005.000000 0.215343
2006.000000 0.217201
2007.000000 0.269229
2008.000000 0.079425
2009.000000 0.109693
2010.000000 0.081883
2011.000000 0.111863
2012.000000 0.079432
2013.000000 0.170978
2014.000000 0.234497
2015.000000 0.241906
2016.000000 0.050834
2017.000000 0.104012
2018.000000 0.076034
2019.000000 0.108109
2020.000000 0.131991
2021.000000 0.130047
2022.000000 0.089338
2023.000000 0.214505
2024.000000 0.102176
2025.000000 0.043822
2026.000000 0.163030
2027.000000 0.159808
2028.000000 0.069252
2029.000000 0.085804
2030.000000 0.045922
2031.000000 0.088840
2032.000000 0.086863
2033.000000 0.110111
2034.000000 0.242061
2035.000000 0.193694
2036.000000 0.179855
2037.000000 0.014041
2038.000000 0.231298
2039.000000 0.180772
2040.000000 0.140113
2041.000000 0.099635
2042.000000 0.201227
2043.000000 0.098857
2044.000000 0.152952
2045.000000 0.110520
2046.000000 0.168164
2047.000000 0.159201
2048.000000 0.184391
2049.000000 0.067114
2050.000000 0.159962
2051.000000 0.057412
2052.000000 0.220939
2053.000000 0.180024
2054.000000 0.199270
2055.000000 0.073518
2056.000000 0.120377
2057.000000 0.064567
2058.000000 0.175690
2059.000000 0.057310
2060.000000 0.118861
2061.000000 0.181276
2062.000000 0.288485
2063.000000 0.065814
2064.000000 0.079646
2065.000000 0.015455
2066.000000 0.079817
2067.000000 0.069812
2068.000000 0.042274
2069.000000 0.259957
2070.000000 0.419649
2071.000000 0.134770
2072.000000 0.132001
2073.000000 0.092373
2074.000000 0.129635
2075.000000 0.127975
2076.000000 0.069365
2077.000000 0.027931
2078.000000 0.163128
2079.000000 0.086843
2080.000000 0.141047
2081.000000 0.055432
2082.000000 0.165956
2083.000000 0.131150
2084.000000 0.226742
2085.000000 0.190352
2086.000000 0.198021
2087.000000 0.064212
2088.000000 0.010218
2089.000000 0.221532
2090.000000 0.174534
2091.000000 0.063021
2092.000000 0.103309
2093.000000 0.105195
2094.000000 0.041413
2095.000000 0.161345
2096.000000 0.159918
2097.000000 0.163802
2098.000000 0.153356
2099.000000 0.045923
2100.000000 0.146388
2101.000000 0.054964
2102.000000 0.122599
2103.000000 0.071752
2104.000000 0.018949
2105.000000 0.138647
2106.000000 0.148020
2107.000000 0.179888
2108.000000 0.132779
2109.000000 0.098636
2110.000000 0.201236
2111.000000 0.303765
2112.000000 0.347657
2113.000000 0.239754
2114.000000 0.077844
2115.000000 0.209019
2116.000000 0.203381
2117.000000 0.156099
2118.000000 0.303186
2119.000000 0.122778
2120.000000 0.082421
2121.000000 0.105125
2122.000000 0.065487
2123.000000 0.030633
2124.000000 0.206779
2125.000000 0.167211
2126.000000 0.137598
2127.000000 0.186382
2128.000000 0.072267
2129.000000 0.034759
2130.000000 0.063484
2131.000000 0.031216
2132.000000 0.142317
2133.000000 0.151678
2134.000000 0.151113
2135.000000 0.087794
2136.000000 0.164515
2137.000000 0.145216
2138.000000 0.081478
2139.000000 0.179430
2140.000000 0.196903
2141.000000 0.073602
2142.000000 0.123547
2143.000000 0.073541
2144.000000 0.117586
2145.000000 0.166449
2146.000000 0.138025
2147.000000 0.167447
2148.000000 0.183731
2149.000000 0.111552
2150.000000 0.107616
2151.000000 0.040126
2152.000000 0.107242
2153.000000 0.144982
2154.000000 0.165433
2155.000000 0.201210
2156.000000 0.092180
2157.000000 0.215742
2158.000000 0.178397
2159.000000 0.023652
2160.000000 0.189371
2161.000000 0.023950
2162.000000 0.174473
2163.000000 0.062271
2164.000000 0.195172
2165.000000 0.082075
2166.000000 0.206607
2167.000000 0.116234
2168.000000 0.079225
2169.000000 0.178521
2170.000000 0.227288
2171.000000 0.114781
2172.000000 0.168135
2173.000000 0.177638
2174.000000 0.053247
2175.000000 0.120114
2176.000000 0.072781
2177.000000 0.079634
2178.000000 0.140575
2179.000000 0.274715
2180.000000 0.087533
2181.000000 0.090403
2182.000000 0.069294
2183.000000 0.124331
2184.000000 0.281801
2185.000000 0.106393
2186.000000 0.043342
2187.000000 0.234202
2188.000000 0.116743
2189.000000 0.121425
2190.000000 0.116562
2191.000000 0.139851
2192.000000 0.161844
2193.000000 0.213187
2194.000000 0.275404
2195.000000 0.121046
2196.000000 0.027468
2197.000000 0.151415
2198.000000 0.152908
2199.000000 0.151033
2200.000000 0.148277
2201.000000 0.118060
2202.000000 0.129354
2203.000000 0.213660
2204.000000 0.017419
2205.000000 0.055911
2206.000000 0.154452
2207.000000 0.026238
2208.000000 0.044257
2209.000000 0.092482
2210.000000 0.076056
2211.000000 0.179651
2212.000000 0.224824
2213.000000 0.123425
2214.000000 0.240166
2215.000000 0.226482
2216.000000 0.092725
2217.000000 0.076719
2218.000000 0.144386
2219.000000 0.116664
2220.000000 0.207543
2221.000000 0.106243
2222.000000 0.046160
2223.000000 0.195995
2224.000000 0.123796
2225.000000 0.112167
2226.000000 0.236936
2227.000000 0.042530
2228.000000 0.106946
2229.000000 0.125754
2230.000000 0.119035
2231.000000 0.143985
2232.000000 0.153356
2233.000000 0.093922
2234.000000 0.149022
2235.000000 0.131974
2236.000000 0.199324
2237.000000 0.179211
2238.000000 0.226575
2239.000000 0.318620
2240.000000 0.126671
2241.000000 0.092256
2242.000000 0.244977
2243.000000 0.041726
2244.000000 0.056165
2245.000000 0.144373
2246.000000 0.071764
2247.000000 0.104002
2248.000000 0.100048
2249.000000 0.206969
2250.000000 0.063682
2251.000000 0.048635
2252.000000 0.074236
2253.000000 0.200200
2254.000000 0.142704
2255.000000 0.075227
2256.000000 0.064205
2257.000000 0.126237
2258.000000 0.060471
2259.000000 0.097038
2260.000000 0.306633
2261.000000 0.303337
2262.000000 0.135654
2263.000000 0.168675
2264.000000 0.307283
2265.000000 0.231281
2266.000000 0.163253
2267.000000 0.120952
2268.000000 0.078669
2269.000000 0.093427
2270.000000 0.109109
2271.000000 0.283090
2272.000000 0.289348
2273.000000 0.222053
2274.000000 0.176053
2275.000000 0.074586
2276.000000 0.122643
2277.000000 0.096791
2278.000000 0.252787
2279.000000 0.135592
2280.000000 0.137022
2281.000000 0.057723
2282.000000 0.175579
2283.000000 0.045561
2284.000000 0.081289
2285.000000 0.061137
2286.000000 0.101354
2287.000000 0.267635
2288.000000 0.214777
2289.000000 0.026552
2290.000000 0.077001
2291.000000 0.069765
2292.000000 0.101542
2293.000000 0.257793
2294.000000 0.206913
2295.000000 0.150448
2296.000000 0.240937
2297.000000 0.150570
2298.000000 0.167534
2299.000000 0.223983
2300.000000 0.184160
2301.000000 0.054732
2302.000000 0.122894
2303.000000 0.107722
2304.000000 0.155044
2305.000000 0.036123
2306.000000 0.169345
2307.000000 0.080959
2308.000000 0.161217
2309.000000 0.070550
2310.000000 0.084958
2311.000000 0.111645
2312.000000 0.089299
2313.000000 0.165725
2314.000000 0.107180
2315.000000 0.026779
2316.000000 0.128026
2317.000000 0.168653
2318.000000 0.250328
2319.000000 0.061469
2320.000000 0.082399
2321.000000 0.154499
2322.000000 0.203168
2323.000000 0.118627
2324.000000 0.011362
2325.000000 0.045488
2326.000000 0.161368
2327.000000 0.199547
2328.000000 0.178319
2329.000000 0.024680
2330.000000 0.108702
2331.000000 0.058016
2332.000000 0.016069
2333.000000 0.054587
2334.000000 0.204761
2335.000000 0.200940
2336.000000 0.143315
2337.000000 0.383801
2338.000000 0.107118
2339.000000 0.046525
2340.000000 0.234104
2341.000000 0.107760
2342.000000 0.056846
2343.000000 0.129834
2344.000000 0.171380
2345.000000 0.103739
2346.000000 0.019947
2347.000000 0.147868
2348.000000 0.045039
2349.000000 0.055190
2350.000000 0.089882
2351.000000 0.230864
2352.000000 0.099582
2353.000000 0.079322
2354.000000 0.106440
2355.000000 0.094210
2356.000000 0.140172
2357.000000 0.125105
2358.000000 0.125076
2359.000000 0.043175
2360.000000 0.068457
2361.000000 0.259451
2362.000000 0.089267
2363.000000 0.123683
2364.000000 0.153776
2365.000000 0.184722
2366.000000 0.235349
2367.000000 0.277016
2368.000000 0.206313
2369.000000 0.091836
2370.000000 0.175569
2371.000000 0.269222
2372.000000 0.252759
2373.000000 0.061280
2374.000000 0.317615
2375.000000 0.188088
2376.000000 0.138270
2377.000000 0.021843
2378.000000 0.130848
2379.000000 0.213024
2380.000000 0.199290
2381.000000 0.146380
2382.000000 0.136006
2383.000000 0.167454
2384.000000 0.176599
2385.000000 0.166144
2386.000000 0.229036
2387.000000 0.134386
2388.000000 0.107942
2389.000000 0.144805
2390.000000 0.176052
2391.000000 0.149181
2392.000000 0.148309
2393.000000 0.068401
2394.000000 0.246521
2395.000000 0.210256
2396.000000 0.150076
2397.000000 0.139639
2398.000000 0.158617
2399.000000 0.094952
2400.000000 0.226966
2401.000000 0.022584
2402.000000 0.255081
2403.000000 0.092568
2404.000000 0.162171
2405.000000 0.068474
2406.000000 0.208455
2407.000000 0.040956
2408.000000 0.083323
2409.000000 0.078285
2410.000000 0.151135
2411.000000 0.253665
2412.000000 0.146039
2413.000000 0.082899
2414.000000 0.073270
2415.000000 0.201008
2416.000000 0.316621
2417.000000 0.182820
2418.000000 0.112281
2419.000000 0.051213
2420.000000 0.239932
2421.000000 0.132041
2422.000000 0.141244
2423.000000 0.129871
2424.000000 0.219044
2425.000000 0.168280
2426.000000 0.133983
2427.000000 0.275400
2428.000000 0.137004
2429.000000 0.160166
2430.000000 0.052915
2431.000000 0.164835
2432.000000 0.249422
2433.000000 0.173074
2434.000000 0.148578
2435.000000 0.143699
2436.000000 0.096502
2437.000000 0.231529
2438.000000 0.164730
2439.000000 0.150524
2440.000000 0.172081
2441.000000 0.227114
2442.000000 0.085508
2443.000000 0.084464
2444.000000 0.298587
2445.000000 0.183273
2446.000000 0.217903
2447.000000 0.073417
2448.000000 0.083094
2449.000000 0.084491
2450.000000 0.247673
2451.000000 0.117901
2452.000000 0.211183
2453.000000 0.231892
2454.000000 0.188250
2455.000000 0.144009
2456.000000 0.209271
2457.000000 0.117646
2458.000000 0.209273
2459.000000 0.151148
2460.000000 0.063653
2461.000000 0.057235
2462.000000 0.143752
2463.000000 0.048114
2464.000000 0.098219
2465.000000 0.089744
2466.000000 0.036917
2467.000000 0.141491
2468.000000 0.202410
2469.000000 0.184796
2470.000000 0.075381
2471.000000 0.144208
2472.000000 0.129967
2473.000000 0.102462
2474.000000 0.076561
2475.000000 0.195068
2476.000000 0.223095
2477.000000 0.131295
2478.000000 0.063206
2479.000000 0.099151
2480.000000 0.066461
2481.000000 0.084934
2482.000000 0.076007
2483.000000 0.113755
2484.000000 0.120797
2485.000000 0.285617
2486.000000 0.158753
2487.000000 0.261328
2488.000000 0.131010
2489.000000 0.092431
2490.000000 0.065050
2491.000000 0.090766
2492.000000 0.073111
2493.000000 0.183434
2494.000000 0.158716
2495.000000 0.077139
2496.000000 0.193658
2497.000000 0.101212
2498.000000 0.177985
2499.000000 0.131364
2500.000000 0.106247
2501.000000 0.170023
2502.000000 0.294490
2503.000000 0.144735
2504.000000 0.252091
2505.000000 0.150938
2506.000000 0.219383
2507.000000 0.189022
2508.000000 0.061648
2509.000000 0.148170
2510.000000 0.079330
2511.000000 0.142140
2512.000000 0.133887
2513.000000 0.276853
2514.000000 0.267332
2515.000000 0.044371
2516.000000 0.227605
2517.000000 0.055526
2518.000000 0.039951
2519.000000 0.156105
2520.000000 0.073600
2521.000000 0.138291
2522.000000 0.103112
2523.000000 0.095993
2524.000000 0.062596
2525.000000 0.086776
2526.000000 0.037685
2527.000000 0.213367
2528.000000 0.032208
2529.000000 0.051247
2530.000000 0.087108
2531.000000 0.063079
2532.000000 0.133918
2533.000000 0.146310
2534.000000 0.207618
2535.000000 0.047791
2536.000000 0.014108
2537.000000 0.087253
2538.000000 0.102450
2539.000000 0.267551
2540.000000 0.180556
2541.000000 0.056167
2542.000000 0.112524
2543.000000 0.105669
2544.000000 0.216186
2545.000000 0.070838
2546.000000 0.111784
2547.000000 0.163881
2548.000000 0.279522
2549.000000 0.169721
2550.000000 0.184870
2551.000000 0.064405
2552.000000 0.043369
2553.000000 0.128273
2554.000000 0.108850
2555.000000 0.111976
2556.000000 0.029960
2557.000000 0.033494
2558.000000 0.217272
2559.000000 0.107838
2560.000000 0.125201
2561.000000 0.170473
2562.000000 0.082298
2563.000000 0.087391
2564.000000 0.128223
2565.000000 0.322984
2566.000000 0.064050
2567.000000 0.100216
2568.000000 0.306300
2569.000000 0.165012
2570.000000 0.335932
2571.000000 0.108193
2572.000000 0.174085
2573.000000 0.131163
2574.000000 0.116087
2575.000000 0.175758
2576.000000 0.171183
2577.000000 0.140231
2578.000000 0.198352
2579.000000 0.237273
2580.000000 0.316786
2581.000000 0.135319
2582.000000 0.090179
2583.000000 0.015279
2584.000000 0.151794
2585.000000 0.103303
2586.000000 0.112755
2587.000000 0.015517
2588.000000 0.060115
2589.000000 0.217186
2590.000000 0.138894
2591.000000 0.217435
2592.000000 0.125688
2593.000000 0.140691
2594.000000 0.022554
2595.000000 0.106430
2596.000000 0.232355
2597.000000 0.068433
2598.000000 0.110981
2599.000000 0.273594
2600.000000 0.052673
2601.000000 0.036297
2602.000000 0.274405
2603.000000 0.182407
2604.000000 0.106947
2605.000000 0.073678
2606.000000 0.163092
2607.000000 0.104264
2608.000000 0.081666
2609.000000 0.166868
2610.000000 0.060893
2611.000000 0.107331
2612.000000 0.173278
2613.000000 0.160523
2614.000000 0.271148
2615.000000 0.159472
2616.000000 0.211183
2617.000000 0.148497
2618.000000 0.126272
2619.000000 0.100837
2620.000000 0.061224
2621.000000 0.062116
2622.000000 0.128032
2623.000000 0.313060
2624.000000 0.247123
2625.000000 0.062528
2626.000000 0.180664
2627.000000 0.081383
2628.000000 0.017258
2629.000000 0.147657
2630.000000 0.136548
2631.000000 0.105705
2632.000000 0.089464
2633.000000 0.278209
2634.000000 0.103489
2635.000000 0.172932
2636.000000 0.030599
2637.000000 0.142635
2638.000000 0.199722
2639.000000 0.009407
2640.000000 0.123954
2641.000000 0.049577
2642.000000 0.296564
2643.000000 0.082437
2644.000000 0.176431
2645.000000 0.191009
2646.000000 0.187941
2647.000000 0.124132
2648.000000 0.117477
2649.000000 0.127963
2650.000000 0.033038
2651.000000 0.142984
2652.000000 0.113232
2653.000000 0.112981
2654.000000 0.144770
2655.000000 0.052438
2656.000000 0.111793
2657.000000 0.071746
2658.000000 0.113966
2659.000000 0.171677
2660.000000 0.080447
2661.000000 0.053342
2662.000000 0.077389
2663.000000 0.198452
2664.000000 0.193311
2665.000000 0.210477
2666.000000 0.257897
2667.000000 0.137613
2668.000000 0.157171
2669.000000 0.195495
2670.000000 0.129334
2671.000000 0.177195
2672.000000 0.130619
2673.000000 0.244748
2674.000000 0.087230
2675.000000 0.166673
2676.000000 0.225611
2677.000000 0.202866
2678.000000 0.180464
2679.000000 0.012753
2680.000000 0.190566
2681.000000 0.179310
2682.000000 0.216499
2683.000000 0.066525
2684.000000 0.158468
2685.000000 0.100083
2686.000000 0.229848
2687.000000 0.150193
2688.000000 0.256557
2689.000000 0.098910
2690.000000 0.069635
2691.000000 0.045009
2692.000000 0.026136
2693.000000 0.139469
2694.000000 0.167113
2695.000000 0.150931
2696.000000 0.053892
2697.000000 0.140498
2698.000000 0.116330
2699.000000 0.146014
2700.000000 0.207803
2701.000000 0.165002
2702.000000 0.241624
2703.000000 0.229574
2704.000000 0.217751
2705.000000 0.154713
2706.000000 0.175284
2707.000000 0.336103
2708.000000 0.277142
2709.000000 0.218454
2710.000000 0.102548
2711.000000 0.118724
2712.000000 0.219629
2713.000000 0.172009
2714.000000 0.148141
2715.000000 0.117224
2716.000000 0.081432
2717.000000 0.194893
2718.000000 0.188846
2719.000000 0.036797
2720.000000 0.058484
2721.000000 0.218650
2722.000000 0.038326
2723.000000 0.115574
2724.000000 0.199300
2725.000000 0.236400
2726.000000 0.112766
2727.000000 0.119314
2728.000000 0.182401
2729.000000 0.172831
2730.000000 0.059809
2731.000000 0.069311
2732.000000 0.123107
2733.000000 0.059478
2734.000000 0.090652
2735.000000 0.037302
2736.000000 0.086703
2737.000000 0.185137
2738.000000 0.240509
2739.000000 0.188427
2740.000000 0.084790
2741.000000 0.088167
2742.000000 0.172695
2743.000000 0.185886
2744.000000 0.071106
2745.000000 0.258483
2746.000000 0.123436
2747.000000 0.090816
2748.000000 0.064766
2749.000000 0.142181
2750.000000 0.219786
2751.000000 0.190289
2752.000000 0.135947
2753.000000 0.066078
2754.000000 0.059763
2755.000000 0.198814
2756.000000 0.133140
2757.000000 0.209359
2758.000000 0.143719
2759.000000 0.223887
2760.000000 0.131176
2761.000000 0.132577
2762.000000 0.193075
2763.000000 0.178497
2764.000000 0.043317
2765.000000 0.184984
2766.000000 0.045177
2767.000000 0.050234
2768.000000 0.191500
2769.000000 0.163900
2770.000000 0.166385
2771.000000 0.177768
2772.000000 0.156842
2773.000000 0.179783
2774.000000 0.296693
2775.000000 0.095306
2776.000000 0.148339
2777.000000 0.106311
2778.000000 0.094203
2779.000000 0.039603
2780.000000 0.270504
2781.000000 0.078734
2782.000000 0.091656
2783.000000 0.334099
2784.000000 0.210811
2785.000000 0.084852
2786.000000 0.039183
2787.000000 0.163223
2788.000000 0.215330
2789.000000 0.159154
2790.000000 0.229387
2791.000000 0.159931
2792.000000 0.122496
2793.000000 0.056750
2794.000000 0.052070
2795.000000 0.173381
2796.000000 0.035614
2797.000000 0.226393
2798.000000 0.129537
2799.000000 0.120479
2800.000000 0.238501
2801.000000 0.247789
2802.000000 0.092096
2803.000000 0.039825
2804.000000 0.151963
2805.000000 0.061176
2806.000000 0.220289
2807.000000 0.271985
2808.000000 0.157332
2809.000000 0.029632
2810.000000 0.060627
2811.000000 0.120025
2812.000000 0.181345
2813.000000 0.197779
2814.000000 0.184099
2815.000000 0.042673
2816.000000 0.041077
2817.000000 0.188216
2818.000000 0.177053
2819.000000 0.109339
2820.000000 0.059781
2821.000000 0.054704
2822.000000 0.197022
2823.000000 0.168936
2824.000000 0.310165
2825.000000 0.259863
2826.000000 0.077957
2827.000000 0.052524
2828.000000 0.045836
2829.000000 0.164314
2830.000000 0.191595
2831.000000 0.188042
2832.000000 0.049084
2833.000000 0.153311
2834.000000 0.194961
2835.000000 0.106081
2836.000000 0.127428
2837.000000 0.253440
2838.000000 0.239929
2839.000000 0.131757
2840.000000 0.185630
2841.000000 0.180197
2842.000000 0.218837
2843.000000 0.144998
2844.000000 0.258122
2845.000000 0.204756
2846.000000 0.266948
2847.000000 0.093634
2848.000000 0.223471
2849.000000 0.085926
2850.000000 0.172472
2851.000000 0.274532
2852.000000 0.120458
2853.000000 0.040396
2854.000000 0.290763
2855.000000 0.078062
2856.000000 0.179137
2857.000000 0.286170
2858.000000 0.123841
2859.000000 0.069815
2860.000000 0.116494
2861.000000 0.034766
2862.000000 0.062366
2863.000000 0.053174
2864.000000 0.084064
2865.000000 0.104874
2866.000000 0.170755
2867.000000 0.187478
2868.000000 0.113983
2869.000000 0.095545
2870.000000 0.042407
2871.000000 0.241615
2872.000000 0.034854
2873.000000 0.033020
2874.000000 0.056212
2875.000000 0.153320
2876.000000 0.048065
2877.000000 0.127543
2878.000000 0.099171
2879.000000 0.095824
2880.000000 0.200032
2881.000000 0.133828
2882.000000 0.050263
2883.000000 0.019280
2884.000000 0.116562
2885.000000 0.281491
2886.000000 0.200104
2887.000000 0.111285
2888.000000 0.169732
2889.000000 0.176959
2890.000000 0.230257
2891.000000 0.110016
2892.000000 0.150900
2893.000000 0.140145
2894.000000 0.128320
2895.000000 0.213499
2896.000000 0.140135
2897.000000 0.157196
2898.000000 0.212463
2899.000000 0.202109
2900.000000 0.048455
2901.000000 0.212566
2902.000000 0.232682
2903.000000 0.077964
2904.000000 0.170499
2905.000000 0.146793
2906.000000 0.155717
2907.000000 0.091288
2908.000000 0.074580
2909.000000 0.125298
2910.000000 0.088595
2911.000000 0.177916
2912.000000 0.101161
2913.000000 0.141815
2914.000000 0.238511
2915.000000 0.368662
2916.000000 0.111784
2917.000000 0.135523
2918.000000 0.115999
2919.000000 0.103883
2920.000000 0.146338
2921.000000 0.075326
2922.000000 0.074392
2923.000000 0.081480
2924.000000 0.071758
2925.000000 0.105138
2926.000000 0.009335
2927.000000 0.119311
2928.000000 0.084904
2929.000000 0.103557
2930.000000 0.146541
2931.000000 0.214416
2932.000000 0.151824
2933.000000 0.086178
2934.000000 0.194993
2935.000000 0.182736
2936.000000 0.203838
2937.000000 0.186221
2938.000000 0.095323
2939.000000 0.079188
2940.000000 0.192282
2941.000000 0.165322
2942.000000 0.033664
2943.000000 0.063119
2944.000000 0.116872
2945.000000 0.065916
2946.000000 0.266874
2947.000000 0.232228
2948.000000 0.144055
2949.000000 0.176303
2950.000000 0.151090
2951.000000 0.182042
2952.000000 0.053942
2953.000000 0.035667
2954.000000 0.072962
2955.000000 0.045469
2956.000000 0.122173
2957.000000 0.102822
2958.000000 0.174919
2959.000000 0.089538
2960.000000 0.174703
2961.000000 0.062458
2962.000000 0.062339
2963.000000 0.173676
2964.000000 0.281909
2965.000000 0.262626
2966.000000 0.265303
2967.000000 0.066182
2968.000000 0.051436
2969.000000 0.075419
2970.000000 0.068693
2971.000000 0.144582
2972.000000 0.158048
2973.000000 0.217260
2974.000000 0.105613
2975.000000 0.181922
2976.000000 0.117782
2977.000000 0.044823
2978.000000 0.102048
2979.000000 0.115178
2980.000000 0.096644
2981.000000 0.141618
2982.000000 0.127162
2983.000000 0.236826
2984.000000 0.095079
2985.000000 0.126157
2986.000000 0.069782
2987.000000 0.097393
2988.000000 0.178213
2989.000000 0.078423
2990.000000 0.234715
2991.000000 0.128151
2992.000000 0.105195
2993.000000 0.123774
2994.000000 0.032595
2995.000000 0.044633
2996.000000 0.040860
2997.000000 0.152236
2998.000000 0.064944
2999.000000 0.156877
3000.000000 0.162557
