10.000000 0.135776
20.000000 0.252007
30.000000 0.094616
40.000000 0.075396
50.000000 0.169827
60.000000 0.034684
70.000000 0.149229
80.000000 0.187317
90.000000 0.077405
100.000000 0.024899
110.000000 0.029130
120.000000 0.071618
130.000000 0.205645
140.000000 0.226965
150.000000 0.099409
160.000000 0.274054
170.000000 0.064280
180.000000 0.152375
190.000000 0.165553
200.000000 0.023753
210.000000 0.223399
220.000000 0.225078
230.000000 0.101892
240.000000 0.245165
250.000000 0.146326
260.000000 0.110925
270.000000 0.148219
280.000000 0.243301
290.000000 0.134562
300.000000 0.292155
310.000000 0.215158
320.000000 0.070121
330.000000 0.247270
340.000000 0.223970
350.000000 0.143841
360.000000 0.166312
370.000000 0.075002
380.000000 0.219044
390.000000 0.019523
400.000000 0.109311
410.000000 0.073806
420.000000 0.146722
430.000000 0.060528
440.000000 0.035405
450.000000 0.334589
460.000000 0.123306
470.000000 0.160498
480.000000 0.152261
490.000000 0.115509
500.000000 0.043308
510.000000 0.047280
520.000000 0.269312
530.000000 0.234585
540.000000 0.060313
550.000000 0.225978
560.000000 0.117316
570.000000 0.189918
580.000000 0.062135
590.000000 0.144850
600.000000 0.077078
610.000000 0.134424
620.000000 0.060852
630.000000 0.163512
640.000000 0.227319
650.000000 0.107032
660.000000 0.251041
670.000000 0.036564
680.000000 0.157442
690.000000 0.160087
700.000000 0.037615
710.000000 0.200199
720.000000 0.047967
730.000000 0.186231
740.000000 0.067177
750.000000 0.072612
760.000000 0.107294
770.000000 0.044863
780.000000 0.144318
790.000000 0.179309
800.000000 0.060637
810.000000 0.090547
820.000000 0.073307
830.000000 0.105169
840.000000 0.238129
850.000000 0.118188
860.000000 0.223860
870.000000 0.112398
880.000000 0.225066
890.000000 0.172585
900.000000 0.061538
910.000000 0.235569
920.000000 0.050263
930.000000 0.283863
940.000000 0.098849
950.000000 0.159118
960.000000 0.070223
970.000000 0.137120
980.000000 0.078157
990.000000 0.234587
1000.000000 0.334213
