0.000000 0.072888
1.000000 0.069138
2.000000 0.088176
3.000000 0.016903
4.000000 0.096055
5.000000 0.018871
6.000000 0.053974
7.000000 0.033807
8.000000 0.144054
9.000000 0.089505
10.000000 0.057336
11.000000 0.046740
12.000000 0.047799
13.000000 0.019180
14.000000 0.108433
15.000000 0.095049
16.000000 0.055333
17.000000 0.068495
18.000000 0.043811
19.000000 0.137434
20.000000 0.062681
21.000000 0.124798
22.000000 0.011958
23.000000 0.073589
24.000000 0.047593
25.000000 0.133019
26.000000 0.131665
27.000000 0.063837
28.000000 0.078377
29.000000 0.068141
30.000000 0.111094
31.000000 0.096585
32.000000 0.166439
33.000000 0.078772
34.000000 0.090091
35.000000 0.021971
36.000000 0.129498
37.000000 0.090069
38.000000 0.086451
39.000000 0.050523
40.000000 0.027913
41.000000 0.162007
42.000000 0.098352
43.000000 0.124231
44.000000 0.145959
45.000000 0.075463
46.000000 0.071412
47.000000 0.069496
48.000000 0.013680
49.000000 0.068461
50.000000 0.112174
51.000000 0.076325
52.000000 0.182805
53.000000 0.102451
54.000000 0.049377
55.000000 0.103602
56.000000 0.107013
57.000000 0.076561
58.000000 0.119120
59.000000 0.120450
60.000000 0.073102
61.000000 0.117615
62.000000 0.042789
63.000000 0.162523
64.000000 0.114695
65.000000 0.046556
66.000000 0.047135
67.000000 0.075084
68.000000 0.069486
69.000000 0.099464
70.000000 0.090863
71.000000 0.111204
72.000000 0.022959
73.000000 0.116364
74.000000 0.111003
75.000000 0.090996
76.000000 0.196205
77.000000 0.067732
78.000000 0.112689
79.000000 0.014209
80.000000 0.097480
81.000000 0.068485
82.000000 0.051104
83.000000 0.102907
84.000000 0.134067
85.000000 0.051982
86.000000 0.096466
87.000000 0.092709
88.000000 0.077873
89.000000 0.075199
90.000000 0.115414
91.000000 0.102382
92.000000 0.090479
93.000000 0.116787
94.000000 0.027127
95.000000 0.032211
96.000000 0.043774
97.000000 0.042479
98.000000 0.069905
99.000000 0.024901
100.000000 0.021337
101.000000 0.157203
102.000000 0.091002
103.000000 0.043547
104.000000 0.061096
105.000000 0.120640
106.000000 0.022675
107.000000 0.071615
108.000000 0.030552
109.000000 0.060657
110.000000 0.120464
111.000000 0.094108
112.000000 0.131444
113.000000 0.109981
114.000000 0.119047
115.000000 0.040778
116.000000 0.170439
117.000000 0.129517
118.000000 0.023922
119.000000 0.117819
120.000000 0.017019
121.000000 0.030690
122.000000 0.146071
123.000000 0.036652
124.000000 0.073229
125.000000 0.095198
126.000000 0.093445
127.000000 0.043983
128.000000 0.017008
129.000000 0.117952
130.000000 0.060929
131.000000 0.007676
132.000000 0.032026
133.000000 0.035023
134.000000 0.024370
135.000000 0.146810
136.000000 0.200636
137.000000 0.049712
138.000000 0.057502
139.000000 0.103926
140.000000 0.043907
141.000000 0.102725
142.000000 0.155714
143.000000 0.020510
144.000000 0.104828
145.000000 0.076205
146.000000 0.097344
147.000000 0.038968
148.000000 0.024406
149.000000 0.025611
150.000000 0.105272
151.000000 0.098317
152.000000 0.088431
153.000000 0.126126
154.000000 0.019985
155.000000 0.087466
156.000000 0.122725
157.000000 0.017985
158.000000 0.063444
159.000000 0.111033
160.000000 0.037391
161.000000 0.060990
162.000000 0.136748
163.000000 0.099357
164.000000 0.044569
165.000000 0.097377
166.000000 0.110319
167.000000 0.037095
168.000000 0.102154
169.000000 0.025647
170.000000 0.084757
171.000000 0.096582
172.000000 0.090137
173.000000 0.047283
174.000000 0.036715
175.000000 0.029447
176.000000 0.090187
177.000000 0.140784
178.000000 0.138300
179.000000 0.089787
180.000000 0.105564
181.000000 0.048600
182.000000 0.103863
183.000000 0.078093
184.000000 0.017886
185.000000 0.157886
186.000000 0.139261
187.000000 0.115840
188.000000 0.087430
189.000000 0.110120
190.000000 0.115710
191.000000 0.147256
192.000000 0.133177
193.000000 0.034162
194.000000 0.081200
195.000000 0.095129
196.000000 0.121529
197.000000 0.074121
198.000000 0.172349
199.000000 0.083936
200.000000 0.128763
201.000000 0.165522
202.000000 0.123073
203.000000 0.061212
204.000000 0.116998
205.000000 0.160200
206.000000 0.106733
207.000000 0.197018
208.000000 0.116193
209.000000 0.048272
210.000000 0.055705
211.000000 0.181930
212.000000 0.125889
213.000000 0.018615
214.000000 0.135305
215.000000 0.090243
216.000000 0.049165
217.000000 0.116713
218.000000 0.074901
219.000000 0.016050
220.000000 0.036354
221.000000 0.115903
222.000000 0.079608
223.000000 0.042769
224.000000 0.057904
225.000000 0.072847
226.000000 0.073767
227.000000 0.121575
228.000000 0.099538
229.000000 0.091440
230.000000 0.018262
231.000000 0.041963
232.000000 0.166481
233.000000 0.034931
234.000000 0.067544
235.000000 0.000773
236.000000 0.088711
237.000000 0.071525
238.000000 0.064869
239.000000 0.061996
240.000000 0.034637
241.000000 0.052740
242.000000 0.006358
243.000000 0.099449
244.000000 0.021690
245.000000 0.091434
246.000000 0.111007
247.000000 0.090043
248.000000 0.072670
249.000000 0.145680
250.000000 0.125247
251.000000 0.089919
252.000000 0.044751
253.000000 0.008618
254.000000 0.081815
255.000000 0.065479
256.000000 0.014261
257.000000 0.056924
258.000000 0.099853
259.000000 0.150722
260.000000 0.105718
261.000000 0.112119
262.000000 0.130814
263.000000 0.091612
264.000000 0.048053
265.000000 0.079226
266.000000 0.086680
267.000000 0.066888
268.000000 0.067068
269.000000 0.028191
270.000000 0.004745
271.000000 0.044393
272.000000 0.127282
273.000000 0.061615
274.000000 0.124158
275.000000 0.061228
276.000000 0.081941
277.000000 0.084247
278.000000 0.084281
279.000000 0.080864
280.000000 0.047872
281.000000 0.084850
282.000000 0.125670
283.000000 0.080039
284.000000 0.056793
285.000000 0.065326
286.000000 0.051894
287.000000 0.046992
288.000000 0.040664
289.000000 0.103491
290.000000 0.066877
291.000000 0.079747
292.000000 0.114679
293.000000 0.100514
294.000000 0.068930
295.000000 0.187711
296.000000 0.015848
297.000000 0.123578
298.000000 0.250703
299.000000 0.022123
300.000000 0.085700
301.000000 0.008036
302.000000 0.031739
303.000000 0.114758
304.000000 0.056976
305.000000 0.087023
306.000000 0.020318
307.000000 0.158644
308.000000 0.093409
309.000000 0.075563
310.000000 0.073168
311.000000 0.051796
312.000000 0.183298
313.000000 0.007162
314.000000 0.007487
315.000000 0.109971
316.000000 0.023580
317.000000 0.075139
318.000000 0.171629
319.000000 0.122462
320.000000 0.043819
321.000000 0.115211
322.000000 0.152680
323.000000 0.075192
324.000000 0.076338
325.000000 0.045832
326.000000 0.082270
327.000000 0.116735
328.000000 0.054133
329.000000 0.067626
330.000000 0.154669
331.000000 0.131181
332.000000 0.067925
333.000000 0.036484
334.000000 0.029408
335.000000 0.042540
336.000000 0.119323
337.000000 0.091796
338.000000 0.059487
339.000000 0.179853
340.000000 0.079081
341.000000 0.094813
342.000000 0.062115
343.000000 0.057582
344.000000 0.072179
345.000000 0.045279
346.000000 0.149634
347.000000 0.101254
348.000000 0.117316
349.000000 0.089336
350.000000 0.028758
351.000000 0.087397
352.000000 0.127509
353.000000 0.122139
354.000000 0.186643
355.000000 0.053598
356.000000 0.099065
357.000000 0.184550
358.000000 0.078991
359.000000 0.043738
360.000000 0.098763
361.000000 0.071958
362.000000 0.069876
363.000000 0.088605
364.000000 0.040892
365.000000 0.109354
366.000000 0.144804
367.000000 0.043315
368.000000 0.064123
369.000000 0.097453
370.000000 0.116339
371.000000 0.058586
372.000000 0.093292
373.000000 0.071581
374.000000 0.028103
375.000000 0.079273
376.000000 0.042268
377.000000 0.051391
378.000000 0.148011
379.000000 0.112557
380.000000 0.037151
381.000000 0.076667
382.000000 0.144120
383.000000 0.053798
384.000000 0.103283
385.000000 0.122399
386.000000 0.099395
387.000000 0.091800
388.000000 0.087851
389.000000 0.147768
390.000000 0.031457
391.000000 0.095502
392.000000 0.025399
393.000000 0.087282
394.000000 0.009068
395.000000 0.094565
396.000000 0.076079
397.000000 0.137286
398.000000 0.047493
399.000000 0.085609
400.000000 0.130014
401.000000 0.127306
402.000000 0.025242
403.000000 0.039928
404.000000 0.138520
405.000000 0.037286
406.000000 0.020755
407.000000 0.078950
408.000000 0.019162
409.000000 0.089077
410.000000 0.067738
411.000000 0.102778
412.000000 0.069400
413.000000 0.105606
414.000000 0.091926
415.000000 0.052356
416.000000 0.102778
417.000000 0.123567
418.000000 0.013586
419.000000 0.049118
420.000000 0.131912
421.000000 0.039961
422.000000 0.045078
423.000000 0.060041
424.000000 0.102612
425.000000 0.025183
426.000000 0.170623
427.000000 0.131644
428.000000 0.028627
429.000000 0.082780
430.000000 0.041181
431.000000 0.081153
432.000000 0.128026
433.000000 0.072660
434.000000 0.044478
435.000000 0.099570
436.000000 0.023368
437.000000 0.130892
438.000000 0.027483
439.000000 0.087875
440.000000 0.117561
441.000000 0.047845
442.000000 0.050236
443.000000 0.098328
444.000000 0.137165
445.000000 0.036135
446.000000 0.038508
447.000000 0.014396
448.000000 0.071170
449.000000 0.103482
450.000000 0.064468
451.000000 0.088036
452.000000 0.099127
453.000000 0.046566
454.000000 0.171357
455.000000 0.129842
456.000000 0.046272
457.000000 0.043144
458.000000 0.053108
459.000000 0.090767
460.000000 0.050850
461.000000 0.044458
462.000000 0.103911
463.000000 0.039760
464.000000 0.153326
465.000000 0.109897
466.000000 0.088976
467.000000 0.137017
468.000000 0.128586
469.000000 0.079611
470.000000 0.012126
471.000000 0.043814
472.000000 0.073859
473.000000 0.107513
474.000000 0.071596
475.000000 0.022742
476.000000 0.077123
477.000000 0.073374
478.000000 0.063106
479.000000 0.063984
480.000000 0.023777
481.000000 0.127263
482.000000 0.155313
483.000000 0.071354
484.000000 0.095224
485.000000 0.135920
486.000000 0.100581
487.000000 0.065361
488.000000 0.176648
489.000000 0.032547
490.000000 0.120133
491.000000 0.077619
492.000000 0.046057
493.000000 0.157796
494.000000 0.037192
495.000000 0.067597
496.000000 0.279396
497.000000 0.068862
498.000000 0.028620
499.000000 0.012662
500.000000 0.048539
501.000000 0.086653
502.000000 0.045832
503.000000 0.079538
504.000000 0.014274
505.000000 0.075568
506.000000 0.150787
507.000000 0.057971
508.000000 0.123946
509.000000 0.140453
510.000000 0.075281
511.000000 0.126843
512.000000 0.098782
513.000000 0.073044
514.000000 0.023548
515.000000 0.081968
516.000000 0.046236
517.000000 0.018409
518.000000 0.118613
519.000000 0.094818
520.000000 0.104329
521.000000 0.073749
522.000000 0.046242
523.000000 0.026325
524.000000 0.045829
525.000000 0.133373
526.000000 0.115554
527.000000 0.085470
528.000000 0.086847
529.000000 0.116400
530.000000 0.027313
531.000000 0.055823
532.000000 0.131683
533.000000 0.042292
534.000000 0.041307
535.000000 0.164497
536.000000 0.096586
537.000000 0.029572
538.000000 0.103407
539.000000 0.078426
540.000000 0.026828
541.000000 0.088753
542.000000 0.119130
543.000000 0.062678
544.000000 0.109789
545.000000 0.114268
546.000000 0.053648
547.000000 0.117608
548.000000 0.087959
549.000000 0.052296
550.000000 0.031007
551.000000 0.018250
552.000000 0.082672
553.000000 0.077370
554.000000 0.105555
555.000000 0.035357
556.000000 0.094039
557.000000 0.054360
558.000000 0.071344
559.000000 0.097870
560.000000 0.134633
561.000000 0.048738
562.000000 0.085270
563.000000 0.023042
564.000000 0.019462
565.000000 0.160425
566.000000 0.087656
567.000000 0.054558
568.000000 0.051699
569.000000 0.042979
570.000000 0.064511
571.000000 0.029323
572.000000 0.070045
573.000000 0.080950
574.000000 0.013372
575.000000 0.181596
576.000000 0.107320
577.000000 0.010572
578.000000 0.082135
579.000000 0.069497
580.000000 0.105954
581.000000 0.060310
582.000000 0.118585
583.000000 0.100914
584.000000 0.084446
585.000000 0.027197
586.000000 0.032391
587.000000 0.025132
588.000000 0.213638
589.000000 0.114840
590.000000 0.107473
591.000000 0.111364
592.000000 0.063171
593.000000 0.074236
594.000000 0.050144
595.000000 0.093594
596.000000 0.114849
597.000000 0.061189
598.000000 0.109405
599.000000 0.105538
600.000000 0.136832
601.000000 0.035191
602.000000 0.097677
603.000000 0.058689
604.000000 0.100377
605.000000 0.037988
606.000000 0.070345
607.000000 0.101392
608.000000 0.069794
609.000000 0.084826
610.000000 0.040481
611.000000 0.034869
612.000000 0.051730
613.000000 0.088614
614.000000 0.149074
615.000000 0.161042
616.000000 0.081644
617.000000 0.128351
618.000000 0.075889
619.000000 0.038551
620.000000 0.012995
621.000000 0.074613
622.000000 0.073687
623.000000 0.077149
624.000000 0.064468
625.000000 0.043825
626.000000 0.090768
627.000000 0.099747
628.000000 0.087378
629.000000 0.069761
630.000000 0.064294
631.000000 0.066932
632.000000 0.060184
633.000000 0.106452
634.000000 0.095101
635.000000 0.033618
636.000000 0.154736
637.000000 0.055951
638.000000 0.041949
639.000000 0.052579
640.000000 0.104602
641.000000 0.119968
642.000000 0.008835
643.000000 0.094098
644.000000 0.059645
645.000000 0.094325
646.000000 0.097677
647.000000 0.131325
648.000000 0.038204
649.000000 0.146886
650.000000 0.128461
651.000000 0.051122
652.000000 0.061931
653.000000 0.082838
654.000000 0.075928
655.000000 0.079594
656.000000 0.046090
657.000000 0.138138
658.000000 0.140225
659.000000 0.039102
660.000000 0.111745
661.000000 0.154357
662.000000 0.101161
663.000000 0.024289
664.000000 0.107522
665.000000 0.143997
666.000000 0.049844
667.000000 0.103120
668.000000 0.100089
669.000000 0.125672
670.000000 0.125755
671.000000 0.091534
672.000000 0.124277
673.000000 0.113661
674.000000 0.161035
675.000000 0.039970
676.000000 0.126172
677.000000 0.078931
678.000000 0.100381
679.000000 0.099890
680.000000 0.043108
681.000000 0.053397
682.000000 0.126408
683.000000 0.048201
684.000000 0.030897
685.000000 0.115235
686.000000 0.141268
687.000000 0.098727
688.000000 0.111671
689.000000 0.101735
690.000000 0.064584
691.000000 0.031628
692.000000 0.028101
693.000000 0.083755
694.000000 0.053601
695.000000 0.151116
696.000000 0.099420
697.000000 0.148940
698.000000 0.084228
699.000000 0.074663
700.000000 0.095098
701.000000 0.096333
702.000000 0.084897
703.000000 0.059923
704.000000 0.111046
705.000000 0.058341
706.000000 0.091321
707.000000 0.029871
708.000000 0.021978
709.000000 0.039224
710.000000 0.082191
711.000000 0.044079
712.000000 0.058382
713.000000 0.144693
714.000000 0.124099
715.000000 0.131080
716.000000 0.046817
717.000000 0.075622
718.000000 0.056762
719.000000 0.062223
720.000000 0.041160
721.000000 0.063996
722.000000 0.127066
723.000000 0.054023
724.000000 0.052436
725.000000 0.083413
726.000000 0.010607
727.000000 0.065338
728.000000 0.134515
729.000000 0.129446
730.000000 0.138236
731.000000 0.072107
732.000000 0.094120
733.000000 0.056294
734.000000 0.041644
735.000000 0.149153
736.000000 0.080024
737.000000 0.071843
738.000000 0.111594
739.000000 0.084467
740.000000 0.069943
741.000000 0.115138
742.000000 0.068454
743.000000 0.021714
744.000000 0.074287
745.000000 0.047991
746.000000 0.044677
747.000000 0.125926
748.000000 0.120374
749.000000 0.055610
750.000000 0.048024
751.000000 0.049827
752.000000 0.049861
753.000000 0.103646
754.000000 0.031374
755.000000 0.066010
756.000000 0.028741
757.000000 0.031954
758.000000 0.105335
759.000000 0.124145
760.000000 0.104808
761.000000 0.021467
762.000000 0.027201
763.000000 0.125097
764.000000 0.023664
765.000000 0.057040
766.000000 0.030809
767.000000 0.143861
768.000000 0.119662
769.000000 0.089350
770.000000 0.025260
771.000000 0.069023
772.000000 0.053175
773.000000 0.066216
774.000000 0.099410
775.000000 0.041504
776.000000 0.061669
777.000000 0.061623
778.000000 0.096962
779.000000 0.104846
780.000000 0.060645
781.000000 0.083787
782.000000 0.100350
783.000000 0.084053
784.000000 0.007219
785.000000 0.123367
786.000000 0.066997
787.000000 0.088564
788.000000 0.024157
789.000000 0.096426
790.000000 0.072807
791.000000 0.091599
792.000000 0.065279
793.000000 0.021125
794.000000 0.095167
795.000000 0.026928
796.000000 0.117783
797.000000 0.041629
798.000000 0.106935
799.000000 0.088475
800.000000 0.140458
801.000000 0.186553
802.000000 0.154498
803.000000 0.041191
804.000000 0.136778
805.000000 0.071662
806.000000 0.056968
807.000000 0.201006
808.000000 0.072481
809.000000 0.158074
810.000000 0.106178
811.000000 0.140590
812.000000 0.061584
813.000000 0.069762
814.000000 0.183108
815.000000 0.058762
816.000000 0.107430
817.000000 0.144728
818.000000 0.090124
819.000000 0.064764
820.000000 0.013025
821.000000 0.093448
822.000000 0.092966
823.000000 0.066680
824.000000 0.144840
825.000000 0.190545
826.000000 0.030268
827.000000 0.060187
828.000000 0.030830
829.000000 0.066344
830.000000 0.032221
831.000000 0.087380
832.000000 0.045095
833.000000 0.086212
834.000000 0.044855
835.000000 0.065570
836.000000 0.033160
837.000000 0.132222
838.000000 0.080484
839.000000 0.072415
840.000000 0.052289
841.000000 0.083120
842.000000 0.100866
843.000000 0.084249
844.000000 0.047725
845.000000 0.056182
846.000000 0.164367
847.000000 0.036423
848.000000 0.023632
849.000000 0.104538
850.000000 0.123820
851.000000 0.136700
852.000000 0.009849
853.000000 0.130433
854.000000 0.099714
855.000000 0.050714
856.000000 0.086043
857.000000 0.051244
858.000000 0.045272
859.000000 0.039976
860.000000 0.046056
861.000000 0.070898
862.000000 0.087240
863.000000 0.066191
864.000000 0.082457
865.000000 0.065154
866.000000 0.054767
867.000000 0.071499
868.000000 0.064697
869.000000 0.107986
870.000000 0.099011
871.000000 0.167132
872.000000 0.075703
873.000000 0.119476
874.000000 0.106967
875.000000 0.056674
876.000000 0.160063
877.000000 0.026615
878.000000 0.099890
879.000000 0.032512
880.000000 0.091755
881.000000 0.059909
882.000000 0.043042
883.000000 0.039849
884.000000 0.062569
885.000000 0.104684
886.000000 0.076723
887.000000 0.064499
888.000000 0.016458
889.000000 0.032951
890.000000 0.027443
891.000000 0.024685
892.000000 0.121886
893.000000 0.154043
894.000000 0.098084
895.000000 0.077327
896.000000 0.012038
897.000000 0.014306
898.000000 0.082057
899.000000 0.071609
900.000000 0.048927
901.000000 0.080807
902.000000 0.147110
903.000000 0.156834
904.000000 0.097788
905.000000 0.038263
906.000000 0.157073
907.000000 0.053638
908.000000 0.046081
909.000000 0.059257
910.000000 0.094059
911.000000 0.044799
912.000000 0.025852
913.000000 0.077159
914.000000 0.040999
915.000000 0.070145
916.000000 0.022079
917.000000 0.091321
918.000000 0.151752
919.000000 0.123879
920.000000 0.039921
921.000000 0.128307
922.000000 0.063504
923.000000 0.061101
924.000000 0.026653
925.000000 0.158492
926.000000 0.073079
927.000000 0.145432
928.000000 0.117382
929.000000 0.073401
930.000000 0.091885
931.000000 0.083446
932.000000 0.043527
933.000000 0.147419
934.000000 0.121257
935.000000 0.075778
936.000000 0.037053
937.000000 0.062746
938.000000 0.169353
939.000000 0.073064
940.000000 0.091992
941.000000 0.045626
942.000000 0.067847
943.000000 0.075403
944.000000 0.073937
945.000000 0.096372
946.000000 0.063020
947.000000 0.143453
948.000000 0.087162
949.000000 0.046009
950.000000 0.031706
951.000000 0.146509
952.000000 0.091889
953.000000 0.053988
954.000000 0.019015
955.000000 0.062844
956.000000 0.112899
957.000000 0.017859
958.000000 0.050128
959.000000 0.070616
960.000000 0.053427
961.000000 0.071184
962.000000 0.110642
963.000000 0.165235
964.000000 0.161123
965.000000 0.066982
966.000000 0.049549
967.000000 0.042581
968.000000 0.044418
969.000000 0.095574
970.000000 0.055118
971.000000 0.092749
972.000000 0.178812
973.000000 0.093997
974.000000 0.088087
975.000000 0.188984
976.000000 0.045669
977.000000 0.065468
978.000000 0.053662
979.000000 0.054136
980.000000 0.115336
981.000000 0.044318
982.000000 0.064092
983.000000 0.079528
984.000000 0.102880
985.000000 0.033562
986.000000 0.064578
987.000000 0.033962
988.000000 0.042311
989.000000 0.046382
990.000000 0.125170
991.000000 0.049790
992.000000 0.144185
993.000000 0.122776
994.000000 0.074850
995.000000 0.076800
996.000000 0.111913
997.000000 0.117165
998.000000 0.125874
999.000000 0.056442
1000.000000 0.117559
1001.000000 0.007859
1002.000000 0.078808
1003.000000 0.064163
1004.000000 0.086807
1005.000000 0.029783
1006.000000 0.054490
1007.000000 0.080837
1008.000000 0.081410
1009.000000 0.074782
1010.000000 0.047740
1011.000000 0.093372
1012.000000 0.075187
1013.000000 0.091593
1014.000000 0.175182
1015.000000 0.063953
1016.000000 0.111846
1017.000000 0.027796
1018.000000 0.065738
1019.000000 0.046660
1020.000000 0.073085
1021.000000 0.094548
1022.000000 0.055131
1023.000000 0.078175
1024.000000 0.106619
1025.000000 0.082030
1026.000000 0.062902
1027.000000 0.045408
1028.000000 0.149571
1029.000000 0.091149
1030.000000 0.126251
1031.000000 0.073176
1032.000000 0.062340
1033.000000 0.031614
1034.000000 0.081180
1035.000000 0.069481
1036.000000 0.112006
1037.000000 0.058013
1038.000000 0.111993
1039.000000 0.153241
1040.000000 0.012721
1041.000000 0.016373
1042.000000 0.140607
1043.000000 0.078702
1044.000000 0.066876
1045.000000 0.072027
1046.000000 0.091801
1047.000000 0.089276
1048.000000 0.047003
1049.000000 0.080457
1050.000000 0.079557
1051.000000 0.077362
1052.000000 0.092316
1053.000000 0.041950
1054.000000 0.105246
1055.000000 0.100465
1056.000000 0.121207
1057.000000 0.157960
1058.000000 0.052463
1059.000000 0.022668
1060.000000 0.040635
1061.000000 0.098693
1062.000000 0.043304
1063.000000 0.143399
1064.000000 0.016387
1065.000000 0.119996
1066.000000 0.109405
1067.000000 0.178580
1068.000000 0.026889
1069.000000 0.086010
1070.000000 0.049058
1071.000000 0.072631
1072.000000 0.060981
1073.000000 0.078805
1074.000000 0.053877
1075.000000 0.108213
1076.000000 0.037455
1077.000000 0.071445
1078.000000 0.008210
1079.000000 0.005768
1080.000000 0.079168
1081.000000 0.007967
1082.000000 0.060055
1083.000000 0.104919
1084.000000 0.114182
1085.000000 0.065505
1086.000000 0.034934
1087.000000 0.086717
1088.000000 0.060093
1089.000000 0.104518
1090.000000 0.028474
1091.000000 0.180271
1092.000000 0.026805
1093.000000 0.153258
1094.000000 0.082641
1095.000000 0.066090
1096.000000 0.085608
1097.000000 0.124284
1098.000000 0.134935
1099.000000 0.020204
1100.000000 0.055298
1101.000000 0.028659
1102.000000 0.094072
1103.000000 0.136513
1104.000000 0.122698
1105.000000 0.059340
1106.000000 0.129111
1107.000000 0.047617
1108.000000 0.024753
1109.000000 0.062513
1110.000000 0.090128
1111.000000 0.139434
1112.000000 0.150844
1113.000000 0.117742
1114.000000 0.131507
1115.000000 0.058135
1116.000000 0.043402
1117.000000 0.056989
1118.000000 0.148191
1119.000000 0.152476
1120.000000 0.094685
1121.000000 0.053965
1122.000000 0.065701
1123.000000 0.100179
1124.000000 0.135865
1125.000000 0.057507
1126.000000 0.156463
1127.000000 0.127046
1128.000000 0.092213
1129.000000 0.008139
1130.000000 0.025857
1131.000000 0.172810
1132.000000 0.114969
1133.000000 0.051383
1134.000000 0.113000
1135.000000 0.158117
1136.000000 0.146699
1137.000000 0.055827
1138.000000 0.076141
1139.000000 0.074934
1140.000000 0.046745
1141.000000 0.072643
1142.000000 0.132762
1143.000000 0.037348
1144.000000 0.070977
1145.000000 0.133391
1146.000000 0.031599
1147.000000 0.064261
1148.000000 0.005954
1149.000000 0.025957
1150.000000 0.096499
1151.000000 0.152089
1152.000000 0.041348
1153.000000 0.039947
1154.000000 0.056026
1155.000000 0.124809
1156.000000 0.080817
1157.000000 0.113416
1158.000000 0.079664
1159.000000 0.029496
1160.000000 0.072425
1161.000000 0.035809
1162.000000 0.017621
1163.000000 0.106669
1164.000000 0.124159
1165.000000 0.050642
1166.000000 0.082620
1167.000000 0.137023
1168.000000 0.117078
1169.000000 0.117341
1170.000000 0.007426
1171.000000 0.139836
1172.000000 0.123956
1173.000000 0.096964
1174.000000 0.009542
1175.000000 0.064091
1176.000000 0.115140
1177.000000 0.108680
1178.000000 0.100763
1179.000000 0.025935
1180.000000 0.182714
1181.000000 0.049154
1182.000000 0.083881
1183.000000 0.059104
1184.000000 0.046560
1185.000000 0.053796
1186.000000 0.061359
1187.000000 0.066616
1188.000000 0.087782
1189.000000 0.122883
1190.000000 0.061234
1191.000000 0.046447
1192.000000 0.003348
1193.000000 0.103560
1194.000000 0.042293
1195.000000 0.174892
1196.000000 0.149695
1197.000000 0.003579
1198.000000 0.127449
1199.000000 0.138181
1200.000000 0.038519
1201.000000 0.030372
1202.000000 0.115214
1203.000000 0.088576
1204.000000 0.081967
1205.000000 0.026650
1206.000000 0.048630
1207.000000 0.038432
1208.000000 0.101770
1209.000000 0.087146
1210.000000 0.142356
1211.000000 0.099747
1212.000000 0.040866
1213.000000 0.118453
1214.000000 0.079488
1215.000000 0.099494
1216.000000 0.062019
1217.000000 0.168475
1218.000000 0.105695
1219.000000 0.097364
1220.000000 0.138760
1221.000000 0.059363
1222.000000 0.122212
1223.000000 0.030742
1224.000000 0.074073
1225.000000 0.049167
1226.000000 0.016536
1227.000000 0.019051
1228.000000 0.096494
1229.000000 0.044226
1230.000000 0.129494
1231.000000 0.103202
1232.000000 0.096337
1233.000000 0.118077
1234.000000 0.083433
1235.000000 0.089633
1236.000000 0.103640
1237.000000 0.145892
1238.000000 0.072441
1239.000000 0.075283
1240.000000 0.052979
1241.000000 0.043937
1242.000000 0.094339
1243.000000 0.069312
1244.000000 0.089320
1245.000000 0.217775
1246.000000 0.046282
1247.000000 0.065573
1248.000000 0.027058
1249.000000 0.099470
1250.000000 0.028647
1251.000000 0.105216
1252.000000 0.042947
1253.000000 0.088727
1254.000000 0.022417
1255.000000 0.104129
1256.000000 0.051913
1257.000000 0.084007
1258.000000 0.049331
1259.000000 0.107582
1260.000000 0.045630
1261.000000 0.061089
1262.000000 0.026590
1263.000000 0.029329
1264.000000 0.068013
1265.000000 0.082861
1266.000000 0.042926
1267.000000 0.010988
1268.000000 0.097997
1269.000000 0.099420
1270.000000 0.118605
1271.000000 0.045674
1272.000000 0.108397
1273.000000 0.078415
1274.000000 0.032784
1275.000000 0.021016
1276.000000 0.130838
1277.000000 0.073532
1278.000000 0.134394
1279.000000 0.105506
1280.000000 0.039230
1281.000000 0.032062
1282.000000 0.022986
1283.000000 0.064704
1284.000000 0.030304
1285.000000 0.036561
1286.000000 0.127516
1287.000000 0.060610
1288.000000 0.036149
1289.000000 0.123439
1290.000000 0.133255
1291.000000 0.030051
1292.000000 0.044069
1293.000000 0.041927
1294.000000 0.047097
1295.000000 0.059923
1296.000000 0.054349
1297.000000 0.023383
1298.000000 0.047752
1299.000000 0.022004
1300.000000 0.160891
1301.000000 0.026552
1302.000000 0.014412
1303.000000 0.057455
1304.000000 0.081546
1305.000000 0.114253
1306.000000 0.033549
1307.000000 0.109415
1308.000000 0.072334
1309.000000 0.025837
1310.000000 0.112599
1311.000000 0.053432
1312.000000 0.085050
1313.000000 0.073977
1314.000000 0.073978
1315.000000 0.169099
1316.000000 0.175024
1317.000000 0.052966
1318.000000 0.042632
1319.000000 0.031588
1320.000000 0.087026
1321.000000 0.105726
1322.000000 0.062996
1323.000000 0.187221
1324.000000 0.068166
1325.000000 0.067949
1326.000000 0.008926
1327.000000 0.043933
1328.000000 0.056348
1329.000000 0.066433
1330.000000 0.209149
1331.000000 0.121590
1332.000000 0.084574
1333.000000 0.109821
1334.000000 0.064166
1335.000000 0.186083
1336.000000 0.018209
1337.000000 0.050325
1338.000000 0.065406
1339.000000 0.072409
1340.000000 0.062160
1341.000000 0.146068
1342.000000 0.116418
1343.000000 0.102964
1344.000000 0.112856
1345.000000 0.045016
1346.000000 0.098552
1347.000000 0.048365
1348.000000 0.031277
1349.000000 0.046606
1350.000000 0.098020
1351.000000 0.124916
1352.000000 0.030106
1353.000000 0.079310
1354.000000 0.188590
1355.000000 0.109744
1356.000000 0.044123
1357.000000 0.038609
1358.000000 0.050117
1359.000000 0.051185
1360.000000 0.071470
1361.000000 0.030591
1362.000000 0.023638
1363.000000 0.075897
1364.000000 0.035772
1365.000000 0.031916
1366.000000 0.073066
1367.000000 0.107218
1368.000000 0.122863
1369.000000 0.065900
1370.000000 0.135303
1371.000000 0.177704
1372.000000 0.082024
1373.000000 0.068903
1374.000000 0.025447
1375.000000 0.026837
1376.000000 0.113887
1377.000000 0.059507
1378.000000 0.116521
1379.000000 0.114455
1380.000000 0.133317
1381.000000 0.022944
1382.000000 0.032898
1383.000000 0.068851
1384.000000 0.040431
1385.000000 0.052713
1386.000000 0.094666
1387.000000 0.058431
1388.000000 0.157764
1389.000000 0.103176
1390.000000 0.090068
1391.000000 0.050311
1392.000000 0.051885
1393.000000 0.066718
1394.000000 0.173797
1395.000000 0.086558
1396.000000 0.071759
1397.000000 0.081973
1398.000000 0.126994
1399.000000 0.013396
1400.000000 0.045457
1401.000000 0.052363
1402.000000 0.056658
1403.000000 0.018942
1404.000000 0.097640
1405.000000 0.064559
1406.000000 0.071865
1407.000000 0.004351
1408.000000 0.011848
1409.000000 0.053883
1410.000000 0.058472
1411.000000 0.149571
1412.000000 0.079258
1413.000000 0.092664
1414.000000 0.057487
1415.000000 0.037088
1416.000000 0.062079
1417.000000 0.092422
1418.000000 0.078607
1419.000000 0.085091
1420.000000 0.071850
1421.000000 0.056490
1422.000000 0.078046
1423.000000 0.047428
1424.000000 0.065461
1425.000000 0.008615
1426.000000 0.034193
1427.000000 0.108898
1428.000000 0.067984
1429.000000 0.045989
1430.000000 0.108907
1431.000000 0.098147
1432.000000 0.075144
1433.000000 0.039780
1434.000000 0.074284
1435.000000 0.034148
1436.000000 0.038876
1437.000000 0.093176
1438.000000 0.086565
1439.000000 0.056744
1440.000000 0.030872
1441.000000 0.079326
1442.000000 0.114918
1443.000000 0.052233
1444.000000 0.012804
1445.000000 0.058482
1446.000000 0.042858
1447.000000 0.037163
1448.000000 0.109838
1449.000000 0.064376
1450.000000 0.032909
1451.000000 0.038540
1452.000000 0.172542
1453.000000 0.042175
1454.000000 0.082445
1455.000000 0.171205
1456.000000 0.068426
1457.000000 0.069814
1458.000000 0.074028
1459.000000 0.059773
1460.000000 0.009550
1461.000000 0.078773
1462.000000 0.129931
1463.000000 0.057779
1464.000000 0.205269
1465.000000 0.079634
1466.000000 0.082102
1467.000000 0.054537
1468.000000 0.126142
1469.000000 0.102224
1470.000000 0.119193
1471.000000 0.033784
1472.000000 0.109901
1473.000000 0.134363
1474.000000 0.167658
1475.000000 0.142183
1476.000000 0.050980
1477.000000 0.112902
1478.000000 0.101034
1479.000000 0.092021
1480.000000 0.042961
1481.000000 0.135435
1482.000000 0.184401
1483.000000 0.156148
1484.000000 0.044561
1485.000000 0.132081
1486.000000 0.121179
1487.000000 0.119210
1488.000000 0.083111
1489.000000 0.133294
1490.000000 0.105463
1491.000000 0.074012
1492.000000 0.065192
1493.000000 0.070998
1494.000000 0.147156
1495.000000 0.018896
1496.000000 0.054928
1497.000000 0.068951
1498.000000 0.059209
1499.000000 0.051516
1500.000000 0.088020
1501.000000 0.063103
1502.000000 0.087645
1503.000000 0.076857
1504.000000 0.082863
1505.000000 0.140233
1506.000000 0.148657
1507.000000 0.017604
1508.000000 0.051594
1509.000000 0.068995
1510.000000 0.039416
1511.000000 0.023458
1512.000000 0.091743
1513.000000 0.114370
1514.000000 0.068002
1515.000000 0.066358
1516.000000 0.102222
1517.000000 0.087533
1518.000000 0.157707
1519.000000 0.061364
1520.000000 0.063750
1521.000000 0.137631
1522.000000 0.098131
1523.000000 0.098506
1524.000000 0.012658
1525.000000 0.042115
1526.000000 0.129037
1527.000000 0.056628
1528.000000 0.076888
1529.000000 0.104617
1530.000000 0.105484
1531.000000 0.099026
1532.000000 0.157167
1533.000000 0.049691
1534.000000 0.126927
1535.000000 0.085856
1536.000000 0.043236
1537.000000 0.118340
1538.000000 0.048688
1539.000000 0.053495
1540.000000 0.023297
1541.000000 0.092418
1542.000000 0.061397
1543.000000 0.038338
1544.000000 0.064484
1545.000000 0.184008
1546.000000 0.125158
1547.000000 0.113408
1548.000000 0.041643
1549.000000 0.112316
1550.000000 0.085651
1551.000000 0.058671
1552.000000 0.068798
1553.000000 0.061793
1554.000000 0.062255
1555.000000 0.074711
1556.000000 0.069748
1557.000000 0.077831
1558.000000 0.076683
1559.000000 0.120726
1560.000000 0.097224
1561.000000 0.102759
1562.000000 0.088206
1563.000000 0.019240
1564.000000 0.071125
1565.000000 0.030282
1566.000000 0.026276
1567.000000 0.060867
1568.000000 0.133564
1569.000000 0.067851
1570.000000 0.078574
1571.000000 0.115794
1572.000000 0.139538
1573.000000 0.090096
1574.000000 0.095696
1575.000000 0.142740
1576.000000 0.122259
1577.000000 0.164475
1578.000000 0.130950
1579.000000 0.153496
1580.000000 0.146711
1581.000000 0.062420
1582.000000 0.078578
1583.000000 0.133876
1584.000000 0.051693
1585.000000 0.200667
1586.000000 0.080466
1587.000000 0.025864
1588.000000 0.033482
1589.000000 0.038931
1590.000000 0.045589
1591.000000 0.205007
1592.000000 0.081613
1593.000000 0.081608
1594.000000 0.108211
1595.000000 0.028939
1596.000000 0.057144
1597.000000 0.053196
1598.000000 0.126281
1599.000000 0.130568
1600.000000 0.102021
1601.000000 0.121984
1602.000000 0.073734
1603.000000 0.048037
1604.000000 0.066268
1605.000000 0.037193
1606.000000 0.039013
1607.000000 0.153337
1608.000000 0.067739
1609.000000 0.034012
1610.000000 0.095659
1611.000000 0.072231
1612.000000 0.080849
1613.000000 0.118491
1614.000000 0.057344
1615.000000 0.114193
1616.000000 0.130574
1617.000000 0.023168
1618.000000 0.030952
1619.000000 0.091732
1620.000000 0.122706
1621.000000 0.109013
1622.000000 0.086442
1623.000000 0.080185
1624.000000 0.028379
1625.000000 0.050943
1626.000000 0.058998
1627.000000 0.039343
1628.000000 0.161514
1629.000000 0.056699
1630.000000 0.060550
1631.000000 0.045903
1632.000000 0.063728
1633.000000 0.054752
1634.000000 0.054061
1635.000000 0.068570
1636.000000 0.060171
1637.000000 0.100087
1638.000000 0.080118
1639.000000 0.023919
1640.000000 0.074624
1641.000000 0.127923
1642.000000 0.033974
1643.000000 0.130442
1644.000000 0.147611
1645.000000 0.037685
1646.000000 0.080343
1647.000000 0.106283
1648.000000 0.064570
1649.000000 0.027724
1650.000000 0.035164
1651.000000 0.016127
1652.000000 0.029826
1653.000000 0.082906
1654.000000 0.034555
1655.000000 0.068152
1656.000000 0.087951
1657.000000 0.082936
1658.000000 0.115977
1659.000000 0.144367
1660.000000 0.104285
1661.000000 0.106329
1662.000000 0.091908
1663.000000 0.053937
1664.000000 0.114994
1665.000000 0.082795
1666.000000 0.112175
1667.000000 0.063180
1668.000000 0.119985
1669.000000 0.071100
1670.000000 0.052473
1671.000000 0.037864
1672.000000 0.089480
1673.000000 0.076849
1674.000000 0.004600
1675.000000 0.028894
1676.000000 0.048204
1677.000000 0.154860
1678.000000 0.082334
1679.000000 0.137134
1680.000000 0.146495
1681.000000 0.048224
1682.000000 0.073028
1683.000000 0.066013
1684.000000 0.127654
1685.000000 0.052783
1686.000000 0.039467
1687.000000 0.118879
1688.000000 0.121649
1689.000000 0.058046
1690.000000 0.096383
1691.000000 0.088969
1692.000000 0.055717
1693.000000 0.046280
1694.000000 0.130550
1695.000000 0.080381
1696.000000 0.052869
1697.000000 0.034965
1698.000000 0.109556
1699.000000 0.051661
1700.000000 0.043862
1701.000000 0.053229
1702.000000 0.029774
1703.000000 0.010587
1704.000000 0.069091
1705.000000 0.010328
1706.000000 0.009456
1707.000000 0.068949
1708.000000 0.149443
1709.000000 0.149276
1710.000000 0.012057
1711.000000 0.045994
1712.000000 0.104164
1713.000000 0.190438
1714.000000 0.060820
1715.000000 0.096015
1716.000000 0.133503
1717.000000 0.040064
1718.000000 0.038638
1719.000000 0.037554
1720.000000 0.113588
1721.000000 0.089774
1722.000000 0.045950
1723.000000 0.083288
1724.000000 0.115674
1725.000000 0.085049
1726.000000 0.038392
1727.000000 0.023920
1728.000000 0.005946
1729.000000 0.124513
1730.000000 0.042775
1731.000000 0.188749
1732.000000 0.222221
1733.000000 0.056115
1734.000000 0.073790
1735.000000 0.133877
1736.000000 0.144954
1737.000000 0.015359
1738.000000 0.084336
1739.000000 0.051078
1740.000000 0.077723
1741.000000 0.072462
1742.000000 0.075226
1743.000000 0.080465
1744.000000 0.051084
1745.000000 0.027521
1746.000000 0.148579
1747.000000 0.054245
1748.000000 0.084263
1749.000000 0.095193
1750.000000 0.040994
1751.000000 0.081117
1752.000000 0.088647
1753.000000 0.133169
1754.000000 0.029536
1755.000000 0.133719
1756.000000 0.073873
1757.000000 0.123268
1758.000000 0.068829
1759.000000 0.118426
1760.000000 0.063442
1761.000000 0.120999
1762.000000 0.061854
1763.000000 0.098423
1764.000000 0.034042
1765.000000 0.035627
1766.000000 0.122002
1767.000000 0.067659
1768.000000 0.098315
1769.000000 0.078162
1770.000000 0.038221
1771.000000 0.136572
1772.000000 0.116357
1773.000000 0.080465
1774.000000 0.057500
1775.000000 0.185877
1776.000000 0.115523
1777.000000 0.172057
1778.000000 0.065402
1779.000000 0.040257
1780.000000 0.118729
1781.000000 0.142790
1782.000000 0.108756
1783.000000 0.064595
1784.000000 0.057763
1785.000000 0.052879
1786.000000 0.138590
1787.000000 0.076864
1788.000000 0.032228
1789.000000 0.182060
1790.000000 0.112840
1791.000000 0.071829
1792.000000 0.166962
1793.000000 0.063022
1794.000000 0.061611
1795.000000 0.002332
1796.000000 0.113803
1797.000000 0.077152
1798.000000 0.028225
1799.000000 0.100520
1800.000000 0.118196
1801.000000 0.036297
1802.000000 0.091367
1803.000000 0.104235
1804.000000 0.172927
1805.000000 0.049805
1806.000000 0.116539
1807.000000 0.083776
1808.000000 0.101681
1809.000000 0.040602
1810.000000 0.093751
1811.000000 0.054537
1812.000000 0.038697
1813.000000 0.072508
1814.000000 0.066037
1815.000000 0.066153
1816.000000 0.050748
1817.000000 0.058442
1818.000000 0.069135
1819.000000 0.054675
1820.000000 0.047702
1821.000000 0.048002
1822.000000 0.160296
1823.000000 0.044221
1824.000000 0.050809
1825.000000 0.091309
1826.000000 0.072575
1827.000000 0.030669
1828.000000 0.099833
1829.000000 0.125646
1830.000000 0.090678
1831.000000 0.075052
1832.000000 0.170411
1833.000000 0.089342
1834.000000 0.153677
1835.000000 0.082262
1836.000000 0.034652
1837.000000 0.030746
1838.000000 0.048597
1839.000000 0.094595
1840.000000 0.173034
1841.000000 0.059164
1842.000000 0.087827
1843.000000 0.113340
1844.000000 0.115050
1845.000000 0.100892
1846.000000 0.089125
1847.000000 0.098391
1848.000000 0.097565
1849.000000 0.069739
1850.000000 0.160115
1851.000000 0.136464
1852.000000 0.064652
1853.000000 0.157716
1854.000000 0.162376
1855.000000 0.067212
1856.000000 0.069227
1857.000000 0.024125
1858.000000 0.055261
1859.000000 0.017811
1860.000000 0.050762
1861.000000 0.044803
1862.000000 0.034612
1863.000000 0.054168
1864.000000 0.156140
1865.000000 0.045196
1866.000000 0.004749
1867.000000 0.184988
1868.000000 0.064726
1869.000000 0.007196
1870.000000 0.117559
1871.000000 0.136484
1872.000000 0.056719
1873.000000 0.041733
1874.000000 0.159466
1875.000000 0.104414
1876.000000 0.055857
1877.000000 0.104280
1878.000000 0.127933
1879.000000 0.055558
1880.000000 0.007075
1881.000000 0.071170
1882.000000 0.165584
1883.000000 0.086116
1884.000000 0.130498
1885.000000 0.054162
1886.000000 0.026895
1887.000000 0.033477
1888.000000 0.044272
1889.000000 0.091291
1890.000000 0.031476
1891.000000 0.100533
1892.000000 0.174603
1893.000000 0.030085
1894.000000 0.028208
1895.000000 0.065032
1896.000000 0.077642
1897.000000 0.071431
1898.000000 0.093852
1899.000000 0.045812
1900.000000 0.102705
1901.000000 0.080458
1902.000000 0.092787
1903.000000 0.079253
1904.000000 0.174373
1905.000000 0.213224
1906.000000 0.035750
1907.000000 0.054867
1908.000000 0.035817
1909.000000 0.070048
1910.000000 0.048611
1911.000000 0.061638
1912.000000 0.090062
1913.000000 0.059336
1914.000000 0.121646
1915.000000 0.158214
1916.000000 0.193919
1917.000000 0.135699
1918.000000 0.136551
1919.000000 0.017287
1920.000000 0.050447
1921.000000 0.053165
1922.000000 0.166920
1923.000000 0.134338
1924.000000 0.094076
1925.000000 0.077515
1926.000000 0.076588
1927.000000 0.115358
1928.000000 0.061128
1929.000000 0.018453
1930.000000 0.056118
1931.000000 0.070568
1932.000000 0.147248
1933.000000 0.049360
1934.000000 0.058930
1935.000000 0.096266
1936.000000 0.172420
1937.000000 0.018196
1938.000000 0.041762
1939.000000 0.088087
1940.000000 0.109673
1941.000000 0.127896
1942.000000 0.080397
1943.000000 0.064931
1944.000000 0.119012
1945.000000 0.035448
1946.000000 0.092135
1947.000000 0.060583
1948.000000 0.016830
1949.000000 0.086365
1950.000000 0.048243
1951.000000 0.096959
1952.000000 0.029638
1953.000000 0.128357
1954.000000 0.130202
1955.000000 0.109322
1956.000000 0.079046
1957.000000 0.103669
1958.000000 0.020919
1959.000000 0.113494
1960.000000 0.060431
1961.000000 0.012317
1962.000000 0.008768
1963.000000 0.114498
1964.000000 0.015240
1965.000000 0.080518
1966.000000 0.133656
1967.000000 0.073698
1968.000000 0.139976
1969.000000 0.123777
1970.000000 0.056173
1971.000000 0.135374
1972.000000 0.071434
1973.000000 0.068138
1974.000000 0.105142
1975.000000 0.095600
1976.000000 0.037320
1977.000000 0.079465
1978.000000 0.069095
1979.000000 0.132523
1980.000000 0.126930
1981.000000 0.036964
1982.000000 0.105848
1983.000000 0.238210
1984.000000 0.058191
1985.000000 0.067521
1986.000000 0.051859
1987.000000 0.101970
1988.000000 0.116815
1989.000000 0.073705
1990.000000 0.186130
1991.000000 0.125650
1992.000000 0.175336
1993.000000 0.068813
1994.000000 0.041674
1995.000000 0.075883
1996.000000 0.102864
1997.000000 0.116189
1998.000000 0.084501
1999.000000 0.056809
2000.000000 0.054108
2001.000000 0.115261
2002.000000 0.100065
2003.000000 0.077872
2004.000000 0.048942
2005.000000 0.038775
2006.000000 0.128535
2007.000000 0.134725
2008.000000 0.174508
2009.000000 0.043411
2010.000000 0.070590
2011.000000 0.096795
2012.000000 0.107157
2013.000000 0.064375
2014.000000 0.054733
2015.000000 0.014924
2016.000000 0.178740
2017.000000 0.105248
2018.000000 0.092422
2019.000000 0.054952
2020.000000 0.088352
2021.000000 0.061422
2022.000000 0.023512
2023.000000 0.067009
2024.000000 0.044903
2025.000000 0.018486
2026.000000 0.079809
2027.000000 0.074265
2028.000000 0.087484
2029.000000 0.046395
2030.000000 0.058325
2031.000000 0.092355
2032.000000 0.060292
2033.000000 0.078101
2034.000000 0.047375
2035.000000 0.105395
2036.000000 0.066664
2037.000000 0.065380
2038.000000 0.133081
2039.000000 0.108539
2040.000000 0.025057
2041.000000 0.137019
2042.000000 0.037239
2043.000000 0.070384
2044.000000 0.103182
2045.000000 0.069132
2046.000000 0.041824
2047.000000 0.043907
2048.000000 0.073153
2049.000000 0.072240
2050.000000 0.055376
2051.000000 0.080517
2052.000000 0.080636
2053.000000 0.025165
2054.000000 0.047083
2055.000000 0.071645
2056.000000 0.028966
2057.000000 0.085501
2058.000000 0.049268
2059.000000 0.069828
2060.000000 0.107304
2061.000000 0.151312
2062.000000 0.176677
2063.000000 0.046910
2064.000000 0.040585
2065.000000 0.093442
2066.000000 0.118657
2067.000000 0.053613
2068.000000 0.077613
2069.000000 0.111889
2070.000000 0.038741
2071.000000 0.078220
2072.000000 0.071912
2073.000000 0.153025
2074.000000 0.021931
2075.000000 0.103605
2076.000000 0.060154
2077.000000 0.128450
2078.000000 0.060293
2079.000000 0.023855
2080.000000 0.182491
2081.000000 0.129390
2082.000000 0.080756
2083.000000 0.176285
2084.000000 0.128578
2085.000000 0.089205
2086.000000 0.109964
2087.000000 0.037251
2088.000000 0.015307
2089.000000 0.004311
2090.000000 0.030777
2091.000000 0.133553
2092.000000 0.121195
2093.000000 0.096902
2094.000000 0.047350
2095.000000 0.125279
2096.000000 0.052432
2097.000000 0.051724
2098.000000 0.121732
2099.000000 0.056700
2100.000000 0.052647
2101.000000 0.021466
2102.000000 0.085802
2103.000000 0.015120
2104.000000 0.044562
2105.000000 0.040459
2106.000000 0.191344
2107.000000 0.044850
2108.000000 0.080001
2109.000000 0.051360
2110.000000 0.036341
2111.000000 0.041643
2112.000000 0.117186
2113.000000 0.090837
2114.000000 0.093174
2115.000000 0.077853
2116.000000 0.055358
2117.000000 0.086356
2118.000000 0.084047
2119.000000 0.073388
2120.000000 0.104773
2121.000000 0.057396
2122.000000 0.033120
2123.000000 0.116741
2124.000000 0.106742
2125.000000 0.045197
2126.000000 0.166599
2127.000000 0.105904
2128.000000 0.055647
2129.000000 0.109839
2130.000000 0.072323
2131.000000 0.015033
2132.000000 0.049209
2133.000000 0.171995
2134.000000 0.063733
2135.000000 0.112023
2136.000000 0.153161
2137.000000 0.101550
2138.000000 0.116138
2139.000000 0.117989
2140.000000 0.087628
2141.000000 0.132328
2142.000000 0.075867
2143.000000 0.044049
2144.000000 0.069549
2145.000000 0.025780
2146.000000 0.051735
2147.000000 0.038009
2148.000000 0.129887
2149.000000 0.043311
2150.000000 0.027782
2151.000000 0.035952
2152.000000 0.095074
2153.000000 0.023378
2154.000000 0.097966
2155.000000 0.138210
2156.000000 0.148896
2157.000000 0.035523
2158.000000 0.180711
2159.000000 0.020860
2160.000000 0.037481
2161.000000 0.164725
2162.000000 0.073691
2163.000000 0.056165
2164.000000 0.173324
2165.000000 0.052556
2166.000000 0.158736
2167.000000 0.045887
2168.000000 0.084974
2169.000000 0.076124
2170.000000 0.072237
2171.000000 0.116620
2172.000000 0.030420
2173.000000 0.150544
2174.000000 0.076191
2175.000000 0.032812
2176.000000 0.049079
2177.000000 0.057997
2178.000000 0.098798
2179.000000 0.120157
2180.000000 0.058277
2181.000000 0.056844
2182.000000 0.060361
2183.000000 0.116949
2184.000000 0.061992
2185.000000 0.077529
2186.000000 0.088427
2187.000000 0.022185
2188.000000 0.026320
2189.000000 0.150557
2190.000000 0.100523
2191.000000 0.045107
2192.000000 0.139579
2193.000000 0.030016
2194.000000 0.055798
2195.000000 0.041650
2196.000000 0.075767
2197.000000 0.125380
2198.000000 0.198262
2199.000000 0.078450
2200.000000 0.124825
2201.000000 0.050598
2202.000000 0.082113
2203.000000 0.146222
2204.000000 0.060492
2205.000000 0.029114
2206.000000 0.059988
2207.000000 0.050410
2208.000000 0.062438
2209.000000 0.064729
2210.000000 0.077247
2211.000000 0.043661
2212.000000 0.082742
2213.000000 0.117517
2214.000000 0.054885
2215.000000 0.082998
2216.000000 0.114597
2217.000000 0.082179
2218.000000 0.055466
2219.000000 0.067739
2220.000000 0.019167
2221.000000 0.046612
2222.000000 0.186350
2223.000000 0.052154
2224.000000 0.046190
2225.000000 0.086075
2226.000000 0.138220
2227.000000 0.013636
2228.000000 0.048388
2229.000000 0.125013
2230.000000 0.052015
2231.000000 0.041513
2232.000000 0.110290
2233.000000 0.044848
2234.000000 0.076420
2235.000000 0.120742
2236.000000 0.068434
2237.000000 0.062273
2238.000000 0.084200
2239.000000 0.021934
2240.000000 0.100051
2241.000000 0.113290
2242.000000 0.067764
2243.000000 0.134124
2244.000000 0.047347
2245.000000 0.111429
2246.000000 0.099106
2247.000000 0.165959
2248.000000 0.031801
2249.000000 0.049116
2250.000000 0.094564
2251.000000 0.123496
2252.000000 0.114978
2253.000000 0.100236
2254.000000 0.104182
2255.000000 0.043751
2256.000000 0.139446
2257.000000 0.119819
2258.000000 0.132931
2259.000000 0.059133
2260.000000 0.200289
2261.000000 0.065272
2262.000000 0.135191
2263.000000 0.050296
2264.000000 0.033596
2265.000000 0.058885
2266.000000 0.138294
2267.000000 0.087327
2268.000000 0.198529
2269.000000 0.134140
2270.000000 0.008837
2271.000000 0.053068
2272.000000 0.047245
2273.000000 0.008211
2274.000000 0.017533
2275.000000 0.092039
2276.000000 0.096283
2277.000000 0.124927
2278.000000 0.099121
2279.000000 0.039558
2280.000000 0.153639
2281.000000 0.033362
2282.000000 0.058422
2283.000000 0.073782
2284.000000 0.102832
2285.000000 0.158177
2286.000000 0.142850
2287.000000 0.013139
2288.000000 0.050278
2289.000000 0.159144
2290.000000 0.025005
2291.000000 0.117847
2292.000000 0.068121
2293.000000 0.101309
2294.000000 0.068945
2295.000000 0.122683
2296.000000 0.050211
2297.000000 0.097153
2298.000000 0.099657
2299.000000 0.055969
2300.000000 0.041215
2301.000000 0.120240
2302.000000 0.078786
2303.000000 0.122517
2304.000000 0.143071
2305.000000 0.208462
2306.000000 0.084150
2307.000000 0.107096
2308.000000 0.097316
2309.000000 0.086213
2310.000000 0.039087
2311.000000 0.044333
2312.000000 0.094393
2313.000000 0.062453
2314.000000 0.087252
2315.000000 0.023216
2316.000000 0.135686
2317.000000 0.183433
2318.000000 0.021944
2319.000000 0.095577
2320.000000 0.059658
2321.000000 0.102672
2322.000000 0.096254
2323.000000 0.089742
2324.000000 0.048750
2325.000000 0.183235
2326.000000 0.037676
2327.000000 0.019205
2328.000000 0.080242
2329.000000 0.062645
2330.000000 0.167111
2331.000000 0.046031
2332.000000 0.029999
2333.000000 0.045467
2334.000000 0.085900
2335.000000 0.059313
2336.000000 0.128219
2337.000000 0.133122
2338.000000 0.082905
2339.000000 0.066907
2340.000000 0.037598
2341.000000 0.069535
2342.000000 0.111086
2343.000000 0.103893
2344.000000 0.052974
2345.000000 0.053700
2346.000000 0.045200
2347.000000 0.036983
2348.000000 0.108366
2349.000000 0.078558
2350.000000 0.085938
2351.000000 0.042865
2352.000000 0.041756
2353.000000 0.062923
2354.000000 0.167737
2355.000000 0.082704
2356.000000 0.038944
2357.000000 0.086471
2358.000000 0.086789
2359.000000 0.047464
2360.000000 0.235596
2361.000000 0.063445
2362.000000 0.049742
2363.000000 0.010239
2364.000000 0.059124
2365.000000 0.027529
2366.000000 0.071808
2367.000000 0.084081
2368.000000 0.140762
2369.000000 0.117176
2370.000000 0.047559
2371.000000 0.112298
2372.000000 0.040050
2373.000000 0.127823
2374.000000 0.115996
2375.000000 0.004631
2376.000000 0.097351
2377.000000 0.072441
2378.000000 0.096407
2379.000000 0.027548
2380.000000 0.079326
2381.000000 0.182183
2382.000000 0.121688
2383.000000 0.049993
2384.000000 0.052562
2385.000000 0.120931
2386.000000 0.133499
2387.000000 0.090755
2388.000000 0.010093
2389.000000 0.026502
2390.000000 0.094132
2391.000000 0.083126
2392.000000 0.021014
2393.000000 0.153071
2394.000000 0.040449
2395.000000 0.088585
2396.000000 0.124911
2397.000000 0.265755
2398.000000 0.144739
2399.000000 0.031238
2400.000000 0.070729
2401.000000 0.127019
2402.000000 0.100703
2403.000000 0.090882
2404.000000 0.062741
2405.000000 0.088790
2406.000000 0.157466
2407.000000 0.152421
2408.000000 0.042937
2409.000000 0.036189
2410.000000 0.091858
2411.000000 0.090415
2412.000000 0.022195
2413.000000 0.047600
2414.000000 0.024541
2415.000000 0.083631
2416.000000 0.123248
2417.000000 0.054450
2418.000000 0.040760
2419.000000 0.030309
2420.000000 0.048516
2421.000000 0.068163
2422.000000 0.163816
2423.000000 0.055756
2424.000000 0.049844
2425.000000 0.088004
2426.000000 0.070820
2427.000000 0.108842
2428.000000 0.051388
2429.000000 0.150757
2430.000000 0.120902
2431.000000 0.051266
2432.000000 0.126880
2433.000000 0.152401
2434.000000 0.120984
2435.000000 0.102130
2436.000000 0.061826
2437.000000 0.166356
2438.000000 0.026560
2439.000000 0.127416
2440.000000 0.057532
2441.000000 0.035918
2442.000000 0.097876
2443.000000 0.042418
2444.000000 0.114731
2445.000000 0.028786
2446.000000 0.046331
2447.000000 0.030486
2448.000000 0.072436
2449.000000 0.040414
2450.000000 0.083033
2451.000000 0.037665
2452.000000 0.142556
2453.000000 0.073381
2454.000000 0.074566
2455.000000 0.144830
2456.000000 0.081401
2457.000000 0.091545
2458.000000 0.225141
2459.000000 0.017063
2460.000000 0.033014
2461.000000 0.113605
2462.000000 0.093894
2463.000000 0.151923
2464.000000 0.075729
2465.000000 0.049269
2466.000000 0.120442
2467.000000 0.106859
2468.000000 0.106308
2469.000000 0.079899
2470.000000 0.023784
2471.000000 0.029356
2472.000000 0.182286
2473.000000 0.038255
2474.000000 0.154766
2475.000000 0.032771
2476.000000 0.061477
2477.000000 0.102015
2478.000000 0.024506
2479.000000 0.082300
2480.000000 0.085393
2481.000000 0.100537
2482.000000 0.042175
2483.000000 0.095918
2484.000000 0.088397
2485.000000 0.016519
2486.000000 0.098000
2487.000000 0.024622
2488.000000 0.105018
2489.000000 0.074406
2490.000000 0.137531
2491.000000 0.070106
2492.000000 0.056250
2493.000000 0.089933
2494.000000 0.050205
2495.000000 0.167718
2496.000000 0.001036
2497.000000 0.088025
2498.000000 0.131881
2499.000000 0.048675
2500.000000 0.024726
2501.000000 0.142358
2502.000000 0.012108
2503.000000 0.078825
2504.000000 0.079885
2505.000000 0.088130
2506.000000 0.077245
2507.000000 0.087507
2508.000000 0.084972
2509.000000 0.148687
2510.000000 0.078843
2511.000000 0.049405
2512.000000 0.066494
2513.000000 0.041242
2514.000000 0.012554
2515.000000 0.034658
2516.000000 0.118508
2517.000000 0.051768
2518.000000 0.051268
2519.000000 0.051857
2520.000000 0.048498
2521.000000 0.110284
2522.000000 0.043619
2523.000000 0.036650
2524.000000 0.078244
2525.000000 0.153037
2526.000000 0.086637
2527.000000 0.084230
2528.000000 0.091599
2529.000000 0.035821
2530.000000 0.112557
2531.000000 0.081447
2532.000000 0.059730
2533.000000 0.048952
2534.000000 0.114050
2535.000000 0.063488
2536.000000 0.075128
2537.000000 0.066801
2538.000000 0.070249
2539.000000 0.054236
2540.000000 0.028133
2541.000000 0.086708
2542.000000 0.053028
2543.000000 0.073145
2544.000000 0.029169
2545.000000 0.077458
2546.000000 0.058758
2547.000000 0.072834
2548.000000 0.062338
2549.000000 0.108115
2550.000000 0.133174
2551.000000 0.113733
2552.000000 0.065505
2553.000000 0.006899
2554.000000 0.126636
2555.000000 0.138372
2556.000000 0.106930
2557.000000 0.050880
2558.000000 0.094173
2559.000000 0.083185
2560.000000 0.036460
2561.000000 0.110785
2562.000000 0.042506
2563.000000 0.063774
2564.000000 0.099150
2565.000000 0.109465
2566.000000 0.091519
2567.000000 0.088851
2568.000000 0.105112
2569.000000 0.051352
2570.000000 0.150107
2571.000000 0.101127
2572.000000 0.171183
2573.000000 0.102436
2574.000000 0.108387
2575.000000 0.078236
2576.000000 0.125947
2577.000000 0.052592
2578.000000 0.052823
2579.000000 0.074328
2580.000000 0.006192
2581.000000 0.054342
2582.000000 0.223924
2583.000000 0.097944
2584.000000 0.025126
2585.000000 0.111141
2586.000000 0.038764
2587.000000 0.077595
2588.000000 0.135639
2589.000000 0.079429
2590.000000 0.080577
2591.000000 0.136525
2592.000000 0.070598
2593.000000 0.032689
2594.000000 0.106169
2595.000000 0.065009
2596.000000 0.130043
2597.000000 0.095831
2598.000000 0.116555
2599.000000 0.112578
2600.000000 0.040775
2601.000000 0.089642
2602.000000 0.086569
2603.000000 0.016217
2604.000000 0.070541
2605.000000 0.076266
2606.000000 0.185794
2607.000000 0.123663
2608.000000 0.113881
2609.000000 0.071927
2610.000000 0.080032
2611.000000 0.095051
2612.000000 0.137215
2613.000000 0.125471
2614.000000 0.130082
2615.000000 0.128086
2616.000000 0.068854
2617.000000 0.049715
2618.000000 0.048585
2619.000000 0.049632
2620.000000 0.180130
2621.000000 0.055178
2622.000000 0.125374
2623.000000 0.046188
2624.000000 0.088835
2625.000000 0.049564
2626.000000 0.124183
2627.000000 0.151282
2628.000000 0.052742
2629.000000 0.021539
2630.000000 0.038676
2631.000000 0.128843
2632.000000 0.123372
2633.000000 0.057172
2634.000000 0.023133
2635.000000 0.146958
2636.000000 0.017397
2637.000000 0.020387
2638.000000 0.067021
2639.000000 0.051169
2640.000000 0.076640
2641.000000 0.061386
2642.000000 0.123404
2643.000000 0.139363
2644.000000 0.047771
2645.000000 0.155204
2646.000000 0.056564
2647.000000 0.036482
2648.000000 0.156378
2649.000000 0.124499
2650.000000 0.128452
2651.000000 0.111212
2652.000000 0.017565
2653.000000 0.090975
2654.000000 0.133489
2655.000000 0.039915
2656.000000 0.076979
2657.000000 0.060706
2658.000000 0.107122
2659.000000 0.094959
2660.000000 0.033293
2661.000000 0.060481
2662.000000 0.030509
2663.000000 0.115436
2664.000000 0.073213
2665.000000 0.046766
2666.000000 0.040831
2667.000000 0.010097
2668.000000 0.040507
2669.000000 0.077399
2670.000000 0.053633
2671.000000 0.054954
2672.000000 0.031956
2673.000000 0.034838
2674.000000 0.130367
2675.000000 0.024277
2676.000000 0.087309
2677.000000 0.087396
2678.000000 0.031266
2679.000000 0.033079
2680.000000 0.004333
2681.000000 0.125246
2682.000000 0.135162
2683.000000 0.135665
2684.000000 0.014736
2685.000000 0.045012
2686.000000 0.042821
2687.000000 0.040129
2688.000000 0.027312
2689.000000 0.032020
2690.000000 0.121425
2691.000000 0.019366
2692.000000 0.046255
2693.000000 0.064212
2694.000000 0.069548
2695.000000 0.032038
2696.000000 0.178946
2697.000000 0.040011
2698.000000 0.090304
2699.000000 0.169802
2700.000000 0.048699
2701.000000 0.140285
2702.000000 0.188316
2703.000000 0.007711
2704.000000 0.126546
2705.000000 0.092329
2706.000000 0.100610
2707.000000 0.124083
2708.000000 0.207708
2709.000000 0.134062
2710.000000 0.072693
2711.000000 0.124066
2712.000000 0.044590
2713.000000 0.095884
2714.000000 0.114946
2715.000000 0.057468
2716.000000 0.114540
2717.000000 0.142977
2718.000000 0.144842
2719.000000 0.070471
2720.000000 0.091925
2721.000000 0.075896
2722.000000 0.022992
2723.000000 0.058953
2724.000000 0.050786
2725.000000 0.085713
2726.000000 0.041500
2727.000000 0.018693
2728.000000 0.085066
2729.000000 0.139638
2730.000000 0.113867
2731.000000 0.120495
2732.000000 0.050393
2733.000000 0.081012
2734.000000 0.025727
2735.000000 0.031082
2736.000000 0.136798
2737.000000 0.088280
2738.000000 0.012717
2739.000000 0.163726
2740.000000 0.055672
2741.000000 0.066199
2742.000000 0.072878
2743.000000 0.040185
2744.000000 0.130244
2745.000000 0.125216
2746.000000 0.020179
2747.000000 0.077176
2748.000000 0.129522
2749.000000 0.075081
2750.000000 0.046549
2751.000000 0.071990
2752.000000 0.057972
2753.000000 0.085308
2754.000000 0.046963
2755.000000 0.001756
2756.000000 0.056599
2757.000000 0.121595
2758.000000 0.071024
2759.000000 0.174941
2760.000000 0.120403
2761.000000 0.142473
2762.000000 0.141101
2763.000000 0.092293
2764.000000 0.052072
2765.000000 0.058574
2766.000000 0.161935
2767.000000 0.139378
2768.000000 0.108869
2769.000000 0.084051
2770.000000 0.105785
2771.000000 0.103554
2772.000000 0.142017
2773.000000 0.096343
2774.000000 0.045176
2775.000000 0.041748
2776.000000 0.051101
2777.000000 0.110187
2778.000000 0.054007
2779.000000 0.041875
2780.000000 0.069605
2781.000000 0.010584
2782.000000 0.150412
2783.000000 0.080832
2784.000000 0.084009
2785.000000 0.065108
2786.000000 0.067489
2787.000000 0.146712
2788.000000 0.138753
2789.000000 0.056468
2790.000000 0.040050
2791.000000 0.020314
2792.000000 0.021557
2793.000000 0.107444
2794.000000 0.074121
2795.000000 0.017412
2796.000000 0.021868
2797.000000 0.023855
2798.000000 0.035143
2799.000000 0.206189
2800.000000 0.060541
2801.000000 0.017712
2802.000000 0.046920
2803.000000 0.070014
2804.000000 0.090765
2805.000000 0.026389
2806.000000 0.053427
2807.000000 0.137426
2808.000000 0.176494
2809.000000 0.099059
2810.000000 0.012561
2811.000000 0.130358
2812.000000 0.099412
2813.000000 0.121481
2814.000000 0.021754
2815.000000 0.081140
2816.000000 0.085466
2817.000000 0.017991
2818.000000 0.048215
2819.000000 0.036823
2820.000000 0.011083
2821.000000 0.086492
2822.000000 0.062138
2823.000000 0.035292
2824.000000 0.068708
2825.000000 0.028168
2826.000000 0.125924
2827.000000 0.020569
2828.000000 0.011149
2829.000000 0.063947
2830.000000 0.062815
2831.000000 0.072266
2832.000000 0.132152
2833.000000 0.062805
2834.000000 0.034330
2835.000000 0.082551
2836.000000 0.129910
2837.000000 0.049277
2838.000000 0.060354
2839.000000 0.038408
2840.000000 0.174673
2841.000000 0.070520
2842.000000 0.105333
2843.000000 0.045145
2844.000000 0.105598
2845.000000 0.102410
2846.000000 0.051244
2847.000000 0.194072
2848.000000 0.067299
2849.000000 0.057275
2850.000000 0.096064
2851.000000 0.150174
2852.000000 0.016846
2853.000000 0.137510
2854.000000 0.083183
2855.000000 0.107605
2856.000000 0.037100
2857.000000 0.035913
2858.000000 0.073283
2859.000000 0.014859
2860.000000 0.052199
2861.000000 0.089064
2862.000000 0.152128
2863.000000 0.121553
2864.000000 0.016696
2865.000000 0.058036
2866.000000 0.149957
2867.000000 0.071653
2868.000000 0.069156
2869.000000 0.064900
2870.000000 0.009764
2871.000000 0.070355
2872.000000 0.108177
2873.000000 0.084041
2874.000000 0.062228
2875.000000 0.026613
2876.000000 0.059804
2877.000000 0.038734
2878.000000 0.040796
2879.000000 0.058191
2880.000000 0.089403
2881.000000 0.012983
2882.000000 0.028568
2883.000000 0.038593
2884.000000 0.030503
2885.000000 0.076367
2886.000000 0.034835
2887.000000 0.106735
2888.000000 0.033126
2889.000000 0.019703
2890.000000 0.053256
2891.000000 0.139552
2892.000000 0.146535
2893.000000 0.062881
2894.000000 0.089032
2895.000000 0.047229
2896.000000 0.092652
2897.000000 0.048627
2898.000000 0.073620
2899.000000 0.103634
2900.000000 0.042303
2901.000000 0.046291
2902.000000 0.051566
2903.000000 0.046524
2904.000000 0.127249
2905.000000 0.112924
2906.000000 0.098694
2907.000000 0.142311
2908.000000 0.079064
2909.000000 0.089761
2910.000000 0.139208
2911.000000 0.038649
2912.000000 0.178491
2913.000000 0.060634
2914.000000 0.008855
2915.000000 0.035413
2916.000000 0.130671
2917.000000 0.107410
2918.000000 0.051525
2919.000000 0.045124
2920.000000 0.017261
2921.000000 0.091111
2922.000000 0.081454
2923.000000 0.081846
2924.000000 0.040328
2925.000000 0.036364
2926.000000 0.065710
2927.000000 0.094512
2928.000000 0.128396
2929.000000 0.044059
2930.000000 0.127457
2931.000000 0.020550
2932.000000 0.104212
2933.000000 0.074748
2934.000000 0.041858
2935.000000 0.067539
2936.000000 0.085329
2937.000000 0.119591
2938.000000 0.045200
2939.000000 0.138994
2940.000000 0.089533
2941.000000 0.053202
2942.000000 0.110617
2943.000000 0.151205
2944.000000 0.016097
2945.000000 0.156307
2946.000000 0.127290
2947.000000 0.090913
2948.000000 0.091874
2949.000000 0.103392
2950.000000 0.123461
2951.000000 0.023041
2952.000000 0.031412
2953.000000 0.057623
2954.000000 0.028372
2955.000000 0.126866
2956.000000 0.094807
2957.000000 0.013011
2958.000000 0.051855
2959.000000 0.060699
2960.000000 0.084395
2961.000000 0.046809
2962.000000 0.077380
2963.000000 0.068165
2964.000000 0.118829
2965.000000 0.011628
2966.000000 0.011882
2967.000000 0.049042
2968.000000 0.099705
2969.000000 0.086908
2970.000000 0.092200
2971.000000 0.096412
2972.000000 0.043922
2973.000000 0.140628
2974.000000 0.066042
2975.000000 0.101245
2976.000000 0.135016
2977.000000 0.036631
2978.000000 0.059684
2979.000000 0.085717
2980.000000 0.112067
2981.000000 0.059358
2982.000000 0.033005
2983.000000 0.040258
2984.000000 0.041355
2985.000000 0.112039
2986.000000 0.049625
2987.000000 0.042616
2988.000000 0.075887
2989.000000 0.115711
2990.000000 0.053035
2991.000000 0.135864
2992.000000 0.173224
2993.000000 0.027893
2994.000000 0.085058
2995.000000 0.068573
2996.000000 0.149297
2997.000000 0.116252
2998.000000 0.065386
2999.000000 0.078164
3000.000000 0.044395
