10.000000 0.127161
20.000000 0.143563
30.000000 0.082307
40.000000 0.105742
50.000000 0.213038
60.000000 0.050505
70.000000 0.198040
80.000000 0.114654
90.000000 0.200709
100.000000 0.200242
110.000000 0.044653
120.000000 0.188121
130.000000 0.173097
140.000000 0.048026
150.000000 0.121419
160.000000 0.113203
170.000000 0.093444
180.000000 0.141181
190.000000 0.131194
200.000000 0.131850
210.000000 0.197063
220.000000 0.020959
230.000000 0.127686
240.000000 0.102765
250.000000 0.032141
260.000000 0.201253
270.000000 0.098241
280.000000 0.225403
290.000000 0.056318
300.000000 0.094671
310.000000 0.125083
320.000000 0.198791
330.000000 0.074520
340.000000 0.285990
350.000000 0.076098
360.000000 0.080701
370.000000 0.048845
380.000000 0.151461
390.000000 0.176494
400.000000 0.220497
410.000000 0.078940
420.000000 0.043129
430.000000 0.168010
440.000000 0.264159
450.000000 0.043383
460.000000 0.204131
470.000000 0.067298
480.000000 0.137591
490.000000 0.251039
500.000000 0.092005
510.000000 0.093048
520.000000 0.217614
530.000000 0.177917
540.000000 0.147550
550.000000 0.169154
560.000000 0.107692
570.000000 0.168210
580.000000 0.064522
590.000000 0.131755
600.000000 0.127697
610.000000 0.069868
620.000000 0.073488
630.000000 0.082140
640.000000 0.056618
650.000000 0.069635
660.000000 0.303227
670.000000 0.157945
680.000000 0.088992
690.000000 0.144479
700.000000 0.198757
710.000000 0.099212
720.000000 0.018899
730.000000 0.092206
740.000000 0.204331
750.000000 0.233413
760.000000 0.192152
770.000000 0.062229
780.000000 0.062024
790.000000 0.094937
800.000000 0.180151
810.000000 0.097363
820.000000 0.153374
830.000000 0.114739
840.000000 0.031850
850.000000 0.049189
860.000000 0.123717
870.000000 0.154840
880.000000 0.162602
890.000000 0.111474
900.000000 0.145683
910.000000 0.118541
920.000000 0.234763
930.000000 0.127900
940.000000 0.137314
950.000000 0.172602
960.000000 0.075863
970.000000 0.045799
980.000000 0.078432
990.000000 0.223079
1000.000000 0.130772
