10.000000 0.131428
20.000000 0.215553
30.000000 0.061209
40.000000 0.218125
50.000000 0.027465
60.000000 0.102599
70.000000 0.103682
80.000000 0.185804
90.000000 0.217105
100.000000 0.182472
110.000000 0.254404
120.000000 0.181553
130.000000 0.145219
140.000000 0.107722
150.000000 0.198015
160.000000 0.099584
170.000000 0.187187
180.000000 0.095271
190.000000 0.240603
200.000000 0.178408
210.000000 0.110790
220.000000 0.058299
230.000000 0.258783
240.000000 0.145600
250.000000 0.128812
260.000000 0.026456
270.000000 0.219145
280.000000 0.148429
290.000000 0.173676
300.000000 0.247556
310.000000 0.171416
320.000000 0.136542
330.000000 0.130406
340.000000 0.193541
350.000000 0.057111
360.000000 0.228131
370.000000 0.089154
380.000000 0.337878
390.000000 0.285610
400.000000 0.057397
410.000000 0.093300
420.000000 0.158558
430.000000 0.124375
440.000000 0.130959
450.000000 0.184403
460.000000 0.129804
470.000000 0.225087
480.000000 0.107791
490.000000 0.075413
500.000000 0.043723
510.000000 0.230633
520.000000 0.030454
530.000000 0.122044
540.000000 0.082187
550.000000 0.153600
560.000000 0.173016
570.000000 0.054123
580.000000 0.056337
590.000000 0.067452
600.000000 0.146344
610.000000 0.146625
620.000000 0.211894
630.000000 0.139197
640.000000 0.081584
650.000000 0.077210
660.000000 0.100333
670.000000 0.197733
680.000000 0.082955
690.000000 0.067891
700.000000 0.110357
710.000000 0.081484
720.000000 0.037339
730.000000 0.116375
740.000000 0.158708
750.000000 0.153803
760.000000 0.267483
770.000000 0.105161
780.000000 0.101703
790.000000 0.077109
800.000000 0.210379
810.000000 0.123473
820.000000 0.093574
830.000000 0.100652
840.000000 0.028585
850.000000 0.097606
860.000000 0.248541
870.000000 0.019790
880.000000 0.176841
890.000000 0.166399
900.000000 0.116891
910.000000 0.091751
920.000000 0.162225
930.000000 0.232623
940.000000 0.177696
950.000000 0.183042
960.000000 0.190564
970.000000 0.024725
980.000000 0.161969
990.000000 0.083647
1000.000000 0.153556
