10.000000 0.281546
20.000000 0.405788
30.000000 0.217273
40.000000 0.257138
50.000000 0.297179
60.000000 0.104567
70.000000 0.315481
80.000000 0.236415
90.000000 0.506261
100.000000 0.141548
110.000000 0.452381
120.000000 0.246982
130.000000 0.207250
140.000000 0.124353
150.000000 0.095303
160.000000 0.241237
170.000000 0.297997
180.000000 0.611163
190.000000 0.266800
200.000000 0.314736
210.000000 0.363609
220.000000 0.230713
230.000000 0.111049
240.000000 0.238619
250.000000 0.058328
260.000000 0.478789
270.000000 0.129222
280.000000 0.398792
290.000000 0.455014
300.000000 0.208470
310.000000 0.163069
320.000000 0.373149
330.000000 0.255096
340.000000 0.298558
350.000000 0.189637
360.000000 0.185648
370.000000 0.319537
380.000000 0.270624
390.000000 0.439773
400.000000 0.167863
410.000000 0.287776
420.000000 0.138142
430.000000 0.342585
440.000000 0.065493
450.000000 0.248039
460.000000 0.300832
470.000000 0.166518
480.000000 0.200054
490.000000 0.169104
500.000000 0.344780
510.000000 0.343517
520.000000 0.123191
530.000000 0.294225
540.000000 0.133403
550.000000 0.225720
560.000000 0.231364
570.000000 0.341022
580.000000 0.167757
590.000000 0.208279
600.000000 0.430904
610.000000 0.152793
620.000000 0.188491
630.000000 0.278532
640.000000 0.169089
650.000000 0.250488
660.000000 0.180043
670.000000 0.090367
680.000000 0.203032
690.000000 0.349421
700.000000 0.550426
710.000000 0.440935
720.000000 0.145596
730.000000 0.419321
740.000000 0.171437
750.000000 0.379467
760.000000 0.132186
770.000000 0.181693
780.000000 0.260178
790.000000 0.193092
800.000000 0.357021
810.000000 0.082901
820.000000 0.216050
830.000000 0.246384
840.000000 0.152765
850.000000 0.287014
860.000000 0.147039
870.000000 0.534577
880.000000 0.074230
890.000000 0.119959
900.000000 0.268725
910.000000 0.219269
920.000000 0.359260
930.000000 0.226725
940.000000 0.048731
950.000000 0.223888
960.000000 0.357715
970.000000 0.209006
980.000000 0.198887
990.000000 0.073417
1000.000000 0.388696
