0.000000 0.130081
1.000000 0.139874
2.000000 0.230727
3.000000 0.051813
4.000000 0.205491
5.000000 0.277421
6.000000 0.109676
7.000000 0.043473
8.000000 0.139409
9.000000 0.055119
10.000000 0.288305
11.000000 0.104706
12.000000 0.073452
13.000000 0.054596
14.000000 0.193248
15.000000 0.092811
16.000000 0.242136
17.000000 0.124210
18.000000 0.052617
19.000000 0.144737
20.000000 0.191453
21.000000 0.280661
22.000000 0.039469
23.000000 0.085938
24.000000 0.099252
25.000000 0.199411
26.000000 0.148885
27.000000 0.090845
28.000000 0.193975
29.000000 0.098807
30.000000 0.104627
31.000000 0.026061
32.000000 0.113319
33.000000 0.134278
34.000000 0.125444
35.000000 0.134273
36.000000 0.104756
37.000000 0.118522
38.000000 0.130379
39.000000 0.156602
40.000000 0.140087
41.000000 0.073104
42.000000 0.057093
43.000000 0.093856
44.000000 0.003369
45.000000 0.068957
46.000000 0.066550
47.000000 0.143523
48.000000 0.027476
49.000000 0.121471
50.000000 0.210510
51.000000 0.094509
52.000000 0.065938
53.000000 0.041679
54.000000 0.121451
55.000000 0.028815
56.000000 0.197080
57.000000 0.170311
58.000000 0.101381
59.000000 0.080972
60.000000 0.230527
61.000000 0.022781
62.000000 0.099669
63.000000 0.079238
64.000000 0.144944
65.000000 0.102927
66.000000 0.170789
67.000000 0.287534
68.000000 0.035762
69.000000 0.190403
70.000000 0.143075
71.000000 0.120485
72.000000 0.135141
73.000000 0.064880
74.000000 0.104027
75.000000 0.130917
76.000000 0.234551
77.000000 0.094879
78.000000 0.168261
79.000000 0.041118
80.000000 0.060493
81.000000 0.124497
82.000000 0.198070
83.000000 0.146713
84.000000 0.121748
85.000000 0.120920
86.000000 0.100434
87.000000 0.129484
88.000000 0.265211
89.000000 0.113835
90.000000 0.050113
91.000000 0.140334
92.000000 0.158471
93.000000 0.209523
94.000000 0.140939
95.000000 0.094722
96.000000 0.106323
97.000000 0.161616
98.000000 0.163312
99.000000 0.124543
100.000000 0.157492
101.000000 0.129186
102.000000 0.210048
103.000000 0.093825
104.000000 0.134134
105.000000 0.107486
106.000000 0.094177
107.000000 0.129821
108.000000 0.237277
109.000000 0.183920
110.000000 0.043822
111.000000 0.089308
112.000000 0.056986
113.000000 0.052214
114.000000 0.128607
115.000000 0.250785
116.000000 0.042317
117.000000 0.072500
118.000000 0.148849
119.000000 0.102834
120.000000 0.186710
121.000000 0.067188
122.000000 0.081231
123.000000 0.292672
124.000000 0.188163
125.000000 0.008844
126.000000 0.052869
127.000000 0.129114
128.000000 0.273541
129.000000 0.261298
130.000000 0.148488
131.000000 0.202070
132.000000 0.080007
133.000000 0.132782
134.000000 0.189861
135.000000 0.248687
136.000000 0.119403
137.000000 0.089985
138.000000 0.258326
139.000000 0.215812
140.000000 0.190818
141.000000 0.218340
142.000000 0.155058
143.000000 0.225838
144.000000 0.081607
145.000000 0.271104
146.000000 0.162775
147.000000 0.242260
148.000000 0.118932
149.000000 0.064904
150.000000 0.045902
151.000000 0.125725
152.000000 0.160248
153.000000 0.028471
154.000000 0.080421
155.000000 0.105143
156.000000 0.128062
157.000000 0.148488
158.000000 0.109878
159.000000 0.097037
160.000000 0.110325
161.000000 0.228163
162.000000 0.130982
163.000000 0.198838
164.000000 0.097693
165.000000 0.055175
166.000000 0.157268
167.000000 0.188092
168.000000 0.032101
169.000000 0.127359
170.000000 0.196681
171.000000 0.060072
172.000000 0.109758
173.000000 0.131095
174.000000 0.165972
175.000000 0.208949
176.000000 0.232056
177.000000 0.080759
178.000000 0.218228
179.000000 0.053651
180.000000 0.171096
181.000000 0.209885
182.000000 0.093918
183.000000 0.158014
184.000000 0.078899
185.000000 0.128204
186.000000 0.111970
187.000000 0.124791
188.000000 0.084445
189.000000 0.295805
190.000000 0.040322
191.000000 0.206392
192.000000 0.171934
193.000000 0.043926
194.000000 0.109781
195.000000 0.133964
196.000000 0.067078
197.000000 0.111008
198.000000 0.140370
199.000000 0.159878
200.000000 0.134936
201.000000 0.180892
202.000000 0.073550
203.000000 0.095740
204.000000 0.068648
205.000000 0.109952
206.000000 0.167987
207.000000 0.221048
208.000000 0.187753
209.000000 0.003260
210.000000 0.166433
211.000000 0.168564
212.000000 0.164222
213.000000 0.076150
214.000000 0.172466
215.000000 0.148392
216.000000 0.076013
217.000000 0.085141
218.000000 0.340762
219.000000 0.120835
220.000000 0.113314
221.000000 0.110369
222.000000 0.085146
223.000000 0.047631
224.000000 0.224869
225.000000 0.068705
226.000000 0.228388
227.000000 0.177701
228.000000 0.046652
229.000000 0.177890
230.000000 0.107496
231.000000 0.138282
232.000000 0.123065
233.000000 0.051581
234.000000 0.135143
235.000000 0.134219
236.000000 0.138041
237.000000 0.163551
238.000000 0.075818
239.000000 0.156891
240.000000 0.211467
241.000000 0.058267
242.000000 0.112808
243.000000 0.203785
244.000000 0.145803
245.000000 0.044217
246.000000 0.139523
247.000000 0.131916
248.000000 0.058571
249.000000 0.017933
250.000000 0.270493
251.000000 0.103382
252.000000 0.237049
253.000000 0.059840
254.000000 0.161094
255.000000 0.131096
256.000000 0.030704
257.000000 0.113045
258.000000 0.105586
259.000000 0.116671
260.000000 0.183435
261.000000 0.151609
262.000000 0.162584
263.000000 0.195031
264.000000 0.143902
265.000000 0.050608
266.000000 0.157967
267.000000 0.184323
268.000000 0.047351
269.000000 0.182038
270.000000 0.087461
271.000000 0.185097
272.000000 0.050153
273.000000 0.097542
274.000000 0.088857
275.000000 0.216745
276.000000 0.063110
277.000000 0.073282
278.000000 0.158644
279.000000 0.159654
280.000000 0.211560
281.000000 0.165411
282.000000 0.154575
283.000000 0.143799
284.000000 0.041959
285.000000 0.134854
286.000000 0.042635
287.000000 0.263337
288.000000 0.159241
289.000000 0.049827
290.000000 0.182197
291.000000 0.145034
292.000000 0.113863
293.000000 0.033953
294.000000 0.272831
295.000000 0.067436
296.000000 0.095295
297.000000 0.160045
298.000000 0.120946
299.000000 0.029736
300.000000 0.107462
301.000000 0.154475
302.000000 0.194475
303.000000 0.129214
304.000000 0.185519
305.000000 0.161783
306.000000 0.167519
307.000000 0.144172
308.000000 0.080535
309.000000 0.160981
310.000000 0.022647
311.000000 0.061420
312.000000 0.071594
313.000000 0.060896
314.000000 0.239918
315.000000 0.057693
316.000000 0.161441
317.000000 0.100912
318.000000 0.226484
319.000000 0.176661
320.000000 0.062397
321.000000 0.168925
322.000000 0.102031
323.000000 0.089266
324.000000 0.057196
325.000000 0.122498
326.000000 0.313753
327.000000 0.224729
328.000000 0.042297
329.000000 0.160502
330.000000 0.057238
331.000000 0.239855
332.000000 0.102263
333.000000 0.123441
334.000000 0.150707
335.000000 0.040461
336.000000 0.092989
337.000000 0.075637
338.000000 0.135115
339.000000 0.102168
340.000000 0.145294
341.000000 0.133843
342.000000 0.107980
343.000000 0.162981
344.000000 0.155392
345.000000 0.072657
346.000000 0.004231
347.000000 0.102011
348.000000 0.153009
349.000000 0.126458
350.000000 0.204154
351.000000 0.099278
352.000000 0.078950
353.000000 0.136106
354.000000 0.138500
355.000000 0.057988
356.000000 0.173446
357.000000 0.104666
358.000000 0.068164
359.000000 0.150436
360.000000 0.065314
361.000000 0.250907
362.000000 0.225154
363.000000 0.084974
364.000000 0.097537
365.000000 0.138017
366.000000 0.069413
367.000000 0.125472
368.000000 0.025218
369.000000 0.249718
370.000000 0.040958
371.000000 0.133969
372.000000 0.037734
373.000000 0.112568
374.000000 0.163892
375.000000 0.271283
376.000000 0.128147
377.000000 0.277724
378.000000 0.138015
379.000000 0.127149
380.000000 0.090190
381.000000 0.057136
382.000000 0.032000
383.000000 0.215624
384.000000 0.164089
385.000000 0.049536
386.000000 0.245111
387.000000 0.127513
388.000000 0.301568
389.000000 0.106685
390.000000 0.263613
391.000000 0.159947
392.000000 0.119107
393.000000 0.168719
394.000000 0.162735
395.000000 0.144883
396.000000 0.060731
397.000000 0.060389
398.000000 0.097171
399.000000 0.030210
400.000000 0.103380
401.000000 0.279280
402.000000 0.194606
403.000000 0.039227
404.000000 0.062882
405.000000 0.156943
406.000000 0.044107
407.000000 0.029495
408.000000 0.065908
409.000000 0.046325
410.000000 0.164430
411.000000 0.110615
412.000000 0.163686
413.000000 0.122382
414.000000 0.023778
415.000000 0.185707
416.000000 0.092027
417.000000 0.087947
418.000000 0.142409
419.000000 0.234833
420.000000 0.071481
421.000000 0.063022
422.000000 0.083247
423.000000 0.099723
424.000000 0.112371
425.000000 0.090762
426.000000 0.169891
427.000000 0.128700
428.000000 0.228804
429.000000 0.018441
430.000000 0.115228
431.000000 0.205381
432.000000 0.039089
433.000000 0.064378
434.000000 0.026033
435.000000 0.115036
436.000000 0.028549
437.000000 0.150001
438.000000 0.103455
439.000000 0.023421
440.000000 0.188194
441.000000 0.036397
442.000000 0.179947
443.000000 0.044634
444.000000 0.139467
445.000000 0.089481
446.000000 0.120907
447.000000 0.273546
448.000000 0.112470
449.000000 0.079569
450.000000 0.071954
451.000000 0.043134
452.000000 0.084574
453.000000 0.089049
454.000000 0.132865
455.000000 0.241278
456.000000 0.089578
457.000000 0.172450
458.000000 0.076176
459.000000 0.016068
460.000000 0.081725
461.000000 0.080621
462.000000 0.171613
463.000000 0.113157
464.000000 0.104128
465.000000 0.178035
466.000000 0.040739
467.000000 0.192473
468.000000 0.204057
469.000000 0.038772
470.000000 0.158649
471.000000 0.134456
472.000000 0.080457
473.000000 0.285508
474.000000 0.098363
475.000000 0.105057
476.000000 0.081214
477.000000 0.021883
478.000000 0.170461
479.000000 0.203025
480.000000 0.104567
481.000000 0.141675
482.000000 0.133424
483.000000 0.315990
484.000000 0.249356
485.000000 0.069564
486.000000 0.043612
487.000000 0.200610
488.000000 0.170639
489.000000 0.051738
490.000000 0.126735
491.000000 0.099888
492.000000 0.127197
493.000000 0.167825
494.000000 0.104008
495.000000 0.108211
496.000000 0.086131
497.000000 0.135754
498.000000 0.122838
499.000000 0.056009
500.000000 0.301478
501.000000 0.252099
502.000000 0.251233
503.000000 0.278150
504.000000 0.123810
505.000000 0.096557
506.000000 0.238826
507.000000 0.077503
508.000000 0.246144
509.000000 0.229480
510.000000 0.055092
511.000000 0.097587
512.000000 0.050342
513.000000 0.195141
514.000000 0.231695
515.000000 0.179529
516.000000 0.123288
517.000000 0.136120
518.000000 0.131933
519.000000 0.049652
520.000000 0.118599
521.000000 0.172670
522.000000 0.130821
523.000000 0.126025
524.000000 0.118890
525.000000 0.111315
526.000000 0.046163
527.000000 0.089773
528.000000 0.092902
529.000000 0.058740
530.000000 0.132657
531.000000 0.071861
532.000000 0.059561
533.000000 0.043207
534.000000 0.161124
535.000000 0.133771
536.000000 0.148850
537.000000 0.131411
538.000000 0.423120
539.000000 0.178541
540.000000 0.188141
541.000000 0.042825
542.000000 0.004340
543.000000 0.165852
544.000000 0.200610
545.000000 0.075410
546.000000 0.109307
547.000000 0.266401
548.000000 0.164137
549.000000 0.136871
550.000000 0.133282
551.000000 0.311893
552.000000 0.086830
553.000000 0.029881
554.000000 0.108609
555.000000 0.068371
556.000000 0.056857
557.000000 0.050217
558.000000 0.098926
559.000000 0.188362
560.000000 0.150975
561.000000 0.390062
562.000000 0.177908
563.000000 0.100237
564.000000 0.144396
565.000000 0.084675
566.000000 0.226830
567.000000 0.144296
568.000000 0.194109
569.000000 0.192274
570.000000 0.126232
571.000000 0.080731
572.000000 0.253401
573.000000 0.214592
574.000000 0.249946
575.000000 0.291629
576.000000 0.098997
577.000000 0.038748
578.000000 0.209589
579.000000 0.017558
580.000000 0.095084
581.000000 0.082824
582.000000 0.095429
583.000000 0.038102
584.000000 0.288386
585.000000 0.146907
586.000000 0.087583
587.000000 0.090273
588.000000 0.122480
589.000000 0.119272
590.000000 0.102006
591.000000 0.057514
592.000000 0.223109
593.000000 0.132057
594.000000 0.323533
595.000000 0.124999
596.000000 0.014769
597.000000 0.041370
598.000000 0.252623
599.000000 0.042680
600.000000 0.068291
601.000000 0.077091
602.000000 0.183868
603.000000 0.146145
604.000000 0.038446
605.000000 0.061180
606.000000 0.142507
607.000000 0.086847
608.000000 0.042056
609.000000 0.104052
610.000000 0.088328
611.000000 0.128613
612.000000 0.204721
613.000000 0.254777
614.000000 0.100261
615.000000 0.231524
616.000000 0.156066
617.000000 0.223645
618.000000 0.095486
619.000000 0.107801
620.000000 0.090853
621.000000 0.017517
622.000000 0.212901
623.000000 0.030054
624.000000 0.262685
625.000000 0.050670
626.000000 0.100749
627.000000 0.044554
628.000000 0.099108
629.000000 0.031442
630.000000 0.255736
631.000000 0.113869
632.000000 0.169848
633.000000 0.177807
634.000000 0.098389
635.000000 0.101746
636.000000 0.014338
637.000000 0.126717
638.000000 0.034808
639.000000 0.227367
640.000000 0.061676
641.000000 0.104932
642.000000 0.026985
643.000000 0.167479
644.000000 0.082741
645.000000 0.085807
646.000000 0.109409
647.000000 0.267297
648.000000 0.181168
649.000000 0.257005
650.000000 0.095667
651.000000 0.111108
652.000000 0.129605
653.000000 0.060233
654.000000 0.088627
655.000000 0.187879
656.000000 0.139140
657.000000 0.169381
658.000000 0.190539
659.000000 0.155970
660.000000 0.080950
661.000000 0.197413
662.000000 0.065013
663.000000 0.096806
664.000000 0.055510
665.000000 0.222839
666.000000 0.148396
667.000000 0.173518
668.000000 0.154022
669.000000 0.112442
670.000000 0.090492
671.000000 0.135229
672.000000 0.070476
673.000000 0.020884
674.000000 0.133397
675.000000 0.226269
676.000000 0.083610
677.000000 0.054294
678.000000 0.074753
679.000000 0.055800
680.000000 0.071433
681.000000 0.144463
682.000000 0.157332
683.000000 0.082228
684.000000 0.192272
685.000000 0.208203
686.000000 0.296638
687.000000 0.170838
688.000000 0.195154
689.000000 0.114138
690.000000 0.147794
691.000000 0.206659
692.000000 0.132437
693.000000 0.037797
694.000000 0.133757
695.000000 0.068405
696.000000 0.137806
697.000000 0.195416
698.000000 0.007113
699.000000 0.170357
700.000000 0.061502
701.000000 0.082306
702.000000 0.050588
703.000000 0.149919
704.000000 0.244931
705.000000 0.174844
706.000000 0.137171
707.000000 0.268141
708.000000 0.048635
709.000000 0.153692
710.000000 0.248308
711.000000 0.167857
712.000000 0.151461
713.000000 0.239691
714.000000 0.167211
715.000000 0.053160
716.000000 0.180710
717.000000 0.111615
718.000000 0.039075
719.000000 0.132198
720.000000 0.194295
721.000000 0.121536
722.000000 0.151796
723.000000 0.087084
724.000000 0.031049
725.000000 0.167886
726.000000 0.110487
727.000000 0.101230
728.000000 0.172307
729.000000 0.114741
730.000000 0.181438
731.000000 0.204461
732.000000 0.174685
733.000000 0.098876
734.000000 0.265397
735.000000 0.030780
736.000000 0.214904
737.000000 0.048187
738.000000 0.045444
739.000000 0.106689
740.000000 0.142021
741.000000 0.164155
742.000000 0.101033
743.000000 0.173781
744.000000 0.398256
745.000000 0.275902
746.000000 0.074959
747.000000 0.161105
748.000000 0.120956
749.000000 0.195777
750.000000 0.240369
751.000000 0.010779
752.000000 0.059139
753.000000 0.128536
754.000000 0.118539
755.000000 0.074768
756.000000 0.129504
757.000000 0.354606
758.000000 0.072463
759.000000 0.010026
760.000000 0.054518
761.000000 0.074692
762.000000 0.112607
763.000000 0.148109
764.000000 0.177100
765.000000 0.123413
766.000000 0.136439
767.000000 0.034148
768.000000 0.021112
769.000000 0.125349
770.000000 0.187670
771.000000 0.158756
772.000000 0.073884
773.000000 0.145087
774.000000 0.100279
775.000000 0.086744
776.000000 0.130915
777.000000 0.025013
778.000000 0.149037
779.000000 0.065376
780.000000 0.220939
781.000000 0.168278
782.000000 0.084891
783.000000 0.020239
784.000000 0.083154
785.000000 0.106491
786.000000 0.152795
787.000000 0.220362
788.000000 0.080738
789.000000 0.171605
790.000000 0.074471
791.000000 0.099406
792.000000 0.207410
793.000000 0.109832
794.000000 0.276575
795.000000 0.087748
796.000000 0.173194
797.000000 0.115827
798.000000 0.013162
799.000000 0.146385
800.000000 0.106215
801.000000 0.086519
802.000000 0.056205
803.000000 0.130558
804.000000 0.279547
805.000000 0.023575
806.000000 0.065674
807.000000 0.142326
808.000000 0.149526
809.000000 0.089733
810.000000 0.279631
811.000000 0.115928
812.000000 0.074946
813.000000 0.149269
814.000000 0.143389
815.000000 0.180623
816.000000 0.132074
817.000000 0.118214
818.000000 0.094587
819.000000 0.077085
820.000000 0.076732
821.000000 0.007519
822.000000 0.107444
823.000000 0.058456
824.000000 0.171787
825.000000 0.079240
826.000000 0.191447
827.000000 0.109351
828.000000 0.111178
829.000000 0.056848
830.000000 0.139949
831.000000 0.078678
832.000000 0.105798
833.000000 0.186314
834.000000 0.088825
835.000000 0.197001
836.000000 0.044236
837.000000 0.092554
838.000000 0.073167
839.000000 0.072465
840.000000 0.204385
841.000000 0.224023
842.000000 0.120704
843.000000 0.249652
844.000000 0.084635
845.000000 0.035350
846.000000 0.209907
847.000000 0.302100
848.000000 0.056732
849.000000 0.119515
850.000000 0.123984
851.000000 0.031072
852.000000 0.159909
853.000000 0.129435
854.000000 0.121048
855.000000 0.019273
856.000000 0.034243
857.000000 0.095844
858.000000 0.209459
859.000000 0.130351
860.000000 0.073070
861.000000 0.044714
862.000000 0.206789
863.000000 0.049403
864.000000 0.154700
865.000000 0.105861
866.000000 0.117795
867.000000 0.085082
868.000000 0.157368
869.000000 0.158207
870.000000 0.115911
871.000000 0.100281
872.000000 0.093605
873.000000 0.113191
874.000000 0.114124
875.000000 0.041766
876.000000 0.208335
877.000000 0.196615
878.000000 0.147439
879.000000 0.121552
880.000000 0.068415
881.000000 0.221199
882.000000 0.089786
883.000000 0.179851
884.000000 0.149714
885.000000 0.113431
886.000000 0.140554
887.000000 0.083577
888.000000 0.211527
889.000000 0.119850
890.000000 0.103866
891.000000 0.142205
892.000000 0.106016
893.000000 0.086821
894.000000 0.170265
895.000000 0.167122
896.000000 0.161904
897.000000 0.120581
898.000000 0.151045
899.000000 0.055806
900.000000 0.210181
901.000000 0.028588
902.000000 0.053478
903.000000 0.098913
904.000000 0.243516
905.000000 0.138770
906.000000 0.091693
907.000000 0.029990
908.000000 0.113900
909.000000 0.226394
910.000000 0.054290
911.000000 0.180815
912.000000 0.069744
913.000000 0.160647
914.000000 0.196670
915.000000 0.097540
916.000000 0.028242
917.000000 0.078922
918.000000 0.135156
919.000000 0.052533
920.000000 0.168032
921.000000 0.133614
922.000000 0.167914
923.000000 0.039863
924.000000 0.021347
925.000000 0.171373
926.000000 0.044505
927.000000 0.105622
928.000000 0.143940
929.000000 0.040917
930.000000 0.125346
931.000000 0.118182
932.000000 0.050257
933.000000 0.265486
934.000000 0.197731
935.000000 0.078627
936.000000 0.264637
937.000000 0.167799
938.000000 0.134558
939.000000 0.117475
940.000000 0.213478
941.000000 0.122360
942.000000 0.116162
943.000000 0.108228
944.000000 0.142319
945.000000 0.151003
946.000000 0.148053
947.000000 0.247547
948.000000 0.186665
949.000000 0.102721
950.000000 0.104383
951.000000 0.173721
952.000000 0.084448
953.000000 0.116874
954.000000 0.126719
955.000000 0.284147
956.000000 0.089011
957.000000 0.201977
958.000000 0.107099
959.000000 0.069125
960.000000 0.227758
961.000000 0.168664
962.000000 0.120978
963.000000 0.170560
964.000000 0.095923
965.000000 0.247342
966.000000 0.099266
967.000000 0.163758
968.000000 0.197296
969.000000 0.030178
970.000000 0.115452
971.000000 0.015960
972.000000 0.144753
973.000000 0.176452
974.000000 0.146061
975.000000 0.032835
976.000000 0.144102
977.000000 0.125341
978.000000 0.055259
979.000000 0.063021
980.000000 0.112753
981.000000 0.071471
982.000000 0.225153
983.000000 0.308123
984.000000 0.040320
985.000000 0.122745
986.000000 0.140550
987.000000 0.319275
988.000000 0.219509
989.000000 0.081929
990.000000 0.099701
991.000000 0.132171
992.000000 0.110415
993.000000 0.084935
994.000000 0.141686
995.000000 0.186978
996.000000 0.131171
997.000000 0.048247
998.000000 0.185976
999.000000 0.150091
1000.000000 0.107749
1001.000000 0.035055
1002.000000 0.095495
1003.000000 0.175806
1004.000000 0.080816
1005.000000 0.140631
1006.000000 0.165224
1007.000000 0.147709
1008.000000 0.203182
1009.000000 0.159938
1010.000000 0.153547
1011.000000 0.178821
1012.000000 0.118997
1013.000000 0.427538
1014.000000 0.009806
1015.000000 0.125272
1016.000000 0.049817
1017.000000 0.122860
1018.000000 0.144140
1019.000000 0.089724
1020.000000 0.176382
1021.000000 0.062876
1022.000000 0.206292
1023.000000 0.233925
1024.000000 0.047814
1025.000000 0.127402
1026.000000 0.109534
1027.000000 0.230981
1028.000000 0.273570
1029.000000 0.200121
1030.000000 0.146611
1031.000000 0.030741
1032.000000 0.210300
1033.000000 0.106542
1034.000000 0.002365
1035.000000 0.159461
1036.000000 0.224315
1037.000000 0.095040
1038.000000 0.120847
1039.000000 0.134384
1040.000000 0.115672
1041.000000 0.110473
1042.000000 0.093436
1043.000000 0.191719
1044.000000 0.191191
1045.000000 0.244110
1046.000000 0.037125
1047.000000 0.354168
1048.000000 0.144309
1049.000000 0.069915
1050.000000 0.107611
1051.000000 0.167618
1052.000000 0.084876
1053.000000 0.315229
1054.000000 0.142236
1055.000000 0.112562
1056.000000 0.171621
1057.000000 0.038490
1058.000000 0.020531
1059.000000 0.164401
1060.000000 0.049230
1061.000000 0.317957
1062.000000 0.032069
1063.000000 0.075621
1064.000000 0.128489
1065.000000 0.295225
1066.000000 0.115092
1067.000000 0.096381
1068.000000 0.128907
1069.000000 0.201396
1070.000000 0.112193
1071.000000 0.069868
1072.000000 0.170198
1073.000000 0.057603
1074.000000 0.080363
1075.000000 0.085201
1076.000000 0.272803
1077.000000 0.054315
1078.000000 0.134525
1079.000000 0.095242
1080.000000 0.050507
1081.000000 0.109082
1082.000000 0.277885
1083.000000 0.128115
1084.000000 0.189194
1085.000000 0.186173
1086.000000 0.072489
1087.000000 0.083535
1088.000000 0.094598
1089.000000 0.122677
1090.000000 0.083198
1091.000000 0.059193
1092.000000 0.156197
1093.000000 0.136782
1094.000000 0.151285
1095.000000 0.279531
1096.000000 0.121200
1097.000000 0.008570
1098.000000 0.032347
1099.000000 0.115405
1100.000000 0.084288
1101.000000 0.107589
1102.000000 0.061342
1103.000000 0.093395
1104.000000 0.090532
1105.000000 0.155167
1106.000000 0.058627
1107.000000 0.097541
1108.000000 0.088812
1109.000000 0.184862
1110.000000 0.266933
1111.000000 0.205246
1112.000000 0.050832
1113.000000 0.166212
1114.000000 0.202037
1115.000000 0.170192
1116.000000 0.157201
1117.000000 0.075839
1118.000000 0.119536
1119.000000 0.106852
1120.000000 0.073077
1121.000000 0.045657
1122.000000 0.066061
1123.000000 0.115310
1124.000000 0.040128
1125.000000 0.056036
1126.000000 0.217687
1127.000000 0.233808
1128.000000 0.120101
1129.000000 0.211495
1130.000000 0.137511
1131.000000 0.101013
1132.000000 0.145465
1133.000000 0.131901
1134.000000 0.080347
1135.000000 0.224377
1136.000000 0.183398
1137.000000 0.161785
1138.000000 0.190511
1139.000000 0.239397
1140.000000 0.068829
1141.000000 0.001211
1142.000000 0.095107
1143.000000 0.106962
1144.000000 0.111561
1145.000000 0.073150
1146.000000 0.177149
1147.000000 0.220648
1148.000000 0.119547
1149.000000 0.164075
1150.000000 0.228842
1151.000000 0.020654
1152.000000 0.087545
1153.000000 0.099171
1154.000000 0.283198
1155.000000 0.107510
1156.000000 0.070371
1157.000000 0.055433
1158.000000 0.086323
1159.000000 0.215687
1160.000000 0.095830
1161.000000 0.071402
1162.000000 0.102615
1163.000000 0.076452
1164.000000 0.166199
1165.000000 0.217365
1166.000000 0.063260
1167.000000 0.267548
1168.000000 0.133591
1169.000000 0.076957
1170.000000 0.191691
1171.000000 0.010694
1172.000000 0.128017
1173.000000 0.140985
1174.000000 0.220500
1175.000000 0.081087
1176.000000 0.105486
1177.000000 0.127977
1178.000000 0.126700
1179.000000 0.128384
1180.000000 0.178282
1181.000000 0.111295
1182.000000 0.040940
1183.000000 0.136922
1184.000000 0.122743
1185.000000 0.052024
1186.000000 0.198571
1187.000000 0.093298
1188.000000 0.230284
1189.000000 0.079905
1190.000000 0.035727
1191.000000 0.240701
1192.000000 0.134342
1193.000000 0.161571
1194.000000 0.142341
1195.000000 0.209030
1196.000000 0.094287
1197.000000 0.111228
1198.000000 0.102923
1199.000000 0.127314
1200.000000 0.013971
1201.000000 0.184232
1202.000000 0.036433
1203.000000 0.252017
1204.000000 0.114534
1205.000000 0.212828
1206.000000 0.223738
1207.000000 0.134105
1208.000000 0.282612
1209.000000 0.051075
1210.000000 0.141031
1211.000000 0.171360
1212.000000 0.088604
1213.000000 0.160107
1214.000000 0.293238
1215.000000 0.113351
1216.000000 0.006057
1217.000000 0.036506
1218.000000 0.116230
1219.000000 0.195868
1220.000000 0.087212
1221.000000 0.166998
1222.000000 0.140426
1223.000000 0.186585
1224.000000 0.138526
1225.000000 0.115623
1226.000000 0.079038
1227.000000 0.100552
1228.000000 0.035634
1229.000000 0.123698
1230.000000 0.287624
1231.000000 0.173257
1232.000000 0.136585
1233.000000 0.072081
1234.000000 0.064916
1235.000000 0.146591
1236.000000 0.138886
1237.000000 0.023692
1238.000000 0.059607
1239.000000 0.089314
1240.000000 0.149326
1241.000000 0.092088
1242.000000 0.067781
1243.000000 0.009028
1244.000000 0.133015
1245.000000 0.089561
1246.000000 0.066735
1247.000000 0.097144
1248.000000 0.053718
1249.000000 0.039759
1250.000000 0.168947
1251.000000 0.086998
1252.000000 0.076941
1253.000000 0.080573
1254.000000 0.144786
1255.000000 0.091724
1256.000000 0.192865
1257.000000 0.212694
1258.000000 0.266061
1259.000000 0.102942
1260.000000 0.104090
1261.000000 0.062118
1262.000000 0.068147
1263.000000 0.114163
1264.000000 0.190541
1265.000000 0.021662
1266.000000 0.155289
1267.000000 0.059707
1268.000000 0.063727
1269.000000 0.155133
1270.000000 0.061268
1271.000000 0.096511
1272.000000 0.070684
1273.000000 0.075978
1274.000000 0.123195
1275.000000 0.147542
1276.000000 0.082326
1277.000000 0.169752
1278.000000 0.053082
1279.000000 0.054847
1280.000000 0.037159
1281.000000 0.165532
1282.000000 0.145831
1283.000000 0.069090
1284.000000 0.028479
1285.000000 0.140212
1286.000000 0.054843
1287.000000 0.050954
1288.000000 0.273684
1289.000000 0.183507
1290.000000 0.094253
1291.000000 0.050797
1292.000000 0.257857
1293.000000 0.120761
1294.000000 0.098522
1295.000000 0.283254
1296.000000 0.064215
1297.000000 0.183152
1298.000000 0.065489
1299.000000 0.075682
1300.000000 0.014898
1301.000000 0.272340
1302.000000 0.220516
1303.000000 0.077194
1304.000000 0.062757
1305.000000 0.191211
1306.000000 0.176057
1307.000000 0.088635
1308.000000 0.148355
1309.000000 0.120147
1310.000000 0.077338
1311.000000 0.144309
1312.000000 0.164116
1313.000000 0.109780
1314.000000 0.047368
1315.000000 0.227089
1316.000000 0.176151
1317.000000 0.107631
1318.000000 0.097934
1319.000000 0.113801
1320.000000 0.118538
1321.000000 0.067571
1322.000000 0.042512
1323.000000 0.154364
1324.000000 0.190109
1325.000000 0.158375
1326.000000 0.179488
1327.000000 0.032455
1328.000000 0.129726
1329.000000 0.071672
1330.000000 0.055972
1331.000000 0.043156
1332.000000 0.171538
1333.000000 0.159461
1334.000000 0.144995
1335.000000 0.207558
1336.000000 0.102744
1337.000000 0.219392
1338.000000 0.048398
1339.000000 0.097316
1340.000000 0.097632
1341.000000 0.200991
1342.000000 0.105776
1343.000000 0.091238
1344.000000 0.098434
1345.000000 0.194330
1346.000000 0.048794
1347.000000 0.098816
1348.000000 0.200029
1349.000000 0.120972
1350.000000 0.182273
1351.000000 0.075553
1352.000000 0.217207
1353.000000 0.167464
1354.000000 0.225567
1355.000000 0.268453
1356.000000 0.172029
1357.000000 0.059149
1358.000000 0.129069
1359.000000 0.064836
1360.000000 0.005901
1361.000000 0.155305
1362.000000 0.153627
1363.000000 0.111017
1364.000000 0.025757
1365.000000 0.265827
1366.000000 0.048215
1367.000000 0.159893
1368.000000 0.146784
1369.000000 0.139343
1370.000000 0.144727
1371.000000 0.039835
1372.000000 0.151122
1373.000000 0.112726
1374.000000 0.075575
1375.000000 0.115313
1376.000000 0.113955
1377.000000 0.197585
1378.000000 0.232001
1379.000000 0.083657
1380.000000 0.065604
1381.000000 0.217022
1382.000000 0.102701
1383.000000 0.198370
1384.000000 0.104003
1385.000000 0.040658
1386.000000 0.199003
1387.000000 0.024856
1388.000000 0.017134
1389.000000 0.098137
1390.000000 0.074755
1391.000000 0.081497
1392.000000 0.081978
1393.000000 0.049989
1394.000000 0.089102
1395.000000 0.185432
1396.000000 0.118768
1397.000000 0.197569
1398.000000 0.210402
1399.000000 0.103122
1400.000000 0.149525
1401.000000 0.047577
1402.000000 0.133088
1403.000000 0.115741
1404.000000 0.090927
1405.000000 0.204485
1406.000000 0.150628
1407.000000 0.100634
1408.000000 0.175638
1409.000000 0.224181
1410.000000 0.130345
1411.000000 0.244250
1412.000000 0.017441
1413.000000 0.288548
1414.000000 0.262875
1415.000000 0.059934
1416.000000 0.043482
1417.000000 0.143578
1418.000000 0.166153
1419.000000 0.105967
1420.000000 0.109386
1421.000000 0.071407
1422.000000 0.188695
1423.000000 0.018017
1424.000000 0.143390
1425.000000 0.139439
1426.000000 0.113949
1427.000000 0.144986
1428.000000 0.103332
1429.000000 0.272010
1430.000000 0.044354
1431.000000 0.092694
1432.000000 0.256009
1433.000000 0.121040
1434.000000 0.068056
1435.000000 0.190694
1436.000000 0.185347
1437.000000 0.271033
1438.000000 0.156035
1439.000000 0.026725
1440.000000 0.111528
1441.000000 0.272205
1442.000000 0.089538
1443.000000 0.197783
1444.000000 0.107633
1445.000000 0.192277
1446.000000 0.099354
1447.000000 0.070817
1448.000000 0.009241
1449.000000 0.124287
1450.000000 0.212937
1451.000000 0.049372
1452.000000 0.004279
1453.000000 0.149788
1454.000000 0.178815
1455.000000 0.224340
1456.000000 0.079021
1457.000000 0.051172
1458.000000 0.166023
1459.000000 0.177362
1460.000000 0.299881
1461.000000 0.164165
1462.000000 0.203999
1463.000000 0.154887
1464.000000 0.009028
1465.000000 0.161426
1466.000000 0.122237
1467.000000 0.133524
1468.000000 0.058431
1469.000000 0.147907
1470.000000 0.183544
1471.000000 0.153364
1472.000000 0.120915
1473.000000 0.097572
1474.000000 0.131029
1475.000000 0.090883
1476.000000 0.126128
1477.000000 0.139101
1478.000000 0.267022
1479.000000 0.089590
1480.000000 0.048818
1481.000000 0.153226
1482.000000 0.109929
1483.000000 0.118597
1484.000000 0.110841
1485.000000 0.036446
1486.000000 0.083339
1487.000000 0.066253
1488.000000 0.231438
1489.000000 0.049382
1490.000000 0.117706
1491.000000 0.189021
1492.000000 0.065168
1493.000000 0.059497
1494.000000 0.050150
1495.000000 0.108547
1496.000000 0.179235
1497.000000 0.169194
1498.000000 0.033244
1499.000000 0.070705
1500.000000 0.076121
1501.000000 0.057909
1502.000000 0.032806
1503.000000 0.054755
1504.000000 0.055041
1505.000000 0.276648
1506.000000 0.179069
1507.000000 0.097760
1508.000000 0.137536
1509.000000 0.215458
1510.000000 0.100603
1511.000000 0.138754
1512.000000 0.066299
1513.000000 0.067224
1514.000000 0.105027
1515.000000 0.044345
1516.000000 0.104409
1517.000000 0.151841
1518.000000 0.102805
1519.000000 0.237279
1520.000000 0.023044
1521.000000 0.132493
1522.000000 0.217496
1523.000000 0.078176
1524.000000 0.123089
1525.000000 0.170282
1526.000000 0.074344
1527.000000 0.040674
1528.000000 0.005489
1529.000000 0.064509
1530.000000 0.123936
1531.000000 0.193409
1532.000000 0.169693
1533.000000 0.256471
1534.000000 0.110033
1535.000000 0.074642
1536.000000 0.103743
1537.000000 0.269858
1538.000000 0.236869
1539.000000 0.084265
1540.000000 0.051666
1541.000000 0.159987
1542.000000 0.050216
1543.000000 0.151514
1544.000000 0.030925
1545.000000 0.062241
1546.000000 0.113610
1547.000000 0.171131
1548.000000 0.062442
1549.000000 0.028366
1550.000000 0.244707
1551.000000 0.124386
1552.000000 0.066659
1553.000000 0.203927
1554.000000 0.114717
1555.000000 0.156707
1556.000000 0.201176
1557.000000 0.042804
1558.000000 0.176356
1559.000000 0.095732
1560.000000 0.174612
1561.000000 0.043117
1562.000000 0.197786
1563.000000 0.227766
1564.000000 0.132840
1565.000000 0.138267
1566.000000 0.045693
1567.000000 0.207144
1568.000000 0.096300
1569.000000 0.068393
1570.000000 0.101034
1571.000000 0.223982
1572.000000 0.044532
1573.000000 0.092352
1574.000000 0.190047
1575.000000 0.186056
1576.000000 0.113235
1577.000000 0.066099
1578.000000 0.357994
1579.000000 0.094051
1580.000000 0.048427
1581.000000 0.066210
1582.000000 0.147464
1583.000000 0.250921
1584.000000 0.079376
1585.000000 0.104850
1586.000000 0.210666
1587.000000 0.091756
1588.000000 0.207996
1589.000000 0.052112
1590.000000 0.089891
1591.000000 0.070358
1592.000000 0.114336
1593.000000 0.072501
1594.000000 0.104449
1595.000000 0.255469
1596.000000 0.053158
1597.000000 0.075177
1598.000000 0.058124
1599.000000 0.089796
1600.000000 0.022149
1601.000000 0.080355
1602.000000 0.109489
1603.000000 0.138710
1604.000000 0.160635
1605.000000 0.076477
1606.000000 0.164024
1607.000000 0.186991
1608.000000 0.049303
1609.000000 0.182207
1610.000000 0.160135
1611.000000 0.056995
1612.000000 0.083713
1613.000000 0.114741
1614.000000 0.077120
1615.000000 0.206132
1616.000000 0.083455
1617.000000 0.167889
1618.000000 0.222316
1619.000000 0.102756
1620.000000 0.147570
1621.000000 0.192153
1622.000000 0.068442
1623.000000 0.113356
1624.000000 0.164352
1625.000000 0.119268
1626.000000 0.210504
1627.000000 0.056930
1628.000000 0.078612
1629.000000 0.065892
1630.000000 0.057445
1631.000000 0.038687
1632.000000 0.135074
1633.000000 0.054564
1634.000000 0.157889
1635.000000 0.213188
1636.000000 0.095806
1637.000000 0.032530
1638.000000 0.268057
1639.000000 0.119113
1640.000000 0.090742
1641.000000 0.112136
1642.000000 0.097551
1643.000000 0.111854
1644.000000 0.056871
1645.000000 0.036443
1646.000000 0.139956
1647.000000 0.235207
1648.000000 0.198622
1649.000000 0.226790
1650.000000 0.095946
1651.000000 0.219754
1652.000000 0.091806
1653.000000 0.142246
1654.000000 0.010091
1655.000000 0.069919
1656.000000 0.073409
1657.000000 0.177377
1658.000000 0.131730
1659.000000 0.090041
1660.000000 0.087352
1661.000000 0.085119
1662.000000 0.128261
1663.000000 0.142454
1664.000000 0.122471
1665.000000 0.103885
1666.000000 0.072349
1667.000000 0.188747
1668.000000 0.220678
1669.000000 0.119180
1670.000000 0.065318
1671.000000 0.194517
1672.000000 0.159252
1673.000000 0.223311
1674.000000 0.101550
1675.000000 0.126504
1676.000000 0.141825
1677.000000 0.048984
1678.000000 0.099237
1679.000000 0.073182
1680.000000 0.103574
1681.000000 0.176793
1682.000000 0.112103
1683.000000 0.053421
1684.000000 0.217473
1685.000000 0.153905
1686.000000 0.086933
1687.000000 0.162629
1688.000000 0.089764
1689.000000 0.054056
1690.000000 0.060259
1691.000000 0.163837
1692.000000 0.214326
1693.000000 0.067473
1694.000000 0.283979
1695.000000 0.083530
1696.000000 0.054922
1697.000000 0.057472
1698.000000 0.047152
1699.000000 0.158915
1700.000000 0.206735
1701.000000 0.206432
1702.000000 0.065000
1703.000000 0.022320
1704.000000 0.035863
1705.000000 0.166707
1706.000000 0.250877
1707.000000 0.123916
1708.000000 0.152366
1709.000000 0.103876
1710.000000 0.191941
1711.000000 0.151270
1712.000000 0.069879
1713.000000 0.194218
1714.000000 0.082374
1715.000000 0.158628
1716.000000 0.187135
1717.000000 0.179033
1718.000000 0.146869
1719.000000 0.056020
1720.000000 0.297187
1721.000000 0.088445
1722.000000 0.102107
1723.000000 0.176561
1724.000000 0.174356
1725.000000 0.098164
1726.000000 0.129723
1727.000000 0.207144
1728.000000 0.136271
1729.000000 0.152938
1730.000000 0.155801
1731.000000 0.054484
1732.000000 0.108183
1733.000000 0.025222
1734.000000 0.089154
1735.000000 0.223721
1736.000000 0.124518
1737.000000 0.118931
1738.000000 0.032202
1739.000000 0.094378
1740.000000 0.021450
1741.000000 0.087651
1742.000000 0.298786
1743.000000 0.102851
1744.000000 0.121590
1745.000000 0.313718
1746.000000 0.065713
1747.000000 0.117746
1748.000000 0.286495
1749.000000 0.007311
1750.000000 0.153519
1751.000000 0.246303
1752.000000 0.128952
1753.000000 0.231694
1754.000000 0.023247
1755.000000 0.146766
1756.000000 0.202365
1757.000000 0.169947
1758.000000 0.127163
1759.000000 0.082165
1760.000000 0.249067
1761.000000 0.227467
1762.000000 0.115476
1763.000000 0.186689
1764.000000 0.130999
1765.000000 0.156028
1766.000000 0.138618
1767.000000 0.189903
1768.000000 0.058656
1769.000000 0.201939
1770.000000 0.068647
1771.000000 0.092816
1772.000000 0.045843
1773.000000 0.184120
1774.000000 0.119617
1775.000000 0.193703
1776.000000 0.062580
1777.000000 0.256031
1778.000000 0.159393
1779.000000 0.060709
1780.000000 0.138753
1781.000000 0.093844
1782.000000 0.058470
1783.000000 0.236234
1784.000000 0.052420
1785.000000 0.116997
1786.000000 0.041254
1787.000000 0.063280
1788.000000 0.168258
1789.000000 0.270582
1790.000000 0.214670
1791.000000 0.045712
1792.000000 0.089536
1793.000000 0.103478
1794.000000 0.031501
1795.000000 0.069843
1796.000000 0.103545
1797.000000 0.132480
1798.000000 0.259096
1799.000000 0.177666
1800.000000 0.203848
1801.000000 0.106125
1802.000000 0.136165
1803.000000 0.280927
1804.000000 0.095951
1805.000000 0.173240
1806.000000 0.123385
1807.000000 0.064588
1808.000000 0.198674
1809.000000 0.149882
1810.000000 0.181692
1811.000000 0.010341
1812.000000 0.086329
1813.000000 0.054029
1814.000000 0.139722
1815.000000 0.098172
1816.000000 0.240033
1817.000000 0.239388
1818.000000 0.024478
1819.000000 0.149271
1820.000000 0.168513
1821.000000 0.269702
1822.000000 0.166971
1823.000000 0.140707
1824.000000 0.186514
1825.000000 0.215918
1826.000000 0.233596
1827.000000 0.179851
1828.000000 0.039911
1829.000000 0.073104
1830.000000 0.137984
1831.000000 0.126929
1832.000000 0.088349
1833.000000 0.148778
1834.000000 0.212056
1835.000000 0.030052
1836.000000 0.083135
1837.000000 0.085328
1838.000000 0.100945
1839.000000 0.050979
1840.000000 0.117867
1841.000000 0.124126
1842.000000 0.109141
1843.000000 0.246224
1844.000000 0.156538
1845.000000 0.016192
1846.000000 0.070817
1847.000000 0.179733
1848.000000 0.111267
1849.000000 0.117852
1850.000000 0.111906
1851.000000 0.151071
1852.000000 0.171652
1853.000000 0.029040
1854.000000 0.308129
1855.000000 0.010203
1856.000000 0.116889
1857.000000 0.113873
1858.000000 0.079404
1859.000000 0.145921
1860.000000 0.218666
1861.000000 0.215423
1862.000000 0.116297
1863.000000 0.281484
1864.000000 0.110327
1865.000000 0.146839
1866.000000 0.083707
1867.000000 0.189534
1868.000000 0.053385
1869.000000 0.097037
1870.000000 0.047325
1871.000000 0.097525
1872.000000 0.148150
1873.000000 0.105573
1874.000000 0.156762
1875.000000 0.182102
1876.000000 0.080991
1877.000000 0.115490
1878.000000 0.143190
1879.000000 0.149862
1880.000000 0.073797
1881.000000 0.058182
1882.000000 0.210717
1883.000000 0.065443
1884.000000 0.161728
1885.000000 0.158180
1886.000000 0.084299
1887.000000 0.123195
1888.000000 0.040277
1889.000000 0.102125
1890.000000 0.085051
1891.000000 0.159458
1892.000000 0.072759
1893.000000 0.124724
1894.000000 0.168895
1895.000000 0.187926
1896.000000 0.008648
1897.000000 0.120429
1898.000000 0.157444
1899.000000 0.126929
1900.000000 0.225247
1901.000000 0.069659
1902.000000 0.097890
1903.000000 0.131987
1904.000000 0.146704
1905.000000 0.093644
1906.000000 0.140391
1907.000000 0.272094
1908.000000 0.136187
1909.000000 0.099462
1910.000000 0.135334
1911.000000 0.191991
1912.000000 0.059904
1913.000000 0.166702
1914.000000 0.055118
1915.000000 0.140964
1916.000000 0.136151
1917.000000 0.186950
1918.000000 0.073929
1919.000000 0.104834
1920.000000 0.079052
1921.000000 0.250939
1922.000000 0.246299
1923.000000 0.058959
1924.000000 0.319737
1925.000000 0.109671
1926.000000 0.064529
1927.000000 0.015919
1928.000000 0.041697
1929.000000 0.145361
1930.000000 0.198626
1931.000000 0.081066
1932.000000 0.138590
1933.000000 0.082918
1934.000000 0.185825
1935.000000 0.182592
1936.000000 0.197738
1937.000000 0.126387
1938.000000 0.098902
1939.000000 0.043411
1940.000000 0.050298
1941.000000 0.084128
1942.000000 0.134169
1943.000000 0.128114
1944.000000 0.203361
1945.000000 0.233717
1946.000000 0.118810
1947.000000 0.117749
1948.000000 0.072879
1949.000000 0.064717
1950.000000 0.045248
1951.000000 0.058427
1952.000000 0.062713
1953.000000 0.068750
1954.000000 0.041697
1955.000000 0.097413
1956.000000 0.161370
1957.000000 0.198181
1958.000000 0.159759
1959.000000 0.114129
1960.000000 0.232111
1961.000000 0.081148
1962.000000 0.107790
1963.000000 0.052882
1964.000000 0.211761
1965.000000 0.141009
1966.000000 0.193123
1967.000000 0.127294
1968.000000 0.060097
1969.000000 0.193166
1970.000000 0.234534
1971.000000 0.193585
1972.000000 0.147327
1973.000000 0.119818
1974.000000 0.015606
1975.000000 0.104737
1976.000000 0.048621
1977.000000 0.149377
1978.000000 0.045857
1979.000000 0.151522
1980.000000 0.063184
1981.000000 0.164375
1982.000000 0.151755
1983.000000 0.183656
1984.000000 0.103314
1985.000000 0.144339
1986.000000 0.190175
1987.000000 0.087586
1988.000000 0.131368
1989.000000 0.055610
1990.000000 0.075258
1991.000000 0.099047
1992.000000 0.127023
1993.000000 0.133677
1994.000000 0.131531
1995.000000 0.166114
1996.000000 0.145089
1997.000000 0.163802
1998.000000 0.278127
1999.000000 0.102199
2000.000000 0.109706
2001.000000 0.116808
2002.000000 0.168095
2003.000000 0.178004
2004.000000 0.152740
2005.000000 0.141442
2006.000000 0.004254
2007.000000 0.155398
2008.000000 0.100269
2009.000000 0.098022
2010.000000 0.152754
2011.000000 0.231965
2012.000000 0.087175
2013.000000 0.114036
2014.000000 0.051130
2015.000000 0.125241
2016.000000 0.117000
2017.000000 0.143673
2018.000000 0.089700
2019.000000 0.021090
2020.000000 0.088347
2021.000000 0.101783
2022.000000 0.088328
2023.000000 0.174139
2024.000000 0.106399
2025.000000 0.048338
2026.000000 0.016791
2027.000000 0.156923
2028.000000 0.279206
2029.000000 0.252067
2030.000000 0.110781
2031.000000 0.082546
2032.000000 0.189475
2033.000000 0.167375
2034.000000 0.102278
2035.000000 0.222466
2036.000000 0.134675
2037.000000 0.137363
2038.000000 0.241364
2039.000000 0.152231
2040.000000 0.215020
2041.000000 0.124822
2042.000000 0.129705
2043.000000 0.074578
2044.000000 0.023034
2045.000000 0.188159
2046.000000 0.146461
2047.000000 0.176309
2048.000000 0.031235
2049.000000 0.150065
2050.000000 0.041250
2051.000000 0.144667
2052.000000 0.031559
2053.000000 0.090463
2054.000000 0.156655
2055.000000 0.080571
2056.000000 0.084157
2057.000000 0.058601
2058.000000 0.055948
2059.000000 0.084129
2060.000000 0.145037
2061.000000 0.108065
2062.000000 0.159339
2063.000000 0.203223
2064.000000 0.038471
2065.000000 0.183876
2066.000000 0.151940
2067.000000 0.072859
2068.000000 0.204404
2069.000000 0.126056
2070.000000 0.100973
2071.000000 0.147161
2072.000000 0.204337
2073.000000 0.170640
2074.000000 0.146359
2075.000000 0.087604
2076.000000 0.179860
2077.000000 0.047891
2078.000000 0.121035
2079.000000 0.094428
2080.000000 0.138861
2081.000000 0.115760
2082.000000 0.106440
2083.000000 0.081950
2084.000000 0.048789
2085.000000 0.085059
2086.000000 0.066969
2087.000000 0.081509
2088.000000 0.121864
2089.000000 0.181113
2090.000000 0.063232
2091.000000 0.111859
2092.000000 0.111394
2093.000000 0.297761
2094.000000 0.033221
2095.000000 0.042675
2096.000000 0.309181
2097.000000 0.116759
2098.000000 0.147638
2099.000000 0.131086
2100.000000 0.094255
2101.000000 0.126004
2102.000000 0.117759
2103.000000 0.203854
2104.000000 0.080441
2105.000000 0.045655
2106.000000 0.139462
2107.000000 0.193870
2108.000000 0.156246
2109.000000 0.205854
2110.000000 0.109141
2111.000000 0.183010
2112.000000 0.090710
2113.000000 0.111074
2114.000000 0.081009
2115.000000 0.146160
2116.000000 0.129196
2117.000000 0.200962
2118.000000 0.171032
2119.000000 0.168771
2120.000000 0.113908
2121.000000 0.115038
2122.000000 0.131422
2123.000000 0.046190
2124.000000 0.163984
2125.000000 0.119950
2126.000000 0.116822
2127.000000 0.060727
2128.000000 0.126496
2129.000000 0.159261
2130.000000 0.142561
2131.000000 0.086643
2132.000000 0.128800
2133.000000 0.069551
2134.000000 0.185849
2135.000000 0.062540
2136.000000 0.136523
2137.000000 0.199197
2138.000000 0.230210
2139.000000 0.129869
2140.000000 0.120449
2141.000000 0.011476
2142.000000 0.095064
2143.000000 0.294741
2144.000000 0.031947
2145.000000 0.042561
2146.000000 0.103292
2147.000000 0.150840
2148.000000 0.084349
2149.000000 0.079483
2150.000000 0.106677
2151.000000 0.255310
2152.000000 0.185984
2153.000000 0.176647
2154.000000 0.057322
2155.000000 0.151753
2156.000000 0.215264
2157.000000 0.023094
2158.000000 0.186540
2159.000000 0.047299
2160.000000 0.238484
2161.000000 0.126990
2162.000000 0.091720
2163.000000 0.085755
2164.000000 0.164456
2165.000000 0.112623
2166.000000 0.020677
2167.000000 0.044450
2168.000000 0.129113
2169.000000 0.018245
2170.000000 0.040698
2171.000000 0.086394
2172.000000 0.276711
2173.000000 0.146428
2174.000000 0.204225
2175.000000 0.145725
2176.000000 0.140412
2177.000000 0.089833
2178.000000 0.127781
2179.000000 0.134969
2180.000000 0.009162
2181.000000 0.256718
2182.000000 0.196414
2183.000000 0.041392
2184.000000 0.058665
2185.000000 0.089871
2186.000000 0.158039
2187.000000 0.170081
2188.000000 0.086764
2189.000000 0.281808
2190.000000 0.116556
2191.000000 0.051049
2192.000000 0.074517
2193.000000 0.060403
2194.000000 0.238022
2195.000000 0.016397
2196.000000 0.029124
2197.000000 0.149911
2198.000000 0.151515
2199.000000 0.157869
2200.000000 0.111645
2201.000000 0.213696
2202.000000 0.097057
2203.000000 0.120755
2204.000000 0.228842
2205.000000 0.093076
2206.000000 0.229319
2207.000000 0.131182
2208.000000 0.152458
2209.000000 0.152855
2210.000000 0.011012
2211.000000 0.030360
2212.000000 0.052166
2213.000000 0.233233
2214.000000 0.080423
2215.000000 0.078188
2216.000000 0.106775
2217.000000 0.192678
2218.000000 0.159146
2219.000000 0.183681
2220.000000 0.093264
2221.000000 0.159796
2222.000000 0.205121
2223.000000 0.157127
2224.000000 0.039634
2225.000000 0.106523
2226.000000 0.090045
2227.000000 0.168550
2228.000000 0.146702
2229.000000 0.115104
2230.000000 0.063082
2231.000000 0.152782
2232.000000 0.156898
2233.000000 0.079379
2234.000000 0.239088
2235.000000 0.154172
2236.000000 0.032119
2237.000000 0.058317
2238.000000 0.023209
2239.000000 0.185966
2240.000000 0.158376
2241.000000 0.099005
2242.000000 0.129940
2243.000000 0.245699
2244.000000 0.080461
2245.000000 0.201297
2246.000000 0.096971
2247.000000 0.103573
2248.000000 0.169813
2249.000000 0.035031
2250.000000 0.082514
2251.000000 0.056135
2252.000000 0.112382
2253.000000 0.135877
2254.000000 0.129762
2255.000000 0.017910
2256.000000 0.086681
2257.000000 0.101643
2258.000000 0.245620
2259.000000 0.025287
2260.000000 0.092507
2261.000000 0.090129
2262.000000 0.091688
2263.000000 0.090949
2264.000000 0.105379
2265.000000 0.141712
2266.000000 0.232502
2267.000000 0.129686
2268.000000 0.147215
2269.000000 0.179484
2270.000000 0.077683
2271.000000 0.037277
2272.000000 0.175860
2273.000000 0.114791
2274.000000 0.171107
2275.000000 0.099818
2276.000000 0.231260
2277.000000 0.134127
2278.000000 0.273884
2279.000000 0.045197
2280.000000 0.048848
2281.000000 0.207035
2282.000000 0.162069
2283.000000 0.208978
2284.000000 0.102176
2285.000000 0.218702
2286.000000 0.069756
2287.000000 0.147814
2288.000000 0.080724
2289.000000 0.204277
2290.000000 0.137777
2291.000000 0.048116
2292.000000 0.189754
2293.000000 0.151441
2294.000000 0.092942
2295.000000 0.099159
2296.000000 0.084448
2297.000000 0.235966
2298.000000 0.131564
2299.000000 0.204289
2300.000000 0.147106
2301.000000 0.224661
2302.000000 0.309832
2303.000000 0.061999
2304.000000 0.077364
2305.000000 0.102121
2306.000000 0.096370
2307.000000 0.137165
2308.000000 0.183082
2309.000000 0.119565
2310.000000 0.105788
2311.000000 0.090069
2312.000000 0.141973
2313.000000 0.069694
2314.000000 0.151114
2315.000000 0.128194
2316.000000 0.152217
2317.000000 0.165429
2318.000000 0.035251
2319.000000 0.069843
2320.000000 0.221780
2321.000000 0.150797
2322.000000 0.007969
2323.000000 0.136578
2324.000000 0.196765
2325.000000 0.086312
2326.000000 0.121210
2327.000000 0.063076
2328.000000 0.213245
2329.000000 0.154930
2330.000000 0.033221
2331.000000 0.214490
2332.000000 0.167746
2333.000000 0.030841
2334.000000 0.071041
2335.000000 0.293951
2336.000000 0.213105
2337.000000 0.037582
2338.000000 0.091372
2339.000000 0.080342
2340.000000 0.181530
2341.000000 0.188676
2342.000000 0.162725
2343.000000 0.045997
2344.000000 0.130605
2345.000000 0.111044
2346.000000 0.169723
2347.000000 0.265854
2348.000000 0.076037
2349.000000 0.163208
2350.000000 0.106253
2351.000000 0.248462
2352.000000 0.230272
2353.000000 0.288019
2354.000000 0.075869
2355.000000 0.102855
2356.000000 0.054436
2357.000000 0.112894
2358.000000 0.223501
2359.000000 0.069337
2360.000000 0.123349
2361.000000 0.111541
2362.000000 0.026666
2363.000000 0.064162
2364.000000 0.225130
2365.000000 0.164289
2366.000000 0.022130
2367.000000 0.093752
2368.000000 0.154984
2369.000000 0.174692
2370.000000 0.201862
2371.000000 0.035471
2372.000000 0.139864
2373.000000 0.194252
2374.000000 0.092308
2375.000000 0.071570
2376.000000 0.133640
2377.000000 0.210277
2378.000000 0.187598
2379.000000 0.165229
2380.000000 0.062758
2381.000000 0.238241
2382.000000 0.168179
2383.000000 0.100373
2384.000000 0.135935
2385.000000 0.203449
2386.000000 0.123893
2387.000000 0.083334
2388.000000 0.029108
2389.000000 0.035377
2390.000000 0.139314
2391.000000 0.109807
2392.000000 0.155264
2393.000000 0.127886
2394.000000 0.038907
2395.000000 0.121353
2396.000000 0.071349
2397.000000 0.089940
2398.000000 0.142902
2399.000000 0.144704
2400.000000 0.051622
2401.000000 0.256810
2402.000000 0.155778
2403.000000 0.125718
2404.000000 0.061203
2405.000000 0.126264
2406.000000 0.032131
2407.000000 0.107234
2408.000000 0.120155
2409.000000 0.161232
2410.000000 0.238461
2411.000000 0.164979
2412.000000 0.210578
2413.000000 0.073794
2414.000000 0.159094
2415.000000 0.089209
2416.000000 0.171851
2417.000000 0.124871
2418.000000 0.101554
2419.000000 0.286221
2420.000000 0.112885
2421.000000 0.051936
2422.000000 0.255604
2423.000000 0.129461
2424.000000 0.123335
2425.000000 0.055821
2426.000000 0.153770
2427.000000 0.032557
2428.000000 0.186227
2429.000000 0.057948
2430.000000 0.119574
2431.000000 0.046047
2432.000000 0.283078
2433.000000 0.150997
2434.000000 0.060392
2435.000000 0.117636
2436.000000 0.031695
2437.000000 0.005351
2438.000000 0.049790
2439.000000 0.106303
2440.000000 0.109616
2441.000000 0.070632
2442.000000 0.087786
2443.000000 0.080164
2444.000000 0.041188
2445.000000 0.153283
2446.000000 0.107047
2447.000000 0.046591
2448.000000 0.074626
2449.000000 0.282362
2450.000000 0.063825
2451.000000 0.152675
2452.000000 0.129872
2453.000000 0.146132
2454.000000 0.104547
2455.000000 0.132916
2456.000000 0.029317
2457.000000 0.044380
2458.000000 0.171522
2459.000000 0.207387
2460.000000 0.136348
2461.000000 0.126360
2462.000000 0.050042
2463.000000 0.109751
2464.000000 0.099360
2465.000000 0.110467
2466.000000 0.097692
2467.000000 0.222050
2468.000000 0.068848
2469.000000 0.143039
2470.000000 0.112776
2471.000000 0.261708
2472.000000 0.136208
2473.000000 0.154893
2474.000000 0.082662
2475.000000 0.098551
2476.000000 0.156665
2477.000000 0.169675
2478.000000 0.102357
2479.000000 0.175047
2480.000000 0.054800
2481.000000 0.141760
2482.000000 0.008411
2483.000000 0.124541
2484.000000 0.186975
2485.000000 0.262231
2486.000000 0.095342
2487.000000 0.052649
2488.000000 0.067503
2489.000000 0.058195
2490.000000 0.059431
2491.000000 0.073802
2492.000000 0.105001
2493.000000 0.150488
2494.000000 0.108753
2495.000000 0.121721
2496.000000 0.199842
2497.000000 0.185066
2498.000000 0.041636
2499.000000 0.204772
2500.000000 0.030889
2501.000000 0.087479
2502.000000 0.014622
2503.000000 0.068032
2504.000000 0.060903
2505.000000 0.156239
2506.000000 0.052288
2507.000000 0.122942
2508.000000 0.115808
2509.000000 0.143401
2510.000000 0.039180
2511.000000 0.137098
2512.000000 0.083608
2513.000000 0.090953
2514.000000 0.187880
2515.000000 0.019874
2516.000000 0.069026
2517.000000 0.033096
2518.000000 0.112506
2519.000000 0.218360
2520.000000 0.142564
2521.000000 0.159899
2522.000000 0.086544
2523.000000 0.128185
2524.000000 0.183709
2525.000000 0.177204
2526.000000 0.214885
2527.000000 0.114617
2528.000000 0.226046
2529.000000 0.145463
2530.000000 0.124232
2531.000000 0.064398
2532.000000 0.128210
2533.000000 0.092732
2534.000000 0.119912
2535.000000 0.198543
2536.000000 0.026781
2537.000000 0.169132
2538.000000 0.101820
2539.000000 0.045209
2540.000000 0.219093
2541.000000 0.069277
2542.000000 0.194586
2543.000000 0.057280
2544.000000 0.028760
2545.000000 0.170746
2546.000000 0.219823
2547.000000 0.149127
2548.000000 0.167394
2549.000000 0.153649
2550.000000 0.076208
2551.000000 0.153640
2552.000000 0.079705
2553.000000 0.172559
2554.000000 0.113690
2555.000000 0.169862
2556.000000 0.048558
2557.000000 0.120007
2558.000000 0.095464
2559.000000 0.054247
2560.000000 0.088994
2561.000000 0.064376
2562.000000 0.148132
2563.000000 0.220750
2564.000000 0.145429
2565.000000 0.098166
2566.000000 0.057882
2567.000000 0.100412
2568.000000 0.104525
2569.000000 0.129097
2570.000000 0.082329
2571.000000 0.138274
2572.000000 0.038253
2573.000000 0.255265
2574.000000 0.091980
2575.000000 0.177799
2576.000000 0.018525
2577.000000 0.196435
2578.000000 0.193765
2579.000000 0.099566
2580.000000 0.168808
2581.000000 0.087171
2582.000000 0.115092
2583.000000 0.149070
2584.000000 0.144984
2585.000000 0.216866
2586.000000 0.031410
2587.000000 0.050006
2588.000000 0.083413
2589.000000 0.068732
2590.000000 0.303879
2591.000000 0.120285
2592.000000 0.169795
2593.000000 0.150890
2594.000000 0.043814
2595.000000 0.108821
2596.000000 0.125840
2597.000000 0.137816
2598.000000 0.114818
2599.000000 0.206619
2600.000000 0.124194
2601.000000 0.106297
2602.000000 0.032448
2603.000000 0.043922
2604.000000 0.115072
2605.000000 0.172142
2606.000000 0.103462
2607.000000 0.273047
2608.000000 0.084823
2609.000000 0.109893
2610.000000 0.093665
2611.000000 0.213260
2612.000000 0.169987
2613.000000 0.083493
2614.000000 0.100050
2615.000000 0.071915
2616.000000 0.046184
2617.000000 0.141009
2618.000000 0.058245
2619.000000 0.169325
2620.000000 0.082649
2621.000000 0.112109
2622.000000 0.078634
2623.000000 0.114226
2624.000000 0.174782
2625.000000 0.359556
2626.000000 0.202037
2627.000000 0.167597
2628.000000 0.154754
2629.000000 0.090435
2630.000000 0.021304
2631.000000 0.115317
2632.000000 0.225143
2633.000000 0.123049
2634.000000 0.089077
2635.000000 0.104500
2636.000000 0.125936
2637.000000 0.162700
2638.000000 0.058615
2639.000000 0.135739
2640.000000 0.120173
2641.000000 0.125197
2642.000000 0.242840
2643.000000 0.019940
2644.000000 0.107827
2645.000000 0.070268
2646.000000 0.095679
2647.000000 0.158077
2648.000000 0.273207
2649.000000 0.319532
2650.000000 0.062696
2651.000000 0.084830
2652.000000 0.084359
2653.000000 0.086660
2654.000000 0.170877
2655.000000 0.131274
2656.000000 0.151336
2657.000000 0.231044
2658.000000 0.187343
2659.000000 0.034296
2660.000000 0.076932
2661.000000 0.070879
2662.000000 0.142626
2663.000000 0.194980
2664.000000 0.078788
2665.000000 0.089206
2666.000000 0.032418
2667.000000 0.111348
2668.000000 0.080830
2669.000000 0.046091
2670.000000 0.054460
2671.000000 0.125898
2672.000000 0.187304
2673.000000 0.081845
2674.000000 0.197661
2675.000000 0.287751
2676.000000 0.285270
2677.000000 0.034312
2678.000000 0.092395
2679.000000 0.231292
2680.000000 0.147051
2681.000000 0.077863
2682.000000 0.077185
2683.000000 0.078357
2684.000000 0.050134
2685.000000 0.115894
2686.000000 0.224850
2687.000000 0.199645
2688.000000 0.183337
2689.000000 0.106545
2690.000000 0.115129
2691.000000 0.089478
2692.000000 0.129702
2693.000000 0.089115
2694.000000 0.187794
2695.000000 0.041834
2696.000000 0.038845
2697.000000 0.104146
2698.000000 0.205758
2699.000000 0.289163
2700.000000 0.136711
2701.000000 0.173876
2702.000000 0.129726
2703.000000 0.110940
2704.000000 0.123288
2705.000000 0.114857
2706.000000 0.192887
2707.000000 0.104076
2708.000000 0.140669
2709.000000 0.144302
2710.000000 0.063399
2711.000000 0.065240
2712.000000 0.087651
2713.000000 0.122878
2714.000000 0.201593
2715.000000 0.096770
2716.000000 0.230472
2717.000000 0.083695
2718.000000 0.102804
2719.000000 0.086741
2720.000000 0.091977
2721.000000 0.163872
2722.000000 0.151039
2723.000000 0.073921
2724.000000 0.023673
2725.000000 0.196788
2726.000000 0.059304
2727.000000 0.085831
2728.000000 0.092702
2729.000000 0.226186
2730.000000 0.112164
2731.000000 0.148327
2732.000000 0.200957
2733.000000 0.044802
2734.000000 0.213166
2735.000000 0.284147
2736.000000 0.037596
2737.000000 0.182416
2738.000000 0.089942
2739.000000 0.070476
2740.000000 0.058106
2741.000000 0.166720
2742.000000 0.172995
2743.000000 0.122959
2744.000000 0.046394
2745.000000 0.184388
2746.000000 0.087889
2747.000000 0.112943
2748.000000 0.290825
2749.000000 0.120014
2750.000000 0.028504
2751.000000 0.284324
2752.000000 0.182670
2753.000000 0.128524
2754.000000 0.034192
2755.000000 0.182160
2756.000000 0.101752
2757.000000 0.066233
2758.000000 0.036419
2759.000000 0.119184
2760.000000 0.235018
2761.000000 0.083255
2762.000000 0.093499
2763.000000 0.074687
2764.000000 0.153550
2765.000000 0.283294
2766.000000 0.167586
2767.000000 0.196648
2768.000000 0.134623
2769.000000 0.127263
2770.000000 0.101166
2771.000000 0.113184
2772.000000 0.115190
2773.000000 0.071499
2774.000000 0.123126
2775.000000 0.082448
2776.000000 0.198790
2777.000000 0.187408
2778.000000 0.070778
2779.000000 0.074808
2780.000000 0.264252
2781.000000 0.038292
2782.000000 0.005337
2783.000000 0.107246
2784.000000 0.169461
2785.000000 0.136812
2786.000000 0.159200
2787.000000 0.057406
2788.000000 0.161345
2789.000000 0.054613
2790.000000 0.156242
2791.000000 0.150632
2792.000000 0.070462
2793.000000 0.084339
2794.000000 0.025511
2795.000000 0.191355
2796.000000 0.124826
2797.000000 0.187932
2798.000000 0.091352
2799.000000 0.099842
2800.000000 0.025248
2801.000000 0.182391
2802.000000 0.227057
2803.000000 0.079441
2804.000000 0.035895
2805.000000 0.048038
2806.000000 0.026101
2807.000000 0.068540
2808.000000 0.149214
2809.000000 0.287636
2810.000000 0.073055
2811.000000 0.066270
2812.000000 0.078403
2813.000000 0.109895
2814.000000 0.114670
2815.000000 0.058880
2816.000000 0.080362
2817.000000 0.198577
2818.000000 0.200588
2819.000000 0.276778
2820.000000 0.123398
2821.000000 0.189383
2822.000000 0.100894
2823.000000 0.161273
2824.000000 0.017994
2825.000000 0.046460
2826.000000 0.036971
2827.000000 0.115669
2828.000000 0.073190
2829.000000 0.082366
2830.000000 0.014536
2831.000000 0.201231
2832.000000 0.092864
2833.000000 0.105988
2834.000000 0.032452
2835.000000 0.160700
2836.000000 0.050326
2837.000000 0.035190
2838.000000 0.081873
2839.000000 0.199853
2840.000000 0.099269
2841.000000 0.107332
2842.000000 0.186688
2843.000000 0.132843
2844.000000 0.164255
2845.000000 0.113844
2846.000000 0.191706
2847.000000 0.024706
2848.000000 0.040460
2849.000000 0.159924
2850.000000 0.030498
2851.000000 0.099160
2852.000000 0.056651
2853.000000 0.144733
2854.000000 0.222660
2855.000000 0.054278
2856.000000 0.038300
2857.000000 0.081372
2858.000000 0.116232
2859.000000 0.167641
2860.000000 0.232656
2861.000000 0.258410
2862.000000 0.113458
2863.000000 0.172862
2864.000000 0.104842
2865.000000 0.211077
2866.000000 0.132461
2867.000000 0.078709
2868.000000 0.071144
2869.000000 0.201145
2870.000000 0.187133
2871.000000 0.059599
2872.000000 0.159661
2873.000000 0.140783
2874.000000 0.178541
2875.000000 0.089502
2876.000000 0.134700
2877.000000 0.133998
2878.000000 0.180323
2879.000000 0.142653
2880.000000 0.028826
2881.000000 0.094839
2882.000000 0.161320
2883.000000 0.103607
2884.000000 0.053075
2885.000000 0.057344
2886.000000 0.206414
2887.000000 0.071651
2888.000000 0.114478
2889.000000 0.238261
2890.000000 0.061784
2891.000000 0.090846
2892.000000 0.144263
2893.000000 0.010352
2894.000000 0.067415
2895.000000 0.283300
2896.000000 0.205503
2897.000000 0.389537
2898.000000 0.094893
2899.000000 0.112729
2900.000000 0.165095
2901.000000 0.103712
2902.000000 0.143120
2903.000000 0.125727
2904.000000 0.154968
2905.000000 0.249908
2906.000000 0.136414
2907.000000 0.127341
2908.000000 0.114814
2909.000000 0.210663
2910.000000 0.086586
2911.000000 0.075783
2912.000000 0.148690
2913.000000 0.325840
2914.000000 0.226220
2915.000000 0.102803
2916.000000 0.118299
2917.000000 0.287777
2918.000000 0.035219
2919.000000 0.054082
2920.000000 0.209281
2921.000000 0.056445
2922.000000 0.130327
2923.000000 0.027057
2924.000000 0.059197
2925.000000 0.124838
2926.000000 0.097602
2927.000000 0.001516
2928.000000 0.065499
2929.000000 0.053185
2930.000000 0.100498
2931.000000 0.271408
2932.000000 0.216595
2933.000000 0.145930
2934.000000 0.087475
2935.000000 0.051803
2936.000000 0.052232
2937.000000 0.124531
2938.000000 0.174275
2939.000000 0.079855
2940.000000 0.077465
2941.000000 0.141217
2942.000000 0.083088
2943.000000 0.219098
2944.000000 0.135181
2945.000000 0.169007
2946.000000 0.041861
2947.000000 0.113837
2948.000000 0.071147
2949.000000 0.108941
2950.000000 0.196111
2951.000000 0.090992
2952.000000 0.074562
2953.000000 0.096082
2954.000000 0.076532
2955.000000 0.221551
2956.000000 0.099130
2957.000000 0.118500
2958.000000 0.274943
2959.000000 0.146596
2960.000000 0.179688
2961.000000 0.052006
2962.000000 0.019588
2963.000000 0.133953
2964.000000 0.071158
2965.000000 0.238086
2966.000000 0.081130
2967.000000 0.144870
2968.000000 0.049241
2969.000000 0.108123
2970.000000 0.109431
2971.000000 0.164208
2972.000000 0.074097
2973.000000 0.076207
2974.000000 0.121383
2975.000000 0.114719
2976.000000 0.092772
2977.000000 0.167093
2978.000000 0.131661
2979.000000 0.138683
2980.000000 0.135995
2981.000000 0.097474
2982.000000 0.237971
2983.000000 0.216743
2984.000000 0.260272
2985.000000 0.040860
2986.000000 0.174557
2987.000000 0.275332
2988.000000 0.192923
2989.000000 0.234670
2990.000000 0.147767
2991.000000 0.040236
2992.000000 0.240501
2993.000000 0.318934
2994.000000 0.152637
2995.000000 0.266403
2996.000000 0.078560
2997.000000 0.146333
2998.000000 0.165024
2999.000000 0.222633
3000.000000 0.081733
