10.000000 0.389057
20.000000 0.127127
30.000000 0.155823
40.000000 0.056558
50.000000 0.114443
60.000000 0.110176
70.000000 0.339495
80.000000 0.169257
90.000000 0.272078
100.000000 0.069748
110.000000 0.243153
120.000000 0.250775
130.000000 0.333043
140.000000 0.142575
150.000000 0.220923
160.000000 0.269999
170.000000 0.116559
180.000000 0.035431
190.000000 0.248056
200.000000 0.177959
210.000000 0.148934
220.000000 0.256675
230.000000 0.337178
240.000000 0.174177
250.000000 0.033306
260.000000 0.230816
270.000000 0.080188
280.000000 0.102340
290.000000 0.147662
300.000000 0.140079
310.000000 0.203601
320.000000 0.130267
330.000000 0.247661
340.000000 0.292826
350.000000 0.143784
360.000000 0.126764
370.000000 0.123344
380.000000 0.308734
390.000000 0.205986
400.000000 0.179384
410.000000 0.037849
420.000000 0.142253
430.000000 0.256472
440.000000 0.176293
450.000000 0.145371
460.000000 0.256204
470.000000 0.065441
480.000000 0.048135
490.000000 0.161864
500.000000 0.277615
510.000000 0.185519
520.000000 0.159100
530.000000 0.279499
540.000000 0.204768
550.000000 0.161717
560.000000 0.060846
570.000000 0.145878
580.000000 0.264518
590.000000 0.167826
600.000000 0.047150
610.000000 0.261176
620.000000 0.110486
630.000000 0.300391
640.000000 0.247629
650.000000 0.242049
660.000000 0.257987
670.000000 0.123420
680.000000 0.261764
690.000000 0.183893
700.000000 0.127194
710.000000 0.109499
720.000000 0.211788
730.000000 0.135209
740.000000 0.254299
750.000000 0.168359
760.000000 0.260953
770.000000 0.384087
780.000000 0.066662
790.000000 0.359506
800.000000 0.185377
810.000000 0.051185
820.000000 0.131865
830.000000 0.093943
840.000000 0.170061
850.000000 0.216200
860.000000 0.140903
870.000000 0.106777
880.000000 0.205371
890.000000 0.227110
900.000000 0.220060
910.000000 0.091480
920.000000 0.282633
930.000000 0.159467
940.000000 0.209238
950.000000 0.189586
960.000000 0.224268
970.000000 0.374425
980.000000 0.289825
990.000000 0.214425
1000.000000 0.127591
