10.000000 0.262278
20.000000 0.135698
30.000000 0.131062
40.000000 0.142591
50.000000 0.083795
60.000000 0.093131
70.000000 0.279505
80.000000 0.049652
90.000000 0.149957
100.000000 0.042767
110.000000 0.258643
120.000000 0.042476
130.000000 0.267611
140.000000 0.153837
150.000000 0.140821
160.000000 0.188936
170.000000 0.078941
180.000000 0.122551
190.000000 0.245386
200.000000 0.268829
210.000000 0.182408
220.000000 0.225857
230.000000 0.121128
240.000000 0.229742
250.000000 0.249348
260.000000 0.046710
270.000000 0.272920
280.000000 0.115384
290.000000 0.097714
300.000000 0.251192
310.000000 0.093538
320.000000 0.262218
330.000000 0.243929
340.000000 0.197938
350.000000 0.183352
360.000000 0.137616
370.000000 0.270656
380.000000 0.059314
390.000000 0.220212
400.000000 0.225775
410.000000 0.148400
420.000000 0.198167
430.000000 0.118093
440.000000 0.118778
450.000000 0.141457
460.000000 0.129464
470.000000 0.166709
480.000000 0.150783
490.000000 0.289602
500.000000 0.075043
510.000000 0.423512
520.000000 0.078644
530.000000 0.279220
540.000000 0.292961
550.000000 0.139103
560.000000 0.168434
570.000000 0.165933
580.000000 0.334846
590.000000 0.132469
600.000000 0.097031
610.000000 0.159932
620.000000 0.147960
630.000000 0.117153
640.000000 0.283625
650.000000 0.073668
660.000000 0.116661
670.000000 0.157873
680.000000 0.090622
690.000000 0.036138
700.000000 0.086807
710.000000 0.103030
720.000000 0.134620
730.000000 0.244079
740.000000 0.262248
750.000000 0.240053
760.000000 0.357618
770.000000 0.161835
780.000000 0.089575
790.000000 0.029958
800.000000 0.141647
810.000000 0.072858
820.000000 0.157857
830.000000 0.229619
840.000000 0.047173
850.000000 0.043604
860.000000 0.158820
870.000000 0.164900
880.000000 0.131154
890.000000 0.068064
900.000000 0.097668
910.000000 0.136154
920.000000 0.095229
930.000000 0.218800
940.000000 0.080961
950.000000 0.177637
960.000000 0.121924
970.000000 0.041690
980.000000 0.158385
990.000000 0.131439
1000.000000 0.117722
