0.000000 0.781004
1.000000 0.797125
2.000000 0.821183
3.000000 0.774546
4.000000 0.792438
5.000000 0.676700
6.000000 0.751464
7.000000 0.686418
8.000000 0.717207
9.000000 0.631532
10.000000 0.649897
11.000000 0.677730
12.000000 0.649665
13.000000 0.659012
14.000000 0.693132
15.000000 0.755574
16.000000 0.857561
17.000000 0.827046
18.000000 0.795807
19.000000 0.796785
20.000000 0.829333
21.000000 0.873726
22.000000 0.835028
23.000000 0.807280
24.000000 0.819620
25.000000 0.817245
26.000000 0.664884
27.000000 0.717682
28.000000 0.766784
29.000000 0.763965
30.000000 0.736120
31.000000 0.774721
32.000000 0.804595
33.000000 0.817688
34.000000 0.779262
35.000000 0.749872
36.000000 0.713758
37.000000 0.751724
38.000000 0.803615
39.000000 0.749009
40.000000 0.773255
41.000000 0.749928
42.000000 0.830151
43.000000 0.833701
44.000000 0.830190
45.000000 0.866584
46.000000 0.859447
47.000000 0.833936
48.000000 0.834536
49.000000 0.795919
50.000000 0.726496
51.000000 0.807856
52.000000 0.807769
53.000000 0.894322
54.000000 0.776112
55.000000 0.748180
56.000000 0.775184
57.000000 0.793675
58.000000 0.768798
59.000000 0.794026
60.000000 0.797166
61.000000 0.769245
62.000000 0.734702
63.000000 0.768728
64.000000 0.747917
65.000000 0.716871
66.000000 0.662734
67.000000 0.726196
68.000000 0.807860
69.000000 0.793245
70.000000 0.708226
71.000000 0.778803
72.000000 0.773908
73.000000 0.818974
74.000000 0.800052
75.000000 0.748213
76.000000 0.773784
77.000000 0.837590
78.000000 0.827800
79.000000 0.754198
80.000000 0.826428
81.000000 0.848715
82.000000 0.838618
83.000000 0.779440
84.000000 0.808195
85.000000 0.813243
86.000000 0.787255
87.000000 0.789166
88.000000 0.717119
89.000000 0.721905
90.000000 0.797116
91.000000 0.808955
92.000000 0.776511
93.000000 0.756928
94.000000 0.780272
95.000000 0.723831
96.000000 0.711730
97.000000 0.737221
98.000000 0.675284
99.000000 0.741004
100.000000 0.754843
101.000000 0.806412
102.000000 0.752646
103.000000 0.756424
104.000000 0.851839
105.000000 0.828002
106.000000 0.795164
107.000000 0.766561
108.000000 0.719705
109.000000 0.748644
110.000000 0.780004
111.000000 0.759000
112.000000 0.765372
113.000000 0.809286
114.000000 0.694831
115.000000 0.716914
116.000000 0.738442
117.000000 0.767776
118.000000 0.685663
119.000000 0.692592
120.000000 0.679502
121.000000 0.766627
122.000000 0.683644
123.000000 0.817946
124.000000 0.833989
125.000000 0.798349
126.000000 0.796726
127.000000 0.768483
128.000000 0.832436
129.000000 0.720818
130.000000 0.774024
131.000000 0.737100
132.000000 0.725509
133.000000 0.757115
134.000000 0.655112
135.000000 0.714501
136.000000 0.622835
137.000000 0.737106
138.000000 0.743152
139.000000 0.674433
140.000000 0.645731
141.000000 0.673487
142.000000 0.670567
143.000000 0.550990
144.000000 0.600499
145.000000 0.551417
146.000000 0.553558
147.000000 0.760335
148.000000 0.594935
149.000000 0.627803
150.000000 0.529740
151.000000 0.637378
152.000000 0.728070
153.000000 0.731876
154.000000 0.752827
155.000000 0.774393
156.000000 0.770327
157.000000 0.774169
158.000000 0.720411
159.000000 0.691478
160.000000 0.617789
161.000000 0.763299
162.000000 0.754673
163.000000 0.824083
164.000000 0.819159
165.000000 0.796367
166.000000 0.833218
167.000000 0.755806
168.000000 0.799201
169.000000 0.754986
170.000000 0.674125
171.000000 0.690219
172.000000 0.647376
173.000000 0.655897
174.000000 0.709248
175.000000 0.768959
176.000000 0.670270
177.000000 0.752469
178.000000 0.808885
179.000000 0.785604
180.000000 0.740712
181.000000 0.684467
182.000000 0.736289
183.000000 0.713194
184.000000 0.782142
185.000000 0.790812
186.000000 0.808820
187.000000 0.691232
188.000000 0.764639
189.000000 0.714012
190.000000 0.768235
191.000000 0.798491
192.000000 0.817442
193.000000 0.787309
194.000000 0.763158
195.000000 0.758755
196.000000 0.785800
197.000000 0.833714
198.000000 0.771568
199.000000 0.742940
200.000000 0.775723
201.000000 0.750707
202.000000 0.753879
203.000000 0.644870
204.000000 0.706336
205.000000 0.753373
206.000000 0.704104
207.000000 0.859873
208.000000 0.793392
209.000000 0.851662
210.000000 0.796987
211.000000 0.834807
212.000000 0.858840
213.000000 0.807667
214.000000 0.823828
215.000000 0.831547
216.000000 0.850456
217.000000 0.791854
218.000000 0.805519
219.000000 0.808171
220.000000 0.736121
221.000000 0.859078
222.000000 0.714104
223.000000 0.695593
224.000000 0.726080
225.000000 0.804449
226.000000 0.862854
227.000000 0.832519
228.000000 0.802234
229.000000 0.814521
230.000000 0.776598
231.000000 0.766003
232.000000 0.773906
233.000000 0.711930
234.000000 0.699185
235.000000 0.765526
236.000000 0.721035
237.000000 0.697628
238.000000 0.794593
239.000000 0.753488
240.000000 0.757646
241.000000 0.726070
242.000000 0.763706
243.000000 0.714446
244.000000 0.679047
245.000000 0.737475
246.000000 0.734014
247.000000 0.767558
248.000000 0.838067
249.000000 0.787976
250.000000 0.732899
251.000000 0.692787
252.000000 0.669551
253.000000 0.704039
254.000000 0.651719
255.000000 0.632096
256.000000 0.542529
257.000000 0.505064
258.000000 0.710158
259.000000 0.649186
260.000000 0.565408
261.000000 0.659120
262.000000 0.665914
263.000000 0.800332
264.000000 0.666729
265.000000 0.718865
266.000000 0.797294
267.000000 0.840564
268.000000 0.748363
269.000000 0.767662
270.000000 0.772866
271.000000 0.755866
272.000000 0.819301
273.000000 0.826362
274.000000 0.883182
275.000000 0.694086
276.000000 0.803824
277.000000 0.750054
278.000000 0.794012
279.000000 0.848488
280.000000 0.828294
281.000000 0.864647
282.000000 0.876218
283.000000 0.863807
284.000000 0.824498
285.000000 0.733050
286.000000 0.826062
287.000000 0.784519
288.000000 0.754362
289.000000 0.764625
290.000000 0.833850
291.000000 0.838142
292.000000 0.748795
293.000000 0.695098
294.000000 0.757821
295.000000 0.798334
296.000000 0.753816
297.000000 0.846024
298.000000 0.757079
299.000000 0.734535
300.000000 0.781602
301.000000 0.837748
302.000000 0.758705
303.000000 0.751071
304.000000 0.834045
305.000000 0.829100
306.000000 0.774959
307.000000 0.795972
308.000000 0.771603
309.000000 0.720765
310.000000 0.755514
311.000000 0.764985
312.000000 0.720474
313.000000 0.669919
314.000000 0.747264
315.000000 0.733528
316.000000 0.644343
317.000000 0.657873
318.000000 0.635826
319.000000 0.608240
320.000000 0.700187
321.000000 0.735594
322.000000 0.751051
323.000000 0.788583
324.000000 0.748522
325.000000 0.717441
326.000000 0.768168
327.000000 0.801594
328.000000 0.697580
329.000000 0.782473
330.000000 0.824680
331.000000 0.823055
332.000000 0.790842
333.000000 0.714962
334.000000 0.714117
335.000000 0.577740
336.000000 0.653087
337.000000 0.756831
338.000000 0.661184
339.000000 0.677965
340.000000 0.673005
341.000000 0.687738
342.000000 0.670797
343.000000 0.629946
344.000000 0.580196
345.000000 0.636205
346.000000 0.740529
347.000000 0.759987
348.000000 0.718991
349.000000 0.725309
350.000000 0.796187
351.000000 0.799178
352.000000 0.794865
353.000000 0.788282
354.000000 0.753581
355.000000 0.790112
356.000000 0.814932
357.000000 0.790371
358.000000 0.710627
359.000000 0.777378
360.000000 0.754461
361.000000 0.782129
362.000000 0.797264
363.000000 0.748401
364.000000 0.855641
365.000000 0.773736
366.000000 0.811470
367.000000 0.774134
368.000000 0.673430
369.000000 0.681526
370.000000 0.685253
371.000000 0.663334
372.000000 0.557049
373.000000 0.578497
374.000000 0.646942
375.000000 0.649812
376.000000 0.720954
377.000000 0.646235
378.000000 0.638155
379.000000 0.671327
380.000000 0.825314
381.000000 0.722062
382.000000 0.656249
383.000000 0.832886
384.000000 0.778026
385.000000 0.730985
386.000000 0.647597
387.000000 0.645852
388.000000 0.763130
389.000000 0.709835
390.000000 0.814637
391.000000 0.786292
392.000000 0.798466
393.000000 0.738190
394.000000 0.796510
395.000000 0.755702
396.000000 0.764734
397.000000 0.728314
398.000000 0.709410
399.000000 0.740693
400.000000 0.672343
401.000000 0.620035
402.000000 0.730019
403.000000 0.750972
404.000000 0.582645
405.000000 0.799119
406.000000 0.859906
407.000000 0.779267
408.000000 0.765032
409.000000 0.731242
410.000000 0.701377
411.000000 0.761297
412.000000 0.699680
413.000000 0.583112
414.000000 0.562253
415.000000 0.498916
416.000000 0.611051
417.000000 0.754481
418.000000 0.720346
419.000000 0.774464
420.000000 0.749211
421.000000 0.680716
422.000000 0.753932
423.000000 0.732270
424.000000 0.667950
425.000000 0.790084
426.000000 0.781582
427.000000 0.804403
428.000000 0.775870
429.000000 0.832216
430.000000 0.810147
431.000000 0.808168
432.000000 0.786616
433.000000 0.710756
434.000000 0.724123
435.000000 0.772342
436.000000 0.777959
437.000000 0.762250
438.000000 0.795547
439.000000 0.788709
440.000000 0.806655
441.000000 0.806671
442.000000 0.793133
443.000000 0.759598
444.000000 0.704884
445.000000 0.789068
446.000000 0.779402
447.000000 0.699497
448.000000 0.831358
449.000000 0.806353
450.000000 0.841346
451.000000 0.797494
452.000000 0.806271
453.000000 0.837964
454.000000 0.724312
455.000000 0.753388
456.000000 0.708922
457.000000 0.807827
458.000000 0.747635
459.000000 0.698669
460.000000 0.803785
461.000000 0.762127
462.000000 0.765978
463.000000 0.781850
464.000000 0.803218
465.000000 0.779459
466.000000 0.562433
467.000000 0.526954
468.000000 0.691010
469.000000 0.539354
470.000000 0.589750
471.000000 0.571081
472.000000 0.616956
473.000000 0.565452
474.000000 0.713005
475.000000 0.724085
476.000000 0.789754
477.000000 0.781745
478.000000 0.731240
479.000000 0.775239
480.000000 0.763117
481.000000 0.829215
482.000000 0.844192
483.000000 0.792784
484.000000 0.780783
485.000000 0.787801
486.000000 0.694969
487.000000 0.780578
488.000000 0.676880
489.000000 0.600399
490.000000 0.707352
491.000000 0.701657
492.000000 0.736008
493.000000 0.716071
494.000000 0.708317
495.000000 0.662909
496.000000 0.727662
497.000000 0.587031
498.000000 0.632276
499.000000 0.770416
500.000000 0.744903
501.000000 0.775217
502.000000 0.746256
503.000000 0.814682
504.000000 0.794339
505.000000 0.839856
506.000000 0.825551
507.000000 0.745963
508.000000 0.783915
509.000000 0.793008
510.000000 0.750066
511.000000 0.810800
512.000000 0.751859
513.000000 0.721769
514.000000 0.683601
515.000000 0.689313
516.000000 0.801340
517.000000 0.753209
518.000000 0.814514
519.000000 0.761108
520.000000 0.751325
521.000000 0.758632
522.000000 0.587979
523.000000 0.651346
524.000000 0.580934
525.000000 0.598536
526.000000 0.615869
527.000000 0.648177
528.000000 0.744061
529.000000 0.728410
530.000000 0.753152
531.000000 0.727082
532.000000 0.804669
533.000000 0.828456
534.000000 0.744997
535.000000 0.806753
536.000000 0.783361
537.000000 0.828515
538.000000 0.843370
539.000000 0.795257
540.000000 0.747211
541.000000 0.769970
542.000000 0.790883
543.000000 0.784296
544.000000 0.742962
545.000000 0.768227
546.000000 0.708461
547.000000 0.540479
548.000000 0.634797
549.000000 0.782775
550.000000 0.847972
551.000000 0.777441
552.000000 0.769711
553.000000 0.764854
554.000000 0.663702
555.000000 0.595640
556.000000 0.671866
557.000000 0.706327
558.000000 0.770469
559.000000 0.775878
560.000000 0.763993
561.000000 0.735523
562.000000 0.634818
563.000000 0.662174
564.000000 0.673215
565.000000 0.682627
566.000000 0.645330
567.000000 0.632768
568.000000 0.656762
569.000000 0.643926
570.000000 0.736541
571.000000 0.720599
572.000000 0.759790
573.000000 0.885048
574.000000 0.858982
575.000000 0.764040
576.000000 0.822923
577.000000 0.861478
578.000000 0.798218
579.000000 0.852513
580.000000 0.800667
581.000000 0.827962
582.000000 0.813504
583.000000 0.786279
584.000000 0.763160
585.000000 0.805475
586.000000 0.834207
587.000000 0.786836
588.000000 0.706939
589.000000 0.743619
590.000000 0.808279
591.000000 0.780413
592.000000 0.786704
593.000000 0.778410
594.000000 0.776123
595.000000 0.777719
596.000000 0.788588
597.000000 0.824271
598.000000 0.841112
599.000000 0.869618
600.000000 0.808069
601.000000 0.794131
602.000000 0.767211
603.000000 0.786256
604.000000 0.774164
605.000000 0.763999
606.000000 0.774963
607.000000 0.758121
608.000000 0.694947
609.000000 0.804572
610.000000 0.783370
611.000000 0.792079
612.000000 0.811911
613.000000 0.769018
614.000000 0.848732
615.000000 0.808522
616.000000 0.805209
617.000000 0.806984
618.000000 0.791542
619.000000 0.730650
620.000000 0.865813
621.000000 0.817033
622.000000 0.787950
623.000000 0.778215
624.000000 0.797554
625.000000 0.812117
626.000000 0.783321
627.000000 0.799975
628.000000 0.790048
629.000000 0.781975
630.000000 0.781413
631.000000 0.734151
632.000000 0.758819
633.000000 0.792240
634.000000 0.720292
635.000000 0.713389
636.000000 0.716937
637.000000 0.722026
638.000000 0.563603
639.000000 0.585734
640.000000 0.574084
641.000000 0.623302
642.000000 0.640913
643.000000 0.707373
644.000000 0.782574
645.000000 0.719648
646.000000 0.730848
647.000000 0.687931
648.000000 0.738948
649.000000 0.707672
650.000000 0.650090
651.000000 0.645857
652.000000 0.676328
653.000000 0.639486
654.000000 0.587271
655.000000 0.514269
656.000000 0.644598
657.000000 0.716869
658.000000 0.736310
659.000000 0.726506
660.000000 0.800915
661.000000 0.622575
662.000000 0.810748
663.000000 0.821306
664.000000 0.771066
665.000000 0.788636
666.000000 0.731512
667.000000 0.679659
668.000000 0.742933
669.000000 0.787776
670.000000 0.713771
671.000000 0.840756
672.000000 0.811389
673.000000 0.814241
674.000000 0.791718
675.000000 0.753705
676.000000 0.739351
677.000000 0.701893
678.000000 0.726271
679.000000 0.724741
680.000000 0.627346
681.000000 0.574394
682.000000 0.797892
683.000000 0.835880
684.000000 0.813543
685.000000 0.821143
686.000000 0.828934
687.000000 0.750207
688.000000 0.742354
689.000000 0.800691
690.000000 0.823756
691.000000 0.805932
692.000000 0.758483
693.000000 0.780094
694.000000 0.758447
695.000000 0.763789
696.000000 0.781195
697.000000 0.750798
698.000000 0.759878
699.000000 0.771153
700.000000 0.741697
701.000000 0.703089
702.000000 0.632453
703.000000 0.661782
704.000000 0.670618
705.000000 0.721019
706.000000 0.592588
707.000000 0.632112
708.000000 0.603478
709.000000 0.661640
710.000000 0.594558
711.000000 0.626682
712.000000 0.679090
713.000000 0.738280
714.000000 0.648767
715.000000 0.692125
716.000000 0.718870
717.000000 0.783763
718.000000 0.860438
719.000000 0.753595
720.000000 0.783639
721.000000 0.816396
722.000000 0.735638
723.000000 0.620440
724.000000 0.779209
725.000000 0.767019
726.000000 0.795204
727.000000 0.717460
728.000000 0.744219
729.000000 0.750757
730.000000 0.754989
731.000000 0.693885
732.000000 0.593865
733.000000 0.625240
734.000000 0.665580
735.000000 0.640306
736.000000 0.586299
737.000000 0.608370
738.000000 0.603379
739.000000 0.629232
740.000000 0.615527
741.000000 0.729191
742.000000 0.617247
743.000000 0.693463
744.000000 0.748366
745.000000 0.786723
746.000000 0.727759
747.000000 0.690477
748.000000 0.814326
749.000000 0.803166
750.000000 0.866265
751.000000 0.853608
752.000000 0.815125
753.000000 0.772292
754.000000 0.877049
755.000000 0.777832
756.000000 0.812847
757.000000 0.808590
758.000000 0.805598
759.000000 0.775280
760.000000 0.741387
761.000000 0.739319
762.000000 0.746703
763.000000 0.806125
764.000000 0.805024
765.000000 0.799758
766.000000 0.810713
767.000000 0.872774
768.000000 0.766201
769.000000 0.746955
770.000000 0.801909
771.000000 0.778995
772.000000 0.714307
773.000000 0.703212
774.000000 0.753535
775.000000 0.623910
776.000000 0.632257
777.000000 0.597625
778.000000 0.589394
779.000000 0.566046
780.000000 0.584287
781.000000 0.579889
782.000000 0.561853
783.000000 0.523419
784.000000 0.552001
785.000000 0.555517
786.000000 0.558740
787.000000 0.583363
788.000000 0.600625
789.000000 0.596283
790.000000 0.546697
791.000000 0.558340
792.000000 0.605532
793.000000 0.632580
794.000000 0.561857
795.000000 0.692963
796.000000 0.756271
797.000000 0.780577
798.000000 0.780844
799.000000 0.749029
800.000000 0.775576
801.000000 0.683515
802.000000 0.821382
803.000000 0.761217
804.000000 0.826161
805.000000 0.756069
806.000000 0.783825
807.000000 0.825241
808.000000 0.825649
809.000000 0.750773
810.000000 0.772530
811.000000 0.868827
812.000000 0.882459
813.000000 0.760572
814.000000 0.836398
815.000000 0.837787
816.000000 0.879763
817.000000 0.791084
818.000000 0.859127
819.000000 0.879604
820.000000 0.762745
821.000000 0.880526
822.000000 0.807120
823.000000 0.891265
824.000000 0.833977
825.000000 0.779891
826.000000 0.682340
827.000000 0.752252
828.000000 0.774372
829.000000 0.780033
830.000000 0.768380
831.000000 0.798347
832.000000 0.744675
833.000000 0.816023
834.000000 0.813731
835.000000 0.813960
836.000000 0.724485
837.000000 0.816838
838.000000 0.823780
839.000000 0.757913
840.000000 0.712534
841.000000 0.663406
842.000000 0.612295
843.000000 0.759789
844.000000 0.809861
845.000000 0.850848
846.000000 0.808764
847.000000 0.793492
848.000000 0.834601
849.000000 0.835907
850.000000 0.824179
851.000000 0.767486
852.000000 0.745396
853.000000 0.753599
854.000000 0.815588
855.000000 0.802429
856.000000 0.778824
857.000000 0.770070
858.000000 0.845882
859.000000 0.699982
860.000000 0.687319
861.000000 0.579458
862.000000 0.633235
863.000000 0.689310
864.000000 0.733847
865.000000 0.715086
866.000000 0.643150
867.000000 0.670776
868.000000 0.792475
869.000000 0.774561
870.000000 0.691070
871.000000 0.689172
872.000000 0.612144
873.000000 0.732233
874.000000 0.591107
875.000000 0.669717
876.000000 0.609484
877.000000 0.620257
878.000000 0.711287
879.000000 0.740302
880.000000 0.629765
881.000000 0.681213
882.000000 0.635908
883.000000 0.749299
884.000000 0.785284
885.000000 0.716093
886.000000 0.765581
887.000000 0.740861
888.000000 0.733266
889.000000 0.772701
890.000000 0.754297
891.000000 0.773849
892.000000 0.758796
893.000000 0.751206
894.000000 0.773687
895.000000 0.827701
896.000000 0.834911
897.000000 0.825969
898.000000 0.774788
899.000000 0.878406
900.000000 0.805980
901.000000 0.829419
902.000000 0.854006
903.000000 0.795946
904.000000 0.836786
905.000000 0.822351
906.000000 0.799973
907.000000 0.802713
908.000000 0.832110
909.000000 0.753118
910.000000 0.780610
911.000000 0.794035
912.000000 0.701588
913.000000 0.668745
914.000000 0.689932
915.000000 0.712386
916.000000 0.648888
917.000000 0.616270
918.000000 0.663738
919.000000 0.689133
920.000000 0.697249
921.000000 0.795930
922.000000 0.763712
923.000000 0.730862
924.000000 0.794931
925.000000 0.754318
926.000000 0.743135
927.000000 0.694935
928.000000 0.794190
929.000000 0.817998
930.000000 0.803218
931.000000 0.814863
932.000000 0.813401
933.000000 0.709128
934.000000 0.718823
935.000000 0.714602
936.000000 0.793681
937.000000 0.763995
938.000000 0.678597
939.000000 0.707207
940.000000 0.680414
941.000000 0.741518
942.000000 0.777517
943.000000 0.717975
944.000000 0.765379
945.000000 0.673360
946.000000 0.726439
947.000000 0.689167
948.000000 0.695660
949.000000 0.750281
950.000000 0.693586
951.000000 0.746259
952.000000 0.776976
953.000000 0.773489
954.000000 0.808542
955.000000 0.746812
956.000000 0.747711
957.000000 0.778681
958.000000 0.744978
959.000000 0.724320
960.000000 0.761853
961.000000 0.811800
962.000000 0.756712
963.000000 0.758095
964.000000 0.768179
965.000000 0.786795
966.000000 0.782360
967.000000 0.836345
968.000000 0.744089
969.000000 0.729931
970.000000 0.779163
971.000000 0.671373
972.000000 0.661617
973.000000 0.661319
974.000000 0.712982
975.000000 0.744986
976.000000 0.682844
977.000000 0.789149
978.000000 0.797332
979.000000 0.722439
980.000000 0.783328
981.000000 0.687886
982.000000 0.632706
983.000000 0.754484
984.000000 0.781042
985.000000 0.769741
986.000000 0.728837
987.000000 0.803784
988.000000 0.837102
989.000000 0.702510
990.000000 0.700371
991.000000 0.685609
992.000000 0.682703
993.000000 0.784321
994.000000 0.748852
995.000000 0.744170
996.000000 0.838348
997.000000 0.800505
998.000000 0.841312
999.000000 0.824895
1000.000000 0.830680
1001.000000 0.804810
1002.000000 0.708202
1003.000000 0.707944
1004.000000 0.749136
1005.000000 0.829885
1006.000000 0.778725
1007.000000 0.826123
1008.000000 0.836633
1009.000000 0.859209
1010.000000 0.786175
1011.000000 0.774057
1012.000000 0.824625
1013.000000 0.809811
1014.000000 0.762569
1015.000000 0.724058
1016.000000 0.745768
1017.000000 0.681372
1018.000000 0.824357
1019.000000 0.819317
1020.000000 0.707575
1021.000000 0.810454
1022.000000 0.802567
1023.000000 0.857529
1024.000000 0.768023
1025.000000 0.861925
1026.000000 0.758220
1027.000000 0.860265
1028.000000 0.698124
1029.000000 0.719010
1030.000000 0.752454
1031.000000 0.751959
1032.000000 0.736734
1033.000000 0.684762
1034.000000 0.628212
1035.000000 0.586321
1036.000000 0.710876
1037.000000 0.677640
1038.000000 0.615317
1039.000000 0.735461
1040.000000 0.733600
1041.000000 0.760500
1042.000000 0.603098
1043.000000 0.681184
1044.000000 0.732320
1045.000000 0.719392
1046.000000 0.710128
1047.000000 0.729320
1048.000000 0.685468
1049.000000 0.726647
1050.000000 0.739403
1051.000000 0.646126
1052.000000 0.660070
1053.000000 0.656910
1054.000000 0.621647
1055.000000 0.651447
1056.000000 0.602807
1057.000000 0.704072
1058.000000 0.658150
1059.000000 0.666048
1060.000000 0.630562
1061.000000 0.660253
1062.000000 0.604781
1063.000000 0.688770
1064.000000 0.623944
1065.000000 0.687770
1066.000000 0.818137
1067.000000 0.798651
1068.000000 0.733420
1069.000000 0.689252
1070.000000 0.856009
1071.000000 0.871735
1072.000000 0.730946
1073.000000 0.778268
1074.000000 0.838731
1075.000000 0.762374
1076.000000 0.773997
1077.000000 0.696952
1078.000000 0.761084
1079.000000 0.839791
1080.000000 0.825307
1081.000000 0.794156
1082.000000 0.814001
1083.000000 0.825299
1084.000000 0.871350
1085.000000 0.829427
1086.000000 0.874537
1087.000000 0.852926
1088.000000 0.831224
1089.000000 0.834791
1090.000000 0.849865
1091.000000 0.854759
1092.000000 0.836394
1093.000000 0.871384
1094.000000 0.810493
1095.000000 0.832594
1096.000000 0.775572
1097.000000 0.778562
1098.000000 0.762756
1099.000000 0.701827
1100.000000 0.717203
1101.000000 0.745234
1102.000000 0.779094
1103.000000 0.783932
1104.000000 0.760094
1105.000000 0.769209
1106.000000 0.797026
1107.000000 0.731121
1108.000000 0.756606
1109.000000 0.768430
1110.000000 0.804643
1111.000000 0.853703
1112.000000 0.801218
1113.000000 0.815999
1114.000000 0.777083
1115.000000 0.835365
1116.000000 0.853632
1117.000000 0.841250
1118.000000 0.762816
1119.000000 0.784619
1120.000000 0.847615
1121.000000 0.856000
1122.000000 0.801081
1123.000000 0.778581
1124.000000 0.836349
1125.000000 0.828948
1126.000000 0.766802
1127.000000 0.772080
1128.000000 0.725392
1129.000000 0.639304
1130.000000 0.630999
1131.000000 0.621238
1132.000000 0.760479
1133.000000 0.803197
1134.000000 0.786549
1135.000000 0.831183
1136.000000 0.671603
1137.000000 0.835104
1138.000000 0.814275
1139.000000 0.722708
1140.000000 0.695681
1141.000000 0.794180
1142.000000 0.699784
1143.000000 0.680938
1144.000000 0.538186
1145.000000 0.527360
1146.000000 0.644854
1147.000000 0.644255
1148.000000 0.615485
1149.000000 0.571138
1150.000000 0.598261
1151.000000 0.588579
1152.000000 0.542371
1153.000000 0.672655
1154.000000 0.652784
1155.000000 0.657610
1156.000000 0.656349
1157.000000 0.709123
1158.000000 0.701729
1159.000000 0.722214
1160.000000 0.808614
1161.000000 0.690256
1162.000000 0.589385
1163.000000 0.657255
1164.000000 0.676970
1165.000000 0.671982
1166.000000 0.631746
1167.000000 0.666852
1168.000000 0.643653
1169.000000 0.593544
1170.000000 0.556170
1171.000000 0.517414
1172.000000 0.454433
1173.000000 0.368536
1174.000000 0.343566
1175.000000 0.394206
1176.000000 0.355982
1177.000000 0.527754
1178.000000 0.645363
1179.000000 0.611968
1180.000000 0.698334
1181.000000 0.623060
1182.000000 0.663255
1183.000000 0.800297
1184.000000 0.802154
1185.000000 0.753386
1186.000000 0.699101
1187.000000 0.790213
1188.000000 0.744352
1189.000000 0.801621
1190.000000 0.834403
1191.000000 0.789830
1192.000000 0.772219
1193.000000 0.733036
1194.000000 0.837655
1195.000000 0.767126
1196.000000 0.767323
1197.000000 0.821644
1198.000000 0.751655
1199.000000 0.843342
1200.000000 0.799886
1201.000000 0.789032
1202.000000 0.786905
1203.000000 0.850460
1204.000000 0.843596
1205.000000 0.821690
1206.000000 0.768723
1207.000000 0.753416
1208.000000 0.823486
1209.000000 0.821840
1210.000000 0.710221
1211.000000 0.766074
1212.000000 0.801553
1213.000000 0.758855
1214.000000 0.790947
1215.000000 0.777427
1216.000000 0.830018
1217.000000 0.833882
1218.000000 0.763358
1219.000000 0.869123
1220.000000 0.775272
1221.000000 0.754609
1222.000000 0.807297
1223.000000 0.845245
1224.000000 0.826140
1225.000000 0.802455
1226.000000 0.734712
1227.000000 0.790227
1228.000000 0.814289
1229.000000 0.744133
1230.000000 0.821187
1231.000000 0.870368
1232.000000 0.820878
1233.000000 0.750583
1234.000000 0.841257
1235.000000 0.850330
1236.000000 0.822257
1237.000000 0.742975
1238.000000 0.743414
1239.000000 0.728000
1240.000000 0.760703
1241.000000 0.729569
1242.000000 0.830576
1243.000000 0.778919
1244.000000 0.651161
1245.000000 0.737383
1246.000000 0.763839
1247.000000 0.765606
1248.000000 0.701924
1249.000000 0.805699
1250.000000 0.601824
1251.000000 0.741056
1252.000000 0.727266
1253.000000 0.681032
1254.000000 0.676572
1255.000000 0.689355
1256.000000 0.787494
1257.000000 0.739099
1258.000000 0.695656
1259.000000 0.730938
1260.000000 0.680923
1261.000000 0.731271
1262.000000 0.741453
1263.000000 0.681067
1264.000000 0.609192
1265.000000 0.760715
1266.000000 0.672874
1267.000000 0.689778
1268.000000 0.682896
1269.000000 0.738701
1270.000000 0.763115
1271.000000 0.832766
1272.000000 0.859732
1273.000000 0.834017
1274.000000 0.768337
1275.000000 0.785649
1276.000000 0.768398
1277.000000 0.813592
1278.000000 0.803174
1279.000000 0.805974
1280.000000 0.801256
1281.000000 0.783161
1282.000000 0.824952
1283.000000 0.854114
1284.000000 0.736699
1285.000000 0.861849
1286.000000 0.872062
1287.000000 0.795769
1288.000000 0.788762
1289.000000 0.820770
1290.000000 0.864402
1291.000000 0.761985
1292.000000 0.824561
1293.000000 0.831560
1294.000000 0.821700
1295.000000 0.828702
1296.000000 0.787460
1297.000000 0.814845
1298.000000 0.853461
1299.000000 0.764547
1300.000000 0.780154
1301.000000 0.741549
1302.000000 0.754902
1303.000000 0.748458
1304.000000 0.736869
1305.000000 0.768321
1306.000000 0.773970
1307.000000 0.817932
1308.000000 0.773368
1309.000000 0.801024
1310.000000 0.822171
1311.000000 0.783006
1312.000000 0.777140
1313.000000 0.817416
1314.000000 0.757812
1315.000000 0.835449
1316.000000 0.781603
1317.000000 0.853494
1318.000000 0.781823
1319.000000 0.818503
1320.000000 0.789937
1321.000000 0.822371
1322.000000 0.774463
1323.000000 0.814625
1324.000000 0.810098
1325.000000 0.778939
1326.000000 0.778870
1327.000000 0.795070
1328.000000 0.736570
1329.000000 0.775717
1330.000000 0.722728
1331.000000 0.793779
1332.000000 0.780839
1333.000000 0.809178
1334.000000 0.739459
1335.000000 0.732419
1336.000000 0.807509
1337.000000 0.810302
1338.000000 0.823233
1339.000000 0.777275
1340.000000 0.775762
1341.000000 0.731389
1342.000000 0.732455
1343.000000 0.823794
1344.000000 0.829790
1345.000000 0.783485
1346.000000 0.773899
1347.000000 0.836145
1348.000000 0.835629
1349.000000 0.786171
1350.000000 0.819586
1351.000000 0.750982
1352.000000 0.768192
1353.000000 0.762336
1354.000000 0.879680
1355.000000 0.805523
1356.000000 0.709522
1357.000000 0.787480
1358.000000 0.827529
1359.000000 0.884353
1360.000000 0.837871
1361.000000 0.760503
1362.000000 0.752881
1363.000000 0.798219
1364.000000 0.791922
1365.000000 0.738228
1366.000000 0.750323
1367.000000 0.796445
1368.000000 0.719383
1369.000000 0.778116
1370.000000 0.809013
1371.000000 0.882925
1372.000000 0.821595
1373.000000 0.764608
1374.000000 0.874118
1375.000000 0.839950
1376.000000 0.882643
1377.000000 0.903402
1378.000000 0.830324
1379.000000 0.872023
1380.000000 0.782111
1381.000000 0.849574
1382.000000 0.855776
1383.000000 0.756246
1384.000000 0.772096
1385.000000 0.690470
1386.000000 0.751011
1387.000000 0.795406
1388.000000 0.817189
1389.000000 0.742681
1390.000000 0.763401
1391.000000 0.717433
1392.000000 0.848614
1393.000000 0.767170
1394.000000 0.773245
1395.000000 0.800989
1396.000000 0.806640
1397.000000 0.836163
1398.000000 0.824792
1399.000000 0.868654
1400.000000 0.835541
1401.000000 0.785529
1402.000000 0.748427
1403.000000 0.799912
1404.000000 0.701418
1405.000000 0.725621
1406.000000 0.817548
1407.000000 0.755586
1408.000000 0.698123
1409.000000 0.685654
1410.000000 0.710344
1411.000000 0.774186
1412.000000 0.884084
1413.000000 0.845015
1414.000000 0.816373
1415.000000 0.736700
1416.000000 0.704187
1417.000000 0.721202
1418.000000 0.758055
1419.000000 0.767123
1420.000000 0.708238
1421.000000 0.788223
1422.000000 0.786846
1423.000000 0.682764
1424.000000 0.706579
1425.000000 0.683965
1426.000000 0.588434
1427.000000 0.685465
1428.000000 0.717671
1429.000000 0.694603
1430.000000 0.696812
1431.000000 0.669164
1432.000000 0.749558
1433.000000 0.806650
1434.000000 0.778297
1435.000000 0.825659
1436.000000 0.820968
1437.000000 0.732297
1438.000000 0.688145
1439.000000 0.724591
1440.000000 0.807499
1441.000000 0.688113
1442.000000 0.646548
1443.000000 0.691388
1444.000000 0.655197
1445.000000 0.718692
1446.000000 0.878734
1447.000000 0.815627
1448.000000 0.862232
1449.000000 0.873220
1450.000000 0.774103
1451.000000 0.843918
1452.000000 0.853559
1453.000000 0.837094
1454.000000 0.798825
1455.000000 0.812893
1456.000000 0.816654
1457.000000 0.803444
1458.000000 0.841365
1459.000000 0.798430
1460.000000 0.828164
1461.000000 0.798988
1462.000000 0.801024
1463.000000 0.845035
1464.000000 0.765015
1465.000000 0.802157
1466.000000 0.832625
1467.000000 0.815684
1468.000000 0.831216
1469.000000 0.804499
1470.000000 0.838864
1471.000000 0.829461
1472.000000 0.791347
1473.000000 0.858646
1474.000000 0.771680
1475.000000 0.812224
1476.000000 0.855288
1477.000000 0.789792
1478.000000 0.709302
1479.000000 0.797733
1480.000000 0.797954
1481.000000 0.777682
1482.000000 0.769006
1483.000000 0.802539
1484.000000 0.710909
1485.000000 0.677559
1486.000000 0.743993
1487.000000 0.687257
1488.000000 0.727585
1489.000000 0.708705
1490.000000 0.728452
1491.000000 0.765319
1492.000000 0.776393
1493.000000 0.780450
1494.000000 0.702146
1495.000000 0.765860
1496.000000 0.732754
1497.000000 0.776837
1498.000000 0.753615
1499.000000 0.766019
1500.000000 0.814567
1501.000000 0.799570
1502.000000 0.880242
1503.000000 0.850877
1504.000000 0.778250
1505.000000 0.804150
1506.000000 0.798129
1507.000000 0.715772
1508.000000 0.729533
1509.000000 0.776971
1510.000000 0.697016
1511.000000 0.741079
1512.000000 0.806328
1513.000000 0.796933
1514.000000 0.773860
1515.000000 0.712002
1516.000000 0.667832
1517.000000 0.646436
1518.000000 0.739800
1519.000000 0.734185
1520.000000 0.651565
1521.000000 0.640482
1522.000000 0.666598
1523.000000 0.766928
1524.000000 0.788630
1525.000000 0.818756
1526.000000 0.792708
1527.000000 0.802183
1528.000000 0.754433
1529.000000 0.860079
1530.000000 0.880116
1531.000000 0.863414
1532.000000 0.844759
1533.000000 0.823294
1534.000000 0.775663
1535.000000 0.861198
1536.000000 0.761516
1537.000000 0.929166
1538.000000 0.863877
1539.000000 0.841834
1540.000000 0.772106
1541.000000 0.722279
1542.000000 0.871085
1543.000000 0.841412
1544.000000 0.813317
1545.000000 0.809300
1546.000000 0.810023
1547.000000 0.806908
1548.000000 0.794456
1549.000000 0.745090
1550.000000 0.674029
1551.000000 0.820171
1552.000000 0.689154
1553.000000 0.684413
1554.000000 0.686388
1555.000000 0.755289
1556.000000 0.760380
1557.000000 0.832274
1558.000000 0.833396
1559.000000 0.755900
1560.000000 0.836686
1561.000000 0.786213
1562.000000 0.797725
1563.000000 0.845035
1564.000000 0.866057
1565.000000 0.796678
1566.000000 0.818984
1567.000000 0.809385
1568.000000 0.817292
1569.000000 0.871479
1570.000000 0.848801
1571.000000 0.846615
1572.000000 0.816302
1573.000000 0.830501
1574.000000 0.841315
1575.000000 0.808840
1576.000000 0.758632
1577.000000 0.788160
1578.000000 0.871116
1579.000000 0.858542
1580.000000 0.744353
1581.000000 0.727857
1582.000000 0.799627
1583.000000 0.772551
1584.000000 0.798436
1585.000000 0.769499
1586.000000 0.655245
1587.000000 0.778906
1588.000000 0.682718
1589.000000 0.776207
1590.000000 0.702919
1591.000000 0.685283
1592.000000 0.746559
1593.000000 0.741561
1594.000000 0.820702
1595.000000 0.732531
1596.000000 0.868912
1597.000000 0.783871
1598.000000 0.876363
1599.000000 0.825994
1600.000000 0.852946
1601.000000 0.837733
1602.000000 0.839978
1603.000000 0.802753
1604.000000 0.725415
1605.000000 0.883201
1606.000000 0.792071
1607.000000 0.802747
1608.000000 0.828717
1609.000000 0.786197
1610.000000 0.734463
1611.000000 0.825232
1612.000000 0.848928
1613.000000 0.814548
1614.000000 0.873192
1615.000000 0.819766
1616.000000 0.835305
1617.000000 0.786959
1618.000000 0.820333
1619.000000 0.765495
1620.000000 0.844353
1621.000000 0.715217
1622.000000 0.798690
1623.000000 0.863014
1624.000000 0.844894
1625.000000 0.803506
1626.000000 0.778068
1627.000000 0.731422
1628.000000 0.711488
1629.000000 0.738525
1630.000000 0.744393
1631.000000 0.797669
1632.000000 0.797838
1633.000000 0.852138
1634.000000 0.778716
1635.000000 0.702061
1636.000000 0.785750
1637.000000 0.750190
1638.000000 0.836290
1639.000000 0.824040
1640.000000 0.791633
1641.000000 0.783537
1642.000000 0.788378
1643.000000 0.779392
1644.000000 0.710580
1645.000000 0.764129
1646.000000 0.760002
1647.000000 0.756898
1648.000000 0.693665
1649.000000 0.717272
1650.000000 0.757824
1651.000000 0.748990
1652.000000 0.664993
1653.000000 0.685487
1654.000000 0.709480
1655.000000 0.722882
1656.000000 0.658531
1657.000000 0.733280
1658.000000 0.787411
1659.000000 0.841565
1660.000000 0.805532
1661.000000 0.806087
1662.000000 0.793970
1663.000000 0.770791
1664.000000 0.848776
1665.000000 0.786966
1666.000000 0.794207
1667.000000 0.764178
1668.000000 0.776279
1669.000000 0.770263
1670.000000 0.726687
1671.000000 0.675505
1672.000000 0.700250
1673.000000 0.750354
1674.000000 0.551481
1675.000000 0.713794
1676.000000 0.665365
1677.000000 0.619253
1678.000000 0.667821
1679.000000 0.676891
1680.000000 0.691456
1681.000000 0.670775
1682.000000 0.811019
1683.000000 0.794432
1684.000000 0.795502
1685.000000 0.731352
1686.000000 0.817369
1687.000000 0.826716
1688.000000 0.682853
1689.000000 0.607412
1690.000000 0.780481
1691.000000 0.749605
1692.000000 0.771321
1693.000000 0.787022
1694.000000 0.807735
1695.000000 0.736750
1696.000000 0.701831
1697.000000 0.739392
1698.000000 0.779696
1699.000000 0.742372
1700.000000 0.846548
1701.000000 0.809118
1702.000000 0.830499
1703.000000 0.886048
1704.000000 0.858617
1705.000000 0.793552
1706.000000 0.848533
1707.000000 0.813086
1708.000000 0.820893
1709.000000 0.781562
1710.000000 0.847089
1711.000000 0.756869
1712.000000 0.792272
1713.000000 0.846295
1714.000000 0.771025
1715.000000 0.714288
1716.000000 0.782309
1717.000000 0.784809
1718.000000 0.715221
1719.000000 0.772409
1720.000000 0.700303
1721.000000 0.676591
1722.000000 0.663608
1723.000000 0.805467
1724.000000 0.828678
1725.000000 0.841126
1726.000000 0.784671
1727.000000 0.799168
1728.000000 0.812491
1729.000000 0.775695
1730.000000 0.709717
1731.000000 0.610174
1732.000000 0.805123
1733.000000 0.716481
1734.000000 0.825236
1735.000000 0.788260
1736.000000 0.770520
1737.000000 0.754040
1738.000000 0.813224
1739.000000 0.809551
1740.000000 0.783753
1741.000000 0.809810
1742.000000 0.713942
1743.000000 0.814407
1744.000000 0.774101
1745.000000 0.727383
1746.000000 0.739726
1747.000000 0.826198
1748.000000 0.694352
1749.000000 0.719637
1750.000000 0.711813
1751.000000 0.599160
1752.000000 0.653948
1753.000000 0.603147
1754.000000 0.563440
1755.000000 0.664009
1756.000000 0.807356
1757.000000 0.738495
1758.000000 0.714774
1759.000000 0.767443
1760.000000 0.782277
1761.000000 0.864121
1762.000000 0.781693
1763.000000 0.785768
1764.000000 0.720335
1765.000000 0.752819
1766.000000 0.792353
1767.000000 0.792182
1768.000000 0.805982
1769.000000 0.819112
1770.000000 0.815849
1771.000000 0.816964
1772.000000 0.772730
1773.000000 0.680360
1774.000000 0.708926
1775.000000 0.784734
1776.000000 0.758130
1777.000000 0.785999
1778.000000 0.737443
1779.000000 0.737987
1780.000000 0.718938
1781.000000 0.635432
1782.000000 0.730505
1783.000000 0.729870
1784.000000 0.624968
1785.000000 0.682583
1786.000000 0.609543
1787.000000 0.562969
1788.000000 0.630995
1789.000000 0.636966
1790.000000 0.638170
1791.000000 0.677434
1792.000000 0.605675
1793.000000 0.679476
1794.000000 0.552082
1795.000000 0.509139
1796.000000 0.571431
1797.000000 0.532648
1798.000000 0.540146
1799.000000 0.646227
1800.000000 0.673595
1801.000000 0.667795
1802.000000 0.581403
1803.000000 0.568730
1804.000000 0.516687
1805.000000 0.460525
1806.000000 0.449249
1807.000000 0.546988
1808.000000 0.507708
1809.000000 0.502040
1810.000000 0.612223
1811.000000 0.729281
1812.000000 0.809715
1813.000000 0.805837
1814.000000 0.774857
1815.000000 0.794289
1816.000000 0.745905
1817.000000 0.774947
1818.000000 0.750162
1819.000000 0.711602
1820.000000 0.712300
1821.000000 0.765401
1822.000000 0.708626
1823.000000 0.658799
1824.000000 0.578349
1825.000000 0.739862
1826.000000 0.703860
1827.000000 0.721518
1828.000000 0.706749
1829.000000 0.719125
1830.000000 0.751867
1831.000000 0.818699
1832.000000 0.753743
1833.000000 0.818536
1834.000000 0.838350
1835.000000 0.772692
1836.000000 0.776803
1837.000000 0.804040
1838.000000 0.822232
1839.000000 0.817631
1840.000000 0.861638
1841.000000 0.761063
1842.000000 0.630509
1843.000000 0.780245
1844.000000 0.760437
1845.000000 0.766648
1846.000000 0.799852
1847.000000 0.798092
1848.000000 0.768266
1849.000000 0.798290
1850.000000 0.766851
1851.000000 0.730917
1852.000000 0.685728
1853.000000 0.638226
1854.000000 0.699041
1855.000000 0.634820
1856.000000 0.588969
1857.000000 0.587308
1858.000000 0.558869
1859.000000 0.478029
1860.000000 0.640277
1861.000000 0.710399
1862.000000 0.704331
1863.000000 0.690840
1864.000000 0.698457
1865.000000 0.767045
1866.000000 0.645169
1867.000000 0.855897
1868.000000 0.823333
1869.000000 0.818901
1870.000000 0.785038
1871.000000 0.770544
1872.000000 0.781794
1873.000000 0.752861
1874.000000 0.768169
1875.000000 0.842798
1876.000000 0.824369
1877.000000 0.767809
1878.000000 0.804090
1879.000000 0.810333
1880.000000 0.773813
1881.000000 0.856500
1882.000000 0.821341
1883.000000 0.765497
1884.000000 0.771657
1885.000000 0.767856
1886.000000 0.676570
1887.000000 0.677402
1888.000000 0.743606
1889.000000 0.773297
1890.000000 0.722580
1891.000000 0.763423
1892.000000 0.716942
1893.000000 0.705450
1894.000000 0.667298
1895.000000 0.728360
1896.000000 0.785666
1897.000000 0.816498
1898.000000 0.804218
1899.000000 0.764662
1900.000000 0.723021
1901.000000 0.665566
1902.000000 0.568943
1903.000000 0.601138
1904.000000 0.573527
1905.000000 0.688796
1906.000000 0.717021
1907.000000 0.776068
1908.000000 0.800191
1909.000000 0.808062
1910.000000 0.742511
1911.000000 0.810157
1912.000000 0.751404
1913.000000 0.672534
1914.000000 0.725008
1915.000000 0.703589
1916.000000 0.838881
1917.000000 0.835597
1918.000000 0.673098
1919.000000 0.689938
1920.000000 0.689907
1921.000000 0.688865
1922.000000 0.792652
1923.000000 0.770601
1924.000000 0.852044
1925.000000 0.786690
1926.000000 0.788781
1927.000000 0.765718
1928.000000 0.808891
1929.000000 0.849042
1930.000000 0.826685
1931.000000 0.740862
1932.000000 0.761900
1933.000000 0.810830
1934.000000 0.819431
1935.000000 0.767317
1936.000000 0.762943
1937.000000 0.736187
1938.000000 0.805920
1939.000000 0.811031
1940.000000 0.834141
1941.000000 0.740232
1942.000000 0.598414
1943.000000 0.734406
1944.000000 0.744437
1945.000000 0.580143
1946.000000 0.722728
1947.000000 0.782563
1948.000000 0.732198
1949.000000 0.751171
1950.000000 0.741406
1951.000000 0.784309
1952.000000 0.641948
1953.000000 0.740597
1954.000000 0.755311
1955.000000 0.765854
1956.000000 0.745204
1957.000000 0.837557
1958.000000 0.777420
1959.000000 0.793829
1960.000000 0.793739
1961.000000 0.793014
1962.000000 0.805676
1963.000000 0.822660
1964.000000 0.894386
1965.000000 0.910875
1966.000000 0.832510
1967.000000 0.822692
1968.000000 0.736428
1969.000000 0.708349
1970.000000 0.836853
1971.000000 0.726029
1972.000000 0.806506
1973.000000 0.756545
1974.000000 0.816837
1975.000000 0.738407
1976.000000 0.820763
1977.000000 0.801971
1978.000000 0.707728
1979.000000 0.717053
1980.000000 0.699699
1981.000000 0.627374
1982.000000 0.757108
1983.000000 0.657427
1984.000000 0.729195
1985.000000 0.656091
1986.000000 0.643371
1987.000000 0.660718
1988.000000 0.742707
1989.000000 0.712957
1990.000000 0.707882
1991.000000 0.737100
1992.000000 0.695766
1993.000000 0.735779
1994.000000 0.871315
1995.000000 0.790635
1996.000000 0.741907
1997.000000 0.711974
1998.000000 0.697493
1999.000000 0.765599
2000.000000 0.822115
2001.000000 0.790887
2002.000000 0.766636
2003.000000 0.803957
2004.000000 0.854445
2005.000000 0.862557
2006.000000 0.775158
2007.000000 0.785426
2008.000000 0.725933
2009.000000 0.702957
2010.000000 0.709303
2011.000000 0.683039
2012.000000 0.689677
2013.000000 0.714859
2014.000000 0.694234
2015.000000 0.870183
2016.000000 0.860257
2017.000000 0.789745
2018.000000 0.708295
2019.000000 0.750629
2020.000000 0.762203
2021.000000 0.789907
2022.000000 0.730815
2023.000000 0.827014
2024.000000 0.756728
2025.000000 0.761938
2026.000000 0.870643
2027.000000 0.723915
2028.000000 0.902213
2029.000000 0.835800
2030.000000 0.850148
2031.000000 0.890163
2032.000000 0.820390
2033.000000 0.801269
2034.000000 0.854653
2035.000000 0.782475
2036.000000 0.851175
2037.000000 0.820983
2038.000000 0.797936
2039.000000 0.834986
2040.000000 0.784988
2041.000000 0.855614
2042.000000 0.809819
2043.000000 0.813470
2044.000000 0.813164
2045.000000 0.842702
2046.000000 0.781072
2047.000000 0.787261
2048.000000 0.748428
2049.000000 0.714168
2050.000000 0.794189
2051.000000 0.770121
2052.000000 0.750850
2053.000000 0.705641
2054.000000 0.781482
2055.000000 0.785977
2056.000000 0.820629
2057.000000 0.783446
2058.000000 0.771142
2059.000000 0.796691
2060.000000 0.766770
2061.000000 0.696493
2062.000000 0.700547
2063.000000 0.674280
2064.000000 0.659569
2065.000000 0.603624
2066.000000 0.730477
2067.000000 0.713411
2068.000000 0.808897
2069.000000 0.862025
2070.000000 0.807267
2071.000000 0.807743
2072.000000 0.837812
2073.000000 0.774018
2074.000000 0.873611
2075.000000 0.795375
2076.000000 0.826148
2077.000000 0.795653
2078.000000 0.844017
2079.000000 0.833565
2080.000000 0.774007
2081.000000 0.608957
2082.000000 0.602809
2083.000000 0.472559
2084.000000 0.621678
2085.000000 0.646423
2086.000000 0.691299
2087.000000 0.801825
2088.000000 0.834975
2089.000000 0.727268
2090.000000 0.791053
2091.000000 0.878147
2092.000000 0.841523
2093.000000 0.660703
2094.000000 0.696451
2095.000000 0.730018
2096.000000 0.695975
2097.000000 0.806219
2098.000000 0.803244
2099.000000 0.754846
2100.000000 0.723488
2101.000000 0.801960
2102.000000 0.755615
2103.000000 0.814040
2104.000000 0.765673
2105.000000 0.833473
2106.000000 0.825847
2107.000000 0.853485
2108.000000 0.781589
2109.000000 0.796318
2110.000000 0.781036
2111.000000 0.836027
2112.000000 0.761676
2113.000000 0.770291
2114.000000 0.809579
2115.000000 0.880713
2116.000000 0.788763
2117.000000 0.830486
2118.000000 0.803000
2119.000000 0.773772
2120.000000 0.855324
2121.000000 0.839920
2122.000000 0.757886
2123.000000 0.835219
2124.000000 0.760006
2125.000000 0.714959
2126.000000 0.736408
2127.000000 0.790421
2128.000000 0.724615
2129.000000 0.807387
2130.000000 0.770997
2131.000000 0.839150
2132.000000 0.698176
2133.000000 0.806765
2134.000000 0.808205
2135.000000 0.772473
2136.000000 0.745140
2137.000000 0.767179
2138.000000 0.820317
2139.000000 0.795252
2140.000000 0.761547
2141.000000 0.804068
2142.000000 0.813699
2143.000000 0.761609
2144.000000 0.871661
2145.000000 0.821840
2146.000000 0.850903
2147.000000 0.846097
2148.000000 0.809473
2149.000000 0.765216
2150.000000 0.716843
2151.000000 0.793616
2152.000000 0.797920
2153.000000 0.824473
2154.000000 0.834786
2155.000000 0.880805
2156.000000 0.827081
2157.000000 0.745516
2158.000000 0.674796
2159.000000 0.858076
2160.000000 0.850230
2161.000000 0.788071
2162.000000 0.914711
2163.000000 0.835253
2164.000000 0.848551
2165.000000 0.851912
2166.000000 0.867338
2167.000000 0.742774
2168.000000 0.810765
2169.000000 0.832047
2170.000000 0.812837
2171.000000 0.785654
2172.000000 0.788446
2173.000000 0.815770
2174.000000 0.846787
2175.000000 0.856754
2176.000000 0.840942
2177.000000 0.837220
2178.000000 0.858006
2179.000000 0.756718
2180.000000 0.797562
2181.000000 0.783796
2182.000000 0.844278
2183.000000 0.764065
2184.000000 0.773458
2185.000000 0.794913
2186.000000 0.758149
2187.000000 0.773982
2188.000000 0.702990
2189.000000 0.711595
2190.000000 0.663249
2191.000000 0.726456
2192.000000 0.672295
2193.000000 0.704092
2194.000000 0.710905
2195.000000 0.675025
2196.000000 0.739469
2197.000000 0.705223
2198.000000 0.682873
2199.000000 0.634231
2200.000000 0.598434
2201.000000 0.706219
2202.000000 0.761985
2203.000000 0.711071
2204.000000 0.653811
2205.000000 0.673941
2206.000000 0.728254
2207.000000 0.721967
2208.000000 0.765344
2209.000000 0.755205
2210.000000 0.849836
2211.000000 0.808855
2212.000000 0.784822
2213.000000 0.810843
2214.000000 0.775622
2215.000000 0.780980
2216.000000 0.822372
2217.000000 0.831585
2218.000000 0.815863
2219.000000 0.778186
2220.000000 0.802262
2221.000000 0.729729
2222.000000 0.795796
2223.000000 0.801737
2224.000000 0.837818
2225.000000 0.702307
2226.000000 0.781544
2227.000000 0.840182
2228.000000 0.772936
2229.000000 0.727804
2230.000000 0.733864
2231.000000 0.765980
2232.000000 0.774622
2233.000000 0.778091
2234.000000 0.744767
2235.000000 0.757041
2236.000000 0.814038
2237.000000 0.705059
2238.000000 0.637696
2239.000000 0.716166
2240.000000 0.608086
2241.000000 0.710878
2242.000000 0.619306
2243.000000 0.771430
2244.000000 0.708809
2245.000000 0.680634
2246.000000 0.783817
2247.000000 0.810816
2248.000000 0.846943
2249.000000 0.813524
2250.000000 0.694901
2251.000000 0.759580
2252.000000 0.717898
2253.000000 0.662926
2254.000000 0.739697
2255.000000 0.636884
2256.000000 0.722322
2257.000000 0.596246
2258.000000 0.603326
2259.000000 0.674934
2260.000000 0.657821
2261.000000 0.802112
2262.000000 0.736971
2263.000000 0.832580
2264.000000 0.884095
2265.000000 0.853542
2266.000000 0.789962
2267.000000 0.800241
2268.000000 0.839351
2269.000000 0.774703
2270.000000 0.783439
2271.000000 0.757815
2272.000000 0.717581
2273.000000 0.796991
2274.000000 0.814363
2275.000000 0.842856
2276.000000 0.851744
2277.000000 0.813554
2278.000000 0.807838
2279.000000 0.856941
2280.000000 0.821298
2281.000000 0.731676
2282.000000 0.851031
2283.000000 0.819197
2284.000000 0.780859
2285.000000 0.797940
2286.000000 0.843456
2287.000000 0.779795
2288.000000 0.804126
2289.000000 0.839801
2290.000000 0.792307
2291.000000 0.776075
2292.000000 0.820189
2293.000000 0.844195
2294.000000 0.750483
2295.000000 0.788962
2296.000000 0.768771
2297.000000 0.774570
2298.000000 0.734821
2299.000000 0.757875
2300.000000 0.781786
2301.000000 0.847488
2302.000000 0.692865
2303.000000 0.759338
2304.000000 0.829231
2305.000000 0.787094
2306.000000 0.828968
2307.000000 0.857541
2308.000000 0.863603
2309.000000 0.815391
2310.000000 0.746694
2311.000000 0.771248
2312.000000 0.786738
2313.000000 0.760214
2314.000000 0.751569
2315.000000 0.750572
2316.000000 0.808513
2317.000000 0.806160
2318.000000 0.843112
2319.000000 0.859558
2320.000000 0.797408
2321.000000 0.712577
2322.000000 0.725940
2323.000000 0.714377
2324.000000 0.782662
2325.000000 0.762587
2326.000000 0.831036
2327.000000 0.788045
2328.000000 0.800959
2329.000000 0.746798
2330.000000 0.831128
2331.000000 0.757275
2332.000000 0.756142
2333.000000 0.687530
2334.000000 0.668877
2335.000000 0.656216
2336.000000 0.624497
2337.000000 0.642690
2338.000000 0.596850
2339.000000 0.662164
2340.000000 0.716866
2341.000000 0.688012
2342.000000 0.730956
2343.000000 0.677132
2344.000000 0.733586
2345.000000 0.732735
2346.000000 0.660365
2347.000000 0.810541
2348.000000 0.824974
2349.000000 0.804639
2350.000000 0.798108
2351.000000 0.840401
2352.000000 0.798770
2353.000000 0.814175
2354.000000 0.798192
2355.000000 0.806294
2356.000000 0.789149
2357.000000 0.833437
2358.000000 0.834947
2359.000000 0.851080
2360.000000 0.841069
2361.000000 0.824968
2362.000000 0.787176
2363.000000 0.789111
2364.000000 0.707557
2365.000000 0.767959
2366.000000 0.712662
2367.000000 0.749345
2368.000000 0.712300
2369.000000 0.751902
2370.000000 0.708290
2371.000000 0.700809
2372.000000 0.716064
2373.000000 0.667286
2374.000000 0.769843
2375.000000 0.736501
2376.000000 0.787851
2377.000000 0.780432
2378.000000 0.787368
2379.000000 0.706104
2380.000000 0.810143
2381.000000 0.792396
2382.000000 0.777466
2383.000000 0.739787
2384.000000 0.706376
2385.000000 0.728522
2386.000000 0.695060
2387.000000 0.738018
2388.000000 0.608653
2389.000000 0.658925
2390.000000 0.699028
2391.000000 0.677642
2392.000000 0.646740
2393.000000 0.730004
2394.000000 0.753472
2395.000000 0.630384
2396.000000 0.702434
2397.000000 0.720791
2398.000000 0.764827
2399.000000 0.718492
2400.000000 0.737873
2401.000000 0.616889
2402.000000 0.688967
2403.000000 0.782877
2404.000000 0.756013
2405.000000 0.724743
2406.000000 0.823609
2407.000000 0.775765
2408.000000 0.788287
2409.000000 0.782788
2410.000000 0.784808
2411.000000 0.806694
2412.000000 0.815916
2413.000000 0.776352
2414.000000 0.660502
2415.000000 0.556156
2416.000000 0.678218
2417.000000 0.749044
2418.000000 0.731170
2419.000000 0.788126
2420.000000 0.852198
2421.000000 0.762873
2422.000000 0.847958
2423.000000 0.736407
2424.000000 0.825934
2425.000000 0.848284
2426.000000 0.777963
2427.000000 0.852464
2428.000000 0.830211
2429.000000 0.750658
2430.000000 0.747249
2431.000000 0.667366
2432.000000 0.667860
2433.000000 0.807363
2434.000000 0.748174
2435.000000 0.745212
2436.000000 0.736965
2437.000000 0.851465
2438.000000 0.767933
2439.000000 0.813199
2440.000000 0.824713
2441.000000 0.793230
2442.000000 0.769696
2443.000000 0.762994
2444.000000 0.781730
2445.000000 0.694500
2446.000000 0.584588
2447.000000 0.636750
2448.000000 0.565598
2449.000000 0.628631
2450.000000 0.641352
2451.000000 0.795470
2452.000000 0.784510
2453.000000 0.786727
2454.000000 0.771109
2455.000000 0.861186
2456.000000 0.750480
2457.000000 0.678828
2458.000000 0.693682
2459.000000 0.708703
2460.000000 0.667335
2461.000000 0.696596
2462.000000 0.717503
2463.000000 0.613030
2464.000000 0.651357
2465.000000 0.649453
2466.000000 0.758526
2467.000000 0.783062
2468.000000 0.783609
2469.000000 0.831510
2470.000000 0.841446
2471.000000 0.798601
2472.000000 0.718299
2473.000000 0.608873
2474.000000 0.485347
2475.000000 0.644083
2476.000000 0.646036
2477.000000 0.604137
2478.000000 0.684588
2479.000000 0.642399
2480.000000 0.657406
2481.000000 0.671412
2482.000000 0.731726
2483.000000 0.702191
2484.000000 0.614607
2485.000000 0.679260
2486.000000 0.666975
2487.000000 0.687714
2488.000000 0.702179
2489.000000 0.714339
2490.000000 0.681509
2491.000000 0.633908
2492.000000 0.571850
2493.000000 0.689344
2494.000000 0.658656
2495.000000 0.842726
2496.000000 0.824074
2497.000000 0.774466
2498.000000 0.741782
2499.000000 0.781076
2500.000000 0.731893
2501.000000 0.794202
2502.000000 0.754019
2503.000000 0.794376
2504.000000 0.816130
2505.000000 0.774219
2506.000000 0.802951
2507.000000 0.807454
2508.000000 0.800853
2509.000000 0.630732
2510.000000 0.682775
2511.000000 0.742338
2512.000000 0.762035
2513.000000 0.827542
2514.000000 0.759134
2515.000000 0.733808
2516.000000 0.750593
2517.000000 0.811201
2518.000000 0.753120
2519.000000 0.775482
2520.000000 0.760665
2521.000000 0.736805
2522.000000 0.798223
2523.000000 0.806041
2524.000000 0.725966
2525.000000 0.708523
2526.000000 0.735733
2527.000000 0.596569
2528.000000 0.722809
2529.000000 0.704481
2530.000000 0.618851
2531.000000 0.639144
2532.000000 0.749673
2533.000000 0.774871
2534.000000 0.632172
2535.000000 0.702931
2536.000000 0.732133
2537.000000 0.674884
2538.000000 0.620279
2539.000000 0.627489
2540.000000 0.659746
2541.000000 0.468221
2542.000000 0.508024
2543.000000 0.582615
2544.000000 0.602015
2545.000000 0.554433
2546.000000 0.658048
2547.000000 0.629014
2548.000000 0.640196
2549.000000 0.536282
2550.000000 0.597167
2551.000000 0.603350
2552.000000 0.670468
2553.000000 0.640803
2554.000000 0.645653
2555.000000 0.677314
2556.000000 0.728701
2557.000000 0.755581
2558.000000 0.713806
2559.000000 0.772188
2560.000000 0.784800
2561.000000 0.781702
2562.000000 0.770503
2563.000000 0.788432
2564.000000 0.786457
2565.000000 0.806599
2566.000000 0.840246
2567.000000 0.837660
2568.000000 0.867133
2569.000000 0.918631
2570.000000 0.814726
2571.000000 0.676684
2572.000000 0.722713
2573.000000 0.759854
2574.000000 0.795068
2575.000000 0.825374
2576.000000 0.658287
2577.000000 0.759546
2578.000000 0.688507
2579.000000 0.702477
2580.000000 0.792316
2581.000000 0.866398
2582.000000 0.795142
2583.000000 0.715138
2584.000000 0.770580
2585.000000 0.688792
2586.000000 0.718873
2587.000000 0.710937
2588.000000 0.827449
2589.000000 0.850813
2590.000000 0.826934
2591.000000 0.821378
2592.000000 0.799013
2593.000000 0.773813
2594.000000 0.774077
2595.000000 0.796465
2596.000000 0.792551
2597.000000 0.823354
2598.000000 0.763451
2599.000000 0.701001
2600.000000 0.778393
2601.000000 0.830793
2602.000000 0.894757
2603.000000 0.824891
2604.000000 0.789460
2605.000000 0.736111
2606.000000 0.738573
2607.000000 0.783896
2608.000000 0.734388
2609.000000 0.683516
2610.000000 0.605352
2611.000000 0.627583
2612.000000 0.646739
2613.000000 0.676504
2614.000000 0.749547
2615.000000 0.787445
2616.000000 0.826469
2617.000000 0.708078
2618.000000 0.770298
2619.000000 0.825605
2620.000000 0.726622
2621.000000 0.735901
2622.000000 0.775115
2623.000000 0.830457
2624.000000 0.799380
2625.000000 0.827367
2626.000000 0.809715
2627.000000 0.765747
2628.000000 0.729471
2629.000000 0.784893
2630.000000 0.750742
2631.000000 0.675019
2632.000000 0.701037
2633.000000 0.745605
2634.000000 0.759232
2635.000000 0.761664
2636.000000 0.828292
2637.000000 0.818893
2638.000000 0.844487
2639.000000 0.728975
2640.000000 0.742055
2641.000000 0.745450
2642.000000 0.729964
2643.000000 0.758285
2644.000000 0.734032
2645.000000 0.804885
2646.000000 0.821985
2647.000000 0.777349
2648.000000 0.688186
2649.000000 0.709248
2650.000000 0.769461
2651.000000 0.795694
2652.000000 0.740435
2653.000000 0.784739
2654.000000 0.778909
2655.000000 0.775094
2656.000000 0.768084
2657.000000 0.782354
2658.000000 0.797960
2659.000000 0.759456
2660.000000 0.837725
2661.000000 0.737291
2662.000000 0.736638
2663.000000 0.695276
2664.000000 0.735966
2665.000000 0.712657
2666.000000 0.770691
2667.000000 0.725809
2668.000000 0.786086
2669.000000 0.680520
2670.000000 0.657651
2671.000000 0.565003
2672.000000 0.546126
2673.000000 0.657389
2674.000000 0.705410
2675.000000 0.720632
2676.000000 0.668900
2677.000000 0.712449
2678.000000 0.714307
2679.000000 0.664083
2680.000000 0.678939
2681.000000 0.648996
2682.000000 0.675411
2683.000000 0.736485
2684.000000 0.683501
2685.000000 0.729327
2686.000000 0.624106
2687.000000 0.755050
2688.000000 0.730708
2689.000000 0.720863
2690.000000 0.800651
2691.000000 0.665187
2692.000000 0.677536
2693.000000 0.603840
2694.000000 0.644421
2695.000000 0.591213
2696.000000 0.562058
2697.000000 0.637952
2698.000000 0.593010
2699.000000 0.623336
2700.000000 0.672830
2701.000000 0.686424
2702.000000 0.722436
2703.000000 0.790208
2704.000000 0.856067
2705.000000 0.776456
2706.000000 0.803323
2707.000000 0.790350
2708.000000 0.697475
2709.000000 0.785589
2710.000000 0.816351
2711.000000 0.830911
2712.000000 0.796836
2713.000000 0.765913
2714.000000 0.809288
2715.000000 0.712391
2716.000000 0.693615
2717.000000 0.750597
2718.000000 0.719861
2719.000000 0.713140
2720.000000 0.660204
2721.000000 0.774304
2722.000000 0.798657
2723.000000 0.764279
2724.000000 0.771293
2725.000000 0.755914
2726.000000 0.764481
2727.000000 0.694178
2728.000000 0.788157
2729.000000 0.822851
2730.000000 0.760289
2731.000000 0.709695
2732.000000 0.743777
2733.000000 0.796996
2734.000000 0.798085
2735.000000 0.773883
2736.000000 0.783885
2737.000000 0.813659
2738.000000 0.808672
2739.000000 0.745981
2740.000000 0.814633
2741.000000 0.782627
2742.000000 0.791070
2743.000000 0.804951
2744.000000 0.813573
2745.000000 0.796355
2746.000000 0.810662
2747.000000 0.840287
2748.000000 0.790927
2749.000000 0.731889
2750.000000 0.848014
2751.000000 0.761717
2752.000000 0.770907
2753.000000 0.786011
2754.000000 0.801974
2755.000000 0.742678
2756.000000 0.803249
2757.000000 0.785114
2758.000000 0.766332
2759.000000 0.831416
2760.000000 0.745642
2761.000000 0.810959
2762.000000 0.795041
2763.000000 0.803358
2764.000000 0.625766
2765.000000 0.721466
2766.000000 0.774803
2767.000000 0.791017
2768.000000 0.794844
2769.000000 0.622582
2770.000000 0.710908
2771.000000 0.744845
2772.000000 0.739349
2773.000000 0.733376
2774.000000 0.794746
2775.000000 0.687041
2776.000000 0.678620
2777.000000 0.698687
2778.000000 0.699555
2779.000000 0.709158
2780.000000 0.634423
2781.000000 0.656448
2782.000000 0.785101
2783.000000 0.712134
2784.000000 0.707028
2785.000000 0.739500
2786.000000 0.727689
2787.000000 0.721225
2788.000000 0.673150
2789.000000 0.662884
2790.000000 0.793245
2791.000000 0.846697
2792.000000 0.782369
2793.000000 0.797318
2794.000000 0.713657
2795.000000 0.748984
2796.000000 0.711757
2797.000000 0.658767
2798.000000 0.731609
2799.000000 0.804422
2800.000000 0.810926
2801.000000 0.808530
2802.000000 0.735696
2803.000000 0.728943
2804.000000 0.766477
2805.000000 0.763271
2806.000000 0.778701
2807.000000 0.754865
2808.000000 0.741869
2809.000000 0.505615
2810.000000 0.734697
2811.000000 0.750452
2812.000000 0.756139
2813.000000 0.712157
2814.000000 0.753218
2815.000000 0.659983
2816.000000 0.791479
2817.000000 0.727635
2818.000000 0.840284
2819.000000 0.764908
2820.000000 0.752715
2821.000000 0.744174
2822.000000 0.765089
2823.000000 0.781421
2824.000000 0.793671
2825.000000 0.773168
2826.000000 0.759782
2827.000000 0.789337
2828.000000 0.753062
2829.000000 0.859683
2830.000000 0.800635
2831.000000 0.839778
2832.000000 0.796803
2833.000000 0.870122
2834.000000 0.793212
2835.000000 0.813544
2836.000000 0.752767
2837.000000 0.798908
2838.000000 0.766802
2839.000000 0.771252
2840.000000 0.823501
2841.000000 0.791551
2842.000000 0.775142
2843.000000 0.848784
2844.000000 0.864639
2845.000000 0.748670
2846.000000 0.710882
2847.000000 0.678678
2848.000000 0.626986
2849.000000 0.702703
2850.000000 0.678466
2851.000000 0.634114
2852.000000 0.584284
2853.000000 0.622756
2854.000000 0.690388
2855.000000 0.708106
2856.000000 0.699746
2857.000000 0.786072
2858.000000 0.780207
2859.000000 0.812696
2860.000000 0.857097
2861.000000 0.853363
2862.000000 0.853656
2863.000000 0.821288
2864.000000 0.768694
2865.000000 0.773327
2866.000000 0.831748
2867.000000 0.751310
2868.000000 0.807832
2869.000000 0.795437
2870.000000 0.768606
2871.000000 0.651012
2872.000000 0.761484
2873.000000 0.775357
2874.000000 0.792004
2875.000000 0.687530
2876.000000 0.725764
2877.000000 0.754980
2878.000000 0.708673
2879.000000 0.792207
2880.000000 0.803559
2881.000000 0.727246
2882.000000 0.818286
2883.000000 0.702688
2884.000000 0.769941
2885.000000 0.802488
2886.000000 0.784114
2887.000000 0.826007
2888.000000 0.792788
2889.000000 0.812732
2890.000000 0.805331
2891.000000 0.752965
2892.000000 0.866876
2893.000000 0.854169
2894.000000 0.816560
2895.000000 0.757775
2896.000000 0.790251
2897.000000 0.837372
2898.000000 0.803390
2899.000000 0.775403
2900.000000 0.741469
2901.000000 0.723485
2902.000000 0.746367
2903.000000 0.694974
2904.000000 0.681072
2905.000000 0.677174
2906.000000 0.647038
2907.000000 0.617595
2908.000000 0.590749
2909.000000 0.604530
2910.000000 0.676956
2911.000000 0.770223
2912.000000 0.778085
2913.000000 0.734385
2914.000000 0.727434
2915.000000 0.836120
2916.000000 0.724757
2917.000000 0.720620
2918.000000 0.729031
2919.000000 0.791539
2920.000000 0.820137
2921.000000 0.823202
2922.000000 0.818624
2923.000000 0.753834
2924.000000 0.766108
2925.000000 0.795404
2926.000000 0.825216
2927.000000 0.723623
2928.000000 0.774501
2929.000000 0.722436
2930.000000 0.808518
2931.000000 0.807414
2932.000000 0.779212
2933.000000 0.705169
2934.000000 0.671867
2935.000000 0.686715
2936.000000 0.687190
2937.000000 0.653324
2938.000000 0.749190
2939.000000 0.718129
2940.000000 0.652468
2941.000000 0.739361
2942.000000 0.784867
2943.000000 0.797443
2944.000000 0.725611
2945.000000 0.878583
2946.000000 0.803551
2947.000000 0.885618
2948.000000 0.840849
2949.000000 0.830208
2950.000000 0.734146
2951.000000 0.774763
2952.000000 0.819155
2953.000000 0.786258
2954.000000 0.803138
2955.000000 0.814457
2956.000000 0.891063
2957.000000 0.797257
2958.000000 0.753078
2959.000000 0.783043
2960.000000 0.709288
2961.000000 0.659223
2962.000000 0.745715
2963.000000 0.714190
2964.000000 0.772437
2965.000000 0.753178
2966.000000 0.763083
2967.000000 0.683116
2968.000000 0.581620
2969.000000 0.680846
2970.000000 0.704150
2971.000000 0.812502
2972.000000 0.795289
2973.000000 0.766647
2974.000000 0.796038
2975.000000 0.793788
2976.000000 0.788513
2977.000000 0.773474
2978.000000 0.850772
2979.000000 0.783736
2980.000000 0.701682
2981.000000 0.804273
2982.000000 0.781113
2983.000000 0.832812
2984.000000 0.746253
2985.000000 0.724069
2986.000000 0.688545
2987.000000 0.733798
2988.000000 0.686226
2989.000000 0.649079
2990.000000 0.686609
2991.000000 0.762231
2992.000000 0.768804
2993.000000 0.712078
2994.000000 0.770108
2995.000000 0.751379
2996.000000 0.710769
2997.000000 0.705093
2998.000000 0.808656
2999.000000 0.824261
3000.000000 0.783737
