0.000000 0.540591
1.000000 0.607007
2.000000 0.567282
3.000000 0.580650
4.000000 0.578999
5.000000 0.604979
6.000000 0.637247
7.000000 0.553766
8.000000 0.719048
9.000000 0.697594
10.000000 0.450403
11.000000 0.586553
12.000000 0.613327
13.000000 0.684121
14.000000 0.673265
15.000000 0.246863
16.000000 0.437602
17.000000 0.712459
18.000000 0.614752
19.000000 0.612232
20.000000 0.746334
21.000000 0.661986
22.000000 0.490563
23.000000 0.412577
24.000000 0.646699
25.000000 0.540670
26.000000 0.691437
27.000000 0.655802
28.000000 0.494406
29.000000 0.552436
30.000000 0.569003
31.000000 0.419269
32.000000 0.432450
33.000000 0.629175
34.000000 0.756485
35.000000 0.503169
36.000000 0.593613
37.000000 0.560326
38.000000 0.503237
39.000000 0.516109
40.000000 0.593185
41.000000 0.554611
42.000000 0.553827
43.000000 0.528302
44.000000 0.380694
45.000000 0.446058
46.000000 0.681330
47.000000 0.591907
48.000000 0.619781
49.000000 0.486005
50.000000 0.646427
51.000000 0.654487
52.000000 0.498043
53.000000 0.523636
54.000000 0.716261
55.000000 0.557475
56.000000 0.419655
57.000000 0.591003
58.000000 0.426564
59.000000 0.497664
60.000000 0.508185
61.000000 0.626069
62.000000 0.660424
63.000000 0.422186
64.000000 0.574446
65.000000 0.645171
66.000000 0.493210
67.000000 0.555087
68.000000 0.422958
69.000000 0.672830
70.000000 0.664346
71.000000 0.529762
72.000000 0.620738
73.000000 0.641906
74.000000 0.597120
75.000000 0.481203
76.000000 0.685544
77.000000 0.352523
78.000000 0.506144
79.000000 0.641433
80.000000 0.539457
81.000000 0.621961
82.000000 0.485967
83.000000 0.614874
84.000000 0.583597
85.000000 0.502758
86.000000 0.661393
87.000000 0.690833
88.000000 0.384631
89.000000 0.646762
90.000000 0.590036
91.000000 0.317529
92.000000 0.499784
93.000000 0.646677
94.000000 0.509415
95.000000 0.652886
96.000000 0.520058
97.000000 0.651141
98.000000 0.544080
99.000000 0.660277
100.000000 0.470456
101.000000 0.539825
102.000000 0.590018
103.000000 0.500443
104.000000 0.752577
105.000000 0.351530
106.000000 0.654983
107.000000 0.521780
108.000000 0.584645
109.000000 0.565047
110.000000 0.393587
111.000000 0.393581
112.000000 0.594291
113.000000 0.502910
114.000000 0.582348
115.000000 0.654462
116.000000 0.688009
117.000000 0.535270
118.000000 0.651114
119.000000 0.429305
120.000000 0.478923
121.000000 0.611635
122.000000 0.431735
123.000000 0.636648
124.000000 0.688073
125.000000 0.747681
126.000000 0.618984
127.000000 0.642959
128.000000 0.572356
129.000000 0.612823
130.000000 0.558396
131.000000 0.558059
132.000000 0.483890
133.000000 0.580599
134.000000 0.541957
135.000000 0.529118
136.000000 0.521934
137.000000 0.626291
138.000000 0.644764
139.000000 0.685441
140.000000 0.688475
141.000000 0.574461
142.000000 0.474293
143.000000 0.438527
144.000000 0.455515
145.000000 0.539821
146.000000 0.650751
147.000000 0.294036
148.000000 0.440587
149.000000 0.323887
150.000000 0.478608
151.000000 0.545586
152.000000 0.597404
153.000000 0.626207
154.000000 0.502158
155.000000 0.519724
156.000000 0.501297
157.000000 0.547266
158.000000 0.501492
159.000000 0.461725
160.000000 0.684578
161.000000 0.669394
162.000000 0.655622
163.000000 0.816968
164.000000 0.707954
165.000000 0.691886
166.000000 0.657151
167.000000 0.562463
168.000000 0.450348
169.000000 0.493466
170.000000 0.504164
171.000000 0.496702
172.000000 0.575257
173.000000 0.666901
174.000000 0.551836
175.000000 0.502809
176.000000 0.730044
177.000000 0.689171
178.000000 0.487295
179.000000 0.515769
180.000000 0.624810
181.000000 0.534515
182.000000 0.537866
183.000000 0.579545
184.000000 0.451613
185.000000 0.601835
186.000000 0.518433
187.000000 0.423936
188.000000 0.608257
189.000000 0.435084
190.000000 0.558022
191.000000 0.607123
192.000000 0.624097
193.000000 0.505238
194.000000 0.648429
195.000000 0.441738
196.000000 0.672601
197.000000 0.607563
198.000000 0.574761
199.000000 0.627364
200.000000 0.531686
201.000000 0.560377
202.000000 0.670771
203.000000 0.492034
204.000000 0.612675
205.000000 0.386817
206.000000 0.574096
207.000000 0.552747
208.000000 0.581709
209.000000 0.440225
210.000000 0.553298
211.000000 0.743805
212.000000 0.622331
213.000000 0.631884
214.000000 0.697385
215.000000 0.699487
216.000000 0.632650
217.000000 0.419453
218.000000 0.493053
219.000000 0.638897
220.000000 0.609498
221.000000 0.563659
222.000000 0.593152
223.000000 0.594877
224.000000 0.366221
225.000000 0.586476
226.000000 0.657912
227.000000 0.577159
228.000000 0.405545
229.000000 0.513312
230.000000 0.364841
231.000000 0.459566
232.000000 0.476935
233.000000 0.630017
234.000000 0.594376
235.000000 0.616923
236.000000 0.545121
237.000000 0.411040
238.000000 0.745692
239.000000 0.593062
240.000000 0.567348
241.000000 0.495032
242.000000 0.509308
243.000000 0.592319
244.000000 0.543072
245.000000 0.607214
246.000000 0.476903
247.000000 0.728048
248.000000 0.629282
249.000000 0.614767
250.000000 0.641657
251.000000 0.471148
252.000000 0.472654
253.000000 0.555521
254.000000 0.668694
255.000000 0.470508
256.000000 0.572620
257.000000 0.697909
258.000000 0.526429
259.000000 0.570310
260.000000 0.579542
261.000000 0.438744
262.000000 0.724448
263.000000 0.694175
264.000000 0.638489
265.000000 0.805905
266.000000 0.531022
267.000000 0.552645
268.000000 0.603459
269.000000 0.663006
270.000000 0.681624
271.000000 0.628891
272.000000 0.588946
273.000000 0.589623
274.000000 0.667925
275.000000 0.579150
276.000000 0.459988
277.000000 0.570152
278.000000 0.578595
279.000000 0.658837
280.000000 0.717555
281.000000 0.636649
282.000000 0.610249
283.000000 0.533459
284.000000 0.644167
285.000000 0.639733
286.000000 0.549092
287.000000 0.622687
288.000000 0.715736
289.000000 0.753391
290.000000 0.678531
291.000000 0.512700
292.000000 0.661840
293.000000 0.534805
294.000000 0.573115
295.000000 0.645545
296.000000 0.628575
297.000000 0.468790
298.000000 0.709388
299.000000 0.475928
300.000000 0.344933
301.000000 0.335965
302.000000 0.552771
303.000000 0.647188
304.000000 0.439269
305.000000 0.673162
306.000000 0.658548
307.000000 0.708348
308.000000 0.464957
309.000000 0.714350
310.000000 0.472482
311.000000 0.566547
312.000000 0.626419
313.000000 0.413482
314.000000 0.551589
315.000000 0.684568
316.000000 0.433896
317.000000 0.690969
318.000000 0.529205
319.000000 0.713174
320.000000 0.758241
321.000000 0.576710
322.000000 0.435718
323.000000 0.692199
324.000000 0.561311
325.000000 0.661862
326.000000 0.669890
327.000000 0.377534
328.000000 0.669688
329.000000 0.450048
330.000000 0.545700
331.000000 0.670270
332.000000 0.609412
333.000000 0.510094
334.000000 0.658933
335.000000 0.358128
336.000000 0.658347
337.000000 0.603104
338.000000 0.568707
339.000000 0.729222
340.000000 0.702003
341.000000 0.754129
342.000000 0.663584
343.000000 0.552682
344.000000 0.495597
345.000000 0.408417
346.000000 0.485869
347.000000 0.480791
348.000000 0.554350
349.000000 0.620592
350.000000 0.567769
351.000000 0.619584
352.000000 0.535058
353.000000 0.431642
354.000000 0.577293
355.000000 0.476078
356.000000 0.565670
357.000000 0.594448
358.000000 0.475567
359.000000 0.511972
360.000000 0.276634
361.000000 0.598449
362.000000 0.575446
363.000000 0.531941
364.000000 0.607053
365.000000 0.594297
366.000000 0.647083
367.000000 0.632088
368.000000 0.664377
369.000000 0.523581
370.000000 0.522458
371.000000 0.469449
372.000000 0.370367
373.000000 0.673561
374.000000 0.636328
375.000000 0.342064
376.000000 0.718036
377.000000 0.596242
378.000000 0.682961
379.000000 0.561068
380.000000 0.511182
381.000000 0.740549
382.000000 0.603942
383.000000 0.643717
384.000000 0.645056
385.000000 0.568844
386.000000 0.577303
387.000000 0.653200
388.000000 0.423673
389.000000 0.609098
390.000000 0.630721
391.000000 0.608431
392.000000 0.658590
393.000000 0.504760
394.000000 0.587358
395.000000 0.548681
396.000000 0.761698
397.000000 0.490758
398.000000 0.610120
399.000000 0.639851
400.000000 0.701744
401.000000 0.624369
402.000000 0.697953
403.000000 0.684469
404.000000 0.535750
405.000000 0.521997
406.000000 0.511521
407.000000 0.773638
408.000000 0.671468
409.000000 0.717147
410.000000 0.457402
411.000000 0.396441
412.000000 0.745561
413.000000 0.460517
414.000000 0.623372
415.000000 0.298299
416.000000 0.695280
417.000000 0.533685
418.000000 0.578356
419.000000 0.748400
420.000000 0.432792
421.000000 0.593651
422.000000 0.624210
423.000000 0.623454
424.000000 0.709751
425.000000 0.651572
426.000000 0.488393
427.000000 0.784925
428.000000 0.512880
429.000000 0.512065
430.000000 0.431637
431.000000 0.805242
432.000000 0.638912
433.000000 0.693289
434.000000 0.711036
435.000000 0.540062
436.000000 0.686443
437.000000 0.624058
438.000000 0.396153
439.000000 0.662274
440.000000 0.711054
441.000000 0.554260
442.000000 0.698428
443.000000 0.629717
444.000000 0.507348
445.000000 0.467099
446.000000 0.566879
447.000000 0.674034
448.000000 0.523417
449.000000 0.435844
450.000000 0.511553
451.000000 0.411456
452.000000 0.514015
453.000000 0.712644
454.000000 0.540809
455.000000 0.262472
456.000000 0.573119
457.000000 0.653744
458.000000 0.629086
459.000000 0.355213
460.000000 0.344793
461.000000 0.587475
462.000000 0.658112
463.000000 0.595145
464.000000 0.552250
465.000000 0.572059
466.000000 0.550759
467.000000 0.525901
468.000000 0.384595
469.000000 0.521320
470.000000 0.409832
471.000000 0.580042
472.000000 0.581229
473.000000 0.634154
474.000000 0.673748
475.000000 0.513982
476.000000 0.524623
477.000000 0.583753
478.000000 0.597847
479.000000 0.540893
480.000000 0.541850
481.000000 0.628214
482.000000 0.503903
483.000000 0.637151
484.000000 0.499991
485.000000 0.611431
486.000000 0.720450
487.000000 0.679027
488.000000 0.726041
489.000000 0.472394
490.000000 0.693258
491.000000 0.633377
492.000000 0.651148
493.000000 0.462056
494.000000 0.482096
495.000000 0.702456
496.000000 0.660756
497.000000 0.686243
498.000000 0.512019
499.000000 0.600402
500.000000 0.539900
501.000000 0.445751
502.000000 0.623023
503.000000 0.643286
504.000000 0.666179
505.000000 0.512737
506.000000 0.737654
507.000000 0.699779
508.000000 0.536818
509.000000 0.451307
510.000000 0.594434
511.000000 0.613662
512.000000 0.625099
513.000000 0.422037
514.000000 0.728457
515.000000 0.610220
516.000000 0.699771
517.000000 0.663013
518.000000 0.618787
519.000000 0.585028
520.000000 0.626091
521.000000 0.666084
522.000000 0.556244
523.000000 0.580242
524.000000 0.545081
525.000000 0.492971
526.000000 0.422165
527.000000 0.693583
528.000000 0.777958
529.000000 0.695590
530.000000 0.526916
531.000000 0.626608
532.000000 0.721303
533.000000 0.501320
534.000000 0.522515
535.000000 0.495455
536.000000 0.486492
537.000000 0.620424
538.000000 0.769991
539.000000 0.528292
540.000000 0.656351
541.000000 0.533848
542.000000 0.465155
543.000000 0.482705
544.000000 0.555560
545.000000 0.568779
546.000000 0.670847
547.000000 0.591349
548.000000 0.526585
549.000000 0.683181
550.000000 0.644241
551.000000 0.414067
552.000000 0.492706
553.000000 0.382391
554.000000 0.448939
555.000000 0.548340
556.000000 0.613633
557.000000 0.581245
558.000000 0.585227
559.000000 0.376571
560.000000 0.630716
561.000000 0.557653
562.000000 0.655168
563.000000 0.550546
564.000000 0.578966
565.000000 0.680897
566.000000 0.498986
567.000000 0.324750
568.000000 0.334133
569.000000 0.567759
570.000000 0.639693
571.000000 0.691706
572.000000 0.471918
573.000000 0.512956
574.000000 0.537691
575.000000 0.583268
576.000000 0.687334
577.000000 0.633884
578.000000 0.708478
579.000000 0.472011
580.000000 0.509616
581.000000 0.623380
582.000000 0.619291
583.000000 0.498754
584.000000 0.454932
585.000000 0.449791
586.000000 0.540748
587.000000 0.438114
588.000000 0.399795
589.000000 0.461105
590.000000 0.657542
591.000000 0.559142
592.000000 0.691237
593.000000 0.714047
594.000000 0.692605
595.000000 0.512820
596.000000 0.546211
597.000000 0.739975
598.000000 0.504109
599.000000 0.488909
600.000000 0.564198
601.000000 0.683340
602.000000 0.657454
603.000000 0.673641
604.000000 0.640101
605.000000 0.710964
606.000000 0.486733
607.000000 0.488642
608.000000 0.576772
609.000000 0.600237
610.000000 0.605435
611.000000 0.589492
612.000000 0.453341
613.000000 0.435326
614.000000 0.606043
615.000000 0.587561
616.000000 0.646451
617.000000 0.254695
618.000000 0.687802
619.000000 0.635965
620.000000 0.705712
621.000000 0.531804
622.000000 0.583623
623.000000 0.670667
624.000000 0.623251
625.000000 0.660317
626.000000 0.696697
627.000000 0.656701
628.000000 0.533294
629.000000 0.534938
630.000000 0.764313
631.000000 0.606957
632.000000 0.693854
633.000000 0.655473
634.000000 0.464677
635.000000 0.696169
636.000000 0.581974
637.000000 0.666982
638.000000 0.669458
639.000000 0.669688
640.000000 0.504530
641.000000 0.430860
642.000000 0.616072
643.000000 0.546169
644.000000 0.718557
645.000000 0.690496
646.000000 0.486671
647.000000 0.451691
648.000000 0.745891
649.000000 0.459234
650.000000 0.718423
651.000000 0.545225
652.000000 0.687538
653.000000 0.721454
654.000000 0.643551
655.000000 0.641104
656.000000 0.710647
657.000000 0.651105
658.000000 0.705498
659.000000 0.653747
660.000000 0.528577
661.000000 0.676063
662.000000 0.643272
663.000000 0.641356
664.000000 0.559632
665.000000 0.648536
666.000000 0.685987
667.000000 0.643312
668.000000 0.626318
669.000000 0.540081
670.000000 0.505126
671.000000 0.509265
672.000000 0.621330
673.000000 0.423198
674.000000 0.596653
675.000000 0.658219
676.000000 0.609721
677.000000 0.498912
678.000000 0.544955
679.000000 0.720780
680.000000 0.718339
681.000000 0.500956
682.000000 0.449581
683.000000 0.667074
684.000000 0.708931
685.000000 0.742535
686.000000 0.604510
687.000000 0.508222
688.000000 0.706745
689.000000 0.472585
690.000000 0.551422
691.000000 0.510527
692.000000 0.644256
693.000000 0.677563
694.000000 0.606829
695.000000 0.676171
696.000000 0.600755
697.000000 0.388620
698.000000 0.486161
699.000000 0.522639
700.000000 0.668898
701.000000 0.607645
702.000000 0.666645
703.000000 0.520107
704.000000 0.478630
705.000000 0.590632
706.000000 0.569211
707.000000 0.661879
708.000000 0.610602
709.000000 0.533452
710.000000 0.607298
711.000000 0.632117
712.000000 0.543331
713.000000 0.686200
714.000000 0.618131
715.000000 0.557216
716.000000 0.689837
717.000000 0.765414
718.000000 0.613226
719.000000 0.700466
720.000000 0.679270
721.000000 0.615461
722.000000 0.623675
723.000000 0.630919
724.000000 0.535928
725.000000 0.656008
726.000000 0.627659
727.000000 0.637418
728.000000 0.582684
729.000000 0.627002
730.000000 0.429327
731.000000 0.534816
732.000000 0.585546
733.000000 0.673234
734.000000 0.514661
735.000000 0.580573
736.000000 0.700725
737.000000 0.641523
738.000000 0.503722
739.000000 0.594412
740.000000 0.581595
741.000000 0.510262
742.000000 0.607936
743.000000 0.516042
744.000000 0.632077
745.000000 0.680370
746.000000 0.737825
747.000000 0.599538
748.000000 0.602261
749.000000 0.641682
750.000000 0.619560
751.000000 0.650967
752.000000 0.707254
753.000000 0.609127
754.000000 0.400188
755.000000 0.745730
756.000000 0.460764
757.000000 0.566104
758.000000 0.492206
759.000000 0.682443
760.000000 0.712445
761.000000 0.608488
762.000000 0.568152
763.000000 0.407605
764.000000 0.529242
765.000000 0.692914
766.000000 0.517586
767.000000 0.351599
768.000000 0.576086
769.000000 0.618440
770.000000 0.639008
771.000000 0.593127
772.000000 0.574865
773.000000 0.667825
774.000000 0.611097
775.000000 0.478721
776.000000 0.636515
777.000000 0.526757
778.000000 0.595232
779.000000 0.713621
780.000000 0.274678
781.000000 0.534508
782.000000 0.472932
783.000000 0.388827
784.000000 0.637745
785.000000 0.626905
786.000000 0.715576
787.000000 0.535818
788.000000 0.639249
789.000000 0.678464
790.000000 0.664097
791.000000 0.339050
792.000000 0.609605
793.000000 0.585158
794.000000 0.652725
795.000000 0.586296
796.000000 0.585601
797.000000 0.493280
798.000000 0.724301
799.000000 0.572947
800.000000 0.584388
801.000000 0.501440
802.000000 0.539607
803.000000 0.694776
804.000000 0.410668
805.000000 0.569251
806.000000 0.698904
807.000000 0.545380
808.000000 0.602029
809.000000 0.638332
810.000000 0.635672
811.000000 0.682820
812.000000 0.557209
813.000000 0.574156
814.000000 0.659775
815.000000 0.608387
816.000000 0.589261
817.000000 0.664482
818.000000 0.587541
819.000000 0.539815
820.000000 0.648487
821.000000 0.621922
822.000000 0.648828
823.000000 0.557463
824.000000 0.449167
825.000000 0.613604
826.000000 0.449431
827.000000 0.565207
828.000000 0.616334
829.000000 0.642694
830.000000 0.609073
831.000000 0.672869
832.000000 0.481077
833.000000 0.365745
834.000000 0.627608
835.000000 0.495997
836.000000 0.558157
837.000000 0.735453
838.000000 0.444828
839.000000 0.470652
840.000000 0.609277
841.000000 0.626836
842.000000 0.561710
843.000000 0.697902
844.000000 0.554492
845.000000 0.560265
846.000000 0.714798
847.000000 0.712815
848.000000 0.668605
849.000000 0.555053
850.000000 0.680678
851.000000 0.707212
852.000000 0.564445
853.000000 0.424485
854.000000 0.331035
855.000000 0.509326
856.000000 0.631737
857.000000 0.614185
858.000000 0.660650
859.000000 0.463621
860.000000 0.494627
861.000000 0.518798
862.000000 0.444880
863.000000 0.661727
864.000000 0.562815
865.000000 0.706968
866.000000 0.590485
867.000000 0.619695
868.000000 0.589412
869.000000 0.412012
870.000000 0.713291
871.000000 0.507891
872.000000 0.574046
873.000000 0.669000
874.000000 0.381440
875.000000 0.746027
876.000000 0.649049
877.000000 0.645230
878.000000 0.488805
879.000000 0.495453
880.000000 0.646309
881.000000 0.582695
882.000000 0.617323
883.000000 0.635559
884.000000 0.513282
885.000000 0.644158
886.000000 0.558918
887.000000 0.652549
888.000000 0.666018
889.000000 0.460259
890.000000 0.472913
891.000000 0.553160
892.000000 0.597138
893.000000 0.571599
894.000000 0.353111
895.000000 0.695088
896.000000 0.628277
897.000000 0.536359
898.000000 0.665336
899.000000 0.666100
900.000000 0.400963
901.000000 0.697213
902.000000 0.660924
903.000000 0.597967
904.000000 0.593639
905.000000 0.513671
906.000000 0.530887
907.000000 0.616656
908.000000 0.688625
909.000000 0.685108
910.000000 0.508958
911.000000 0.694970
912.000000 0.595511
913.000000 0.644296
914.000000 0.637911
915.000000 0.552484
916.000000 0.516303
917.000000 0.694075
918.000000 0.660871
919.000000 0.550270
920.000000 0.545838
921.000000 0.395671
922.000000 0.481948
923.000000 0.420592
924.000000 0.748724
925.000000 0.706040
926.000000 0.722612
927.000000 0.659866
928.000000 0.809018
929.000000 0.736924
930.000000 0.598668
931.000000 0.646430
932.000000 0.498579
933.000000 0.773696
934.000000 0.451772
935.000000 0.476059
936.000000 0.634269
937.000000 0.576195
938.000000 0.545982
939.000000 0.723765
940.000000 0.465380
941.000000 0.313481
942.000000 0.481889
943.000000 0.627629
944.000000 0.463367
945.000000 0.579222
946.000000 0.773313
947.000000 0.465546
948.000000 0.560634
949.000000 0.620381
950.000000 0.744863
951.000000 0.355528
952.000000 0.616731
953.000000 0.596003
954.000000 0.537234
955.000000 0.779930
956.000000 0.449408
957.000000 0.515569
958.000000 0.630791
959.000000 0.446249
960.000000 0.692985
961.000000 0.594326
962.000000 0.718175
963.000000 0.550555
964.000000 0.542409
965.000000 0.702739
966.000000 0.431207
967.000000 0.435075
968.000000 0.522722
969.000000 0.470587
970.000000 0.590588
971.000000 0.475478
972.000000 0.671640
973.000000 0.675703
974.000000 0.618323
975.000000 0.529281
976.000000 0.688226
977.000000 0.545868
978.000000 0.455085
979.000000 0.658341
980.000000 0.622371
981.000000 0.702609
982.000000 0.679625
983.000000 0.599057
984.000000 0.570479
985.000000 0.606792
986.000000 0.660068
987.000000 0.713858
988.000000 0.403951
989.000000 0.689415
990.000000 0.645004
991.000000 0.595808
992.000000 0.695439
993.000000 0.724080
994.000000 0.711620
995.000000 0.479809
996.000000 0.669336
997.000000 0.659699
998.000000 0.637139
999.000000 0.707310
1000.000000 0.587023
1001.000000 0.543648
1002.000000 0.541955
1003.000000 0.549553
1004.000000 0.442243
1005.000000 0.610555
1006.000000 0.696474
1007.000000 0.589213
1008.000000 0.687475
1009.000000 0.524190
1010.000000 0.546386
1011.000000 0.691673
1012.000000 0.410716
1013.000000 0.564193
1014.000000 0.720438
1015.000000 0.427140
1016.000000 0.618470
1017.000000 0.280048
1018.000000 0.581344
1019.000000 0.701289
1020.000000 0.409339
1021.000000 0.638460
1022.000000 0.520950
1023.000000 0.655917
1024.000000 0.548639
1025.000000 0.599610
1026.000000 0.542797
1027.000000 0.689666
1028.000000 0.316781
1029.000000 0.724291
1030.000000 0.722066
1031.000000 0.676015
1032.000000 0.615166
1033.000000 0.574725
1034.000000 0.706596
1035.000000 0.697282
1036.000000 0.607657
1037.000000 0.622327
1038.000000 0.659880
1039.000000 0.449377
1040.000000 0.408002
1041.000000 0.667065
1042.000000 0.541019
1043.000000 0.680361
1044.000000 0.691866
1045.000000 0.306663
1046.000000 0.697778
1047.000000 0.601133
1048.000000 0.469482
1049.000000 0.572952
1050.000000 0.659229
1051.000000 0.640150
1052.000000 0.590971
1053.000000 0.659585
1054.000000 0.603645
1055.000000 0.491468
1056.000000 0.573840
1057.000000 0.724573
1058.000000 0.578230
1059.000000 0.670881
1060.000000 0.547554
1061.000000 0.515354
1062.000000 0.577263
1063.000000 0.570799
1064.000000 0.453206
1065.000000 0.751243
1066.000000 0.614579
1067.000000 0.689007
1068.000000 0.587643
1069.000000 0.531849
1070.000000 0.636275
1071.000000 0.433654
1072.000000 0.537486
1073.000000 0.426601
1074.000000 0.553329
1075.000000 0.716193
1076.000000 0.577353
1077.000000 0.687761
1078.000000 0.470370
1079.000000 0.651899
1080.000000 0.496262
1081.000000 0.507275
1082.000000 0.712227
1083.000000 0.399795
1084.000000 0.420957
1085.000000 0.455117
1086.000000 0.563427
1087.000000 0.456200
1088.000000 0.762055
1089.000000 0.486242
1090.000000 0.679968
1091.000000 0.614493
1092.000000 0.495909
1093.000000 0.386071
1094.000000 0.602208
1095.000000 0.344321
1096.000000 0.561303
1097.000000 0.582129
1098.000000 0.712694
1099.000000 0.639956
1100.000000 0.577455
1101.000000 0.517477
1102.000000 0.691103
1103.000000 0.589680
1104.000000 0.733593
1105.000000 0.606609
1106.000000 0.525671
1107.000000 0.713964
1108.000000 0.587126
1109.000000 0.471618
1110.000000 0.593146
1111.000000 0.613523
1112.000000 0.656871
1113.000000 0.612752
1114.000000 0.586603
1115.000000 0.517548
1116.000000 0.566256
1117.000000 0.479825
1118.000000 0.611466
1119.000000 0.519067
1120.000000 0.671225
1121.000000 0.707854
1122.000000 0.448365
1123.000000 0.606832
1124.000000 0.420024
1125.000000 0.544873
1126.000000 0.637927
1127.000000 0.527102
1128.000000 0.632073
1129.000000 0.515506
1130.000000 0.568836
1131.000000 0.648860
1132.000000 0.652141
1133.000000 0.624716
1134.000000 0.510389
1135.000000 0.502209
1136.000000 0.674065
1137.000000 0.649640
1138.000000 0.618690
1139.000000 0.637523
1140.000000 0.493003
1141.000000 0.702995
1142.000000 0.492978
1143.000000 0.262431
1144.000000 0.485627
1145.000000 0.603340
1146.000000 0.627018
1147.000000 0.521172
1148.000000 0.695045
1149.000000 0.695125
1150.000000 0.527350
1151.000000 0.670741
1152.000000 0.554895
1153.000000 0.538732
1154.000000 0.587709
1155.000000 0.444717
1156.000000 0.558378
1157.000000 0.496440
1158.000000 0.499303
1159.000000 0.639274
1160.000000 0.632850
1161.000000 0.556380
1162.000000 0.586684
1163.000000 0.633492
1164.000000 0.676080
1165.000000 0.566782
1166.000000 0.477991
1167.000000 0.608333
1168.000000 0.536306
1169.000000 0.682823
1170.000000 0.664010
1171.000000 0.500814
1172.000000 0.582437
1173.000000 0.504148
1174.000000 0.656349
1175.000000 0.595867
1176.000000 0.644121
1177.000000 0.566673
1178.000000 0.601526
1179.000000 0.594034
1180.000000 0.622416
1181.000000 0.501757
1182.000000 0.622230
1183.000000 0.388544
1184.000000 0.649953
1185.000000 0.624384
1186.000000 0.543369
1187.000000 0.479128
1188.000000 0.716340
1189.000000 0.561061
1190.000000 0.480906
1191.000000 0.618129
1192.000000 0.700935
1193.000000 0.677277
1194.000000 0.410289
1195.000000 0.651285
1196.000000 0.516697
1197.000000 0.531142
1198.000000 0.500333
1199.000000 0.559125
1200.000000 0.485316
1201.000000 0.488097
1202.000000 0.541998
1203.000000 0.475173
1204.000000 0.592308
1205.000000 0.511340
1206.000000 0.560693
1207.000000 0.580649
1208.000000 0.349502
1209.000000 0.730940
1210.000000 0.656319
1211.000000 0.729082
1212.000000 0.663636
1213.000000 0.639736
1214.000000 0.660451
1215.000000 0.667825
1216.000000 0.548232
1217.000000 0.628481
1218.000000 0.623884
1219.000000 0.532857
1220.000000 0.477861
1221.000000 0.493624
1222.000000 0.518506
1223.000000 0.622590
1224.000000 0.662622
1225.000000 0.616409
1226.000000 0.525187
1227.000000 0.452908
1228.000000 0.651039
1229.000000 0.562738
1230.000000 0.672731
1231.000000 0.692174
1232.000000 0.553357
1233.000000 0.670856
1234.000000 0.548784
1235.000000 0.473885
1236.000000 0.565174
1237.000000 0.604487
1238.000000 0.601525
1239.000000 0.624756
1240.000000 0.490326
1241.000000 0.331489
1242.000000 0.353327
1243.000000 0.432619
1244.000000 0.697912
1245.000000 0.572029
1246.000000 0.543556
1247.000000 0.608859
1248.000000 0.439919
1249.000000 0.653912
1250.000000 0.487174
1251.000000 0.586871
1252.000000 0.578331
1253.000000 0.628487
1254.000000 0.590774
1255.000000 0.378194
1256.000000 0.360190
1257.000000 0.504023
1258.000000 0.638904
1259.000000 0.652200
1260.000000 0.648577
1261.000000 0.701193
1262.000000 0.556209
1263.000000 0.350182
1264.000000 0.458651
1265.000000 0.432062
1266.000000 0.520682
1267.000000 0.655926
1268.000000 0.529106
1269.000000 0.715722
1270.000000 0.711362
1271.000000 0.622453
1272.000000 0.539279
1273.000000 0.636448
1274.000000 0.696617
1275.000000 0.492740
1276.000000 0.726241
1277.000000 0.597587
1278.000000 0.704209
1279.000000 0.731874
1280.000000 0.329343
1281.000000 0.622468
1282.000000 0.726655
1283.000000 0.563313
1284.000000 0.672405
1285.000000 0.438653
1286.000000 0.471895
1287.000000 0.659466
1288.000000 0.482449
1289.000000 0.597666
1290.000000 0.350047
1291.000000 0.472370
1292.000000 0.602313
1293.000000 0.665130
1294.000000 0.645458
1295.000000 0.489201
1296.000000 0.660618
1297.000000 0.646761
1298.000000 0.508099
1299.000000 0.592588
1300.000000 0.744227
1301.000000 0.447358
1302.000000 0.421627
1303.000000 0.202609
1304.000000 0.563330
1305.000000 0.680373
1306.000000 0.707122
1307.000000 0.520566
1308.000000 0.613373
1309.000000 0.495996
1310.000000 0.547040
1311.000000 0.337733
1312.000000 0.636817
1313.000000 0.641061
1314.000000 0.825326
1315.000000 0.556261
1316.000000 0.612029
1317.000000 0.703296
1318.000000 0.611031
1319.000000 0.424978
1320.000000 0.564118
1321.000000 0.595386
1322.000000 0.596831
1323.000000 0.682684
1324.000000 0.479199
1325.000000 0.568943
1326.000000 0.611287
1327.000000 0.568926
1328.000000 0.578320
1329.000000 0.645875
1330.000000 0.478935
1331.000000 0.665515
1332.000000 0.430119
1333.000000 0.513627
1334.000000 0.600400
1335.000000 0.625706
1336.000000 0.641705
1337.000000 0.433831
1338.000000 0.751594
1339.000000 0.610859
1340.000000 0.567102
1341.000000 0.644671
1342.000000 0.584676
1343.000000 0.477661
1344.000000 0.619329
1345.000000 0.513436
1346.000000 0.631607
1347.000000 0.587252
1348.000000 0.440877
1349.000000 0.499074
1350.000000 0.597775
1351.000000 0.627928
1352.000000 0.667232
1353.000000 0.513283
1354.000000 0.541640
1355.000000 0.635150
1356.000000 0.462348
1357.000000 0.501870
1358.000000 0.487609
1359.000000 0.423339
1360.000000 0.571665
1361.000000 0.580592
1362.000000 0.569206
1363.000000 0.315262
1364.000000 0.359975
1365.000000 0.374792
1366.000000 0.391101
1367.000000 0.574311
1368.000000 0.680145
1369.000000 0.695924
1370.000000 0.474563
1371.000000 0.441550
1372.000000 0.624153
1373.000000 0.596398
1374.000000 0.545503
1375.000000 0.659266
1376.000000 0.666991
1377.000000 0.514503
1378.000000 0.598870
1379.000000 0.632556
1380.000000 0.488171
1381.000000 0.426123
1382.000000 0.691559
1383.000000 0.822443
1384.000000 0.662752
1385.000000 0.722526
1386.000000 0.624117
1387.000000 0.650918
1388.000000 0.562928
1389.000000 0.605771
1390.000000 0.546486
1391.000000 0.611308
1392.000000 0.475456
1393.000000 0.580841
1394.000000 0.436630
1395.000000 0.598456
1396.000000 0.579793
1397.000000 0.582345
1398.000000 0.590234
1399.000000 0.478235
1400.000000 0.619238
1401.000000 0.583396
1402.000000 0.585255
1403.000000 0.557219
1404.000000 0.621449
1405.000000 0.636776
1406.000000 0.512074
1407.000000 0.660048
1408.000000 0.474127
1409.000000 0.620245
1410.000000 0.672537
1411.000000 0.601472
1412.000000 0.472187
1413.000000 0.637089
1414.000000 0.766642
1415.000000 0.614679
1416.000000 0.686466
1417.000000 0.718843
1418.000000 0.642395
1419.000000 0.757008
1420.000000 0.496303
1421.000000 0.571683
1422.000000 0.618950
1423.000000 0.707933
1424.000000 0.608767
1425.000000 0.637317
1426.000000 0.610483
1427.000000 0.644706
1428.000000 0.468119
1429.000000 0.481168
1430.000000 0.598532
1431.000000 0.689205
1432.000000 0.499509
1433.000000 0.490545
1434.000000 0.440647
1435.000000 0.585345
1436.000000 0.659378
1437.000000 0.545101
1438.000000 0.606817
1439.000000 0.594705
1440.000000 0.535186
1441.000000 0.586250
1442.000000 0.619801
1443.000000 0.703833
1444.000000 0.584607
1445.000000 0.604821
1446.000000 0.554144
1447.000000 0.730383
1448.000000 0.518246
1449.000000 0.410237
1450.000000 0.373031
1451.000000 0.662172
1452.000000 0.602288
1453.000000 0.661630
1454.000000 0.672371
1455.000000 0.463360
1456.000000 0.677533
1457.000000 0.735072
1458.000000 0.697991
1459.000000 0.660197
1460.000000 0.627295
1461.000000 0.654917
1462.000000 0.429878
1463.000000 0.577436
1464.000000 0.560024
1465.000000 0.442841
1466.000000 0.581778
1467.000000 0.587302
1468.000000 0.548720
1469.000000 0.469814
1470.000000 0.449494
1471.000000 0.653343
1472.000000 0.589530
1473.000000 0.640917
1474.000000 0.594571
1475.000000 0.496498
1476.000000 0.484010
1477.000000 0.435809
1478.000000 0.567882
1479.000000 0.682673
1480.000000 0.594870
1481.000000 0.718699
1482.000000 0.658796
1483.000000 0.538236
1484.000000 0.598136
1485.000000 0.612202
1486.000000 0.351238
1487.000000 0.513428
1488.000000 0.775888
1489.000000 0.455582
1490.000000 0.561095
1491.000000 0.407871
1492.000000 0.524385
1493.000000 0.386306
1494.000000 0.656549
1495.000000 0.704904
1496.000000 0.673158
1497.000000 0.539132
1498.000000 0.419181
1499.000000 0.499510
1500.000000 0.614975
1501.000000 0.600435
1502.000000 0.668803
1503.000000 0.636521
1504.000000 0.624802
1505.000000 0.579721
1506.000000 0.620774
1507.000000 0.574705
1508.000000 0.751098
1509.000000 0.639077
1510.000000 0.431818
1511.000000 0.715932
1512.000000 0.460446
1513.000000 0.378347
1514.000000 0.662359
1515.000000 0.589471
1516.000000 0.615952
1517.000000 0.591723
1518.000000 0.649231
1519.000000 0.647821
1520.000000 0.438008
1521.000000 0.629988
1522.000000 0.681479
1523.000000 0.727009
1524.000000 0.577680
1525.000000 0.700666
1526.000000 0.643545
1527.000000 0.610040
1528.000000 0.387794
1529.000000 0.721381
1530.000000 0.473186
1531.000000 0.582955
1532.000000 0.598336
1533.000000 0.619172
1534.000000 0.632271
1535.000000 0.670211
1536.000000 0.653291
1537.000000 0.564682
1538.000000 0.733511
1539.000000 0.546087
1540.000000 0.592797
1541.000000 0.669743
1542.000000 0.415717
1543.000000 0.655046
1544.000000 0.643418
1545.000000 0.722668
1546.000000 0.725742
1547.000000 0.704454
1548.000000 0.512034
1549.000000 0.435133
1550.000000 0.686659
1551.000000 0.674226
1552.000000 0.615852
1553.000000 0.679547
1554.000000 0.520955
1555.000000 0.430347
1556.000000 0.457255
1557.000000 0.541533
1558.000000 0.608592
1559.000000 0.600481
1560.000000 0.522736
1561.000000 0.474387
1562.000000 0.499244
1563.000000 0.642410
1564.000000 0.612648
1565.000000 0.585821
1566.000000 0.516592
1567.000000 0.531137
1568.000000 0.626717
1569.000000 0.548430
1570.000000 0.387036
1571.000000 0.489363
1572.000000 0.655599
1573.000000 0.655332
1574.000000 0.742256
1575.000000 0.581609
1576.000000 0.610483
1577.000000 0.662543
1578.000000 0.425753
1579.000000 0.540296
1580.000000 0.515092
1581.000000 0.674471
1582.000000 0.550493
1583.000000 0.585340
1584.000000 0.518581
1585.000000 0.495529
1586.000000 0.504534
1587.000000 0.687805
1588.000000 0.616254
1589.000000 0.628710
1590.000000 0.609833
1591.000000 0.478890
1592.000000 0.753743
1593.000000 0.476845
1594.000000 0.532366
1595.000000 0.772877
1596.000000 0.549874
1597.000000 0.627846
1598.000000 0.492146
1599.000000 0.647752
1600.000000 0.625198
1601.000000 0.480577
1602.000000 0.440140
1603.000000 0.411792
1604.000000 0.639208
1605.000000 0.578289
1606.000000 0.741885
1607.000000 0.592087
1608.000000 0.503798
1609.000000 0.520767
1610.000000 0.545414
1611.000000 0.442067
1612.000000 0.527604
1613.000000 0.574976
1614.000000 0.549930
1615.000000 0.608658
1616.000000 0.465529
1617.000000 0.559032
1618.000000 0.757466
1619.000000 0.544770
1620.000000 0.705391
1621.000000 0.694823
1622.000000 0.464036
1623.000000 0.559717
1624.000000 0.680995
1625.000000 0.472337
1626.000000 0.432264
1627.000000 0.647544
1628.000000 0.684743
1629.000000 0.559640
1630.000000 0.732993
1631.000000 0.363264
1632.000000 0.585695
1633.000000 0.643288
1634.000000 0.612426
1635.000000 0.565164
1636.000000 0.496062
1637.000000 0.465580
1638.000000 0.235012
1639.000000 0.636509
1640.000000 0.557748
1641.000000 0.787739
1642.000000 0.620174
1643.000000 0.518089
1644.000000 0.634673
1645.000000 0.593098
1646.000000 0.614695
1647.000000 0.577668
1648.000000 0.681077
1649.000000 0.642888
1650.000000 0.439040
1651.000000 0.426073
1652.000000 0.389052
1653.000000 0.527280
1654.000000 0.527181
1655.000000 0.451178
1656.000000 0.604456
1657.000000 0.638864
1658.000000 0.419456
1659.000000 0.433064
1660.000000 0.454760
1661.000000 0.505757
1662.000000 0.475298
1663.000000 0.576884
1664.000000 0.612294
1665.000000 0.622961
1666.000000 0.775254
1667.000000 0.526061
1668.000000 0.705086
1669.000000 0.654989
1670.000000 0.379043
1671.000000 0.480536
1672.000000 0.625625
1673.000000 0.640708
1674.000000 0.688942
1675.000000 0.660950
1676.000000 0.371926
1677.000000 0.647482
1678.000000 0.557586
1679.000000 0.646947
1680.000000 0.614240
1681.000000 0.647109
1682.000000 0.595914
1683.000000 0.511716
1684.000000 0.484913
1685.000000 0.501679
1686.000000 0.420662
1687.000000 0.577779
1688.000000 0.580397
1689.000000 0.519024
1690.000000 0.497413
1691.000000 0.574053
1692.000000 0.668577
1693.000000 0.616989
1694.000000 0.622679
1695.000000 0.657545
1696.000000 0.604212
1697.000000 0.558450
1698.000000 0.408539
1699.000000 0.482001
1700.000000 0.606264
1701.000000 0.658715
1702.000000 0.580737
1703.000000 0.409040
1704.000000 0.433617
1705.000000 0.432585
1706.000000 0.536646
1707.000000 0.543034
1708.000000 0.613658
1709.000000 0.523622
1710.000000 0.445502
1711.000000 0.573234
1712.000000 0.494249
1713.000000 0.636589
1714.000000 0.644942
1715.000000 0.551701
1716.000000 0.347104
1717.000000 0.609503
1718.000000 0.487244
1719.000000 0.639980
1720.000000 0.521899
1721.000000 0.533044
1722.000000 0.618159
1723.000000 0.570885
1724.000000 0.563451
1725.000000 0.592742
1726.000000 0.585954
1727.000000 0.494858
1728.000000 0.459884
1729.000000 0.523573
1730.000000 0.479624
1731.000000 0.709386
1732.000000 0.639328
1733.000000 0.656438
1734.000000 0.494250
1735.000000 0.445564
1736.000000 0.578422
1737.000000 0.603458
1738.000000 0.725908
1739.000000 0.650519
1740.000000 0.693801
1741.000000 0.718827
1742.000000 0.492626
1743.000000 0.451720
1744.000000 0.604283
1745.000000 0.621115
1746.000000 0.585769
1747.000000 0.460610
1748.000000 0.530773
1749.000000 0.365325
1750.000000 0.611759
1751.000000 0.684179
1752.000000 0.747713
1753.000000 0.574665
1754.000000 0.639651
1755.000000 0.490114
1756.000000 0.483734
1757.000000 0.535663
1758.000000 0.538349
1759.000000 0.702976
1760.000000 0.551228
1761.000000 0.468699
1762.000000 0.381843
1763.000000 0.655507
1764.000000 0.364984
1765.000000 0.570618
1766.000000 0.634951
1767.000000 0.498525
1768.000000 0.642514
1769.000000 0.674640
1770.000000 0.465354
1771.000000 0.551986
1772.000000 0.694394
1773.000000 0.538290
1774.000000 0.506053
1775.000000 0.629014
1776.000000 0.431506
1777.000000 0.588069
1778.000000 0.678917
1779.000000 0.735721
1780.000000 0.697614
1781.000000 0.754286
1782.000000 0.438069
1783.000000 0.625969
1784.000000 0.573432
1785.000000 0.595508
1786.000000 0.585564
1787.000000 0.716027
1788.000000 0.466595
1789.000000 0.628106
1790.000000 0.534588
1791.000000 0.566080
1792.000000 0.662809
1793.000000 0.451491
1794.000000 0.585515
1795.000000 0.493367
1796.000000 0.577979
1797.000000 0.568199
1798.000000 0.598337
1799.000000 0.603568
1800.000000 0.661226
1801.000000 0.637320
1802.000000 0.567053
1803.000000 0.617885
1804.000000 0.434779
1805.000000 0.580132
1806.000000 0.416775
1807.000000 0.378507
1808.000000 0.509543
1809.000000 0.671997
1810.000000 0.637856
1811.000000 0.731089
1812.000000 0.666211
1813.000000 0.641780
1814.000000 0.589802
1815.000000 0.525581
1816.000000 0.471799
1817.000000 0.536514
1818.000000 0.434694
1819.000000 0.701473
1820.000000 0.701612
1821.000000 0.565573
1822.000000 0.547753
1823.000000 0.562094
1824.000000 0.536351
1825.000000 0.683097
1826.000000 0.563793
1827.000000 0.600432
1828.000000 0.530238
1829.000000 0.616403
1830.000000 0.446278
1831.000000 0.492349
1832.000000 0.511231
1833.000000 0.614217
1834.000000 0.560084
1835.000000 0.758939
1836.000000 0.315267
1837.000000 0.629972
1838.000000 0.595263
1839.000000 0.601554
1840.000000 0.596182
1841.000000 0.590213
1842.000000 0.513545
1843.000000 0.517398
1844.000000 0.402189
1845.000000 0.465049
1846.000000 0.660571
1847.000000 0.728431
1848.000000 0.603339
1849.000000 0.301516
1850.000000 0.582345
1851.000000 0.443718
1852.000000 0.755602
1853.000000 0.602783
1854.000000 0.549409
1855.000000 0.583180
1856.000000 0.418112
1857.000000 0.681504
1858.000000 0.516222
1859.000000 0.524909
1860.000000 0.578417
1861.000000 0.580669
1862.000000 0.675334
1863.000000 0.396822
1864.000000 0.642698
1865.000000 0.617425
1866.000000 0.505827
1867.000000 0.543633
1868.000000 0.702919
1869.000000 0.549201
1870.000000 0.543722
1871.000000 0.662223
1872.000000 0.539540
1873.000000 0.303109
1874.000000 0.483527
1875.000000 0.600486
1876.000000 0.634183
1877.000000 0.658588
1878.000000 0.571478
1879.000000 0.603576
1880.000000 0.642822
1881.000000 0.726097
1882.000000 0.646763
1883.000000 0.615523
1884.000000 0.492862
1885.000000 0.624230
1886.000000 0.400991
1887.000000 0.517333
1888.000000 0.485117
1889.000000 0.487389
1890.000000 0.555905
1891.000000 0.488539
1892.000000 0.620948
1893.000000 0.556821
1894.000000 0.606522
1895.000000 0.612631
1896.000000 0.645807
1897.000000 0.597878
1898.000000 0.596367
1899.000000 0.479737
1900.000000 0.662422
1901.000000 0.414498
1902.000000 0.488001
1903.000000 0.619529
1904.000000 0.475614
1905.000000 0.662099
1906.000000 0.649177
1907.000000 0.624559
1908.000000 0.522759
1909.000000 0.760839
1910.000000 0.455393
1911.000000 0.457632
1912.000000 0.524280
1913.000000 0.556129
1914.000000 0.531614
1915.000000 0.609421
1916.000000 0.580928
1917.000000 0.635877
1918.000000 0.530005
1919.000000 0.542829
1920.000000 0.510977
1921.000000 0.670627
1922.000000 0.507892
1923.000000 0.477376
1924.000000 0.289637
1925.000000 0.571832
1926.000000 0.532809
1927.000000 0.501522
1928.000000 0.719116
1929.000000 0.528551
1930.000000 0.464074
1931.000000 0.358870
1932.000000 0.524850
1933.000000 0.583540
1934.000000 0.471037
1935.000000 0.562905
1936.000000 0.567289
1937.000000 0.545767
1938.000000 0.453166
1939.000000 0.674687
1940.000000 0.636392
1941.000000 0.577421
1942.000000 0.548131
1943.000000 0.579827
1944.000000 0.491680
1945.000000 0.684363
1946.000000 0.587441
1947.000000 0.531164
1948.000000 0.496992
1949.000000 0.564500
1950.000000 0.667629
1951.000000 0.605464
1952.000000 0.513287
1953.000000 0.435493
1954.000000 0.471536
1955.000000 0.622175
1956.000000 0.632504
1957.000000 0.753221
1958.000000 0.656717
1959.000000 0.410341
1960.000000 0.605132
1961.000000 0.487969
1962.000000 0.589243
1963.000000 0.468425
1964.000000 0.694487
1965.000000 0.601912
1966.000000 0.644548
1967.000000 0.707160
1968.000000 0.713038
1969.000000 0.651176
1970.000000 0.660206
1971.000000 0.605916
1972.000000 0.616982
1973.000000 0.434861
1974.000000 0.672082
1975.000000 0.587938
1976.000000 0.550888
1977.000000 0.594953
1978.000000 0.490234
1979.000000 0.605659
1980.000000 0.399869
1981.000000 0.306534
1982.000000 0.432331
1983.000000 0.484222
1984.000000 0.533665
1985.000000 0.561872
1986.000000 0.491057
1987.000000 0.471254
1988.000000 0.660434
1989.000000 0.486635
1990.000000 0.404792
1991.000000 0.591687
1992.000000 0.734781
1993.000000 0.503587
1994.000000 0.583338
1995.000000 0.692507
1996.000000 0.540704
1997.000000 0.441930
1998.000000 0.516592
1999.000000 0.486399
2000.000000 0.561905
2001.000000 0.647619
2002.000000 0.452267
2003.000000 0.497674
2004.000000 0.462756
2005.000000 0.386324
2006.000000 0.609937
2007.000000 0.581623
2008.000000 0.532970
2009.000000 0.713800
2010.000000 0.598076
2011.000000 0.512731
2012.000000 0.684546
2013.000000 0.639275
2014.000000 0.587133
2015.000000 0.584853
2016.000000 0.404330
2017.000000 0.542257
2018.000000 0.595854
2019.000000 0.656791
2020.000000 0.537784
2021.000000 0.576814
2022.000000 0.601676
2023.000000 0.509436
2024.000000 0.568060
2025.000000 0.702405
2026.000000 0.597170
2027.000000 0.590156
2028.000000 0.425863
2029.000000 0.630676
2030.000000 0.574049
2031.000000 0.582485
2032.000000 0.557125
2033.000000 0.667529
2034.000000 0.603511
2035.000000 0.614908
2036.000000 0.589678
2037.000000 0.570269
2038.000000 0.721557
2039.000000 0.622305
2040.000000 0.580704
2041.000000 0.464254
2042.000000 0.752129
2043.000000 0.474922
2044.000000 0.376214
2045.000000 0.572132
2046.000000 0.592772
2047.000000 0.685167
2048.000000 0.562600
2049.000000 0.483139
2050.000000 0.510159
2051.000000 0.703701
2052.000000 0.468532
2053.000000 0.499602
2054.000000 0.455932
2055.000000 0.581162
2056.000000 0.539157
2057.000000 0.561050
2058.000000 0.636712
2059.000000 0.541156
2060.000000 0.444777
2061.000000 0.470855
2062.000000 0.496180
2063.000000 0.478922
2064.000000 0.574759
2065.000000 0.643750
2066.000000 0.678902
2067.000000 0.503738
2068.000000 0.483200
2069.000000 0.487110
2070.000000 0.636283
2071.000000 0.386945
2072.000000 0.464440
2073.000000 0.526367
2074.000000 0.595909
2075.000000 0.634868
2076.000000 0.575575
2077.000000 0.488532
2078.000000 0.743152
2079.000000 0.653415
2080.000000 0.673326
2081.000000 0.404178
2082.000000 0.483559
2083.000000 0.724573
2084.000000 0.593505
2085.000000 0.564413
2086.000000 0.667215
2087.000000 0.464880
2088.000000 0.589678
2089.000000 0.629293
2090.000000 0.519512
2091.000000 0.560196
2092.000000 0.690218
2093.000000 0.724041
2094.000000 0.516249
2095.000000 0.412921
2096.000000 0.523745
2097.000000 0.627984
2098.000000 0.599610
2099.000000 0.559392
2100.000000 0.467157
2101.000000 0.744256
2102.000000 0.666343
2103.000000 0.688772
2104.000000 0.570637
2105.000000 0.442484
2106.000000 0.647209
2107.000000 0.359635
2108.000000 0.648457
2109.000000 0.562915
2110.000000 0.616837
2111.000000 0.631434
2112.000000 0.648089
2113.000000 0.547733
2114.000000 0.645974
2115.000000 0.742612
2116.000000 0.613112
2117.000000 0.612531
2118.000000 0.342669
2119.000000 0.517280
2120.000000 0.568875
2121.000000 0.544039
2122.000000 0.549614
2123.000000 0.507780
2124.000000 0.508793
2125.000000 0.646163
2126.000000 0.635385
2127.000000 0.700629
2128.000000 0.659741
2129.000000 0.581337
2130.000000 0.622695
2131.000000 0.557315
2132.000000 0.618238
2133.000000 0.773468
2134.000000 0.619035
2135.000000 0.515645
2136.000000 0.477759
2137.000000 0.612372
2138.000000 0.571174
2139.000000 0.530968
2140.000000 0.625296
2141.000000 0.541998
2142.000000 0.579293
2143.000000 0.544960
2144.000000 0.554788
2145.000000 0.480484
2146.000000 0.614378
2147.000000 0.617659
2148.000000 0.669511
2149.000000 0.609995
2150.000000 0.791837
2151.000000 0.549563
2152.000000 0.619378
2153.000000 0.676131
2154.000000 0.720395
2155.000000 0.615447
2156.000000 0.592034
2157.000000 0.562105
2158.000000 0.262035
2159.000000 0.720229
2160.000000 0.535878
2161.000000 0.550707
2162.000000 0.621796
2163.000000 0.652852
2164.000000 0.567328
2165.000000 0.556173
2166.000000 0.578913
2167.000000 0.554946
2168.000000 0.566187
2169.000000 0.501303
2170.000000 0.666361
2171.000000 0.513421
2172.000000 0.586679
2173.000000 0.691517
2174.000000 0.696686
2175.000000 0.591665
2176.000000 0.516106
2177.000000 0.756136
2178.000000 0.535526
2179.000000 0.598950
2180.000000 0.468290
2181.000000 0.515159
2182.000000 0.661671
2183.000000 0.577783
2184.000000 0.691508
2185.000000 0.572137
2186.000000 0.630473
2187.000000 0.551822
2188.000000 0.448266
2189.000000 0.623234
2190.000000 0.551772
2191.000000 0.585546
2192.000000 0.667384
2193.000000 0.692261
2194.000000 0.700605
2195.000000 0.620325
2196.000000 0.515104
2197.000000 0.441627
2198.000000 0.798532
2199.000000 0.533997
2200.000000 0.532346
2201.000000 0.522913
2202.000000 0.617463
2203.000000 0.438668
2204.000000 0.652220
2205.000000 0.368955
2206.000000 0.508224
2207.000000 0.516076
2208.000000 0.595993
2209.000000 0.573444
2210.000000 0.709095
2211.000000 0.487092
2212.000000 0.660309
2213.000000 0.597619
2214.000000 0.566024
2215.000000 0.399146
2216.000000 0.503698
2217.000000 0.573608
2218.000000 0.588225
2219.000000 0.511880
2220.000000 0.559494
2221.000000 0.608492
2222.000000 0.540531
2223.000000 0.606941
2224.000000 0.575126
2225.000000 0.683473
2226.000000 0.528371
2227.000000 0.600238
2228.000000 0.510666
2229.000000 0.575669
2230.000000 0.640350
2231.000000 0.523440
2232.000000 0.511850
2233.000000 0.618908
2234.000000 0.584160
2235.000000 0.561190
2236.000000 0.423288
2237.000000 0.315063
2238.000000 0.456221
2239.000000 0.629291
2240.000000 0.584413
2241.000000 0.701015
2242.000000 0.662229
2243.000000 0.625624
2244.000000 0.616928
2245.000000 0.642413
2246.000000 0.672876
2247.000000 0.715861
2248.000000 0.620663
2249.000000 0.566041
2250.000000 0.574761
2251.000000 0.553136
2252.000000 0.651322
2253.000000 0.598042
2254.000000 0.554607
2255.000000 0.591751
2256.000000 0.711922
2257.000000 0.571187
2258.000000 0.565805
2259.000000 0.348288
2260.000000 0.572283
2261.000000 0.563661
2262.000000 0.634448
2263.000000 0.581463
2264.000000 0.569433
2265.000000 0.478496
2266.000000 0.615459
2267.000000 0.428636
2268.000000 0.577845
2269.000000 0.549520
2270.000000 0.633009
2271.000000 0.700393
2272.000000 0.693079
2273.000000 0.471284
2274.000000 0.662548
2275.000000 0.592964
2276.000000 0.580854
2277.000000 0.595063
2278.000000 0.600012
2279.000000 0.649750
2280.000000 0.670715
2281.000000 0.678036
2282.000000 0.697380
2283.000000 0.578735
2284.000000 0.627065
2285.000000 0.594351
2286.000000 0.651084
2287.000000 0.564295
2288.000000 0.625430
2289.000000 0.408806
2290.000000 0.504323
2291.000000 0.593394
2292.000000 0.564808
2293.000000 0.647690
2294.000000 0.480742
2295.000000 0.443402
2296.000000 0.381052
2297.000000 0.598678
2298.000000 0.646675
2299.000000 0.555572
2300.000000 0.672956
2301.000000 0.545045
2302.000000 0.542957
2303.000000 0.581471
2304.000000 0.719653
2305.000000 0.716545
2306.000000 0.684023
2307.000000 0.682075
2308.000000 0.577482
2309.000000 0.619211
2310.000000 0.428282
2311.000000 0.571303
2312.000000 0.679054
2313.000000 0.667731
2314.000000 0.462889
2315.000000 0.703583
2316.000000 0.649759
2317.000000 0.650344
2318.000000 0.469776
2319.000000 0.527157
2320.000000 0.701529
2321.000000 0.613935
2322.000000 0.554391
2323.000000 0.655449
2324.000000 0.561400
2325.000000 0.563636
2326.000000 0.727735
2327.000000 0.669728
2328.000000 0.629565
2329.000000 0.672158
2330.000000 0.587742
2331.000000 0.510408
2332.000000 0.698318
2333.000000 0.585196
2334.000000 0.628599
2335.000000 0.650951
2336.000000 0.696614
2337.000000 0.685566
2338.000000 0.558176
2339.000000 0.592529
2340.000000 0.757531
2341.000000 0.746324
2342.000000 0.682781
2343.000000 0.736353
2344.000000 0.748620
2345.000000 0.608853
2346.000000 0.703337
2347.000000 0.562455
2348.000000 0.560729
2349.000000 0.543218
2350.000000 0.415761
2351.000000 0.586253
2352.000000 0.658203
2353.000000 0.656734
2354.000000 0.563012
2355.000000 0.540793
2356.000000 0.606375
2357.000000 0.627955
2358.000000 0.626596
2359.000000 0.705564
2360.000000 0.612087
2361.000000 0.555853
2362.000000 0.625257
2363.000000 0.555479
2364.000000 0.609097
2365.000000 0.624659
2366.000000 0.800890
2367.000000 0.561360
2368.000000 0.483327
2369.000000 0.487483
2370.000000 0.529954
2371.000000 0.620243
2372.000000 0.620100
2373.000000 0.219758
2374.000000 0.593041
2375.000000 0.399739
2376.000000 0.662692
2377.000000 0.537106
2378.000000 0.557602
2379.000000 0.618677
2380.000000 0.584624
2381.000000 0.530558
2382.000000 0.658456
2383.000000 0.575548
2384.000000 0.650871
2385.000000 0.645132
2386.000000 0.688650
2387.000000 0.653872
2388.000000 0.426306
2389.000000 0.736537
2390.000000 0.643121
2391.000000 0.578858
2392.000000 0.368798
2393.000000 0.420559
2394.000000 0.433282
2395.000000 0.706043
2396.000000 0.659350
2397.000000 0.636047
2398.000000 0.598415
2399.000000 0.656480
2400.000000 0.154658
2401.000000 0.408736
2402.000000 0.536310
2403.000000 0.635742
2404.000000 0.413800
2405.000000 0.403594
2406.000000 0.653437
2407.000000 0.624968
2408.000000 0.572679
2409.000000 0.555399
2410.000000 0.584534
2411.000000 0.614103
2412.000000 0.529390
2413.000000 0.737749
2414.000000 0.628830
2415.000000 0.631517
2416.000000 0.666196
2417.000000 0.662194
2418.000000 0.409911
2419.000000 0.571987
2420.000000 0.619864
2421.000000 0.637299
2422.000000 0.483212
2423.000000 0.641092
2424.000000 0.739815
2425.000000 0.634317
2426.000000 0.616778
2427.000000 0.444536
2428.000000 0.666660
2429.000000 0.377732
2430.000000 0.434393
2431.000000 0.617290
2432.000000 0.441976
2433.000000 0.628298
2434.000000 0.615280
2435.000000 0.599802
2436.000000 0.535686
2437.000000 0.579248
2438.000000 0.595761
2439.000000 0.659777
2440.000000 0.477923
2441.000000 0.507113
2442.000000 0.588166
2443.000000 0.250491
2444.000000 0.756922
2445.000000 0.454661
2446.000000 0.457581
2447.000000 0.742897
2448.000000 0.526716
2449.000000 0.530054
2450.000000 0.443656
2451.000000 0.563537
2452.000000 0.605666
2453.000000 0.437519
2454.000000 0.587029
2455.000000 0.618470
2456.000000 0.574459
2457.000000 0.573678
2458.000000 0.575512
2459.000000 0.450044
2460.000000 0.372406
2461.000000 0.651178
2462.000000 0.669528
2463.000000 0.635842
2464.000000 0.627037
2465.000000 0.711217
2466.000000 0.521311
2467.000000 0.679365
2468.000000 0.635244
2469.000000 0.662762
2470.000000 0.644537
2471.000000 0.701919
2472.000000 0.604214
2473.000000 0.550862
2474.000000 0.775904
2475.000000 0.641671
2476.000000 0.582552
2477.000000 0.521152
2478.000000 0.441398
2479.000000 0.666472
2480.000000 0.683690
2481.000000 0.449326
2482.000000 0.680040
2483.000000 0.619378
2484.000000 0.544326
2485.000000 0.572288
2486.000000 0.658560
2487.000000 0.590390
2488.000000 0.584424
2489.000000 0.544058
2490.000000 0.614566
2491.000000 0.684148
2492.000000 0.706915
2493.000000 0.708122
2494.000000 0.625936
2495.000000 0.591071
2496.000000 0.558880
2497.000000 0.546399
2498.000000 0.647390
2499.000000 0.532335
2500.000000 0.611122
2501.000000 0.475074
2502.000000 0.488690
2503.000000 0.513007
2504.000000 0.441160
2505.000000 0.538399
2506.000000 0.682008
2507.000000 0.691943
2508.000000 0.612292
2509.000000 0.581415
2510.000000 0.692580
2511.000000 0.652440
2512.000000 0.550835
2513.000000 0.629125
2514.000000 0.755879
2515.000000 0.512806
2516.000000 0.604984
2517.000000 0.499786
2518.000000 0.531291
2519.000000 0.662712
2520.000000 0.716555
2521.000000 0.664446
2522.000000 0.657617
2523.000000 0.642021
2524.000000 0.712386
2525.000000 0.512236
2526.000000 0.442360
2527.000000 0.601409
2528.000000 0.691194
2529.000000 0.564461
2530.000000 0.706876
2531.000000 0.584950
2532.000000 0.661456
2533.000000 0.626065
2534.000000 0.649620
2535.000000 0.506658
2536.000000 0.562928
2537.000000 0.695268
2538.000000 0.603811
2539.000000 0.447330
2540.000000 0.568905
2541.000000 0.607017
2542.000000 0.556400
2543.000000 0.441140
2544.000000 0.553710
2545.000000 0.710342
2546.000000 0.580107
2547.000000 0.664725
2548.000000 0.615198
2549.000000 0.448480
2550.000000 0.659751
2551.000000 0.552072
2552.000000 0.638122
2553.000000 0.663347
2554.000000 0.589171
2555.000000 0.634991
2556.000000 0.674256
2557.000000 0.657828
2558.000000 0.602045
2559.000000 0.486393
2560.000000 0.629159
2561.000000 0.434664
2562.000000 0.632455
2563.000000 0.557350
2564.000000 0.487952
2565.000000 0.566843
2566.000000 0.588963
2567.000000 0.708736
2568.000000 0.635268
2569.000000 0.585496
2570.000000 0.674233
2571.000000 0.558249
2572.000000 0.509767
2573.000000 0.629272
2574.000000 0.507925
2575.000000 0.616408
2576.000000 0.635056
2577.000000 0.509367
2578.000000 0.497037
2579.000000 0.542183
2580.000000 0.583493
2581.000000 0.271051
2582.000000 0.515147
2583.000000 0.520719
2584.000000 0.564835
2585.000000 0.553136
2586.000000 0.604033
2587.000000 0.611211
2588.000000 0.642391
2589.000000 0.581820
2590.000000 0.478952
2591.000000 0.499885
2592.000000 0.713399
2593.000000 0.552600
2594.000000 0.596258
2595.000000 0.482342
2596.000000 0.454568
2597.000000 0.520545
2598.000000 0.618184
2599.000000 0.694896
2600.000000 0.587903
2601.000000 0.432690
2602.000000 0.488801
2603.000000 0.612900
2604.000000 0.704207
2605.000000 0.529097
2606.000000 0.401766
2607.000000 0.389929
2608.000000 0.499284
2609.000000 0.599841
2610.000000 0.696568
2611.000000 0.733923
2612.000000 0.670244
2613.000000 0.648695
2614.000000 0.596457
2615.000000 0.465742
2616.000000 0.493513
2617.000000 0.490440
2618.000000 0.571227
2619.000000 0.543135
2620.000000 0.583507
2621.000000 0.615341
2622.000000 0.459784
2623.000000 0.480732
2624.000000 0.791043
2625.000000 0.625110
2626.000000 0.483060
2627.000000 0.358864
2628.000000 0.417449
2629.000000 0.495017
2630.000000 0.679124
2631.000000 0.496045
2632.000000 0.580229
2633.000000 0.601808
2634.000000 0.508044
2635.000000 0.615471
2636.000000 0.563670
2637.000000 0.555205
2638.000000 0.626281
2639.000000 0.367086
2640.000000 0.598478
2641.000000 0.676403
2642.000000 0.478912
2643.000000 0.626017
2644.000000 0.564446
2645.000000 0.610612
2646.000000 0.693422
2647.000000 0.609015
2648.000000 0.618042
2649.000000 0.578799
2650.000000 0.644490
2651.000000 0.718308
2652.000000 0.492909
2653.000000 0.634311
2654.000000 0.505643
2655.000000 0.457667
2656.000000 0.716118
2657.000000 0.329706
2658.000000 0.528721
2659.000000 0.554768
2660.000000 0.547947
2661.000000 0.507121
2662.000000 0.562650
2663.000000 0.502438
2664.000000 0.531905
2665.000000 0.680881
2666.000000 0.538779
2667.000000 0.481525
2668.000000 0.707806
2669.000000 0.686029
2670.000000 0.620084
2671.000000 0.568164
2672.000000 0.487480
2673.000000 0.735386
2674.000000 0.537401
2675.000000 0.635729
2676.000000 0.767515
2677.000000 0.594727
2678.000000 0.566142
2679.000000 0.405725
2680.000000 0.704463
2681.000000 0.549203
2682.000000 0.560510
2683.000000 0.541430
2684.000000 0.573839
2685.000000 0.610042
2686.000000 0.700953
2687.000000 0.494232
2688.000000 0.754649
2689.000000 0.700928
2690.000000 0.697887
2691.000000 0.665497
2692.000000 0.680064
2693.000000 0.635637
2694.000000 0.608238
2695.000000 0.551103
2696.000000 0.636019
2697.000000 0.562448
2698.000000 0.733826
2699.000000 0.601758
2700.000000 0.555128
2701.000000 0.649700
2702.000000 0.494642
2703.000000 0.696626
2704.000000 0.576397
2705.000000 0.655634
2706.000000 0.671281
2707.000000 0.649644
2708.000000 0.515604
2709.000000 0.679252
2710.000000 0.623251
2711.000000 0.529072
2712.000000 0.659337
2713.000000 0.589380
2714.000000 0.626258
2715.000000 0.574475
2716.000000 0.571693
2717.000000 0.607664
2718.000000 0.673920
2719.000000 0.474412
2720.000000 0.541244
2721.000000 0.642447
2722.000000 0.322883
2723.000000 0.769687
2724.000000 0.460179
2725.000000 0.560767
2726.000000 0.671562
2727.000000 0.630667
2728.000000 0.720831
2729.000000 0.679591
2730.000000 0.684803
2731.000000 0.742636
2732.000000 0.619868
2733.000000 0.605399
2734.000000 0.685537
2735.000000 0.566028
2736.000000 0.296607
2737.000000 0.649474
2738.000000 0.673203
2739.000000 0.688955
2740.000000 0.654862
2741.000000 0.509989
2742.000000 0.579232
2743.000000 0.681969
2744.000000 0.458323
2745.000000 0.503739
2746.000000 0.587861
2747.000000 0.539131
2748.000000 0.511611
2749.000000 0.474105
2750.000000 0.617654
2751.000000 0.652549
2752.000000 0.655858
2753.000000 0.631010
2754.000000 0.465670
2755.000000 0.568003
2756.000000 0.477508
2757.000000 0.521158
2758.000000 0.521705
2759.000000 0.427494
2760.000000 0.676266
2761.000000 0.595373
2762.000000 0.580119
2763.000000 0.171240
2764.000000 0.409482
2765.000000 0.570053
2766.000000 0.472649
2767.000000 0.619619
2768.000000 0.484053
2769.000000 0.655983
2770.000000 0.563062
2771.000000 0.722053
2772.000000 0.694575
2773.000000 0.644798
2774.000000 0.340696
2775.000000 0.516938
2776.000000 0.499379
2777.000000 0.644945
2778.000000 0.712802
2779.000000 0.585644
2780.000000 0.585886
2781.000000 0.473130
2782.000000 0.611324
2783.000000 0.568752
2784.000000 0.618698
2785.000000 0.702666
2786.000000 0.637502
2787.000000 0.417260
2788.000000 0.422560
2789.000000 0.525154
2790.000000 0.417596
2791.000000 0.628763
2792.000000 0.701849
2793.000000 0.652982
2794.000000 0.682611
2795.000000 0.595838
2796.000000 0.697602
2797.000000 0.658861
2798.000000 0.643532
2799.000000 0.443214
2800.000000 0.681707
2801.000000 0.485696
2802.000000 0.280028
2803.000000 0.347833
2804.000000 0.498522
2805.000000 0.637440
2806.000000 0.426730
2807.000000 0.668856
2808.000000 0.427633
2809.000000 0.649608
2810.000000 0.576078
2811.000000 0.626522
2812.000000 0.644555
2813.000000 0.530897
2814.000000 0.406112
2815.000000 0.521992
2816.000000 0.460682
2817.000000 0.492261
2818.000000 0.588020
2819.000000 0.685337
2820.000000 0.557358
2821.000000 0.522496
2822.000000 0.566035
2823.000000 0.687175
2824.000000 0.712351
2825.000000 0.616606
2826.000000 0.654923
2827.000000 0.672639
2828.000000 0.570285
2829.000000 0.449561
2830.000000 0.626877
2831.000000 0.715309
2832.000000 0.274785
2833.000000 0.618769
2834.000000 0.690773
2835.000000 0.709846
2836.000000 0.733519
2837.000000 0.586529
2838.000000 0.618039
2839.000000 0.623054
2840.000000 0.548097
2841.000000 0.569134
2842.000000 0.229201
2843.000000 0.584736
2844.000000 0.616125
2845.000000 0.624998
2846.000000 0.598616
2847.000000 0.617780
2848.000000 0.566018
2849.000000 0.695693
2850.000000 0.578605
2851.000000 0.590582
2852.000000 0.612793
2853.000000 0.570078
2854.000000 0.599801
2855.000000 0.701751
2856.000000 0.542925
2857.000000 0.671664
2858.000000 0.634829
2859.000000 0.551874
2860.000000 0.407545
2861.000000 0.704245
2862.000000 0.623295
2863.000000 0.588490
2864.000000 0.513500
2865.000000 0.709371
2866.000000 0.357025
2867.000000 0.639349
2868.000000 0.680610
2869.000000 0.435110
2870.000000 0.637936
2871.000000 0.554532
2872.000000 0.661145
2873.000000 0.591889
2874.000000 0.528051
2875.000000 0.562256
2876.000000 0.646618
2877.000000 0.644450
2878.000000 0.722683
2879.000000 0.569778
2880.000000 0.655094
2881.000000 0.526716
2882.000000 0.652914
2883.000000 0.397986
2884.000000 0.547726
2885.000000 0.457804
2886.000000 0.714893
2887.000000 0.642899
2888.000000 0.531399
2889.000000 0.672792
2890.000000 0.573096
2891.000000 0.319153
2892.000000 0.421588
2893.000000 0.646019
2894.000000 0.737782
2895.000000 0.623286
2896.000000 0.563784
2897.000000 0.645763
2898.000000 0.540161
2899.000000 0.556652
2900.000000 0.618200
2901.000000 0.591180
2902.000000 0.571972
2903.000000 0.650866
2904.000000 0.629600
2905.000000 0.446013
2906.000000 0.701217
2907.000000 0.590095
2908.000000 0.511167
2909.000000 0.573880
2910.000000 0.565330
2911.000000 0.306138
2912.000000 0.689070
2913.000000 0.424344
2914.000000 0.558353
2915.000000 0.637154
2916.000000 0.666882
2917.000000 0.552983
2918.000000 0.719621
2919.000000 0.654735
2920.000000 0.652215
2921.000000 0.691140
2922.000000 0.483909
2923.000000 0.523938
2924.000000 0.674252
2925.000000 0.681985
2926.000000 0.616368
2927.000000 0.554993
2928.000000 0.533847
2929.000000 0.518154
2930.000000 0.582854
2931.000000 0.619607
2932.000000 0.677564
2933.000000 0.634262
2934.000000 0.659278
2935.000000 0.726185
2936.000000 0.652125
2937.000000 0.651407
2938.000000 0.677276
2939.000000 0.716902
2940.000000 0.660252
2941.000000 0.485066
2942.000000 0.458713
2943.000000 0.506914
2944.000000 0.589951
2945.000000 0.549619
2946.000000 0.544907
2947.000000 0.610580
2948.000000 0.493482
2949.000000 0.691357
2950.000000 0.587907
2951.000000 0.671852
2952.000000 0.519256
2953.000000 0.539129
2954.000000 0.588635
2955.000000 0.644540
2956.000000 0.666585
2957.000000 0.589278
2958.000000 0.635736
2959.000000 0.682105
2960.000000 0.695715
2961.000000 0.637196
2962.000000 0.762281
2963.000000 0.726611
2964.000000 0.630582
2965.000000 0.675448
2966.000000 0.545640
2967.000000 0.446053
2968.000000 0.550108
2969.000000 0.600445
2970.000000 0.502917
2971.000000 0.579438
2972.000000 0.705408
2973.000000 0.496517
2974.000000 0.540971
2975.000000 0.523944
2976.000000 0.568064
2977.000000 0.723693
2978.000000 0.526037
2979.000000 0.652165
2980.000000 0.597492
2981.000000 0.579170
2982.000000 0.569011
2983.000000 0.416810
2984.000000 0.745217
2985.000000 0.642645
2986.000000 0.637751
2987.000000 0.602119
2988.000000 0.611042
2989.000000 0.425622
2990.000000 0.681343
2991.000000 0.427896
2992.000000 0.458289
2993.000000 0.715328
2994.000000 0.615171
2995.000000 0.538477
2996.000000 0.510378
2997.000000 0.500028
2998.000000 0.688763
2999.000000 0.330047
3000.000000 0.639171
