10.000000 0.042724
20.000000 0.246737
30.000000 0.048511
40.000000 0.272077
50.000000 0.105408
60.000000 0.139209
70.000000 0.239510
80.000000 0.120690
90.000000 0.053971
100.000000 0.083929
110.000000 0.156729
120.000000 0.028894
130.000000 0.144608
140.000000 0.243503
150.000000 0.183640
160.000000 0.229958
170.000000 0.236409
180.000000 0.059418
190.000000 0.102409
200.000000 0.101748
210.000000 0.153082
220.000000 0.137672
230.000000 0.251051
240.000000 0.112450
250.000000 0.176564
260.000000 0.215773
270.000000 0.191033
280.000000 0.126667
290.000000 0.136277
300.000000 0.057975
310.000000 0.135876
320.000000 0.144527
330.000000 0.221434
340.000000 0.175627
350.000000 0.039373
360.000000 0.092665
370.000000 0.167483
380.000000 0.124207
390.000000 0.180821
400.000000 0.334276
410.000000 0.162209
420.000000 0.109140
430.000000 0.155250
440.000000 0.229243
450.000000 0.093260
460.000000 0.247432
470.000000 0.029363
480.000000 0.079320
490.000000 0.101091
500.000000 0.065994
510.000000 0.168714
520.000000 0.206571
530.000000 0.250006
540.000000 0.257410
550.000000 0.196997
560.000000 0.334074
570.000000 0.347341
580.000000 0.015422
590.000000 0.099297
600.000000 0.308269
610.000000 0.160324
620.000000 0.128622
630.000000 0.029732
640.000000 0.066372
650.000000 0.124294
660.000000 0.317971
670.000000 0.050496
680.000000 0.162621
690.000000 0.041586
700.000000 0.302950
710.000000 0.026836
720.000000 0.225501
730.000000 0.263081
740.000000 0.080193
750.000000 0.059720
760.000000 0.050611
770.000000 0.187738
780.000000 0.044741
790.000000 0.139449
800.000000 0.168484
810.000000 0.086058
820.000000 0.188581
830.000000 0.065465
840.000000 0.068839
850.000000 0.110617
860.000000 0.203216
870.000000 0.186630
880.000000 0.082406
890.000000 0.098924
900.000000 0.179395
910.000000 0.162287
920.000000 0.039843
930.000000 0.145828
940.000000 0.149293
950.000000 0.006692
960.000000 0.038369
970.000000 0.095547
980.000000 0.258164
990.000000 0.158907
1000.000000 0.098415
