10.000000 0.128150
20.000000 0.021932
30.000000 0.118881
40.000000 0.200079
50.000000 0.064885
60.000000 0.114622
70.000000 0.095090
80.000000 0.046601
90.000000 0.049156
100.000000 0.087237
110.000000 0.214498
120.000000 0.160362
130.000000 0.065829
140.000000 0.037888
150.000000 0.144677
160.000000 0.048862
170.000000 0.024133
180.000000 0.106985
190.000000 0.086783
200.000000 0.135735
210.000000 0.011393
220.000000 0.257510
230.000000 0.173630
240.000000 0.052523
250.000000 0.071972
260.000000 0.215141
270.000000 0.118667
280.000000 0.112970
290.000000 0.141531
300.000000 0.288481
310.000000 0.123123
320.000000 0.240392
330.000000 0.110140
340.000000 0.067270
350.000000 0.074618
360.000000 0.139188
370.000000 0.071174
380.000000 0.135336
390.000000 0.128553
400.000000 0.082097
410.000000 0.290659
420.000000 0.244962
430.000000 0.089017
440.000000 0.156914
450.000000 0.238212
460.000000 0.179204
470.000000 0.063229
480.000000 0.169863
490.000000 0.121706
500.000000 0.148197
510.000000 0.016718
520.000000 0.047483
530.000000 0.250075
540.000000 0.075230
550.000000 0.114002
560.000000 0.167012
570.000000 0.057811
580.000000 0.143717
590.000000 0.096987
600.000000 0.154560
610.000000 0.105021
620.000000 0.050274
630.000000 0.154863
640.000000 0.271427
650.000000 0.036888
660.000000 0.063307
670.000000 0.045948
680.000000 0.168649
690.000000 0.112717
700.000000 0.088582
710.000000 0.150132
720.000000 0.104342
730.000000 0.119431
740.000000 0.131682
750.000000 0.253917
760.000000 0.146197
770.000000 0.274010
780.000000 0.163898
790.000000 0.145423
800.000000 0.084565
810.000000 0.124498
820.000000 0.189216
830.000000 0.159169
840.000000 0.202947
850.000000 0.033015
860.000000 0.198487
870.000000 0.119180
880.000000 0.017946
890.000000 0.136950
900.000000 0.186870
910.000000 0.232499
920.000000 0.059704
930.000000 0.086022
940.000000 0.192899
950.000000 0.194931
960.000000 0.078563
970.000000 0.194956
980.000000 0.068953
990.000000 0.140427
1000.000000 0.078365
