10.000000 0.309478
20.000000 0.281151
30.000000 0.458907
40.000000 0.294610
50.000000 0.623969
60.000000 0.540349
70.000000 0.208338
80.000000 0.292673
90.000000 0.177098
100.000000 0.304924
110.000000 0.411910
120.000000 0.219364
130.000000 0.364141
140.000000 0.395347
150.000000 0.116196
160.000000 0.514246
170.000000 0.571106
180.000000 0.220314
190.000000 0.381955
200.000000 0.140100
210.000000 0.067203
220.000000 0.197037
230.000000 0.251864
240.000000 0.389526
250.000000 0.570368
260.000000 0.235256
270.000000 0.518833
280.000000 0.114209
290.000000 0.737964
300.000000 0.479997
310.000000 0.532303
320.000000 0.413447
330.000000 0.407927
340.000000 0.279569
350.000000 0.326495
360.000000 0.343228
370.000000 0.536677
380.000000 0.319734
390.000000 0.401597
400.000000 0.239677
410.000000 0.389483
420.000000 0.381235
430.000000 0.285706
440.000000 0.317031
450.000000 0.333207
460.000000 0.288638
470.000000 0.582674
480.000000 0.188201
490.000000 0.297121
500.000000 0.165125
510.000000 0.430960
520.000000 0.146930
530.000000 0.262405
540.000000 0.491956
550.000000 0.297465
560.000000 0.345384
570.000000 0.253819
580.000000 0.210482
590.000000 0.227606
600.000000 0.385009
610.000000 0.588575
620.000000 0.319079
630.000000 0.358210
640.000000 0.454816
650.000000 0.570431
660.000000 0.389839
670.000000 0.211309
680.000000 0.185554
690.000000 0.446978
700.000000 0.472031
710.000000 0.093488
720.000000 0.310722
730.000000 0.348961
740.000000 0.467178
750.000000 0.466037
760.000000 0.321360
770.000000 0.430046
780.000000 0.671955
790.000000 0.479925
800.000000 0.382614
810.000000 0.351479
820.000000 0.067322
830.000000 0.445577
840.000000 0.309512
850.000000 0.436419
860.000000 0.487302
870.000000 0.391142
880.000000 0.540353
890.000000 0.280569
900.000000 0.340935
910.000000 0.201941
920.000000 0.466427
930.000000 0.124446
940.000000 0.399242
950.000000 0.170106
960.000000 0.392230
970.000000 0.369602
980.000000 0.317211
990.000000 0.499981
1000.000000 0.324551
