10.000000 0.096795
20.000000 0.231800
30.000000 0.133642
40.000000 0.136394
50.000000 0.150998
60.000000 0.027757
70.000000 0.125727
80.000000 0.276659
90.000000 0.320292
100.000000 0.168719
110.000000 0.201716
120.000000 0.148833
130.000000 0.168652
140.000000 0.182885
150.000000 0.181456
160.000000 0.070825
170.000000 0.130114
180.000000 0.137801
190.000000 0.159037
200.000000 0.154401
210.000000 0.181645
220.000000 0.037856
230.000000 0.143905
240.000000 0.170885
250.000000 0.085347
260.000000 0.092239
270.000000 0.116623
280.000000 0.119324
290.000000 0.106769
300.000000 0.124992
310.000000 0.091247
320.000000 0.217613
330.000000 0.256954
340.000000 0.184537
350.000000 0.248653
360.000000 0.093304
370.000000 0.141916
380.000000 0.074100
390.000000 0.054748
400.000000 0.193773
410.000000 0.121665
420.000000 0.084658
430.000000 0.065361
440.000000 0.183489
450.000000 0.159065
460.000000 0.170081
470.000000 0.127193
480.000000 0.039919
490.000000 0.094197
500.000000 0.161128
510.000000 0.145548
520.000000 0.144539
530.000000 0.323006
540.000000 0.114814
550.000000 0.145651
560.000000 0.200813
570.000000 0.085361
580.000000 0.050339
590.000000 0.087484
600.000000 0.036067
610.000000 0.057892
620.000000 0.189652
630.000000 0.042010
640.000000 0.021047
650.000000 0.103689
660.000000 0.101211
670.000000 0.098519
680.000000 0.088711
690.000000 0.062693
700.000000 0.009307
710.000000 0.114203
720.000000 0.060733
730.000000 0.118612
740.000000 0.024323
750.000000 0.145717
760.000000 0.076170
770.000000 0.061297
780.000000 0.089275
790.000000 0.218695
800.000000 0.179385
810.000000 0.153842
820.000000 0.061710
830.000000 0.213790
840.000000 0.089422
850.000000 0.183083
860.000000 0.088527
870.000000 0.062739
880.000000 0.125083
890.000000 0.203326
900.000000 0.044480
910.000000 0.071051
920.000000 0.055336
930.000000 0.227408
940.000000 0.058227
950.000000 0.154131
960.000000 0.057559
970.000000 0.090408
980.000000 0.076696
990.000000 0.053492
1000.000000 0.072656
