10.000000 0.129727
20.000000 0.117320
30.000000 0.043679
40.000000 0.052903
50.000000 0.081843
60.000000 0.085017
70.000000 0.310098
80.000000 0.074967
90.000000 0.023785
100.000000 0.196988
110.000000 0.197774
120.000000 0.066869
130.000000 0.135585
140.000000 0.145931
150.000000 0.284863
160.000000 0.047183
170.000000 0.071206
180.000000 0.081096
190.000000 0.054199
200.000000 0.229634
210.000000 0.127876
220.000000 0.039537
230.000000 0.223274
240.000000 0.086960
250.000000 0.051018
260.000000 0.013571
270.000000 0.252894
280.000000 0.111788
290.000000 0.175370
300.000000 0.265770
310.000000 0.203262
320.000000 0.088873
330.000000 0.103767
340.000000 0.071028
350.000000 0.118306
360.000000 0.198761
370.000000 0.068110
380.000000 0.022328
390.000000 0.149057
400.000000 0.251806
410.000000 0.196339
420.000000 0.141685
430.000000 0.167797
440.000000 0.104343
450.000000 0.090759
460.000000 0.368493
470.000000 0.171946
480.000000 0.145163
490.000000 0.203345
500.000000 0.068513
510.000000 0.113501
520.000000 0.287695
530.000000 0.055165
540.000000 0.200521
550.000000 0.059387
560.000000 0.250368
570.000000 0.059699
580.000000 0.229484
590.000000 0.178093
600.000000 0.175882
610.000000 0.231437
620.000000 0.048755
630.000000 0.096258
640.000000 0.230420
650.000000 0.048938
660.000000 0.196434
670.000000 0.065232
680.000000 0.212012
690.000000 0.124043
700.000000 0.192899
710.000000 0.268914
720.000000 0.208183
730.000000 0.261155
740.000000 0.303601
750.000000 0.079214
760.000000 0.045215
770.000000 0.236018
780.000000 0.118638
790.000000 0.021390
800.000000 0.100558
810.000000 0.151142
820.000000 0.171836
830.000000 0.163381
840.000000 0.070764
850.000000 0.352100
860.000000 0.152943
870.000000 0.158734
880.000000 0.140399
890.000000 0.185115
900.000000 0.197075
910.000000 0.162447
920.000000 0.097490
930.000000 0.087596
940.000000 0.016048
950.000000 0.027354
960.000000 0.024959
970.000000 0.377740
980.000000 0.196041
990.000000 0.085508
1000.000000 0.190314
