10.000000 0.394601
20.000000 0.151170
30.000000 0.140361
40.000000 0.422563
50.000000 0.269702
60.000000 0.264626
70.000000 0.091819
80.000000 0.382409
90.000000 0.345620
100.000000 0.170422
110.000000 0.215018
120.000000 0.163738
130.000000 0.209896
140.000000 0.117586
150.000000 0.206237
160.000000 0.279725
170.000000 0.146389
180.000000 0.045067
190.000000 0.172461
200.000000 0.167050
210.000000 0.062043
220.000000 0.155118
230.000000 0.258190
240.000000 0.361619
250.000000 0.485479
260.000000 0.057196
270.000000 0.269247
280.000000 0.147326
290.000000 0.449596
300.000000 0.111289
310.000000 0.320772
320.000000 0.137361
330.000000 0.318778
340.000000 0.154345
350.000000 0.512929
360.000000 0.188461
370.000000 0.299669
380.000000 0.399250
390.000000 0.193548
400.000000 0.111942
410.000000 0.212004
420.000000 0.300687
430.000000 0.137336
440.000000 0.209165
450.000000 0.116690
460.000000 0.167076
470.000000 0.190978
480.000000 0.430078
490.000000 0.119295
500.000000 0.295283
510.000000 0.259411
520.000000 0.270923
530.000000 0.104419
540.000000 0.177157
550.000000 0.016869
560.000000 0.119921
570.000000 0.045539
580.000000 0.215384
590.000000 0.123035
600.000000 0.318630
610.000000 0.190825
620.000000 0.189112
630.000000 0.481667
640.000000 0.526572
650.000000 0.314804
660.000000 0.216320
670.000000 0.121955
680.000000 0.095859
690.000000 0.198015
700.000000 0.340899
710.000000 0.212257
720.000000 0.105084
730.000000 0.184029
740.000000 0.370553
750.000000 0.268891
760.000000 0.365286
770.000000 0.056310
780.000000 0.374942
790.000000 0.318560
800.000000 0.305510
810.000000 0.270641
820.000000 0.329618
830.000000 0.105731
840.000000 0.525464
850.000000 0.098697
860.000000 0.335559
870.000000 0.160196
880.000000 0.522185
890.000000 0.264703
900.000000 0.248115
910.000000 0.283563
920.000000 0.095860
930.000000 0.378425
940.000000 0.447166
950.000000 0.331806
960.000000 0.202041
970.000000 0.381883
980.000000 0.147752
990.000000 0.192837
1000.000000 0.365035
