0.000000 0.245707
1.000000 0.322276
2.000000 0.097303
3.000000 0.282115
4.000000 0.220260
5.000000 0.075195
6.000000 0.295205
7.000000 0.093395
8.000000 0.209922
9.000000 0.375175
10.000000 0.412756
11.000000 0.158708
12.000000 0.412117
13.000000 0.112450
14.000000 0.467868
15.000000 0.424238
16.000000 0.295935
17.000000 0.148392
18.000000 0.101098
19.000000 0.067184
20.000000 0.041770
21.000000 0.402407
22.000000 0.259057
23.000000 0.281437
24.000000 0.313084
25.000000 0.200521
26.000000 0.215498
27.000000 0.191572
28.000000 0.238937
29.000000 0.430221
30.000000 0.100692
31.000000 0.155291
32.000000 0.202692
33.000000 0.052286
34.000000 0.216594
35.000000 0.288966
36.000000 0.225579
37.000000 0.292351
38.000000 0.299719
39.000000 0.380874
40.000000 0.369950
41.000000 0.417063
42.000000 0.080171
43.000000 0.168747
44.000000 0.349795
45.000000 0.409096
46.000000 0.245326
47.000000 0.263089
48.000000 0.073101
49.000000 0.134440
50.000000 0.314559
51.000000 0.117060
52.000000 0.189195
53.000000 0.272779
54.000000 0.125090
55.000000 0.423983
56.000000 0.060179
57.000000 0.141437
58.000000 0.394222
59.000000 0.299466
60.000000 0.173326
61.000000 0.149959
62.000000 0.173500
63.000000 0.233542
64.000000 0.233610
65.000000 0.095786
66.000000 0.223318
67.000000 0.286633
68.000000 0.043400
69.000000 0.295473
70.000000 0.156718
71.000000 0.303694
72.000000 0.348496
73.000000 0.341926
74.000000 0.374146
75.000000 0.096228
76.000000 0.155698
77.000000 0.066246
78.000000 0.292565
79.000000 0.370191
80.000000 0.115447
81.000000 0.349006
82.000000 0.392646
83.000000 0.098620
84.000000 0.180522
85.000000 0.172498
86.000000 0.296252
87.000000 0.193326
88.000000 0.064799
89.000000 0.046539
90.000000 0.182264
91.000000 0.154553
92.000000 0.436308
93.000000 0.146521
94.000000 0.191831
95.000000 0.518372
96.000000 0.227209
97.000000 0.399882
98.000000 0.158313
99.000000 0.369638
100.000000 0.392045
101.000000 0.101345
102.000000 0.389483
103.000000 0.205208
104.000000 0.110687
105.000000 0.210883
106.000000 0.396349
107.000000 0.395357
108.000000 0.391329
109.000000 0.124879
110.000000 0.172950
111.000000 0.198898
112.000000 0.061494
113.000000 0.289991
114.000000 0.318840
115.000000 0.177177
116.000000 0.107285
117.000000 0.018949
118.000000 0.111416
119.000000 0.110909
120.000000 0.453425
121.000000 0.268811
122.000000 0.088766
123.000000 0.275754
124.000000 0.356616
125.000000 0.116615
126.000000 0.307851
127.000000 0.447797
128.000000 0.166445
129.000000 0.266271
130.000000 0.172255
131.000000 0.307895
132.000000 0.220371
133.000000 0.115994
134.000000 0.218437
135.000000 0.128183
136.000000 0.240930
137.000000 0.170793
138.000000 0.065925
139.000000 0.226786
140.000000 0.215461
141.000000 0.176661
142.000000 0.368075
143.000000 0.161270
144.000000 0.364247
145.000000 0.283263
146.000000 0.363089
147.000000 0.230213
148.000000 0.224708
149.000000 0.149273
150.000000 0.317063
151.000000 0.147384
152.000000 0.498550
153.000000 0.253574
154.000000 0.192964
155.000000 0.184039
156.000000 0.140268
157.000000 0.320556
158.000000 0.304421
159.000000 0.029440
160.000000 0.280413
161.000000 0.149733
162.000000 0.097211
163.000000 0.170966
164.000000 0.522895
165.000000 0.132436
166.000000 0.372358
167.000000 0.267680
168.000000 0.327093
169.000000 0.364963
170.000000 0.195996
171.000000 0.266925
172.000000 0.085925
173.000000 0.048744
174.000000 0.228792
175.000000 0.152942
176.000000 0.173321
177.000000 0.236434
178.000000 0.098016
179.000000 0.376945
180.000000 0.142016
181.000000 0.171387
182.000000 0.104632
183.000000 0.142341
184.000000 0.113856
185.000000 0.207829
186.000000 0.209326
187.000000 0.017998
188.000000 0.015422
189.000000 0.123523
190.000000 0.275318
191.000000 0.566266
192.000000 0.316669
193.000000 0.151293
194.000000 0.330462
195.000000 0.247912
196.000000 0.483675
197.000000 0.106054
198.000000 0.138803
199.000000 0.265270
200.000000 0.089093
201.000000 0.328008
202.000000 0.086681
203.000000 0.308119
204.000000 0.158706
205.000000 0.394198
206.000000 0.130644
207.000000 0.479451
208.000000 0.484473
209.000000 0.268912
210.000000 0.287008
211.000000 0.050405
212.000000 0.115836
213.000000 0.073436
214.000000 0.306387
215.000000 0.152349
216.000000 0.226253
217.000000 0.305207
218.000000 0.233952
219.000000 0.403362
220.000000 0.054703
221.000000 0.113782
222.000000 0.460064
223.000000 0.284412
224.000000 0.103498
225.000000 0.154012
226.000000 0.071802
227.000000 0.204442
228.000000 0.244286
229.000000 0.257443
230.000000 0.259861
231.000000 0.114923
232.000000 0.219993
233.000000 0.232033
234.000000 0.308233
235.000000 0.155205
236.000000 0.247597
237.000000 0.254160
238.000000 0.206749
239.000000 0.392270
240.000000 0.159751
241.000000 0.243367
242.000000 0.294027
243.000000 0.286037
244.000000 0.458158
245.000000 0.207923
246.000000 0.257252
247.000000 0.110680
248.000000 0.222296
249.000000 0.469371
250.000000 0.120462
251.000000 0.316573
252.000000 0.239469
253.000000 0.407051
254.000000 0.282621
255.000000 0.453000
256.000000 0.056849
257.000000 0.245509
258.000000 0.154543
259.000000 0.235147
260.000000 0.461780
261.000000 0.186279
262.000000 0.234688
263.000000 0.205429
264.000000 0.133254
265.000000 0.446927
266.000000 0.027134
267.000000 0.154982
268.000000 0.094247
269.000000 0.249341
270.000000 0.452348
271.000000 0.551616
272.000000 0.276224
273.000000 0.326576
274.000000 0.047691
275.000000 0.278055
276.000000 0.126716
277.000000 0.244720
278.000000 0.170672
279.000000 0.267538
280.000000 0.280184
281.000000 0.272478
282.000000 0.119526
283.000000 0.261088
284.000000 0.301627
285.000000 0.183833
286.000000 0.162821
287.000000 0.378713
288.000000 0.247302
289.000000 0.162334
290.000000 0.108106
291.000000 0.220928
292.000000 0.286361
293.000000 0.344818
294.000000 0.260476
295.000000 0.224792
296.000000 0.323721
297.000000 0.137461
298.000000 0.284335
299.000000 0.328109
300.000000 0.256640
301.000000 0.345374
302.000000 0.535931
303.000000 0.198212
304.000000 0.086547
305.000000 0.163840
306.000000 0.159848
307.000000 0.180759
308.000000 0.095377
309.000000 0.038451
310.000000 0.313270
311.000000 0.114361
312.000000 0.161866
313.000000 0.176550
314.000000 0.107762
315.000000 0.291944
316.000000 0.041266
317.000000 0.197566
318.000000 0.106596
319.000000 0.472752
320.000000 0.171617
321.000000 0.226960
322.000000 0.064792
323.000000 0.089210
324.000000 0.478694
325.000000 0.193470
326.000000 0.443140
327.000000 0.152063
328.000000 0.272986
329.000000 0.362112
330.000000 0.355104
331.000000 0.022586
332.000000 0.240697
333.000000 0.197008
334.000000 0.181800
335.000000 0.451224
336.000000 0.296912
337.000000 0.177004
338.000000 0.217394
339.000000 0.146788
340.000000 0.233323
341.000000 0.293900
342.000000 0.156263
343.000000 0.207086
344.000000 0.276900
345.000000 0.148291
346.000000 0.346288
347.000000 0.119205
348.000000 0.131268
349.000000 0.270574
350.000000 0.051994
351.000000 0.160724
352.000000 0.072919
353.000000 0.189127
354.000000 0.120927
355.000000 0.181466
356.000000 0.171539
357.000000 0.207079
358.000000 0.261216
359.000000 0.385574
360.000000 0.243670
361.000000 0.529333
362.000000 0.202519
363.000000 0.146085
364.000000 0.269319
365.000000 0.329922
366.000000 0.534897
367.000000 0.237285
368.000000 0.273025
369.000000 0.327019
370.000000 0.051495
371.000000 0.063291
372.000000 0.192006
373.000000 0.273542
374.000000 0.346424
375.000000 0.224097
376.000000 0.416014
377.000000 0.297783
378.000000 0.319677
379.000000 0.267375
380.000000 0.045122
381.000000 0.087879
382.000000 0.296120
383.000000 0.210776
384.000000 0.225123
385.000000 0.275800
386.000000 0.094747
387.000000 0.276673
388.000000 0.283676
389.000000 0.090953
390.000000 0.184482
391.000000 0.171819
392.000000 0.196996
393.000000 0.250124
394.000000 0.453009
395.000000 0.173151
396.000000 0.028107
397.000000 0.460910
398.000000 0.197981
399.000000 0.306645
400.000000 0.418381
401.000000 0.106945
402.000000 0.211962
403.000000 0.248557
404.000000 0.205871
405.000000 0.216640
406.000000 0.535000
407.000000 0.270825
408.000000 0.224329
409.000000 0.189665
410.000000 0.075774
411.000000 0.023913
412.000000 0.337064
413.000000 0.298831
414.000000 0.471545
415.000000 0.236001
416.000000 0.298598
417.000000 0.211452
418.000000 0.231291
419.000000 0.587747
420.000000 0.084231
421.000000 0.106765
422.000000 0.080398
423.000000 0.196722
424.000000 0.335788
425.000000 0.122163
426.000000 0.338935
427.000000 0.322045
428.000000 0.170315
429.000000 0.159208
430.000000 0.531955
431.000000 0.122841
432.000000 0.398717
433.000000 0.041548
434.000000 0.260542
435.000000 0.227829
436.000000 0.319580
437.000000 0.123165
438.000000 0.135570
439.000000 0.100544
440.000000 0.160413
441.000000 0.189625
442.000000 0.337899
443.000000 0.288734
444.000000 0.215698
445.000000 0.208114
446.000000 0.194215
447.000000 0.338652
448.000000 0.093950
449.000000 0.133098
450.000000 0.250356
451.000000 0.218869
452.000000 0.226951
453.000000 0.228373
454.000000 0.214236
455.000000 0.411342
456.000000 0.279747
457.000000 0.366681
458.000000 0.091816
459.000000 0.258156
460.000000 0.260761
461.000000 0.225696
462.000000 0.173006
463.000000 0.529514
464.000000 0.266571
465.000000 0.501699
466.000000 0.280498
467.000000 0.389239
468.000000 0.124191
469.000000 0.546660
470.000000 0.202183
471.000000 0.143477
472.000000 0.087000
473.000000 0.132903
474.000000 0.221765
475.000000 0.165729
476.000000 0.478054
477.000000 0.092717
478.000000 0.147179
479.000000 0.597748
480.000000 0.202192
481.000000 0.427473
482.000000 0.192284
483.000000 0.345587
484.000000 0.397635
485.000000 0.281473
486.000000 0.055803
487.000000 0.230815
488.000000 0.391401
489.000000 0.450598
490.000000 0.372389
491.000000 0.198435
492.000000 0.183606
493.000000 0.392170
494.000000 0.052408
495.000000 0.507969
496.000000 0.240327
497.000000 0.505295
498.000000 0.212284
499.000000 0.090142
500.000000 0.145625
501.000000 0.295613
502.000000 0.144373
503.000000 0.064392
504.000000 0.309764
505.000000 0.016496
506.000000 0.221880
507.000000 0.146057
508.000000 0.162535
509.000000 0.061980
510.000000 0.294533
511.000000 0.396830
512.000000 0.181790
513.000000 0.087112
514.000000 0.286665
515.000000 0.358670
516.000000 0.189339
517.000000 0.422068
518.000000 0.303754
519.000000 0.146763
520.000000 0.175639
521.000000 0.351420
522.000000 0.348628
523.000000 0.072368
524.000000 0.307591
525.000000 0.017342
526.000000 0.249212
527.000000 0.150068
528.000000 0.147940
529.000000 0.367538
530.000000 0.325647
531.000000 0.247642
532.000000 0.250583
533.000000 0.165104
534.000000 0.053765
535.000000 0.124637
536.000000 0.114903
537.000000 0.122696
538.000000 0.406041
539.000000 0.300561
540.000000 0.217894
541.000000 0.149847
542.000000 0.239190
543.000000 0.183965
544.000000 0.291654
545.000000 0.044870
546.000000 0.288566
547.000000 0.461870
548.000000 0.259069
549.000000 0.200121
550.000000 0.473196
551.000000 0.240755
552.000000 0.093174
553.000000 0.292477
554.000000 0.161256
555.000000 0.385079
556.000000 0.026712
557.000000 0.333090
558.000000 0.282878
559.000000 0.091899
560.000000 0.227868
561.000000 0.146760
562.000000 0.069103
563.000000 0.439667
564.000000 0.370286
565.000000 0.343181
566.000000 0.477739
567.000000 0.330131
568.000000 0.141178
569.000000 0.341651
570.000000 0.156027
571.000000 0.175465
572.000000 0.404362
573.000000 0.164794
574.000000 0.356750
575.000000 0.522272
576.000000 0.203612
577.000000 0.060547
578.000000 0.210348
579.000000 0.177252
580.000000 0.247627
581.000000 0.201084
582.000000 0.152016
583.000000 0.238320
584.000000 0.116790
585.000000 0.225606
586.000000 0.322846
587.000000 0.391063
588.000000 0.310794
589.000000 0.553914
590.000000 0.260541
591.000000 0.319543
592.000000 0.154520
593.000000 0.271614
594.000000 0.074940
595.000000 0.295943
596.000000 0.173898
597.000000 0.048160
598.000000 0.223003
599.000000 0.077719
600.000000 0.227733
601.000000 0.021478
602.000000 0.159012
603.000000 0.257157
604.000000 0.101638
605.000000 0.320869
606.000000 0.089322
607.000000 0.103122
608.000000 0.244235
609.000000 0.059806
610.000000 0.419333
611.000000 0.183765
612.000000 0.040428
613.000000 0.147670
614.000000 0.334668
615.000000 0.189467
616.000000 0.262018
617.000000 0.258288
618.000000 0.135104
619.000000 0.156450
620.000000 0.113207
621.000000 0.450847
622.000000 0.106588
623.000000 0.315960
624.000000 0.485979
625.000000 0.195884
626.000000 0.527934
627.000000 0.171427
628.000000 0.116856
629.000000 0.251089
630.000000 0.222395
631.000000 0.205301
632.000000 0.116403
633.000000 0.382929
634.000000 0.121501
635.000000 0.089444
636.000000 0.252404
637.000000 0.127477
638.000000 0.311288
639.000000 0.164323
640.000000 0.191706
641.000000 0.318129
642.000000 0.190425
643.000000 0.381147
644.000000 0.356124
645.000000 0.185353
646.000000 0.087620
647.000000 0.067958
648.000000 0.297019
649.000000 0.263647
650.000000 0.306340
651.000000 0.181711
652.000000 0.314895
653.000000 0.248494
654.000000 0.302701
655.000000 0.440408
656.000000 0.147373
657.000000 0.299244
658.000000 0.042321
659.000000 0.458603
660.000000 0.233687
661.000000 0.170400
662.000000 0.151885
663.000000 0.286670
664.000000 0.388142
665.000000 0.310398
666.000000 0.220019
667.000000 0.127281
668.000000 0.171283
669.000000 0.342656
670.000000 0.068754
671.000000 0.134844
672.000000 0.108662
673.000000 0.149546
674.000000 0.257435
675.000000 0.117932
676.000000 0.073384
677.000000 0.228815
678.000000 0.237795
679.000000 0.163139
680.000000 0.198025
681.000000 0.209097
682.000000 0.222501
683.000000 0.283761
684.000000 0.333224
685.000000 0.149831
686.000000 0.034109
687.000000 0.226556
688.000000 0.204572
689.000000 0.086164
690.000000 0.381439
691.000000 0.093248
692.000000 0.271056
693.000000 0.220302
694.000000 0.352673
695.000000 0.162624
696.000000 0.287246
697.000000 0.291055
698.000000 0.271476
699.000000 0.340687
700.000000 0.397098
701.000000 0.209179
702.000000 0.106654
703.000000 0.349483
704.000000 0.105362
705.000000 0.103730
706.000000 0.240386
707.000000 0.204745
708.000000 0.362123
709.000000 0.072075
710.000000 0.421980
711.000000 0.133737
712.000000 0.296259
713.000000 0.117531
714.000000 0.219675
715.000000 0.420903
716.000000 0.312342
717.000000 0.225853
718.000000 0.189677
719.000000 0.253996
720.000000 0.060073
721.000000 0.262661
722.000000 0.126040
723.000000 0.226665
724.000000 0.116399
725.000000 0.137201
726.000000 0.487989
727.000000 0.313688
728.000000 0.238237
729.000000 0.262684
730.000000 0.399888
731.000000 0.454454
732.000000 0.240210
733.000000 0.046042
734.000000 0.229625
735.000000 0.071407
736.000000 0.303539
737.000000 0.249849
738.000000 0.315857
739.000000 0.275490
740.000000 0.174417
741.000000 0.431358
742.000000 0.426155
743.000000 0.276261
744.000000 0.578398
745.000000 0.191055
746.000000 0.138006
747.000000 0.169296
748.000000 0.072275
749.000000 0.230190
750.000000 0.381704
751.000000 0.279353
752.000000 0.286994
753.000000 0.083184
754.000000 0.391015
755.000000 0.172590
756.000000 0.055796
757.000000 0.109364
758.000000 0.201759
759.000000 0.124746
760.000000 0.387727
761.000000 0.170900
762.000000 0.287952
763.000000 0.163665
764.000000 0.353763
765.000000 0.249250
766.000000 0.308375
767.000000 0.215968
768.000000 0.144974
769.000000 0.102520
770.000000 0.191897
771.000000 0.097838
772.000000 0.114540
773.000000 0.394852
774.000000 0.086962
775.000000 0.186513
776.000000 0.200779
777.000000 0.141101
778.000000 0.015357
779.000000 0.175376
780.000000 0.215417
781.000000 0.177237
782.000000 0.208897
783.000000 0.138996
784.000000 0.491691
785.000000 0.128640
786.000000 0.308262
787.000000 0.203953
788.000000 0.358429
789.000000 0.088825
790.000000 0.328374
791.000000 0.153342
792.000000 0.161709
793.000000 0.425454
794.000000 0.381259
795.000000 0.187623
796.000000 0.152291
797.000000 0.103439
798.000000 0.126316
799.000000 0.113910
800.000000 0.339796
801.000000 0.303356
802.000000 0.094784
803.000000 0.284144
804.000000 0.302247
805.000000 0.503700
806.000000 0.220705
807.000000 0.209560
808.000000 0.272952
809.000000 0.128118
810.000000 0.221030
811.000000 0.137606
812.000000 0.135599
813.000000 0.111154
814.000000 0.132574
815.000000 0.322892
816.000000 0.185794
817.000000 0.299891
818.000000 0.152402
819.000000 0.159868
820.000000 0.227018
821.000000 0.184359
822.000000 0.127245
823.000000 0.178485
824.000000 0.130897
825.000000 0.261699
826.000000 0.473092
827.000000 0.138684
828.000000 0.411268
829.000000 0.318077
830.000000 0.297097
831.000000 0.254288
832.000000 0.217731
833.000000 0.118454
834.000000 0.298487
835.000000 0.147090
836.000000 0.187340
837.000000 0.069360
838.000000 0.171671
839.000000 0.053795
840.000000 0.394461
841.000000 0.386197
842.000000 0.118280
843.000000 0.083997
844.000000 0.177176
845.000000 0.389460
846.000000 0.313498
847.000000 0.247343
848.000000 0.203265
849.000000 0.254513
850.000000 0.136612
851.000000 0.320113
852.000000 0.196622
853.000000 0.084434
854.000000 0.128533
855.000000 0.251766
856.000000 0.138068
857.000000 0.276383
858.000000 0.305134
859.000000 0.113302
860.000000 0.472288
861.000000 0.119021
862.000000 0.206755
863.000000 0.175768
864.000000 0.271651
865.000000 0.195384
866.000000 0.447124
867.000000 0.116412
868.000000 0.091275
869.000000 0.179042
870.000000 0.157367
871.000000 0.455568
872.000000 0.317002
873.000000 0.536547
874.000000 0.426540
875.000000 0.266247
876.000000 0.502233
877.000000 0.349510
878.000000 0.377616
879.000000 0.264288
880.000000 0.041905
881.000000 0.158555
882.000000 0.171363
883.000000 0.211649
884.000000 0.583257
885.000000 0.066919
886.000000 0.066463
887.000000 0.160953
888.000000 0.361860
889.000000 0.416858
890.000000 0.127753
891.000000 0.173152
892.000000 0.303062
893.000000 0.294299
894.000000 0.160760
895.000000 0.124260
896.000000 0.170548
897.000000 0.050549
898.000000 0.199946
899.000000 0.421184
900.000000 0.021924
901.000000 0.271001
902.000000 0.294992
903.000000 0.404456
904.000000 0.115696
905.000000 0.323689
906.000000 0.361368
907.000000 0.278457
908.000000 0.186006
909.000000 0.339200
910.000000 0.189826
911.000000 0.170089
912.000000 0.197318
913.000000 0.268788
914.000000 0.213495
915.000000 0.048077
916.000000 0.518707
917.000000 0.136265
918.000000 0.131792
919.000000 0.127228
920.000000 0.170231
921.000000 0.331192
922.000000 0.085866
923.000000 0.111102
924.000000 0.108401
925.000000 0.114454
926.000000 0.141026
927.000000 0.221044
928.000000 0.325026
929.000000 0.253141
930.000000 0.132410
931.000000 0.321143
932.000000 0.065505
933.000000 0.051858
934.000000 0.202560
935.000000 0.182236
936.000000 0.089785
937.000000 0.299286
938.000000 0.185193
939.000000 0.350226
940.000000 0.168782
941.000000 0.367048
942.000000 0.064900
943.000000 0.176498
944.000000 0.368803
945.000000 0.134754
946.000000 0.352013
947.000000 0.120347
948.000000 0.402663
949.000000 0.303960
950.000000 0.407401
951.000000 0.250377
952.000000 0.177907
953.000000 0.199308
954.000000 0.074269
955.000000 0.210362
956.000000 0.260919
957.000000 0.196814
958.000000 0.294320
959.000000 0.342656
960.000000 0.169851
961.000000 0.261249
962.000000 0.306948
963.000000 0.290924
964.000000 0.420033
965.000000 0.149391
966.000000 0.118257
967.000000 0.238220
968.000000 0.081488
969.000000 0.142260
970.000000 0.190916
971.000000 0.429468
972.000000 0.322898
973.000000 0.147417
974.000000 0.291986
975.000000 0.093235
976.000000 0.396687
977.000000 0.110452
978.000000 0.275974
979.000000 0.046376
980.000000 0.214087
981.000000 0.249313
982.000000 0.262729
983.000000 0.298868
984.000000 0.457367
985.000000 0.314855
986.000000 0.178572
987.000000 0.153244
988.000000 0.174951
989.000000 0.265236
990.000000 0.166393
991.000000 0.301383
992.000000 0.068844
993.000000 0.342055
994.000000 0.235380
995.000000 0.302370
996.000000 0.229316
997.000000 0.238620
998.000000 0.091373
999.000000 0.020355
1000.000000 0.327107
1001.000000 0.302075
1002.000000 0.324685
1003.000000 0.168015
1004.000000 0.257865
1005.000000 0.044702
1006.000000 0.169059
1007.000000 0.176222
1008.000000 0.151940
1009.000000 0.142191
1010.000000 0.214087
1011.000000 0.084651
1012.000000 0.066893
1013.000000 0.158640
1014.000000 0.215541
1015.000000 0.129721
1016.000000 0.088084
1017.000000 0.116900
1018.000000 0.302865
1019.000000 0.185943
1020.000000 0.093575
1021.000000 0.100141
1022.000000 0.147719
1023.000000 0.136842
1024.000000 0.076879
1025.000000 0.255712
1026.000000 0.021037
1027.000000 0.210964
1028.000000 0.109013
1029.000000 0.261365
1030.000000 0.341466
1031.000000 0.257749
1032.000000 0.245194
1033.000000 0.327102
1034.000000 0.283101
1035.000000 0.116388
1036.000000 0.181348
1037.000000 0.291418
1038.000000 0.150913
1039.000000 0.140506
1040.000000 0.117470
1041.000000 0.197023
1042.000000 0.246531
1043.000000 0.092514
1044.000000 0.160644
1045.000000 0.434263
1046.000000 0.197560
1047.000000 0.305489
1048.000000 0.316950
1049.000000 0.263433
1050.000000 0.225676
1051.000000 0.190820
1052.000000 0.209496
1053.000000 0.207271
1054.000000 0.254950
1055.000000 0.131854
1056.000000 0.114684
1057.000000 0.280203
1058.000000 0.096667
1059.000000 0.210901
1060.000000 0.018644
1061.000000 0.282965
1062.000000 0.077928
1063.000000 0.065234
1064.000000 0.192270
1065.000000 0.173719
1066.000000 0.099560
1067.000000 0.374120
1068.000000 0.152104
1069.000000 0.435252
1070.000000 0.111002
1071.000000 0.145436
1072.000000 0.211457
1073.000000 0.115569
1074.000000 0.194167
1075.000000 0.125568
1076.000000 0.124946
1077.000000 0.242065
1078.000000 0.086367
1079.000000 0.123205
1080.000000 0.249077
1081.000000 0.349473
1082.000000 0.151482
1083.000000 0.102745
1084.000000 0.377598
1085.000000 0.154687
1086.000000 0.073059
1087.000000 0.118316
1088.000000 0.173546
1089.000000 0.385526
1090.000000 0.193686
1091.000000 0.264580
1092.000000 0.170041
1093.000000 0.413038
1094.000000 0.218050
1095.000000 0.234229
1096.000000 0.260084
1097.000000 0.150219
1098.000000 0.155763
1099.000000 0.377582
1100.000000 0.154925
1101.000000 0.245799
1102.000000 0.223780
1103.000000 0.152930
1104.000000 0.121918
1105.000000 0.476847
1106.000000 0.240656
1107.000000 0.105856
1108.000000 0.249998
1109.000000 0.253007
1110.000000 0.085403
1111.000000 0.104379
1112.000000 0.370837
1113.000000 0.293942
1114.000000 0.103551
1115.000000 0.214544
1116.000000 0.189326
1117.000000 0.071338
1118.000000 0.125149
1119.000000 0.249338
1120.000000 0.158782
1121.000000 0.334151
1122.000000 0.045883
1123.000000 0.086473
1124.000000 0.255378
1125.000000 0.096922
1126.000000 0.175011
1127.000000 0.195091
1128.000000 0.288077
1129.000000 0.117595
1130.000000 0.300036
1131.000000 0.124031
1132.000000 0.364200
1133.000000 0.108847
1134.000000 0.114209
1135.000000 0.158118
1136.000000 0.148591
1137.000000 0.443762
1138.000000 0.219468
1139.000000 0.170646
1140.000000 0.243293
1141.000000 0.173608
1142.000000 0.304558
1143.000000 0.464998
1144.000000 0.134812
1145.000000 0.182067
1146.000000 0.088738
1147.000000 0.138090
1148.000000 0.484405
1149.000000 0.158380
1150.000000 0.138710
1151.000000 0.148379
1152.000000 0.057421
1153.000000 0.101777
1154.000000 0.196204
1155.000000 0.042819
1156.000000 0.206053
1157.000000 0.144261
1158.000000 0.171869
1159.000000 0.320246
1160.000000 0.281690
1161.000000 0.061528
1162.000000 0.184768
1163.000000 0.220726
1164.000000 0.304920
1165.000000 0.197146
1166.000000 0.333263
1167.000000 0.177620
1168.000000 0.053444
1169.000000 0.171223
1170.000000 0.183062
1171.000000 0.145907
1172.000000 0.113616
1173.000000 0.260202
1174.000000 0.127175
1175.000000 0.285868
1176.000000 0.013923
1177.000000 0.075010
1178.000000 0.115760
1179.000000 0.202158
1180.000000 0.123243
1181.000000 0.131040
1182.000000 0.254380
1183.000000 0.226655
1184.000000 0.013308
1185.000000 0.366746
1186.000000 0.104484
1187.000000 0.225980
1188.000000 0.194809
1189.000000 0.278247
1190.000000 0.313366
1191.000000 0.273412
1192.000000 0.288125
1193.000000 0.417287
1194.000000 0.182778
1195.000000 0.161267
1196.000000 0.027787
1197.000000 0.161565
1198.000000 0.141103
1199.000000 0.165935
1200.000000 0.433987
1201.000000 0.168070
1202.000000 0.251984
1203.000000 0.149732
1204.000000 0.186759
1205.000000 0.365261
1206.000000 0.100159
1207.000000 0.377670
1208.000000 0.183022
1209.000000 0.185183
1210.000000 0.210476
1211.000000 0.162395
1212.000000 0.459618
1213.000000 0.364590
1214.000000 0.358918
1215.000000 0.127530
1216.000000 0.044176
1217.000000 0.475741
1218.000000 0.247138
1219.000000 0.414195
1220.000000 0.083489
1221.000000 0.363597
1222.000000 0.193722
1223.000000 0.227993
1224.000000 0.197295
1225.000000 0.385416
1226.000000 0.234164
1227.000000 0.052357
1228.000000 0.128149
1229.000000 0.209412
1230.000000 0.151087
1231.000000 0.175729
1232.000000 0.352592
1233.000000 0.112478
1234.000000 0.060955
1235.000000 0.319770
1236.000000 0.242519
1237.000000 0.296681
1238.000000 0.103473
1239.000000 0.132789
1240.000000 0.422527
1241.000000 0.106194
1242.000000 0.258136
1243.000000 0.333095
1244.000000 0.237349
1245.000000 0.240594
1246.000000 0.307088
1247.000000 0.187672
1248.000000 0.284240
1249.000000 0.233068
1250.000000 0.169019
1251.000000 0.314716
1252.000000 0.207884
1253.000000 0.188355
1254.000000 0.223044
1255.000000 0.083054
1256.000000 0.264767
1257.000000 0.217928
1258.000000 0.111462
1259.000000 0.156615
1260.000000 0.161954
1261.000000 0.243769
1262.000000 0.510535
1263.000000 0.477794
1264.000000 0.057246
1265.000000 0.287601
1266.000000 0.242832
1267.000000 0.336053
1268.000000 0.113462
1269.000000 0.345328
1270.000000 0.321465
1271.000000 0.142109
1272.000000 0.272088
1273.000000 0.275743
1274.000000 0.380575
1275.000000 0.243361
1276.000000 0.290248
1277.000000 0.244133
1278.000000 0.297827
1279.000000 0.215552
1280.000000 0.024922
1281.000000 0.261966
1282.000000 0.168122
1283.000000 0.069072
1284.000000 0.161470
1285.000000 0.219277
1286.000000 0.187966
1287.000000 0.198665
1288.000000 0.522682
1289.000000 0.203141
1290.000000 0.116095
1291.000000 0.130885
1292.000000 0.205483
1293.000000 0.319332
1294.000000 0.196787
1295.000000 0.359980
1296.000000 0.242437
1297.000000 0.212234
1298.000000 0.337297
1299.000000 0.291704
1300.000000 0.303049
1301.000000 0.270686
1302.000000 0.292735
1303.000000 0.235675
1304.000000 0.323416
1305.000000 0.404282
1306.000000 0.077876
1307.000000 0.220610
1308.000000 0.172281
1309.000000 0.030269
1310.000000 0.186883
1311.000000 0.183560
1312.000000 0.080906
1313.000000 0.319545
1314.000000 0.347311
1315.000000 0.129220
1316.000000 0.202160
1317.000000 0.190233
1318.000000 0.151409
1319.000000 0.251790
1320.000000 0.158292
1321.000000 0.287927
1322.000000 0.218477
1323.000000 0.170754
1324.000000 0.238154
1325.000000 0.309861
1326.000000 0.200320
1327.000000 0.274671
1328.000000 0.272617
1329.000000 0.227254
1330.000000 0.228790
1331.000000 0.029008
1332.000000 0.371229
1333.000000 0.067139
1334.000000 0.224567
1335.000000 0.470739
1336.000000 0.152602
1337.000000 0.098027
1338.000000 0.272105
1339.000000 0.463071
1340.000000 0.321121
1341.000000 0.221801
1342.000000 0.159991
1343.000000 0.276449
1344.000000 0.182193
1345.000000 0.106120
1346.000000 0.501563
1347.000000 0.062258
1348.000000 0.137901
1349.000000 0.149783
1350.000000 0.278854
1351.000000 0.300017
1352.000000 0.195805
1353.000000 0.073059
1354.000000 0.167401
1355.000000 0.232356
1356.000000 0.037414
1357.000000 0.264461
1358.000000 0.140563
1359.000000 0.048083
1360.000000 0.244766
1361.000000 0.275784
1362.000000 0.122385
1363.000000 0.102371
1364.000000 0.135015
1365.000000 0.350375
1366.000000 0.215801
1367.000000 0.103799
1368.000000 0.291216
1369.000000 0.150665
1370.000000 0.133372
1371.000000 0.060679
1372.000000 0.159696
1373.000000 0.276575
1374.000000 0.281646
1375.000000 0.067069
1376.000000 0.420930
1377.000000 0.335656
1378.000000 0.117693
1379.000000 0.125774
1380.000000 0.081408
1381.000000 0.213232
1382.000000 0.358442
1383.000000 0.375015
1384.000000 0.226604
1385.000000 0.425395
1386.000000 0.442766
1387.000000 0.151807
1388.000000 0.118170
1389.000000 0.061695
1390.000000 0.209312
1391.000000 0.175954
1392.000000 0.235731
1393.000000 0.210052
1394.000000 0.278247
1395.000000 0.118946
1396.000000 0.186373
1397.000000 0.095084
1398.000000 0.323319
1399.000000 0.210364
1400.000000 0.103393
1401.000000 0.468557
1402.000000 0.244262
1403.000000 0.321896
1404.000000 0.409962
1405.000000 0.112186
1406.000000 0.244062
1407.000000 0.114402
1408.000000 0.119219
1409.000000 0.061441
1410.000000 0.388216
1411.000000 0.190008
1412.000000 0.071491
1413.000000 0.337867
1414.000000 0.156626
1415.000000 0.345692
1416.000000 0.225847
1417.000000 0.144446
1418.000000 0.326270
1419.000000 0.015227
1420.000000 0.133120
1421.000000 0.420230
1422.000000 0.254340
1423.000000 0.244393
1424.000000 0.166792
1425.000000 0.172484
1426.000000 0.110661
1427.000000 0.119129
1428.000000 0.225467
1429.000000 0.347766
1430.000000 0.190239
1431.000000 0.217450
1432.000000 0.305317
1433.000000 0.227058
1434.000000 0.252916
1435.000000 0.163536
1436.000000 0.212654
1437.000000 0.314904
1438.000000 0.187649
1439.000000 0.263807
1440.000000 0.270369
1441.000000 0.338430
1442.000000 0.084736
1443.000000 0.338295
1444.000000 0.147952
1445.000000 0.350778
1446.000000 0.089504
1447.000000 0.277444
1448.000000 0.190356
1449.000000 0.447338
1450.000000 0.076340
1451.000000 0.069278
1452.000000 0.314221
1453.000000 0.215320
1454.000000 0.398709
1455.000000 0.341498
1456.000000 0.095609
1457.000000 0.263918
1458.000000 0.215588
1459.000000 0.173232
1460.000000 0.250581
1461.000000 0.419987
1462.000000 0.164688
1463.000000 0.092605
1464.000000 0.073172
1465.000000 0.185693
1466.000000 0.454852
1467.000000 0.101270
1468.000000 0.418541
1469.000000 0.166346
1470.000000 0.243580
1471.000000 0.176458
1472.000000 0.050292
1473.000000 0.616266
1474.000000 0.242754
1475.000000 0.161082
1476.000000 0.453094
1477.000000 0.153932
1478.000000 0.187371
1479.000000 0.115897
1480.000000 0.102765
1481.000000 0.190576
1482.000000 0.255368
1483.000000 0.190935
1484.000000 0.298381
1485.000000 0.162480
1486.000000 0.061154
1487.000000 0.307608
1488.000000 0.327991
1489.000000 0.384492
1490.000000 0.090881
1491.000000 0.186243
1492.000000 0.298751
1493.000000 0.222865
1494.000000 0.256042
1495.000000 0.569645
1496.000000 0.417681
1497.000000 0.252462
1498.000000 0.146333
1499.000000 0.299693
1500.000000 0.221202
1501.000000 0.169618
1502.000000 0.321545
1503.000000 0.514591
1504.000000 0.284944
1505.000000 0.166974
1506.000000 0.346400
1507.000000 0.131057
1508.000000 0.243695
1509.000000 0.054762
1510.000000 0.255359
1511.000000 0.177696
1512.000000 0.321798
1513.000000 0.042391
1514.000000 0.053346
1515.000000 0.340288
1516.000000 0.154050
1517.000000 0.378487
1518.000000 0.382800
1519.000000 0.295353
1520.000000 0.351808
1521.000000 0.323865
1522.000000 0.123295
1523.000000 0.138972
1524.000000 0.065307
1525.000000 0.244575
1526.000000 0.267535
1527.000000 0.080855
1528.000000 0.258602
1529.000000 0.068352
1530.000000 0.119614
1531.000000 0.403147
1532.000000 0.183097
1533.000000 0.254194
1534.000000 0.135575
1535.000000 0.288969
1536.000000 0.050976
1537.000000 0.121009
1538.000000 0.136469
1539.000000 0.099874
1540.000000 0.418734
1541.000000 0.275519
1542.000000 0.257424
1543.000000 0.322824
1544.000000 0.290717
1545.000000 0.155127
1546.000000 0.056985
1547.000000 0.248899
1548.000000 0.282725
1549.000000 0.179185
1550.000000 0.175542
1551.000000 0.399459
1552.000000 0.111956
1553.000000 0.401819
1554.000000 0.056399
1555.000000 0.147755
1556.000000 0.263886
1557.000000 0.269785
1558.000000 0.110524
1559.000000 0.176715
1560.000000 0.238118
1561.000000 0.394594
1562.000000 0.263637
1563.000000 0.274867
1564.000000 0.166837
1565.000000 0.257448
1566.000000 0.092668
1567.000000 0.127672
1568.000000 0.361589
1569.000000 0.159199
1570.000000 0.222124
1571.000000 0.150080
1572.000000 0.392606
1573.000000 0.417986
1574.000000 0.183454
1575.000000 0.121543
1576.000000 0.112031
1577.000000 0.308079
1578.000000 0.167650
1579.000000 0.153990
1580.000000 0.463358
1581.000000 0.161324
1582.000000 0.221553
1583.000000 0.136305
1584.000000 0.194537
1585.000000 0.101912
1586.000000 0.062884
1587.000000 0.289057
1588.000000 0.314934
1589.000000 0.240896
1590.000000 0.109611
1591.000000 0.227576
1592.000000 0.263011
1593.000000 0.183714
1594.000000 0.174633
1595.000000 0.234271
1596.000000 0.266754
1597.000000 0.208503
1598.000000 0.238737
1599.000000 0.129280
1600.000000 0.253079
1601.000000 0.142169
1602.000000 0.293046
1603.000000 0.202162
1604.000000 0.186469
1605.000000 0.171139
1606.000000 0.379149
1607.000000 0.105805
1608.000000 0.153445
1609.000000 0.137097
1610.000000 0.277948
1611.000000 0.382190
1612.000000 0.268468
1613.000000 0.071694
1614.000000 0.391227
1615.000000 0.211494
1616.000000 0.136091
1617.000000 0.300917
1618.000000 0.220112
1619.000000 0.339064
1620.000000 0.492691
1621.000000 0.369520
1622.000000 0.060445
1623.000000 0.366568
1624.000000 0.273670
1625.000000 0.214770
1626.000000 0.177836
1627.000000 0.236043
1628.000000 0.203784
1629.000000 0.209192
1630.000000 0.206086
1631.000000 0.295662
1632.000000 0.184437
1633.000000 0.239418
1634.000000 0.151942
1635.000000 0.206597
1636.000000 0.269120
1637.000000 0.064188
1638.000000 0.325468
1639.000000 0.137767
1640.000000 0.088460
1641.000000 0.083763
1642.000000 0.251671
1643.000000 0.168784
1644.000000 0.319784
1645.000000 0.259259
1646.000000 0.312254
1647.000000 0.342767
1648.000000 0.415309
1649.000000 0.303767
1650.000000 0.049890
1651.000000 0.259208
1652.000000 0.502489
1653.000000 0.044819
1654.000000 0.082220
1655.000000 0.163197
1656.000000 0.437895
1657.000000 0.303070
1658.000000 0.288225
1659.000000 0.408046
1660.000000 0.140127
1661.000000 0.094715
1662.000000 0.268239
1663.000000 0.200639
1664.000000 0.165098
1665.000000 0.316782
1666.000000 0.142189
1667.000000 0.271565
1668.000000 0.373653
1669.000000 0.121437
1670.000000 0.104832
1671.000000 0.112780
1672.000000 0.343037
1673.000000 0.232199
1674.000000 0.122603
1675.000000 0.251327
1676.000000 0.280661
1677.000000 0.133964
1678.000000 0.155152
1679.000000 0.223099
1680.000000 0.103151
1681.000000 0.098802
1682.000000 0.238505
1683.000000 0.153877
1684.000000 0.305003
1685.000000 0.108408
1686.000000 0.022136
1687.000000 0.208346
1688.000000 0.364291
1689.000000 0.322540
1690.000000 0.125551
1691.000000 0.023535
1692.000000 0.558503
1693.000000 0.169836
1694.000000 0.113342
1695.000000 0.353296
1696.000000 0.172925
1697.000000 0.025682
1698.000000 0.145113
1699.000000 0.175285
1700.000000 0.414775
1701.000000 0.154960
1702.000000 0.177690
1703.000000 0.313333
1704.000000 0.172108
1705.000000 0.055381
1706.000000 0.193704
1707.000000 0.255612
1708.000000 0.285454
1709.000000 0.310701
1710.000000 0.220245
1711.000000 0.152747
1712.000000 0.082258
1713.000000 0.151327
1714.000000 0.414353
1715.000000 0.375217
1716.000000 0.103951
1717.000000 0.188221
1718.000000 0.074229
1719.000000 0.088369
1720.000000 0.117252
1721.000000 0.258468
1722.000000 0.217587
1723.000000 0.217557
1724.000000 0.149965
1725.000000 0.161841
1726.000000 0.424831
1727.000000 0.058171
1728.000000 0.334378
1729.000000 0.238758
1730.000000 0.124426
1731.000000 0.191222
1732.000000 0.090238
1733.000000 0.443496
1734.000000 0.338932
1735.000000 0.183741
1736.000000 0.210490
1737.000000 0.276588
1738.000000 0.240948
1739.000000 0.197971
1740.000000 0.253009
1741.000000 0.189816
1742.000000 0.347451
1743.000000 0.275164
1744.000000 0.115674
1745.000000 0.172943
1746.000000 0.366647
1747.000000 0.260376
1748.000000 0.203349
1749.000000 0.239628
1750.000000 0.169289
1751.000000 0.470411
1752.000000 0.046086
1753.000000 0.258604
1754.000000 0.186698
1755.000000 0.075342
1756.000000 0.184000
1757.000000 0.072099
1758.000000 0.385819
1759.000000 0.123762
1760.000000 0.344943
1761.000000 0.119578
1762.000000 0.123711
1763.000000 0.336255
1764.000000 0.117416
1765.000000 0.244039
1766.000000 0.217736
1767.000000 0.166776
1768.000000 0.428181
1769.000000 0.119579
1770.000000 0.212019
1771.000000 0.323860
1772.000000 0.214751
1773.000000 0.145494
1774.000000 0.187159
1775.000000 0.140515
1776.000000 0.207643
1777.000000 0.333135
1778.000000 0.294767
1779.000000 0.315159
1780.000000 0.240027
1781.000000 0.107690
1782.000000 0.272759
1783.000000 0.286429
1784.000000 0.242122
1785.000000 0.237494
1786.000000 0.243641
1787.000000 0.360868
1788.000000 0.139635
1789.000000 0.287480
1790.000000 0.151117
1791.000000 0.239489
1792.000000 0.219993
1793.000000 0.210203
1794.000000 0.206550
1795.000000 0.206938
1796.000000 0.141758
1797.000000 0.575001
1798.000000 0.253145
1799.000000 0.221284
1800.000000 0.511533
1801.000000 0.177002
1802.000000 0.362749
1803.000000 0.381121
1804.000000 0.327670
1805.000000 0.235843
1806.000000 0.253066
1807.000000 0.320524
1808.000000 0.335280
1809.000000 0.144964
1810.000000 0.089057
1811.000000 0.304676
1812.000000 0.483630
1813.000000 0.128534
1814.000000 0.033855
1815.000000 0.053243
1816.000000 0.196669
1817.000000 0.253184
1818.000000 0.155098
1819.000000 0.100827
1820.000000 0.177519
1821.000000 0.181263
1822.000000 0.291945
1823.000000 0.367988
1824.000000 0.200333
1825.000000 0.040690
1826.000000 0.093218
1827.000000 0.060242
1828.000000 0.172080
1829.000000 0.364212
1830.000000 0.315832
1831.000000 0.177141
1832.000000 0.211400
1833.000000 0.148560
1834.000000 0.348654
1835.000000 0.465883
1836.000000 0.225657
1837.000000 0.230655
1838.000000 0.240371
1839.000000 0.269132
1840.000000 0.342584
1841.000000 0.055678
1842.000000 0.355576
1843.000000 0.205549
1844.000000 0.644291
1845.000000 0.354124
1846.000000 0.058633
1847.000000 0.251172
1848.000000 0.204079
1849.000000 0.437067
1850.000000 0.317124
1851.000000 0.268133
1852.000000 0.134649
1853.000000 0.209126
1854.000000 0.184734
1855.000000 0.446217
1856.000000 0.275517
1857.000000 0.514804
1858.000000 0.135073
1859.000000 0.381467
1860.000000 0.072272
1861.000000 0.395031
1862.000000 0.154594
1863.000000 0.221586
1864.000000 0.055032
1865.000000 0.252500
1866.000000 0.287761
1867.000000 0.039261
1868.000000 0.084922
1869.000000 0.178550
1870.000000 0.174339
1871.000000 0.255344
1872.000000 0.127152
1873.000000 0.133299
1874.000000 0.064076
1875.000000 0.204004
1876.000000 0.187905
1877.000000 0.473903
1878.000000 0.344161
1879.000000 0.226119
1880.000000 0.189793
1881.000000 0.333985
1882.000000 0.351750
1883.000000 0.232631
1884.000000 0.189259
1885.000000 0.370865
1886.000000 0.097765
1887.000000 0.074256
1888.000000 0.268349
1889.000000 0.360017
1890.000000 0.429435
1891.000000 0.095379
1892.000000 0.402873
1893.000000 0.325887
1894.000000 0.263613
1895.000000 0.087504
1896.000000 0.194260
1897.000000 0.127679
1898.000000 0.104158
1899.000000 0.335887
1900.000000 0.286651
1901.000000 0.464253
1902.000000 0.102063
1903.000000 0.370043
1904.000000 0.028114
1905.000000 0.333351
1906.000000 0.234851
1907.000000 0.220618
1908.000000 0.222173
1909.000000 0.091703
1910.000000 0.067610
1911.000000 0.205645
1912.000000 0.277869
1913.000000 0.313682
1914.000000 0.267685
1915.000000 0.232549
1916.000000 0.239723
1917.000000 0.406376
1918.000000 0.397460
1919.000000 0.270619
1920.000000 0.171262
1921.000000 0.060755
1922.000000 0.255550
1923.000000 0.218612
1924.000000 0.114674
1925.000000 0.310273
1926.000000 0.250651
1927.000000 0.251832
1928.000000 0.305836
1929.000000 0.025880
1930.000000 0.147354
1931.000000 0.218573
1932.000000 0.487186
1933.000000 0.354557
1934.000000 0.155973
1935.000000 0.266232
1936.000000 0.044320
1937.000000 0.402809
1938.000000 0.065020
1939.000000 0.026295
1940.000000 0.292706
1941.000000 0.258742
1942.000000 0.339214
1943.000000 0.353579
1944.000000 0.195383
1945.000000 0.134025
1946.000000 0.456660
1947.000000 0.100027
1948.000000 0.321378
1949.000000 0.105839
1950.000000 0.242690
1951.000000 0.289761
1952.000000 0.184876
1953.000000 0.166221
1954.000000 0.067788
1955.000000 0.157165
1956.000000 0.167086
1957.000000 0.238562
1958.000000 0.415296
1959.000000 0.087088
1960.000000 0.066696
1961.000000 0.258040
1962.000000 0.488075
1963.000000 0.274848
1964.000000 0.390782
1965.000000 0.163695
1966.000000 0.223727
1967.000000 0.196261
1968.000000 0.130337
1969.000000 0.319192
1970.000000 0.331121
1971.000000 0.362352
1972.000000 0.181911
1973.000000 0.065958
1974.000000 0.045750
1975.000000 0.352883
1976.000000 0.357323
1977.000000 0.264988
1978.000000 0.046218
1979.000000 0.247592
1980.000000 0.348868
1981.000000 0.156497
1982.000000 0.092290
1983.000000 0.338804
1984.000000 0.186357
1985.000000 0.411037
1986.000000 0.499161
1987.000000 0.284708
1988.000000 0.436941
1989.000000 0.143913
1990.000000 0.188880
1991.000000 0.328313
1992.000000 0.191468
1993.000000 0.148643
1994.000000 0.284202
1995.000000 0.241841
1996.000000 0.283166
1997.000000 0.288571
1998.000000 0.253811
1999.000000 0.191304
2000.000000 0.329296
2001.000000 0.148763
2002.000000 0.020841
2003.000000 0.267256
2004.000000 0.174011
2005.000000 0.045662
2006.000000 0.352995
2007.000000 0.314427
2008.000000 0.276260
2009.000000 0.080526
2010.000000 0.285616
2011.000000 0.195422
2012.000000 0.392671
2013.000000 0.111573
2014.000000 0.385183
2015.000000 0.155240
2016.000000 0.505871
2017.000000 0.147568
2018.000000 0.031587
2019.000000 0.353343
2020.000000 0.270215
2021.000000 0.297895
2022.000000 0.627601
2023.000000 0.196259
2024.000000 0.528116
2025.000000 0.325780
2026.000000 0.167918
2027.000000 0.114423
2028.000000 0.243831
2029.000000 0.311771
2030.000000 0.281440
2031.000000 0.343800
2032.000000 0.418414
2033.000000 0.265044
2034.000000 0.262745
2035.000000 0.249648
2036.000000 0.292734
2037.000000 0.373629
2038.000000 0.368304
2039.000000 0.278319
2040.000000 0.438899
2041.000000 0.201575
2042.000000 0.422299
2043.000000 0.217119
2044.000000 0.378609
2045.000000 0.347345
2046.000000 0.230273
2047.000000 0.241636
2048.000000 0.284065
2049.000000 0.468589
2050.000000 0.390481
2051.000000 0.403113
2052.000000 0.174058
2053.000000 0.188514
2054.000000 0.192770
2055.000000 0.186925
2056.000000 0.092579
2057.000000 0.093598
2058.000000 0.326966
2059.000000 0.360885
2060.000000 0.117999
2061.000000 0.289321
2062.000000 0.185973
2063.000000 0.225286
2064.000000 0.148517
2065.000000 0.151790
2066.000000 0.131287
2067.000000 0.262721
2068.000000 0.255870
2069.000000 0.107854
2070.000000 0.304921
2071.000000 0.458477
2072.000000 0.169756
2073.000000 0.389698
2074.000000 0.071140
2075.000000 0.132188
2076.000000 0.472951
2077.000000 0.062976
2078.000000 0.165498
2079.000000 0.222182
2080.000000 0.202734
2081.000000 0.244165
2082.000000 0.073306
2083.000000 0.152017
2084.000000 0.173580
2085.000000 0.055248
2086.000000 0.348410
2087.000000 0.326598
2088.000000 0.105028
2089.000000 0.082282
2090.000000 0.348466
2091.000000 0.417341
2092.000000 0.199814
2093.000000 0.028697
2094.000000 0.150959
2095.000000 0.218041
2096.000000 0.254697
2097.000000 0.287925
2098.000000 0.387223
2099.000000 0.176437
2100.000000 0.101508
2101.000000 0.390651
2102.000000 0.366011
2103.000000 0.375354
2104.000000 0.284280
2105.000000 0.139719
2106.000000 0.333233
2107.000000 0.245463
2108.000000 0.059110
2109.000000 0.278915
2110.000000 0.082324
2111.000000 0.324299
2112.000000 0.363067
2113.000000 0.401478
2114.000000 0.415498
2115.000000 0.349869
2116.000000 0.109871
2117.000000 0.556256
2118.000000 0.050660
2119.000000 0.069970
2120.000000 0.356125
2121.000000 0.234569
2122.000000 0.294478
2123.000000 0.207997
2124.000000 0.210876
2125.000000 0.216917
2126.000000 0.146335
2127.000000 0.329869
2128.000000 0.045591
2129.000000 0.402988
2130.000000 0.065460
2131.000000 0.468046
2132.000000 0.210339
2133.000000 0.144639
2134.000000 0.160854
2135.000000 0.314691
2136.000000 0.290313
2137.000000 0.109017
2138.000000 0.088551
2139.000000 0.201153
2140.000000 0.251051
2141.000000 0.311821
2142.000000 0.254529
2143.000000 0.172656
2144.000000 0.098714
2145.000000 0.107559
2146.000000 0.195541
2147.000000 0.158732
2148.000000 0.040595
2149.000000 0.303961
2150.000000 0.179920
2151.000000 0.330919
2152.000000 0.134346
2153.000000 0.441474
2154.000000 0.403284
2155.000000 0.373042
2156.000000 0.144372
2157.000000 0.444746
2158.000000 0.380057
2159.000000 0.196065
2160.000000 0.379608
2161.000000 0.312035
2162.000000 0.267734
2163.000000 0.321151
2164.000000 0.241347
2165.000000 0.143022
2166.000000 0.207825
2167.000000 0.239641
2168.000000 0.130209
2169.000000 0.216780
2170.000000 0.229034
2171.000000 0.125832
2172.000000 0.268263
2173.000000 0.088312
2174.000000 0.349860
2175.000000 0.294443
2176.000000 0.183957
2177.000000 0.133129
2178.000000 0.150514
2179.000000 0.327717
2180.000000 0.206850
2181.000000 0.415072
2182.000000 0.200260
2183.000000 0.109533
2184.000000 0.233990
2185.000000 0.467255
2186.000000 0.386842
2187.000000 0.071367
2188.000000 0.198270
2189.000000 0.204867
2190.000000 0.162711
2191.000000 0.392898
2192.000000 0.364588
2193.000000 0.044183
2194.000000 0.162082
2195.000000 0.255277
2196.000000 0.535850
2197.000000 0.365599
2198.000000 0.356565
2199.000000 0.471425
2200.000000 0.533350
2201.000000 0.305813
2202.000000 0.385746
2203.000000 0.225845
2204.000000 0.336397
2205.000000 0.378966
2206.000000 0.117056
2207.000000 0.458832
2208.000000 0.071961
2209.000000 0.099510
2210.000000 0.215261
2211.000000 0.225956
2212.000000 0.160171
2213.000000 0.137612
2214.000000 0.189281
2215.000000 0.152515
2216.000000 0.072715
2217.000000 0.187258
2218.000000 0.386552
2219.000000 0.436290
2220.000000 0.259926
2221.000000 0.422575
2222.000000 0.375705
2223.000000 0.326138
2224.000000 0.385885
2225.000000 0.267006
2226.000000 0.249111
2227.000000 0.172230
2228.000000 0.124076
2229.000000 0.385117
2230.000000 0.421284
2231.000000 0.084639
2232.000000 0.169848
2233.000000 0.254344
2234.000000 0.213610
2235.000000 0.111142
2236.000000 0.076332
2237.000000 0.057113
2238.000000 0.118861
2239.000000 0.346185
2240.000000 0.535026
2241.000000 0.050788
2242.000000 0.241571
2243.000000 0.180979
2244.000000 0.348632
2245.000000 0.261852
2246.000000 0.122138
2247.000000 0.096887
2248.000000 0.166758
2249.000000 0.369060
2250.000000 0.277168
2251.000000 0.295979
2252.000000 0.547216
2253.000000 0.161172
2254.000000 0.134349
2255.000000 0.266919
2256.000000 0.224633
2257.000000 0.290235
2258.000000 0.092055
2259.000000 0.144961
2260.000000 0.217570
2261.000000 0.303125
2262.000000 0.102843
2263.000000 0.393244
2264.000000 0.194151
2265.000000 0.199725
2266.000000 0.283952
2267.000000 0.111320
2268.000000 0.128907
2269.000000 0.376991
2270.000000 0.184343
2271.000000 0.418480
2272.000000 0.145632
2273.000000 0.162605
2274.000000 0.466524
2275.000000 0.184515
2276.000000 0.304660
2277.000000 0.262383
2278.000000 0.165199
2279.000000 0.405289
2280.000000 0.125531
2281.000000 0.404552
2282.000000 0.236132
2283.000000 0.186000
2284.000000 0.143585
2285.000000 0.086985
2286.000000 0.073746
2287.000000 0.108692
2288.000000 0.257712
2289.000000 0.214465
2290.000000 0.242964
2291.000000 0.197615
2292.000000 0.141937
2293.000000 0.211198
2294.000000 0.127061
2295.000000 0.121899
2296.000000 0.436480
2297.000000 0.373281
2298.000000 0.321930
2299.000000 0.206932
2300.000000 0.370593
2301.000000 0.168150
2302.000000 0.182079
2303.000000 0.036653
2304.000000 0.084383
2305.000000 0.090248
2306.000000 0.293157
2307.000000 0.220802
2308.000000 0.327947
2309.000000 0.039131
2310.000000 0.046066
2311.000000 0.175326
2312.000000 0.227145
2313.000000 0.185217
2314.000000 0.211351
2315.000000 0.130939
2316.000000 0.159834
2317.000000 0.195330
2318.000000 0.242987
2319.000000 0.158813
2320.000000 0.025588
2321.000000 0.053703
2322.000000 0.330016
2323.000000 0.281489
2324.000000 0.301663
2325.000000 0.352627
2326.000000 0.226698
2327.000000 0.138306
2328.000000 0.127799
2329.000000 0.210696
2330.000000 0.130095
2331.000000 0.604211
2332.000000 0.121608
2333.000000 0.333743
2334.000000 0.217822
2335.000000 0.271377
2336.000000 0.203771
2337.000000 0.218985
2338.000000 0.272282
2339.000000 0.490585
2340.000000 0.458330
2341.000000 0.182939
2342.000000 0.237557
2343.000000 0.147821
2344.000000 0.260419
2345.000000 0.307609
2346.000000 0.279231
2347.000000 0.169335
2348.000000 0.265347
2349.000000 0.116867
2350.000000 0.105130
2351.000000 0.172592
2352.000000 0.201956
2353.000000 0.224667
2354.000000 0.114671
2355.000000 0.027165
2356.000000 0.314280
2357.000000 0.145580
2358.000000 0.147107
2359.000000 0.152473
2360.000000 0.155208
2361.000000 0.087476
2362.000000 0.095447
2363.000000 0.070419
2364.000000 0.416438
2365.000000 0.234225
2366.000000 0.351552
2367.000000 0.147250
2368.000000 0.278721
2369.000000 0.184590
2370.000000 0.257182
2371.000000 0.403928
2372.000000 0.461722
2373.000000 0.015182
2374.000000 0.182088
2375.000000 0.147557
2376.000000 0.195667
2377.000000 0.176473
2378.000000 0.232478
2379.000000 0.261682
2380.000000 0.333001
2381.000000 0.255077
2382.000000 0.359044
2383.000000 0.254674
2384.000000 0.308789
2385.000000 0.184437
2386.000000 0.414146
2387.000000 0.171857
2388.000000 0.128909
2389.000000 0.147671
2390.000000 0.162188
2391.000000 0.330345
2392.000000 0.340086
2393.000000 0.058045
2394.000000 0.142705
2395.000000 0.203848
2396.000000 0.113156
2397.000000 0.089213
2398.000000 0.214537
2399.000000 0.265042
2400.000000 0.171553
2401.000000 0.122294
2402.000000 0.378979
2403.000000 0.446279
2404.000000 0.123671
2405.000000 0.290496
2406.000000 0.363723
2407.000000 0.304944
2408.000000 0.213298
2409.000000 0.313339
2410.000000 0.234339
2411.000000 0.325895
2412.000000 0.117417
2413.000000 0.348335
2414.000000 0.415614
2415.000000 0.102525
2416.000000 0.134239
2417.000000 0.299629
2418.000000 0.367870
2419.000000 0.359207
2420.000000 0.205104
2421.000000 0.151527
2422.000000 0.301998
2423.000000 0.281543
2424.000000 0.106571
2425.000000 0.448270
2426.000000 0.243693
2427.000000 0.262912
2428.000000 0.260486
2429.000000 0.323401
2430.000000 0.298832
2431.000000 0.150712
2432.000000 0.194818
2433.000000 0.350001
2434.000000 0.020209
2435.000000 0.329814
2436.000000 0.088029
2437.000000 0.321305
2438.000000 0.238355
2439.000000 0.409625
2440.000000 0.219172
2441.000000 0.188059
2442.000000 0.126103
2443.000000 0.166802
2444.000000 0.105636
2445.000000 0.219396
2446.000000 0.396753
2447.000000 0.200428
2448.000000 0.157384
2449.000000 0.459211
2450.000000 0.190855
2451.000000 0.134886
2452.000000 0.141786
2453.000000 0.251060
2454.000000 0.023883
2455.000000 0.116260
2456.000000 0.133033
2457.000000 0.315723
2458.000000 0.169450
2459.000000 0.138398
2460.000000 0.263774
2461.000000 0.464864
2462.000000 0.197201
2463.000000 0.320431
2464.000000 0.111633
2465.000000 0.152049
2466.000000 0.123104
2467.000000 0.160735
2468.000000 0.177211
2469.000000 0.034537
2470.000000 0.190416
2471.000000 0.260278
2472.000000 0.400039
2473.000000 0.261382
2474.000000 0.500117
2475.000000 0.244457
2476.000000 0.166627
2477.000000 0.086128
2478.000000 0.253082
2479.000000 0.150628
2480.000000 0.261266
2481.000000 0.092309
2482.000000 0.176019
2483.000000 0.158843
2484.000000 0.163289
2485.000000 0.278112
2486.000000 0.345406
2487.000000 0.222296
2488.000000 0.333246
2489.000000 0.249145
2490.000000 0.347873
2491.000000 0.373008
2492.000000 0.156936
2493.000000 0.189548
2494.000000 0.458442
2495.000000 0.543884
2496.000000 0.297979
2497.000000 0.550457
2498.000000 0.167200
2499.000000 0.142931
2500.000000 0.207368
2501.000000 0.245858
2502.000000 0.120472
2503.000000 0.297956
2504.000000 0.249565
2505.000000 0.121013
2506.000000 0.109974
2507.000000 0.213515
2508.000000 0.168350
2509.000000 0.307639
2510.000000 0.046382
2511.000000 0.201157
2512.000000 0.249165
2513.000000 0.203117
2514.000000 0.141520
2515.000000 0.055082
2516.000000 0.255762
2517.000000 0.287065
2518.000000 0.083637
2519.000000 0.371337
2520.000000 0.162937
2521.000000 0.178671
2522.000000 0.271736
2523.000000 0.126835
2524.000000 0.158564
2525.000000 0.104334
2526.000000 0.164452
2527.000000 0.072352
2528.000000 0.465522
2529.000000 0.288690
2530.000000 0.514940
2531.000000 0.217153
2532.000000 0.208568
2533.000000 0.329054
2534.000000 0.264727
2535.000000 0.280877
2536.000000 0.200570
2537.000000 0.362060
2538.000000 0.191069
2539.000000 0.038487
2540.000000 0.075145
2541.000000 0.076579
2542.000000 0.432256
2543.000000 0.181153
2544.000000 0.232512
2545.000000 0.351207
2546.000000 0.088151
2547.000000 0.215556
2548.000000 0.225763
2549.000000 0.086747
2550.000000 0.305761
2551.000000 0.240531
2552.000000 0.218981
2553.000000 0.080209
2554.000000 0.297664
2555.000000 0.188228
2556.000000 0.106223
2557.000000 0.391926
2558.000000 0.149385
2559.000000 0.202532
2560.000000 0.156663
2561.000000 0.052563
2562.000000 0.111928
2563.000000 0.100302
2564.000000 0.153154
2565.000000 0.231945
2566.000000 0.390518
2567.000000 0.109888
2568.000000 0.027498
2569.000000 0.429186
2570.000000 0.124306
2571.000000 0.052108
2572.000000 0.180201
2573.000000 0.249699
2574.000000 0.168203
2575.000000 0.114675
2576.000000 0.243615
2577.000000 0.340687
2578.000000 0.312576
2579.000000 0.279810
2580.000000 0.219938
2581.000000 0.213396
2582.000000 0.240434
2583.000000 0.158408
2584.000000 0.316962
2585.000000 0.491357
2586.000000 0.174074
2587.000000 0.175275
2588.000000 0.312133
2589.000000 0.280602
2590.000000 0.435078
2591.000000 0.199000
2592.000000 0.165530
2593.000000 0.306249
2594.000000 0.070400
2595.000000 0.111843
2596.000000 0.024637
2597.000000 0.086578
2598.000000 0.398613
2599.000000 0.103469
2600.000000 0.273568
2601.000000 0.075702
2602.000000 0.158888
2603.000000 0.255424
2604.000000 0.272486
2605.000000 0.221593
2606.000000 0.354823
2607.000000 0.532692
2608.000000 0.016979
2609.000000 0.027512
2610.000000 0.110563
2611.000000 0.195019
2612.000000 0.253441
2613.000000 0.123785
2614.000000 0.241597
2615.000000 0.187885
2616.000000 0.183169
2617.000000 0.372788
2618.000000 0.193203
2619.000000 0.241682
2620.000000 0.212019
2621.000000 0.046165
2622.000000 0.357375
2623.000000 0.257301
2624.000000 0.204199
2625.000000 0.199623
2626.000000 0.097344
2627.000000 0.333352
2628.000000 0.304944
2629.000000 0.366858
2630.000000 0.157363
2631.000000 0.187980
2632.000000 0.026024
2633.000000 0.139598
2634.000000 0.258098
2635.000000 0.198399
2636.000000 0.100656
2637.000000 0.310574
2638.000000 0.120929
2639.000000 0.231948
2640.000000 0.342345
2641.000000 0.258955
2642.000000 0.400679
2643.000000 0.190200
2644.000000 0.085740
2645.000000 0.135737
2646.000000 0.339165
2647.000000 0.330582
2648.000000 0.429020
2649.000000 0.100789
2650.000000 0.048826
2651.000000 0.094826
2652.000000 0.237466
2653.000000 0.231158
2654.000000 0.169610
2655.000000 0.119240
2656.000000 0.103514
2657.000000 0.146833
2658.000000 0.013797
2659.000000 0.096344
2660.000000 0.347407
2661.000000 0.212343
2662.000000 0.078988
2663.000000 0.263228
2664.000000 0.326767
2665.000000 0.171446
2666.000000 0.387121
2667.000000 0.187450
2668.000000 0.171099
2669.000000 0.181480
2670.000000 0.153134
2671.000000 0.307474
2672.000000 0.045962
2673.000000 0.312006
2674.000000 0.198962
2675.000000 0.203739
2676.000000 0.091379
2677.000000 0.254735
2678.000000 0.337142
2679.000000 0.136662
2680.000000 0.185651
2681.000000 0.151365
2682.000000 0.102695
2683.000000 0.051249
2684.000000 0.122632
2685.000000 0.271110
2686.000000 0.206653
2687.000000 0.192297
2688.000000 0.515274
2689.000000 0.265332
2690.000000 0.333538
2691.000000 0.356516
2692.000000 0.149364
2693.000000 0.351545
2694.000000 0.238583
2695.000000 0.356664
2696.000000 0.294505
2697.000000 0.193022
2698.000000 0.493608
2699.000000 0.263372
2700.000000 0.237133
2701.000000 0.184759
2702.000000 0.059181
2703.000000 0.302728
2704.000000 0.026087
2705.000000 0.241878
2706.000000 0.289623
2707.000000 0.249981
2708.000000 0.079810
2709.000000 0.178670
2710.000000 0.147770
2711.000000 0.324927
2712.000000 0.227817
2713.000000 0.193661
2714.000000 0.564106
2715.000000 0.321633
2716.000000 0.142944
2717.000000 0.426259
2718.000000 0.297445
2719.000000 0.345716
2720.000000 0.068080
2721.000000 0.180921
2722.000000 0.322786
2723.000000 0.310747
2724.000000 0.118034
2725.000000 0.154895
2726.000000 0.246593
2727.000000 0.380535
2728.000000 0.129031
2729.000000 0.276582
2730.000000 0.310565
2731.000000 0.053726
2732.000000 0.159956
2733.000000 0.026023
2734.000000 0.310910
2735.000000 0.067901
2736.000000 0.239435
2737.000000 0.264593
2738.000000 0.165074
2739.000000 0.240376
2740.000000 0.173038
2741.000000 0.357282
2742.000000 0.255035
2743.000000 0.547561
2744.000000 0.091250
2745.000000 0.351422
2746.000000 0.313928
2747.000000 0.387569
2748.000000 0.295903
2749.000000 0.237353
2750.000000 0.239664
2751.000000 0.228628
2752.000000 0.146213
2753.000000 0.359948
2754.000000 0.435052
2755.000000 0.258599
2756.000000 0.271949
2757.000000 0.239224
2758.000000 0.084877
2759.000000 0.303674
2760.000000 0.256009
2761.000000 0.131748
2762.000000 0.437175
2763.000000 0.249996
2764.000000 0.292850
2765.000000 0.329687
2766.000000 0.394918
2767.000000 0.219797
2768.000000 0.173701
2769.000000 0.065696
2770.000000 0.094623
2771.000000 0.083604
2772.000000 0.286694
2773.000000 0.218931
2774.000000 0.345357
2775.000000 0.212024
2776.000000 0.247580
2777.000000 0.093045
2778.000000 0.189322
2779.000000 0.268080
2780.000000 0.103913
2781.000000 0.119817
2782.000000 0.270444
2783.000000 0.031579
2784.000000 0.184111
2785.000000 0.328579
2786.000000 0.323136
2787.000000 0.191906
2788.000000 0.247432
2789.000000 0.298450
2790.000000 0.413068
2791.000000 0.430466
2792.000000 0.400860
2793.000000 0.375164
2794.000000 0.287544
2795.000000 0.542546
2796.000000 0.130482
2797.000000 0.051929
2798.000000 0.144843
2799.000000 0.137183
2800.000000 0.285223
2801.000000 0.119616
2802.000000 0.364173
2803.000000 0.257085
2804.000000 0.295723
2805.000000 0.319739
2806.000000 0.502982
2807.000000 0.350570
2808.000000 0.013081
2809.000000 0.346479
2810.000000 0.231951
2811.000000 0.195733
2812.000000 0.099593
2813.000000 0.204395
2814.000000 0.106984
2815.000000 0.230470
2816.000000 0.237853
2817.000000 0.122359
2818.000000 0.185262
2819.000000 0.102189
2820.000000 0.033837
2821.000000 0.216772
2822.000000 0.247562
2823.000000 0.337254
2824.000000 0.108886
2825.000000 0.159527
2826.000000 0.265927
2827.000000 0.318047
2828.000000 0.289919
2829.000000 0.292319
2830.000000 0.454764
2831.000000 0.095657
2832.000000 0.078296
2833.000000 0.159151
2834.000000 0.159973
2835.000000 0.240699
2836.000000 0.359930
2837.000000 0.014077
2838.000000 0.225597
2839.000000 0.182094
2840.000000 0.182737
2841.000000 0.271672
2842.000000 0.169225
2843.000000 0.401716
2844.000000 0.138190
2845.000000 0.215030
2846.000000 0.482362
2847.000000 0.228726
2848.000000 0.415441
2849.000000 0.181683
2850.000000 0.239193
2851.000000 0.202888
2852.000000 0.258104
2853.000000 0.255935
2854.000000 0.121877
2855.000000 0.274504
2856.000000 0.289414
2857.000000 0.028988
2858.000000 0.204996
2859.000000 0.167966
2860.000000 0.409788
2861.000000 0.095286
2862.000000 0.425222
2863.000000 0.304671
2864.000000 0.201052
2865.000000 0.307966
2866.000000 0.314831
2867.000000 0.360725
2868.000000 0.123127
2869.000000 0.154833
2870.000000 0.194820
2871.000000 0.249053
2872.000000 0.078270
2873.000000 0.219086
2874.000000 0.146645
2875.000000 0.408115
2876.000000 0.231945
2877.000000 0.381496
2878.000000 0.080729
2879.000000 0.069397
2880.000000 0.480550
2881.000000 0.109248
2882.000000 0.362436
2883.000000 0.308623
2884.000000 0.124107
2885.000000 0.403018
2886.000000 0.044026
2887.000000 0.070461
2888.000000 0.337211
2889.000000 0.362497
2890.000000 0.284397
2891.000000 0.210184
2892.000000 0.302726
2893.000000 0.209734
2894.000000 0.338558
2895.000000 0.543154
2896.000000 0.117795
2897.000000 0.128923
2898.000000 0.133412
2899.000000 0.299525
2900.000000 0.428698
2901.000000 0.176284
2902.000000 0.282501
2903.000000 0.420696
2904.000000 0.257355
2905.000000 0.104680
2906.000000 0.200214
2907.000000 0.079996
2908.000000 0.104140
2909.000000 0.139487
2910.000000 0.161623
2911.000000 0.341423
2912.000000 0.111148
2913.000000 0.476766
2914.000000 0.328774
2915.000000 0.195128
2916.000000 0.188769
2917.000000 0.276133
2918.000000 0.116786
2919.000000 0.215934
2920.000000 0.352852
2921.000000 0.257438
2922.000000 0.281083
2923.000000 0.172277
2924.000000 0.348625
2925.000000 0.179049
2926.000000 0.207546
2927.000000 0.209491
2928.000000 0.341001
2929.000000 0.359215
2930.000000 0.176553
2931.000000 0.158336
2932.000000 0.264971
2933.000000 0.081703
2934.000000 0.047168
2935.000000 0.103213
2936.000000 0.364960
2937.000000 0.147578
2938.000000 0.358471
2939.000000 0.342923
2940.000000 0.048735
2941.000000 0.046299
2942.000000 0.400996
2943.000000 0.373098
2944.000000 0.161182
2945.000000 0.212626
2946.000000 0.116707
2947.000000 0.251578
2948.000000 0.183755
2949.000000 0.015721
2950.000000 0.130546
2951.000000 0.185738
2952.000000 0.199171
2953.000000 0.259238
2954.000000 0.404083
2955.000000 0.274814
2956.000000 0.203650
2957.000000 0.327900
2958.000000 0.035906
2959.000000 0.169608
2960.000000 0.155493
2961.000000 0.258002
2962.000000 0.540850
2963.000000 0.236243
2964.000000 0.438013
2965.000000 0.203703
2966.000000 0.173647
2967.000000 0.131518
2968.000000 0.170565
2969.000000 0.165775
2970.000000 0.092563
2971.000000 0.483967
2972.000000 0.137800
2973.000000 0.252754
2974.000000 0.376577
2975.000000 0.298164
2976.000000 0.295141
2977.000000 0.094987
2978.000000 0.193081
2979.000000 0.186859
2980.000000 0.265864
2981.000000 0.166480
2982.000000 0.136179
2983.000000 0.153822
2984.000000 0.300308
2985.000000 0.221587
2986.000000 0.121483
2987.000000 0.249242
2988.000000 0.380773
2989.000000 0.150016
2990.000000 0.107552
2991.000000 0.552733
2992.000000 0.382540
2993.000000 0.249158
2994.000000 0.357951
2995.000000 0.149021
2996.000000 0.337699
2997.000000 0.078884
2998.000000 0.228860
2999.000000 0.517470
3000.000000 0.378449
