0.000000 0.217861
1.000000 0.123467
2.000000 0.138285
3.000000 0.061786
4.000000 0.099483
5.000000 0.074734
6.000000 0.166796
7.000000 0.136974
8.000000 0.083432
9.000000 0.256772
10.000000 0.105912
11.000000 0.059790
12.000000 0.153451
13.000000 0.166552
14.000000 0.082424
15.000000 0.125026
16.000000 0.080345
17.000000 0.144111
18.000000 0.226866
19.000000 0.130538
20.000000 0.202807
21.000000 0.038417
22.000000 0.186921
23.000000 0.200344
24.000000 0.077829
25.000000 0.137903
26.000000 0.113578
27.000000 0.154715
28.000000 0.045684
29.000000 0.080624
30.000000 0.149058
31.000000 0.142137
32.000000 0.121639
33.000000 0.128778
34.000000 0.167945
35.000000 0.148512
36.000000 0.129753
37.000000 0.103941
38.000000 0.060782
39.000000 0.203431
40.000000 0.227609
41.000000 0.106807
42.000000 0.341578
43.000000 0.061203
44.000000 0.212730
45.000000 0.043378
46.000000 0.043095
47.000000 0.182852
48.000000 0.288328
49.000000 0.184484
50.000000 0.186590
51.000000 0.101613
52.000000 0.098569
53.000000 0.204710
54.000000 0.054807
55.000000 0.019795
56.000000 0.216489
57.000000 0.175266
58.000000 0.189792
59.000000 0.260157
60.000000 0.116293
61.000000 0.279391
62.000000 0.114595
63.000000 0.105264
64.000000 0.269235
65.000000 0.114752
66.000000 0.186765
67.000000 0.113114
68.000000 0.151692
69.000000 0.041949
70.000000 0.119309
71.000000 0.050450
72.000000 0.244637
73.000000 0.049234
74.000000 0.047922
75.000000 0.091952
76.000000 0.113097
77.000000 0.123892
78.000000 0.037984
79.000000 0.013808
80.000000 0.054944
81.000000 0.126351
82.000000 0.074072
83.000000 0.023785
84.000000 0.152233
85.000000 0.135499
86.000000 0.152443
87.000000 0.137084
88.000000 0.165392
89.000000 0.062587
90.000000 0.056328
91.000000 0.096421
92.000000 0.063014
93.000000 0.096304
94.000000 0.064404
95.000000 0.074925
96.000000 0.040493
97.000000 0.076255
98.000000 0.212237
99.000000 0.136063
100.000000 0.100489
101.000000 0.074514
102.000000 0.099123
103.000000 0.123537
104.000000 0.079893
105.000000 0.108714
106.000000 0.117815
107.000000 0.120657
108.000000 0.101594
109.000000 0.025436
110.000000 0.229856
111.000000 0.132239
112.000000 0.079864
113.000000 0.127905
114.000000 0.190811
115.000000 0.358839
116.000000 0.102713
117.000000 0.158309
118.000000 0.269011
119.000000 0.201494
120.000000 0.126903
121.000000 0.009625
122.000000 0.101253
123.000000 0.179318
124.000000 0.059613
125.000000 0.051477
126.000000 0.069161
127.000000 0.095554
128.000000 0.054683
129.000000 0.133239
130.000000 0.067508
131.000000 0.108614
132.000000 0.083469
133.000000 0.121174
134.000000 0.126901
135.000000 0.049368
136.000000 0.152315
137.000000 0.043440
138.000000 0.016013
139.000000 0.053867
140.000000 0.217884
141.000000 0.073928
142.000000 0.075413
143.000000 0.019738
144.000000 0.098863
145.000000 0.051747
146.000000 0.147336
147.000000 0.117670
148.000000 0.068195
149.000000 0.134501
150.000000 0.074737
151.000000 0.152951
152.000000 0.188708
153.000000 0.146536
154.000000 0.061533
155.000000 0.049958
156.000000 0.164225
157.000000 0.070880
158.000000 0.043847
159.000000 0.082076
160.000000 0.020970
161.000000 0.117647
162.000000 0.045985
163.000000 0.098366
164.000000 0.081884
165.000000 0.116587
166.000000 0.140734
167.000000 0.182691
168.000000 0.144728
169.000000 0.050847
170.000000 0.118347
171.000000 0.082843
172.000000 0.169064
173.000000 0.170286
174.000000 0.168030
175.000000 0.102137
176.000000 0.059986
177.000000 0.028142
178.000000 0.144864
179.000000 0.096890
180.000000 0.073195
181.000000 0.106966
182.000000 0.049803
183.000000 0.011242
184.000000 0.101279
185.000000 0.115459
186.000000 0.074005
187.000000 0.198740
188.000000 0.079050
189.000000 0.073082
190.000000 0.234829
191.000000 0.228898
192.000000 0.065523
193.000000 0.059447
194.000000 0.056219
195.000000 0.141826
196.000000 0.188858
197.000000 0.183747
198.000000 0.091579
199.000000 0.108687
200.000000 0.074741
201.000000 0.045638
202.000000 0.127880
203.000000 0.215270
204.000000 0.061950
205.000000 0.135479
206.000000 0.037301
207.000000 0.067431
208.000000 0.079685
209.000000 0.156574
210.000000 0.261478
211.000000 0.254218
212.000000 0.248655
213.000000 0.152152
214.000000 0.047369
215.000000 0.119480
216.000000 0.082846
217.000000 0.141399
218.000000 0.052264
219.000000 0.114401
220.000000 0.220491
221.000000 0.188165
222.000000 0.170997
223.000000 0.151543
224.000000 0.197716
225.000000 0.156962
226.000000 0.250867
227.000000 0.141335
228.000000 0.110871
229.000000 0.025048
230.000000 0.191583
231.000000 0.103543
232.000000 0.168386
233.000000 0.030384
234.000000 0.157411
235.000000 0.096937
236.000000 0.070616
237.000000 0.020553
238.000000 0.149358
239.000000 0.024939
240.000000 0.064765
241.000000 0.163840
242.000000 0.235101
243.000000 0.088012
244.000000 0.184803
245.000000 0.017721
246.000000 0.132497
247.000000 0.131058
248.000000 0.091027
249.000000 0.076127
250.000000 0.238757
251.000000 0.030208
252.000000 0.068623
253.000000 0.181131
254.000000 0.097991
255.000000 0.201170
256.000000 0.171795
257.000000 0.119860
258.000000 0.138542
259.000000 0.077480
260.000000 0.037096
261.000000 0.168434
262.000000 0.062849
263.000000 0.112258
264.000000 0.033843
265.000000 0.118287
266.000000 0.106620
267.000000 0.095642
268.000000 0.151339
269.000000 0.067540
270.000000 0.214415
271.000000 0.231529
272.000000 0.070764
273.000000 0.104232
274.000000 0.125248
275.000000 0.116234
276.000000 0.061788
277.000000 0.023093
278.000000 0.083562
279.000000 0.190962
280.000000 0.097529
281.000000 0.162515
282.000000 0.132750
283.000000 0.025785
284.000000 0.088133
285.000000 0.160163
286.000000 0.428347
287.000000 0.178127
288.000000 0.045411
289.000000 0.036657
290.000000 0.037316
291.000000 0.206561
292.000000 0.092672
293.000000 0.142925
294.000000 0.061175
295.000000 0.036476
296.000000 0.086326
297.000000 0.052928
298.000000 0.075066
299.000000 0.199627
300.000000 0.087638
301.000000 0.053841
302.000000 0.112784
303.000000 0.099364
304.000000 0.317395
305.000000 0.144659
306.000000 0.038012
307.000000 0.062255
308.000000 0.119475
309.000000 0.096333
310.000000 0.219316
311.000000 0.117471
312.000000 0.009468
313.000000 0.102029
314.000000 0.215783
315.000000 0.141739
316.000000 0.048477
317.000000 0.096827
318.000000 0.166985
319.000000 0.050805
320.000000 0.075858
321.000000 0.225749
322.000000 0.089207
323.000000 0.047176
324.000000 0.136200
325.000000 0.036898
326.000000 0.200757
327.000000 0.154682
328.000000 0.083737
329.000000 0.007574
330.000000 0.122914
331.000000 0.033533
332.000000 0.031193
333.000000 0.184116
334.000000 0.251373
335.000000 0.022720
336.000000 0.056334
337.000000 0.070740
338.000000 0.144533
339.000000 0.166204
340.000000 0.305407
341.000000 0.056729
342.000000 0.248677
343.000000 0.066901
344.000000 0.091808
345.000000 0.089395
346.000000 0.219422
347.000000 0.176190
348.000000 0.051069
349.000000 0.091966
350.000000 0.256374
351.000000 0.248628
352.000000 0.195597
353.000000 0.179905
354.000000 0.214071
355.000000 0.145295
356.000000 0.227249
357.000000 0.027799
358.000000 0.113931
359.000000 0.166218
360.000000 0.208915
361.000000 0.219981
362.000000 0.094598
363.000000 0.069922
364.000000 0.135883
365.000000 0.141434
366.000000 0.109393
367.000000 0.148594
368.000000 0.043607
369.000000 0.036212
370.000000 0.119602
371.000000 0.121998
372.000000 0.052225
373.000000 0.118739
374.000000 0.141476
375.000000 0.153495
376.000000 0.079936
377.000000 0.117567
378.000000 0.023137
379.000000 0.035395
380.000000 0.119534
381.000000 0.134194
382.000000 0.078303
383.000000 0.099705
384.000000 0.164088
385.000000 0.256996
386.000000 0.059321
387.000000 0.115647
388.000000 0.142628
389.000000 0.096216
390.000000 0.099157
391.000000 0.203328
392.000000 0.205750
393.000000 0.080430
394.000000 0.034437
395.000000 0.116185
396.000000 0.183590
397.000000 0.162824
398.000000 0.076916
399.000000 0.143117
400.000000 0.120632
401.000000 0.103373
402.000000 0.170090
403.000000 0.174246
404.000000 0.096308
405.000000 0.119025
406.000000 0.152490
407.000000 0.272334
408.000000 0.124063
409.000000 0.161605
410.000000 0.180861
411.000000 0.138112
412.000000 0.059178
413.000000 0.110914
414.000000 0.006067
415.000000 0.123798
416.000000 0.269406
417.000000 0.089331
418.000000 0.042200
419.000000 0.222304
420.000000 0.352274
421.000000 0.171225
422.000000 0.073613
423.000000 0.146530
424.000000 0.071598
425.000000 0.083490
426.000000 0.011378
427.000000 0.015933
428.000000 0.023352
429.000000 0.143354
430.000000 0.044278
431.000000 0.074113
432.000000 0.070463
433.000000 0.119406
434.000000 0.158766
435.000000 0.179225
436.000000 0.045313
437.000000 0.200314
438.000000 0.134587
439.000000 0.207271
440.000000 0.158754
441.000000 0.219125
442.000000 0.156313
443.000000 0.129665
444.000000 0.087291
445.000000 0.166088
446.000000 0.196625
447.000000 0.153195
448.000000 0.153589
449.000000 0.048800
450.000000 0.186809
451.000000 0.144661
452.000000 0.285746
453.000000 0.254272
454.000000 0.025518
455.000000 0.148801
456.000000 0.110307
457.000000 0.149080
458.000000 0.244747
459.000000 0.118814
460.000000 0.213950
461.000000 0.249871
462.000000 0.176307
463.000000 0.161389
464.000000 0.168251
465.000000 0.225818
466.000000 0.136748
467.000000 0.024733
468.000000 0.190674
469.000000 0.029113
470.000000 0.068391
471.000000 0.078942
472.000000 0.107195
473.000000 0.134193
474.000000 0.083593
475.000000 0.283495
476.000000 0.222658
477.000000 0.167650
478.000000 0.248328
479.000000 0.166456
480.000000 0.144530
481.000000 0.101191
482.000000 0.081127
483.000000 0.207170
484.000000 0.226644
485.000000 0.135903
486.000000 0.316632
487.000000 0.104920
488.000000 0.131103
489.000000 0.138639
490.000000 0.159368
491.000000 0.086335
492.000000 0.210754
493.000000 0.022996
494.000000 0.012708
495.000000 0.121600
496.000000 0.273860
497.000000 0.202139
498.000000 0.114040
499.000000 0.067909
500.000000 0.286559
501.000000 0.101838
502.000000 0.063744
503.000000 0.057701
504.000000 0.117488
505.000000 0.199363
506.000000 0.095703
507.000000 0.146499
508.000000 0.092661
509.000000 0.105995
510.000000 0.074526
511.000000 0.110263
512.000000 0.086869
513.000000 0.179411
514.000000 0.271822
515.000000 0.114718
516.000000 0.104315
517.000000 0.156611
518.000000 0.033983
519.000000 0.122814
520.000000 0.205752
521.000000 0.229857
522.000000 0.195401
523.000000 0.049718
524.000000 0.031652
525.000000 0.152908
526.000000 0.061884
527.000000 0.116301
528.000000 0.113973
529.000000 0.179041
530.000000 0.108096
531.000000 0.077688
532.000000 0.121731
533.000000 0.100361
534.000000 0.073803
535.000000 0.211033
536.000000 0.331569
537.000000 0.090437
538.000000 0.184247
539.000000 0.216256
540.000000 0.106705
541.000000 0.077833
542.000000 0.114698
543.000000 0.109213
544.000000 0.117540
545.000000 0.145309
546.000000 0.155098
547.000000 0.096953
548.000000 0.153296
549.000000 0.155184
550.000000 0.029732
551.000000 0.134303
552.000000 0.098227
553.000000 0.039613
554.000000 0.164240
555.000000 0.036516
556.000000 0.143532
557.000000 0.160520
558.000000 0.203132
559.000000 0.073932
560.000000 0.180889
561.000000 0.194777
562.000000 0.125978
563.000000 0.036486
564.000000 0.101998
565.000000 0.192652
566.000000 0.078604
567.000000 0.120993
568.000000 0.119397
569.000000 0.159249
570.000000 0.035123
571.000000 0.160750
572.000000 0.073130
573.000000 0.215305
574.000000 0.130744
575.000000 0.179183
576.000000 0.152187
577.000000 0.072998
578.000000 0.020335
579.000000 0.014248
580.000000 0.116276
581.000000 0.094562
582.000000 0.160339
583.000000 0.044524
584.000000 0.054727
585.000000 0.065757
586.000000 0.141925
587.000000 0.138203
588.000000 0.073146
589.000000 0.055973
590.000000 0.159597
591.000000 0.047011
592.000000 0.206453
593.000000 0.122196
594.000000 0.090498
595.000000 0.125843
596.000000 0.170070
597.000000 0.218134
598.000000 0.120663
599.000000 0.088489
600.000000 0.051465
601.000000 0.209722
602.000000 0.092101
603.000000 0.060873
604.000000 0.110105
605.000000 0.092286
606.000000 0.178903
607.000000 0.020100
608.000000 0.065261
609.000000 0.040697
610.000000 0.183358
611.000000 0.140387
612.000000 0.107662
613.000000 0.021390
614.000000 0.243890
615.000000 0.268734
616.000000 0.178912
617.000000 0.088730
618.000000 0.173072
619.000000 0.074187
620.000000 0.065073
621.000000 0.256547
622.000000 0.099413
623.000000 0.057639
624.000000 0.117584
625.000000 0.163101
626.000000 0.181516
627.000000 0.091277
628.000000 0.078616
629.000000 0.139286
630.000000 0.013757
631.000000 0.040659
632.000000 0.151667
633.000000 0.013926
634.000000 0.068253
635.000000 0.070019
636.000000 0.073732
637.000000 0.119994
638.000000 0.133679
639.000000 0.034732
640.000000 0.041682
641.000000 0.236480
642.000000 0.212866
643.000000 0.210178
644.000000 0.166566
645.000000 0.100474
646.000000 0.048437
647.000000 0.151966
648.000000 0.056604
649.000000 0.115381
650.000000 0.138898
651.000000 0.170954
652.000000 0.056527
653.000000 0.244133
654.000000 0.115768
655.000000 0.145805
656.000000 0.048132
657.000000 0.105115
658.000000 0.027110
659.000000 0.187794
660.000000 0.187813
661.000000 0.129024
662.000000 0.084703
663.000000 0.211110
664.000000 0.149924
665.000000 0.083911
666.000000 0.042861
667.000000 0.089596
668.000000 0.091236
669.000000 0.041030
670.000000 0.257351
671.000000 0.148404
672.000000 0.190273
673.000000 0.095966
674.000000 0.219289
675.000000 0.027668
676.000000 0.091695
677.000000 0.189858
678.000000 0.197813
679.000000 0.185460
680.000000 0.162513
681.000000 0.079962
682.000000 0.257677
683.000000 0.233913
684.000000 0.229615
685.000000 0.239834
686.000000 0.168035
687.000000 0.039794
688.000000 0.062195
689.000000 0.148802
690.000000 0.087332
691.000000 0.063327
692.000000 0.075964
693.000000 0.186006
694.000000 0.043475
695.000000 0.192359
696.000000 0.190068
697.000000 0.189915
698.000000 0.059461
699.000000 0.111694
700.000000 0.142678
701.000000 0.124556
702.000000 0.094566
703.000000 0.136484
704.000000 0.137503
705.000000 0.075442
706.000000 0.098844
707.000000 0.084595
708.000000 0.152923
709.000000 0.200150
710.000000 0.264028
711.000000 0.171318
712.000000 0.150328
713.000000 0.146493
714.000000 0.134630
715.000000 0.090774
716.000000 0.089547
717.000000 0.022488
718.000000 0.075055
719.000000 0.119952
720.000000 0.064771
721.000000 0.144047
722.000000 0.122240
723.000000 0.101917
724.000000 0.101977
725.000000 0.180109
726.000000 0.129927
727.000000 0.088210
728.000000 0.100193
729.000000 0.167463
730.000000 0.114988
731.000000 0.076295
732.000000 0.070041
733.000000 0.130411
734.000000 0.270375
735.000000 0.257896
736.000000 0.081107
737.000000 0.153535
738.000000 0.132679
739.000000 0.110948
740.000000 0.129597
741.000000 0.169831
742.000000 0.030339
743.000000 0.198496
744.000000 0.185558
745.000000 0.144435
746.000000 0.071352
747.000000 0.205331
748.000000 0.156695
749.000000 0.167705
750.000000 0.095734
751.000000 0.078938
752.000000 0.104316
753.000000 0.101490
754.000000 0.041665
755.000000 0.125432
756.000000 0.128989
757.000000 0.251552
758.000000 0.219610
759.000000 0.067581
760.000000 0.144588
761.000000 0.232692
762.000000 0.187882
763.000000 0.089766
764.000000 0.096896
765.000000 0.062411
766.000000 0.172702
767.000000 0.202177
768.000000 0.172650
769.000000 0.085722
770.000000 0.246734
771.000000 0.214799
772.000000 0.195825
773.000000 0.045159
774.000000 0.105699
775.000000 0.332317
776.000000 0.073656
777.000000 0.182788
778.000000 0.099134
779.000000 0.085315
780.000000 0.131203
781.000000 0.109835
782.000000 0.238241
783.000000 0.126803
784.000000 0.111713
785.000000 0.074599
786.000000 0.002094
787.000000 0.032019
788.000000 0.106341
789.000000 0.077115
790.000000 0.096833
791.000000 0.160989
792.000000 0.115443
793.000000 0.019431
794.000000 0.094233
795.000000 0.171829
796.000000 0.099350
797.000000 0.187013
798.000000 0.191702
799.000000 0.080627
800.000000 0.076744
801.000000 0.201921
802.000000 0.294529
803.000000 0.064915
804.000000 0.037683
805.000000 0.132155
806.000000 0.025687
807.000000 0.150347
808.000000 0.117892
809.000000 0.179049
810.000000 0.219148
811.000000 0.131690
812.000000 0.211549
813.000000 0.073370
814.000000 0.063981
815.000000 0.144098
816.000000 0.292616
817.000000 0.145341
818.000000 0.145351
819.000000 0.218876
820.000000 0.048133
821.000000 0.065564
822.000000 0.152908
823.000000 0.151025
824.000000 0.128755
825.000000 0.167582
826.000000 0.182864
827.000000 0.066858
828.000000 0.342366
829.000000 0.187585
830.000000 0.176303
831.000000 0.070104
832.000000 0.017745
833.000000 0.068975
834.000000 0.141109
835.000000 0.223358
836.000000 0.044963
837.000000 0.096715
838.000000 0.130669
839.000000 0.164468
840.000000 0.045886
841.000000 0.133025
842.000000 0.089891
843.000000 0.075447
844.000000 0.140497
845.000000 0.213864
846.000000 0.183265
847.000000 0.168764
848.000000 0.226066
849.000000 0.071651
850.000000 0.196127
851.000000 0.106894
852.000000 0.341492
853.000000 0.117180
854.000000 0.167951
855.000000 0.072769
856.000000 0.151427
857.000000 0.099204
858.000000 0.210723
859.000000 0.330757
860.000000 0.229476
861.000000 0.034724
862.000000 0.295971
863.000000 0.164232
864.000000 0.055830
865.000000 0.173862
866.000000 0.076920
867.000000 0.120874
868.000000 0.078213
869.000000 0.077978
870.000000 0.038747
871.000000 0.114624
872.000000 0.069179
873.000000 0.108864
874.000000 0.167852
875.000000 0.117021
876.000000 0.116319
877.000000 0.082804
878.000000 0.220520
879.000000 0.140278
880.000000 0.042197
881.000000 0.225266
882.000000 0.232914
883.000000 0.084370
884.000000 0.182562
885.000000 0.086258
886.000000 0.193643
887.000000 0.126313
888.000000 0.108691
889.000000 0.075151
890.000000 0.109610
891.000000 0.080647
892.000000 0.162724
893.000000 0.151658
894.000000 0.181513
895.000000 0.068330
896.000000 0.082693
897.000000 0.108705
898.000000 0.191308
899.000000 0.138241
900.000000 0.097884
901.000000 0.097841
902.000000 0.084670
903.000000 0.044728
904.000000 0.080436
905.000000 0.153752
906.000000 0.241849
907.000000 0.178331
908.000000 0.223599
909.000000 0.190233
910.000000 0.087683
911.000000 0.045701
912.000000 0.141533
913.000000 0.054488
914.000000 0.109288
915.000000 0.226610
916.000000 0.081658
917.000000 0.134704
918.000000 0.174544
919.000000 0.127239
920.000000 0.055877
921.000000 0.168228
922.000000 0.177692
923.000000 0.026528
924.000000 0.035496
925.000000 0.025369
926.000000 0.059155
927.000000 0.216761
928.000000 0.168374
929.000000 0.085128
930.000000 0.061916
931.000000 0.103878
932.000000 0.045325
933.000000 0.116665
934.000000 0.230331
935.000000 0.257629
936.000000 0.104989
937.000000 0.085947
938.000000 0.071171
939.000000 0.202600
940.000000 0.218644
941.000000 0.222408
942.000000 0.168693
943.000000 0.081340
944.000000 0.038782
945.000000 0.048168
946.000000 0.182609
947.000000 0.138165
948.000000 0.055081
949.000000 0.213002
950.000000 0.115875
951.000000 0.107910
952.000000 0.063839
953.000000 0.117750
954.000000 0.050046
955.000000 0.149639
956.000000 0.034905
957.000000 0.302365
958.000000 0.178209
959.000000 0.094512
960.000000 0.157414
961.000000 0.098233
962.000000 0.097264
963.000000 0.165188
964.000000 0.086347
965.000000 0.019701
966.000000 0.233865
967.000000 0.287022
968.000000 0.112324
969.000000 0.166261
970.000000 0.068810
971.000000 0.043578
972.000000 0.175802
973.000000 0.265216
974.000000 0.180183
975.000000 0.113470
976.000000 0.420470
977.000000 0.083049
978.000000 0.139205
979.000000 0.112847
980.000000 0.087799
981.000000 0.045356
982.000000 0.029136
983.000000 0.128016
984.000000 0.107578
985.000000 0.102952
986.000000 0.199628
987.000000 0.121091
988.000000 0.080010
989.000000 0.114081
990.000000 0.090011
991.000000 0.104439
992.000000 0.118765
993.000000 0.260149
994.000000 0.063496
995.000000 0.113449
996.000000 0.210923
997.000000 0.305275
998.000000 0.116498
999.000000 0.057455
1000.000000 0.232333
1001.000000 0.192308
1002.000000 0.037784
1003.000000 0.165798
1004.000000 0.180881
1005.000000 0.210735
1006.000000 0.075925
1007.000000 0.080388
1008.000000 0.067501
1009.000000 0.035917
1010.000000 0.153205
1011.000000 0.169449
1012.000000 0.130118
1013.000000 0.131192
1014.000000 0.127833
1015.000000 0.136606
1016.000000 0.230670
1017.000000 0.209518
1018.000000 0.026209
1019.000000 0.049197
1020.000000 0.237968
1021.000000 0.092897
1022.000000 0.170684
1023.000000 0.062035
1024.000000 0.020508
1025.000000 0.202497
1026.000000 0.051804
1027.000000 0.221190
1028.000000 0.112386
1029.000000 0.042568
1030.000000 0.093149
1031.000000 0.229558
1032.000000 0.136058
1033.000000 0.083296
1034.000000 0.051267
1035.000000 0.203824
1036.000000 0.109592
1037.000000 0.133524
1038.000000 0.084643
1039.000000 0.065560
1040.000000 0.324030
1041.000000 0.172851
1042.000000 0.046516
1043.000000 0.061508
1044.000000 0.142446
1045.000000 0.058902
1046.000000 0.063120
1047.000000 0.147859
1048.000000 0.091406
1049.000000 0.064923
1050.000000 0.077212
1051.000000 0.184914
1052.000000 0.107991
1053.000000 0.063216
1054.000000 0.173404
1055.000000 0.147266
1056.000000 0.180366
1057.000000 0.058098
1058.000000 0.074826
1059.000000 0.111944
1060.000000 0.039874
1061.000000 0.127730
1062.000000 0.142852
1063.000000 0.055642
1064.000000 0.106318
1065.000000 0.059397
1066.000000 0.284080
1067.000000 0.095650
1068.000000 0.179267
1069.000000 0.112852
1070.000000 0.113444
1071.000000 0.016727
1072.000000 0.085547
1073.000000 0.311164
1074.000000 0.092633
1075.000000 0.116375
1076.000000 0.209245
1077.000000 0.019575
1078.000000 0.149575
1079.000000 0.061083
1080.000000 0.116227
1081.000000 0.131345
1082.000000 0.132885
1083.000000 0.047507
1084.000000 0.169556
1085.000000 0.085607
1086.000000 0.098774
1087.000000 0.131644
1088.000000 0.172133
1089.000000 0.114075
1090.000000 0.081955
1091.000000 0.102326
1092.000000 0.038859
1093.000000 0.122301
1094.000000 0.184695
1095.000000 0.168159
1096.000000 0.238527
1097.000000 0.045261
1098.000000 0.207401
1099.000000 0.080035
1100.000000 0.086787
1101.000000 0.136193
1102.000000 0.054209
1103.000000 0.133394
1104.000000 0.036449
1105.000000 0.186935
1106.000000 0.145727
1107.000000 0.144654
1108.000000 0.093865
1109.000000 0.096420
1110.000000 0.184200
1111.000000 0.027248
1112.000000 0.061783
1113.000000 0.156426
1114.000000 0.150018
1115.000000 0.128664
1116.000000 0.071046
1117.000000 0.179866
1118.000000 0.106003
1119.000000 0.147910
1120.000000 0.201315
1121.000000 0.275349
1122.000000 0.114958
1123.000000 0.098016
1124.000000 0.056078
1125.000000 0.204420
1126.000000 0.084095
1127.000000 0.127179
1128.000000 0.050299
1129.000000 0.109518
1130.000000 0.035921
1131.000000 0.178394
1132.000000 0.091421
1133.000000 0.227900
1134.000000 0.092233
1135.000000 0.220295
1136.000000 0.210511
1137.000000 0.069739
1138.000000 0.123298
1139.000000 0.170025
1140.000000 0.042971
1141.000000 0.081018
1142.000000 0.144157
1143.000000 0.131637
1144.000000 0.072869
1145.000000 0.214428
1146.000000 0.032274
1147.000000 0.108790
1148.000000 0.132086
1149.000000 0.124639
1150.000000 0.031942
1151.000000 0.102638
1152.000000 0.178185
1153.000000 0.024368
1154.000000 0.086503
1155.000000 0.150144
1156.000000 0.058198
1157.000000 0.093992
1158.000000 0.198314
1159.000000 0.105457
1160.000000 0.052627
1161.000000 0.108394
1162.000000 0.092504
1163.000000 0.144502
1164.000000 0.059680
1165.000000 0.103372
1166.000000 0.237236
1167.000000 0.138741
1168.000000 0.039513
1169.000000 0.199741
1170.000000 0.167339
1171.000000 0.162294
1172.000000 0.168715
1173.000000 0.281995
1174.000000 0.282857
1175.000000 0.090783
1176.000000 0.088327
1177.000000 0.138787
1178.000000 0.182310
1179.000000 0.246708
1180.000000 0.122737
1181.000000 0.095251
1182.000000 0.177505
1183.000000 0.127982
1184.000000 0.014129
1185.000000 0.082957
1186.000000 0.146937
1187.000000 0.048987
1188.000000 0.103895
1189.000000 0.086078
1190.000000 0.097035
1191.000000 0.062299
1192.000000 0.204680
1193.000000 0.072550
1194.000000 0.149990
1195.000000 0.142381
1196.000000 0.129066
1197.000000 0.180351
1198.000000 0.188251
1199.000000 0.101990
1200.000000 0.149050
1201.000000 0.083970
1202.000000 0.143348
1203.000000 0.024316
1204.000000 0.151071
1205.000000 0.141060
1206.000000 0.160929
1207.000000 0.211741
1208.000000 0.340869
1209.000000 0.208962
1210.000000 0.063264
1211.000000 0.118690
1212.000000 0.066855
1213.000000 0.108057
1214.000000 0.128219
1215.000000 0.096722
1216.000000 0.132529
1217.000000 0.116962
1218.000000 0.235984
1219.000000 0.145159
1220.000000 0.185827
1221.000000 0.157404
1222.000000 0.079278
1223.000000 0.115532
1224.000000 0.129297
1225.000000 0.240595
1226.000000 0.221676
1227.000000 0.075180
1228.000000 0.146505
1229.000000 0.138964
1230.000000 0.186660
1231.000000 0.101011
1232.000000 0.187166
1233.000000 0.260719
1234.000000 0.137075
1235.000000 0.053236
1236.000000 0.033533
1237.000000 0.162321
1238.000000 0.239675
1239.000000 0.042707
1240.000000 0.197461
1241.000000 0.200533
1242.000000 0.098070
1243.000000 0.218459
1244.000000 0.170709
1245.000000 0.095658
1246.000000 0.129465
1247.000000 0.158483
1248.000000 0.071162
1249.000000 0.123188
1250.000000 0.066197
1251.000000 0.150509
1252.000000 0.236238
1253.000000 0.104611
1254.000000 0.096886
1255.000000 0.071945
1256.000000 0.080011
1257.000000 0.103866
1258.000000 0.064266
1259.000000 0.263768
1260.000000 0.128814
1261.000000 0.307657
1262.000000 0.068168
1263.000000 0.157118
1264.000000 0.150321
1265.000000 0.070983
1266.000000 0.083530
1267.000000 0.084858
1268.000000 0.098445
1269.000000 0.040204
1270.000000 0.091556
1271.000000 0.041217
1272.000000 0.089298
1273.000000 0.038288
1274.000000 0.098203
1275.000000 0.138429
1276.000000 0.130906
1277.000000 0.218163
1278.000000 0.098713
1279.000000 0.120790
1280.000000 0.080714
1281.000000 0.052060
1282.000000 0.201271
1283.000000 0.130977
1284.000000 0.025720
1285.000000 0.110309
1286.000000 0.231641
1287.000000 0.169750
1288.000000 0.116386
1289.000000 0.101962
1290.000000 0.038254
1291.000000 0.180746
1292.000000 0.218508
1293.000000 0.144162
1294.000000 0.149856
1295.000000 0.004195
1296.000000 0.173605
1297.000000 0.048473
1298.000000 0.061774
1299.000000 0.168630
1300.000000 0.222096
1301.000000 0.060121
1302.000000 0.084918
1303.000000 0.054465
1304.000000 0.154672
1305.000000 0.067347
1306.000000 0.105657
1307.000000 0.146119
1308.000000 0.130143
1309.000000 0.179634
1310.000000 0.148517
1311.000000 0.148346
1312.000000 0.135765
1313.000000 0.185526
1314.000000 0.067017
1315.000000 0.127865
1316.000000 0.046690
1317.000000 0.215327
1318.000000 0.074326
1319.000000 0.047319
1320.000000 0.080314
1321.000000 0.058348
1322.000000 0.156687
1323.000000 0.224157
1324.000000 0.111006
1325.000000 0.092704
1326.000000 0.198889
1327.000000 0.049966
1328.000000 0.175907
1329.000000 0.187902
1330.000000 0.124472
1331.000000 0.053372
1332.000000 0.047183
1333.000000 0.124257
1334.000000 0.134778
1335.000000 0.068113
1336.000000 0.070136
1337.000000 0.082388
1338.000000 0.141127
1339.000000 0.202565
1340.000000 0.133637
1341.000000 0.098082
1342.000000 0.059785
1343.000000 0.178437
1344.000000 0.169735
1345.000000 0.162193
1346.000000 0.134319
1347.000000 0.174526
1348.000000 0.079331
1349.000000 0.150215
1350.000000 0.117888
1351.000000 0.073119
1352.000000 0.087319
1353.000000 0.058787
1354.000000 0.100637
1355.000000 0.072307
1356.000000 0.118238
1357.000000 0.183010
1358.000000 0.020450
1359.000000 0.175824
1360.000000 0.126375
1361.000000 0.094562
1362.000000 0.266720
1363.000000 0.030214
1364.000000 0.134067
1365.000000 0.074108
1366.000000 0.186405
1367.000000 0.121364
1368.000000 0.089476
1369.000000 0.062582
1370.000000 0.033183
1371.000000 0.190739
1372.000000 0.114604
1373.000000 0.180160
1374.000000 0.126677
1375.000000 0.097970
1376.000000 0.141338
1377.000000 0.105634
1378.000000 0.091753
1379.000000 0.178196
1380.000000 0.061992
1381.000000 0.139525
1382.000000 0.099596
1383.000000 0.085055
1384.000000 0.067293
1385.000000 0.102317
1386.000000 0.142082
1387.000000 0.122745
1388.000000 0.055823
1389.000000 0.110784
1390.000000 0.166651
1391.000000 0.108917
1392.000000 0.148972
1393.000000 0.121161
1394.000000 0.160192
1395.000000 0.150940
1396.000000 0.041440
1397.000000 0.045938
1398.000000 0.232703
1399.000000 0.115991
1400.000000 0.143193
1401.000000 0.091869
1402.000000 0.130345
1403.000000 0.101934
1404.000000 0.054020
1405.000000 0.098922
1406.000000 0.045938
1407.000000 0.100177
1408.000000 0.164497
1409.000000 0.169484
1410.000000 0.127211
1411.000000 0.165641
1412.000000 0.044888
1413.000000 0.115621
1414.000000 0.067671
1415.000000 0.122029
1416.000000 0.085026
1417.000000 0.266193
1418.000000 0.089598
1419.000000 0.248957
1420.000000 0.174183
1421.000000 0.124960
1422.000000 0.084273
1423.000000 0.064740
1424.000000 0.053455
1425.000000 0.245796
1426.000000 0.146893
1427.000000 0.174761
1428.000000 0.128397
1429.000000 0.218093
1430.000000 0.131635
1431.000000 0.137188
1432.000000 0.049354
1433.000000 0.105142
1434.000000 0.181927
1435.000000 0.119162
1436.000000 0.129807
1437.000000 0.070849
1438.000000 0.159347
1439.000000 0.044162
1440.000000 0.135792
1441.000000 0.136709
1442.000000 0.133407
1443.000000 0.163821
1444.000000 0.079761
1445.000000 0.087293
1446.000000 0.101563
1447.000000 0.085850
1448.000000 0.019401
1449.000000 0.144578
1450.000000 0.113129
1451.000000 0.022754
1452.000000 0.112350
1453.000000 0.081779
1454.000000 0.140867
1455.000000 0.064736
1456.000000 0.154615
1457.000000 0.167442
1458.000000 0.078924
1459.000000 0.195790
1460.000000 0.045604
1461.000000 0.044757
1462.000000 0.061960
1463.000000 0.108565
1464.000000 0.199854
1465.000000 0.092175
1466.000000 0.080565
1467.000000 0.150777
1468.000000 0.209532
1469.000000 0.069361
1470.000000 0.233251
1471.000000 0.105867
1472.000000 0.128682
1473.000000 0.141197
1474.000000 0.163680
1475.000000 0.164567
1476.000000 0.122180
1477.000000 0.063096
1478.000000 0.070451
1479.000000 0.024358
1480.000000 0.093978
1481.000000 0.063237
1482.000000 0.065937
1483.000000 0.052535
1484.000000 0.048656
1485.000000 0.218560
1486.000000 0.164952
1487.000000 0.122080
1488.000000 0.229616
1489.000000 0.194206
1490.000000 0.054227
1491.000000 0.065709
1492.000000 0.143032
1493.000000 0.244877
1494.000000 0.108283
1495.000000 0.115977
1496.000000 0.026158
1497.000000 0.077323
1498.000000 0.048707
1499.000000 0.109827
1500.000000 0.103245
1501.000000 0.096200
1502.000000 0.015250
1503.000000 0.068081
1504.000000 0.077758
1505.000000 0.061061
1506.000000 0.154761
1507.000000 0.071963
1508.000000 0.112115
1509.000000 0.091749
1510.000000 0.201837
1511.000000 0.096434
1512.000000 0.145924
1513.000000 0.175975
1514.000000 0.066851
1515.000000 0.203543
1516.000000 0.019166
1517.000000 0.081866
1518.000000 0.053366
1519.000000 0.112354
1520.000000 0.160210
1521.000000 0.270615
1522.000000 0.202287
1523.000000 0.137032
1524.000000 0.143102
1525.000000 0.137444
1526.000000 0.069166
1527.000000 0.218939
1528.000000 0.220021
1529.000000 0.167145
1530.000000 0.063925
1531.000000 0.066852
1532.000000 0.187498
1533.000000 0.126893
1534.000000 0.038496
1535.000000 0.134829
1536.000000 0.157349
1537.000000 0.141498
1538.000000 0.111395
1539.000000 0.078793
1540.000000 0.144549
1541.000000 0.046110
1542.000000 0.093203
1543.000000 0.109678
1544.000000 0.058517
1545.000000 0.071100
1546.000000 0.200282
1547.000000 0.039075
1548.000000 0.178539
1549.000000 0.179978
1550.000000 0.069374
1551.000000 0.022136
1552.000000 0.115426
1553.000000 0.210219
1554.000000 0.110453
1555.000000 0.065399
1556.000000 0.168284
1557.000000 0.118372
1558.000000 0.044012
1559.000000 0.208029
1560.000000 0.118584
1561.000000 0.172740
1562.000000 0.162977
1563.000000 0.048523
1564.000000 0.124031
1565.000000 0.278924
1566.000000 0.139321
1567.000000 0.058173
1568.000000 0.270244
1569.000000 0.023987
1570.000000 0.167766
1571.000000 0.296288
1572.000000 0.022936
1573.000000 0.224424
1574.000000 0.249677
1575.000000 0.046181
1576.000000 0.118117
1577.000000 0.096818
1578.000000 0.102258
1579.000000 0.123314
1580.000000 0.333741
1581.000000 0.221968
1582.000000 0.115579
1583.000000 0.104362
1584.000000 0.151488
1585.000000 0.057563
1586.000000 0.139494
1587.000000 0.165520
1588.000000 0.081435
1589.000000 0.140532
1590.000000 0.098193
1591.000000 0.112076
1592.000000 0.079960
1593.000000 0.159246
1594.000000 0.105853
1595.000000 0.094416
1596.000000 0.066320
1597.000000 0.139441
1598.000000 0.043626
1599.000000 0.053731
1600.000000 0.204618
1601.000000 0.072144
1602.000000 0.023437
1603.000000 0.079923
1604.000000 0.049536
1605.000000 0.097390
1606.000000 0.134390
1607.000000 0.169609
1608.000000 0.225125
1609.000000 0.205632
1610.000000 0.000549
1611.000000 0.204914
1612.000000 0.132364
1613.000000 0.081703
1614.000000 0.096194
1615.000000 0.058870
1616.000000 0.195985
1617.000000 0.045669
1618.000000 0.107241
1619.000000 0.131706
1620.000000 0.159003
1621.000000 0.225084
1622.000000 0.233109
1623.000000 0.042503
1624.000000 0.170663
1625.000000 0.183620
1626.000000 0.116489
1627.000000 0.270327
1628.000000 0.280328
1629.000000 0.085933
1630.000000 0.261269
1631.000000 0.052266
1632.000000 0.043023
1633.000000 0.042520
1634.000000 0.108363
1635.000000 0.112174
1636.000000 0.200083
1637.000000 0.221405
1638.000000 0.116295
1639.000000 0.068507
1640.000000 0.130095
1641.000000 0.037976
1642.000000 0.134344
1643.000000 0.027051
1644.000000 0.128386
1645.000000 0.135252
1646.000000 0.268756
1647.000000 0.180822
1648.000000 0.068809
1649.000000 0.194724
1650.000000 0.147116
1651.000000 0.080102
1652.000000 0.249913
1653.000000 0.168029
1654.000000 0.192830
1655.000000 0.055369
1656.000000 0.203811
1657.000000 0.226520
1658.000000 0.091200
1659.000000 0.127675
1660.000000 0.099773
1661.000000 0.112256
1662.000000 0.179610
1663.000000 0.234925
1664.000000 0.101072
1665.000000 0.067590
1666.000000 0.183380
1667.000000 0.136150
1668.000000 0.171282
1669.000000 0.107687
1670.000000 0.164767
1671.000000 0.084602
1672.000000 0.189150
1673.000000 0.080197
1674.000000 0.109213
1675.000000 0.117989
1676.000000 0.083441
1677.000000 0.171787
1678.000000 0.202006
1679.000000 0.098903
1680.000000 0.203717
1681.000000 0.232049
1682.000000 0.117814
1683.000000 0.097548
1684.000000 0.016612
1685.000000 0.076327
1686.000000 0.087943
1687.000000 0.029568
1688.000000 0.085697
1689.000000 0.059375
1690.000000 0.260019
1691.000000 0.225609
1692.000000 0.147538
1693.000000 0.160364
1694.000000 0.061376
1695.000000 0.055875
1696.000000 0.109940
1697.000000 0.156307
1698.000000 0.076952
1699.000000 0.120321
1700.000000 0.248092
1701.000000 0.156013
1702.000000 0.192265
1703.000000 0.184992
1704.000000 0.237979
1705.000000 0.077064
1706.000000 0.237337
1707.000000 0.074744
1708.000000 0.212634
1709.000000 0.093250
1710.000000 0.241911
1711.000000 0.128705
1712.000000 0.082508
1713.000000 0.106921
1714.000000 0.099804
1715.000000 0.134658
1716.000000 0.100858
1717.000000 0.139311
1718.000000 0.273975
1719.000000 0.192963
1720.000000 0.161415
1721.000000 0.153761
1722.000000 0.110688
1723.000000 0.115257
1724.000000 0.154040
1725.000000 0.091592
1726.000000 0.202452
1727.000000 0.279564
1728.000000 0.045380
1729.000000 0.207476
1730.000000 0.222379
1731.000000 0.193517
1732.000000 0.091104
1733.000000 0.199213
1734.000000 0.218101
1735.000000 0.107266
1736.000000 0.098527
1737.000000 0.184740
1738.000000 0.058492
1739.000000 0.205483
1740.000000 0.117246
1741.000000 0.129572
1742.000000 0.101008
1743.000000 0.083157
1744.000000 0.036890
1745.000000 0.113023
1746.000000 0.157275
1747.000000 0.081652
1748.000000 0.129548
1749.000000 0.116212
1750.000000 0.069389
1751.000000 0.126523
1752.000000 0.120405
1753.000000 0.077207
1754.000000 0.026272
1755.000000 0.168338
1756.000000 0.211723
1757.000000 0.167739
1758.000000 0.092581
1759.000000 0.117201
1760.000000 0.138340
1761.000000 0.078262
1762.000000 0.108204
1763.000000 0.078741
1764.000000 0.059732
1765.000000 0.021486
1766.000000 0.219846
1767.000000 0.190173
1768.000000 0.135726
1769.000000 0.148913
1770.000000 0.012739
1771.000000 0.079628
1772.000000 0.226543
1773.000000 0.257916
1774.000000 0.145196
1775.000000 0.084240
1776.000000 0.086156
1777.000000 0.136287
1778.000000 0.138659
1779.000000 0.143006
1780.000000 0.096335
1781.000000 0.074122
1782.000000 0.239249
1783.000000 0.219272
1784.000000 0.125992
1785.000000 0.041343
1786.000000 0.130697
1787.000000 0.080213
1788.000000 0.156581
1789.000000 0.051848
1790.000000 0.104388
1791.000000 0.261336
1792.000000 0.036684
1793.000000 0.098176
1794.000000 0.149426
1795.000000 0.172350
1796.000000 0.162450
1797.000000 0.169539
1798.000000 0.117670
1799.000000 0.028975
1800.000000 0.127437
1801.000000 0.098314
1802.000000 0.302331
1803.000000 0.033149
1804.000000 0.071740
1805.000000 0.062930
1806.000000 0.063800
1807.000000 0.095455
1808.000000 0.260393
1809.000000 0.038124
1810.000000 0.137356
1811.000000 0.031578
1812.000000 0.141332
1813.000000 0.123098
1814.000000 0.240784
1815.000000 0.035689
1816.000000 0.148868
1817.000000 0.129097
1818.000000 0.042161
1819.000000 0.074668
1820.000000 0.063222
1821.000000 0.077504
1822.000000 0.209924
1823.000000 0.152285
1824.000000 0.067247
1825.000000 0.158777
1826.000000 0.058328
1827.000000 0.084145
1828.000000 0.106069
1829.000000 0.035305
1830.000000 0.143397
1831.000000 0.096488
1832.000000 0.057606
1833.000000 0.072736
1834.000000 0.179770
1835.000000 0.301865
1836.000000 0.318621
1837.000000 0.150883
1838.000000 0.181676
1839.000000 0.236155
1840.000000 0.203495
1841.000000 0.046911
1842.000000 0.140614
1843.000000 0.230026
1844.000000 0.180086
1845.000000 0.175988
1846.000000 0.064137
1847.000000 0.202759
1848.000000 0.242819
1849.000000 0.164878
1850.000000 0.151787
1851.000000 0.036925
1852.000000 0.184145
1853.000000 0.005712
1854.000000 0.267043
1855.000000 0.069453
1856.000000 0.101695
1857.000000 0.216337
1858.000000 0.111305
1859.000000 0.038299
1860.000000 0.217962
1861.000000 0.048244
1862.000000 0.118702
1863.000000 0.093853
1864.000000 0.055666
1865.000000 0.115991
1866.000000 0.079899
1867.000000 0.290373
1868.000000 0.149874
1869.000000 0.262383
1870.000000 0.255175
1871.000000 0.150211
1872.000000 0.082944
1873.000000 0.073137
1874.000000 0.027146
1875.000000 0.061844
1876.000000 0.069033
1877.000000 0.099576
1878.000000 0.045282
1879.000000 0.183698
1880.000000 0.020742
1881.000000 0.023832
1882.000000 0.177475
1883.000000 0.086744
1884.000000 0.113232
1885.000000 0.131417
1886.000000 0.162220
1887.000000 0.082482
1888.000000 0.236017
1889.000000 0.113987
1890.000000 0.142437
1891.000000 0.156063
1892.000000 0.165709
1893.000000 0.117053
1894.000000 0.095763
1895.000000 0.067703
1896.000000 0.132941
1897.000000 0.122660
1898.000000 0.075757
1899.000000 0.094710
1900.000000 0.108747
1901.000000 0.076188
1902.000000 0.158276
1903.000000 0.315084
1904.000000 0.106273
1905.000000 0.109391
1906.000000 0.030476
1907.000000 0.132626
1908.000000 0.050871
1909.000000 0.143049
1910.000000 0.131941
1911.000000 0.256534
1912.000000 0.087109
1913.000000 0.122885
1914.000000 0.196101
1915.000000 0.183997
1916.000000 0.289651
1917.000000 0.157085
1918.000000 0.233008
1919.000000 0.032852
1920.000000 0.046496
1921.000000 0.210320
1922.000000 0.168046
1923.000000 0.229402
1924.000000 0.138600
1925.000000 0.120247
1926.000000 0.143112
1927.000000 0.176073
1928.000000 0.188323
1929.000000 0.141284
1930.000000 0.090373
1931.000000 0.110615
1932.000000 0.091621
1933.000000 0.133814
1934.000000 0.147305
1935.000000 0.012886
1936.000000 0.215026
1937.000000 0.226836
1938.000000 0.144097
1939.000000 0.180544
1940.000000 0.074530
1941.000000 0.085192
1942.000000 0.153431
1943.000000 0.194130
1944.000000 0.130825
1945.000000 0.097372
1946.000000 0.128778
1947.000000 0.044295
1948.000000 0.052949
1949.000000 0.146262
1950.000000 0.035407
1951.000000 0.123976
1952.000000 0.058610
1953.000000 0.061020
1954.000000 0.102959
1955.000000 0.057176
1956.000000 0.139926
1957.000000 0.030251
1958.000000 0.117431
1959.000000 0.109080
1960.000000 0.225424
1961.000000 0.060465
1962.000000 0.041353
1963.000000 0.079826
1964.000000 0.134805
1965.000000 0.257497
1966.000000 0.142213
1967.000000 0.215458
1968.000000 0.097989
1969.000000 0.165378
1970.000000 0.166712
1971.000000 0.275738
1972.000000 0.297270
1973.000000 0.050082
1974.000000 0.219555
1975.000000 0.084312
1976.000000 0.104724
1977.000000 0.145152
1978.000000 0.068517
1979.000000 0.166904
1980.000000 0.106960
1981.000000 0.143712
1982.000000 0.191098
1983.000000 0.154490
1984.000000 0.078793
1985.000000 0.005210
1986.000000 0.164128
1987.000000 0.080332
1988.000000 0.074454
1989.000000 0.063882
1990.000000 0.185180
1991.000000 0.196992
1992.000000 0.286874
1993.000000 0.152972
1994.000000 0.201528
1995.000000 0.155341
1996.000000 0.227854
1997.000000 0.062611
1998.000000 0.198494
1999.000000 0.165407
2000.000000 0.065447
2001.000000 0.079621
2002.000000 0.184441
2003.000000 0.078472
2004.000000 0.058583
2005.000000 0.145537
2006.000000 0.242734
2007.000000 0.171326
2008.000000 0.070975
2009.000000 0.152065
2010.000000 0.114109
2011.000000 0.028007
2012.000000 0.046923
2013.000000 0.077335
2014.000000 0.193507
2015.000000 0.205787
2016.000000 0.269737
2017.000000 0.118619
2018.000000 0.066919
2019.000000 0.080597
2020.000000 0.051750
2021.000000 0.117214
2022.000000 0.160715
2023.000000 0.068579
2024.000000 0.071688
2025.000000 0.150543
2026.000000 0.029336
2027.000000 0.193964
2028.000000 0.093057
2029.000000 0.112032
2030.000000 0.051490
2031.000000 0.046807
2032.000000 0.188532
2033.000000 0.044879
2034.000000 0.144638
2035.000000 0.069150
2036.000000 0.112437
2037.000000 0.139182
2038.000000 0.090273
2039.000000 0.104129
2040.000000 0.080538
2041.000000 0.169147
2042.000000 0.251949
2043.000000 0.049270
2044.000000 0.229429
2045.000000 0.200069
2046.000000 0.143567
2047.000000 0.288051
2048.000000 0.081593
2049.000000 0.181540
2050.000000 0.241866
2051.000000 0.216113
2052.000000 0.153267
2053.000000 0.248172
2054.000000 0.210320
2055.000000 0.055242
2056.000000 0.157316
2057.000000 0.141341
2058.000000 0.016707
2059.000000 0.306763
2060.000000 0.217417
2061.000000 0.148323
2062.000000 0.009316
2063.000000 0.067141
2064.000000 0.159286
2065.000000 0.158443
2066.000000 0.255246
2067.000000 0.076291
2068.000000 0.107430
2069.000000 0.190613
2070.000000 0.091000
2071.000000 0.085476
2072.000000 0.049937
2073.000000 0.147120
2074.000000 0.282973
2075.000000 0.185975
2076.000000 0.109222
2077.000000 0.156011
2078.000000 0.137823
2079.000000 0.095816
2080.000000 0.203379
2081.000000 0.090364
2082.000000 0.156693
2083.000000 0.191845
2084.000000 0.078696
2085.000000 0.010406
2086.000000 0.169542
2087.000000 0.043321
2088.000000 0.139907
2089.000000 0.185727
2090.000000 0.312195
2091.000000 0.034444
2092.000000 0.095500
2093.000000 0.220626
2094.000000 0.088758
2095.000000 0.033625
2096.000000 0.190911
2097.000000 0.115108
2098.000000 0.190928
2099.000000 0.184020
2100.000000 0.054619
2101.000000 0.208028
2102.000000 0.169447
2103.000000 0.144209
2104.000000 0.096556
2105.000000 0.163687
2106.000000 0.023068
2107.000000 0.110411
2108.000000 0.033539
2109.000000 0.124344
2110.000000 0.132567
2111.000000 0.035643
2112.000000 0.132853
2113.000000 0.143968
2114.000000 0.147276
2115.000000 0.227951
2116.000000 0.129130
2117.000000 0.057986
2118.000000 0.159251
2119.000000 0.191131
2120.000000 0.177800
2121.000000 0.223086
2122.000000 0.084132
2123.000000 0.267535
2124.000000 0.141593
2125.000000 0.079473
2126.000000 0.013740
2127.000000 0.233581
2128.000000 0.042493
2129.000000 0.119698
2130.000000 0.307013
2131.000000 0.149971
2132.000000 0.081441
2133.000000 0.029428
2134.000000 0.107847
2135.000000 0.048400
2136.000000 0.131546
2137.000000 0.065311
2138.000000 0.244356
2139.000000 0.152649
2140.000000 0.094805
2141.000000 0.106785
2142.000000 0.114473
2143.000000 0.209258
2144.000000 0.069326
2145.000000 0.011813
2146.000000 0.083563
2147.000000 0.010358
2148.000000 0.292983
2149.000000 0.127785
2150.000000 0.181675
2151.000000 0.030664
2152.000000 0.185310
2153.000000 0.148436
2154.000000 0.252817
2155.000000 0.105521
2156.000000 0.107128
2157.000000 0.233284
2158.000000 0.129272
2159.000000 0.069836
2160.000000 0.135250
2161.000000 0.137995
2162.000000 0.111500
2163.000000 0.078345
2164.000000 0.146380
2165.000000 0.183886
2166.000000 0.204975
2167.000000 0.031748
2168.000000 0.195343
2169.000000 0.070689
2170.000000 0.152014
2171.000000 0.027927
2172.000000 0.083498
2173.000000 0.219867
2174.000000 0.074300
2175.000000 0.008547
2176.000000 0.180074
2177.000000 0.122510
2178.000000 0.217300
2179.000000 0.304218
2180.000000 0.017009
2181.000000 0.173053
2182.000000 0.130331
2183.000000 0.159522
2184.000000 0.064251
2185.000000 0.107977
2186.000000 0.091199
2187.000000 0.124964
2188.000000 0.190229
2189.000000 0.179467
2190.000000 0.131120
2191.000000 0.225537
2192.000000 0.331567
2193.000000 0.151650
2194.000000 0.029844
2195.000000 0.076046
2196.000000 0.113022
2197.000000 0.066861
2198.000000 0.077505
2199.000000 0.075930
2200.000000 0.139319
2201.000000 0.221880
2202.000000 0.047108
2203.000000 0.053553
2204.000000 0.138043
2205.000000 0.094143
2206.000000 0.193290
2207.000000 0.210800
2208.000000 0.214679
2209.000000 0.044829
2210.000000 0.051177
2211.000000 0.236025
2212.000000 0.048516
2213.000000 0.172806
2214.000000 0.230074
2215.000000 0.249919
2216.000000 0.173559
2217.000000 0.105459
2218.000000 0.149524
2219.000000 0.081403
2220.000000 0.110494
2221.000000 0.157484
2222.000000 0.057154
2223.000000 0.052829
2224.000000 0.140582
2225.000000 0.140158
2226.000000 0.119318
2227.000000 0.179283
2228.000000 0.123787
2229.000000 0.140765
2230.000000 0.077447
2231.000000 0.220285
2232.000000 0.143697
2233.000000 0.038383
2234.000000 0.198083
2235.000000 0.131881
2236.000000 0.012940
2237.000000 0.194210
2238.000000 0.027316
2239.000000 0.089615
2240.000000 0.133315
2241.000000 0.035045
2242.000000 0.101209
2243.000000 0.060140
2244.000000 0.165310
2245.000000 0.105126
2246.000000 0.084029
2247.000000 0.146112
2248.000000 0.031074
2249.000000 0.113543
2250.000000 0.145426
2251.000000 0.137218
2252.000000 0.024843
2253.000000 0.102402
2254.000000 0.267373
2255.000000 0.133185
2256.000000 0.099919
2257.000000 0.149253
2258.000000 0.121325
2259.000000 0.076070
2260.000000 0.032697
2261.000000 0.128102
2262.000000 0.021526
2263.000000 0.083376
2264.000000 0.136002
2265.000000 0.090737
2266.000000 0.052404
2267.000000 0.131479
2268.000000 0.216267
2269.000000 0.055769
2270.000000 0.143421
2271.000000 0.122414
2272.000000 0.117053
2273.000000 0.203902
2274.000000 0.099361
2275.000000 0.079117
2276.000000 0.087874
2277.000000 0.099332
2278.000000 0.139683
2279.000000 0.070465
2280.000000 0.117023
2281.000000 0.157614
2282.000000 0.127203
2283.000000 0.115253
2284.000000 0.049292
2285.000000 0.142135
2286.000000 0.161105
2287.000000 0.083095
2288.000000 0.137890
2289.000000 0.186703
2290.000000 0.005247
2291.000000 0.164173
2292.000000 0.247745
2293.000000 0.216520
2294.000000 0.183065
2295.000000 0.028891
2296.000000 0.026243
2297.000000 0.103479
2298.000000 0.042429
2299.000000 0.126258
2300.000000 0.249420
2301.000000 0.203291
2302.000000 0.082487
2303.000000 0.103302
2304.000000 0.247857
2305.000000 0.096910
2306.000000 0.114656
2307.000000 0.187139
2308.000000 0.291486
2309.000000 0.086424
2310.000000 0.253375
2311.000000 0.157621
2312.000000 0.058601
2313.000000 0.113403
2314.000000 0.120687
2315.000000 0.149030
2316.000000 0.037656
2317.000000 0.046694
2318.000000 0.010134
2319.000000 0.041126
2320.000000 0.080797
2321.000000 0.123254
2322.000000 0.180968
2323.000000 0.171144
2324.000000 0.168817
2325.000000 0.096740
2326.000000 0.087832
2327.000000 0.041566
2328.000000 0.106989
2329.000000 0.123022
2330.000000 0.209199
2331.000000 0.067107
2332.000000 0.351437
2333.000000 0.102220
2334.000000 0.207389
2335.000000 0.114132
2336.000000 0.069587
2337.000000 0.178052
2338.000000 0.040212
2339.000000 0.096023
2340.000000 0.051563
2341.000000 0.141155
2342.000000 0.146648
2343.000000 0.186268
2344.000000 0.028295
2345.000000 0.124979
2346.000000 0.050215
2347.000000 0.071911
2348.000000 0.139088
2349.000000 0.064117
2350.000000 0.042965
2351.000000 0.074000
2352.000000 0.131434
2353.000000 0.143985
2354.000000 0.166964
2355.000000 0.223110
2356.000000 0.028668
2357.000000 0.077332
2358.000000 0.148821
2359.000000 0.182257
2360.000000 0.081347
2361.000000 0.073119
2362.000000 0.209486
2363.000000 0.122207
2364.000000 0.162013
2365.000000 0.090287
2366.000000 0.093809
2367.000000 0.085970
2368.000000 0.201305
2369.000000 0.162700
2370.000000 0.235474
2371.000000 0.096597
2372.000000 0.214335
2373.000000 0.008914
2374.000000 0.237212
2375.000000 0.126988
2376.000000 0.104971
2377.000000 0.069788
2378.000000 0.041179
2379.000000 0.157593
2380.000000 0.365756
2381.000000 0.043366
2382.000000 0.104926
2383.000000 0.053387
2384.000000 0.267650
2385.000000 0.156239
2386.000000 0.054371
2387.000000 0.103902
2388.000000 0.182459
2389.000000 0.129582
2390.000000 0.052600
2391.000000 0.312810
2392.000000 0.146347
2393.000000 0.083372
2394.000000 0.079999
2395.000000 0.060051
2396.000000 0.107834
2397.000000 0.189326
2398.000000 0.096434
2399.000000 0.196870
2400.000000 0.122096
2401.000000 0.135578
2402.000000 0.040084
2403.000000 0.184714
2404.000000 0.209258
2405.000000 0.134854
2406.000000 0.155389
2407.000000 0.189398
2408.000000 0.071069
2409.000000 0.211821
2410.000000 0.032585
2411.000000 0.039372
2412.000000 0.155796
2413.000000 0.016064
2414.000000 0.055196
2415.000000 0.117291
2416.000000 0.040056
2417.000000 0.231151
2418.000000 0.115030
2419.000000 0.199347
2420.000000 0.126159
2421.000000 0.227872
2422.000000 0.113096
2423.000000 0.110508
2424.000000 0.066287
2425.000000 0.143857
2426.000000 0.100206
2427.000000 0.078288
2428.000000 0.116203
2429.000000 0.218933
2430.000000 0.117209
2431.000000 0.101054
2432.000000 0.165169
2433.000000 0.168833
2434.000000 0.132592
2435.000000 0.105909
2436.000000 0.105287
2437.000000 0.124326
2438.000000 0.179297
2439.000000 0.204603
2440.000000 0.052661
2441.000000 0.053921
2442.000000 0.055036
2443.000000 0.034418
2444.000000 0.070440
2445.000000 0.019876
2446.000000 0.059168
2447.000000 0.189646
2448.000000 0.075671
2449.000000 0.086253
2450.000000 0.203147
2451.000000 0.107997
2452.000000 0.105748
2453.000000 0.156095
2454.000000 0.109214
2455.000000 0.151632
2456.000000 0.138770
2457.000000 0.171099
2458.000000 0.063473
2459.000000 0.161292
2460.000000 0.178362
2461.000000 0.107365
2462.000000 0.122535
2463.000000 0.058950
2464.000000 0.026487
2465.000000 0.110559
2466.000000 0.156328
2467.000000 0.086890
2468.000000 0.052608
2469.000000 0.242919
2470.000000 0.166454
2471.000000 0.187885
2472.000000 0.116977
2473.000000 0.125381
2474.000000 0.059816
2475.000000 0.144221
2476.000000 0.125786
2477.000000 0.074742
2478.000000 0.105833
2479.000000 0.204455
2480.000000 0.097024
2481.000000 0.142186
2482.000000 0.041452
2483.000000 0.041597
2484.000000 0.103185
2485.000000 0.101371
2486.000000 0.038958
2487.000000 0.253255
2488.000000 0.088319
2489.000000 0.198277
2490.000000 0.073183
2491.000000 0.248631
2492.000000 0.116057
2493.000000 0.137529
2494.000000 0.103922
2495.000000 0.084227
2496.000000 0.040931
2497.000000 0.134285
2498.000000 0.230558
2499.000000 0.120082
2500.000000 0.124473
2501.000000 0.045534
2502.000000 0.196497
2503.000000 0.173355
2504.000000 0.034601
2505.000000 0.225605
2506.000000 0.237418
2507.000000 0.156996
2508.000000 0.190673
2509.000000 0.030951
2510.000000 0.079642
2511.000000 0.064711
2512.000000 0.092459
2513.000000 0.072800
2514.000000 0.066731
2515.000000 0.136892
2516.000000 0.169872
2517.000000 0.145558
2518.000000 0.186983
2519.000000 0.072379
2520.000000 0.093727
2521.000000 0.188565
2522.000000 0.284694
2523.000000 0.219838
2524.000000 0.070485
2525.000000 0.083349
2526.000000 0.122680
2527.000000 0.103357
2528.000000 0.256308
2529.000000 0.013646
2530.000000 0.029762
2531.000000 0.239030
2532.000000 0.047982
2533.000000 0.117775
2534.000000 0.198248
2535.000000 0.197800
2536.000000 0.144493
2537.000000 0.140004
2538.000000 0.025688
2539.000000 0.089118
2540.000000 0.219100
2541.000000 0.096166
2542.000000 0.125053
2543.000000 0.145321
2544.000000 0.129685
2545.000000 0.051537
2546.000000 0.163891
2547.000000 0.225288
2548.000000 0.142214
2549.000000 0.020348
2550.000000 0.012297
2551.000000 0.091381
2552.000000 0.140671
2553.000000 0.165825
2554.000000 0.110752
2555.000000 0.078347
2556.000000 0.107026
2557.000000 0.164897
2558.000000 0.075394
2559.000000 0.061509
2560.000000 0.246401
2561.000000 0.105951
2562.000000 0.306923
2563.000000 0.075172
2564.000000 0.082814
2565.000000 0.190288
2566.000000 0.183166
2567.000000 0.123973
2568.000000 0.127497
2569.000000 0.095222
2570.000000 0.161186
2571.000000 0.085509
2572.000000 0.120642
2573.000000 0.149968
2574.000000 0.020223
2575.000000 0.106453
2576.000000 0.200831
2577.000000 0.207988
2578.000000 0.155230
2579.000000 0.081058
2580.000000 0.017897
2581.000000 0.169838
2582.000000 0.071776
2583.000000 0.135516
2584.000000 0.086328
2585.000000 0.110981
2586.000000 0.147389
2587.000000 0.193964
2588.000000 0.136652
2589.000000 0.028793
2590.000000 0.125661
2591.000000 0.074089
2592.000000 0.145604
2593.000000 0.014528
2594.000000 0.115624
2595.000000 0.151440
2596.000000 0.056359
2597.000000 0.115580
2598.000000 0.154264
2599.000000 0.148113
2600.000000 0.038231
2601.000000 0.144214
2602.000000 0.067400
2603.000000 0.148652
2604.000000 0.004486
2605.000000 0.055879
2606.000000 0.213565
2607.000000 0.133389
2608.000000 0.145343
2609.000000 0.132951
2610.000000 0.123505
2611.000000 0.047513
2612.000000 0.074429
2613.000000 0.021791
2614.000000 0.061630
2615.000000 0.032217
2616.000000 0.158662
2617.000000 0.103229
2618.000000 0.059058
2619.000000 0.102043
2620.000000 0.114040
2621.000000 0.078222
2622.000000 0.223831
2623.000000 0.034651
2624.000000 0.039484
2625.000000 0.092661
2626.000000 0.203292
2627.000000 0.203459
2628.000000 0.150722
2629.000000 0.112045
2630.000000 0.099032
2631.000000 0.228884
2632.000000 0.137576
2633.000000 0.182198
2634.000000 0.149835
2635.000000 0.044530
2636.000000 0.262143
2637.000000 0.363255
2638.000000 0.072022
2639.000000 0.046329
2640.000000 0.109503
2641.000000 0.110982
2642.000000 0.161055
2643.000000 0.077226
2644.000000 0.140224
2645.000000 0.115449
2646.000000 0.018280
2647.000000 0.058108
2648.000000 0.217698
2649.000000 0.061615
2650.000000 0.160157
2651.000000 0.248257
2652.000000 0.101571
2653.000000 0.127926
2654.000000 0.191107
2655.000000 0.089126
2656.000000 0.018430
2657.000000 0.083120
2658.000000 0.024587
2659.000000 0.129517
2660.000000 0.172736
2661.000000 0.036508
2662.000000 0.116116
2663.000000 0.119706
2664.000000 0.032906
2665.000000 0.071213
2666.000000 0.011356
2667.000000 0.205711
2668.000000 0.276564
2669.000000 0.058401
2670.000000 0.017983
2671.000000 0.083423
2672.000000 0.091510
2673.000000 0.374826
2674.000000 0.021629
2675.000000 0.076782
2676.000000 0.067569
2677.000000 0.117822
2678.000000 0.080148
2679.000000 0.123609
2680.000000 0.172638
2681.000000 0.075123
2682.000000 0.256785
2683.000000 0.120382
2684.000000 0.175375
2685.000000 0.068404
2686.000000 0.130243
2687.000000 0.095550
2688.000000 0.139452
2689.000000 0.183820
2690.000000 0.107792
2691.000000 0.171669
2692.000000 0.006893
2693.000000 0.235329
2694.000000 0.123344
2695.000000 0.091991
2696.000000 0.157358
2697.000000 0.080612
2698.000000 0.077152
2699.000000 0.110067
2700.000000 0.268428
2701.000000 0.020898
2702.000000 0.197901
2703.000000 0.221045
2704.000000 0.056741
2705.000000 0.152462
2706.000000 0.069616
2707.000000 0.114174
2708.000000 0.063399
2709.000000 0.101702
2710.000000 0.074490
2711.000000 0.120226
2712.000000 0.176856
2713.000000 0.094032
2714.000000 0.114466
2715.000000 0.061558
2716.000000 0.063376
2717.000000 0.045306
2718.000000 0.102875
2719.000000 0.045744
2720.000000 0.187169
2721.000000 0.071293
2722.000000 0.251191
2723.000000 0.131073
2724.000000 0.082920
2725.000000 0.204572
2726.000000 0.083503
2727.000000 0.058531
2728.000000 0.123382
2729.000000 0.188828
2730.000000 0.129765
2731.000000 0.125829
2732.000000 0.158982
2733.000000 0.069947
2734.000000 0.188377
2735.000000 0.090070
2736.000000 0.126122
2737.000000 0.284694
2738.000000 0.154637
2739.000000 0.121668
2740.000000 0.186019
2741.000000 0.080630
2742.000000 0.176080
2743.000000 0.063808
2744.000000 0.028211
2745.000000 0.166011
2746.000000 0.227180
2747.000000 0.153321
2748.000000 0.076307
2749.000000 0.074618
2750.000000 0.250579
2751.000000 0.123552
2752.000000 0.315169
2753.000000 0.238708
2754.000000 0.180790
2755.000000 0.155589
2756.000000 0.089051
2757.000000 0.168873
2758.000000 0.054369
2759.000000 0.036250
2760.000000 0.096160
2761.000000 0.284451
2762.000000 0.342502
2763.000000 0.244727
2764.000000 0.117533
2765.000000 0.079151
2766.000000 0.280391
2767.000000 0.101515
2768.000000 0.140317
2769.000000 0.096301
2770.000000 0.208118
2771.000000 0.102143
2772.000000 0.166087
2773.000000 0.137521
2774.000000 0.216330
2775.000000 0.173990
2776.000000 0.152716
2777.000000 0.085807
2778.000000 0.138997
2779.000000 0.122887
2780.000000 0.087247
2781.000000 0.173777
2782.000000 0.094490
2783.000000 0.144045
2784.000000 0.196752
2785.000000 0.265400
2786.000000 0.103776
2787.000000 0.110104
2788.000000 0.117930
2789.000000 0.124107
2790.000000 0.139597
2791.000000 0.103368
2792.000000 0.139524
2793.000000 0.115322
2794.000000 0.080461
2795.000000 0.072915
2796.000000 0.117472
2797.000000 0.054312
2798.000000 0.148771
2799.000000 0.168950
2800.000000 0.134729
2801.000000 0.091822
2802.000000 0.031166
2803.000000 0.062878
2804.000000 0.033887
2805.000000 0.102336
2806.000000 0.160971
2807.000000 0.072867
2808.000000 0.152781
2809.000000 0.108553
2810.000000 0.203552
2811.000000 0.071532
2812.000000 0.229229
2813.000000 0.111350
2814.000000 0.086554
2815.000000 0.172503
2816.000000 0.349050
2817.000000 0.034313
2818.000000 0.135104
2819.000000 0.094021
2820.000000 0.158975
2821.000000 0.110810
2822.000000 0.173321
2823.000000 0.029327
2824.000000 0.056444
2825.000000 0.063668
2826.000000 0.169684
2827.000000 0.091972
2828.000000 0.090384
2829.000000 0.104884
2830.000000 0.060631
2831.000000 0.154200
2832.000000 0.130439
2833.000000 0.243543
2834.000000 0.086238
2835.000000 0.197098
2836.000000 0.303731
2837.000000 0.117035
2838.000000 0.087600
2839.000000 0.048816
2840.000000 0.094908
2841.000000 0.129846
2842.000000 0.083564
2843.000000 0.122380
2844.000000 0.112237
2845.000000 0.295162
2846.000000 0.105212
2847.000000 0.201708
2848.000000 0.106781
2849.000000 0.117323
2850.000000 0.200126
2851.000000 0.034750
2852.000000 0.159627
2853.000000 0.069219
2854.000000 0.178240
2855.000000 0.019269
2856.000000 0.068311
2857.000000 0.143582
2858.000000 0.131467
2859.000000 0.222995
2860.000000 0.239842
2861.000000 0.157451
2862.000000 0.218172
2863.000000 0.116160
2864.000000 0.135903
2865.000000 0.157724
2866.000000 0.100526
2867.000000 0.142188
2868.000000 0.135493
2869.000000 0.228361
2870.000000 0.057839
2871.000000 0.117457
2872.000000 0.102396
2873.000000 0.077165
2874.000000 0.096285
2875.000000 0.159655
2876.000000 0.055693
2877.000000 0.042985
2878.000000 0.093721
2879.000000 0.275224
2880.000000 0.063321
2881.000000 0.092165
2882.000000 0.033742
2883.000000 0.130561
2884.000000 0.030251
2885.000000 0.115287
2886.000000 0.112927
2887.000000 0.129463
2888.000000 0.269538
2889.000000 0.177249
2890.000000 0.142836
2891.000000 0.032149
2892.000000 0.175281
2893.000000 0.055490
2894.000000 0.132498
2895.000000 0.158168
2896.000000 0.165452
2897.000000 0.051054
2898.000000 0.084738
2899.000000 0.207792
2900.000000 0.076703
2901.000000 0.099707
2902.000000 0.184772
2903.000000 0.020297
2904.000000 0.079997
2905.000000 0.159134
2906.000000 0.191920
2907.000000 0.083703
2908.000000 0.068264
2909.000000 0.112447
2910.000000 0.076026
2911.000000 0.097613
2912.000000 0.133602
2913.000000 0.155262
2914.000000 0.223354
2915.000000 0.103307
2916.000000 0.162773
2917.000000 0.117543
2918.000000 0.102697
2919.000000 0.176106
2920.000000 0.055665
2921.000000 0.206159
2922.000000 0.252301
2923.000000 0.081589
2924.000000 0.087968
2925.000000 0.201979
2926.000000 0.180435
2927.000000 0.083084
2928.000000 0.067626
2929.000000 0.076268
2930.000000 0.053379
2931.000000 0.150884
2932.000000 0.351048
2933.000000 0.056103
2934.000000 0.207687
2935.000000 0.102828
2936.000000 0.125430
2937.000000 0.129266
2938.000000 0.105207
2939.000000 0.075341
2940.000000 0.028900
2941.000000 0.228300
2942.000000 0.161049
2943.000000 0.111205
2944.000000 0.051232
2945.000000 0.118760
2946.000000 0.103808
2947.000000 0.060426
2948.000000 0.113148
2949.000000 0.149088
2950.000000 0.071188
2951.000000 0.174192
2952.000000 0.118604
2953.000000 0.059766
2954.000000 0.041684
2955.000000 0.107147
2956.000000 0.121027
2957.000000 0.314398
2958.000000 0.261296
2959.000000 0.220435
2960.000000 0.156785
2961.000000 0.091754
2962.000000 0.075341
2963.000000 0.027221
2964.000000 0.089188
2965.000000 0.099998
2966.000000 0.112938
2967.000000 0.102827
2968.000000 0.219928
2969.000000 0.157700
2970.000000 0.123332
2971.000000 0.130179
2972.000000 0.035578
2973.000000 0.121261
2974.000000 0.096288
2975.000000 0.224493
2976.000000 0.065270
2977.000000 0.064345
2978.000000 0.244613
2979.000000 0.109534
2980.000000 0.199531
2981.000000 0.072096
2982.000000 0.243926
2983.000000 0.264621
2984.000000 0.176980
2985.000000 0.146756
2986.000000 0.060614
2987.000000 0.160497
2988.000000 0.115468
2989.000000 0.139912
2990.000000 0.105161
2991.000000 0.211109
2992.000000 0.029594
2993.000000 0.039647
2994.000000 0.156950
2995.000000 0.211927
2996.000000 0.181743
2997.000000 0.080622
2998.000000 0.024277
2999.000000 0.160411
3000.000000 0.138862
