0.000000 0.008885
1.000000 0.377885
2.000000 0.058713
3.000000 0.150724
4.000000 0.069419
5.000000 0.188433
6.000000 0.035080
7.000000 0.102077
8.000000 0.116488
9.000000 0.022031
10.000000 0.035368
11.000000 0.107740
12.000000 0.232672
13.000000 0.114982
14.000000 0.190807
15.000000 0.174733
16.000000 0.173555
17.000000 0.156631
18.000000 0.105007
19.000000 0.055265
20.000000 0.292934
21.000000 0.062347
22.000000 0.140254
23.000000 0.359654
24.000000 0.136037
25.000000 0.096293
26.000000 0.102174
27.000000 0.077511
28.000000 0.145112
29.000000 0.116175
30.000000 0.103892
31.000000 0.072113
32.000000 0.027541
33.000000 0.004141
34.000000 0.143225
35.000000 0.069443
36.000000 0.146261
37.000000 0.219392
38.000000 0.217352
39.000000 0.265532
40.000000 0.177279
41.000000 0.170239
42.000000 0.071248
43.000000 0.189509
44.000000 0.078561
45.000000 0.037976
46.000000 0.091048
47.000000 0.038928
48.000000 0.062060
49.000000 0.266979
50.000000 0.011529
51.000000 0.189084
52.000000 0.144428
53.000000 0.079843
54.000000 0.141400
55.000000 0.208571
56.000000 0.116194
57.000000 0.047826
58.000000 0.086776
59.000000 0.155171
60.000000 0.200260
61.000000 0.018496
62.000000 0.124486
63.000000 0.237119
64.000000 0.037607
65.000000 0.103298
66.000000 0.069331
67.000000 0.026350
68.000000 0.155673
69.000000 0.105135
70.000000 0.238303
71.000000 0.204276
72.000000 0.110585
73.000000 0.081747
74.000000 0.129891
75.000000 0.083747
76.000000 0.144771
77.000000 0.084070
78.000000 0.143616
79.000000 0.131987
80.000000 0.107154
81.000000 0.301574
82.000000 0.084870
83.000000 0.194647
84.000000 0.069272
85.000000 0.169277
86.000000 0.402558
87.000000 0.096718
88.000000 0.058385
89.000000 0.168467
90.000000 0.029679
91.000000 0.128099
92.000000 0.276353
93.000000 0.213595
94.000000 0.114653
95.000000 0.067530
96.000000 0.119932
97.000000 0.116761
98.000000 0.070595
99.000000 0.136426
100.000000 0.107523
101.000000 0.067073
102.000000 0.081955
103.000000 0.078022
104.000000 0.083212
105.000000 0.123058
106.000000 0.045293
107.000000 0.142594
108.000000 0.102338
109.000000 0.095431
110.000000 0.096275
111.000000 0.162539
112.000000 0.084520
113.000000 0.193191
114.000000 0.061272
115.000000 0.060437
116.000000 0.081762
117.000000 0.316119
118.000000 0.119092
119.000000 0.096737
120.000000 0.106162
121.000000 0.171758
122.000000 0.073019
123.000000 0.196774
124.000000 0.031053
125.000000 0.218300
126.000000 0.200427
127.000000 0.069803
128.000000 0.239959
129.000000 0.102837
130.000000 0.227596
131.000000 0.118118
132.000000 0.066406
133.000000 0.075444
134.000000 0.138645
135.000000 0.172183
136.000000 0.067879
137.000000 0.051187
138.000000 0.116991
139.000000 0.073930
140.000000 0.049534
141.000000 0.186936
142.000000 0.026150
143.000000 0.067611
144.000000 0.127085
145.000000 0.244710
146.000000 0.031952
147.000000 0.047091
148.000000 0.187967
149.000000 0.137680
150.000000 0.083194
151.000000 0.178073
152.000000 0.145445
153.000000 0.046325
154.000000 0.062079
155.000000 0.136151
156.000000 0.076200
157.000000 0.094007
158.000000 0.112881
159.000000 0.043756
160.000000 0.090334
161.000000 0.139755
162.000000 0.146811
163.000000 0.089942
164.000000 0.037590
165.000000 0.196531
166.000000 0.235717
167.000000 0.046996
168.000000 0.179910
169.000000 0.096190
170.000000 0.313774
171.000000 0.099288
172.000000 0.115435
173.000000 0.106461
174.000000 0.119950
175.000000 0.163036
176.000000 0.223020
177.000000 0.175814
178.000000 0.088436
179.000000 0.088886
180.000000 0.030333
181.000000 0.085876
182.000000 0.057157
183.000000 0.095455
184.000000 0.087306
185.000000 0.077800
186.000000 0.160278
187.000000 0.091097
188.000000 0.025052
189.000000 0.103929
190.000000 0.026636
191.000000 0.168025
192.000000 0.038180
193.000000 0.060652
194.000000 0.065327
195.000000 0.148102
196.000000 0.138642
197.000000 0.043672
198.000000 0.096222
199.000000 0.131188
200.000000 0.196560
201.000000 0.212077
202.000000 0.164965
203.000000 0.026718
204.000000 0.047305
205.000000 0.048564
206.000000 0.151494
207.000000 0.100598
208.000000 0.176283
209.000000 0.012961
210.000000 0.018883
211.000000 0.129434
212.000000 0.239839
213.000000 0.070214
214.000000 0.156520
215.000000 0.197256
216.000000 0.091601
217.000000 0.157222
218.000000 0.211256
219.000000 0.142209
220.000000 0.274623
221.000000 0.165807
222.000000 0.158078
223.000000 0.137043
224.000000 0.115596
225.000000 0.102870
226.000000 0.185509
227.000000 0.152946
228.000000 0.133255
229.000000 0.071163
230.000000 0.043933
231.000000 0.082949
232.000000 0.032307
233.000000 0.058614
234.000000 0.036518
235.000000 0.038407
236.000000 0.162906
237.000000 0.022785
238.000000 0.152279
239.000000 0.095205
240.000000 0.053588
241.000000 0.172891
242.000000 0.187013
243.000000 0.108186
244.000000 0.255845
245.000000 0.194706
246.000000 0.023571
247.000000 0.111378
248.000000 0.124096
249.000000 0.070131
250.000000 0.063372
251.000000 0.279248
252.000000 0.097985
253.000000 0.164346
254.000000 0.018661
255.000000 0.078116
256.000000 0.072654
257.000000 0.099957
258.000000 0.152596
259.000000 0.022049
260.000000 0.075098
261.000000 0.193091
262.000000 0.108876
263.000000 0.077210
264.000000 0.228989
265.000000 0.109189
266.000000 0.036413
267.000000 0.336565
268.000000 0.219635
269.000000 0.148280
270.000000 0.076518
271.000000 0.071781
272.000000 0.135635
273.000000 0.110652
274.000000 0.165278
275.000000 0.099740
276.000000 0.028142
277.000000 0.045501
278.000000 0.092453
279.000000 0.036356
280.000000 0.093439
281.000000 0.132551
282.000000 0.248281
283.000000 0.222586
284.000000 0.100651
285.000000 0.127659
286.000000 0.104022
287.000000 0.087684
288.000000 0.025346
289.000000 0.183903
290.000000 0.068039
291.000000 0.179280
292.000000 0.153769
293.000000 0.105616
294.000000 0.087582
295.000000 0.059004
296.000000 0.124586
297.000000 0.144848
298.000000 0.102473
299.000000 0.114680
300.000000 0.092415
301.000000 0.076506
302.000000 0.177157
303.000000 0.079974
304.000000 0.142880
305.000000 0.162272
306.000000 0.114847
307.000000 0.154984
308.000000 0.237172
309.000000 0.136824
310.000000 0.240187
311.000000 0.049702
312.000000 0.070895
313.000000 0.274564
314.000000 0.039072
315.000000 0.188705
316.000000 0.085154
317.000000 0.052140
318.000000 0.109054
319.000000 0.117974
320.000000 0.074968
321.000000 0.098620
322.000000 0.137626
323.000000 0.090930
324.000000 0.103270
325.000000 0.088044
326.000000 0.176032
327.000000 0.086104
328.000000 0.184029
329.000000 0.033533
330.000000 0.164520
331.000000 0.121793
332.000000 0.033111
333.000000 0.110700
334.000000 0.127107
335.000000 0.144487
336.000000 0.079143
337.000000 0.043039
338.000000 0.074367
339.000000 0.127826
340.000000 0.305986
341.000000 0.072520
342.000000 0.146714
343.000000 0.080780
344.000000 0.195381
345.000000 0.111019
346.000000 0.242190
347.000000 0.109779
348.000000 0.156191
349.000000 0.173866
350.000000 0.062526
351.000000 0.113128
352.000000 0.165975
353.000000 0.175066
354.000000 0.065370
355.000000 0.169531
356.000000 0.042706
357.000000 0.186102
358.000000 0.092634
359.000000 0.128392
360.000000 0.177860
361.000000 0.164762
362.000000 0.032900
363.000000 0.120576
364.000000 0.093468
365.000000 0.125802
366.000000 0.209479
367.000000 0.170334
368.000000 0.024424
369.000000 0.089768
370.000000 0.180711
371.000000 0.333257
372.000000 0.122709
373.000000 0.057372
374.000000 0.106805
375.000000 0.167017
376.000000 0.138559
377.000000 0.079775
378.000000 0.050418
379.000000 0.057245
380.000000 0.050387
381.000000 0.030092
382.000000 0.165826
383.000000 0.163455
384.000000 0.161656
385.000000 0.177015
386.000000 0.082129
387.000000 0.220575
388.000000 0.132657
389.000000 0.091242
390.000000 0.070167
391.000000 0.195278
392.000000 0.147362
393.000000 0.021674
394.000000 0.164580
395.000000 0.048213
396.000000 0.088371
397.000000 0.027195
398.000000 0.096447
399.000000 0.120359
400.000000 0.118634
401.000000 0.061399
402.000000 0.089104
403.000000 0.088056
404.000000 0.062098
405.000000 0.096725
406.000000 0.041249
407.000000 0.155146
408.000000 0.092978
409.000000 0.043341
410.000000 0.106007
411.000000 0.257143
412.000000 0.246718
413.000000 0.309626
414.000000 0.179014
415.000000 0.214084
416.000000 0.189665
417.000000 0.176568
418.000000 0.143633
419.000000 0.195155
420.000000 0.107128
421.000000 0.168090
422.000000 0.103091
423.000000 0.140982
424.000000 0.228699
425.000000 0.032068
426.000000 0.065571
427.000000 0.237597
428.000000 0.121227
429.000000 0.092797
430.000000 0.100005
431.000000 0.064463
432.000000 0.190969
433.000000 0.252795
434.000000 0.147543
435.000000 0.172922
436.000000 0.045317
437.000000 0.182928
438.000000 0.090803
439.000000 0.183131
440.000000 0.166392
441.000000 0.103723
442.000000 0.276445
443.000000 0.114663
444.000000 0.090492
445.000000 0.107800
446.000000 0.105808
447.000000 0.133654
448.000000 0.110835
449.000000 0.027033
450.000000 0.124925
451.000000 0.174528
452.000000 0.181834
453.000000 0.235260
454.000000 0.125469
455.000000 0.184750
456.000000 0.084777
457.000000 0.194435
458.000000 0.142101
459.000000 0.250022
460.000000 0.026755
461.000000 0.048443
462.000000 0.057463
463.000000 0.069531
464.000000 0.135425
465.000000 0.067439
466.000000 0.149006
467.000000 0.071207
468.000000 0.074209
469.000000 0.189398
470.000000 0.114737
471.000000 0.083082
472.000000 0.173568
473.000000 0.204690
474.000000 0.155398
475.000000 0.025976
476.000000 0.099029
477.000000 0.097787
478.000000 0.105505
479.000000 0.105272
480.000000 0.080624
481.000000 0.132912
482.000000 0.064651
483.000000 0.059577
484.000000 0.171918
485.000000 0.210283
486.000000 0.130464
487.000000 0.156162
488.000000 0.129851
489.000000 0.079352
490.000000 0.134804
491.000000 0.217641
492.000000 0.386344
493.000000 0.079246
494.000000 0.313536
495.000000 0.144870
496.000000 0.098066
497.000000 0.247205
498.000000 0.034308
499.000000 0.158035
500.000000 0.117357
501.000000 0.049428
502.000000 0.028635
503.000000 0.128858
504.000000 0.148231
505.000000 0.168361
506.000000 0.195399
507.000000 0.111972
508.000000 0.017017
509.000000 0.145889
510.000000 0.101847
511.000000 0.107521
512.000000 0.091712
513.000000 0.191891
514.000000 0.055766
515.000000 0.107962
516.000000 0.155637
517.000000 0.107792
518.000000 0.112504
519.000000 0.104409
520.000000 0.111531
521.000000 0.121196
522.000000 0.111041
523.000000 0.191134
524.000000 0.055709
525.000000 0.137484
526.000000 0.066877
527.000000 0.083734
528.000000 0.204609
529.000000 0.011654
530.000000 0.084663
531.000000 0.248365
532.000000 0.031487
533.000000 0.253690
534.000000 0.100264
535.000000 0.127363
536.000000 0.117214
537.000000 0.108834
538.000000 0.145755
539.000000 0.238639
540.000000 0.088661
541.000000 0.046360
542.000000 0.046664
543.000000 0.038358
544.000000 0.099674
545.000000 0.069733
546.000000 0.170006
547.000000 0.118552
548.000000 0.194665
549.000000 0.081102
550.000000 0.132562
551.000000 0.145964
552.000000 0.152083
553.000000 0.174048
554.000000 0.088056
555.000000 0.096448
556.000000 0.085995
557.000000 0.088407
558.000000 0.118476
559.000000 0.174734
560.000000 0.238716
561.000000 0.031096
562.000000 0.073853
563.000000 0.094897
564.000000 0.165610
565.000000 0.212757
566.000000 0.062371
567.000000 0.274498
568.000000 0.022175
569.000000 0.021503
570.000000 0.152211
571.000000 0.169327
572.000000 0.166759
573.000000 0.091444
574.000000 0.183245
575.000000 0.103815
576.000000 0.038021
577.000000 0.118962
578.000000 0.160080
579.000000 0.135962
580.000000 0.166337
581.000000 0.082603
582.000000 0.179157
583.000000 0.199201
584.000000 0.185905
585.000000 0.105758
586.000000 0.104655
587.000000 0.070240
588.000000 0.031795
589.000000 0.089661
590.000000 0.070579
591.000000 0.015814
592.000000 0.150715
593.000000 0.071554
594.000000 0.194903
595.000000 0.225543
596.000000 0.068853
597.000000 0.234211
598.000000 0.201436
599.000000 0.118289
600.000000 0.112950
601.000000 0.124361
602.000000 0.100824
603.000000 0.033460
604.000000 0.048506
605.000000 0.177438
606.000000 0.155959
607.000000 0.163728
608.000000 0.203907
609.000000 0.137002
610.000000 0.205405
611.000000 0.040431
612.000000 0.063994
613.000000 0.200792
614.000000 0.194481
615.000000 0.201013
616.000000 0.204604
617.000000 0.195042
618.000000 0.180234
619.000000 0.110757
620.000000 0.032930
621.000000 0.149241
622.000000 0.108601
623.000000 0.070433
624.000000 0.189049
625.000000 0.067624
626.000000 0.212799
627.000000 0.104419
628.000000 0.123305
629.000000 0.166778
630.000000 0.199922
631.000000 0.107109
632.000000 0.152073
633.000000 0.146521
634.000000 0.112521
635.000000 0.099323
636.000000 0.107312
637.000000 0.112448
638.000000 0.147822
639.000000 0.233888
640.000000 0.047301
641.000000 0.286802
642.000000 0.108272
643.000000 0.077139
644.000000 0.065414
645.000000 0.240416
646.000000 0.133568
647.000000 0.138021
648.000000 0.133814
649.000000 0.168866
650.000000 0.054143
651.000000 0.037121
652.000000 0.114751
653.000000 0.066711
654.000000 0.098975
655.000000 0.063151
656.000000 0.059121
657.000000 0.065462
658.000000 0.046305
659.000000 0.129890
660.000000 0.112933
661.000000 0.137042
662.000000 0.137051
663.000000 0.211773
664.000000 0.123103
665.000000 0.082348
666.000000 0.065938
667.000000 0.116083
668.000000 0.100760
669.000000 0.126402
670.000000 0.171319
671.000000 0.103647
672.000000 0.041409
673.000000 0.051425
674.000000 0.254376
675.000000 0.129106
676.000000 0.044832
677.000000 0.096218
678.000000 0.234656
679.000000 0.135768
680.000000 0.157822
681.000000 0.131822
682.000000 0.290563
683.000000 0.108316
684.000000 0.077001
685.000000 0.269703
686.000000 0.078307
687.000000 0.045297
688.000000 0.150334
689.000000 0.014402
690.000000 0.172852
691.000000 0.036099
692.000000 0.170420
693.000000 0.197710
694.000000 0.158989
695.000000 0.118981
696.000000 0.079138
697.000000 0.047485
698.000000 0.097062
699.000000 0.138094
700.000000 0.072794
701.000000 0.116196
702.000000 0.102848
703.000000 0.082664
704.000000 0.126809
705.000000 0.216463
706.000000 0.261610
707.000000 0.039440
708.000000 0.118242
709.000000 0.078694
710.000000 0.133255
711.000000 0.098874
712.000000 0.017674
713.000000 0.082493
714.000000 0.033481
715.000000 0.156807
716.000000 0.056283
717.000000 0.103345
718.000000 0.099769
719.000000 0.146569
720.000000 0.175306
721.000000 0.210474
722.000000 0.104399
723.000000 0.160207
724.000000 0.125557
725.000000 0.215736
726.000000 0.107399
727.000000 0.115641
728.000000 0.081327
729.000000 0.266727
730.000000 0.033897
731.000000 0.072386
732.000000 0.191038
733.000000 0.124972
734.000000 0.265917
735.000000 0.216186
736.000000 0.125101
737.000000 0.185075
738.000000 0.057149
739.000000 0.192409
740.000000 0.102352
741.000000 0.080940
742.000000 0.136486
743.000000 0.131896
744.000000 0.213517
745.000000 0.121950
746.000000 0.130353
747.000000 0.228743
748.000000 0.057332
749.000000 0.208462
750.000000 0.094819
751.000000 0.072072
752.000000 0.106836
753.000000 0.035016
754.000000 0.036641
755.000000 0.115389
756.000000 0.095957
757.000000 0.148335
758.000000 0.116318
759.000000 0.090502
760.000000 0.071850
761.000000 0.143289
762.000000 0.193727
763.000000 0.242835
764.000000 0.048094
765.000000 0.042467
766.000000 0.146480
767.000000 0.059247
768.000000 0.172974
769.000000 0.090778
770.000000 0.150181
771.000000 0.119023
772.000000 0.206687
773.000000 0.091599
774.000000 0.138060
775.000000 0.091150
776.000000 0.184579
777.000000 0.095320
778.000000 0.110369
779.000000 0.176396
780.000000 0.146340
781.000000 0.055329
782.000000 0.094409
783.000000 0.095033
784.000000 0.209906
785.000000 0.150324
786.000000 0.069799
787.000000 0.078545
788.000000 0.152569
789.000000 0.204145
790.000000 0.196568
791.000000 0.076301
792.000000 0.010508
793.000000 0.081219
794.000000 0.074107
795.000000 0.156610
796.000000 0.166249
797.000000 0.107223
798.000000 0.096688
799.000000 0.005866
800.000000 0.031287
801.000000 0.138214
802.000000 0.167572
803.000000 0.073918
804.000000 0.174037
805.000000 0.164330
806.000000 0.210792
807.000000 0.083522
808.000000 0.059599
809.000000 0.215626
810.000000 0.135949
811.000000 0.115571
812.000000 0.117681
813.000000 0.142024
814.000000 0.178080
815.000000 0.144320
816.000000 0.048538
817.000000 0.113184
818.000000 0.244859
819.000000 0.132054
820.000000 0.089960
821.000000 0.214151
822.000000 0.125437
823.000000 0.029347
824.000000 0.073443
825.000000 0.021875
826.000000 0.153673
827.000000 0.113746
828.000000 0.169854
829.000000 0.129847
830.000000 0.279922
831.000000 0.171446
832.000000 0.047967
833.000000 0.121432
834.000000 0.061524
835.000000 0.059523
836.000000 0.188561
837.000000 0.134615
838.000000 0.116118
839.000000 0.132634
840.000000 0.027396
841.000000 0.140780
842.000000 0.217352
843.000000 0.184756
844.000000 0.139251
845.000000 0.037464
846.000000 0.058004
847.000000 0.120342
848.000000 0.021916
849.000000 0.139457
850.000000 0.114596
851.000000 0.163011
852.000000 0.053581
853.000000 0.086128
854.000000 0.120208
855.000000 0.231606
856.000000 0.178444
857.000000 0.110139
858.000000 0.082779
859.000000 0.103756
860.000000 0.209293
861.000000 0.012429
862.000000 0.087359
863.000000 0.353651
864.000000 0.174502
865.000000 0.172165
866.000000 0.241347
867.000000 0.159726
868.000000 0.143024
869.000000 0.066887
870.000000 0.129759
871.000000 0.250688
872.000000 0.054445
873.000000 0.060800
874.000000 0.057351
875.000000 0.166299
876.000000 0.115272
877.000000 0.259179
878.000000 0.204600
879.000000 0.061844
880.000000 0.063847
881.000000 0.127166
882.000000 0.127604
883.000000 0.268704
884.000000 0.072144
885.000000 0.148644
886.000000 0.139123
887.000000 0.149923
888.000000 0.075666
889.000000 0.092575
890.000000 0.156740
891.000000 0.091071
892.000000 0.041338
893.000000 0.112891
894.000000 0.104945
895.000000 0.089211
896.000000 0.138740
897.000000 0.104666
898.000000 0.133022
899.000000 0.069086
900.000000 0.142020
901.000000 0.156742
902.000000 0.100039
903.000000 0.174667
904.000000 0.284676
905.000000 0.063553
906.000000 0.163213
907.000000 0.063005
908.000000 0.164286
909.000000 0.222657
910.000000 0.154724
911.000000 0.085989
912.000000 0.108809
913.000000 0.072563
914.000000 0.075365
915.000000 0.213431
916.000000 0.063025
917.000000 0.130883
918.000000 0.135295
919.000000 0.281883
920.000000 0.203557
921.000000 0.047605
922.000000 0.285594
923.000000 0.074375
924.000000 0.004905
925.000000 0.187561
926.000000 0.054351
927.000000 0.040220
928.000000 0.147854
929.000000 0.205695
930.000000 0.148788
931.000000 0.143069
932.000000 0.168641
933.000000 0.111176
934.000000 0.192758
935.000000 0.178243
936.000000 0.100715
937.000000 0.090602
938.000000 0.187214
939.000000 0.010540
940.000000 0.014789
941.000000 0.065408
942.000000 0.126182
943.000000 0.155547
944.000000 0.375496
945.000000 0.062740
946.000000 0.208612
947.000000 0.131155
948.000000 0.017898
949.000000 0.066294
950.000000 0.141427
951.000000 0.206556
952.000000 0.276341
953.000000 0.210686
954.000000 0.123225
955.000000 0.044731
956.000000 0.251461
957.000000 0.113647
958.000000 0.222072
959.000000 0.190496
960.000000 0.043620
961.000000 0.177389
962.000000 0.111782
963.000000 0.015010
964.000000 0.250305
965.000000 0.062560
966.000000 0.044715
967.000000 0.001232
968.000000 0.077000
969.000000 0.069022
970.000000 0.105245
971.000000 0.094986
972.000000 0.152094
973.000000 0.030880
974.000000 0.047365
975.000000 0.168079
976.000000 0.133746
977.000000 0.103057
978.000000 0.200610
979.000000 0.205470
980.000000 0.006646
981.000000 0.070752
982.000000 0.126955
983.000000 0.246821
984.000000 0.063277
985.000000 0.179788
986.000000 0.249359
987.000000 0.113347
988.000000 0.067757
989.000000 0.120758
990.000000 0.107630
991.000000 0.071413
992.000000 0.142919
993.000000 0.210855
994.000000 0.146954
995.000000 0.007852
996.000000 0.036983
997.000000 0.210888
998.000000 0.157757
999.000000 0.142276
1000.000000 0.132073
1001.000000 0.093806
1002.000000 0.142077
1003.000000 0.122353
1004.000000 0.104707
1005.000000 0.082860
1006.000000 0.168844
1007.000000 0.091361
1008.000000 0.149825
1009.000000 0.133649
1010.000000 0.152332
1011.000000 0.022816
1012.000000 0.041168
1013.000000 0.124941
1014.000000 0.062981
1015.000000 0.226898
1016.000000 0.148163
1017.000000 0.061960
1018.000000 0.152368
1019.000000 0.302780
1020.000000 0.261320
1021.000000 0.076570
1022.000000 0.168592
1023.000000 0.275099
1024.000000 0.039312
1025.000000 0.067236
1026.000000 0.062336
1027.000000 0.033194
1028.000000 0.216040
1029.000000 0.075419
1030.000000 0.049204
1031.000000 0.058346
1032.000000 0.264325
1033.000000 0.104729
1034.000000 0.095078
1035.000000 0.113692
1036.000000 0.054180
1037.000000 0.270382
1038.000000 0.083069
1039.000000 0.132285
1040.000000 0.076186
1041.000000 0.125032
1042.000000 0.194544
1043.000000 0.165600
1044.000000 0.212775
1045.000000 0.021274
1046.000000 0.130731
1047.000000 0.158235
1048.000000 0.141141
1049.000000 0.163633
1050.000000 0.140056
1051.000000 0.108582
1052.000000 0.118855
1053.000000 0.168675
1054.000000 0.046154
1055.000000 0.033026
1056.000000 0.201675
1057.000000 0.135885
1058.000000 0.045361
1059.000000 0.193528
1060.000000 0.129455
1061.000000 0.128111
1062.000000 0.072899
1063.000000 0.118221
1064.000000 0.065420
1065.000000 0.068168
1066.000000 0.188570
1067.000000 0.104550
1068.000000 0.207041
1069.000000 0.001535
1070.000000 0.109602
1071.000000 0.043864
1072.000000 0.082602
1073.000000 0.223510
1074.000000 0.049232
1075.000000 0.317633
1076.000000 0.179037
1077.000000 0.230821
1078.000000 0.144187
1079.000000 0.124654
1080.000000 0.148020
1081.000000 0.131927
1082.000000 0.094954
1083.000000 0.129845
1084.000000 0.112036
1085.000000 0.058562
1086.000000 0.203644
1087.000000 0.124592
1088.000000 0.179858
1089.000000 0.137316
1090.000000 0.050212
1091.000000 0.047513
1092.000000 0.169833
1093.000000 0.081496
1094.000000 0.137008
1095.000000 0.146871
1096.000000 0.092604
1097.000000 0.139933
1098.000000 0.144397
1099.000000 0.045019
1100.000000 0.166974
1101.000000 0.208674
1102.000000 0.029768
1103.000000 0.095423
1104.000000 0.121397
1105.000000 0.154483
1106.000000 0.074908
1107.000000 0.136804
1108.000000 0.074714
1109.000000 0.262072
1110.000000 0.207339
1111.000000 0.173390
1112.000000 0.169171
1113.000000 0.098199
1114.000000 0.122074
1115.000000 0.088010
1116.000000 0.034923
1117.000000 0.227732
1118.000000 0.110743
1119.000000 0.176082
1120.000000 0.151165
1121.000000 0.158946
1122.000000 0.057561
1123.000000 0.020672
1124.000000 0.096882
1125.000000 0.121899
1126.000000 0.132839
1127.000000 0.076043
1128.000000 0.102462
1129.000000 0.227551
1130.000000 0.224422
1131.000000 0.190476
1132.000000 0.156091
1133.000000 0.054760
1134.000000 0.185171
1135.000000 0.161640
1136.000000 0.098485
1137.000000 0.101829
1138.000000 0.031041
1139.000000 0.243078
1140.000000 0.086939
1141.000000 0.028987
1142.000000 0.037167
1143.000000 0.263752
1144.000000 0.130064
1145.000000 0.092086
1146.000000 0.015428
1147.000000 0.157773
1148.000000 0.123502
1149.000000 0.068974
1150.000000 0.029894
1151.000000 0.135500
1152.000000 0.158992
1153.000000 0.066625
1154.000000 0.115091
1155.000000 0.111468
1156.000000 0.298351
1157.000000 0.154086
1158.000000 0.158099
1159.000000 0.117586
1160.000000 0.191051
1161.000000 0.224236
1162.000000 0.136828
1163.000000 0.201676
1164.000000 0.234725
1165.000000 0.139897
1166.000000 0.255553
1167.000000 0.059748
1168.000000 0.093934
1169.000000 0.071049
1170.000000 0.034936
1171.000000 0.129442
1172.000000 0.093741
1173.000000 0.047470
1174.000000 0.042107
1175.000000 0.146876
1176.000000 0.054092
1177.000000 0.212906
1178.000000 0.169747
1179.000000 0.038869
1180.000000 0.120619
1181.000000 0.094099
1182.000000 0.188532
1183.000000 0.207681
1184.000000 0.140610
1185.000000 0.278163
1186.000000 0.148089
1187.000000 0.121753
1188.000000 0.168809
1189.000000 0.207831
1190.000000 0.070434
1191.000000 0.153632
1192.000000 0.082294
1193.000000 0.055753
1194.000000 0.281406
1195.000000 0.230872
1196.000000 0.149657
1197.000000 0.091921
1198.000000 0.195324
1199.000000 0.196444
1200.000000 0.178734
1201.000000 0.184756
1202.000000 0.051700
1203.000000 0.120332
1204.000000 0.104623
1205.000000 0.087744
1206.000000 0.293750
1207.000000 0.049368
1208.000000 0.109235
1209.000000 0.006866
1210.000000 0.205904
1211.000000 0.114604
1212.000000 0.085957
1213.000000 0.101851
1214.000000 0.061193
1215.000000 0.158322
1216.000000 0.113795
1217.000000 0.033585
1218.000000 0.127111
1219.000000 0.105948
1220.000000 0.063612
1221.000000 0.185412
1222.000000 0.216893
1223.000000 0.032624
1224.000000 0.088069
1225.000000 0.159667
1226.000000 0.021285
1227.000000 0.220771
1228.000000 0.014740
1229.000000 0.117873
1230.000000 0.165601
1231.000000 0.094015
1232.000000 0.218606
1233.000000 0.154345
1234.000000 0.057290
1235.000000 0.083257
1236.000000 0.097480
1237.000000 0.026823
1238.000000 0.108209
1239.000000 0.096228
1240.000000 0.068138
1241.000000 0.097546
1242.000000 0.071299
1243.000000 0.044384
1244.000000 0.115912
1245.000000 0.168402
1246.000000 0.223689
1247.000000 0.068052
1248.000000 0.245791
1249.000000 0.060112
1250.000000 0.193312
1251.000000 0.222095
1252.000000 0.087455
1253.000000 0.161096
1254.000000 0.084568
1255.000000 0.185976
1256.000000 0.070649
1257.000000 0.141962
1258.000000 0.117798
1259.000000 0.205569
1260.000000 0.080320
1261.000000 0.204392
1262.000000 0.066527
1263.000000 0.125296
1264.000000 0.018772
1265.000000 0.141065
1266.000000 0.206066
1267.000000 0.110820
1268.000000 0.083766
1269.000000 0.178297
1270.000000 0.193403
1271.000000 0.166442
1272.000000 0.026157
1273.000000 0.197160
1274.000000 0.083852
1275.000000 0.086481
1276.000000 0.101462
1277.000000 0.090363
1278.000000 0.192893
1279.000000 0.146619
1280.000000 0.227660
1281.000000 0.133136
1282.000000 0.082517
1283.000000 0.088921
1284.000000 0.056209
1285.000000 0.123863
1286.000000 0.079916
1287.000000 0.060704
1288.000000 0.117711
1289.000000 0.044273
1290.000000 0.116871
1291.000000 0.150416
1292.000000 0.099255
1293.000000 0.233258
1294.000000 0.060416
1295.000000 0.029820
1296.000000 0.104743
1297.000000 0.108353
1298.000000 0.111767
1299.000000 0.090026
1300.000000 0.172562
1301.000000 0.023334
1302.000000 0.022668
1303.000000 0.202028
1304.000000 0.111516
1305.000000 0.203340
1306.000000 0.037043
1307.000000 0.114303
1308.000000 0.150718
1309.000000 0.148011
1310.000000 0.178522
1311.000000 0.079164
1312.000000 0.167967
1313.000000 0.200404
1314.000000 0.113378
1315.000000 0.160653
1316.000000 0.269897
1317.000000 0.178273
1318.000000 0.095926
1319.000000 0.090387
1320.000000 0.108262
1321.000000 0.163888
1322.000000 0.029162
1323.000000 0.102872
1324.000000 0.145548
1325.000000 0.014355
1326.000000 0.031737
1327.000000 0.037803
1328.000000 0.138498
1329.000000 0.195772
1330.000000 0.230771
1331.000000 0.249658
1332.000000 0.238838
1333.000000 0.090172
1334.000000 0.111653
1335.000000 0.125734
1336.000000 0.166485
1337.000000 0.089906
1338.000000 0.176584
1339.000000 0.133513
1340.000000 0.137305
1341.000000 0.029853
1342.000000 0.116613
1343.000000 0.248641
1344.000000 0.038359
1345.000000 0.292248
1346.000000 0.069066
1347.000000 0.072290
1348.000000 0.071271
1349.000000 0.101810
1350.000000 0.031012
1351.000000 0.126451
1352.000000 0.148944
1353.000000 0.147842
1354.000000 0.073907
1355.000000 0.041010
1356.000000 0.002916
1357.000000 0.092572
1358.000000 0.138842
1359.000000 0.265600
1360.000000 0.201765
1361.000000 0.164310
1362.000000 0.048957
1363.000000 0.167205
1364.000000 0.284707
1365.000000 0.103758
1366.000000 0.056116
1367.000000 0.192575
1368.000000 0.122094
1369.000000 0.143793
1370.000000 0.248864
1371.000000 0.055512
1372.000000 0.115393
1373.000000 0.104298
1374.000000 0.121291
1375.000000 0.154554
1376.000000 0.179552
1377.000000 0.117940
1378.000000 0.067317
1379.000000 0.104403
1380.000000 0.097696
1381.000000 0.132435
1382.000000 0.091415
1383.000000 0.107075
1384.000000 0.110301
1385.000000 0.299916
1386.000000 0.065848
1387.000000 0.086613
1388.000000 0.036452
1389.000000 0.020655
1390.000000 0.251620
1391.000000 0.153797
1392.000000 0.043791
1393.000000 0.186034
1394.000000 0.078987
1395.000000 0.131281
1396.000000 0.097963
1397.000000 0.157527
1398.000000 0.091078
1399.000000 0.110442
1400.000000 0.192316
1401.000000 0.100428
1402.000000 0.126659
1403.000000 0.140502
1404.000000 0.120999
1405.000000 0.067793
1406.000000 0.127880
1407.000000 0.103885
1408.000000 0.067721
1409.000000 0.193028
1410.000000 0.005560
1411.000000 0.181760
1412.000000 0.067955
1413.000000 0.035693
1414.000000 0.248592
1415.000000 0.093689
1416.000000 0.188949
1417.000000 0.064319
1418.000000 0.146083
1419.000000 0.200911
1420.000000 0.109124
1421.000000 0.110731
1422.000000 0.253481
1423.000000 0.119652
1424.000000 0.114009
1425.000000 0.052756
1426.000000 0.113565
1427.000000 0.117405
1428.000000 0.066643
1429.000000 0.042357
1430.000000 0.067501
1431.000000 0.033639
1432.000000 0.126887
1433.000000 0.143991
1434.000000 0.126253
1435.000000 0.115480
1436.000000 0.118266
1437.000000 0.127826
1438.000000 0.142268
1439.000000 0.032323
1440.000000 0.204404
1441.000000 0.119044
1442.000000 0.034649
1443.000000 0.077465
1444.000000 0.154567
1445.000000 0.054104
1446.000000 0.076788
1447.000000 0.042221
1448.000000 0.177519
1449.000000 0.189696
1450.000000 0.094893
1451.000000 0.140945
1452.000000 0.106645
1453.000000 0.106886
1454.000000 0.018387
1455.000000 0.245641
1456.000000 0.090316
1457.000000 0.173711
1458.000000 0.165053
1459.000000 0.102315
1460.000000 0.123527
1461.000000 0.079690
1462.000000 0.182805
1463.000000 0.145919
1464.000000 0.271610
1465.000000 0.117046
1466.000000 0.190413
1467.000000 0.097434
1468.000000 0.093154
1469.000000 0.044829
1470.000000 0.128204
1471.000000 0.250674
1472.000000 0.107465
1473.000000 0.229919
1474.000000 0.079753
1475.000000 0.104809
1476.000000 0.076286
1477.000000 0.158648
1478.000000 0.109743
1479.000000 0.100739
1480.000000 0.189150
1481.000000 0.150362
1482.000000 0.105041
1483.000000 0.062219
1484.000000 0.267682
1485.000000 0.175551
1486.000000 0.115882
1487.000000 0.119207
1488.000000 0.128061
1489.000000 0.124193
1490.000000 0.184320
1491.000000 0.039105
1492.000000 0.110218
1493.000000 0.178874
1494.000000 0.191286
1495.000000 0.072279
1496.000000 0.060592
1497.000000 0.093845
1498.000000 0.012861
1499.000000 0.104544
1500.000000 0.044253
1501.000000 0.148426
1502.000000 0.151329
1503.000000 0.219424
1504.000000 0.166847
1505.000000 0.120748
1506.000000 0.059470
1507.000000 0.120691
1508.000000 0.130415
1509.000000 0.170905
1510.000000 0.179125
1511.000000 0.113136
1512.000000 0.099360
1513.000000 0.028557
1514.000000 0.071739
1515.000000 0.081451
1516.000000 0.093789
1517.000000 0.296209
1518.000000 0.076611
1519.000000 0.089979
1520.000000 0.134198
1521.000000 0.232157
1522.000000 0.119299
1523.000000 0.078413
1524.000000 0.149650
1525.000000 0.059663
1526.000000 0.239468
1527.000000 0.080120
1528.000000 0.078734
1529.000000 0.235241
1530.000000 0.116565
1531.000000 0.139529
1532.000000 0.078415
1533.000000 0.195888
1534.000000 0.134029
1535.000000 0.181028
1536.000000 0.071963
1537.000000 0.148254
1538.000000 0.077848
1539.000000 0.172367
1540.000000 0.253639
1541.000000 0.209221
1542.000000 0.155140
1543.000000 0.061524
1544.000000 0.101283
1545.000000 0.166457
1546.000000 0.137279
1547.000000 0.050905
1548.000000 0.233402
1549.000000 0.227226
1550.000000 0.170530
1551.000000 0.083515
1552.000000 0.155002
1553.000000 0.216079
1554.000000 0.137649
1555.000000 0.161833
1556.000000 0.091155
1557.000000 0.260775
1558.000000 0.090125
1559.000000 0.226474
1560.000000 0.046506
1561.000000 0.033990
1562.000000 0.218458
1563.000000 0.220164
1564.000000 0.053293
1565.000000 0.107654
1566.000000 0.242520
1567.000000 0.166414
1568.000000 0.036115
1569.000000 0.036962
1570.000000 0.333962
1571.000000 0.188980
1572.000000 0.080491
1573.000000 0.106813
1574.000000 0.118956
1575.000000 0.104600
1576.000000 0.060146
1577.000000 0.227458
1578.000000 0.122783
1579.000000 0.205373
1580.000000 0.300773
1581.000000 0.171958
1582.000000 0.104901
1583.000000 0.154614
1584.000000 0.207038
1585.000000 0.165647
1586.000000 0.046834
1587.000000 0.195261
1588.000000 0.105825
1589.000000 0.099260
1590.000000 0.206085
1591.000000 0.072166
1592.000000 0.146181
1593.000000 0.163951
1594.000000 0.026927
1595.000000 0.207722
1596.000000 0.023194
1597.000000 0.097283
1598.000000 0.292557
1599.000000 0.206865
1600.000000 0.121026
1601.000000 0.103261
1602.000000 0.099419
1603.000000 0.106085
1604.000000 0.098236
1605.000000 0.148684
1606.000000 0.154509
1607.000000 0.200219
1608.000000 0.025618
1609.000000 0.085843
1610.000000 0.075925
1611.000000 0.194261
1612.000000 0.094531
1613.000000 0.109979
1614.000000 0.133885
1615.000000 0.089666
1616.000000 0.191237
1617.000000 0.084821
1618.000000 0.229484
1619.000000 0.066024
1620.000000 0.048354
1621.000000 0.082684
1622.000000 0.154929
1623.000000 0.061828
1624.000000 0.206867
1625.000000 0.126726
1626.000000 0.195015
1627.000000 0.048034
1628.000000 0.061402
1629.000000 0.269581
1630.000000 0.138000
1631.000000 0.016216
1632.000000 0.090637
1633.000000 0.201476
1634.000000 0.128441
1635.000000 0.031191
1636.000000 0.136267
1637.000000 0.198171
1638.000000 0.029321
1639.000000 0.152406
1640.000000 0.063531
1641.000000 0.047210
1642.000000 0.143108
1643.000000 0.081072
1644.000000 0.108744
1645.000000 0.379841
1646.000000 0.197512
1647.000000 0.084502
1648.000000 0.332706
1649.000000 0.060524
1650.000000 0.174622
1651.000000 0.119027
1652.000000 0.064876
1653.000000 0.086940
1654.000000 0.117808
1655.000000 0.256714
1656.000000 0.122218
1657.000000 0.095513
1658.000000 0.062835
1659.000000 0.031016
1660.000000 0.065889
1661.000000 0.109799
1662.000000 0.152085
1663.000000 0.118561
1664.000000 0.160704
1665.000000 0.112222
1666.000000 0.046998
1667.000000 0.160739
1668.000000 0.176917
1669.000000 0.099911
1670.000000 0.097748
1671.000000 0.024640
1672.000000 0.302322
1673.000000 0.183570
1674.000000 0.037807
1675.000000 0.087328
1676.000000 0.102367
1677.000000 0.098096
1678.000000 0.054576
1679.000000 0.083755
1680.000000 0.239938
1681.000000 0.226901
1682.000000 0.102511
1683.000000 0.125319
1684.000000 0.022474
1685.000000 0.216526
1686.000000 0.143582
1687.000000 0.047655
1688.000000 0.021872
1689.000000 0.068919
1690.000000 0.100371
1691.000000 0.083899
1692.000000 0.153460
1693.000000 0.154365
1694.000000 0.121967
1695.000000 0.162400
1696.000000 0.078221
1697.000000 0.233613
1698.000000 0.189361
1699.000000 0.026264
1700.000000 0.123285
1701.000000 0.127515
1702.000000 0.098230
1703.000000 0.169457
1704.000000 0.112660
1705.000000 0.154598
1706.000000 0.215545
1707.000000 0.102045
1708.000000 0.247036
1709.000000 0.177426
1710.000000 0.244058
1711.000000 0.069341
1712.000000 0.163501
1713.000000 0.150058
1714.000000 0.054557
1715.000000 0.122128
1716.000000 0.056998
1717.000000 0.138698
1718.000000 0.078132
1719.000000 0.097573
1720.000000 0.060316
1721.000000 0.088684
1722.000000 0.118599
1723.000000 0.112063
1724.000000 0.162791
1725.000000 0.177963
1726.000000 0.117303
1727.000000 0.019676
1728.000000 0.070258
1729.000000 0.165826
1730.000000 0.241125
1731.000000 0.110775
1732.000000 0.033897
1733.000000 0.095450
1734.000000 0.040622
1735.000000 0.034532
1736.000000 0.207555
1737.000000 0.122974
1738.000000 0.053400
1739.000000 0.229055
1740.000000 0.028442
1741.000000 0.194004
1742.000000 0.046230
1743.000000 0.111628
1744.000000 0.252476
1745.000000 0.108132
1746.000000 0.044058
1747.000000 0.051730
1748.000000 0.234113
1749.000000 0.117493
1750.000000 0.055417
1751.000000 0.037799
1752.000000 0.219634
1753.000000 0.200854
1754.000000 0.058217
1755.000000 0.116249
1756.000000 0.096595
1757.000000 0.122267
1758.000000 0.091448
1759.000000 0.077447
1760.000000 0.100690
1761.000000 0.145686
1762.000000 0.160732
1763.000000 0.130377
1764.000000 0.077118
1765.000000 0.107973
1766.000000 0.196650
1767.000000 0.132421
1768.000000 0.193063
1769.000000 0.206626
1770.000000 0.079616
1771.000000 0.089851
1772.000000 0.044768
1773.000000 0.083913
1774.000000 0.195317
1775.000000 0.033245
1776.000000 0.092321
1777.000000 0.106805
1778.000000 0.190710
1779.000000 0.101142
1780.000000 0.085270
1781.000000 0.293820
1782.000000 0.117385
1783.000000 0.128253
1784.000000 0.145419
1785.000000 0.105809
1786.000000 0.039926
1787.000000 0.036018
1788.000000 0.092453
1789.000000 0.179987
1790.000000 0.134125
1791.000000 0.111499
1792.000000 0.069839
1793.000000 0.126905
1794.000000 0.060087
1795.000000 0.171465
1796.000000 0.046907
1797.000000 0.107662
1798.000000 0.085791
1799.000000 0.076792
1800.000000 0.083923
1801.000000 0.059758
1802.000000 0.138641
1803.000000 0.122945
1804.000000 0.110148
1805.000000 0.106323
1806.000000 0.118205
1807.000000 0.012758
1808.000000 0.076025
1809.000000 0.078286
1810.000000 0.188103
1811.000000 0.130712
1812.000000 0.278749
1813.000000 0.099136
1814.000000 0.185240
1815.000000 0.071399
1816.000000 0.080187
1817.000000 0.121099
1818.000000 0.133052
1819.000000 0.005613
1820.000000 0.068696
1821.000000 0.147572
1822.000000 0.090332
1823.000000 0.182468
1824.000000 0.108993
1825.000000 0.171338
1826.000000 0.181112
1827.000000 0.075431
1828.000000 0.195542
1829.000000 0.034158
1830.000000 0.260258
1831.000000 0.205202
1832.000000 0.097976
1833.000000 0.084576
1834.000000 0.097855
1835.000000 0.128596
1836.000000 0.107241
1837.000000 0.142155
1838.000000 0.041948
1839.000000 0.112667
1840.000000 0.079435
1841.000000 0.224526
1842.000000 0.230756
1843.000000 0.117391
1844.000000 0.122021
1845.000000 0.064989
1846.000000 0.062590
1847.000000 0.322965
1848.000000 0.171215
1849.000000 0.097193
1850.000000 0.260077
1851.000000 0.064101
1852.000000 0.111652
1853.000000 0.130032
1854.000000 0.063994
1855.000000 0.105746
1856.000000 0.073170
1857.000000 0.043546
1858.000000 0.074391
1859.000000 0.153149
1860.000000 0.175994
1861.000000 0.095588
1862.000000 0.085522
1863.000000 0.087666
1864.000000 0.145279
1865.000000 0.133620
1866.000000 0.112432
1867.000000 0.160794
1868.000000 0.283484
1869.000000 0.028817
1870.000000 0.272849
1871.000000 0.206478
1872.000000 0.083773
1873.000000 0.089157
1874.000000 0.286210
1875.000000 0.291607
1876.000000 0.116846
1877.000000 0.147898
1878.000000 0.112024
1879.000000 0.075205
1880.000000 0.082120
1881.000000 0.120052
1882.000000 0.144574
1883.000000 0.229802
1884.000000 0.179945
1885.000000 0.144781
1886.000000 0.069389
1887.000000 0.167009
1888.000000 0.081649
1889.000000 0.097348
1890.000000 0.107388
1891.000000 0.101925
1892.000000 0.181653
1893.000000 0.130686
1894.000000 0.219692
1895.000000 0.048152
1896.000000 0.122653
1897.000000 0.132556
1898.000000 0.082670
1899.000000 0.105589
1900.000000 0.117649
1901.000000 0.061200
1902.000000 0.035852
1903.000000 0.018042
1904.000000 0.141979
1905.000000 0.043409
1906.000000 0.070045
1907.000000 0.015983
1908.000000 0.156647
1909.000000 0.207958
1910.000000 0.039143
1911.000000 0.109252
1912.000000 0.101890
1913.000000 0.120960
1914.000000 0.158247
1915.000000 0.065147
1916.000000 0.036391
1917.000000 0.083474
1918.000000 0.079018
1919.000000 0.188439
1920.000000 0.136137
1921.000000 0.223307
1922.000000 0.130266
1923.000000 0.254570
1924.000000 0.074503
1925.000000 0.083393
1926.000000 0.035014
1927.000000 0.055106
1928.000000 0.324505
1929.000000 0.061060
1930.000000 0.070844
1931.000000 0.060670
1932.000000 0.094744
1933.000000 0.037129
1934.000000 0.061640
1935.000000 0.134160
1936.000000 0.077940
1937.000000 0.320568
1938.000000 0.139053
1939.000000 0.016543
1940.000000 0.076113
1941.000000 0.083024
1942.000000 0.105903
1943.000000 0.182298
1944.000000 0.183411
1945.000000 0.176447
1946.000000 0.120455
1947.000000 0.082521
1948.000000 0.189625
1949.000000 0.042162
1950.000000 0.114564
1951.000000 0.108248
1952.000000 0.186323
1953.000000 0.228879
1954.000000 0.152340
1955.000000 0.069587
1956.000000 0.050151
1957.000000 0.141758
1958.000000 0.198169
1959.000000 0.310185
1960.000000 0.120088
1961.000000 0.086045
1962.000000 0.076065
1963.000000 0.129077
1964.000000 0.106145
1965.000000 0.051446
1966.000000 0.123513
1967.000000 0.046773
1968.000000 0.044909
1969.000000 0.254010
1970.000000 0.108018
1971.000000 0.055121
1972.000000 0.185375
1973.000000 0.142481
1974.000000 0.077076
1975.000000 0.109880
1976.000000 0.096191
1977.000000 0.171828
1978.000000 0.103935
1979.000000 0.173375
1980.000000 0.192740
1981.000000 0.137561
1982.000000 0.259124
1983.000000 0.073216
1984.000000 0.112759
1985.000000 0.103378
1986.000000 0.102003
1987.000000 0.299454
1988.000000 0.186642
1989.000000 0.117745
1990.000000 0.208207
1991.000000 0.375110
1992.000000 0.083886
1993.000000 0.081577
1994.000000 0.365555
1995.000000 0.152499
1996.000000 0.128425
1997.000000 0.133436
1998.000000 0.135567
1999.000000 0.163849
2000.000000 0.087460
2001.000000 0.137507
2002.000000 0.127116
2003.000000 0.248600
2004.000000 0.056384
2005.000000 0.044663
2006.000000 0.172573
2007.000000 0.044490
2008.000000 0.118993
2009.000000 0.105200
2010.000000 0.108602
2011.000000 0.152883
2012.000000 0.042251
2013.000000 0.150668
2014.000000 0.064038
2015.000000 0.018535
2016.000000 0.178238
2017.000000 0.107255
2018.000000 0.195036
2019.000000 0.103009
2020.000000 0.083717
2021.000000 0.100666
2022.000000 0.174102
2023.000000 0.057589
2024.000000 0.202565
2025.000000 0.050157
2026.000000 0.193091
2027.000000 0.109028
2028.000000 0.147881
2029.000000 0.145278
2030.000000 0.127326
2031.000000 0.129076
2032.000000 0.236572
2033.000000 0.191094
2034.000000 0.147181
2035.000000 0.071327
2036.000000 0.007925
2037.000000 0.182904
2038.000000 0.165433
2039.000000 0.021769
2040.000000 0.014482
2041.000000 0.103809
2042.000000 0.016017
2043.000000 0.154162
2044.000000 0.187495
2045.000000 0.094854
2046.000000 0.168642
2047.000000 0.142777
2048.000000 0.097230
2049.000000 0.257042
2050.000000 0.162515
2051.000000 0.101057
2052.000000 0.186690
2053.000000 0.159664
2054.000000 0.081498
2055.000000 0.108302
2056.000000 0.042533
2057.000000 0.151148
2058.000000 0.118111
2059.000000 0.218399
2060.000000 0.111897
2061.000000 0.186250
2062.000000 0.041339
2063.000000 0.088865
2064.000000 0.149915
2065.000000 0.117709
2066.000000 0.207908
2067.000000 0.177682
2068.000000 0.102208
2069.000000 0.112112
2070.000000 0.055530
2071.000000 0.300703
2072.000000 0.167490
2073.000000 0.096178
2074.000000 0.136958
2075.000000 0.267931
2076.000000 0.092455
2077.000000 0.254354
2078.000000 0.100159
2079.000000 0.041088
2080.000000 0.036014
2081.000000 0.076373
2082.000000 0.237925
2083.000000 0.134028
2084.000000 0.085706
2085.000000 0.367682
2086.000000 0.102689
2087.000000 0.045584
2088.000000 0.186657
2089.000000 0.031896
2090.000000 0.082109
2091.000000 0.138388
2092.000000 0.129345
2093.000000 0.177347
2094.000000 0.242292
2095.000000 0.025507
2096.000000 0.075124
2097.000000 0.211313
2098.000000 0.031641
2099.000000 0.204970
2100.000000 0.209410
2101.000000 0.243347
2102.000000 0.245607
2103.000000 0.030301
2104.000000 0.200608
2105.000000 0.125546
2106.000000 0.162302
2107.000000 0.163235
2108.000000 0.168208
2109.000000 0.054867
2110.000000 0.094944
2111.000000 0.047935
2112.000000 0.230272
2113.000000 0.193507
2114.000000 0.107275
2115.000000 0.119771
2116.000000 0.050736
2117.000000 0.278647
2118.000000 0.058584
2119.000000 0.031165
2120.000000 0.091277
2121.000000 0.228872
2122.000000 0.190303
2123.000000 0.068565
2124.000000 0.243849
2125.000000 0.084353
2126.000000 0.155286
2127.000000 0.139018
2128.000000 0.118183
2129.000000 0.111974
2130.000000 0.091334
2131.000000 0.176880
2132.000000 0.098165
2133.000000 0.081582
2134.000000 0.139814
2135.000000 0.216663
2136.000000 0.181568
2137.000000 0.052372
2138.000000 0.041283
2139.000000 0.004898
2140.000000 0.058300
2141.000000 0.139398
2142.000000 0.040562
2143.000000 0.204732
2144.000000 0.217447
2145.000000 0.177078
2146.000000 0.096872
2147.000000 0.150298
2148.000000 0.109884
2149.000000 0.189792
2150.000000 0.247659
2151.000000 0.127862
2152.000000 0.095529
2153.000000 0.038328
2154.000000 0.096922
2155.000000 0.076396
2156.000000 0.072251
2157.000000 0.086848
2158.000000 0.066103
2159.000000 0.121197
2160.000000 0.102001
2161.000000 0.182349
2162.000000 0.071377
2163.000000 0.175797
2164.000000 0.139180
2165.000000 0.044935
2166.000000 0.098155
2167.000000 0.195276
2168.000000 0.237099
2169.000000 0.057683
2170.000000 0.039171
2171.000000 0.103235
2172.000000 0.130334
2173.000000 0.167146
2174.000000 0.106324
2175.000000 0.254197
2176.000000 0.057055
2177.000000 0.057664
2178.000000 0.033559
2179.000000 0.178992
2180.000000 0.065897
2181.000000 0.068601
2182.000000 0.030806
2183.000000 0.024475
2184.000000 0.154341
2185.000000 0.289409
2186.000000 0.146520
2187.000000 0.096100
2188.000000 0.071104
2189.000000 0.140304
2190.000000 0.048384
2191.000000 0.206211
2192.000000 0.034616
2193.000000 0.226654
2194.000000 0.170798
2195.000000 0.149853
2196.000000 0.120637
2197.000000 0.085738
2198.000000 0.099554
2199.000000 0.087255
2200.000000 0.229559
2201.000000 0.131135
2202.000000 0.057807
2203.000000 0.070423
2204.000000 0.188604
2205.000000 0.091056
2206.000000 0.102390
2207.000000 0.190092
2208.000000 0.230258
2209.000000 0.110605
2210.000000 0.101567
2211.000000 0.139819
2212.000000 0.293315
2213.000000 0.065725
2214.000000 0.137016
2215.000000 0.069106
2216.000000 0.026879
2217.000000 0.129836
2218.000000 0.196793
2219.000000 0.036798
2220.000000 0.050187
2221.000000 0.261067
2222.000000 0.178530
2223.000000 0.207546
2224.000000 0.176329
2225.000000 0.111740
2226.000000 0.073788
2227.000000 0.160339
2228.000000 0.131054
2229.000000 0.133327
2230.000000 0.188831
2231.000000 0.061687
2232.000000 0.256900
2233.000000 0.147102
2234.000000 0.015522
2235.000000 0.111308
2236.000000 0.247039
2237.000000 0.115905
2238.000000 0.063509
2239.000000 0.048203
2240.000000 0.148284
2241.000000 0.133309
2242.000000 0.081054
2243.000000 0.145722
2244.000000 0.094900
2245.000000 0.108367
2246.000000 0.165857
2247.000000 0.114540
2248.000000 0.211917
2249.000000 0.025351
2250.000000 0.171149
2251.000000 0.083418
2252.000000 0.123855
2253.000000 0.190202
2254.000000 0.042517
2255.000000 0.077677
2256.000000 0.174943
2257.000000 0.074089
2258.000000 0.013941
2259.000000 0.158845
2260.000000 0.187212
2261.000000 0.043640
2262.000000 0.119124
2263.000000 0.114166
2264.000000 0.025428
2265.000000 0.154525
2266.000000 0.120092
2267.000000 0.164956
2268.000000 0.023470
2269.000000 0.045679
2270.000000 0.072998
2271.000000 0.210291
2272.000000 0.186491
2273.000000 0.093404
2274.000000 0.192639
2275.000000 0.016668
2276.000000 0.126524
2277.000000 0.073672
2278.000000 0.128476
2279.000000 0.216889
2280.000000 0.112510
2281.000000 0.135916
2282.000000 0.045552
2283.000000 0.173597
2284.000000 0.029965
2285.000000 0.113826
2286.000000 0.069947
2287.000000 0.172034
2288.000000 0.074406
2289.000000 0.217858
2290.000000 0.097936
2291.000000 0.082370
2292.000000 0.104177
2293.000000 0.040489
2294.000000 0.095241
2295.000000 0.134715
2296.000000 0.154533
2297.000000 0.092109
2298.000000 0.151407
2299.000000 0.168046
2300.000000 0.040214
2301.000000 0.078895
2302.000000 0.076695
2303.000000 0.148830
2304.000000 0.162522
2305.000000 0.165800
2306.000000 0.076130
2307.000000 0.051745
2308.000000 0.158141
2309.000000 0.115472
2310.000000 0.200008
2311.000000 0.119770
2312.000000 0.062583
2313.000000 0.131560
2314.000000 0.242221
2315.000000 0.152061
2316.000000 0.026865
2317.000000 0.021836
2318.000000 0.119693
2319.000000 0.122129
2320.000000 0.083377
2321.000000 0.096605
2322.000000 0.184793
2323.000000 0.042582
2324.000000 0.233369
2325.000000 0.129914
2326.000000 0.135409
2327.000000 0.163905
2328.000000 0.120040
2329.000000 0.034991
2330.000000 0.177337
2331.000000 0.067076
2332.000000 0.121290
2333.000000 0.163853
2334.000000 0.198319
2335.000000 0.172591
2336.000000 0.258449
2337.000000 0.060149
2338.000000 0.071511
2339.000000 0.198683
2340.000000 0.193044
2341.000000 0.031234
2342.000000 0.119759
2343.000000 0.061950
2344.000000 0.122787
2345.000000 0.065539
2346.000000 0.048186
2347.000000 0.028158
2348.000000 0.254153
2349.000000 0.185346
2350.000000 0.071509
2351.000000 0.109062
2352.000000 0.115899
2353.000000 0.041439
2354.000000 0.109894
2355.000000 0.114818
2356.000000 0.070998
2357.000000 0.063327
2358.000000 0.080939
2359.000000 0.339812
2360.000000 0.081400
2361.000000 0.121863
2362.000000 0.056977
2363.000000 0.173403
2364.000000 0.187447
2365.000000 0.044847
2366.000000 0.187620
2367.000000 0.098390
2368.000000 0.187044
2369.000000 0.068168
2370.000000 0.105528
2371.000000 0.055013
2372.000000 0.033005
2373.000000 0.082675
2374.000000 0.371752
2375.000000 0.125018
2376.000000 0.349607
2377.000000 0.035606
2378.000000 0.172381
2379.000000 0.066323
2380.000000 0.060283
2381.000000 0.128458
2382.000000 0.080797
2383.000000 0.152856
2384.000000 0.083395
2385.000000 0.151050
2386.000000 0.080675
2387.000000 0.116522
2388.000000 0.154960
2389.000000 0.058302
2390.000000 0.129005
2391.000000 0.359833
2392.000000 0.068579
2393.000000 0.043130
2394.000000 0.208394
2395.000000 0.115509
2396.000000 0.093348
2397.000000 0.111146
2398.000000 0.217729
2399.000000 0.110711
2400.000000 0.129880
2401.000000 0.186401
2402.000000 0.082900
2403.000000 0.177731
2404.000000 0.051157
2405.000000 0.216143
2406.000000 0.167534
2407.000000 0.169262
2408.000000 0.117648
2409.000000 0.152254
2410.000000 0.061850
2411.000000 0.098979
2412.000000 0.105734
2413.000000 0.232888
2414.000000 0.028577
2415.000000 0.290990
2416.000000 0.129253
2417.000000 0.047135
2418.000000 0.084317
2419.000000 0.157676
2420.000000 0.174305
2421.000000 0.069100
2422.000000 0.085671
2423.000000 0.105162
2424.000000 0.358829
2425.000000 0.172873
2426.000000 0.154096
2427.000000 0.019222
2428.000000 0.053070
2429.000000 0.039065
2430.000000 0.118307
2431.000000 0.304851
2432.000000 0.122291
2433.000000 0.115339
2434.000000 0.163246
2435.000000 0.115705
2436.000000 0.007434
2437.000000 0.129945
2438.000000 0.126614
2439.000000 0.125153
2440.000000 0.007187
2441.000000 0.171751
2442.000000 0.101266
2443.000000 0.084399
2444.000000 0.187216
2445.000000 0.266050
2446.000000 0.156132
2447.000000 0.293577
2448.000000 0.033041
2449.000000 0.202585
2450.000000 0.096130
2451.000000 0.157066
2452.000000 0.022957
2453.000000 0.080182
2454.000000 0.133185
2455.000000 0.033689
2456.000000 0.058371
2457.000000 0.097622
2458.000000 0.136638
2459.000000 0.124195
2460.000000 0.080038
2461.000000 0.192343
2462.000000 0.268410
2463.000000 0.192715
2464.000000 0.144613
2465.000000 0.139177
2466.000000 0.107109
2467.000000 0.148906
2468.000000 0.039470
2469.000000 0.133299
2470.000000 0.186027
2471.000000 0.339472
2472.000000 0.106706
2473.000000 0.168862
2474.000000 0.110739
2475.000000 0.241959
2476.000000 0.034373
2477.000000 0.168312
2478.000000 0.123997
2479.000000 0.085440
2480.000000 0.038850
2481.000000 0.081999
2482.000000 0.055229
2483.000000 0.231527
2484.000000 0.163406
2485.000000 0.134315
2486.000000 0.077485
2487.000000 0.147318
2488.000000 0.114944
2489.000000 0.104178
2490.000000 0.169646
2491.000000 0.062200
2492.000000 0.204911
2493.000000 0.161700
2494.000000 0.147850
2495.000000 0.195677
2496.000000 0.177860
2497.000000 0.267013
2498.000000 0.156121
2499.000000 0.008542
2500.000000 0.124982
2501.000000 0.177884
2502.000000 0.109959
2503.000000 0.095780
2504.000000 0.185192
2505.000000 0.021471
2506.000000 0.158881
2507.000000 0.128143
2508.000000 0.130663
2509.000000 0.076326
2510.000000 0.082054
2511.000000 0.105300
2512.000000 0.124130
2513.000000 0.070236
2514.000000 0.181195
2515.000000 0.262101
2516.000000 0.182871
2517.000000 0.072567
2518.000000 0.201759
2519.000000 0.111320
2520.000000 0.215692
2521.000000 0.055858
2522.000000 0.064920
2523.000000 0.197256
2524.000000 0.232325
2525.000000 0.145162
2526.000000 0.169656
2527.000000 0.192281
2528.000000 0.070286
2529.000000 0.160155
2530.000000 0.105876
2531.000000 0.051530
2532.000000 0.046572
2533.000000 0.067813
2534.000000 0.205606
2535.000000 0.169466
2536.000000 0.240119
2537.000000 0.035026
2538.000000 0.152273
2539.000000 0.133072
2540.000000 0.107066
2541.000000 0.151568
2542.000000 0.087911
2543.000000 0.182575
2544.000000 0.077314
2545.000000 0.041697
2546.000000 0.190724
2547.000000 0.170325
2548.000000 0.019754
2549.000000 0.172639
2550.000000 0.113684
2551.000000 0.173889
2552.000000 0.101840
2553.000000 0.199187
2554.000000 0.171822
2555.000000 0.233343
2556.000000 0.089534
2557.000000 0.089540
2558.000000 0.095683
2559.000000 0.056677
2560.000000 0.194364
2561.000000 0.022730
2562.000000 0.191515
2563.000000 0.119672
2564.000000 0.078332
2565.000000 0.090864
2566.000000 0.227246
2567.000000 0.150949
2568.000000 0.114312
2569.000000 0.106309
2570.000000 0.164547
2571.000000 0.129862
2572.000000 0.159969
2573.000000 0.239995
2574.000000 0.164392
2575.000000 0.077665
2576.000000 0.081984
2577.000000 0.013054
2578.000000 0.119272
2579.000000 0.037413
2580.000000 0.093080
2581.000000 0.142373
2582.000000 0.198528
2583.000000 0.136977
2584.000000 0.147672
2585.000000 0.063063
2586.000000 0.192541
2587.000000 0.200768
2588.000000 0.040829
2589.000000 0.046823
2590.000000 0.109088
2591.000000 0.042238
2592.000000 0.139833
2593.000000 0.108450
2594.000000 0.121896
2595.000000 0.075280
2596.000000 0.077154
2597.000000 0.319141
2598.000000 0.131370
2599.000000 0.075657
2600.000000 0.145259
2601.000000 0.180313
2602.000000 0.161731
2603.000000 0.077801
2604.000000 0.042197
2605.000000 0.165301
2606.000000 0.280087
2607.000000 0.053296
2608.000000 0.145360
2609.000000 0.056417
2610.000000 0.051819
2611.000000 0.074213
2612.000000 0.203212
2613.000000 0.257193
2614.000000 0.073589
2615.000000 0.120240
2616.000000 0.132683
2617.000000 0.183033
2618.000000 0.215223
2619.000000 0.163437
2620.000000 0.174494
2621.000000 0.072129
2622.000000 0.129743
2623.000000 0.134494
2624.000000 0.190009
2625.000000 0.259882
2626.000000 0.149565
2627.000000 0.164676
2628.000000 0.108807
2629.000000 0.274399
2630.000000 0.104056
2631.000000 0.127695
2632.000000 0.076604
2633.000000 0.105422
2634.000000 0.229708
2635.000000 0.224545
2636.000000 0.230360
2637.000000 0.156582
2638.000000 0.116719
2639.000000 0.089146
2640.000000 0.113303
2641.000000 0.174532
2642.000000 0.195028
2643.000000 0.121018
2644.000000 0.191914
2645.000000 0.070317
2646.000000 0.099281
2647.000000 0.209586
2648.000000 0.150247
2649.000000 0.033012
2650.000000 0.142121
2651.000000 0.142900
2652.000000 0.090343
2653.000000 0.082316
2654.000000 0.185888
2655.000000 0.095259
2656.000000 0.108505
2657.000000 0.130120
2658.000000 0.172218
2659.000000 0.046689
2660.000000 0.154125
2661.000000 0.071314
2662.000000 0.056320
2663.000000 0.105160
2664.000000 0.126293
2665.000000 0.057387
2666.000000 0.090006
2667.000000 0.144213
2668.000000 0.125801
2669.000000 0.193061
2670.000000 0.082451
2671.000000 0.186804
2672.000000 0.153184
2673.000000 0.061025
2674.000000 0.211515
2675.000000 0.093664
2676.000000 0.100829
2677.000000 0.196406
2678.000000 0.135228
2679.000000 0.145366
2680.000000 0.080794
2681.000000 0.141994
2682.000000 0.108172
2683.000000 0.149771
2684.000000 0.138245
2685.000000 0.212674
2686.000000 0.092974
2687.000000 0.104460
2688.000000 0.243099
2689.000000 0.146712
2690.000000 0.046270
2691.000000 0.097056
2692.000000 0.165230
2693.000000 0.172381
2694.000000 0.113933
2695.000000 0.177438
2696.000000 0.068843
2697.000000 0.111713
2698.000000 0.159244
2699.000000 0.087501
2700.000000 0.173933
2701.000000 0.227289
2702.000000 0.045522
2703.000000 0.095047
2704.000000 0.109016
2705.000000 0.159690
2706.000000 0.052035
2707.000000 0.147208
2708.000000 0.063251
2709.000000 0.098652
2710.000000 0.032263
2711.000000 0.158149
2712.000000 0.054482
2713.000000 0.037492
2714.000000 0.059663
2715.000000 0.099530
2716.000000 0.186239
2717.000000 0.116525
2718.000000 0.142937
2719.000000 0.110783
2720.000000 0.153803
2721.000000 0.220793
2722.000000 0.130849
2723.000000 0.147811
2724.000000 0.165045
2725.000000 0.185462
2726.000000 0.092326
2727.000000 0.042056
2728.000000 0.278459
2729.000000 0.262516
2730.000000 0.104890
2731.000000 0.085051
2732.000000 0.131165
2733.000000 0.151611
2734.000000 0.216539
2735.000000 0.126998
2736.000000 0.169968
2737.000000 0.142504
2738.000000 0.165041
2739.000000 0.021417
2740.000000 0.122251
2741.000000 0.139661
2742.000000 0.043720
2743.000000 0.094803
2744.000000 0.172144
2745.000000 0.236460
2746.000000 0.272837
2747.000000 0.300706
2748.000000 0.055015
2749.000000 0.174547
2750.000000 0.076902
2751.000000 0.107196
2752.000000 0.081489
2753.000000 0.164553
2754.000000 0.055769
2755.000000 0.234892
2756.000000 0.043899
2757.000000 0.084772
2758.000000 0.066414
2759.000000 0.148685
2760.000000 0.198147
2761.000000 0.081198
2762.000000 0.181259
2763.000000 0.059665
2764.000000 0.103400
2765.000000 0.159957
2766.000000 0.120875
2767.000000 0.055413
2768.000000 0.059759
2769.000000 0.189316
2770.000000 0.064950
2771.000000 0.239150
2772.000000 0.140258
2773.000000 0.089727
2774.000000 0.281135
2775.000000 0.149697
2776.000000 0.130979
2777.000000 0.155381
2778.000000 0.091058
2779.000000 0.054602
2780.000000 0.119445
2781.000000 0.097186
2782.000000 0.230202
2783.000000 0.203472
2784.000000 0.121951
2785.000000 0.011351
2786.000000 0.174103
2787.000000 0.335701
2788.000000 0.060177
2789.000000 0.139596
2790.000000 0.045195
2791.000000 0.192978
2792.000000 0.312810
2793.000000 0.125275
2794.000000 0.069341
2795.000000 0.139428
2796.000000 0.023001
2797.000000 0.168370
2798.000000 0.058710
2799.000000 0.139557
2800.000000 0.041803
2801.000000 0.188414
2802.000000 0.239539
2803.000000 0.163356
2804.000000 0.116653
2805.000000 0.101449
2806.000000 0.142163
2807.000000 0.286376
2808.000000 0.197132
2809.000000 0.109267
2810.000000 0.054380
2811.000000 0.089117
2812.000000 0.047556
2813.000000 0.115162
2814.000000 0.187709
2815.000000 0.069863
2816.000000 0.097823
2817.000000 0.207827
2818.000000 0.081091
2819.000000 0.071249
2820.000000 0.119561
2821.000000 0.199499
2822.000000 0.225307
2823.000000 0.255351
2824.000000 0.099462
2825.000000 0.043450
2826.000000 0.075992
2827.000000 0.120509
2828.000000 0.052580
2829.000000 0.162362
2830.000000 0.087504
2831.000000 0.216245
2832.000000 0.109768
2833.000000 0.146672
2834.000000 0.092543
2835.000000 0.088454
2836.000000 0.129656
2837.000000 0.131507
2838.000000 0.014478
2839.000000 0.058982
2840.000000 0.129708
2841.000000 0.114493
2842.000000 0.059587
2843.000000 0.093945
2844.000000 0.252824
2845.000000 0.072770
2846.000000 0.054458
2847.000000 0.183653
2848.000000 0.083311
2849.000000 0.099080
2850.000000 0.069532
2851.000000 0.039899
2852.000000 0.221416
2853.000000 0.070915
2854.000000 0.194868
2855.000000 0.172976
2856.000000 0.174044
2857.000000 0.115535
2858.000000 0.124942
2859.000000 0.167212
2860.000000 0.099834
2861.000000 0.162605
2862.000000 0.165965
2863.000000 0.042518
2864.000000 0.059924
2865.000000 0.057361
2866.000000 0.024863
2867.000000 0.201418
2868.000000 0.071317
2869.000000 0.169073
2870.000000 0.078330
2871.000000 0.056714
2872.000000 0.136531
2873.000000 0.122120
2874.000000 0.182167
2875.000000 0.132880
2876.000000 0.089836
2877.000000 0.125754
2878.000000 0.098184
2879.000000 0.130460
2880.000000 0.280649
2881.000000 0.174712
2882.000000 0.116606
2883.000000 0.073770
2884.000000 0.017140
2885.000000 0.227503
2886.000000 0.176036
2887.000000 0.085593
2888.000000 0.284622
2889.000000 0.141540
2890.000000 0.124410
2891.000000 0.122371
2892.000000 0.164589
2893.000000 0.232512
2894.000000 0.077862
2895.000000 0.157080
2896.000000 0.030851
2897.000000 0.173730
2898.000000 0.183561
2899.000000 0.117756
2900.000000 0.036066
2901.000000 0.115150
2902.000000 0.092602
2903.000000 0.136567
2904.000000 0.136861
2905.000000 0.082852
2906.000000 0.062739
2907.000000 0.261642
2908.000000 0.242606
2909.000000 0.077404
2910.000000 0.078198
2911.000000 0.104549
2912.000000 0.094202
2913.000000 0.240311
2914.000000 0.134633
2915.000000 0.215495
2916.000000 0.152557
2917.000000 0.051128
2918.000000 0.049221
2919.000000 0.104715
2920.000000 0.071614
2921.000000 0.118004
2922.000000 0.271378
2923.000000 0.022020
2924.000000 0.176916
2925.000000 0.114350
2926.000000 0.069289
2927.000000 0.157307
2928.000000 0.144312
2929.000000 0.112133
2930.000000 0.218415
2931.000000 0.115812
2932.000000 0.079940
2933.000000 0.266210
2934.000000 0.063519
2935.000000 0.130539
2936.000000 0.084907
2937.000000 0.131498
2938.000000 0.096610
2939.000000 0.110130
2940.000000 0.095476
2941.000000 0.161676
2942.000000 0.088767
2943.000000 0.105253
2944.000000 0.225085
2945.000000 0.143502
2946.000000 0.180417
2947.000000 0.070170
2948.000000 0.171866
2949.000000 0.145652
2950.000000 0.237811
2951.000000 0.339488
2952.000000 0.154074
2953.000000 0.089533
2954.000000 0.115707
2955.000000 0.146912
2956.000000 0.122159
2957.000000 0.057102
2958.000000 0.083337
2959.000000 0.186301
2960.000000 0.090366
2961.000000 0.097956
2962.000000 0.128287
2963.000000 0.109825
2964.000000 0.160799
2965.000000 0.074550
2966.000000 0.109160
2967.000000 0.122165
2968.000000 0.081731
2969.000000 0.225238
2970.000000 0.034085
2971.000000 0.161693
2972.000000 0.079646
2973.000000 0.136907
2974.000000 0.041232
2975.000000 0.198627
2976.000000 0.108362
2977.000000 0.192731
2978.000000 0.070219
2979.000000 0.074564
2980.000000 0.022562
2981.000000 0.086253
2982.000000 0.086619
2983.000000 0.164751
2984.000000 0.212954
2985.000000 0.197309
2986.000000 0.213619
2987.000000 0.253023
2988.000000 0.181925
2989.000000 0.215271
2990.000000 0.050291
2991.000000 0.209817
2992.000000 0.144339
2993.000000 0.139679
2994.000000 0.243436
2995.000000 0.151250
2996.000000 0.243540
2997.000000 0.093011
2998.000000 0.047194
2999.000000 0.078986
3000.000000 0.260314
