10.000000 0.281569
20.000000 0.179241
30.000000 0.192911
40.000000 0.342858
50.000000 0.397793
60.000000 0.151689
70.000000 0.078190
80.000000 0.272702
90.000000 0.233822
100.000000 0.076951
110.000000 0.031263
120.000000 0.294313
130.000000 0.070407
140.000000 0.245595
150.000000 0.176366
160.000000 0.327402
170.000000 0.114465
180.000000 0.108627
190.000000 0.305047
200.000000 0.417375
210.000000 0.233424
220.000000 0.370091
230.000000 0.401176
240.000000 0.263047
250.000000 0.187563
260.000000 0.116299
270.000000 0.247656
280.000000 0.321030
290.000000 0.334015
300.000000 0.237669
310.000000 0.375165
320.000000 0.203074
330.000000 0.218418
340.000000 0.114658
350.000000 0.153161
360.000000 0.088926
370.000000 0.373115
380.000000 0.262791
390.000000 0.131576
400.000000 0.359756
410.000000 0.294374
420.000000 0.092774
430.000000 0.590284
440.000000 0.132391
450.000000 0.394938
460.000000 0.274862
470.000000 0.086854
480.000000 0.090205
490.000000 0.287034
500.000000 0.211446
510.000000 0.158073
520.000000 0.308175
530.000000 0.227793
540.000000 0.608126
550.000000 0.388832
560.000000 0.401493
570.000000 0.300479
580.000000 0.174782
590.000000 0.181901
600.000000 0.362139
610.000000 0.197811
620.000000 0.326801
630.000000 0.301628
640.000000 0.103549
650.000000 0.051633
660.000000 0.612709
670.000000 0.216146
680.000000 0.240791
690.000000 0.178372
700.000000 0.277017
710.000000 0.214494
720.000000 0.236363
730.000000 0.375173
740.000000 0.190256
750.000000 0.377793
760.000000 0.088460
770.000000 0.210199
780.000000 0.052860
790.000000 0.261551
800.000000 0.368797
810.000000 0.277719
820.000000 0.107406
830.000000 0.471508
840.000000 0.237661
850.000000 0.171197
860.000000 0.345608
870.000000 0.484922
880.000000 0.351507
890.000000 0.364972
900.000000 0.455145
910.000000 0.091182
920.000000 0.193575
930.000000 0.309393
940.000000 0.188768
950.000000 0.222782
960.000000 0.152835
970.000000 0.495081
980.000000 0.214997
990.000000 0.233924
1000.000000 0.284924
