0.000000 0.054840
1.000000 0.076940
2.000000 0.022879
3.000000 0.089590
4.000000 0.079196
5.000000 0.058209
6.000000 0.082105
7.000000 0.086761
8.000000 0.078216
9.000000 0.078849
10.000000 0.057428
11.000000 0.088267
12.000000 0.055168
13.000000 0.108172
14.000000 0.028596
15.000000 0.133927
16.000000 0.086830
17.000000 0.115096
18.000000 0.035597
19.000000 0.021205
20.000000 0.046112
21.000000 0.011099
22.000000 0.016711
23.000000 0.146825
24.000000 0.157963
25.000000 0.033092
26.000000 0.133025
27.000000 0.089895
28.000000 0.068027
29.000000 0.072734
30.000000 0.066716
31.000000 0.042147
32.000000 0.064060
33.000000 0.064375
34.000000 0.084091
35.000000 0.082847
36.000000 0.076107
37.000000 0.107488
38.000000 0.130820
39.000000 0.059216
40.000000 0.105133
41.000000 0.028158
42.000000 0.134634
43.000000 0.018556
44.000000 0.133883
45.000000 0.105607
46.000000 0.125998
47.000000 0.076471
48.000000 0.009339
49.000000 0.069264
50.000000 0.009139
51.000000 0.094895
52.000000 0.077638
53.000000 0.055334
54.000000 0.042589
55.000000 0.147079
56.000000 0.032367
57.000000 0.026289
58.000000 0.029240
59.000000 0.105596
60.000000 0.130470
61.000000 0.030090
62.000000 0.128749
63.000000 0.064118
64.000000 0.094376
65.000000 0.140726
66.000000 0.059804
67.000000 0.059280
68.000000 0.073720
69.000000 0.057721
70.000000 0.069211
71.000000 0.075647
72.000000 0.110500
73.000000 0.089724
74.000000 0.042236
75.000000 0.068294
76.000000 0.042390
77.000000 0.099955
78.000000 0.077728
79.000000 0.095473
80.000000 0.117489
81.000000 0.163816
82.000000 0.084258
83.000000 0.114559
84.000000 0.055047
85.000000 0.041518
86.000000 0.148369
87.000000 0.157086
88.000000 0.063600
89.000000 0.165681
90.000000 0.082536
91.000000 0.061870
92.000000 0.029602
93.000000 0.083857
94.000000 0.104523
95.000000 0.023605
96.000000 0.057610
97.000000 0.092220
98.000000 0.052255
99.000000 0.104766
100.000000 0.139483
101.000000 0.066873
102.000000 0.117160
103.000000 0.048196
104.000000 0.082026
105.000000 0.048111
106.000000 0.052895
107.000000 0.055690
108.000000 0.091920
109.000000 0.128912
110.000000 0.037268
111.000000 0.033539
112.000000 0.128935
113.000000 0.046683
114.000000 0.032738
115.000000 0.088882
116.000000 0.008707
117.000000 0.088688
118.000000 0.102918
119.000000 0.068313
120.000000 0.098238
121.000000 0.040340
122.000000 0.088729
123.000000 0.076798
124.000000 0.062510
125.000000 0.079714
126.000000 0.043082
127.000000 0.150291
128.000000 0.089177
129.000000 0.077602
130.000000 0.067397
131.000000 0.064294
132.000000 0.071036
133.000000 0.077677
134.000000 0.078848
135.000000 0.179124
136.000000 0.044234
137.000000 0.030729
138.000000 0.093068
139.000000 0.139120
140.000000 0.112390
141.000000 0.021545
142.000000 0.099974
143.000000 0.083596
144.000000 0.108954
145.000000 0.033171
146.000000 0.057519
147.000000 0.034402
148.000000 0.125132
149.000000 0.037018
150.000000 0.063318
151.000000 0.149969
152.000000 0.140126
153.000000 0.051922
154.000000 0.096454
155.000000 0.123007
156.000000 0.050234
157.000000 0.044265
158.000000 0.063464
159.000000 0.023625
160.000000 0.054369
161.000000 0.088060
162.000000 0.123374
163.000000 0.036302
164.000000 0.105531
165.000000 0.129172
166.000000 0.058247
167.000000 0.129223
168.000000 0.044228
169.000000 0.033769
170.000000 0.020704
171.000000 0.061086
172.000000 0.118814
173.000000 0.023374
174.000000 0.091792
175.000000 0.051763
176.000000 0.116811
177.000000 0.037267
178.000000 0.050095
179.000000 0.074339
180.000000 0.071793
181.000000 0.036345
182.000000 0.095513
183.000000 0.122232
184.000000 0.101094
185.000000 0.093810
186.000000 0.033287
187.000000 0.021009
188.000000 0.068364
189.000000 0.097922
190.000000 0.059475
191.000000 0.076324
192.000000 0.099949
193.000000 0.080140
194.000000 0.096546
195.000000 0.140477
196.000000 0.068697
197.000000 0.054160
198.000000 0.048734
199.000000 0.049259
200.000000 0.081398
201.000000 0.098480
202.000000 0.058865
203.000000 0.056446
204.000000 0.059830
205.000000 0.047726
206.000000 0.068049
207.000000 0.129171
208.000000 0.078985
209.000000 0.029801
210.000000 0.032311
211.000000 0.125243
212.000000 0.140869
213.000000 0.048841
214.000000 0.030747
215.000000 0.076984
216.000000 0.035650
217.000000 0.070211
218.000000 0.076476
219.000000 0.057244
220.000000 0.200645
221.000000 0.064762
222.000000 0.111316
223.000000 0.119265
224.000000 0.059796
225.000000 0.112938
226.000000 0.014774
227.000000 0.031979
228.000000 0.216438
229.000000 0.062594
230.000000 0.087329
231.000000 0.079282
232.000000 0.091329
233.000000 0.089213
234.000000 0.089823
235.000000 0.145715
236.000000 0.083119
237.000000 0.080886
238.000000 0.079597
239.000000 0.090720
240.000000 0.073251
241.000000 0.070116
242.000000 0.025186
243.000000 0.052185
244.000000 0.050263
245.000000 0.077215
246.000000 0.102113
247.000000 0.137884
248.000000 0.086503
249.000000 0.091577
250.000000 0.134719
251.000000 0.072959
252.000000 0.089725
253.000000 0.063589
254.000000 0.046020
255.000000 0.076706
256.000000 0.086408
257.000000 0.129781
258.000000 0.006375
259.000000 0.104075
260.000000 0.087753
261.000000 0.115958
262.000000 0.136852
263.000000 0.046774
264.000000 0.085995
265.000000 0.032292
266.000000 0.018911
267.000000 0.090134
268.000000 0.106751
269.000000 0.115758
270.000000 0.040894
271.000000 0.041962
272.000000 0.006778
273.000000 0.011097
274.000000 0.077317
275.000000 0.118292
276.000000 0.081785
277.000000 0.073227
278.000000 0.057037
279.000000 0.049123
280.000000 0.057851
281.000000 0.080632
282.000000 0.017009
283.000000 0.096353
284.000000 0.109984
285.000000 0.106348
286.000000 0.022766
287.000000 0.029780
288.000000 0.051952
289.000000 0.076672
290.000000 0.104831
291.000000 0.136147
292.000000 0.083444
293.000000 0.069083
294.000000 0.027610
295.000000 0.108312
296.000000 0.057102
297.000000 0.055009
298.000000 0.208227
299.000000 0.061461
300.000000 0.125314
301.000000 0.075014
302.000000 0.047608
303.000000 0.046494
304.000000 0.051062
305.000000 0.053043
306.000000 0.071464
307.000000 0.178295
308.000000 0.070200
309.000000 0.109698
310.000000 0.077577
311.000000 0.032219
312.000000 0.077717
313.000000 0.152313
314.000000 0.026063
315.000000 0.085377
316.000000 0.133367
317.000000 0.166583
318.000000 0.140207
319.000000 0.089279
320.000000 0.040537
321.000000 0.109494
322.000000 0.031368
323.000000 0.099505
324.000000 0.085053
325.000000 0.069668
326.000000 0.016928
327.000000 0.022950
328.000000 0.094565
329.000000 0.053929
330.000000 0.117681
331.000000 0.085593
332.000000 0.112246
333.000000 0.112693
334.000000 0.036047
335.000000 0.095651
336.000000 0.020509
337.000000 0.079359
338.000000 0.066143
339.000000 0.044899
340.000000 0.104019
341.000000 0.019804
342.000000 0.077825
343.000000 0.085091
344.000000 0.028231
345.000000 0.116732
346.000000 0.065440
347.000000 0.067193
348.000000 0.136033
349.000000 0.083333
350.000000 0.047792
351.000000 0.089849
352.000000 0.040781
353.000000 0.031091
354.000000 0.068995
355.000000 0.102784
356.000000 0.046950
357.000000 0.064907
358.000000 0.076464
359.000000 0.071048
360.000000 0.136169
361.000000 0.070460
362.000000 0.091324
363.000000 0.073563
364.000000 0.068195
365.000000 0.051844
366.000000 0.009351
367.000000 0.006797
368.000000 0.109884
369.000000 0.062302
370.000000 0.034764
371.000000 0.113564
372.000000 0.070946
373.000000 0.084255
374.000000 0.042850
375.000000 0.046877
376.000000 0.036754
377.000000 0.019476
378.000000 0.111292
379.000000 0.037756
380.000000 0.110060
381.000000 0.062525
382.000000 0.069641
383.000000 0.070609
384.000000 0.041734
385.000000 0.047811
386.000000 0.085639
387.000000 0.147305
388.000000 0.093957
389.000000 0.049329
390.000000 0.101517
391.000000 0.077212
392.000000 0.089478
393.000000 0.068155
394.000000 0.146973
395.000000 0.023430
396.000000 0.039200
397.000000 0.140991
398.000000 0.067998
399.000000 0.064488
400.000000 0.036103
401.000000 0.076751
402.000000 0.068547
403.000000 0.055937
404.000000 0.082690
405.000000 0.037861
406.000000 0.108339
407.000000 0.155698
408.000000 0.033531
409.000000 0.037561
410.000000 0.007652
411.000000 0.030973
412.000000 0.103008
413.000000 0.019236
414.000000 0.034104
415.000000 0.113513
416.000000 0.028245
417.000000 0.156360
418.000000 0.018664
419.000000 0.047166
420.000000 0.052120
421.000000 0.142772
422.000000 0.018763
423.000000 0.067045
424.000000 0.138895
425.000000 0.105502
426.000000 0.041311
427.000000 0.023471
428.000000 0.088333
429.000000 0.072999
430.000000 0.024588
431.000000 0.083443
432.000000 0.070460
433.000000 0.056310
434.000000 0.023654
435.000000 0.124931
436.000000 0.151079
437.000000 0.043720
438.000000 0.129547
439.000000 0.108763
440.000000 0.129705
441.000000 0.077554
442.000000 0.059331
443.000000 0.029555
444.000000 0.063941
445.000000 0.019137
446.000000 0.056721
447.000000 0.045004
448.000000 0.137149
449.000000 0.073122
450.000000 0.150491
451.000000 0.106034
452.000000 0.168601
453.000000 0.069317
454.000000 0.059650
455.000000 0.034237
456.000000 0.034860
457.000000 0.016023
458.000000 0.075951
459.000000 0.024911
460.000000 0.033306
461.000000 0.106755
462.000000 0.078823
463.000000 0.094458
464.000000 0.098734
465.000000 0.100027
466.000000 0.145988
467.000000 0.054964
468.000000 0.116930
469.000000 0.112920
470.000000 0.059915
471.000000 0.101483
472.000000 0.024857
473.000000 0.102532
474.000000 0.018188
475.000000 0.061382
476.000000 0.041296
477.000000 0.115688
478.000000 0.071649
479.000000 0.067172
480.000000 0.044709
481.000000 0.085520
482.000000 0.058005
483.000000 0.132711
484.000000 0.026261
485.000000 0.065399
486.000000 0.032536
487.000000 0.032762
488.000000 0.031132
489.000000 0.117085
490.000000 0.063177
491.000000 0.083232
492.000000 0.064464
493.000000 0.057668
494.000000 0.064356
495.000000 0.064155
496.000000 0.012849
497.000000 0.111962
498.000000 0.085307
499.000000 0.143676
500.000000 0.084271
501.000000 0.083793
502.000000 0.028779
503.000000 0.039000
504.000000 0.150139
505.000000 0.093058
506.000000 0.029168
507.000000 0.130296
508.000000 0.069697
509.000000 0.055592
510.000000 0.057135
511.000000 0.114075
512.000000 0.046522
513.000000 0.056210
514.000000 0.064931
515.000000 0.067697
516.000000 0.039324
517.000000 0.067421
518.000000 0.081094
519.000000 0.048373
520.000000 0.070393
521.000000 0.016086
522.000000 0.092453
523.000000 0.013167
524.000000 0.027581
525.000000 0.021755
526.000000 0.138341
527.000000 0.047244
528.000000 0.060845
529.000000 0.017195
530.000000 0.011784
531.000000 0.040618
532.000000 0.115058
533.000000 0.114879
534.000000 0.114134
535.000000 0.047388
536.000000 0.064774
537.000000 0.040819
538.000000 0.042648
539.000000 0.060907
540.000000 0.035417
541.000000 0.066341
542.000000 0.067982
543.000000 0.155702
544.000000 0.022536
545.000000 0.032926
546.000000 0.169241
547.000000 0.081437
548.000000 0.069705
549.000000 0.028915
550.000000 0.014078
551.000000 0.041962
552.000000 0.096454
553.000000 0.055736
554.000000 0.103109
555.000000 0.102483
556.000000 0.032700
557.000000 0.111499
558.000000 0.114395
559.000000 0.119560
560.000000 0.086643
561.000000 0.060073
562.000000 0.030191
563.000000 0.044057
564.000000 0.121086
565.000000 0.074163
566.000000 0.046576
567.000000 0.037902
568.000000 0.043317
569.000000 0.132559
570.000000 0.054902
571.000000 0.028095
572.000000 0.064804
573.000000 0.031292
574.000000 0.091855
575.000000 0.104859
576.000000 0.111859
577.000000 0.116040
578.000000 0.080989
579.000000 0.031575
580.000000 0.016470
581.000000 0.172095
582.000000 0.055225
583.000000 0.053469
584.000000 0.094104
585.000000 0.102026
586.000000 0.056499
587.000000 0.102691
588.000000 0.022139
589.000000 0.047209
590.000000 0.053234
591.000000 0.032319
592.000000 0.057937
593.000000 0.084137
594.000000 0.115601
595.000000 0.202130
596.000000 0.120363
597.000000 0.042187
598.000000 0.023209
599.000000 0.078696
600.000000 0.066682
601.000000 0.068193
602.000000 0.049064
603.000000 0.023731
604.000000 0.114630
605.000000 0.042830
606.000000 0.114090
607.000000 0.067482
608.000000 0.071254
609.000000 0.097235
610.000000 0.044026
611.000000 0.062064
612.000000 0.029809
613.000000 0.058154
614.000000 0.083977
615.000000 0.061231
616.000000 0.081999
617.000000 0.069205
618.000000 0.077023
619.000000 0.096177
620.000000 0.096657
621.000000 0.008469
622.000000 0.083577
623.000000 0.128133
624.000000 0.079528
625.000000 0.114026
626.000000 0.034428
627.000000 0.049552
628.000000 0.129621
629.000000 0.102342
630.000000 0.072047
631.000000 0.039645
632.000000 0.034760
633.000000 0.063568
634.000000 0.091771
635.000000 0.036156
636.000000 0.078880
637.000000 0.105674
638.000000 0.084406
639.000000 0.115642
640.000000 0.075608
641.000000 0.055835
642.000000 0.039545
643.000000 0.127532
644.000000 0.031032
645.000000 0.009047
646.000000 0.099900
647.000000 0.115101
648.000000 0.068435
649.000000 0.012825
650.000000 0.080479
651.000000 0.037773
652.000000 0.051724
653.000000 0.060490
654.000000 0.088861
655.000000 0.057930
656.000000 0.050327
657.000000 0.105290
658.000000 0.022251
659.000000 0.051626
660.000000 0.088217
661.000000 0.035029
662.000000 0.029821
663.000000 0.116263
664.000000 0.021327
665.000000 0.045549
666.000000 0.072047
667.000000 0.080533
668.000000 0.132456
669.000000 0.090311
670.000000 0.089715
671.000000 0.095230
672.000000 0.074828
673.000000 0.009364
674.000000 0.048460
675.000000 0.021607
676.000000 0.046815
677.000000 0.141044
678.000000 0.041548
679.000000 0.037714
680.000000 0.059574
681.000000 0.091902
682.000000 0.123713
683.000000 0.125635
684.000000 0.095290
685.000000 0.116748
686.000000 0.045460
687.000000 0.109123
688.000000 0.069406
689.000000 0.092440
690.000000 0.111549
691.000000 0.112622
692.000000 0.092004
693.000000 0.106934
694.000000 0.101251
695.000000 0.095285
696.000000 0.018735
697.000000 0.104613
698.000000 0.120252
699.000000 0.092946
700.000000 0.045002
701.000000 0.084152
702.000000 0.103385
703.000000 0.099363
704.000000 0.078207
705.000000 0.077678
706.000000 0.053333
707.000000 0.078700
708.000000 0.120229
709.000000 0.040097
710.000000 0.037970
711.000000 0.087699
712.000000 0.109349
713.000000 0.051264
714.000000 0.112390
715.000000 0.026791
716.000000 0.070765
717.000000 0.053302
718.000000 0.085671
719.000000 0.126738
720.000000 0.067662
721.000000 0.102390
722.000000 0.077548
723.000000 0.034990
724.000000 0.075855
725.000000 0.026335
726.000000 0.145864
727.000000 0.096256
728.000000 0.151637
729.000000 0.070154
730.000000 0.064939
731.000000 0.131061
732.000000 0.044976
733.000000 0.139929
734.000000 0.067113
735.000000 0.087708
736.000000 0.016064
737.000000 0.065428
738.000000 0.074219
739.000000 0.091699
740.000000 0.066374
741.000000 0.036225
742.000000 0.066584
743.000000 0.118986
744.000000 0.021485
745.000000 0.104481
746.000000 0.111220
747.000000 0.142864
748.000000 0.036816
749.000000 0.052027
750.000000 0.064862
751.000000 0.073289
752.000000 0.090129
753.000000 0.010371
754.000000 0.026598
755.000000 0.092984
756.000000 0.052938
757.000000 0.134974
758.000000 0.064528
759.000000 0.103490
760.000000 0.208424
761.000000 0.055059
762.000000 0.072148
763.000000 0.027656
764.000000 0.054973
765.000000 0.193191
766.000000 0.058300
767.000000 0.092679
768.000000 0.024657
769.000000 0.031952
770.000000 0.034279
771.000000 0.086302
772.000000 0.051232
773.000000 0.145846
774.000000 0.066577
775.000000 0.092342
776.000000 0.048814
777.000000 0.042603
778.000000 0.049680
779.000000 0.081476
780.000000 0.045180
781.000000 0.031640
782.000000 0.083052
783.000000 0.106449
784.000000 0.021071
785.000000 0.017752
786.000000 0.128158
787.000000 0.057093
788.000000 0.064274
789.000000 0.093567
790.000000 0.057803
791.000000 0.042077
792.000000 0.011444
793.000000 0.032794
794.000000 0.109715
795.000000 0.056766
796.000000 0.078459
797.000000 0.074530
798.000000 0.013588
799.000000 0.062888
800.000000 0.071008
801.000000 0.030727
802.000000 0.074196
803.000000 0.049561
804.000000 0.107625
805.000000 0.136309
806.000000 0.040608
807.000000 0.051710
808.000000 0.080595
809.000000 0.141193
810.000000 0.017832
811.000000 0.040063
812.000000 0.041388
813.000000 0.042407
814.000000 0.032118
815.000000 0.014320
816.000000 0.122558
817.000000 0.065899
818.000000 0.057310
819.000000 0.093024
820.000000 0.076450
821.000000 0.099426
822.000000 0.044585
823.000000 0.063579
824.000000 0.094869
825.000000 0.050827
826.000000 0.057703
827.000000 0.081967
828.000000 0.047588
829.000000 0.026792
830.000000 0.101848
831.000000 0.047606
832.000000 0.019580
833.000000 0.110995
834.000000 0.032556
835.000000 0.034624
836.000000 0.034405
837.000000 0.032766
838.000000 0.087763
839.000000 0.037793
840.000000 0.060899
841.000000 0.004076
842.000000 0.158679
843.000000 0.130956
844.000000 0.072770
845.000000 0.054920
846.000000 0.161314
847.000000 0.076746
848.000000 0.060118
849.000000 0.087441
850.000000 0.059703
851.000000 0.084135
852.000000 0.112366
853.000000 0.064406
854.000000 0.079251
855.000000 0.099621
856.000000 0.096994
857.000000 0.103550
858.000000 0.171318
859.000000 0.070369
860.000000 0.078903
861.000000 0.098910
862.000000 0.096079
863.000000 0.096203
864.000000 0.109295
865.000000 0.133019
866.000000 0.011758
867.000000 0.154007
868.000000 0.060467
869.000000 0.101418
870.000000 0.037087
871.000000 0.076395
872.000000 0.097819
873.000000 0.018680
874.000000 0.147875
875.000000 0.134735
876.000000 0.102977
877.000000 0.017487
878.000000 0.048522
879.000000 0.126633
880.000000 0.150880
881.000000 0.028312
882.000000 0.027925
883.000000 0.029609
884.000000 0.121626
885.000000 0.050963
886.000000 0.027453
887.000000 0.061065
888.000000 0.065701
889.000000 0.080660
890.000000 0.039912
891.000000 0.042708
892.000000 0.125552
893.000000 0.066183
894.000000 0.049598
895.000000 0.064855
896.000000 0.054474
897.000000 0.040580
898.000000 0.129432
899.000000 0.112523
900.000000 0.057287
901.000000 0.080889
902.000000 0.108553
903.000000 0.041120
904.000000 0.045212
905.000000 0.100626
906.000000 0.131541
907.000000 0.039724
908.000000 0.080954
909.000000 0.036936
910.000000 0.032907
911.000000 0.109577
912.000000 0.039323
913.000000 0.066372
914.000000 0.029981
915.000000 0.019119
916.000000 0.104357
917.000000 0.018560
918.000000 0.004481
919.000000 0.054211
920.000000 0.151206
921.000000 0.041086
922.000000 0.070092
923.000000 0.038293
924.000000 0.024960
925.000000 0.085760
926.000000 0.039704
927.000000 0.111680
928.000000 0.052011
929.000000 0.105128
930.000000 0.050886
931.000000 0.162462
932.000000 0.150401
933.000000 0.010920
934.000000 0.117564
935.000000 0.013429
936.000000 0.018810
937.000000 0.049647
938.000000 0.110147
939.000000 0.022318
940.000000 0.054636
941.000000 0.048015
942.000000 0.068464
943.000000 0.036099
944.000000 0.056676
945.000000 0.058564
946.000000 0.055180
947.000000 0.020385
948.000000 0.147325
949.000000 0.138207
950.000000 0.080792
951.000000 0.070427
952.000000 0.112931
953.000000 0.065738
954.000000 0.096965
955.000000 0.011566
956.000000 0.092210
957.000000 0.047273
958.000000 0.074709
959.000000 0.046275
960.000000 0.072354
961.000000 0.068375
962.000000 0.060820
963.000000 0.062066
964.000000 0.049529
965.000000 0.045701
966.000000 0.081806
967.000000 0.032783
968.000000 0.186374
969.000000 0.107656
970.000000 0.021675
971.000000 0.010075
972.000000 0.117547
973.000000 0.064748
974.000000 0.059778
975.000000 0.078792
976.000000 0.058416
977.000000 0.023833
978.000000 0.040180
979.000000 0.042787
980.000000 0.032532
981.000000 0.143766
982.000000 0.044263
983.000000 0.028463
984.000000 0.047990
985.000000 0.047546
986.000000 0.063248
987.000000 0.042366
988.000000 0.053118
989.000000 0.077761
990.000000 0.033217
991.000000 0.083182
992.000000 0.016146
993.000000 0.061260
994.000000 0.080683
995.000000 0.086622
996.000000 0.129099
997.000000 0.148141
998.000000 0.075328
999.000000 0.073679
1000.000000 0.053285
1001.000000 0.005016
1002.000000 0.098948
1003.000000 0.061528
1004.000000 0.094733
1005.000000 0.012812
1006.000000 0.041144
1007.000000 0.074197
1008.000000 0.037152
1009.000000 0.090827
1010.000000 0.105532
1011.000000 0.013151
1012.000000 0.110747
1013.000000 0.028404
1014.000000 0.045094
1015.000000 0.085127
1016.000000 0.091799
1017.000000 0.151624
1018.000000 0.065994
1019.000000 0.123244
1020.000000 0.098691
1021.000000 0.065596
1022.000000 0.127602
1023.000000 0.170116
1024.000000 0.126118
1025.000000 0.096089
1026.000000 0.110474
1027.000000 0.051944
1028.000000 0.055640
1029.000000 0.019962
1030.000000 0.026784
1031.000000 0.180911
1032.000000 0.155896
1033.000000 0.124684
1034.000000 0.037148
1035.000000 0.152949
1036.000000 0.159284
1037.000000 0.075457
1038.000000 0.173126
1039.000000 0.096839
1040.000000 0.043978
1041.000000 0.079513
1042.000000 0.073046
1043.000000 0.094114
1044.000000 0.132817
1045.000000 0.104688
1046.000000 0.077939
1047.000000 0.056885
1048.000000 0.067741
1049.000000 0.099887
1050.000000 0.033285
1051.000000 0.052817
1052.000000 0.125697
1053.000000 0.115667
1054.000000 0.028812
1055.000000 0.088435
1056.000000 0.130728
1057.000000 0.059907
1058.000000 0.065990
1059.000000 0.087840
1060.000000 0.065346
1061.000000 0.036216
1062.000000 0.089619
1063.000000 0.078415
1064.000000 0.049742
1065.000000 0.017307
1066.000000 0.068594
1067.000000 0.047059
1068.000000 0.147271
1069.000000 0.033769
1070.000000 0.022020
1071.000000 0.102699
1072.000000 0.042558
1073.000000 0.109107
1074.000000 0.064011
1075.000000 0.017680
1076.000000 0.032562
1077.000000 0.150984
1078.000000 0.034993
1079.000000 0.018541
1080.000000 0.053546
1081.000000 0.036019
1082.000000 0.112558
1083.000000 0.077358
1084.000000 0.188774
1085.000000 0.104925
1086.000000 0.095020
1087.000000 0.040067
1088.000000 0.009030
1089.000000 0.029629
1090.000000 0.011801
1091.000000 0.087580
1092.000000 0.109006
1093.000000 0.064183
1094.000000 0.070781
1095.000000 0.050572
1096.000000 0.093682
1097.000000 0.089133
1098.000000 0.098524
1099.000000 0.017825
1100.000000 0.067670
1101.000000 0.069726
1102.000000 0.037137
1103.000000 0.085883
1104.000000 0.108552
1105.000000 0.030297
1106.000000 0.087146
1107.000000 0.025438
1108.000000 0.122730
1109.000000 0.121315
1110.000000 0.092575
1111.000000 0.074933
1112.000000 0.079163
1113.000000 0.074470
1114.000000 0.078782
1115.000000 0.023170
1116.000000 0.068355
1117.000000 0.070234
1118.000000 0.066045
1119.000000 0.083021
1120.000000 0.083159
1121.000000 0.149148
1122.000000 0.114895
1123.000000 0.051387
1124.000000 0.072183
1125.000000 0.076847
1126.000000 0.125171
1127.000000 0.068856
1128.000000 0.150474
1129.000000 0.014802
1130.000000 0.115567
1131.000000 0.065691
1132.000000 0.153197
1133.000000 0.155701
1134.000000 0.077471
1135.000000 0.046082
1136.000000 0.044025
1137.000000 0.005065
1138.000000 0.078909
1139.000000 0.080268
1140.000000 0.030820
1141.000000 0.021164
1142.000000 0.075120
1143.000000 0.017159
1144.000000 0.056047
1145.000000 0.121118
1146.000000 0.080553
1147.000000 0.156924
1148.000000 0.083334
1149.000000 0.047795
1150.000000 0.093380
1151.000000 0.035930
1152.000000 0.066863
1153.000000 0.069584
1154.000000 0.121095
1155.000000 0.032636
1156.000000 0.091203
1157.000000 0.120626
1158.000000 0.052548
1159.000000 0.025606
1160.000000 0.054158
1161.000000 0.038779
1162.000000 0.027034
1163.000000 0.122145
1164.000000 0.062026
1165.000000 0.041777
1166.000000 0.050044
1167.000000 0.025198
1168.000000 0.022346
1169.000000 0.090985
1170.000000 0.033518
1171.000000 0.056629
1172.000000 0.103522
1173.000000 0.058892
1174.000000 0.151461
1175.000000 0.100640
1176.000000 0.034867
1177.000000 0.104243
1178.000000 0.079390
1179.000000 0.022245
1180.000000 0.076831
1181.000000 0.130864
1182.000000 0.095203
1183.000000 0.038784
1184.000000 0.059133
1185.000000 0.093232
1186.000000 0.052784
1187.000000 0.082371
1188.000000 0.059010
1189.000000 0.075158
1190.000000 0.143418
1191.000000 0.083567
1192.000000 0.040629
1193.000000 0.040450
1194.000000 0.098643
1195.000000 0.100035
1196.000000 0.024778
1197.000000 0.182942
1198.000000 0.049263
1199.000000 0.147368
1200.000000 0.078400
1201.000000 0.059271
1202.000000 0.093919
1203.000000 0.063328
1204.000000 0.059538
1205.000000 0.046372
1206.000000 0.045605
1207.000000 0.042695
1208.000000 0.067372
1209.000000 0.053226
1210.000000 0.068681
1211.000000 0.098616
1212.000000 0.109553
1213.000000 0.022250
1214.000000 0.088652
1215.000000 0.056586
1216.000000 0.028658
1217.000000 0.011051
1218.000000 0.081276
1219.000000 0.093708
1220.000000 0.093222
1221.000000 0.135824
1222.000000 0.111339
1223.000000 0.069769
1224.000000 0.057678
1225.000000 0.030844
1226.000000 0.104168
1227.000000 0.093320
1228.000000 0.134362
1229.000000 0.031237
1230.000000 0.098543
1231.000000 0.073540
1232.000000 0.099847
1233.000000 0.042894
1234.000000 0.067012
1235.000000 0.043558
1236.000000 0.051874
1237.000000 0.069730
1238.000000 0.121642
1239.000000 0.072010
1240.000000 0.070933
1241.000000 0.053599
1242.000000 0.061230
1243.000000 0.140936
1244.000000 0.116143
1245.000000 0.044543
1246.000000 0.059850
1247.000000 0.099101
1248.000000 0.075530
1249.000000 0.056223
1250.000000 0.111312
1251.000000 0.042452
1252.000000 0.097535
1253.000000 0.058939
1254.000000 0.085940
1255.000000 0.028303
1256.000000 0.030171
1257.000000 0.070960
1258.000000 0.103877
1259.000000 0.100218
1260.000000 0.109655
1261.000000 0.062064
1262.000000 0.191022
1263.000000 0.093260
1264.000000 0.109815
1265.000000 0.100607
1266.000000 0.006103
1267.000000 0.119085
1268.000000 0.034282
1269.000000 0.010692
1270.000000 0.078399
1271.000000 0.120961
1272.000000 0.109622
1273.000000 0.203668
1274.000000 0.057173
1275.000000 0.115735
1276.000000 0.081217
1277.000000 0.035122
1278.000000 0.087701
1279.000000 0.024796
1280.000000 0.052060
1281.000000 0.069645
1282.000000 0.109894
1283.000000 0.036536
1284.000000 0.076893
1285.000000 0.036570
1286.000000 0.022467
1287.000000 0.118859
1288.000000 0.074226
1289.000000 0.116922
1290.000000 0.051378
1291.000000 0.092077
1292.000000 0.018830
1293.000000 0.121631
1294.000000 0.030358
1295.000000 0.079508
1296.000000 0.076657
1297.000000 0.018373
1298.000000 0.040798
1299.000000 0.010108
1300.000000 0.131176
1301.000000 0.041361
1302.000000 0.036883
1303.000000 0.132484
1304.000000 0.044822
1305.000000 0.049698
1306.000000 0.085858
1307.000000 0.116856
1308.000000 0.106504
1309.000000 0.081973
1310.000000 0.198173
1311.000000 0.051484
1312.000000 0.080288
1313.000000 0.063129
1314.000000 0.065267
1315.000000 0.042410
1316.000000 0.069617
1317.000000 0.095222
1318.000000 0.113144
1319.000000 0.015498
1320.000000 0.009346
1321.000000 0.124486
1322.000000 0.019740
1323.000000 0.079926
1324.000000 0.031316
1325.000000 0.036515
1326.000000 0.150850
1327.000000 0.202471
1328.000000 0.061057
1329.000000 0.102078
1330.000000 0.022855
1331.000000 0.127802
1332.000000 0.036386
1333.000000 0.028369
1334.000000 0.061712
1335.000000 0.037632
1336.000000 0.092207
1337.000000 0.148216
1338.000000 0.144755
1339.000000 0.030271
1340.000000 0.084351
1341.000000 0.059947
1342.000000 0.100464
1343.000000 0.074655
1344.000000 0.105079
1345.000000 0.012802
1346.000000 0.038761
1347.000000 0.057653
1348.000000 0.043854
1349.000000 0.089277
1350.000000 0.085576
1351.000000 0.019910
1352.000000 0.054310
1353.000000 0.066382
1354.000000 0.127664
1355.000000 0.063418
1356.000000 0.033474
1357.000000 0.059878
1358.000000 0.102231
1359.000000 0.043736
1360.000000 0.129522
1361.000000 0.024290
1362.000000 0.014640
1363.000000 0.096815
1364.000000 0.048642
1365.000000 0.058643
1366.000000 0.118841
1367.000000 0.049765
1368.000000 0.109313
1369.000000 0.087521
1370.000000 0.055763
1371.000000 0.048585
1372.000000 0.055356
1373.000000 0.085177
1374.000000 0.101055
1375.000000 0.031077
1376.000000 0.085082
1377.000000 0.046872
1378.000000 0.042704
1379.000000 0.130523
1380.000000 0.067990
1381.000000 0.083306
1382.000000 0.089162
1383.000000 0.026188
1384.000000 0.096736
1385.000000 0.080274
1386.000000 0.144219
1387.000000 0.069974
1388.000000 0.036946
1389.000000 0.120411
1390.000000 0.096447
1391.000000 0.088003
1392.000000 0.089917
1393.000000 0.029299
1394.000000 0.037104
1395.000000 0.040459
1396.000000 0.045312
1397.000000 0.071966
1398.000000 0.092608
1399.000000 0.084771
1400.000000 0.089540
1401.000000 0.065202
1402.000000 0.044491
1403.000000 0.004376
1404.000000 0.013121
1405.000000 0.038012
1406.000000 0.040739
1407.000000 0.193443
1408.000000 0.131715
1409.000000 0.045600
1410.000000 0.194805
1411.000000 0.073420
1412.000000 0.070641
1413.000000 0.077977
1414.000000 0.094121
1415.000000 0.072779
1416.000000 0.043268
1417.000000 0.072857
1418.000000 0.122666
1419.000000 0.045546
1420.000000 0.102675
1421.000000 0.090928
1422.000000 0.050552
1423.000000 0.101553
1424.000000 0.084714
1425.000000 0.075418
1426.000000 0.083404
1427.000000 0.030132
1428.000000 0.101322
1429.000000 0.054026
1430.000000 0.091216
1431.000000 0.047635
1432.000000 0.092547
1433.000000 0.046132
1434.000000 0.080326
1435.000000 0.123221
1436.000000 0.076099
1437.000000 0.139519
1438.000000 0.049471
1439.000000 0.048883
1440.000000 0.045923
1441.000000 0.116525
1442.000000 0.064934
1443.000000 0.034394
1444.000000 0.068277
1445.000000 0.033139
1446.000000 0.071297
1447.000000 0.037932
1448.000000 0.064150
1449.000000 0.125962
1450.000000 0.031763
1451.000000 0.047618
1452.000000 0.090923
1453.000000 0.053223
1454.000000 0.142076
1455.000000 0.115869
1456.000000 0.108433
1457.000000 0.069296
1458.000000 0.174522
1459.000000 0.024513
1460.000000 0.055029
1461.000000 0.069596
1462.000000 0.157184
1463.000000 0.105496
1464.000000 0.099363
1465.000000 0.116343
1466.000000 0.091687
1467.000000 0.033992
1468.000000 0.072023
1469.000000 0.032027
1470.000000 0.079322
1471.000000 0.039509
1472.000000 0.040014
1473.000000 0.060827
1474.000000 0.068730
1475.000000 0.030997
1476.000000 0.070327
1477.000000 0.172894
1478.000000 0.036213
1479.000000 0.009829
1480.000000 0.095874
1481.000000 0.051555
1482.000000 0.113757
1483.000000 0.135997
1484.000000 0.083290
1485.000000 0.159612
1486.000000 0.031342
1487.000000 0.076209
1488.000000 0.072086
1489.000000 0.055027
1490.000000 0.093834
1491.000000 0.024756
1492.000000 0.017363
1493.000000 0.042924
1494.000000 0.202639
1495.000000 0.094834
1496.000000 0.055219
1497.000000 0.023628
1498.000000 0.123188
1499.000000 0.075473
1500.000000 0.149011
1501.000000 0.059292
1502.000000 0.133029
1503.000000 0.128045
1504.000000 0.068795
1505.000000 0.069087
1506.000000 0.109583
1507.000000 0.093230
1508.000000 0.104446
1509.000000 0.103651
1510.000000 0.105912
1511.000000 0.050612
1512.000000 0.107089
1513.000000 0.144812
1514.000000 0.078944
1515.000000 0.043424
1516.000000 0.078432
1517.000000 0.133439
1518.000000 0.101997
1519.000000 0.085180
1520.000000 0.093529
1521.000000 0.019193
1522.000000 0.194056
1523.000000 0.108525
1524.000000 0.099544
1525.000000 0.072512
1526.000000 0.064774
1527.000000 0.091611
1528.000000 0.090694
1529.000000 0.068300
1530.000000 0.035543
1531.000000 0.050798
1532.000000 0.072462
1533.000000 0.059430
1534.000000 0.061750
1535.000000 0.048587
1536.000000 0.048790
1537.000000 0.040570
1538.000000 0.040044
1539.000000 0.058293
1540.000000 0.064527
1541.000000 0.056585
1542.000000 0.065219
1543.000000 0.066183
1544.000000 0.014594
1545.000000 0.031669
1546.000000 0.063359
1547.000000 0.046099
1548.000000 0.094188
1549.000000 0.087781
1550.000000 0.159472
1551.000000 0.128772
1552.000000 0.108980
1553.000000 0.034799
1554.000000 0.116966
1555.000000 0.095048
1556.000000 0.063474
1557.000000 0.012199
1558.000000 0.016443
1559.000000 0.104018
1560.000000 0.136526
1561.000000 0.138540
1562.000000 0.105203
1563.000000 0.046132
1564.000000 0.017756
1565.000000 0.067713
1566.000000 0.083594
1567.000000 0.054167
1568.000000 0.073781
1569.000000 0.012114
1570.000000 0.085756
1571.000000 0.027234
1572.000000 0.118338
1573.000000 0.109494
1574.000000 0.091209
1575.000000 0.069463
1576.000000 0.029612
1577.000000 0.090727
1578.000000 0.184380
1579.000000 0.118510
1580.000000 0.062874
1581.000000 0.071664
1582.000000 0.067999
1583.000000 0.026470
1584.000000 0.084443
1585.000000 0.034063
1586.000000 0.030149
1587.000000 0.126269
1588.000000 0.013617
1589.000000 0.193108
1590.000000 0.058902
1591.000000 0.104664
1592.000000 0.132859
1593.000000 0.052722
1594.000000 0.109055
1595.000000 0.044620
1596.000000 0.086490
1597.000000 0.138842
1598.000000 0.077967
1599.000000 0.049010
1600.000000 0.099015
1601.000000 0.004580
1602.000000 0.108403
1603.000000 0.092742
1604.000000 0.050061
1605.000000 0.023563
1606.000000 0.044692
1607.000000 0.116032
1608.000000 0.085107
1609.000000 0.056611
1610.000000 0.054011
1611.000000 0.064997
1612.000000 0.190149
1613.000000 0.033691
1614.000000 0.114917
1615.000000 0.032876
1616.000000 0.057712
1617.000000 0.068758
1618.000000 0.044435
1619.000000 0.098580
1620.000000 0.112211
1621.000000 0.081017
1622.000000 0.062252
1623.000000 0.090462
1624.000000 0.111492
1625.000000 0.142318
1626.000000 0.061583
1627.000000 0.068459
1628.000000 0.036590
1629.000000 0.076825
1630.000000 0.056433
1631.000000 0.100967
1632.000000 0.100592
1633.000000 0.052065
1634.000000 0.084119
1635.000000 0.125420
1636.000000 0.020108
1637.000000 0.140728
1638.000000 0.046894
1639.000000 0.023373
1640.000000 0.057511
1641.000000 0.105570
1642.000000 0.096632
1643.000000 0.017182
1644.000000 0.097009
1645.000000 0.050021
1646.000000 0.078910
1647.000000 0.089472
1648.000000 0.068274
1649.000000 0.028030
1650.000000 0.065716
1651.000000 0.116964
1652.000000 0.025601
1653.000000 0.076041
1654.000000 0.124605
1655.000000 0.054571
1656.000000 0.020650
1657.000000 0.118395
1658.000000 0.043236
1659.000000 0.096659
1660.000000 0.052793
1661.000000 0.096567
1662.000000 0.120551
1663.000000 0.107923
1664.000000 0.042587
1665.000000 0.108137
1666.000000 0.038396
1667.000000 0.064949
1668.000000 0.117117
1669.000000 0.088892
1670.000000 0.071075
1671.000000 0.068734
1672.000000 0.093946
1673.000000 0.077777
1674.000000 0.026259
1675.000000 0.123855
1676.000000 0.105033
1677.000000 0.010544
1678.000000 0.075698
1679.000000 0.098025
1680.000000 0.117038
1681.000000 0.072588
1682.000000 0.115634
1683.000000 0.046969
1684.000000 0.106102
1685.000000 0.077288
1686.000000 0.084829
1687.000000 0.019550
1688.000000 0.050112
1689.000000 0.043318
1690.000000 0.058848
1691.000000 0.046301
1692.000000 0.076925
1693.000000 0.077551
1694.000000 0.133997
1695.000000 0.059463
1696.000000 0.089405
1697.000000 0.068824
1698.000000 0.047937
1699.000000 0.039546
1700.000000 0.094153
1701.000000 0.056407
1702.000000 0.013241
1703.000000 0.119046
1704.000000 0.127459
1705.000000 0.047055
1706.000000 0.123557
1707.000000 0.018960
1708.000000 0.055772
1709.000000 0.031772
1710.000000 0.118214
1711.000000 0.102298
1712.000000 0.067861
1713.000000 0.084672
1714.000000 0.203320
1715.000000 0.104817
1716.000000 0.165605
1717.000000 0.139580
1718.000000 0.164486
1719.000000 0.115155
1720.000000 0.153812
1721.000000 0.087906
1722.000000 0.152484
1723.000000 0.075288
1724.000000 0.134257
1725.000000 0.103562
1726.000000 0.021322
1727.000000 0.076966
1728.000000 0.115539
1729.000000 0.049974
1730.000000 0.029062
1731.000000 0.124776
1732.000000 0.064293
1733.000000 0.101638
1734.000000 0.038168
1735.000000 0.201510
1736.000000 0.079895
1737.000000 0.130012
1738.000000 0.089017
1739.000000 0.009339
1740.000000 0.039829
1741.000000 0.019652
1742.000000 0.076609
1743.000000 0.061891
1744.000000 0.151182
1745.000000 0.138681
1746.000000 0.035342
1747.000000 0.110813
1748.000000 0.069514
1749.000000 0.078188
1750.000000 0.090319
1751.000000 0.020652
1752.000000 0.128145
1753.000000 0.147389
1754.000000 0.148670
1755.000000 0.054386
1756.000000 0.082628
1757.000000 0.085886
1758.000000 0.097373
1759.000000 0.081734
1760.000000 0.073517
1761.000000 0.063008
1762.000000 0.055061
1763.000000 0.073769
1764.000000 0.024285
1765.000000 0.083859
1766.000000 0.139189
1767.000000 0.048702
1768.000000 0.161905
1769.000000 0.033895
1770.000000 0.026213
1771.000000 0.031974
1772.000000 0.024620
1773.000000 0.034093
1774.000000 0.047995
1775.000000 0.078388
1776.000000 0.081025
1777.000000 0.039652
1778.000000 0.136852
1779.000000 0.078447
1780.000000 0.128568
1781.000000 0.105908
1782.000000 0.045461
1783.000000 0.040267
1784.000000 0.085158
1785.000000 0.021988
1786.000000 0.056813
1787.000000 0.082687
1788.000000 0.056981
1789.000000 0.023493
1790.000000 0.158081
1791.000000 0.119387
1792.000000 0.115793
1793.000000 0.100984
1794.000000 0.097168
1795.000000 0.050320
1796.000000 0.056229
1797.000000 0.065896
1798.000000 0.116688
1799.000000 0.096337
1800.000000 0.084763
1801.000000 0.124823
1802.000000 0.163538
1803.000000 0.125001
1804.000000 0.044316
1805.000000 0.074012
1806.000000 0.137878
1807.000000 0.012712
1808.000000 0.093333
1809.000000 0.034343
1810.000000 0.025632
1811.000000 0.078684
1812.000000 0.038899
1813.000000 0.091597
1814.000000 0.034124
1815.000000 0.040805
1816.000000 0.097051
1817.000000 0.024009
1818.000000 0.004959
1819.000000 0.058624
1820.000000 0.119755
1821.000000 0.074443
1822.000000 0.075127
1823.000000 0.008523
1824.000000 0.042127
1825.000000 0.049106
1826.000000 0.141041
1827.000000 0.147056
1828.000000 0.121460
1829.000000 0.060906
1830.000000 0.110969
1831.000000 0.089373
1832.000000 0.084539
1833.000000 0.112649
1834.000000 0.099970
1835.000000 0.053006
1836.000000 0.054427
1837.000000 0.054175
1838.000000 0.055817
1839.000000 0.062871
1840.000000 0.136257
1841.000000 0.034433
1842.000000 0.055987
1843.000000 0.095140
1844.000000 0.077008
1845.000000 0.130267
1846.000000 0.098573
1847.000000 0.064825
1848.000000 0.069611
1849.000000 0.061695
1850.000000 0.154222
1851.000000 0.059714
1852.000000 0.062160
1853.000000 0.054607
1854.000000 0.116176
1855.000000 0.056773
1856.000000 0.029366
1857.000000 0.096480
1858.000000 0.180029
1859.000000 0.102548
1860.000000 0.188967
1861.000000 0.060553
1862.000000 0.069763
1863.000000 0.024849
1864.000000 0.062648
1865.000000 0.040374
1866.000000 0.032055
1867.000000 0.135635
1868.000000 0.053377
1869.000000 0.100874
1870.000000 0.120134
1871.000000 0.029730
1872.000000 0.063868
1873.000000 0.028194
1874.000000 0.039513
1875.000000 0.192476
1876.000000 0.019728
1877.000000 0.033045
1878.000000 0.113360
1879.000000 0.058661
1880.000000 0.058460
1881.000000 0.021300
1882.000000 0.032902
1883.000000 0.037204
1884.000000 0.049307
1885.000000 0.110793
1886.000000 0.118519
1887.000000 0.077192
1888.000000 0.041871
1889.000000 0.124983
1890.000000 0.089959
1891.000000 0.137864
1892.000000 0.067060
1893.000000 0.118709
1894.000000 0.028866
1895.000000 0.051604
1896.000000 0.054621
1897.000000 0.065596
1898.000000 0.042698
1899.000000 0.091833
1900.000000 0.075050
1901.000000 0.020028
1902.000000 0.064088
1903.000000 0.028635
1904.000000 0.095541
1905.000000 0.150762
1906.000000 0.085004
1907.000000 0.099269
1908.000000 0.042287
1909.000000 0.066202
1910.000000 0.044608
1911.000000 0.049403
1912.000000 0.101671
1913.000000 0.051717
1914.000000 0.069418
1915.000000 0.068291
1916.000000 0.040486
1917.000000 0.064867
1918.000000 0.146297
1919.000000 0.076265
1920.000000 0.060479
1921.000000 0.146955
1922.000000 0.053553
1923.000000 0.089365
1924.000000 0.092401
1925.000000 0.054437
1926.000000 0.053205
1927.000000 0.094267
1928.000000 0.075467
1929.000000 0.036037
1930.000000 0.062319
1931.000000 0.103944
1932.000000 0.107630
1933.000000 0.045199
1934.000000 0.109202
1935.000000 0.092951
1936.000000 0.070326
1937.000000 0.055601
1938.000000 0.050853
1939.000000 0.045158
1940.000000 0.119777
1941.000000 0.015806
1942.000000 0.014447
1943.000000 0.188355
1944.000000 0.044022
1945.000000 0.070303
1946.000000 0.118429
1947.000000 0.052889
1948.000000 0.020872
1949.000000 0.073262
1950.000000 0.079347
1951.000000 0.097006
1952.000000 0.046171
1953.000000 0.125903
1954.000000 0.189622
1955.000000 0.038898
1956.000000 0.150633
1957.000000 0.042569
1958.000000 0.120639
1959.000000 0.025213
1960.000000 0.108435
1961.000000 0.169870
1962.000000 0.096223
1963.000000 0.114099
1964.000000 0.111501
1965.000000 0.043758
1966.000000 0.062791
1967.000000 0.073082
1968.000000 0.063922
1969.000000 0.158986
1970.000000 0.054232
1971.000000 0.164051
1972.000000 0.003093
1973.000000 0.025175
1974.000000 0.011029
1975.000000 0.045970
1976.000000 0.119804
1977.000000 0.097558
1978.000000 0.018919
1979.000000 0.080349
1980.000000 0.015045
1981.000000 0.189353
1982.000000 0.007175
1983.000000 0.136278
1984.000000 0.037201
1985.000000 0.082230
1986.000000 0.102640
1987.000000 0.029255
1988.000000 0.088414
1989.000000 0.060833
1990.000000 0.058525
1991.000000 0.043942
1992.000000 0.063734
1993.000000 0.095998
1994.000000 0.066536
1995.000000 0.053088
1996.000000 0.026005
1997.000000 0.030176
1998.000000 0.117207
1999.000000 0.081717
2000.000000 0.052926
2001.000000 0.172962
2002.000000 0.067006
2003.000000 0.035274
2004.000000 0.035585
2005.000000 0.009967
2006.000000 0.077121
2007.000000 0.065394
2008.000000 0.011782
2009.000000 0.095460
2010.000000 0.084821
2011.000000 0.017122
2012.000000 0.086417
2013.000000 0.084744
2014.000000 0.091449
2015.000000 0.075085
2016.000000 0.116575
2017.000000 0.026948
2018.000000 0.069478
2019.000000 0.086905
2020.000000 0.113387
2021.000000 0.026186
2022.000000 0.082920
2023.000000 0.072721
2024.000000 0.021693
2025.000000 0.103536
2026.000000 0.065776
2027.000000 0.049536
2028.000000 0.072039
2029.000000 0.064609
2030.000000 0.041473
2031.000000 0.034801
2032.000000 0.028223
2033.000000 0.108854
2034.000000 0.048217
2035.000000 0.100054
2036.000000 0.101931
2037.000000 0.041101
2038.000000 0.036522
2039.000000 0.056416
2040.000000 0.204442
2041.000000 0.020238
2042.000000 0.081800
2043.000000 0.075734
2044.000000 0.047749
2045.000000 0.138342
2046.000000 0.060978
2047.000000 0.022825
2048.000000 0.040142
2049.000000 0.042567
2050.000000 0.077167
2051.000000 0.098362
2052.000000 0.087453
2053.000000 0.081628
2054.000000 0.095772
2055.000000 0.134308
2056.000000 0.063866
2057.000000 0.133819
2058.000000 0.075849
2059.000000 0.034771
2060.000000 0.050268
2061.000000 0.073350
2062.000000 0.024935
2063.000000 0.078815
2064.000000 0.084010
2065.000000 0.070789
2066.000000 0.012685
2067.000000 0.121838
2068.000000 0.049523
2069.000000 0.036453
2070.000000 0.062018
2071.000000 0.070553
2072.000000 0.053503
2073.000000 0.152209
2074.000000 0.047794
2075.000000 0.054805
2076.000000 0.025466
2077.000000 0.075657
2078.000000 0.108506
2079.000000 0.075502
2080.000000 0.020736
2081.000000 0.038531
2082.000000 0.082078
2083.000000 0.094984
2084.000000 0.055736
2085.000000 0.081741
2086.000000 0.103383
2087.000000 0.184892
2088.000000 0.114046
2089.000000 0.073130
2090.000000 0.047806
2091.000000 0.151000
2092.000000 0.139560
2093.000000 0.024142
2094.000000 0.041716
2095.000000 0.013301
2096.000000 0.100004
2097.000000 0.060518
2098.000000 0.008449
2099.000000 0.086603
2100.000000 0.155157
2101.000000 0.058588
2102.000000 0.085042
2103.000000 0.048581
2104.000000 0.062727
2105.000000 0.126106
2106.000000 0.029852
2107.000000 0.106389
2108.000000 0.083617
2109.000000 0.051185
2110.000000 0.051795
2111.000000 0.091021
2112.000000 0.134787
2113.000000 0.045400
2114.000000 0.124216
2115.000000 0.023661
2116.000000 0.057447
2117.000000 0.117718
2118.000000 0.057334
2119.000000 0.030383
2120.000000 0.101796
2121.000000 0.077784
2122.000000 0.072061
2123.000000 0.084325
2124.000000 0.115779
2125.000000 0.088546
2126.000000 0.122259
2127.000000 0.135256
2128.000000 0.099922
2129.000000 0.064048
2130.000000 0.084319
2131.000000 0.182251
2132.000000 0.070844
2133.000000 0.046232
2134.000000 0.037498
2135.000000 0.161269
2136.000000 0.087093
2137.000000 0.027575
2138.000000 0.109803
2139.000000 0.103470
2140.000000 0.084861
2141.000000 0.070912
2142.000000 0.035671
2143.000000 0.091840
2144.000000 0.040146
2145.000000 0.086244
2146.000000 0.097465
2147.000000 0.055056
2148.000000 0.068315
2149.000000 0.063644
2150.000000 0.172938
2151.000000 0.092910
2152.000000 0.102248
2153.000000 0.017660
2154.000000 0.084278
2155.000000 0.100732
2156.000000 0.062122
2157.000000 0.032396
2158.000000 0.131799
2159.000000 0.027043
2160.000000 0.070586
2161.000000 0.079242
2162.000000 0.093413
2163.000000 0.134225
2164.000000 0.063074
2165.000000 0.121575
2166.000000 0.030780
2167.000000 0.015851
2168.000000 0.084030
2169.000000 0.056438
2170.000000 0.065578
2171.000000 0.074606
2172.000000 0.101381
2173.000000 0.051894
2174.000000 0.059414
2175.000000 0.055293
2176.000000 0.058674
2177.000000 0.062382
2178.000000 0.038021
2179.000000 0.094433
2180.000000 0.054958
2181.000000 0.032184
2182.000000 0.054469
2183.000000 0.035975
2184.000000 0.098217
2185.000000 0.032026
2186.000000 0.163164
2187.000000 0.044183
2188.000000 0.123780
2189.000000 0.013927
2190.000000 0.036279
2191.000000 0.062970
2192.000000 0.075117
2193.000000 0.048786
2194.000000 0.144644
2195.000000 0.086318
2196.000000 0.100706
2197.000000 0.075778
2198.000000 0.030271
2199.000000 0.061769
2200.000000 0.110678
2201.000000 0.059608
2202.000000 0.073081
2203.000000 0.151723
2204.000000 0.042939
2205.000000 0.039676
2206.000000 0.092118
2207.000000 0.035087
2208.000000 0.096501
2209.000000 0.095849
2210.000000 0.067772
2211.000000 0.105980
2212.000000 0.059308
2213.000000 0.023469
2214.000000 0.029661
2215.000000 0.074670
2216.000000 0.083133
2217.000000 0.039081
2218.000000 0.080598
2219.000000 0.182243
2220.000000 0.096641
2221.000000 0.068208
2222.000000 0.028865
2223.000000 0.044603
2224.000000 0.050758
2225.000000 0.141837
2226.000000 0.100596
2227.000000 0.112999
2228.000000 0.152047
2229.000000 0.047846
2230.000000 0.049457
2231.000000 0.045806
2232.000000 0.089796
2233.000000 0.125754
2234.000000 0.090517
2235.000000 0.108153
2236.000000 0.093031
2237.000000 0.101684
2238.000000 0.152766
2239.000000 0.048221
2240.000000 0.032701
2241.000000 0.164644
2242.000000 0.069684
2243.000000 0.072212
2244.000000 0.012886
2245.000000 0.078406
2246.000000 0.107255
2247.000000 0.075151
2248.000000 0.013769
2249.000000 0.126235
2250.000000 0.050376
2251.000000 0.093104
2252.000000 0.039386
2253.000000 0.039072
2254.000000 0.061539
2255.000000 0.117196
2256.000000 0.105332
2257.000000 0.064006
2258.000000 0.072556
2259.000000 0.003989
2260.000000 0.012232
2261.000000 0.113865
2262.000000 0.020000
2263.000000 0.074558
2264.000000 0.076105
2265.000000 0.096628
2266.000000 0.069483
2267.000000 0.110378
2268.000000 0.141880
2269.000000 0.108933
2270.000000 0.080018
2271.000000 0.033752
2272.000000 0.061050
2273.000000 0.152025
2274.000000 0.093983
2275.000000 0.035476
2276.000000 0.044994
2277.000000 0.036293
2278.000000 0.057194
2279.000000 0.061758
2280.000000 0.192035
2281.000000 0.064745
2282.000000 0.134060
2283.000000 0.107492
2284.000000 0.044663
2285.000000 0.022807
2286.000000 0.056328
2287.000000 0.200004
2288.000000 0.073338
2289.000000 0.087628
2290.000000 0.028180
2291.000000 0.149335
2292.000000 0.090853
2293.000000 0.022055
2294.000000 0.090478
2295.000000 0.018826
2296.000000 0.084589
2297.000000 0.082712
2298.000000 0.018206
2299.000000 0.049359
2300.000000 0.098403
2301.000000 0.058373
2302.000000 0.070859
2303.000000 0.109009
2304.000000 0.032176
2305.000000 0.083384
2306.000000 0.105662
2307.000000 0.136346
2308.000000 0.027854
2309.000000 0.002474
2310.000000 0.039318
2311.000000 0.081488
2312.000000 0.081324
2313.000000 0.031137
2314.000000 0.058184
2315.000000 0.034456
2316.000000 0.004869
2317.000000 0.050630
2318.000000 0.175875
2319.000000 0.150872
2320.000000 0.149647
2321.000000 0.076687
2322.000000 0.031144
2323.000000 0.074269
2324.000000 0.115359
2325.000000 0.073108
2326.000000 0.111707
2327.000000 0.089876
2328.000000 0.059682
2329.000000 0.091488
2330.000000 0.096214
2331.000000 0.098542
2332.000000 0.056914
2333.000000 0.085268
2334.000000 0.064467
2335.000000 0.091840
2336.000000 0.143763
2337.000000 0.148144
2338.000000 0.108556
2339.000000 0.061505
2340.000000 0.091399
2341.000000 0.057551
2342.000000 0.079658
2343.000000 0.089481
2344.000000 0.085317
2345.000000 0.054139
2346.000000 0.066529
2347.000000 0.131269
2348.000000 0.072115
2349.000000 0.078741
2350.000000 0.057893
2351.000000 0.077875
2352.000000 0.051826
2353.000000 0.029250
2354.000000 0.113896
2355.000000 0.064173
2356.000000 0.085024
2357.000000 0.045560
2358.000000 0.013997
2359.000000 0.085024
2360.000000 0.005813
2361.000000 0.046046
2362.000000 0.067657
2363.000000 0.187949
2364.000000 0.020522
2365.000000 0.098192
2366.000000 0.053328
2367.000000 0.047905
2368.000000 0.061285
2369.000000 0.042557
2370.000000 0.037826
2371.000000 0.048295
2372.000000 0.052698
2373.000000 0.042517
2374.000000 0.112019
2375.000000 0.127647
2376.000000 0.008614
2377.000000 0.085981
2378.000000 0.037801
2379.000000 0.026571
2380.000000 0.058458
2381.000000 0.107562
2382.000000 0.141545
2383.000000 0.104497
2384.000000 0.157126
2385.000000 0.093277
2386.000000 0.101436
2387.000000 0.078333
2388.000000 0.020539
2389.000000 0.040064
2390.000000 0.049203
2391.000000 0.026583
2392.000000 0.087656
2393.000000 0.013693
2394.000000 0.117069
2395.000000 0.103696
2396.000000 0.035683
2397.000000 0.028171
2398.000000 0.099672
2399.000000 0.006296
2400.000000 0.042750
2401.000000 0.049483
2402.000000 0.029569
2403.000000 0.111149
2404.000000 0.012919
2405.000000 0.056662
2406.000000 0.080362
2407.000000 0.072604
2408.000000 0.104692
2409.000000 0.097134
2410.000000 0.058112
2411.000000 0.103414
2412.000000 0.125890
2413.000000 0.026071
2414.000000 0.046068
2415.000000 0.051349
2416.000000 0.174438
2417.000000 0.019826
2418.000000 0.093757
2419.000000 0.055168
2420.000000 0.042271
2421.000000 0.044832
2422.000000 0.008064
2423.000000 0.111527
2424.000000 0.088600
2425.000000 0.005502
2426.000000 0.127276
2427.000000 0.087754
2428.000000 0.140734
2429.000000 0.010382
2430.000000 0.118352
2431.000000 0.121278
2432.000000 0.015077
2433.000000 0.051819
2434.000000 0.075852
2435.000000 0.035235
2436.000000 0.064496
2437.000000 0.071840
2438.000000 0.097434
2439.000000 0.014477
2440.000000 0.135105
2441.000000 0.060075
2442.000000 0.060325
2443.000000 0.100453
2444.000000 0.040498
2445.000000 0.074708
2446.000000 0.111219
2447.000000 0.141615
2448.000000 0.022348
2449.000000 0.108208
2450.000000 0.069548
2451.000000 0.109851
2452.000000 0.014533
2453.000000 0.132199
2454.000000 0.069602
2455.000000 0.057785
2456.000000 0.078179
2457.000000 0.121316
2458.000000 0.085929
2459.000000 0.081970
2460.000000 0.035585
2461.000000 0.131469
2462.000000 0.161863
2463.000000 0.098089
2464.000000 0.079858
2465.000000 0.057934
2466.000000 0.117722
2467.000000 0.034525
2468.000000 0.085235
2469.000000 0.056084
2470.000000 0.086745
2471.000000 0.085518
2472.000000 0.051349
2473.000000 0.022923
2474.000000 0.074008
2475.000000 0.003499
2476.000000 0.073227
2477.000000 0.105772
2478.000000 0.086132
2479.000000 0.076309
2480.000000 0.065042
2481.000000 0.030394
2482.000000 0.139078
2483.000000 0.024219
2484.000000 0.043148
2485.000000 0.021734
2486.000000 0.055462
2487.000000 0.083074
2488.000000 0.064121
2489.000000 0.035366
2490.000000 0.080688
2491.000000 0.051189
2492.000000 0.075267
2493.000000 0.072769
2494.000000 0.161133
2495.000000 0.076256
2496.000000 0.083727
2497.000000 0.098589
2498.000000 0.092338
2499.000000 0.096468
2500.000000 0.143264
2501.000000 0.084816
2502.000000 0.117889
2503.000000 0.053367
2504.000000 0.149470
2505.000000 0.140284
2506.000000 0.031386
2507.000000 0.094607
2508.000000 0.104032
2509.000000 0.079948
2510.000000 0.064883
2511.000000 0.063097
2512.000000 0.035291
2513.000000 0.146307
2514.000000 0.093135
2515.000000 0.013895
2516.000000 0.030493
2517.000000 0.123607
2518.000000 0.051753
2519.000000 0.034652
2520.000000 0.028534
2521.000000 0.021802
2522.000000 0.125472
2523.000000 0.086101
2524.000000 0.105155
2525.000000 0.057297
2526.000000 0.069703
2527.000000 0.087807
2528.000000 0.044352
2529.000000 0.050243
2530.000000 0.066781
2531.000000 0.026111
2532.000000 0.138237
2533.000000 0.026789
2534.000000 0.102754
2535.000000 0.086630
2536.000000 0.137808
2537.000000 0.094951
2538.000000 0.112127
2539.000000 0.083524
2540.000000 0.101586
2541.000000 0.029057
2542.000000 0.095946
2543.000000 0.080038
2544.000000 0.093303
2545.000000 0.050709
2546.000000 0.011805
2547.000000 0.009096
2548.000000 0.064612
2549.000000 0.035807
2550.000000 0.078154
2551.000000 0.063731
2552.000000 0.076488
2553.000000 0.041780
2554.000000 0.074824
2555.000000 0.118664
2556.000000 0.029580
2557.000000 0.071697
2558.000000 0.031394
2559.000000 0.092146
2560.000000 0.035476
2561.000000 0.140785
2562.000000 0.142603
2563.000000 0.027484
2564.000000 0.027555
2565.000000 0.098889
2566.000000 0.044349
2567.000000 0.016267
2568.000000 0.018057
2569.000000 0.027668
2570.000000 0.066176
2571.000000 0.046649
2572.000000 0.068646
2573.000000 0.069253
2574.000000 0.048121
2575.000000 0.032244
2576.000000 0.098657
2577.000000 0.015753
2578.000000 0.165990
2579.000000 0.160391
2580.000000 0.096139
2581.000000 0.013313
2582.000000 0.069152
2583.000000 0.059274
2584.000000 0.011925
2585.000000 0.061230
2586.000000 0.065978
2587.000000 0.065762
2588.000000 0.100392
2589.000000 0.064640
2590.000000 0.127141
2591.000000 0.095072
2592.000000 0.184037
2593.000000 0.003880
2594.000000 0.112795
2595.000000 0.147464
2596.000000 0.075754
2597.000000 0.068406
2598.000000 0.093622
2599.000000 0.077091
2600.000000 0.143130
2601.000000 0.169392
2602.000000 0.050045
2603.000000 0.200371
2604.000000 0.120771
2605.000000 0.037395
2606.000000 0.038345
2607.000000 0.143397
2608.000000 0.083180
2609.000000 0.120973
2610.000000 0.054692
2611.000000 0.070338
2612.000000 0.094378
2613.000000 0.078035
2614.000000 0.046967
2615.000000 0.046642
2616.000000 0.055640
2617.000000 0.039502
2618.000000 0.088377
2619.000000 0.057666
2620.000000 0.085302
2621.000000 0.079032
2622.000000 0.101888
2623.000000 0.017194
2624.000000 0.064603
2625.000000 0.068927
2626.000000 0.008636
2627.000000 0.081595
2628.000000 0.068490
2629.000000 0.066125
2630.000000 0.093905
2631.000000 0.037565
2632.000000 0.090880
2633.000000 0.106923
2634.000000 0.015203
2635.000000 0.073972
2636.000000 0.010992
2637.000000 0.066097
2638.000000 0.072874
2639.000000 0.083293
2640.000000 0.082454
2641.000000 0.103050
2642.000000 0.099459
2643.000000 0.093545
2644.000000 0.097918
2645.000000 0.099910
2646.000000 0.081740
2647.000000 0.040844
2648.000000 0.028848
2649.000000 0.016835
2650.000000 0.041941
2651.000000 0.076668
2652.000000 0.054598
2653.000000 0.096840
2654.000000 0.098664
2655.000000 0.138619
2656.000000 0.040104
2657.000000 0.045060
2658.000000 0.036532
2659.000000 0.043323
2660.000000 0.015248
2661.000000 0.062070
2662.000000 0.127660
2663.000000 0.095467
2664.000000 0.120794
2665.000000 0.042869
2666.000000 0.062469
2667.000000 0.079511
2668.000000 0.073540
2669.000000 0.033848
2670.000000 0.039257
2671.000000 0.057852
2672.000000 0.111392
2673.000000 0.125850
2674.000000 0.126018
2675.000000 0.062927
2676.000000 0.037964
2677.000000 0.087309
2678.000000 0.073328
2679.000000 0.025075
2680.000000 0.063202
2681.000000 0.049695
2682.000000 0.042994
2683.000000 0.060058
2684.000000 0.083388
2685.000000 0.054093
2686.000000 0.105155
2687.000000 0.081750
2688.000000 0.078810
2689.000000 0.076797
2690.000000 0.066214
2691.000000 0.039652
2692.000000 0.018435
2693.000000 0.045910
2694.000000 0.042921
2695.000000 0.044104
2696.000000 0.072685
2697.000000 0.112774
2698.000000 0.062118
2699.000000 0.068043
2700.000000 0.074213
2701.000000 0.098401
2702.000000 0.113562
2703.000000 0.058555
2704.000000 0.040758
2705.000000 0.134070
2706.000000 0.055095
2707.000000 0.073969
2708.000000 0.063053
2709.000000 0.086166
2710.000000 0.086620
2711.000000 0.050996
2712.000000 0.071029
2713.000000 0.031615
2714.000000 0.063935
2715.000000 0.051871
2716.000000 0.086149
2717.000000 0.042997
2718.000000 0.055851
2719.000000 0.066880
2720.000000 0.056010
2721.000000 0.075578
2722.000000 0.119823
2723.000000 0.105419
2724.000000 0.117657
2725.000000 0.032338
2726.000000 0.043569
2727.000000 0.033693
2728.000000 0.109711
2729.000000 0.111553
2730.000000 0.080693
2731.000000 0.022686
2732.000000 0.094791
2733.000000 0.016682
2734.000000 0.034776
2735.000000 0.096771
2736.000000 0.042568
2737.000000 0.081600
2738.000000 0.032371
2739.000000 0.076935
2740.000000 0.013007
2741.000000 0.078400
2742.000000 0.028686
2743.000000 0.113765
2744.000000 0.119213
2745.000000 0.101272
2746.000000 0.061343
2747.000000 0.061809
2748.000000 0.117752
2749.000000 0.035630
2750.000000 0.052857
2751.000000 0.011680
2752.000000 0.110723
2753.000000 0.020994
2754.000000 0.071296
2755.000000 0.091102
2756.000000 0.088538
2757.000000 0.020347
2758.000000 0.018907
2759.000000 0.133223
2760.000000 0.182494
2761.000000 0.040757
2762.000000 0.094869
2763.000000 0.124692
2764.000000 0.083018
2765.000000 0.123291
2766.000000 0.114653
2767.000000 0.047907
2768.000000 0.064211
2769.000000 0.028818
2770.000000 0.091046
2771.000000 0.123144
2772.000000 0.179838
2773.000000 0.010182
2774.000000 0.092188
2775.000000 0.082389
2776.000000 0.079510
2777.000000 0.089527
2778.000000 0.088170
2779.000000 0.109930
2780.000000 0.083948
2781.000000 0.070317
2782.000000 0.058539
2783.000000 0.123868
2784.000000 0.082531
2785.000000 0.036639
2786.000000 0.063520
2787.000000 0.122720
2788.000000 0.096762
2789.000000 0.064704
2790.000000 0.032899
2791.000000 0.053764
2792.000000 0.029568
2793.000000 0.045186
2794.000000 0.058880
2795.000000 0.082883
2796.000000 0.054215
2797.000000 0.066078
2798.000000 0.031589
2799.000000 0.072313
2800.000000 0.145238
2801.000000 0.091342
2802.000000 0.138390
2803.000000 0.026247
2804.000000 0.078422
2805.000000 0.116393
2806.000000 0.077602
2807.000000 0.056857
2808.000000 0.111165
2809.000000 0.132604
2810.000000 0.023020
2811.000000 0.140060
2812.000000 0.049739
2813.000000 0.109693
2814.000000 0.073003
2815.000000 0.120211
2816.000000 0.063898
2817.000000 0.049645
2818.000000 0.015823
2819.000000 0.020667
2820.000000 0.035705
2821.000000 0.046412
2822.000000 0.097413
2823.000000 0.142434
2824.000000 0.084248
2825.000000 0.046790
2826.000000 0.117238
2827.000000 0.063048
2828.000000 0.028761
2829.000000 0.120329
2830.000000 0.066184
2831.000000 0.117261
2832.000000 0.013738
2833.000000 0.082344
2834.000000 0.014808
2835.000000 0.057067
2836.000000 0.155726
2837.000000 0.059410
2838.000000 0.057462
2839.000000 0.036532
2840.000000 0.191102
2841.000000 0.047967
2842.000000 0.098589
2843.000000 0.113116
2844.000000 0.050136
2845.000000 0.049828
2846.000000 0.035172
2847.000000 0.062991
2848.000000 0.027037
2849.000000 0.055394
2850.000000 0.062390
2851.000000 0.018681
2852.000000 0.124679
2853.000000 0.074533
2854.000000 0.185163
2855.000000 0.064886
2856.000000 0.045117
2857.000000 0.111440
2858.000000 0.044170
2859.000000 0.111196
2860.000000 0.021469
2861.000000 0.091341
2862.000000 0.052084
2863.000000 0.102925
2864.000000 0.025558
2865.000000 0.092254
2866.000000 0.093124
2867.000000 0.016318
2868.000000 0.045688
2869.000000 0.164058
2870.000000 0.044769
2871.000000 0.155459
2872.000000 0.082738
2873.000000 0.028756
2874.000000 0.054935
2875.000000 0.122562
2876.000000 0.018700
2877.000000 0.063472
2878.000000 0.078665
2879.000000 0.084809
2880.000000 0.008824
2881.000000 0.076286
2882.000000 0.068107
2883.000000 0.015958
2884.000000 0.054005
2885.000000 0.061028
2886.000000 0.004011
2887.000000 0.126858
2888.000000 0.094174
2889.000000 0.149289
2890.000000 0.052295
2891.000000 0.056067
2892.000000 0.064777
2893.000000 0.112171
2894.000000 0.061066
2895.000000 0.084071
2896.000000 0.024262
2897.000000 0.047708
2898.000000 0.132881
2899.000000 0.066487
2900.000000 0.030278
2901.000000 0.061075
2902.000000 0.105387
2903.000000 0.172189
2904.000000 0.053512
2905.000000 0.036877
2906.000000 0.036284
2907.000000 0.018471
2908.000000 0.128390
2909.000000 0.046520
2910.000000 0.024590
2911.000000 0.068898
2912.000000 0.127186
2913.000000 0.126315
2914.000000 0.063810
2915.000000 0.114542
2916.000000 0.079533
2917.000000 0.044903
2918.000000 0.110741
2919.000000 0.057972
2920.000000 0.043622
2921.000000 0.095159
2922.000000 0.167928
2923.000000 0.058568
2924.000000 0.091270
2925.000000 0.031038
2926.000000 0.127266
2927.000000 0.075313
2928.000000 0.017877
2929.000000 0.014223
2930.000000 0.083175
2931.000000 0.025834
2932.000000 0.029809
2933.000000 0.053620
2934.000000 0.093356
2935.000000 0.059237
2936.000000 0.050089
2937.000000 0.081624
2938.000000 0.059471
2939.000000 0.105924
2940.000000 0.063500
2941.000000 0.039239
2942.000000 0.135610
2943.000000 0.071759
2944.000000 0.053648
2945.000000 0.031889
2946.000000 0.026320
2947.000000 0.035131
2948.000000 0.066495
2949.000000 0.076432
2950.000000 0.106944
2951.000000 0.041875
2952.000000 0.072468
2953.000000 0.069906
2954.000000 0.040919
2955.000000 0.052716
2956.000000 0.079901
2957.000000 0.050951
2958.000000 0.139823
2959.000000 0.091506
2960.000000 0.077987
2961.000000 0.051553
2962.000000 0.039369
2963.000000 0.047798
2964.000000 0.079739
2965.000000 0.075993
2966.000000 0.039502
2967.000000 0.112409
2968.000000 0.086272
2969.000000 0.150521
2970.000000 0.088613
2971.000000 0.129791
2972.000000 0.091974
2973.000000 0.066625
2974.000000 0.052368
2975.000000 0.015035
2976.000000 0.057123
2977.000000 0.047222
2978.000000 0.070381
2979.000000 0.025142
2980.000000 0.080755
2981.000000 0.119223
2982.000000 0.125514
2983.000000 0.056893
2984.000000 0.092136
2985.000000 0.136680
2986.000000 0.018795
2987.000000 0.046994
2988.000000 0.068970
2989.000000 0.039894
2990.000000 0.088550
2991.000000 0.057333
2992.000000 0.087244
2993.000000 0.095998
2994.000000 0.095551
2995.000000 0.100574
2996.000000 0.165150
2997.000000 0.059432
2998.000000 0.087147
2999.000000 0.094323
3000.000000 0.086708
