0.000000 0.715147
1.000000 0.598626
2.000000 0.681094
3.000000 0.767516
4.000000 0.789116
5.000000 0.744867
6.000000 0.721904
7.000000 0.685157
8.000000 0.649196
9.000000 0.758767
10.000000 0.782132
11.000000 0.689522
12.000000 0.751486
13.000000 0.750059
14.000000 0.728265
15.000000 0.776851
16.000000 0.754205
17.000000 0.740926
18.000000 0.633064
19.000000 0.733029
20.000000 0.776077
21.000000 0.799800
22.000000 0.808211
23.000000 0.816060
24.000000 0.738419
25.000000 0.761266
26.000000 0.750869
27.000000 0.780314
28.000000 0.725835
29.000000 0.752273
30.000000 0.737288
31.000000 0.759312
32.000000 0.713292
33.000000 0.709357
34.000000 0.655680
35.000000 0.736530
36.000000 0.753611
37.000000 0.636726
38.000000 0.706840
39.000000 0.746716
40.000000 0.694192
41.000000 0.762249
42.000000 0.777658
43.000000 0.817588
44.000000 0.762138
45.000000 0.726819
46.000000 0.808466
47.000000 0.782656
48.000000 0.799786
49.000000 0.738367
50.000000 0.772163
51.000000 0.798918
52.000000 0.797551
53.000000 0.760042
54.000000 0.746468
55.000000 0.662909
56.000000 0.699241
57.000000 0.742077
58.000000 0.823862
59.000000 0.825377
60.000000 0.770356
61.000000 0.822072
62.000000 0.798508
63.000000 0.771966
64.000000 0.719153
65.000000 0.750249
66.000000 0.711860
67.000000 0.753274
68.000000 0.774097
69.000000 0.778129
70.000000 0.740786
71.000000 0.746411
72.000000 0.777757
73.000000 0.731637
74.000000 0.815258
75.000000 0.789058
76.000000 0.746125
77.000000 0.758893
78.000000 0.743265
79.000000 0.761392
80.000000 0.773789
81.000000 0.666373
82.000000 0.770575
83.000000 0.749480
84.000000 0.796218
85.000000 0.737712
86.000000 0.698148
87.000000 0.765645
88.000000 0.739174
89.000000 0.805386
90.000000 0.765159
91.000000 0.673934
92.000000 0.758917
93.000000 0.737588
94.000000 0.681391
95.000000 0.832637
96.000000 0.694261
97.000000 0.746283
98.000000 0.667022
99.000000 0.666538
100.000000 0.684340
101.000000 0.800672
102.000000 0.628161
103.000000 0.700332
104.000000 0.757079
105.000000 0.743670
106.000000 0.744170
107.000000 0.661933
108.000000 0.742025
109.000000 0.655562
110.000000 0.701275
111.000000 0.813724
112.000000 0.698156
113.000000 0.647672
114.000000 0.654576
115.000000 0.760027
116.000000 0.715216
117.000000 0.728936
118.000000 0.722510
119.000000 0.741142
120.000000 0.758018
121.000000 0.810349
122.000000 0.760399
123.000000 0.722144
124.000000 0.718011
125.000000 0.776592
126.000000 0.840845
127.000000 0.769434
128.000000 0.831520
129.000000 0.744542
130.000000 0.817823
131.000000 0.735811
132.000000 0.619053
133.000000 0.768841
134.000000 0.754616
135.000000 0.726323
136.000000 0.639689
137.000000 0.613518
138.000000 0.727142
139.000000 0.801691
140.000000 0.704151
141.000000 0.673350
142.000000 0.725439
143.000000 0.721249
144.000000 0.645878
145.000000 0.729849
146.000000 0.803845
147.000000 0.784911
148.000000 0.753729
149.000000 0.735315
150.000000 0.730555
151.000000 0.786567
152.000000 0.841561
153.000000 0.837004
154.000000 0.751371
155.000000 0.785416
156.000000 0.706633
157.000000 0.689543
158.000000 0.716307
159.000000 0.758448
160.000000 0.711425
161.000000 0.740614
162.000000 0.792223
163.000000 0.736324
164.000000 0.725104
165.000000 0.751695
166.000000 0.766174
167.000000 0.743924
168.000000 0.770981
169.000000 0.803090
170.000000 0.824991
171.000000 0.811106
172.000000 0.785634
173.000000 0.738921
174.000000 0.721131
175.000000 0.685752
176.000000 0.740902
177.000000 0.752814
178.000000 0.751343
179.000000 0.742042
180.000000 0.748666
181.000000 0.709554
182.000000 0.772741
183.000000 0.729618
184.000000 0.791757
185.000000 0.733499
186.000000 0.765587
187.000000 0.790098
188.000000 0.764679
189.000000 0.655399
190.000000 0.648934
191.000000 0.721701
192.000000 0.712975
193.000000 0.696126
194.000000 0.695209
195.000000 0.794136
196.000000 0.777554
197.000000 0.803121
198.000000 0.715446
199.000000 0.641417
200.000000 0.703464
201.000000 0.748755
202.000000 0.754737
203.000000 0.753425
204.000000 0.798763
205.000000 0.769729
206.000000 0.727691
207.000000 0.828948
208.000000 0.763822
209.000000 0.747619
210.000000 0.756115
211.000000 0.755670
212.000000 0.868224
213.000000 0.824664
214.000000 0.815807
215.000000 0.811373
216.000000 0.794112
217.000000 0.814231
218.000000 0.784718
219.000000 0.774343
220.000000 0.756415
221.000000 0.728781
222.000000 0.725767
223.000000 0.727005
224.000000 0.742071
225.000000 0.761412
226.000000 0.718390
227.000000 0.678647
228.000000 0.643408
229.000000 0.667969
230.000000 0.744984
231.000000 0.758417
232.000000 0.701996
233.000000 0.760651
234.000000 0.712650
235.000000 0.675766
236.000000 0.758461
237.000000 0.792061
238.000000 0.803033
239.000000 0.821242
240.000000 0.779370
241.000000 0.750088
242.000000 0.739885
243.000000 0.743785
244.000000 0.699653
245.000000 0.645751
246.000000 0.754889
247.000000 0.753024
248.000000 0.753371
249.000000 0.758726
250.000000 0.762335
251.000000 0.780439
252.000000 0.685816
253.000000 0.731023
254.000000 0.768744
255.000000 0.790604
256.000000 0.772063
257.000000 0.842004
258.000000 0.790041
259.000000 0.717369
260.000000 0.717670
261.000000 0.697021
262.000000 0.821430
263.000000 0.810438
264.000000 0.719335
265.000000 0.702177
266.000000 0.543754
267.000000 0.666733
268.000000 0.720886
269.000000 0.789119
270.000000 0.823714
271.000000 0.802036
272.000000 0.782602
273.000000 0.729058
274.000000 0.677667
275.000000 0.605429
276.000000 0.627589
277.000000 0.682396
278.000000 0.744032
279.000000 0.813905
280.000000 0.816990
281.000000 0.802806
282.000000 0.759868
283.000000 0.829653
284.000000 0.774053
285.000000 0.756332
286.000000 0.713786
287.000000 0.700854
288.000000 0.701440
289.000000 0.745671
290.000000 0.700820
291.000000 0.718738
292.000000 0.765891
293.000000 0.633136
294.000000 0.757339
295.000000 0.759718
296.000000 0.673391
297.000000 0.763268
298.000000 0.794696
299.000000 0.867251
300.000000 0.786896
301.000000 0.740648
302.000000 0.685108
303.000000 0.670792
304.000000 0.716891
305.000000 0.712271
306.000000 0.716636
307.000000 0.790784
308.000000 0.820082
309.000000 0.808912
310.000000 0.785971
311.000000 0.812026
312.000000 0.786146
313.000000 0.803257
314.000000 0.724075
315.000000 0.717456
316.000000 0.665169
317.000000 0.698715
318.000000 0.772443
319.000000 0.762074
320.000000 0.788087
321.000000 0.732256
322.000000 0.741709
323.000000 0.700845
324.000000 0.780201
325.000000 0.788722
326.000000 0.825398
327.000000 0.717105
328.000000 0.649965
329.000000 0.631747
330.000000 0.622077
331.000000 0.774391
332.000000 0.832859
333.000000 0.650197
334.000000 0.681938
335.000000 0.735081
336.000000 0.774375
337.000000 0.699116
338.000000 0.647849
339.000000 0.636489
340.000000 0.757609
341.000000 0.760286
342.000000 0.843538
343.000000 0.713946
344.000000 0.804560
345.000000 0.738981
346.000000 0.781642
347.000000 0.692604
348.000000 0.683072
349.000000 0.713298
350.000000 0.719732
351.000000 0.706925
352.000000 0.695500
353.000000 0.734345
354.000000 0.731109
355.000000 0.796626
356.000000 0.681451
357.000000 0.732068
358.000000 0.652535
359.000000 0.720518
360.000000 0.744258
361.000000 0.757693
362.000000 0.742689
363.000000 0.777267
364.000000 0.781537
365.000000 0.760546
366.000000 0.739558
367.000000 0.746734
368.000000 0.736249
369.000000 0.735940
370.000000 0.815693
371.000000 0.736674
372.000000 0.714492
373.000000 0.697652
374.000000 0.748690
375.000000 0.806408
376.000000 0.714324
377.000000 0.696705
378.000000 0.749612
379.000000 0.754179
380.000000 0.827095
381.000000 0.759629
382.000000 0.697026
383.000000 0.757579
384.000000 0.799220
385.000000 0.788887
386.000000 0.708184
387.000000 0.750609
388.000000 0.697049
389.000000 0.703359
390.000000 0.755021
391.000000 0.829409
392.000000 0.694356
393.000000 0.743840
394.000000 0.708914
395.000000 0.685312
396.000000 0.727688
397.000000 0.792670
398.000000 0.707494
399.000000 0.676714
400.000000 0.795610
401.000000 0.702318
402.000000 0.718072
403.000000 0.648178
404.000000 0.723828
405.000000 0.644050
406.000000 0.742761
407.000000 0.752532
408.000000 0.811902
409.000000 0.863719
410.000000 0.721232
411.000000 0.806459
412.000000 0.796212
413.000000 0.828123
414.000000 0.697356
415.000000 0.760195
416.000000 0.767474
417.000000 0.690079
418.000000 0.705599
419.000000 0.692883
420.000000 0.615905
421.000000 0.663319
422.000000 0.709615
423.000000 0.669996
424.000000 0.716339
425.000000 0.722838
426.000000 0.803333
427.000000 0.717555
428.000000 0.610325
429.000000 0.787722
430.000000 0.728808
431.000000 0.842400
432.000000 0.766298
433.000000 0.777137
434.000000 0.827754
435.000000 0.719205
436.000000 0.825736
437.000000 0.799565
438.000000 0.800185
439.000000 0.794298
440.000000 0.797669
441.000000 0.800305
442.000000 0.732541
443.000000 0.736018
444.000000 0.730958
445.000000 0.759923
446.000000 0.766824
447.000000 0.803676
448.000000 0.802652
449.000000 0.761352
450.000000 0.746444
451.000000 0.776457
452.000000 0.744794
453.000000 0.713656
454.000000 0.731489
455.000000 0.658341
456.000000 0.798537
457.000000 0.683697
458.000000 0.691834
459.000000 0.790099
460.000000 0.803672
461.000000 0.817957
462.000000 0.737838
463.000000 0.752764
464.000000 0.710987
465.000000 0.747513
466.000000 0.724904
467.000000 0.773500
468.000000 0.781943
469.000000 0.760677
470.000000 0.792353
471.000000 0.737751
472.000000 0.729076
473.000000 0.811333
474.000000 0.752941
475.000000 0.763108
476.000000 0.699854
477.000000 0.714183
478.000000 0.680971
479.000000 0.740741
480.000000 0.676035
481.000000 0.710174
482.000000 0.746985
483.000000 0.698617
484.000000 0.684000
485.000000 0.736991
486.000000 0.774845
487.000000 0.703859
488.000000 0.580802
489.000000 0.636816
490.000000 0.786857
491.000000 0.725525
492.000000 0.690604
493.000000 0.768744
494.000000 0.710903
495.000000 0.784549
496.000000 0.788423
497.000000 0.705463
498.000000 0.727742
499.000000 0.675875
500.000000 0.650418
501.000000 0.714425
502.000000 0.791874
503.000000 0.742026
504.000000 0.723944
505.000000 0.742058
506.000000 0.738155
507.000000 0.778461
508.000000 0.712243
509.000000 0.664624
510.000000 0.700406
511.000000 0.675462
512.000000 0.803273
513.000000 0.718710
514.000000 0.764593
515.000000 0.772917
516.000000 0.696893
517.000000 0.615338
518.000000 0.691982
519.000000 0.626312
520.000000 0.619450
521.000000 0.675180
522.000000 0.744621
523.000000 0.692582
524.000000 0.651746
525.000000 0.691972
526.000000 0.603307
527.000000 0.715078
528.000000 0.717333
529.000000 0.628534
530.000000 0.749454
531.000000 0.743108
532.000000 0.648619
533.000000 0.702770
534.000000 0.801020
535.000000 0.723061
536.000000 0.779210
537.000000 0.711303
538.000000 0.758298
539.000000 0.749885
540.000000 0.730503
541.000000 0.815157
542.000000 0.723920
543.000000 0.724284
544.000000 0.842809
545.000000 0.755569
546.000000 0.812251
547.000000 0.778243
548.000000 0.807699
549.000000 0.765220
550.000000 0.756734
551.000000 0.674896
552.000000 0.777032
553.000000 0.729314
554.000000 0.767109
555.000000 0.720039
556.000000 0.735498
557.000000 0.755222
558.000000 0.761783
559.000000 0.753366
560.000000 0.755396
561.000000 0.821365
562.000000 0.647664
563.000000 0.705857
564.000000 0.723288
565.000000 0.826521
566.000000 0.721803
567.000000 0.726648
568.000000 0.747686
569.000000 0.684887
570.000000 0.695322
571.000000 0.834495
572.000000 0.762241
573.000000 0.727352
574.000000 0.732419
575.000000 0.737735
576.000000 0.768347
577.000000 0.842529
578.000000 0.734214
579.000000 0.693394
580.000000 0.667210
581.000000 0.705007
582.000000 0.767725
583.000000 0.791641
584.000000 0.619894
585.000000 0.699865
586.000000 0.723295
587.000000 0.730514
588.000000 0.763371
589.000000 0.704317
590.000000 0.680967
591.000000 0.702526
592.000000 0.644022
593.000000 0.707988
594.000000 0.780258
595.000000 0.831010
596.000000 0.757030
597.000000 0.719835
598.000000 0.698941
599.000000 0.643482
600.000000 0.734688
601.000000 0.712371
602.000000 0.746927
603.000000 0.772713
604.000000 0.743738
605.000000 0.778040
606.000000 0.673972
607.000000 0.597612
608.000000 0.595477
609.000000 0.647301
610.000000 0.610996
611.000000 0.752697
612.000000 0.771536
613.000000 0.784188
614.000000 0.744075
615.000000 0.817647
616.000000 0.795478
617.000000 0.882192
618.000000 0.782108
619.000000 0.794408
620.000000 0.773145
621.000000 0.800360
622.000000 0.653269
623.000000 0.743830
624.000000 0.765873
625.000000 0.764477
626.000000 0.790850
627.000000 0.693456
628.000000 0.814308
629.000000 0.788852
630.000000 0.779209
631.000000 0.659228
632.000000 0.744607
633.000000 0.749890
634.000000 0.736437
635.000000 0.810751
636.000000 0.745448
637.000000 0.812143
638.000000 0.719410
639.000000 0.681257
640.000000 0.746629
641.000000 0.648158
642.000000 0.735999
643.000000 0.727898
644.000000 0.811524
645.000000 0.751554
646.000000 0.700522
647.000000 0.752643
648.000000 0.766076
649.000000 0.748992
650.000000 0.691588
651.000000 0.661994
652.000000 0.722893
653.000000 0.698630
654.000000 0.726082
655.000000 0.805050
656.000000 0.732659
657.000000 0.833900
658.000000 0.739344
659.000000 0.717640
660.000000 0.775456
661.000000 0.650384
662.000000 0.845356
663.000000 0.764449
664.000000 0.757071
665.000000 0.813714
666.000000 0.800221
667.000000 0.780786
668.000000 0.769850
669.000000 0.741010
670.000000 0.785822
671.000000 0.700683
672.000000 0.687795
673.000000 0.760946
674.000000 0.769393
675.000000 0.798656
676.000000 0.827609
677.000000 0.731682
678.000000 0.680691
679.000000 0.654062
680.000000 0.660625
681.000000 0.688947
682.000000 0.715247
683.000000 0.701319
684.000000 0.679487
685.000000 0.702081
686.000000 0.705316
687.000000 0.725253
688.000000 0.751623
689.000000 0.678553
690.000000 0.774909
691.000000 0.736913
692.000000 0.810234
693.000000 0.753785
694.000000 0.702252
695.000000 0.683473
696.000000 0.684718
697.000000 0.649780
698.000000 0.663986
699.000000 0.783461
700.000000 0.832818
701.000000 0.768111
702.000000 0.751194
703.000000 0.791681
704.000000 0.750425
705.000000 0.773731
706.000000 0.674892
707.000000 0.734909
708.000000 0.720569
709.000000 0.771257
710.000000 0.750380
711.000000 0.689502
712.000000 0.753909
713.000000 0.750137
714.000000 0.771240
715.000000 0.784873
716.000000 0.699513
717.000000 0.795547
718.000000 0.695041
719.000000 0.799276
720.000000 0.749994
721.000000 0.631483
722.000000 0.714969
723.000000 0.707114
724.000000 0.635316
725.000000 0.819271
726.000000 0.774687
727.000000 0.781773
728.000000 0.689417
729.000000 0.661205
730.000000 0.791169
731.000000 0.688842
732.000000 0.793948
733.000000 0.797898
734.000000 0.730254
735.000000 0.788161
736.000000 0.777058
737.000000 0.815495
738.000000 0.741781
739.000000 0.780130
740.000000 0.766126
741.000000 0.798181
742.000000 0.742141
743.000000 0.682447
744.000000 0.716658
745.000000 0.734518
746.000000 0.788264
747.000000 0.716765
748.000000 0.734901
749.000000 0.714823
750.000000 0.738876
751.000000 0.824797
752.000000 0.726855
753.000000 0.756111
754.000000 0.721690
755.000000 0.742223
756.000000 0.735066
757.000000 0.751996
758.000000 0.745778
759.000000 0.791071
760.000000 0.735751
761.000000 0.791174
762.000000 0.745977
763.000000 0.761128
764.000000 0.746693
765.000000 0.798915
766.000000 0.765364
767.000000 0.642472
768.000000 0.702019
769.000000 0.762162
770.000000 0.693560
771.000000 0.656776
772.000000 0.839690
773.000000 0.813599
774.000000 0.690223
775.000000 0.709148
776.000000 0.669279
777.000000 0.660332
778.000000 0.721367
779.000000 0.709451
780.000000 0.772128
781.000000 0.714112
782.000000 0.768837
783.000000 0.578235
784.000000 0.746102
785.000000 0.804298
786.000000 0.630273
787.000000 0.704802
788.000000 0.704022
789.000000 0.823333
790.000000 0.694020
791.000000 0.758322
792.000000 0.786726
793.000000 0.764867
794.000000 0.793496
795.000000 0.765041
796.000000 0.759442
797.000000 0.795972
798.000000 0.776149
799.000000 0.772678
800.000000 0.768408
801.000000 0.798422
802.000000 0.716397
803.000000 0.725943
804.000000 0.782943
805.000000 0.805737
806.000000 0.708203
807.000000 0.812772
808.000000 0.687881
809.000000 0.767527
810.000000 0.668924
811.000000 0.789900
812.000000 0.750893
813.000000 0.762501
814.000000 0.777063
815.000000 0.787263
816.000000 0.731152
817.000000 0.774472
818.000000 0.716189
819.000000 0.790281
820.000000 0.754339
821.000000 0.700051
822.000000 0.707363
823.000000 0.770182
824.000000 0.743378
825.000000 0.636648
826.000000 0.760497
827.000000 0.707656
828.000000 0.699751
829.000000 0.687585
830.000000 0.607062
831.000000 0.699116
832.000000 0.664293
833.000000 0.665754
834.000000 0.695117
835.000000 0.631314
836.000000 0.654155
837.000000 0.651281
838.000000 0.804539
839.000000 0.699519
840.000000 0.680673
841.000000 0.793451
842.000000 0.687120
843.000000 0.708438
844.000000 0.781719
845.000000 0.745194
846.000000 0.801066
847.000000 0.650703
848.000000 0.741734
849.000000 0.749401
850.000000 0.809433
851.000000 0.759450
852.000000 0.702554
853.000000 0.716219
854.000000 0.709973
855.000000 0.686765
856.000000 0.760120
857.000000 0.762524
858.000000 0.624091
859.000000 0.744293
860.000000 0.747958
861.000000 0.771511
862.000000 0.698054
863.000000 0.731162
864.000000 0.775006
865.000000 0.758291
866.000000 0.714805
867.000000 0.730991
868.000000 0.695480
869.000000 0.772324
870.000000 0.769885
871.000000 0.709740
872.000000 0.711444
873.000000 0.733473
874.000000 0.734048
875.000000 0.625982
876.000000 0.729620
877.000000 0.789851
878.000000 0.723779
879.000000 0.794688
880.000000 0.771037
881.000000 0.739626
882.000000 0.750570
883.000000 0.742185
884.000000 0.793070
885.000000 0.730544
886.000000 0.762188
887.000000 0.785074
888.000000 0.777703
889.000000 0.719122
890.000000 0.762943
891.000000 0.754624
892.000000 0.742008
893.000000 0.700682
894.000000 0.817186
895.000000 0.718300
896.000000 0.755174
897.000000 0.756718
898.000000 0.772159
899.000000 0.708264
900.000000 0.686469
901.000000 0.780911
902.000000 0.708887
903.000000 0.726881
904.000000 0.731414
905.000000 0.832075
906.000000 0.796191
907.000000 0.733455
908.000000 0.758844
909.000000 0.754390
910.000000 0.818746
911.000000 0.815983
912.000000 0.734331
913.000000 0.782226
914.000000 0.780911
915.000000 0.717876
916.000000 0.799147
917.000000 0.742233
918.000000 0.823412
919.000000 0.745411
920.000000 0.685229
921.000000 0.797175
922.000000 0.739514
923.000000 0.774157
924.000000 0.705683
925.000000 0.795705
926.000000 0.722403
927.000000 0.754728
928.000000 0.739253
929.000000 0.724205
930.000000 0.756174
931.000000 0.766493
932.000000 0.702950
933.000000 0.715395
934.000000 0.702621
935.000000 0.601962
936.000000 0.517168
937.000000 0.642283
938.000000 0.667396
939.000000 0.801461
940.000000 0.757372
941.000000 0.641696
942.000000 0.731765
943.000000 0.720215
944.000000 0.707881
945.000000 0.739100
946.000000 0.794340
947.000000 0.751165
948.000000 0.714580
949.000000 0.711775
950.000000 0.765022
951.000000 0.786589
952.000000 0.754500
953.000000 0.732866
954.000000 0.699043
955.000000 0.779412
956.000000 0.786890
957.000000 0.793404
958.000000 0.700000
959.000000 0.754052
960.000000 0.690817
961.000000 0.739533
962.000000 0.690783
963.000000 0.733816
964.000000 0.686583
965.000000 0.808294
966.000000 0.748991
967.000000 0.753373
968.000000 0.700349
969.000000 0.750253
970.000000 0.684258
971.000000 0.663310
972.000000 0.780433
973.000000 0.755770
974.000000 0.808782
975.000000 0.733258
976.000000 0.716284
977.000000 0.722271
978.000000 0.734353
979.000000 0.705249
980.000000 0.658821
981.000000 0.690089
982.000000 0.691583
983.000000 0.704946
984.000000 0.684509
985.000000 0.684514
986.000000 0.766818
987.000000 0.741178
988.000000 0.733012
989.000000 0.686167
990.000000 0.780275
991.000000 0.772930
992.000000 0.797232
993.000000 0.769600
994.000000 0.758506
995.000000 0.834151
996.000000 0.735485
997.000000 0.762180
998.000000 0.786291
999.000000 0.738123
1000.000000 0.732568
1001.000000 0.808705
1002.000000 0.774558
1003.000000 0.799795
1004.000000 0.778235
1005.000000 0.752343
1006.000000 0.724685
1007.000000 0.716636
1008.000000 0.681297
1009.000000 0.787972
1010.000000 0.819270
1011.000000 0.736090
1012.000000 0.667439
1013.000000 0.717780
1014.000000 0.718147
1015.000000 0.737403
1016.000000 0.687505
1017.000000 0.674864
1018.000000 0.759150
1019.000000 0.702211
1020.000000 0.713628
1021.000000 0.748275
1022.000000 0.701617
1023.000000 0.773489
1024.000000 0.739277
1025.000000 0.747353
1026.000000 0.748987
1027.000000 0.773687
1028.000000 0.738914
1029.000000 0.730487
1030.000000 0.682923
1031.000000 0.766258
1032.000000 0.778172
1033.000000 0.803996
1034.000000 0.682223
1035.000000 0.674929
1036.000000 0.719411
1037.000000 0.681402
1038.000000 0.709513
1039.000000 0.704193
1040.000000 0.747541
1041.000000 0.825788
1042.000000 0.731929
1043.000000 0.734388
1044.000000 0.715636
1045.000000 0.723318
1046.000000 0.782049
1047.000000 0.735006
1048.000000 0.726319
1049.000000 0.694798
1050.000000 0.654763
1051.000000 0.685342
1052.000000 0.717033
1053.000000 0.760181
1054.000000 0.742529
1055.000000 0.764047
1056.000000 0.734637
1057.000000 0.746379
1058.000000 0.794881
1059.000000 0.821551
1060.000000 0.726404
1061.000000 0.800678
1062.000000 0.727666
1063.000000 0.720665
1064.000000 0.677762
1065.000000 0.735737
1066.000000 0.662710
1067.000000 0.712360
1068.000000 0.696238
1069.000000 0.631054
1070.000000 0.643321
1071.000000 0.722905
1072.000000 0.781703
1073.000000 0.680367
1074.000000 0.716950
1075.000000 0.726297
1076.000000 0.774852
1077.000000 0.783325
1078.000000 0.669360
1079.000000 0.626620
1080.000000 0.700578
1081.000000 0.641990
1082.000000 0.822721
1083.000000 0.793939
1084.000000 0.744770
1085.000000 0.762424
1086.000000 0.730123
1087.000000 0.767596
1088.000000 0.666753
1089.000000 0.682173
1090.000000 0.779849
1091.000000 0.652534
1092.000000 0.767521
1093.000000 0.729794
1094.000000 0.748064
1095.000000 0.760459
1096.000000 0.773407
1097.000000 0.818633
1098.000000 0.797023
1099.000000 0.743461
1100.000000 0.756463
1101.000000 0.762946
1102.000000 0.742420
1103.000000 0.729176
1104.000000 0.678584
1105.000000 0.852442
1106.000000 0.755975
1107.000000 0.774400
1108.000000 0.802315
1109.000000 0.632165
1110.000000 0.787430
1111.000000 0.799939
1112.000000 0.732124
1113.000000 0.736398
1114.000000 0.798024
1115.000000 0.789481
1116.000000 0.718605
1117.000000 0.804043
1118.000000 0.760058
1119.000000 0.741862
1120.000000 0.644868
1121.000000 0.660690
1122.000000 0.674214
1123.000000 0.691773
1124.000000 0.650294
1125.000000 0.645353
1126.000000 0.721487
1127.000000 0.718210
1128.000000 0.763006
1129.000000 0.739990
1130.000000 0.813679
1131.000000 0.816985
1132.000000 0.772962
1133.000000 0.689128
1134.000000 0.733114
1135.000000 0.725396
1136.000000 0.850613
1137.000000 0.736267
1138.000000 0.753330
1139.000000 0.799489
1140.000000 0.793931
1141.000000 0.723588
1142.000000 0.810338
1143.000000 0.801436
1144.000000 0.780245
1145.000000 0.796946
1146.000000 0.697616
1147.000000 0.853987
1148.000000 0.771848
1149.000000 0.727622
1150.000000 0.730306
1151.000000 0.785144
1152.000000 0.802016
1153.000000 0.825868
1154.000000 0.794752
1155.000000 0.678775
1156.000000 0.796046
1157.000000 0.836929
1158.000000 0.707057
1159.000000 0.763925
1160.000000 0.722010
1161.000000 0.747069
1162.000000 0.702807
1163.000000 0.793478
1164.000000 0.797096
1165.000000 0.719680
1166.000000 0.689007
1167.000000 0.714695
1168.000000 0.745212
1169.000000 0.727511
1170.000000 0.710248
1171.000000 0.701428
1172.000000 0.675894
1173.000000 0.691373
1174.000000 0.733953
1175.000000 0.715967
1176.000000 0.846236
1177.000000 0.760533
1178.000000 0.693807
1179.000000 0.768384
1180.000000 0.640548
1181.000000 0.721420
1182.000000 0.749403
1183.000000 0.818282
1184.000000 0.750661
1185.000000 0.684488
1186.000000 0.701678
1187.000000 0.690200
1188.000000 0.701972
1189.000000 0.681057
1190.000000 0.731614
1191.000000 0.767648
1192.000000 0.756372
1193.000000 0.796633
1194.000000 0.767594
1195.000000 0.784163
1196.000000 0.804491
1197.000000 0.764045
1198.000000 0.697715
1199.000000 0.710230
1200.000000 0.653470
1201.000000 0.710837
1202.000000 0.724627
1203.000000 0.716587
1204.000000 0.789439
1205.000000 0.720724
1206.000000 0.751866
1207.000000 0.709489
1208.000000 0.792481
1209.000000 0.750999
1210.000000 0.779697
1211.000000 0.733741
1212.000000 0.687203
1213.000000 0.708564
1214.000000 0.790746
1215.000000 0.746163
1216.000000 0.729701
1217.000000 0.690739
1218.000000 0.735164
1219.000000 0.704054
1220.000000 0.710320
1221.000000 0.730279
1222.000000 0.686825
1223.000000 0.771227
1224.000000 0.812065
1225.000000 0.733656
1226.000000 0.761179
1227.000000 0.752616
1228.000000 0.734575
1229.000000 0.704075
1230.000000 0.777817
1231.000000 0.735333
1232.000000 0.787458
1233.000000 0.783521
1234.000000 0.750181
1235.000000 0.801470
1236.000000 0.739271
1237.000000 0.757448
1238.000000 0.752124
1239.000000 0.758061
1240.000000 0.721945
1241.000000 0.766183
1242.000000 0.773851
1243.000000 0.817180
1244.000000 0.713147
1245.000000 0.769183
1246.000000 0.766731
1247.000000 0.706826
1248.000000 0.699401
1249.000000 0.769124
1250.000000 0.614874
1251.000000 0.705206
1252.000000 0.700714
1253.000000 0.738123
1254.000000 0.742791
1255.000000 0.798659
1256.000000 0.768323
1257.000000 0.718235
1258.000000 0.706282
1259.000000 0.650618
1260.000000 0.662743
1261.000000 0.696701
1262.000000 0.768381
1263.000000 0.728193
1264.000000 0.766187
1265.000000 0.696603
1266.000000 0.752762
1267.000000 0.784996
1268.000000 0.809953
1269.000000 0.783231
1270.000000 0.787593
1271.000000 0.663952
1272.000000 0.733496
1273.000000 0.818210
1274.000000 0.726633
1275.000000 0.806133
1276.000000 0.735290
1277.000000 0.760738
1278.000000 0.798023
1279.000000 0.683123
1280.000000 0.781699
1281.000000 0.752255
1282.000000 0.689568
1283.000000 0.720299
1284.000000 0.703787
1285.000000 0.763362
1286.000000 0.798846
1287.000000 0.706149
1288.000000 0.734860
1289.000000 0.754949
1290.000000 0.685442
1291.000000 0.677500
1292.000000 0.768721
1293.000000 0.685670
1294.000000 0.696192
1295.000000 0.754336
1296.000000 0.802580
1297.000000 0.858005
1298.000000 0.814406
1299.000000 0.743546
1300.000000 0.721773
1301.000000 0.732346
1302.000000 0.705019
1303.000000 0.738296
1304.000000 0.702199
1305.000000 0.685611
1306.000000 0.683729
1307.000000 0.775953
1308.000000 0.768191
1309.000000 0.696478
1310.000000 0.784824
1311.000000 0.718182
1312.000000 0.744816
1313.000000 0.765318
1314.000000 0.713852
1315.000000 0.661619
1316.000000 0.619864
1317.000000 0.720834
1318.000000 0.747452
1319.000000 0.784803
1320.000000 0.789217
1321.000000 0.764317
1322.000000 0.739946
1323.000000 0.764060
1324.000000 0.733416
1325.000000 0.759664
1326.000000 0.738629
1327.000000 0.726620
1328.000000 0.734009
1329.000000 0.738064
1330.000000 0.666795
1331.000000 0.765376
1332.000000 0.774862
1333.000000 0.802464
1334.000000 0.797780
1335.000000 0.795894
1336.000000 0.752155
1337.000000 0.748871
1338.000000 0.739881
1339.000000 0.753014
1340.000000 0.715975
1341.000000 0.774572
1342.000000 0.726164
1343.000000 0.793740
1344.000000 0.819492
1345.000000 0.800006
1346.000000 0.740472
1347.000000 0.764779
1348.000000 0.714835
1349.000000 0.667490
1350.000000 0.738735
1351.000000 0.793042
1352.000000 0.721930
1353.000000 0.737261
1354.000000 0.769273
1355.000000 0.770226
1356.000000 0.817333
1357.000000 0.707160
1358.000000 0.713137
1359.000000 0.805669
1360.000000 0.733422
1361.000000 0.722353
1362.000000 0.806274
1363.000000 0.754587
1364.000000 0.731638
1365.000000 0.691888
1366.000000 0.751980
1367.000000 0.737941
1368.000000 0.767904
1369.000000 0.807948
1370.000000 0.807906
1371.000000 0.767307
1372.000000 0.756675
1373.000000 0.749259
1374.000000 0.726910
1375.000000 0.794173
1376.000000 0.719169
1377.000000 0.756633
1378.000000 0.784202
1379.000000 0.751864
1380.000000 0.756699
1381.000000 0.778975
1382.000000 0.688842
1383.000000 0.751884
1384.000000 0.789625
1385.000000 0.718774
1386.000000 0.758354
1387.000000 0.836919
1388.000000 0.767884
1389.000000 0.786569
1390.000000 0.809255
1391.000000 0.764547
1392.000000 0.733453
1393.000000 0.684708
1394.000000 0.751921
1395.000000 0.713451
1396.000000 0.597311
1397.000000 0.768958
1398.000000 0.772327
1399.000000 0.718370
1400.000000 0.790457
1401.000000 0.640442
1402.000000 0.639548
1403.000000 0.681708
1404.000000 0.770979
1405.000000 0.752053
1406.000000 0.704378
1407.000000 0.648160
1408.000000 0.557375
1409.000000 0.644606
1410.000000 0.675941
1411.000000 0.636725
1412.000000 0.731733
1413.000000 0.713157
1414.000000 0.789492
1415.000000 0.769402
1416.000000 0.791510
1417.000000 0.786595
1418.000000 0.784153
1419.000000 0.786639
1420.000000 0.838730
1421.000000 0.792032
1422.000000 0.771274
1423.000000 0.714559
1424.000000 0.723223
1425.000000 0.736991
1426.000000 0.697627
1427.000000 0.725319
1428.000000 0.701366
1429.000000 0.743133
1430.000000 0.753879
1431.000000 0.689557
1432.000000 0.724428
1433.000000 0.795268
1434.000000 0.774612
1435.000000 0.726949
1436.000000 0.646906
1437.000000 0.657026
1438.000000 0.759684
1439.000000 0.737691
1440.000000 0.740845
1441.000000 0.706434
1442.000000 0.803119
1443.000000 0.793252
1444.000000 0.763428
1445.000000 0.677928
1446.000000 0.731141
1447.000000 0.742253
1448.000000 0.729239
1449.000000 0.787477
1450.000000 0.605414
1451.000000 0.730529
1452.000000 0.698534
1453.000000 0.849582
1454.000000 0.776966
1455.000000 0.768552
1456.000000 0.819432
1457.000000 0.830047
1458.000000 0.782231
1459.000000 0.720160
1460.000000 0.754404
1461.000000 0.746996
1462.000000 0.764815
1463.000000 0.750509
1464.000000 0.665463
1465.000000 0.646610
1466.000000 0.742849
1467.000000 0.664700
1468.000000 0.665329
1469.000000 0.742258
1470.000000 0.731755
1471.000000 0.772777
1472.000000 0.762491
1473.000000 0.747915
1474.000000 0.712445
1475.000000 0.672354
1476.000000 0.635449
1477.000000 0.622287
1478.000000 0.609135
1479.000000 0.706908
1480.000000 0.772302
1481.000000 0.775924
1482.000000 0.670948
1483.000000 0.738312
1484.000000 0.737607
1485.000000 0.712294
1486.000000 0.632141
1487.000000 0.611394
1488.000000 0.770759
1489.000000 0.688975
1490.000000 0.737472
1491.000000 0.747629
1492.000000 0.813313
1493.000000 0.765083
1494.000000 0.689493
1495.000000 0.709327
1496.000000 0.738815
1497.000000 0.660046
1498.000000 0.576409
1499.000000 0.685542
1500.000000 0.688232
1501.000000 0.719608
1502.000000 0.611365
1503.000000 0.767789
1504.000000 0.756880
1505.000000 0.803868
1506.000000 0.640572
1507.000000 0.726028
1508.000000 0.750418
1509.000000 0.702858
1510.000000 0.809015
1511.000000 0.823682
1512.000000 0.710165
1513.000000 0.753604
1514.000000 0.803718
1515.000000 0.768635
1516.000000 0.802516
1517.000000 0.755625
1518.000000 0.727201
1519.000000 0.776293
1520.000000 0.795980
1521.000000 0.767228
1522.000000 0.702582
1523.000000 0.621317
1524.000000 0.709142
1525.000000 0.767993
1526.000000 0.814273
1527.000000 0.726369
1528.000000 0.646405
1529.000000 0.697125
1530.000000 0.712226
1531.000000 0.735453
1532.000000 0.721915
1533.000000 0.731361
1534.000000 0.697539
1535.000000 0.727220
1536.000000 0.798635
1537.000000 0.798889
1538.000000 0.750411
1539.000000 0.682788
1540.000000 0.655079
1541.000000 0.821997
1542.000000 0.710682
1543.000000 0.764119
1544.000000 0.737810
1545.000000 0.778593
1546.000000 0.675603
1547.000000 0.702417
1548.000000 0.741692
1549.000000 0.753893
1550.000000 0.705645
1551.000000 0.803837
1552.000000 0.749784
1553.000000 0.774690
1554.000000 0.747585
1555.000000 0.793575
1556.000000 0.751216
1557.000000 0.780585
1558.000000 0.781356
1559.000000 0.750931
1560.000000 0.773112
1561.000000 0.698427
1562.000000 0.662335
1563.000000 0.768382
1564.000000 0.752046
1565.000000 0.666678
1566.000000 0.723313
1567.000000 0.719624
1568.000000 0.721978
1569.000000 0.757319
1570.000000 0.721031
1571.000000 0.706645
1572.000000 0.723748
1573.000000 0.818364
1574.000000 0.741353
1575.000000 0.701908
1576.000000 0.711495
1577.000000 0.721191
1578.000000 0.657390
1579.000000 0.765474
1580.000000 0.710248
1581.000000 0.697624
1582.000000 0.729449
1583.000000 0.766605
1584.000000 0.747954
1585.000000 0.697542
1586.000000 0.818393
1587.000000 0.807665
1588.000000 0.665656
1589.000000 0.726064
1590.000000 0.763180
1591.000000 0.721934
1592.000000 0.742014
1593.000000 0.709023
1594.000000 0.758191
1595.000000 0.793969
1596.000000 0.800801
1597.000000 0.813333
1598.000000 0.757592
1599.000000 0.777256
1600.000000 0.733605
1601.000000 0.787694
1602.000000 0.617347
1603.000000 0.717605
1604.000000 0.660914
1605.000000 0.644318
1606.000000 0.703023
1607.000000 0.710926
1608.000000 0.654499
1609.000000 0.679749
1610.000000 0.744764
1611.000000 0.851529
1612.000000 0.796725
1613.000000 0.735256
1614.000000 0.766002
1615.000000 0.758057
1616.000000 0.851867
1617.000000 0.714588
1618.000000 0.788520
1619.000000 0.759224
1620.000000 0.715779
1621.000000 0.725614
1622.000000 0.773980
1623.000000 0.761343
1624.000000 0.703272
1625.000000 0.754340
1626.000000 0.660120
1627.000000 0.724696
1628.000000 0.748668
1629.000000 0.750897
1630.000000 0.789355
1631.000000 0.767180
1632.000000 0.823834
1633.000000 0.774085
1634.000000 0.750812
1635.000000 0.753624
1636.000000 0.697856
1637.000000 0.702793
1638.000000 0.740254
1639.000000 0.822316
1640.000000 0.728903
1641.000000 0.871766
1642.000000 0.737761
1643.000000 0.780589
1644.000000 0.802196
1645.000000 0.712629
1646.000000 0.753851
1647.000000 0.746552
1648.000000 0.776164
1649.000000 0.735791
1650.000000 0.737438
1651.000000 0.678928
1652.000000 0.736696
1653.000000 0.669962
1654.000000 0.761801
1655.000000 0.776197
1656.000000 0.767913
1657.000000 0.804027
1658.000000 0.816016
1659.000000 0.775148
1660.000000 0.781833
1661.000000 0.696530
1662.000000 0.700582
1663.000000 0.706297
1664.000000 0.772260
1665.000000 0.702424
1666.000000 0.751302
1667.000000 0.785041
1668.000000 0.796151
1669.000000 0.660227
1670.000000 0.719934
1671.000000 0.780266
1672.000000 0.781140
1673.000000 0.718875
1674.000000 0.745428
1675.000000 0.778409
1676.000000 0.750471
1677.000000 0.748274
1678.000000 0.626335
1679.000000 0.751864
1680.000000 0.685730
1681.000000 0.658771
1682.000000 0.709797
1683.000000 0.705952
1684.000000 0.557783
1685.000000 0.698970
1686.000000 0.765602
1687.000000 0.710334
1688.000000 0.675887
1689.000000 0.639697
1690.000000 0.617950
1691.000000 0.589801
1692.000000 0.566959
1693.000000 0.569208
1694.000000 0.515461
1695.000000 0.494303
1696.000000 0.602572
1697.000000 0.499919
1698.000000 0.648528
1699.000000 0.640849
1700.000000 0.742342
1701.000000 0.652855
1702.000000 0.681913
1703.000000 0.701727
1704.000000 0.731296
1705.000000 0.770421
1706.000000 0.683103
1707.000000 0.702277
1708.000000 0.805885
1709.000000 0.813096
1710.000000 0.658154
1711.000000 0.778528
1712.000000 0.778629
1713.000000 0.706336
1714.000000 0.675809
1715.000000 0.721699
1716.000000 0.683378
1717.000000 0.684495
1718.000000 0.718672
1719.000000 0.730640
1720.000000 0.689477
1721.000000 0.818905
1722.000000 0.760801
1723.000000 0.796466
1724.000000 0.734230
1725.000000 0.689697
1726.000000 0.816896
1727.000000 0.804510
1728.000000 0.729985
1729.000000 0.690805
1730.000000 0.837203
1731.000000 0.814967
1732.000000 0.768367
1733.000000 0.732552
1734.000000 0.739924
1735.000000 0.758813
1736.000000 0.756677
1737.000000 0.664121
1738.000000 0.811635
1739.000000 0.693033
1740.000000 0.671811
1741.000000 0.701213
1742.000000 0.804633
1743.000000 0.770931
1744.000000 0.778871
1745.000000 0.707055
1746.000000 0.715355
1747.000000 0.704011
1748.000000 0.786801
1749.000000 0.729633
1750.000000 0.763871
1751.000000 0.787003
1752.000000 0.742239
1753.000000 0.759530
1754.000000 0.761721
1755.000000 0.780440
1756.000000 0.798837
1757.000000 0.801971
1758.000000 0.808415
1759.000000 0.812949
1760.000000 0.692488
1761.000000 0.684674
1762.000000 0.783994
1763.000000 0.737596
1764.000000 0.727011
1765.000000 0.716066
1766.000000 0.702600
1767.000000 0.777525
1768.000000 0.737148
1769.000000 0.606224
1770.000000 0.596692
1771.000000 0.660040
1772.000000 0.679627
1773.000000 0.648406
1774.000000 0.693486
1775.000000 0.722124
1776.000000 0.665986
1777.000000 0.624047
1778.000000 0.720784
1779.000000 0.703010
1780.000000 0.739471
1781.000000 0.751098
1782.000000 0.814506
1783.000000 0.742816
1784.000000 0.796957
1785.000000 0.679735
1786.000000 0.750389
1787.000000 0.881797
1788.000000 0.782948
1789.000000 0.732080
1790.000000 0.701151
1791.000000 0.712699
1792.000000 0.675823
1793.000000 0.777256
1794.000000 0.725623
1795.000000 0.711002
1796.000000 0.755671
1797.000000 0.754698
1798.000000 0.755452
1799.000000 0.728243
1800.000000 0.755908
1801.000000 0.777737
1802.000000 0.769099
1803.000000 0.706477
1804.000000 0.798481
1805.000000 0.762663
1806.000000 0.755964
1807.000000 0.817071
1808.000000 0.704371
1809.000000 0.796502
1810.000000 0.817418
1811.000000 0.805202
1812.000000 0.730485
1813.000000 0.757450
1814.000000 0.793375
1815.000000 0.790917
1816.000000 0.807996
1817.000000 0.725566
1818.000000 0.796038
1819.000000 0.793259
1820.000000 0.804442
1821.000000 0.778668
1822.000000 0.742640
1823.000000 0.747115
1824.000000 0.777664
1825.000000 0.733442
1826.000000 0.698085
1827.000000 0.672695
1828.000000 0.723606
1829.000000 0.732749
1830.000000 0.732571
1831.000000 0.756863
1832.000000 0.743798
1833.000000 0.722899
1834.000000 0.728177
1835.000000 0.699423
1836.000000 0.645443
1837.000000 0.602066
1838.000000 0.645884
1839.000000 0.684570
1840.000000 0.621290
1841.000000 0.666040
1842.000000 0.755807
1843.000000 0.687907
1844.000000 0.794760
1845.000000 0.759828
1846.000000 0.744831
1847.000000 0.744282
1848.000000 0.734106
1849.000000 0.746478
1850.000000 0.754399
1851.000000 0.813865
1852.000000 0.819930
1853.000000 0.749856
1854.000000 0.778112
1855.000000 0.730392
1856.000000 0.780742
1857.000000 0.733525
1858.000000 0.743835
1859.000000 0.659929
1860.000000 0.607312
1861.000000 0.650635
1862.000000 0.807777
1863.000000 0.803124
1864.000000 0.799512
1865.000000 0.770401
1866.000000 0.760707
1867.000000 0.682699
1868.000000 0.705014
1869.000000 0.783941
1870.000000 0.722021
1871.000000 0.752401
1872.000000 0.692186
1873.000000 0.743026
1874.000000 0.734947
1875.000000 0.733997
1876.000000 0.805360
1877.000000 0.703399
1878.000000 0.751660
1879.000000 0.682310
1880.000000 0.791265
1881.000000 0.809049
1882.000000 0.720956
1883.000000 0.802982
1884.000000 0.716178
1885.000000 0.707484
1886.000000 0.794079
1887.000000 0.741005
1888.000000 0.785509
1889.000000 0.796764
1890.000000 0.834611
1891.000000 0.687998
1892.000000 0.717638
1893.000000 0.768093
1894.000000 0.766126
1895.000000 0.728575
1896.000000 0.711729
1897.000000 0.698710
1898.000000 0.622086
1899.000000 0.798931
1900.000000 0.737011
1901.000000 0.710071
1902.000000 0.776467
1903.000000 0.766357
1904.000000 0.699190
1905.000000 0.697849
1906.000000 0.736542
1907.000000 0.769405
1908.000000 0.707784
1909.000000 0.737516
1910.000000 0.743806
1911.000000 0.727137
1912.000000 0.735832
1913.000000 0.791922
1914.000000 0.743062
1915.000000 0.629319
1916.000000 0.685148
1917.000000 0.681666
1918.000000 0.762937
1919.000000 0.674945
1920.000000 0.759356
1921.000000 0.671413
1922.000000 0.707343
1923.000000 0.686760
1924.000000 0.676401
1925.000000 0.756564
1926.000000 0.725251
1927.000000 0.771709
1928.000000 0.710498
1929.000000 0.695204
1930.000000 0.735170
1931.000000 0.623091
1932.000000 0.728508
1933.000000 0.755775
1934.000000 0.785417
1935.000000 0.833329
1936.000000 0.750255
1937.000000 0.737139
1938.000000 0.780055
1939.000000 0.770527
1940.000000 0.823622
1941.000000 0.801302
1942.000000 0.803696
1943.000000 0.712952
1944.000000 0.667255
1945.000000 0.714364
1946.000000 0.706042
1947.000000 0.730760
1948.000000 0.694186
1949.000000 0.706239
1950.000000 0.739016
1951.000000 0.738694
1952.000000 0.760993
1953.000000 0.736020
1954.000000 0.760538
1955.000000 0.740035
1956.000000 0.725167
1957.000000 0.728317
1958.000000 0.779347
1959.000000 0.790142
1960.000000 0.801469
1961.000000 0.755476
1962.000000 0.744639
1963.000000 0.707848
1964.000000 0.795507
1965.000000 0.713609
1966.000000 0.695690
1967.000000 0.612559
1968.000000 0.695546
1969.000000 0.541221
1970.000000 0.541951
1971.000000 0.700733
1972.000000 0.805757
1973.000000 0.684468
1974.000000 0.710183
1975.000000 0.816964
1976.000000 0.737753
1977.000000 0.812984
1978.000000 0.741854
1979.000000 0.836842
1980.000000 0.796740
1981.000000 0.766272
1982.000000 0.747376
1983.000000 0.759050
1984.000000 0.791583
1985.000000 0.667947
1986.000000 0.788361
1987.000000 0.682101
1988.000000 0.717190
1989.000000 0.695756
1990.000000 0.725498
1991.000000 0.812479
1992.000000 0.790739
1993.000000 0.744272
1994.000000 0.706248
1995.000000 0.699973
1996.000000 0.812389
1997.000000 0.757362
1998.000000 0.793979
1999.000000 0.660868
2000.000000 0.765650
2001.000000 0.683872
2002.000000 0.761609
2003.000000 0.682386
2004.000000 0.742124
2005.000000 0.739512
2006.000000 0.780871
2007.000000 0.677184
2008.000000 0.642438
2009.000000 0.803407
2010.000000 0.789763
2011.000000 0.725480
2012.000000 0.755638
2013.000000 0.686748
2014.000000 0.689347
2015.000000 0.614033
2016.000000 0.573787
2017.000000 0.686253
2018.000000 0.675551
2019.000000 0.594506
2020.000000 0.639233
2021.000000 0.696401
2022.000000 0.723532
2023.000000 0.680925
2024.000000 0.656522
2025.000000 0.612774
2026.000000 0.620722
2027.000000 0.561741
2028.000000 0.555623
2029.000000 0.611129
2030.000000 0.571211
2031.000000 0.476005
2032.000000 0.593645
2033.000000 0.557749
2034.000000 0.669636
2035.000000 0.554942
2036.000000 0.631597
2037.000000 0.782253
2038.000000 0.732115
2039.000000 0.629401
2040.000000 0.691354
2041.000000 0.704417
2042.000000 0.749480
2043.000000 0.836843
2044.000000 0.669198
2045.000000 0.690309
2046.000000 0.834996
2047.000000 0.796785
2048.000000 0.702657
2049.000000 0.618547
2050.000000 0.707585
2051.000000 0.654290
2052.000000 0.658675
2053.000000 0.632347
2054.000000 0.677638
2055.000000 0.785183
2056.000000 0.680233
2057.000000 0.644970
2058.000000 0.648194
2059.000000 0.575746
2060.000000 0.614873
2061.000000 0.608757
2062.000000 0.757285
2063.000000 0.682471
2064.000000 0.770536
2065.000000 0.746105
2066.000000 0.796429
2067.000000 0.766292
2068.000000 0.605457
2069.000000 0.654590
2070.000000 0.598831
2071.000000 0.669274
2072.000000 0.672663
2073.000000 0.752518
2074.000000 0.692211
2075.000000 0.681946
2076.000000 0.688868
2077.000000 0.733568
2078.000000 0.744431
2079.000000 0.743278
2080.000000 0.768038
2081.000000 0.716407
2082.000000 0.783361
2083.000000 0.812389
2084.000000 0.725791
2085.000000 0.677051
2086.000000 0.718327
2087.000000 0.751189
2088.000000 0.764647
2089.000000 0.791988
2090.000000 0.757149
2091.000000 0.767983
2092.000000 0.791345
2093.000000 0.767476
2094.000000 0.782723
2095.000000 0.757826
2096.000000 0.768025
2097.000000 0.766149
2098.000000 0.753763
2099.000000 0.824904
2100.000000 0.810225
2101.000000 0.763798
2102.000000 0.740484
2103.000000 0.772282
2104.000000 0.687566
2105.000000 0.741437
2106.000000 0.712974
2107.000000 0.641918
2108.000000 0.603227
2109.000000 0.709872
2110.000000 0.639076
2111.000000 0.700044
2112.000000 0.753880
2113.000000 0.747594
2114.000000 0.754561
2115.000000 0.784399
2116.000000 0.775308
2117.000000 0.806149
2118.000000 0.740729
2119.000000 0.780935
2120.000000 0.749326
2121.000000 0.777747
2122.000000 0.740758
2123.000000 0.712421
2124.000000 0.727667
2125.000000 0.836042
2126.000000 0.812253
2127.000000 0.834406
2128.000000 0.815400
2129.000000 0.718642
2130.000000 0.683087
2131.000000 0.753143
2132.000000 0.751218
2133.000000 0.737745
2134.000000 0.714487
2135.000000 0.722928
2136.000000 0.678531
2137.000000 0.727532
2138.000000 0.697328
2139.000000 0.664271
2140.000000 0.691425
2141.000000 0.775807
2142.000000 0.704579
2143.000000 0.591711
2144.000000 0.633386
2145.000000 0.701492
2146.000000 0.579023
2147.000000 0.631401
2148.000000 0.688298
2149.000000 0.695675
2150.000000 0.798401
2151.000000 0.845105
2152.000000 0.721179
2153.000000 0.740159
2154.000000 0.770675
2155.000000 0.745933
2156.000000 0.694080
2157.000000 0.678881
2158.000000 0.759908
2159.000000 0.680490
2160.000000 0.752984
2161.000000 0.756316
2162.000000 0.733218
2163.000000 0.812546
2164.000000 0.748797
2165.000000 0.657787
2166.000000 0.673379
2167.000000 0.615773
2168.000000 0.745056
2169.000000 0.832931
2170.000000 0.805724
2171.000000 0.719278
2172.000000 0.734545
2173.000000 0.694657
2174.000000 0.655289
2175.000000 0.761049
2176.000000 0.783831
2177.000000 0.721831
2178.000000 0.696754
2179.000000 0.645216
2180.000000 0.681390
2181.000000 0.604930
2182.000000 0.582397
2183.000000 0.612785
2184.000000 0.734620
2185.000000 0.688865
2186.000000 0.724310
2187.000000 0.739818
2188.000000 0.725403
2189.000000 0.697757
2190.000000 0.683794
2191.000000 0.761428
2192.000000 0.774482
2193.000000 0.707519
2194.000000 0.740347
2195.000000 0.804572
2196.000000 0.726336
2197.000000 0.753576
2198.000000 0.746687
2199.000000 0.739913
2200.000000 0.737863
2201.000000 0.676517
2202.000000 0.691219
2203.000000 0.646806
2204.000000 0.590793
2205.000000 0.780267
2206.000000 0.681320
2207.000000 0.705335
2208.000000 0.650953
2209.000000 0.741152
2210.000000 0.689084
2211.000000 0.662928
2212.000000 0.674496
2213.000000 0.695803
2214.000000 0.773225
2215.000000 0.693584
2216.000000 0.772180
2217.000000 0.736715
2218.000000 0.659477
2219.000000 0.716021
2220.000000 0.702129
2221.000000 0.765364
2222.000000 0.755988
2223.000000 0.765966
2224.000000 0.680093
2225.000000 0.625703
2226.000000 0.536605
2227.000000 0.619657
2228.000000 0.696432
2229.000000 0.666212
2230.000000 0.672318
2231.000000 0.652232
2232.000000 0.717746
2233.000000 0.725562
2234.000000 0.642983
2235.000000 0.671406
2236.000000 0.644187
2237.000000 0.634436
2238.000000 0.618902
2239.000000 0.599590
2240.000000 0.642746
2241.000000 0.609595
2242.000000 0.644047
2243.000000 0.676403
2244.000000 0.631075
2245.000000 0.501860
2246.000000 0.575706
2247.000000 0.721608
2248.000000 0.721602
2249.000000 0.680625
2250.000000 0.722991
2251.000000 0.707671
2252.000000 0.703320
2253.000000 0.716406
2254.000000 0.739678
2255.000000 0.715276
2256.000000 0.723503
2257.000000 0.778332
2258.000000 0.814820
2259.000000 0.733115
2260.000000 0.742184
2261.000000 0.720337
2262.000000 0.761197
2263.000000 0.708318
2264.000000 0.673943
2265.000000 0.758828
2266.000000 0.652105
2267.000000 0.765037
2268.000000 0.660753
2269.000000 0.768830
2270.000000 0.805159
2271.000000 0.770194
2272.000000 0.692591
2273.000000 0.754160
2274.000000 0.724963
2275.000000 0.645047
2276.000000 0.643255
2277.000000 0.613742
2278.000000 0.648126
2279.000000 0.745396
2280.000000 0.776701
2281.000000 0.735908
2282.000000 0.760338
2283.000000 0.695817
2284.000000 0.715066
2285.000000 0.719503
2286.000000 0.736895
2287.000000 0.728114
2288.000000 0.705966
2289.000000 0.623351
2290.000000 0.696160
2291.000000 0.700515
2292.000000 0.759603
2293.000000 0.782621
2294.000000 0.803434
2295.000000 0.761811
2296.000000 0.786488
2297.000000 0.643346
2298.000000 0.705106
2299.000000 0.693783
2300.000000 0.631899
2301.000000 0.757878
2302.000000 0.702004
2303.000000 0.745353
2304.000000 0.798841
2305.000000 0.729014
2306.000000 0.798341
2307.000000 0.798205
2308.000000 0.785117
2309.000000 0.652761
2310.000000 0.616049
2311.000000 0.686733
2312.000000 0.707690
2313.000000 0.748811
2314.000000 0.747335
2315.000000 0.680247
2316.000000 0.745949
2317.000000 0.706244
2318.000000 0.606091
2319.000000 0.602990
2320.000000 0.655213
2321.000000 0.643986
2322.000000 0.762918
2323.000000 0.697373
2324.000000 0.656415
2325.000000 0.664368
2326.000000 0.737624
2327.000000 0.709462
2328.000000 0.729289
2329.000000 0.674411
2330.000000 0.630932
2331.000000 0.768043
2332.000000 0.761446
2333.000000 0.785798
2334.000000 0.767082
2335.000000 0.789971
2336.000000 0.711736
2337.000000 0.780630
2338.000000 0.723652
2339.000000 0.836393
2340.000000 0.766684
2341.000000 0.749494
2342.000000 0.732347
2343.000000 0.766025
2344.000000 0.594616
2345.000000 0.743910
2346.000000 0.634220
2347.000000 0.726713
2348.000000 0.661556
2349.000000 0.699672
2350.000000 0.745649
2351.000000 0.747255
2352.000000 0.710531
2353.000000 0.735351
2354.000000 0.711065
2355.000000 0.742816
2356.000000 0.760261
2357.000000 0.809416
2358.000000 0.766291
2359.000000 0.691867
2360.000000 0.780189
2361.000000 0.703970
2362.000000 0.751326
2363.000000 0.718578
2364.000000 0.675401
2365.000000 0.752900
2366.000000 0.703084
2367.000000 0.646694
2368.000000 0.712144
2369.000000 0.766630
2370.000000 0.833256
2371.000000 0.697377
2372.000000 0.725993
2373.000000 0.747048
2374.000000 0.771773
2375.000000 0.757027
2376.000000 0.748153
2377.000000 0.783045
2378.000000 0.750055
2379.000000 0.714221
2380.000000 0.697296
2381.000000 0.740689
2382.000000 0.700926
2383.000000 0.724867
2384.000000 0.711575
2385.000000 0.693207
2386.000000 0.834981
2387.000000 0.755895
2388.000000 0.786791
2389.000000 0.701497
2390.000000 0.752302
2391.000000 0.679338
2392.000000 0.772795
2393.000000 0.671798
2394.000000 0.589846
2395.000000 0.788817
2396.000000 0.632112
2397.000000 0.712258
2398.000000 0.720684
2399.000000 0.749459
2400.000000 0.694664
2401.000000 0.671211
2402.000000 0.622698
2403.000000 0.668268
2404.000000 0.729648
2405.000000 0.656260
2406.000000 0.662060
2407.000000 0.679469
2408.000000 0.744545
2409.000000 0.709612
2410.000000 0.730660
2411.000000 0.732439
2412.000000 0.763355
2413.000000 0.713087
2414.000000 0.805210
2415.000000 0.653676
2416.000000 0.771644
2417.000000 0.794043
2418.000000 0.778764
2419.000000 0.732934
2420.000000 0.680970
2421.000000 0.783681
2422.000000 0.654382
2423.000000 0.698714
2424.000000 0.661094
2425.000000 0.722530
2426.000000 0.774672
2427.000000 0.749657
2428.000000 0.764589
2429.000000 0.736311
2430.000000 0.809607
2431.000000 0.791378
2432.000000 0.768933
2433.000000 0.746765
2434.000000 0.739880
2435.000000 0.679852
2436.000000 0.710655
2437.000000 0.708355
2438.000000 0.756578
2439.000000 0.731445
2440.000000 0.750870
2441.000000 0.774178
2442.000000 0.782067
2443.000000 0.764282
2444.000000 0.771187
2445.000000 0.815056
2446.000000 0.815094
2447.000000 0.746557
2448.000000 0.752574
2449.000000 0.739028
2450.000000 0.725512
2451.000000 0.843571
2452.000000 0.687410
2453.000000 0.741305
2454.000000 0.658130
2455.000000 0.590205
2456.000000 0.531385
2457.000000 0.641707
2458.000000 0.777317
2459.000000 0.738811
2460.000000 0.691512
2461.000000 0.822150
2462.000000 0.712038
2463.000000 0.790569
2464.000000 0.740803
2465.000000 0.813906
2466.000000 0.759638
2467.000000 0.762217
2468.000000 0.818630
2469.000000 0.735218
2470.000000 0.615644
2471.000000 0.742211
2472.000000 0.667893
2473.000000 0.661697
2474.000000 0.705428
2475.000000 0.657552
2476.000000 0.670928
2477.000000 0.801369
2478.000000 0.771425
2479.000000 0.677020
2480.000000 0.675950
2481.000000 0.794481
2482.000000 0.731150
2483.000000 0.728670
2484.000000 0.787778
2485.000000 0.796311
2486.000000 0.849205
2487.000000 0.783616
2488.000000 0.785564
2489.000000 0.825476
2490.000000 0.758875
2491.000000 0.694100
2492.000000 0.793807
2493.000000 0.749650
2494.000000 0.711372
2495.000000 0.670535
2496.000000 0.773666
2497.000000 0.715166
2498.000000 0.753375
2499.000000 0.747976
2500.000000 0.726479
2501.000000 0.696283
2502.000000 0.705145
2503.000000 0.735950
2504.000000 0.714301
2505.000000 0.736281
2506.000000 0.779057
2507.000000 0.754299
2508.000000 0.706299
2509.000000 0.739776
2510.000000 0.588542
2511.000000 0.664670
2512.000000 0.657420
2513.000000 0.684929
2514.000000 0.693545
2515.000000 0.808501
2516.000000 0.721678
2517.000000 0.784865
2518.000000 0.742480
2519.000000 0.685917
2520.000000 0.706152
2521.000000 0.732275
2522.000000 0.699631
2523.000000 0.709467
2524.000000 0.705959
2525.000000 0.794077
2526.000000 0.785746
2527.000000 0.849021
2528.000000 0.774775
2529.000000 0.761323
2530.000000 0.647185
2531.000000 0.735400
2532.000000 0.649758
2533.000000 0.679959
2534.000000 0.724918
2535.000000 0.690185
2536.000000 0.776272
2537.000000 0.784063
2538.000000 0.752401
2539.000000 0.704395
2540.000000 0.576670
2541.000000 0.661845
2542.000000 0.780987
2543.000000 0.745341
2544.000000 0.692130
2545.000000 0.763653
2546.000000 0.703074
2547.000000 0.681001
2548.000000 0.675777
2549.000000 0.719325
2550.000000 0.740924
2551.000000 0.717683
2552.000000 0.675389
2553.000000 0.677154
2554.000000 0.645484
2555.000000 0.723223
2556.000000 0.764440
2557.000000 0.698842
2558.000000 0.696084
2559.000000 0.749252
2560.000000 0.764864
2561.000000 0.718325
2562.000000 0.662109
2563.000000 0.797676
2564.000000 0.732283
2565.000000 0.653961
2566.000000 0.697952
2567.000000 0.684256
2568.000000 0.672416
2569.000000 0.712255
2570.000000 0.760088
2571.000000 0.748935
2572.000000 0.773804
2573.000000 0.721376
2574.000000 0.769025
2575.000000 0.759899
2576.000000 0.807082
2577.000000 0.739922
2578.000000 0.776932
2579.000000 0.761191
2580.000000 0.694970
2581.000000 0.701186
2582.000000 0.790748
2583.000000 0.796783
2584.000000 0.797609
2585.000000 0.746425
2586.000000 0.649533
2587.000000 0.774470
2588.000000 0.728239
2589.000000 0.627076
2590.000000 0.607905
2591.000000 0.603501
2592.000000 0.662291
2593.000000 0.676846
2594.000000 0.525045
2595.000000 0.552079
2596.000000 0.596899
2597.000000 0.563259
2598.000000 0.485716
2599.000000 0.612887
2600.000000 0.735015
2601.000000 0.747438
2602.000000 0.741618
2603.000000 0.710673
2604.000000 0.656069
2605.000000 0.707468
2606.000000 0.612335
2607.000000 0.701721
2608.000000 0.719048
2609.000000 0.751113
2610.000000 0.642731
2611.000000 0.576119
2612.000000 0.657761
2613.000000 0.553503
2614.000000 0.633308
2615.000000 0.674366
2616.000000 0.726515
2617.000000 0.680725
2618.000000 0.752209
2619.000000 0.747949
2620.000000 0.682379
2621.000000 0.731640
2622.000000 0.761094
2623.000000 0.794328
2624.000000 0.784978
2625.000000 0.739467
2626.000000 0.725238
2627.000000 0.751614
2628.000000 0.759717
2629.000000 0.689294
2630.000000 0.708065
2631.000000 0.800604
2632.000000 0.723038
2633.000000 0.697096
2634.000000 0.688603
2635.000000 0.745428
2636.000000 0.692571
2637.000000 0.741710
2638.000000 0.744517
2639.000000 0.687757
2640.000000 0.755683
2641.000000 0.818658
2642.000000 0.813174
2643.000000 0.760226
2644.000000 0.730959
2645.000000 0.757080
2646.000000 0.739400
2647.000000 0.733437
2648.000000 0.756782
2649.000000 0.792063
2650.000000 0.779187
2651.000000 0.640569
2652.000000 0.632781
2653.000000 0.500011
2654.000000 0.703659
2655.000000 0.771929
2656.000000 0.707863
2657.000000 0.748585
2658.000000 0.668781
2659.000000 0.740576
2660.000000 0.709285
2661.000000 0.754108
2662.000000 0.714598
2663.000000 0.728377
2664.000000 0.777616
2665.000000 0.805432
2666.000000 0.762179
2667.000000 0.782201
2668.000000 0.719156
2669.000000 0.757942
2670.000000 0.723703
2671.000000 0.653579
2672.000000 0.736953
2673.000000 0.690341
2674.000000 0.675252
2675.000000 0.733100
2676.000000 0.817359
2677.000000 0.649270
2678.000000 0.630525
2679.000000 0.752417
2680.000000 0.685999
2681.000000 0.683512
2682.000000 0.684232
2683.000000 0.654010
2684.000000 0.682794
2685.000000 0.717877
2686.000000 0.814638
2687.000000 0.680540
2688.000000 0.700996
2689.000000 0.690160
2690.000000 0.604126
2691.000000 0.578454
2692.000000 0.738852
2693.000000 0.751353
2694.000000 0.661640
2695.000000 0.660311
2696.000000 0.662713
2697.000000 0.759014
2698.000000 0.758488
2699.000000 0.741439
2700.000000 0.717022
2701.000000 0.818023
2702.000000 0.735256
2703.000000 0.642316
2704.000000 0.628497
2705.000000 0.743689
2706.000000 0.797093
2707.000000 0.813276
2708.000000 0.792557
2709.000000 0.787452
2710.000000 0.628649
2711.000000 0.662641
2712.000000 0.706097
2713.000000 0.710860
2714.000000 0.765495
2715.000000 0.765896
2716.000000 0.681279
2717.000000 0.667692
2718.000000 0.787723
2719.000000 0.712573
2720.000000 0.702902
2721.000000 0.731173
2722.000000 0.784054
2723.000000 0.706381
2724.000000 0.784330
2725.000000 0.748435
2726.000000 0.781275
2727.000000 0.691410
2728.000000 0.751255
2729.000000 0.783977
2730.000000 0.735948
2731.000000 0.817047
2732.000000 0.772533
2733.000000 0.742172
2734.000000 0.861753
2735.000000 0.661124
2736.000000 0.721858
2737.000000 0.721118
2738.000000 0.696607
2739.000000 0.614841
2740.000000 0.586482
2741.000000 0.552792
2742.000000 0.676942
2743.000000 0.723404
2744.000000 0.774031
2745.000000 0.789254
2746.000000 0.703684
2747.000000 0.752337
2748.000000 0.642565
2749.000000 0.721459
2750.000000 0.708719
2751.000000 0.771449
2752.000000 0.781121
2753.000000 0.807512
2754.000000 0.748105
2755.000000 0.728566
2756.000000 0.823098
2757.000000 0.813134
2758.000000 0.763274
2759.000000 0.760441
2760.000000 0.768160
2761.000000 0.689128
2762.000000 0.740467
2763.000000 0.732396
2764.000000 0.698085
2765.000000 0.753895
2766.000000 0.806925
2767.000000 0.754940
2768.000000 0.739439
2769.000000 0.667925
2770.000000 0.774146
2771.000000 0.759146
2772.000000 0.754685
2773.000000 0.798237
2774.000000 0.714510
2775.000000 0.723421
2776.000000 0.750162
2777.000000 0.687891
2778.000000 0.739062
2779.000000 0.756066
2780.000000 0.690695
2781.000000 0.742932
2782.000000 0.613514
2783.000000 0.634179
2784.000000 0.652958
2785.000000 0.704572
2786.000000 0.707639
2787.000000 0.744943
2788.000000 0.796672
2789.000000 0.714580
2790.000000 0.821924
2791.000000 0.748522
2792.000000 0.821028
2793.000000 0.724396
2794.000000 0.763616
2795.000000 0.753226
2796.000000 0.806527
2797.000000 0.734695
2798.000000 0.710166
2799.000000 0.754779
2800.000000 0.693205
2801.000000 0.774253
2802.000000 0.700454
2803.000000 0.668613
2804.000000 0.733744
2805.000000 0.695732
2806.000000 0.587472
2807.000000 0.600863
2808.000000 0.558048
2809.000000 0.579081
2810.000000 0.734492
2811.000000 0.783235
2812.000000 0.677857
2813.000000 0.777560
2814.000000 0.701159
2815.000000 0.697567
2816.000000 0.676832
2817.000000 0.568659
2818.000000 0.697169
2819.000000 0.665645
2820.000000 0.669474
2821.000000 0.723855
2822.000000 0.695060
2823.000000 0.769143
2824.000000 0.705863
2825.000000 0.674189
2826.000000 0.617345
2827.000000 0.747633
2828.000000 0.766959
2829.000000 0.716436
2830.000000 0.747584
2831.000000 0.774316
2832.000000 0.697587
2833.000000 0.818355
2834.000000 0.777789
2835.000000 0.777404
2836.000000 0.787600
2837.000000 0.732094
2838.000000 0.765564
2839.000000 0.804773
2840.000000 0.742562
2841.000000 0.716612
2842.000000 0.637671
2843.000000 0.650413
2844.000000 0.758970
2845.000000 0.764965
2846.000000 0.737112
2847.000000 0.755591
2848.000000 0.745259
2849.000000 0.681728
2850.000000 0.719478
2851.000000 0.662831
2852.000000 0.681383
2853.000000 0.677907
2854.000000 0.704055
2855.000000 0.723923
2856.000000 0.712355
2857.000000 0.698211
2858.000000 0.742912
2859.000000 0.716088
2860.000000 0.649172
2861.000000 0.682768
2862.000000 0.751604
2863.000000 0.727299
2864.000000 0.777042
2865.000000 0.775846
2866.000000 0.648469
2867.000000 0.643236
2868.000000 0.801629
2869.000000 0.736099
2870.000000 0.665201
2871.000000 0.772251
2872.000000 0.781587
2873.000000 0.726528
2874.000000 0.737492
2875.000000 0.694296
2876.000000 0.662962
2877.000000 0.716866
2878.000000 0.679427
2879.000000 0.598353
2880.000000 0.626159
2881.000000 0.700735
2882.000000 0.738950
2883.000000 0.631532
2884.000000 0.685489
2885.000000 0.632251
2886.000000 0.627619
2887.000000 0.582568
2888.000000 0.723084
2889.000000 0.709790
2890.000000 0.728392
2891.000000 0.732037
2892.000000 0.766482
2893.000000 0.740242
2894.000000 0.766245
2895.000000 0.791982
2896.000000 0.825630
2897.000000 0.741981
2898.000000 0.769946
2899.000000 0.779410
2900.000000 0.804805
2901.000000 0.787222
2902.000000 0.799034
2903.000000 0.711195
2904.000000 0.758380
2905.000000 0.753467
2906.000000 0.753333
2907.000000 0.776996
2908.000000 0.784213
2909.000000 0.794410
2910.000000 0.796526
2911.000000 0.752167
2912.000000 0.695102
2913.000000 0.727818
2914.000000 0.806084
2915.000000 0.631745
2916.000000 0.790726
2917.000000 0.751703
2918.000000 0.696872
2919.000000 0.691723
2920.000000 0.788245
2921.000000 0.792386
2922.000000 0.784412
2923.000000 0.801381
2924.000000 0.795135
2925.000000 0.798432
2926.000000 0.663371
2927.000000 0.702701
2928.000000 0.720879
2929.000000 0.708476
2930.000000 0.679700
2931.000000 0.613865
2932.000000 0.765555
2933.000000 0.697008
2934.000000 0.768886
2935.000000 0.755348
2936.000000 0.744757
2937.000000 0.672048
2938.000000 0.744390
2939.000000 0.775014
2940.000000 0.829963
2941.000000 0.845542
2942.000000 0.711351
2943.000000 0.744702
2944.000000 0.755399
2945.000000 0.747576
2946.000000 0.784423
2947.000000 0.753865
2948.000000 0.754396
2949.000000 0.671419
2950.000000 0.687522
2951.000000 0.619329
2952.000000 0.671079
2953.000000 0.651367
2954.000000 0.632879
2955.000000 0.693927
2956.000000 0.697045
2957.000000 0.695753
2958.000000 0.753081
2959.000000 0.818078
2960.000000 0.716968
2961.000000 0.639274
2962.000000 0.751319
2963.000000 0.762427
2964.000000 0.738676
2965.000000 0.776886
2966.000000 0.783580
2967.000000 0.811354
2968.000000 0.714172
2969.000000 0.806747
2970.000000 0.683490
2971.000000 0.708633
2972.000000 0.706122
2973.000000 0.795224
2974.000000 0.764139
2975.000000 0.699917
2976.000000 0.713111
2977.000000 0.798653
2978.000000 0.800184
2979.000000 0.769607
2980.000000 0.691538
2981.000000 0.674056
2982.000000 0.756357
2983.000000 0.674097
2984.000000 0.728771
2985.000000 0.724416
2986.000000 0.728365
2987.000000 0.717296
2988.000000 0.692695
2989.000000 0.679376
2990.000000 0.733102
2991.000000 0.770047
2992.000000 0.821378
2993.000000 0.786852
2994.000000 0.858529
2995.000000 0.771545
2996.000000 0.778550
2997.000000 0.705396
2998.000000 0.719521
2999.000000 0.829761
3000.000000 0.724838
