0.000000 0.828701
1.000000 0.860782
2.000000 0.910569
3.000000 0.825324
4.000000 0.881892
5.000000 0.881092
6.000000 0.937425
7.000000 0.950077
8.000000 0.910911
9.000000 0.924090
10.000000 0.911047
11.000000 0.899328
12.000000 0.917597
13.000000 0.912510
14.000000 0.897307
15.000000 0.918688
16.000000 0.897234
17.000000 0.890779
18.000000 0.910862
19.000000 0.908254
20.000000 0.894667
21.000000 0.928167
22.000000 0.905178
23.000000 0.851815
24.000000 0.923289
25.000000 0.880978
26.000000 0.915184
27.000000 0.904022
28.000000 0.873995
29.000000 0.869628
30.000000 0.878053
31.000000 0.877493
32.000000 0.869855
33.000000 0.848337
34.000000 0.860349
35.000000 0.876257
36.000000 0.881626
37.000000 0.891810
38.000000 0.930385
39.000000 0.872690
40.000000 0.858015
41.000000 0.867141
42.000000 0.834621
43.000000 0.883538
44.000000 0.884815
45.000000 0.817791
46.000000 0.849431
47.000000 0.855426
48.000000 0.818016
49.000000 0.847067
50.000000 0.851799
51.000000 0.896613
52.000000 0.877201
53.000000 0.844843
54.000000 0.850763
55.000000 0.851133
56.000000 0.852878
57.000000 0.860379
58.000000 0.848018
59.000000 0.863267
60.000000 0.879080
61.000000 0.862952
62.000000 0.883487
63.000000 0.825441
64.000000 0.905951
65.000000 0.887628
66.000000 0.900518
67.000000 0.915225
68.000000 0.870984
69.000000 0.897102
70.000000 0.901010
71.000000 0.894822
72.000000 0.914742
73.000000 0.911100
74.000000 0.917363
75.000000 0.901603
76.000000 0.933184
77.000000 0.898241
78.000000 0.945598
79.000000 0.927296
80.000000 0.922753
81.000000 0.899039
82.000000 0.919046
83.000000 0.937366
84.000000 0.906462
85.000000 0.843836
86.000000 0.896469
87.000000 0.888501
88.000000 0.857489
89.000000 0.895224
90.000000 0.909670
91.000000 0.869001
92.000000 0.908360
93.000000 0.917556
94.000000 0.924290
95.000000 0.877262
96.000000 0.866659
97.000000 0.871588
98.000000 0.820109
99.000000 0.852499
100.000000 0.872363
101.000000 0.903969
102.000000 0.888263
103.000000 0.926092
104.000000 0.906748
105.000000 0.850877
106.000000 0.856650
107.000000 0.835520
108.000000 0.885248
109.000000 0.861621
110.000000 0.882960
111.000000 0.883749
112.000000 0.895854
113.000000 0.879032
114.000000 0.898535
115.000000 0.886538
116.000000 0.877665
117.000000 0.913251
118.000000 0.897780
119.000000 0.902379
120.000000 0.875605
121.000000 0.915349
122.000000 0.917719
123.000000 0.896708
124.000000 0.855019
125.000000 0.899565
126.000000 0.868064
127.000000 0.898369
128.000000 0.880964
129.000000 0.885459
130.000000 0.885760
131.000000 0.865434
132.000000 0.876293
133.000000 0.852168
134.000000 0.827623
135.000000 0.895642
136.000000 0.899257
137.000000 0.939535
138.000000 0.863005
139.000000 0.931618
140.000000 0.920487
141.000000 0.890298
142.000000 0.870068
143.000000 0.861428
144.000000 0.935161
145.000000 0.936268
146.000000 0.895188
147.000000 0.819210
148.000000 0.833104
149.000000 0.816487
150.000000 0.831144
151.000000 0.837569
152.000000 0.817521
153.000000 0.783421
154.000000 0.802538
155.000000 0.819333
156.000000 0.814261
157.000000 0.819783
158.000000 0.851403
159.000000 0.841215
160.000000 0.879899
161.000000 0.874134
162.000000 0.902356
163.000000 0.918674
164.000000 0.910108
165.000000 0.862168
166.000000 0.889628
167.000000 0.822155
168.000000 0.869312
169.000000 0.861111
170.000000 0.887929
171.000000 0.836719
172.000000 0.875232
173.000000 0.848466
174.000000 0.881159
175.000000 0.857692
176.000000 0.856700
177.000000 0.833805
178.000000 0.855065
179.000000 0.856171
180.000000 0.872964
181.000000 0.888028
182.000000 0.855232
183.000000 0.904306
184.000000 0.904991
185.000000 0.946821
186.000000 0.885527
187.000000 0.780303
188.000000 0.858182
189.000000 0.827167
190.000000 0.815065
191.000000 0.808954
192.000000 0.787417
193.000000 0.791232
194.000000 0.789281
195.000000 0.823097
196.000000 0.691634
197.000000 0.695509
198.000000 0.723788
199.000000 0.647759
200.000000 0.654155
201.000000 0.634170
202.000000 0.736527
203.000000 0.777413
204.000000 0.786800
205.000000 0.780013
206.000000 0.780544
207.000000 0.788955
208.000000 0.764490
209.000000 0.713085
210.000000 0.752981
211.000000 0.776901
212.000000 0.720891
213.000000 0.684508
214.000000 0.739459
215.000000 0.733714
216.000000 0.736669
217.000000 0.761696
218.000000 0.804863
219.000000 0.814792
220.000000 0.851317
221.000000 0.874530
222.000000 0.810786
223.000000 0.854765
224.000000 0.855922
225.000000 0.842107
226.000000 0.864664
227.000000 0.818949
228.000000 0.829141
229.000000 0.841925
230.000000 0.853190
231.000000 0.862013
232.000000 0.842402
233.000000 0.742975
234.000000 0.812922
235.000000 0.817001
236.000000 0.834339
237.000000 0.821006
238.000000 0.828962
239.000000 0.821716
240.000000 0.815889
241.000000 0.855729
242.000000 0.877402
243.000000 0.808001
244.000000 0.813447
245.000000 0.775689
246.000000 0.785692
247.000000 0.738043
248.000000 0.824045
249.000000 0.839964
250.000000 0.884859
251.000000 0.877349
252.000000 0.896376
253.000000 0.876803
254.000000 0.900437
255.000000 0.890080
256.000000 0.897567
257.000000 0.887536
258.000000 0.885792
259.000000 0.864672
260.000000 0.887058
261.000000 0.824674
262.000000 0.900648
263.000000 0.883836
264.000000 0.913901
265.000000 0.906758
266.000000 0.885106
267.000000 0.909281
268.000000 0.904764
269.000000 0.811595
270.000000 0.852928
271.000000 0.858696
272.000000 0.891375
273.000000 0.872935
274.000000 0.806698
275.000000 0.815909
276.000000 0.884479
277.000000 0.855012
278.000000 0.834918
279.000000 0.776927
280.000000 0.850316
281.000000 0.842600
282.000000 0.848233
283.000000 0.800354
284.000000 0.871400
285.000000 0.870258
286.000000 0.880785
287.000000 0.910440
288.000000 0.899852
289.000000 0.890288
290.000000 0.801006
291.000000 0.908039
292.000000 0.900580
293.000000 0.896722
294.000000 0.869730
295.000000 0.893736
296.000000 0.862707
297.000000 0.866197
298.000000 0.846620
299.000000 0.788034
300.000000 0.833330
301.000000 0.874519
302.000000 0.854503
303.000000 0.843346
304.000000 0.743002
305.000000 0.793101
306.000000 0.861955
307.000000 0.869243
308.000000 0.801680
309.000000 0.809594
310.000000 0.839813
311.000000 0.866008
312.000000 0.842575
313.000000 0.886356
314.000000 0.829534
315.000000 0.794205
316.000000 0.774029
317.000000 0.794604
318.000000 0.892267
319.000000 0.889939
320.000000 0.899502
321.000000 0.893634
322.000000 0.864816
323.000000 0.864400
324.000000 0.880584
325.000000 0.875542
326.000000 0.891873
327.000000 0.874313
328.000000 0.906942
329.000000 0.848703
330.000000 0.844751
331.000000 0.867029
332.000000 0.903767
333.000000 0.919917
334.000000 0.908021
335.000000 0.865451
336.000000 0.908234
337.000000 0.862624
338.000000 0.895707
339.000000 0.901870
340.000000 0.883290
341.000000 0.870071
342.000000 0.861015
343.000000 0.870524
344.000000 0.895000
345.000000 0.826254
346.000000 0.861110
347.000000 0.911595
348.000000 0.881017
349.000000 0.889694
350.000000 0.895323
351.000000 0.867436
352.000000 0.869066
353.000000 0.883342
354.000000 0.864874
355.000000 0.902602
356.000000 0.874379
357.000000 0.904665
358.000000 0.940357
359.000000 0.899745
360.000000 0.925007
361.000000 0.859412
362.000000 0.858517
363.000000 0.888808
364.000000 0.827230
365.000000 0.912529
366.000000 0.854176
367.000000 0.856329
368.000000 0.836710
369.000000 0.868529
370.000000 0.828025
371.000000 0.892544
372.000000 0.869536
373.000000 0.875912
374.000000 0.814362
375.000000 0.848094
376.000000 0.857317
377.000000 0.884155
378.000000 0.857314
379.000000 0.829871
380.000000 0.826815
381.000000 0.813799
382.000000 0.913232
383.000000 0.840448
384.000000 0.834977
385.000000 0.839492
386.000000 0.801327
387.000000 0.851216
388.000000 0.834956
389.000000 0.828316
390.000000 0.866407
391.000000 0.837674
392.000000 0.842207
393.000000 0.859524
394.000000 0.911618
395.000000 0.892228
396.000000 0.897638
397.000000 0.922345
398.000000 0.846305
399.000000 0.881539
400.000000 0.912272
401.000000 0.906361
402.000000 0.910147
403.000000 0.904371
404.000000 0.905956
405.000000 0.886037
406.000000 0.841037
407.000000 0.889616
408.000000 0.874425
409.000000 0.855910
410.000000 0.828842
411.000000 0.905210
412.000000 0.839952
413.000000 0.857582
414.000000 0.876844
415.000000 0.873080
416.000000 0.867554
417.000000 0.857253
418.000000 0.858548
419.000000 0.832221
420.000000 0.820428
421.000000 0.790119
422.000000 0.854293
423.000000 0.843732
424.000000 0.866597
425.000000 0.839654
426.000000 0.804947
427.000000 0.799253
428.000000 0.766803
429.000000 0.747085
430.000000 0.771944
431.000000 0.812761
432.000000 0.838261
433.000000 0.811144
434.000000 0.825194
435.000000 0.831213
436.000000 0.868272
437.000000 0.831034
438.000000 0.788795
439.000000 0.781681
440.000000 0.807834
441.000000 0.840100
442.000000 0.843943
443.000000 0.860111
444.000000 0.874225
445.000000 0.887054
446.000000 0.851913
447.000000 0.846670
448.000000 0.880631
449.000000 0.866491
450.000000 0.885595
451.000000 0.890064
452.000000 0.869817
453.000000 0.877027
454.000000 0.914737
455.000000 0.905903
456.000000 0.909913
457.000000 0.917291
458.000000 0.916409
459.000000 0.887558
460.000000 0.913284
461.000000 0.890369
462.000000 0.874158
463.000000 0.913568
464.000000 0.848529
465.000000 0.827454
466.000000 0.872715
467.000000 0.883896
468.000000 0.918394
469.000000 0.922206
470.000000 0.925108
471.000000 0.887853
472.000000 0.924134
473.000000 0.894140
474.000000 0.895522
475.000000 0.820453
476.000000 0.903026
477.000000 0.912541
478.000000 0.909483
479.000000 0.892363
480.000000 0.891434
481.000000 0.949458
482.000000 0.887986
483.000000 0.865205
484.000000 0.894265
485.000000 0.893795
486.000000 0.862296
487.000000 0.920905
488.000000 0.871029
489.000000 0.935310
490.000000 0.932028
491.000000 0.886221
492.000000 0.868341
493.000000 0.932505
494.000000 0.932022
495.000000 0.871547
496.000000 0.871777
497.000000 0.878219
498.000000 0.879168
499.000000 0.860615
500.000000 0.906551
501.000000 0.893501
502.000000 0.887167
503.000000 0.902422
504.000000 0.923176
505.000000 0.921663
506.000000 0.863056
507.000000 0.831835
508.000000 0.836723
509.000000 0.840143
510.000000 0.809324
511.000000 0.757510
512.000000 0.737895
513.000000 0.752385
514.000000 0.774373
515.000000 0.800784
516.000000 0.876796
517.000000 0.902972
518.000000 0.883792
519.000000 0.825498
520.000000 0.829608
521.000000 0.844722
522.000000 0.871306
523.000000 0.846138
524.000000 0.839969
525.000000 0.853454
526.000000 0.890325
527.000000 0.885306
528.000000 0.893146
529.000000 0.898105
530.000000 0.881867
531.000000 0.890602
532.000000 0.907748
533.000000 0.926616
534.000000 0.874710
535.000000 0.875658
536.000000 0.872919
537.000000 0.851946
538.000000 0.863661
539.000000 0.871815
540.000000 0.903799
541.000000 0.874570
542.000000 0.855080
543.000000 0.855557
544.000000 0.891717
545.000000 0.877214
546.000000 0.879127
547.000000 0.879587
548.000000 0.913430
549.000000 0.871606
550.000000 0.876407
551.000000 0.890152
552.000000 0.919847
553.000000 0.869140
554.000000 0.825121
555.000000 0.743132
556.000000 0.781147
557.000000 0.727238
558.000000 0.669421
559.000000 0.727767
560.000000 0.710581
561.000000 0.755132
562.000000 0.759929
563.000000 0.726931
564.000000 0.793451
565.000000 0.807585
566.000000 0.807944
567.000000 0.821478
568.000000 0.790810
569.000000 0.843759
570.000000 0.889401
571.000000 0.858014
572.000000 0.915736
573.000000 0.918360
574.000000 0.876920
575.000000 0.887249
576.000000 0.888911
577.000000 0.863522
578.000000 0.853114
579.000000 0.819303
580.000000 0.800690
581.000000 0.865637
582.000000 0.828887
583.000000 0.865372
584.000000 0.864355
585.000000 0.858830
586.000000 0.884401
587.000000 0.833162
588.000000 0.898653
589.000000 0.880379
590.000000 0.891832
591.000000 0.888577
592.000000 0.891284
593.000000 0.867469
594.000000 0.899207
595.000000 0.881367
596.000000 0.858775
597.000000 0.861695
598.000000 0.894561
599.000000 0.880117
600.000000 0.845420
601.000000 0.869874
602.000000 0.871400
603.000000 0.879861
604.000000 0.920085
605.000000 0.903430
606.000000 0.908733
607.000000 0.903427
608.000000 0.907029
609.000000 0.915623
610.000000 0.884660
611.000000 0.823509
612.000000 0.885449
613.000000 0.907815
614.000000 0.897683
615.000000 0.923895
616.000000 0.939475
617.000000 0.918001
618.000000 0.922971
619.000000 0.878283
620.000000 0.866483
621.000000 0.898396
622.000000 0.893917
623.000000 0.855716
624.000000 0.834940
625.000000 0.767026
626.000000 0.710838
627.000000 0.853441
628.000000 0.829573
629.000000 0.773916
630.000000 0.751573
631.000000 0.750082
632.000000 0.750787
633.000000 0.739510
634.000000 0.774848
635.000000 0.778139
636.000000 0.768287
637.000000 0.732253
638.000000 0.764758
639.000000 0.798543
640.000000 0.704131
641.000000 0.745310
642.000000 0.775844
643.000000 0.825064
644.000000 0.738701
645.000000 0.765577
646.000000 0.844597
647.000000 0.872987
648.000000 0.893814
649.000000 0.886174
650.000000 0.855243
651.000000 0.879231
652.000000 0.841522
653.000000 0.803757
654.000000 0.806502
655.000000 0.836019
656.000000 0.818577
657.000000 0.755709
658.000000 0.845646
659.000000 0.823709
660.000000 0.838538
661.000000 0.843504
662.000000 0.865749
663.000000 0.862283
664.000000 0.850270
665.000000 0.847907
666.000000 0.847792
667.000000 0.834636
668.000000 0.880674
669.000000 0.871236
670.000000 0.868964
671.000000 0.893845
672.000000 0.897163
673.000000 0.894209
674.000000 0.886640
675.000000 0.901602
676.000000 0.880703
677.000000 0.816938
678.000000 0.869728
679.000000 0.910285
680.000000 0.904654
681.000000 0.894743
682.000000 0.902246
683.000000 0.896089
684.000000 0.920730
685.000000 0.908607
686.000000 0.887780
687.000000 0.862934
688.000000 0.863756
689.000000 0.895849
690.000000 0.880784
691.000000 0.861189
692.000000 0.924046
693.000000 0.916511
694.000000 0.875499
695.000000 0.911213
696.000000 0.889905
697.000000 0.898073
698.000000 0.875299
699.000000 0.849709
700.000000 0.880309
701.000000 0.838922
702.000000 0.825524
703.000000 0.805493
704.000000 0.852984
705.000000 0.817970
706.000000 0.837289
707.000000 0.888413
708.000000 0.887269
709.000000 0.848992
710.000000 0.892520
711.000000 0.900308
712.000000 0.893694
713.000000 0.855355
714.000000 0.824591
715.000000 0.882898
716.000000 0.882883
717.000000 0.871823
718.000000 0.867855
719.000000 0.899818
720.000000 0.903618
721.000000 0.899532
722.000000 0.910343
723.000000 0.880561
724.000000 0.856367
725.000000 0.881876
726.000000 0.843857
727.000000 0.863349
728.000000 0.804631
729.000000 0.798870
730.000000 0.814849
731.000000 0.834226
732.000000 0.835107
733.000000 0.852210
734.000000 0.946856
735.000000 0.935494
736.000000 0.925591
737.000000 0.923563
738.000000 0.847928
739.000000 0.894695
740.000000 0.885529
741.000000 0.857202
742.000000 0.877767
743.000000 0.926783
744.000000 0.879300
745.000000 0.863516
746.000000 0.844428
747.000000 0.822344
748.000000 0.832810
749.000000 0.791219
750.000000 0.755460
751.000000 0.806492
752.000000 0.803465
753.000000 0.891801
754.000000 0.899741
755.000000 0.918044
756.000000 0.951370
757.000000 0.868641
758.000000 0.892633
759.000000 0.903134
760.000000 0.882948
761.000000 0.890803
762.000000 0.933191
763.000000 0.894794
764.000000 0.877737
765.000000 0.848139
766.000000 0.864680
767.000000 0.874288
768.000000 0.925876
769.000000 0.917751
770.000000 0.868179
771.000000 0.917207
772.000000 0.917442
773.000000 0.933795
774.000000 0.905498
775.000000 0.949308
776.000000 0.912742
777.000000 0.911591
778.000000 0.860859
779.000000 0.891329
780.000000 0.912955
781.000000 0.848307
782.000000 0.887977
783.000000 0.886723
784.000000 0.892666
785.000000 0.886753
786.000000 0.853292
787.000000 0.867559
788.000000 0.871871
789.000000 0.913753
790.000000 0.905703
791.000000 0.910307
792.000000 0.895676
793.000000 0.913309
794.000000 0.904185
795.000000 0.888440
796.000000 0.842438
797.000000 0.869755
798.000000 0.878777
799.000000 0.862505
800.000000 0.885516
801.000000 0.873455
802.000000 0.848982
803.000000 0.894511
804.000000 0.854376
805.000000 0.892312
806.000000 0.858573
807.000000 0.901680
808.000000 0.869205
809.000000 0.841150
810.000000 0.858353
811.000000 0.871178
812.000000 0.882631
813.000000 0.887086
814.000000 0.917372
815.000000 0.912851
816.000000 0.908307
817.000000 0.898298
818.000000 0.859629
819.000000 0.879016
820.000000 0.857428
821.000000 0.830113
822.000000 0.914912
823.000000 0.879427
824.000000 0.842367
825.000000 0.842164
826.000000 0.853295
827.000000 0.840415
828.000000 0.772322
829.000000 0.825364
830.000000 0.816589
831.000000 0.856586
832.000000 0.825508
833.000000 0.828131
834.000000 0.822476
835.000000 0.848076
836.000000 0.820038
837.000000 0.845123
838.000000 0.825369
839.000000 0.848981
840.000000 0.837087
841.000000 0.817408
842.000000 0.736615
843.000000 0.786782
844.000000 0.648544
845.000000 0.688854
846.000000 0.724807
847.000000 0.672282
848.000000 0.761697
849.000000 0.777468
850.000000 0.756015
851.000000 0.753191
852.000000 0.823088
853.000000 0.785145
854.000000 0.867495
855.000000 0.901045
856.000000 0.858591
857.000000 0.805385
858.000000 0.833911
859.000000 0.787656
860.000000 0.802918
861.000000 0.818133
862.000000 0.707881
863.000000 0.686976
864.000000 0.594170
865.000000 0.729514
866.000000 0.750076
867.000000 0.801068
868.000000 0.827386
869.000000 0.857096
870.000000 0.900310
871.000000 0.894787
872.000000 0.885825
873.000000 0.894059
874.000000 0.902868
875.000000 0.920034
876.000000 0.927676
877.000000 0.909938
878.000000 0.902593
879.000000 0.882098
880.000000 0.872809
881.000000 0.840134
882.000000 0.802388
883.000000 0.884535
884.000000 0.865125
885.000000 0.900231
886.000000 0.849766
887.000000 0.887278
888.000000 0.908806
889.000000 0.853453
890.000000 0.870460
891.000000 0.859715
892.000000 0.869873
893.000000 0.876082
894.000000 0.911434
895.000000 0.895395
896.000000 0.909861
897.000000 0.890130
898.000000 0.896949
899.000000 0.920717
900.000000 0.891980
901.000000 0.879725
902.000000 0.912116
903.000000 0.894344
904.000000 0.898772
905.000000 0.889885
906.000000 0.882169
907.000000 0.897681
908.000000 0.849738
909.000000 0.908145
910.000000 0.924301
911.000000 0.931774
912.000000 0.890495
913.000000 0.925432
914.000000 0.896706
915.000000 0.903133
916.000000 0.888290
917.000000 0.894076
918.000000 0.919360
919.000000 0.894065
920.000000 0.904026
921.000000 0.891109
922.000000 0.851607
923.000000 0.872637
924.000000 0.883463
925.000000 0.875731
926.000000 0.873985
927.000000 0.927428
928.000000 0.892547
929.000000 0.863183
930.000000 0.908974
931.000000 0.847066
932.000000 0.938403
933.000000 0.881196
934.000000 0.877282
935.000000 0.895894
936.000000 0.870982
937.000000 0.887284
938.000000 0.930304
939.000000 0.908887
940.000000 0.896984
941.000000 0.866208
942.000000 0.897818
943.000000 0.879851
944.000000 0.897988
945.000000 0.886148
946.000000 0.893456
947.000000 0.900425
948.000000 0.937804
949.000000 0.911335
950.000000 0.924994
951.000000 0.899894
952.000000 0.896102
953.000000 0.776647
954.000000 0.842110
955.000000 0.896282
956.000000 0.895241
957.000000 0.890818
958.000000 0.889340
959.000000 0.936222
960.000000 0.934509
961.000000 0.897369
962.000000 0.899461
963.000000 0.911646
964.000000 0.923962
965.000000 0.918301
966.000000 0.863773
967.000000 0.871292
968.000000 0.890628
969.000000 0.880521
970.000000 0.832245
971.000000 0.827955
972.000000 0.820232
973.000000 0.841995
974.000000 0.810480
975.000000 0.803156
976.000000 0.825726
977.000000 0.855286
978.000000 0.858914
979.000000 0.862258
980.000000 0.868709
981.000000 0.893526
982.000000 0.836531
983.000000 0.769701
984.000000 0.814369
985.000000 0.829812
986.000000 0.828343
987.000000 0.840902
988.000000 0.901131
989.000000 0.861696
990.000000 0.867250
991.000000 0.853927
992.000000 0.859616
993.000000 0.900564
994.000000 0.878242
995.000000 0.853749
996.000000 0.896892
997.000000 0.887430
998.000000 0.892707
999.000000 0.900305
1000.000000 0.907781
1001.000000 0.909733
1002.000000 0.920563
1003.000000 0.806391
1004.000000 0.818302
1005.000000 0.860588
1006.000000 0.847732
1007.000000 0.784377
1008.000000 0.849093
1009.000000 0.799592
1010.000000 0.782234
1011.000000 0.815417
1012.000000 0.790645
1013.000000 0.834191
1014.000000 0.791330
1015.000000 0.808569
1016.000000 0.790855
1017.000000 0.817376
1018.000000 0.806372
1019.000000 0.865791
1020.000000 0.882750
1021.000000 0.867874
1022.000000 0.901202
1023.000000 0.869442
1024.000000 0.867439
1025.000000 0.889895
1026.000000 0.945374
1027.000000 0.892545
1028.000000 0.840904
1029.000000 0.863172
1030.000000 0.887386
1031.000000 0.890689
1032.000000 0.912618
1033.000000 0.931355
1034.000000 0.916533
1035.000000 0.930076
1036.000000 0.851826
1037.000000 0.872353
1038.000000 0.876509
1039.000000 0.834376
1040.000000 0.931337
1041.000000 0.932532
1042.000000 0.906945
1043.000000 0.902185
1044.000000 0.958989
1045.000000 0.875999
1046.000000 0.940485
1047.000000 0.906963
1048.000000 0.851139
1049.000000 0.854713
1050.000000 0.907742
1051.000000 0.910246
1052.000000 0.916166
1053.000000 0.888305
1054.000000 0.861964
1055.000000 0.872607
1056.000000 0.910551
1057.000000 0.876036
1058.000000 0.906119
1059.000000 0.886076
1060.000000 0.900845
1061.000000 0.882710
1062.000000 0.883640
1063.000000 0.897163
1064.000000 0.901975
1065.000000 0.889279
1066.000000 0.872079
1067.000000 0.878171
1068.000000 0.893595
1069.000000 0.843601
1070.000000 0.906577
1071.000000 0.850468
1072.000000 0.819905
1073.000000 0.834332
1074.000000 0.865104
1075.000000 0.820413
1076.000000 0.856456
1077.000000 0.869319
1078.000000 0.820948
1079.000000 0.820727
1080.000000 0.830375
1081.000000 0.821036
1082.000000 0.810900
1083.000000 0.891991
1084.000000 0.829460
1085.000000 0.878127
1086.000000 0.922802
1087.000000 0.913102
1088.000000 0.927033
1089.000000 0.928920
1090.000000 0.852065
1091.000000 0.874621
1092.000000 0.899198
1093.000000 0.882965
1094.000000 0.913838
1095.000000 0.882881
1096.000000 0.888545
1097.000000 0.891509
1098.000000 0.868434
1099.000000 0.885222
1100.000000 0.860773
1101.000000 0.905897
1102.000000 0.921804
1103.000000 0.911990
1104.000000 0.924992
1105.000000 0.901203
1106.000000 0.875804
1107.000000 0.870574
1108.000000 0.880528
1109.000000 0.752497
1110.000000 0.897137
1111.000000 0.919195
1112.000000 0.896639
1113.000000 0.901823
1114.000000 0.880289
1115.000000 0.887915
1116.000000 0.919985
1117.000000 0.914427
1118.000000 0.878468
1119.000000 0.880595
1120.000000 0.950360
1121.000000 0.927767
1122.000000 0.885289
1123.000000 0.873544
1124.000000 0.888570
1125.000000 0.886868
1126.000000 0.902393
1127.000000 0.870759
1128.000000 0.867102
1129.000000 0.906132
1130.000000 0.892538
1131.000000 0.899924
1132.000000 0.899284
1133.000000 0.915561
1134.000000 0.905926
1135.000000 0.905684
1136.000000 0.886822
1137.000000 0.886177
1138.000000 0.875306
1139.000000 0.902212
1140.000000 0.923771
1141.000000 0.907714
1142.000000 0.925316
1143.000000 0.904319
1144.000000 0.917146
1145.000000 0.883300
1146.000000 0.906684
1147.000000 0.904485
1148.000000 0.850994
1149.000000 0.803983
1150.000000 0.891220
1151.000000 0.915762
1152.000000 0.893089
1153.000000 0.901918
1154.000000 0.888267
1155.000000 0.907835
1156.000000 0.904738
1157.000000 0.947176
1158.000000 0.860296
1159.000000 0.784246
1160.000000 0.835692
1161.000000 0.872328
1162.000000 0.872465
1163.000000 0.796489
1164.000000 0.842633
1165.000000 0.867783
1166.000000 0.847145
1167.000000 0.848114
1168.000000 0.877480
1169.000000 0.848553
1170.000000 0.861819
1171.000000 0.854827
1172.000000 0.900319
1173.000000 0.889481
1174.000000 0.901026
1175.000000 0.878039
1176.000000 0.888464
1177.000000 0.904372
1178.000000 0.874536
1179.000000 0.875203
1180.000000 0.877900
1181.000000 0.889969
1182.000000 0.881474
1183.000000 0.855073
1184.000000 0.835040
1185.000000 0.855017
1186.000000 0.879841
1187.000000 0.863771
1188.000000 0.939648
1189.000000 0.940112
1190.000000 0.906190
1191.000000 0.918648
1192.000000 0.865537
1193.000000 0.881336
1194.000000 0.881097
1195.000000 0.860853
1196.000000 0.892583
1197.000000 0.899275
1198.000000 0.886783
1199.000000 0.907585
1200.000000 0.869468
1201.000000 0.864789
1202.000000 0.890914
1203.000000 0.904470
1204.000000 0.912924
1205.000000 0.899927
1206.000000 0.878735
1207.000000 0.812998
1208.000000 0.782366
1209.000000 0.809817
1210.000000 0.852046
1211.000000 0.875616
1212.000000 0.852968
1213.000000 0.878943
1214.000000 0.858974
1215.000000 0.880751
1216.000000 0.888526
1217.000000 0.875447
1218.000000 0.823705
1219.000000 0.874539
1220.000000 0.913560
1221.000000 0.850063
1222.000000 0.837452
1223.000000 0.828949
1224.000000 0.901092
1225.000000 0.923535
1226.000000 0.886958
1227.000000 0.874178
1228.000000 0.859300
1229.000000 0.917364
1230.000000 0.944302
1231.000000 0.904919
1232.000000 0.881005
1233.000000 0.917428
1234.000000 0.930552
1235.000000 0.890512
1236.000000 0.902999
1237.000000 0.895530
1238.000000 0.912115
1239.000000 0.902689
1240.000000 0.890897
1241.000000 0.862016
1242.000000 0.896224
1243.000000 0.896136
1244.000000 0.904682
1245.000000 0.903735
1246.000000 0.892272
1247.000000 0.863822
1248.000000 0.896794
1249.000000 0.899971
1250.000000 0.846106
1251.000000 0.871497
1252.000000 0.809899
1253.000000 0.859394
1254.000000 0.867555
1255.000000 0.884807
1256.000000 0.902147
1257.000000 0.867081
1258.000000 0.835148
1259.000000 0.830120
1260.000000 0.888460
1261.000000 0.865742
1262.000000 0.868595
1263.000000 0.870559
1264.000000 0.891746
1265.000000 0.881750
1266.000000 0.907975
1267.000000 0.892701
1268.000000 0.899411
1269.000000 0.885303
1270.000000 0.921383
1271.000000 0.896836
1272.000000 0.915497
1273.000000 0.901836
1274.000000 0.936282
1275.000000 0.944782
1276.000000 0.907352
1277.000000 0.856286
1278.000000 0.902100
1279.000000 0.897322
1280.000000 0.903163
1281.000000 0.871442
1282.000000 0.903064
1283.000000 0.926857
1284.000000 0.864458
1285.000000 0.926233
1286.000000 0.922674
1287.000000 0.885847
1288.000000 0.870764
1289.000000 0.853913
1290.000000 0.916376
1291.000000 0.919588
1292.000000 0.885311
1293.000000 0.883034
1294.000000 0.847940
1295.000000 0.865313
1296.000000 0.850565
1297.000000 0.877654
1298.000000 0.877197
1299.000000 0.897278
1300.000000 0.913070
1301.000000 0.886502
1302.000000 0.907644
1303.000000 0.915092
1304.000000 0.886138
1305.000000 0.901653
1306.000000 0.911817
1307.000000 0.912927
1308.000000 0.892229
1309.000000 0.911482
1310.000000 0.892839
1311.000000 0.901259
1312.000000 0.923661
1313.000000 0.905114
1314.000000 0.890297
1315.000000 0.897667
1316.000000 0.905922
1317.000000 0.869487
1318.000000 0.870376
1319.000000 0.834894
1320.000000 0.850424
1321.000000 0.849299
1322.000000 0.785143
1323.000000 0.872862
1324.000000 0.844639
1325.000000 0.829929
1326.000000 0.847192
1327.000000 0.815005
1328.000000 0.826547
1329.000000 0.860395
1330.000000 0.825632
1331.000000 0.897334
1332.000000 0.886225
1333.000000 0.892174
1334.000000 0.870018
1335.000000 0.902955
1336.000000 0.850449
1337.000000 0.872955
1338.000000 0.896771
1339.000000 0.922999
1340.000000 0.859004
1341.000000 0.912916
1342.000000 0.857587
1343.000000 0.837308
1344.000000 0.907002
1345.000000 0.848394
1346.000000 0.870857
1347.000000 0.842074
1348.000000 0.843513
1349.000000 0.773618
1350.000000 0.815532
1351.000000 0.893461
1352.000000 0.883458
1353.000000 0.856865
1354.000000 0.835179
1355.000000 0.811774
1356.000000 0.843008
1357.000000 0.827792
1358.000000 0.811040
1359.000000 0.831233
1360.000000 0.808325
1361.000000 0.843449
1362.000000 0.808758
1363.000000 0.788715
1364.000000 0.856232
1365.000000 0.899984
1366.000000 0.889031
1367.000000 0.907490
1368.000000 0.880615
1369.000000 0.888795
1370.000000 0.840873
1371.000000 0.847707
1372.000000 0.882055
1373.000000 0.873819
1374.000000 0.894998
1375.000000 0.831319
1376.000000 0.826958
1377.000000 0.848230
1378.000000 0.854465
1379.000000 0.912564
1380.000000 0.891741
1381.000000 0.940012
1382.000000 0.882274
1383.000000 0.895865
1384.000000 0.862041
1385.000000 0.888941
1386.000000 0.894742
1387.000000 0.876765
1388.000000 0.872932
1389.000000 0.890887
1390.000000 0.887776
1391.000000 0.863508
1392.000000 0.886723
1393.000000 0.906922
1394.000000 0.908917
1395.000000 0.894474
1396.000000 0.894680
1397.000000 0.918416
1398.000000 0.916756
1399.000000 0.897410
1400.000000 0.883794
1401.000000 0.903586
1402.000000 0.903077
1403.000000 0.916418
1404.000000 0.900850
1405.000000 0.933403
1406.000000 0.889805
1407.000000 0.898865
1408.000000 0.925888
1409.000000 0.887702
1410.000000 0.908967
1411.000000 0.888301
1412.000000 0.916849
1413.000000 0.908677
1414.000000 0.931351
1415.000000 0.915793
1416.000000 0.930356
1417.000000 0.934476
1418.000000 0.938368
1419.000000 0.898927
1420.000000 0.920763
1421.000000 0.926708
1422.000000 0.898109
1423.000000 0.905239
1424.000000 0.899946
1425.000000 0.902777
1426.000000 0.917633
1427.000000 0.873563
1428.000000 0.915064
1429.000000 0.884501
1430.000000 0.930117
1431.000000 0.897785
1432.000000 0.897028
1433.000000 0.909247
1434.000000 0.898655
1435.000000 0.889349
1436.000000 0.904275
1437.000000 0.915226
1438.000000 0.893575
1439.000000 0.904444
1440.000000 0.919109
1441.000000 0.868088
1442.000000 0.915583
1443.000000 0.951719
1444.000000 0.913426
1445.000000 0.951593
1446.000000 0.845041
1447.000000 0.854006
1448.000000 0.887194
1449.000000 0.898874
1450.000000 0.887975
1451.000000 0.849219
1452.000000 0.871085
1453.000000 0.857575
1454.000000 0.816909
1455.000000 0.862169
1456.000000 0.898559
1457.000000 0.886161
1458.000000 0.841016
1459.000000 0.863458
1460.000000 0.856807
1461.000000 0.865504
1462.000000 0.888817
1463.000000 0.902761
1464.000000 0.871866
1465.000000 0.864107
1466.000000 0.864912
1467.000000 0.836170
1468.000000 0.888250
1469.000000 0.928306
1470.000000 0.864214
1471.000000 0.890826
1472.000000 0.912561
1473.000000 0.901876
1474.000000 0.888998
1475.000000 0.867175
1476.000000 0.892140
1477.000000 0.888431
1478.000000 0.919370
1479.000000 0.930396
1480.000000 0.907342
1481.000000 0.899378
1482.000000 0.865986
1483.000000 0.887049
1484.000000 0.858957
1485.000000 0.896101
1486.000000 0.891958
1487.000000 0.859286
1488.000000 0.907884
1489.000000 0.916985
1490.000000 0.909288
1491.000000 0.916458
1492.000000 0.879761
1493.000000 0.884500
1494.000000 0.887639
1495.000000 0.898639
1496.000000 0.873622
1497.000000 0.888629
1498.000000 0.904819
1499.000000 0.896259
1500.000000 0.904654
1501.000000 0.874723
1502.000000 0.835224
1503.000000 0.866914
1504.000000 0.890044
1505.000000 0.871909
1506.000000 0.833562
1507.000000 0.866040
1508.000000 0.871625
1509.000000 0.823750
1510.000000 0.855484
1511.000000 0.833892
1512.000000 0.836745
1513.000000 0.844696
1514.000000 0.882590
1515.000000 0.868599
1516.000000 0.907596
1517.000000 0.878434
1518.000000 0.882288
1519.000000 0.871898
1520.000000 0.913264
1521.000000 0.900976
1522.000000 0.896151
1523.000000 0.887059
1524.000000 0.895314
1525.000000 0.872165
1526.000000 0.882123
1527.000000 0.911253
1528.000000 0.870758
1529.000000 0.897265
1530.000000 0.919752
1531.000000 0.892760
1532.000000 0.894231
1533.000000 0.902040
1534.000000 0.853578
1535.000000 0.846763
1536.000000 0.809975
1537.000000 0.853419
1538.000000 0.846343
1539.000000 0.830593
1540.000000 0.813979
1541.000000 0.843966
1542.000000 0.900244
1543.000000 0.899571
1544.000000 0.849057
1545.000000 0.908007
1546.000000 0.926123
1547.000000 0.872764
1548.000000 0.917051
1549.000000 0.925364
1550.000000 0.904972
1551.000000 0.883393
1552.000000 0.855445
1553.000000 0.904165
1554.000000 0.855777
1555.000000 0.908166
1556.000000 0.855786
1557.000000 0.900206
1558.000000 0.868512
1559.000000 0.936143
1560.000000 0.885091
1561.000000 0.844314
1562.000000 0.859820
1563.000000 0.891804
1564.000000 0.933233
1565.000000 0.855159
1566.000000 0.907926
1567.000000 0.891861
1568.000000 0.898978
1569.000000 0.846816
1570.000000 0.907755
1571.000000 0.922320
1572.000000 0.849428
1573.000000 0.893363
1574.000000 0.879086
1575.000000 0.881912
1576.000000 0.898248
1577.000000 0.880884
1578.000000 0.888212
1579.000000 0.819699
1580.000000 0.878260
1581.000000 0.867258
1582.000000 0.919964
1583.000000 0.911058
1584.000000 0.905508
1585.000000 0.820571
1586.000000 0.840716
1587.000000 0.858763
1588.000000 0.931244
1589.000000 0.873769
1590.000000 0.819498
1591.000000 0.897058
1592.000000 0.881439
1593.000000 0.869675
1594.000000 0.910034
1595.000000 0.863096
1596.000000 0.851262
1597.000000 0.880775
1598.000000 0.877354
1599.000000 0.836152
1600.000000 0.759453
1601.000000 0.812896
1602.000000 0.823805
1603.000000 0.874242
1604.000000 0.894386
1605.000000 0.852959
1606.000000 0.861896
1607.000000 0.873409
1608.000000 0.865276
1609.000000 0.885557
1610.000000 0.899842
1611.000000 0.886023
1612.000000 0.863625
1613.000000 0.884744
1614.000000 0.879005
1615.000000 0.910825
1616.000000 0.918973
1617.000000 0.895699
1618.000000 0.931606
1619.000000 0.893246
1620.000000 0.868829
1621.000000 0.906354
1622.000000 0.892474
1623.000000 0.869447
1624.000000 0.852798
1625.000000 0.819816
1626.000000 0.869048
1627.000000 0.881987
1628.000000 0.870794
1629.000000 0.857954
1630.000000 0.889956
1631.000000 0.892346
1632.000000 0.873831
1633.000000 0.905300
1634.000000 0.939226
1635.000000 0.925383
1636.000000 0.945666
1637.000000 0.932416
1638.000000 0.878552
1639.000000 0.905662
1640.000000 0.923213
1641.000000 0.894882
1642.000000 0.911248
1643.000000 0.841048
1644.000000 0.929514
1645.000000 0.916310
1646.000000 0.897130
1647.000000 0.880231
1648.000000 0.911686
1649.000000 0.849206
1650.000000 0.882045
1651.000000 0.901298
1652.000000 0.878500
1653.000000 0.885465
1654.000000 0.920500
1655.000000 0.900370
1656.000000 0.887481
1657.000000 0.898732
1658.000000 0.925047
1659.000000 0.875578
1660.000000 0.922242
1661.000000 0.878858
1662.000000 0.942058
1663.000000 0.888628
1664.000000 0.904215
1665.000000 0.906281
1666.000000 0.922023
1667.000000 0.900092
1668.000000 0.907865
1669.000000 0.887679
1670.000000 0.910865
1671.000000 0.880932
1672.000000 0.903172
1673.000000 0.899874
1674.000000 0.900179
1675.000000 0.899890
1676.000000 0.865290
1677.000000 0.824162
1678.000000 0.839903
1679.000000 0.861395
1680.000000 0.849801
1681.000000 0.870245
1682.000000 0.908432
1683.000000 0.926886
1684.000000 0.917925
1685.000000 0.889508
1686.000000 0.883554
1687.000000 0.890677
1688.000000 0.900063
1689.000000 0.906182
1690.000000 0.883003
1691.000000 0.900885
1692.000000 0.865115
1693.000000 0.892434
1694.000000 0.861329
1695.000000 0.878132
1696.000000 0.913152
1697.000000 0.852184
1698.000000 0.852725
1699.000000 0.831507
1700.000000 0.822726
1701.000000 0.870219
1702.000000 0.894908
1703.000000 0.899495
1704.000000 0.890093
1705.000000 0.894625
1706.000000 0.928777
1707.000000 0.914042
1708.000000 0.893872
1709.000000 0.844976
1710.000000 0.911459
1711.000000 0.922669
1712.000000 0.881370
1713.000000 0.934411
1714.000000 0.927836
1715.000000 0.896337
1716.000000 0.916212
1717.000000 0.886200
1718.000000 0.918408
1719.000000 0.898973
1720.000000 0.887581
1721.000000 0.884125
1722.000000 0.861155
1723.000000 0.841279
1724.000000 0.844984
1725.000000 0.827713
1726.000000 0.879347
1727.000000 0.900979
1728.000000 0.873545
1729.000000 0.893919
1730.000000 0.913410
1731.000000 0.899474
1732.000000 0.914580
1733.000000 0.885123
1734.000000 0.904712
1735.000000 0.839453
1736.000000 0.881816
1737.000000 0.874648
1738.000000 0.863338
1739.000000 0.823887
1740.000000 0.895596
1741.000000 0.874178
1742.000000 0.860529
1743.000000 0.880170
1744.000000 0.864317
1745.000000 0.921705
1746.000000 0.878373
1747.000000 0.887033
1748.000000 0.880157
1749.000000 0.860582
1750.000000 0.873260
1751.000000 0.843381
1752.000000 0.827242
1753.000000 0.834308
1754.000000 0.873714
1755.000000 0.861993
1756.000000 0.807070
1757.000000 0.825620
1758.000000 0.882779
1759.000000 0.877562
1760.000000 0.883733
1761.000000 0.877834
1762.000000 0.869646
1763.000000 0.863821
1764.000000 0.849521
1765.000000 0.844849
1766.000000 0.865824
1767.000000 0.912297
1768.000000 0.903493
1769.000000 0.916486
1770.000000 0.878092
1771.000000 0.874426
1772.000000 0.870467
1773.000000 0.846154
1774.000000 0.880152
1775.000000 0.827791
1776.000000 0.760165
1777.000000 0.726476
1778.000000 0.656048
1779.000000 0.650330
1780.000000 0.647839
1781.000000 0.610587
1782.000000 0.786282
1783.000000 0.738366
1784.000000 0.697795
1785.000000 0.689557
1786.000000 0.700048
1787.000000 0.737211
1788.000000 0.736216
1789.000000 0.721222
1790.000000 0.752758
1791.000000 0.809391
1792.000000 0.814758
1793.000000 0.851722
1794.000000 0.862367
1795.000000 0.773401
1796.000000 0.742174
1797.000000 0.772444
1798.000000 0.855337
1799.000000 0.829134
1800.000000 0.879775
1801.000000 0.881499
1802.000000 0.881278
1803.000000 0.888653
1804.000000 0.915808
1805.000000 0.878361
1806.000000 0.900215
1807.000000 0.921212
1808.000000 0.932381
1809.000000 0.907879
1810.000000 0.852557
1811.000000 0.842595
1812.000000 0.865577
1813.000000 0.919773
1814.000000 0.922451
1815.000000 0.932948
1816.000000 0.914592
1817.000000 0.831337
1818.000000 0.832601
1819.000000 0.814971
1820.000000 0.825596
1821.000000 0.852003
1822.000000 0.824532
1823.000000 0.816161
1824.000000 0.826927
1825.000000 0.795618
1826.000000 0.815932
1827.000000 0.859751
1828.000000 0.839643
1829.000000 0.791889
1830.000000 0.837694
1831.000000 0.849884
1832.000000 0.873592
1833.000000 0.887162
1834.000000 0.885424
1835.000000 0.903740
1836.000000 0.870339
1837.000000 0.922352
1838.000000 0.916001
1839.000000 0.885074
1840.000000 0.844899
1841.000000 0.812743
1842.000000 0.812285
1843.000000 0.798165
1844.000000 0.738224
1845.000000 0.739241
1846.000000 0.797322
1847.000000 0.787708
1848.000000 0.824849
1849.000000 0.824005
1850.000000 0.801764
1851.000000 0.813057
1852.000000 0.797559
1853.000000 0.808712
1854.000000 0.807398
1855.000000 0.830325
1856.000000 0.768827
1857.000000 0.790753
1858.000000 0.851614
1859.000000 0.854653
1860.000000 0.855124
1861.000000 0.890382
1862.000000 0.918911
1863.000000 0.909719
1864.000000 0.895205
1865.000000 0.891743
1866.000000 0.893468
1867.000000 0.829937
1868.000000 0.842943
1869.000000 0.834386
1870.000000 0.863186
1871.000000 0.836367
1872.000000 0.854922
1873.000000 0.880012
1874.000000 0.891998
1875.000000 0.913345
1876.000000 0.881702
1877.000000 0.867097
1878.000000 0.847172
1879.000000 0.846013
1880.000000 0.849504
1881.000000 0.915284
1882.000000 0.872558
1883.000000 0.924493
1884.000000 0.928830
1885.000000 0.914903
1886.000000 0.932308
1887.000000 0.892268
1888.000000 0.873996
1889.000000 0.916323
1890.000000 0.865831
1891.000000 0.849401
1892.000000 0.918936
1893.000000 0.908278
1894.000000 0.889801
1895.000000 0.878009
1896.000000 0.907124
1897.000000 0.881758
1898.000000 0.866530
1899.000000 0.906142
1900.000000 0.917280
1901.000000 0.910265
1902.000000 0.909924
1903.000000 0.903564
1904.000000 0.896876
1905.000000 0.915039
1906.000000 0.901575
1907.000000 0.887595
1908.000000 0.896011
1909.000000 0.877759
1910.000000 0.883490
1911.000000 0.877604
1912.000000 0.868050
1913.000000 0.837079
1914.000000 0.802958
1915.000000 0.800017
1916.000000 0.747818
1917.000000 0.761069
1918.000000 0.814890
1919.000000 0.805103
1920.000000 0.795253
1921.000000 0.803170
1922.000000 0.803690
1923.000000 0.792072
1924.000000 0.799833
1925.000000 0.717330
1926.000000 0.672722
1927.000000 0.627766
1928.000000 0.673398
1929.000000 0.762575
1930.000000 0.692805
1931.000000 0.737736
1932.000000 0.741971
1933.000000 0.764364
1934.000000 0.853314
1935.000000 0.835332
1936.000000 0.876762
1937.000000 0.881650
1938.000000 0.864813
1939.000000 0.840360
1940.000000 0.882005
1941.000000 0.888062
1942.000000 0.871750
1943.000000 0.903406
1944.000000 0.892259
1945.000000 0.942255
1946.000000 0.862464
1947.000000 0.875069
1948.000000 0.814336
1949.000000 0.918076
1950.000000 0.870116
1951.000000 0.899611
1952.000000 0.906935
1953.000000 0.852984
1954.000000 0.912851
1955.000000 0.932333
1956.000000 0.886907
1957.000000 0.933134
1958.000000 0.859689
1959.000000 0.886241
1960.000000 0.898947
1961.000000 0.917333
1962.000000 0.912131
1963.000000 0.893404
1964.000000 0.899454
1965.000000 0.910006
1966.000000 0.913261
1967.000000 0.900795
1968.000000 0.894990
1969.000000 0.914800
1970.000000 0.931763
1971.000000 0.882177
1972.000000 0.893608
1973.000000 0.922615
1974.000000 0.906680
1975.000000 0.856867
1976.000000 0.903235
1977.000000 0.877660
1978.000000 0.906215
1979.000000 0.942535
1980.000000 0.888274
1981.000000 0.881622
1982.000000 0.905594
1983.000000 0.866136
1984.000000 0.866900
1985.000000 0.887649
1986.000000 0.916968
1987.000000 0.917504
1988.000000 0.889094
1989.000000 0.895678
1990.000000 0.942453
1991.000000 0.961641
1992.000000 0.909612
1993.000000 0.876467
1994.000000 0.890749
1995.000000 0.885177
1996.000000 0.863525
1997.000000 0.854913
1998.000000 0.878316
1999.000000 0.889573
2000.000000 0.876566
2001.000000 0.879663
2002.000000 0.888015
2003.000000 0.913449
2004.000000 0.895128
2005.000000 0.879619
2006.000000 0.895461
2007.000000 0.912581
2008.000000 0.919083
2009.000000 0.877744
2010.000000 0.891690
2011.000000 0.923861
2012.000000 0.916175
2013.000000 0.899572
2014.000000 0.879979
2015.000000 0.902497
2016.000000 0.895979
2017.000000 0.879746
2018.000000 0.906073
2019.000000 0.892851
2020.000000 0.926779
2021.000000 0.929856
2022.000000 0.884994
2023.000000 0.901202
2024.000000 0.854843
2025.000000 0.828950
2026.000000 0.849419
2027.000000 0.878177
2028.000000 0.838309
2029.000000 0.845201
2030.000000 0.840214
2031.000000 0.816275
2032.000000 0.892210
2033.000000 0.918099
2034.000000 0.911070
2035.000000 0.912212
2036.000000 0.888269
2037.000000 0.867819
2038.000000 0.913244
2039.000000 0.848381
2040.000000 0.773201
2041.000000 0.817523
2042.000000 0.841715
2043.000000 0.813919
2044.000000 0.810826
2045.000000 0.819194
2046.000000 0.892910
2047.000000 0.845652
2048.000000 0.894310
2049.000000 0.873375
2050.000000 0.875754
2051.000000 0.846557
2052.000000 0.789516
2053.000000 0.867361
2054.000000 0.897369
2055.000000 0.871052
2056.000000 0.842111
2057.000000 0.843633
2058.000000 0.809768
2059.000000 0.853469
2060.000000 0.836345
2061.000000 0.832214
2062.000000 0.835450
2063.000000 0.806714
2064.000000 0.747566
2065.000000 0.709526
2066.000000 0.794504
2067.000000 0.840799
2068.000000 0.836711
2069.000000 0.891415
2070.000000 0.823002
2071.000000 0.764440
2072.000000 0.794859
2073.000000 0.832244
2074.000000 0.774220
2075.000000 0.826337
2076.000000 0.780268
2077.000000 0.873971
2078.000000 0.885530
2079.000000 0.889031
2080.000000 0.858394
2081.000000 0.839859
2082.000000 0.856654
2083.000000 0.904985
2084.000000 0.928553
2085.000000 0.883477
2086.000000 0.862209
2087.000000 0.900817
2088.000000 0.874261
2089.000000 0.867351
2090.000000 0.810484
2091.000000 0.823406
2092.000000 0.830193
2093.000000 0.861424
2094.000000 0.853315
2095.000000 0.831803
2096.000000 0.897722
2097.000000 0.873173
2098.000000 0.890929
2099.000000 0.870420
2100.000000 0.871365
2101.000000 0.855103
2102.000000 0.892773
2103.000000 0.923942
2104.000000 0.891664
2105.000000 0.908357
2106.000000 0.899895
2107.000000 0.900901
2108.000000 0.912714
2109.000000 0.883111
2110.000000 0.871725
2111.000000 0.823087
2112.000000 0.830894
2113.000000 0.862469
2114.000000 0.886817
2115.000000 0.877814
2116.000000 0.893505
2117.000000 0.882233
2118.000000 0.898485
2119.000000 0.911647
2120.000000 0.890077
2121.000000 0.895721
2122.000000 0.920515
2123.000000 0.936021
2124.000000 0.870644
2125.000000 0.894066
2126.000000 0.853394
2127.000000 0.897008
2128.000000 0.866247
2129.000000 0.893316
2130.000000 0.864540
2131.000000 0.858434
2132.000000 0.887631
2133.000000 0.855241
2134.000000 0.860383
2135.000000 0.859869
2136.000000 0.893592
2137.000000 0.789655
2138.000000 0.822624
2139.000000 0.805870
2140.000000 0.765988
2141.000000 0.714432
2142.000000 0.746893
2143.000000 0.710800
2144.000000 0.719778
2145.000000 0.778527
2146.000000 0.756030
2147.000000 0.832334
2148.000000 0.814150
2149.000000 0.889548
2150.000000 0.853418
2151.000000 0.887265
2152.000000 0.910464
2153.000000 0.888848
2154.000000 0.923604
2155.000000 0.864786
2156.000000 0.895392
2157.000000 0.888805
2158.000000 0.928968
2159.000000 0.888788
2160.000000 0.912000
2161.000000 0.940954
2162.000000 0.923133
2163.000000 0.928593
2164.000000 0.940642
2165.000000 0.912794
2166.000000 0.874399
2167.000000 0.873127
2168.000000 0.926166
2169.000000 0.902264
2170.000000 0.872179
2171.000000 0.861098
2172.000000 0.877201
2173.000000 0.896495
2174.000000 0.886900
2175.000000 0.872767
2176.000000 0.939588
2177.000000 0.904080
2178.000000 0.881452
2179.000000 0.883835
2180.000000 0.904374
2181.000000 0.874291
2182.000000 0.849732
2183.000000 0.825843
2184.000000 0.807525
2185.000000 0.907588
2186.000000 0.859520
2187.000000 0.867211
2188.000000 0.866833
2189.000000 0.869035
2190.000000 0.916191
2191.000000 0.899426
2192.000000 0.902594
2193.000000 0.922850
2194.000000 0.887735
2195.000000 0.912393
2196.000000 0.891279
2197.000000 0.925917
2198.000000 0.871249
2199.000000 0.863234
2200.000000 0.825067
2201.000000 0.782304
2202.000000 0.821562
2203.000000 0.886813
2204.000000 0.854023
2205.000000 0.840220
2206.000000 0.818716
2207.000000 0.824958
2208.000000 0.766610
2209.000000 0.787421
2210.000000 0.829375
2211.000000 0.720490
2212.000000 0.703547
2213.000000 0.740040
2214.000000 0.737142
2215.000000 0.777684
2216.000000 0.783026
2217.000000 0.759685
2218.000000 0.792931
2219.000000 0.809770
2220.000000 0.816567
2221.000000 0.784436
2222.000000 0.783803
2223.000000 0.836566
2224.000000 0.833377
2225.000000 0.867793
2226.000000 0.880335
2227.000000 0.886743
2228.000000 0.925790
2229.000000 0.914814
2230.000000 0.905033
2231.000000 0.893943
2232.000000 0.867741
2233.000000 0.863076
2234.000000 0.894316
2235.000000 0.887667
2236.000000 0.893094
2237.000000 0.884332
2238.000000 0.854934
2239.000000 0.917269
2240.000000 0.948084
2241.000000 0.900986
2242.000000 0.860006
2243.000000 0.889709
2244.000000 0.884579
2245.000000 0.899367
2246.000000 0.886635
2247.000000 0.907495
2248.000000 0.864746
2249.000000 0.889422
2250.000000 0.897199
2251.000000 0.867361
2252.000000 0.893937
2253.000000 0.865370
2254.000000 0.895090
2255.000000 0.925719
2256.000000 0.905966
2257.000000 0.891457
2258.000000 0.900549
2259.000000 0.908452
2260.000000 0.918234
2261.000000 0.919162
2262.000000 0.899334
2263.000000 0.911807
2264.000000 0.895795
2265.000000 0.923936
2266.000000 0.918728
2267.000000 0.909314
2268.000000 0.884226
2269.000000 0.888145
2270.000000 0.897059
2271.000000 0.833825
2272.000000 0.869334
2273.000000 0.891103
2274.000000 0.864184
2275.000000 0.914905
2276.000000 0.855519
2277.000000 0.832487
2278.000000 0.864741
2279.000000 0.898267
2280.000000 0.849724
2281.000000 0.889762
2282.000000 0.889298
2283.000000 0.869967
2284.000000 0.863328
2285.000000 0.847192
2286.000000 0.813019
2287.000000 0.826928
2288.000000 0.806906
2289.000000 0.847802
2290.000000 0.826053
2291.000000 0.803214
2292.000000 0.801505
2293.000000 0.812854
2294.000000 0.687783
2295.000000 0.686330
2296.000000 0.680061
2297.000000 0.664711
2298.000000 0.632977
2299.000000 0.689959
2300.000000 0.735618
2301.000000 0.721988
2302.000000 0.763120
2303.000000 0.817694
2304.000000 0.782396
2305.000000 0.788212
2306.000000 0.829475
2307.000000 0.838599
2308.000000 0.863130
2309.000000 0.882220
2310.000000 0.930210
2311.000000 0.920683
2312.000000 0.822579
2313.000000 0.876009
2314.000000 0.874950
2315.000000 0.894795
2316.000000 0.917352
2317.000000 0.921778
2318.000000 0.906565
2319.000000 0.860137
2320.000000 0.838702
2321.000000 0.854550
2322.000000 0.874321
2323.000000 0.883547
2324.000000 0.854764
2325.000000 0.876806
2326.000000 0.877704
2327.000000 0.880577
2328.000000 0.884620
2329.000000 0.853319
2330.000000 0.830257
2331.000000 0.851232
2332.000000 0.867169
2333.000000 0.714432
2334.000000 0.685309
2335.000000 0.693229
2336.000000 0.682638
2337.000000 0.742508
2338.000000 0.742149
2339.000000 0.756030
2340.000000 0.804369
2341.000000 0.852998
2342.000000 0.839656
2343.000000 0.812758
2344.000000 0.843164
2345.000000 0.892891
2346.000000 0.943284
2347.000000 0.895958
2348.000000 0.931641
2349.000000 0.897506
2350.000000 0.825405
2351.000000 0.885940
2352.000000 0.876264
2353.000000 0.895575
2354.000000 0.811327
2355.000000 0.869508
2356.000000 0.894021
2357.000000 0.887666
2358.000000 0.866138
2359.000000 0.863491
2360.000000 0.835697
2361.000000 0.830753
2362.000000 0.858369
2363.000000 0.892146
2364.000000 0.800841
2365.000000 0.818411
2366.000000 0.794449
2367.000000 0.803320
2368.000000 0.823160
2369.000000 0.842629
2370.000000 0.776472
2371.000000 0.850730
2372.000000 0.836062
2373.000000 0.832161
2374.000000 0.896077
2375.000000 0.925538
2376.000000 0.862194
2377.000000 0.919052
2378.000000 0.911530
2379.000000 0.922083
2380.000000 0.899222
2381.000000 0.887627
2382.000000 0.899942
2383.000000 0.893163
2384.000000 0.884410
2385.000000 0.918891
2386.000000 0.889473
2387.000000 0.932783
2388.000000 0.903832
2389.000000 0.889678
2390.000000 0.907289
2391.000000 0.896162
2392.000000 0.899544
2393.000000 0.869407
2394.000000 0.886315
2395.000000 0.895752
2396.000000 0.918317
2397.000000 0.893784
2398.000000 0.922427
2399.000000 0.883898
2400.000000 0.900801
2401.000000 0.908618
2402.000000 0.917185
2403.000000 0.879175
2404.000000 0.857909
2405.000000 0.896909
2406.000000 0.869754
2407.000000 0.888523
2408.000000 0.864861
2409.000000 0.924756
2410.000000 0.875707
2411.000000 0.916468
2412.000000 0.878551
2413.000000 0.831139
2414.000000 0.908504
2415.000000 0.875528
2416.000000 0.907730
2417.000000 0.895720
2418.000000 0.898229
2419.000000 0.900838
2420.000000 0.908045
2421.000000 0.941775
2422.000000 0.892053
2423.000000 0.910094
2424.000000 0.876361
2425.000000 0.881196
2426.000000 0.916028
2427.000000 0.929397
2428.000000 0.921774
2429.000000 0.904836
2430.000000 0.904397
2431.000000 0.911445
2432.000000 0.907128
2433.000000 0.909389
2434.000000 0.865108
2435.000000 0.880848
2436.000000 0.886637
2437.000000 0.945132
2438.000000 0.872428
2439.000000 0.916515
2440.000000 0.767560
2441.000000 0.801478
2442.000000 0.866833
2443.000000 0.857915
2444.000000 0.818334
2445.000000 0.814598
2446.000000 0.861477
2447.000000 0.837455
2448.000000 0.905685
2449.000000 0.888610
2450.000000 0.879601
2451.000000 0.906696
2452.000000 0.878005
2453.000000 0.923784
2454.000000 0.892535
2455.000000 0.919368
2456.000000 0.889290
2457.000000 0.875029
2458.000000 0.905206
2459.000000 0.873057
2460.000000 0.885301
2461.000000 0.899515
2462.000000 0.853204
2463.000000 0.900650
2464.000000 0.832811
2465.000000 0.891457
2466.000000 0.829420
2467.000000 0.845521
2468.000000 0.863725
2469.000000 0.921795
2470.000000 0.924902
2471.000000 0.897463
2472.000000 0.911573
2473.000000 0.921237
2474.000000 0.903746
2475.000000 0.837415
2476.000000 0.903249
2477.000000 0.892102
2478.000000 0.900816
2479.000000 0.895147
2480.000000 0.883595
2481.000000 0.948568
2482.000000 0.918128
2483.000000 0.904459
2484.000000 0.911776
2485.000000 0.884002
2486.000000 0.921004
2487.000000 0.914692
2488.000000 0.910259
2489.000000 0.862093
2490.000000 0.893599
2491.000000 0.891681
2492.000000 0.893662
2493.000000 0.867383
2494.000000 0.921120
2495.000000 0.920927
2496.000000 0.926828
2497.000000 0.856367
2498.000000 0.848081
2499.000000 0.930328
2500.000000 0.916985
2501.000000 0.888478
2502.000000 0.913580
2503.000000 0.905402
2504.000000 0.941063
2505.000000 0.920171
2506.000000 0.897974
2507.000000 0.909259
2508.000000 0.925290
2509.000000 0.891238
2510.000000 0.938593
2511.000000 0.899911
2512.000000 0.903568
2513.000000 0.866478
2514.000000 0.928247
2515.000000 0.878679
2516.000000 0.953234
2517.000000 0.908735
2518.000000 0.909966
2519.000000 0.892724
2520.000000 0.939968
2521.000000 0.893597
2522.000000 0.898829
2523.000000 0.915390
2524.000000 0.895149
2525.000000 0.944280
2526.000000 0.924339
2527.000000 0.913860
2528.000000 0.898282
2529.000000 0.876561
2530.000000 0.884308
2531.000000 0.917682
2532.000000 0.890433
2533.000000 0.895469
2534.000000 0.945191
2535.000000 0.895285
2536.000000 0.887945
2537.000000 0.884756
2538.000000 0.909230
2539.000000 0.858074
2540.000000 0.928659
2541.000000 0.935897
2542.000000 0.900327
2543.000000 0.910299
2544.000000 0.893139
2545.000000 0.861657
2546.000000 0.854789
2547.000000 0.893971
2548.000000 0.898850
2549.000000 0.885939
2550.000000 0.914453
2551.000000 0.859416
2552.000000 0.896584
2553.000000 0.894092
2554.000000 0.884944
2555.000000 0.924486
2556.000000 0.896179
2557.000000 0.898271
2558.000000 0.833110
2559.000000 0.759191
2560.000000 0.837285
2561.000000 0.897535
2562.000000 0.857501
2563.000000 0.848571
2564.000000 0.924403
2565.000000 0.891210
2566.000000 0.870879
2567.000000 0.916407
2568.000000 0.932329
2569.000000 0.918328
2570.000000 0.893822
2571.000000 0.882996
2572.000000 0.907679
2573.000000 0.915826
2574.000000 0.871460
2575.000000 0.814094
2576.000000 0.864362
2577.000000 0.862317
2578.000000 0.878853
2579.000000 0.801210
2580.000000 0.835349
2581.000000 0.842301
2582.000000 0.845166
2583.000000 0.827053
2584.000000 0.858498
2585.000000 0.872999
2586.000000 0.902794
2587.000000 0.870144
2588.000000 0.869531
2589.000000 0.880329
2590.000000 0.885152
2591.000000 0.909869
2592.000000 0.893035
2593.000000 0.863834
2594.000000 0.907225
2595.000000 0.910238
2596.000000 0.892124
2597.000000 0.882786
2598.000000 0.851994
2599.000000 0.864244
2600.000000 0.862562
2601.000000 0.906710
2602.000000 0.874207
2603.000000 0.931432
2604.000000 0.905690
2605.000000 0.884421
2606.000000 0.925059
2607.000000 0.909226
2608.000000 0.897193
2609.000000 0.918291
2610.000000 0.907012
2611.000000 0.912932
2612.000000 0.901796
2613.000000 0.885376
2614.000000 0.910544
2615.000000 0.934779
2616.000000 0.877783
2617.000000 0.850644
2618.000000 0.902708
2619.000000 0.890190
2620.000000 0.863617
2621.000000 0.937648
2622.000000 0.903115
2623.000000 0.910879
2624.000000 0.896658
2625.000000 0.904255
2626.000000 0.902716
2627.000000 0.874091
2628.000000 0.908186
2629.000000 0.946735
2630.000000 0.868758
2631.000000 0.895734
2632.000000 0.861639
2633.000000 0.891978
2634.000000 0.911638
2635.000000 0.858468
2636.000000 0.894913
2637.000000 0.853757
2638.000000 0.850183
2639.000000 0.877948
2640.000000 0.910407
2641.000000 0.898605
2642.000000 0.882437
2643.000000 0.879798
2644.000000 0.869744
2645.000000 0.868193
2646.000000 0.847174
2647.000000 0.859738
2648.000000 0.896542
2649.000000 0.853938
2650.000000 0.894057
2651.000000 0.902430
2652.000000 0.845543
2653.000000 0.876186
2654.000000 0.875303
2655.000000 0.891143
2656.000000 0.838269
2657.000000 0.838190
2658.000000 0.838625
2659.000000 0.809291
2660.000000 0.869853
2661.000000 0.862276
2662.000000 0.868302
2663.000000 0.905588
2664.000000 0.905743
2665.000000 0.863771
2666.000000 0.925597
2667.000000 0.894993
2668.000000 0.935616
2669.000000 0.926452
2670.000000 0.860191
2671.000000 0.860173
2672.000000 0.905037
2673.000000 0.914256
2674.000000 0.837910
2675.000000 0.907695
2676.000000 0.939608
2677.000000 0.880031
2678.000000 0.892122
2679.000000 0.908055
2680.000000 0.918951
2681.000000 0.945095
2682.000000 0.921082
2683.000000 0.885838
2684.000000 0.893535
2685.000000 0.898641
2686.000000 0.912884
2687.000000 0.900341
2688.000000 0.850574
2689.000000 0.863288
2690.000000 0.910257
2691.000000 0.860653
2692.000000 0.881479
2693.000000 0.902638
2694.000000 0.900270
2695.000000 0.907316
2696.000000 0.894927
2697.000000 0.883686
2698.000000 0.913035
2699.000000 0.922838
2700.000000 0.915283
2701.000000 0.881446
2702.000000 0.858007
2703.000000 0.873521
2704.000000 0.900081
2705.000000 0.866332
2706.000000 0.882248
2707.000000 0.886872
2708.000000 0.900354
2709.000000 0.877975
2710.000000 0.866489
2711.000000 0.848838
2712.000000 0.806358
2713.000000 0.830748
2714.000000 0.858216
2715.000000 0.866980
2716.000000 0.899030
2717.000000 0.932284
2718.000000 0.927000
2719.000000 0.892316
2720.000000 0.902333
2721.000000 0.885647
2722.000000 0.901206
2723.000000 0.850198
2724.000000 0.860960
2725.000000 0.882827
2726.000000 0.880438
2727.000000 0.889455
2728.000000 0.903752
2729.000000 0.909224
2730.000000 0.904228
2731.000000 0.929611
2732.000000 0.869383
2733.000000 0.895255
2734.000000 0.895011
2735.000000 0.877910
2736.000000 0.855792
2737.000000 0.908212
2738.000000 0.832665
2739.000000 0.864657
2740.000000 0.873825
2741.000000 0.854434
2742.000000 0.858174
2743.000000 0.856639
2744.000000 0.909444
2745.000000 0.887062
2746.000000 0.881439
2747.000000 0.908331
2748.000000 0.905077
2749.000000 0.915073
2750.000000 0.874016
2751.000000 0.857035
2752.000000 0.937167
2753.000000 0.912191
2754.000000 0.921523
2755.000000 0.907609
2756.000000 0.896829
2757.000000 0.862348
2758.000000 0.885136
2759.000000 0.828837
2760.000000 0.875074
2761.000000 0.834838
2762.000000 0.815946
2763.000000 0.875238
2764.000000 0.832820
2765.000000 0.793148
2766.000000 0.765712
2767.000000 0.868774
2768.000000 0.839228
2769.000000 0.891455
2770.000000 0.912697
2771.000000 0.860815
2772.000000 0.806790
2773.000000 0.833170
2774.000000 0.846795
2775.000000 0.865263
2776.000000 0.826790
2777.000000 0.810791
2778.000000 0.833271
2779.000000 0.852148
2780.000000 0.846277
2781.000000 0.807089
2782.000000 0.756275
2783.000000 0.755974
2784.000000 0.784445
2785.000000 0.802943
2786.000000 0.889278
2787.000000 0.826189
2788.000000 0.876006
2789.000000 0.814873
2790.000000 0.830298
2791.000000 0.851523
2792.000000 0.810721
2793.000000 0.787311
2794.000000 0.861695
2795.000000 0.912302
2796.000000 0.869821
2797.000000 0.898493
2798.000000 0.872108
2799.000000 0.875395
2800.000000 0.911271
2801.000000 0.918770
2802.000000 0.892989
2803.000000 0.898532
2804.000000 0.903049
2805.000000 0.895099
2806.000000 0.868302
2807.000000 0.832440
2808.000000 0.850731
2809.000000 0.899190
2810.000000 0.836425
2811.000000 0.905244
2812.000000 0.863549
2813.000000 0.871056
2814.000000 0.870303
2815.000000 0.908097
2816.000000 0.917069
2817.000000 0.867185
2818.000000 0.924289
2819.000000 0.907186
2820.000000 0.913007
2821.000000 0.925934
2822.000000 0.928563
2823.000000 0.886211
2824.000000 0.890658
2825.000000 0.864061
2826.000000 0.877323
2827.000000 0.862820
2828.000000 0.905548
2829.000000 0.891995
2830.000000 0.883141
2831.000000 0.846689
2832.000000 0.852371
2833.000000 0.904846
2834.000000 0.885841
2835.000000 0.850010
2836.000000 0.905046
2837.000000 0.850497
2838.000000 0.892765
2839.000000 0.900301
2840.000000 0.918570
2841.000000 0.863010
2842.000000 0.904822
2843.000000 0.920195
2844.000000 0.880365
2845.000000 0.894535
2846.000000 0.893275
2847.000000 0.918070
2848.000000 0.923048
2849.000000 0.892946
2850.000000 0.926319
2851.000000 0.886888
2852.000000 0.931908
2853.000000 0.910524
2854.000000 0.893089
2855.000000 0.932953
2856.000000 0.891817
2857.000000 0.897334
2858.000000 0.874671
2859.000000 0.871053
2860.000000 0.927323
2861.000000 0.933793
2862.000000 0.916436
2863.000000 0.895313
2864.000000 0.905680
2865.000000 0.913414
2866.000000 0.907689
2867.000000 0.907488
2868.000000 0.902665
2869.000000 0.882655
2870.000000 0.867721
2871.000000 0.888328
2872.000000 0.909452
2873.000000 0.932807
2874.000000 0.913703
2875.000000 0.932476
2876.000000 0.923038
2877.000000 0.863212
2878.000000 0.923422
2879.000000 0.850981
2880.000000 0.894006
2881.000000 0.884845
2882.000000 0.891210
2883.000000 0.878255
2884.000000 0.906040
2885.000000 0.891664
2886.000000 0.908913
2887.000000 0.900600
2888.000000 0.878640
2889.000000 0.847053
2890.000000 0.868792
2891.000000 0.892672
2892.000000 0.923660
2893.000000 0.894233
2894.000000 0.918358
2895.000000 0.836854
2896.000000 0.796711
2897.000000 0.851543
2898.000000 0.848404
2899.000000 0.824263
2900.000000 0.866308
2901.000000 0.849933
2902.000000 0.869078
2903.000000 0.926109
2904.000000 0.887769
2905.000000 0.881520
2906.000000 0.861570
2907.000000 0.847301
2908.000000 0.859035
2909.000000 0.864828
2910.000000 0.867769
2911.000000 0.865500
2912.000000 0.866819
2913.000000 0.893340
2914.000000 0.887925
2915.000000 0.903541
2916.000000 0.879589
2917.000000 0.867318
2918.000000 0.842703
2919.000000 0.867262
2920.000000 0.843053
2921.000000 0.809692
2922.000000 0.763006
2923.000000 0.862338
2924.000000 0.844539
2925.000000 0.879205
2926.000000 0.890354
2927.000000 0.924150
2928.000000 0.919523
2929.000000 0.913757
2930.000000 0.919541
2931.000000 0.869862
2932.000000 0.878627
2933.000000 0.899144
2934.000000 0.881470
2935.000000 0.865267
2936.000000 0.848642
2937.000000 0.830422
2938.000000 0.839327
2939.000000 0.884189
2940.000000 0.856132
2941.000000 0.889243
2942.000000 0.859805
2943.000000 0.868784
2944.000000 0.863026
2945.000000 0.845311
2946.000000 0.848150
2947.000000 0.845866
2948.000000 0.861221
2949.000000 0.905540
2950.000000 0.902535
2951.000000 0.891277
2952.000000 0.893913
2953.000000 0.895306
2954.000000 0.874987
2955.000000 0.847369
2956.000000 0.901010
2957.000000 0.880685
2958.000000 0.929706
2959.000000 0.934259
2960.000000 0.895377
2961.000000 0.905823
2962.000000 0.905238
2963.000000 0.858572
2964.000000 0.889453
2965.000000 0.892951
2966.000000 0.883003
2967.000000 0.891710
2968.000000 0.942329
2969.000000 0.896449
2970.000000 0.912373
2971.000000 0.893030
2972.000000 0.903977
2973.000000 0.873311
2974.000000 0.882015
2975.000000 0.879479
2976.000000 0.833172
2977.000000 0.855491
2978.000000 0.893943
2979.000000 0.887964
2980.000000 0.795301
2981.000000 0.796355
2982.000000 0.806387
2983.000000 0.773279
2984.000000 0.749818
2985.000000 0.748212
2986.000000 0.798068
2987.000000 0.760508
2988.000000 0.804476
2989.000000 0.833911
2990.000000 0.888592
2991.000000 0.847141
2992.000000 0.882173
2993.000000 0.799743
2994.000000 0.777723
2995.000000 0.798558
2996.000000 0.776810
2997.000000 0.701283
2998.000000 0.746175
2999.000000 0.696697
3000.000000 0.752693
