10.000000 0.228182
20.000000 0.206650
30.000000 0.198946
40.000000 0.270509
50.000000 0.121403
60.000000 0.313397
70.000000 0.077241
80.000000 0.296951
90.000000 0.157682
100.000000 0.218971
110.000000 0.137356
120.000000 0.146968
130.000000 0.117782
140.000000 0.222349
150.000000 0.179718
160.000000 0.132783
170.000000 0.095608
180.000000 0.167990
190.000000 0.099648
200.000000 0.319038
210.000000 0.135451
220.000000 0.136759
230.000000 0.193893
240.000000 0.257263
250.000000 0.146155
260.000000 0.259372
270.000000 0.179232
280.000000 0.233377
290.000000 0.160783
300.000000 0.325155
310.000000 0.132151
320.000000 0.106794
330.000000 0.232141
340.000000 0.087641
350.000000 0.261134
360.000000 0.072266
370.000000 0.303137
380.000000 0.388896
390.000000 0.322697
400.000000 0.236546
410.000000 0.157993
420.000000 0.156649
430.000000 0.109938
440.000000 0.104519
450.000000 0.241730
460.000000 0.145246
470.000000 0.202555
480.000000 0.215378
490.000000 0.107073
500.000000 0.173889
510.000000 0.302321
520.000000 0.173903
530.000000 0.110304
540.000000 0.158420
550.000000 0.074835
560.000000 0.225199
570.000000 0.296991
580.000000 0.256192
590.000000 0.186209
600.000000 0.151856
610.000000 0.191515
620.000000 0.019893
630.000000 0.333763
640.000000 0.154573
650.000000 0.091435
660.000000 0.094966
670.000000 0.139589
680.000000 0.146448
690.000000 0.296501
700.000000 0.370129
710.000000 0.198659
720.000000 0.088665
730.000000 0.088503
740.000000 0.154375
750.000000 0.206968
760.000000 0.145718
770.000000 0.180486
780.000000 0.242997
790.000000 0.071698
800.000000 0.151296
810.000000 0.217030
820.000000 0.154170
830.000000 0.114281
840.000000 0.130100
850.000000 0.130486
860.000000 0.122757
870.000000 0.113021
880.000000 0.207799
890.000000 0.165437
900.000000 0.024011
910.000000 0.191467
920.000000 0.192530
930.000000 0.098081
940.000000 0.118106
950.000000 0.090272
960.000000 0.204043
970.000000 0.097234
980.000000 0.108347
990.000000 0.085461
1000.000000 0.179868
