10.000000 0.176318
20.000000 0.150340
30.000000 0.045294
40.000000 0.092864
50.000000 0.044215
60.000000 0.125506
70.000000 0.062695
80.000000 0.261398
90.000000 0.149960
100.000000 0.235995
110.000000 0.209154
120.000000 0.072081
130.000000 0.112173
140.000000 0.153282
150.000000 0.157617
160.000000 0.034732
170.000000 0.138308
180.000000 0.220546
190.000000 0.127497
200.000000 0.052159
210.000000 0.100196
220.000000 0.105886
230.000000 0.158559
240.000000 0.146295
250.000000 0.163983
260.000000 0.120713
270.000000 0.153559
280.000000 0.151598
290.000000 0.165984
300.000000 0.092640
310.000000 0.188879
320.000000 0.102848
330.000000 0.032548
340.000000 0.145992
350.000000 0.293171
360.000000 0.049028
370.000000 0.042729
380.000000 0.120663
390.000000 0.085341
400.000000 0.073779
410.000000 0.398549
420.000000 0.080273
430.000000 0.169258
440.000000 0.150420
450.000000 0.073191
460.000000 0.092756
470.000000 0.051771
480.000000 0.092447
490.000000 0.180504
500.000000 0.162594
510.000000 0.075587
520.000000 0.087155
530.000000 0.191434
540.000000 0.229634
550.000000 0.202706
560.000000 0.191052
570.000000 0.137546
580.000000 0.172332
590.000000 0.056819
600.000000 0.167493
610.000000 0.033809
620.000000 0.225698
630.000000 0.131759
640.000000 0.158223
650.000000 0.156550
660.000000 0.189193
670.000000 0.213141
680.000000 0.029800
690.000000 0.259171
700.000000 0.050777
710.000000 0.304125
720.000000 0.137417
730.000000 0.145953
740.000000 0.097291
750.000000 0.032556
760.000000 0.231118
770.000000 0.039555
780.000000 0.235297
790.000000 0.093038
800.000000 0.131756
810.000000 0.080927
820.000000 0.106115
830.000000 0.118397
840.000000 0.147541
850.000000 0.067967
860.000000 0.143844
870.000000 0.103361
880.000000 0.096153
890.000000 0.205642
900.000000 0.027516
910.000000 0.167649
920.000000 0.183761
930.000000 0.073477
940.000000 0.106016
950.000000 0.176997
960.000000 0.019105
970.000000 0.130305
980.000000 0.063973
990.000000 0.114713
1000.000000 0.116185
