0.000000 0.099836
1.000000 0.386863
2.000000 0.147782
3.000000 0.146728
4.000000 0.186012
5.000000 0.268965
6.000000 0.089099
7.000000 0.085275
8.000000 0.217154
9.000000 0.318737
10.000000 0.157170
11.000000 0.059457
12.000000 0.160358
13.000000 0.175915
14.000000 0.260270
15.000000 0.081540
16.000000 0.149480
17.000000 0.025159
18.000000 0.058035
19.000000 0.089229
20.000000 0.114223
21.000000 0.039261
22.000000 0.044164
23.000000 0.038360
24.000000 0.069869
25.000000 0.147977
26.000000 0.076584
27.000000 0.095897
28.000000 0.125596
29.000000 0.029894
30.000000 0.040590
31.000000 0.161143
32.000000 0.201476
33.000000 0.144561
34.000000 0.103537
35.000000 0.068731
36.000000 0.031671
37.000000 0.139843
38.000000 0.170281
39.000000 0.120370
40.000000 0.179707
41.000000 0.051494
42.000000 0.097014
43.000000 0.164967
44.000000 0.069376
45.000000 0.064813
46.000000 0.096322
47.000000 0.089845
48.000000 0.070759
49.000000 0.185606
50.000000 0.126511
51.000000 0.114233
52.000000 0.079976
53.000000 0.048389
54.000000 0.072039
55.000000 0.171705
56.000000 0.109626
57.000000 0.080486
58.000000 0.287479
59.000000 0.097522
60.000000 0.212962
61.000000 0.171230
62.000000 0.126312
63.000000 0.271107
64.000000 0.062868
65.000000 0.096470
66.000000 0.161105
67.000000 0.100681
68.000000 0.109889
69.000000 0.069228
70.000000 0.036471
71.000000 0.124391
72.000000 0.083508
73.000000 0.091552
74.000000 0.129432
75.000000 0.052933
76.000000 0.077360
77.000000 0.100647
78.000000 0.078717
79.000000 0.136773
80.000000 0.137386
81.000000 0.115118
82.000000 0.159545
83.000000 0.058138
84.000000 0.141037
85.000000 0.162949
86.000000 0.169350
87.000000 0.208724
88.000000 0.105213
89.000000 0.168266
90.000000 0.136719
91.000000 0.103196
92.000000 0.218427
93.000000 0.110384
94.000000 0.035066
95.000000 0.116435
96.000000 0.080160
97.000000 0.214534
98.000000 0.081597
99.000000 0.086943
100.000000 0.140706
101.000000 0.062225
102.000000 0.097796
103.000000 0.015623
104.000000 0.109204
105.000000 0.055907
106.000000 0.033497
107.000000 0.081367
108.000000 0.079715
109.000000 0.097605
110.000000 0.172913
111.000000 0.101721
112.000000 0.231925
113.000000 0.048077
114.000000 0.060348
115.000000 0.218941
116.000000 0.105912
117.000000 0.260966
118.000000 0.210790
119.000000 0.067286
120.000000 0.192640
121.000000 0.052017
122.000000 0.145438
123.000000 0.030296
124.000000 0.171319
125.000000 0.086647
126.000000 0.104508
127.000000 0.157150
128.000000 0.118990
129.000000 0.149094
130.000000 0.048843
131.000000 0.148408
132.000000 0.072406
133.000000 0.094367
134.000000 0.173804
135.000000 0.136197
136.000000 0.266636
137.000000 0.127006
138.000000 0.243398
139.000000 0.144131
140.000000 0.052292
141.000000 0.289829
142.000000 0.175332
143.000000 0.084631
144.000000 0.054109
145.000000 0.123426
146.000000 0.189074
147.000000 0.160492
148.000000 0.085045
149.000000 0.222436
150.000000 0.097023
151.000000 0.195639
152.000000 0.185156
153.000000 0.051388
154.000000 0.038904
155.000000 0.023491
156.000000 0.319028
157.000000 0.066823
158.000000 0.100894
159.000000 0.157739
160.000000 0.157331
161.000000 0.128087
162.000000 0.121568
163.000000 0.132238
164.000000 0.084121
165.000000 0.122564
166.000000 0.041271
167.000000 0.115345
168.000000 0.018775
169.000000 0.019325
170.000000 0.081958
171.000000 0.087096
172.000000 0.228147
173.000000 0.321502
174.000000 0.174376
175.000000 0.183019
176.000000 0.063495
177.000000 0.103229
178.000000 0.065528
179.000000 0.270822
180.000000 0.166774
181.000000 0.157655
182.000000 0.108821
183.000000 0.200691
184.000000 0.062039
185.000000 0.058369
186.000000 0.045850
187.000000 0.162828
188.000000 0.097892
189.000000 0.100546
190.000000 0.115187
191.000000 0.187707
192.000000 0.182785
193.000000 0.136404
194.000000 0.132250
195.000000 0.105390
196.000000 0.076823
197.000000 0.155559
198.000000 0.054366
199.000000 0.151114
200.000000 0.072514
201.000000 0.063729
202.000000 0.158488
203.000000 0.097487
204.000000 0.120475
205.000000 0.164799
206.000000 0.203969
207.000000 0.144411
208.000000 0.252916
209.000000 0.125745
210.000000 0.118264
211.000000 0.076328
212.000000 0.116554
213.000000 0.061383
214.000000 0.248689
215.000000 0.105508
216.000000 0.136248
217.000000 0.027357
218.000000 0.162184
219.000000 0.134427
220.000000 0.112552
221.000000 0.080950
222.000000 0.101846
223.000000 0.081876
224.000000 0.051438
225.000000 0.099044
226.000000 0.073193
227.000000 0.191595
228.000000 0.250857
229.000000 0.392116
230.000000 0.091707
231.000000 0.147281
232.000000 0.136717
233.000000 0.223481
234.000000 0.074109
235.000000 0.061256
236.000000 0.103577
237.000000 0.151963
238.000000 0.084004
239.000000 0.089145
240.000000 0.210614
241.000000 0.073213
242.000000 0.118103
243.000000 0.178268
244.000000 0.219479
245.000000 0.192345
246.000000 0.094935
247.000000 0.256279
248.000000 0.134399
249.000000 0.161728
250.000000 0.141059
251.000000 0.111674
252.000000 0.058136
253.000000 0.155132
254.000000 0.078930
255.000000 0.115102
256.000000 0.169185
257.000000 0.255861
258.000000 0.077810
259.000000 0.182292
260.000000 0.125092
261.000000 0.139901
262.000000 0.078016
263.000000 0.081465
264.000000 0.109936
265.000000 0.140284
266.000000 0.292678
267.000000 0.098270
268.000000 0.070727
269.000000 0.180405
270.000000 0.129595
271.000000 0.084779
272.000000 0.110471
273.000000 0.144545
274.000000 0.241125
275.000000 0.121556
276.000000 0.127536
277.000000 0.101215
278.000000 0.124648
279.000000 0.174889
280.000000 0.150719
281.000000 0.155958
282.000000 0.188113
283.000000 0.181550
284.000000 0.069762
285.000000 0.194418
286.000000 0.095556
287.000000 0.174522
288.000000 0.163035
289.000000 0.084149
290.000000 0.189411
291.000000 0.062655
292.000000 0.122599
293.000000 0.159845
294.000000 0.235208
295.000000 0.088559
296.000000 0.128356
297.000000 0.042688
298.000000 0.081898
299.000000 0.029032
300.000000 0.194600
301.000000 0.124774
302.000000 0.015644
303.000000 0.062495
304.000000 0.184866
305.000000 0.118378
306.000000 0.111999
307.000000 0.307217
308.000000 0.305759
309.000000 0.261213
310.000000 0.280737
311.000000 0.030906
312.000000 0.082117
313.000000 0.075301
314.000000 0.146128
315.000000 0.062375
316.000000 0.143902
317.000000 0.230913
318.000000 0.246128
319.000000 0.032466
320.000000 0.073481
321.000000 0.153094
322.000000 0.150030
323.000000 0.211639
324.000000 0.067292
325.000000 0.144829
326.000000 0.058890
327.000000 0.073307
328.000000 0.147028
329.000000 0.191646
330.000000 0.069728
331.000000 0.098504
332.000000 0.029927
333.000000 0.076087
334.000000 0.101778
335.000000 0.101290
336.000000 0.050038
337.000000 0.105687
338.000000 0.045416
339.000000 0.186942
340.000000 0.103113
341.000000 0.061495
342.000000 0.087390
343.000000 0.113573
344.000000 0.102330
345.000000 0.088341
346.000000 0.159175
347.000000 0.093605
348.000000 0.057688
349.000000 0.044897
350.000000 0.114792
351.000000 0.178672
352.000000 0.083598
353.000000 0.079903
354.000000 0.089494
355.000000 0.040817
356.000000 0.060964
357.000000 0.086589
358.000000 0.317542
359.000000 0.037063
360.000000 0.156230
361.000000 0.223624
362.000000 0.236351
363.000000 0.101707
364.000000 0.160490
365.000000 0.112262
366.000000 0.147800
367.000000 0.170992
368.000000 0.069128
369.000000 0.079118
370.000000 0.032919
371.000000 0.134754
372.000000 0.093969
373.000000 0.242593
374.000000 0.223963
375.000000 0.048117
376.000000 0.104500
377.000000 0.162394
378.000000 0.143285
379.000000 0.022750
380.000000 0.056830
381.000000 0.078716
382.000000 0.121570
383.000000 0.144495
384.000000 0.367054
385.000000 0.091139
386.000000 0.113880
387.000000 0.079518
388.000000 0.057789
389.000000 0.056293
390.000000 0.216442
391.000000 0.240288
392.000000 0.108284
393.000000 0.181871
394.000000 0.142979
395.000000 0.127293
396.000000 0.128211
397.000000 0.117636
398.000000 0.136317
399.000000 0.122421
400.000000 0.199129
401.000000 0.091412
402.000000 0.167534
403.000000 0.081985
404.000000 0.085629
405.000000 0.100587
406.000000 0.182554
407.000000 0.153602
408.000000 0.157145
409.000000 0.186508
410.000000 0.095552
411.000000 0.282518
412.000000 0.023622
413.000000 0.080993
414.000000 0.104346
415.000000 0.137613
416.000000 0.222438
417.000000 0.104390
418.000000 0.067867
419.000000 0.136114
420.000000 0.092411
421.000000 0.232810
422.000000 0.114556
423.000000 0.121826
424.000000 0.068853
425.000000 0.206325
426.000000 0.147220
427.000000 0.163156
428.000000 0.118402
429.000000 0.083349
430.000000 0.081109
431.000000 0.164134
432.000000 0.113994
433.000000 0.145962
434.000000 0.199151
435.000000 0.094480
436.000000 0.240874
437.000000 0.129772
438.000000 0.085012
439.000000 0.125175
440.000000 0.163793
441.000000 0.055143
442.000000 0.146099
443.000000 0.164808
444.000000 0.244677
445.000000 0.041710
446.000000 0.158797
447.000000 0.117982
448.000000 0.183756
449.000000 0.242052
450.000000 0.123473
451.000000 0.137409
452.000000 0.145427
453.000000 0.160892
454.000000 0.074160
455.000000 0.048340
456.000000 0.159118
457.000000 0.180406
458.000000 0.129973
459.000000 0.068619
460.000000 0.133081
461.000000 0.121369
462.000000 0.157713
463.000000 0.134549
464.000000 0.075606
465.000000 0.070414
466.000000 0.104982
467.000000 0.129998
468.000000 0.166480
469.000000 0.259082
470.000000 0.165829
471.000000 0.119842
472.000000 0.061521
473.000000 0.081727
474.000000 0.025498
475.000000 0.047960
476.000000 0.095935
477.000000 0.209300
478.000000 0.174955
479.000000 0.016685
480.000000 0.202511
481.000000 0.129256
482.000000 0.071975
483.000000 0.108077
484.000000 0.116671
485.000000 0.094623
486.000000 0.102737
487.000000 0.197438
488.000000 0.194192
489.000000 0.105863
490.000000 0.147203
491.000000 0.178872
492.000000 0.127380
493.000000 0.010174
494.000000 0.205126
495.000000 0.265506
496.000000 0.053786
497.000000 0.155574
498.000000 0.057724
499.000000 0.277909
500.000000 0.073504
501.000000 0.125794
502.000000 0.120350
503.000000 0.089291
504.000000 0.077889
505.000000 0.108278
506.000000 0.138268
507.000000 0.138320
508.000000 0.137298
509.000000 0.141879
510.000000 0.108446
511.000000 0.282442
512.000000 0.091771
513.000000 0.166464
514.000000 0.114110
515.000000 0.118894
516.000000 0.136764
517.000000 0.090679
518.000000 0.037232
519.000000 0.163021
520.000000 0.155415
521.000000 0.055247
522.000000 0.236643
523.000000 0.010821
524.000000 0.279279
525.000000 0.090960
526.000000 0.208609
527.000000 0.067115
528.000000 0.065320
529.000000 0.033679
530.000000 0.101065
531.000000 0.043867
532.000000 0.223463
533.000000 0.114841
534.000000 0.040514
535.000000 0.160934
536.000000 0.108690
537.000000 0.198561
538.000000 0.065229
539.000000 0.056297
540.000000 0.123776
541.000000 0.213514
542.000000 0.159438
543.000000 0.124441
544.000000 0.240975
545.000000 0.146413
546.000000 0.109934
547.000000 0.039313
548.000000 0.222891
549.000000 0.036771
550.000000 0.153683
551.000000 0.194087
552.000000 0.115310
553.000000 0.255362
554.000000 0.160805
555.000000 0.201808
556.000000 0.045432
557.000000 0.152554
558.000000 0.012469
559.000000 0.106731
560.000000 0.070545
561.000000 0.337593
562.000000 0.233051
563.000000 0.098050
564.000000 0.112289
565.000000 0.038252
566.000000 0.112992
567.000000 0.211399
568.000000 0.105920
569.000000 0.079272
570.000000 0.003114
571.000000 0.181789
572.000000 0.089431
573.000000 0.043653
574.000000 0.068430
575.000000 0.075927
576.000000 0.117218
577.000000 0.175520
578.000000 0.220658
579.000000 0.262320
580.000000 0.137894
581.000000 0.233324
582.000000 0.196132
583.000000 0.103340
584.000000 0.132647
585.000000 0.342184
586.000000 0.058303
587.000000 0.092050
588.000000 0.194653
589.000000 0.129323
590.000000 0.070448
591.000000 0.081869
592.000000 0.049357
593.000000 0.263149
594.000000 0.109599
595.000000 0.087145
596.000000 0.077467
597.000000 0.091978
598.000000 0.164548
599.000000 0.067309
600.000000 0.161691
601.000000 0.146508
602.000000 0.072948
603.000000 0.101528
604.000000 0.054293
605.000000 0.084034
606.000000 0.201638
607.000000 0.199404
608.000000 0.085167
609.000000 0.174817
610.000000 0.126088
611.000000 0.277395
612.000000 0.155127
613.000000 0.149338
614.000000 0.077079
615.000000 0.137007
616.000000 0.085198
617.000000 0.057634
618.000000 0.066985
619.000000 0.118036
620.000000 0.147502
621.000000 0.123868
622.000000 0.207196
623.000000 0.038573
624.000000 0.164613
625.000000 0.175899
626.000000 0.166672
627.000000 0.103341
628.000000 0.110523
629.000000 0.092351
630.000000 0.120410
631.000000 0.061084
632.000000 0.116801
633.000000 0.018457
634.000000 0.055044
635.000000 0.076128
636.000000 0.110115
637.000000 0.144715
638.000000 0.057640
639.000000 0.219622
640.000000 0.240574
641.000000 0.148244
642.000000 0.062289
643.000000 0.060599
644.000000 0.288041
645.000000 0.071010
646.000000 0.215562
647.000000 0.077949
648.000000 0.085331
649.000000 0.124693
650.000000 0.148313
651.000000 0.035795
652.000000 0.082887
653.000000 0.082043
654.000000 0.060029
655.000000 0.022066
656.000000 0.175908
657.000000 0.184930
658.000000 0.183778
659.000000 0.106312
660.000000 0.097388
661.000000 0.277926
662.000000 0.169189
663.000000 0.102562
664.000000 0.163098
665.000000 0.202408
666.000000 0.103529
667.000000 0.155262
668.000000 0.202302
669.000000 0.085579
670.000000 0.150052
671.000000 0.084873
672.000000 0.087201
673.000000 0.055670
674.000000 0.100389
675.000000 0.119624
676.000000 0.276336
677.000000 0.222956
678.000000 0.181664
679.000000 0.259945
680.000000 0.107462
681.000000 0.129800
682.000000 0.222995
683.000000 0.020473
684.000000 0.065999
685.000000 0.148464
686.000000 0.162832
687.000000 0.165834
688.000000 0.176489
689.000000 0.119007
690.000000 0.175763
691.000000 0.221565
692.000000 0.037952
693.000000 0.269469
694.000000 0.089279
695.000000 0.067186
696.000000 0.056339
697.000000 0.249009
698.000000 0.206459
699.000000 0.305677
700.000000 0.217953
701.000000 0.215917
702.000000 0.137402
703.000000 0.070839
704.000000 0.090264
705.000000 0.052982
706.000000 0.217907
707.000000 0.165986
708.000000 0.115248
709.000000 0.220804
710.000000 0.101992
711.000000 0.137318
712.000000 0.113299
713.000000 0.061156
714.000000 0.064074
715.000000 0.105655
716.000000 0.150163
717.000000 0.124232
718.000000 0.081066
719.000000 0.145447
720.000000 0.058521
721.000000 0.238350
722.000000 0.147318
723.000000 0.078208
724.000000 0.029325
725.000000 0.138141
726.000000 0.122449
727.000000 0.139938
728.000000 0.115440
729.000000 0.207440
730.000000 0.199732
731.000000 0.123113
732.000000 0.150615
733.000000 0.080923
734.000000 0.159116
735.000000 0.039647
736.000000 0.122243
737.000000 0.203069
738.000000 0.271435
739.000000 0.141358
740.000000 0.097285
741.000000 0.097128
742.000000 0.089694
743.000000 0.040766
744.000000 0.128440
745.000000 0.099994
746.000000 0.028086
747.000000 0.062959
748.000000 0.085320
749.000000 0.126177
750.000000 0.079138
751.000000 0.145144
752.000000 0.071351
753.000000 0.084635
754.000000 0.055035
755.000000 0.072713
756.000000 0.083496
757.000000 0.169968
758.000000 0.122828
759.000000 0.095202
760.000000 0.170853
761.000000 0.119846
762.000000 0.075799
763.000000 0.185313
764.000000 0.124809
765.000000 0.165852
766.000000 0.149811
767.000000 0.149758
768.000000 0.287245
769.000000 0.112979
770.000000 0.155466
771.000000 0.090048
772.000000 0.137329
773.000000 0.239730
774.000000 0.092693
775.000000 0.200821
776.000000 0.120193
777.000000 0.221661
778.000000 0.025573
779.000000 0.094044
780.000000 0.156277
781.000000 0.132238
782.000000 0.044107
783.000000 0.103989
784.000000 0.121663
785.000000 0.119154
786.000000 0.076769
787.000000 0.148190
788.000000 0.050697
789.000000 0.160625
790.000000 0.208032
791.000000 0.128729
792.000000 0.241912
793.000000 0.310881
794.000000 0.104172
795.000000 0.172884
796.000000 0.174878
797.000000 0.191774
798.000000 0.105101
799.000000 0.027516
800.000000 0.129010
801.000000 0.189751
802.000000 0.121956
803.000000 0.105655
804.000000 0.176099
805.000000 0.085509
806.000000 0.206009
807.000000 0.226296
808.000000 0.173223
809.000000 0.161476
810.000000 0.091729
811.000000 0.091038
812.000000 0.085637
813.000000 0.117140
814.000000 0.048341
815.000000 0.237258
816.000000 0.283604
817.000000 0.184426
818.000000 0.126786
819.000000 0.060676
820.000000 0.215393
821.000000 0.156975
822.000000 0.025001
823.000000 0.166326
824.000000 0.240531
825.000000 0.169579
826.000000 0.183936
827.000000 0.092188
828.000000 0.071305
829.000000 0.062594
830.000000 0.128399
831.000000 0.024861
832.000000 0.089459
833.000000 0.142758
834.000000 0.115723
835.000000 0.096265
836.000000 0.070658
837.000000 0.090293
838.000000 0.131336
839.000000 0.095221
840.000000 0.139536
841.000000 0.038212
842.000000 0.231195
843.000000 0.173755
844.000000 0.145602
845.000000 0.110884
846.000000 0.106414
847.000000 0.078984
848.000000 0.099843
849.000000 0.029169
850.000000 0.154730
851.000000 0.186108
852.000000 0.090599
853.000000 0.112103
854.000000 0.203745
855.000000 0.051525
856.000000 0.207194
857.000000 0.210814
858.000000 0.098081
859.000000 0.158770
860.000000 0.021385
861.000000 0.079545
862.000000 0.324912
863.000000 0.239054
864.000000 0.048832
865.000000 0.087031
866.000000 0.132504
867.000000 0.085363
868.000000 0.152142
869.000000 0.227868
870.000000 0.177042
871.000000 0.356037
872.000000 0.045249
873.000000 0.099190
874.000000 0.059496
875.000000 0.096813
876.000000 0.143654
877.000000 0.160458
878.000000 0.165490
879.000000 0.079821
880.000000 0.164065
881.000000 0.173240
882.000000 0.198219
883.000000 0.111453
884.000000 0.087027
885.000000 0.040884
886.000000 0.095741
887.000000 0.254463
888.000000 0.205478
889.000000 0.005741
890.000000 0.091261
891.000000 0.036381
892.000000 0.088630
893.000000 0.110511
894.000000 0.054993
895.000000 0.150776
896.000000 0.070587
897.000000 0.132615
898.000000 0.255333
899.000000 0.287020
900.000000 0.132406
901.000000 0.071738
902.000000 0.216703
903.000000 0.174128
904.000000 0.157629
905.000000 0.158943
906.000000 0.095598
907.000000 0.055797
908.000000 0.241239
909.000000 0.118264
910.000000 0.059760
911.000000 0.143943
912.000000 0.246156
913.000000 0.075205
914.000000 0.104562
915.000000 0.305971
916.000000 0.093600
917.000000 0.095297
918.000000 0.115501
919.000000 0.171344
920.000000 0.246875
921.000000 0.237226
922.000000 0.081107
923.000000 0.064437
924.000000 0.105428
925.000000 0.160500
926.000000 0.167963
927.000000 0.222043
928.000000 0.027166
929.000000 0.113216
930.000000 0.099438
931.000000 0.077054
932.000000 0.066034
933.000000 0.173337
934.000000 0.228903
935.000000 0.090852
936.000000 0.080236
937.000000 0.095594
938.000000 0.034664
939.000000 0.075059
940.000000 0.042029
941.000000 0.111407
942.000000 0.099967
943.000000 0.305222
944.000000 0.197506
945.000000 0.134848
946.000000 0.178156
947.000000 0.061958
948.000000 0.098904
949.000000 0.302763
950.000000 0.109872
951.000000 0.211652
952.000000 0.225748
953.000000 0.095028
954.000000 0.181410
955.000000 0.270855
956.000000 0.164629
957.000000 0.079233
958.000000 0.097085
959.000000 0.097333
960.000000 0.158255
961.000000 0.147610
962.000000 0.123405
963.000000 0.104708
964.000000 0.065169
965.000000 0.206414
966.000000 0.082745
967.000000 0.054656
968.000000 0.118221
969.000000 0.148931
970.000000 0.177374
971.000000 0.004084
972.000000 0.082128
973.000000 0.028197
974.000000 0.095411
975.000000 0.165127
976.000000 0.201142
977.000000 0.036571
978.000000 0.064154
979.000000 0.148355
980.000000 0.002895
981.000000 0.301292
982.000000 0.174462
983.000000 0.109142
984.000000 0.206119
985.000000 0.167933
986.000000 0.274862
987.000000 0.078363
988.000000 0.149700
989.000000 0.126668
990.000000 0.226518
991.000000 0.036192
992.000000 0.073207
993.000000 0.279605
994.000000 0.131106
995.000000 0.080594
996.000000 0.031562
997.000000 0.170070
998.000000 0.186495
999.000000 0.152617
1000.000000 0.164359
1001.000000 0.018985
1002.000000 0.144974
1003.000000 0.176762
1004.000000 0.100663
1005.000000 0.114297
1006.000000 0.199677
1007.000000 0.003625
1008.000000 0.093104
1009.000000 0.177886
1010.000000 0.089665
1011.000000 0.054172
1012.000000 0.156647
1013.000000 0.051989
1014.000000 0.162022
1015.000000 0.187842
1016.000000 0.018377
1017.000000 0.166658
1018.000000 0.160131
1019.000000 0.143537
1020.000000 0.056572
1021.000000 0.306278
1022.000000 0.152076
1023.000000 0.075202
1024.000000 0.103858
1025.000000 0.087108
1026.000000 0.126562
1027.000000 0.155353
1028.000000 0.117756
1029.000000 0.159500
1030.000000 0.081016
1031.000000 0.191665
1032.000000 0.164521
1033.000000 0.170873
1034.000000 0.194188
1035.000000 0.058866
1036.000000 0.041709
1037.000000 0.227230
1038.000000 0.139886
1039.000000 0.216849
1040.000000 0.178587
1041.000000 0.207489
1042.000000 0.158877
1043.000000 0.105587
1044.000000 0.044908
1045.000000 0.194286
1046.000000 0.176342
1047.000000 0.118178
1048.000000 0.147298
1049.000000 0.132832
1050.000000 0.081586
1051.000000 0.107346
1052.000000 0.214443
1053.000000 0.177105
1054.000000 0.239341
1055.000000 0.156756
1056.000000 0.080332
1057.000000 0.101761
1058.000000 0.178027
1059.000000 0.024974
1060.000000 0.091099
1061.000000 0.075058
1062.000000 0.095322
1063.000000 0.119115
1064.000000 0.054068
1065.000000 0.154808
1066.000000 0.071425
1067.000000 0.104651
1068.000000 0.054144
1069.000000 0.195301
1070.000000 0.136903
1071.000000 0.095722
1072.000000 0.031166
1073.000000 0.097669
1074.000000 0.220564
1075.000000 0.054429
1076.000000 0.032288
1077.000000 0.117852
1078.000000 0.013284
1079.000000 0.088384
1080.000000 0.097661
1081.000000 0.100470
1082.000000 0.190078
1083.000000 0.129782
1084.000000 0.230509
1085.000000 0.028781
1086.000000 0.087430
1087.000000 0.109684
1088.000000 0.070502
1089.000000 0.186124
1090.000000 0.092907
1091.000000 0.156967
1092.000000 0.038894
1093.000000 0.019954
1094.000000 0.296630
1095.000000 0.225269
1096.000000 0.088222
1097.000000 0.064598
1098.000000 0.181022
1099.000000 0.065001
1100.000000 0.106037
1101.000000 0.045481
1102.000000 0.215587
1103.000000 0.036940
1104.000000 0.084125
1105.000000 0.146308
1106.000000 0.137803
1107.000000 0.101793
1108.000000 0.085197
1109.000000 0.078832
1110.000000 0.120072
1111.000000 0.109512
1112.000000 0.086996
1113.000000 0.048782
1114.000000 0.088490
1115.000000 0.072934
1116.000000 0.023619
1117.000000 0.118605
1118.000000 0.065410
1119.000000 0.233157
1120.000000 0.220403
1121.000000 0.153238
1122.000000 0.165936
1123.000000 0.214247
1124.000000 0.114133
1125.000000 0.070785
1126.000000 0.199545
1127.000000 0.144484
1128.000000 0.135835
1129.000000 0.119824
1130.000000 0.160685
1131.000000 0.172283
1132.000000 0.219663
1133.000000 0.184035
1134.000000 0.118197
1135.000000 0.066657
1136.000000 0.191995
1137.000000 0.051866
1138.000000 0.152438
1139.000000 0.099767
1140.000000 0.062225
1141.000000 0.034224
1142.000000 0.056573
1143.000000 0.063934
1144.000000 0.166692
1145.000000 0.116906
1146.000000 0.036141
1147.000000 0.057615
1148.000000 0.017518
1149.000000 0.191775
1150.000000 0.072264
1151.000000 0.156437
1152.000000 0.030444
1153.000000 0.048964
1154.000000 0.060649
1155.000000 0.116606
1156.000000 0.147286
1157.000000 0.118271
1158.000000 0.262759
1159.000000 0.141443
1160.000000 0.125130
1161.000000 0.018654
1162.000000 0.038164
1163.000000 0.173142
1164.000000 0.147478
1165.000000 0.088597
1166.000000 0.095495
1167.000000 0.150557
1168.000000 0.163536
1169.000000 0.230274
1170.000000 0.108914
1171.000000 0.136388
1172.000000 0.171831
1173.000000 0.144892
1174.000000 0.113982
1175.000000 0.103454
1176.000000 0.182917
1177.000000 0.151822
1178.000000 0.033391
1179.000000 0.116184
1180.000000 0.099503
1181.000000 0.036011
1182.000000 0.149013
1183.000000 0.234772
1184.000000 0.110343
1185.000000 0.103163
1186.000000 0.106782
1187.000000 0.312043
1188.000000 0.084712
1189.000000 0.089992
1190.000000 0.069121
1191.000000 0.062386
1192.000000 0.290920
1193.000000 0.104115
1194.000000 0.121880
1195.000000 0.112465
1196.000000 0.106024
1197.000000 0.068044
1198.000000 0.160255
1199.000000 0.218201
1200.000000 0.158409
1201.000000 0.061983
1202.000000 0.047815
1203.000000 0.106581
1204.000000 0.095911
1205.000000 0.069700
1206.000000 0.264463
1207.000000 0.171960
1208.000000 0.089980
1209.000000 0.058022
1210.000000 0.100604
1211.000000 0.171349
1212.000000 0.088535
1213.000000 0.155656
1214.000000 0.277327
1215.000000 0.015650
1216.000000 0.033672
1217.000000 0.160179
1218.000000 0.130722
1219.000000 0.176058
1220.000000 0.090150
1221.000000 0.247871
1222.000000 0.188343
1223.000000 0.069467
1224.000000 0.242272
1225.000000 0.166004
1226.000000 0.184252
1227.000000 0.312129
1228.000000 0.109870
1229.000000 0.035760
1230.000000 0.132756
1231.000000 0.087068
1232.000000 0.145587
1233.000000 0.052838
1234.000000 0.160050
1235.000000 0.025393
1236.000000 0.180602
1237.000000 0.026556
1238.000000 0.029263
1239.000000 0.045740
1240.000000 0.148219
1241.000000 0.080009
1242.000000 0.216267
1243.000000 0.097532
1244.000000 0.060893
1245.000000 0.179483
1246.000000 0.137666
1247.000000 0.082231
1248.000000 0.181002
1249.000000 0.008517
1250.000000 0.200756
1251.000000 0.027506
1252.000000 0.095002
1253.000000 0.188495
1254.000000 0.044576
1255.000000 0.063732
1256.000000 0.230084
1257.000000 0.183597
1258.000000 0.180981
1259.000000 0.119147
1260.000000 0.253340
1261.000000 0.076844
1262.000000 0.033291
1263.000000 0.183036
1264.000000 0.080761
1265.000000 0.052283
1266.000000 0.016833
1267.000000 0.120252
1268.000000 0.084122
1269.000000 0.150663
1270.000000 0.129995
1271.000000 0.305919
1272.000000 0.031294
1273.000000 0.109391
1274.000000 0.228207
1275.000000 0.122461
1276.000000 0.094223
1277.000000 0.264392
1278.000000 0.103403
1279.000000 0.089770
1280.000000 0.114361
1281.000000 0.038312
1282.000000 0.042800
1283.000000 0.128586
1284.000000 0.072533
1285.000000 0.166843
1286.000000 0.108937
1287.000000 0.111968
1288.000000 0.121108
1289.000000 0.051798
1290.000000 0.085559
1291.000000 0.049119
1292.000000 0.107579
1293.000000 0.183973
1294.000000 0.077610
1295.000000 0.186695
1296.000000 0.309241
1297.000000 0.152806
1298.000000 0.031998
1299.000000 0.122487
1300.000000 0.104170
1301.000000 0.329064
1302.000000 0.063691
1303.000000 0.154424
1304.000000 0.144676
1305.000000 0.123191
1306.000000 0.037964
1307.000000 0.220612
1308.000000 0.083481
1309.000000 0.122249
1310.000000 0.085343
1311.000000 0.174466
1312.000000 0.011785
1313.000000 0.148253
1314.000000 0.191006
1315.000000 0.295888
1316.000000 0.057916
1317.000000 0.075946
1318.000000 0.009362
1319.000000 0.156065
1320.000000 0.094055
1321.000000 0.132141
1322.000000 0.072092
1323.000000 0.019489
1324.000000 0.073929
1325.000000 0.131200
1326.000000 0.168878
1327.000000 0.035175
1328.000000 0.065095
1329.000000 0.165521
1330.000000 0.121421
1331.000000 0.103997
1332.000000 0.068513
1333.000000 0.263702
1334.000000 0.143073
1335.000000 0.091374
1336.000000 0.132324
1337.000000 0.193959
1338.000000 0.158248
1339.000000 0.080819
1340.000000 0.092793
1341.000000 0.152226
1342.000000 0.221330
1343.000000 0.026213
1344.000000 0.094584
1345.000000 0.141316
1346.000000 0.183478
1347.000000 0.178452
1348.000000 0.177357
1349.000000 0.086561
1350.000000 0.149751
1351.000000 0.116056
1352.000000 0.235318
1353.000000 0.107515
1354.000000 0.118175
1355.000000 0.181872
1356.000000 0.121903
1357.000000 0.154282
1358.000000 0.095945
1359.000000 0.038842
1360.000000 0.216374
1361.000000 0.173536
1362.000000 0.049313
1363.000000 0.052831
1364.000000 0.131200
1365.000000 0.182658
1366.000000 0.210836
1367.000000 0.127888
1368.000000 0.170419
1369.000000 0.195289
1370.000000 0.122002
1371.000000 0.105850
1372.000000 0.050049
1373.000000 0.187858
1374.000000 0.033197
1375.000000 0.011349
1376.000000 0.069406
1377.000000 0.072193
1378.000000 0.032496
1379.000000 0.253734
1380.000000 0.209530
1381.000000 0.145756
1382.000000 0.154724
1383.000000 0.182372
1384.000000 0.090628
1385.000000 0.184267
1386.000000 0.093589
1387.000000 0.281900
1388.000000 0.202918
1389.000000 0.036778
1390.000000 0.057822
1391.000000 0.133500
1392.000000 0.152389
1393.000000 0.074311
1394.000000 0.105962
1395.000000 0.079728
1396.000000 0.173460
1397.000000 0.187149
1398.000000 0.179165
1399.000000 0.015537
1400.000000 0.131055
1401.000000 0.058704
1402.000000 0.045388
1403.000000 0.105715
1404.000000 0.180175
1405.000000 0.226883
1406.000000 0.076990
1407.000000 0.190753
1408.000000 0.281903
1409.000000 0.170353
1410.000000 0.068582
1411.000000 0.311769
1412.000000 0.244556
1413.000000 0.203345
1414.000000 0.057811
1415.000000 0.122655
1416.000000 0.109310
1417.000000 0.186893
1418.000000 0.062878
1419.000000 0.117424
1420.000000 0.083334
1421.000000 0.107584
1422.000000 0.175903
1423.000000 0.198682
1424.000000 0.060500
1425.000000 0.075506
1426.000000 0.095364
1427.000000 0.146324
1428.000000 0.068512
1429.000000 0.175990
1430.000000 0.278221
1431.000000 0.062591
1432.000000 0.102299
1433.000000 0.122631
1434.000000 0.044229
1435.000000 0.061644
1436.000000 0.087683
1437.000000 0.158027
1438.000000 0.132139
1439.000000 0.061183
1440.000000 0.145147
1441.000000 0.141286
1442.000000 0.169539
1443.000000 0.152409
1444.000000 0.153936
1445.000000 0.106064
1446.000000 0.217829
1447.000000 0.049839
1448.000000 0.117840
1449.000000 0.140145
1450.000000 0.083608
1451.000000 0.227869
1452.000000 0.032790
1453.000000 0.055095
1454.000000 0.250625
1455.000000 0.229679
1456.000000 0.152105
1457.000000 0.047388
1458.000000 0.037074
1459.000000 0.063434
1460.000000 0.106550
1461.000000 0.120407
1462.000000 0.205001
1463.000000 0.106647
1464.000000 0.236339
1465.000000 0.067911
1466.000000 0.076194
1467.000000 0.126591
1468.000000 0.161469
1469.000000 0.119783
1470.000000 0.078330
1471.000000 0.126899
1472.000000 0.102015
1473.000000 0.155365
1474.000000 0.113948
1475.000000 0.025931
1476.000000 0.035041
1477.000000 0.153134
1478.000000 0.047762
1479.000000 0.197643
1480.000000 0.113236
1481.000000 0.235656
1482.000000 0.072148
1483.000000 0.058938
1484.000000 0.082672
1485.000000 0.219192
1486.000000 0.072349
1487.000000 0.202608
1488.000000 0.095106
1489.000000 0.158660
1490.000000 0.297862
1491.000000 0.160600
1492.000000 0.179889
1493.000000 0.094056
1494.000000 0.096508
1495.000000 0.200336
1496.000000 0.052399
1497.000000 0.130452
1498.000000 0.061518
1499.000000 0.103105
1500.000000 0.211095
1501.000000 0.168589
1502.000000 0.112868
1503.000000 0.039428
1504.000000 0.127182
1505.000000 0.070661
1506.000000 0.146995
1507.000000 0.042944
1508.000000 0.129391
1509.000000 0.130309
1510.000000 0.123978
1511.000000 0.344982
1512.000000 0.190120
1513.000000 0.051240
1514.000000 0.196792
1515.000000 0.212990
1516.000000 0.085092
1517.000000 0.048036
1518.000000 0.110580
1519.000000 0.080543
1520.000000 0.032421
1521.000000 0.071258
1522.000000 0.103776
1523.000000 0.117937
1524.000000 0.029564
1525.000000 0.085462
1526.000000 0.279462
1527.000000 0.194741
1528.000000 0.055590
1529.000000 0.103678
1530.000000 0.001025
1531.000000 0.047595
1532.000000 0.151087
1533.000000 0.092001
1534.000000 0.172018
1535.000000 0.174776
1536.000000 0.055986
1537.000000 0.138048
1538.000000 0.281944
1539.000000 0.122383
1540.000000 0.271412
1541.000000 0.178665
1542.000000 0.170750
1543.000000 0.248668
1544.000000 0.048253
1545.000000 0.112184
1546.000000 0.093068
1547.000000 0.167421
1548.000000 0.234787
1549.000000 0.149001
1550.000000 0.238279
1551.000000 0.160422
1552.000000 0.101336
1553.000000 0.181322
1554.000000 0.073958
1555.000000 0.176764
1556.000000 0.079545
1557.000000 0.207517
1558.000000 0.131176
1559.000000 0.089373
1560.000000 0.331310
1561.000000 0.168597
1562.000000 0.061960
1563.000000 0.124268
1564.000000 0.020410
1565.000000 0.148017
1566.000000 0.174658
1567.000000 0.110669
1568.000000 0.209467
1569.000000 0.190308
1570.000000 0.029470
1571.000000 0.182389
1572.000000 0.161067
1573.000000 0.342786
1574.000000 0.364681
1575.000000 0.224673
1576.000000 0.051000
1577.000000 0.121794
1578.000000 0.122195
1579.000000 0.252343
1580.000000 0.112643
1581.000000 0.035539
1582.000000 0.076067
1583.000000 0.096342
1584.000000 0.025386
1585.000000 0.101981
1586.000000 0.267564
1587.000000 0.183005
1588.000000 0.080486
1589.000000 0.057842
1590.000000 0.095599
1591.000000 0.106201
1592.000000 0.078252
1593.000000 0.088690
1594.000000 0.058159
1595.000000 0.037371
1596.000000 0.074637
1597.000000 0.204478
1598.000000 0.273233
1599.000000 0.195417
1600.000000 0.053316
1601.000000 0.061311
1602.000000 0.029865
1603.000000 0.235239
1604.000000 0.208246
1605.000000 0.133013
1606.000000 0.063249
1607.000000 0.056512
1608.000000 0.155742
1609.000000 0.185490
1610.000000 0.134857
1611.000000 0.130389
1612.000000 0.067004
1613.000000 0.171740
1614.000000 0.133373
1615.000000 0.020379
1616.000000 0.174759
1617.000000 0.179090
1618.000000 0.150520
1619.000000 0.117428
1620.000000 0.078035
1621.000000 0.145863
1622.000000 0.179345
1623.000000 0.084686
1624.000000 0.139900
1625.000000 0.136327
1626.000000 0.069897
1627.000000 0.103168
1628.000000 0.073652
1629.000000 0.144877
1630.000000 0.187045
1631.000000 0.282667
1632.000000 0.072707
1633.000000 0.045370
1634.000000 0.209968
1635.000000 0.148773
1636.000000 0.195243
1637.000000 0.166143
1638.000000 0.128418
1639.000000 0.181356
1640.000000 0.190486
1641.000000 0.313488
1642.000000 0.061871
1643.000000 0.190793
1644.000000 0.152067
1645.000000 0.095722
1646.000000 0.096240
1647.000000 0.066223
1648.000000 0.068932
1649.000000 0.095819
1650.000000 0.187728
1651.000000 0.010467
1652.000000 0.169327
1653.000000 0.164583
1654.000000 0.313811
1655.000000 0.189572
1656.000000 0.205899
1657.000000 0.106113
1658.000000 0.173022
1659.000000 0.071377
1660.000000 0.170295
1661.000000 0.076874
1662.000000 0.099848
1663.000000 0.115321
1664.000000 0.183736
1665.000000 0.199682
1666.000000 0.212371
1667.000000 0.214731
1668.000000 0.045310
1669.000000 0.187711
1670.000000 0.153556
1671.000000 0.093833
1672.000000 0.093462
1673.000000 0.116284
1674.000000 0.105354
1675.000000 0.140472
1676.000000 0.115718
1677.000000 0.054328
1678.000000 0.042620
1679.000000 0.143740
1680.000000 0.131557
1681.000000 0.233408
1682.000000 0.136103
1683.000000 0.181704
1684.000000 0.099557
1685.000000 0.281491
1686.000000 0.132020
1687.000000 0.062719
1688.000000 0.138010
1689.000000 0.052939
1690.000000 0.110234
1691.000000 0.156359
1692.000000 0.029850
1693.000000 0.210788
1694.000000 0.078552
1695.000000 0.141232
1696.000000 0.152402
1697.000000 0.026573
1698.000000 0.101671
1699.000000 0.249978
1700.000000 0.228346
1701.000000 0.235204
1702.000000 0.112554
1703.000000 0.180535
1704.000000 0.053088
1705.000000 0.059522
1706.000000 0.095889
1707.000000 0.157594
1708.000000 0.147051
1709.000000 0.046596
1710.000000 0.051955
1711.000000 0.170353
1712.000000 0.052865
1713.000000 0.052942
1714.000000 0.334429
1715.000000 0.148419
1716.000000 0.049705
1717.000000 0.120299
1718.000000 0.200720
1719.000000 0.111022
1720.000000 0.211435
1721.000000 0.068661
1722.000000 0.049577
1723.000000 0.080822
1724.000000 0.088324
1725.000000 0.091684
1726.000000 0.233485
1727.000000 0.146131
1728.000000 0.135838
1729.000000 0.190382
1730.000000 0.114180
1731.000000 0.115197
1732.000000 0.038475
1733.000000 0.119675
1734.000000 0.175997
1735.000000 0.280821
1736.000000 0.228280
1737.000000 0.281342
1738.000000 0.117307
1739.000000 0.154327
1740.000000 0.140215
1741.000000 0.307429
1742.000000 0.054625
1743.000000 0.202569
1744.000000 0.195046
1745.000000 0.286063
1746.000000 0.106438
1747.000000 0.068449
1748.000000 0.025624
1749.000000 0.061729
1750.000000 0.160389
1751.000000 0.103455
1752.000000 0.163300
1753.000000 0.173668
1754.000000 0.085059
1755.000000 0.075770
1756.000000 0.184904
1757.000000 0.054656
1758.000000 0.117563
1759.000000 0.101000
1760.000000 0.013306
1761.000000 0.137376
1762.000000 0.348352
1763.000000 0.214937
1764.000000 0.200137
1765.000000 0.069167
1766.000000 0.164541
1767.000000 0.063505
1768.000000 0.131138
1769.000000 0.175480
1770.000000 0.214108
1771.000000 0.146649
1772.000000 0.138385
1773.000000 0.112123
1774.000000 0.184408
1775.000000 0.064287
1776.000000 0.095979
1777.000000 0.175116
1778.000000 0.074443
1779.000000 0.165796
1780.000000 0.121503
1781.000000 0.087376
1782.000000 0.163188
1783.000000 0.186790
1784.000000 0.134588
1785.000000 0.207927
1786.000000 0.048618
1787.000000 0.089060
1788.000000 0.035426
1789.000000 0.099674
1790.000000 0.210884
1791.000000 0.079376
1792.000000 0.136592
1793.000000 0.135439
1794.000000 0.090006
1795.000000 0.210011
1796.000000 0.245485
1797.000000 0.060507
1798.000000 0.136378
1799.000000 0.066322
1800.000000 0.188410
1801.000000 0.086796
1802.000000 0.126384
1803.000000 0.118803
1804.000000 0.056913
1805.000000 0.028034
1806.000000 0.207166
1807.000000 0.109257
1808.000000 0.076652
1809.000000 0.144185
1810.000000 0.076043
1811.000000 0.223555
1812.000000 0.008147
1813.000000 0.063687
1814.000000 0.168703
1815.000000 0.113443
1816.000000 0.157188
1817.000000 0.113730
1818.000000 0.151572
1819.000000 0.119101
1820.000000 0.208276
1821.000000 0.283737
1822.000000 0.019694
1823.000000 0.114405
1824.000000 0.065047
1825.000000 0.263733
1826.000000 0.187127
1827.000000 0.175424
1828.000000 0.102409
1829.000000 0.168205
1830.000000 0.148266
1831.000000 0.071328
1832.000000 0.236272
1833.000000 0.095659
1834.000000 0.085908
1835.000000 0.232797
1836.000000 0.088923
1837.000000 0.151337
1838.000000 0.115436
1839.000000 0.179991
1840.000000 0.074507
1841.000000 0.250832
1842.000000 0.058904
1843.000000 0.252827
1844.000000 0.190283
1845.000000 0.096795
1846.000000 0.137922
1847.000000 0.102606
1848.000000 0.125290
1849.000000 0.105960
1850.000000 0.059588
1851.000000 0.093396
1852.000000 0.116879
1853.000000 0.188556
1854.000000 0.088153
1855.000000 0.171965
1856.000000 0.133709
1857.000000 0.124378
1858.000000 0.182593
1859.000000 0.120585
1860.000000 0.138493
1861.000000 0.084708
1862.000000 0.131497
1863.000000 0.267357
1864.000000 0.109228
1865.000000 0.131427
1866.000000 0.149107
1867.000000 0.156151
1868.000000 0.091927
1869.000000 0.031153
1870.000000 0.126638
1871.000000 0.162007
1872.000000 0.160103
1873.000000 0.223674
1874.000000 0.173646
1875.000000 0.120655
1876.000000 0.211609
1877.000000 0.113747
1878.000000 0.209337
1879.000000 0.138128
1880.000000 0.046662
1881.000000 0.103525
1882.000000 0.258206
1883.000000 0.192233
1884.000000 0.125335
1885.000000 0.048791
1886.000000 0.219353
1887.000000 0.117602
1888.000000 0.035391
1889.000000 0.099865
1890.000000 0.103257
1891.000000 0.092095
1892.000000 0.100060
1893.000000 0.044909
1894.000000 0.083416
1895.000000 0.136645
1896.000000 0.118734
1897.000000 0.036658
1898.000000 0.163490
1899.000000 0.130709
1900.000000 0.048272
1901.000000 0.292242
1902.000000 0.142490
1903.000000 0.062420
1904.000000 0.155970
1905.000000 0.063104
1906.000000 0.238040
1907.000000 0.150206
1908.000000 0.119054
1909.000000 0.092298
1910.000000 0.239277
1911.000000 0.166879
1912.000000 0.093477
1913.000000 0.092514
1914.000000 0.052145
1915.000000 0.110034
1916.000000 0.038281
1917.000000 0.146016
1918.000000 0.081561
1919.000000 0.207113
1920.000000 0.180121
1921.000000 0.092013
1922.000000 0.336550
1923.000000 0.181487
1924.000000 0.242242
1925.000000 0.055741
1926.000000 0.106175
1927.000000 0.054608
1928.000000 0.156196
1929.000000 0.191216
1930.000000 0.121436
1931.000000 0.105544
1932.000000 0.104869
1933.000000 0.067944
1934.000000 0.087973
1935.000000 0.094621
1936.000000 0.017786
1937.000000 0.111994
1938.000000 0.098434
1939.000000 0.024211
1940.000000 0.301320
1941.000000 0.219538
1942.000000 0.164967
1943.000000 0.068315
1944.000000 0.175070
1945.000000 0.079213
1946.000000 0.126533
1947.000000 0.108302
1948.000000 0.042548
1949.000000 0.113555
1950.000000 0.062263
1951.000000 0.265379
1952.000000 0.010866
1953.000000 0.124316
1954.000000 0.128246
1955.000000 0.255683
1956.000000 0.183387
1957.000000 0.193232
1958.000000 0.097626
1959.000000 0.020386
1960.000000 0.105351
1961.000000 0.235308
1962.000000 0.097292
1963.000000 0.067058
1964.000000 0.130967
1965.000000 0.191856
1966.000000 0.089168
1967.000000 0.299441
1968.000000 0.163049
1969.000000 0.237518
1970.000000 0.138919
1971.000000 0.126726
1972.000000 0.048204
1973.000000 0.150797
1974.000000 0.041549
1975.000000 0.164818
1976.000000 0.153408
1977.000000 0.133240
1978.000000 0.159583
1979.000000 0.072456
1980.000000 0.041182
1981.000000 0.099820
1982.000000 0.033434
1983.000000 0.253697
1984.000000 0.199562
1985.000000 0.040138
1986.000000 0.096689
1987.000000 0.174673
1988.000000 0.048409
1989.000000 0.132749
1990.000000 0.209404
1991.000000 0.211896
1992.000000 0.160189
1993.000000 0.113707
1994.000000 0.061703
1995.000000 0.055288
1996.000000 0.105342
1997.000000 0.154020
1998.000000 0.255053
1999.000000 0.166848
2000.000000 0.166878
2001.000000 0.192058
2002.000000 0.076269
2003.000000 0.100590
2004.000000 0.274105
2005.000000 0.136519
2006.000000 0.232632
2007.000000 0.112169
2008.000000 0.089000
2009.000000 0.067041
2010.000000 0.138101
2011.000000 0.060348
2012.000000 0.162736
2013.000000 0.067883
2014.000000 0.221665
2015.000000 0.075338
2016.000000 0.092076
2017.000000 0.095294
2018.000000 0.085034
2019.000000 0.139133
2020.000000 0.236534
2021.000000 0.105595
2022.000000 0.024268
2023.000000 0.088074
2024.000000 0.054103
2025.000000 0.140363
2026.000000 0.090215
2027.000000 0.152946
2028.000000 0.043301
2029.000000 0.262663
2030.000000 0.193192
2031.000000 0.186871
2032.000000 0.112512
2033.000000 0.113824
2034.000000 0.145212
2035.000000 0.146527
2036.000000 0.174044
2037.000000 0.170132
2038.000000 0.116841
2039.000000 0.064670
2040.000000 0.112070
2041.000000 0.168830
2042.000000 0.061938
2043.000000 0.102026
2044.000000 0.171717
2045.000000 0.158162
2046.000000 0.105172
2047.000000 0.088658
2048.000000 0.137123
2049.000000 0.089621
2050.000000 0.179544
2051.000000 0.112150
2052.000000 0.168201
2053.000000 0.155017
2054.000000 0.180557
2055.000000 0.078304
2056.000000 0.177077
2057.000000 0.144865
2058.000000 0.085456
2059.000000 0.110004
2060.000000 0.192282
2061.000000 0.103039
2062.000000 0.077222
2063.000000 0.216165
2064.000000 0.056597
2065.000000 0.060542
2066.000000 0.099597
2067.000000 0.156302
2068.000000 0.097307
2069.000000 0.139477
2070.000000 0.068749
2071.000000 0.073444
2072.000000 0.304604
2073.000000 0.086442
2074.000000 0.196790
2075.000000 0.231726
2076.000000 0.134263
2077.000000 0.058969
2078.000000 0.143980
2079.000000 0.208523
2080.000000 0.040526
2081.000000 0.111846
2082.000000 0.143917
2083.000000 0.177632
2084.000000 0.255195
2085.000000 0.255073
2086.000000 0.140272
2087.000000 0.043699
2088.000000 0.137839
2089.000000 0.134887
2090.000000 0.192902
2091.000000 0.143430
2092.000000 0.075986
2093.000000 0.104441
2094.000000 0.088203
2095.000000 0.067987
2096.000000 0.087087
2097.000000 0.106175
2098.000000 0.180045
2099.000000 0.130371
2100.000000 0.092598
2101.000000 0.226923
2102.000000 0.120799
2103.000000 0.063537
2104.000000 0.189556
2105.000000 0.286326
2106.000000 0.087143
2107.000000 0.082574
2108.000000 0.205400
2109.000000 0.190787
2110.000000 0.191165
2111.000000 0.032458
2112.000000 0.146282
2113.000000 0.074360
2114.000000 0.158345
2115.000000 0.142473
2116.000000 0.269216
2117.000000 0.082329
2118.000000 0.042921
2119.000000 0.052347
2120.000000 0.083929
2121.000000 0.118319
2122.000000 0.058535
2123.000000 0.032505
2124.000000 0.173330
2125.000000 0.095386
2126.000000 0.048258
2127.000000 0.244186
2128.000000 0.129143
2129.000000 0.122188
2130.000000 0.018885
2131.000000 0.138249
2132.000000 0.045093
2133.000000 0.141913
2134.000000 0.262614
2135.000000 0.046517
2136.000000 0.083289
2137.000000 0.168406
2138.000000 0.198031
2139.000000 0.202516
2140.000000 0.057297
2141.000000 0.166523
2142.000000 0.073930
2143.000000 0.088944
2144.000000 0.291074
2145.000000 0.126970
2146.000000 0.170055
2147.000000 0.089943
2148.000000 0.191285
2149.000000 0.161960
2150.000000 0.134398
2151.000000 0.044447
2152.000000 0.243895
2153.000000 0.092162
2154.000000 0.194593
2155.000000 0.232424
2156.000000 0.128447
2157.000000 0.195278
2158.000000 0.202575
2159.000000 0.069476
2160.000000 0.046694
2161.000000 0.069132
2162.000000 0.184878
2163.000000 0.130613
2164.000000 0.046973
2165.000000 0.100261
2166.000000 0.163378
2167.000000 0.196194
2168.000000 0.155435
2169.000000 0.148219
2170.000000 0.252557
2171.000000 0.077161
2172.000000 0.245982
2173.000000 0.317465
2174.000000 0.225734
2175.000000 0.095713
2176.000000 0.233162
2177.000000 0.205020
2178.000000 0.171127
2179.000000 0.157025
2180.000000 0.240417
2181.000000 0.191660
2182.000000 0.106792
2183.000000 0.097493
2184.000000 0.150225
2185.000000 0.019208
2186.000000 0.142977
2187.000000 0.080273
2188.000000 0.110282
2189.000000 0.081800
2190.000000 0.015005
2191.000000 0.076352
2192.000000 0.019042
2193.000000 0.107165
2194.000000 0.099489
2195.000000 0.162496
2196.000000 0.121326
2197.000000 0.074857
2198.000000 0.130676
2199.000000 0.155133
2200.000000 0.177904
2201.000000 0.132590
2202.000000 0.104956
2203.000000 0.137249
2204.000000 0.138097
2205.000000 0.031921
2206.000000 0.081688
2207.000000 0.220908
2208.000000 0.115120
2209.000000 0.097813
2210.000000 0.219277
2211.000000 0.115728
2212.000000 0.063880
2213.000000 0.153356
2214.000000 0.174663
2215.000000 0.328956
2216.000000 0.037253
2217.000000 0.161841
2218.000000 0.078482
2219.000000 0.109052
2220.000000 0.193900
2221.000000 0.044757
2222.000000 0.027870
2223.000000 0.147565
2224.000000 0.229845
2225.000000 0.046087
2226.000000 0.021966
2227.000000 0.064270
2228.000000 0.006574
2229.000000 0.067495
2230.000000 0.081646
2231.000000 0.054163
2232.000000 0.108505
2233.000000 0.162584
2234.000000 0.228301
2235.000000 0.238782
2236.000000 0.251296
2237.000000 0.076322
2238.000000 0.052186
2239.000000 0.113002
2240.000000 0.125952
2241.000000 0.108262
2242.000000 0.183031
2243.000000 0.143611
2244.000000 0.036972
2245.000000 0.118568
2246.000000 0.141500
2247.000000 0.024560
2248.000000 0.210716
2249.000000 0.061794
2250.000000 0.066654
2251.000000 0.089870
2252.000000 0.174026
2253.000000 0.083587
2254.000000 0.087691
2255.000000 0.069171
2256.000000 0.094364
2257.000000 0.092797
2258.000000 0.088006
2259.000000 0.119957
2260.000000 0.041658
2261.000000 0.075471
2262.000000 0.063314
2263.000000 0.149227
2264.000000 0.148494
2265.000000 0.031651
2266.000000 0.154051
2267.000000 0.114620
2268.000000 0.227641
2269.000000 0.111512
2270.000000 0.186267
2271.000000 0.079574
2272.000000 0.146281
2273.000000 0.127032
2274.000000 0.129916
2275.000000 0.137333
2276.000000 0.086865
2277.000000 0.105238
2278.000000 0.204219
2279.000000 0.046095
2280.000000 0.111480
2281.000000 0.140264
2282.000000 0.047490
2283.000000 0.088325
2284.000000 0.040251
2285.000000 0.036288
2286.000000 0.124338
2287.000000 0.145574
2288.000000 0.122404
2289.000000 0.194579
2290.000000 0.006379
2291.000000 0.191618
2292.000000 0.115228
2293.000000 0.083911
2294.000000 0.085721
2295.000000 0.226906
2296.000000 0.143504
2297.000000 0.083343
2298.000000 0.025049
2299.000000 0.132637
2300.000000 0.116486
2301.000000 0.138737
2302.000000 0.099475
2303.000000 0.109474
2304.000000 0.153016
2305.000000 0.071604
2306.000000 0.082604
2307.000000 0.038798
2308.000000 0.174324
2309.000000 0.199146
2310.000000 0.108698
2311.000000 0.133706
2312.000000 0.050259
2313.000000 0.327945
2314.000000 0.182436
2315.000000 0.122014
2316.000000 0.155795
2317.000000 0.083066
2318.000000 0.267214
2319.000000 0.057303
2320.000000 0.206479
2321.000000 0.013738
2322.000000 0.151334
2323.000000 0.066634
2324.000000 0.111597
2325.000000 0.038407
2326.000000 0.094817
2327.000000 0.092766
2328.000000 0.118386
2329.000000 0.087915
2330.000000 0.005173
2331.000000 0.061986
2332.000000 0.083138
2333.000000 0.195882
2334.000000 0.183384
2335.000000 0.168333
2336.000000 0.035881
2337.000000 0.069210
2338.000000 0.099450
2339.000000 0.054621
2340.000000 0.085425
2341.000000 0.201376
2342.000000 0.097605
2343.000000 0.116195
2344.000000 0.189795
2345.000000 0.272418
2346.000000 0.079783
2347.000000 0.038346
2348.000000 0.299111
2349.000000 0.062620
2350.000000 0.094513
2351.000000 0.170992
2352.000000 0.256186
2353.000000 0.157484
2354.000000 0.231264
2355.000000 0.104509
2356.000000 0.130731
2357.000000 0.060677
2358.000000 0.200196
2359.000000 0.089758
2360.000000 0.351129
2361.000000 0.186306
2362.000000 0.302355
2363.000000 0.070886
2364.000000 0.110907
2365.000000 0.217736
2366.000000 0.140406
2367.000000 0.062532
2368.000000 0.179382
2369.000000 0.044181
2370.000000 0.191719
2371.000000 0.066464
2372.000000 0.219261
2373.000000 0.295489
2374.000000 0.033826
2375.000000 0.081308
2376.000000 0.106216
2377.000000 0.247671
2378.000000 0.195953
2379.000000 0.016325
2380.000000 0.147908
2381.000000 0.135303
2382.000000 0.200432
2383.000000 0.055186
2384.000000 0.130396
2385.000000 0.156047
2386.000000 0.095305
2387.000000 0.206942
2388.000000 0.034147
2389.000000 0.127450
2390.000000 0.116828
2391.000000 0.193100
2392.000000 0.215505
2393.000000 0.115811
2394.000000 0.143115
2395.000000 0.181130
2396.000000 0.171678
2397.000000 0.026144
2398.000000 0.158165
2399.000000 0.156209
2400.000000 0.128457
2401.000000 0.054849
2402.000000 0.201088
2403.000000 0.189079
2404.000000 0.042058
2405.000000 0.097242
2406.000000 0.165817
2407.000000 0.168003
2408.000000 0.053341
2409.000000 0.156618
2410.000000 0.154851
2411.000000 0.001765
2412.000000 0.182977
2413.000000 0.136112
2414.000000 0.251749
2415.000000 0.137018
2416.000000 0.200130
2417.000000 0.118953
2418.000000 0.050724
2419.000000 0.145538
2420.000000 0.044933
2421.000000 0.062544
2422.000000 0.047192
2423.000000 0.149722
2424.000000 0.178997
2425.000000 0.250330
2426.000000 0.121208
2427.000000 0.021769
2428.000000 0.120330
2429.000000 0.178281
2430.000000 0.191137
2431.000000 0.031128
2432.000000 0.107753
2433.000000 0.176922
2434.000000 0.199081
2435.000000 0.031348
2436.000000 0.160350
2437.000000 0.044264
2438.000000 0.183704
2439.000000 0.140307
2440.000000 0.085850
2441.000000 0.073574
2442.000000 0.076544
2443.000000 0.077929
2444.000000 0.166309
2445.000000 0.090163
2446.000000 0.161572
2447.000000 0.186447
2448.000000 0.263835
2449.000000 0.192067
2450.000000 0.126612
2451.000000 0.057186
2452.000000 0.208587
2453.000000 0.092025
2454.000000 0.264904
2455.000000 0.220074
2456.000000 0.164958
2457.000000 0.040421
2458.000000 0.081230
2459.000000 0.016411
2460.000000 0.124323
2461.000000 0.171394
2462.000000 0.169160
2463.000000 0.115678
2464.000000 0.094369
2465.000000 0.073545
2466.000000 0.156245
2467.000000 0.175144
2468.000000 0.044522
2469.000000 0.244827
2470.000000 0.108196
2471.000000 0.253333
2472.000000 0.251190
2473.000000 0.105599
2474.000000 0.040081
2475.000000 0.143065
2476.000000 0.096273
2477.000000 0.073140
2478.000000 0.062570
2479.000000 0.207078
2480.000000 0.111474
2481.000000 0.132974
2482.000000 0.192333
2483.000000 0.149042
2484.000000 0.026962
2485.000000 0.108331
2486.000000 0.116897
2487.000000 0.082469
2488.000000 0.188179
2489.000000 0.161304
2490.000000 0.115589
2491.000000 0.116212
2492.000000 0.108326
2493.000000 0.018057
2494.000000 0.056128
2495.000000 0.194916
2496.000000 0.086973
2497.000000 0.072185
2498.000000 0.144384
2499.000000 0.024799
2500.000000 0.107913
2501.000000 0.083674
2502.000000 0.074378
2503.000000 0.224472
2504.000000 0.116855
2505.000000 0.208208
2506.000000 0.119285
2507.000000 0.201483
2508.000000 0.063133
2509.000000 0.168009
2510.000000 0.229175
2511.000000 0.173114
2512.000000 0.111045
2513.000000 0.163407
2514.000000 0.243395
2515.000000 0.045733
2516.000000 0.188452
2517.000000 0.143971
2518.000000 0.060003
2519.000000 0.188573
2520.000000 0.095174
2521.000000 0.036850
2522.000000 0.060352
2523.000000 0.017505
2524.000000 0.110011
2525.000000 0.111307
2526.000000 0.128533
2527.000000 0.042001
2528.000000 0.064097
2529.000000 0.108616
2530.000000 0.119506
2531.000000 0.151474
2532.000000 0.145635
2533.000000 0.089447
2534.000000 0.068554
2535.000000 0.286260
2536.000000 0.144203
2537.000000 0.045440
2538.000000 0.042182
2539.000000 0.104521
2540.000000 0.074644
2541.000000 0.182046
2542.000000 0.242287
2543.000000 0.215943
2544.000000 0.059676
2545.000000 0.017482
2546.000000 0.062164
2547.000000 0.066527
2548.000000 0.197004
2549.000000 0.053815
2550.000000 0.124328
2551.000000 0.137487
2552.000000 0.087526
2553.000000 0.147976
2554.000000 0.070098
2555.000000 0.084627
2556.000000 0.012018
2557.000000 0.073558
2558.000000 0.065516
2559.000000 0.163444
2560.000000 0.095630
2561.000000 0.026018
2562.000000 0.238679
2563.000000 0.173211
2564.000000 0.043319
2565.000000 0.097591
2566.000000 0.186873
2567.000000 0.036836
2568.000000 0.210998
2569.000000 0.153221
2570.000000 0.170730
2571.000000 0.060367
2572.000000 0.031457
2573.000000 0.158308
2574.000000 0.031018
2575.000000 0.135568
2576.000000 0.103084
2577.000000 0.184349
2578.000000 0.153132
2579.000000 0.172994
2580.000000 0.083322
2581.000000 0.019596
2582.000000 0.167210
2583.000000 0.147502
2584.000000 0.044790
2585.000000 0.157779
2586.000000 0.089042
2587.000000 0.091036
2588.000000 0.039924
2589.000000 0.251418
2590.000000 0.075892
2591.000000 0.187950
2592.000000 0.118137
2593.000000 0.093083
2594.000000 0.056921
2595.000000 0.135656
2596.000000 0.117862
2597.000000 0.111450
2598.000000 0.134440
2599.000000 0.131722
2600.000000 0.107988
2601.000000 0.064266
2602.000000 0.161643
2603.000000 0.118242
2604.000000 0.209176
2605.000000 0.038987
2606.000000 0.150605
2607.000000 0.110266
2608.000000 0.062771
2609.000000 0.201007
2610.000000 0.133874
2611.000000 0.103388
2612.000000 0.093002
2613.000000 0.231003
2614.000000 0.038046
2615.000000 0.233759
2616.000000 0.173839
2617.000000 0.060664
2618.000000 0.048426
2619.000000 0.108454
2620.000000 0.042662
2621.000000 0.058648
2622.000000 0.136100
2623.000000 0.053344
2624.000000 0.119933
2625.000000 0.052371
2626.000000 0.100620
2627.000000 0.115918
2628.000000 0.069602
2629.000000 0.310915
2630.000000 0.199045
2631.000000 0.144655
2632.000000 0.176527
2633.000000 0.087436
2634.000000 0.113581
2635.000000 0.262767
2636.000000 0.139505
2637.000000 0.085597
2638.000000 0.171111
2639.000000 0.116258
2640.000000 0.139602
2641.000000 0.079999
2642.000000 0.178107
2643.000000 0.105647
2644.000000 0.213870
2645.000000 0.170199
2646.000000 0.243763
2647.000000 0.171595
2648.000000 0.065394
2649.000000 0.027100
2650.000000 0.071936
2651.000000 0.059007
2652.000000 0.081515
2653.000000 0.062110
2654.000000 0.037761
2655.000000 0.070608
2656.000000 0.027907
2657.000000 0.116437
2658.000000 0.017378
2659.000000 0.180220
2660.000000 0.123139
2661.000000 0.092178
2662.000000 0.213493
2663.000000 0.084947
2664.000000 0.090445
2665.000000 0.156426
2666.000000 0.120362
2667.000000 0.204658
2668.000000 0.126128
2669.000000 0.134010
2670.000000 0.054356
2671.000000 0.099398
2672.000000 0.092448
2673.000000 0.217758
2674.000000 0.188923
2675.000000 0.068185
2676.000000 0.193679
2677.000000 0.146754
2678.000000 0.235377
2679.000000 0.152389
2680.000000 0.064549
2681.000000 0.172800
2682.000000 0.110995
2683.000000 0.108840
2684.000000 0.109021
2685.000000 0.070717
2686.000000 0.100427
2687.000000 0.145246
2688.000000 0.153359
2689.000000 0.173355
2690.000000 0.155922
2691.000000 0.066438
2692.000000 0.124325
2693.000000 0.040013
2694.000000 0.100498
2695.000000 0.038738
2696.000000 0.039724
2697.000000 0.276147
2698.000000 0.073131
2699.000000 0.173662
2700.000000 0.180445
2701.000000 0.241760
2702.000000 0.118415
2703.000000 0.074389
2704.000000 0.047700
2705.000000 0.061880
2706.000000 0.029208
2707.000000 0.014235
2708.000000 0.241115
2709.000000 0.158927
2710.000000 0.102883
2711.000000 0.049714
2712.000000 0.085353
2713.000000 0.025131
2714.000000 0.027302
2715.000000 0.079310
2716.000000 0.064030
2717.000000 0.179849
2718.000000 0.155854
2719.000000 0.136847
2720.000000 0.102582
2721.000000 0.135929
2722.000000 0.081364
2723.000000 0.339329
2724.000000 0.252713
2725.000000 0.336188
2726.000000 0.045452
2727.000000 0.137732
2728.000000 0.019555
2729.000000 0.100345
2730.000000 0.126260
2731.000000 0.067113
2732.000000 0.110454
2733.000000 0.129187
2734.000000 0.162548
2735.000000 0.020653
2736.000000 0.097827
2737.000000 0.141016
2738.000000 0.107128
2739.000000 0.090594
2740.000000 0.152238
2741.000000 0.098076
2742.000000 0.207711
2743.000000 0.168246
2744.000000 0.135446
2745.000000 0.044486
2746.000000 0.087515
2747.000000 0.173838
2748.000000 0.131586
2749.000000 0.199948
2750.000000 0.181308
2751.000000 0.173804
2752.000000 0.059217
2753.000000 0.074987
2754.000000 0.250335
2755.000000 0.052108
2756.000000 0.209693
2757.000000 0.166877
2758.000000 0.182593
2759.000000 0.079634
2760.000000 0.134208
2761.000000 0.192756
2762.000000 0.153883
2763.000000 0.058512
2764.000000 0.168179
2765.000000 0.040740
2766.000000 0.147856
2767.000000 0.238943
2768.000000 0.001797
2769.000000 0.073952
2770.000000 0.105886
2771.000000 0.078798
2772.000000 0.060030
2773.000000 0.093108
2774.000000 0.014016
2775.000000 0.049847
2776.000000 0.238347
2777.000000 0.147781
2778.000000 0.043480
2779.000000 0.074957
2780.000000 0.038791
2781.000000 0.018974
2782.000000 0.132037
2783.000000 0.019518
2784.000000 0.173360
2785.000000 0.156584
2786.000000 0.056209
2787.000000 0.087252
2788.000000 0.174136
2789.000000 0.161900
2790.000000 0.116762
2791.000000 0.076564
2792.000000 0.153207
2793.000000 0.234836
2794.000000 0.123423
2795.000000 0.123807
2796.000000 0.093169
2797.000000 0.136431
2798.000000 0.057384
2799.000000 0.098559
2800.000000 0.119519
2801.000000 0.163961
2802.000000 0.217336
2803.000000 0.160785
2804.000000 0.145939
2805.000000 0.080777
2806.000000 0.227579
2807.000000 0.094982
2808.000000 0.204752
2809.000000 0.136801
2810.000000 0.170028
2811.000000 0.059111
2812.000000 0.126123
2813.000000 0.212175
2814.000000 0.016199
2815.000000 0.021884
2816.000000 0.245363
2817.000000 0.199742
2818.000000 0.243936
2819.000000 0.068583
2820.000000 0.249538
2821.000000 0.040433
2822.000000 0.078921
2823.000000 0.083363
2824.000000 0.216887
2825.000000 0.135395
2826.000000 0.200874
2827.000000 0.055931
2828.000000 0.058376
2829.000000 0.176093
2830.000000 0.123647
2831.000000 0.124629
2832.000000 0.076903
2833.000000 0.080464
2834.000000 0.137341
2835.000000 0.060372
2836.000000 0.209957
2837.000000 0.118970
2838.000000 0.067640
2839.000000 0.027913
2840.000000 0.147992
2841.000000 0.093628
2842.000000 0.104722
2843.000000 0.011878
2844.000000 0.146362
2845.000000 0.171765
2846.000000 0.112574
2847.000000 0.136025
2848.000000 0.139550
2849.000000 0.247958
2850.000000 0.274622
2851.000000 0.025961
2852.000000 0.182413
2853.000000 0.122517
2854.000000 0.083800
2855.000000 0.099913
2856.000000 0.155290
2857.000000 0.117581
2858.000000 0.116866
2859.000000 0.087423
2860.000000 0.036325
2861.000000 0.139813
2862.000000 0.174549
2863.000000 0.136175
2864.000000 0.155251
2865.000000 0.193368
2866.000000 0.140336
2867.000000 0.196798
2868.000000 0.098263
2869.000000 0.021447
2870.000000 0.049697
2871.000000 0.128411
2872.000000 0.076630
2873.000000 0.096702
2874.000000 0.019762
2875.000000 0.180308
2876.000000 0.096138
2877.000000 0.148358
2878.000000 0.167208
2879.000000 0.120990
2880.000000 0.097798
2881.000000 0.058065
2882.000000 0.117513
2883.000000 0.047328
2884.000000 0.037513
2885.000000 0.184239
2886.000000 0.054558
2887.000000 0.108904
2888.000000 0.106687
2889.000000 0.074218
2890.000000 0.100673
2891.000000 0.067454
2892.000000 0.205859
2893.000000 0.033783
2894.000000 0.260865
2895.000000 0.198200
2896.000000 0.085768
2897.000000 0.073524
2898.000000 0.042470
2899.000000 0.081169
2900.000000 0.022553
2901.000000 0.101568
2902.000000 0.176411
2903.000000 0.148882
2904.000000 0.082056
2905.000000 0.180929
2906.000000 0.091731
2907.000000 0.063122
2908.000000 0.110682
2909.000000 0.121499
2910.000000 0.117891
2911.000000 0.013381
2912.000000 0.103558
2913.000000 0.183811
2914.000000 0.105744
2915.000000 0.101946
2916.000000 0.125723
2917.000000 0.099071
2918.000000 0.051382
2919.000000 0.095148
2920.000000 0.045530
2921.000000 0.145384
2922.000000 0.078288
2923.000000 0.060187
2924.000000 0.021423
2925.000000 0.244246
2926.000000 0.108414
2927.000000 0.118988
2928.000000 0.096098
2929.000000 0.083366
2930.000000 0.216458
2931.000000 0.108097
2932.000000 0.193427
2933.000000 0.180208
2934.000000 0.071600
2935.000000 0.074735
2936.000000 0.193634
2937.000000 0.003331
2938.000000 0.065366
2939.000000 0.048707
2940.000000 0.037191
2941.000000 0.092829
2942.000000 0.077226
2943.000000 0.102110
2944.000000 0.144036
2945.000000 0.105568
2946.000000 0.293424
2947.000000 0.217963
2948.000000 0.219323
2949.000000 0.121313
2950.000000 0.109837
2951.000000 0.238628
2952.000000 0.040706
2953.000000 0.134224
2954.000000 0.124733
2955.000000 0.215206
2956.000000 0.247568
2957.000000 0.132834
2958.000000 0.118751
2959.000000 0.166248
2960.000000 0.060690
2961.000000 0.179623
2962.000000 0.107251
2963.000000 0.029692
2964.000000 0.088299
2965.000000 0.233978
2966.000000 0.186354
2967.000000 0.168605
2968.000000 0.047593
2969.000000 0.156504
2970.000000 0.111554
2971.000000 0.219555
2972.000000 0.147761
2973.000000 0.071539
2974.000000 0.211159
2975.000000 0.062357
2976.000000 0.192033
2977.000000 0.069813
2978.000000 0.015599
2979.000000 0.089236
2980.000000 0.147836
2981.000000 0.041646
2982.000000 0.138628
2983.000000 0.055979
2984.000000 0.073378
2985.000000 0.051891
2986.000000 0.114752
2987.000000 0.028247
2988.000000 0.144338
2989.000000 0.226924
2990.000000 0.033567
2991.000000 0.108144
2992.000000 0.149206
2993.000000 0.122835
2994.000000 0.141530
2995.000000 0.107648
2996.000000 0.158701
2997.000000 0.073539
2998.000000 0.059511
2999.000000 0.077579
3000.000000 0.147026
