10.000000 0.274351
20.000000 0.215722
30.000000 0.180393
40.000000 0.216507
50.000000 0.345494
60.000000 0.318673
70.000000 0.293402
80.000000 0.216780
90.000000 0.137944
100.000000 0.176116
110.000000 0.300166
120.000000 0.167491
130.000000 0.127276
140.000000 0.338548
150.000000 0.037991
160.000000 0.283013
170.000000 0.461019
180.000000 0.139339
190.000000 0.204325
200.000000 0.353810
210.000000 0.196815
220.000000 0.182722
230.000000 0.225749
240.000000 0.133400
250.000000 0.433418
260.000000 0.438124
270.000000 0.075175
280.000000 0.464481
290.000000 0.241822
300.000000 0.315163
310.000000 0.336439
320.000000 0.414536
330.000000 0.149961
340.000000 0.330091
350.000000 0.201239
360.000000 0.216427
370.000000 0.158084
380.000000 0.227228
390.000000 0.186916
400.000000 0.063895
410.000000 0.271473
420.000000 0.055683
430.000000 0.362467
440.000000 0.289883
450.000000 0.217102
460.000000 0.264826
470.000000 0.165321
480.000000 0.282569
490.000000 0.230169
500.000000 0.172287
510.000000 0.326209
520.000000 0.150481
530.000000 0.320189
540.000000 0.136375
550.000000 0.202190
560.000000 0.294733
570.000000 0.387065
580.000000 0.139209
590.000000 0.173554
600.000000 0.275277
610.000000 0.200138
620.000000 0.090797
630.000000 0.322587
640.000000 0.223565
650.000000 0.303157
660.000000 0.146051
670.000000 0.166058
680.000000 0.182144
690.000000 0.388431
700.000000 0.274228
710.000000 0.090501
720.000000 0.250015
730.000000 0.297573
740.000000 0.292273
750.000000 0.158801
760.000000 0.273680
770.000000 0.230766
780.000000 0.184015
790.000000 0.213212
800.000000 0.239440
810.000000 0.338753
820.000000 0.279299
830.000000 0.015113
840.000000 0.248226
850.000000 0.165226
860.000000 0.286145
870.000000 0.458721
880.000000 0.332560
890.000000 0.093074
900.000000 0.250172
910.000000 0.079506
920.000000 0.375297
930.000000 0.159018
940.000000 0.320006
950.000000 0.137225
960.000000 0.105833
970.000000 0.247160
980.000000 0.016198
990.000000 0.145460
1000.000000 0.267686
