0.000000 0.128633
1.000000 0.052767
2.000000 0.102620
3.000000 0.032795
4.000000 0.042619
5.000000 0.261641
6.000000 0.129814
7.000000 0.073213
8.000000 0.075988
9.000000 0.139678
10.000000 0.115304
11.000000 0.157551
12.000000 0.070945
13.000000 0.268617
14.000000 0.241033
15.000000 0.130704
16.000000 0.031118
17.000000 0.199617
18.000000 0.314378
19.000000 0.226734
20.000000 0.215039
21.000000 0.224028
22.000000 0.303179
23.000000 0.108471
24.000000 0.202312
25.000000 0.065992
26.000000 0.063207
27.000000 0.118235
28.000000 0.155360
29.000000 0.163196
30.000000 0.264651
31.000000 0.120262
32.000000 0.173298
33.000000 0.154451
34.000000 0.114492
35.000000 0.183350
36.000000 0.207573
37.000000 0.081306
38.000000 0.165389
39.000000 0.240660
40.000000 0.281123
41.000000 0.227050
42.000000 0.120672
43.000000 0.040609
44.000000 0.210212
45.000000 0.257096
46.000000 0.206552
47.000000 0.120543
48.000000 0.193702
49.000000 0.276131
50.000000 0.164194
51.000000 0.122481
52.000000 0.360906
53.000000 0.144640
54.000000 0.208380
55.000000 0.329332
56.000000 0.291487
57.000000 0.147961
58.000000 0.154582
59.000000 0.127573
60.000000 0.280362
61.000000 0.184615
62.000000 0.184897
63.000000 0.228095
64.000000 0.106195
65.000000 0.252084
66.000000 0.083157
67.000000 0.069454
68.000000 0.037075
69.000000 0.026150
70.000000 0.020748
71.000000 0.143218
72.000000 0.169743
73.000000 0.135370
74.000000 0.242387
75.000000 0.157529
76.000000 0.188028
77.000000 0.219473
78.000000 0.293296
79.000000 0.158505
80.000000 0.338517
81.000000 0.146489
82.000000 0.331034
83.000000 0.049907
84.000000 0.165731
85.000000 0.049713
86.000000 0.085958
87.000000 0.079377
88.000000 0.235192
89.000000 0.100012
90.000000 0.233341
91.000000 0.226724
92.000000 0.008894
93.000000 0.117960
94.000000 0.170948
95.000000 0.287318
96.000000 0.060334
97.000000 0.060790
98.000000 0.174013
99.000000 0.159070
100.000000 0.048784
101.000000 0.067346
102.000000 0.225899
103.000000 0.092940
104.000000 0.204349
105.000000 0.026846
106.000000 0.106163
107.000000 0.326411
108.000000 0.354924
109.000000 0.208671
110.000000 0.121450
111.000000 0.303479
112.000000 0.189439
113.000000 0.148574
114.000000 0.341485
115.000000 0.206273
116.000000 0.087677
117.000000 0.204357
118.000000 0.274273
119.000000 0.257762
120.000000 0.172318
121.000000 0.126564
122.000000 0.266085
123.000000 0.281452
124.000000 0.087633
125.000000 0.149859
126.000000 0.139531
127.000000 0.153420
128.000000 0.152558
129.000000 0.033104
130.000000 0.233317
131.000000 0.317100
132.000000 0.192076
133.000000 0.150476
134.000000 0.198057
135.000000 0.191822
136.000000 0.109723
137.000000 0.085655
138.000000 0.237813
139.000000 0.084549
140.000000 0.150651
141.000000 0.318652
142.000000 0.077634
143.000000 0.126528
144.000000 0.348044
145.000000 0.165358
146.000000 0.125851
147.000000 0.221293
148.000000 0.060653
149.000000 0.157590
150.000000 0.070224
151.000000 0.190893
152.000000 0.107855
153.000000 0.170719
154.000000 0.173622
155.000000 0.091395
156.000000 0.103236
157.000000 0.198551
158.000000 0.199486
159.000000 0.085567
160.000000 0.075114
161.000000 0.108562
162.000000 0.212677
163.000000 0.137661
164.000000 0.048593
165.000000 0.227707
166.000000 0.084505
167.000000 0.136923
168.000000 0.057137
169.000000 0.143580
170.000000 0.099669
171.000000 0.235760
172.000000 0.174552
173.000000 0.054029
174.000000 0.176012
175.000000 0.307535
176.000000 0.244658
177.000000 0.198160
178.000000 0.222134
179.000000 0.295559
180.000000 0.350570
181.000000 0.116527
182.000000 0.287588
183.000000 0.261993
184.000000 0.233290
185.000000 0.251494
186.000000 0.131482
187.000000 0.198291
188.000000 0.259496
189.000000 0.085558
190.000000 0.321503
191.000000 0.324818
192.000000 0.184588
193.000000 0.149461
194.000000 0.283408
195.000000 0.268483
196.000000 0.300620
197.000000 0.352835
198.000000 0.243212
199.000000 0.313830
200.000000 0.128251
201.000000 0.178651
202.000000 0.239932
203.000000 0.383427
204.000000 0.242573
205.000000 0.257034
206.000000 0.145904
207.000000 0.179909
208.000000 0.267339
209.000000 0.208749
210.000000 0.275825
211.000000 0.206083
212.000000 0.236281
213.000000 0.383360
214.000000 0.104822
215.000000 0.034403
216.000000 0.114141
217.000000 0.051270
218.000000 0.353399
219.000000 0.155280
220.000000 0.197078
221.000000 0.045992
222.000000 0.082485
223.000000 0.113715
224.000000 0.285527
225.000000 0.019660
226.000000 0.080752
227.000000 0.196090
228.000000 0.136700
229.000000 0.127118
230.000000 0.273730
231.000000 0.081762
232.000000 0.250388
233.000000 0.229610
234.000000 0.073645
235.000000 0.116319
236.000000 0.136941
237.000000 0.238845
238.000000 0.180753
239.000000 0.103901
240.000000 0.080186
241.000000 0.127788
242.000000 0.173193
243.000000 0.137879
244.000000 0.235414
245.000000 0.110398
246.000000 0.239431
247.000000 0.068598
248.000000 0.101310
249.000000 0.248405
250.000000 0.194919
251.000000 0.067512
252.000000 0.207613
253.000000 0.240239
254.000000 0.212927
255.000000 0.065396
256.000000 0.035703
257.000000 0.146869
258.000000 0.193456
259.000000 0.188156
260.000000 0.197528
261.000000 0.270998
262.000000 0.114462
263.000000 0.136399
264.000000 0.112603
265.000000 0.166462
266.000000 0.179718
267.000000 0.070692
268.000000 0.246496
269.000000 0.095850
270.000000 0.155957
271.000000 0.063999
272.000000 0.089529
273.000000 0.020860
274.000000 0.013674
275.000000 0.124657
276.000000 0.152981
277.000000 0.164235
278.000000 0.233230
279.000000 0.031143
280.000000 0.165381
281.000000 0.119671
282.000000 0.098008
283.000000 0.191514
284.000000 0.318497
285.000000 0.261712
286.000000 0.215228
287.000000 0.238755
288.000000 0.182426
289.000000 0.472922
290.000000 0.216697
291.000000 0.189549
292.000000 0.157564
293.000000 0.266171
294.000000 0.197938
295.000000 0.131174
296.000000 0.192435
297.000000 0.269654
298.000000 0.142160
299.000000 0.265809
300.000000 0.429232
301.000000 0.035743
302.000000 0.222217
303.000000 0.228810
304.000000 0.214022
305.000000 0.319605
306.000000 0.225083
307.000000 0.148527
308.000000 0.235754
309.000000 0.156526
310.000000 0.256033
311.000000 0.260233
312.000000 0.204357
313.000000 0.093981
314.000000 0.222865
315.000000 0.150812
316.000000 0.167421
317.000000 0.200482
318.000000 0.134038
319.000000 0.187688
320.000000 0.138899
321.000000 0.209864
322.000000 0.101125
323.000000 0.184399
324.000000 0.096343
325.000000 0.029324
326.000000 0.152282
327.000000 0.114686
328.000000 0.230567
329.000000 0.183734
330.000000 0.156750
331.000000 0.288976
332.000000 0.264906
333.000000 0.147112
334.000000 0.146452
335.000000 0.188140
336.000000 0.197107
337.000000 0.120494
338.000000 0.206645
339.000000 0.100804
340.000000 0.091164
341.000000 0.044749
342.000000 0.099347
343.000000 0.072243
344.000000 0.118266
345.000000 0.031887
346.000000 0.352855
347.000000 0.399368
348.000000 0.039350
349.000000 0.301384
350.000000 0.062351
351.000000 0.140751
352.000000 0.113177
353.000000 0.120937
354.000000 0.189201
355.000000 0.138297
356.000000 0.141828
357.000000 0.135338
358.000000 0.094272
359.000000 0.056767
360.000000 0.086006
361.000000 0.099577
362.000000 0.096011
363.000000 0.120307
364.000000 0.229643
365.000000 0.212878
366.000000 0.058679
367.000000 0.243619
368.000000 0.181118
369.000000 0.267961
370.000000 0.254355
371.000000 0.104336
372.000000 0.290784
373.000000 0.187183
374.000000 0.167370
375.000000 0.072916
376.000000 0.323784
377.000000 0.298116
378.000000 0.079685
379.000000 0.094727
380.000000 0.229800
381.000000 0.142494
382.000000 0.069123
383.000000 0.043016
384.000000 0.223491
385.000000 0.228618
386.000000 0.133555
387.000000 0.137923
388.000000 0.106297
389.000000 0.067565
390.000000 0.214387
391.000000 0.334236
392.000000 0.168260
393.000000 0.225879
394.000000 0.250128
395.000000 0.163394
396.000000 0.261415
397.000000 0.053811
398.000000 0.207162
399.000000 0.244163
400.000000 0.245476
401.000000 0.133255
402.000000 0.172032
403.000000 0.061546
404.000000 0.189886
405.000000 0.218914
406.000000 0.201376
407.000000 0.172416
408.000000 0.143685
409.000000 0.032787
410.000000 0.259192
411.000000 0.054225
412.000000 0.241097
413.000000 0.165531
414.000000 0.107357
415.000000 0.171449
416.000000 0.236674
417.000000 0.309431
418.000000 0.128866
419.000000 0.096386
420.000000 0.098195
421.000000 0.128531
422.000000 0.215375
423.000000 0.347893
424.000000 0.185793
425.000000 0.305556
426.000000 0.333192
427.000000 0.228376
428.000000 0.175252
429.000000 0.204813
430.000000 0.110860
431.000000 0.143505
432.000000 0.153483
433.000000 0.167127
434.000000 0.250950
435.000000 0.236077
436.000000 0.092088
437.000000 0.183698
438.000000 0.015100
439.000000 0.080271
440.000000 0.115688
441.000000 0.098086
442.000000 0.285622
443.000000 0.251301
444.000000 0.078734
445.000000 0.160502
446.000000 0.150721
447.000000 0.160300
448.000000 0.200229
449.000000 0.169366
450.000000 0.139079
451.000000 0.132810
452.000000 0.216896
453.000000 0.122853
454.000000 0.272656
455.000000 0.037643
456.000000 0.036776
457.000000 0.233004
458.000000 0.036663
459.000000 0.154093
460.000000 0.415345
461.000000 0.235159
462.000000 0.299787
463.000000 0.184340
464.000000 0.122831
465.000000 0.232960
466.000000 0.117809
467.000000 0.226500
468.000000 0.048005
469.000000 0.036648
470.000000 0.142757
471.000000 0.234758
472.000000 0.196284
473.000000 0.210177
474.000000 0.067927
475.000000 0.248725
476.000000 0.085126
477.000000 0.113925
478.000000 0.155014
479.000000 0.136922
480.000000 0.230600
481.000000 0.179305
482.000000 0.093523
483.000000 0.218399
484.000000 0.072470
485.000000 0.221432
486.000000 0.160472
487.000000 0.026678
488.000000 0.053352
489.000000 0.250594
490.000000 0.210323
491.000000 0.125288
492.000000 0.227907
493.000000 0.200031
494.000000 0.108995
495.000000 0.072831
496.000000 0.146742
497.000000 0.052560
498.000000 0.097913
499.000000 0.205111
500.000000 0.092946
501.000000 0.109773
502.000000 0.146424
503.000000 0.170954
504.000000 0.298131
505.000000 0.178560
506.000000 0.141360
507.000000 0.065001
508.000000 0.034312
509.000000 0.088969
510.000000 0.163564
511.000000 0.310746
512.000000 0.087689
513.000000 0.123335
514.000000 0.184785
515.000000 0.047613
516.000000 0.175031
517.000000 0.129586
518.000000 0.226777
519.000000 0.066172
520.000000 0.171922
521.000000 0.112907
522.000000 0.063717
523.000000 0.283025
524.000000 0.207545
525.000000 0.060621
526.000000 0.200062
527.000000 0.201440
528.000000 0.021128
529.000000 0.074848
530.000000 0.116192
531.000000 0.080096
532.000000 0.190384
533.000000 0.091354
534.000000 0.186152
535.000000 0.150277
536.000000 0.088982
537.000000 0.124887
538.000000 0.079831
539.000000 0.016274
540.000000 0.037142
541.000000 0.087680
542.000000 0.285964
543.000000 0.185956
544.000000 0.241887
545.000000 0.279060
546.000000 0.116608
547.000000 0.168423
548.000000 0.077162
549.000000 0.152922
550.000000 0.148341
551.000000 0.061949
552.000000 0.163381
553.000000 0.254430
554.000000 0.071757
555.000000 0.071867
556.000000 0.146457
557.000000 0.198165
558.000000 0.090886
559.000000 0.117840
560.000000 0.138368
561.000000 0.071113
562.000000 0.100446
563.000000 0.114952
564.000000 0.185916
565.000000 0.197274
566.000000 0.168051
567.000000 0.038247
568.000000 0.146492
569.000000 0.189023
570.000000 0.149679
571.000000 0.070026
572.000000 0.104903
573.000000 0.237427
574.000000 0.105712
575.000000 0.159475
576.000000 0.057606
577.000000 0.109535
578.000000 0.174500
579.000000 0.310744
580.000000 0.143486
581.000000 0.131466
582.000000 0.116836
583.000000 0.103039
584.000000 0.150210
585.000000 0.083424
586.000000 0.159025
587.000000 0.209712
588.000000 0.183907
589.000000 0.060433
590.000000 0.176927
591.000000 0.424009
592.000000 0.054219
593.000000 0.263963
594.000000 0.152416
595.000000 0.273011
596.000000 0.293713
597.000000 0.200484
598.000000 0.092183
599.000000 0.199735
600.000000 0.243384
601.000000 0.058667
602.000000 0.248194
603.000000 0.136672
604.000000 0.213935
605.000000 0.137371
606.000000 0.228338
607.000000 0.059713
608.000000 0.150569
609.000000 0.163263
610.000000 0.120018
611.000000 0.056704
612.000000 0.084669
613.000000 0.069914
614.000000 0.243589
615.000000 0.024027
616.000000 0.107602
617.000000 0.067396
618.000000 0.240363
619.000000 0.195452
620.000000 0.214802
621.000000 0.140513
622.000000 0.163710
623.000000 0.190065
624.000000 0.176883
625.000000 0.241516
626.000000 0.161395
627.000000 0.256712
628.000000 0.111763
629.000000 0.203710
630.000000 0.059636
631.000000 0.030606
632.000000 0.379615
633.000000 0.116780
634.000000 0.144264
635.000000 0.098853
636.000000 0.082174
637.000000 0.168509
638.000000 0.045930
639.000000 0.034235
640.000000 0.337575
641.000000 0.391912
642.000000 0.247391
643.000000 0.061744
644.000000 0.110567
645.000000 0.077647
646.000000 0.118462
647.000000 0.191046
648.000000 0.187640
649.000000 0.117597
650.000000 0.185679
651.000000 0.123238
652.000000 0.076088
653.000000 0.119281
654.000000 0.178797
655.000000 0.207220
656.000000 0.179867
657.000000 0.130557
658.000000 0.214599
659.000000 0.032101
660.000000 0.362593
661.000000 0.040993
662.000000 0.193826
663.000000 0.156637
664.000000 0.076449
665.000000 0.045970
666.000000 0.167593
667.000000 0.081700
668.000000 0.037394
669.000000 0.040780
670.000000 0.031914
671.000000 0.130837
672.000000 0.107825
673.000000 0.134428
674.000000 0.060739
675.000000 0.071915
676.000000 0.111164
677.000000 0.065817
678.000000 0.086079
679.000000 0.329024
680.000000 0.137211
681.000000 0.118223
682.000000 0.266483
683.000000 0.142363
684.000000 0.118716
685.000000 0.170405
686.000000 0.322136
687.000000 0.325831
688.000000 0.041605
689.000000 0.058694
690.000000 0.178134
691.000000 0.037903
692.000000 0.113578
693.000000 0.222526
694.000000 0.123879
695.000000 0.157712
696.000000 0.090138
697.000000 0.124781
698.000000 0.174796
699.000000 0.194750
700.000000 0.269366
701.000000 0.317874
702.000000 0.278541
703.000000 0.055851
704.000000 0.248396
705.000000 0.057229
706.000000 0.087623
707.000000 0.125640
708.000000 0.101643
709.000000 0.057787
710.000000 0.215609
711.000000 0.231946
712.000000 0.153847
713.000000 0.203076
714.000000 0.086089
715.000000 0.056086
716.000000 0.197821
717.000000 0.204999
718.000000 0.053727
719.000000 0.047643
720.000000 0.132675
721.000000 0.222610
722.000000 0.057764
723.000000 0.222492
724.000000 0.133387
725.000000 0.139651
726.000000 0.386745
727.000000 0.182887
728.000000 0.164481
729.000000 0.043868
730.000000 0.088211
731.000000 0.111607
732.000000 0.278724
733.000000 0.025783
734.000000 0.259060
735.000000 0.149995
736.000000 0.047612
737.000000 0.336378
738.000000 0.159458
739.000000 0.214682
740.000000 0.180833
741.000000 0.145360
742.000000 0.178303
743.000000 0.041926
744.000000 0.151293
745.000000 0.174514
746.000000 0.074757
747.000000 0.080220
748.000000 0.109519
749.000000 0.139584
750.000000 0.210883
751.000000 0.143213
752.000000 0.138330
753.000000 0.175480
754.000000 0.104405
755.000000 0.249945
756.000000 0.315226
757.000000 0.286667
758.000000 0.166752
759.000000 0.194101
760.000000 0.186920
761.000000 0.106533
762.000000 0.199558
763.000000 0.047913
764.000000 0.183096
765.000000 0.068510
766.000000 0.100048
767.000000 0.109410
768.000000 0.168344
769.000000 0.184744
770.000000 0.129214
771.000000 0.211329
772.000000 0.119630
773.000000 0.013085
774.000000 0.216135
775.000000 0.256425
776.000000 0.186412
777.000000 0.172274
778.000000 0.190063
779.000000 0.075426
780.000000 0.170413
781.000000 0.135774
782.000000 0.222479
783.000000 0.120439
784.000000 0.153500
785.000000 0.141148
786.000000 0.186033
787.000000 0.154993
788.000000 0.276313
789.000000 0.224287
790.000000 0.266327
791.000000 0.109620
792.000000 0.170769
793.000000 0.061640
794.000000 0.055961
795.000000 0.022939
796.000000 0.072115
797.000000 0.091469
798.000000 0.263895
799.000000 0.027355
800.000000 0.091801
801.000000 0.160549
802.000000 0.048346
803.000000 0.081044
804.000000 0.214593
805.000000 0.088220
806.000000 0.084978
807.000000 0.040965
808.000000 0.102173
809.000000 0.049394
810.000000 0.127579
811.000000 0.191156
812.000000 0.098082
813.000000 0.225504
814.000000 0.213116
815.000000 0.069937
816.000000 0.145560
817.000000 0.222199
818.000000 0.054554
819.000000 0.022389
820.000000 0.141191
821.000000 0.137757
822.000000 0.100979
823.000000 0.150632
824.000000 0.212954
825.000000 0.180432
826.000000 0.116817
827.000000 0.174362
828.000000 0.203313
829.000000 0.201354
830.000000 0.275105
831.000000 0.212264
832.000000 0.315342
833.000000 0.113676
834.000000 0.163555
835.000000 0.186815
836.000000 0.205686
837.000000 0.246708
838.000000 0.080392
839.000000 0.311028
840.000000 0.127085
841.000000 0.146602
842.000000 0.242311
843.000000 0.074342
844.000000 0.236147
845.000000 0.250048
846.000000 0.214123
847.000000 0.258871
848.000000 0.036474
849.000000 0.173480
850.000000 0.136941
851.000000 0.122223
852.000000 0.029311
853.000000 0.074575
854.000000 0.205436
855.000000 0.150780
856.000000 0.209384
857.000000 0.111807
858.000000 0.159553
859.000000 0.138463
860.000000 0.155022
861.000000 0.040755
862.000000 0.039879
863.000000 0.082384
864.000000 0.134266
865.000000 0.167557
866.000000 0.157193
867.000000 0.162017
868.000000 0.106511
869.000000 0.171091
870.000000 0.012117
871.000000 0.176878
872.000000 0.164135
873.000000 0.212101
874.000000 0.336304
875.000000 0.052455
876.000000 0.099691
877.000000 0.047048
878.000000 0.159366
879.000000 0.045521
880.000000 0.044935
881.000000 0.111252
882.000000 0.038948
883.000000 0.140121
884.000000 0.133950
885.000000 0.159914
886.000000 0.242329
887.000000 0.260130
888.000000 0.175068
889.000000 0.080909
890.000000 0.184616
891.000000 0.147270
892.000000 0.129296
893.000000 0.093378
894.000000 0.188725
895.000000 0.152392
896.000000 0.060798
897.000000 0.211991
898.000000 0.061725
899.000000 0.163994
900.000000 0.219193
901.000000 0.311046
902.000000 0.153289
903.000000 0.191666
904.000000 0.023101
905.000000 0.227609
906.000000 0.093136
907.000000 0.133148
908.000000 0.142702
909.000000 0.188552
910.000000 0.117400
911.000000 0.265637
912.000000 0.206250
913.000000 0.067276
914.000000 0.085112
915.000000 0.219113
916.000000 0.158401
917.000000 0.237233
918.000000 0.122379
919.000000 0.111121
920.000000 0.148955
921.000000 0.130998
922.000000 0.213628
923.000000 0.061824
924.000000 0.213954
925.000000 0.174416
926.000000 0.248152
927.000000 0.196082
928.000000 0.250134
929.000000 0.210722
930.000000 0.148186
931.000000 0.217835
932.000000 0.188400
933.000000 0.060631
934.000000 0.202802
935.000000 0.123044
936.000000 0.093103
937.000000 0.071607
938.000000 0.102688
939.000000 0.308709
940.000000 0.118751
941.000000 0.123876
942.000000 0.207884
943.000000 0.091415
944.000000 0.330291
945.000000 0.158865
946.000000 0.079368
947.000000 0.184136
948.000000 0.278965
949.000000 0.183680
950.000000 0.205621
951.000000 0.136648
952.000000 0.309002
953.000000 0.147659
954.000000 0.063949
955.000000 0.034619
956.000000 0.089943
957.000000 0.039762
958.000000 0.312329
959.000000 0.217352
960.000000 0.113952
961.000000 0.118394
962.000000 0.060950
963.000000 0.104704
964.000000 0.092444
965.000000 0.187413
966.000000 0.134455
967.000000 0.168684
968.000000 0.309453
969.000000 0.108147
970.000000 0.074133
971.000000 0.127415
972.000000 0.177627
973.000000 0.104473
974.000000 0.152453
975.000000 0.291477
976.000000 0.258085
977.000000 0.262715
978.000000 0.329973
979.000000 0.261394
980.000000 0.111670
981.000000 0.357090
982.000000 0.256937
983.000000 0.110931
984.000000 0.042422
985.000000 0.248278
986.000000 0.150832
987.000000 0.107154
988.000000 0.287851
989.000000 0.181047
990.000000 0.175169
991.000000 0.127300
992.000000 0.154738
993.000000 0.172062
994.000000 0.236416
995.000000 0.281086
996.000000 0.188759
997.000000 0.103486
998.000000 0.116714
999.000000 0.107818
1000.000000 0.172397
1001.000000 0.198420
1002.000000 0.174537
1003.000000 0.197251
1004.000000 0.046029
1005.000000 0.071180
1006.000000 0.245733
1007.000000 0.206998
1008.000000 0.134297
1009.000000 0.100170
1010.000000 0.234416
1011.000000 0.050539
1012.000000 0.153127
1013.000000 0.147172
1014.000000 0.067248
1015.000000 0.197890
1016.000000 0.092612
1017.000000 0.081495
1018.000000 0.159982
1019.000000 0.206565
1020.000000 0.307884
1021.000000 0.186361
1022.000000 0.154037
1023.000000 0.108199
1024.000000 0.105153
1025.000000 0.127093
1026.000000 0.065590
1027.000000 0.333196
1028.000000 0.165869
1029.000000 0.212777
1030.000000 0.107033
1031.000000 0.210914
1032.000000 0.090385
1033.000000 0.121960
1034.000000 0.218505
1035.000000 0.079808
1036.000000 0.146238
1037.000000 0.158427
1038.000000 0.321051
1039.000000 0.253288
1040.000000 0.157635
1041.000000 0.017086
1042.000000 0.103899
1043.000000 0.069421
1044.000000 0.191782
1045.000000 0.354634
1046.000000 0.301614
1047.000000 0.052344
1048.000000 0.229925
1049.000000 0.269054
1050.000000 0.151511
1051.000000 0.129066
1052.000000 0.141485
1053.000000 0.019848
1054.000000 0.144198
1055.000000 0.128201
1056.000000 0.056143
1057.000000 0.262918
1058.000000 0.096467
1059.000000 0.150582
1060.000000 0.130752
1061.000000 0.070890
1062.000000 0.154407
1063.000000 0.157700
1064.000000 0.182302
1065.000000 0.144089
1066.000000 0.065248
1067.000000 0.170272
1068.000000 0.143175
1069.000000 0.121360
1070.000000 0.055952
1071.000000 0.190320
1072.000000 0.248415
1073.000000 0.194914
1074.000000 0.017728
1075.000000 0.086754
1076.000000 0.175377
1077.000000 0.181396
1078.000000 0.113818
1079.000000 0.368122
1080.000000 0.254192
1081.000000 0.055602
1082.000000 0.137239
1083.000000 0.074816
1084.000000 0.253291
1085.000000 0.138112
1086.000000 0.112324
1087.000000 0.266362
1088.000000 0.060368
1089.000000 0.145220
1090.000000 0.200864
1091.000000 0.267830
1092.000000 0.218366
1093.000000 0.215961
1094.000000 0.227685
1095.000000 0.136620
1096.000000 0.144780
1097.000000 0.326347
1098.000000 0.049215
1099.000000 0.062884
1100.000000 0.122218
1101.000000 0.109091
1102.000000 0.154876
1103.000000 0.139211
1104.000000 0.144488
1105.000000 0.176258
1106.000000 0.091948
1107.000000 0.101907
1108.000000 0.139649
1109.000000 0.129213
1110.000000 0.074995
1111.000000 0.113162
1112.000000 0.121362
1113.000000 0.143722
1114.000000 0.080636
1115.000000 0.108336
1116.000000 0.218453
1117.000000 0.113871
1118.000000 0.073774
1119.000000 0.073716
1120.000000 0.038140
1121.000000 0.172094
1122.000000 0.061387
1123.000000 0.144644
1124.000000 0.173504
1125.000000 0.085994
1126.000000 0.238197
1127.000000 0.315490
1128.000000 0.181456
1129.000000 0.176265
1130.000000 0.191916
1131.000000 0.207855
1132.000000 0.172392
1133.000000 0.091693
1134.000000 0.073132
1135.000000 0.233603
1136.000000 0.122260
1137.000000 0.212835
1138.000000 0.013514
1139.000000 0.136477
1140.000000 0.146998
1141.000000 0.233380
1142.000000 0.240121
1143.000000 0.129610
1144.000000 0.327349
1145.000000 0.212888
1146.000000 0.203996
1147.000000 0.169741
1148.000000 0.065333
1149.000000 0.145622
1150.000000 0.147264
1151.000000 0.051230
1152.000000 0.082046
1153.000000 0.191137
1154.000000 0.156017
1155.000000 0.143938
1156.000000 0.065761
1157.000000 0.050746
1158.000000 0.104908
1159.000000 0.118774
1160.000000 0.129148
1161.000000 0.054234
1162.000000 0.212803
1163.000000 0.028447
1164.000000 0.113888
1165.000000 0.137038
1166.000000 0.135459
1167.000000 0.075336
1168.000000 0.116048
1169.000000 0.117727
1170.000000 0.167469
1171.000000 0.105649
1172.000000 0.107807
1173.000000 0.069320
1174.000000 0.182402
1175.000000 0.157711
1176.000000 0.083197
1177.000000 0.192196
1178.000000 0.215658
1179.000000 0.196451
1180.000000 0.079501
1181.000000 0.052225
1182.000000 0.262375
1183.000000 0.129644
1184.000000 0.175820
1185.000000 0.237901
1186.000000 0.109139
1187.000000 0.213281
1188.000000 0.182807
1189.000000 0.143052
1190.000000 0.164657
1191.000000 0.113204
1192.000000 0.194818
1193.000000 0.059102
1194.000000 0.024915
1195.000000 0.171054
1196.000000 0.112628
1197.000000 0.098442
1198.000000 0.231353
1199.000000 0.033919
1200.000000 0.102523
1201.000000 0.197735
1202.000000 0.152276
1203.000000 0.308491
1204.000000 0.177980
1205.000000 0.137845
1206.000000 0.104378
1207.000000 0.090131
1208.000000 0.144472
1209.000000 0.019654
1210.000000 0.093624
1211.000000 0.168898
1212.000000 0.063641
1213.000000 0.066369
1214.000000 0.136464
1215.000000 0.037137
1216.000000 0.102279
1217.000000 0.176489
1218.000000 0.187285
1219.000000 0.071105
1220.000000 0.166862
1221.000000 0.118866
1222.000000 0.245771
1223.000000 0.067715
1224.000000 0.044508
1225.000000 0.112631
1226.000000 0.197928
1227.000000 0.171887
1228.000000 0.139576
1229.000000 0.099006
1230.000000 0.211073
1231.000000 0.126347
1232.000000 0.071396
1233.000000 0.067340
1234.000000 0.159242
1235.000000 0.155234
1236.000000 0.135962
1237.000000 0.135857
1238.000000 0.191266
1239.000000 0.165559
1240.000000 0.173678
1241.000000 0.184685
1242.000000 0.061068
1243.000000 0.081560
1244.000000 0.109161
1245.000000 0.203483
1246.000000 0.322584
1247.000000 0.198698
1248.000000 0.190962
1249.000000 0.144578
1250.000000 0.052570
1251.000000 0.040958
1252.000000 0.020587
1253.000000 0.110568
1254.000000 0.219950
1255.000000 0.102082
1256.000000 0.136144
1257.000000 0.084565
1258.000000 0.277020
1259.000000 0.100655
1260.000000 0.181537
1261.000000 0.261522
1262.000000 0.073769
1263.000000 0.205242
1264.000000 0.188842
1265.000000 0.066532
1266.000000 0.126798
1267.000000 0.114111
1268.000000 0.095277
1269.000000 0.078478
1270.000000 0.231906
1271.000000 0.153855
1272.000000 0.034665
1273.000000 0.252291
1274.000000 0.234054
1275.000000 0.184925
1276.000000 0.066495
1277.000000 0.180039
1278.000000 0.133210
1279.000000 0.122685
1280.000000 0.163747
1281.000000 0.198716
1282.000000 0.021009
1283.000000 0.275466
1284.000000 0.230770
1285.000000 0.146032
1286.000000 0.074861
1287.000000 0.160604
1288.000000 0.133265
1289.000000 0.149069
1290.000000 0.212401
1291.000000 0.109019
1292.000000 0.330125
1293.000000 0.254616
1294.000000 0.162401
1295.000000 0.343022
1296.000000 0.132235
1297.000000 0.178914
1298.000000 0.073244
1299.000000 0.232866
1300.000000 0.287051
1301.000000 0.179660
1302.000000 0.180293
1303.000000 0.245662
1304.000000 0.170625
1305.000000 0.146809
1306.000000 0.184935
1307.000000 0.212415
1308.000000 0.020208
1309.000000 0.125149
1310.000000 0.216557
1311.000000 0.101833
1312.000000 0.271201
1313.000000 0.209290
1314.000000 0.309315
1315.000000 0.101801
1316.000000 0.123540
1317.000000 0.042954
1318.000000 0.083603
1319.000000 0.020234
1320.000000 0.110431
1321.000000 0.149177
1322.000000 0.095504
1323.000000 0.175286
1324.000000 0.280431
1325.000000 0.334618
1326.000000 0.220904
1327.000000 0.134278
1328.000000 0.132555
1329.000000 0.058712
1330.000000 0.159569
1331.000000 0.055899
1332.000000 0.127358
1333.000000 0.075530
1334.000000 0.179336
1335.000000 0.056834
1336.000000 0.267572
1337.000000 0.193596
1338.000000 0.188852
1339.000000 0.258070
1340.000000 0.223794
1341.000000 0.175549
1342.000000 0.392091
1343.000000 0.318861
1344.000000 0.274642
1345.000000 0.167260
1346.000000 0.214386
1347.000000 0.060066
1348.000000 0.033668
1349.000000 0.170774
1350.000000 0.283623
1351.000000 0.276475
1352.000000 0.176093
1353.000000 0.198901
1354.000000 0.321948
1355.000000 0.166344
1356.000000 0.039318
1357.000000 0.183193
1358.000000 0.054876
1359.000000 0.328229
1360.000000 0.267357
1361.000000 0.159789
1362.000000 0.144752
1363.000000 0.108141
1364.000000 0.089625
1365.000000 0.142799
1366.000000 0.154840
1367.000000 0.114308
1368.000000 0.112269
1369.000000 0.265405
1370.000000 0.031017
1371.000000 0.234520
1372.000000 0.092714
1373.000000 0.007987
1374.000000 0.292030
1375.000000 0.160533
1376.000000 0.170331
1377.000000 0.281549
1378.000000 0.175023
1379.000000 0.066555
1380.000000 0.241155
1381.000000 0.226775
1382.000000 0.071995
1383.000000 0.060531
1384.000000 0.067903
1385.000000 0.145047
1386.000000 0.056131
1387.000000 0.095054
1388.000000 0.272217
1389.000000 0.017214
1390.000000 0.248576
1391.000000 0.156712
1392.000000 0.086655
1393.000000 0.213810
1394.000000 0.233962
1395.000000 0.093545
1396.000000 0.150625
1397.000000 0.248637
1398.000000 0.190540
1399.000000 0.135962
1400.000000 0.198391
1401.000000 0.192295
1402.000000 0.042895
1403.000000 0.142327
1404.000000 0.300269
1405.000000 0.198572
1406.000000 0.055544
1407.000000 0.189631
1408.000000 0.118871
1409.000000 0.125100
1410.000000 0.251356
1411.000000 0.185320
1412.000000 0.076507
1413.000000 0.048129
1414.000000 0.060626
1415.000000 0.138456
1416.000000 0.010340
1417.000000 0.156353
1418.000000 0.153828
1419.000000 0.133586
1420.000000 0.095160
1421.000000 0.067117
1422.000000 0.162064
1423.000000 0.207304
1424.000000 0.094861
1425.000000 0.262816
1426.000000 0.235792
1427.000000 0.200798
1428.000000 0.166910
1429.000000 0.100633
1430.000000 0.161257
1431.000000 0.047209
1432.000000 0.140285
1433.000000 0.110976
1434.000000 0.218284
1435.000000 0.180800
1436.000000 0.197019
1437.000000 0.110767
1438.000000 0.109198
1439.000000 0.244626
1440.000000 0.048387
1441.000000 0.263415
1442.000000 0.091758
1443.000000 0.121210
1444.000000 0.041365
1445.000000 0.148785
1446.000000 0.094887
1447.000000 0.108678
1448.000000 0.205137
1449.000000 0.209907
1450.000000 0.161088
1451.000000 0.196301
1452.000000 0.110895
1453.000000 0.074451
1454.000000 0.290637
1455.000000 0.236133
1456.000000 0.197315
1457.000000 0.085443
1458.000000 0.043561
1459.000000 0.131158
1460.000000 0.052848
1461.000000 0.239965
1462.000000 0.140881
1463.000000 0.089260
1464.000000 0.049088
1465.000000 0.101185
1466.000000 0.166514
1467.000000 0.152140
1468.000000 0.125216
1469.000000 0.062510
1470.000000 0.121925
1471.000000 0.032205
1472.000000 0.167193
1473.000000 0.056041
1474.000000 0.022081
1475.000000 0.173070
1476.000000 0.175493
1477.000000 0.078967
1478.000000 0.208843
1479.000000 0.099217
1480.000000 0.049230
1481.000000 0.167093
1482.000000 0.175753
1483.000000 0.115674
1484.000000 0.167439
1485.000000 0.175485
1486.000000 0.203774
1487.000000 0.126532
1488.000000 0.184904
1489.000000 0.224422
1490.000000 0.075819
1491.000000 0.215392
1492.000000 0.080158
1493.000000 0.234950
1494.000000 0.053449
1495.000000 0.088519
1496.000000 0.279085
1497.000000 0.110693
1498.000000 0.267525
1499.000000 0.288437
1500.000000 0.084825
1501.000000 0.299712
1502.000000 0.170665
1503.000000 0.234054
1504.000000 0.086147
1505.000000 0.339313
1506.000000 0.351343
1507.000000 0.107029
1508.000000 0.086126
1509.000000 0.237971
1510.000000 0.056536
1511.000000 0.099268
1512.000000 0.146886
1513.000000 0.124726
1514.000000 0.274284
1515.000000 0.347825
1516.000000 0.194593
1517.000000 0.079776
1518.000000 0.157842
1519.000000 0.094436
1520.000000 0.266025
1521.000000 0.085996
1522.000000 0.101243
1523.000000 0.069349
1524.000000 0.182230
1525.000000 0.131460
1526.000000 0.161498
1527.000000 0.187522
1528.000000 0.207457
1529.000000 0.158125
1530.000000 0.102751
1531.000000 0.345656
1532.000000 0.118592
1533.000000 0.029373
1534.000000 0.312398
1535.000000 0.202980
1536.000000 0.229049
1537.000000 0.254983
1538.000000 0.135009
1539.000000 0.204720
1540.000000 0.093397
1541.000000 0.138484
1542.000000 0.132590
1543.000000 0.218192
1544.000000 0.202010
1545.000000 0.426655
1546.000000 0.052964
1547.000000 0.288639
1548.000000 0.242881
1549.000000 0.140236
1550.000000 0.044039
1551.000000 0.115350
1552.000000 0.157991
1553.000000 0.183589
1554.000000 0.216487
1555.000000 0.043472
1556.000000 0.188600
1557.000000 0.073650
1558.000000 0.024726
1559.000000 0.107246
1560.000000 0.151067
1561.000000 0.366266
1562.000000 0.368077
1563.000000 0.215614
1564.000000 0.348271
1565.000000 0.275716
1566.000000 0.112770
1567.000000 0.085978
1568.000000 0.222520
1569.000000 0.204540
1570.000000 0.109028
1571.000000 0.168122
1572.000000 0.107849
1573.000000 0.113362
1574.000000 0.049252
1575.000000 0.136955
1576.000000 0.185213
1577.000000 0.144618
1578.000000 0.102910
1579.000000 0.091589
1580.000000 0.246802
1581.000000 0.204450
1582.000000 0.268376
1583.000000 0.139404
1584.000000 0.136384
1585.000000 0.117514
1586.000000 0.221195
1587.000000 0.176792
1588.000000 0.115348
1589.000000 0.224864
1590.000000 0.086423
1591.000000 0.302249
1592.000000 0.118819
1593.000000 0.311063
1594.000000 0.135505
1595.000000 0.155983
1596.000000 0.053030
1597.000000 0.334657
1598.000000 0.276215
1599.000000 0.159203
1600.000000 0.168387
1601.000000 0.200342
1602.000000 0.092373
1603.000000 0.147376
1604.000000 0.011708
1605.000000 0.228716
1606.000000 0.146840
1607.000000 0.291061
1608.000000 0.225604
1609.000000 0.118688
1610.000000 0.109322
1611.000000 0.133599
1612.000000 0.242598
1613.000000 0.299801
1614.000000 0.159986
1615.000000 0.232814
1616.000000 0.192010
1617.000000 0.318752
1618.000000 0.259194
1619.000000 0.094066
1620.000000 0.326007
1621.000000 0.282295
1622.000000 0.209634
1623.000000 0.293002
1624.000000 0.356913
1625.000000 0.104343
1626.000000 0.143961
1627.000000 0.184695
1628.000000 0.243086
1629.000000 0.138431
1630.000000 0.089786
1631.000000 0.066012
1632.000000 0.374243
1633.000000 0.235619
1634.000000 0.310185
1635.000000 0.213889
1636.000000 0.276538
1637.000000 0.107632
1638.000000 0.271391
1639.000000 0.248633
1640.000000 0.172286
1641.000000 0.058061
1642.000000 0.300800
1643.000000 0.257627
1644.000000 0.303966
1645.000000 0.070670
1646.000000 0.030648
1647.000000 0.258195
1648.000000 0.166892
1649.000000 0.133575
1650.000000 0.095098
1651.000000 0.026466
1652.000000 0.194482
1653.000000 0.268233
1654.000000 0.137196
1655.000000 0.217855
1656.000000 0.242616
1657.000000 0.115744
1658.000000 0.248506
1659.000000 0.195036
1660.000000 0.216180
1661.000000 0.216320
1662.000000 0.042929
1663.000000 0.151599
1664.000000 0.231433
1665.000000 0.152002
1666.000000 0.105130
1667.000000 0.094943
1668.000000 0.133647
1669.000000 0.181419
1670.000000 0.119617
1671.000000 0.083504
1672.000000 0.099939
1673.000000 0.068092
1674.000000 0.196767
1675.000000 0.204340
1676.000000 0.096397
1677.000000 0.099914
1678.000000 0.225079
1679.000000 0.088894
1680.000000 0.046281
1681.000000 0.081876
1682.000000 0.276557
1683.000000 0.355015
1684.000000 0.306911
1685.000000 0.163989
1686.000000 0.311144
1687.000000 0.165695
1688.000000 0.260741
1689.000000 0.122859
1690.000000 0.232288
1691.000000 0.072163
1692.000000 0.352285
1693.000000 0.270831
1694.000000 0.108456
1695.000000 0.071722
1696.000000 0.110100
1697.000000 0.074310
1698.000000 0.213055
1699.000000 0.331931
1700.000000 0.274644
1701.000000 0.304469
1702.000000 0.414531
1703.000000 0.255012
1704.000000 0.097600
1705.000000 0.134774
1706.000000 0.094720
1707.000000 0.184762
1708.000000 0.230338
1709.000000 0.051414
1710.000000 0.219508
1711.000000 0.106300
1712.000000 0.160597
1713.000000 0.122855
1714.000000 0.253206
1715.000000 0.200610
1716.000000 0.306264
1717.000000 0.145709
1718.000000 0.077862
1719.000000 0.074137
1720.000000 0.208178
1721.000000 0.116597
1722.000000 0.300618
1723.000000 0.068724
1724.000000 0.205594
1725.000000 0.253179
1726.000000 0.046484
1727.000000 0.110697
1728.000000 0.196822
1729.000000 0.058975
1730.000000 0.174150
1731.000000 0.154352
1732.000000 0.154441
1733.000000 0.048434
1734.000000 0.229963
1735.000000 0.127423
1736.000000 0.072043
1737.000000 0.145996
1738.000000 0.154765
1739.000000 0.288920
1740.000000 0.069724
1741.000000 0.209993
1742.000000 0.223246
1743.000000 0.074810
1744.000000 0.095151
1745.000000 0.151239
1746.000000 0.223181
1747.000000 0.275231
1748.000000 0.086767
1749.000000 0.320609
1750.000000 0.036545
1751.000000 0.076652
1752.000000 0.137956
1753.000000 0.179710
1754.000000 0.063114
1755.000000 0.151306
1756.000000 0.194348
1757.000000 0.341835
1758.000000 0.180580
1759.000000 0.165066
1760.000000 0.032105
1761.000000 0.122515
1762.000000 0.097861
1763.000000 0.087036
1764.000000 0.064501
1765.000000 0.138059
1766.000000 0.309107
1767.000000 0.199379
1768.000000 0.136638
1769.000000 0.282778
1770.000000 0.184280
1771.000000 0.179790
1772.000000 0.070577
1773.000000 0.101269
1774.000000 0.141348
1775.000000 0.083367
1776.000000 0.151645
1777.000000 0.050867
1778.000000 0.092366
1779.000000 0.053184
1780.000000 0.128185
1781.000000 0.095580
1782.000000 0.244360
1783.000000 0.119529
1784.000000 0.124460
1785.000000 0.045674
1786.000000 0.078468
1787.000000 0.097734
1788.000000 0.225142
1789.000000 0.264210
1790.000000 0.042554
1791.000000 0.153946
1792.000000 0.110007
1793.000000 0.203669
1794.000000 0.194228
1795.000000 0.197274
1796.000000 0.072444
1797.000000 0.186412
1798.000000 0.177509
1799.000000 0.240865
1800.000000 0.018387
1801.000000 0.107131
1802.000000 0.172502
1803.000000 0.106684
1804.000000 0.255020
1805.000000 0.205176
1806.000000 0.147493
1807.000000 0.094084
1808.000000 0.270142
1809.000000 0.115401
1810.000000 0.182727
1811.000000 0.337961
1812.000000 0.169814
1813.000000 0.199077
1814.000000 0.083013
1815.000000 0.326918
1816.000000 0.220937
1817.000000 0.338403
1818.000000 0.175648
1819.000000 0.352508
1820.000000 0.141823
1821.000000 0.179232
1822.000000 0.170032
1823.000000 0.222321
1824.000000 0.208157
1825.000000 0.199282
1826.000000 0.098484
1827.000000 0.194811
1828.000000 0.080406
1829.000000 0.188375
1830.000000 0.163416
1831.000000 0.129261
1832.000000 0.100179
1833.000000 0.097989
1834.000000 0.240702
1835.000000 0.248023
1836.000000 0.064701
1837.000000 0.217278
1838.000000 0.206086
1839.000000 0.225866
1840.000000 0.101603
1841.000000 0.217554
1842.000000 0.298403
1843.000000 0.075494
1844.000000 0.132683
1845.000000 0.211471
1846.000000 0.240811
1847.000000 0.273580
1848.000000 0.088732
1849.000000 0.296494
1850.000000 0.067935
1851.000000 0.293140
1852.000000 0.227023
1853.000000 0.137209
1854.000000 0.099643
1855.000000 0.043934
1856.000000 0.045515
1857.000000 0.253671
1858.000000 0.273619
1859.000000 0.335862
1860.000000 0.171502
1861.000000 0.149966
1862.000000 0.189756
1863.000000 0.150661
1864.000000 0.170139
1865.000000 0.311747
1866.000000 0.303969
1867.000000 0.234078
1868.000000 0.154849
1869.000000 0.196901
1870.000000 0.248545
1871.000000 0.337196
1872.000000 0.134141
1873.000000 0.089435
1874.000000 0.109140
1875.000000 0.207220
1876.000000 0.368515
1877.000000 0.191641
1878.000000 0.228861
1879.000000 0.089053
1880.000000 0.272958
1881.000000 0.161686
1882.000000 0.131420
1883.000000 0.105718
1884.000000 0.117879
1885.000000 0.064352
1886.000000 0.109011
1887.000000 0.238775
1888.000000 0.231858
1889.000000 0.347651
1890.000000 0.100123
1891.000000 0.007336
1892.000000 0.067411
1893.000000 0.192223
1894.000000 0.142169
1895.000000 0.246240
1896.000000 0.183613
1897.000000 0.088985
1898.000000 0.285191
1899.000000 0.162529
1900.000000 0.206754
1901.000000 0.099027
1902.000000 0.058947
1903.000000 0.212186
1904.000000 0.287979
1905.000000 0.117936
1906.000000 0.271113
1907.000000 0.155811
1908.000000 0.092648
1909.000000 0.168621
1910.000000 0.314111
1911.000000 0.252809
1912.000000 0.092325
1913.000000 0.255082
1914.000000 0.113184
1915.000000 0.213038
1916.000000 0.199354
1917.000000 0.118274
1918.000000 0.274057
1919.000000 0.287763
1920.000000 0.196389
1921.000000 0.083945
1922.000000 0.135153
1923.000000 0.145162
1924.000000 0.178639
1925.000000 0.138565
1926.000000 0.309911
1927.000000 0.228381
1928.000000 0.034322
1929.000000 0.150847
1930.000000 0.153861
1931.000000 0.133762
1932.000000 0.085380
1933.000000 0.074165
1934.000000 0.101793
1935.000000 0.262647
1936.000000 0.015762
1937.000000 0.304971
1938.000000 0.318394
1939.000000 0.084405
1940.000000 0.264560
1941.000000 0.234918
1942.000000 0.216706
1943.000000 0.213788
1944.000000 0.210675
1945.000000 0.140211
1946.000000 0.189416
1947.000000 0.084017
1948.000000 0.077590
1949.000000 0.060977
1950.000000 0.153432
1951.000000 0.242516
1952.000000 0.145185
1953.000000 0.179391
1954.000000 0.272874
1955.000000 0.223410
1956.000000 0.110843
1957.000000 0.063232
1958.000000 0.095576
1959.000000 0.091472
1960.000000 0.309195
1961.000000 0.059347
1962.000000 0.071251
1963.000000 0.091671
1964.000000 0.143996
1965.000000 0.073019
1966.000000 0.124518
1967.000000 0.194491
1968.000000 0.150229
1969.000000 0.084323
1970.000000 0.190833
1971.000000 0.275759
1972.000000 0.053896
1973.000000 0.201470
1974.000000 0.141349
1975.000000 0.099964
1976.000000 0.165311
1977.000000 0.264127
1978.000000 0.120835
1979.000000 0.077104
1980.000000 0.080090
1981.000000 0.288413
1982.000000 0.095303
1983.000000 0.139638
1984.000000 0.135958
1985.000000 0.449503
1986.000000 0.092622
1987.000000 0.218826
1988.000000 0.180434
1989.000000 0.248822
1990.000000 0.105655
1991.000000 0.177991
1992.000000 0.128654
1993.000000 0.233584
1994.000000 0.229157
1995.000000 0.283871
1996.000000 0.129957
1997.000000 0.218118
1998.000000 0.279822
1999.000000 0.104063
2000.000000 0.126602
2001.000000 0.052421
2002.000000 0.202872
2003.000000 0.120254
2004.000000 0.182998
2005.000000 0.164967
2006.000000 0.116016
2007.000000 0.170404
2008.000000 0.091962
2009.000000 0.139962
2010.000000 0.079828
2011.000000 0.195820
2012.000000 0.223667
2013.000000 0.196516
2014.000000 0.101863
2015.000000 0.237317
2016.000000 0.138310
2017.000000 0.090665
2018.000000 0.113187
2019.000000 0.127349
2020.000000 0.079617
2021.000000 0.124845
2022.000000 0.089133
2023.000000 0.113189
2024.000000 0.084820
2025.000000 0.185398
2026.000000 0.157380
2027.000000 0.100313
2028.000000 0.129576
2029.000000 0.198132
2030.000000 0.155641
2031.000000 0.290647
2032.000000 0.180507
2033.000000 0.441944
2034.000000 0.143738
2035.000000 0.190100
2036.000000 0.191539
2037.000000 0.169966
2038.000000 0.154111
2039.000000 0.104461
2040.000000 0.079177
2041.000000 0.182804
2042.000000 0.069068
2043.000000 0.245238
2044.000000 0.055532
2045.000000 0.219218
2046.000000 0.206514
2047.000000 0.294083
2048.000000 0.285455
2049.000000 0.166215
2050.000000 0.226468
2051.000000 0.046808
2052.000000 0.193578
2053.000000 0.067063
2054.000000 0.056943
2055.000000 0.317500
2056.000000 0.031901
2057.000000 0.084229
2058.000000 0.169273
2059.000000 0.185636
2060.000000 0.194434
2061.000000 0.105290
2062.000000 0.078081
2063.000000 0.027326
2064.000000 0.288372
2065.000000 0.076369
2066.000000 0.163120
2067.000000 0.117439
2068.000000 0.219779
2069.000000 0.273114
2070.000000 0.205757
2071.000000 0.089613
2072.000000 0.038492
2073.000000 0.041361
2074.000000 0.116875
2075.000000 0.137997
2076.000000 0.073887
2077.000000 0.052477
2078.000000 0.132947
2079.000000 0.165324
2080.000000 0.240012
2081.000000 0.155162
2082.000000 0.247479
2083.000000 0.107135
2084.000000 0.237739
2085.000000 0.254989
2086.000000 0.104230
2087.000000 0.211458
2088.000000 0.064798
2089.000000 0.117563
2090.000000 0.343257
2091.000000 0.181704
2092.000000 0.186226
2093.000000 0.188691
2094.000000 0.172717
2095.000000 0.066001
2096.000000 0.206916
2097.000000 0.134696
2098.000000 0.185022
2099.000000 0.100097
2100.000000 0.263775
2101.000000 0.088191
2102.000000 0.166371
2103.000000 0.341096
2104.000000 0.239975
2105.000000 0.086609
2106.000000 0.178786
2107.000000 0.152955
2108.000000 0.385934
2109.000000 0.215059
2110.000000 0.193635
2111.000000 0.149869
2112.000000 0.152607
2113.000000 0.302039
2114.000000 0.221050
2115.000000 0.177411
2116.000000 0.233650
2117.000000 0.273639
2118.000000 0.381729
2119.000000 0.206209
2120.000000 0.264619
2121.000000 0.187242
2122.000000 0.367809
2123.000000 0.406800
2124.000000 0.170583
2125.000000 0.255991
2126.000000 0.058141
2127.000000 0.073767
2128.000000 0.226614
2129.000000 0.212711
2130.000000 0.205529
2131.000000 0.200338
2132.000000 0.158868
2133.000000 0.107417
2134.000000 0.252747
2135.000000 0.131941
2136.000000 0.242285
2137.000000 0.289368
2138.000000 0.291880
2139.000000 0.093188
2140.000000 0.168844
2141.000000 0.139406
2142.000000 0.206440
2143.000000 0.117118
2144.000000 0.085297
2145.000000 0.049266
2146.000000 0.026291
2147.000000 0.234286
2148.000000 0.108914
2149.000000 0.200090
2150.000000 0.300418
2151.000000 0.098965
2152.000000 0.089838
2153.000000 0.258979
2154.000000 0.251525
2155.000000 0.259515
2156.000000 0.183688
2157.000000 0.284402
2158.000000 0.101695
2159.000000 0.116092
2160.000000 0.100669
2161.000000 0.124573
2162.000000 0.063863
2163.000000 0.104656
2164.000000 0.225798
2165.000000 0.081370
2166.000000 0.145962
2167.000000 0.092933
2168.000000 0.180260
2169.000000 0.192306
2170.000000 0.018663
2171.000000 0.173990
2172.000000 0.226261
2173.000000 0.067990
2174.000000 0.097920
2175.000000 0.209190
2176.000000 0.193770
2177.000000 0.097053
2178.000000 0.107632
2179.000000 0.186005
2180.000000 0.283886
2181.000000 0.302049
2182.000000 0.156284
2183.000000 0.167676
2184.000000 0.069938
2185.000000 0.132184
2186.000000 0.310732
2187.000000 0.183856
2188.000000 0.091358
2189.000000 0.224105
2190.000000 0.077624
2191.000000 0.179503
2192.000000 0.267027
2193.000000 0.269380
2194.000000 0.197933
2195.000000 0.103472
2196.000000 0.039363
2197.000000 0.016457
2198.000000 0.093259
2199.000000 0.043595
2200.000000 0.168305
2201.000000 0.165315
2202.000000 0.025713
2203.000000 0.095563
2204.000000 0.274144
2205.000000 0.239632
2206.000000 0.211714
2207.000000 0.057676
2208.000000 0.305624
2209.000000 0.077981
2210.000000 0.392528
2211.000000 0.046972
2212.000000 0.295686
2213.000000 0.175683
2214.000000 0.133474
2215.000000 0.204836
2216.000000 0.150511
2217.000000 0.211989
2218.000000 0.247197
2219.000000 0.211402
2220.000000 0.229561
2221.000000 0.077580
2222.000000 0.140643
2223.000000 0.318412
2224.000000 0.047068
2225.000000 0.142833
2226.000000 0.255615
2227.000000 0.367161
2228.000000 0.121965
2229.000000 0.170486
2230.000000 0.204614
2231.000000 0.152589
2232.000000 0.401633
2233.000000 0.202611
2234.000000 0.123213
2235.000000 0.250626
2236.000000 0.078755
2237.000000 0.350312
2238.000000 0.118501
2239.000000 0.124074
2240.000000 0.241429
2241.000000 0.149401
2242.000000 0.205999
2243.000000 0.385029
2244.000000 0.306569
2245.000000 0.182386
2246.000000 0.151638
2247.000000 0.416835
2248.000000 0.271455
2249.000000 0.112589
2250.000000 0.255394
2251.000000 0.206273
2252.000000 0.324224
2253.000000 0.183471
2254.000000 0.020038
2255.000000 0.238345
2256.000000 0.323659
2257.000000 0.146460
2258.000000 0.195267
2259.000000 0.123256
2260.000000 0.249537
2261.000000 0.221660
2262.000000 0.185302
2263.000000 0.167823
2264.000000 0.188785
2265.000000 0.458707
2266.000000 0.217253
2267.000000 0.259563
2268.000000 0.141739
2269.000000 0.201323
2270.000000 0.232036
2271.000000 0.221466
2272.000000 0.226984
2273.000000 0.253997
2274.000000 0.181160
2275.000000 0.066220
2276.000000 0.124575
2277.000000 0.167970
2278.000000 0.105450
2279.000000 0.159862
2280.000000 0.143116
2281.000000 0.179156
2282.000000 0.205505
2283.000000 0.183715
2284.000000 0.117079
2285.000000 0.194899
2286.000000 0.130136
2287.000000 0.230248
2288.000000 0.097525
2289.000000 0.146380
2290.000000 0.106548
2291.000000 0.201984
2292.000000 0.151865
2293.000000 0.100412
2294.000000 0.126061
2295.000000 0.166780
2296.000000 0.069383
2297.000000 0.142294
2298.000000 0.220296
2299.000000 0.054110
2300.000000 0.071643
2301.000000 0.183858
2302.000000 0.054786
2303.000000 0.142338
2304.000000 0.246574
2305.000000 0.201140
2306.000000 0.054685
2307.000000 0.081285
2308.000000 0.127749
2309.000000 0.267538
2310.000000 0.361670
2311.000000 0.228709
2312.000000 0.093072
2313.000000 0.216831
2314.000000 0.139655
2315.000000 0.273183
2316.000000 0.220772
2317.000000 0.304436
2318.000000 0.066492
2319.000000 0.424713
2320.000000 0.212171
2321.000000 0.182872
2322.000000 0.223636
2323.000000 0.220790
2324.000000 0.283498
2325.000000 0.214951
2326.000000 0.079506
2327.000000 0.318937
2328.000000 0.104278
2329.000000 0.221726
2330.000000 0.204102
2331.000000 0.171572
2332.000000 0.269365
2333.000000 0.090521
2334.000000 0.169020
2335.000000 0.260577
2336.000000 0.357027
2337.000000 0.244373
2338.000000 0.158398
2339.000000 0.178535
2340.000000 0.041277
2341.000000 0.103819
2342.000000 0.098695
2343.000000 0.002044
2344.000000 0.071419
2345.000000 0.065660
2346.000000 0.129075
2347.000000 0.095825
2348.000000 0.164969
2349.000000 0.061204
2350.000000 0.267770
2351.000000 0.023957
2352.000000 0.337834
2353.000000 0.259401
2354.000000 0.046849
2355.000000 0.101497
2356.000000 0.092894
2357.000000 0.091077
2358.000000 0.131412
2359.000000 0.184397
2360.000000 0.142130
2361.000000 0.196092
2362.000000 0.270674
2363.000000 0.035722
2364.000000 0.190696
2365.000000 0.203516
2366.000000 0.243777
2367.000000 0.183291
2368.000000 0.189268
2369.000000 0.122609
2370.000000 0.099837
2371.000000 0.149001
2372.000000 0.174736
2373.000000 0.180494
2374.000000 0.333700
2375.000000 0.335797
2376.000000 0.248529
2377.000000 0.196963
2378.000000 0.113368
2379.000000 0.031965
2380.000000 0.291198
2381.000000 0.235443
2382.000000 0.296646
2383.000000 0.186439
2384.000000 0.075417
2385.000000 0.278386
2386.000000 0.235641
2387.000000 0.078541
2388.000000 0.048255
2389.000000 0.131298
2390.000000 0.207284
2391.000000 0.091704
2392.000000 0.207026
2393.000000 0.176162
2394.000000 0.185167
2395.000000 0.135692
2396.000000 0.074565
2397.000000 0.128367
2398.000000 0.201746
2399.000000 0.133883
2400.000000 0.071337
2401.000000 0.160484
2402.000000 0.178793
2403.000000 0.092405
2404.000000 0.185388
2405.000000 0.090998
2406.000000 0.110930
2407.000000 0.021125
2408.000000 0.074302
2409.000000 0.346793
2410.000000 0.030163
2411.000000 0.113389
2412.000000 0.194929
2413.000000 0.277737
2414.000000 0.082015
2415.000000 0.063115
2416.000000 0.051423
2417.000000 0.175449
2418.000000 0.120504
2419.000000 0.122261
2420.000000 0.107980
2421.000000 0.134429
2422.000000 0.156395
2423.000000 0.114847
2424.000000 0.218849
2425.000000 0.115023
2426.000000 0.195644
2427.000000 0.127950
2428.000000 0.170729
2429.000000 0.201548
2430.000000 0.220089
2431.000000 0.198378
2432.000000 0.088762
2433.000000 0.085140
2434.000000 0.103194
2435.000000 0.139876
2436.000000 0.096132
2437.000000 0.066163
2438.000000 0.231664
2439.000000 0.238598
2440.000000 0.101160
2441.000000 0.156525
2442.000000 0.117950
2443.000000 0.210664
2444.000000 0.086373
2445.000000 0.125209
2446.000000 0.181692
2447.000000 0.194731
2448.000000 0.235770
2449.000000 0.160414
2450.000000 0.035732
2451.000000 0.260048
2452.000000 0.245229
2453.000000 0.218754
2454.000000 0.279583
2455.000000 0.133296
2456.000000 0.135174
2457.000000 0.248597
2458.000000 0.190316
2459.000000 0.097206
2460.000000 0.055610
2461.000000 0.210987
2462.000000 0.098051
2463.000000 0.136473
2464.000000 0.101028
2465.000000 0.157577
2466.000000 0.133664
2467.000000 0.154785
2468.000000 0.106808
2469.000000 0.301885
2470.000000 0.198692
2471.000000 0.302665
2472.000000 0.071322
2473.000000 0.050505
2474.000000 0.215516
2475.000000 0.157498
2476.000000 0.114472
2477.000000 0.131124
2478.000000 0.144561
2479.000000 0.067871
2480.000000 0.186704
2481.000000 0.169223
2482.000000 0.145779
2483.000000 0.213925
2484.000000 0.192230
2485.000000 0.083964
2486.000000 0.097341
2487.000000 0.251604
2488.000000 0.245779
2489.000000 0.124583
2490.000000 0.181290
2491.000000 0.254042
2492.000000 0.312290
2493.000000 0.168086
2494.000000 0.084518
2495.000000 0.211114
2496.000000 0.293790
2497.000000 0.106446
2498.000000 0.032539
2499.000000 0.058963
2500.000000 0.291841
2501.000000 0.156787
2502.000000 0.129832
2503.000000 0.130918
2504.000000 0.171342
2505.000000 0.050647
2506.000000 0.255867
2507.000000 0.154191
2508.000000 0.076913
2509.000000 0.048407
2510.000000 0.131779
2511.000000 0.225029
2512.000000 0.274012
2513.000000 0.116931
2514.000000 0.104535
2515.000000 0.183209
2516.000000 0.079046
2517.000000 0.197320
2518.000000 0.353115
2519.000000 0.202729
2520.000000 0.194247
2521.000000 0.257905
2522.000000 0.132805
2523.000000 0.059693
2524.000000 0.192297
2525.000000 0.062686
2526.000000 0.307849
2527.000000 0.072084
2528.000000 0.102888
2529.000000 0.093446
2530.000000 0.225089
2531.000000 0.320093
2532.000000 0.011769
2533.000000 0.271463
2534.000000 0.135370
2535.000000 0.240015
2536.000000 0.158079
2537.000000 0.085571
2538.000000 0.172920
2539.000000 0.237353
2540.000000 0.373585
2541.000000 0.272359
2542.000000 0.244330
2543.000000 0.130534
2544.000000 0.154304
2545.000000 0.208290
2546.000000 0.313208
2547.000000 0.329045
2548.000000 0.086949
2549.000000 0.218814
2550.000000 0.247448
2551.000000 0.093180
2552.000000 0.142974
2553.000000 0.175484
2554.000000 0.145343
2555.000000 0.324903
2556.000000 0.171745
2557.000000 0.249451
2558.000000 0.286515
2559.000000 0.276048
2560.000000 0.112765
2561.000000 0.211636
2562.000000 0.232713
2563.000000 0.169974
2564.000000 0.058148
2565.000000 0.208529
2566.000000 0.078386
2567.000000 0.284869
2568.000000 0.146749
2569.000000 0.126520
2570.000000 0.083605
2571.000000 0.188171
2572.000000 0.096580
2573.000000 0.115029
2574.000000 0.279509
2575.000000 0.199134
2576.000000 0.198285
2577.000000 0.107878
2578.000000 0.256095
2579.000000 0.095312
2580.000000 0.210356
2581.000000 0.130257
2582.000000 0.121403
2583.000000 0.127026
2584.000000 0.047098
2585.000000 0.272854
2586.000000 0.166225
2587.000000 0.256391
2588.000000 0.260224
2589.000000 0.149043
2590.000000 0.235076
2591.000000 0.248152
2592.000000 0.281846
2593.000000 0.088186
2594.000000 0.131268
2595.000000 0.145260
2596.000000 0.203551
2597.000000 0.203092
2598.000000 0.304088
2599.000000 0.205043
2600.000000 0.318911
2601.000000 0.307545
2602.000000 0.165060
2603.000000 0.185451
2604.000000 0.110955
2605.000000 0.229571
2606.000000 0.233086
2607.000000 0.221990
2608.000000 0.260022
2609.000000 0.189686
2610.000000 0.350645
2611.000000 0.194822
2612.000000 0.178520
2613.000000 0.142814
2614.000000 0.202270
2615.000000 0.197888
2616.000000 0.150599
2617.000000 0.303891
2618.000000 0.168175
2619.000000 0.199686
2620.000000 0.264907
2621.000000 0.180468
2622.000000 0.089977
2623.000000 0.129451
2624.000000 0.235609
2625.000000 0.258611
2626.000000 0.195592
2627.000000 0.297795
2628.000000 0.190073
2629.000000 0.212122
2630.000000 0.192946
2631.000000 0.195146
2632.000000 0.124512
2633.000000 0.100583
2634.000000 0.251875
2635.000000 0.074886
2636.000000 0.270430
2637.000000 0.392052
2638.000000 0.281765
2639.000000 0.211043
2640.000000 0.094643
2641.000000 0.103939
2642.000000 0.065201
2643.000000 0.101355
2644.000000 0.055261
2645.000000 0.105562
2646.000000 0.227455
2647.000000 0.161700
2648.000000 0.324672
2649.000000 0.133920
2650.000000 0.291917
2651.000000 0.191750
2652.000000 0.265316
2653.000000 0.202150
2654.000000 0.144368
2655.000000 0.289334
2656.000000 0.205271
2657.000000 0.397681
2658.000000 0.197111
2659.000000 0.187493
2660.000000 0.042212
2661.000000 0.324515
2662.000000 0.266996
2663.000000 0.120431
2664.000000 0.118828
2665.000000 0.144053
2666.000000 0.270804
2667.000000 0.020305
2668.000000 0.220172
2669.000000 0.175362
2670.000000 0.158150
2671.000000 0.112614
2672.000000 0.371271
2673.000000 0.160856
2674.000000 0.266696
2675.000000 0.330831
2676.000000 0.166824
2677.000000 0.269961
2678.000000 0.267136
2679.000000 0.248711
2680.000000 0.063827
2681.000000 0.132869
2682.000000 0.098075
2683.000000 0.075123
2684.000000 0.072364
2685.000000 0.194052
2686.000000 0.052943
2687.000000 0.266048
2688.000000 0.264275
2689.000000 0.113664
2690.000000 0.017524
2691.000000 0.291303
2692.000000 0.325032
2693.000000 0.349827
2694.000000 0.023200
2695.000000 0.114874
2696.000000 0.065058
2697.000000 0.178640
2698.000000 0.182220
2699.000000 0.327412
2700.000000 0.362597
2701.000000 0.266732
2702.000000 0.206634
2703.000000 0.232966
2704.000000 0.193464
2705.000000 0.243981
2706.000000 0.237961
2707.000000 0.184362
2708.000000 0.216377
2709.000000 0.068575
2710.000000 0.131896
2711.000000 0.059518
2712.000000 0.075225
2713.000000 0.200956
2714.000000 0.283702
2715.000000 0.252132
2716.000000 0.110867
2717.000000 0.252541
2718.000000 0.212684
2719.000000 0.050615
2720.000000 0.220462
2721.000000 0.044219
2722.000000 0.054023
2723.000000 0.189195
2724.000000 0.056392
2725.000000 0.209090
2726.000000 0.084122
2727.000000 0.094895
2728.000000 0.146815
2729.000000 0.137220
2730.000000 0.223159
2731.000000 0.163611
2732.000000 0.215952
2733.000000 0.096404
2734.000000 0.324516
2735.000000 0.067599
2736.000000 0.098860
2737.000000 0.256505
2738.000000 0.157596
2739.000000 0.169938
2740.000000 0.134335
2741.000000 0.270410
2742.000000 0.205429
2743.000000 0.254654
2744.000000 0.246707
2745.000000 0.149864
2746.000000 0.198910
2747.000000 0.231516
2748.000000 0.215466
2749.000000 0.255939
2750.000000 0.145535
2751.000000 0.077269
2752.000000 0.165069
2753.000000 0.099674
2754.000000 0.150975
2755.000000 0.071664
2756.000000 0.186391
2757.000000 0.152814
2758.000000 0.122535
2759.000000 0.112494
2760.000000 0.175864
2761.000000 0.089331
2762.000000 0.199927
2763.000000 0.224948
2764.000000 0.087636
2765.000000 0.193562
2766.000000 0.142351
2767.000000 0.105564
2768.000000 0.174278
2769.000000 0.123445
2770.000000 0.122559
2771.000000 0.266694
2772.000000 0.108079
2773.000000 0.136060
2774.000000 0.218128
2775.000000 0.145862
2776.000000 0.207462
2777.000000 0.157890
2778.000000 0.102544
2779.000000 0.081527
2780.000000 0.022377
2781.000000 0.211302
2782.000000 0.205588
2783.000000 0.217618
2784.000000 0.088884
2785.000000 0.053287
2786.000000 0.270588
2787.000000 0.196555
2788.000000 0.127213
2789.000000 0.094965
2790.000000 0.108074
2791.000000 0.176043
2792.000000 0.159953
2793.000000 0.055772
2794.000000 0.066135
2795.000000 0.042737
2796.000000 0.178110
2797.000000 0.215107
2798.000000 0.161334
2799.000000 0.066635
2800.000000 0.215507
2801.000000 0.152470
2802.000000 0.284217
2803.000000 0.257377
2804.000000 0.171636
2805.000000 0.257290
2806.000000 0.107271
2807.000000 0.188492
2808.000000 0.351077
2809.000000 0.265756
2810.000000 0.203396
2811.000000 0.061396
2812.000000 0.214300
2813.000000 0.194290
2814.000000 0.097372
2815.000000 0.211377
2816.000000 0.021095
2817.000000 0.217153
2818.000000 0.129456
2819.000000 0.277357
2820.000000 0.253056
2821.000000 0.049323
2822.000000 0.309216
2823.000000 0.180626
2824.000000 0.320180
2825.000000 0.277469
2826.000000 0.248788
2827.000000 0.305684
2828.000000 0.265068
2829.000000 0.340272
2830.000000 0.113713
2831.000000 0.156577
2832.000000 0.168765
2833.000000 0.151933
2834.000000 0.145238
2835.000000 0.058338
2836.000000 0.147856
2837.000000 0.210226
2838.000000 0.065234
2839.000000 0.031806
2840.000000 0.117864
2841.000000 0.254820
2842.000000 0.107355
2843.000000 0.266369
2844.000000 0.047283
2845.000000 0.051756
2846.000000 0.303937
2847.000000 0.138690
2848.000000 0.076441
2849.000000 0.208724
2850.000000 0.120677
2851.000000 0.098939
2852.000000 0.070053
2853.000000 0.147596
2854.000000 0.137587
2855.000000 0.193642
2856.000000 0.329089
2857.000000 0.027644
2858.000000 0.170880
2859.000000 0.098076
2860.000000 0.059476
2861.000000 0.030425
2862.000000 0.290268
2863.000000 0.203776
2864.000000 0.165887
2865.000000 0.288177
2866.000000 0.125053
2867.000000 0.152910
2868.000000 0.144054
2869.000000 0.164615
2870.000000 0.042383
2871.000000 0.279454
2872.000000 0.177201
2873.000000 0.158146
2874.000000 0.447665
2875.000000 0.102292
2876.000000 0.194043
2877.000000 0.243038
2878.000000 0.133116
2879.000000 0.203346
2880.000000 0.161506
2881.000000 0.260589
2882.000000 0.219656
2883.000000 0.340185
2884.000000 0.137802
2885.000000 0.316932
2886.000000 0.059992
2887.000000 0.171883
2888.000000 0.083359
2889.000000 0.388417
2890.000000 0.102527
2891.000000 0.032394
2892.000000 0.194557
2893.000000 0.297901
2894.000000 0.192529
2895.000000 0.171218
2896.000000 0.205369
2897.000000 0.140708
2898.000000 0.211979
2899.000000 0.234305
2900.000000 0.220354
2901.000000 0.221040
2902.000000 0.250711
2903.000000 0.043665
2904.000000 0.277076
2905.000000 0.158122
2906.000000 0.192692
2907.000000 0.190410
2908.000000 0.167843
2909.000000 0.167313
2910.000000 0.124136
2911.000000 0.156796
2912.000000 0.263437
2913.000000 0.173121
2914.000000 0.349531
2915.000000 0.402765
2916.000000 0.228611
2917.000000 0.218090
2918.000000 0.133902
2919.000000 0.119664
2920.000000 0.307593
2921.000000 0.184455
2922.000000 0.287081
2923.000000 0.224486
2924.000000 0.242468
2925.000000 0.186024
2926.000000 0.230754
2927.000000 0.176860
2928.000000 0.181854
2929.000000 0.370224
2930.000000 0.178577
2931.000000 0.265666
2932.000000 0.143533
2933.000000 0.354604
2934.000000 0.309091
2935.000000 0.233699
2936.000000 0.275765
2937.000000 0.174016
2938.000000 0.386315
2939.000000 0.104591
2940.000000 0.126330
2941.000000 0.460888
2942.000000 0.276536
2943.000000 0.103791
2944.000000 0.061565
2945.000000 0.244367
2946.000000 0.242105
2947.000000 0.341326
2948.000000 0.285758
2949.000000 0.118782
2950.000000 0.238966
2951.000000 0.258559
2952.000000 0.281861
2953.000000 0.212323
2954.000000 0.262149
2955.000000 0.282326
2956.000000 0.238793
2957.000000 0.090249
2958.000000 0.086372
2959.000000 0.165189
2960.000000 0.060941
2961.000000 0.150689
2962.000000 0.094953
2963.000000 0.240971
2964.000000 0.050775
2965.000000 0.296673
2966.000000 0.132203
2967.000000 0.258353
2968.000000 0.200376
2969.000000 0.032873
2970.000000 0.194892
2971.000000 0.165508
2972.000000 0.114930
2973.000000 0.140124
2974.000000 0.184294
2975.000000 0.138353
2976.000000 0.094255
2977.000000 0.115734
2978.000000 0.129062
2979.000000 0.261944
2980.000000 0.384083
2981.000000 0.311287
2982.000000 0.318614
2983.000000 0.065055
2984.000000 0.145537
2985.000000 0.124579
2986.000000 0.146767
2987.000000 0.179221
2988.000000 0.183017
2989.000000 0.182759
2990.000000 0.277945
2991.000000 0.283549
2992.000000 0.084086
2993.000000 0.198324
2994.000000 0.353196
2995.000000 0.344022
2996.000000 0.071592
2997.000000 0.189917
2998.000000 0.169186
2999.000000 0.052416
3000.000000 0.100138
