10.000000 0.080563
20.000000 0.376193
30.000000 0.168497
40.000000 0.305293
50.000000 0.136950
60.000000 0.152370
70.000000 0.198448
80.000000 0.286907
90.000000 0.138168
100.000000 0.193820
110.000000 0.105877
120.000000 0.201586
130.000000 0.103394
140.000000 0.252538
150.000000 0.134065
160.000000 0.111505
170.000000 0.080228
180.000000 0.151312
190.000000 0.051246
200.000000 0.061544
210.000000 0.257655
220.000000 0.106015
230.000000 0.257285
240.000000 0.177064
250.000000 0.166144
260.000000 0.188347
270.000000 0.113652
280.000000 0.159255
290.000000 0.141141
300.000000 0.176997
310.000000 0.221088
320.000000 0.150042
330.000000 0.165907
340.000000 0.291108
350.000000 0.159866
360.000000 0.143472
370.000000 0.023816
380.000000 0.135939
390.000000 0.043677
400.000000 0.090827
410.000000 0.176671
420.000000 0.161981
430.000000 0.147920
440.000000 0.053633
450.000000 0.108248
460.000000 0.067110
470.000000 0.065194
480.000000 0.076670
490.000000 0.183641
500.000000 0.281801
510.000000 0.097699
520.000000 0.246992
530.000000 0.145883
540.000000 0.081728
550.000000 0.347062
560.000000 0.179354
570.000000 0.064949
580.000000 0.278404
590.000000 0.178482
600.000000 0.198506
610.000000 0.148504
620.000000 0.333825
630.000000 0.224159
640.000000 0.075459
650.000000 0.259676
660.000000 0.099922
670.000000 0.220507
680.000000 0.206830
690.000000 0.113019
700.000000 0.313795
710.000000 0.224930
720.000000 0.248839
730.000000 0.197262
740.000000 0.123286
750.000000 0.203112
760.000000 0.181947
770.000000 0.208308
780.000000 0.306799
790.000000 0.155344
800.000000 0.253141
810.000000 0.085024
820.000000 0.113357
830.000000 0.055722
840.000000 0.205165
850.000000 0.125435
860.000000 0.034211
870.000000 0.059414
880.000000 0.275128
890.000000 0.120258
900.000000 0.032910
910.000000 0.057102
920.000000 0.041136
930.000000 0.114261
940.000000 0.030872
950.000000 0.159063
960.000000 0.306836
970.000000 0.200558
980.000000 0.140014
990.000000 0.124594
1000.000000 0.038052
