10.000000 0.130007
20.000000 0.093669
30.000000 0.104261
40.000000 0.045519
50.000000 0.098509
60.000000 0.018402
70.000000 0.054745
80.000000 0.218683
90.000000 0.098580
100.000000 0.026837
110.000000 0.164630
120.000000 0.085688
130.000000 0.033778
140.000000 0.088695
150.000000 0.126595
160.000000 0.106624
170.000000 0.083052
180.000000 0.083046
190.000000 0.111583
200.000000 0.122786
210.000000 0.157818
220.000000 0.160037
230.000000 0.096684
240.000000 0.321904
250.000000 0.138189
260.000000 0.089914
270.000000 0.054409
280.000000 0.076148
290.000000 0.212106
300.000000 0.161327
310.000000 0.126376
320.000000 0.124828
330.000000 0.201694
340.000000 0.051666
350.000000 0.069454
360.000000 0.198108
370.000000 0.187764
380.000000 0.093314
390.000000 0.227949
400.000000 0.107762
410.000000 0.084260
420.000000 0.101961
430.000000 0.131837
440.000000 0.082935
450.000000 0.048872
460.000000 0.113219
470.000000 0.201488
480.000000 0.277940
490.000000 0.104257
500.000000 0.088180
510.000000 0.036788
520.000000 0.193142
530.000000 0.026668
540.000000 0.201493
550.000000 0.029740
560.000000 0.055879
570.000000 0.079659
580.000000 0.093782
590.000000 0.156857
600.000000 0.122296
610.000000 0.067505
620.000000 0.145098
630.000000 0.155903
640.000000 0.159545
650.000000 0.160746
660.000000 0.096026
670.000000 0.170448
680.000000 0.038228
690.000000 0.057085
700.000000 0.233866
710.000000 0.024867
720.000000 0.064284
730.000000 0.047173
740.000000 0.063429
750.000000 0.091886
760.000000 0.120382
770.000000 0.092348
780.000000 0.135663
790.000000 0.050334
800.000000 0.147301
810.000000 0.053258
820.000000 0.257533
830.000000 0.029622
840.000000 0.084857
850.000000 0.136976
860.000000 0.179007
870.000000 0.147248
880.000000 0.136736
890.000000 0.136239
900.000000 0.052304
910.000000 0.009633
920.000000 0.013940
930.000000 0.015860
940.000000 0.074365
950.000000 0.148016
960.000000 0.136613
970.000000 0.132491
980.000000 0.058186
990.000000 0.112699
1000.000000 0.055063
