10.000000 0.180924
20.000000 0.246181
30.000000 0.216210
40.000000 0.189233
50.000000 0.191038
60.000000 0.181993
70.000000 0.231985
80.000000 0.200247
90.000000 0.260658
100.000000 0.219902
110.000000 0.095687
120.000000 0.104510
130.000000 0.151023
140.000000 0.212506
150.000000 0.333749
160.000000 0.201023
170.000000 0.256667
180.000000 0.227606
190.000000 0.211851
200.000000 0.140771
210.000000 0.221621
220.000000 0.166785
230.000000 0.264068
240.000000 0.327171
250.000000 0.297308
260.000000 0.074944
270.000000 0.246828
280.000000 0.183544
290.000000 0.207958
300.000000 0.142650
310.000000 0.199433
320.000000 0.130385
330.000000 0.096592
340.000000 0.139507
350.000000 0.272557
360.000000 0.207939
370.000000 0.176924
380.000000 0.149098
390.000000 0.199553
400.000000 0.248146
410.000000 0.231095
420.000000 0.232883
430.000000 0.185188
440.000000 0.182665
450.000000 0.281346
460.000000 0.223069
470.000000 0.154201
480.000000 0.225657
490.000000 0.248091
500.000000 0.295311
510.000000 0.224055
520.000000 0.148281
530.000000 0.248901
540.000000 0.288567
550.000000 0.217798
560.000000 0.215579
570.000000 0.292391
580.000000 0.181277
590.000000 0.253939
600.000000 0.238801
610.000000 0.307497
620.000000 0.299742
630.000000 0.331940
640.000000 0.175417
650.000000 0.193567
660.000000 0.182728
670.000000 0.355346
680.000000 0.303528
690.000000 0.301147
700.000000 0.333505
710.000000 0.260994
720.000000 0.262724
730.000000 0.216348
740.000000 0.173377
750.000000 0.179190
760.000000 0.268239
770.000000 0.217899
780.000000 0.332585
790.000000 0.231875
800.000000 0.285244
810.000000 0.143057
820.000000 0.165881
830.000000 0.289852
840.000000 0.167427
850.000000 0.232644
860.000000 0.212248
870.000000 0.275240
880.000000 0.271413
890.000000 0.114680
900.000000 0.165213
910.000000 0.208844
920.000000 0.230860
930.000000 0.172230
940.000000 0.282037
950.000000 0.196704
960.000000 0.243996
970.000000 0.161211
980.000000 0.186241
990.000000 0.217899
1000.000000 0.103383
