10.000000 0.195501
20.000000 0.177283
30.000000 0.099497
40.000000 0.159537
50.000000 0.122856
60.000000 0.206565
70.000000 0.127234
80.000000 0.119049
90.000000 0.072181
100.000000 0.143365
110.000000 0.253012
120.000000 0.143914
130.000000 0.198405
140.000000 0.219925
150.000000 0.031291
160.000000 0.087625
170.000000 0.220146
180.000000 0.052927
190.000000 0.110709
200.000000 0.244330
210.000000 0.061572
220.000000 0.178464
230.000000 0.070482
240.000000 0.125686
250.000000 0.087451
260.000000 0.111971
270.000000 0.138332
280.000000 0.101863
290.000000 0.150416
300.000000 0.140685
310.000000 0.060515
320.000000 0.106547
330.000000 0.222289
340.000000 0.157835
350.000000 0.081856
360.000000 0.249163
370.000000 0.041024
380.000000 0.126290
390.000000 0.203692
400.000000 0.049492
410.000000 0.221106
420.000000 0.056553
430.000000 0.027619
440.000000 0.052945
450.000000 0.109762
460.000000 0.071223
470.000000 0.094984
480.000000 0.136194
490.000000 0.145851
500.000000 0.292150
510.000000 0.071917
520.000000 0.067805
530.000000 0.194532
540.000000 0.113633
550.000000 0.091312
560.000000 0.134059
570.000000 0.080299
580.000000 0.141580
590.000000 0.206096
600.000000 0.041856
610.000000 0.098790
620.000000 0.199808
630.000000 0.098551
640.000000 0.224177
650.000000 0.170595
660.000000 0.058055
670.000000 0.208115
680.000000 0.201384
690.000000 0.102314
700.000000 0.131355
710.000000 0.053065
720.000000 0.033812
730.000000 0.074445
740.000000 0.147598
750.000000 0.209806
760.000000 0.186846
770.000000 0.123847
780.000000 0.129414
790.000000 0.028137
800.000000 0.021742
810.000000 0.083957
820.000000 0.076026
830.000000 0.147231
840.000000 0.099916
850.000000 0.010107
860.000000 0.163944
870.000000 0.045024
880.000000 0.102614
890.000000 0.099785
900.000000 0.067987
910.000000 0.009720
920.000000 0.072402
930.000000 0.101326
940.000000 0.110316
950.000000 0.193008
960.000000 0.056075
970.000000 0.081117
980.000000 0.053777
990.000000 0.139592
1000.000000 0.145289
