10.000000 0.113200
20.000000 0.125701
30.000000 0.106298
40.000000 0.078118
50.000000 0.078730
60.000000 0.096815
70.000000 0.294915
80.000000 0.113569
90.000000 0.047313
100.000000 0.044048
110.000000 0.116331
120.000000 0.289182
130.000000 0.062668
140.000000 0.067854
150.000000 0.072902
160.000000 0.105547
170.000000 0.030412
180.000000 0.189476
190.000000 0.163689
200.000000 0.151537
210.000000 0.013814
220.000000 0.238049
230.000000 0.103174
240.000000 0.037700
250.000000 0.140158
260.000000 0.122797
270.000000 0.180357
280.000000 0.066001
290.000000 0.039729
300.000000 0.097156
310.000000 0.209088
320.000000 0.093121
330.000000 0.208456
340.000000 0.174186
350.000000 0.141566
360.000000 0.166170
370.000000 0.060132
380.000000 0.140951
390.000000 0.279207
400.000000 0.071012
410.000000 0.025836
420.000000 0.157765
430.000000 0.078493
440.000000 0.038714
450.000000 0.204074
460.000000 0.131670
470.000000 0.228912
480.000000 0.175804
490.000000 0.104981
500.000000 0.040937
510.000000 0.078885
520.000000 0.013206
530.000000 0.099466
540.000000 0.240430
550.000000 0.125058
560.000000 0.279573
570.000000 0.163404
580.000000 0.113923
590.000000 0.151414
600.000000 0.288466
610.000000 0.110867
620.000000 0.033815
630.000000 0.031837
640.000000 0.206803
650.000000 0.133304
660.000000 0.067492
670.000000 0.142198
680.000000 0.113225
690.000000 0.180812
700.000000 0.152767
710.000000 0.093619
720.000000 0.068773
730.000000 0.097240
740.000000 0.137572
750.000000 0.043494
760.000000 0.194240
770.000000 0.097574
780.000000 0.181814
790.000000 0.105616
800.000000 0.202182
810.000000 0.052208
820.000000 0.019688
830.000000 0.043576
840.000000 0.135978
850.000000 0.054439
860.000000 0.223267
870.000000 0.104174
880.000000 0.096953
890.000000 0.114185
900.000000 0.140189
910.000000 0.120575
920.000000 0.184747
930.000000 0.167037
940.000000 0.062816
950.000000 0.109307
960.000000 0.102977
970.000000 0.103211
980.000000 0.186413
990.000000 0.175571
1000.000000 0.089391
