10.000000 0.596976
20.000000 0.610172
30.000000 0.604972
40.000000 0.558332
50.000000 0.667728
60.000000 0.619361
70.000000 0.627922
80.000000 0.652962
90.000000 0.650508
100.000000 0.691724
110.000000 0.596855
120.000000 0.698423
130.000000 0.653828
140.000000 0.630578
150.000000 0.685874
160.000000 0.628344
170.000000 0.726428
180.000000 0.636523
190.000000 0.661950
200.000000 0.642633
210.000000 0.632993
220.000000 0.696865
230.000000 0.654061
240.000000 0.646822
250.000000 0.663900
260.000000 0.600977
270.000000 0.628665
280.000000 0.666950
290.000000 0.674797
300.000000 0.655897
310.000000 0.612424
320.000000 0.659405
330.000000 0.672674
340.000000 0.665868
350.000000 0.642904
360.000000 0.679274
370.000000 0.687499
380.000000 0.619951
390.000000 0.730780
400.000000 0.692413
410.000000 0.698413
420.000000 0.654662
430.000000 0.747048
440.000000 0.678108
450.000000 0.718405
460.000000 0.714356
470.000000 0.722228
480.000000 0.730170
490.000000 0.649203
500.000000 0.625792
510.000000 0.589234
520.000000 0.636100
530.000000 0.621393
540.000000 0.584262
550.000000 0.649681
560.000000 0.621492
570.000000 0.660088
580.000000 0.593580
590.000000 0.626378
600.000000 0.733951
610.000000 0.680340
620.000000 0.635977
630.000000 0.667492
640.000000 0.666857
650.000000 0.634444
660.000000 0.701691
670.000000 0.672171
680.000000 0.685310
690.000000 0.691903
700.000000 0.694573
710.000000 0.671536
720.000000 0.703761
730.000000 0.624705
740.000000 0.685888
750.000000 0.758698
760.000000 0.712072
770.000000 0.657529
780.000000 0.715768
790.000000 0.650310
800.000000 0.665176
810.000000 0.667997
820.000000 0.707300
830.000000 0.704041
840.000000 0.663770
850.000000 0.723840
860.000000 0.693041
870.000000 0.715051
880.000000 0.746529
890.000000 0.744041
900.000000 0.690669
910.000000 0.706869
920.000000 0.740128
930.000000 0.695163
940.000000 0.680539
950.000000 0.618250
960.000000 0.668498
970.000000 0.689918
980.000000 0.620678
990.000000 0.694533
1000.000000 0.689818
