10.000000 0.423910
20.000000 0.431107
30.000000 0.487528
40.000000 0.536772
50.000000 0.551834
60.000000 0.450895
70.000000 0.473765
80.000000 0.503068
90.000000 0.512205
100.000000 0.512980
110.000000 0.403790
120.000000 0.470073
130.000000 0.500952
140.000000 0.512606
150.000000 0.418956
160.000000 0.508506
170.000000 0.479812
180.000000 0.477850
190.000000 0.528228
200.000000 0.487027
210.000000 0.540886
220.000000 0.394277
230.000000 0.477177
240.000000 0.547182
250.000000 0.457938
260.000000 0.311264
270.000000 0.478348
280.000000 0.421161
290.000000 0.478104
300.000000 0.335359
310.000000 0.474286
320.000000 0.430114
330.000000 0.436821
340.000000 0.479771
350.000000 0.481148
360.000000 0.522454
370.000000 0.475154
380.000000 0.400085
390.000000 0.477619
400.000000 0.488924
410.000000 0.462469
420.000000 0.387722
430.000000 0.471977
440.000000 0.416005
450.000000 0.447803
460.000000 0.550549
470.000000 0.522757
480.000000 0.421680
490.000000 0.509402
500.000000 0.373188
510.000000 0.461544
520.000000 0.351712
530.000000 0.522650
540.000000 0.467344
550.000000 0.401902
560.000000 0.556504
570.000000 0.430846
580.000000 0.587272
590.000000 0.556009
600.000000 0.454469
610.000000 0.548534
620.000000 0.424215
630.000000 0.367301
640.000000 0.555572
650.000000 0.494329
660.000000 0.592760
670.000000 0.429364
680.000000 0.454807
690.000000 0.470014
700.000000 0.446136
710.000000 0.649938
720.000000 0.444403
730.000000 0.463119
740.000000 0.457906
750.000000 0.456204
760.000000 0.482723
770.000000 0.383326
780.000000 0.437905
790.000000 0.552807
800.000000 0.566799
810.000000 0.415689
820.000000 0.532566
830.000000 0.503830
840.000000 0.484291
850.000000 0.435015
860.000000 0.359992
870.000000 0.509206
880.000000 0.587190
890.000000 0.432986
900.000000 0.399465
910.000000 0.502224
920.000000 0.544270
930.000000 0.475738
940.000000 0.462513
950.000000 0.538711
960.000000 0.487389
970.000000 0.508344
980.000000 0.468087
990.000000 0.509733
1000.000000 0.547688
