10.000000 0.255969
20.000000 0.058717
30.000000 0.129616
40.000000 0.055976
50.000000 0.123002
60.000000 0.020798
70.000000 0.176928
80.000000 0.172678
90.000000 0.086630
100.000000 0.035402
110.000000 0.167514
120.000000 0.120399
130.000000 0.048594
140.000000 0.201313
150.000000 0.109829
160.000000 0.167785
170.000000 0.008061
180.000000 0.148628
190.000000 0.062380
200.000000 0.172190
210.000000 0.165932
220.000000 0.078674
230.000000 0.023671
240.000000 0.145804
250.000000 0.166915
260.000000 0.171104
270.000000 0.213754
280.000000 0.078313
290.000000 0.059520
300.000000 0.193602
310.000000 0.148582
320.000000 0.059414
330.000000 0.220070
340.000000 0.177340
350.000000 0.227350
360.000000 0.095759
370.000000 0.177733
380.000000 0.053190
390.000000 0.159101
400.000000 0.188699
410.000000 0.097323
420.000000 0.168811
430.000000 0.100836
440.000000 0.166391
450.000000 0.012997
460.000000 0.102159
470.000000 0.053416
480.000000 0.090063
490.000000 0.135975
500.000000 0.124971
510.000000 0.145850
520.000000 0.191728
530.000000 0.024555
540.000000 0.082316
550.000000 0.037459
560.000000 0.119896
570.000000 0.098375
580.000000 0.159688
590.000000 0.042449
600.000000 0.089386
610.000000 0.131161
620.000000 0.159046
630.000000 0.073338
640.000000 0.247575
650.000000 0.049577
660.000000 0.139972
670.000000 0.087184
680.000000 0.054865
690.000000 0.147556
700.000000 0.088078
710.000000 0.070470
720.000000 0.112012
730.000000 0.067232
740.000000 0.128152
750.000000 0.143493
760.000000 0.041599
770.000000 0.051959
780.000000 0.111882
790.000000 0.083795
800.000000 0.026660
810.000000 0.068713
820.000000 0.125322
830.000000 0.231446
840.000000 0.146009
850.000000 0.149751
860.000000 0.102369
870.000000 0.283215
880.000000 0.060800
890.000000 0.048379
900.000000 0.174580
910.000000 0.106882
920.000000 0.146592
930.000000 0.173903
940.000000 0.015591
950.000000 0.055240
960.000000 0.101841
970.000000 0.079208
980.000000 0.024668
990.000000 0.195707
1000.000000 0.015622
