10.000000 0.174055
20.000000 0.501132
30.000000 0.462955
40.000000 0.305791
50.000000 0.280163
60.000000 0.178141
70.000000 0.300333
80.000000 0.034730
90.000000 0.268202
100.000000 0.176709
110.000000 0.086055
120.000000 0.144682
130.000000 0.287959
140.000000 0.419061
150.000000 0.330921
160.000000 0.217668
170.000000 0.403084
180.000000 0.325961
190.000000 0.360875
200.000000 0.287847
210.000000 0.451491
220.000000 0.129543
230.000000 0.130291
240.000000 0.365378
250.000000 0.438828
260.000000 0.158942
270.000000 0.288824
280.000000 0.240961
290.000000 0.256044
300.000000 0.308072
310.000000 0.242938
320.000000 0.487472
330.000000 0.405999
340.000000 0.261192
350.000000 0.370057
360.000000 0.448910
370.000000 0.198405
380.000000 0.234705
390.000000 0.280829
400.000000 0.151153
410.000000 0.158120
420.000000 0.206134
430.000000 0.088996
440.000000 0.285840
450.000000 0.305419
460.000000 0.285726
470.000000 0.366555
480.000000 0.064717
490.000000 0.176796
500.000000 0.320542
510.000000 0.227261
520.000000 0.161906
530.000000 0.473714
540.000000 0.516779
550.000000 0.432519
560.000000 0.140945
570.000000 0.268266
580.000000 0.562132
590.000000 0.258459
600.000000 0.292919
610.000000 0.235453
620.000000 0.384604
630.000000 0.189862
640.000000 0.084408
650.000000 0.694151
660.000000 0.355280
670.000000 0.333542
680.000000 0.142543
690.000000 0.148588
700.000000 0.525883
710.000000 0.559632
720.000000 0.471332
730.000000 0.253825
740.000000 0.221187
750.000000 0.138715
760.000000 0.510730
770.000000 0.080867
780.000000 0.169610
790.000000 0.174780
800.000000 0.376824
810.000000 0.083575
820.000000 0.277194
830.000000 0.027420
840.000000 0.258937
850.000000 0.177113
860.000000 0.527929
870.000000 0.226779
880.000000 0.126332
890.000000 0.312311
900.000000 0.171911
910.000000 0.478914
920.000000 0.304399
930.000000 0.363422
940.000000 0.076929
950.000000 0.078225
960.000000 0.217314
970.000000 0.241390
980.000000 0.593307
990.000000 0.618493
1000.000000 0.191278
