10.000000 0.916588
20.000000 0.905210
30.000000 0.916760
40.000000 0.880180
50.000000 0.906201
60.000000 0.911482
70.000000 0.931173
80.000000 0.907045
90.000000 0.903357
100.000000 0.870377
110.000000 0.888284
120.000000 0.892717
130.000000 0.905766
140.000000 0.888879
150.000000 0.912144
160.000000 0.897615
170.000000 0.904430
180.000000 0.897781
190.000000 0.874894
200.000000 0.913344
210.000000 0.876621
220.000000 0.886296
230.000000 0.916670
240.000000 0.901048
250.000000 0.888635
260.000000 0.904660
270.000000 0.916335
280.000000 0.918063
290.000000 0.897452
300.000000 0.893377
310.000000 0.896878
320.000000 0.902969
330.000000 0.894998
340.000000 0.907146
350.000000 0.912869
360.000000 0.928218
370.000000 0.923396
380.000000 0.894520
390.000000 0.892567
400.000000 0.903338
410.000000 0.893221
420.000000 0.912261
430.000000 0.898395
440.000000 0.911974
450.000000 0.871088
460.000000 0.891280
470.000000 0.939527
480.000000 0.911443
490.000000 0.903428
500.000000 0.905525
510.000000 0.904015
520.000000 0.905809
530.000000 0.896357
540.000000 0.901877
550.000000 0.902321
560.000000 0.898213
570.000000 0.905107
580.000000 0.922547
590.000000 0.908094
600.000000 0.905262
610.000000 0.886113
620.000000 0.895137
630.000000 0.914854
640.000000 0.919161
650.000000 0.888311
660.000000 0.894209
670.000000 0.912160
680.000000 0.905075
690.000000 0.884098
700.000000 0.886121
710.000000 0.903726
720.000000 0.885891
730.000000 0.902168
740.000000 0.925745
750.000000 0.908215
760.000000 0.899827
770.000000 0.900754
780.000000 0.932969
790.000000 0.878074
800.000000 0.910623
810.000000 0.906956
820.000000 0.890639
830.000000 0.896063
840.000000 0.867476
850.000000 0.895550
860.000000 0.868350
870.000000 0.901471
880.000000 0.902555
890.000000 0.910820
900.000000 0.899331
910.000000 0.904313
920.000000 0.900039
930.000000 0.897481
940.000000 0.912572
950.000000 0.888468
960.000000 0.905601
970.000000 0.903123
980.000000 0.920362
990.000000 0.896346
1000.000000 0.898856
