10.000000 0.140255
20.000000 0.016389
30.000000 0.130542
40.000000 0.308528
50.000000 0.055407
60.000000 0.134508
70.000000 0.146908
80.000000 0.076053
90.000000 0.170283
100.000000 0.080876
110.000000 0.021742
120.000000 0.137189
130.000000 0.157716
140.000000 0.030922
150.000000 0.095209
160.000000 0.052206
170.000000 0.213486
180.000000 0.119950
190.000000 0.053547
200.000000 0.092062
210.000000 0.151615
220.000000 0.023719
230.000000 0.086782
240.000000 0.012259
250.000000 0.193034
260.000000 0.107232
270.000000 0.142671
280.000000 0.119857
290.000000 0.205709
300.000000 0.184179
310.000000 0.212997
320.000000 0.128098
330.000000 0.083802
340.000000 0.173432
350.000000 0.058348
360.000000 0.058317
370.000000 0.137355
380.000000 0.200311
390.000000 0.088566
400.000000 0.107729
410.000000 0.159924
420.000000 0.166435
430.000000 0.088427
440.000000 0.216870
450.000000 0.047181
460.000000 0.168680
470.000000 0.089810
480.000000 0.158653
490.000000 0.158247
500.000000 0.090911
510.000000 0.051539
520.000000 0.082052
530.000000 0.186377
540.000000 0.154492
550.000000 0.117904
560.000000 0.147439
570.000000 0.221646
580.000000 0.080109
590.000000 0.061812
600.000000 0.135639
610.000000 0.051811
620.000000 0.154818
630.000000 0.103986
640.000000 0.262037
650.000000 0.113550
660.000000 0.066353
670.000000 0.108912
680.000000 0.044840
690.000000 0.220832
700.000000 0.119878
710.000000 0.046412
720.000000 0.034819
730.000000 0.061322
740.000000 0.109394
750.000000 0.162243
760.000000 0.208080
770.000000 0.088100
780.000000 0.103478
790.000000 0.107392
800.000000 0.062242
810.000000 0.083256
820.000000 0.120027
830.000000 0.150477
840.000000 0.179987
850.000000 0.126677
860.000000 0.170516
870.000000 0.177249
880.000000 0.113615
890.000000 0.196824
900.000000 0.122116
910.000000 0.110065
920.000000 0.062993
930.000000 0.118630
940.000000 0.162338
950.000000 0.073497
960.000000 0.048433
970.000000 0.060841
980.000000 0.166247
990.000000 0.019911
1000.000000 0.061574
