0.000000 0.257835
1.000000 0.087038
2.000000 0.089217
3.000000 0.291867
4.000000 0.103432
5.000000 0.146590
6.000000 0.149011
7.000000 0.126150
8.000000 0.064537
9.000000 0.185201
10.000000 0.298860
11.000000 0.177225
12.000000 0.150100
13.000000 0.128766
14.000000 0.068427
15.000000 0.238405
16.000000 0.203122
17.000000 0.201073
18.000000 0.062556
19.000000 0.009220
20.000000 0.119079
21.000000 0.144154
22.000000 0.123621
23.000000 0.241935
24.000000 0.174405
25.000000 0.214281
26.000000 0.239002
27.000000 0.244398
28.000000 0.137005
29.000000 0.139807
30.000000 0.039978
31.000000 0.260382
32.000000 0.244652
33.000000 0.232111
34.000000 0.243940
35.000000 0.036285
36.000000 0.296068
37.000000 0.160508
38.000000 0.203119
39.000000 0.090669
40.000000 0.143589
41.000000 0.243214
42.000000 0.112834
43.000000 0.172558
44.000000 0.029397
45.000000 0.211033
46.000000 0.293481
47.000000 0.008913
48.000000 0.112163
49.000000 0.215956
50.000000 0.137153
51.000000 0.243807
52.000000 0.170841
53.000000 0.125292
54.000000 0.201128
55.000000 0.086283
56.000000 0.262570
57.000000 0.174208
58.000000 0.208815
59.000000 0.084672
60.000000 0.162240
61.000000 0.189431
62.000000 0.250617
63.000000 0.129393
64.000000 0.046737
65.000000 0.342292
66.000000 0.250891
67.000000 0.147469
68.000000 0.277304
69.000000 0.184953
70.000000 0.234241
71.000000 0.215855
72.000000 0.153389
73.000000 0.072957
74.000000 0.095605
75.000000 0.068827
76.000000 0.256773
77.000000 0.140713
78.000000 0.158527
79.000000 0.222217
80.000000 0.183976
81.000000 0.151137
82.000000 0.175236
83.000000 0.062212
84.000000 0.158426
85.000000 0.208429
86.000000 0.229004
87.000000 0.094211
88.000000 0.226655
89.000000 0.033151
90.000000 0.062874
91.000000 0.182672
92.000000 0.146363
93.000000 0.296013
94.000000 0.268289
95.000000 0.103380
96.000000 0.146937
97.000000 0.182092
98.000000 0.066453
99.000000 0.188433
100.000000 0.338271
101.000000 0.192384
102.000000 0.285110
103.000000 0.086810
104.000000 0.198919
105.000000 0.148874
106.000000 0.287788
107.000000 0.175680
108.000000 0.332788
109.000000 0.328775
110.000000 0.237434
111.000000 0.142071
112.000000 0.167172
113.000000 0.292833
114.000000 0.208623
115.000000 0.151766
116.000000 0.166764
117.000000 0.058791
118.000000 0.085634
119.000000 0.109735
120.000000 0.194817
121.000000 0.046150
122.000000 0.045081
123.000000 0.078752
124.000000 0.140822
125.000000 0.118734
126.000000 0.021354
127.000000 0.137513
128.000000 0.169428
129.000000 0.086801
130.000000 0.179841
131.000000 0.063403
132.000000 0.086192
133.000000 0.049219
134.000000 0.140691
135.000000 0.071415
136.000000 0.141233
137.000000 0.231461
138.000000 0.033897
139.000000 0.128040
140.000000 0.062160
141.000000 0.160812
142.000000 0.198772
143.000000 0.156733
144.000000 0.105580
145.000000 0.175585
146.000000 0.216804
147.000000 0.188529
148.000000 0.361019
149.000000 0.101976
150.000000 0.154403
151.000000 0.241417
152.000000 0.256148
153.000000 0.108587
154.000000 0.120518
155.000000 0.114657
156.000000 0.096305
157.000000 0.143565
158.000000 0.110578
159.000000 0.224663
160.000000 0.099769
161.000000 0.084639
162.000000 0.210973
163.000000 0.095812
164.000000 0.266498
165.000000 0.409981
166.000000 0.100700
167.000000 0.210765
168.000000 0.064679
169.000000 0.381684
170.000000 0.143013
171.000000 0.255950
172.000000 0.201388
173.000000 0.201896
174.000000 0.088708
175.000000 0.270278
176.000000 0.318395
177.000000 0.345417
178.000000 0.208329
179.000000 0.240724
180.000000 0.059109
181.000000 0.050372
182.000000 0.274101
183.000000 0.057839
184.000000 0.176995
185.000000 0.158886
186.000000 0.183721
187.000000 0.059581
188.000000 0.271915
189.000000 0.043456
190.000000 0.030315
191.000000 0.158511
192.000000 0.135481
193.000000 0.276397
194.000000 0.323383
195.000000 0.025372
196.000000 0.057852
197.000000 0.150008
198.000000 0.112462
199.000000 0.249088
200.000000 0.229122
201.000000 0.262841
202.000000 0.242152
203.000000 0.173323
204.000000 0.072646
205.000000 0.065734
206.000000 0.111634
207.000000 0.289150
208.000000 0.120512
209.000000 0.253762
210.000000 0.089512
211.000000 0.194582
212.000000 0.267960
213.000000 0.194725
214.000000 0.079144
215.000000 0.162289
216.000000 0.337926
217.000000 0.016169
218.000000 0.208146
219.000000 0.157879
220.000000 0.118318
221.000000 0.305730
222.000000 0.132345
223.000000 0.035791
224.000000 0.134431
225.000000 0.100883
226.000000 0.143099
227.000000 0.202324
228.000000 0.132075
229.000000 0.179573
230.000000 0.177214
231.000000 0.226550
232.000000 0.154103
233.000000 0.144004
234.000000 0.077439
235.000000 0.246326
236.000000 0.351045
237.000000 0.163862
238.000000 0.136333
239.000000 0.188868
240.000000 0.079199
241.000000 0.049419
242.000000 0.290364
243.000000 0.044325
244.000000 0.325664
245.000000 0.209841
246.000000 0.254048
247.000000 0.146529
248.000000 0.165697
249.000000 0.336408
250.000000 0.181441
251.000000 0.139158
252.000000 0.262291
253.000000 0.205546
254.000000 0.246466
255.000000 0.339979
256.000000 0.228372
257.000000 0.158411
258.000000 0.307756
259.000000 0.139207
260.000000 0.128924
261.000000 0.257345
262.000000 0.159598
263.000000 0.130189
264.000000 0.189694
265.000000 0.194982
266.000000 0.198718
267.000000 0.129232
268.000000 0.155298
269.000000 0.196037
270.000000 0.250475
271.000000 0.220340
272.000000 0.141862
273.000000 0.070787
274.000000 0.235408
275.000000 0.161761
276.000000 0.279603
277.000000 0.153798
278.000000 0.098613
279.000000 0.271550
280.000000 0.251310
281.000000 0.261349
282.000000 0.259724
283.000000 0.198882
284.000000 0.120999
285.000000 0.092303
286.000000 0.131177
287.000000 0.187405
288.000000 0.162596
289.000000 0.058940
290.000000 0.189250
291.000000 0.153035
292.000000 0.192312
293.000000 0.296283
294.000000 0.274449
295.000000 0.227015
296.000000 0.048636
297.000000 0.192259
298.000000 0.084044
299.000000 0.255156
300.000000 0.347730
301.000000 0.126757
302.000000 0.214138
303.000000 0.181360
304.000000 0.154766
305.000000 0.317405
306.000000 0.301600
307.000000 0.114024
308.000000 0.231759
309.000000 0.226511
310.000000 0.357718
311.000000 0.343742
312.000000 0.079010
313.000000 0.368927
314.000000 0.183789
315.000000 0.170212
316.000000 0.328040
317.000000 0.101563
318.000000 0.020934
319.000000 0.096170
320.000000 0.204861
321.000000 0.070773
322.000000 0.180914
323.000000 0.146219
324.000000 0.023888
325.000000 0.185521
326.000000 0.113427
327.000000 0.245477
328.000000 0.282310
329.000000 0.101154
330.000000 0.096355
331.000000 0.290713
332.000000 0.346524
333.000000 0.226382
334.000000 0.141468
335.000000 0.123273
336.000000 0.185905
337.000000 0.219623
338.000000 0.099331
339.000000 0.199232
340.000000 0.054190
341.000000 0.189665
342.000000 0.160455
343.000000 0.102010
344.000000 0.319841
345.000000 0.188785
346.000000 0.105626
347.000000 0.140311
348.000000 0.115231
349.000000 0.070967
350.000000 0.266874
351.000000 0.098058
352.000000 0.216975
353.000000 0.067482
354.000000 0.179910
355.000000 0.082697
356.000000 0.261622
357.000000 0.131977
358.000000 0.070343
359.000000 0.127086
360.000000 0.174077
361.000000 0.353847
362.000000 0.132922
363.000000 0.206130
364.000000 0.216097
365.000000 0.269756
366.000000 0.148573
367.000000 0.319083
368.000000 0.140883
369.000000 0.379556
370.000000 0.082025
371.000000 0.106918
372.000000 0.260727
373.000000 0.071934
374.000000 0.241393
375.000000 0.110461
376.000000 0.122100
377.000000 0.101235
378.000000 0.165808
379.000000 0.314715
380.000000 0.094777
381.000000 0.256199
382.000000 0.090656
383.000000 0.055683
384.000000 0.278459
385.000000 0.168235
386.000000 0.106184
387.000000 0.231657
388.000000 0.297100
389.000000 0.196062
390.000000 0.185594
391.000000 0.207491
392.000000 0.173985
393.000000 0.061631
394.000000 0.105998
395.000000 0.256924
396.000000 0.175788
397.000000 0.249114
398.000000 0.039718
399.000000 0.098406
400.000000 0.105126
401.000000 0.123632
402.000000 0.283429
403.000000 0.306675
404.000000 0.179118
405.000000 0.225315
406.000000 0.298280
407.000000 0.291550
408.000000 0.260992
409.000000 0.135896
410.000000 0.269947
411.000000 0.149430
412.000000 0.263951
413.000000 0.192712
414.000000 0.089966
415.000000 0.207095
416.000000 0.200794
417.000000 0.232214
418.000000 0.164489
419.000000 0.128585
420.000000 0.157112
421.000000 0.315141
422.000000 0.092364
423.000000 0.213824
424.000000 0.054865
425.000000 0.145923
426.000000 0.087354
427.000000 0.283401
428.000000 0.185959
429.000000 0.118948
430.000000 0.153243
431.000000 0.222503
432.000000 0.095992
433.000000 0.110085
434.000000 0.194530
435.000000 0.270635
436.000000 0.206358
437.000000 0.134358
438.000000 0.251078
439.000000 0.219432
440.000000 0.178585
441.000000 0.200922
442.000000 0.140831
443.000000 0.062117
444.000000 0.040693
445.000000 0.064939
446.000000 0.324725
447.000000 0.145332
448.000000 0.152760
449.000000 0.106263
450.000000 0.098025
451.000000 0.222142
452.000000 0.167157
453.000000 0.126714
454.000000 0.359120
455.000000 0.147970
456.000000 0.207363
457.000000 0.091227
458.000000 0.230895
459.000000 0.258584
460.000000 0.236607
461.000000 0.111578
462.000000 0.126527
463.000000 0.050310
464.000000 0.169678
465.000000 0.305709
466.000000 0.143927
467.000000 0.148353
468.000000 0.166380
469.000000 0.308254
470.000000 0.122714
471.000000 0.113883
472.000000 0.197402
473.000000 0.238210
474.000000 0.103252
475.000000 0.047505
476.000000 0.040241
477.000000 0.309872
478.000000 0.052424
479.000000 0.142136
480.000000 0.138673
481.000000 0.216187
482.000000 0.307773
483.000000 0.204948
484.000000 0.123062
485.000000 0.262506
486.000000 0.097483
487.000000 0.257388
488.000000 0.075481
489.000000 0.384131
490.000000 0.258412
491.000000 0.256901
492.000000 0.189821
493.000000 0.111814
494.000000 0.227327
495.000000 0.170510
496.000000 0.223087
497.000000 0.222413
498.000000 0.088575
499.000000 0.332055
500.000000 0.227989
501.000000 0.219608
502.000000 0.069550
503.000000 0.172965
504.000000 0.111245
505.000000 0.132203
506.000000 0.245161
507.000000 0.276280
508.000000 0.157299
509.000000 0.252844
510.000000 0.184447
511.000000 0.192832
512.000000 0.128239
513.000000 0.322341
514.000000 0.149288
515.000000 0.272221
516.000000 0.273080
517.000000 0.112897
518.000000 0.343342
519.000000 0.041373
520.000000 0.340033
521.000000 0.311822
522.000000 0.183977
523.000000 0.231392
524.000000 0.250892
525.000000 0.102827
526.000000 0.067528
527.000000 0.227729
528.000000 0.187398
529.000000 0.391971
530.000000 0.082963
531.000000 0.175593
532.000000 0.300557
533.000000 0.162588
534.000000 0.302073
535.000000 0.215234
536.000000 0.126283
537.000000 0.101431
538.000000 0.090428
539.000000 0.324508
540.000000 0.110379
541.000000 0.231701
542.000000 0.097980
543.000000 0.033308
544.000000 0.264678
545.000000 0.156848
546.000000 0.060063
547.000000 0.147933
548.000000 0.344653
549.000000 0.304649
550.000000 0.152194
551.000000 0.131151
552.000000 0.241753
553.000000 0.324245
554.000000 0.287814
555.000000 0.092125
556.000000 0.140935
557.000000 0.052271
558.000000 0.316078
559.000000 0.181087
560.000000 0.153889
561.000000 0.287177
562.000000 0.170075
563.000000 0.012757
564.000000 0.148047
565.000000 0.160182
566.000000 0.101566
567.000000 0.185791
568.000000 0.249985
569.000000 0.161940
570.000000 0.044301
571.000000 0.177614
572.000000 0.288682
573.000000 0.117230
574.000000 0.140395
575.000000 0.180554
576.000000 0.127066
577.000000 0.368452
578.000000 0.067413
579.000000 0.170664
580.000000 0.063370
581.000000 0.061861
582.000000 0.186853
583.000000 0.214217
584.000000 0.191868
585.000000 0.158607
586.000000 0.151318
587.000000 0.182129
588.000000 0.115014
589.000000 0.024084
590.000000 0.189737
591.000000 0.230641
592.000000 0.262987
593.000000 0.178020
594.000000 0.145074
595.000000 0.236267
596.000000 0.179913
597.000000 0.156809
598.000000 0.057422
599.000000 0.131318
600.000000 0.132483
601.000000 0.189255
602.000000 0.330486
603.000000 0.106260
604.000000 0.168469
605.000000 0.263284
606.000000 0.081024
607.000000 0.230299
608.000000 0.302964
609.000000 0.027025
610.000000 0.260330
611.000000 0.196193
612.000000 0.226381
613.000000 0.189710
614.000000 0.238837
615.000000 0.295165
616.000000 0.142362
617.000000 0.322020
618.000000 0.101708
619.000000 0.091034
620.000000 0.197467
621.000000 0.236390
622.000000 0.050414
623.000000 0.277232
624.000000 0.151275
625.000000 0.030731
626.000000 0.078806
627.000000 0.277279
628.000000 0.234026
629.000000 0.250706
630.000000 0.286024
631.000000 0.105115
632.000000 0.204392
633.000000 0.085671
634.000000 0.087390
635.000000 0.028873
636.000000 0.250997
637.000000 0.037184
638.000000 0.163404
639.000000 0.081770
640.000000 0.148739
641.000000 0.210012
642.000000 0.309013
643.000000 0.154214
644.000000 0.115440
645.000000 0.236717
646.000000 0.081834
647.000000 0.345395
648.000000 0.180060
649.000000 0.256285
650.000000 0.214575
651.000000 0.079551
652.000000 0.142030
653.000000 0.184471
654.000000 0.035766
655.000000 0.235730
656.000000 0.159894
657.000000 0.205635
658.000000 0.233767
659.000000 0.226730
660.000000 0.224522
661.000000 0.100425
662.000000 0.143824
663.000000 0.185658
664.000000 0.084756
665.000000 0.185549
666.000000 0.109745
667.000000 0.136212
668.000000 0.105490
669.000000 0.356156
670.000000 0.223135
671.000000 0.195728
672.000000 0.331681
673.000000 0.170258
674.000000 0.158016
675.000000 0.119175
676.000000 0.132829
677.000000 0.151648
678.000000 0.140315
679.000000 0.279174
680.000000 0.064042
681.000000 0.110888
682.000000 0.094331
683.000000 0.025902
684.000000 0.220778
685.000000 0.082118
686.000000 0.267499
687.000000 0.111026
688.000000 0.007104
689.000000 0.088362
690.000000 0.132129
691.000000 0.236731
692.000000 0.241959
693.000000 0.081820
694.000000 0.212959
695.000000 0.114720
696.000000 0.158361
697.000000 0.075552
698.000000 0.120973
699.000000 0.105113
700.000000 0.179272
701.000000 0.240921
702.000000 0.249137
703.000000 0.136902
704.000000 0.114696
705.000000 0.245490
706.000000 0.132458
707.000000 0.408036
708.000000 0.124954
709.000000 0.101272
710.000000 0.093917
711.000000 0.145790
712.000000 0.122872
713.000000 0.175559
714.000000 0.204073
715.000000 0.223121
716.000000 0.396573
717.000000 0.236566
718.000000 0.301877
719.000000 0.162547
720.000000 0.153484
721.000000 0.120568
722.000000 0.188588
723.000000 0.420101
724.000000 0.190749
725.000000 0.082780
726.000000 0.096129
727.000000 0.176893
728.000000 0.186540
729.000000 0.206133
730.000000 0.175417
731.000000 0.187001
732.000000 0.059559
733.000000 0.175680
734.000000 0.114488
735.000000 0.094103
736.000000 0.085062
737.000000 0.198037
738.000000 0.142597
739.000000 0.247949
740.000000 0.156529
741.000000 0.202357
742.000000 0.247765
743.000000 0.151678
744.000000 0.193406
745.000000 0.032696
746.000000 0.085057
747.000000 0.057592
748.000000 0.228035
749.000000 0.196719
750.000000 0.219217
751.000000 0.167892
752.000000 0.279435
753.000000 0.245031
754.000000 0.183713
755.000000 0.267323
756.000000 0.197380
757.000000 0.098468
758.000000 0.127204
759.000000 0.254543
760.000000 0.375019
761.000000 0.360211
762.000000 0.261728
763.000000 0.182877
764.000000 0.218931
765.000000 0.054597
766.000000 0.080912
767.000000 0.096605
768.000000 0.157245
769.000000 0.147811
770.000000 0.206268
771.000000 0.070660
772.000000 0.144592
773.000000 0.160017
774.000000 0.086408
775.000000 0.049974
776.000000 0.217728
777.000000 0.147536
778.000000 0.056095
779.000000 0.051291
780.000000 0.181257
781.000000 0.102045
782.000000 0.189351
783.000000 0.075107
784.000000 0.062472
785.000000 0.229212
786.000000 0.060968
787.000000 0.067678
788.000000 0.083565
789.000000 0.029702
790.000000 0.133729
791.000000 0.122515
792.000000 0.091236
793.000000 0.348971
794.000000 0.027973
795.000000 0.260711
796.000000 0.196512
797.000000 0.316939
798.000000 0.145087
799.000000 0.186330
800.000000 0.141640
801.000000 0.138135
802.000000 0.023654
803.000000 0.170470
804.000000 0.197082
805.000000 0.248293
806.000000 0.054168
807.000000 0.025513
808.000000 0.253980
809.000000 0.031595
810.000000 0.098747
811.000000 0.273903
812.000000 0.137643
813.000000 0.067244
814.000000 0.077846
815.000000 0.070351
816.000000 0.183690
817.000000 0.181634
818.000000 0.144020
819.000000 0.142419
820.000000 0.104541
821.000000 0.419706
822.000000 0.035787
823.000000 0.179727
824.000000 0.064820
825.000000 0.076788
826.000000 0.185250
827.000000 0.115434
828.000000 0.217300
829.000000 0.294452
830.000000 0.084443
831.000000 0.084321
832.000000 0.157586
833.000000 0.107186
834.000000 0.063301
835.000000 0.148727
836.000000 0.181633
837.000000 0.166122
838.000000 0.147956
839.000000 0.252259
840.000000 0.152099
841.000000 0.200209
842.000000 0.024973
843.000000 0.075586
844.000000 0.159402
845.000000 0.214451
846.000000 0.097595
847.000000 0.031861
848.000000 0.154357
849.000000 0.163174
850.000000 0.114029
851.000000 0.189626
852.000000 0.117168
853.000000 0.125604
854.000000 0.151168
855.000000 0.051019
856.000000 0.235729
857.000000 0.206804
858.000000 0.255370
859.000000 0.250258
860.000000 0.145588
861.000000 0.110336
862.000000 0.246490
863.000000 0.216181
864.000000 0.261699
865.000000 0.185192
866.000000 0.326787
867.000000 0.305594
868.000000 0.271737
869.000000 0.230879
870.000000 0.106657
871.000000 0.021002
872.000000 0.106977
873.000000 0.034409
874.000000 0.119006
875.000000 0.171328
876.000000 0.146518
877.000000 0.144280
878.000000 0.224579
879.000000 0.149692
880.000000 0.265859
881.000000 0.326946
882.000000 0.111665
883.000000 0.116741
884.000000 0.010457
885.000000 0.274450
886.000000 0.102389
887.000000 0.100421
888.000000 0.033299
889.000000 0.193447
890.000000 0.264277
891.000000 0.098715
892.000000 0.176153
893.000000 0.167114
894.000000 0.129979
895.000000 0.113219
896.000000 0.355596
897.000000 0.099877
898.000000 0.207976
899.000000 0.102192
900.000000 0.181203
901.000000 0.189288
902.000000 0.040559
903.000000 0.085262
904.000000 0.246047
905.000000 0.182518
906.000000 0.171932
907.000000 0.068370
908.000000 0.161746
909.000000 0.117644
910.000000 0.092655
911.000000 0.141074
912.000000 0.169303
913.000000 0.088305
914.000000 0.320568
915.000000 0.080714
916.000000 0.087294
917.000000 0.207202
918.000000 0.059899
919.000000 0.238396
920.000000 0.127749
921.000000 0.238257
922.000000 0.089249
923.000000 0.328264
924.000000 0.184227
925.000000 0.250293
926.000000 0.024659
927.000000 0.058072
928.000000 0.069943
929.000000 0.119051
930.000000 0.126449
931.000000 0.211520
932.000000 0.192202
933.000000 0.138235
934.000000 0.266912
935.000000 0.113546
936.000000 0.217534
937.000000 0.304917
938.000000 0.146497
939.000000 0.096181
940.000000 0.091978
941.000000 0.125713
942.000000 0.068348
943.000000 0.177897
944.000000 0.306433
945.000000 0.137230
946.000000 0.190396
947.000000 0.171709
948.000000 0.191055
949.000000 0.217371
950.000000 0.029358
951.000000 0.067710
952.000000 0.046205
953.000000 0.240051
954.000000 0.170787
955.000000 0.224612
956.000000 0.215503
957.000000 0.113457
958.000000 0.188073
959.000000 0.231747
960.000000 0.217235
961.000000 0.217371
962.000000 0.164200
963.000000 0.234055
964.000000 0.124489
965.000000 0.361724
966.000000 0.229678
967.000000 0.242753
968.000000 0.048264
969.000000 0.037161
970.000000 0.089084
971.000000 0.173852
972.000000 0.064778
973.000000 0.263406
974.000000 0.196245
975.000000 0.222811
976.000000 0.235505
977.000000 0.129839
978.000000 0.159994
979.000000 0.176597
980.000000 0.231783
981.000000 0.049113
982.000000 0.279908
983.000000 0.107273
984.000000 0.202303
985.000000 0.303038
986.000000 0.170150
987.000000 0.160132
988.000000 0.111501
989.000000 0.184500
990.000000 0.258256
991.000000 0.080493
992.000000 0.165002
993.000000 0.164351
994.000000 0.326212
995.000000 0.159646
996.000000 0.181475
997.000000 0.149624
998.000000 0.204487
999.000000 0.036437
1000.000000 0.172167
1001.000000 0.126645
1002.000000 0.327673
1003.000000 0.170789
1004.000000 0.135613
1005.000000 0.125085
1006.000000 0.086694
1007.000000 0.093679
1008.000000 0.156004
1009.000000 0.190536
1010.000000 0.152135
1011.000000 0.091064
1012.000000 0.081196
1013.000000 0.106693
1014.000000 0.198859
1015.000000 0.196544
1016.000000 0.255666
1017.000000 0.223787
1018.000000 0.162255
1019.000000 0.187356
1020.000000 0.211432
1021.000000 0.047063
1022.000000 0.344111
1023.000000 0.204016
1024.000000 0.262230
1025.000000 0.153536
1026.000000 0.080718
1027.000000 0.162327
1028.000000 0.095188
1029.000000 0.078791
1030.000000 0.122435
1031.000000 0.263429
1032.000000 0.042539
1033.000000 0.065909
1034.000000 0.047168
1035.000000 0.128355
1036.000000 0.141758
1037.000000 0.115739
1038.000000 0.033104
1039.000000 0.138334
1040.000000 0.071677
1041.000000 0.215179
1042.000000 0.130089
1043.000000 0.035932
1044.000000 0.246430
1045.000000 0.313383
1046.000000 0.249311
1047.000000 0.139895
1048.000000 0.070241
1049.000000 0.294897
1050.000000 0.175922
1051.000000 0.173185
1052.000000 0.097887
1053.000000 0.109658
1054.000000 0.108452
1055.000000 0.040327
1056.000000 0.385930
1057.000000 0.198521
1058.000000 0.173380
1059.000000 0.271526
1060.000000 0.260890
1061.000000 0.088547
1062.000000 0.080673
1063.000000 0.210272
1064.000000 0.414319
1065.000000 0.030670
1066.000000 0.183090
1067.000000 0.181460
1068.000000 0.152530
1069.000000 0.076079
1070.000000 0.212620
1071.000000 0.314206
1072.000000 0.203858
1073.000000 0.057460
1074.000000 0.163733
1075.000000 0.165290
1076.000000 0.169030
1077.000000 0.088106
1078.000000 0.161204
1079.000000 0.279120
1080.000000 0.173927
1081.000000 0.277841
1082.000000 0.252017
1083.000000 0.041530
1084.000000 0.333613
1085.000000 0.122239
1086.000000 0.161637
1087.000000 0.009043
1088.000000 0.183277
1089.000000 0.137735
1090.000000 0.174967
1091.000000 0.101570
1092.000000 0.142801
1093.000000 0.211455
1094.000000 0.129698
1095.000000 0.147870
1096.000000 0.151895
1097.000000 0.086630
1098.000000 0.094076
1099.000000 0.406653
1100.000000 0.295088
1101.000000 0.122435
1102.000000 0.125929
1103.000000 0.031434
1104.000000 0.222050
1105.000000 0.138922
1106.000000 0.026943
1107.000000 0.217853
1108.000000 0.050870
1109.000000 0.099827
1110.000000 0.082395
1111.000000 0.101891
1112.000000 0.230273
1113.000000 0.099489
1114.000000 0.218571
1115.000000 0.197785
1116.000000 0.121798
1117.000000 0.149150
1118.000000 0.236718
1119.000000 0.174601
1120.000000 0.046003
1121.000000 0.187311
1122.000000 0.357857
1123.000000 0.021537
1124.000000 0.028299
1125.000000 0.070803
1126.000000 0.166650
1127.000000 0.183213
1128.000000 0.168723
1129.000000 0.083840
1130.000000 0.315909
1131.000000 0.020923
1132.000000 0.106527
1133.000000 0.226770
1134.000000 0.221297
1135.000000 0.195264
1136.000000 0.188924
1137.000000 0.363074
1138.000000 0.263627
1139.000000 0.169835
1140.000000 0.176862
1141.000000 0.201760
1142.000000 0.126832
1143.000000 0.116943
1144.000000 0.081615
1145.000000 0.056383
1146.000000 0.086211
1147.000000 0.066406
1148.000000 0.170789
1149.000000 0.235742
1150.000000 0.061560
1151.000000 0.220465
1152.000000 0.225215
1153.000000 0.051611
1154.000000 0.303214
1155.000000 0.037613
1156.000000 0.185134
1157.000000 0.158195
1158.000000 0.208333
1159.000000 0.171679
1160.000000 0.262094
1161.000000 0.059146
1162.000000 0.112569
1163.000000 0.159378
1164.000000 0.291956
1165.000000 0.237733
1166.000000 0.279984
1167.000000 0.190623
1168.000000 0.009101
1169.000000 0.220709
1170.000000 0.144523
1171.000000 0.288422
1172.000000 0.210889
1173.000000 0.085562
1174.000000 0.216199
1175.000000 0.143641
1176.000000 0.306046
1177.000000 0.059643
1178.000000 0.263761
1179.000000 0.339807
1180.000000 0.250668
1181.000000 0.157479
1182.000000 0.139527
1183.000000 0.214687
1184.000000 0.081208
1185.000000 0.286640
1186.000000 0.159650
1187.000000 0.088151
1188.000000 0.175273
1189.000000 0.202511
1190.000000 0.066208
1191.000000 0.185560
1192.000000 0.168060
1193.000000 0.112592
1194.000000 0.185150
1195.000000 0.206187
1196.000000 0.176423
1197.000000 0.159514
1198.000000 0.191687
1199.000000 0.154101
1200.000000 0.097308
1201.000000 0.161526
1202.000000 0.078463
1203.000000 0.185258
1204.000000 0.132153
1205.000000 0.268096
1206.000000 0.091094
1207.000000 0.217098
1208.000000 0.169868
1209.000000 0.139302
1210.000000 0.137304
1211.000000 0.279001
1212.000000 0.407483
1213.000000 0.100354
1214.000000 0.321480
1215.000000 0.076537
1216.000000 0.061150
1217.000000 0.104810
1218.000000 0.144485
1219.000000 0.150539
1220.000000 0.138372
1221.000000 0.046117
1222.000000 0.172985
1223.000000 0.283001
1224.000000 0.283136
1225.000000 0.135260
1226.000000 0.104240
1227.000000 0.057893
1228.000000 0.061882
1229.000000 0.107367
1230.000000 0.142259
1231.000000 0.120533
1232.000000 0.108741
1233.000000 0.106929
1234.000000 0.138962
1235.000000 0.169956
1236.000000 0.262299
1237.000000 0.347158
1238.000000 0.099006
1239.000000 0.067723
1240.000000 0.018409
1241.000000 0.099650
1242.000000 0.052493
1243.000000 0.141226
1244.000000 0.172791
1245.000000 0.065931
1246.000000 0.221765
1247.000000 0.103506
1248.000000 0.167025
1249.000000 0.157457
1250.000000 0.044279
1251.000000 0.095263
1252.000000 0.086677
1253.000000 0.132682
1254.000000 0.076791
1255.000000 0.110081
1256.000000 0.121696
1257.000000 0.200017
1258.000000 0.081818
1259.000000 0.177870
1260.000000 0.172485
1261.000000 0.197213
1262.000000 0.114356
1263.000000 0.175012
1264.000000 0.074927
1265.000000 0.114360
1266.000000 0.123322
1267.000000 0.164647
1268.000000 0.084178
1269.000000 0.099096
1270.000000 0.112704
1271.000000 0.034943
1272.000000 0.140265
1273.000000 0.186020
1274.000000 0.111334
1275.000000 0.094633
1276.000000 0.045824
1277.000000 0.309374
1278.000000 0.271162
1279.000000 0.122773
1280.000000 0.267928
1281.000000 0.101692
1282.000000 0.203673
1283.000000 0.136391
1284.000000 0.124636
1285.000000 0.063333
1286.000000 0.444512
1287.000000 0.269106
1288.000000 0.363380
1289.000000 0.207603
1290.000000 0.115699
1291.000000 0.062825
1292.000000 0.183456
1293.000000 0.152129
1294.000000 0.138632
1295.000000 0.093040
1296.000000 0.098832
1297.000000 0.160216
1298.000000 0.211992
1299.000000 0.052317
1300.000000 0.116847
1301.000000 0.158446
1302.000000 0.087685
1303.000000 0.164845
1304.000000 0.027765
1305.000000 0.152948
1306.000000 0.168431
1307.000000 0.135376
1308.000000 0.139093
1309.000000 0.046352
1310.000000 0.138024
1311.000000 0.133042
1312.000000 0.172319
1313.000000 0.056243
1314.000000 0.265106
1315.000000 0.228664
1316.000000 0.082036
1317.000000 0.149882
1318.000000 0.127130
1319.000000 0.137092
1320.000000 0.192695
1321.000000 0.251198
1322.000000 0.167779
1323.000000 0.139596
1324.000000 0.173575
1325.000000 0.219372
1326.000000 0.186839
1327.000000 0.112689
1328.000000 0.166893
1329.000000 0.153288
1330.000000 0.068343
1331.000000 0.320839
1332.000000 0.081024
1333.000000 0.214424
1334.000000 0.068358
1335.000000 0.138838
1336.000000 0.214741
1337.000000 0.343822
1338.000000 0.124896
1339.000000 0.362025
1340.000000 0.141273
1341.000000 0.163372
1342.000000 0.201633
1343.000000 0.132659
1344.000000 0.290385
1345.000000 0.152533
1346.000000 0.160585
1347.000000 0.273925
1348.000000 0.149668
1349.000000 0.134174
1350.000000 0.150712
1351.000000 0.061413
1352.000000 0.114186
1353.000000 0.162246
1354.000000 0.118068
1355.000000 0.157165
1356.000000 0.138895
1357.000000 0.202300
1358.000000 0.084633
1359.000000 0.066011
1360.000000 0.098700
1361.000000 0.079435
1362.000000 0.145417
1363.000000 0.107283
1364.000000 0.132290
1365.000000 0.180679
1366.000000 0.086816
1367.000000 0.145350
1368.000000 0.328371
1369.000000 0.240355
1370.000000 0.288179
1371.000000 0.185270
1372.000000 0.137570
1373.000000 0.089769
1374.000000 0.093742
1375.000000 0.080189
1376.000000 0.138063
1377.000000 0.114737
1378.000000 0.293364
1379.000000 0.141149
1380.000000 0.183036
1381.000000 0.070393
1382.000000 0.137361
1383.000000 0.090007
1384.000000 0.199967
1385.000000 0.124274
1386.000000 0.245500
1387.000000 0.207408
1388.000000 0.261665
1389.000000 0.156377
1390.000000 0.089329
1391.000000 0.104716
1392.000000 0.012072
1393.000000 0.052596
1394.000000 0.183041
1395.000000 0.062432
1396.000000 0.385107
1397.000000 0.074099
1398.000000 0.044493
1399.000000 0.248885
1400.000000 0.240280
1401.000000 0.076682
1402.000000 0.162558
1403.000000 0.151544
1404.000000 0.150471
1405.000000 0.130367
1406.000000 0.160442
1407.000000 0.147920
1408.000000 0.132674
1409.000000 0.159891
1410.000000 0.045299
1411.000000 0.239803
1412.000000 0.114875
1413.000000 0.107486
1414.000000 0.242947
1415.000000 0.084664
1416.000000 0.049746
1417.000000 0.081619
1418.000000 0.178477
1419.000000 0.199923
1420.000000 0.273846
1421.000000 0.129062
1422.000000 0.230555
1423.000000 0.129981
1424.000000 0.108777
1425.000000 0.225599
1426.000000 0.101906
1427.000000 0.332387
1428.000000 0.286422
1429.000000 0.042689
1430.000000 0.182915
1431.000000 0.027122
1432.000000 0.063307
1433.000000 0.130848
1434.000000 0.132900
1435.000000 0.114377
1436.000000 0.225888
1437.000000 0.463547
1438.000000 0.139406
1439.000000 0.166369
1440.000000 0.249824
1441.000000 0.143952
1442.000000 0.232450
1443.000000 0.192997
1444.000000 0.126416
1445.000000 0.287475
1446.000000 0.056488
1447.000000 0.037800
1448.000000 0.193515
1449.000000 0.139144
1450.000000 0.027325
1451.000000 0.288810
1452.000000 0.093543
1453.000000 0.387255
1454.000000 0.167417
1455.000000 0.347039
1456.000000 0.139959
1457.000000 0.058775
1458.000000 0.188526
1459.000000 0.278632
1460.000000 0.203269
1461.000000 0.325451
1462.000000 0.057684
1463.000000 0.073114
1464.000000 0.229507
1465.000000 0.077091
1466.000000 0.247880
1467.000000 0.167102
1468.000000 0.163924
1469.000000 0.272116
1470.000000 0.151152
1471.000000 0.117374
1472.000000 0.058257
1473.000000 0.104324
1474.000000 0.086533
1475.000000 0.137728
1476.000000 0.193288
1477.000000 0.187486
1478.000000 0.115549
1479.000000 0.129413
1480.000000 0.190220
1481.000000 0.277793
1482.000000 0.335957
1483.000000 0.105174
1484.000000 0.134645
1485.000000 0.100436
1486.000000 0.154314
1487.000000 0.176535
1488.000000 0.077041
1489.000000 0.182302
1490.000000 0.298970
1491.000000 0.167136
1492.000000 0.113830
1493.000000 0.171603
1494.000000 0.260824
1495.000000 0.226733
1496.000000 0.239854
1497.000000 0.095921
1498.000000 0.054975
1499.000000 0.140379
1500.000000 0.185333
1501.000000 0.114250
1502.000000 0.067089
1503.000000 0.101640
1504.000000 0.219419
1505.000000 0.058717
1506.000000 0.262915
1507.000000 0.193426
1508.000000 0.105441
1509.000000 0.314431
1510.000000 0.235480
1511.000000 0.037409
1512.000000 0.252573
1513.000000 0.111580
1514.000000 0.369642
1515.000000 0.123025
1516.000000 0.173339
1517.000000 0.098851
1518.000000 0.146807
1519.000000 0.163868
1520.000000 0.057004
1521.000000 0.176989
1522.000000 0.266985
1523.000000 0.330738
1524.000000 0.162855
1525.000000 0.254552
1526.000000 0.143560
1527.000000 0.295716
1528.000000 0.280886
1529.000000 0.104017
1530.000000 0.185213
1531.000000 0.271057
1532.000000 0.115111
1533.000000 0.219590
1534.000000 0.240001
1535.000000 0.335873
1536.000000 0.068167
1537.000000 0.094636
1538.000000 0.126639
1539.000000 0.244159
1540.000000 0.082155
1541.000000 0.095765
1542.000000 0.309840
1543.000000 0.060673
1544.000000 0.027338
1545.000000 0.310492
1546.000000 0.163991
1547.000000 0.140901
1548.000000 0.144632
1549.000000 0.253167
1550.000000 0.243825
1551.000000 0.229224
1552.000000 0.209796
1553.000000 0.052563
1554.000000 0.262154
1555.000000 0.270966
1556.000000 0.207565
1557.000000 0.204984
1558.000000 0.195329
1559.000000 0.323237
1560.000000 0.147548
1561.000000 0.137265
1562.000000 0.256340
1563.000000 0.113630
1564.000000 0.289942
1565.000000 0.056623
1566.000000 0.107159
1567.000000 0.158294
1568.000000 0.362348
1569.000000 0.198283
1570.000000 0.251458
1571.000000 0.188960
1572.000000 0.164028
1573.000000 0.117739
1574.000000 0.217786
1575.000000 0.227700
1576.000000 0.205130
1577.000000 0.243470
1578.000000 0.246208
1579.000000 0.104650
1580.000000 0.072420
1581.000000 0.177060
1582.000000 0.214026
1583.000000 0.251689
1584.000000 0.218033
1585.000000 0.256073
1586.000000 0.051899
1587.000000 0.198148
1588.000000 0.220626
1589.000000 0.246556
1590.000000 0.079554
1591.000000 0.192914
1592.000000 0.113776
1593.000000 0.227740
1594.000000 0.124390
1595.000000 0.187708
1596.000000 0.132504
1597.000000 0.330097
1598.000000 0.147288
1599.000000 0.366266
1600.000000 0.116583
1601.000000 0.036686
1602.000000 0.159906
1603.000000 0.019327
1604.000000 0.259060
1605.000000 0.236793
1606.000000 0.285161
1607.000000 0.170473
1608.000000 0.095020
1609.000000 0.219977
1610.000000 0.035255
1611.000000 0.129623
1612.000000 0.158347
1613.000000 0.283878
1614.000000 0.129293
1615.000000 0.052356
1616.000000 0.241741
1617.000000 0.191133
1618.000000 0.033885
1619.000000 0.065434
1620.000000 0.145000
1621.000000 0.139902
1622.000000 0.218919
1623.000000 0.178359
1624.000000 0.189145
1625.000000 0.365001
1626.000000 0.145204
1627.000000 0.298155
1628.000000 0.298111
1629.000000 0.187355
1630.000000 0.055615
1631.000000 0.181793
1632.000000 0.218720
1633.000000 0.106232
1634.000000 0.050886
1635.000000 0.071074
1636.000000 0.224526
1637.000000 0.105597
1638.000000 0.112822
1639.000000 0.312954
1640.000000 0.277916
1641.000000 0.217008
1642.000000 0.095622
1643.000000 0.045781
1644.000000 0.072557
1645.000000 0.186360
1646.000000 0.152500
1647.000000 0.047398
1648.000000 0.219568
1649.000000 0.171112
1650.000000 0.259174
1651.000000 0.075204
1652.000000 0.163642
1653.000000 0.072544
1654.000000 0.118541
1655.000000 0.305756
1656.000000 0.250941
1657.000000 0.054903
1658.000000 0.099876
1659.000000 0.058302
1660.000000 0.276131
1661.000000 0.205296
1662.000000 0.091744
1663.000000 0.152733
1664.000000 0.136171
1665.000000 0.041649
1666.000000 0.277304
1667.000000 0.087077
1668.000000 0.028301
1669.000000 0.265405
1670.000000 0.107266
1671.000000 0.077382
1672.000000 0.117055
1673.000000 0.116739
1674.000000 0.057126
1675.000000 0.166508
1676.000000 0.061825
1677.000000 0.116778
1678.000000 0.049182
1679.000000 0.166487
1680.000000 0.144216
1681.000000 0.081445
1682.000000 0.076471
1683.000000 0.195291
1684.000000 0.045897
1685.000000 0.240140
1686.000000 0.108100
1687.000000 0.156091
1688.000000 0.145546
1689.000000 0.141747
1690.000000 0.071629
1691.000000 0.330563
1692.000000 0.157345
1693.000000 0.106998
1694.000000 0.234195
1695.000000 0.328601
1696.000000 0.199186
1697.000000 0.151502
1698.000000 0.316592
1699.000000 0.199290
1700.000000 0.254817
1701.000000 0.120730
1702.000000 0.351331
1703.000000 0.160517
1704.000000 0.208772
1705.000000 0.176963
1706.000000 0.111986
1707.000000 0.130638
1708.000000 0.202366
1709.000000 0.048406
1710.000000 0.130087
1711.000000 0.322981
1712.000000 0.251021
1713.000000 0.178969
1714.000000 0.182705
1715.000000 0.140461
1716.000000 0.226257
1717.000000 0.115989
1718.000000 0.152307
1719.000000 0.085364
1720.000000 0.279042
1721.000000 0.089386
1722.000000 0.167092
1723.000000 0.345412
1724.000000 0.147367
1725.000000 0.048620
1726.000000 0.162336
1727.000000 0.117985
1728.000000 0.068183
1729.000000 0.287339
1730.000000 0.083818
1731.000000 0.085930
1732.000000 0.280239
1733.000000 0.312187
1734.000000 0.240564
1735.000000 0.281321
1736.000000 0.072169
1737.000000 0.157330
1738.000000 0.097532
1739.000000 0.211798
1740.000000 0.184623
1741.000000 0.053039
1742.000000 0.162725
1743.000000 0.181877
1744.000000 0.226977
1745.000000 0.327988
1746.000000 0.024215
1747.000000 0.059915
1748.000000 0.107137
1749.000000 0.127320
1750.000000 0.079898
1751.000000 0.078878
1752.000000 0.049095
1753.000000 0.117101
1754.000000 0.164432
1755.000000 0.028749
1756.000000 0.157215
1757.000000 0.136161
1758.000000 0.430980
1759.000000 0.126435
1760.000000 0.157604
1761.000000 0.083622
1762.000000 0.065065
1763.000000 0.069218
1764.000000 0.050874
1765.000000 0.106620
1766.000000 0.227738
1767.000000 0.182841
1768.000000 0.063773
1769.000000 0.185957
1770.000000 0.120529
1771.000000 0.146409
1772.000000 0.086665
1773.000000 0.170609
1774.000000 0.170893
1775.000000 0.082642
1776.000000 0.104672
1777.000000 0.207725
1778.000000 0.290072
1779.000000 0.263484
1780.000000 0.289356
1781.000000 0.119451
1782.000000 0.170023
1783.000000 0.218987
1784.000000 0.067730
1785.000000 0.234709
1786.000000 0.205191
1787.000000 0.144258
1788.000000 0.121014
1789.000000 0.182601
1790.000000 0.090581
1791.000000 0.201007
1792.000000 0.129202
1793.000000 0.099426
1794.000000 0.300248
1795.000000 0.195859
1796.000000 0.089937
1797.000000 0.044881
1798.000000 0.165988
1799.000000 0.085245
1800.000000 0.079034
1801.000000 0.242383
1802.000000 0.224537
1803.000000 0.279692
1804.000000 0.183171
1805.000000 0.194358
1806.000000 0.150546
1807.000000 0.286728
1808.000000 0.154864
1809.000000 0.050323
1810.000000 0.329624
1811.000000 0.169852
1812.000000 0.353581
1813.000000 0.308015
1814.000000 0.053408
1815.000000 0.338115
1816.000000 0.075304
1817.000000 0.004146
1818.000000 0.145481
1819.000000 0.157581
1820.000000 0.262124
1821.000000 0.080173
1822.000000 0.188906
1823.000000 0.336545
1824.000000 0.167155
1825.000000 0.127932
1826.000000 0.206647
1827.000000 0.130511
1828.000000 0.313604
1829.000000 0.146179
1830.000000 0.333146
1831.000000 0.055696
1832.000000 0.099252
1833.000000 0.215387
1834.000000 0.337826
1835.000000 0.068178
1836.000000 0.084854
1837.000000 0.167092
1838.000000 0.101946
1839.000000 0.332636
1840.000000 0.013821
1841.000000 0.297066
1842.000000 0.132982
1843.000000 0.147689
1844.000000 0.057400
1845.000000 0.166859
1846.000000 0.257197
1847.000000 0.108982
1848.000000 0.161707
1849.000000 0.100293
1850.000000 0.136901
1851.000000 0.273452
1852.000000 0.206811
1853.000000 0.264762
1854.000000 0.212953
1855.000000 0.371922
1856.000000 0.074705
1857.000000 0.172999
1858.000000 0.063286
1859.000000 0.048423
1860.000000 0.180721
1861.000000 0.009577
1862.000000 0.063195
1863.000000 0.123943
1864.000000 0.062335
1865.000000 0.194684
1866.000000 0.131900
1867.000000 0.091558
1868.000000 0.077406
1869.000000 0.208315
1870.000000 0.225259
1871.000000 0.122447
1872.000000 0.036999
1873.000000 0.150559
1874.000000 0.130042
1875.000000 0.098202
1876.000000 0.224552
1877.000000 0.321721
1878.000000 0.091052
1879.000000 0.197852
1880.000000 0.198973
1881.000000 0.267226
1882.000000 0.166718
1883.000000 0.100197
1884.000000 0.074858
1885.000000 0.186665
1886.000000 0.302045
1887.000000 0.214214
1888.000000 0.195923
1889.000000 0.161046
1890.000000 0.061000
1891.000000 0.212383
1892.000000 0.117663
1893.000000 0.164299
1894.000000 0.193197
1895.000000 0.172770
1896.000000 0.347057
1897.000000 0.281583
1898.000000 0.145454
1899.000000 0.059453
1900.000000 0.027480
1901.000000 0.080110
1902.000000 0.178337
1903.000000 0.163755
1904.000000 0.088271
1905.000000 0.259700
1906.000000 0.115303
1907.000000 0.190530
1908.000000 0.025118
1909.000000 0.237108
1910.000000 0.076173
1911.000000 0.181762
1912.000000 0.091928
1913.000000 0.086889
1914.000000 0.126640
1915.000000 0.092958
1916.000000 0.135783
1917.000000 0.102472
1918.000000 0.116759
1919.000000 0.335575
1920.000000 0.281446
1921.000000 0.278560
1922.000000 0.134898
1923.000000 0.096956
1924.000000 0.415283
1925.000000 0.224444
1926.000000 0.133358
1927.000000 0.097315
1928.000000 0.164459
1929.000000 0.199755
1930.000000 0.098174
1931.000000 0.241981
1932.000000 0.205719
1933.000000 0.070376
1934.000000 0.146826
1935.000000 0.186840
1936.000000 0.211128
1937.000000 0.349659
1938.000000 0.145655
1939.000000 0.183028
1940.000000 0.225326
1941.000000 0.358865
1942.000000 0.101669
1943.000000 0.305740
1944.000000 0.252714
1945.000000 0.114432
1946.000000 0.145848
1947.000000 0.086677
1948.000000 0.156219
1949.000000 0.325824
1950.000000 0.314470
1951.000000 0.249663
1952.000000 0.133309
1953.000000 0.094459
1954.000000 0.274908
1955.000000 0.165855
1956.000000 0.374684
1957.000000 0.322338
1958.000000 0.213892
1959.000000 0.288333
1960.000000 0.151976
1961.000000 0.004573
1962.000000 0.211326
1963.000000 0.224369
1964.000000 0.232081
1965.000000 0.295289
1966.000000 0.142275
1967.000000 0.229753
1968.000000 0.073632
1969.000000 0.083516
1970.000000 0.184030
1971.000000 0.275634
1972.000000 0.108242
1973.000000 0.172319
1974.000000 0.247193
1975.000000 0.050670
1976.000000 0.249242
1977.000000 0.174026
1978.000000 0.177435
1979.000000 0.071059
1980.000000 0.145843
1981.000000 0.114148
1982.000000 0.055593
1983.000000 0.251233
1984.000000 0.117813
1985.000000 0.192883
1986.000000 0.202247
1987.000000 0.104151
1988.000000 0.040045
1989.000000 0.135249
1990.000000 0.194085
1991.000000 0.174678
1992.000000 0.179115
1993.000000 0.128542
1994.000000 0.268644
1995.000000 0.149094
1996.000000 0.248969
1997.000000 0.150781
1998.000000 0.095088
1999.000000 0.066651
2000.000000 0.253653
2001.000000 0.190343
2002.000000 0.089186
2003.000000 0.182293
2004.000000 0.163971
2005.000000 0.183565
2006.000000 0.132485
2007.000000 0.219353
2008.000000 0.157192
2009.000000 0.010173
2010.000000 0.135673
2011.000000 0.173979
2012.000000 0.204926
2013.000000 0.124398
2014.000000 0.187242
2015.000000 0.213663
2016.000000 0.277261
2017.000000 0.110716
2018.000000 0.176943
2019.000000 0.308960
2020.000000 0.289885
2021.000000 0.156246
2022.000000 0.134692
2023.000000 0.163443
2024.000000 0.043750
2025.000000 0.127241
2026.000000 0.171808
2027.000000 0.144048
2028.000000 0.122059
2029.000000 0.179344
2030.000000 0.328265
2031.000000 0.106369
2032.000000 0.454790
2033.000000 0.033267
2034.000000 0.158952
2035.000000 0.300937
2036.000000 0.305690
2037.000000 0.112551
2038.000000 0.039606
2039.000000 0.236913
2040.000000 0.152544
2041.000000 0.150331
2042.000000 0.238981
2043.000000 0.098556
2044.000000 0.189924
2045.000000 0.221409
2046.000000 0.260218
2047.000000 0.094452
2048.000000 0.086799
2049.000000 0.012638
2050.000000 0.149781
2051.000000 0.281420
2052.000000 0.214452
2053.000000 0.197537
2054.000000 0.287930
2055.000000 0.189152
2056.000000 0.104615
2057.000000 0.186913
2058.000000 0.279639
2059.000000 0.293966
2060.000000 0.058135
2061.000000 0.316082
2062.000000 0.194979
2063.000000 0.011658
2064.000000 0.068224
2065.000000 0.347961
2066.000000 0.111536
2067.000000 0.184485
2068.000000 0.065791
2069.000000 0.244329
2070.000000 0.273779
2071.000000 0.311440
2072.000000 0.217911
2073.000000 0.064224
2074.000000 0.062351
2075.000000 0.261851
2076.000000 0.130671
2077.000000 0.197590
2078.000000 0.159366
2079.000000 0.302916
2080.000000 0.126352
2081.000000 0.140536
2082.000000 0.253944
2083.000000 0.328582
2084.000000 0.086517
2085.000000 0.131352
2086.000000 0.107461
2087.000000 0.152798
2088.000000 0.076651
2089.000000 0.124808
2090.000000 0.128371
2091.000000 0.111700
2092.000000 0.163085
2093.000000 0.126647
2094.000000 0.157844
2095.000000 0.107032
2096.000000 0.066581
2097.000000 0.203553
2098.000000 0.107834
2099.000000 0.114670
2100.000000 0.166788
2101.000000 0.118999
2102.000000 0.075529
2103.000000 0.118985
2104.000000 0.189700
2105.000000 0.033455
2106.000000 0.141021
2107.000000 0.100947
2108.000000 0.276085
2109.000000 0.126666
2110.000000 0.149777
2111.000000 0.313909
2112.000000 0.181073
2113.000000 0.236963
2114.000000 0.145466
2115.000000 0.103583
2116.000000 0.135642
2117.000000 0.164525
2118.000000 0.289238
2119.000000 0.191571
2120.000000 0.037546
2121.000000 0.104722
2122.000000 0.147368
2123.000000 0.310530
2124.000000 0.169508
2125.000000 0.089736
2126.000000 0.204049
2127.000000 0.178714
2128.000000 0.145961
2129.000000 0.053356
2130.000000 0.089718
2131.000000 0.316477
2132.000000 0.110227
2133.000000 0.150471
2134.000000 0.102825
2135.000000 0.073389
2136.000000 0.222358
2137.000000 0.193827
2138.000000 0.264734
2139.000000 0.214504
2140.000000 0.151101
2141.000000 0.116719
2142.000000 0.111207
2143.000000 0.127693
2144.000000 0.083528
2145.000000 0.167589
2146.000000 0.111783
2147.000000 0.390247
2148.000000 0.177165
2149.000000 0.066198
2150.000000 0.115858
2151.000000 0.048353
2152.000000 0.152888
2153.000000 0.061166
2154.000000 0.112586
2155.000000 0.044287
2156.000000 0.169534
2157.000000 0.024514
2158.000000 0.274763
2159.000000 0.167863
2160.000000 0.023524
2161.000000 0.101041
2162.000000 0.086426
2163.000000 0.061964
2164.000000 0.089747
2165.000000 0.239078
2166.000000 0.205462
2167.000000 0.066697
2168.000000 0.177340
2169.000000 0.245006
2170.000000 0.043549
2171.000000 0.269273
2172.000000 0.096985
2173.000000 0.231253
2174.000000 0.091474
2175.000000 0.125738
2176.000000 0.127900
2177.000000 0.184954
2178.000000 0.126564
2179.000000 0.174855
2180.000000 0.082482
2181.000000 0.096355
2182.000000 0.109200
2183.000000 0.167022
2184.000000 0.127273
2185.000000 0.092515
2186.000000 0.111314
2187.000000 0.020689
2188.000000 0.269877
2189.000000 0.164701
2190.000000 0.099117
2191.000000 0.264137
2192.000000 0.102221
2193.000000 0.131148
2194.000000 0.083984
2195.000000 0.217976
2196.000000 0.206606
2197.000000 0.260422
2198.000000 0.155945
2199.000000 0.181989
2200.000000 0.096889
2201.000000 0.273188
2202.000000 0.122779
2203.000000 0.149512
2204.000000 0.188840
2205.000000 0.110786
2206.000000 0.274320
2207.000000 0.152323
2208.000000 0.201632
2209.000000 0.021674
2210.000000 0.157521
2211.000000 0.209332
2212.000000 0.199197
2213.000000 0.071467
2214.000000 0.151284
2215.000000 0.168495
2216.000000 0.174382
2217.000000 0.161221
2218.000000 0.034510
2219.000000 0.127814
2220.000000 0.214710
2221.000000 0.073436
2222.000000 0.145414
2223.000000 0.133258
2224.000000 0.260125
2225.000000 0.184769
2226.000000 0.089072
2227.000000 0.105329
2228.000000 0.177012
2229.000000 0.180537
2230.000000 0.045428
2231.000000 0.172929
2232.000000 0.147928
2233.000000 0.181578
2234.000000 0.076340
2235.000000 0.034496
2236.000000 0.061541
2237.000000 0.147161
2238.000000 0.140222
2239.000000 0.086852
2240.000000 0.266515
2241.000000 0.193626
2242.000000 0.249597
2243.000000 0.289012
2244.000000 0.323191
2245.000000 0.229885
2246.000000 0.215383
2247.000000 0.080983
2248.000000 0.182708
2249.000000 0.298584
2250.000000 0.200313
2251.000000 0.077940
2252.000000 0.250861
2253.000000 0.189752
2254.000000 0.145140
2255.000000 0.153597
2256.000000 0.116642
2257.000000 0.009712
2258.000000 0.140779
2259.000000 0.059035
2260.000000 0.084228
2261.000000 0.054401
2262.000000 0.126075
2263.000000 0.093446
2264.000000 0.194261
2265.000000 0.272198
2266.000000 0.248969
2267.000000 0.273370
2268.000000 0.165856
2269.000000 0.148320
2270.000000 0.057939
2271.000000 0.107595
2272.000000 0.182711
2273.000000 0.125878
2274.000000 0.126447
2275.000000 0.196266
2276.000000 0.081184
2277.000000 0.022821
2278.000000 0.186157
2279.000000 0.299266
2280.000000 0.225275
2281.000000 0.160624
2282.000000 0.225363
2283.000000 0.161063
2284.000000 0.150808
2285.000000 0.277750
2286.000000 0.117602
2287.000000 0.013861
2288.000000 0.059633
2289.000000 0.364512
2290.000000 0.256714
2291.000000 0.246832
2292.000000 0.136353
2293.000000 0.138725
2294.000000 0.013614
2295.000000 0.320781
2296.000000 0.078255
2297.000000 0.207297
2298.000000 0.191624
2299.000000 0.251160
2300.000000 0.151322
2301.000000 0.102781
2302.000000 0.108865
2303.000000 0.264585
2304.000000 0.121099
2305.000000 0.170942
2306.000000 0.359338
2307.000000 0.195171
2308.000000 0.054330
2309.000000 0.378519
2310.000000 0.338821
2311.000000 0.081714
2312.000000 0.200648
2313.000000 0.166960
2314.000000 0.237898
2315.000000 0.239645
2316.000000 0.346299
2317.000000 0.337209
2318.000000 0.222814
2319.000000 0.237565
2320.000000 0.034169
2321.000000 0.170787
2322.000000 0.312937
2323.000000 0.322571
2324.000000 0.104849
2325.000000 0.221601
2326.000000 0.128069
2327.000000 0.077273
2328.000000 0.166598
2329.000000 0.113885
2330.000000 0.175000
2331.000000 0.122960
2332.000000 0.129684
2333.000000 0.177467
2334.000000 0.061576
2335.000000 0.130848
2336.000000 0.172071
2337.000000 0.245418
2338.000000 0.181130
2339.000000 0.116138
2340.000000 0.105983
2341.000000 0.167304
2342.000000 0.028091
2343.000000 0.175721
2344.000000 0.270646
2345.000000 0.154291
2346.000000 0.031385
2347.000000 0.236447
2348.000000 0.159399
2349.000000 0.241377
2350.000000 0.238863
2351.000000 0.209421
2352.000000 0.248684
2353.000000 0.219592
2354.000000 0.322668
2355.000000 0.231684
2356.000000 0.269907
2357.000000 0.116425
2358.000000 0.098768
2359.000000 0.209552
2360.000000 0.183437
2361.000000 0.155152
2362.000000 0.112558
2363.000000 0.241186
2364.000000 0.273551
2365.000000 0.073997
2366.000000 0.064293
2367.000000 0.098263
2368.000000 0.171890
2369.000000 0.196726
2370.000000 0.294975
2371.000000 0.157345
2372.000000 0.222196
2373.000000 0.160549
2374.000000 0.202542
2375.000000 0.107145
2376.000000 0.145771
2377.000000 0.203256
2378.000000 0.372710
2379.000000 0.087461
2380.000000 0.097857
2381.000000 0.095766
2382.000000 0.148713
2383.000000 0.139341
2384.000000 0.058477
2385.000000 0.163013
2386.000000 0.140662
2387.000000 0.112455
2388.000000 0.212637
2389.000000 0.068238
2390.000000 0.210803
2391.000000 0.151589
2392.000000 0.047082
2393.000000 0.076553
2394.000000 0.305057
2395.000000 0.283799
2396.000000 0.374277
2397.000000 0.144149
2398.000000 0.103461
2399.000000 0.234335
2400.000000 0.273127
2401.000000 0.167447
2402.000000 0.149216
2403.000000 0.109917
2404.000000 0.358887
2405.000000 0.215574
2406.000000 0.188017
2407.000000 0.151133
2408.000000 0.063317
2409.000000 0.153507
2410.000000 0.292746
2411.000000 0.233019
2412.000000 0.332379
2413.000000 0.147609
2414.000000 0.201063
2415.000000 0.199908
2416.000000 0.068627
2417.000000 0.219780
2418.000000 0.202987
2419.000000 0.159550
2420.000000 0.079303
2421.000000 0.241267
2422.000000 0.120091
2423.000000 0.189471
2424.000000 0.140169
2425.000000 0.056719
2426.000000 0.076487
2427.000000 0.121582
2428.000000 0.308015
2429.000000 0.053034
2430.000000 0.288424
2431.000000 0.120617
2432.000000 0.178003
2433.000000 0.033423
2434.000000 0.151130
2435.000000 0.040392
2436.000000 0.106252
2437.000000 0.464113
2438.000000 0.088226
2439.000000 0.126847
2440.000000 0.089413
2441.000000 0.335611
2442.000000 0.038953
2443.000000 0.160179
2444.000000 0.120765
2445.000000 0.073626
2446.000000 0.291840
2447.000000 0.131943
2448.000000 0.131105
2449.000000 0.062241
2450.000000 0.257189
2451.000000 0.126701
2452.000000 0.275730
2453.000000 0.055412
2454.000000 0.251134
2455.000000 0.094489
2456.000000 0.089466
2457.000000 0.068711
2458.000000 0.080750
2459.000000 0.176940
2460.000000 0.214040
2461.000000 0.168453
2462.000000 0.228141
2463.000000 0.052679
2464.000000 0.268342
2465.000000 0.219552
2466.000000 0.213502
2467.000000 0.200988
2468.000000 0.263582
2469.000000 0.202041
2470.000000 0.197399
2471.000000 0.036383
2472.000000 0.144304
2473.000000 0.234763
2474.000000 0.027226
2475.000000 0.034547
2476.000000 0.175497
2477.000000 0.223481
2478.000000 0.124245
2479.000000 0.296016
2480.000000 0.148357
2481.000000 0.033396
2482.000000 0.158077
2483.000000 0.127217
2484.000000 0.239345
2485.000000 0.111714
2486.000000 0.026030
2487.000000 0.156211
2488.000000 0.099000
2489.000000 0.312329
2490.000000 0.148625
2491.000000 0.157412
2492.000000 0.072083
2493.000000 0.292826
2494.000000 0.022505
2495.000000 0.162573
2496.000000 0.136422
2497.000000 0.186295
2498.000000 0.299432
2499.000000 0.100148
2500.000000 0.024292
2501.000000 0.089151
2502.000000 0.151616
2503.000000 0.177261
2504.000000 0.217453
2505.000000 0.137878
2506.000000 0.088372
2507.000000 0.091280
2508.000000 0.130178
2509.000000 0.201618
2510.000000 0.242726
2511.000000 0.242661
2512.000000 0.205358
2513.000000 0.176853
2514.000000 0.170851
2515.000000 0.269155
2516.000000 0.173142
2517.000000 0.120706
2518.000000 0.100186
2519.000000 0.073101
2520.000000 0.211977
2521.000000 0.133929
2522.000000 0.110149
2523.000000 0.133729
2524.000000 0.127618
2525.000000 0.053043
2526.000000 0.180020
2527.000000 0.192174
2528.000000 0.238628
2529.000000 0.328984
2530.000000 0.319022
2531.000000 0.094748
2532.000000 0.148015
2533.000000 0.208442
2534.000000 0.170586
2535.000000 0.110375
2536.000000 0.208777
2537.000000 0.132997
2538.000000 0.235821
2539.000000 0.114032
2540.000000 0.310085
2541.000000 0.207177
2542.000000 0.189531
2543.000000 0.161094
2544.000000 0.277576
2545.000000 0.173471
2546.000000 0.181524
2547.000000 0.341285
2548.000000 0.076132
2549.000000 0.321671
2550.000000 0.268266
2551.000000 0.183818
2552.000000 0.188693
2553.000000 0.162287
2554.000000 0.223526
2555.000000 0.252591
2556.000000 0.193857
2557.000000 0.151434
2558.000000 0.156362
2559.000000 0.160187
2560.000000 0.104359
2561.000000 0.053622
2562.000000 0.141947
2563.000000 0.054682
2564.000000 0.039135
2565.000000 0.081966
2566.000000 0.155478
2567.000000 0.086900
2568.000000 0.046462
2569.000000 0.040306
2570.000000 0.029326
2571.000000 0.184245
2572.000000 0.070460
2573.000000 0.143973
2574.000000 0.267899
2575.000000 0.205550
2576.000000 0.068334
2577.000000 0.203332
2578.000000 0.189865
2579.000000 0.121895
2580.000000 0.015487
2581.000000 0.309857
2582.000000 0.178841
2583.000000 0.102313
2584.000000 0.169234
2585.000000 0.109419
2586.000000 0.187013
2587.000000 0.227940
2588.000000 0.107111
2589.000000 0.103062
2590.000000 0.269911
2591.000000 0.209084
2592.000000 0.107888
2593.000000 0.218994
2594.000000 0.184427
2595.000000 0.046594
2596.000000 0.142797
2597.000000 0.161744
2598.000000 0.057570
2599.000000 0.111474
2600.000000 0.175975
2601.000000 0.125452
2602.000000 0.057973
2603.000000 0.204502
2604.000000 0.064565
2605.000000 0.102616
2606.000000 0.289435
2607.000000 0.310924
2608.000000 0.069669
2609.000000 0.113518
2610.000000 0.110256
2611.000000 0.099284
2612.000000 0.145454
2613.000000 0.048733
2614.000000 0.112295
2615.000000 0.112208
2616.000000 0.116944
2617.000000 0.126521
2618.000000 0.084303
2619.000000 0.086475
2620.000000 0.058427
2621.000000 0.182884
2622.000000 0.109320
2623.000000 0.210936
2624.000000 0.173334
2625.000000 0.062246
2626.000000 0.123501
2627.000000 0.230361
2628.000000 0.187104
2629.000000 0.289212
2630.000000 0.033020
2631.000000 0.278443
2632.000000 0.253806
2633.000000 0.077946
2634.000000 0.109467
2635.000000 0.255342
2636.000000 0.127788
2637.000000 0.204543
2638.000000 0.126602
2639.000000 0.328561
2640.000000 0.031160
2641.000000 0.189846
2642.000000 0.125356
2643.000000 0.204043
2644.000000 0.317829
2645.000000 0.100397
2646.000000 0.203452
2647.000000 0.111930
2648.000000 0.051343
2649.000000 0.161143
2650.000000 0.061911
2651.000000 0.152084
2652.000000 0.187843
2653.000000 0.257275
2654.000000 0.134521
2655.000000 0.349737
2656.000000 0.216405
2657.000000 0.107436
2658.000000 0.172963
2659.000000 0.249199
2660.000000 0.092797
2661.000000 0.198184
2662.000000 0.202304
2663.000000 0.117578
2664.000000 0.213696
2665.000000 0.216199
2666.000000 0.178365
2667.000000 0.202316
2668.000000 0.035097
2669.000000 0.134762
2670.000000 0.092242
2671.000000 0.062051
2672.000000 0.110813
2673.000000 0.065165
2674.000000 0.212708
2675.000000 0.171067
2676.000000 0.198657
2677.000000 0.051040
2678.000000 0.208192
2679.000000 0.022745
2680.000000 0.149834
2681.000000 0.150604
2682.000000 0.128958
2683.000000 0.165780
2684.000000 0.210910
2685.000000 0.112962
2686.000000 0.234349
2687.000000 0.299095
2688.000000 0.128425
2689.000000 0.134890
2690.000000 0.091367
2691.000000 0.260854
2692.000000 0.044584
2693.000000 0.079678
2694.000000 0.068578
2695.000000 0.182092
2696.000000 0.145729
2697.000000 0.123999
2698.000000 0.233443
2699.000000 0.107478
2700.000000 0.262228
2701.000000 0.069959
2702.000000 0.165103
2703.000000 0.159935
2704.000000 0.111217
2705.000000 0.127760
2706.000000 0.073531
2707.000000 0.193685
2708.000000 0.101177
2709.000000 0.123055
2710.000000 0.147139
2711.000000 0.139016
2712.000000 0.121481
2713.000000 0.187772
2714.000000 0.042983
2715.000000 0.207593
2716.000000 0.070668
2717.000000 0.122661
2718.000000 0.041769
2719.000000 0.155731
2720.000000 0.227343
2721.000000 0.110487
2722.000000 0.082899
2723.000000 0.235259
2724.000000 0.304112
2725.000000 0.187209
2726.000000 0.149060
2727.000000 0.199032
2728.000000 0.264689
2729.000000 0.060287
2730.000000 0.175125
2731.000000 0.248000
2732.000000 0.110295
2733.000000 0.295303
2734.000000 0.231948
2735.000000 0.126902
2736.000000 0.241691
2737.000000 0.325888
2738.000000 0.317904
2739.000000 0.352235
2740.000000 0.185695
2741.000000 0.233711
2742.000000 0.161847
2743.000000 0.241806
2744.000000 0.126808
2745.000000 0.327110
2746.000000 0.209018
2747.000000 0.038093
2748.000000 0.157307
2749.000000 0.045582
2750.000000 0.096895
2751.000000 0.255760
2752.000000 0.116043
2753.000000 0.129290
2754.000000 0.293638
2755.000000 0.151157
2756.000000 0.229733
2757.000000 0.180616
2758.000000 0.243753
2759.000000 0.349427
2760.000000 0.339225
2761.000000 0.075198
2762.000000 0.037996
2763.000000 0.086214
2764.000000 0.169639
2765.000000 0.103446
2766.000000 0.182251
2767.000000 0.114420
2768.000000 0.194923
2769.000000 0.256787
2770.000000 0.271623
2771.000000 0.273386
2772.000000 0.221849
2773.000000 0.206478
2774.000000 0.191975
2775.000000 0.195968
2776.000000 0.238247
2777.000000 0.126541
2778.000000 0.186564
2779.000000 0.261390
2780.000000 0.098313
2781.000000 0.156176
2782.000000 0.248064
2783.000000 0.156223
2784.000000 0.257856
2785.000000 0.088043
2786.000000 0.134063
2787.000000 0.106285
2788.000000 0.155851
2789.000000 0.252323
2790.000000 0.202180
2791.000000 0.175454
2792.000000 0.399659
2793.000000 0.120385
2794.000000 0.240313
2795.000000 0.313601
2796.000000 0.097233
2797.000000 0.207435
2798.000000 0.210300
2799.000000 0.352757
2800.000000 0.338114
2801.000000 0.201586
2802.000000 0.114643
2803.000000 0.214220
2804.000000 0.310621
2805.000000 0.061318
2806.000000 0.134417
2807.000000 0.115636
2808.000000 0.274085
2809.000000 0.163616
2810.000000 0.072752
2811.000000 0.224418
2812.000000 0.124486
2813.000000 0.235107
2814.000000 0.264261
2815.000000 0.147175
2816.000000 0.111678
2817.000000 0.070325
2818.000000 0.135697
2819.000000 0.067106
2820.000000 0.115573
2821.000000 0.391151
2822.000000 0.110121
2823.000000 0.234760
2824.000000 0.040095
2825.000000 0.093979
2826.000000 0.048850
2827.000000 0.284831
2828.000000 0.067840
2829.000000 0.094419
2830.000000 0.053496
2831.000000 0.174613
2832.000000 0.216530
2833.000000 0.203077
2834.000000 0.291404
2835.000000 0.164187
2836.000000 0.243156
2837.000000 0.143580
2838.000000 0.135364
2839.000000 0.136631
2840.000000 0.065596
2841.000000 0.173999
2842.000000 0.154209
2843.000000 0.115984
2844.000000 0.099053
2845.000000 0.141184
2846.000000 0.203150
2847.000000 0.158555
2848.000000 0.308675
2849.000000 0.121181
2850.000000 0.137463
2851.000000 0.164797
2852.000000 0.249757
2853.000000 0.096682
2854.000000 0.154169
2855.000000 0.161606
2856.000000 0.147717
2857.000000 0.213847
2858.000000 0.042369
2859.000000 0.287767
2860.000000 0.203959
2861.000000 0.010113
2862.000000 0.126964
2863.000000 0.033348
2864.000000 0.138720
2865.000000 0.201458
2866.000000 0.117701
2867.000000 0.091275
2868.000000 0.217505
2869.000000 0.177614
2870.000000 0.203325
2871.000000 0.122544
2872.000000 0.183263
2873.000000 0.174829
2874.000000 0.182919
2875.000000 0.249461
2876.000000 0.285035
2877.000000 0.268598
2878.000000 0.177769
2879.000000 0.132313
2880.000000 0.142149
2881.000000 0.205541
2882.000000 0.207763
2883.000000 0.134077
2884.000000 0.211411
2885.000000 0.326998
2886.000000 0.206300
2887.000000 0.100357
2888.000000 0.070205
2889.000000 0.072086
2890.000000 0.222558
2891.000000 0.159387
2892.000000 0.065140
2893.000000 0.142412
2894.000000 0.230104
2895.000000 0.252833
2896.000000 0.085315
2897.000000 0.022948
2898.000000 0.275731
2899.000000 0.166501
2900.000000 0.121229
2901.000000 0.170260
2902.000000 0.126674
2903.000000 0.107015
2904.000000 0.076812
2905.000000 0.089715
2906.000000 0.312887
2907.000000 0.371877
2908.000000 0.046543
2909.000000 0.102491
2910.000000 0.020048
2911.000000 0.173817
2912.000000 0.087432
2913.000000 0.273486
2914.000000 0.134988
2915.000000 0.129425
2916.000000 0.122121
2917.000000 0.250494
2918.000000 0.035118
2919.000000 0.182636
2920.000000 0.380071
2921.000000 0.245290
2922.000000 0.118654
2923.000000 0.175811
2924.000000 0.273957
2925.000000 0.242233
2926.000000 0.150811
2927.000000 0.027182
2928.000000 0.080754
2929.000000 0.090411
2930.000000 0.279301
2931.000000 0.186972
2932.000000 0.059059
2933.000000 0.163954
2934.000000 0.252266
2935.000000 0.233520
2936.000000 0.355205
2937.000000 0.089030
2938.000000 0.102845
2939.000000 0.152800
2940.000000 0.284037
2941.000000 0.171925
2942.000000 0.223265
2943.000000 0.088162
2944.000000 0.280718
2945.000000 0.290009
2946.000000 0.061400
2947.000000 0.116868
2948.000000 0.278940
2949.000000 0.248394
2950.000000 0.313144
2951.000000 0.226278
2952.000000 0.295062
2953.000000 0.201505
2954.000000 0.379831
2955.000000 0.400791
2956.000000 0.295273
2957.000000 0.093278
2958.000000 0.135213
2959.000000 0.303983
2960.000000 0.235005
2961.000000 0.113141
2962.000000 0.224417
2963.000000 0.240227
2964.000000 0.181280
2965.000000 0.126480
2966.000000 0.084538
2967.000000 0.180055
2968.000000 0.250575
2969.000000 0.223550
2970.000000 0.139115
2971.000000 0.186709
2972.000000 0.153151
2973.000000 0.152784
2974.000000 0.226612
2975.000000 0.067965
2976.000000 0.166724
2977.000000 0.024449
2978.000000 0.079815
2979.000000 0.204183
2980.000000 0.060613
2981.000000 0.171839
2982.000000 0.114029
2983.000000 0.168288
2984.000000 0.379674
2985.000000 0.096373
2986.000000 0.162637
2987.000000 0.093239
2988.000000 0.159967
2989.000000 0.294424
2990.000000 0.084777
2991.000000 0.342958
2992.000000 0.035569
2993.000000 0.154421
2994.000000 0.109512
2995.000000 0.232240
2996.000000 0.202207
2997.000000 0.112873
2998.000000 0.185048
2999.000000 0.075723
3000.000000 0.080815
