0.000000 0.077835
1.000000 0.179440
2.000000 0.086805
3.000000 0.087356
4.000000 0.076934
5.000000 0.076968
6.000000 0.082717
7.000000 0.022186
8.000000 0.138731
9.000000 0.191038
10.000000 0.132398
11.000000 0.211073
12.000000 0.131177
13.000000 0.050474
14.000000 0.152081
15.000000 0.100001
16.000000 0.060101
17.000000 0.122570
18.000000 0.220420
19.000000 0.109555
20.000000 0.059655
21.000000 0.155355
22.000000 0.080053
23.000000 0.042171
24.000000 0.038232
25.000000 0.045002
26.000000 0.049082
27.000000 0.010462
28.000000 0.109924
29.000000 0.115305
30.000000 0.088781
31.000000 0.101586
32.000000 0.187227
33.000000 0.128812
34.000000 0.157320
35.000000 0.094805
36.000000 0.196365
37.000000 0.135405
38.000000 0.134710
39.000000 0.199320
40.000000 0.178938
41.000000 0.155863
42.000000 0.144301
43.000000 0.024800
44.000000 0.145990
45.000000 0.053438
46.000000 0.113874
47.000000 0.164710
48.000000 0.116353
49.000000 0.063665
50.000000 0.069730
51.000000 0.268694
52.000000 0.186813
53.000000 0.146153
54.000000 0.071908
55.000000 0.195321
56.000000 0.049224
57.000000 0.076645
58.000000 0.090773
59.000000 0.203505
60.000000 0.170564
61.000000 0.112580
62.000000 0.177708
63.000000 0.054962
64.000000 0.164658
65.000000 0.201543
66.000000 0.169605
67.000000 0.162378
68.000000 0.048010
69.000000 0.100945
70.000000 0.175179
71.000000 0.142764
72.000000 0.222576
73.000000 0.066175
74.000000 0.104336
75.000000 0.183015
76.000000 0.123078
77.000000 0.075899
78.000000 0.017162
79.000000 0.122919
80.000000 0.127855
81.000000 0.062622
82.000000 0.093186
83.000000 0.171942
84.000000 0.110433
85.000000 0.223044
86.000000 0.045429
87.000000 0.036401
88.000000 0.169987
89.000000 0.122041
90.000000 0.154007
91.000000 0.239276
92.000000 0.264066
93.000000 0.055553
94.000000 0.167069
95.000000 0.137251
96.000000 0.086131
97.000000 0.293081
98.000000 0.077430
99.000000 0.092286
100.000000 0.177336
101.000000 0.029137
102.000000 0.129137
103.000000 0.088183
104.000000 0.101756
105.000000 0.216335
106.000000 0.175743
107.000000 0.234369
108.000000 0.148290
109.000000 0.041008
110.000000 0.126931
111.000000 0.177130
112.000000 0.152077
113.000000 0.184127
114.000000 0.146647
115.000000 0.088609
116.000000 0.071575
117.000000 0.072943
118.000000 0.106984
119.000000 0.134643
120.000000 0.186248
121.000000 0.078242
122.000000 0.096813
123.000000 0.119370
124.000000 0.135377
125.000000 0.149698
126.000000 0.031654
127.000000 0.123828
128.000000 0.102651
129.000000 0.080198
130.000000 0.100926
131.000000 0.036570
132.000000 0.019971
133.000000 0.079255
134.000000 0.196998
135.000000 0.144511
136.000000 0.135067
137.000000 0.037472
138.000000 0.110531
139.000000 0.177220
140.000000 0.082803
141.000000 0.084840
142.000000 0.091297
143.000000 0.070592
144.000000 0.208007
145.000000 0.096344
146.000000 0.089694
147.000000 0.155336
148.000000 0.020158
149.000000 0.135997
150.000000 0.107527
151.000000 0.102882
152.000000 0.054836
153.000000 0.137274
154.000000 0.129542
155.000000 0.094566
156.000000 0.146812
157.000000 0.306287
158.000000 0.033445
159.000000 0.029811
160.000000 0.076351
161.000000 0.202148
162.000000 0.286687
163.000000 0.076198
164.000000 0.097901
165.000000 0.044285
166.000000 0.289143
167.000000 0.052852
168.000000 0.079045
169.000000 0.231237
170.000000 0.156819
171.000000 0.084989
172.000000 0.027745
173.000000 0.016688
174.000000 0.102913
175.000000 0.123827
176.000000 0.114736
177.000000 0.113215
178.000000 0.109745
179.000000 0.054900
180.000000 0.139936
181.000000 0.089179
182.000000 0.163167
183.000000 0.184773
184.000000 0.036770
185.000000 0.094957
186.000000 0.151881
187.000000 0.108486
188.000000 0.097133
189.000000 0.130922
190.000000 0.149631
191.000000 0.152379
192.000000 0.045459
193.000000 0.154389
194.000000 0.229216
195.000000 0.067505
196.000000 0.046544
197.000000 0.049269
198.000000 0.254049
199.000000 0.018724
200.000000 0.119634
201.000000 0.158965
202.000000 0.190988
203.000000 0.053575
204.000000 0.086862
205.000000 0.189296
206.000000 0.073949
207.000000 0.053974
208.000000 0.109467
209.000000 0.138584
210.000000 0.042897
211.000000 0.194236
212.000000 0.049535
213.000000 0.155318
214.000000 0.042849
215.000000 0.007025
216.000000 0.192418
217.000000 0.033140
218.000000 0.104723
219.000000 0.094542
220.000000 0.190189
221.000000 0.027334
222.000000 0.068273
223.000000 0.033990
224.000000 0.109480
225.000000 0.197253
226.000000 0.098378
227.000000 0.294648
228.000000 0.247529
229.000000 0.158414
230.000000 0.046647
231.000000 0.156949
232.000000 0.045714
233.000000 0.113797
234.000000 0.158477
235.000000 0.150564
236.000000 0.084395
237.000000 0.089284
238.000000 0.066521
239.000000 0.080001
240.000000 0.127402
241.000000 0.049204
242.000000 0.156219
243.000000 0.122237
244.000000 0.151567
245.000000 0.123607
246.000000 0.068052
247.000000 0.052350
248.000000 0.234725
249.000000 0.035574
250.000000 0.126249
251.000000 0.321964
252.000000 0.144136
253.000000 0.053701
254.000000 0.027875
255.000000 0.122365
256.000000 0.032579
257.000000 0.038723
258.000000 0.148956
259.000000 0.078515
260.000000 0.051317
261.000000 0.120624
262.000000 0.103248
263.000000 0.168984
264.000000 0.126316
265.000000 0.052044
266.000000 0.086791
267.000000 0.136639
268.000000 0.046942
269.000000 0.063182
270.000000 0.055197
271.000000 0.082369
272.000000 0.189227
273.000000 0.212941
274.000000 0.058454
275.000000 0.153881
276.000000 0.211510
277.000000 0.153319
278.000000 0.174428
279.000000 0.238179
280.000000 0.069727
281.000000 0.099215
282.000000 0.220888
283.000000 0.012399
284.000000 0.060021
285.000000 0.057995
286.000000 0.038393
287.000000 0.067568
288.000000 0.110114
289.000000 0.106856
290.000000 0.156913
291.000000 0.210767
292.000000 0.142360
293.000000 0.065091
294.000000 0.200613
295.000000 0.096287
296.000000 0.108164
297.000000 0.093394
298.000000 0.059862
299.000000 0.123274
300.000000 0.067730
301.000000 0.241377
302.000000 0.254198
303.000000 0.068891
304.000000 0.017434
305.000000 0.073902
306.000000 0.216501
307.000000 0.123193
308.000000 0.044371
309.000000 0.086795
310.000000 0.100456
311.000000 0.037679
312.000000 0.114247
313.000000 0.044130
314.000000 0.138063
315.000000 0.057877
316.000000 0.187680
317.000000 0.067034
318.000000 0.009785
319.000000 0.150274
320.000000 0.161646
321.000000 0.072649
322.000000 0.213785
323.000000 0.201708
324.000000 0.074966
325.000000 0.137782
326.000000 0.110080
327.000000 0.120921
328.000000 0.178533
329.000000 0.196730
330.000000 0.061362
331.000000 0.181022
332.000000 0.058749
333.000000 0.152172
334.000000 0.039416
335.000000 0.080166
336.000000 0.298137
337.000000 0.214520
338.000000 0.210815
339.000000 0.035636
340.000000 0.024742
341.000000 0.118709
342.000000 0.041981
343.000000 0.135732
344.000000 0.251703
345.000000 0.134479
346.000000 0.123871
347.000000 0.049573
348.000000 0.075186
349.000000 0.097057
350.000000 0.278320
351.000000 0.086686
352.000000 0.059087
353.000000 0.194941
354.000000 0.269888
355.000000 0.125174
356.000000 0.123736
357.000000 0.080641
358.000000 0.050170
359.000000 0.102716
360.000000 0.138838
361.000000 0.151840
362.000000 0.059490
363.000000 0.063104
364.000000 0.191694
365.000000 0.049661
366.000000 0.151789
367.000000 0.044161
368.000000 0.102413
369.000000 0.056990
370.000000 0.150289
371.000000 0.108854
372.000000 0.073872
373.000000 0.170393
374.000000 0.107311
375.000000 0.053523
376.000000 0.199973
377.000000 0.115671
378.000000 0.122424
379.000000 0.099881
380.000000 0.015152
381.000000 0.214821
382.000000 0.084211
383.000000 0.100062
384.000000 0.119324
385.000000 0.093417
386.000000 0.098984
387.000000 0.118900
388.000000 0.127705
389.000000 0.037123
390.000000 0.060950
391.000000 0.301911
392.000000 0.148615
393.000000 0.129054
394.000000 0.110859
395.000000 0.192117
396.000000 0.182937
397.000000 0.060776
398.000000 0.191239
399.000000 0.057339
400.000000 0.071519
401.000000 0.273468
402.000000 0.062179
403.000000 0.108412
404.000000 0.119027
405.000000 0.083267
406.000000 0.052190
407.000000 0.208980
408.000000 0.133466
409.000000 0.100319
410.000000 0.200264
411.000000 0.167983
412.000000 0.203739
413.000000 0.105959
414.000000 0.082645
415.000000 0.032123
416.000000 0.151902
417.000000 0.214445
418.000000 0.113835
419.000000 0.141357
420.000000 0.098643
421.000000 0.060388
422.000000 0.140282
423.000000 0.143343
424.000000 0.053174
425.000000 0.094883
426.000000 0.118519
427.000000 0.195547
428.000000 0.164538
429.000000 0.028285
430.000000 0.069121
431.000000 0.066588
432.000000 0.033041
433.000000 0.078565
434.000000 0.086335
435.000000 0.029909
436.000000 0.071922
437.000000 0.263833
438.000000 0.023714
439.000000 0.082062
440.000000 0.096011
441.000000 0.104446
442.000000 0.028261
443.000000 0.088795
444.000000 0.087898
445.000000 0.249116
446.000000 0.067652
447.000000 0.322852
448.000000 0.117958
449.000000 0.146434
450.000000 0.126651
451.000000 0.187922
452.000000 0.073241
453.000000 0.223920
454.000000 0.083165
455.000000 0.097745
456.000000 0.134781
457.000000 0.141980
458.000000 0.079558
459.000000 0.144156
460.000000 0.067337
461.000000 0.097985
462.000000 0.061977
463.000000 0.122993
464.000000 0.221996
465.000000 0.192520
466.000000 0.068441
467.000000 0.145318
468.000000 0.115803
469.000000 0.086363
470.000000 0.189624
471.000000 0.142736
472.000000 0.115170
473.000000 0.123855
474.000000 0.129420
475.000000 0.063953
476.000000 0.205153
477.000000 0.209350
478.000000 0.138873
479.000000 0.196245
480.000000 0.239545
481.000000 0.141685
482.000000 0.096712
483.000000 0.081430
484.000000 0.122340
485.000000 0.076937
486.000000 0.094163
487.000000 0.157429
488.000000 0.127479
489.000000 0.203669
490.000000 0.209533
491.000000 0.163321
492.000000 0.173543
493.000000 0.202211
494.000000 0.170678
495.000000 0.142204
496.000000 0.093077
497.000000 0.144102
498.000000 0.063194
499.000000 0.149817
500.000000 0.104765
501.000000 0.068921
502.000000 0.108680
503.000000 0.070183
504.000000 0.101486
505.000000 0.079214
506.000000 0.126302
507.000000 0.060167
508.000000 0.119383
509.000000 0.156239
510.000000 0.116265
511.000000 0.188496
512.000000 0.124500
513.000000 0.103624
514.000000 0.169100
515.000000 0.255857
516.000000 0.160015
517.000000 0.159425
518.000000 0.140649
519.000000 0.094323
520.000000 0.221050
521.000000 0.157803
522.000000 0.152728
523.000000 0.174282
524.000000 0.070718
525.000000 0.036507
526.000000 0.122312
527.000000 0.151128
528.000000 0.146835
529.000000 0.268214
530.000000 0.093042
531.000000 0.080912
532.000000 0.082557
533.000000 0.045038
534.000000 0.139142
535.000000 0.113891
536.000000 0.117477
537.000000 0.011294
538.000000 0.141475
539.000000 0.058598
540.000000 0.167506
541.000000 0.126697
542.000000 0.055614
543.000000 0.030954
544.000000 0.113169
545.000000 0.117578
546.000000 0.254380
547.000000 0.204478
548.000000 0.121339
549.000000 0.066985
550.000000 0.140007
551.000000 0.051547
552.000000 0.034882
553.000000 0.077329
554.000000 0.211090
555.000000 0.256049
556.000000 0.198306
557.000000 0.165307
558.000000 0.263591
559.000000 0.108663
560.000000 0.124526
561.000000 0.129347
562.000000 0.111618
563.000000 0.154079
564.000000 0.132905
565.000000 0.078884
566.000000 0.137685
567.000000 0.153476
568.000000 0.018437
569.000000 0.251259
570.000000 0.131956
571.000000 0.161726
572.000000 0.114035
573.000000 0.246719
574.000000 0.059158
575.000000 0.126720
576.000000 0.011399
577.000000 0.119056
578.000000 0.105588
579.000000 0.084442
580.000000 0.185057
581.000000 0.019609
582.000000 0.076079
583.000000 0.087437
584.000000 0.023608
585.000000 0.106833
586.000000 0.180087
587.000000 0.266214
588.000000 0.239086
589.000000 0.186016
590.000000 0.029690
591.000000 0.057743
592.000000 0.067377
593.000000 0.185082
594.000000 0.105830
595.000000 0.270341
596.000000 0.183907
597.000000 0.175091
598.000000 0.105611
599.000000 0.028376
600.000000 0.178743
601.000000 0.034643
602.000000 0.070891
603.000000 0.135467
604.000000 0.042053
605.000000 0.102259
606.000000 0.191621
607.000000 0.150550
608.000000 0.085899
609.000000 0.072018
610.000000 0.060278
611.000000 0.148284
612.000000 0.060634
613.000000 0.082233
614.000000 0.129669
615.000000 0.200196
616.000000 0.188545
617.000000 0.173801
618.000000 0.095498
619.000000 0.070553
620.000000 0.157919
621.000000 0.095869
622.000000 0.183271
623.000000 0.300331
624.000000 0.067479
625.000000 0.107949
626.000000 0.300838
627.000000 0.027743
628.000000 0.082793
629.000000 0.143406
630.000000 0.100299
631.000000 0.135851
632.000000 0.070177
633.000000 0.060512
634.000000 0.094582
635.000000 0.165424
636.000000 0.105180
637.000000 0.037345
638.000000 0.093149
639.000000 0.092667
640.000000 0.080785
641.000000 0.143288
642.000000 0.044379
643.000000 0.095579
644.000000 0.201767
645.000000 0.226093
646.000000 0.033943
647.000000 0.118010
648.000000 0.131279
649.000000 0.074696
650.000000 0.156775
651.000000 0.123568
652.000000 0.121719
653.000000 0.077638
654.000000 0.116680
655.000000 0.292237
656.000000 0.033348
657.000000 0.162703
658.000000 0.275502
659.000000 0.026909
660.000000 0.105376
661.000000 0.073181
662.000000 0.177439
663.000000 0.070593
664.000000 0.094838
665.000000 0.012568
666.000000 0.106216
667.000000 0.178212
668.000000 0.082322
669.000000 0.139262
670.000000 0.045656
671.000000 0.081035
672.000000 0.178407
673.000000 0.142120
674.000000 0.067501
675.000000 0.111746
676.000000 0.105514
677.000000 0.215731
678.000000 0.147237
679.000000 0.181509
680.000000 0.045396
681.000000 0.180541
682.000000 0.158294
683.000000 0.109416
684.000000 0.041906
685.000000 0.272512
686.000000 0.218314
687.000000 0.095641
688.000000 0.133726
689.000000 0.244784
690.000000 0.166193
691.000000 0.172590
692.000000 0.198278
693.000000 0.153311
694.000000 0.248567
695.000000 0.009740
696.000000 0.057487
697.000000 0.128872
698.000000 0.093017
699.000000 0.053768
700.000000 0.221475
701.000000 0.165320
702.000000 0.065112
703.000000 0.125139
704.000000 0.099324
705.000000 0.100567
706.000000 0.140135
707.000000 0.076164
708.000000 0.265466
709.000000 0.047199
710.000000 0.116288
711.000000 0.065625
712.000000 0.183682
713.000000 0.091832
714.000000 0.161653
715.000000 0.096038
716.000000 0.189963
717.000000 0.143800
718.000000 0.203053
719.000000 0.110325
720.000000 0.169161
721.000000 0.114127
722.000000 0.199004
723.000000 0.085948
724.000000 0.302183
725.000000 0.064569
726.000000 0.091524
727.000000 0.110063
728.000000 0.038134
729.000000 0.132232
730.000000 0.225239
731.000000 0.173060
732.000000 0.147261
733.000000 0.132673
734.000000 0.120863
735.000000 0.059240
736.000000 0.143871
737.000000 0.119154
738.000000 0.127496
739.000000 0.135959
740.000000 0.054920
741.000000 0.053765
742.000000 0.073016
743.000000 0.092000
744.000000 0.126011
745.000000 0.085614
746.000000 0.071401
747.000000 0.201997
748.000000 0.090348
749.000000 0.134567
750.000000 0.053607
751.000000 0.196741
752.000000 0.047161
753.000000 0.098427
754.000000 0.116807
755.000000 0.069656
756.000000 0.059738
757.000000 0.144328
758.000000 0.115124
759.000000 0.171804
760.000000 0.179067
761.000000 0.126607
762.000000 0.145683
763.000000 0.126402
764.000000 0.054708
765.000000 0.172259
766.000000 0.096725
767.000000 0.101964
768.000000 0.058576
769.000000 0.105054
770.000000 0.009911
771.000000 0.050866
772.000000 0.188304
773.000000 0.068948
774.000000 0.175460
775.000000 0.040136
776.000000 0.127148
777.000000 0.084891
778.000000 0.024938
779.000000 0.082539
780.000000 0.162478
781.000000 0.097987
782.000000 0.249239
783.000000 0.097852
784.000000 0.084874
785.000000 0.244745
786.000000 0.006495
787.000000 0.208212
788.000000 0.113224
789.000000 0.132012
790.000000 0.112046
791.000000 0.224039
792.000000 0.117075
793.000000 0.125605
794.000000 0.221241
795.000000 0.219280
796.000000 0.090229
797.000000 0.236452
798.000000 0.078604
799.000000 0.148456
800.000000 0.087228
801.000000 0.105747
802.000000 0.109535
803.000000 0.008715
804.000000 0.059239
805.000000 0.082130
806.000000 0.112336
807.000000 0.163959
808.000000 0.066216
809.000000 0.157546
810.000000 0.144054
811.000000 0.111639
812.000000 0.103261
813.000000 0.178685
814.000000 0.123118
815.000000 0.122178
816.000000 0.098940
817.000000 0.072565
818.000000 0.150996
819.000000 0.119497
820.000000 0.237685
821.000000 0.066779
822.000000 0.109103
823.000000 0.155616
824.000000 0.024817
825.000000 0.071161
826.000000 0.097138
827.000000 0.206293
828.000000 0.187152
829.000000 0.181043
830.000000 0.133623
831.000000 0.061830
832.000000 0.111581
833.000000 0.174112
834.000000 0.129479
835.000000 0.055529
836.000000 0.285302
837.000000 0.121233
838.000000 0.064381
839.000000 0.074376
840.000000 0.123113
841.000000 0.183128
842.000000 0.203894
843.000000 0.112011
844.000000 0.027916
845.000000 0.097851
846.000000 0.185301
847.000000 0.117664
848.000000 0.126345
849.000000 0.047144
850.000000 0.160154
851.000000 0.096053
852.000000 0.258013
853.000000 0.187723
854.000000 0.042148
855.000000 0.035439
856.000000 0.032463
857.000000 0.027313
858.000000 0.122069
859.000000 0.015324
860.000000 0.185645
861.000000 0.103170
862.000000 0.145944
863.000000 0.025074
864.000000 0.008136
865.000000 0.094568
866.000000 0.114989
867.000000 0.093983
868.000000 0.022930
869.000000 0.201300
870.000000 0.099491
871.000000 0.096448
872.000000 0.150850
873.000000 0.138112
874.000000 0.094934
875.000000 0.112175
876.000000 0.113225
877.000000 0.238283
878.000000 0.102453
879.000000 0.078063
880.000000 0.176150
881.000000 0.077672
882.000000 0.176403
883.000000 0.187163
884.000000 0.248516
885.000000 0.175214
886.000000 0.236400
887.000000 0.118033
888.000000 0.117870
889.000000 0.198082
890.000000 0.178387
891.000000 0.088699
892.000000 0.118788
893.000000 0.124859
894.000000 0.176582
895.000000 0.044996
896.000000 0.109107
897.000000 0.088371
898.000000 0.079769
899.000000 0.070005
900.000000 0.127927
901.000000 0.169675
902.000000 0.146230
903.000000 0.084045
904.000000 0.080798
905.000000 0.166707
906.000000 0.210158
907.000000 0.119562
908.000000 0.236767
909.000000 0.168518
910.000000 0.123242
911.000000 0.080878
912.000000 0.107100
913.000000 0.144375
914.000000 0.103666
915.000000 0.071864
916.000000 0.155251
917.000000 0.043225
918.000000 0.053199
919.000000 0.042543
920.000000 0.076107
921.000000 0.077565
922.000000 0.126111
923.000000 0.119097
924.000000 0.070442
925.000000 0.174984
926.000000 0.264216
927.000000 0.028417
928.000000 0.064332
929.000000 0.125415
930.000000 0.066745
931.000000 0.067786
932.000000 0.096087
933.000000 0.149570
934.000000 0.029327
935.000000 0.084627
936.000000 0.233541
937.000000 0.126655
938.000000 0.163950
939.000000 0.259144
940.000000 0.090239
941.000000 0.159685
942.000000 0.058977
943.000000 0.098489
944.000000 0.192333
945.000000 0.105580
946.000000 0.134342
947.000000 0.194387
948.000000 0.036009
949.000000 0.017793
950.000000 0.246462
951.000000 0.090449
952.000000 0.095945
953.000000 0.037525
954.000000 0.122969
955.000000 0.116527
956.000000 0.125548
957.000000 0.226100
958.000000 0.143408
959.000000 0.079981
960.000000 0.113426
961.000000 0.110259
962.000000 0.085984
963.000000 0.117652
964.000000 0.141576
965.000000 0.025635
966.000000 0.079536
967.000000 0.043714
968.000000 0.345510
969.000000 0.103184
970.000000 0.169469
971.000000 0.080863
972.000000 0.163239
973.000000 0.289725
974.000000 0.161858
975.000000 0.200247
976.000000 0.150145
977.000000 0.107865
978.000000 0.063232
979.000000 0.157147
980.000000 0.082688
981.000000 0.166734
982.000000 0.125802
983.000000 0.167670
984.000000 0.156079
985.000000 0.134772
986.000000 0.089641
987.000000 0.139468
988.000000 0.102510
989.000000 0.187590
990.000000 0.252272
991.000000 0.245627
992.000000 0.176499
993.000000 0.081008
994.000000 0.129145
995.000000 0.117671
996.000000 0.116825
997.000000 0.119453
998.000000 0.173672
999.000000 0.108424
1000.000000 0.104503
1001.000000 0.102507
1002.000000 0.066544
1003.000000 0.004707
1004.000000 0.055781
1005.000000 0.074270
1006.000000 0.203514
1007.000000 0.168719
1008.000000 0.094354
1009.000000 0.093288
1010.000000 0.104151
1011.000000 0.178963
1012.000000 0.122584
1013.000000 0.128394
1014.000000 0.051093
1015.000000 0.084427
1016.000000 0.020528
1017.000000 0.078798
1018.000000 0.141197
1019.000000 0.152532
1020.000000 0.086556
1021.000000 0.286496
1022.000000 0.044708
1023.000000 0.103686
1024.000000 0.063215
1025.000000 0.161069
1026.000000 0.037015
1027.000000 0.031584
1028.000000 0.129428
1029.000000 0.059156
1030.000000 0.166548
1031.000000 0.111125
1032.000000 0.078562
1033.000000 0.218494
1034.000000 0.119767
1035.000000 0.103608
1036.000000 0.320668
1037.000000 0.156745
1038.000000 0.082025
1039.000000 0.157890
1040.000000 0.020820
1041.000000 0.144359
1042.000000 0.119203
1043.000000 0.123293
1044.000000 0.054755
1045.000000 0.136191
1046.000000 0.055887
1047.000000 0.188997
1048.000000 0.059093
1049.000000 0.080414
1050.000000 0.139340
1051.000000 0.076279
1052.000000 0.121098
1053.000000 0.079780
1054.000000 0.081873
1055.000000 0.107660
1056.000000 0.097191
1057.000000 0.206878
1058.000000 0.054667
1059.000000 0.211924
1060.000000 0.129297
1061.000000 0.092392
1062.000000 0.221227
1063.000000 0.135196
1064.000000 0.084060
1065.000000 0.117894
1066.000000 0.057679
1067.000000 0.100682
1068.000000 0.095946
1069.000000 0.210954
1070.000000 0.129856
1071.000000 0.209751
1072.000000 0.166710
1073.000000 0.141336
1074.000000 0.159546
1075.000000 0.137918
1076.000000 0.047443
1077.000000 0.176407
1078.000000 0.111561
1079.000000 0.033992
1080.000000 0.081761
1081.000000 0.016991
1082.000000 0.043546
1083.000000 0.147224
1084.000000 0.127430
1085.000000 0.194238
1086.000000 0.131470
1087.000000 0.252265
1088.000000 0.097404
1089.000000 0.118205
1090.000000 0.192829
1091.000000 0.217549
1092.000000 0.053834
1093.000000 0.038666
1094.000000 0.049177
1095.000000 0.111366
1096.000000 0.122284
1097.000000 0.113636
1098.000000 0.066718
1099.000000 0.249682
1100.000000 0.085720
1101.000000 0.119072
1102.000000 0.064044
1103.000000 0.183182
1104.000000 0.095366
1105.000000 0.063901
1106.000000 0.123021
1107.000000 0.096815
1108.000000 0.257219
1109.000000 0.056601
1110.000000 0.168993
1111.000000 0.025887
1112.000000 0.059804
1113.000000 0.157989
1114.000000 0.131042
1115.000000 0.146209
1116.000000 0.168671
1117.000000 0.147151
1118.000000 0.050682
1119.000000 0.103657
1120.000000 0.191168
1121.000000 0.083801
1122.000000 0.156831
1123.000000 0.168641
1124.000000 0.083264
1125.000000 0.168309
1126.000000 0.091152
1127.000000 0.327517
1128.000000 0.139636
1129.000000 0.092948
1130.000000 0.013739
1131.000000 0.049541
1132.000000 0.132344
1133.000000 0.062166
1134.000000 0.169704
1135.000000 0.265729
1136.000000 0.058886
1137.000000 0.208229
1138.000000 0.129293
1139.000000 0.144190
1140.000000 0.195051
1141.000000 0.044857
1142.000000 0.252022
1143.000000 0.152062
1144.000000 0.141311
1145.000000 0.083862
1146.000000 0.110252
1147.000000 0.147406
1148.000000 0.106289
1149.000000 0.176170
1150.000000 0.086929
1151.000000 0.130212
1152.000000 0.220076
1153.000000 0.152966
1154.000000 0.171365
1155.000000 0.068134
1156.000000 0.023964
1157.000000 0.124888
1158.000000 0.032738
1159.000000 0.127794
1160.000000 0.193015
1161.000000 0.280511
1162.000000 0.152824
1163.000000 0.021214
1164.000000 0.168163
1165.000000 0.113170
1166.000000 0.018788
1167.000000 0.207224
1168.000000 0.092971
1169.000000 0.069856
1170.000000 0.078727
1171.000000 0.076775
1172.000000 0.210861
1173.000000 0.217640
1174.000000 0.094340
1175.000000 0.155327
1176.000000 0.111584
1177.000000 0.177511
1178.000000 0.063051
1179.000000 0.176038
1180.000000 0.113239
1181.000000 0.175425
1182.000000 0.177529
1183.000000 0.123893
1184.000000 0.084812
1185.000000 0.097905
1186.000000 0.074161
1187.000000 0.102356
1188.000000 0.136797
1189.000000 0.125982
1190.000000 0.142758
1191.000000 0.217124
1192.000000 0.175558
1193.000000 0.071946
1194.000000 0.092161
1195.000000 0.191936
1196.000000 0.174167
1197.000000 0.154701
1198.000000 0.159426
1199.000000 0.227621
1200.000000 0.032750
1201.000000 0.202894
1202.000000 0.075851
1203.000000 0.057557
1204.000000 0.232375
1205.000000 0.249652
1206.000000 0.151084
1207.000000 0.134357
1208.000000 0.134344
1209.000000 0.099632
1210.000000 0.104711
1211.000000 0.030129
1212.000000 0.283466
1213.000000 0.269557
1214.000000 0.159810
1215.000000 0.197212
1216.000000 0.047877
1217.000000 0.086098
1218.000000 0.225449
1219.000000 0.152678
1220.000000 0.158701
1221.000000 0.284240
1222.000000 0.060461
1223.000000 0.181339
1224.000000 0.200818
1225.000000 0.074728
1226.000000 0.016687
1227.000000 0.114987
1228.000000 0.019664
1229.000000 0.229137
1230.000000 0.060874
1231.000000 0.191577
1232.000000 0.106516
1233.000000 0.065111
1234.000000 0.114022
1235.000000 0.110281
1236.000000 0.091972
1237.000000 0.171830
1238.000000 0.076298
1239.000000 0.196017
1240.000000 0.211033
1241.000000 0.175985
1242.000000 0.068632
1243.000000 0.062139
1244.000000 0.139133
1245.000000 0.091955
1246.000000 0.122871
1247.000000 0.238649
1248.000000 0.076783
1249.000000 0.233613
1250.000000 0.105183
1251.000000 0.060524
1252.000000 0.075081
1253.000000 0.160344
1254.000000 0.158265
1255.000000 0.039713
1256.000000 0.021862
1257.000000 0.337752
1258.000000 0.063281
1259.000000 0.172298
1260.000000 0.093183
1261.000000 0.114874
1262.000000 0.032418
1263.000000 0.168624
1264.000000 0.113473
1265.000000 0.037603
1266.000000 0.079801
1267.000000 0.157856
1268.000000 0.144164
1269.000000 0.125038
1270.000000 0.193547
1271.000000 0.026444
1272.000000 0.238698
1273.000000 0.092392
1274.000000 0.224513
1275.000000 0.064680
1276.000000 0.176638
1277.000000 0.186322
1278.000000 0.260150
1279.000000 0.062893
1280.000000 0.191471
1281.000000 0.200528
1282.000000 0.062799
1283.000000 0.051077
1284.000000 0.100128
1285.000000 0.113574
1286.000000 0.299528
1287.000000 0.040362
1288.000000 0.288480
1289.000000 0.184343
1290.000000 0.133977
1291.000000 0.213759
1292.000000 0.120837
1293.000000 0.079759
1294.000000 0.143390
1295.000000 0.120486
1296.000000 0.035500
1297.000000 0.077470
1298.000000 0.105773
1299.000000 0.165151
1300.000000 0.181490
1301.000000 0.158272
1302.000000 0.064296
1303.000000 0.117707
1304.000000 0.209280
1305.000000 0.152470
1306.000000 0.141796
1307.000000 0.203959
1308.000000 0.061273
1309.000000 0.044923
1310.000000 0.045269
1311.000000 0.234497
1312.000000 0.052877
1313.000000 0.105264
1314.000000 0.126808
1315.000000 0.214928
1316.000000 0.108600
1317.000000 0.118716
1318.000000 0.177948
1319.000000 0.081652
1320.000000 0.113378
1321.000000 0.070050
1322.000000 0.163637
1323.000000 0.134995
1324.000000 0.021388
1325.000000 0.043053
1326.000000 0.106389
1327.000000 0.049163
1328.000000 0.108608
1329.000000 0.115941
1330.000000 0.108521
1331.000000 0.025108
1332.000000 0.167788
1333.000000 0.279674
1334.000000 0.063863
1335.000000 0.113356
1336.000000 0.056197
1337.000000 0.193880
1338.000000 0.223312
1339.000000 0.096131
1340.000000 0.056669
1341.000000 0.161138
1342.000000 0.128840
1343.000000 0.220567
1344.000000 0.071709
1345.000000 0.133343
1346.000000 0.075814
1347.000000 0.125881
1348.000000 0.047454
1349.000000 0.062423
1350.000000 0.035463
1351.000000 0.113060
1352.000000 0.060997
1353.000000 0.048736
1354.000000 0.236903
1355.000000 0.138791
1356.000000 0.176009
1357.000000 0.184047
1358.000000 0.080078
1359.000000 0.138170
1360.000000 0.068468
1361.000000 0.138122
1362.000000 0.068578
1363.000000 0.192076
1364.000000 0.096888
1365.000000 0.101526
1366.000000 0.098559
1367.000000 0.138315
1368.000000 0.100525
1369.000000 0.115204
1370.000000 0.012562
1371.000000 0.140052
1372.000000 0.113257
1373.000000 0.076493
1374.000000 0.111757
1375.000000 0.137745
1376.000000 0.138125
1377.000000 0.184570
1378.000000 0.097883
1379.000000 0.073845
1380.000000 0.084826
1381.000000 0.143224
1382.000000 0.158071
1383.000000 0.079224
1384.000000 0.090786
1385.000000 0.105133
1386.000000 0.118833
1387.000000 0.081267
1388.000000 0.074947
1389.000000 0.120928
1390.000000 0.093702
1391.000000 0.170724
1392.000000 0.041937
1393.000000 0.056892
1394.000000 0.100950
1395.000000 0.044488
1396.000000 0.256996
1397.000000 0.177382
1398.000000 0.137724
1399.000000 0.136522
1400.000000 0.166593
1401.000000 0.103901
1402.000000 0.037564
1403.000000 0.119077
1404.000000 0.121667
1405.000000 0.311196
1406.000000 0.108970
1407.000000 0.037313
1408.000000 0.140674
1409.000000 0.074294
1410.000000 0.083782
1411.000000 0.067217
1412.000000 0.040937
1413.000000 0.108835
1414.000000 0.038420
1415.000000 0.078430
1416.000000 0.209141
1417.000000 0.128231
1418.000000 0.089372
1419.000000 0.135374
1420.000000 0.003151
1421.000000 0.179815
1422.000000 0.071172
1423.000000 0.089943
1424.000000 0.092995
1425.000000 0.089372
1426.000000 0.231559
1427.000000 0.034617
1428.000000 0.083232
1429.000000 0.225342
1430.000000 0.107908
1431.000000 0.242923
1432.000000 0.045189
1433.000000 0.118424
1434.000000 0.163728
1435.000000 0.065590
1436.000000 0.091288
1437.000000 0.091691
1438.000000 0.177129
1439.000000 0.169747
1440.000000 0.147022
1441.000000 0.199244
1442.000000 0.141897
1443.000000 0.168408
1444.000000 0.162725
1445.000000 0.209596
1446.000000 0.156627
1447.000000 0.217134
1448.000000 0.170665
1449.000000 0.169168
1450.000000 0.161561
1451.000000 0.150503
1452.000000 0.068936
1453.000000 0.053030
1454.000000 0.121073
1455.000000 0.040858
1456.000000 0.207427
1457.000000 0.199862
1458.000000 0.082320
1459.000000 0.084629
1460.000000 0.065643
1461.000000 0.099137
1462.000000 0.085049
1463.000000 0.055454
1464.000000 0.107167
1465.000000 0.206965
1466.000000 0.055621
1467.000000 0.178695
1468.000000 0.153087
1469.000000 0.128288
1470.000000 0.195817
1471.000000 0.150659
1472.000000 0.096260
1473.000000 0.184660
1474.000000 0.078856
1475.000000 0.176698
1476.000000 0.095979
1477.000000 0.265535
1478.000000 0.078889
1479.000000 0.157184
1480.000000 0.133534
1481.000000 0.238117
1482.000000 0.128953
1483.000000 0.126337
1484.000000 0.093829
1485.000000 0.111319
1486.000000 0.130945
1487.000000 0.123892
1488.000000 0.124174
1489.000000 0.074495
1490.000000 0.088438
1491.000000 0.097475
1492.000000 0.327491
1493.000000 0.162200
1494.000000 0.155054
1495.000000 0.024724
1496.000000 0.160497
1497.000000 0.183539
1498.000000 0.019088
1499.000000 0.154174
1500.000000 0.043643
1501.000000 0.174332
1502.000000 0.077812
1503.000000 0.088354
1504.000000 0.035979
1505.000000 0.112161
1506.000000 0.135341
1507.000000 0.240101
1508.000000 0.176570
1509.000000 0.156542
1510.000000 0.076994
1511.000000 0.118756
1512.000000 0.043686
1513.000000 0.068013
1514.000000 0.230726
1515.000000 0.145283
1516.000000 0.096093
1517.000000 0.048032
1518.000000 0.143026
1519.000000 0.152451
1520.000000 0.267400
1521.000000 0.153015
1522.000000 0.135714
1523.000000 0.230437
1524.000000 0.056810
1525.000000 0.213217
1526.000000 0.057084
1527.000000 0.080546
1528.000000 0.157587
1529.000000 0.028488
1530.000000 0.220274
1531.000000 0.093739
1532.000000 0.200326
1533.000000 0.100054
1534.000000 0.086101
1535.000000 0.123150
1536.000000 0.221929
1537.000000 0.140663
1538.000000 0.250578
1539.000000 0.153024
1540.000000 0.189527
1541.000000 0.216955
1542.000000 0.186356
1543.000000 0.037931
1544.000000 0.116460
1545.000000 0.014400
1546.000000 0.215181
1547.000000 0.255768
1548.000000 0.088577
1549.000000 0.080717
1550.000000 0.129323
1551.000000 0.141587
1552.000000 0.064104
1553.000000 0.034112
1554.000000 0.216322
1555.000000 0.053004
1556.000000 0.068299
1557.000000 0.074147
1558.000000 0.097618
1559.000000 0.029459
1560.000000 0.174858
1561.000000 0.048505
1562.000000 0.173312
1563.000000 0.021760
1564.000000 0.163355
1565.000000 0.059137
1566.000000 0.080844
1567.000000 0.043293
1568.000000 0.179585
1569.000000 0.145980
1570.000000 0.103726
1571.000000 0.107645
1572.000000 0.124677
1573.000000 0.136348
1574.000000 0.120828
1575.000000 0.075413
1576.000000 0.112670
1577.000000 0.085272
1578.000000 0.025916
1579.000000 0.209898
1580.000000 0.113881
1581.000000 0.090214
1582.000000 0.229065
1583.000000 0.155111
1584.000000 0.167070
1585.000000 0.020924
1586.000000 0.101343
1587.000000 0.037092
1588.000000 0.161326
1589.000000 0.041836
1590.000000 0.047085
1591.000000 0.201850
1592.000000 0.081517
1593.000000 0.226291
1594.000000 0.123212
1595.000000 0.051795
1596.000000 0.057814
1597.000000 0.125034
1598.000000 0.177705
1599.000000 0.081302
1600.000000 0.223153
1601.000000 0.120530
1602.000000 0.168643
1603.000000 0.124292
1604.000000 0.130774
1605.000000 0.025514
1606.000000 0.199964
1607.000000 0.081611
1608.000000 0.041008
1609.000000 0.200298
1610.000000 0.120123
1611.000000 0.230115
1612.000000 0.073789
1613.000000 0.147680
1614.000000 0.176382
1615.000000 0.100610
1616.000000 0.081242
1617.000000 0.197678
1618.000000 0.103926
1619.000000 0.079619
1620.000000 0.231086
1621.000000 0.115914
1622.000000 0.203020
1623.000000 0.141670
1624.000000 0.097365
1625.000000 0.071248
1626.000000 0.167413
1627.000000 0.151899
1628.000000 0.128715
1629.000000 0.047338
1630.000000 0.258762
1631.000000 0.061319
1632.000000 0.120793
1633.000000 0.149288
1634.000000 0.172144
1635.000000 0.194563
1636.000000 0.005385
1637.000000 0.106642
1638.000000 0.073076
1639.000000 0.037048
1640.000000 0.143140
1641.000000 0.093715
1642.000000 0.077198
1643.000000 0.164595
1644.000000 0.182576
1645.000000 0.118699
1646.000000 0.079850
1647.000000 0.198405
1648.000000 0.167086
1649.000000 0.095928
1650.000000 0.024405
1651.000000 0.068465
1652.000000 0.083379
1653.000000 0.129366
1654.000000 0.076787
1655.000000 0.105302
1656.000000 0.173988
1657.000000 0.035884
1658.000000 0.089669
1659.000000 0.090870
1660.000000 0.100357
1661.000000 0.098042
1662.000000 0.098206
1663.000000 0.113566
1664.000000 0.075500
1665.000000 0.049258
1666.000000 0.094600
1667.000000 0.176228
1668.000000 0.169781
1669.000000 0.045745
1670.000000 0.167194
1671.000000 0.099525
1672.000000 0.035039
1673.000000 0.207383
1674.000000 0.082489
1675.000000 0.191710
1676.000000 0.136753
1677.000000 0.124669
1678.000000 0.034844
1679.000000 0.105006
1680.000000 0.205572
1681.000000 0.106261
1682.000000 0.142431
1683.000000 0.171204
1684.000000 0.043878
1685.000000 0.259942
1686.000000 0.026043
1687.000000 0.094657
1688.000000 0.101955
1689.000000 0.102489
1690.000000 0.145982
1691.000000 0.166035
1692.000000 0.019360
1693.000000 0.081034
1694.000000 0.172830
1695.000000 0.039212
1696.000000 0.064532
1697.000000 0.031711
1698.000000 0.077001
1699.000000 0.143174
1700.000000 0.222182
1701.000000 0.092138
1702.000000 0.099649
1703.000000 0.100811
1704.000000 0.038944
1705.000000 0.171607
1706.000000 0.070214
1707.000000 0.228063
1708.000000 0.146133
1709.000000 0.146960
1710.000000 0.196486
1711.000000 0.164391
1712.000000 0.041052
1713.000000 0.176495
1714.000000 0.133436
1715.000000 0.180774
1716.000000 0.082356
1717.000000 0.033879
1718.000000 0.100097
1719.000000 0.069784
1720.000000 0.189108
1721.000000 0.157378
1722.000000 0.105981
1723.000000 0.197718
1724.000000 0.028769
1725.000000 0.234374
1726.000000 0.181720
1727.000000 0.089992
1728.000000 0.103563
1729.000000 0.125041
1730.000000 0.103354
1731.000000 0.101009
1732.000000 0.178721
1733.000000 0.149614
1734.000000 0.299544
1735.000000 0.078620
1736.000000 0.058824
1737.000000 0.106217
1738.000000 0.181506
1739.000000 0.118035
1740.000000 0.147212
1741.000000 0.156505
1742.000000 0.078824
1743.000000 0.095214
1744.000000 0.128338
1745.000000 0.052454
1746.000000 0.059117
1747.000000 0.143988
1748.000000 0.049992
1749.000000 0.098358
1750.000000 0.118886
1751.000000 0.026499
1752.000000 0.133696
1753.000000 0.020260
1754.000000 0.117210
1755.000000 0.041059
1756.000000 0.075780
1757.000000 0.103806
1758.000000 0.116435
1759.000000 0.068483
1760.000000 0.095026
1761.000000 0.092618
1762.000000 0.263191
1763.000000 0.128706
1764.000000 0.058522
1765.000000 0.116947
1766.000000 0.322711
1767.000000 0.128542
1768.000000 0.047562
1769.000000 0.037559
1770.000000 0.025089
1771.000000 0.118961
1772.000000 0.151824
1773.000000 0.025199
1774.000000 0.079697
1775.000000 0.100440
1776.000000 0.196348
1777.000000 0.120951
1778.000000 0.071645
1779.000000 0.204104
1780.000000 0.180324
1781.000000 0.119826
1782.000000 0.062651
1783.000000 0.225266
1784.000000 0.061394
1785.000000 0.194842
1786.000000 0.014415
1787.000000 0.149712
1788.000000 0.150838
1789.000000 0.223725
1790.000000 0.234485
1791.000000 0.064122
1792.000000 0.011309
1793.000000 0.159082
1794.000000 0.059936
1795.000000 0.125977
1796.000000 0.008508
1797.000000 0.062485
1798.000000 0.177272
1799.000000 0.120891
1800.000000 0.221585
1801.000000 0.075563
1802.000000 0.070322
1803.000000 0.087957
1804.000000 0.084596
1805.000000 0.141076
1806.000000 0.087199
1807.000000 0.154082
1808.000000 0.204916
1809.000000 0.095881
1810.000000 0.080812
1811.000000 0.066682
1812.000000 0.254628
1813.000000 0.108515
1814.000000 0.067566
1815.000000 0.049791
1816.000000 0.218129
1817.000000 0.175963
1818.000000 0.082954
1819.000000 0.093780
1820.000000 0.072003
1821.000000 0.192516
1822.000000 0.190565
1823.000000 0.034486
1824.000000 0.181488
1825.000000 0.063599
1826.000000 0.046116
1827.000000 0.093478
1828.000000 0.161022
1829.000000 0.097436
1830.000000 0.223146
1831.000000 0.072678
1832.000000 0.180009
1833.000000 0.089200
1834.000000 0.137601
1835.000000 0.081890
1836.000000 0.109035
1837.000000 0.195601
1838.000000 0.239607
1839.000000 0.188288
1840.000000 0.311978
1841.000000 0.056980
1842.000000 0.250554
1843.000000 0.103136
1844.000000 0.126024
1845.000000 0.147706
1846.000000 0.086876
1847.000000 0.069026
1848.000000 0.142295
1849.000000 0.133530
1850.000000 0.194599
1851.000000 0.158295
1852.000000 0.031670
1853.000000 0.222582
1854.000000 0.223425
1855.000000 0.059078
1856.000000 0.161943
1857.000000 0.118532
1858.000000 0.187515
1859.000000 0.130784
1860.000000 0.130514
1861.000000 0.154314
1862.000000 0.078505
1863.000000 0.215178
1864.000000 0.090648
1865.000000 0.051574
1866.000000 0.171661
1867.000000 0.150291
1868.000000 0.097987
1869.000000 0.112276
1870.000000 0.052311
1871.000000 0.097455
1872.000000 0.100808
1873.000000 0.052351
1874.000000 0.063648
1875.000000 0.141903
1876.000000 0.058338
1877.000000 0.203255
1878.000000 0.057273
1879.000000 0.093223
1880.000000 0.067228
1881.000000 0.138245
1882.000000 0.300661
1883.000000 0.124902
1884.000000 0.174209
1885.000000 0.063811
1886.000000 0.104788
1887.000000 0.191053
1888.000000 0.082097
1889.000000 0.059163
1890.000000 0.164339
1891.000000 0.145036
1892.000000 0.155523
1893.000000 0.125606
1894.000000 0.279967
1895.000000 0.088666
1896.000000 0.113286
1897.000000 0.030249
1898.000000 0.098741
1899.000000 0.180942
1900.000000 0.073245
1901.000000 0.018759
1902.000000 0.041623
1903.000000 0.104203
1904.000000 0.181161
1905.000000 0.263961
1906.000000 0.180235
1907.000000 0.057163
1908.000000 0.034289
1909.000000 0.089311
1910.000000 0.109642
1911.000000 0.106865
1912.000000 0.048193
1913.000000 0.182712
1914.000000 0.148860
1915.000000 0.073456
1916.000000 0.137179
1917.000000 0.040178
1918.000000 0.208085
1919.000000 0.139042
1920.000000 0.092360
1921.000000 0.048953
1922.000000 0.221732
1923.000000 0.057694
1924.000000 0.054284
1925.000000 0.198507
1926.000000 0.025093
1927.000000 0.164155
1928.000000 0.051771
1929.000000 0.121736
1930.000000 0.076591
1931.000000 0.191421
1932.000000 0.045151
1933.000000 0.096364
1934.000000 0.038575
1935.000000 0.109099
1936.000000 0.069745
1937.000000 0.080508
1938.000000 0.106944
1939.000000 0.057513
1940.000000 0.196900
1941.000000 0.162911
1942.000000 0.004821
1943.000000 0.175588
1944.000000 0.054709
1945.000000 0.103935
1946.000000 0.236936
1947.000000 0.095364
1948.000000 0.129514
1949.000000 0.098887
1950.000000 0.059930
1951.000000 0.114858
1952.000000 0.149622
1953.000000 0.250323
1954.000000 0.163761
1955.000000 0.117435
1956.000000 0.290945
1957.000000 0.071784
1958.000000 0.178527
1959.000000 0.065763
1960.000000 0.070778
1961.000000 0.047216
1962.000000 0.091782
1963.000000 0.055964
1964.000000 0.096724
1965.000000 0.192661
1966.000000 0.143879
1967.000000 0.144733
1968.000000 0.133384
1969.000000 0.090960
1970.000000 0.050398
1971.000000 0.247025
1972.000000 0.086503
1973.000000 0.073096
1974.000000 0.041074
1975.000000 0.051088
1976.000000 0.092677
1977.000000 0.125693
1978.000000 0.081123
1979.000000 0.137516
1980.000000 0.134819
1981.000000 0.225321
1982.000000 0.109379
1983.000000 0.137290
1984.000000 0.073219
1985.000000 0.073126
1986.000000 0.170393
1987.000000 0.094901
1988.000000 0.078148
1989.000000 0.216620
1990.000000 0.066524
1991.000000 0.149497
1992.000000 0.024671
1993.000000 0.107203
1994.000000 0.002159
1995.000000 0.058397
1996.000000 0.087847
1997.000000 0.126990
1998.000000 0.071911
1999.000000 0.106433
2000.000000 0.038319
2001.000000 0.049628
2002.000000 0.073394
2003.000000 0.150723
2004.000000 0.012055
2005.000000 0.067799
2006.000000 0.233761
2007.000000 0.208571
2008.000000 0.028732
2009.000000 0.061824
2010.000000 0.270725
2011.000000 0.105452
2012.000000 0.110476
2013.000000 0.240410
2014.000000 0.220740
2015.000000 0.180969
2016.000000 0.145941
2017.000000 0.167468
2018.000000 0.266381
2019.000000 0.234214
2020.000000 0.158885
2021.000000 0.137721
2022.000000 0.184510
2023.000000 0.061879
2024.000000 0.219844
2025.000000 0.204970
2026.000000 0.151488
2027.000000 0.272253
2028.000000 0.248606
2029.000000 0.056143
2030.000000 0.291562
2031.000000 0.070098
2032.000000 0.273313
2033.000000 0.107983
2034.000000 0.137178
2035.000000 0.113068
2036.000000 0.116907
2037.000000 0.111444
2038.000000 0.122049
2039.000000 0.160433
2040.000000 0.022387
2041.000000 0.197287
2042.000000 0.349551
2043.000000 0.141318
2044.000000 0.211310
2045.000000 0.215461
2046.000000 0.148729
2047.000000 0.181792
2048.000000 0.231664
2049.000000 0.168752
2050.000000 0.122178
2051.000000 0.151855
2052.000000 0.180870
2053.000000 0.287082
2054.000000 0.175461
2055.000000 0.145426
2056.000000 0.194691
2057.000000 0.260324
2058.000000 0.180630
2059.000000 0.107321
2060.000000 0.106911
2061.000000 0.131060
2062.000000 0.042764
2063.000000 0.079449
2064.000000 0.118278
2065.000000 0.124109
2066.000000 0.048367
2067.000000 0.219520
2068.000000 0.098274
2069.000000 0.123384
2070.000000 0.106522
2071.000000 0.093993
2072.000000 0.042916
2073.000000 0.182841
2074.000000 0.102080
2075.000000 0.089889
2076.000000 0.171621
2077.000000 0.085432
2078.000000 0.030533
2079.000000 0.063840
2080.000000 0.069082
2081.000000 0.254987
2082.000000 0.058597
2083.000000 0.012326
2084.000000 0.100447
2085.000000 0.090021
2086.000000 0.052121
2087.000000 0.193020
2088.000000 0.089418
2089.000000 0.146501
2090.000000 0.179652
2091.000000 0.144926
2092.000000 0.094860
2093.000000 0.126619
2094.000000 0.173260
2095.000000 0.073051
2096.000000 0.233510
2097.000000 0.220230
2098.000000 0.206604
2099.000000 0.147040
2100.000000 0.083019
2101.000000 0.230815
2102.000000 0.032823
2103.000000 0.010145
2104.000000 0.154900
2105.000000 0.096351
2106.000000 0.090780
2107.000000 0.034506
2108.000000 0.094979
2109.000000 0.212392
2110.000000 0.117295
2111.000000 0.235970
2112.000000 0.080753
2113.000000 0.216572
2114.000000 0.198530
2115.000000 0.113931
2116.000000 0.157612
2117.000000 0.093061
2118.000000 0.098013
2119.000000 0.205758
2120.000000 0.128344
2121.000000 0.083541
2122.000000 0.125526
2123.000000 0.062708
2124.000000 0.069916
2125.000000 0.032191
2126.000000 0.149389
2127.000000 0.086436
2128.000000 0.021631
2129.000000 0.117496
2130.000000 0.180536
2131.000000 0.119805
2132.000000 0.201419
2133.000000 0.069418
2134.000000 0.126042
2135.000000 0.236657
2136.000000 0.255479
2137.000000 0.068580
2138.000000 0.243631
2139.000000 0.123106
2140.000000 0.070437
2141.000000 0.051903
2142.000000 0.064374
2143.000000 0.063554
2144.000000 0.116792
2145.000000 0.156043
2146.000000 0.037372
2147.000000 0.221448
2148.000000 0.292158
2149.000000 0.051969
2150.000000 0.010885
2151.000000 0.044332
2152.000000 0.134790
2153.000000 0.156523
2154.000000 0.069956
2155.000000 0.077768
2156.000000 0.097553
2157.000000 0.185419
2158.000000 0.149672
2159.000000 0.211361
2160.000000 0.127935
2161.000000 0.264385
2162.000000 0.053931
2163.000000 0.051867
2164.000000 0.066413
2165.000000 0.031676
2166.000000 0.031218
2167.000000 0.148905
2168.000000 0.171991
2169.000000 0.080801
2170.000000 0.186525
2171.000000 0.174404
2172.000000 0.052205
2173.000000 0.121059
2174.000000 0.095278
2175.000000 0.221534
2176.000000 0.206194
2177.000000 0.115199
2178.000000 0.190184
2179.000000 0.072838
2180.000000 0.182396
2181.000000 0.103563
2182.000000 0.343046
2183.000000 0.068586
2184.000000 0.124223
2185.000000 0.161855
2186.000000 0.025649
2187.000000 0.077013
2188.000000 0.138336
2189.000000 0.081445
2190.000000 0.132907
2191.000000 0.148514
2192.000000 0.126046
2193.000000 0.130195
2194.000000 0.185321
2195.000000 0.205544
2196.000000 0.149693
2197.000000 0.058646
2198.000000 0.130706
2199.000000 0.130089
2200.000000 0.070719
2201.000000 0.211879
2202.000000 0.154077
2203.000000 0.222973
2204.000000 0.264748
2205.000000 0.157297
2206.000000 0.042221
2207.000000 0.022893
2208.000000 0.110571
2209.000000 0.058245
2210.000000 0.073791
2211.000000 0.051894
2212.000000 0.159855
2213.000000 0.044158
2214.000000 0.071567
2215.000000 0.339745
2216.000000 0.056519
2217.000000 0.194082
2218.000000 0.195130
2219.000000 0.299511
2220.000000 0.150669
2221.000000 0.113350
2222.000000 0.084361
2223.000000 0.166883
2224.000000 0.078808
2225.000000 0.235613
2226.000000 0.107751
2227.000000 0.120342
2228.000000 0.045728
2229.000000 0.121217
2230.000000 0.076229
2231.000000 0.145410
2232.000000 0.028367
2233.000000 0.084865
2234.000000 0.096753
2235.000000 0.154161
2236.000000 0.024828
2237.000000 0.206490
2238.000000 0.169203
2239.000000 0.083056
2240.000000 0.144989
2241.000000 0.144827
2242.000000 0.209739
2243.000000 0.126001
2244.000000 0.103356
2245.000000 0.173673
2246.000000 0.135659
2247.000000 0.129434
2248.000000 0.067898
2249.000000 0.245954
2250.000000 0.037284
2251.000000 0.068496
2252.000000 0.140950
2253.000000 0.167497
2254.000000 0.243229
2255.000000 0.114344
2256.000000 0.133312
2257.000000 0.026941
2258.000000 0.051732
2259.000000 0.142124
2260.000000 0.113183
2261.000000 0.226484
2262.000000 0.128996
2263.000000 0.097913
2264.000000 0.138346
2265.000000 0.163739
2266.000000 0.065627
2267.000000 0.088960
2268.000000 0.064432
2269.000000 0.184829
2270.000000 0.089980
2271.000000 0.031407
2272.000000 0.217587
2273.000000 0.037636
2274.000000 0.126636
2275.000000 0.131145
2276.000000 0.070432
2277.000000 0.118995
2278.000000 0.100067
2279.000000 0.124535
2280.000000 0.132018
2281.000000 0.015288
2282.000000 0.074968
2283.000000 0.033952
2284.000000 0.136308
2285.000000 0.089675
2286.000000 0.229455
2287.000000 0.123023
2288.000000 0.069634
2289.000000 0.185070
2290.000000 0.049222
2291.000000 0.027347
2292.000000 0.147462
2293.000000 0.040625
2294.000000 0.056849
2295.000000 0.122839
2296.000000 0.187341
2297.000000 0.129881
2298.000000 0.058696
2299.000000 0.129284
2300.000000 0.130901
2301.000000 0.117072
2302.000000 0.147486
2303.000000 0.039355
2304.000000 0.089173
2305.000000 0.083785
2306.000000 0.101603
2307.000000 0.109171
2308.000000 0.063561
2309.000000 0.066936
2310.000000 0.182198
2311.000000 0.062030
2312.000000 0.111138
2313.000000 0.053546
2314.000000 0.267342
2315.000000 0.147742
2316.000000 0.293183
2317.000000 0.238851
2318.000000 0.097596
2319.000000 0.058038
2320.000000 0.163892
2321.000000 0.126406
2322.000000 0.065046
2323.000000 0.165140
2324.000000 0.164663
2325.000000 0.224636
2326.000000 0.133894
2327.000000 0.159896
2328.000000 0.085034
2329.000000 0.268217
2330.000000 0.101886
2331.000000 0.067985
2332.000000 0.080224
2333.000000 0.053162
2334.000000 0.197661
2335.000000 0.187996
2336.000000 0.123831
2337.000000 0.103515
2338.000000 0.019715
2339.000000 0.213248
2340.000000 0.279935
2341.000000 0.063762
2342.000000 0.152240
2343.000000 0.206885
2344.000000 0.131141
2345.000000 0.117189
2346.000000 0.064239
2347.000000 0.042336
2348.000000 0.182643
2349.000000 0.198557
2350.000000 0.165154
2351.000000 0.173964
2352.000000 0.093832
2353.000000 0.213279
2354.000000 0.191418
2355.000000 0.165005
2356.000000 0.103748
2357.000000 0.072692
2358.000000 0.130250
2359.000000 0.199785
2360.000000 0.098853
2361.000000 0.172763
2362.000000 0.063856
2363.000000 0.159666
2364.000000 0.021911
2365.000000 0.014531
2366.000000 0.047314
2367.000000 0.143756
2368.000000 0.140439
2369.000000 0.103304
2370.000000 0.010610
2371.000000 0.144006
2372.000000 0.199666
2373.000000 0.007852
2374.000000 0.186768
2375.000000 0.075742
2376.000000 0.131043
2377.000000 0.066348
2378.000000 0.163312
2379.000000 0.073579
2380.000000 0.177964
2381.000000 0.086375
2382.000000 0.080232
2383.000000 0.069217
2384.000000 0.201723
2385.000000 0.167763
2386.000000 0.150846
2387.000000 0.187911
2388.000000 0.028719
2389.000000 0.092278
2390.000000 0.194344
2391.000000 0.038577
2392.000000 0.080968
2393.000000 0.094094
2394.000000 0.044645
2395.000000 0.128000
2396.000000 0.041256
2397.000000 0.153796
2398.000000 0.175833
2399.000000 0.117899
2400.000000 0.137336
2401.000000 0.044476
2402.000000 0.000818
2403.000000 0.171669
2404.000000 0.144938
2405.000000 0.114851
2406.000000 0.199753
2407.000000 0.148560
2408.000000 0.045656
2409.000000 0.231662
2410.000000 0.025049
2411.000000 0.261070
2412.000000 0.045737
2413.000000 0.058618
2414.000000 0.085126
2415.000000 0.062030
2416.000000 0.057627
2417.000000 0.095694
2418.000000 0.084830
2419.000000 0.153054
2420.000000 0.149350
2421.000000 0.125266
2422.000000 0.126916
2423.000000 0.075056
2424.000000 0.200170
2425.000000 0.088328
2426.000000 0.215917
2427.000000 0.401291
2428.000000 0.236555
2429.000000 0.206838
2430.000000 0.130642
2431.000000 0.109794
2432.000000 0.242984
2433.000000 0.048341
2434.000000 0.324704
2435.000000 0.120482
2436.000000 0.217850
2437.000000 0.246205
2438.000000 0.144714
2439.000000 0.088868
2440.000000 0.032106
2441.000000 0.030114
2442.000000 0.182946
2443.000000 0.189621
2444.000000 0.135405
2445.000000 0.136971
2446.000000 0.261603
2447.000000 0.134837
2448.000000 0.162803
2449.000000 0.109359
2450.000000 0.016728
2451.000000 0.122070
2452.000000 0.146333
2453.000000 0.131311
2454.000000 0.044911
2455.000000 0.124392
2456.000000 0.017860
2457.000000 0.202649
2458.000000 0.134004
2459.000000 0.085579
2460.000000 0.175273
2461.000000 0.209070
2462.000000 0.054095
2463.000000 0.237212
2464.000000 0.132017
2465.000000 0.133479
2466.000000 0.142359
2467.000000 0.199904
2468.000000 0.174505
2469.000000 0.059710
2470.000000 0.177610
2471.000000 0.151524
2472.000000 0.169480
2473.000000 0.137558
2474.000000 0.103382
2475.000000 0.128604
2476.000000 0.202155
2477.000000 0.098830
2478.000000 0.079659
2479.000000 0.082559
2480.000000 0.109868
2481.000000 0.205205
2482.000000 0.097030
2483.000000 0.204414
2484.000000 0.133678
2485.000000 0.160595
2486.000000 0.094346
2487.000000 0.190080
2488.000000 0.154493
2489.000000 0.211468
2490.000000 0.140531
2491.000000 0.089978
2492.000000 0.103428
2493.000000 0.078506
2494.000000 0.162516
2495.000000 0.020053
2496.000000 0.180614
2497.000000 0.057929
2498.000000 0.145130
2499.000000 0.053271
2500.000000 0.076434
2501.000000 0.178570
2502.000000 0.192052
2503.000000 0.021267
2504.000000 0.094495
2505.000000 0.177413
2506.000000 0.072675
2507.000000 0.166986
2508.000000 0.092106
2509.000000 0.092030
2510.000000 0.065973
2511.000000 0.230906
2512.000000 0.144613
2513.000000 0.138143
2514.000000 0.009736
2515.000000 0.189366
2516.000000 0.241577
2517.000000 0.058936
2518.000000 0.110944
2519.000000 0.105938
2520.000000 0.146478
2521.000000 0.066969
2522.000000 0.209837
2523.000000 0.039262
2524.000000 0.110633
2525.000000 0.049745
2526.000000 0.089606
2527.000000 0.045684
2528.000000 0.130063
2529.000000 0.110388
2530.000000 0.130440
2531.000000 0.116746
2532.000000 0.074025
2533.000000 0.157174
2534.000000 0.089648
2535.000000 0.235201
2536.000000 0.178181
2537.000000 0.163624
2538.000000 0.086685
2539.000000 0.091487
2540.000000 0.043011
2541.000000 0.127864
2542.000000 0.093612
2543.000000 0.248709
2544.000000 0.197381
2545.000000 0.199542
2546.000000 0.142681
2547.000000 0.143096
2548.000000 0.141290
2549.000000 0.115029
2550.000000 0.082098
2551.000000 0.082251
2552.000000 0.159320
2553.000000 0.215916
2554.000000 0.099415
2555.000000 0.237886
2556.000000 0.177856
2557.000000 0.251490
2558.000000 0.076873
2559.000000 0.038081
2560.000000 0.294809
2561.000000 0.227481
2562.000000 0.082300
2563.000000 0.186382
2564.000000 0.022858
2565.000000 0.069988
2566.000000 0.120185
2567.000000 0.118050
2568.000000 0.172199
2569.000000 0.099656
2570.000000 0.136632
2571.000000 0.182765
2572.000000 0.258867
2573.000000 0.060928
2574.000000 0.132129
2575.000000 0.033368
2576.000000 0.024153
2577.000000 0.068742
2578.000000 0.161454
2579.000000 0.049995
2580.000000 0.026107
2581.000000 0.077765
2582.000000 0.193003
2583.000000 0.082110
2584.000000 0.194658
2585.000000 0.128603
2586.000000 0.091962
2587.000000 0.170375
2588.000000 0.148822
2589.000000 0.089364
2590.000000 0.242829
2591.000000 0.088890
2592.000000 0.207382
2593.000000 0.186680
2594.000000 0.056134
2595.000000 0.165638
2596.000000 0.299156
2597.000000 0.043760
2598.000000 0.047484
2599.000000 0.020617
2600.000000 0.115215
2601.000000 0.165242
2602.000000 0.075641
2603.000000 0.253716
2604.000000 0.176091
2605.000000 0.141292
2606.000000 0.152218
2607.000000 0.132730
2608.000000 0.025936
2609.000000 0.069097
2610.000000 0.219955
2611.000000 0.135579
2612.000000 0.123456
2613.000000 0.042627
2614.000000 0.136999
2615.000000 0.216268
2616.000000 0.070508
2617.000000 0.233585
2618.000000 0.194044
2619.000000 0.083948
2620.000000 0.151983
2621.000000 0.131739
2622.000000 0.095937
2623.000000 0.209289
2624.000000 0.179101
2625.000000 0.200941
2626.000000 0.049934
2627.000000 0.167233
2628.000000 0.182341
2629.000000 0.133736
2630.000000 0.060994
2631.000000 0.068424
2632.000000 0.025275
2633.000000 0.246367
2634.000000 0.176642
2635.000000 0.090204
2636.000000 0.124061
2637.000000 0.157691
2638.000000 0.095149
2639.000000 0.042526
2640.000000 0.010516
2641.000000 0.154886
2642.000000 0.044199
2643.000000 0.024809
2644.000000 0.117187
2645.000000 0.096470
2646.000000 0.324250
2647.000000 0.177760
2648.000000 0.065528
2649.000000 0.361142
2650.000000 0.118051
2651.000000 0.149350
2652.000000 0.243717
2653.000000 0.044443
2654.000000 0.099378
2655.000000 0.022429
2656.000000 0.165027
2657.000000 0.125689
2658.000000 0.169162
2659.000000 0.073527
2660.000000 0.126144
2661.000000 0.091231
2662.000000 0.075721
2663.000000 0.137194
2664.000000 0.101924
2665.000000 0.150140
2666.000000 0.046362
2667.000000 0.131425
2668.000000 0.085893
2669.000000 0.074723
2670.000000 0.185514
2671.000000 0.062384
2672.000000 0.158069
2673.000000 0.191442
2674.000000 0.074061
2675.000000 0.066290
2676.000000 0.149554
2677.000000 0.082200
2678.000000 0.097294
2679.000000 0.099671
2680.000000 0.045909
2681.000000 0.148870
2682.000000 0.148396
2683.000000 0.162552
2684.000000 0.024543
2685.000000 0.206438
2686.000000 0.201700
2687.000000 0.105333
2688.000000 0.224495
2689.000000 0.173221
2690.000000 0.124573
2691.000000 0.168081
2692.000000 0.208606
2693.000000 0.152744
2694.000000 0.043266
2695.000000 0.078692
2696.000000 0.187295
2697.000000 0.065160
2698.000000 0.102987
2699.000000 0.054922
2700.000000 0.074406
2701.000000 0.187768
2702.000000 0.050737
2703.000000 0.171654
2704.000000 0.053175
2705.000000 0.078319
2706.000000 0.196417
2707.000000 0.045291
2708.000000 0.070335
2709.000000 0.178948
2710.000000 0.154992
2711.000000 0.163768
2712.000000 0.097941
2713.000000 0.121655
2714.000000 0.110748
2715.000000 0.135247
2716.000000 0.055473
2717.000000 0.226626
2718.000000 0.060923
2719.000000 0.148904
2720.000000 0.083764
2721.000000 0.081789
2722.000000 0.088900
2723.000000 0.233779
2724.000000 0.097802
2725.000000 0.047209
2726.000000 0.191010
2727.000000 0.133198
2728.000000 0.078778
2729.000000 0.200693
2730.000000 0.152647
2731.000000 0.072405
2732.000000 0.216295
2733.000000 0.116527
2734.000000 0.144454
2735.000000 0.152351
2736.000000 0.077318
2737.000000 0.111553
2738.000000 0.056672
2739.000000 0.179858
2740.000000 0.128923
2741.000000 0.112512
2742.000000 0.089863
2743.000000 0.165317
2744.000000 0.042546
2745.000000 0.155941
2746.000000 0.197575
2747.000000 0.141153
2748.000000 0.130802
2749.000000 0.219717
2750.000000 0.228776
2751.000000 0.267716
2752.000000 0.146950
2753.000000 0.171550
2754.000000 0.022468
2755.000000 0.054418
2756.000000 0.039101
2757.000000 0.091798
2758.000000 0.136781
2759.000000 0.073310
2760.000000 0.106196
2761.000000 0.107202
2762.000000 0.115340
2763.000000 0.071565
2764.000000 0.251327
2765.000000 0.139340
2766.000000 0.090717
2767.000000 0.160653
2768.000000 0.046911
2769.000000 0.020657
2770.000000 0.031572
2771.000000 0.145598
2772.000000 0.076597
2773.000000 0.197447
2774.000000 0.124491
2775.000000 0.345176
2776.000000 0.172092
2777.000000 0.150010
2778.000000 0.202563
2779.000000 0.048367
2780.000000 0.129179
2781.000000 0.092093
2782.000000 0.057181
2783.000000 0.140622
2784.000000 0.154413
2785.000000 0.201305
2786.000000 0.083354
2787.000000 0.059315
2788.000000 0.170205
2789.000000 0.094062
2790.000000 0.159402
2791.000000 0.028744
2792.000000 0.225702
2793.000000 0.168635
2794.000000 0.146119
2795.000000 0.197086
2796.000000 0.010720
2797.000000 0.208074
2798.000000 0.073170
2799.000000 0.057151
2800.000000 0.101378
2801.000000 0.316393
2802.000000 0.127696
2803.000000 0.234201
2804.000000 0.099568
2805.000000 0.088866
2806.000000 0.217623
2807.000000 0.065996
2808.000000 0.104276
2809.000000 0.118037
2810.000000 0.199071
2811.000000 0.184993
2812.000000 0.039296
2813.000000 0.095139
2814.000000 0.152236
2815.000000 0.041191
2816.000000 0.046356
2817.000000 0.092908
2818.000000 0.190954
2819.000000 0.133887
2820.000000 0.055209
2821.000000 0.066140
2822.000000 0.127272
2823.000000 0.006024
2824.000000 0.090016
2825.000000 0.133932
2826.000000 0.059245
2827.000000 0.111731
2828.000000 0.216944
2829.000000 0.067191
2830.000000 0.124913
2831.000000 0.040126
2832.000000 0.231248
2833.000000 0.238489
2834.000000 0.253998
2835.000000 0.112924
2836.000000 0.085025
2837.000000 0.131841
2838.000000 0.204076
2839.000000 0.069734
2840.000000 0.195250
2841.000000 0.081812
2842.000000 0.027924
2843.000000 0.062277
2844.000000 0.111163
2845.000000 0.079652
2846.000000 0.116404
2847.000000 0.082532
2848.000000 0.149284
2849.000000 0.149078
2850.000000 0.108392
2851.000000 0.060181
2852.000000 0.075129
2853.000000 0.093403
2854.000000 0.062975
2855.000000 0.112899
2856.000000 0.125366
2857.000000 0.162719
2858.000000 0.196494
2859.000000 0.129209
2860.000000 0.082497
2861.000000 0.048100
2862.000000 0.028076
2863.000000 0.064169
2864.000000 0.094404
2865.000000 0.064513
2866.000000 0.135332
2867.000000 0.105152
2868.000000 0.034875
2869.000000 0.263058
2870.000000 0.168559
2871.000000 0.155364
2872.000000 0.229917
2873.000000 0.121298
2874.000000 0.036428
2875.000000 0.152522
2876.000000 0.104302
2877.000000 0.081118
2878.000000 0.055775
2879.000000 0.086351
2880.000000 0.072679
2881.000000 0.203246
2882.000000 0.145658
2883.000000 0.142433
2884.000000 0.072844
2885.000000 0.118213
2886.000000 0.219262
2887.000000 0.033173
2888.000000 0.137970
2889.000000 0.065979
2890.000000 0.144952
2891.000000 0.222212
2892.000000 0.217890
2893.000000 0.024120
2894.000000 0.192974
2895.000000 0.239085
2896.000000 0.095588
2897.000000 0.063509
2898.000000 0.315629
2899.000000 0.065595
2900.000000 0.065012
2901.000000 0.074796
2902.000000 0.183133
2903.000000 0.117501
2904.000000 0.135212
2905.000000 0.267204
2906.000000 0.123871
2907.000000 0.143063
2908.000000 0.025085
2909.000000 0.259855
2910.000000 0.099437
2911.000000 0.045969
2912.000000 0.009110
2913.000000 0.098876
2914.000000 0.078442
2915.000000 0.199809
2916.000000 0.061422
2917.000000 0.122328
2918.000000 0.262206
2919.000000 0.125502
2920.000000 0.276902
2921.000000 0.128801
2922.000000 0.098880
2923.000000 0.116521
2924.000000 0.090919
2925.000000 0.106218
2926.000000 0.150883
2927.000000 0.124738
2928.000000 0.164140
2929.000000 0.077551
2930.000000 0.062672
2931.000000 0.085519
2932.000000 0.043168
2933.000000 0.185260
2934.000000 0.140166
2935.000000 0.101670
2936.000000 0.122753
2937.000000 0.143998
2938.000000 0.202269
2939.000000 0.194092
2940.000000 0.099421
2941.000000 0.236837
2942.000000 0.164177
2943.000000 0.198620
2944.000000 0.127259
2945.000000 0.102308
2946.000000 0.037635
2947.000000 0.099312
2948.000000 0.050356
2949.000000 0.155888
2950.000000 0.043077
2951.000000 0.094782
2952.000000 0.155365
2953.000000 0.040264
2954.000000 0.093377
2955.000000 0.055487
2956.000000 0.035451
2957.000000 0.134751
2958.000000 0.142130
2959.000000 0.097719
2960.000000 0.125853
2961.000000 0.126311
2962.000000 0.102121
2963.000000 0.240193
2964.000000 0.305430
2965.000000 0.089056
2966.000000 0.082085
2967.000000 0.071905
2968.000000 0.085372
2969.000000 0.130556
2970.000000 0.096577
2971.000000 0.104694
2972.000000 0.079116
2973.000000 0.083424
2974.000000 0.154307
2975.000000 0.111880
2976.000000 0.132512
2977.000000 0.136553
2978.000000 0.121761
2979.000000 0.229581
2980.000000 0.145844
2981.000000 0.123865
2982.000000 0.179043
2983.000000 0.180251
2984.000000 0.140696
2985.000000 0.038306
2986.000000 0.087284
2987.000000 0.136996
2988.000000 0.178252
2989.000000 0.013625
2990.000000 0.216063
2991.000000 0.188721
2992.000000 0.080854
2993.000000 0.055967
2994.000000 0.095589
2995.000000 0.183681
2996.000000 0.259865
2997.000000 0.250020
2998.000000 0.188849
2999.000000 0.066054
3000.000000 0.083626
