0.000000 0.307626
1.000000 0.199001
2.000000 0.318028
3.000000 0.315468
4.000000 0.140322
5.000000 0.334364
6.000000 0.309681
7.000000 0.250283
8.000000 0.204657
9.000000 0.564312
10.000000 0.138880
11.000000 0.440253
12.000000 0.450534
13.000000 0.349683
14.000000 0.320388
15.000000 0.328500
16.000000 0.328073
17.000000 0.372594
18.000000 0.422333
19.000000 0.144993
20.000000 0.538619
21.000000 0.289040
22.000000 0.103413
23.000000 0.118811
24.000000 0.544536
25.000000 0.492333
26.000000 0.172259
27.000000 0.560477
28.000000 0.333222
29.000000 0.261913
30.000000 0.486682
31.000000 0.572833
32.000000 0.390673
33.000000 0.220822
34.000000 0.548323
35.000000 0.561807
36.000000 0.694060
37.000000 0.123825
38.000000 0.035377
39.000000 0.366070
40.000000 0.403529
41.000000 0.243442
42.000000 0.182929
43.000000 0.113821
44.000000 0.503553
45.000000 0.338408
46.000000 0.586051
47.000000 0.377274
48.000000 0.517770
49.000000 0.270453
50.000000 0.474861
51.000000 0.275322
52.000000 0.179124
53.000000 0.365479
54.000000 0.227090
55.000000 0.574063
56.000000 0.146548
57.000000 0.322857
58.000000 0.255470
59.000000 0.260236
60.000000 0.345881
61.000000 0.492674
62.000000 0.334433
63.000000 0.405729
64.000000 0.381665
65.000000 0.243964
66.000000 0.089990
67.000000 0.542327
68.000000 0.211526
69.000000 0.612741
70.000000 0.713639
71.000000 0.291515
72.000000 0.535782
73.000000 0.371626
74.000000 0.293003
75.000000 0.148384
76.000000 0.277427
77.000000 0.311619
78.000000 0.495528
79.000000 0.423606
80.000000 0.192229
81.000000 0.200954
82.000000 0.335210
83.000000 0.368717
84.000000 0.051525
85.000000 0.621541
86.000000 0.180457
87.000000 0.350296
88.000000 0.213015
89.000000 0.343082
90.000000 0.309613
91.000000 0.504328
92.000000 0.425236
93.000000 0.109920
94.000000 0.101753
95.000000 0.236712
96.000000 0.325057
97.000000 0.103846
98.000000 0.494122
99.000000 0.521877
100.000000 0.304112
101.000000 0.463401
102.000000 0.139056
103.000000 0.299438
104.000000 0.576107
105.000000 0.446373
106.000000 0.506096
107.000000 0.354280
108.000000 0.436345
109.000000 0.110478
110.000000 0.194696
111.000000 0.284795
112.000000 0.232214
113.000000 0.577218
114.000000 0.662009
115.000000 0.492807
116.000000 0.201944
117.000000 0.458727
118.000000 0.525187
119.000000 0.272245
120.000000 0.195589
121.000000 0.128767
122.000000 0.525635
123.000000 0.319298
124.000000 0.546847
125.000000 0.293099
126.000000 0.130998
127.000000 0.290722
128.000000 0.182868
129.000000 0.315942
130.000000 0.304578
131.000000 0.274431
132.000000 0.481356
133.000000 0.194772
134.000000 0.087563
135.000000 0.054703
136.000000 0.234564
137.000000 0.217596
138.000000 0.469550
139.000000 0.414439
140.000000 0.143942
141.000000 0.191613
142.000000 0.288253
143.000000 0.318674
144.000000 0.455982
145.000000 0.206184
146.000000 0.335595
147.000000 0.081195
148.000000 0.516532
149.000000 0.432030
150.000000 0.331127
151.000000 0.329622
152.000000 0.379147
153.000000 0.146681
154.000000 0.546745
155.000000 0.215512
156.000000 0.092312
157.000000 0.515450
158.000000 0.168980
159.000000 0.107411
160.000000 0.425642
161.000000 0.456840
162.000000 0.129505
163.000000 0.541579
164.000000 0.368946
165.000000 0.254957
166.000000 0.441160
167.000000 0.331146
168.000000 0.188064
169.000000 0.326952
170.000000 0.508497
171.000000 0.710520
172.000000 0.201527
173.000000 0.290048
174.000000 0.189229
175.000000 0.384365
176.000000 0.544485
177.000000 0.092139
178.000000 0.342365
179.000000 0.398899
180.000000 0.426218
181.000000 0.295261
182.000000 0.073582
183.000000 0.224367
184.000000 0.398313
185.000000 0.096540
186.000000 0.149208
187.000000 0.298070
188.000000 0.596829
189.000000 0.369323
190.000000 0.048337
191.000000 0.280465
192.000000 0.529900
193.000000 0.535894
194.000000 0.396680
195.000000 0.434613
196.000000 0.258105
197.000000 0.385654
198.000000 0.600162
199.000000 0.308190
200.000000 0.468855
201.000000 0.305801
202.000000 0.222603
203.000000 0.443991
204.000000 0.370890
205.000000 0.605635
206.000000 0.198146
207.000000 0.138210
208.000000 0.012776
209.000000 0.093319
210.000000 0.348501
211.000000 0.117908
212.000000 0.387709
213.000000 0.337285
214.000000 0.637192
215.000000 0.214390
216.000000 0.141343
217.000000 0.257278
218.000000 0.056419
219.000000 0.175974
220.000000 0.397651
221.000000 0.408038
222.000000 0.115420
223.000000 0.470171
224.000000 0.437144
225.000000 0.242557
226.000000 0.043663
227.000000 0.247223
228.000000 0.387726
229.000000 0.259690
230.000000 0.225846
231.000000 0.207426
232.000000 0.233301
233.000000 0.211267
234.000000 0.405285
235.000000 0.494271
236.000000 0.286640
237.000000 0.328122
238.000000 0.524074
239.000000 0.342285
240.000000 0.214888
241.000000 0.435616
242.000000 0.634652
243.000000 0.830140
244.000000 0.302630
245.000000 0.451505
246.000000 0.446679
247.000000 0.314552
248.000000 0.124016
249.000000 0.486134
250.000000 0.366971
251.000000 0.381098
252.000000 0.328867
253.000000 0.519482
254.000000 0.419664
255.000000 0.188442
256.000000 0.638969
257.000000 0.098569
258.000000 0.174428
259.000000 0.230113
260.000000 0.328675
261.000000 0.737652
262.000000 0.507252
263.000000 0.340336
264.000000 0.452792
265.000000 0.242284
266.000000 0.492040
267.000000 0.356901
268.000000 0.599036
269.000000 0.166287
270.000000 0.192101
271.000000 0.147214
272.000000 0.229785
273.000000 0.297570
274.000000 0.422506
275.000000 0.524389
276.000000 0.136191
277.000000 0.077498
278.000000 0.285490
279.000000 0.571632
280.000000 0.167103
281.000000 0.339409
282.000000 0.302845
283.000000 0.658979
284.000000 0.343346
285.000000 0.654495
286.000000 0.691131
287.000000 0.328419
288.000000 0.399511
289.000000 0.414094
290.000000 0.409213
291.000000 0.232464
292.000000 0.254335
293.000000 0.178488
294.000000 0.315963
295.000000 0.406819
296.000000 0.208058
297.000000 0.510617
298.000000 0.214192
299.000000 0.635607
300.000000 0.587267
301.000000 0.336915
302.000000 0.327114
303.000000 0.369062
304.000000 0.122760
305.000000 0.507067
306.000000 0.020640
307.000000 0.265530
308.000000 0.223671
309.000000 0.209908
310.000000 0.092623
311.000000 0.582485
312.000000 0.230251
313.000000 0.134759
314.000000 0.453099
315.000000 0.304527
316.000000 0.283199
317.000000 0.608510
318.000000 0.157219
319.000000 0.472092
320.000000 0.067005
321.000000 0.038918
322.000000 0.193551
323.000000 0.236558
324.000000 0.476093
325.000000 0.056542
326.000000 0.146007
327.000000 0.513960
328.000000 0.470917
329.000000 0.134509
330.000000 0.439284
331.000000 0.295291
332.000000 0.261870
333.000000 0.424691
334.000000 0.287615
335.000000 0.409159
336.000000 0.095407
337.000000 0.406594
338.000000 0.111783
339.000000 0.227197
340.000000 0.203476
341.000000 0.416873
342.000000 0.234824
343.000000 0.300667
344.000000 0.363922
345.000000 0.427566
346.000000 0.509158
347.000000 0.313411
348.000000 0.314996
349.000000 0.373460
350.000000 0.308043
351.000000 0.377119
352.000000 0.294634
353.000000 0.459452
354.000000 0.479182
355.000000 0.361443
356.000000 0.232440
357.000000 0.311205
358.000000 0.082465
359.000000 0.456150
360.000000 0.452313
361.000000 0.229288
362.000000 0.299242
363.000000 0.297328
364.000000 0.579482
365.000000 0.627209
366.000000 0.262677
367.000000 0.422549
368.000000 0.305586
369.000000 0.426000
370.000000 0.262291
371.000000 0.149007
372.000000 0.664425
373.000000 0.409739
374.000000 0.059552
375.000000 0.460768
376.000000 0.141988
377.000000 0.169636
378.000000 0.457746
379.000000 0.341268
380.000000 0.420106
381.000000 0.459265
382.000000 0.472059
383.000000 0.250895
384.000000 0.361518
385.000000 0.531304
386.000000 0.366963
387.000000 0.463754
388.000000 0.492357
389.000000 0.277017
390.000000 0.706307
391.000000 0.241794
392.000000 0.190451
393.000000 0.086703
394.000000 0.312236
395.000000 0.445649
396.000000 0.220432
397.000000 0.562049
398.000000 0.181109
399.000000 0.334269
400.000000 0.210996
401.000000 0.231034
402.000000 0.235880
403.000000 0.310124
404.000000 0.408125
405.000000 0.333984
406.000000 0.346079
407.000000 0.454404
408.000000 0.091182
409.000000 0.780036
410.000000 0.357019
411.000000 0.150806
412.000000 0.114409
413.000000 0.129865
414.000000 0.620965
415.000000 0.296203
416.000000 0.292261
417.000000 0.577342
418.000000 0.567505
419.000000 0.329796
420.000000 0.186112
421.000000 0.371354
422.000000 0.316592
423.000000 0.122006
424.000000 0.398928
425.000000 0.608342
426.000000 0.383526
427.000000 0.420398
428.000000 0.228640
429.000000 0.307019
430.000000 0.146722
431.000000 0.100172
432.000000 0.486407
433.000000 0.345998
434.000000 0.288686
435.000000 0.330042
436.000000 0.210669
437.000000 0.388324
438.000000 0.550397
439.000000 0.286219
440.000000 0.496881
441.000000 0.407122
442.000000 0.500784
443.000000 0.433789
444.000000 0.354143
445.000000 0.165572
446.000000 0.476219
447.000000 0.356867
448.000000 0.209937
449.000000 0.287514
450.000000 0.087960
451.000000 0.329328
452.000000 0.352970
453.000000 0.049901
454.000000 0.271029
455.000000 0.603849
456.000000 0.510507
457.000000 0.252364
458.000000 0.449613
459.000000 0.430988
460.000000 0.637069
461.000000 0.387585
462.000000 0.746896
463.000000 0.401164
464.000000 0.299584
465.000000 0.165673
466.000000 0.675265
467.000000 0.202328
468.000000 0.061329
469.000000 0.439732
470.000000 0.363380
471.000000 0.447958
472.000000 0.441199
473.000000 0.231896
474.000000 0.249551
475.000000 0.348199
476.000000 0.508129
477.000000 0.551253
478.000000 0.614841
479.000000 0.469775
480.000000 0.092665
481.000000 0.401344
482.000000 0.291431
483.000000 0.473198
484.000000 0.724726
485.000000 0.377321
486.000000 0.251887
487.000000 0.496608
488.000000 0.166936
489.000000 0.114454
490.000000 0.393989
491.000000 0.475982
492.000000 0.548540
493.000000 0.537046
494.000000 0.227949
495.000000 0.163196
496.000000 0.195884
497.000000 0.212388
498.000000 0.328018
499.000000 0.240985
500.000000 0.391467
501.000000 0.395698
502.000000 0.344053
503.000000 0.469002
504.000000 0.087767
505.000000 0.150692
506.000000 0.606525
507.000000 0.552163
508.000000 0.506503
509.000000 0.347034
510.000000 0.404448
511.000000 0.164869
512.000000 0.273326
513.000000 0.204974
514.000000 0.296329
515.000000 0.400300
516.000000 0.146451
517.000000 0.121206
518.000000 0.305627
519.000000 0.312505
520.000000 0.392651
521.000000 0.273711
522.000000 0.470464
523.000000 0.335232
524.000000 0.094058
525.000000 0.239131
526.000000 0.224160
527.000000 0.036016
528.000000 0.572413
529.000000 0.124423
530.000000 0.403702
531.000000 0.359664
532.000000 0.242770
533.000000 0.199801
534.000000 0.480047
535.000000 0.225480
536.000000 0.307184
537.000000 0.475458
538.000000 0.602500
539.000000 0.613673
540.000000 0.348708
541.000000 0.121593
542.000000 0.279768
543.000000 0.662063
544.000000 0.326034
545.000000 0.300353
546.000000 0.251093
547.000000 0.604058
548.000000 0.636576
549.000000 0.389767
550.000000 0.172730
551.000000 0.130517
552.000000 0.114943
553.000000 0.202683
554.000000 0.384907
555.000000 0.364766
556.000000 0.226739
557.000000 0.494559
558.000000 0.427009
559.000000 0.363536
560.000000 0.167901
561.000000 0.443608
562.000000 0.185903
563.000000 0.168096
564.000000 0.260314
565.000000 0.523683
566.000000 0.407128
567.000000 0.228565
568.000000 0.396834
569.000000 0.134827
570.000000 0.389200
571.000000 0.357254
572.000000 0.298634
573.000000 0.132086
574.000000 0.546868
575.000000 0.096933
576.000000 0.090833
577.000000 0.428676
578.000000 0.069153
579.000000 0.675786
580.000000 0.669896
581.000000 0.273897
582.000000 0.092905
583.000000 0.365609
584.000000 0.114301
585.000000 0.198207
586.000000 0.142016
587.000000 0.077005
588.000000 0.526107
589.000000 0.171729
590.000000 0.255696
591.000000 0.467321
592.000000 0.148378
593.000000 0.647322
594.000000 0.325374
595.000000 0.382915
596.000000 0.389519
597.000000 0.404619
598.000000 0.060922
599.000000 0.118378
600.000000 0.331318
601.000000 0.454723
602.000000 0.412475
603.000000 0.657775
604.000000 0.044515
605.000000 0.450713
606.000000 0.045063
607.000000 0.315794
608.000000 0.074927
609.000000 0.385592
610.000000 0.087943
611.000000 0.247640
612.000000 0.066789
613.000000 0.273218
614.000000 0.407512
615.000000 0.319761
616.000000 0.269126
617.000000 0.232137
618.000000 0.139736
619.000000 0.252253
620.000000 0.227706
621.000000 0.267322
622.000000 0.356668
623.000000 0.465923
624.000000 0.644099
625.000000 0.130580
626.000000 0.474821
627.000000 0.335001
628.000000 0.356346
629.000000 0.337694
630.000000 0.435912
631.000000 0.478164
632.000000 0.551891
633.000000 0.247080
634.000000 0.627307
635.000000 0.318563
636.000000 0.108165
637.000000 0.612059
638.000000 0.256883
639.000000 0.239695
640.000000 0.231344
641.000000 0.238941
642.000000 0.155694
643.000000 0.414489
644.000000 0.369958
645.000000 0.264620
646.000000 0.576440
647.000000 0.535082
648.000000 0.106847
649.000000 0.258532
650.000000 0.047928
651.000000 0.534413
652.000000 0.312760
653.000000 0.184434
654.000000 0.064663
655.000000 0.446149
656.000000 0.585843
657.000000 0.506042
658.000000 0.550430
659.000000 0.584910
660.000000 0.312047
661.000000 0.258667
662.000000 0.298454
663.000000 0.189031
664.000000 0.489098
665.000000 0.441679
666.000000 0.128805
667.000000 0.114436
668.000000 0.253340
669.000000 0.367043
670.000000 0.256750
671.000000 0.161556
672.000000 0.548786
673.000000 0.578037
674.000000 0.699994
675.000000 0.257288
676.000000 0.249010
677.000000 0.071372
678.000000 0.346687
679.000000 0.256194
680.000000 0.286490
681.000000 0.300191
682.000000 0.317699
683.000000 0.213948
684.000000 0.197194
685.000000 0.296091
686.000000 0.373903
687.000000 0.460207
688.000000 0.090456
689.000000 0.301972
690.000000 0.468821
691.000000 0.364796
692.000000 0.116658
693.000000 0.300175
694.000000 0.448552
695.000000 0.440934
696.000000 0.165704
697.000000 0.173572
698.000000 0.130645
699.000000 0.438086
700.000000 0.386012
701.000000 0.243370
702.000000 0.338490
703.000000 0.163208
704.000000 0.161612
705.000000 0.331474
706.000000 0.296979
707.000000 0.500582
708.000000 0.284506
709.000000 0.250495
710.000000 0.300203
711.000000 0.046104
712.000000 0.364598
713.000000 0.253477
714.000000 0.649633
715.000000 0.568094
716.000000 0.490943
717.000000 0.335312
718.000000 0.335676
719.000000 0.137181
720.000000 0.318866
721.000000 0.405896
722.000000 0.235775
723.000000 0.207145
724.000000 0.271053
725.000000 0.479840
726.000000 0.579128
727.000000 0.396321
728.000000 0.296308
729.000000 0.209177
730.000000 0.602601
731.000000 0.468387
732.000000 0.192347
733.000000 0.071385
734.000000 0.152477
735.000000 0.313103
736.000000 0.280188
737.000000 0.194767
738.000000 0.533149
739.000000 0.270249
740.000000 0.161669
741.000000 0.545669
742.000000 0.715990
743.000000 0.189325
744.000000 0.085730
745.000000 0.240488
746.000000 0.556400
747.000000 0.033343
748.000000 0.351677
749.000000 0.157491
750.000000 0.040772
751.000000 0.607713
752.000000 0.324284
753.000000 0.411876
754.000000 0.454116
755.000000 0.050354
756.000000 0.341460
757.000000 0.360853
758.000000 0.297215
759.000000 0.516723
760.000000 0.367446
761.000000 0.255352
762.000000 0.131173
763.000000 0.239275
764.000000 0.321199
765.000000 0.352756
766.000000 0.195419
767.000000 0.264827
768.000000 0.197784
769.000000 0.479296
770.000000 0.270135
771.000000 0.189212
772.000000 0.462289
773.000000 0.309314
774.000000 0.315740
775.000000 0.349565
776.000000 0.484998
777.000000 0.151223
778.000000 0.404300
779.000000 0.064132
780.000000 0.222399
781.000000 0.306086
782.000000 0.064758
783.000000 0.139921
784.000000 0.311662
785.000000 0.376742
786.000000 0.273129
787.000000 0.207967
788.000000 0.222301
789.000000 0.425452
790.000000 0.260372
791.000000 0.443599
792.000000 0.379272
793.000000 0.332874
794.000000 0.126487
795.000000 0.083349
796.000000 0.323887
797.000000 0.314686
798.000000 0.271354
799.000000 0.599070
800.000000 0.181500
801.000000 0.524029
802.000000 0.186297
803.000000 0.468959
804.000000 0.263599
805.000000 0.113647
806.000000 0.361412
807.000000 0.239231
808.000000 0.293936
809.000000 0.034590
810.000000 0.301269
811.000000 0.502137
812.000000 0.030593
813.000000 0.243806
814.000000 0.434343
815.000000 0.097176
816.000000 0.139906
817.000000 0.132299
818.000000 0.742020
819.000000 0.467118
820.000000 0.228166
821.000000 0.173292
822.000000 0.390969
823.000000 0.097210
824.000000 0.319650
825.000000 0.043872
826.000000 0.310238
827.000000 0.246364
828.000000 0.598771
829.000000 0.534808
830.000000 0.308081
831.000000 0.306645
832.000000 0.186441
833.000000 0.398676
834.000000 0.089707
835.000000 0.295165
836.000000 0.116256
837.000000 0.465940
838.000000 0.212035
839.000000 0.485987
840.000000 0.302611
841.000000 0.289259
842.000000 0.124553
843.000000 0.384911
844.000000 0.500022
845.000000 0.407943
846.000000 0.071259
847.000000 0.361321
848.000000 0.167081
849.000000 0.079830
850.000000 0.540105
851.000000 0.192221
852.000000 0.396122
853.000000 0.246089
854.000000 0.294789
855.000000 0.451426
856.000000 0.188158
857.000000 0.300952
858.000000 0.330169
859.000000 0.360514
860.000000 0.023630
861.000000 0.371407
862.000000 0.228483
863.000000 0.214385
864.000000 0.792279
865.000000 0.297273
866.000000 0.093802
867.000000 0.164076
868.000000 0.130154
869.000000 0.281139
870.000000 0.293569
871.000000 0.052823
872.000000 0.225606
873.000000 0.018162
874.000000 0.055115
875.000000 0.277991
876.000000 0.640538
877.000000 0.595076
878.000000 0.467455
879.000000 0.712933
880.000000 0.346662
881.000000 0.178660
882.000000 0.209726
883.000000 0.360497
884.000000 0.551793
885.000000 0.594374
886.000000 0.435133
887.000000 0.400686
888.000000 0.272724
889.000000 0.495933
890.000000 0.531363
891.000000 0.166364
892.000000 0.594218
893.000000 0.393780
894.000000 0.225282
895.000000 0.406320
896.000000 0.595861
897.000000 0.277860
898.000000 0.182096
899.000000 0.242975
900.000000 0.300394
901.000000 0.060410
902.000000 0.179882
903.000000 0.334072
904.000000 0.213163
905.000000 0.070647
906.000000 0.158180
907.000000 0.217460
908.000000 0.055758
909.000000 0.356558
910.000000 0.240366
911.000000 0.403156
912.000000 0.690490
913.000000 0.410987
914.000000 0.477576
915.000000 0.100468
916.000000 0.120072
917.000000 0.137874
918.000000 0.322204
919.000000 0.455537
920.000000 0.358428
921.000000 0.226929
922.000000 0.252899
923.000000 0.498962
924.000000 0.201312
925.000000 0.475993
926.000000 0.219867
927.000000 0.379316
928.000000 0.350553
929.000000 0.255453
930.000000 0.264850
931.000000 0.399159
932.000000 0.565303
933.000000 0.254689
934.000000 0.492226
935.000000 0.349934
936.000000 0.204415
937.000000 0.545777
938.000000 0.148781
939.000000 0.489235
940.000000 0.490173
941.000000 0.354975
942.000000 0.426408
943.000000 0.448177
944.000000 0.405668
945.000000 0.179790
946.000000 0.617621
947.000000 0.475915
948.000000 0.578184
949.000000 0.349349
950.000000 0.487822
951.000000 0.414238
952.000000 0.031766
953.000000 0.447524
954.000000 0.552358
955.000000 0.086171
956.000000 0.256944
957.000000 0.439102
958.000000 0.085691
959.000000 0.564697
960.000000 0.365544
961.000000 0.618484
962.000000 0.209798
963.000000 0.145254
964.000000 0.024368
965.000000 0.413966
966.000000 0.080815
967.000000 0.456878
968.000000 0.134364
969.000000 0.191131
970.000000 0.546747
971.000000 0.420934
972.000000 0.383694
973.000000 0.315853
974.000000 0.360572
975.000000 0.451705
976.000000 0.238654
977.000000 0.082329
978.000000 0.304525
979.000000 0.293632
980.000000 0.080966
981.000000 0.059773
982.000000 0.340556
983.000000 0.060808
984.000000 0.083324
985.000000 0.152324
986.000000 0.297484
987.000000 0.097402
988.000000 0.279806
989.000000 0.408312
990.000000 0.018421
991.000000 0.325235
992.000000 0.052773
993.000000 0.057050
994.000000 0.364705
995.000000 0.524346
996.000000 0.455451
997.000000 0.075922
998.000000 0.256574
999.000000 0.124966
1000.000000 0.258246
1001.000000 0.313300
1002.000000 0.293921
1003.000000 0.596422
1004.000000 0.518003
1005.000000 0.632180
1006.000000 0.179474
1007.000000 0.478164
1008.000000 0.549183
1009.000000 0.283901
1010.000000 0.162512
1011.000000 0.129231
1012.000000 0.120014
1013.000000 0.317139
1014.000000 0.294227
1015.000000 0.256398
1016.000000 0.397462
1017.000000 0.068029
1018.000000 0.053528
1019.000000 0.131349
1020.000000 0.331245
1021.000000 0.140432
1022.000000 0.331912
1023.000000 0.580168
1024.000000 0.125582
1025.000000 0.518617
1026.000000 0.299434
1027.000000 0.121870
1028.000000 0.437567
1029.000000 0.305782
1030.000000 0.332603
1031.000000 0.289770
1032.000000 0.084826
1033.000000 0.395649
1034.000000 0.188087
1035.000000 0.323026
1036.000000 0.199550
1037.000000 0.067319
1038.000000 0.405204
1039.000000 0.093264
1040.000000 0.214660
1041.000000 0.342274
1042.000000 0.468613
1043.000000 0.308662
1044.000000 0.418251
1045.000000 0.673348
1046.000000 0.057231
1047.000000 0.718707
1048.000000 0.769337
1049.000000 0.447311
1050.000000 0.746300
1051.000000 0.011489
1052.000000 0.524056
1053.000000 0.623584
1054.000000 0.234162
1055.000000 0.469943
1056.000000 0.385202
1057.000000 0.064199
1058.000000 0.118392
1059.000000 0.390766
1060.000000 0.166950
1061.000000 0.274277
1062.000000 0.095345
1063.000000 0.198933
1064.000000 0.099313
1065.000000 0.219801
1066.000000 0.275968
1067.000000 0.443018
1068.000000 0.147718
1069.000000 0.225768
1070.000000 0.530633
1071.000000 0.204568
1072.000000 0.471782
1073.000000 0.621515
1074.000000 0.429859
1075.000000 0.578137
1076.000000 0.207743
1077.000000 0.323713
1078.000000 0.310485
1079.000000 0.432741
1080.000000 0.304815
1081.000000 0.464799
1082.000000 0.176673
1083.000000 0.216633
1084.000000 0.077789
1085.000000 0.291052
1086.000000 0.464449
1087.000000 0.085968
1088.000000 0.294275
1089.000000 0.231282
1090.000000 0.253321
1091.000000 0.229900
1092.000000 0.379649
1093.000000 0.267888
1094.000000 0.042768
1095.000000 0.265047
1096.000000 0.340239
1097.000000 0.598041
1098.000000 0.497373
1099.000000 0.686161
1100.000000 0.243938
1101.000000 0.515102
1102.000000 0.419300
1103.000000 0.539209
1104.000000 0.751113
1105.000000 0.117059
1106.000000 0.451800
1107.000000 0.163918
1108.000000 0.400087
1109.000000 0.428268
1110.000000 0.294721
1111.000000 0.420068
1112.000000 0.362157
1113.000000 0.334704
1114.000000 0.442628
1115.000000 0.309994
1116.000000 0.575128
1117.000000 0.227200
1118.000000 0.421298
1119.000000 0.342342
1120.000000 0.313338
1121.000000 0.230110
1122.000000 0.272070
1123.000000 0.201517
1124.000000 0.287215
1125.000000 0.321541
1126.000000 0.415376
1127.000000 0.134752
1128.000000 0.348504
1129.000000 0.127182
1130.000000 0.223974
1131.000000 0.481032
1132.000000 0.292113
1133.000000 0.275512
1134.000000 0.201022
1135.000000 0.583215
1136.000000 0.553016
1137.000000 0.290928
1138.000000 0.722725
1139.000000 0.302502
1140.000000 0.763186
1141.000000 0.311562
1142.000000 0.077099
1143.000000 0.281017
1144.000000 0.422462
1145.000000 0.190224
1146.000000 0.188073
1147.000000 0.089444
1148.000000 0.019681
1149.000000 0.279973
1150.000000 0.589356
1151.000000 0.463084
1152.000000 0.495421
1153.000000 0.558457
1154.000000 0.439625
1155.000000 0.524470
1156.000000 0.132367
1157.000000 0.483711
1158.000000 0.182448
1159.000000 0.274359
1160.000000 0.449643
1161.000000 0.250525
1162.000000 0.404377
1163.000000 0.520825
1164.000000 0.084693
1165.000000 0.038438
1166.000000 0.275272
1167.000000 0.469846
1168.000000 0.201706
1169.000000 0.615768
1170.000000 0.157468
1171.000000 0.267510
1172.000000 0.594428
1173.000000 0.377179
1174.000000 0.241331
1175.000000 0.281871
1176.000000 0.438371
1177.000000 0.286774
1178.000000 0.194560
1179.000000 0.304053
1180.000000 0.412162
1181.000000 0.122080
1182.000000 0.273372
1183.000000 0.311551
1184.000000 0.092897
1185.000000 0.336392
1186.000000 0.217505
1187.000000 0.185242
1188.000000 0.017105
1189.000000 0.185919
1190.000000 0.233353
1191.000000 0.416519
1192.000000 0.080720
1193.000000 0.150355
1194.000000 0.342352
1195.000000 0.065240
1196.000000 0.319687
1197.000000 0.265250
1198.000000 0.093586
1199.000000 0.444630
1200.000000 0.233732
1201.000000 0.178676
1202.000000 0.482000
1203.000000 0.228323
1204.000000 0.502690
1205.000000 0.315718
1206.000000 0.179457
1207.000000 0.461782
1208.000000 0.560279
1209.000000 0.277807
1210.000000 0.454219
1211.000000 0.109758
1212.000000 0.044026
1213.000000 0.432415
1214.000000 0.134536
1215.000000 0.358375
1216.000000 0.392326
1217.000000 0.114016
1218.000000 0.277717
1219.000000 0.347672
1220.000000 0.144870
1221.000000 0.056644
1222.000000 0.291264
1223.000000 0.139144
1224.000000 0.590493
1225.000000 0.415043
1226.000000 0.270032
1227.000000 0.267109
1228.000000 0.575893
1229.000000 0.082871
1230.000000 0.212239
1231.000000 0.404482
1232.000000 0.146555
1233.000000 0.240095
1234.000000 0.323690
1235.000000 0.271543
1236.000000 0.457752
1237.000000 0.429359
1238.000000 0.300147
1239.000000 0.138874
1240.000000 0.584658
1241.000000 0.141911
1242.000000 0.078304
1243.000000 0.523294
1244.000000 0.253552
1245.000000 0.332338
1246.000000 0.235658
1247.000000 0.209303
1248.000000 0.285651
1249.000000 0.300143
1250.000000 0.563573
1251.000000 0.165931
1252.000000 0.428909
1253.000000 0.153316
1254.000000 0.118260
1255.000000 0.343874
1256.000000 0.289022
1257.000000 0.568507
1258.000000 0.083772
1259.000000 0.510676
1260.000000 0.201602
1261.000000 0.087786
1262.000000 0.248072
1263.000000 0.390735
1264.000000 0.284727
1265.000000 0.286275
1266.000000 0.608348
1267.000000 0.366757
1268.000000 0.272622
1269.000000 0.391258
1270.000000 0.288289
1271.000000 0.231295
1272.000000 0.444135
1273.000000 0.207759
1274.000000 0.189309
1275.000000 0.530765
1276.000000 0.296304
1277.000000 0.435694
1278.000000 0.110307
1279.000000 0.309890
1280.000000 0.412711
1281.000000 0.270323
1282.000000 0.499634
1283.000000 0.419528
1284.000000 0.630366
1285.000000 0.719950
1286.000000 0.598437
1287.000000 0.410855
1288.000000 0.427303
1289.000000 0.077057
1290.000000 0.479769
1291.000000 0.514381
1292.000000 0.156807
1293.000000 0.559307
1294.000000 0.141155
1295.000000 0.273307
1296.000000 0.376536
1297.000000 0.345044
1298.000000 0.251160
1299.000000 0.086449
1300.000000 0.147173
1301.000000 0.060626
1302.000000 0.295625
1303.000000 0.365090
1304.000000 0.452594
1305.000000 0.271264
1306.000000 0.185212
1307.000000 0.770316
1308.000000 0.178272
1309.000000 0.418105
1310.000000 0.421421
1311.000000 0.342601
1312.000000 0.494659
1313.000000 0.195682
1314.000000 0.164504
1315.000000 0.466684
1316.000000 0.254958
1317.000000 0.442207
1318.000000 0.235290
1319.000000 0.101334
1320.000000 0.327028
1321.000000 0.053173
1322.000000 0.224055
1323.000000 0.262453
1324.000000 0.429899
1325.000000 0.518379
1326.000000 0.292211
1327.000000 0.070017
1328.000000 0.348226
1329.000000 0.207983
1330.000000 0.263315
1331.000000 0.271373
1332.000000 0.630576
1333.000000 0.133576
1334.000000 0.464170
1335.000000 0.102941
1336.000000 0.422538
1337.000000 0.388521
1338.000000 0.342582
1339.000000 0.429557
1340.000000 0.343651
1341.000000 0.242496
1342.000000 0.148836
1343.000000 0.314464
1344.000000 0.047447
1345.000000 0.447872
1346.000000 0.280257
1347.000000 0.178265
1348.000000 0.521423
1349.000000 0.263634
1350.000000 0.438006
1351.000000 0.458322
1352.000000 0.627980
1353.000000 0.340098
1354.000000 0.364334
1355.000000 0.457781
1356.000000 0.336176
1357.000000 0.449266
1358.000000 0.235268
1359.000000 0.686073
1360.000000 0.435821
1361.000000 0.117850
1362.000000 0.350370
1363.000000 0.340910
1364.000000 0.375651
1365.000000 0.301533
1366.000000 0.595307
1367.000000 0.305105
1368.000000 0.363676
1369.000000 0.270060
1370.000000 0.538098
1371.000000 0.424772
1372.000000 0.548142
1373.000000 0.627014
1374.000000 0.243797
1375.000000 0.147348
1376.000000 0.102801
1377.000000 0.319877
1378.000000 0.061634
1379.000000 0.546320
1380.000000 0.470678
1381.000000 0.257277
1382.000000 0.535948
1383.000000 0.518678
1384.000000 0.239080
1385.000000 0.085573
1386.000000 0.437411
1387.000000 0.476625
1388.000000 0.295678
1389.000000 0.064952
1390.000000 0.119114
1391.000000 0.402316
1392.000000 0.439688
1393.000000 0.354207
1394.000000 0.246659
1395.000000 0.386389
1396.000000 0.445385
1397.000000 0.386974
1398.000000 0.062334
1399.000000 0.183782
1400.000000 0.321644
1401.000000 0.102866
1402.000000 0.292004
1403.000000 0.307330
1404.000000 0.487397
1405.000000 0.367429
1406.000000 0.136022
1407.000000 0.121362
1408.000000 0.373090
1409.000000 0.135242
1410.000000 0.454256
1411.000000 0.045488
1412.000000 0.436438
1413.000000 0.535853
1414.000000 0.044309
1415.000000 0.573898
1416.000000 0.115647
1417.000000 0.150111
1418.000000 0.553713
1419.000000 0.260943
1420.000000 0.263850
1421.000000 0.146708
1422.000000 0.333009
1423.000000 0.256056
1424.000000 0.066679
1425.000000 0.226593
1426.000000 0.352855
1427.000000 0.278447
1428.000000 0.233292
1429.000000 0.214744
1430.000000 0.403016
1431.000000 0.331337
1432.000000 0.230625
1433.000000 0.447655
1434.000000 0.135623
1435.000000 0.225989
1436.000000 0.398992
1437.000000 0.333863
1438.000000 0.227493
1439.000000 0.314202
1440.000000 0.339815
1441.000000 0.322531
1442.000000 0.462803
1443.000000 0.207908
1444.000000 0.212863
1445.000000 0.190028
1446.000000 0.496254
1447.000000 0.540057
1448.000000 0.353256
1449.000000 0.152465
1450.000000 0.068622
1451.000000 0.437729
1452.000000 0.239224
1453.000000 0.369851
1454.000000 0.527528
1455.000000 0.659242
1456.000000 0.261347
1457.000000 0.476810
1458.000000 0.302967
1459.000000 0.581909
1460.000000 0.110614
1461.000000 0.303236
1462.000000 0.596428
1463.000000 0.476282
1464.000000 0.392113
1465.000000 0.365033
1466.000000 0.404463
1467.000000 0.257433
1468.000000 0.472909
1469.000000 0.050312
1470.000000 0.483630
1471.000000 0.106920
1472.000000 0.843143
1473.000000 0.268662
1474.000000 0.254167
1475.000000 0.361644
1476.000000 0.288153
1477.000000 0.121900
1478.000000 0.149875
1479.000000 0.392531
1480.000000 0.373888
1481.000000 0.673036
1482.000000 0.162449
1483.000000 0.234581
1484.000000 0.373300
1485.000000 0.363723
1486.000000 0.208323
1487.000000 0.252857
1488.000000 0.340410
1489.000000 0.286791
1490.000000 0.353199
1491.000000 0.119226
1492.000000 0.168142
1493.000000 0.185003
1494.000000 0.230766
1495.000000 0.457812
1496.000000 0.333489
1497.000000 0.516574
1498.000000 0.648122
1499.000000 0.358396
1500.000000 0.443008
1501.000000 0.573462
1502.000000 0.206076
1503.000000 0.285530
1504.000000 0.288078
1505.000000 0.168529
1506.000000 0.162896
1507.000000 0.163719
1508.000000 0.234257
1509.000000 0.154198
1510.000000 0.298900
1511.000000 0.410684
1512.000000 0.198094
1513.000000 0.576780
1514.000000 0.495473
1515.000000 0.495412
1516.000000 0.337830
1517.000000 0.453654
1518.000000 0.513367
1519.000000 0.293900
1520.000000 0.281850
1521.000000 0.124204
1522.000000 0.464728
1523.000000 0.347514
1524.000000 0.367253
1525.000000 0.387071
1526.000000 0.361747
1527.000000 0.224994
1528.000000 0.198240
1529.000000 0.242636
1530.000000 0.122237
1531.000000 0.376044
1532.000000 0.087671
1533.000000 0.100817
1534.000000 0.372868
1535.000000 0.314648
1536.000000 0.370414
1537.000000 0.316958
1538.000000 0.165267
1539.000000 0.291124
1540.000000 0.207518
1541.000000 0.379717
1542.000000 0.164685
1543.000000 0.366350
1544.000000 0.380263
1545.000000 0.285590
1546.000000 0.369461
1547.000000 0.204417
1548.000000 0.575308
1549.000000 0.179366
1550.000000 0.203468
1551.000000 0.461143
1552.000000 0.363498
1553.000000 0.387856
1554.000000 0.256098
1555.000000 0.144689
1556.000000 0.107783
1557.000000 0.362338
1558.000000 0.389155
1559.000000 0.604596
1560.000000 0.171599
1561.000000 0.263333
1562.000000 0.176349
1563.000000 0.332691
1564.000000 0.507311
1565.000000 0.187427
1566.000000 0.083265
1567.000000 0.194867
1568.000000 0.260046
1569.000000 0.216113
1570.000000 0.333458
1571.000000 0.400793
1572.000000 0.324057
1573.000000 0.359360
1574.000000 0.234906
1575.000000 0.299772
1576.000000 0.171730
1577.000000 0.133746
1578.000000 0.261989
1579.000000 0.589747
1580.000000 0.078067
1581.000000 0.315011
1582.000000 0.271031
1583.000000 0.403375
1584.000000 0.494458
1585.000000 0.274367
1586.000000 0.175269
1587.000000 0.219332
1588.000000 0.345347
1589.000000 0.457304
1590.000000 0.201913
1591.000000 0.462392
1592.000000 0.128440
1593.000000 0.274157
1594.000000 0.133897
1595.000000 0.498272
1596.000000 0.428193
1597.000000 0.225001
1598.000000 0.334545
1599.000000 0.396296
1600.000000 0.286982
1601.000000 0.505725
1602.000000 0.655930
1603.000000 0.334528
1604.000000 0.423638
1605.000000 0.264281
1606.000000 0.272793
1607.000000 0.211261
1608.000000 0.431730
1609.000000 0.220088
1610.000000 0.156005
1611.000000 0.034184
1612.000000 0.320672
1613.000000 0.211880
1614.000000 0.250842
1615.000000 0.417695
1616.000000 0.289163
1617.000000 0.147434
1618.000000 0.241528
1619.000000 0.252484
1620.000000 0.312131
1621.000000 0.395632
1622.000000 0.414594
1623.000000 0.193165
1624.000000 0.476145
1625.000000 0.464090
1626.000000 0.144225
1627.000000 0.377539
1628.000000 0.506245
1629.000000 0.375327
1630.000000 0.026383
1631.000000 0.232354
1632.000000 0.446590
1633.000000 0.346085
1634.000000 0.337417
1635.000000 0.105532
1636.000000 0.401398
1637.000000 0.205071
1638.000000 0.196423
1639.000000 0.610687
1640.000000 0.032767
1641.000000 0.459426
1642.000000 0.283750
1643.000000 0.643233
1644.000000 0.601711
1645.000000 0.673535
1646.000000 0.222969
1647.000000 0.180196
1648.000000 0.382657
1649.000000 0.335303
1650.000000 0.216436
1651.000000 0.485594
1652.000000 0.407741
1653.000000 0.488240
1654.000000 0.316625
1655.000000 0.211590
1656.000000 0.245638
1657.000000 0.352932
1658.000000 0.392933
1659.000000 0.557747
1660.000000 0.213862
1661.000000 0.521363
1662.000000 0.462198
1663.000000 0.193665
1664.000000 0.298339
1665.000000 0.375741
1666.000000 0.179671
1667.000000 0.363339
1668.000000 0.378671
1669.000000 0.389905
1670.000000 0.231834
1671.000000 0.482837
1672.000000 0.232781
1673.000000 0.054793
1674.000000 0.502292
1675.000000 0.306630
1676.000000 0.418416
1677.000000 0.269948
1678.000000 0.561398
1679.000000 0.297259
1680.000000 0.154487
1681.000000 0.289443
1682.000000 0.095310
1683.000000 0.489194
1684.000000 0.187904
1685.000000 0.137704
1686.000000 0.611418
1687.000000 0.606762
1688.000000 0.506839
1689.000000 0.191875
1690.000000 0.364768
1691.000000 0.478271
1692.000000 0.470522
1693.000000 0.142074
1694.000000 0.503002
1695.000000 0.344606
1696.000000 0.461414
1697.000000 0.593075
1698.000000 0.332660
1699.000000 0.184692
1700.000000 0.390762
1701.000000 0.424187
1702.000000 0.117689
1703.000000 0.207261
1704.000000 0.592724
1705.000000 0.059055
1706.000000 0.195407
1707.000000 0.262280
1708.000000 0.355962
1709.000000 0.274396
1710.000000 0.337830
1711.000000 0.303818
1712.000000 0.756778
1713.000000 0.679535
1714.000000 0.718629
1715.000000 0.652773
1716.000000 0.570939
1717.000000 0.228269
1718.000000 0.237064
1719.000000 0.136892
1720.000000 0.187846
1721.000000 0.162905
1722.000000 0.229839
1723.000000 0.517183
1724.000000 0.524888
1725.000000 0.201184
1726.000000 0.121362
1727.000000 0.076128
1728.000000 0.535829
1729.000000 0.520674
1730.000000 0.195812
1731.000000 0.162585
1732.000000 0.604169
1733.000000 0.150695
1734.000000 0.561965
1735.000000 0.389546
1736.000000 0.585871
1737.000000 0.446785
1738.000000 0.645853
1739.000000 0.329838
1740.000000 0.420798
1741.000000 0.281950
1742.000000 0.097612
1743.000000 0.486474
1744.000000 0.306472
1745.000000 0.249851
1746.000000 0.204807
1747.000000 0.361706
1748.000000 0.371846
1749.000000 0.257831
1750.000000 0.409279
1751.000000 0.307346
1752.000000 0.398825
1753.000000 0.431497
1754.000000 0.449106
1755.000000 0.442164
1756.000000 0.515619
1757.000000 0.421025
1758.000000 0.399294
1759.000000 0.334434
1760.000000 0.355381
1761.000000 0.174225
1762.000000 0.467869
1763.000000 0.386914
1764.000000 0.648818
1765.000000 0.470103
1766.000000 0.050714
1767.000000 0.191862
1768.000000 0.584169
1769.000000 0.636745
1770.000000 0.140502
1771.000000 0.304424
1772.000000 0.482272
1773.000000 0.251799
1774.000000 0.398609
1775.000000 0.691162
1776.000000 0.293375
1777.000000 0.254404
1778.000000 0.168147
1779.000000 0.641312
1780.000000 0.216741
1781.000000 0.319076
1782.000000 0.421289
1783.000000 0.397523
1784.000000 0.325766
1785.000000 0.056478
1786.000000 0.160748
1787.000000 0.323803
1788.000000 0.030464
1789.000000 0.385999
1790.000000 0.472174
1791.000000 0.391043
1792.000000 0.361235
1793.000000 0.393482
1794.000000 0.142417
1795.000000 0.402378
1796.000000 0.330708
1797.000000 0.389906
1798.000000 0.148874
1799.000000 0.043641
1800.000000 0.268017
1801.000000 0.322873
1802.000000 0.346352
1803.000000 0.311621
1804.000000 0.275454
1805.000000 0.118419
1806.000000 0.421188
1807.000000 0.243832
1808.000000 0.438358
1809.000000 0.236894
1810.000000 0.559915
1811.000000 0.193643
1812.000000 0.354600
1813.000000 0.549556
1814.000000 0.432046
1815.000000 0.362980
1816.000000 0.229561
1817.000000 0.280379
1818.000000 0.373858
1819.000000 0.163870
1820.000000 0.565945
1821.000000 0.593254
1822.000000 0.596645
1823.000000 0.472857
1824.000000 0.522041
1825.000000 0.326880
1826.000000 0.099048
1827.000000 0.646361
1828.000000 0.784964
1829.000000 0.162572
1830.000000 0.277917
1831.000000 0.259008
1832.000000 0.090663
1833.000000 0.085555
1834.000000 0.514300
1835.000000 0.495200
1836.000000 0.233453
1837.000000 0.197972
1838.000000 0.125791
1839.000000 0.202315
1840.000000 0.367082
1841.000000 0.504128
1842.000000 0.691196
1843.000000 0.351747
1844.000000 0.397886
1845.000000 0.221622
1846.000000 0.126129
1847.000000 0.218403
1848.000000 0.088558
1849.000000 0.710208
1850.000000 0.187223
1851.000000 0.274599
1852.000000 0.329939
1853.000000 0.164962
1854.000000 0.310900
1855.000000 0.371316
1856.000000 0.445889
1857.000000 0.672998
1858.000000 0.220751
1859.000000 0.650568
1860.000000 0.091595
1861.000000 0.411164
1862.000000 0.248243
1863.000000 0.319337
1864.000000 0.382935
1865.000000 0.368399
1866.000000 0.263365
1867.000000 0.402986
1868.000000 0.428857
1869.000000 0.494923
1870.000000 0.025078
1871.000000 0.107491
1872.000000 0.204132
1873.000000 0.224796
1874.000000 0.357718
1875.000000 0.421225
1876.000000 0.201394
1877.000000 0.150405
1878.000000 0.163941
1879.000000 0.330331
1880.000000 0.695911
1881.000000 0.231168
1882.000000 0.396207
1883.000000 0.171032
1884.000000 0.472110
1885.000000 0.291085
1886.000000 0.343415
1887.000000 0.430353
1888.000000 0.159873
1889.000000 0.108640
1890.000000 0.477255
1891.000000 0.424775
1892.000000 0.445696
1893.000000 0.163220
1894.000000 0.025622
1895.000000 0.609701
1896.000000 0.257504
1897.000000 0.124260
1898.000000 0.186577
1899.000000 0.311542
1900.000000 0.415650
1901.000000 0.400966
1902.000000 0.352715
1903.000000 0.615094
1904.000000 0.355430
1905.000000 0.322908
1906.000000 0.545298
1907.000000 0.219687
1908.000000 0.200700
1909.000000 0.150462
1910.000000 0.359762
1911.000000 0.118179
1912.000000 0.490033
1913.000000 0.158125
1914.000000 0.206079
1915.000000 0.464115
1916.000000 0.297819
1917.000000 0.249172
1918.000000 0.211364
1919.000000 0.147133
1920.000000 0.322256
1921.000000 0.304197
1922.000000 0.565494
1923.000000 0.170180
1924.000000 0.484845
1925.000000 0.493019
1926.000000 0.381499
1927.000000 0.385768
1928.000000 0.081157
1929.000000 0.345773
1930.000000 0.088362
1931.000000 0.242336
1932.000000 0.569566
1933.000000 0.195375
1934.000000 0.210380
1935.000000 0.156114
1936.000000 0.397241
1937.000000 0.524481
1938.000000 0.192507
1939.000000 0.269903
1940.000000 0.275923
1941.000000 0.260465
1942.000000 0.757613
1943.000000 0.551580
1944.000000 0.404070
1945.000000 0.638729
1946.000000 0.223956
1947.000000 0.216651
1948.000000 0.294531
1949.000000 0.327582
1950.000000 0.459161
1951.000000 0.147948
1952.000000 0.143946
1953.000000 0.455747
1954.000000 0.044592
1955.000000 0.330114
1956.000000 0.213004
1957.000000 0.370228
1958.000000 0.360016
1959.000000 0.422571
1960.000000 0.353367
1961.000000 0.602794
1962.000000 0.382092
1963.000000 0.213638
1964.000000 0.391112
1965.000000 0.094097
1966.000000 0.362987
1967.000000 0.263825
1968.000000 0.468316
1969.000000 0.531290
1970.000000 0.059032
1971.000000 0.141383
1972.000000 0.242139
1973.000000 0.463365
1974.000000 0.255107
1975.000000 0.171639
1976.000000 0.241614
1977.000000 0.168214
1978.000000 0.035283
1979.000000 0.129233
1980.000000 0.615357
1981.000000 0.173589
1982.000000 0.293825
1983.000000 0.363730
1984.000000 0.233775
1985.000000 0.091597
1986.000000 0.450983
1987.000000 0.157386
1988.000000 0.186303
1989.000000 0.189809
1990.000000 0.211310
1991.000000 0.308332
1992.000000 0.374436
1993.000000 0.224616
1994.000000 0.149385
1995.000000 0.513901
1996.000000 0.366335
1997.000000 0.420500
1998.000000 0.356659
1999.000000 0.458363
2000.000000 0.445354
2001.000000 0.459909
2002.000000 0.463581
2003.000000 0.345554
2004.000000 0.243744
2005.000000 0.426163
2006.000000 0.211274
2007.000000 0.067875
2008.000000 0.192842
2009.000000 0.452961
2010.000000 0.047193
2011.000000 0.364897
2012.000000 0.257948
2013.000000 0.081381
2014.000000 0.135339
2015.000000 0.382445
2016.000000 0.449847
2017.000000 0.261096
2018.000000 0.067555
2019.000000 0.186971
2020.000000 0.192861
2021.000000 0.353342
2022.000000 0.394516
2023.000000 0.484305
2024.000000 0.108209
2025.000000 0.503196
2026.000000 0.298028
2027.000000 0.372742
2028.000000 0.411085
2029.000000 0.416378
2030.000000 0.499984
2031.000000 0.237058
2032.000000 0.078315
2033.000000 0.382087
2034.000000 0.156046
2035.000000 0.325834
2036.000000 0.504158
2037.000000 0.551770
2038.000000 0.203150
2039.000000 0.348388
2040.000000 0.310524
2041.000000 0.100592
2042.000000 0.418952
2043.000000 0.167563
2044.000000 0.163997
2045.000000 0.223903
2046.000000 0.418597
2047.000000 0.455962
2048.000000 0.530923
2049.000000 0.312080
2050.000000 0.286618
2051.000000 0.314710
2052.000000 0.189491
2053.000000 0.433412
2054.000000 0.503515
2055.000000 0.132536
2056.000000 0.211945
2057.000000 0.582479
2058.000000 0.163591
2059.000000 0.392610
2060.000000 0.134563
2061.000000 0.330583
2062.000000 0.454559
2063.000000 0.669868
2064.000000 0.146142
2065.000000 0.522776
2066.000000 0.371425
2067.000000 0.392907
2068.000000 0.340347
2069.000000 0.444767
2070.000000 0.133858
2071.000000 0.299304
2072.000000 0.555592
2073.000000 0.148158
2074.000000 0.303596
2075.000000 0.533278
2076.000000 0.280126
2077.000000 0.244484
2078.000000 0.660837
2079.000000 0.286775
2080.000000 0.228710
2081.000000 0.530053
2082.000000 0.622008
2083.000000 0.234326
2084.000000 0.597780
2085.000000 0.163295
2086.000000 0.263129
2087.000000 0.413762
2088.000000 0.348842
2089.000000 0.158502
2090.000000 0.085156
2091.000000 0.132773
2092.000000 0.329863
2093.000000 0.701165
2094.000000 0.563952
2095.000000 0.112552
2096.000000 0.459672
2097.000000 0.445871
2098.000000 0.357067
2099.000000 0.203019
2100.000000 0.591998
2101.000000 0.167163
2102.000000 0.258482
2103.000000 0.248624
2104.000000 0.096025
2105.000000 0.495712
2106.000000 0.384809
2107.000000 0.186413
2108.000000 0.324783
2109.000000 0.142949
2110.000000 0.403090
2111.000000 0.474767
2112.000000 0.177744
2113.000000 0.238997
2114.000000 0.183079
2115.000000 0.066704
2116.000000 0.380044
2117.000000 0.174293
2118.000000 0.451861
2119.000000 0.335064
2120.000000 0.325732
2121.000000 0.595365
2122.000000 0.356201
2123.000000 0.638577
2124.000000 0.302325
2125.000000 0.032948
2126.000000 0.416343
2127.000000 0.198202
2128.000000 0.141499
2129.000000 0.227676
2130.000000 0.050005
2131.000000 0.716485
2132.000000 0.171150
2133.000000 0.282523
2134.000000 0.471506
2135.000000 0.527539
2136.000000 0.278030
2137.000000 0.370543
2138.000000 0.577000
2139.000000 0.217438
2140.000000 0.140747
2141.000000 0.094345
2142.000000 0.295684
2143.000000 0.286780
2144.000000 0.166515
2145.000000 0.550076
2146.000000 0.092684
2147.000000 0.164556
2148.000000 0.250355
2149.000000 0.505704
2150.000000 0.070503
2151.000000 0.317670
2152.000000 0.696706
2153.000000 0.445324
2154.000000 0.136231
2155.000000 0.250229
2156.000000 0.509830
2157.000000 0.205199
2158.000000 0.298098
2159.000000 0.317177
2160.000000 0.297910
2161.000000 0.261241
2162.000000 0.214304
2163.000000 0.193994
2164.000000 0.128580
2165.000000 0.256949
2166.000000 0.295552
2167.000000 0.555985
2168.000000 0.095822
2169.000000 0.078996
2170.000000 0.273617
2171.000000 0.563641
2172.000000 0.289497
2173.000000 0.561730
2174.000000 0.515090
2175.000000 0.138675
2176.000000 0.479798
2177.000000 0.470763
2178.000000 0.511507
2179.000000 0.445622
2180.000000 0.121095
2181.000000 0.185253
2182.000000 0.294117
2183.000000 0.033889
2184.000000 0.534334
2185.000000 0.125490
2186.000000 0.424379
2187.000000 0.306642
2188.000000 0.211878
2189.000000 0.110238
2190.000000 0.329740
2191.000000 0.459401
2192.000000 0.416780
2193.000000 0.144631
2194.000000 0.295209
2195.000000 0.342143
2196.000000 0.253112
2197.000000 0.218684
2198.000000 0.293889
2199.000000 0.320147
2200.000000 0.429269
2201.000000 0.338305
2202.000000 0.153260
2203.000000 0.263770
2204.000000 0.064047
2205.000000 0.299619
2206.000000 0.127563
2207.000000 0.226011
2208.000000 0.236146
2209.000000 0.305641
2210.000000 0.366881
2211.000000 0.200538
2212.000000 0.270722
2213.000000 0.080213
2214.000000 0.402706
2215.000000 0.172022
2216.000000 0.426660
2217.000000 0.300211
2218.000000 0.118104
2219.000000 0.620362
2220.000000 0.031550
2221.000000 0.470370
2222.000000 0.542795
2223.000000 0.229404
2224.000000 0.330640
2225.000000 0.101639
2226.000000 0.300841
2227.000000 0.198078
2228.000000 0.236945
2229.000000 0.153009
2230.000000 0.175009
2231.000000 0.273873
2232.000000 0.231474
2233.000000 0.318531
2234.000000 0.574032
2235.000000 0.639831
2236.000000 0.266852
2237.000000 0.286429
2238.000000 0.394915
2239.000000 0.593211
2240.000000 0.460527
2241.000000 0.372946
2242.000000 0.183659
2243.000000 0.265535
2244.000000 0.238129
2245.000000 0.535895
2246.000000 0.410252
2247.000000 0.179166
2248.000000 0.430503
2249.000000 0.387205
2250.000000 0.079893
2251.000000 0.429768
2252.000000 0.486033
2253.000000 0.399138
2254.000000 0.203806
2255.000000 0.330652
2256.000000 0.602407
2257.000000 0.203821
2258.000000 0.199163
2259.000000 0.350557
2260.000000 0.245683
2261.000000 0.466247
2262.000000 0.371434
2263.000000 0.534106
2264.000000 0.627882
2265.000000 0.482967
2266.000000 0.466663
2267.000000 0.358808
2268.000000 0.316435
2269.000000 0.199866
2270.000000 0.220501
2271.000000 0.098062
2272.000000 0.444029
2273.000000 0.260714
2274.000000 0.316870
2275.000000 0.234103
2276.000000 0.108413
2277.000000 0.657884
2278.000000 0.208126
2279.000000 0.392980
2280.000000 0.428128
2281.000000 0.249587
2282.000000 0.317151
2283.000000 0.435904
2284.000000 0.377231
2285.000000 0.253180
2286.000000 0.339114
2287.000000 0.577704
2288.000000 0.162565
2289.000000 0.308837
2290.000000 0.142170
2291.000000 0.355881
2292.000000 0.175433
2293.000000 0.170218
2294.000000 0.185625
2295.000000 0.293491
2296.000000 0.390325
2297.000000 0.206684
2298.000000 0.430103
2299.000000 0.322872
2300.000000 0.227515
2301.000000 0.173065
2302.000000 0.308858
2303.000000 0.358502
2304.000000 0.438339
2305.000000 0.460349
2306.000000 0.411600
2307.000000 0.117752
2308.000000 0.151999
2309.000000 0.234400
2310.000000 0.204879
2311.000000 0.217848
2312.000000 0.399642
2313.000000 0.148289
2314.000000 0.139717
2315.000000 0.142680
2316.000000 0.196684
2317.000000 0.428846
2318.000000 0.119555
2319.000000 0.419156
2320.000000 0.304726
2321.000000 0.460852
2322.000000 0.441666
2323.000000 0.711898
2324.000000 0.652627
2325.000000 0.567917
2326.000000 0.304086
2327.000000 0.187639
2328.000000 0.274815
2329.000000 0.400047
2330.000000 0.027074
2331.000000 0.228923
2332.000000 0.411287
2333.000000 0.458595
2334.000000 0.165203
2335.000000 0.082584
2336.000000 0.496727
2337.000000 0.126154
2338.000000 0.522610
2339.000000 0.445410
2340.000000 0.110007
2341.000000 0.214315
2342.000000 0.314876
2343.000000 0.220418
2344.000000 0.233120
2345.000000 0.180150
2346.000000 0.467222
2347.000000 0.330416
2348.000000 0.364203
2349.000000 0.148686
2350.000000 0.288939
2351.000000 0.196830
2352.000000 0.129897
2353.000000 0.454180
2354.000000 0.099624
2355.000000 0.403649
2356.000000 0.543608
2357.000000 0.290780
2358.000000 0.473532
2359.000000 0.520016
2360.000000 0.265364
2361.000000 0.459796
2362.000000 0.332943
2363.000000 0.581505
2364.000000 0.233081
2365.000000 0.306207
2366.000000 0.174669
2367.000000 0.264004
2368.000000 0.320924
2369.000000 0.408210
2370.000000 0.267785
2371.000000 0.175095
2372.000000 0.148901
2373.000000 0.317587
2374.000000 0.120758
2375.000000 0.381506
2376.000000 0.251335
2377.000000 0.127661
2378.000000 0.112217
2379.000000 0.344796
2380.000000 0.623712
2381.000000 0.304020
2382.000000 0.161825
2383.000000 0.114273
2384.000000 0.177409
2385.000000 0.074521
2386.000000 0.162656
2387.000000 0.441696
2388.000000 0.412723
2389.000000 0.331649
2390.000000 0.278000
2391.000000 0.299508
2392.000000 0.579601
2393.000000 0.434779
2394.000000 0.199618
2395.000000 0.078777
2396.000000 0.441624
2397.000000 0.108726
2398.000000 0.470231
2399.000000 0.151255
2400.000000 0.452289
2401.000000 0.225922
2402.000000 0.436181
2403.000000 0.227873
2404.000000 0.177831
2405.000000 0.276631
2406.000000 0.113878
2407.000000 0.391314
2408.000000 0.453092
2409.000000 0.282233
2410.000000 0.048476
2411.000000 0.326458
2412.000000 0.344799
2413.000000 0.178328
2414.000000 0.301970
2415.000000 0.137874
2416.000000 0.139197
2417.000000 0.413902
2418.000000 0.449565
2419.000000 0.454032
2420.000000 0.102315
2421.000000 0.461235
2422.000000 0.161862
2423.000000 0.286620
2424.000000 0.256231
2425.000000 0.483418
2426.000000 0.478715
2427.000000 0.160489
2428.000000 0.123384
2429.000000 0.279082
2430.000000 0.307111
2431.000000 0.458013
2432.000000 0.624737
2433.000000 0.383937
2434.000000 0.335900
2435.000000 0.279894
2436.000000 0.346345
2437.000000 0.447865
2438.000000 0.345413
2439.000000 0.120987
2440.000000 0.281910
2441.000000 0.564042
2442.000000 0.180212
2443.000000 0.439593
2444.000000 0.646309
2445.000000 0.183831
2446.000000 0.300787
2447.000000 0.439177
2448.000000 0.230227
2449.000000 0.563169
2450.000000 0.348006
2451.000000 0.616091
2452.000000 0.326984
2453.000000 0.291850
2454.000000 0.323459
2455.000000 0.176118
2456.000000 0.277660
2457.000000 0.548471
2458.000000 0.410966
2459.000000 0.346320
2460.000000 0.382413
2461.000000 0.293799
2462.000000 0.402890
2463.000000 0.366557
2464.000000 0.480592
2465.000000 0.276253
2466.000000 0.621161
2467.000000 0.630771
2468.000000 0.296112
2469.000000 0.253714
2470.000000 0.470907
2471.000000 0.659807
2472.000000 0.044285
2473.000000 0.460547
2474.000000 0.117001
2475.000000 0.103389
2476.000000 0.230004
2477.000000 0.442988
2478.000000 0.486968
2479.000000 0.429924
2480.000000 0.100836
2481.000000 0.269826
2482.000000 0.158481
2483.000000 0.417536
2484.000000 0.332813
2485.000000 0.399596
2486.000000 0.237430
2487.000000 0.073777
2488.000000 0.490979
2489.000000 0.567514
2490.000000 0.139473
2491.000000 0.607237
2492.000000 0.289744
2493.000000 0.043934
2494.000000 0.180101
2495.000000 0.463300
2496.000000 0.193085
2497.000000 0.176050
2498.000000 0.364783
2499.000000 0.366210
2500.000000 0.111396
2501.000000 0.547516
2502.000000 0.446246
2503.000000 0.205936
2504.000000 0.249997
2505.000000 0.269702
2506.000000 0.075889
2507.000000 0.030928
2508.000000 0.171340
2509.000000 0.340282
2510.000000 0.451258
2511.000000 0.473338
2512.000000 0.099411
2513.000000 0.497102
2514.000000 0.315552
2515.000000 0.266369
2516.000000 0.136758
2517.000000 0.287460
2518.000000 0.467674
2519.000000 0.259969
2520.000000 0.195409
2521.000000 0.373836
2522.000000 0.226878
2523.000000 0.038292
2524.000000 0.304783
2525.000000 0.141744
2526.000000 0.071104
2527.000000 0.786540
2528.000000 0.334344
2529.000000 0.189981
2530.000000 0.131669
2531.000000 0.343904
2532.000000 0.252565
2533.000000 0.272880
2534.000000 0.395473
2535.000000 0.386230
2536.000000 0.322431
2537.000000 0.509768
2538.000000 0.132596
2539.000000 0.140737
2540.000000 0.351619
2541.000000 0.340266
2542.000000 0.644548
2543.000000 0.566638
2544.000000 0.241922
2545.000000 0.417749
2546.000000 0.301360
2547.000000 0.108416
2548.000000 0.167976
2549.000000 0.463803
2550.000000 0.580936
2551.000000 0.120101
2552.000000 0.283488
2553.000000 0.273088
2554.000000 0.296476
2555.000000 0.530907
2556.000000 0.558838
2557.000000 0.236124
2558.000000 0.413138
2559.000000 0.305065
2560.000000 0.437564
2561.000000 0.348854
2562.000000 0.247609
2563.000000 0.019958
2564.000000 0.051155
2565.000000 0.604747
2566.000000 0.185234
2567.000000 0.343389
2568.000000 0.095346
2569.000000 0.115372
2570.000000 0.304917
2571.000000 0.338066
2572.000000 0.211690
2573.000000 0.297140
2574.000000 0.349449
2575.000000 0.121380
2576.000000 0.372877
2577.000000 0.490828
2578.000000 0.424845
2579.000000 0.348572
2580.000000 0.429411
2581.000000 0.614253
2582.000000 0.455931
2583.000000 0.175476
2584.000000 0.320044
2585.000000 0.233336
2586.000000 0.525071
2587.000000 0.801893
2588.000000 0.544476
2589.000000 0.602329
2590.000000 0.218887
2591.000000 0.259013
2592.000000 0.358409
2593.000000 0.336269
2594.000000 0.129593
2595.000000 0.128188
2596.000000 0.388242
2597.000000 0.382339
2598.000000 0.094853
2599.000000 0.101041
2600.000000 0.384906
2601.000000 0.109874
2602.000000 0.321354
2603.000000 0.590844
2604.000000 0.386008
2605.000000 0.405565
2606.000000 0.194840
2607.000000 0.466611
2608.000000 0.212471
2609.000000 0.314933
2610.000000 0.458083
2611.000000 0.435409
2612.000000 0.302219
2613.000000 0.268661
2614.000000 0.363167
2615.000000 0.276561
2616.000000 0.329405
2617.000000 0.517339
2618.000000 0.489469
2619.000000 0.586344
2620.000000 0.105201
2621.000000 0.554650
2622.000000 0.250858
2623.000000 0.543086
2624.000000 0.425898
2625.000000 0.340818
2626.000000 0.470800
2627.000000 0.102175
2628.000000 0.282355
2629.000000 0.211856
2630.000000 0.201320
2631.000000 0.310328
2632.000000 0.331650
2633.000000 0.254674
2634.000000 0.128212
2635.000000 0.155129
2636.000000 0.117223
2637.000000 0.310318
2638.000000 0.234005
2639.000000 0.248283
2640.000000 0.210610
2641.000000 0.302771
2642.000000 0.184496
2643.000000 0.608267
2644.000000 0.438229
2645.000000 0.348126
2646.000000 0.314643
2647.000000 0.102463
2648.000000 0.657341
2649.000000 0.367526
2650.000000 0.344317
2651.000000 0.393749
2652.000000 0.523592
2653.000000 0.011281
2654.000000 0.353662
2655.000000 0.343785
2656.000000 0.342454
2657.000000 0.709538
2658.000000 0.221774
2659.000000 0.282080
2660.000000 0.431864
2661.000000 0.270454
2662.000000 0.175237
2663.000000 0.392899
2664.000000 0.244952
2665.000000 0.200018
2666.000000 0.059433
2667.000000 0.624287
2668.000000 0.194392
2669.000000 0.295330
2670.000000 0.171491
2671.000000 0.248614
2672.000000 0.400639
2673.000000 0.421352
2674.000000 0.391135
2675.000000 0.178564
2676.000000 0.245119
2677.000000 0.504352
2678.000000 0.353883
2679.000000 0.288210
2680.000000 0.331605
2681.000000 0.363431
2682.000000 0.474252
2683.000000 0.315423
2684.000000 0.307485
2685.000000 0.271792
2686.000000 0.312785
2687.000000 0.506992
2688.000000 0.228778
2689.000000 0.430423
2690.000000 0.396625
2691.000000 0.155995
2692.000000 0.498156
2693.000000 0.478562
2694.000000 0.384196
2695.000000 0.385291
2696.000000 0.534519
2697.000000 0.246328
2698.000000 0.422738
2699.000000 0.099441
2700.000000 0.160619
2701.000000 0.100541
2702.000000 0.207016
2703.000000 0.270616
2704.000000 0.128759
2705.000000 0.247844
2706.000000 0.011594
2707.000000 0.517498
2708.000000 0.136443
2709.000000 0.390723
2710.000000 0.222458
2711.000000 0.510706
2712.000000 0.385893
2713.000000 0.146147
2714.000000 0.724481
2715.000000 0.181088
2716.000000 0.245732
2717.000000 0.399232
2718.000000 0.771679
2719.000000 0.140256
2720.000000 0.209230
2721.000000 0.360634
2722.000000 0.288675
2723.000000 0.540998
2724.000000 0.470596
2725.000000 0.252593
2726.000000 0.141346
2727.000000 0.369106
2728.000000 0.147911
2729.000000 0.355540
2730.000000 0.150237
2731.000000 0.141381
2732.000000 0.216121
2733.000000 0.485943
2734.000000 0.232525
2735.000000 0.159768
2736.000000 0.231002
2737.000000 0.371902
2738.000000 0.173175
2739.000000 0.312042
2740.000000 0.105580
2741.000000 0.162880
2742.000000 0.178379
2743.000000 0.402443
2744.000000 0.213730
2745.000000 0.062242
2746.000000 0.278045
2747.000000 0.158356
2748.000000 0.724280
2749.000000 0.330736
2750.000000 0.307182
2751.000000 0.266957
2752.000000 0.348846
2753.000000 0.233491
2754.000000 0.572182
2755.000000 0.178525
2756.000000 0.275225
2757.000000 0.226497
2758.000000 0.277098
2759.000000 0.339192
2760.000000 0.369461
2761.000000 0.207617
2762.000000 0.357657
2763.000000 0.461015
2764.000000 0.382032
2765.000000 0.418310
2766.000000 0.192274
2767.000000 0.313245
2768.000000 0.370155
2769.000000 0.788309
2770.000000 0.508091
2771.000000 0.239027
2772.000000 0.502331
2773.000000 0.294557
2774.000000 0.463795
2775.000000 0.607293
2776.000000 0.369591
2777.000000 0.205219
2778.000000 0.087732
2779.000000 0.084256
2780.000000 0.277095
2781.000000 0.346425
2782.000000 0.127354
2783.000000 0.414145
2784.000000 0.170226
2785.000000 0.440378
2786.000000 0.280775
2787.000000 0.258163
2788.000000 0.431181
2789.000000 0.494988
2790.000000 0.409604
2791.000000 0.456637
2792.000000 0.305290
2793.000000 0.788703
2794.000000 0.149008
2795.000000 0.284370
2796.000000 0.170757
2797.000000 0.177207
2798.000000 0.491702
2799.000000 0.198925
2800.000000 0.134013
2801.000000 0.006983
2802.000000 0.306557
2803.000000 0.020306
2804.000000 0.267047
2805.000000 0.517685
2806.000000 0.437733
2807.000000 0.083331
2808.000000 0.245657
2809.000000 0.255626
2810.000000 0.194614
2811.000000 0.572224
2812.000000 0.314326
2813.000000 0.279264
2814.000000 0.679629
2815.000000 0.308583
2816.000000 0.367249
2817.000000 0.449939
2818.000000 0.186992
2819.000000 0.360144
2820.000000 0.354626
2821.000000 0.543239
2822.000000 0.251325
2823.000000 0.223366
2824.000000 0.227875
2825.000000 0.420000
2826.000000 0.274249
2827.000000 0.361236
2828.000000 0.351805
2829.000000 0.087486
2830.000000 0.239650
2831.000000 0.351463
2832.000000 0.353075
2833.000000 0.366244
2834.000000 0.214205
2835.000000 0.750651
2836.000000 0.250732
2837.000000 0.231132
2838.000000 0.178585
2839.000000 0.065874
2840.000000 0.183006
2841.000000 0.320643
2842.000000 0.529026
2843.000000 0.197350
2844.000000 0.161000
2845.000000 0.375232
2846.000000 0.238091
2847.000000 0.214031
2848.000000 0.468875
2849.000000 0.190129
2850.000000 0.145541
2851.000000 0.466448
2852.000000 0.217614
2853.000000 0.370645
2854.000000 0.425404
2855.000000 0.364829
2856.000000 0.286847
2857.000000 0.366297
2858.000000 0.159763
2859.000000 0.343451
2860.000000 0.215581
2861.000000 0.122851
2862.000000 0.704934
2863.000000 0.060988
2864.000000 0.739591
2865.000000 0.287333
2866.000000 0.164650
2867.000000 0.018995
2868.000000 0.114589
2869.000000 0.328750
2870.000000 0.274226
2871.000000 0.120298
2872.000000 0.381022
2873.000000 0.633921
2874.000000 0.263629
2875.000000 0.411852
2876.000000 0.372337
2877.000000 0.174182
2878.000000 0.091212
2879.000000 0.139373
2880.000000 0.365396
2881.000000 0.171990
2882.000000 0.297228
2883.000000 0.045063
2884.000000 0.076298
2885.000000 0.153279
2886.000000 0.464053
2887.000000 0.616328
2888.000000 0.160747
2889.000000 0.331768
2890.000000 0.078277
2891.000000 0.189382
2892.000000 0.323444
2893.000000 0.081373
2894.000000 0.300369
2895.000000 0.293343
2896.000000 0.135336
2897.000000 0.110839
2898.000000 0.131359
2899.000000 0.329822
2900.000000 0.362320
2901.000000 0.301008
2902.000000 0.389884
2903.000000 0.299399
2904.000000 0.712163
2905.000000 0.058314
2906.000000 0.278094
2907.000000 0.275523
2908.000000 0.533404
2909.000000 0.273773
2910.000000 0.260406
2911.000000 0.238656
2912.000000 0.119319
2913.000000 0.700109
2914.000000 0.280279
2915.000000 0.272112
2916.000000 0.235247
2917.000000 0.356405
2918.000000 0.212090
2919.000000 0.217557
2920.000000 0.172215
2921.000000 0.323737
2922.000000 0.102862
2923.000000 0.151868
2924.000000 0.193518
2925.000000 0.628154
2926.000000 0.172908
2927.000000 0.527389
2928.000000 0.257900
2929.000000 0.301109
2930.000000 0.043542
2931.000000 0.424599
2932.000000 0.381495
2933.000000 0.397731
2934.000000 0.482730
2935.000000 0.349848
2936.000000 0.521334
2937.000000 0.360086
2938.000000 0.267181
2939.000000 0.426800
2940.000000 0.240896
2941.000000 0.145794
2942.000000 0.397365
2943.000000 0.421258
2944.000000 0.272026
2945.000000 0.458404
2946.000000 0.248329
2947.000000 0.387689
2948.000000 0.336989
2949.000000 0.159162
2950.000000 0.091148
2951.000000 0.387914
2952.000000 0.323326
2953.000000 0.143983
2954.000000 0.442348
2955.000000 0.528239
2956.000000 0.482458
2957.000000 0.654719
2958.000000 0.230860
2959.000000 0.361770
2960.000000 0.350314
2961.000000 0.445785
2962.000000 0.201252
2963.000000 0.139639
2964.000000 0.327119
2965.000000 0.214233
2966.000000 0.608880
2967.000000 0.608417
2968.000000 0.466460
2969.000000 0.265371
2970.000000 0.203854
2971.000000 0.417014
2972.000000 0.198780
2973.000000 0.251475
2974.000000 0.204097
2975.000000 0.308286
2976.000000 0.290215
2977.000000 0.413732
2978.000000 0.341252
2979.000000 0.345383
2980.000000 0.383344
2981.000000 0.273285
2982.000000 0.339856
2983.000000 0.229943
2984.000000 0.324831
2985.000000 0.124886
2986.000000 0.171176
2987.000000 0.156026
2988.000000 0.641040
2989.000000 0.237398
2990.000000 0.236304
2991.000000 0.308867
2992.000000 0.358776
2993.000000 0.416121
2994.000000 0.223023
2995.000000 0.576123
2996.000000 0.434216
2997.000000 0.136533
2998.000000 0.326296
2999.000000 0.631419
3000.000000 0.484501
