10.000000 0.032040
20.000000 0.118923
30.000000 0.210535
40.000000 0.272575
50.000000 0.192116
60.000000 0.086985
70.000000 0.075641
80.000000 0.123812
90.000000 0.066041
100.000000 0.121049
110.000000 0.098270
120.000000 0.107888
130.000000 0.275199
140.000000 0.319256
150.000000 0.280649
160.000000 0.120356
170.000000 0.107579
180.000000 0.103246
190.000000 0.196832
200.000000 0.226391
210.000000 0.074154
220.000000 0.130819
230.000000 0.144474
240.000000 0.121434
250.000000 0.230758
260.000000 0.134289
270.000000 0.264909
280.000000 0.167143
290.000000 0.275055
300.000000 0.025206
310.000000 0.080534
320.000000 0.169459
330.000000 0.087105
340.000000 0.172038
350.000000 0.127037
360.000000 0.133739
370.000000 0.054261
380.000000 0.185546
390.000000 0.240225
400.000000 0.127038
410.000000 0.188964
420.000000 0.265335
430.000000 0.078351
440.000000 0.135539
450.000000 0.052320
460.000000 0.080375
470.000000 0.295502
480.000000 0.037295
490.000000 0.128032
500.000000 0.129392
510.000000 0.140929
520.000000 0.060192
530.000000 0.128525
540.000000 0.193601
550.000000 0.144994
560.000000 0.270769
570.000000 0.289747
580.000000 0.331853
590.000000 0.074903
600.000000 0.115117
610.000000 0.206334
620.000000 0.099268
630.000000 0.088321
640.000000 0.123854
650.000000 0.080805
660.000000 0.185739
670.000000 0.133270
680.000000 0.071800
690.000000 0.158729
700.000000 0.058444
710.000000 0.143860
720.000000 0.085873
730.000000 0.178160
740.000000 0.201800
750.000000 0.071041
760.000000 0.250095
770.000000 0.088057
780.000000 0.161322
790.000000 0.118585
800.000000 0.115667
810.000000 0.149155
820.000000 0.235018
830.000000 0.108318
840.000000 0.174350
850.000000 0.133821
860.000000 0.142209
870.000000 0.132746
880.000000 0.127220
890.000000 0.103127
900.000000 0.145397
910.000000 0.085779
920.000000 0.165375
930.000000 0.116314
940.000000 0.344211
950.000000 0.070294
960.000000 0.046742
970.000000 0.077227
980.000000 0.185344
990.000000 0.072622
1000.000000 0.152408
