10.000000 0.640798
20.000000 0.655890
30.000000 0.677690
40.000000 0.666192
50.000000 0.676151
60.000000 0.651195
70.000000 0.650029
80.000000 0.673461
90.000000 0.646439
100.000000 0.690765
110.000000 0.645911
120.000000 0.657877
130.000000 0.610127
140.000000 0.630104
150.000000 0.672690
160.000000 0.644268
170.000000 0.694155
180.000000 0.664505
190.000000 0.640999
200.000000 0.674884
210.000000 0.703449
220.000000 0.675645
230.000000 0.664771
240.000000 0.648838
250.000000 0.699896
260.000000 0.659133
270.000000 0.684840
280.000000 0.658177
290.000000 0.636413
300.000000 0.654484
310.000000 0.632877
320.000000 0.645467
330.000000 0.655342
340.000000 0.676940
350.000000 0.688491
360.000000 0.668374
370.000000 0.637513
380.000000 0.678995
390.000000 0.653181
400.000000 0.662149
410.000000 0.677075
420.000000 0.669481
430.000000 0.629630
440.000000 0.643186
450.000000 0.634307
460.000000 0.648075
470.000000 0.658796
480.000000 0.660063
490.000000 0.669297
500.000000 0.637332
510.000000 0.661519
520.000000 0.680859
530.000000 0.665281
540.000000 0.669987
550.000000 0.665614
560.000000 0.656766
570.000000 0.660492
580.000000 0.660424
590.000000 0.668752
600.000000 0.653248
610.000000 0.677244
620.000000 0.668653
630.000000 0.667331
640.000000 0.626634
650.000000 0.668496
660.000000 0.640417
670.000000 0.670410
680.000000 0.682107
690.000000 0.674810
700.000000 0.647665
710.000000 0.676600
720.000000 0.673447
730.000000 0.660627
740.000000 0.669181
750.000000 0.656466
760.000000 0.677230
770.000000 0.668868
780.000000 0.680528
790.000000 0.668066
800.000000 0.652637
810.000000 0.665632
820.000000 0.666704
830.000000 0.655876
840.000000 0.681931
850.000000 0.665343
860.000000 0.609125
870.000000 0.637976
880.000000 0.651443
890.000000 0.677425
900.000000 0.687703
910.000000 0.645175
920.000000 0.666423
930.000000 0.637267
940.000000 0.616059
950.000000 0.660353
960.000000 0.652135
970.000000 0.669216
980.000000 0.646605
990.000000 0.653369
1000.000000 0.681734
