0.000000 0.191952
1.000000 0.176330
2.000000 0.136145
3.000000 0.076103
4.000000 0.112084
5.000000 0.108552
6.000000 0.203076
7.000000 0.284300
8.000000 0.195096
9.000000 0.053987
10.000000 0.156941
11.000000 0.101170
12.000000 0.176852
13.000000 0.100878
14.000000 0.055006
15.000000 0.061747
16.000000 0.101860
17.000000 0.096659
18.000000 0.185135
19.000000 0.147365
20.000000 0.052303
21.000000 0.102005
22.000000 0.174226
23.000000 0.139877
24.000000 0.135203
25.000000 0.130436
26.000000 0.096029
27.000000 0.137869
28.000000 0.059111
29.000000 0.046385
30.000000 0.138052
31.000000 0.119240
32.000000 0.221376
33.000000 0.233437
34.000000 0.096528
35.000000 0.325557
36.000000 0.265219
37.000000 0.080875
38.000000 0.072209
39.000000 0.093156
40.000000 0.131993
41.000000 0.149931
42.000000 0.121243
43.000000 0.273162
44.000000 0.109845
45.000000 0.121660
46.000000 0.148741
47.000000 0.202617
48.000000 0.148312
49.000000 0.022100
50.000000 0.081926
51.000000 0.072241
52.000000 0.126722
53.000000 0.034185
54.000000 0.038210
55.000000 0.060696
56.000000 0.033736
57.000000 0.246820
58.000000 0.143012
59.000000 0.175501
60.000000 0.301600
61.000000 0.217077
62.000000 0.133509
63.000000 0.016049
64.000000 0.180487
65.000000 0.166052
66.000000 0.104515
67.000000 0.139817
68.000000 0.219979
69.000000 0.153594
70.000000 0.258793
71.000000 0.048388
72.000000 0.065882
73.000000 0.203541
74.000000 0.231350
75.000000 0.108821
76.000000 0.159364
77.000000 0.105791
78.000000 0.075065
79.000000 0.132346
80.000000 0.094722
81.000000 0.065285
82.000000 0.048269
83.000000 0.083632
84.000000 0.185091
85.000000 0.074660
86.000000 0.141465
87.000000 0.065482
88.000000 0.097119
89.000000 0.129190
90.000000 0.097738
91.000000 0.099952
92.000000 0.066556
93.000000 0.069394
94.000000 0.200954
95.000000 0.078985
96.000000 0.026641
97.000000 0.204214
98.000000 0.153441
99.000000 0.073278
100.000000 0.129791
101.000000 0.054680
102.000000 0.096178
103.000000 0.056300
104.000000 0.275214
105.000000 0.276263
106.000000 0.075151
107.000000 0.092928
108.000000 0.164408
109.000000 0.195595
110.000000 0.030169
111.000000 0.122231
112.000000 0.200640
113.000000 0.148147
114.000000 0.058395
115.000000 0.024620
116.000000 0.083982
117.000000 0.080666
118.000000 0.047628
119.000000 0.151934
120.000000 0.123418
121.000000 0.100726
122.000000 0.068017
123.000000 0.052225
124.000000 0.086788
125.000000 0.122888
126.000000 0.106523
127.000000 0.120566
128.000000 0.209052
129.000000 0.165591
130.000000 0.159693
131.000000 0.024540
132.000000 0.119020
133.000000 0.175649
134.000000 0.189234
135.000000 0.238955
136.000000 0.100876
137.000000 0.147830
138.000000 0.134862
139.000000 0.066461
140.000000 0.086428
141.000000 0.084181
142.000000 0.071167
143.000000 0.163747
144.000000 0.170613
145.000000 0.062217
146.000000 0.069409
147.000000 0.024525
148.000000 0.064283
149.000000 0.079658
150.000000 0.016238
151.000000 0.051058
152.000000 0.295391
153.000000 0.099526
154.000000 0.004412
155.000000 0.203839
156.000000 0.041044
157.000000 0.098577
158.000000 0.179188
159.000000 0.103101
160.000000 0.157515
161.000000 0.180697
162.000000 0.101832
163.000000 0.100674
164.000000 0.026610
165.000000 0.061841
166.000000 0.112361
167.000000 0.059927
168.000000 0.043024
169.000000 0.088417
170.000000 0.115002
171.000000 0.268933
172.000000 0.239780
173.000000 0.113209
174.000000 0.109564
175.000000 0.135196
176.000000 0.063948
177.000000 0.146127
178.000000 0.179750
179.000000 0.051296
180.000000 0.113130
181.000000 0.058631
182.000000 0.055550
183.000000 0.147186
184.000000 0.099058
185.000000 0.136502
186.000000 0.032127
187.000000 0.201707
188.000000 0.114822
189.000000 0.072229
190.000000 0.061858
191.000000 0.200470
192.000000 0.236691
193.000000 0.135789
194.000000 0.066346
195.000000 0.122578
196.000000 0.115629
197.000000 0.093636
198.000000 0.184293
199.000000 0.106332
200.000000 0.125438
201.000000 0.156936
202.000000 0.060075
203.000000 0.098670
204.000000 0.139610
205.000000 0.180337
206.000000 0.017683
207.000000 0.167760
208.000000 0.049466
209.000000 0.109191
210.000000 0.007212
211.000000 0.175793
212.000000 0.132379
213.000000 0.129017
214.000000 0.177764
215.000000 0.108266
216.000000 0.146789
217.000000 0.118490
218.000000 0.120434
219.000000 0.056725
220.000000 0.050458
221.000000 0.185399
222.000000 0.046189
223.000000 0.190610
224.000000 0.109750
225.000000 0.171103
226.000000 0.048639
227.000000 0.099201
228.000000 0.097022
229.000000 0.260211
230.000000 0.132263
231.000000 0.087787
232.000000 0.128932
233.000000 0.156855
234.000000 0.137337
235.000000 0.172148
236.000000 0.071554
237.000000 0.080880
238.000000 0.156583
239.000000 0.141706
240.000000 0.075256
241.000000 0.083781
242.000000 0.070276
243.000000 0.162494
244.000000 0.177041
245.000000 0.156876
246.000000 0.082772
247.000000 0.028195
248.000000 0.025105
249.000000 0.158091
250.000000 0.140146
251.000000 0.206393
252.000000 0.131609
253.000000 0.100490
254.000000 0.057937
255.000000 0.172758
256.000000 0.089291
257.000000 0.206610
258.000000 0.161921
259.000000 0.153710
260.000000 0.007266
261.000000 0.121714
262.000000 0.175254
263.000000 0.159359
264.000000 0.085814
265.000000 0.023694
266.000000 0.098821
267.000000 0.160965
268.000000 0.144038
269.000000 0.030184
270.000000 0.072022
271.000000 0.148282
272.000000 0.086702
273.000000 0.015729
274.000000 0.244797
275.000000 0.280787
276.000000 0.023054
277.000000 0.167280
278.000000 0.129550
279.000000 0.178467
280.000000 0.032944
281.000000 0.139403
282.000000 0.061021
283.000000 0.122516
284.000000 0.159528
285.000000 0.110114
286.000000 0.119203
287.000000 0.192185
288.000000 0.138786
289.000000 0.049590
290.000000 0.083036
291.000000 0.102453
292.000000 0.058131
293.000000 0.100254
294.000000 0.127146
295.000000 0.214951
296.000000 0.142873
297.000000 0.065537
298.000000 0.207365
299.000000 0.222190
300.000000 0.045450
301.000000 0.071869
302.000000 0.248655
303.000000 0.293403
304.000000 0.310824
305.000000 0.234964
306.000000 0.281909
307.000000 0.052896
308.000000 0.141124
309.000000 0.147284
310.000000 0.034156
311.000000 0.115427
312.000000 0.126515
313.000000 0.075033
314.000000 0.095199
315.000000 0.193844
316.000000 0.197302
317.000000 0.095978
318.000000 0.068693
319.000000 0.238305
320.000000 0.205171
321.000000 0.148021
322.000000 0.249874
323.000000 0.191102
324.000000 0.029609
325.000000 0.141032
326.000000 0.172041
327.000000 0.079610
328.000000 0.109031
329.000000 0.013346
330.000000 0.101512
331.000000 0.203580
332.000000 0.144014
333.000000 0.048716
334.000000 0.135461
335.000000 0.073827
336.000000 0.055127
337.000000 0.067633
338.000000 0.192986
339.000000 0.182898
340.000000 0.084343
341.000000 0.120878
342.000000 0.038774
343.000000 0.115428
344.000000 0.138109
345.000000 0.087679
346.000000 0.062072
347.000000 0.101502
348.000000 0.161317
349.000000 0.165635
350.000000 0.105609
351.000000 0.146911
352.000000 0.032954
353.000000 0.088174
354.000000 0.113045
355.000000 0.131673
356.000000 0.105056
357.000000 0.196095
358.000000 0.160765
359.000000 0.046505
360.000000 0.129137
361.000000 0.200630
362.000000 0.177512
363.000000 0.174295
364.000000 0.143886
365.000000 0.170457
366.000000 0.169081
367.000000 0.034742
368.000000 0.098532
369.000000 0.094716
370.000000 0.017252
371.000000 0.152197
372.000000 0.036544
373.000000 0.190364
374.000000 0.229966
375.000000 0.194229
376.000000 0.078075
377.000000 0.066398
378.000000 0.192275
379.000000 0.142280
380.000000 0.097688
381.000000 0.249258
382.000000 0.243198
383.000000 0.094098
384.000000 0.058077
385.000000 0.110960
386.000000 0.147124
387.000000 0.211398
388.000000 0.082935
389.000000 0.036687
390.000000 0.187041
391.000000 0.171771
392.000000 0.212629
393.000000 0.140384
394.000000 0.145624
395.000000 0.051909
396.000000 0.145140
397.000000 0.124422
398.000000 0.119287
399.000000 0.150061
400.000000 0.035474
401.000000 0.052033
402.000000 0.012017
403.000000 0.045176
404.000000 0.045431
405.000000 0.239494
406.000000 0.254436
407.000000 0.084629
408.000000 0.167058
409.000000 0.113258
410.000000 0.175855
411.000000 0.108262
412.000000 0.098010
413.000000 0.059025
414.000000 0.229862
415.000000 0.127209
416.000000 0.207375
417.000000 0.082266
418.000000 0.149519
419.000000 0.186549
420.000000 0.141431
421.000000 0.148318
422.000000 0.238303
423.000000 0.163442
424.000000 0.081096
425.000000 0.153739
426.000000 0.131188
427.000000 0.072764
428.000000 0.110462
429.000000 0.158294
430.000000 0.099759
431.000000 0.146662
432.000000 0.242622
433.000000 0.121501
434.000000 0.007618
435.000000 0.105460
436.000000 0.057391
437.000000 0.128248
438.000000 0.199668
439.000000 0.054656
440.000000 0.082626
441.000000 0.136346
442.000000 0.117743
443.000000 0.215435
444.000000 0.156512
445.000000 0.119761
446.000000 0.214811
447.000000 0.316318
448.000000 0.131387
449.000000 0.095860
450.000000 0.054982
451.000000 0.117557
452.000000 0.156031
453.000000 0.089393
454.000000 0.246602
455.000000 0.068531
456.000000 0.145359
457.000000 0.054868
458.000000 0.104879
459.000000 0.003532
460.000000 0.072709
461.000000 0.073362
462.000000 0.136605
463.000000 0.054412
464.000000 0.165262
465.000000 0.051234
466.000000 0.064630
467.000000 0.124768
468.000000 0.024202
469.000000 0.126578
470.000000 0.042803
471.000000 0.160766
472.000000 0.185744
473.000000 0.038325
474.000000 0.225213
475.000000 0.218362
476.000000 0.017884
477.000000 0.168703
478.000000 0.235304
479.000000 0.220614
480.000000 0.248942
481.000000 0.138939
482.000000 0.162465
483.000000 0.098301
484.000000 0.030946
485.000000 0.138600
486.000000 0.093778
487.000000 0.259979
488.000000 0.267362
489.000000 0.078461
490.000000 0.195142
491.000000 0.157700
492.000000 0.046551
493.000000 0.217113
494.000000 0.328289
495.000000 0.146128
496.000000 0.018122
497.000000 0.066772
498.000000 0.160626
499.000000 0.210611
500.000000 0.062528
501.000000 0.031494
502.000000 0.101360
503.000000 0.141459
504.000000 0.126850
505.000000 0.092972
506.000000 0.140478
507.000000 0.191380
508.000000 0.083861
509.000000 0.175244
510.000000 0.203344
511.000000 0.096754
512.000000 0.163038
513.000000 0.139341
514.000000 0.062773
515.000000 0.095011
516.000000 0.175148
517.000000 0.229303
518.000000 0.279759
519.000000 0.088455
520.000000 0.125086
521.000000 0.028918
522.000000 0.119960
523.000000 0.216110
524.000000 0.161229
525.000000 0.181619
526.000000 0.054688
527.000000 0.145045
528.000000 0.125387
529.000000 0.101557
530.000000 0.097980
531.000000 0.079127
532.000000 0.140308
533.000000 0.032122
534.000000 0.184239
535.000000 0.236529
536.000000 0.051519
537.000000 0.109771
538.000000 0.149570
539.000000 0.087570
540.000000 0.156446
541.000000 0.179613
542.000000 0.025861
543.000000 0.103446
544.000000 0.125916
545.000000 0.090489
546.000000 0.055823
547.000000 0.086530
548.000000 0.096909
549.000000 0.101281
550.000000 0.061937
551.000000 0.099222
552.000000 0.226032
553.000000 0.069442
554.000000 0.206538
555.000000 0.218554
556.000000 0.117095
557.000000 0.045918
558.000000 0.088555
559.000000 0.018863
560.000000 0.024607
561.000000 0.151539
562.000000 0.112930
563.000000 0.131018
564.000000 0.231055
565.000000 0.045052
566.000000 0.116018
567.000000 0.073862
568.000000 0.062620
569.000000 0.053838
570.000000 0.168096
571.000000 0.196688
572.000000 0.179624
573.000000 0.082609
574.000000 0.273105
575.000000 0.087318
576.000000 0.074877
577.000000 0.193791
578.000000 0.099398
579.000000 0.086614
580.000000 0.197432
581.000000 0.148067
582.000000 0.217496
583.000000 0.092169
584.000000 0.130974
585.000000 0.157009
586.000000 0.095899
587.000000 0.065672
588.000000 0.101072
589.000000 0.067317
590.000000 0.047760
591.000000 0.056354
592.000000 0.035523
593.000000 0.040288
594.000000 0.187572
595.000000 0.005286
596.000000 0.151998
597.000000 0.141613
598.000000 0.146149
599.000000 0.171713
600.000000 0.029111
601.000000 0.197832
602.000000 0.157136
603.000000 0.037949
604.000000 0.091593
605.000000 0.090259
606.000000 0.087409
607.000000 0.090821
608.000000 0.096312
609.000000 0.034967
610.000000 0.097764
611.000000 0.174678
612.000000 0.120511
613.000000 0.024670
614.000000 0.236022
615.000000 0.065375
616.000000 0.083174
617.000000 0.096730
618.000000 0.033676
619.000000 0.076475
620.000000 0.206525
621.000000 0.129529
622.000000 0.060403
623.000000 0.084376
624.000000 0.178041
625.000000 0.080744
626.000000 0.230872
627.000000 0.074931
628.000000 0.063354
629.000000 0.059985
630.000000 0.120951
631.000000 0.160449
632.000000 0.152051
633.000000 0.061649
634.000000 0.076276
635.000000 0.085626
636.000000 0.030826
637.000000 0.108477
638.000000 0.223970
639.000000 0.159266
640.000000 0.129579
641.000000 0.065672
642.000000 0.027945
643.000000 0.109050
644.000000 0.033341
645.000000 0.074544
646.000000 0.223911
647.000000 0.178429
648.000000 0.183442
649.000000 0.127854
650.000000 0.128663
651.000000 0.038722
652.000000 0.150093
653.000000 0.145256
654.000000 0.123384
655.000000 0.030575
656.000000 0.140447
657.000000 0.185239
658.000000 0.173615
659.000000 0.095556
660.000000 0.079864
661.000000 0.023166
662.000000 0.146505
663.000000 0.027442
664.000000 0.106045
665.000000 0.083733
666.000000 0.050388
667.000000 0.051810
668.000000 0.129273
669.000000 0.145048
670.000000 0.065711
671.000000 0.033678
672.000000 0.058149
673.000000 0.121088
674.000000 0.075900
675.000000 0.220004
676.000000 0.138671
677.000000 0.064155
678.000000 0.087502
679.000000 0.201591
680.000000 0.166352
681.000000 0.228117
682.000000 0.072162
683.000000 0.095645
684.000000 0.197224
685.000000 0.148371
686.000000 0.113299
687.000000 0.020428
688.000000 0.146298
689.000000 0.134727
690.000000 0.133623
691.000000 0.112115
692.000000 0.080794
693.000000 0.082533
694.000000 0.209773
695.000000 0.076060
696.000000 0.025382
697.000000 0.195972
698.000000 0.334276
699.000000 0.288392
700.000000 0.367202
701.000000 0.099795
702.000000 0.074529
703.000000 0.091426
704.000000 0.110219
705.000000 0.137374
706.000000 0.052968
707.000000 0.180187
708.000000 0.110800
709.000000 0.096470
710.000000 0.169689
711.000000 0.290082
712.000000 0.074822
713.000000 0.149528
714.000000 0.153391
715.000000 0.118449
716.000000 0.099225
717.000000 0.073477
718.000000 0.037412
719.000000 0.013599
720.000000 0.128101
721.000000 0.019757
722.000000 0.232309
723.000000 0.144755
724.000000 0.167861
725.000000 0.069524
726.000000 0.037389
727.000000 0.245908
728.000000 0.095085
729.000000 0.163371
730.000000 0.155663
731.000000 0.251812
732.000000 0.111609
733.000000 0.041571
734.000000 0.072332
735.000000 0.221382
736.000000 0.213065
737.000000 0.062553
738.000000 0.102365
739.000000 0.097498
740.000000 0.165157
741.000000 0.065917
742.000000 0.155237
743.000000 0.034663
744.000000 0.225228
745.000000 0.059387
746.000000 0.166492
747.000000 0.092401
748.000000 0.199047
749.000000 0.160159
750.000000 0.242211
751.000000 0.120625
752.000000 0.181529
753.000000 0.146208
754.000000 0.104099
755.000000 0.142432
756.000000 0.135796
757.000000 0.102821
758.000000 0.119615
759.000000 0.091361
760.000000 0.044591
761.000000 0.093570
762.000000 0.257758
763.000000 0.029842
764.000000 0.059855
765.000000 0.066606
766.000000 0.100951
767.000000 0.126255
768.000000 0.117980
769.000000 0.088948
770.000000 0.172889
771.000000 0.123949
772.000000 0.093668
773.000000 0.078454
774.000000 0.138054
775.000000 0.086290
776.000000 0.034436
777.000000 0.118250
778.000000 0.209886
779.000000 0.138082
780.000000 0.204049
781.000000 0.160710
782.000000 0.162942
783.000000 0.081278
784.000000 0.164585
785.000000 0.049879
786.000000 0.081870
787.000000 0.064296
788.000000 0.149950
789.000000 0.044673
790.000000 0.099721
791.000000 0.088521
792.000000 0.144748
793.000000 0.060534
794.000000 0.136520
795.000000 0.076228
796.000000 0.038165
797.000000 0.147887
798.000000 0.135497
799.000000 0.100393
800.000000 0.179921
801.000000 0.208072
802.000000 0.103471
803.000000 0.157846
804.000000 0.140113
805.000000 0.176019
806.000000 0.022778
807.000000 0.171733
808.000000 0.318118
809.000000 0.053619
810.000000 0.029748
811.000000 0.224795
812.000000 0.057875
813.000000 0.089939
814.000000 0.172828
815.000000 0.159655
816.000000 0.146437
817.000000 0.202545
818.000000 0.084974
819.000000 0.142669
820.000000 0.182185
821.000000 0.056729
822.000000 0.085308
823.000000 0.101469
824.000000 0.038172
825.000000 0.146092
826.000000 0.107283
827.000000 0.155760
828.000000 0.063412
829.000000 0.187920
830.000000 0.167814
831.000000 0.096826
832.000000 0.077101
833.000000 0.098163
834.000000 0.096577
835.000000 0.137140
836.000000 0.184905
837.000000 0.164152
838.000000 0.245669
839.000000 0.135192
840.000000 0.194476
841.000000 0.132613
842.000000 0.041590
843.000000 0.127231
844.000000 0.086138
845.000000 0.108297
846.000000 0.112267
847.000000 0.103639
848.000000 0.124089
849.000000 0.132734
850.000000 0.092029
851.000000 0.055547
852.000000 0.085084
853.000000 0.160203
854.000000 0.048229
855.000000 0.185990
856.000000 0.166188
857.000000 0.260596
858.000000 0.232560
859.000000 0.189532
860.000000 0.056464
861.000000 0.289695
862.000000 0.095149
863.000000 0.117194
864.000000 0.137491
865.000000 0.045391
866.000000 0.189354
867.000000 0.049986
868.000000 0.213711
869.000000 0.079879
870.000000 0.060069
871.000000 0.186022
872.000000 0.063712
873.000000 0.064598
874.000000 0.151961
875.000000 0.111560
876.000000 0.179013
877.000000 0.107214
878.000000 0.093646
879.000000 0.181032
880.000000 0.240346
881.000000 0.209729
882.000000 0.122433
883.000000 0.129948
884.000000 0.089139
885.000000 0.087542
886.000000 0.115120
887.000000 0.095077
888.000000 0.141292
889.000000 0.138538
890.000000 0.155768
891.000000 0.101971
892.000000 0.095571
893.000000 0.106433
894.000000 0.155071
895.000000 0.125387
896.000000 0.172664
897.000000 0.150571
898.000000 0.183079
899.000000 0.093640
900.000000 0.167702
901.000000 0.066068
902.000000 0.020602
903.000000 0.077575
904.000000 0.103057
905.000000 0.095969
906.000000 0.094681
907.000000 0.088313
908.000000 0.099700
909.000000 0.062759
910.000000 0.043620
911.000000 0.063526
912.000000 0.058927
913.000000 0.139123
914.000000 0.089734
915.000000 0.285801
916.000000 0.209919
917.000000 0.055989
918.000000 0.049003
919.000000 0.115940
920.000000 0.178763
921.000000 0.194568
922.000000 0.031523
923.000000 0.062190
924.000000 0.105358
925.000000 0.247250
926.000000 0.170636
927.000000 0.101192
928.000000 0.148223
929.000000 0.161052
930.000000 0.190496
931.000000 0.085824
932.000000 0.099908
933.000000 0.164190
934.000000 0.019212
935.000000 0.097046
936.000000 0.173355
937.000000 0.125374
938.000000 0.112314
939.000000 0.116537
940.000000 0.137725
941.000000 0.146330
942.000000 0.072607
943.000000 0.136067
944.000000 0.084218
945.000000 0.088539
946.000000 0.118930
947.000000 0.067846
948.000000 0.081821
949.000000 0.042021
950.000000 0.165800
951.000000 0.170767
952.000000 0.122690
953.000000 0.117298
954.000000 0.095553
955.000000 0.130617
956.000000 0.108325
957.000000 0.094846
958.000000 0.162843
959.000000 0.174048
960.000000 0.092870
961.000000 0.092052
962.000000 0.226080
963.000000 0.107285
964.000000 0.043286
965.000000 0.064244
966.000000 0.194955
967.000000 0.072289
968.000000 0.082679
969.000000 0.087053
970.000000 0.171270
971.000000 0.151934
972.000000 0.184339
973.000000 0.103259
974.000000 0.154239
975.000000 0.110874
976.000000 0.144431
977.000000 0.158190
978.000000 0.112041
979.000000 0.113764
980.000000 0.070528
981.000000 0.166236
982.000000 0.283931
983.000000 0.147973
984.000000 0.150147
985.000000 0.261539
986.000000 0.103021
987.000000 0.061829
988.000000 0.031587
989.000000 0.129846
990.000000 0.173963
991.000000 0.105709
992.000000 0.043571
993.000000 0.055835
994.000000 0.049099
995.000000 0.154296
996.000000 0.058700
997.000000 0.088698
998.000000 0.063771
999.000000 0.097800
1000.000000 0.195905
1001.000000 0.207634
1002.000000 0.254598
1003.000000 0.206664
1004.000000 0.072015
1005.000000 0.061948
1006.000000 0.205857
1007.000000 0.151651
1008.000000 0.172828
1009.000000 0.092562
1010.000000 0.079538
1011.000000 0.036194
1012.000000 0.013193
1013.000000 0.067837
1014.000000 0.082830
1015.000000 0.039680
1016.000000 0.076197
1017.000000 0.034456
1018.000000 0.046234
1019.000000 0.089667
1020.000000 0.154922
1021.000000 0.076225
1022.000000 0.028397
1023.000000 0.023437
1024.000000 0.117456
1025.000000 0.107263
1026.000000 0.258632
1027.000000 0.159955
1028.000000 0.184643
1029.000000 0.092023
1030.000000 0.073765
1031.000000 0.077082
1032.000000 0.163454
1033.000000 0.141698
1034.000000 0.047883
1035.000000 0.165317
1036.000000 0.172777
1037.000000 0.034997
1038.000000 0.063122
1039.000000 0.102568
1040.000000 0.302123
1041.000000 0.050096
1042.000000 0.072313
1043.000000 0.047024
1044.000000 0.106671
1045.000000 0.168097
1046.000000 0.139993
1047.000000 0.109407
1048.000000 0.024106
1049.000000 0.064310
1050.000000 0.069455
1051.000000 0.035084
1052.000000 0.148815
1053.000000 0.066234
1054.000000 0.143408
1055.000000 0.022237
1056.000000 0.094920
1057.000000 0.151941
1058.000000 0.244004
1059.000000 0.129461
1060.000000 0.062039
1061.000000 0.118452
1062.000000 0.061440
1063.000000 0.016240
1064.000000 0.090706
1065.000000 0.219374
1066.000000 0.110084
1067.000000 0.018014
1068.000000 0.031985
1069.000000 0.144232
1070.000000 0.057041
1071.000000 0.258092
1072.000000 0.164821
1073.000000 0.059407
1074.000000 0.118652
1075.000000 0.077461
1076.000000 0.246319
1077.000000 0.219171
1078.000000 0.222140
1079.000000 0.088511
1080.000000 0.085658
1081.000000 0.131511
1082.000000 0.117601
1083.000000 0.130860
1084.000000 0.080350
1085.000000 0.084664
1086.000000 0.138905
1087.000000 0.150209
1088.000000 0.156060
1089.000000 0.166825
1090.000000 0.034338
1091.000000 0.072813
1092.000000 0.164987
1093.000000 0.145104
1094.000000 0.210894
1095.000000 0.085732
1096.000000 0.011848
1097.000000 0.025464
1098.000000 0.022349
1099.000000 0.226320
1100.000000 0.111748
1101.000000 0.187318
1102.000000 0.068190
1103.000000 0.064320
1104.000000 0.254044
1105.000000 0.175096
1106.000000 0.061578
1107.000000 0.086768
1108.000000 0.047428
1109.000000 0.110542
1110.000000 0.159426
1111.000000 0.075297
1112.000000 0.059353
1113.000000 0.060194
1114.000000 0.169673
1115.000000 0.288106
1116.000000 0.116977
1117.000000 0.269886
1118.000000 0.227619
1119.000000 0.137042
1120.000000 0.034759
1121.000000 0.134902
1122.000000 0.052033
1123.000000 0.140616
1124.000000 0.094594
1125.000000 0.044899
1126.000000 0.075566
1127.000000 0.047771
1128.000000 0.028184
1129.000000 0.178353
1130.000000 0.192220
1131.000000 0.066013
1132.000000 0.211452
1133.000000 0.186203
1134.000000 0.233891
1135.000000 0.152597
1136.000000 0.153994
1137.000000 0.089438
1138.000000 0.211633
1139.000000 0.129079
1140.000000 0.114909
1141.000000 0.161941
1142.000000 0.166608
1143.000000 0.073041
1144.000000 0.032533
1145.000000 0.229582
1146.000000 0.058962
1147.000000 0.017842
1148.000000 0.096780
1149.000000 0.192233
1150.000000 0.070516
1151.000000 0.197302
1152.000000 0.133766
1153.000000 0.139818
1154.000000 0.049010
1155.000000 0.071237
1156.000000 0.071084
1157.000000 0.117867
1158.000000 0.081188
1159.000000 0.186807
1160.000000 0.170840
1161.000000 0.056547
1162.000000 0.108565
1163.000000 0.117280
1164.000000 0.038064
1165.000000 0.130139
1166.000000 0.096937
1167.000000 0.125715
1168.000000 0.062964
1169.000000 0.092533
1170.000000 0.096261
1171.000000 0.178650
1172.000000 0.224481
1173.000000 0.140557
1174.000000 0.122298
1175.000000 0.140984
1176.000000 0.119224
1177.000000 0.128551
1178.000000 0.048057
1179.000000 0.053866
1180.000000 0.011270
1181.000000 0.038554
1182.000000 0.030266
1183.000000 0.108058
1184.000000 0.185726
1185.000000 0.018968
1186.000000 0.131903
1187.000000 0.138155
1188.000000 0.026658
1189.000000 0.010197
1190.000000 0.057610
1191.000000 0.202670
1192.000000 0.240802
1193.000000 0.133055
1194.000000 0.096159
1195.000000 0.136219
1196.000000 0.129186
1197.000000 0.080275
1198.000000 0.232997
1199.000000 0.198565
1200.000000 0.150413
1201.000000 0.105699
1202.000000 0.061234
1203.000000 0.098349
1204.000000 0.149208
1205.000000 0.017432
1206.000000 0.167458
1207.000000 0.146233
1208.000000 0.118112
1209.000000 0.197694
1210.000000 0.084169
1211.000000 0.166583
1212.000000 0.164805
1213.000000 0.072240
1214.000000 0.081320
1215.000000 0.193460
1216.000000 0.066163
1217.000000 0.115578
1218.000000 0.134239
1219.000000 0.052036
1220.000000 0.125379
1221.000000 0.088210
1222.000000 0.278315
1223.000000 0.262959
1224.000000 0.093924
1225.000000 0.180072
1226.000000 0.154449
1227.000000 0.115586
1228.000000 0.116808
1229.000000 0.017288
1230.000000 0.098999
1231.000000 0.054453
1232.000000 0.117901
1233.000000 0.076222
1234.000000 0.235057
1235.000000 0.071247
1236.000000 0.115610
1237.000000 0.100750
1238.000000 0.066947
1239.000000 0.069918
1240.000000 0.086159
1241.000000 0.279955
1242.000000 0.142145
1243.000000 0.135495
1244.000000 0.024162
1245.000000 0.105415
1246.000000 0.076308
1247.000000 0.157315
1248.000000 0.084432
1249.000000 0.081165
1250.000000 0.075466
1251.000000 0.272955
1252.000000 0.249076
1253.000000 0.095233
1254.000000 0.205400
1255.000000 0.039214
1256.000000 0.088743
1257.000000 0.105066
1258.000000 0.081290
1259.000000 0.065192
1260.000000 0.132847
1261.000000 0.239636
1262.000000 0.184325
1263.000000 0.203583
1264.000000 0.081731
1265.000000 0.099424
1266.000000 0.065717
1267.000000 0.049504
1268.000000 0.050339
1269.000000 0.175667
1270.000000 0.177932
1271.000000 0.015943
1272.000000 0.124182
1273.000000 0.135338
1274.000000 0.195173
1275.000000 0.145660
1276.000000 0.116501
1277.000000 0.112839
1278.000000 0.085983
1279.000000 0.034040
1280.000000 0.077645
1281.000000 0.129595
1282.000000 0.179993
1283.000000 0.192336
1284.000000 0.216860
1285.000000 0.197714
1286.000000 0.172559
1287.000000 0.186715
1288.000000 0.026601
1289.000000 0.113475
1290.000000 0.092273
1291.000000 0.072963
1292.000000 0.122477
1293.000000 0.167269
1294.000000 0.226234
1295.000000 0.136652
1296.000000 0.144107
1297.000000 0.122593
1298.000000 0.075423
1299.000000 0.081594
1300.000000 0.095471
1301.000000 0.025240
1302.000000 0.209922
1303.000000 0.076154
1304.000000 0.266101
1305.000000 0.137462
1306.000000 0.164323
1307.000000 0.090526
1308.000000 0.115638
1309.000000 0.038894
1310.000000 0.079338
1311.000000 0.030384
1312.000000 0.124886
1313.000000 0.145835
1314.000000 0.117667
1315.000000 0.112460
1316.000000 0.247669
1317.000000 0.119365
1318.000000 0.162855
1319.000000 0.072925
1320.000000 0.087259
1321.000000 0.267010
1322.000000 0.142091
1323.000000 0.045549
1324.000000 0.162321
1325.000000 0.115387
1326.000000 0.079124
1327.000000 0.124266
1328.000000 0.072856
1329.000000 0.135597
1330.000000 0.104048
1331.000000 0.142012
1332.000000 0.103871
1333.000000 0.131004
1334.000000 0.099352
1335.000000 0.189536
1336.000000 0.131016
1337.000000 0.091502
1338.000000 0.125512
1339.000000 0.123763
1340.000000 0.237041
1341.000000 0.318401
1342.000000 0.257884
1343.000000 0.285292
1344.000000 0.065545
1345.000000 0.072217
1346.000000 0.107993
1347.000000 0.249233
1348.000000 0.151000
1349.000000 0.084767
1350.000000 0.029895
1351.000000 0.175670
1352.000000 0.155016
1353.000000 0.058861
1354.000000 0.000895
1355.000000 0.295305
1356.000000 0.181869
1357.000000 0.194459
1358.000000 0.102086
1359.000000 0.115420
1360.000000 0.196604
1361.000000 0.027258
1362.000000 0.057261
1363.000000 0.185672
1364.000000 0.161012
1365.000000 0.013723
1366.000000 0.139886
1367.000000 0.048031
1368.000000 0.070716
1369.000000 0.066027
1370.000000 0.136792
1371.000000 0.145538
1372.000000 0.169715
1373.000000 0.152476
1374.000000 0.044203
1375.000000 0.155728
1376.000000 0.146482
1377.000000 0.226414
1378.000000 0.058877
1379.000000 0.057825
1380.000000 0.026711
1381.000000 0.055319
1382.000000 0.080347
1383.000000 0.054450
1384.000000 0.030429
1385.000000 0.064909
1386.000000 0.064119
1387.000000 0.047378
1388.000000 0.153268
1389.000000 0.088692
1390.000000 0.062514
1391.000000 0.103964
1392.000000 0.113919
1393.000000 0.154964
1394.000000 0.079296
1395.000000 0.056979
1396.000000 0.075776
1397.000000 0.167097
1398.000000 0.030140
1399.000000 0.114001
1400.000000 0.088524
1401.000000 0.030723
1402.000000 0.141149
1403.000000 0.055985
1404.000000 0.147801
1405.000000 0.202963
1406.000000 0.109606
1407.000000 0.056414
1408.000000 0.064301
1409.000000 0.216196
1410.000000 0.146402
1411.000000 0.080635
1412.000000 0.071467
1413.000000 0.018037
1414.000000 0.063132
1415.000000 0.004520
1416.000000 0.078514
1417.000000 0.025605
1418.000000 0.133936
1419.000000 0.128478
1420.000000 0.113598
1421.000000 0.090802
1422.000000 0.103084
1423.000000 0.095709
1424.000000 0.029120
1425.000000 0.133267
1426.000000 0.221489
1427.000000 0.084598
1428.000000 0.018968
1429.000000 0.087945
1430.000000 0.130533
1431.000000 0.054047
1432.000000 0.108103
1433.000000 0.105993
1434.000000 0.100914
1435.000000 0.057708
1436.000000 0.121796
1437.000000 0.069003
1438.000000 0.104245
1439.000000 0.171798
1440.000000 0.117538
1441.000000 0.037670
1442.000000 0.128919
1443.000000 0.041832
1444.000000 0.134701
1445.000000 0.035986
1446.000000 0.035500
1447.000000 0.025299
1448.000000 0.080848
1449.000000 0.132237
1450.000000 0.067325
1451.000000 0.102896
1452.000000 0.088228
1453.000000 0.091883
1454.000000 0.108532
1455.000000 0.146871
1456.000000 0.102713
1457.000000 0.189217
1458.000000 0.008616
1459.000000 0.191150
1460.000000 0.109285
1461.000000 0.043348
1462.000000 0.097554
1463.000000 0.041034
1464.000000 0.118335
1465.000000 0.104275
1466.000000 0.168437
1467.000000 0.122895
1468.000000 0.024154
1469.000000 0.072769
1470.000000 0.018302
1471.000000 0.070871
1472.000000 0.101099
1473.000000 0.102074
1474.000000 0.072127
1475.000000 0.063442
1476.000000 0.110103
1477.000000 0.243589
1478.000000 0.161144
1479.000000 0.106335
1480.000000 0.060486
1481.000000 0.075779
1482.000000 0.167200
1483.000000 0.196334
1484.000000 0.119002
1485.000000 0.103363
1486.000000 0.065412
1487.000000 0.093194
1488.000000 0.076663
1489.000000 0.157161
1490.000000 0.168815
1491.000000 0.083898
1492.000000 0.222070
1493.000000 0.105663
1494.000000 0.132150
1495.000000 0.217042
1496.000000 0.115415
1497.000000 0.013835
1498.000000 0.151293
1499.000000 0.178019
1500.000000 0.106020
1501.000000 0.068435
1502.000000 0.044493
1503.000000 0.149937
1504.000000 0.164640
1505.000000 0.055286
1506.000000 0.083033
1507.000000 0.045825
1508.000000 0.068022
1509.000000 0.049358
1510.000000 0.030742
1511.000000 0.184204
1512.000000 0.097202
1513.000000 0.139931
1514.000000 0.115969
1515.000000 0.213843
1516.000000 0.150909
1517.000000 0.196593
1518.000000 0.059105
1519.000000 0.175795
1520.000000 0.101397
1521.000000 0.075281
1522.000000 0.094008
1523.000000 0.116934
1524.000000 0.126529
1525.000000 0.208041
1526.000000 0.104510
1527.000000 0.046105
1528.000000 0.228483
1529.000000 0.198002
1530.000000 0.120413
1531.000000 0.086040
1532.000000 0.085231
1533.000000 0.108876
1534.000000 0.059751
1535.000000 0.081292
1536.000000 0.065815
1537.000000 0.126628
1538.000000 0.049449
1539.000000 0.053194
1540.000000 0.074568
1541.000000 0.160481
1542.000000 0.174743
1543.000000 0.200016
1544.000000 0.081260
1545.000000 0.113225
1546.000000 0.078945
1547.000000 0.144569
1548.000000 0.013032
1549.000000 0.160609
1550.000000 0.061141
1551.000000 0.112137
1552.000000 0.103855
1553.000000 0.158026
1554.000000 0.033054
1555.000000 0.132038
1556.000000 0.065496
1557.000000 0.089610
1558.000000 0.163373
1559.000000 0.099521
1560.000000 0.089956
1561.000000 0.042581
1562.000000 0.116665
1563.000000 0.098936
1564.000000 0.073886
1565.000000 0.068679
1566.000000 0.169824
1567.000000 0.057153
1568.000000 0.216197
1569.000000 0.095948
1570.000000 0.088300
1571.000000 0.047894
1572.000000 0.086285
1573.000000 0.174298
1574.000000 0.086290
1575.000000 0.220365
1576.000000 0.349396
1577.000000 0.026000
1578.000000 0.110309
1579.000000 0.160431
1580.000000 0.097330
1581.000000 0.220850
1582.000000 0.080266
1583.000000 0.154915
1584.000000 0.051588
1585.000000 0.202296
1586.000000 0.257157
1587.000000 0.271119
1588.000000 0.135004
1589.000000 0.233257
1590.000000 0.060749
1591.000000 0.097910
1592.000000 0.129496
1593.000000 0.157550
1594.000000 0.257136
1595.000000 0.242969
1596.000000 0.118825
1597.000000 0.169149
1598.000000 0.158046
1599.000000 0.198699
1600.000000 0.103864
1601.000000 0.123260
1602.000000 0.214854
1603.000000 0.152707
1604.000000 0.059796
1605.000000 0.033887
1606.000000 0.087969
1607.000000 0.109806
1608.000000 0.165081
1609.000000 0.076508
1610.000000 0.080521
1611.000000 0.013826
1612.000000 0.039099
1613.000000 0.086182
1614.000000 0.088098
1615.000000 0.130976
1616.000000 0.139433
1617.000000 0.127818
1618.000000 0.072142
1619.000000 0.103328
1620.000000 0.222682
1621.000000 0.094321
1622.000000 0.228690
1623.000000 0.044805
1624.000000 0.071790
1625.000000 0.107496
1626.000000 0.138066
1627.000000 0.156194
1628.000000 0.177817
1629.000000 0.184042
1630.000000 0.098205
1631.000000 0.069108
1632.000000 0.110525
1633.000000 0.040859
1634.000000 0.102674
1635.000000 0.067329
1636.000000 0.149232
1637.000000 0.199279
1638.000000 0.210312
1639.000000 0.119645
1640.000000 0.121322
1641.000000 0.021580
1642.000000 0.076627
1643.000000 0.086901
1644.000000 0.097707
1645.000000 0.244772
1646.000000 0.128825
1647.000000 0.083445
1648.000000 0.135267
1649.000000 0.098666
1650.000000 0.041686
1651.000000 0.047881
1652.000000 0.097377
1653.000000 0.073279
1654.000000 0.157537
1655.000000 0.030679
1656.000000 0.106222
1657.000000 0.042327
1658.000000 0.065375
1659.000000 0.093355
1660.000000 0.077654
1661.000000 0.088995
1662.000000 0.099835
1663.000000 0.029045
1664.000000 0.044395
1665.000000 0.099743
1666.000000 0.084888
1667.000000 0.124796
1668.000000 0.014706
1669.000000 0.058877
1670.000000 0.093380
1671.000000 0.080437
1672.000000 0.068970
1673.000000 0.032453
1674.000000 0.097137
1675.000000 0.073454
1676.000000 0.167631
1677.000000 0.110897
1678.000000 0.133167
1679.000000 0.197019
1680.000000 0.082863
1681.000000 0.299767
1682.000000 0.218374
1683.000000 0.106690
1684.000000 0.048052
1685.000000 0.087570
1686.000000 0.151976
1687.000000 0.030690
1688.000000 0.068731
1689.000000 0.113206
1690.000000 0.126657
1691.000000 0.079355
1692.000000 0.097133
1693.000000 0.054038
1694.000000 0.230910
1695.000000 0.123246
1696.000000 0.148323
1697.000000 0.255710
1698.000000 0.231193
1699.000000 0.133029
1700.000000 0.107935
1701.000000 0.090532
1702.000000 0.131431
1703.000000 0.014972
1704.000000 0.112629
1705.000000 0.048675
1706.000000 0.128295
1707.000000 0.082327
1708.000000 0.062145
1709.000000 0.023039
1710.000000 0.045707
1711.000000 0.136080
1712.000000 0.143023
1713.000000 0.170641
1714.000000 0.041703
1715.000000 0.113534
1716.000000 0.175455
1717.000000 0.004168
1718.000000 0.126808
1719.000000 0.033470
1720.000000 0.073620
1721.000000 0.264763
1722.000000 0.165315
1723.000000 0.112470
1724.000000 0.193949
1725.000000 0.052435
1726.000000 0.139350
1727.000000 0.223558
1728.000000 0.036871
1729.000000 0.095029
1730.000000 0.036133
1731.000000 0.057432
1732.000000 0.062456
1733.000000 0.039871
1734.000000 0.077692
1735.000000 0.098412
1736.000000 0.035858
1737.000000 0.139723
1738.000000 0.085417
1739.000000 0.128667
1740.000000 0.164772
1741.000000 0.090364
1742.000000 0.033472
1743.000000 0.148900
1744.000000 0.076547
1745.000000 0.086754
1746.000000 0.250555
1747.000000 0.066261
1748.000000 0.081198
1749.000000 0.108571
1750.000000 0.029806
1751.000000 0.217317
1752.000000 0.238561
1753.000000 0.112700
1754.000000 0.073842
1755.000000 0.138038
1756.000000 0.015106
1757.000000 0.143390
1758.000000 0.067737
1759.000000 0.206881
1760.000000 0.141771
1761.000000 0.198581
1762.000000 0.247337
1763.000000 0.028685
1764.000000 0.069582
1765.000000 0.235186
1766.000000 0.041440
1767.000000 0.082341
1768.000000 0.090592
1769.000000 0.168172
1770.000000 0.087309
1771.000000 0.036827
1772.000000 0.043760
1773.000000 0.264686
1774.000000 0.132905
1775.000000 0.135171
1776.000000 0.229588
1777.000000 0.142251
1778.000000 0.267748
1779.000000 0.183566
1780.000000 0.214602
1781.000000 0.295362
1782.000000 0.161688
1783.000000 0.136124
1784.000000 0.220355
1785.000000 0.136963
1786.000000 0.031120
1787.000000 0.025993
1788.000000 0.253255
1789.000000 0.155916
1790.000000 0.046630
1791.000000 0.102564
1792.000000 0.053446
1793.000000 0.191594
1794.000000 0.151948
1795.000000 0.132274
1796.000000 0.120847
1797.000000 0.077750
1798.000000 0.054365
1799.000000 0.073266
1800.000000 0.125135
1801.000000 0.081228
1802.000000 0.214178
1803.000000 0.148365
1804.000000 0.060247
1805.000000 0.095578
1806.000000 0.158240
1807.000000 0.176417
1808.000000 0.134626
1809.000000 0.132755
1810.000000 0.120263
1811.000000 0.069285
1812.000000 0.107111
1813.000000 0.026395
1814.000000 0.188537
1815.000000 0.189993
1816.000000 0.170035
1817.000000 0.070492
1818.000000 0.189303
1819.000000 0.159232
1820.000000 0.151424
1821.000000 0.094182
1822.000000 0.184878
1823.000000 0.062371
1824.000000 0.180478
1825.000000 0.132866
1826.000000 0.128400
1827.000000 0.103710
1828.000000 0.054148
1829.000000 0.095201
1830.000000 0.086919
1831.000000 0.023595
1832.000000 0.033435
1833.000000 0.093816
1834.000000 0.049126
1835.000000 0.098024
1836.000000 0.068799
1837.000000 0.147036
1838.000000 0.015458
1839.000000 0.111578
1840.000000 0.067078
1841.000000 0.182530
1842.000000 0.199007
1843.000000 0.012379
1844.000000 0.018513
1845.000000 0.121664
1846.000000 0.150493
1847.000000 0.077054
1848.000000 0.133408
1849.000000 0.085635
1850.000000 0.119520
1851.000000 0.087324
1852.000000 0.039104
1853.000000 0.116026
1854.000000 0.117382
1855.000000 0.133663
1856.000000 0.205548
1857.000000 0.098725
1858.000000 0.182402
1859.000000 0.247121
1860.000000 0.084077
1861.000000 0.047786
1862.000000 0.054356
1863.000000 0.086826
1864.000000 0.179390
1865.000000 0.127034
1866.000000 0.042989
1867.000000 0.165765
1868.000000 0.146223
1869.000000 0.257907
1870.000000 0.121163
1871.000000 0.043101
1872.000000 0.021849
1873.000000 0.132986
1874.000000 0.093810
1875.000000 0.143360
1876.000000 0.013393
1877.000000 0.064876
1878.000000 0.058263
1879.000000 0.073280
1880.000000 0.120918
1881.000000 0.142428
1882.000000 0.075768
1883.000000 0.141868
1884.000000 0.232055
1885.000000 0.039896
1886.000000 0.091960
1887.000000 0.124634
1888.000000 0.097289
1889.000000 0.120647
1890.000000 0.046299
1891.000000 0.047099
1892.000000 0.164874
1893.000000 0.050839
1894.000000 0.101436
1895.000000 0.182503
1896.000000 0.164872
1897.000000 0.138828
1898.000000 0.088836
1899.000000 0.141627
1900.000000 0.227618
1901.000000 0.045980
1902.000000 0.107453
1903.000000 0.266645
1904.000000 0.144453
1905.000000 0.222317
1906.000000 0.107622
1907.000000 0.061854
1908.000000 0.036948
1909.000000 0.058421
1910.000000 0.246726
1911.000000 0.255320
1912.000000 0.067316
1913.000000 0.136143
1914.000000 0.026253
1915.000000 0.040459
1916.000000 0.240496
1917.000000 0.103269
1918.000000 0.111472
1919.000000 0.133197
1920.000000 0.160323
1921.000000 0.050663
1922.000000 0.096836
1923.000000 0.053545
1924.000000 0.040038
1925.000000 0.009358
1926.000000 0.035685
1927.000000 0.098518
1928.000000 0.157315
1929.000000 0.071787
1930.000000 0.034973
1931.000000 0.097085
1932.000000 0.174466
1933.000000 0.078656
1934.000000 0.020747
1935.000000 0.068682
1936.000000 0.193549
1937.000000 0.147529
1938.000000 0.048099
1939.000000 0.132006
1940.000000 0.075376
1941.000000 0.126270
1942.000000 0.182058
1943.000000 0.091094
1944.000000 0.169205
1945.000000 0.029488
1946.000000 0.145725
1947.000000 0.168142
1948.000000 0.072956
1949.000000 0.122069
1950.000000 0.094793
1951.000000 0.157691
1952.000000 0.244407
1953.000000 0.138355
1954.000000 0.136722
1955.000000 0.007786
1956.000000 0.165853
1957.000000 0.026681
1958.000000 0.086373
1959.000000 0.093824
1960.000000 0.120223
1961.000000 0.163673
1962.000000 0.045754
1963.000000 0.059450
1964.000000 0.024477
1965.000000 0.145936
1966.000000 0.042597
1967.000000 0.119206
1968.000000 0.052909
1969.000000 0.147626
1970.000000 0.099716
1971.000000 0.201209
1972.000000 0.114071
1973.000000 0.052362
1974.000000 0.159256
1975.000000 0.288756
1976.000000 0.061069
1977.000000 0.157930
1978.000000 0.042859
1979.000000 0.028952
1980.000000 0.018854
1981.000000 0.106519
1982.000000 0.214356
1983.000000 0.137508
1984.000000 0.098055
1985.000000 0.099910
1986.000000 0.100513
1987.000000 0.108944
1988.000000 0.034027
1989.000000 0.092922
1990.000000 0.139774
1991.000000 0.163531
1992.000000 0.187618
1993.000000 0.102697
1994.000000 0.240105
1995.000000 0.091814
1996.000000 0.191439
1997.000000 0.139778
1998.000000 0.064111
1999.000000 0.168549
2000.000000 0.074575
2001.000000 0.071312
2002.000000 0.101537
2003.000000 0.230876
2004.000000 0.206884
2005.000000 0.278220
2006.000000 0.073176
2007.000000 0.123491
2008.000000 0.199935
2009.000000 0.137318
2010.000000 0.106390
2011.000000 0.094369
2012.000000 0.142593
2013.000000 0.130348
2014.000000 0.149919
2015.000000 0.133470
2016.000000 0.041917
2017.000000 0.050694
2018.000000 0.178863
2019.000000 0.154821
2020.000000 0.161772
2021.000000 0.097826
2022.000000 0.126957
2023.000000 0.184181
2024.000000 0.047771
2025.000000 0.119307
2026.000000 0.152935
2027.000000 0.057998
2028.000000 0.058958
2029.000000 0.133337
2030.000000 0.041687
2031.000000 0.128863
2032.000000 0.051098
2033.000000 0.331373
2034.000000 0.113529
2035.000000 0.066131
2036.000000 0.110938
2037.000000 0.043666
2038.000000 0.137220
2039.000000 0.128220
2040.000000 0.183220
2041.000000 0.135903
2042.000000 0.242930
2043.000000 0.185556
2044.000000 0.135957
2045.000000 0.116959
2046.000000 0.098366
2047.000000 0.233659
2048.000000 0.181903
2049.000000 0.032041
2050.000000 0.107587
2051.000000 0.148747
2052.000000 0.111944
2053.000000 0.248829
2054.000000 0.143592
2055.000000 0.171477
2056.000000 0.150603
2057.000000 0.110546
2058.000000 0.133979
2059.000000 0.207441
2060.000000 0.178509
2061.000000 0.142320
2062.000000 0.022310
2063.000000 0.120618
2064.000000 0.058519
2065.000000 0.038546
2066.000000 0.120296
2067.000000 0.050707
2068.000000 0.157783
2069.000000 0.157654
2070.000000 0.145823
2071.000000 0.105439
2072.000000 0.133223
2073.000000 0.072617
2074.000000 0.199003
2075.000000 0.182709
2076.000000 0.058068
2077.000000 0.178312
2078.000000 0.081880
2079.000000 0.183937
2080.000000 0.211279
2081.000000 0.183486
2082.000000 0.092243
2083.000000 0.062358
2084.000000 0.127533
2085.000000 0.022905
2086.000000 0.144186
2087.000000 0.105124
2088.000000 0.017595
2089.000000 0.131791
2090.000000 0.154056
2091.000000 0.117574
2092.000000 0.020341
2093.000000 0.031945
2094.000000 0.027605
2095.000000 0.115378
2096.000000 0.196973
2097.000000 0.135259
2098.000000 0.067372
2099.000000 0.090684
2100.000000 0.044312
2101.000000 0.029726
2102.000000 0.073750
2103.000000 0.142658
2104.000000 0.201106
2105.000000 0.177834
2106.000000 0.098220
2107.000000 0.166712
2108.000000 0.130323
2109.000000 0.149024
2110.000000 0.034866
2111.000000 0.145084
2112.000000 0.182174
2113.000000 0.070171
2114.000000 0.119644
2115.000000 0.099101
2116.000000 0.004562
2117.000000 0.072454
2118.000000 0.053112
2119.000000 0.082769
2120.000000 0.192631
2121.000000 0.148060
2122.000000 0.083789
2123.000000 0.149951
2124.000000 0.050366
2125.000000 0.093570
2126.000000 0.106130
2127.000000 0.057749
2128.000000 0.041600
2129.000000 0.142145
2130.000000 0.049732
2131.000000 0.177898
2132.000000 0.105366
2133.000000 0.158567
2134.000000 0.139502
2135.000000 0.168003
2136.000000 0.075822
2137.000000 0.151178
2138.000000 0.122927
2139.000000 0.048664
2140.000000 0.110854
2141.000000 0.120627
2142.000000 0.028629
2143.000000 0.189975
2144.000000 0.107548
2145.000000 0.066661
2146.000000 0.066031
2147.000000 0.089734
2148.000000 0.045998
2149.000000 0.024357
2150.000000 0.100117
2151.000000 0.187742
2152.000000 0.099445
2153.000000 0.106117
2154.000000 0.142167
2155.000000 0.144551
2156.000000 0.157121
2157.000000 0.127513
2158.000000 0.111543
2159.000000 0.007524
2160.000000 0.059660
2161.000000 0.046491
2162.000000 0.182860
2163.000000 0.027988
2164.000000 0.097209
2165.000000 0.189110
2166.000000 0.075274
2167.000000 0.113289
2168.000000 0.156295
2169.000000 0.032035
2170.000000 0.130457
2171.000000 0.059974
2172.000000 0.063731
2173.000000 0.091044
2174.000000 0.067981
2175.000000 0.085692
2176.000000 0.219031
2177.000000 0.199900
2178.000000 0.172898
2179.000000 0.150171
2180.000000 0.183657
2181.000000 0.180390
2182.000000 0.040099
2183.000000 0.067847
2184.000000 0.184320
2185.000000 0.116819
2186.000000 0.007625
2187.000000 0.029013
2188.000000 0.145660
2189.000000 0.179461
2190.000000 0.186582
2191.000000 0.062922
2192.000000 0.205530
2193.000000 0.099809
2194.000000 0.079580
2195.000000 0.015521
2196.000000 0.090580
2197.000000 0.152677
2198.000000 0.203525
2199.000000 0.036019
2200.000000 0.137439
2201.000000 0.101221
2202.000000 0.108510
2203.000000 0.044439
2204.000000 0.077256
2205.000000 0.067903
2206.000000 0.118626
2207.000000 0.201835
2208.000000 0.190614
2209.000000 0.156178
2210.000000 0.160794
2211.000000 0.110753
2212.000000 0.173953
2213.000000 0.157196
2214.000000 0.201929
2215.000000 0.193547
2216.000000 0.219644
2217.000000 0.215482
2218.000000 0.097860
2219.000000 0.035712
2220.000000 0.025867
2221.000000 0.069107
2222.000000 0.095973
2223.000000 0.113528
2224.000000 0.090405
2225.000000 0.193387
2226.000000 0.237080
2227.000000 0.115114
2228.000000 0.037768
2229.000000 0.156012
2230.000000 0.083536
2231.000000 0.215605
2232.000000 0.202689
2233.000000 0.254499
2234.000000 0.083701
2235.000000 0.056826
2236.000000 0.113436
2237.000000 0.314602
2238.000000 0.124766
2239.000000 0.105027
2240.000000 0.276630
2241.000000 0.144034
2242.000000 0.037584
2243.000000 0.164359
2244.000000 0.181762
2245.000000 0.056041
2246.000000 0.138424
2247.000000 0.021238
2248.000000 0.079102
2249.000000 0.121871
2250.000000 0.114081
2251.000000 0.088072
2252.000000 0.134005
2253.000000 0.233951
2254.000000 0.167193
2255.000000 0.035315
2256.000000 0.124654
2257.000000 0.130226
2258.000000 0.078637
2259.000000 0.107979
2260.000000 0.114448
2261.000000 0.072768
2262.000000 0.048960
2263.000000 0.142636
2264.000000 0.089022
2265.000000 0.156630
2266.000000 0.096229
2267.000000 0.044792
2268.000000 0.002236
2269.000000 0.177378
2270.000000 0.136685
2271.000000 0.208843
2272.000000 0.184194
2273.000000 0.040615
2274.000000 0.026405
2275.000000 0.121473
2276.000000 0.139454
2277.000000 0.050858
2278.000000 0.054860
2279.000000 0.168282
2280.000000 0.142845
2281.000000 0.125827
2282.000000 0.093456
2283.000000 0.168099
2284.000000 0.089640
2285.000000 0.049010
2286.000000 0.104583
2287.000000 0.089895
2288.000000 0.099466
2289.000000 0.049254
2290.000000 0.137812
2291.000000 0.220070
2292.000000 0.186168
2293.000000 0.087678
2294.000000 0.052060
2295.000000 0.153076
2296.000000 0.115549
2297.000000 0.107970
2298.000000 0.058952
2299.000000 0.085486
2300.000000 0.106685
2301.000000 0.070683
2302.000000 0.169007
2303.000000 0.144013
2304.000000 0.178388
2305.000000 0.262994
2306.000000 0.173662
2307.000000 0.159651
2308.000000 0.150600
2309.000000 0.073483
2310.000000 0.063368
2311.000000 0.091802
2312.000000 0.134565
2313.000000 0.188765
2314.000000 0.233885
2315.000000 0.078573
2316.000000 0.124313
2317.000000 0.130749
2318.000000 0.150814
2319.000000 0.160178
2320.000000 0.073040
2321.000000 0.059558
2322.000000 0.072914
2323.000000 0.081741
2324.000000 0.098322
2325.000000 0.045026
2326.000000 0.119888
2327.000000 0.041997
2328.000000 0.086720
2329.000000 0.082704
2330.000000 0.051454
2331.000000 0.088501
2332.000000 0.170090
2333.000000 0.159464
2334.000000 0.052487
2335.000000 0.236557
2336.000000 0.314091
2337.000000 0.214054
2338.000000 0.076077
2339.000000 0.081072
2340.000000 0.064219
2341.000000 0.043397
2342.000000 0.117784
2343.000000 0.077207
2344.000000 0.154278
2345.000000 0.138979
2346.000000 0.068348
2347.000000 0.150046
2348.000000 0.096182
2349.000000 0.132073
2350.000000 0.141083
2351.000000 0.057679
2352.000000 0.111327
2353.000000 0.042743
2354.000000 0.250930
2355.000000 0.084576
2356.000000 0.105111
2357.000000 0.093943
2358.000000 0.187115
2359.000000 0.381344
2360.000000 0.187852
2361.000000 0.107436
2362.000000 0.064142
2363.000000 0.264499
2364.000000 0.135792
2365.000000 0.242851
2366.000000 0.229208
2367.000000 0.132772
2368.000000 0.166555
2369.000000 0.147884
2370.000000 0.168140
2371.000000 0.163570
2372.000000 0.094548
2373.000000 0.061452
2374.000000 0.076046
2375.000000 0.075920
2376.000000 0.103604
2377.000000 0.033558
2378.000000 0.149014
2379.000000 0.057767
2380.000000 0.081665
2381.000000 0.084402
2382.000000 0.139026
2383.000000 0.175701
2384.000000 0.140609
2385.000000 0.156322
2386.000000 0.116857
2387.000000 0.117502
2388.000000 0.137871
2389.000000 0.147075
2390.000000 0.181854
2391.000000 0.038999
2392.000000 0.099811
2393.000000 0.022855
2394.000000 0.131116
2395.000000 0.093060
2396.000000 0.091182
2397.000000 0.017899
2398.000000 0.115133
2399.000000 0.150634
2400.000000 0.050591
2401.000000 0.122098
2402.000000 0.280633
2403.000000 0.142618
2404.000000 0.124182
2405.000000 0.160065
2406.000000 0.260174
2407.000000 0.131112
2408.000000 0.133253
2409.000000 0.301232
2410.000000 0.142725
2411.000000 0.096760
2412.000000 0.201705
2413.000000 0.063269
2414.000000 0.131477
2415.000000 0.090904
2416.000000 0.032414
2417.000000 0.090239
2418.000000 0.026487
2419.000000 0.090971
2420.000000 0.028093
2421.000000 0.150043
2422.000000 0.069954
2423.000000 0.087649
2424.000000 0.150890
2425.000000 0.154107
2426.000000 0.201001
2427.000000 0.140083
2428.000000 0.177310
2429.000000 0.124704
2430.000000 0.023869
2431.000000 0.156862
2432.000000 0.112667
2433.000000 0.118379
2434.000000 0.136966
2435.000000 0.153916
2436.000000 0.159202
2437.000000 0.132093
2438.000000 0.025217
2439.000000 0.048137
2440.000000 0.049790
2441.000000 0.185976
2442.000000 0.067439
2443.000000 0.196339
2444.000000 0.171761
2445.000000 0.165275
2446.000000 0.126057
2447.000000 0.073293
2448.000000 0.076014
2449.000000 0.036438
2450.000000 0.113422
2451.000000 0.175836
2452.000000 0.169737
2453.000000 0.112554
2454.000000 0.122798
2455.000000 0.058941
2456.000000 0.015996
2457.000000 0.154360
2458.000000 0.100730
2459.000000 0.127660
2460.000000 0.156903
2461.000000 0.202169
2462.000000 0.121985
2463.000000 0.121283
2464.000000 0.179830
2465.000000 0.016100
2466.000000 0.145823
2467.000000 0.153311
2468.000000 0.057372
2469.000000 0.080914
2470.000000 0.093036
2471.000000 0.280036
2472.000000 0.245730
2473.000000 0.104162
2474.000000 0.165744
2475.000000 0.169158
2476.000000 0.206027
2477.000000 0.167245
2478.000000 0.148196
2479.000000 0.175463
2480.000000 0.149750
2481.000000 0.141984
2482.000000 0.137281
2483.000000 0.200396
2484.000000 0.090258
2485.000000 0.138732
2486.000000 0.100390
2487.000000 0.145560
2488.000000 0.184999
2489.000000 0.142717
2490.000000 0.107578
2491.000000 0.092138
2492.000000 0.153595
2493.000000 0.094931
2494.000000 0.163850
2495.000000 0.091076
2496.000000 0.120500
2497.000000 0.097165
2498.000000 0.087186
2499.000000 0.368024
2500.000000 0.187141
2501.000000 0.086451
2502.000000 0.104261
2503.000000 0.088705
2504.000000 0.060180
2505.000000 0.090136
2506.000000 0.070023
2507.000000 0.048585
2508.000000 0.265296
2509.000000 0.166229
2510.000000 0.191870
2511.000000 0.112205
2512.000000 0.091988
2513.000000 0.089737
2514.000000 0.136910
2515.000000 0.101806
2516.000000 0.134083
2517.000000 0.190450
2518.000000 0.172613
2519.000000 0.122028
2520.000000 0.214703
2521.000000 0.127665
2522.000000 0.260412
2523.000000 0.035865
2524.000000 0.056047
2525.000000 0.113942
2526.000000 0.077829
2527.000000 0.149805
2528.000000 0.049548
2529.000000 0.191586
2530.000000 0.086719
2531.000000 0.249931
2532.000000 0.260936
2533.000000 0.162428
2534.000000 0.140023
2535.000000 0.186382
2536.000000 0.222218
2537.000000 0.172341
2538.000000 0.187379
2539.000000 0.107743
2540.000000 0.093082
2541.000000 0.139041
2542.000000 0.021055
2543.000000 0.230481
2544.000000 0.091546
2545.000000 0.172592
2546.000000 0.184549
2547.000000 0.054533
2548.000000 0.081346
2549.000000 0.027517
2550.000000 0.147973
2551.000000 0.146091
2552.000000 0.155326
2553.000000 0.069106
2554.000000 0.224693
2555.000000 0.014936
2556.000000 0.134029
2557.000000 0.202547
2558.000000 0.178035
2559.000000 0.102305
2560.000000 0.041915
2561.000000 0.042113
2562.000000 0.018406
2563.000000 0.043755
2564.000000 0.147852
2565.000000 0.119507
2566.000000 0.205688
2567.000000 0.148233
2568.000000 0.125248
2569.000000 0.111762
2570.000000 0.079972
2571.000000 0.090669
2572.000000 0.017569
2573.000000 0.037306
2574.000000 0.026774
2575.000000 0.184830
2576.000000 0.123587
2577.000000 0.243975
2578.000000 0.163608
2579.000000 0.147594
2580.000000 0.251099
2581.000000 0.037637
2582.000000 0.102864
2583.000000 0.098576
2584.000000 0.121227
2585.000000 0.132668
2586.000000 0.146064
2587.000000 0.047451
2588.000000 0.149762
2589.000000 0.172732
2590.000000 0.177324
2591.000000 0.153299
2592.000000 0.246841
2593.000000 0.192419
2594.000000 0.046529
2595.000000 0.090542
2596.000000 0.151697
2597.000000 0.078289
2598.000000 0.078211
2599.000000 0.114451
2600.000000 0.205038
2601.000000 0.231816
2602.000000 0.092324
2603.000000 0.054212
2604.000000 0.105294
2605.000000 0.122446
2606.000000 0.122023
2607.000000 0.062363
2608.000000 0.170072
2609.000000 0.069271
2610.000000 0.090109
2611.000000 0.317346
2612.000000 0.212200
2613.000000 0.048186
2614.000000 0.231147
2615.000000 0.024271
2616.000000 0.119961
2617.000000 0.111841
2618.000000 0.057332
2619.000000 0.032019
2620.000000 0.109451
2621.000000 0.068066
2622.000000 0.060451
2623.000000 0.164017
2624.000000 0.177961
2625.000000 0.102294
2626.000000 0.171025
2627.000000 0.149646
2628.000000 0.170697
2629.000000 0.130757
2630.000000 0.051448
2631.000000 0.068531
2632.000000 0.121693
2633.000000 0.077480
2634.000000 0.253440
2635.000000 0.088132
2636.000000 0.093406
2637.000000 0.048025
2638.000000 0.120089
2639.000000 0.076755
2640.000000 0.069737
2641.000000 0.157018
2642.000000 0.121841
2643.000000 0.105330
2644.000000 0.112497
2645.000000 0.051585
2646.000000 0.195683
2647.000000 0.115522
2648.000000 0.032934
2649.000000 0.063348
2650.000000 0.034825
2651.000000 0.174341
2652.000000 0.078688
2653.000000 0.033335
2654.000000 0.200769
2655.000000 0.211859
2656.000000 0.150208
2657.000000 0.188768
2658.000000 0.077667
2659.000000 0.058164
2660.000000 0.109927
2661.000000 0.022618
2662.000000 0.239988
2663.000000 0.080422
2664.000000 0.035264
2665.000000 0.044695
2666.000000 0.211698
2667.000000 0.086141
2668.000000 0.082303
2669.000000 0.175678
2670.000000 0.053574
2671.000000 0.112416
2672.000000 0.143992
2673.000000 0.045543
2674.000000 0.056837
2675.000000 0.119763
2676.000000 0.134067
2677.000000 0.215159
2678.000000 0.020786
2679.000000 0.159827
2680.000000 0.143836
2681.000000 0.186568
2682.000000 0.140477
2683.000000 0.055690
2684.000000 0.074572
2685.000000 0.007503
2686.000000 0.075967
2687.000000 0.008564
2688.000000 0.125903
2689.000000 0.088108
2690.000000 0.186845
2691.000000 0.136627
2692.000000 0.225527
2693.000000 0.091452
2694.000000 0.109264
2695.000000 0.110608
2696.000000 0.082393
2697.000000 0.063625
2698.000000 0.234483
2699.000000 0.104501
2700.000000 0.191086
2701.000000 0.287637
2702.000000 0.057773
2703.000000 0.113737
2704.000000 0.065431
2705.000000 0.142169
2706.000000 0.249671
2707.000000 0.063221
2708.000000 0.069973
2709.000000 0.099497
2710.000000 0.104748
2711.000000 0.062447
2712.000000 0.097884
2713.000000 0.115231
2714.000000 0.114341
2715.000000 0.043952
2716.000000 0.024870
2717.000000 0.140857
2718.000000 0.111631
2719.000000 0.215404
2720.000000 0.089914
2721.000000 0.139520
2722.000000 0.084309
2723.000000 0.118813
2724.000000 0.180108
2725.000000 0.010285
2726.000000 0.048271
2727.000000 0.093675
2728.000000 0.132270
2729.000000 0.130418
2730.000000 0.038976
2731.000000 0.118741
2732.000000 0.174749
2733.000000 0.156634
2734.000000 0.152364
2735.000000 0.209257
2736.000000 0.050712
2737.000000 0.085618
2738.000000 0.219442
2739.000000 0.037519
2740.000000 0.142818
2741.000000 0.202651
2742.000000 0.196234
2743.000000 0.203960
2744.000000 0.092519
2745.000000 0.163483
2746.000000 0.020396
2747.000000 0.098800
2748.000000 0.066710
2749.000000 0.117909
2750.000000 0.161428
2751.000000 0.091570
2752.000000 0.239660
2753.000000 0.081344
2754.000000 0.138729
2755.000000 0.102111
2756.000000 0.098311
2757.000000 0.100850
2758.000000 0.098198
2759.000000 0.123483
2760.000000 0.147176
2761.000000 0.143027
2762.000000 0.069006
2763.000000 0.045408
2764.000000 0.089483
2765.000000 0.146637
2766.000000 0.192295
2767.000000 0.161626
2768.000000 0.232903
2769.000000 0.080147
2770.000000 0.090226
2771.000000 0.058435
2772.000000 0.257273
2773.000000 0.161959
2774.000000 0.128500
2775.000000 0.154092
2776.000000 0.141851
2777.000000 0.183736
2778.000000 0.220113
2779.000000 0.354852
2780.000000 0.160802
2781.000000 0.060285
2782.000000 0.076137
2783.000000 0.097685
2784.000000 0.183138
2785.000000 0.026770
2786.000000 0.151316
2787.000000 0.151671
2788.000000 0.087821
2789.000000 0.143296
2790.000000 0.023103
2791.000000 0.072756
2792.000000 0.172361
2793.000000 0.161565
2794.000000 0.107371
2795.000000 0.088988
2796.000000 0.031620
2797.000000 0.182984
2798.000000 0.107201
2799.000000 0.114912
2800.000000 0.026233
2801.000000 0.056250
2802.000000 0.154513
2803.000000 0.108249
2804.000000 0.164989
2805.000000 0.142753
2806.000000 0.023490
2807.000000 0.113076
2808.000000 0.058194
2809.000000 0.109952
2810.000000 0.103074
2811.000000 0.246740
2812.000000 0.042402
2813.000000 0.062323
2814.000000 0.095063
2815.000000 0.061189
2816.000000 0.120985
2817.000000 0.079449
2818.000000 0.197032
2819.000000 0.062588
2820.000000 0.088903
2821.000000 0.239510
2822.000000 0.083018
2823.000000 0.156056
2824.000000 0.065347
2825.000000 0.134862
2826.000000 0.119233
2827.000000 0.076191
2828.000000 0.016401
2829.000000 0.049985
2830.000000 0.159984
2831.000000 0.112159
2832.000000 0.137066
2833.000000 0.192584
2834.000000 0.096167
2835.000000 0.120091
2836.000000 0.163901
2837.000000 0.144221
2838.000000 0.111772
2839.000000 0.058814
2840.000000 0.028584
2841.000000 0.141459
2842.000000 0.060666
2843.000000 0.130199
2844.000000 0.195908
2845.000000 0.119347
2846.000000 0.081566
2847.000000 0.037162
2848.000000 0.130773
2849.000000 0.033912
2850.000000 0.048365
2851.000000 0.112997
2852.000000 0.100278
2853.000000 0.080250
2854.000000 0.049456
2855.000000 0.064276
2856.000000 0.179103
2857.000000 0.173768
2858.000000 0.073288
2859.000000 0.067808
2860.000000 0.078155
2861.000000 0.061363
2862.000000 0.109783
2863.000000 0.111838
2864.000000 0.043866
2865.000000 0.072505
2866.000000 0.140535
2867.000000 0.107315
2868.000000 0.045991
2869.000000 0.130524
2870.000000 0.195223
2871.000000 0.114455
2872.000000 0.020991
2873.000000 0.102619
2874.000000 0.176359
2875.000000 0.091501
2876.000000 0.075304
2877.000000 0.026900
2878.000000 0.111345
2879.000000 0.064714
2880.000000 0.028585
2881.000000 0.073480
2882.000000 0.026526
2883.000000 0.018946
2884.000000 0.077532
2885.000000 0.105612
2886.000000 0.131323
2887.000000 0.082676
2888.000000 0.135138
2889.000000 0.109024
2890.000000 0.027336
2891.000000 0.140319
2892.000000 0.099568
2893.000000 0.093346
2894.000000 0.090304
2895.000000 0.150941
2896.000000 0.155126
2897.000000 0.074506
2898.000000 0.060506
2899.000000 0.142712
2900.000000 0.081927
2901.000000 0.094036
2902.000000 0.285959
2903.000000 0.166331
2904.000000 0.024987
2905.000000 0.124948
2906.000000 0.165523
2907.000000 0.173812
2908.000000 0.144481
2909.000000 0.174193
2910.000000 0.093083
2911.000000 0.092797
2912.000000 0.027163
2913.000000 0.033950
2914.000000 0.052983
2915.000000 0.187142
2916.000000 0.105898
2917.000000 0.062207
2918.000000 0.078804
2919.000000 0.162115
2920.000000 0.244380
2921.000000 0.151492
2922.000000 0.104717
2923.000000 0.085292
2924.000000 0.216658
2925.000000 0.137113
2926.000000 0.261362
2927.000000 0.077920
2928.000000 0.123881
2929.000000 0.165804
2930.000000 0.086582
2931.000000 0.141075
2932.000000 0.091579
2933.000000 0.241681
2934.000000 0.135820
2935.000000 0.233044
2936.000000 0.094714
2937.000000 0.082278
2938.000000 0.116756
2939.000000 0.146094
2940.000000 0.060696
2941.000000 0.132519
2942.000000 0.158610
2943.000000 0.151871
2944.000000 0.167733
2945.000000 0.036207
2946.000000 0.093068
2947.000000 0.069034
2948.000000 0.038122
2949.000000 0.166896
2950.000000 0.065878
2951.000000 0.139335
2952.000000 0.146599
2953.000000 0.122054
2954.000000 0.143568
2955.000000 0.009095
2956.000000 0.112244
2957.000000 0.039523
2958.000000 0.066614
2959.000000 0.332547
2960.000000 0.099576
2961.000000 0.176082
2962.000000 0.054823
2963.000000 0.121117
2964.000000 0.101844
2965.000000 0.249220
2966.000000 0.150605
2967.000000 0.077796
2968.000000 0.072931
2969.000000 0.138124
2970.000000 0.237969
2971.000000 0.153074
2972.000000 0.051306
2973.000000 0.090912
2974.000000 0.044361
2975.000000 0.012942
2976.000000 0.083351
2977.000000 0.143384
2978.000000 0.211611
2979.000000 0.040392
2980.000000 0.207515
2981.000000 0.059344
2982.000000 0.089711
2983.000000 0.036990
2984.000000 0.027111
2985.000000 0.143540
2986.000000 0.141918
2987.000000 0.086964
2988.000000 0.107225
2989.000000 0.167477
2990.000000 0.130887
2991.000000 0.142304
2992.000000 0.064008
2993.000000 0.124501
2994.000000 0.208813
2995.000000 0.065677
2996.000000 0.084139
2997.000000 0.045238
2998.000000 0.079893
2999.000000 0.097264
3000.000000 0.090239
