0.000000 0.246320
1.000000 0.131427
2.000000 0.347383
3.000000 0.468187
4.000000 0.061344
5.000000 0.417563
6.000000 0.078968
7.000000 0.122480
8.000000 0.069686
9.000000 0.283416
10.000000 0.081219
11.000000 0.150680
12.000000 0.123973
13.000000 0.056081
14.000000 0.132549
15.000000 0.341319
16.000000 0.410750
17.000000 0.378864
18.000000 0.108505
19.000000 0.241255
20.000000 0.326599
21.000000 0.038379
22.000000 0.243114
23.000000 0.213464
24.000000 0.175393
25.000000 0.088342
26.000000 0.311027
27.000000 0.328082
28.000000 0.082487
29.000000 0.353294
30.000000 0.144859
31.000000 0.210472
32.000000 0.210467
33.000000 0.317626
34.000000 0.206222
35.000000 0.131135
36.000000 0.204593
37.000000 0.316485
38.000000 0.141372
39.000000 0.398583
40.000000 0.465134
41.000000 0.200303
42.000000 0.143179
43.000000 0.167689
44.000000 0.147567
45.000000 0.429976
46.000000 0.102982
47.000000 0.343641
48.000000 0.127929
49.000000 0.269564
50.000000 0.207845
51.000000 0.288508
52.000000 0.173287
53.000000 0.159866
54.000000 0.271957
55.000000 0.142611
56.000000 0.033857
57.000000 0.125975
58.000000 0.391430
59.000000 0.114688
60.000000 0.187909
61.000000 0.066894
62.000000 0.284158
63.000000 0.173055
64.000000 0.083964
65.000000 0.302395
66.000000 0.051913
67.000000 0.228790
68.000000 0.094352
69.000000 0.200165
70.000000 0.393217
71.000000 0.230571
72.000000 0.137869
73.000000 0.332277
74.000000 0.084915
75.000000 0.193024
76.000000 0.140186
77.000000 0.410926
78.000000 0.235101
79.000000 0.013489
80.000000 0.140253
81.000000 0.316806
82.000000 0.111350
83.000000 0.371372
84.000000 0.156652
85.000000 0.217168
86.000000 0.116954
87.000000 0.194510
88.000000 0.320020
89.000000 0.301891
90.000000 0.429483
91.000000 0.260486
92.000000 0.121764
93.000000 0.566954
94.000000 0.222075
95.000000 0.155700
96.000000 0.102448
97.000000 0.346753
98.000000 0.068341
99.000000 0.236401
100.000000 0.373774
101.000000 0.309791
102.000000 0.119938
103.000000 0.179833
104.000000 0.083021
105.000000 0.119821
106.000000 0.199995
107.000000 0.178989
108.000000 0.090251
109.000000 0.311630
110.000000 0.338959
111.000000 0.062241
112.000000 0.274364
113.000000 0.115965
114.000000 0.185615
115.000000 0.157760
116.000000 0.078660
117.000000 0.143561
118.000000 0.261596
119.000000 0.029278
120.000000 0.290474
121.000000 0.107534
122.000000 0.101649
123.000000 0.170804
124.000000 0.186277
125.000000 0.066779
126.000000 0.288211
127.000000 0.197612
128.000000 0.153015
129.000000 0.323999
130.000000 0.346074
131.000000 0.207714
132.000000 0.266010
133.000000 0.429235
134.000000 0.530905
135.000000 0.078690
136.000000 0.101241
137.000000 0.105314
138.000000 0.184060
139.000000 0.232220
140.000000 0.065670
141.000000 0.100920
142.000000 0.276306
143.000000 0.120058
144.000000 0.140257
145.000000 0.013310
146.000000 0.371020
147.000000 0.252253
148.000000 0.430155
149.000000 0.219393
150.000000 0.174807
151.000000 0.337514
152.000000 0.263737
153.000000 0.197895
154.000000 0.276951
155.000000 0.099826
156.000000 0.264370
157.000000 0.254597
158.000000 0.334580
159.000000 0.044699
160.000000 0.124494
161.000000 0.297968
162.000000 0.318295
163.000000 0.192298
164.000000 0.446260
165.000000 0.264258
166.000000 0.087863
167.000000 0.269597
168.000000 0.278241
169.000000 0.308915
170.000000 0.138610
171.000000 0.242025
172.000000 0.436781
173.000000 0.147616
174.000000 0.262147
175.000000 0.028730
176.000000 0.150803
177.000000 0.343555
178.000000 0.120964
179.000000 0.103768
180.000000 0.293398
181.000000 0.194420
182.000000 0.124736
183.000000 0.312932
184.000000 0.399916
185.000000 0.173192
186.000000 0.163372
187.000000 0.287082
188.000000 0.381410
189.000000 0.269607
190.000000 0.271370
191.000000 0.215802
192.000000 0.142413
193.000000 0.129806
194.000000 0.515371
195.000000 0.163083
196.000000 0.317149
197.000000 0.199908
198.000000 0.131940
199.000000 0.068207
200.000000 0.088251
201.000000 0.118061
202.000000 0.134624
203.000000 0.340503
204.000000 0.381852
205.000000 0.171839
206.000000 0.159812
207.000000 0.385701
208.000000 0.288004
209.000000 0.296046
210.000000 0.149242
211.000000 0.275824
212.000000 0.299077
213.000000 0.290282
214.000000 0.182044
215.000000 0.139013
216.000000 0.333175
217.000000 0.296823
218.000000 0.129709
219.000000 0.267021
220.000000 0.314823
221.000000 0.211837
222.000000 0.190666
223.000000 0.051170
224.000000 0.529259
225.000000 0.115968
226.000000 0.443366
227.000000 0.061340
228.000000 0.210643
229.000000 0.201785
230.000000 0.306963
231.000000 0.143558
232.000000 0.132741
233.000000 0.120316
234.000000 0.059672
235.000000 0.229852
236.000000 0.344745
237.000000 0.472640
238.000000 0.349617
239.000000 0.090689
240.000000 0.133133
241.000000 0.147074
242.000000 0.209417
243.000000 0.083310
244.000000 0.048033
245.000000 0.166284
246.000000 0.195102
247.000000 0.227291
248.000000 0.089081
249.000000 0.187681
250.000000 0.213203
251.000000 0.124209
252.000000 0.060142
253.000000 0.179122
254.000000 0.240544
255.000000 0.044821
256.000000 0.252639
257.000000 0.346876
258.000000 0.034784
259.000000 0.324265
260.000000 0.096416
261.000000 0.325640
262.000000 0.127930
263.000000 0.254308
264.000000 0.211034
265.000000 0.273882
266.000000 0.281531
267.000000 0.387415
268.000000 0.278828
269.000000 0.164460
270.000000 0.211345
271.000000 0.575080
272.000000 0.321467
273.000000 0.345861
274.000000 0.284820
275.000000 0.135225
276.000000 0.180182
277.000000 0.045728
278.000000 0.110404
279.000000 0.406445
280.000000 0.165103
281.000000 0.093592
282.000000 0.176359
283.000000 0.418943
284.000000 0.270245
285.000000 0.104414
286.000000 0.205544
287.000000 0.086144
288.000000 0.196703
289.000000 0.225988
290.000000 0.280912
291.000000 0.182008
292.000000 0.330131
293.000000 0.096003
294.000000 0.342606
295.000000 0.345526
296.000000 0.359540
297.000000 0.114770
298.000000 0.172968
299.000000 0.284861
300.000000 0.291109
301.000000 0.116496
302.000000 0.441370
303.000000 0.143076
304.000000 0.264166
305.000000 0.382387
306.000000 0.350848
307.000000 0.223141
308.000000 0.517524
309.000000 0.161847
310.000000 0.312177
311.000000 0.285398
312.000000 0.112255
313.000000 0.300423
314.000000 0.080587
315.000000 0.170037
316.000000 0.133075
317.000000 0.469102
318.000000 0.403530
319.000000 0.090700
320.000000 0.146255
321.000000 0.313546
322.000000 0.164099
323.000000 0.157353
324.000000 0.112116
325.000000 0.048717
326.000000 0.363588
327.000000 0.144661
328.000000 0.086451
329.000000 0.008516
330.000000 0.276389
331.000000 0.250220
332.000000 0.233572
333.000000 0.113959
334.000000 0.037856
335.000000 0.160956
336.000000 0.097895
337.000000 0.477155
338.000000 0.347624
339.000000 0.195089
340.000000 0.222831
341.000000 0.347633
342.000000 0.383984
343.000000 0.136032
344.000000 0.286602
345.000000 0.107503
346.000000 0.618153
347.000000 0.365602
348.000000 0.166599
349.000000 0.378299
350.000000 0.041139
351.000000 0.297946
352.000000 0.143519
353.000000 0.108207
354.000000 0.084175
355.000000 0.273145
356.000000 0.161876
357.000000 0.320271
358.000000 0.089666
359.000000 0.240161
360.000000 0.070891
361.000000 0.122943
362.000000 0.393823
363.000000 0.294443
364.000000 0.145028
365.000000 0.146326
366.000000 0.202374
367.000000 0.277126
368.000000 0.092884
369.000000 0.335417
370.000000 0.364215
371.000000 0.019893
372.000000 0.255694
373.000000 0.424028
374.000000 0.117062
375.000000 0.134600
376.000000 0.246992
377.000000 0.150892
378.000000 0.252363
379.000000 0.581265
380.000000 0.260375
381.000000 0.103702
382.000000 0.136759
383.000000 0.090422
384.000000 0.152502
385.000000 0.314721
386.000000 0.085503
387.000000 0.221473
388.000000 0.288562
389.000000 0.390781
390.000000 0.358757
391.000000 0.179595
392.000000 0.068785
393.000000 0.313068
394.000000 0.174345
395.000000 0.202114
396.000000 0.140725
397.000000 0.252985
398.000000 0.036886
399.000000 0.092395
400.000000 0.151890
401.000000 0.265467
402.000000 0.164376
403.000000 0.166815
404.000000 0.049623
405.000000 0.065924
406.000000 0.276457
407.000000 0.078149
408.000000 0.395076
409.000000 0.283344
410.000000 0.268355
411.000000 0.195215
412.000000 0.176953
413.000000 0.197191
414.000000 0.058093
415.000000 0.178764
416.000000 0.292943
417.000000 0.266345
418.000000 0.125324
419.000000 0.421517
420.000000 0.027947
421.000000 0.177778
422.000000 0.146569
423.000000 0.270082
424.000000 0.222785
425.000000 0.255039
426.000000 0.049232
427.000000 0.170676
428.000000 0.173154
429.000000 0.135603
430.000000 0.230782
431.000000 0.201890
432.000000 0.142783
433.000000 0.122625
434.000000 0.101333
435.000000 0.166532
436.000000 0.254715
437.000000 0.090643
438.000000 0.164525
439.000000 0.305736
440.000000 0.169684
441.000000 0.178748
442.000000 0.378743
443.000000 0.184854
444.000000 0.102838
445.000000 0.196923
446.000000 0.064891
447.000000 0.291223
448.000000 0.151987
449.000000 0.242249
450.000000 0.308601
451.000000 0.052485
452.000000 0.028183
453.000000 0.217794
454.000000 0.167873
455.000000 0.203065
456.000000 0.116309
457.000000 0.112111
458.000000 0.303117
459.000000 0.103419
460.000000 0.065743
461.000000 0.237638
462.000000 0.070491
463.000000 0.168683
464.000000 0.017911
465.000000 0.114442
466.000000 0.181791
467.000000 0.053760
468.000000 0.265781
469.000000 0.373754
470.000000 0.175147
471.000000 0.174190
472.000000 0.191210
473.000000 0.622056
474.000000 0.094103
475.000000 0.119724
476.000000 0.180366
477.000000 0.088260
478.000000 0.241571
479.000000 0.099783
480.000000 0.319345
481.000000 0.378960
482.000000 0.314053
483.000000 0.230094
484.000000 0.026315
485.000000 0.097784
486.000000 0.134073
487.000000 0.323366
488.000000 0.155960
489.000000 0.099420
490.000000 0.204848
491.000000 0.222029
492.000000 0.377187
493.000000 0.241240
494.000000 0.175854
495.000000 0.066313
496.000000 0.120390
497.000000 0.264445
498.000000 0.045491
499.000000 0.258446
500.000000 0.219700
501.000000 0.175302
502.000000 0.262122
503.000000 0.184216
504.000000 0.267235
505.000000 0.167311
506.000000 0.103737
507.000000 0.194282
508.000000 0.140860
509.000000 0.338345
510.000000 0.174179
511.000000 0.462680
512.000000 0.120491
513.000000 0.175533
514.000000 0.448998
515.000000 0.305476
516.000000 0.231759
517.000000 0.306215
518.000000 0.153719
519.000000 0.263514
520.000000 0.110744
521.000000 0.260891
522.000000 0.177348
523.000000 0.118219
524.000000 0.029481
525.000000 0.152969
526.000000 0.111193
527.000000 0.060032
528.000000 0.280771
529.000000 0.263867
530.000000 0.150870
531.000000 0.101072
532.000000 0.030767
533.000000 0.197902
534.000000 0.407680
535.000000 0.148259
536.000000 0.287403
537.000000 0.096528
538.000000 0.326799
539.000000 0.149377
540.000000 0.111864
541.000000 0.217507
542.000000 0.303078
543.000000 0.067934
544.000000 0.272540
545.000000 0.240158
546.000000 0.137541
547.000000 0.065278
548.000000 0.105159
549.000000 0.154880
550.000000 0.149806
551.000000 0.385914
552.000000 0.231142
553.000000 0.378233
554.000000 0.030972
555.000000 0.187352
556.000000 0.250403
557.000000 0.081556
558.000000 0.240740
559.000000 0.482464
560.000000 0.049871
561.000000 0.506870
562.000000 0.191327
563.000000 0.161159
564.000000 0.143690
565.000000 0.408686
566.000000 0.202093
567.000000 0.100215
568.000000 0.140448
569.000000 0.178402
570.000000 0.116255
571.000000 0.138881
572.000000 0.180859
573.000000 0.144568
574.000000 0.277432
575.000000 0.242347
576.000000 0.190571
577.000000 0.411441
578.000000 0.210199
579.000000 0.048926
580.000000 0.126206
581.000000 0.317381
582.000000 0.221857
583.000000 0.100491
584.000000 0.313477
585.000000 0.407580
586.000000 0.329183
587.000000 0.299100
588.000000 0.091160
589.000000 0.347275
590.000000 0.211969
591.000000 0.189069
592.000000 0.207016
593.000000 0.316927
594.000000 0.314672
595.000000 0.142831
596.000000 0.152151
597.000000 0.391683
598.000000 0.127050
599.000000 0.265208
600.000000 0.390052
601.000000 0.048357
602.000000 0.197196
603.000000 0.250754
604.000000 0.151967
605.000000 0.289744
606.000000 0.089043
607.000000 0.224200
608.000000 0.368777
609.000000 0.222005
610.000000 0.083412
611.000000 0.157265
612.000000 0.198299
613.000000 0.337733
614.000000 0.283111
615.000000 0.230274
616.000000 0.167905
617.000000 0.147503
618.000000 0.259636
619.000000 0.262258
620.000000 0.388529
621.000000 0.171403
622.000000 0.536501
623.000000 0.133329
624.000000 0.242108
625.000000 0.384366
626.000000 0.102797
627.000000 0.272612
628.000000 0.259811
629.000000 0.286965
630.000000 0.265437
631.000000 0.048106
632.000000 0.133296
633.000000 0.227473
634.000000 0.098995
635.000000 0.108878
636.000000 0.261160
637.000000 0.219861
638.000000 0.144726
639.000000 0.144472
640.000000 0.240022
641.000000 0.205664
642.000000 0.224084
643.000000 0.076480
644.000000 0.295281
645.000000 0.226214
646.000000 0.432517
647.000000 0.462857
648.000000 0.399747
649.000000 0.227256
650.000000 0.188209
651.000000 0.518782
652.000000 0.443982
653.000000 0.320702
654.000000 0.063061
655.000000 0.281606
656.000000 0.366902
657.000000 0.417451
658.000000 0.356813
659.000000 0.124777
660.000000 0.414797
661.000000 0.456715
662.000000 0.113914
663.000000 0.192206
664.000000 0.223251
665.000000 0.208617
666.000000 0.178993
667.000000 0.540775
668.000000 0.142646
669.000000 0.413524
670.000000 0.193218
671.000000 0.262984
672.000000 0.177627
673.000000 0.183845
674.000000 0.337499
675.000000 0.418758
676.000000 0.262034
677.000000 0.271161
678.000000 0.148183
679.000000 0.079042
680.000000 0.127084
681.000000 0.167784
682.000000 0.361768
683.000000 0.236289
684.000000 0.307695
685.000000 0.365703
686.000000 0.344744
687.000000 0.400030
688.000000 0.093767
689.000000 0.403642
690.000000 0.258210
691.000000 0.108744
692.000000 0.369834
693.000000 0.210328
694.000000 0.034373
695.000000 0.292649
696.000000 0.174720
697.000000 0.216063
698.000000 0.174920
699.000000 0.133288
700.000000 0.334053
701.000000 0.305716
702.000000 0.272256
703.000000 0.262847
704.000000 0.040096
705.000000 0.439305
706.000000 0.236123
707.000000 0.506384
708.000000 0.158760
709.000000 0.096433
710.000000 0.309789
711.000000 0.434808
712.000000 0.174793
713.000000 0.263277
714.000000 0.122884
715.000000 0.188346
716.000000 0.150591
717.000000 0.291004
718.000000 0.228224
719.000000 0.176554
720.000000 0.203948
721.000000 0.324160
722.000000 0.193402
723.000000 0.116240
724.000000 0.174800
725.000000 0.298101
726.000000 0.347619
727.000000 0.255790
728.000000 0.193523
729.000000 0.288643
730.000000 0.249659
731.000000 0.117144
732.000000 0.210374
733.000000 0.196379
734.000000 0.342081
735.000000 0.165504
736.000000 0.091424
737.000000 0.159934
738.000000 0.054262
739.000000 0.080879
740.000000 0.117706
741.000000 0.450995
742.000000 0.088839
743.000000 0.343170
744.000000 0.264331
745.000000 0.117742
746.000000 0.223408
747.000000 0.140692
748.000000 0.319803
749.000000 0.223690
750.000000 0.113264
751.000000 0.416152
752.000000 0.169577
753.000000 0.222357
754.000000 0.316974
755.000000 0.205364
756.000000 0.221272
757.000000 0.129768
758.000000 0.356318
759.000000 0.511530
760.000000 0.188671
761.000000 0.280468
762.000000 0.167945
763.000000 0.169161
764.000000 0.114782
765.000000 0.196798
766.000000 0.176424
767.000000 0.169919
768.000000 0.240020
769.000000 0.276262
770.000000 0.166450
771.000000 0.143929
772.000000 0.331459
773.000000 0.051870
774.000000 0.207245
775.000000 0.269814
776.000000 0.233060
777.000000 0.440812
778.000000 0.127536
779.000000 0.322468
780.000000 0.065264
781.000000 0.077197
782.000000 0.169191
783.000000 0.307314
784.000000 0.155564
785.000000 0.180524
786.000000 0.263609
787.000000 0.174660
788.000000 0.316780
789.000000 0.504965
790.000000 0.267214
791.000000 0.064979
792.000000 0.158102
793.000000 0.171218
794.000000 0.069149
795.000000 0.245141
796.000000 0.186235
797.000000 0.274520
798.000000 0.493148
799.000000 0.381539
800.000000 0.229881
801.000000 0.211966
802.000000 0.250311
803.000000 0.070645
804.000000 0.277094
805.000000 0.184864
806.000000 0.113668
807.000000 0.148741
808.000000 0.217935
809.000000 0.189085
810.000000 0.363502
811.000000 0.057972
812.000000 0.571993
813.000000 0.303041
814.000000 0.249580
815.000000 0.512498
816.000000 0.197458
817.000000 0.262045
818.000000 0.033009
819.000000 0.089228
820.000000 0.149788
821.000000 0.224109
822.000000 0.388514
823.000000 0.138017
824.000000 0.276842
825.000000 0.272215
826.000000 0.266234
827.000000 0.243502
828.000000 0.104730
829.000000 0.270588
830.000000 0.180338
831.000000 0.053900
832.000000 0.341010
833.000000 0.210016
834.000000 0.299951
835.000000 0.397487
836.000000 0.228404
837.000000 0.389446
838.000000 0.271265
839.000000 0.427346
840.000000 0.197965
841.000000 0.033203
842.000000 0.279118
843.000000 0.069272
844.000000 0.373099
845.000000 0.332245
846.000000 0.261901
847.000000 0.364101
848.000000 0.087104
849.000000 0.164314
850.000000 0.135192
851.000000 0.382000
852.000000 0.112901
853.000000 0.260851
854.000000 0.250641
855.000000 0.149706
856.000000 0.208355
857.000000 0.166392
858.000000 0.215701
859.000000 0.218064
860.000000 0.194876
861.000000 0.250205
862.000000 0.298734
863.000000 0.388333
864.000000 0.202075
865.000000 0.110420
866.000000 0.199889
867.000000 0.185984
868.000000 0.120261
869.000000 0.111623
870.000000 0.164568
871.000000 0.519750
872.000000 0.195042
873.000000 0.112355
874.000000 0.364876
875.000000 0.126724
876.000000 0.295143
877.000000 0.429607
878.000000 0.175000
879.000000 0.344417
880.000000 0.021301
881.000000 0.302273
882.000000 0.264996
883.000000 0.386300
884.000000 0.045238
885.000000 0.230350
886.000000 0.476897
887.000000 0.348147
888.000000 0.439142
889.000000 0.305417
890.000000 0.184446
891.000000 0.296305
892.000000 0.323576
893.000000 0.385176
894.000000 0.306337
895.000000 0.147334
896.000000 0.494379
897.000000 0.313778
898.000000 0.116946
899.000000 0.493315
900.000000 0.158163
901.000000 0.152225
902.000000 0.214115
903.000000 0.266709
904.000000 0.150644
905.000000 0.235676
906.000000 0.187977
907.000000 0.369423
908.000000 0.247197
909.000000 0.181025
910.000000 0.186087
911.000000 0.239506
912.000000 0.204630
913.000000 0.212424
914.000000 0.146603
915.000000 0.200341
916.000000 0.171434
917.000000 0.360984
918.000000 0.203910
919.000000 0.172144
920.000000 0.372997
921.000000 0.178909
922.000000 0.361087
923.000000 0.183856
924.000000 0.297754
925.000000 0.005919
926.000000 0.209857
927.000000 0.529177
928.000000 0.035113
929.000000 0.323094
930.000000 0.216663
931.000000 0.107188
932.000000 0.036822
933.000000 0.344599
934.000000 0.184516
935.000000 0.229011
936.000000 0.184374
937.000000 0.175166
938.000000 0.079985
939.000000 0.200774
940.000000 0.113724
941.000000 0.162918
942.000000 0.254076
943.000000 0.215427
944.000000 0.388835
945.000000 0.140842
946.000000 0.230755
947.000000 0.171850
948.000000 0.297988
949.000000 0.099533
950.000000 0.583920
951.000000 0.139330
952.000000 0.121178
953.000000 0.299458
954.000000 0.052030
955.000000 0.264030
956.000000 0.485114
957.000000 0.358795
958.000000 0.249979
959.000000 0.093875
960.000000 0.427063
961.000000 0.261632
962.000000 0.109343
963.000000 0.207456
964.000000 0.195507
965.000000 0.385035
966.000000 0.323555
967.000000 0.303279
968.000000 0.131702
969.000000 0.326740
970.000000 0.130370
971.000000 0.036888
972.000000 0.253538
973.000000 0.586105
974.000000 0.290915
975.000000 0.386953
976.000000 0.310405
977.000000 0.442372
978.000000 0.375465
979.000000 0.337647
980.000000 0.239864
981.000000 0.309804
982.000000 0.139827
983.000000 0.221591
984.000000 0.277942
985.000000 0.235217
986.000000 0.268489
987.000000 0.257983
988.000000 0.268419
989.000000 0.317298
990.000000 0.003707
991.000000 0.065263
992.000000 0.336887
993.000000 0.369465
994.000000 0.249851
995.000000 0.196664
996.000000 0.317895
997.000000 0.194199
998.000000 0.142084
999.000000 0.226323
1000.000000 0.107696
1001.000000 0.287469
1002.000000 0.239561
1003.000000 0.179524
1004.000000 0.131350
1005.000000 0.313042
1006.000000 0.320158
1007.000000 0.201908
1008.000000 0.199224
1009.000000 0.222108
1010.000000 0.417463
1011.000000 0.237775
1012.000000 0.310092
1013.000000 0.032560
1014.000000 0.388454
1015.000000 0.245304
1016.000000 0.247988
1017.000000 0.155577
1018.000000 0.181144
1019.000000 0.381112
1020.000000 0.242783
1021.000000 0.154510
1022.000000 0.089472
1023.000000 0.217811
1024.000000 0.218197
1025.000000 0.066035
1026.000000 0.130646
1027.000000 0.073394
1028.000000 0.099979
1029.000000 0.455864
1030.000000 0.405595
1031.000000 0.113905
1032.000000 0.159423
1033.000000 0.158667
1034.000000 0.139818
1035.000000 0.157464
1036.000000 0.242225
1037.000000 0.312867
1038.000000 0.378645
1039.000000 0.101011
1040.000000 0.474791
1041.000000 0.368047
1042.000000 0.279998
1043.000000 0.273414
1044.000000 0.193438
1045.000000 0.095836
1046.000000 0.083924
1047.000000 0.275313
1048.000000 0.292595
1049.000000 0.163888
1050.000000 0.343015
1051.000000 0.094023
1052.000000 0.152355
1053.000000 0.286631
1054.000000 0.159698
1055.000000 0.188287
1056.000000 0.319297
1057.000000 0.019778
1058.000000 0.134134
1059.000000 0.181456
1060.000000 0.138843
1061.000000 0.166811
1062.000000 0.120514
1063.000000 0.261344
1064.000000 0.104655
1065.000000 0.297470
1066.000000 0.097851
1067.000000 0.383696
1068.000000 0.243621
1069.000000 0.434909
1070.000000 0.299200
1071.000000 0.008039
1072.000000 0.433450
1073.000000 0.411771
1074.000000 0.095162
1075.000000 0.393410
1076.000000 0.275831
1077.000000 0.162375
1078.000000 0.318789
1079.000000 0.376955
1080.000000 0.398637
1081.000000 0.101917
1082.000000 0.237347
1083.000000 0.100776
1084.000000 0.327360
1085.000000 0.140881
1086.000000 0.190953
1087.000000 0.052568
1088.000000 0.106228
1089.000000 0.304788
1090.000000 0.390635
1091.000000 0.164003
1092.000000 0.315257
1093.000000 0.301355
1094.000000 0.195471
1095.000000 0.184712
1096.000000 0.362659
1097.000000 0.440499
1098.000000 0.206545
1099.000000 0.072970
1100.000000 0.290158
1101.000000 0.234604
1102.000000 0.129470
1103.000000 0.324121
1104.000000 0.025349
1105.000000 0.241733
1106.000000 0.370195
1107.000000 0.273641
1108.000000 0.257839
1109.000000 0.278265
1110.000000 0.086053
1111.000000 0.372871
1112.000000 0.239883
1113.000000 0.293933
1114.000000 0.459980
1115.000000 0.319669
1116.000000 0.354512
1117.000000 0.357459
1118.000000 0.190326
1119.000000 0.407749
1120.000000 0.237665
1121.000000 0.321363
1122.000000 0.134054
1123.000000 0.075017
1124.000000 0.095836
1125.000000 0.278035
1126.000000 0.241679
1127.000000 0.223341
1128.000000 0.302822
1129.000000 0.316554
1130.000000 0.267762
1131.000000 0.121767
1132.000000 0.401688
1133.000000 0.045641
1134.000000 0.136299
1135.000000 0.080556
1136.000000 0.216736
1137.000000 0.390106
1138.000000 0.221230
1139.000000 0.036093
1140.000000 0.350025
1141.000000 0.205874
1142.000000 0.164148
1143.000000 0.373652
1144.000000 0.042987
1145.000000 0.381723
1146.000000 0.201545
1147.000000 0.133281
1148.000000 0.098088
1149.000000 0.343386
1150.000000 0.132338
1151.000000 0.169416
1152.000000 0.204576
1153.000000 0.295189
1154.000000 0.251312
1155.000000 0.038973
1156.000000 0.043834
1157.000000 0.237391
1158.000000 0.131022
1159.000000 0.236932
1160.000000 0.339560
1161.000000 0.032012
1162.000000 0.096758
1163.000000 0.371674
1164.000000 0.424333
1165.000000 0.168260
1166.000000 0.272882
1167.000000 0.247338
1168.000000 0.081002
1169.000000 0.276802
1170.000000 0.400308
1171.000000 0.139280
1172.000000 0.072608
1173.000000 0.268396
1174.000000 0.119899
1175.000000 0.173747
1176.000000 0.126913
1177.000000 0.032916
1178.000000 0.152158
1179.000000 0.118419
1180.000000 0.138134
1181.000000 0.219322
1182.000000 0.122454
1183.000000 0.427611
1184.000000 0.356983
1185.000000 0.243354
1186.000000 0.189757
1187.000000 0.049818
1188.000000 0.331587
1189.000000 0.340371
1190.000000 0.409782
1191.000000 0.172015
1192.000000 0.261676
1193.000000 0.184337
1194.000000 0.069932
1195.000000 0.027078
1196.000000 0.292076
1197.000000 0.260146
1198.000000 0.079825
1199.000000 0.220661
1200.000000 0.294139
1201.000000 0.078907
1202.000000 0.205318
1203.000000 0.087325
1204.000000 0.415981
1205.000000 0.169764
1206.000000 0.177407
1207.000000 0.355353
1208.000000 0.197792
1209.000000 0.315057
1210.000000 0.252070
1211.000000 0.423997
1212.000000 0.088572
1213.000000 0.194265
1214.000000 0.322310
1215.000000 0.250168
1216.000000 0.444270
1217.000000 0.202559
1218.000000 0.013965
1219.000000 0.070596
1220.000000 0.176559
1221.000000 0.009854
1222.000000 0.134284
1223.000000 0.460093
1224.000000 0.253626
1225.000000 0.225368
1226.000000 0.035708
1227.000000 0.114653
1228.000000 0.192366
1229.000000 0.090793
1230.000000 0.227873
1231.000000 0.135512
1232.000000 0.278376
1233.000000 0.228655
1234.000000 0.085288
1235.000000 0.299340
1236.000000 0.271321
1237.000000 0.367841
1238.000000 0.274270
1239.000000 0.094354
1240.000000 0.039350
1241.000000 0.146839
1242.000000 0.099553
1243.000000 0.353407
1244.000000 0.331526
1245.000000 0.090051
1246.000000 0.125906
1247.000000 0.284533
1248.000000 0.346997
1249.000000 0.358419
1250.000000 0.286616
1251.000000 0.203617
1252.000000 0.228773
1253.000000 0.228334
1254.000000 0.215094
1255.000000 0.175189
1256.000000 0.204530
1257.000000 0.218900
1258.000000 0.204059
1259.000000 0.165811
1260.000000 0.121994
1261.000000 0.118523
1262.000000 0.254460
1263.000000 0.262364
1264.000000 0.320844
1265.000000 0.113203
1266.000000 0.235472
1267.000000 0.050911
1268.000000 0.053711
1269.000000 0.225063
1270.000000 0.116106
1271.000000 0.567120
1272.000000 0.271554
1273.000000 0.171333
1274.000000 0.098892
1275.000000 0.069351
1276.000000 0.227133
1277.000000 0.379654
1278.000000 0.200906
1279.000000 0.187155
1280.000000 0.273629
1281.000000 0.227626
1282.000000 0.365543
1283.000000 0.382220
1284.000000 0.163661
1285.000000 0.091558
1286.000000 0.176255
1287.000000 0.145663
1288.000000 0.289090
1289.000000 0.330497
1290.000000 0.235137
1291.000000 0.176984
1292.000000 0.192930
1293.000000 0.286095
1294.000000 0.208583
1295.000000 0.338123
1296.000000 0.277191
1297.000000 0.473276
1298.000000 0.118817
1299.000000 0.590732
1300.000000 0.067203
1301.000000 0.075676
1302.000000 0.391673
1303.000000 0.285887
1304.000000 0.358272
1305.000000 0.359614
1306.000000 0.065034
1307.000000 0.254223
1308.000000 0.160303
1309.000000 0.078852
1310.000000 0.130100
1311.000000 0.414814
1312.000000 0.079076
1313.000000 0.162917
1314.000000 0.051772
1315.000000 0.208911
1316.000000 0.253243
1317.000000 0.106744
1318.000000 0.078760
1319.000000 0.289122
1320.000000 0.196608
1321.000000 0.420139
1322.000000 0.528108
1323.000000 0.153079
1324.000000 0.163077
1325.000000 0.159443
1326.000000 0.116954
1327.000000 0.407800
1328.000000 0.370084
1329.000000 0.104705
1330.000000 0.339971
1331.000000 0.513193
1332.000000 0.209723
1333.000000 0.277299
1334.000000 0.097345
1335.000000 0.442104
1336.000000 0.133478
1337.000000 0.382255
1338.000000 0.208027
1339.000000 0.086027
1340.000000 0.179216
1341.000000 0.165865
1342.000000 0.291649
1343.000000 0.314292
1344.000000 0.167253
1345.000000 0.123516
1346.000000 0.476002
1347.000000 0.122254
1348.000000 0.265596
1349.000000 0.067019
1350.000000 0.353447
1351.000000 0.337062
1352.000000 0.166035
1353.000000 0.331329
1354.000000 0.116655
1355.000000 0.137193
1356.000000 0.257454
1357.000000 0.173102
1358.000000 0.267543
1359.000000 0.105208
1360.000000 0.200707
1361.000000 0.353136
1362.000000 0.278483
1363.000000 0.342689
1364.000000 0.222039
1365.000000 0.257351
1366.000000 0.302649
1367.000000 0.284083
1368.000000 0.392837
1369.000000 0.515869
1370.000000 0.066544
1371.000000 0.275744
1372.000000 0.147558
1373.000000 0.124265
1374.000000 0.455076
1375.000000 0.195005
1376.000000 0.299956
1377.000000 0.409719
1378.000000 0.108965
1379.000000 0.176429
1380.000000 0.511990
1381.000000 0.099276
1382.000000 0.305622
1383.000000 0.143678
1384.000000 0.283922
1385.000000 0.146288
1386.000000 0.185943
1387.000000 0.222594
1388.000000 0.210348
1389.000000 0.296842
1390.000000 0.073386
1391.000000 0.205688
1392.000000 0.128767
1393.000000 0.177241
1394.000000 0.181179
1395.000000 0.510685
1396.000000 0.108081
1397.000000 0.205597
1398.000000 0.083470
1399.000000 0.536280
1400.000000 0.036358
1401.000000 0.289299
1402.000000 0.151824
1403.000000 0.202700
1404.000000 0.329436
1405.000000 0.026256
1406.000000 0.209409
1407.000000 0.300145
1408.000000 0.369343
1409.000000 0.207480
1410.000000 0.267377
1411.000000 0.124850
1412.000000 0.105581
1413.000000 0.295753
1414.000000 0.295763
1415.000000 0.359660
1416.000000 0.082594
1417.000000 0.380969
1418.000000 0.220307
1419.000000 0.458951
1420.000000 0.130210
1421.000000 0.175427
1422.000000 0.122072
1423.000000 0.239023
1424.000000 0.207272
1425.000000 0.382400
1426.000000 0.092171
1427.000000 0.148972
1428.000000 0.124853
1429.000000 0.334941
1430.000000 0.196991
1431.000000 0.227914
1432.000000 0.389644
1433.000000 0.162344
1434.000000 0.323068
1435.000000 0.145205
1436.000000 0.400123
1437.000000 0.144561
1438.000000 0.061023
1439.000000 0.296820
1440.000000 0.183536
1441.000000 0.410570
1442.000000 0.271151
1443.000000 0.267464
1444.000000 0.198036
1445.000000 0.112395
1446.000000 0.093569
1447.000000 0.176979
1448.000000 0.166919
1449.000000 0.239180
1450.000000 0.129168
1451.000000 0.261308
1452.000000 0.437771
1453.000000 0.267110
1454.000000 0.280647
1455.000000 0.254099
1456.000000 0.281479
1457.000000 0.200207
1458.000000 0.049113
1459.000000 0.332799
1460.000000 0.391069
1461.000000 0.227651
1462.000000 0.396930
1463.000000 0.304223
1464.000000 0.213732
1465.000000 0.181900
1466.000000 0.187335
1467.000000 0.193083
1468.000000 0.137747
1469.000000 0.174615
1470.000000 0.280270
1471.000000 0.288481
1472.000000 0.044542
1473.000000 0.306128
1474.000000 0.258070
1475.000000 0.219739
1476.000000 0.185828
1477.000000 0.241526
1478.000000 0.132883
1479.000000 0.293472
1480.000000 0.209481
1481.000000 0.283117
1482.000000 0.181212
1483.000000 0.093796
1484.000000 0.422158
1485.000000 0.171985
1486.000000 0.202648
1487.000000 0.083300
1488.000000 0.182589
1489.000000 0.235860
1490.000000 0.252672
1491.000000 0.162593
1492.000000 0.298577
1493.000000 0.113878
1494.000000 0.201018
1495.000000 0.192851
1496.000000 0.233919
1497.000000 0.431080
1498.000000 0.283744
1499.000000 0.117309
1500.000000 0.201170
1501.000000 0.470586
1502.000000 0.098532
1503.000000 0.436683
1504.000000 0.109165
1505.000000 0.195780
1506.000000 0.234725
1507.000000 0.401421
1508.000000 0.205340
1509.000000 0.117331
1510.000000 0.119460
1511.000000 0.291733
1512.000000 0.119581
1513.000000 0.050722
1514.000000 0.150776
1515.000000 0.308121
1516.000000 0.296868
1517.000000 0.289236
1518.000000 0.328170
1519.000000 0.207517
1520.000000 0.238443
1521.000000 0.118404
1522.000000 0.316871
1523.000000 0.174479
1524.000000 0.340145
1525.000000 0.297049
1526.000000 0.250176
1527.000000 0.290154
1528.000000 0.151123
1529.000000 0.473178
1530.000000 0.081746
1531.000000 0.099807
1532.000000 0.284807
1533.000000 0.239123
1534.000000 0.056612
1535.000000 0.157229
1536.000000 0.085312
1537.000000 0.166304
1538.000000 0.125403
1539.000000 0.087773
1540.000000 0.151580
1541.000000 0.253959
1542.000000 0.265650
1543.000000 0.187444
1544.000000 0.174397
1545.000000 0.332541
1546.000000 0.012220
1547.000000 0.172317
1548.000000 0.378617
1549.000000 0.138109
1550.000000 0.074733
1551.000000 0.311648
1552.000000 0.217924
1553.000000 0.329714
1554.000000 0.233671
1555.000000 0.089692
1556.000000 0.258295
1557.000000 0.203351
1558.000000 0.294473
1559.000000 0.370049
1560.000000 0.236747
1561.000000 0.325826
1562.000000 0.129745
1563.000000 0.373017
1564.000000 0.292076
1565.000000 0.158548
1566.000000 0.465829
1567.000000 0.040238
1568.000000 0.094911
1569.000000 0.374423
1570.000000 0.109993
1571.000000 0.050814
1572.000000 0.204873
1573.000000 0.129607
1574.000000 0.262421
1575.000000 0.290166
1576.000000 0.177281
1577.000000 0.148031
1578.000000 0.389405
1579.000000 0.142941
1580.000000 0.084041
1581.000000 0.319274
1582.000000 0.528679
1583.000000 0.069477
1584.000000 0.016802
1585.000000 0.391658
1586.000000 0.214160
1587.000000 0.127086
1588.000000 0.340732
1589.000000 0.224544
1590.000000 0.167951
1591.000000 0.154238
1592.000000 0.304096
1593.000000 0.175487
1594.000000 0.228510
1595.000000 0.099022
1596.000000 0.116422
1597.000000 0.324526
1598.000000 0.368373
1599.000000 0.180784
1600.000000 0.183129
1601.000000 0.541415
1602.000000 0.157894
1603.000000 0.123772
1604.000000 0.198329
1605.000000 0.333787
1606.000000 0.259779
1607.000000 0.181233
1608.000000 0.386904
1609.000000 0.242187
1610.000000 0.116372
1611.000000 0.090557
1612.000000 0.308189
1613.000000 0.288288
1614.000000 0.291804
1615.000000 0.023763
1616.000000 0.122504
1617.000000 0.021893
1618.000000 0.520115
1619.000000 0.434676
1620.000000 0.348726
1621.000000 0.173474
1622.000000 0.045884
1623.000000 0.301498
1624.000000 0.459778
1625.000000 0.119433
1626.000000 0.185864
1627.000000 0.191292
1628.000000 0.213933
1629.000000 0.280571
1630.000000 0.298479
1631.000000 0.153334
1632.000000 0.221568
1633.000000 0.094619
1634.000000 0.317760
1635.000000 0.205996
1636.000000 0.075606
1637.000000 0.342816
1638.000000 0.338977
1639.000000 0.209056
1640.000000 0.275433
1641.000000 0.137650
1642.000000 0.306448
1643.000000 0.300467
1644.000000 0.127893
1645.000000 0.279695
1646.000000 0.206726
1647.000000 0.193553
1648.000000 0.079289
1649.000000 0.140761
1650.000000 0.048211
1651.000000 0.252135
1652.000000 0.334962
1653.000000 0.039918
1654.000000 0.205951
1655.000000 0.206098
1656.000000 0.089737
1657.000000 0.303308
1658.000000 0.056403
1659.000000 0.108569
1660.000000 0.172505
1661.000000 0.167045
1662.000000 0.197133
1663.000000 0.667642
1664.000000 0.500985
1665.000000 0.144723
1666.000000 0.105417
1667.000000 0.382635
1668.000000 0.103057
1669.000000 0.103763
1670.000000 0.148936
1671.000000 0.304458
1672.000000 0.081985
1673.000000 0.091400
1674.000000 0.330531
1675.000000 0.423331
1676.000000 0.267787
1677.000000 0.206719
1678.000000 0.158162
1679.000000 0.388377
1680.000000 0.150387
1681.000000 0.154525
1682.000000 0.194214
1683.000000 0.350185
1684.000000 0.148354
1685.000000 0.058081
1686.000000 0.111342
1687.000000 0.070802
1688.000000 0.161902
1689.000000 0.235477
1690.000000 0.242953
1691.000000 0.240933
1692.000000 0.096096
1693.000000 0.228029
1694.000000 0.267334
1695.000000 0.188011
1696.000000 0.156555
1697.000000 0.234297
1698.000000 0.340183
1699.000000 0.105682
1700.000000 0.135849
1701.000000 0.476167
1702.000000 0.274295
1703.000000 0.115150
1704.000000 0.334308
1705.000000 0.114836
1706.000000 0.050297
1707.000000 0.520299
1708.000000 0.254624
1709.000000 0.180418
1710.000000 0.195375
1711.000000 0.151949
1712.000000 0.284195
1713.000000 0.224725
1714.000000 0.277192
1715.000000 0.304133
1716.000000 0.315630
1717.000000 0.123714
1718.000000 0.020828
1719.000000 0.095725
1720.000000 0.140540
1721.000000 0.229025
1722.000000 0.032964
1723.000000 0.024898
1724.000000 0.427712
1725.000000 0.116761
1726.000000 0.266234
1727.000000 0.293148
1728.000000 0.368276
1729.000000 0.322931
1730.000000 0.244310
1731.000000 0.163923
1732.000000 0.101645
1733.000000 0.189841
1734.000000 0.159400
1735.000000 0.122885
1736.000000 0.238110
1737.000000 0.062562
1738.000000 0.400316
1739.000000 0.281170
1740.000000 0.486601
1741.000000 0.398506
1742.000000 0.343692
1743.000000 0.382108
1744.000000 0.232455
1745.000000 0.429408
1746.000000 0.308137
1747.000000 0.308392
1748.000000 0.101538
1749.000000 0.101502
1750.000000 0.049499
1751.000000 0.223196
1752.000000 0.271865
1753.000000 0.158915
1754.000000 0.339782
1755.000000 0.081519
1756.000000 0.322852
1757.000000 0.151157
1758.000000 0.227930
1759.000000 0.122613
1760.000000 0.256094
1761.000000 0.078659
1762.000000 0.230547
1763.000000 0.252144
1764.000000 0.166588
1765.000000 0.293635
1766.000000 0.117645
1767.000000 0.060646
1768.000000 0.344183
1769.000000 0.178697
1770.000000 0.048667
1771.000000 0.208481
1772.000000 0.137133
1773.000000 0.143738
1774.000000 0.057851
1775.000000 0.117217
1776.000000 0.276248
1777.000000 0.089210
1778.000000 0.451158
1779.000000 0.361998
1780.000000 0.473276
1781.000000 0.105978
1782.000000 0.251897
1783.000000 0.177350
1784.000000 0.263668
1785.000000 0.175241
1786.000000 0.104062
1787.000000 0.200252
1788.000000 0.345445
1789.000000 0.233422
1790.000000 0.204000
1791.000000 0.163766
1792.000000 0.325207
1793.000000 0.155170
1794.000000 0.288995
1795.000000 0.175090
1796.000000 0.269862
1797.000000 0.056948
1798.000000 0.349024
1799.000000 0.164503
1800.000000 0.076178
1801.000000 0.164563
1802.000000 0.129956
1803.000000 0.044442
1804.000000 0.331846
1805.000000 0.060457
1806.000000 0.154795
1807.000000 0.164039
1808.000000 0.336177
1809.000000 0.063999
1810.000000 0.108746
1811.000000 0.475776
1812.000000 0.196226
1813.000000 0.219266
1814.000000 0.287895
1815.000000 0.191446
1816.000000 0.157421
1817.000000 0.332231
1818.000000 0.498543
1819.000000 0.115480
1820.000000 0.086946
1821.000000 0.105506
1822.000000 0.262419
1823.000000 0.208728
1824.000000 0.175850
1825.000000 0.420816
1826.000000 0.395949
1827.000000 0.106224
1828.000000 0.197228
1829.000000 0.370240
1830.000000 0.363833
1831.000000 0.095498
1832.000000 0.075372
1833.000000 0.426056
1834.000000 0.156428
1835.000000 0.105322
1836.000000 0.406526
1837.000000 0.052464
1838.000000 0.159887
1839.000000 0.203143
1840.000000 0.323455
1841.000000 0.153624
1842.000000 0.095512
1843.000000 0.070294
1844.000000 0.271327
1845.000000 0.325598
1846.000000 0.080287
1847.000000 0.158876
1848.000000 0.105793
1849.000000 0.335594
1850.000000 0.113275
1851.000000 0.220534
1852.000000 0.360399
1853.000000 0.319123
1854.000000 0.085041
1855.000000 0.393260
1856.000000 0.104152
1857.000000 0.168003
1858.000000 0.114441
1859.000000 0.278168
1860.000000 0.178936
1861.000000 0.328809
1862.000000 0.557161
1863.000000 0.285031
1864.000000 0.395844
1865.000000 0.322657
1866.000000 0.209505
1867.000000 0.167925
1868.000000 0.247337
1869.000000 0.189594
1870.000000 0.253964
1871.000000 0.394145
1872.000000 0.216003
1873.000000 0.260071
1874.000000 0.197813
1875.000000 0.274644
1876.000000 0.089613
1877.000000 0.377380
1878.000000 0.154606
1879.000000 0.281709
1880.000000 0.041345
1881.000000 0.212747
1882.000000 0.227451
1883.000000 0.408460
1884.000000 0.197000
1885.000000 0.287718
1886.000000 0.272636
1887.000000 0.212423
1888.000000 0.038961
1889.000000 0.251545
1890.000000 0.177071
1891.000000 0.266766
1892.000000 0.262224
1893.000000 0.211984
1894.000000 0.223817
1895.000000 0.132872
1896.000000 0.312326
1897.000000 0.078652
1898.000000 0.273851
1899.000000 0.307993
1900.000000 0.099487
1901.000000 0.129423
1902.000000 0.100083
1903.000000 0.284938
1904.000000 0.103123
1905.000000 0.009012
1906.000000 0.158509
1907.000000 0.348264
1908.000000 0.091509
1909.000000 0.185661
1910.000000 0.063823
1911.000000 0.117675
1912.000000 0.350962
1913.000000 0.251308
1914.000000 0.218585
1915.000000 0.272974
1916.000000 0.302470
1917.000000 0.198854
1918.000000 0.489892
1919.000000 0.268537
1920.000000 0.210229
1921.000000 0.138494
1922.000000 0.137043
1923.000000 0.269749
1924.000000 0.543351
1925.000000 0.362921
1926.000000 0.262227
1927.000000 0.244143
1928.000000 0.498690
1929.000000 0.192959
1930.000000 0.202946
1931.000000 0.184548
1932.000000 0.035466
1933.000000 0.075393
1934.000000 0.193266
1935.000000 0.172983
1936.000000 0.130469
1937.000000 0.140106
1938.000000 0.141165
1939.000000 0.460789
1940.000000 0.201899
1941.000000 0.113829
1942.000000 0.066058
1943.000000 0.198772
1944.000000 0.081426
1945.000000 0.193716
1946.000000 0.485135
1947.000000 0.149801
1948.000000 0.071908
1949.000000 0.297445
1950.000000 0.236961
1951.000000 0.170883
1952.000000 0.346957
1953.000000 0.223794
1954.000000 0.159741
1955.000000 0.131397
1956.000000 0.164506
1957.000000 0.192750
1958.000000 0.394673
1959.000000 0.103515
1960.000000 0.305613
1961.000000 0.362997
1962.000000 0.459472
1963.000000 0.295857
1964.000000 0.082257
1965.000000 0.184400
1966.000000 0.292740
1967.000000 0.131798
1968.000000 0.089654
1969.000000 0.242061
1970.000000 0.197325
1971.000000 0.240628
1972.000000 0.104323
1973.000000 0.145497
1974.000000 0.111250
1975.000000 0.092271
1976.000000 0.276573
1977.000000 0.149741
1978.000000 0.486720
1979.000000 0.362048
1980.000000 0.187692
1981.000000 0.234785
1982.000000 0.316600
1983.000000 0.102001
1984.000000 0.046912
1985.000000 0.239308
1986.000000 0.486808
1987.000000 0.233415
1988.000000 0.091607
1989.000000 0.123945
1990.000000 0.189990
1991.000000 0.060842
1992.000000 0.270168
1993.000000 0.227954
1994.000000 0.076334
1995.000000 0.159624
1996.000000 0.224396
1997.000000 0.180032
1998.000000 0.313521
1999.000000 0.297762
2000.000000 0.200715
2001.000000 0.249700
2002.000000 0.323041
2003.000000 0.189645
2004.000000 0.083835
2005.000000 0.322999
2006.000000 0.384249
2007.000000 0.203642
2008.000000 0.262195
2009.000000 0.068344
2010.000000 0.185233
2011.000000 0.165429
2012.000000 0.449466
2013.000000 0.383956
2014.000000 0.279138
2015.000000 0.325761
2016.000000 0.291385
2017.000000 0.319325
2018.000000 0.142753
2019.000000 0.207853
2020.000000 0.465151
2021.000000 0.289907
2022.000000 0.096716
2023.000000 0.077556
2024.000000 0.525215
2025.000000 0.123560
2026.000000 0.247897
2027.000000 0.161206
2028.000000 0.103816
2029.000000 0.197976
2030.000000 0.311599
2031.000000 0.280522
2032.000000 0.143994
2033.000000 0.259944
2034.000000 0.189229
2035.000000 0.271382
2036.000000 0.299295
2037.000000 0.032316
2038.000000 0.171783
2039.000000 0.212073
2040.000000 0.227809
2041.000000 0.225154
2042.000000 0.227022
2043.000000 0.389272
2044.000000 0.335877
2045.000000 0.288284
2046.000000 0.225423
2047.000000 0.231648
2048.000000 0.073589
2049.000000 0.105790
2050.000000 0.186734
2051.000000 0.145787
2052.000000 0.374358
2053.000000 0.184796
2054.000000 0.162922
2055.000000 0.312929
2056.000000 0.049846
2057.000000 0.049091
2058.000000 0.299212
2059.000000 0.317217
2060.000000 0.259312
2061.000000 0.249190
2062.000000 0.331174
2063.000000 0.127827
2064.000000 0.305367
2065.000000 0.055798
2066.000000 0.258207
2067.000000 0.100203
2068.000000 0.265481
2069.000000 0.172543
2070.000000 0.355356
2071.000000 0.012364
2072.000000 0.061545
2073.000000 0.520930
2074.000000 0.106273
2075.000000 0.258424
2076.000000 0.146485
2077.000000 0.268397
2078.000000 0.193428
2079.000000 0.334171
2080.000000 0.176293
2081.000000 0.472747
2082.000000 0.093433
2083.000000 0.154895
2084.000000 0.311525
2085.000000 0.298373
2086.000000 0.258824
2087.000000 0.178221
2088.000000 0.209724
2089.000000 0.090344
2090.000000 0.267515
2091.000000 0.259785
2092.000000 0.206356
2093.000000 0.269521
2094.000000 0.615348
2095.000000 0.316475
2096.000000 0.329430
2097.000000 0.185276
2098.000000 0.220605
2099.000000 0.216573
2100.000000 0.346497
2101.000000 0.357871
2102.000000 0.164257
2103.000000 0.219795
2104.000000 0.229960
2105.000000 0.109457
2106.000000 0.294026
2107.000000 0.038410
2108.000000 0.264736
2109.000000 0.270518
2110.000000 0.082029
2111.000000 0.267911
2112.000000 0.197543
2113.000000 0.169040
2114.000000 0.206546
2115.000000 0.344645
2116.000000 0.101511
2117.000000 0.115956
2118.000000 0.282446
2119.000000 0.288291
2120.000000 0.115914
2121.000000 0.277951
2122.000000 0.109399
2123.000000 0.329472
2124.000000 0.261805
2125.000000 0.304566
2126.000000 0.380286
2127.000000 0.287490
2128.000000 0.088028
2129.000000 0.236883
2130.000000 0.369415
2131.000000 0.297082
2132.000000 0.456851
2133.000000 0.074738
2134.000000 0.288548
2135.000000 0.050158
2136.000000 0.244387
2137.000000 0.098889
2138.000000 0.238295
2139.000000 0.166401
2140.000000 0.122955
2141.000000 0.259610
2142.000000 0.136280
2143.000000 0.271126
2144.000000 0.137550
2145.000000 0.261647
2146.000000 0.223084
2147.000000 0.047579
2148.000000 0.233036
2149.000000 0.214785
2150.000000 0.293422
2151.000000 0.169387
2152.000000 0.222537
2153.000000 0.181016
2154.000000 0.153257
2155.000000 0.336924
2156.000000 0.185372
2157.000000 0.167943
2158.000000 0.341608
2159.000000 0.251192
2160.000000 0.245536
2161.000000 0.099872
2162.000000 0.127123
2163.000000 0.180118
2164.000000 0.364295
2165.000000 0.181874
2166.000000 0.120098
2167.000000 0.354934
2168.000000 0.285556
2169.000000 0.227526
2170.000000 0.125080
2171.000000 0.154055
2172.000000 0.214629
2173.000000 0.400057
2174.000000 0.219366
2175.000000 0.232127
2176.000000 0.423548
2177.000000 0.393353
2178.000000 0.113399
2179.000000 0.035765
2180.000000 0.288289
2181.000000 0.221259
2182.000000 0.287528
2183.000000 0.209029
2184.000000 0.167723
2185.000000 0.166068
2186.000000 0.241047
2187.000000 0.133550
2188.000000 0.156000
2189.000000 0.366613
2190.000000 0.190255
2191.000000 0.154489
2192.000000 0.157196
2193.000000 0.434126
2194.000000 0.265477
2195.000000 0.293686
2196.000000 0.206339
2197.000000 0.347610
2198.000000 0.160340
2199.000000 0.300306
2200.000000 0.403129
2201.000000 0.217086
2202.000000 0.122242
2203.000000 0.035595
2204.000000 0.299837
2205.000000 0.044190
2206.000000 0.419299
2207.000000 0.136165
2208.000000 0.282831
2209.000000 0.291971
2210.000000 0.069998
2211.000000 0.324675
2212.000000 0.218623
2213.000000 0.406592
2214.000000 0.046198
2215.000000 0.282781
2216.000000 0.348765
2217.000000 0.320560
2218.000000 0.234330
2219.000000 0.091101
2220.000000 0.337431
2221.000000 0.206998
2222.000000 0.113642
2223.000000 0.082380
2224.000000 0.359265
2225.000000 0.270991
2226.000000 0.463370
2227.000000 0.337821
2228.000000 0.503293
2229.000000 0.120184
2230.000000 0.477295
2231.000000 0.281981
2232.000000 0.190853
2233.000000 0.009221
2234.000000 0.277975
2235.000000 0.213957
2236.000000 0.156845
2237.000000 0.240248
2238.000000 0.182201
2239.000000 0.010272
2240.000000 0.294869
2241.000000 0.362116
2242.000000 0.396318
2243.000000 0.161674
2244.000000 0.390869
2245.000000 0.282134
2246.000000 0.055167
2247.000000 0.481457
2248.000000 0.166869
2249.000000 0.094763
2250.000000 0.178024
2251.000000 0.172471
2252.000000 0.400085
2253.000000 0.057164
2254.000000 0.035928
2255.000000 0.127704
2256.000000 0.324496
2257.000000 0.026579
2258.000000 0.268359
2259.000000 0.300587
2260.000000 0.226935
2261.000000 0.047559
2262.000000 0.065352
2263.000000 0.096199
2264.000000 0.271310
2265.000000 0.412110
2266.000000 0.050552
2267.000000 0.117219
2268.000000 0.243292
2269.000000 0.237285
2270.000000 0.495838
2271.000000 0.081763
2272.000000 0.152071
2273.000000 0.232211
2274.000000 0.294657
2275.000000 0.079433
2276.000000 0.141975
2277.000000 0.337694
2278.000000 0.115493
2279.000000 0.206147
2280.000000 0.119860
2281.000000 0.235312
2282.000000 0.186312
2283.000000 0.176191
2284.000000 0.202738
2285.000000 0.259422
2286.000000 0.164290
2287.000000 0.114622
2288.000000 0.317798
2289.000000 0.327989
2290.000000 0.132394
2291.000000 0.235747
2292.000000 0.274068
2293.000000 0.273226
2294.000000 0.162153
2295.000000 0.126024
2296.000000 0.243757
2297.000000 0.088198
2298.000000 0.124157
2299.000000 0.149130
2300.000000 0.164031
2301.000000 0.102266
2302.000000 0.202016
2303.000000 0.216733
2304.000000 0.429071
2305.000000 0.229448
2306.000000 0.136782
2307.000000 0.212653
2308.000000 0.493980
2309.000000 0.417622
2310.000000 0.326565
2311.000000 0.061674
2312.000000 0.378171
2313.000000 0.192492
2314.000000 0.204764
2315.000000 0.232473
2316.000000 0.418587
2317.000000 0.201545
2318.000000 0.236988
2319.000000 0.145779
2320.000000 0.267886
2321.000000 0.377655
2322.000000 0.310443
2323.000000 0.221433
2324.000000 0.079180
2325.000000 0.038496
2326.000000 0.502938
2327.000000 0.418857
2328.000000 0.316048
2329.000000 0.174045
2330.000000 0.186044
2331.000000 0.258204
2332.000000 0.332842
2333.000000 0.179361
2334.000000 0.162351
2335.000000 0.632451
2336.000000 0.219894
2337.000000 0.270560
2338.000000 0.228833
2339.000000 0.162223
2340.000000 0.054743
2341.000000 0.229310
2342.000000 0.147624
2343.000000 0.093725
2344.000000 0.064521
2345.000000 0.045132
2346.000000 0.310032
2347.000000 0.334705
2348.000000 0.179695
2349.000000 0.376072
2350.000000 0.064245
2351.000000 0.275682
2352.000000 0.342506
2353.000000 0.072817
2354.000000 0.240743
2355.000000 0.087084
2356.000000 0.421687
2357.000000 0.111651
2358.000000 0.087555
2359.000000 0.116659
2360.000000 0.180183
2361.000000 0.254252
2362.000000 0.228365
2363.000000 0.190168
2364.000000 0.111316
2365.000000 0.258130
2366.000000 0.109574
2367.000000 0.032412
2368.000000 0.111066
2369.000000 0.367816
2370.000000 0.192297
2371.000000 0.292552
2372.000000 0.250981
2373.000000 0.273762
2374.000000 0.251283
2375.000000 0.202792
2376.000000 0.387195
2377.000000 0.193218
2378.000000 0.155300
2379.000000 0.212018
2380.000000 0.251539
2381.000000 0.167107
2382.000000 0.152923
2383.000000 0.204022
2384.000000 0.172225
2385.000000 0.186250
2386.000000 0.182503
2387.000000 0.283099
2388.000000 0.453958
2389.000000 0.247215
2390.000000 0.396914
2391.000000 0.157138
2392.000000 0.251656
2393.000000 0.379097
2394.000000 0.298934
2395.000000 0.246548
2396.000000 0.353772
2397.000000 0.082623
2398.000000 0.145568
2399.000000 0.219705
2400.000000 0.131773
2401.000000 0.353680
2402.000000 0.127956
2403.000000 0.103547
2404.000000 0.275945
2405.000000 0.551009
2406.000000 0.328741
2407.000000 0.284234
2408.000000 0.363864
2409.000000 0.028911
2410.000000 0.403913
2411.000000 0.504874
2412.000000 0.257788
2413.000000 0.339971
2414.000000 0.080301
2415.000000 0.213318
2416.000000 0.285133
2417.000000 0.285439
2418.000000 0.214383
2419.000000 0.090726
2420.000000 0.426276
2421.000000 0.132175
2422.000000 0.331020
2423.000000 0.273920
2424.000000 0.428853
2425.000000 0.388432
2426.000000 0.245454
2427.000000 0.215512
2428.000000 0.023791
2429.000000 0.223361
2430.000000 0.326475
2431.000000 0.112036
2432.000000 0.294886
2433.000000 0.402959
2434.000000 0.099701
2435.000000 0.252008
2436.000000 0.193888
2437.000000 0.247170
2438.000000 0.198435
2439.000000 0.175954
2440.000000 0.127581
2441.000000 0.273063
2442.000000 0.252330
2443.000000 0.117066
2444.000000 0.032341
2445.000000 0.259817
2446.000000 0.117544
2447.000000 0.502128
2448.000000 0.351793
2449.000000 0.370348
2450.000000 0.074114
2451.000000 0.450628
2452.000000 0.308323
2453.000000 0.154267
2454.000000 0.302999
2455.000000 0.291450
2456.000000 0.170814
2457.000000 0.152040
2458.000000 0.284057
2459.000000 0.188919
2460.000000 0.483985
2461.000000 0.078392
2462.000000 0.360297
2463.000000 0.050684
2464.000000 0.141284
2465.000000 0.116332
2466.000000 0.142451
2467.000000 0.050471
2468.000000 0.159894
2469.000000 0.251986
2470.000000 0.182155
2471.000000 0.102567
2472.000000 0.225127
2473.000000 0.303400
2474.000000 0.177353
2475.000000 0.133586
2476.000000 0.467242
2477.000000 0.282185
2478.000000 0.271722
2479.000000 0.192312
2480.000000 0.360251
2481.000000 0.227230
2482.000000 0.071154
2483.000000 0.312348
2484.000000 0.138405
2485.000000 0.387313
2486.000000 0.169759
2487.000000 0.077527
2488.000000 0.090746
2489.000000 0.173131
2490.000000 0.092730
2491.000000 0.350510
2492.000000 0.066087
2493.000000 0.110106
2494.000000 0.222469
2495.000000 0.284859
2496.000000 0.131408
2497.000000 0.058736
2498.000000 0.283149
2499.000000 0.361608
2500.000000 0.244977
2501.000000 0.250204
2502.000000 0.248334
2503.000000 0.194123
2504.000000 0.190324
2505.000000 0.447317
2506.000000 0.100017
2507.000000 0.273094
2508.000000 0.082939
2509.000000 0.190554
2510.000000 0.115559
2511.000000 0.272095
2512.000000 0.113855
2513.000000 0.150356
2514.000000 0.256613
2515.000000 0.136608
2516.000000 0.272518
2517.000000 0.198466
2518.000000 0.240184
2519.000000 0.148234
2520.000000 0.079899
2521.000000 0.094173
2522.000000 0.185663
2523.000000 0.275849
2524.000000 0.171189
2525.000000 0.545476
2526.000000 0.108942
2527.000000 0.022256
2528.000000 0.287296
2529.000000 0.022709
2530.000000 0.292242
2531.000000 0.389421
2532.000000 0.111295
2533.000000 0.114443
2534.000000 0.176094
2535.000000 0.307951
2536.000000 0.307483
2537.000000 0.436794
2538.000000 0.183633
2539.000000 0.285107
2540.000000 0.274331
2541.000000 0.256986
2542.000000 0.137344
2543.000000 0.266180
2544.000000 0.377469
2545.000000 0.277047
2546.000000 0.107243
2547.000000 0.178197
2548.000000 0.117866
2549.000000 0.141348
2550.000000 0.371206
2551.000000 0.369332
2552.000000 0.273794
2553.000000 0.244484
2554.000000 0.360892
2555.000000 0.240809
2556.000000 0.430026
2557.000000 0.083434
2558.000000 0.103587
2559.000000 0.211207
2560.000000 0.122581
2561.000000 0.289930
2562.000000 0.058479
2563.000000 0.097594
2564.000000 0.078909
2565.000000 0.361525
2566.000000 0.162877
2567.000000 0.128426
2568.000000 0.128231
2569.000000 0.087042
2570.000000 0.269624
2571.000000 0.161822
2572.000000 0.264796
2573.000000 0.207304
2574.000000 0.342130
2575.000000 0.322958
2576.000000 0.194738
2577.000000 0.455170
2578.000000 0.200272
2579.000000 0.062030
2580.000000 0.473555
2581.000000 0.316806
2582.000000 0.249268
2583.000000 0.401394
2584.000000 0.346981
2585.000000 0.111620
2586.000000 0.359709
2587.000000 0.323271
2588.000000 0.273699
2589.000000 0.224853
2590.000000 0.319332
2591.000000 0.371312
2592.000000 0.313355
2593.000000 0.134117
2594.000000 0.136450
2595.000000 0.110551
2596.000000 0.388778
2597.000000 0.321428
2598.000000 0.182252
2599.000000 0.196940
2600.000000 0.179133
2601.000000 0.062020
2602.000000 0.359277
2603.000000 0.285185
2604.000000 0.311303
2605.000000 0.392818
2606.000000 0.250584
2607.000000 0.288249
2608.000000 0.303263
2609.000000 0.180624
2610.000000 0.135373
2611.000000 0.121325
2612.000000 0.090924
2613.000000 0.254163
2614.000000 0.245836
2615.000000 0.237027
2616.000000 0.089380
2617.000000 0.196875
2618.000000 0.024830
2619.000000 0.330250
2620.000000 0.160344
2621.000000 0.341572
2622.000000 0.287508
2623.000000 0.206212
2624.000000 0.367607
2625.000000 0.113323
2626.000000 0.331127
2627.000000 0.251766
2628.000000 0.157311
2629.000000 0.127780
2630.000000 0.138893
2631.000000 0.133651
2632.000000 0.347869
2633.000000 0.233481
2634.000000 0.184479
2635.000000 0.264821
2636.000000 0.171102
2637.000000 0.155117
2638.000000 0.221046
2639.000000 0.036919
2640.000000 0.206802
2641.000000 0.201016
2642.000000 0.054944
2643.000000 0.291508
2644.000000 0.055751
2645.000000 0.187116
2646.000000 0.091802
2647.000000 0.198054
2648.000000 0.333109
2649.000000 0.381764
2650.000000 0.112129
2651.000000 0.288963
2652.000000 0.109999
2653.000000 0.360844
2654.000000 0.298165
2655.000000 0.231829
2656.000000 0.566543
2657.000000 0.211840
2658.000000 0.106700
2659.000000 0.120034
2660.000000 0.204185
2661.000000 0.210966
2662.000000 0.186920
2663.000000 0.147203
2664.000000 0.154669
2665.000000 0.411831
2666.000000 0.453687
2667.000000 0.417880
2668.000000 0.217931
2669.000000 0.439956
2670.000000 0.153213
2671.000000 0.357164
2672.000000 0.224442
2673.000000 0.308201
2674.000000 0.246681
2675.000000 0.164148
2676.000000 0.393810
2677.000000 0.434024
2678.000000 0.198655
2679.000000 0.229547
2680.000000 0.166616
2681.000000 0.206664
2682.000000 0.163644
2683.000000 0.087737
2684.000000 0.131669
2685.000000 0.284270
2686.000000 0.214614
2687.000000 0.345600
2688.000000 0.194916
2689.000000 0.230668
2690.000000 0.141475
2691.000000 0.348938
2692.000000 0.259803
2693.000000 0.244153
2694.000000 0.266684
2695.000000 0.106994
2696.000000 0.221473
2697.000000 0.192734
2698.000000 0.100481
2699.000000 0.223713
2700.000000 0.351575
2701.000000 0.158847
2702.000000 0.236247
2703.000000 0.278688
2704.000000 0.050194
2705.000000 0.289040
2706.000000 0.088916
2707.000000 0.159815
2708.000000 0.147728
2709.000000 0.082565
2710.000000 0.354728
2711.000000 0.331170
2712.000000 0.396626
2713.000000 0.273033
2714.000000 0.116705
2715.000000 0.249538
2716.000000 0.101698
2717.000000 0.351688
2718.000000 0.213370
2719.000000 0.058633
2720.000000 0.101339
2721.000000 0.258672
2722.000000 0.384561
2723.000000 0.095694
2724.000000 0.069942
2725.000000 0.328287
2726.000000 0.041558
2727.000000 0.176790
2728.000000 0.286277
2729.000000 0.361216
2730.000000 0.286250
2731.000000 0.331510
2732.000000 0.166175
2733.000000 0.083810
2734.000000 0.092620
2735.000000 0.197430
2736.000000 0.172692
2737.000000 0.453683
2738.000000 0.209557
2739.000000 0.252152
2740.000000 0.443889
2741.000000 0.117474
2742.000000 0.306782
2743.000000 0.246265
2744.000000 0.055945
2745.000000 0.270555
2746.000000 0.057853
2747.000000 0.129349
2748.000000 0.275320
2749.000000 0.072179
2750.000000 0.075225
2751.000000 0.257878
2752.000000 0.090961
2753.000000 0.297955
2754.000000 0.347814
2755.000000 0.240656
2756.000000 0.142445
2757.000000 0.138646
2758.000000 0.426903
2759.000000 0.347015
2760.000000 0.119246
2761.000000 0.188428
2762.000000 0.169986
2763.000000 0.209077
2764.000000 0.351998
2765.000000 0.053241
2766.000000 0.013132
2767.000000 0.057110
2768.000000 0.092352
2769.000000 0.103696
2770.000000 0.177686
2771.000000 0.215409
2772.000000 0.337599
2773.000000 0.115408
2774.000000 0.127194
2775.000000 0.041297
2776.000000 0.177449
2777.000000 0.057419
2778.000000 0.089178
2779.000000 0.182765
2780.000000 0.355357
2781.000000 0.221111
2782.000000 0.457996
2783.000000 0.181704
2784.000000 0.417950
2785.000000 0.177326
2786.000000 0.214826
2787.000000 0.009864
2788.000000 0.360675
2789.000000 0.070188
2790.000000 0.084609
2791.000000 0.283011
2792.000000 0.170589
2793.000000 0.299103
2794.000000 0.442838
2795.000000 0.360179
2796.000000 0.111199
2797.000000 0.394734
2798.000000 0.251705
2799.000000 0.218873
2800.000000 0.289811
2801.000000 0.316529
2802.000000 0.302112
2803.000000 0.268616
2804.000000 0.132532
2805.000000 0.021575
2806.000000 0.140190
2807.000000 0.066642
2808.000000 0.339558
2809.000000 0.092022
2810.000000 0.044122
2811.000000 0.295237
2812.000000 0.070549
2813.000000 0.335015
2814.000000 0.345192
2815.000000 0.262215
2816.000000 0.120230
2817.000000 0.221167
2818.000000 0.120682
2819.000000 0.242921
2820.000000 0.061068
2821.000000 0.328451
2822.000000 0.108431
2823.000000 0.338848
2824.000000 0.260152
2825.000000 0.200987
2826.000000 0.073621
2827.000000 0.324517
2828.000000 0.060205
2829.000000 0.156011
2830.000000 0.342674
2831.000000 0.162929
2832.000000 0.131990
2833.000000 0.159704
2834.000000 0.240740
2835.000000 0.167855
2836.000000 0.391189
2837.000000 0.044662
2838.000000 0.092887
2839.000000 0.125648
2840.000000 0.292448
2841.000000 0.296283
2842.000000 0.152155
2843.000000 0.089344
2844.000000 0.279945
2845.000000 0.155200
2846.000000 0.113600
2847.000000 0.129838
2848.000000 0.376093
2849.000000 0.382951
2850.000000 0.176884
2851.000000 0.195661
2852.000000 0.171193
2853.000000 0.254959
2854.000000 0.167114
2855.000000 0.034813
2856.000000 0.204243
2857.000000 0.088865
2858.000000 0.037689
2859.000000 0.030498
2860.000000 0.232925
2861.000000 0.503621
2862.000000 0.137035
2863.000000 0.213029
2864.000000 0.309373
2865.000000 0.253339
2866.000000 0.188794
2867.000000 0.312977
2868.000000 0.237135
2869.000000 0.219039
2870.000000 0.220848
2871.000000 0.271219
2872.000000 0.201241
2873.000000 0.099164
2874.000000 0.129685
2875.000000 0.192269
2876.000000 0.231573
2877.000000 0.367130
2878.000000 0.130903
2879.000000 0.292939
2880.000000 0.232491
2881.000000 0.305890
2882.000000 0.198869
2883.000000 0.272785
2884.000000 0.377353
2885.000000 0.080651
2886.000000 0.207451
2887.000000 0.140013
2888.000000 0.328540
2889.000000 0.229923
2890.000000 0.122010
2891.000000 0.335979
2892.000000 0.280623
2893.000000 0.154720
2894.000000 0.136703
2895.000000 0.295132
2896.000000 0.276183
2897.000000 0.238788
2898.000000 0.089990
2899.000000 0.230486
2900.000000 0.230582
2901.000000 0.216607
2902.000000 0.015241
2903.000000 0.235229
2904.000000 0.141685
2905.000000 0.339181
2906.000000 0.369068
2907.000000 0.400674
2908.000000 0.506482
2909.000000 0.311344
2910.000000 0.193742
2911.000000 0.103233
2912.000000 0.046910
2913.000000 0.217369
2914.000000 0.344697
2915.000000 0.094032
2916.000000 0.348281
2917.000000 0.351485
2918.000000 0.033058
2919.000000 0.026057
2920.000000 0.294948
2921.000000 0.160385
2922.000000 0.408284
2923.000000 0.303993
2924.000000 0.139948
2925.000000 0.288503
2926.000000 0.370303
2927.000000 0.011729
2928.000000 0.114908
2929.000000 0.337481
2930.000000 0.108632
2931.000000 0.067297
2932.000000 0.168481
2933.000000 0.205197
2934.000000 0.322319
2935.000000 0.056747
2936.000000 0.048736
2937.000000 0.271799
2938.000000 0.028359
2939.000000 0.194383
2940.000000 0.205678
2941.000000 0.060888
2942.000000 0.067370
2943.000000 0.505853
2944.000000 0.368890
2945.000000 0.117384
2946.000000 0.178827
2947.000000 0.163237
2948.000000 0.132110
2949.000000 0.269989
2950.000000 0.246664
2951.000000 0.083242
2952.000000 0.213283
2953.000000 0.073621
2954.000000 0.387218
2955.000000 0.432499
2956.000000 0.270528
2957.000000 0.066680
2958.000000 0.077057
2959.000000 0.249571
2960.000000 0.109630
2961.000000 0.177866
2962.000000 0.003127
2963.000000 0.198994
2964.000000 0.200729
2965.000000 0.142702
2966.000000 0.093722
2967.000000 0.142847
2968.000000 0.172678
2969.000000 0.107341
2970.000000 0.145495
2971.000000 0.108343
2972.000000 0.292786
2973.000000 0.070139
2974.000000 0.233782
2975.000000 0.137813
2976.000000 0.102389
2977.000000 0.143014
2978.000000 0.159468
2979.000000 0.244445
2980.000000 0.142018
2981.000000 0.337566
2982.000000 0.368930
2983.000000 0.135179
2984.000000 0.057077
2985.000000 0.355013
2986.000000 0.131454
2987.000000 0.113756
2988.000000 0.220328
2989.000000 0.188365
2990.000000 0.107939
2991.000000 0.268980
2992.000000 0.323961
2993.000000 0.168283
2994.000000 0.291302
2995.000000 0.270930
2996.000000 0.218743
2997.000000 0.183930
2998.000000 0.224748
2999.000000 0.198774
3000.000000 0.054627
