10.000000 0.045283
20.000000 0.132927
30.000000 0.224882
40.000000 0.233091
50.000000 0.115201
60.000000 0.119057
70.000000 0.098487
80.000000 0.099910
90.000000 0.055031
100.000000 0.086034
110.000000 0.096218
120.000000 0.149557
130.000000 0.037171
140.000000 0.087969
150.000000 0.215355
160.000000 0.177680
170.000000 0.141405
180.000000 0.229272
190.000000 0.122417
200.000000 0.202014
210.000000 0.035674
220.000000 0.116607
230.000000 0.096587
240.000000 0.133850
250.000000 0.242511
260.000000 0.033913
270.000000 0.113602
280.000000 0.122549
290.000000 0.070050
300.000000 0.078605
310.000000 0.165497
320.000000 0.227476
330.000000 0.213900
340.000000 0.066597
350.000000 0.034470
360.000000 0.209278
370.000000 0.150823
380.000000 0.100266
390.000000 0.077952
400.000000 0.115582
410.000000 0.082545
420.000000 0.151835
430.000000 0.106560
440.000000 0.211288
450.000000 0.298402
460.000000 0.230717
470.000000 0.071851
480.000000 0.195119
490.000000 0.006947
500.000000 0.170722
510.000000 0.138436
520.000000 0.046858
530.000000 0.075330
540.000000 0.227259
550.000000 0.072042
560.000000 0.093861
570.000000 0.101891
580.000000 0.164368
590.000000 0.104747
600.000000 0.101507
610.000000 0.070480
620.000000 0.152027
630.000000 0.186408
640.000000 0.090590
650.000000 0.224586
660.000000 0.246674
670.000000 0.080303
680.000000 0.112147
690.000000 0.145264
700.000000 0.115178
710.000000 0.039467
720.000000 0.135188
730.000000 0.107119
740.000000 0.219617
750.000000 0.117567
760.000000 0.092228
770.000000 0.121370
780.000000 0.255734
790.000000 0.150572
800.000000 0.162694
810.000000 0.232378
820.000000 0.301000
830.000000 0.169824
840.000000 0.086168
850.000000 0.056141
860.000000 0.093450
870.000000 0.117807
880.000000 0.174896
890.000000 0.172600
900.000000 0.212670
910.000000 0.142879
920.000000 0.182357
930.000000 0.049160
940.000000 0.051506
950.000000 0.122267
960.000000 0.273947
970.000000 0.197575
980.000000 0.191555
990.000000 0.080215
1000.000000 0.155340
