10.000000 0.101821
20.000000 0.145853
30.000000 0.145606
40.000000 0.136505
50.000000 0.055887
60.000000 0.146295
70.000000 0.014637
80.000000 0.036486
90.000000 0.067588
100.000000 0.107766
110.000000 0.065860
120.000000 0.098556
130.000000 0.067085
140.000000 0.191929
150.000000 0.077791
160.000000 0.017593
170.000000 0.049347
180.000000 0.073179
190.000000 0.101499
200.000000 0.037651
210.000000 0.155507
220.000000 0.154611
230.000000 0.042940
240.000000 0.096930
250.000000 0.086796
260.000000 0.003562
270.000000 0.083194
280.000000 0.014484
290.000000 0.079430
300.000000 0.131033
310.000000 0.048010
320.000000 0.253000
330.000000 0.145416
340.000000 0.027908
350.000000 0.037010
360.000000 0.125723
370.000000 0.046441
380.000000 0.029750
390.000000 0.073026
400.000000 0.133779
410.000000 0.031212
420.000000 0.049216
430.000000 0.036248
440.000000 0.026006
450.000000 0.064790
460.000000 0.122499
470.000000 0.088399
480.000000 0.123617
490.000000 0.093501
500.000000 0.146545
510.000000 0.041083
520.000000 0.042916
530.000000 0.090805
540.000000 0.135518
550.000000 0.088444
560.000000 0.128602
570.000000 0.059233
580.000000 0.062735
590.000000 0.038325
600.000000 0.037626
610.000000 0.165247
620.000000 0.132527
630.000000 0.115673
640.000000 0.072505
650.000000 0.042124
660.000000 0.149035
670.000000 0.050992
680.000000 0.146094
690.000000 0.163662
700.000000 0.071548
710.000000 0.088554
720.000000 0.109839
730.000000 0.008374
740.000000 0.112916
750.000000 0.177218
760.000000 0.076401
770.000000 0.052558
780.000000 0.093855
790.000000 0.085182
800.000000 0.140857
810.000000 0.057488
820.000000 0.168123
830.000000 0.092789
840.000000 0.181961
850.000000 0.185705
860.000000 0.074835
870.000000 0.089637
880.000000 0.017913
890.000000 0.155817
900.000000 0.063678
910.000000 0.043076
920.000000 0.101822
930.000000 0.071244
940.000000 0.088518
950.000000 0.078417
960.000000 0.140200
970.000000 0.033403
980.000000 0.049362
990.000000 0.119077
1000.000000 0.188661
