0.000000 0.078895
1.000000 0.091032
2.000000 0.163248
3.000000 0.065894
4.000000 0.126940
5.000000 0.115083
6.000000 0.164207
7.000000 0.229456
8.000000 0.137393
9.000000 0.156621
10.000000 0.272808
11.000000 0.101814
12.000000 0.258424
13.000000 0.202595
14.000000 0.149644
15.000000 0.123358
16.000000 0.266970
17.000000 0.030938
18.000000 0.104367
19.000000 0.036156
20.000000 0.142984
21.000000 0.020873
22.000000 0.133316
23.000000 0.053008
24.000000 0.122293
25.000000 0.054910
26.000000 0.082964
27.000000 0.159512
28.000000 0.143432
29.000000 0.223931
30.000000 0.122140
31.000000 0.217678
32.000000 0.029771
33.000000 0.174472
34.000000 0.064180
35.000000 0.075495
36.000000 0.131076
37.000000 0.052888
38.000000 0.187371
39.000000 0.059880
40.000000 0.122699
41.000000 0.162780
42.000000 0.104078
43.000000 0.191645
44.000000 0.116551
45.000000 0.085709
46.000000 0.090362
47.000000 0.089486
48.000000 0.234973
49.000000 0.130407
50.000000 0.142399
51.000000 0.058576
52.000000 0.181726
53.000000 0.088318
54.000000 0.092122
55.000000 0.075972
56.000000 0.056100
57.000000 0.210675
58.000000 0.313452
59.000000 0.305660
60.000000 0.064241
61.000000 0.055078
62.000000 0.049867
63.000000 0.043928
64.000000 0.106385
65.000000 0.023090
66.000000 0.024677
67.000000 0.180356
68.000000 0.268332
69.000000 0.146123
70.000000 0.109544
71.000000 0.066458
72.000000 0.193571
73.000000 0.063682
74.000000 0.025383
75.000000 0.166154
76.000000 0.089927
77.000000 0.145882
78.000000 0.210270
79.000000 0.110924
80.000000 0.109475
81.000000 0.172058
82.000000 0.160115
83.000000 0.147711
84.000000 0.039306
85.000000 0.184137
86.000000 0.183416
87.000000 0.058042
88.000000 0.158562
89.000000 0.298708
90.000000 0.092594
91.000000 0.134728
92.000000 0.123610
93.000000 0.076544
94.000000 0.067173
95.000000 0.081240
96.000000 0.069652
97.000000 0.194122
98.000000 0.077961
99.000000 0.004556
100.000000 0.072798
101.000000 0.086558
102.000000 0.125569
103.000000 0.303045
104.000000 0.098944
105.000000 0.040389
106.000000 0.182157
107.000000 0.054167
108.000000 0.158417
109.000000 0.152490
110.000000 0.083050
111.000000 0.131558
112.000000 0.055026
113.000000 0.113613
114.000000 0.267788
115.000000 0.103033
116.000000 0.040431
117.000000 0.225409
118.000000 0.079970
119.000000 0.119757
120.000000 0.125629
121.000000 0.176674
122.000000 0.212272
123.000000 0.150527
124.000000 0.061148
125.000000 0.041481
126.000000 0.068226
127.000000 0.096385
128.000000 0.195312
129.000000 0.074989
130.000000 0.104203
131.000000 0.159989
132.000000 0.147628
133.000000 0.093584
134.000000 0.143391
135.000000 0.133449
136.000000 0.024871
137.000000 0.231005
138.000000 0.274603
139.000000 0.091173
140.000000 0.131478
141.000000 0.215627
142.000000 0.045944
143.000000 0.148578
144.000000 0.040107
145.000000 0.187965
146.000000 0.206112
147.000000 0.099551
148.000000 0.179455
149.000000 0.201430
150.000000 0.342106
151.000000 0.233542
152.000000 0.137352
153.000000 0.143132
154.000000 0.213812
155.000000 0.046334
156.000000 0.081200
157.000000 0.214327
158.000000 0.093855
159.000000 0.238178
160.000000 0.072392
161.000000 0.077120
162.000000 0.142694
163.000000 0.198177
164.000000 0.325812
165.000000 0.129062
166.000000 0.149787
167.000000 0.264049
168.000000 0.148003
169.000000 0.086740
170.000000 0.207108
171.000000 0.151146
172.000000 0.175808
173.000000 0.223422
174.000000 0.150466
175.000000 0.253521
176.000000 0.186781
177.000000 0.093823
178.000000 0.196005
179.000000 0.067024
180.000000 0.062910
181.000000 0.029535
182.000000 0.194536
183.000000 0.265418
184.000000 0.088470
185.000000 0.037417
186.000000 0.072821
187.000000 0.087947
188.000000 0.139148
189.000000 0.070911
190.000000 0.197841
191.000000 0.089923
192.000000 0.125602
193.000000 0.171686
194.000000 0.145189
195.000000 0.157383
196.000000 0.162461
197.000000 0.134531
198.000000 0.092404
199.000000 0.206209
200.000000 0.122389
201.000000 0.153254
202.000000 0.173205
203.000000 0.058436
204.000000 0.130145
205.000000 0.178994
206.000000 0.043521
207.000000 0.076751
208.000000 0.055927
209.000000 0.146502
210.000000 0.020644
211.000000 0.069220
212.000000 0.189262
213.000000 0.096802
214.000000 0.084419
215.000000 0.064202
216.000000 0.125583
217.000000 0.084580
218.000000 0.086302
219.000000 0.089272
220.000000 0.063931
221.000000 0.159168
222.000000 0.076678
223.000000 0.152878
224.000000 0.065092
225.000000 0.095919
226.000000 0.139451
227.000000 0.153061
228.000000 0.071677
229.000000 0.128771
230.000000 0.041186
231.000000 0.041305
232.000000 0.139822
233.000000 0.072104
234.000000 0.177098
235.000000 0.245835
236.000000 0.222478
237.000000 0.136258
238.000000 0.061864
239.000000 0.237790
240.000000 0.136639
241.000000 0.046125
242.000000 0.154996
243.000000 0.166584
244.000000 0.139167
245.000000 0.174320
246.000000 0.063878
247.000000 0.095341
248.000000 0.103217
249.000000 0.192481
250.000000 0.174633
251.000000 0.044598
252.000000 0.063969
253.000000 0.154886
254.000000 0.149828
255.000000 0.173182
256.000000 0.256324
257.000000 0.128340
258.000000 0.086924
259.000000 0.142075
260.000000 0.081357
261.000000 0.164639
262.000000 0.088452
263.000000 0.117294
264.000000 0.159844
265.000000 0.128113
266.000000 0.192952
267.000000 0.137046
268.000000 0.150711
269.000000 0.037113
270.000000 0.050170
271.000000 0.138158
272.000000 0.126809
273.000000 0.083645
274.000000 0.130615
275.000000 0.047333
276.000000 0.164486
277.000000 0.079884
278.000000 0.078430
279.000000 0.087621
280.000000 0.148879
281.000000 0.205505
282.000000 0.091529
283.000000 0.341074
284.000000 0.142491
285.000000 0.229166
286.000000 0.196991
287.000000 0.168262
288.000000 0.055635
289.000000 0.155052
290.000000 0.237826
291.000000 0.131812
292.000000 0.148355
293.000000 0.214237
294.000000 0.120613
295.000000 0.121649
296.000000 0.228526
297.000000 0.037474
298.000000 0.164271
299.000000 0.153340
300.000000 0.175909
301.000000 0.142495
302.000000 0.045581
303.000000 0.078806
304.000000 0.257556
305.000000 0.143324
306.000000 0.213159
307.000000 0.024288
308.000000 0.070825
309.000000 0.137425
310.000000 0.236540
311.000000 0.084944
312.000000 0.256219
313.000000 0.052800
314.000000 0.161882
315.000000 0.223818
316.000000 0.223168
317.000000 0.188250
318.000000 0.158789
319.000000 0.205757
320.000000 0.105876
321.000000 0.178834
322.000000 0.166280
323.000000 0.088164
324.000000 0.258066
325.000000 0.043607
326.000000 0.243152
327.000000 0.154947
328.000000 0.166988
329.000000 0.189068
330.000000 0.099965
331.000000 0.100434
332.000000 0.217858
333.000000 0.196082
334.000000 0.161521
335.000000 0.144683
336.000000 0.153796
337.000000 0.032965
338.000000 0.282973
339.000000 0.196739
340.000000 0.080001
341.000000 0.036743
342.000000 0.153192
343.000000 0.096207
344.000000 0.175755
345.000000 0.232508
346.000000 0.240336
347.000000 0.162071
348.000000 0.064722
349.000000 0.144029
350.000000 0.328818
351.000000 0.082440
352.000000 0.171993
353.000000 0.128166
354.000000 0.065430
355.000000 0.131372
356.000000 0.045950
357.000000 0.164899
358.000000 0.106292
359.000000 0.040730
360.000000 0.157567
361.000000 0.198895
362.000000 0.066890
363.000000 0.069590
364.000000 0.056257
365.000000 0.157914
366.000000 0.309239
367.000000 0.078570
368.000000 0.064823
369.000000 0.133126
370.000000 0.082097
371.000000 0.156122
372.000000 0.081754
373.000000 0.137955
374.000000 0.220808
375.000000 0.085316
376.000000 0.155766
377.000000 0.160375
378.000000 0.102901
379.000000 0.201249
380.000000 0.144722
381.000000 0.069599
382.000000 0.123373
383.000000 0.080153
384.000000 0.093367
385.000000 0.037869
386.000000 0.219262
387.000000 0.134141
388.000000 0.083863
389.000000 0.101214
390.000000 0.114342
391.000000 0.149351
392.000000 0.086423
393.000000 0.244669
394.000000 0.089455
395.000000 0.186506
396.000000 0.226789
397.000000 0.082563
398.000000 0.096302
399.000000 0.227098
400.000000 0.166691
401.000000 0.184927
402.000000 0.099849
403.000000 0.169353
404.000000 0.042322
405.000000 0.158813
406.000000 0.110591
407.000000 0.105870
408.000000 0.024385
409.000000 0.289957
410.000000 0.167062
411.000000 0.009976
412.000000 0.123014
413.000000 0.199926
414.000000 0.110896
415.000000 0.072460
416.000000 0.326372
417.000000 0.083964
418.000000 0.153051
419.000000 0.029401
420.000000 0.031345
421.000000 0.027081
422.000000 0.094411
423.000000 0.043093
424.000000 0.086941
425.000000 0.140010
426.000000 0.105717
427.000000 0.227323
428.000000 0.064286
429.000000 0.154074
430.000000 0.216986
431.000000 0.145823
432.000000 0.048572
433.000000 0.147450
434.000000 0.097892
435.000000 0.219541
436.000000 0.147919
437.000000 0.134158
438.000000 0.091492
439.000000 0.164879
440.000000 0.062840
441.000000 0.078756
442.000000 0.123421
443.000000 0.106720
444.000000 0.113281
445.000000 0.071587
446.000000 0.091224
447.000000 0.065796
448.000000 0.180058
449.000000 0.204738
450.000000 0.117536
451.000000 0.099906
452.000000 0.111255
453.000000 0.073309
454.000000 0.092649
455.000000 0.048021
456.000000 0.056879
457.000000 0.012739
458.000000 0.175756
459.000000 0.068987
460.000000 0.100462
461.000000 0.102061
462.000000 0.186145
463.000000 0.158759
464.000000 0.122520
465.000000 0.149859
466.000000 0.116720
467.000000 0.134406
468.000000 0.127191
469.000000 0.112677
470.000000 0.181252
471.000000 0.135105
472.000000 0.135242
473.000000 0.158873
474.000000 0.050272
475.000000 0.051767
476.000000 0.059211
477.000000 0.014277
478.000000 0.045891
479.000000 0.093752
480.000000 0.038471
481.000000 0.110164
482.000000 0.219615
483.000000 0.197039
484.000000 0.095232
485.000000 0.057664
486.000000 0.087593
487.000000 0.225279
488.000000 0.108914
489.000000 0.142597
490.000000 0.125636
491.000000 0.085357
492.000000 0.094809
493.000000 0.041109
494.000000 0.096817
495.000000 0.076291
496.000000 0.111133
497.000000 0.107612
498.000000 0.085208
499.000000 0.086980
500.000000 0.194010
501.000000 0.230150
502.000000 0.166108
503.000000 0.226022
504.000000 0.348160
505.000000 0.185449
506.000000 0.062642
507.000000 0.267415
508.000000 0.169725
509.000000 0.264191
510.000000 0.065166
511.000000 0.122363
512.000000 0.061913
513.000000 0.116942
514.000000 0.119982
515.000000 0.102055
516.000000 0.076673
517.000000 0.037125
518.000000 0.108908
519.000000 0.044628
520.000000 0.217062
521.000000 0.108684
522.000000 0.216816
523.000000 0.064341
524.000000 0.262041
525.000000 0.101523
526.000000 0.063836
527.000000 0.083563
528.000000 0.013641
529.000000 0.061952
530.000000 0.104139
531.000000 0.112660
532.000000 0.131386
533.000000 0.058787
534.000000 0.086748
535.000000 0.013386
536.000000 0.145355
537.000000 0.045078
538.000000 0.093939
539.000000 0.265017
540.000000 0.111899
541.000000 0.131937
542.000000 0.301719
543.000000 0.120141
544.000000 0.089424
545.000000 0.155659
546.000000 0.166818
547.000000 0.160083
548.000000 0.124974
549.000000 0.065039
550.000000 0.247229
551.000000 0.102774
552.000000 0.129467
553.000000 0.126052
554.000000 0.058239
555.000000 0.110273
556.000000 0.094207
557.000000 0.165526
558.000000 0.121945
559.000000 0.102219
560.000000 0.079364
561.000000 0.044069
562.000000 0.151755
563.000000 0.093869
564.000000 0.133570
565.000000 0.173895
566.000000 0.152899
567.000000 0.333891
568.000000 0.100667
569.000000 0.050010
570.000000 0.085439
571.000000 0.090247
572.000000 0.037065
573.000000 0.067315
574.000000 0.048927
575.000000 0.170374
576.000000 0.093140
577.000000 0.021036
578.000000 0.122018
579.000000 0.200232
580.000000 0.148040
581.000000 0.106529
582.000000 0.082824
583.000000 0.106223
584.000000 0.158160
585.000000 0.091836
586.000000 0.050020
587.000000 0.208586
588.000000 0.131423
589.000000 0.253796
590.000000 0.269421
591.000000 0.036587
592.000000 0.141851
593.000000 0.200722
594.000000 0.164853
595.000000 0.067595
596.000000 0.249841
597.000000 0.224612
598.000000 0.091599
599.000000 0.154658
600.000000 0.086355
601.000000 0.162694
602.000000 0.097933
603.000000 0.151126
604.000000 0.240180
605.000000 0.280805
606.000000 0.163898
607.000000 0.098598
608.000000 0.085016
609.000000 0.036489
610.000000 0.063363
611.000000 0.113955
612.000000 0.310092
613.000000 0.098317
614.000000 0.082480
615.000000 0.132749
616.000000 0.118964
617.000000 0.136546
618.000000 0.165624
619.000000 0.145619
620.000000 0.055106
621.000000 0.264359
622.000000 0.130798
623.000000 0.113787
624.000000 0.055836
625.000000 0.202499
626.000000 0.065934
627.000000 0.146984
628.000000 0.099033
629.000000 0.074911
630.000000 0.125449
631.000000 0.087983
632.000000 0.218919
633.000000 0.156363
634.000000 0.098122
635.000000 0.106415
636.000000 0.141465
637.000000 0.056545
638.000000 0.049203
639.000000 0.128147
640.000000 0.152852
641.000000 0.119910
642.000000 0.348078
643.000000 0.022080
644.000000 0.060906
645.000000 0.182689
646.000000 0.095264
647.000000 0.107979
648.000000 0.132488
649.000000 0.057707
650.000000 0.161145
651.000000 0.214772
652.000000 0.209990
653.000000 0.126699
654.000000 0.182767
655.000000 0.212915
656.000000 0.221215
657.000000 0.101889
658.000000 0.186430
659.000000 0.088859
660.000000 0.188164
661.000000 0.192118
662.000000 0.108366
663.000000 0.067166
664.000000 0.059842
665.000000 0.134630
666.000000 0.189153
667.000000 0.155547
668.000000 0.075927
669.000000 0.157335
670.000000 0.092284
671.000000 0.133064
672.000000 0.048020
673.000000 0.044531
674.000000 0.109408
675.000000 0.103453
676.000000 0.017895
677.000000 0.205720
678.000000 0.112254
679.000000 0.147242
680.000000 0.121732
681.000000 0.020691
682.000000 0.082813
683.000000 0.116553
684.000000 0.247627
685.000000 0.118959
686.000000 0.258598
687.000000 0.049734
688.000000 0.096682
689.000000 0.267457
690.000000 0.145759
691.000000 0.042156
692.000000 0.225119
693.000000 0.180674
694.000000 0.212283
695.000000 0.124450
696.000000 0.212812
697.000000 0.323007
698.000000 0.137523
699.000000 0.120975
700.000000 0.143225
701.000000 0.050463
702.000000 0.135976
703.000000 0.022689
704.000000 0.129296
705.000000 0.174085
706.000000 0.146775
707.000000 0.176314
708.000000 0.067742
709.000000 0.159588
710.000000 0.113592
711.000000 0.067369
712.000000 0.095008
713.000000 0.114234
714.000000 0.132624
715.000000 0.166525
716.000000 0.164330
717.000000 0.026957
718.000000 0.021859
719.000000 0.203049
720.000000 0.058244
721.000000 0.008446
722.000000 0.139163
723.000000 0.247912
724.000000 0.120287
725.000000 0.083834
726.000000 0.208207
727.000000 0.180465
728.000000 0.061469
729.000000 0.175822
730.000000 0.113243
731.000000 0.045788
732.000000 0.063895
733.000000 0.098854
734.000000 0.227658
735.000000 0.152921
736.000000 0.098361
737.000000 0.154059
738.000000 0.164145
739.000000 0.143091
740.000000 0.165037
741.000000 0.219803
742.000000 0.137858
743.000000 0.099874
744.000000 0.037916
745.000000 0.027217
746.000000 0.120650
747.000000 0.093742
748.000000 0.138809
749.000000 0.097351
750.000000 0.084937
751.000000 0.167094
752.000000 0.065582
753.000000 0.123590
754.000000 0.097568
755.000000 0.043398
756.000000 0.086435
757.000000 0.078633
758.000000 0.160537
759.000000 0.175154
760.000000 0.081870
761.000000 0.077525
762.000000 0.212349
763.000000 0.221047
764.000000 0.131174
765.000000 0.176419
766.000000 0.269147
767.000000 0.209431
768.000000 0.204566
769.000000 0.018652
770.000000 0.156280
771.000000 0.126133
772.000000 0.035704
773.000000 0.091261
774.000000 0.064210
775.000000 0.164083
776.000000 0.080265
777.000000 0.023316
778.000000 0.123978
779.000000 0.121356
780.000000 0.069345
781.000000 0.242352
782.000000 0.227973
783.000000 0.079875
784.000000 0.127840
785.000000 0.102369
786.000000 0.074417
787.000000 0.194916
788.000000 0.177727
789.000000 0.106057
790.000000 0.158486
791.000000 0.025455
792.000000 0.155980
793.000000 0.207165
794.000000 0.116475
795.000000 0.100391
796.000000 0.040710
797.000000 0.230065
798.000000 0.065349
799.000000 0.076658
800.000000 0.082289
801.000000 0.148086
802.000000 0.161751
803.000000 0.102680
804.000000 0.229656
805.000000 0.077024
806.000000 0.166188
807.000000 0.192134
808.000000 0.130781
809.000000 0.102005
810.000000 0.149800
811.000000 0.046920
812.000000 0.083132
813.000000 0.027542
814.000000 0.122041
815.000000 0.170265
816.000000 0.203688
817.000000 0.137965
818.000000 0.066755
819.000000 0.103296
820.000000 0.054314
821.000000 0.072634
822.000000 0.069513
823.000000 0.089622
824.000000 0.166340
825.000000 0.097443
826.000000 0.177289
827.000000 0.082278
828.000000 0.172841
829.000000 0.043863
830.000000 0.138516
831.000000 0.150974
832.000000 0.098804
833.000000 0.147057
834.000000 0.245185
835.000000 0.208267
836.000000 0.229056
837.000000 0.040993
838.000000 0.113416
839.000000 0.224827
840.000000 0.284287
841.000000 0.057176
842.000000 0.064016
843.000000 0.083790
844.000000 0.045517
845.000000 0.072669
846.000000 0.163826
847.000000 0.040658
848.000000 0.187319
849.000000 0.058236
850.000000 0.235099
851.000000 0.095183
852.000000 0.237643
853.000000 0.090838
854.000000 0.152028
855.000000 0.122077
856.000000 0.166422
857.000000 0.121473
858.000000 0.221669
859.000000 0.228339
860.000000 0.200627
861.000000 0.145357
862.000000 0.150410
863.000000 0.158265
864.000000 0.201629
865.000000 0.054883
866.000000 0.206082
867.000000 0.140229
868.000000 0.053876
869.000000 0.219477
870.000000 0.091735
871.000000 0.079388
872.000000 0.232930
873.000000 0.157741
874.000000 0.335147
875.000000 0.191049
876.000000 0.198705
877.000000 0.060396
878.000000 0.067751
879.000000 0.192434
880.000000 0.306934
881.000000 0.151597
882.000000 0.095386
883.000000 0.142086
884.000000 0.094544
885.000000 0.202844
886.000000 0.116107
887.000000 0.087321
888.000000 0.280558
889.000000 0.148695
890.000000 0.132386
891.000000 0.018370
892.000000 0.167028
893.000000 0.104697
894.000000 0.225604
895.000000 0.053491
896.000000 0.042118
897.000000 0.059555
898.000000 0.079715
899.000000 0.065141
900.000000 0.172480
901.000000 0.118577
902.000000 0.098826
903.000000 0.167559
904.000000 0.118882
905.000000 0.216254
906.000000 0.039662
907.000000 0.145541
908.000000 0.216971
909.000000 0.058137
910.000000 0.100400
911.000000 0.004207
912.000000 0.252894
913.000000 0.151810
914.000000 0.125850
915.000000 0.144717
916.000000 0.142760
917.000000 0.024596
918.000000 0.227176
919.000000 0.189619
920.000000 0.042960
921.000000 0.091973
922.000000 0.062856
923.000000 0.115515
924.000000 0.084387
925.000000 0.088184
926.000000 0.053620
927.000000 0.132016
928.000000 0.059539
929.000000 0.011099
930.000000 0.082119
931.000000 0.066835
932.000000 0.120885
933.000000 0.143604
934.000000 0.116064
935.000000 0.148936
936.000000 0.107348
937.000000 0.060479
938.000000 0.060821
939.000000 0.086275
940.000000 0.142229
941.000000 0.068760
942.000000 0.165290
943.000000 0.080760
944.000000 0.035441
945.000000 0.059383
946.000000 0.056728
947.000000 0.040575
948.000000 0.221917
949.000000 0.197564
950.000000 0.100683
951.000000 0.170822
952.000000 0.063401
953.000000 0.124610
954.000000 0.076219
955.000000 0.147784
956.000000 0.030947
957.000000 0.113956
958.000000 0.045653
959.000000 0.099896
960.000000 0.197155
961.000000 0.207467
962.000000 0.046686
963.000000 0.170706
964.000000 0.156679
965.000000 0.144808
966.000000 0.072338
967.000000 0.085540
968.000000 0.102393
969.000000 0.105380
970.000000 0.163132
971.000000 0.054634
972.000000 0.111576
973.000000 0.119283
974.000000 0.071138
975.000000 0.104450
976.000000 0.240384
977.000000 0.145645
978.000000 0.299679
979.000000 0.102420
980.000000 0.052574
981.000000 0.105949
982.000000 0.111056
983.000000 0.114568
984.000000 0.207316
985.000000 0.095604
986.000000 0.127612
987.000000 0.106786
988.000000 0.150249
989.000000 0.145474
990.000000 0.073282
991.000000 0.140634
992.000000 0.116428
993.000000 0.142681
994.000000 0.043185
995.000000 0.170862
996.000000 0.056990
997.000000 0.226433
998.000000 0.293069
999.000000 0.168248
1000.000000 0.058542
1001.000000 0.137429
1002.000000 0.127348
1003.000000 0.312789
1004.000000 0.103981
1005.000000 0.158395
1006.000000 0.040287
1007.000000 0.053272
1008.000000 0.113615
1009.000000 0.205087
1010.000000 0.102897
1011.000000 0.092234
1012.000000 0.185929
1013.000000 0.219169
1014.000000 0.051672
1015.000000 0.147215
1016.000000 0.053125
1017.000000 0.039268
1018.000000 0.123899
1019.000000 0.055087
1020.000000 0.107216
1021.000000 0.071803
1022.000000 0.117931
1023.000000 0.079593
1024.000000 0.013397
1025.000000 0.247390
1026.000000 0.213824
1027.000000 0.031231
1028.000000 0.125457
1029.000000 0.238454
1030.000000 0.113522
1031.000000 0.185929
1032.000000 0.124773
1033.000000 0.154621
1034.000000 0.049404
1035.000000 0.082280
1036.000000 0.054253
1037.000000 0.166288
1038.000000 0.221915
1039.000000 0.046961
1040.000000 0.097858
1041.000000 0.075482
1042.000000 0.017757
1043.000000 0.135120
1044.000000 0.283637
1045.000000 0.150631
1046.000000 0.201849
1047.000000 0.172097
1048.000000 0.123037
1049.000000 0.091578
1050.000000 0.162633
1051.000000 0.136952
1052.000000 0.059580
1053.000000 0.107453
1054.000000 0.036438
1055.000000 0.162486
1056.000000 0.157048
1057.000000 0.031475
1058.000000 0.176321
1059.000000 0.032831
1060.000000 0.106764
1061.000000 0.032661
1062.000000 0.075701
1063.000000 0.204752
1064.000000 0.101698
1065.000000 0.102459
1066.000000 0.317755
1067.000000 0.037591
1068.000000 0.165078
1069.000000 0.138425
1070.000000 0.102232
1071.000000 0.124326
1072.000000 0.201501
1073.000000 0.087207
1074.000000 0.218426
1075.000000 0.149202
1076.000000 0.017271
1077.000000 0.112197
1078.000000 0.067497
1079.000000 0.123343
1080.000000 0.047847
1081.000000 0.203242
1082.000000 0.176400
1083.000000 0.260863
1084.000000 0.066641
1085.000000 0.126776
1086.000000 0.143902
1087.000000 0.092723
1088.000000 0.191204
1089.000000 0.068635
1090.000000 0.116183
1091.000000 0.086324
1092.000000 0.006812
1093.000000 0.079450
1094.000000 0.067978
1095.000000 0.247406
1096.000000 0.231086
1097.000000 0.247558
1098.000000 0.112213
1099.000000 0.261471
1100.000000 0.146022
1101.000000 0.029892
1102.000000 0.198193
1103.000000 0.096946
1104.000000 0.120673
1105.000000 0.067481
1106.000000 0.164098
1107.000000 0.050960
1108.000000 0.148981
1109.000000 0.144667
1110.000000 0.103889
1111.000000 0.115526
1112.000000 0.147660
1113.000000 0.177436
1114.000000 0.057864
1115.000000 0.070248
1116.000000 0.129946
1117.000000 0.256906
1118.000000 0.198574
1119.000000 0.078070
1120.000000 0.151593
1121.000000 0.146365
1122.000000 0.010682
1123.000000 0.070148
1124.000000 0.100375
1125.000000 0.386675
1126.000000 0.104947
1127.000000 0.199823
1128.000000 0.156661
1129.000000 0.082719
1130.000000 0.127177
1131.000000 0.135319
1132.000000 0.121508
1133.000000 0.155121
1134.000000 0.085634
1135.000000 0.176359
1136.000000 0.195377
1137.000000 0.047600
1138.000000 0.038982
1139.000000 0.090702
1140.000000 0.074197
1141.000000 0.197390
1142.000000 0.157799
1143.000000 0.012322
1144.000000 0.070672
1145.000000 0.039402
1146.000000 0.050039
1147.000000 0.131876
1148.000000 0.175137
1149.000000 0.173876
1150.000000 0.075254
1151.000000 0.132710
1152.000000 0.237438
1153.000000 0.328784
1154.000000 0.106586
1155.000000 0.161934
1156.000000 0.183797
1157.000000 0.119059
1158.000000 0.221618
1159.000000 0.081385
1160.000000 0.023922
1161.000000 0.061490
1162.000000 0.062998
1163.000000 0.114185
1164.000000 0.222420
1165.000000 0.147982
1166.000000 0.096225
1167.000000 0.066016
1168.000000 0.145878
1169.000000 0.261746
1170.000000 0.180574
1171.000000 0.170140
1172.000000 0.147889
1173.000000 0.128854
1174.000000 0.154981
1175.000000 0.063367
1176.000000 0.053277
1177.000000 0.121315
1178.000000 0.088295
1179.000000 0.075597
1180.000000 0.038547
1181.000000 0.108662
1182.000000 0.171639
1183.000000 0.061623
1184.000000 0.143540
1185.000000 0.212283
1186.000000 0.168484
1187.000000 0.166350
1188.000000 0.021685
1189.000000 0.077014
1190.000000 0.037406
1191.000000 0.250135
1192.000000 0.076510
1193.000000 0.164586
1194.000000 0.092780
1195.000000 0.054447
1196.000000 0.202774
1197.000000 0.064619
1198.000000 0.100647
1199.000000 0.056298
1200.000000 0.135728
1201.000000 0.222425
1202.000000 0.033726
1203.000000 0.172135
1204.000000 0.145360
1205.000000 0.206873
1206.000000 0.102724
1207.000000 0.089335
1208.000000 0.196775
1209.000000 0.150512
1210.000000 0.118950
1211.000000 0.266979
1212.000000 0.143857
1213.000000 0.061172
1214.000000 0.170945
1215.000000 0.047773
1216.000000 0.114568
1217.000000 0.070480
1218.000000 0.176658
1219.000000 0.098503
1220.000000 0.189257
1221.000000 0.071452
1222.000000 0.076799
1223.000000 0.130177
1224.000000 0.217441
1225.000000 0.104443
1226.000000 0.074916
1227.000000 0.131346
1228.000000 0.089564
1229.000000 0.043449
1230.000000 0.256170
1231.000000 0.070077
1232.000000 0.314495
1233.000000 0.135618
1234.000000 0.114578
1235.000000 0.151614
1236.000000 0.084167
1237.000000 0.096795
1238.000000 0.150755
1239.000000 0.064345
1240.000000 0.154579
1241.000000 0.251851
1242.000000 0.049210
1243.000000 0.156868
1244.000000 0.073666
1245.000000 0.113800
1246.000000 0.187901
1247.000000 0.134340
1248.000000 0.171402
1249.000000 0.233028
1250.000000 0.078653
1251.000000 0.044591
1252.000000 0.100407
1253.000000 0.172277
1254.000000 0.117303
1255.000000 0.108179
1256.000000 0.097086
1257.000000 0.149198
1258.000000 0.027342
1259.000000 0.168643
1260.000000 0.278855
1261.000000 0.107125
1262.000000 0.238953
1263.000000 0.197789
1264.000000 0.082791
1265.000000 0.096294
1266.000000 0.047608
1267.000000 0.128760
1268.000000 0.226212
1269.000000 0.118193
1270.000000 0.124700
1271.000000 0.109787
1272.000000 0.043188
1273.000000 0.124775
1274.000000 0.164726
1275.000000 0.013888
1276.000000 0.194981
1277.000000 0.146448
1278.000000 0.267786
1279.000000 0.075104
1280.000000 0.079568
1281.000000 0.118250
1282.000000 0.158915
1283.000000 0.187184
1284.000000 0.228200
1285.000000 0.106127
1286.000000 0.057078
1287.000000 0.138302
1288.000000 0.049571
1289.000000 0.110393
1290.000000 0.111527
1291.000000 0.186897
1292.000000 0.128664
1293.000000 0.029678
1294.000000 0.110356
1295.000000 0.213992
1296.000000 0.136128
1297.000000 0.116350
1298.000000 0.176927
1299.000000 0.227908
1300.000000 0.185951
1301.000000 0.129048
1302.000000 0.162398
1303.000000 0.255474
1304.000000 0.130213
1305.000000 0.025409
1306.000000 0.217418
1307.000000 0.137807
1308.000000 0.196298
1309.000000 0.029744
1310.000000 0.089182
1311.000000 0.117794
1312.000000 0.181798
1313.000000 0.036714
1314.000000 0.044628
1315.000000 0.089021
1316.000000 0.098527
1317.000000 0.260001
1318.000000 0.143399
1319.000000 0.169496
1320.000000 0.109688
1321.000000 0.139225
1322.000000 0.156437
1323.000000 0.206775
1324.000000 0.145998
1325.000000 0.056643
1326.000000 0.021954
1327.000000 0.174032
1328.000000 0.200272
1329.000000 0.226243
1330.000000 0.127659
1331.000000 0.061705
1332.000000 0.103275
1333.000000 0.176896
1334.000000 0.230734
1335.000000 0.064313
1336.000000 0.085367
1337.000000 0.103784
1338.000000 0.086785
1339.000000 0.121027
1340.000000 0.185916
1341.000000 0.262697
1342.000000 0.074406
1343.000000 0.037358
1344.000000 0.198432
1345.000000 0.088941
1346.000000 0.289375
1347.000000 0.064474
1348.000000 0.102536
1349.000000 0.111224
1350.000000 0.144603
1351.000000 0.061517
1352.000000 0.246272
1353.000000 0.205594
1354.000000 0.034386
1355.000000 0.134878
1356.000000 0.099003
1357.000000 0.185550
1358.000000 0.062496
1359.000000 0.102957
1360.000000 0.209476
1361.000000 0.111799
1362.000000 0.096280
1363.000000 0.101009
1364.000000 0.178893
1365.000000 0.232982
1366.000000 0.140062
1367.000000 0.124825
1368.000000 0.215374
1369.000000 0.053155
1370.000000 0.157191
1371.000000 0.257687
1372.000000 0.156607
1373.000000 0.214149
1374.000000 0.131669
1375.000000 0.106348
1376.000000 0.147141
1377.000000 0.312673
1378.000000 0.058888
1379.000000 0.120126
1380.000000 0.092504
1381.000000 0.143914
1382.000000 0.117226
1383.000000 0.096279
1384.000000 0.161084
1385.000000 0.091278
1386.000000 0.067022
1387.000000 0.102776
1388.000000 0.114997
1389.000000 0.159163
1390.000000 0.039156
1391.000000 0.248537
1392.000000 0.051053
1393.000000 0.071380
1394.000000 0.103942
1395.000000 0.163480
1396.000000 0.179260
1397.000000 0.160948
1398.000000 0.087432
1399.000000 0.074293
1400.000000 0.118160
1401.000000 0.076262
1402.000000 0.061560
1403.000000 0.081379
1404.000000 0.140613
1405.000000 0.110196
1406.000000 0.080130
1407.000000 0.053086
1408.000000 0.154721
1409.000000 0.172271
1410.000000 0.020607
1411.000000 0.143344
1412.000000 0.092081
1413.000000 0.093646
1414.000000 0.099410
1415.000000 0.076094
1416.000000 0.041588
1417.000000 0.281779
1418.000000 0.056936
1419.000000 0.174435
1420.000000 0.107029
1421.000000 0.163376
1422.000000 0.220649
1423.000000 0.036822
1424.000000 0.048942
1425.000000 0.220157
1426.000000 0.207075
1427.000000 0.117909
1428.000000 0.134643
1429.000000 0.267146
1430.000000 0.132381
1431.000000 0.155266
1432.000000 0.064744
1433.000000 0.039898
1434.000000 0.079336
1435.000000 0.124043
1436.000000 0.115636
1437.000000 0.172802
1438.000000 0.093304
1439.000000 0.104914
1440.000000 0.112053
1441.000000 0.074741
1442.000000 0.012462
1443.000000 0.138647
1444.000000 0.219607
1445.000000 0.134848
1446.000000 0.230910
1447.000000 0.161930
1448.000000 0.209652
1449.000000 0.241272
1450.000000 0.271041
1451.000000 0.155760
1452.000000 0.127171
1453.000000 0.165951
1454.000000 0.063065
1455.000000 0.176323
1456.000000 0.099689
1457.000000 0.068959
1458.000000 0.145641
1459.000000 0.153732
1460.000000 0.266641
1461.000000 0.057415
1462.000000 0.054328
1463.000000 0.092743
1464.000000 0.153269
1465.000000 0.061223
1466.000000 0.079281
1467.000000 0.093468
1468.000000 0.105449
1469.000000 0.092915
1470.000000 0.228411
1471.000000 0.126201
1472.000000 0.026039
1473.000000 0.105244
1474.000000 0.191482
1475.000000 0.212616
1476.000000 0.068623
1477.000000 0.021777
1478.000000 0.096391
1479.000000 0.114891
1480.000000 0.022759
1481.000000 0.282664
1482.000000 0.145652
1483.000000 0.131408
1484.000000 0.128345
1485.000000 0.241836
1486.000000 0.065949
1487.000000 0.055259
1488.000000 0.037056
1489.000000 0.124334
1490.000000 0.036991
1491.000000 0.138924
1492.000000 0.344569
1493.000000 0.176041
1494.000000 0.051730
1495.000000 0.164665
1496.000000 0.119417
1497.000000 0.062706
1498.000000 0.137222
1499.000000 0.186828
1500.000000 0.112300
1501.000000 0.012073
1502.000000 0.017042
1503.000000 0.259135
1504.000000 0.076134
1505.000000 0.288572
1506.000000 0.166100
1507.000000 0.060250
1508.000000 0.127110
1509.000000 0.178400
1510.000000 0.031797
1511.000000 0.267112
1512.000000 0.131776
1513.000000 0.078815
1514.000000 0.296278
1515.000000 0.026240
1516.000000 0.085146
1517.000000 0.163972
1518.000000 0.268634
1519.000000 0.205819
1520.000000 0.037953
1521.000000 0.098968
1522.000000 0.138658
1523.000000 0.229625
1524.000000 0.180346
1525.000000 0.046825
1526.000000 0.168099
1527.000000 0.170553
1528.000000 0.167743
1529.000000 0.067987
1530.000000 0.145713
1531.000000 0.155242
1532.000000 0.179882
1533.000000 0.229363
1534.000000 0.077707
1535.000000 0.174196
1536.000000 0.116997
1537.000000 0.178638
1538.000000 0.060937
1539.000000 0.033705
1540.000000 0.092807
1541.000000 0.148119
1542.000000 0.128189
1543.000000 0.159990
1544.000000 0.196510
1545.000000 0.131748
1546.000000 0.127767
1547.000000 0.137742
1548.000000 0.131881
1549.000000 0.035386
1550.000000 0.244416
1551.000000 0.076048
1552.000000 0.173658
1553.000000 0.084976
1554.000000 0.219775
1555.000000 0.168312
1556.000000 0.073729
1557.000000 0.084191
1558.000000 0.088827
1559.000000 0.184351
1560.000000 0.126785
1561.000000 0.221190
1562.000000 0.016596
1563.000000 0.134404
1564.000000 0.220962
1565.000000 0.172111
1566.000000 0.133833
1567.000000 0.094033
1568.000000 0.218186
1569.000000 0.024224
1570.000000 0.032036
1571.000000 0.074756
1572.000000 0.057597
1573.000000 0.184672
1574.000000 0.229203
1575.000000 0.196917
1576.000000 0.169094
1577.000000 0.064827
1578.000000 0.189077
1579.000000 0.077379
1580.000000 0.097019
1581.000000 0.028107
1582.000000 0.158672
1583.000000 0.152747
1584.000000 0.102453
1585.000000 0.020892
1586.000000 0.036458
1587.000000 0.105060
1588.000000 0.106238
1589.000000 0.180884
1590.000000 0.199804
1591.000000 0.077802
1592.000000 0.014012
1593.000000 0.093681
1594.000000 0.081857
1595.000000 0.103948
1596.000000 0.118828
1597.000000 0.180329
1598.000000 0.091140
1599.000000 0.109778
1600.000000 0.095723
1601.000000 0.054172
1602.000000 0.128096
1603.000000 0.184600
1604.000000 0.037447
1605.000000 0.081453
1606.000000 0.105156
1607.000000 0.218646
1608.000000 0.081918
1609.000000 0.083318
1610.000000 0.117287
1611.000000 0.116952
1612.000000 0.128452
1613.000000 0.140574
1614.000000 0.220552
1615.000000 0.194904
1616.000000 0.094150
1617.000000 0.248146
1618.000000 0.051674
1619.000000 0.119854
1620.000000 0.120214
1621.000000 0.070337
1622.000000 0.048318
1623.000000 0.049992
1624.000000 0.210727
1625.000000 0.224397
1626.000000 0.090123
1627.000000 0.069312
1628.000000 0.097047
1629.000000 0.187661
1630.000000 0.306988
1631.000000 0.066068
1632.000000 0.062590
1633.000000 0.220816
1634.000000 0.131529
1635.000000 0.073956
1636.000000 0.129139
1637.000000 0.049554
1638.000000 0.101206
1639.000000 0.098282
1640.000000 0.066002
1641.000000 0.191516
1642.000000 0.148743
1643.000000 0.118447
1644.000000 0.051364
1645.000000 0.227057
1646.000000 0.208573
1647.000000 0.197882
1648.000000 0.137592
1649.000000 0.075068
1650.000000 0.094336
1651.000000 0.048200
1652.000000 0.210854
1653.000000 0.244528
1654.000000 0.045601
1655.000000 0.229283
1656.000000 0.206542
1657.000000 0.076746
1658.000000 0.214890
1659.000000 0.176512
1660.000000 0.130455
1661.000000 0.148150
1662.000000 0.087664
1663.000000 0.184720
1664.000000 0.077665
1665.000000 0.067142
1666.000000 0.043977
1667.000000 0.063595
1668.000000 0.245517
1669.000000 0.143891
1670.000000 0.125491
1671.000000 0.298023
1672.000000 0.080582
1673.000000 0.292818
1674.000000 0.251216
1675.000000 0.258059
1676.000000 0.041501
1677.000000 0.122134
1678.000000 0.056321
1679.000000 0.119177
1680.000000 0.154246
1681.000000 0.070970
1682.000000 0.128019
1683.000000 0.088251
1684.000000 0.055788
1685.000000 0.065429
1686.000000 0.042036
1687.000000 0.147898
1688.000000 0.006907
1689.000000 0.015650
1690.000000 0.121693
1691.000000 0.059875
1692.000000 0.156453
1693.000000 0.158188
1694.000000 0.186482
1695.000000 0.157560
1696.000000 0.096259
1697.000000 0.107427
1698.000000 0.123029
1699.000000 0.110532
1700.000000 0.053373
1701.000000 0.083155
1702.000000 0.125104
1703.000000 0.122993
1704.000000 0.021059
1705.000000 0.134165
1706.000000 0.155779
1707.000000 0.064984
1708.000000 0.131642
1709.000000 0.183726
1710.000000 0.206117
1711.000000 0.081154
1712.000000 0.095432
1713.000000 0.094487
1714.000000 0.164153
1715.000000 0.165699
1716.000000 0.155808
1717.000000 0.204580
1718.000000 0.082253
1719.000000 0.073799
1720.000000 0.084446
1721.000000 0.225336
1722.000000 0.095393
1723.000000 0.166839
1724.000000 0.102824
1725.000000 0.138099
1726.000000 0.084597
1727.000000 0.127891
1728.000000 0.013631
1729.000000 0.040255
1730.000000 0.065314
1731.000000 0.116097
1732.000000 0.207612
1733.000000 0.205925
1734.000000 0.011253
1735.000000 0.179952
1736.000000 0.231488
1737.000000 0.102040
1738.000000 0.135222
1739.000000 0.031304
1740.000000 0.105965
1741.000000 0.172140
1742.000000 0.179818
1743.000000 0.167947
1744.000000 0.086476
1745.000000 0.214577
1746.000000 0.093375
1747.000000 0.056003
1748.000000 0.115031
1749.000000 0.040477
1750.000000 0.156596
1751.000000 0.074047
1752.000000 0.185922
1753.000000 0.217680
1754.000000 0.024478
1755.000000 0.156313
1756.000000 0.109328
1757.000000 0.101967
1758.000000 0.255224
1759.000000 0.092738
1760.000000 0.122873
1761.000000 0.152510
1762.000000 0.101863
1763.000000 0.129417
1764.000000 0.038987
1765.000000 0.126064
1766.000000 0.236123
1767.000000 0.209460
1768.000000 0.159188
1769.000000 0.113258
1770.000000 0.117461
1771.000000 0.096133
1772.000000 0.174410
1773.000000 0.093194
1774.000000 0.097509
1775.000000 0.037869
1776.000000 0.132247
1777.000000 0.130428
1778.000000 0.159022
1779.000000 0.082507
1780.000000 0.208467
1781.000000 0.200890
1782.000000 0.086815
1783.000000 0.081071
1784.000000 0.113756
1785.000000 0.100917
1786.000000 0.047932
1787.000000 0.250937
1788.000000 0.241399
1789.000000 0.093511
1790.000000 0.098796
1791.000000 0.136916
1792.000000 0.159001
1793.000000 0.251683
1794.000000 0.181459
1795.000000 0.089837
1796.000000 0.045000
1797.000000 0.028239
1798.000000 0.216764
1799.000000 0.133260
1800.000000 0.105814
1801.000000 0.104619
1802.000000 0.212459
1803.000000 0.023328
1804.000000 0.103678
1805.000000 0.061937
1806.000000 0.170692
1807.000000 0.030831
1808.000000 0.090603
1809.000000 0.058338
1810.000000 0.206335
1811.000000 0.153210
1812.000000 0.110675
1813.000000 0.120834
1814.000000 0.043856
1815.000000 0.117265
1816.000000 0.080773
1817.000000 0.045110
1818.000000 0.180162
1819.000000 0.272476
1820.000000 0.078732
1821.000000 0.060032
1822.000000 0.177537
1823.000000 0.055249
1824.000000 0.179418
1825.000000 0.239165
1826.000000 0.200837
1827.000000 0.120982
1828.000000 0.077995
1829.000000 0.083490
1830.000000 0.147858
1831.000000 0.128491
1832.000000 0.218406
1833.000000 0.141240
1834.000000 0.143556
1835.000000 0.120808
1836.000000 0.137537
1837.000000 0.050269
1838.000000 0.076380
1839.000000 0.158979
1840.000000 0.155986
1841.000000 0.108726
1842.000000 0.278956
1843.000000 0.029953
1844.000000 0.068048
1845.000000 0.048191
1846.000000 0.048634
1847.000000 0.155765
1848.000000 0.202628
1849.000000 0.225266
1850.000000 0.018845
1851.000000 0.135731
1852.000000 0.075032
1853.000000 0.099726
1854.000000 0.070778
1855.000000 0.108727
1856.000000 0.116795
1857.000000 0.155280
1858.000000 0.164825
1859.000000 0.071801
1860.000000 0.041445
1861.000000 0.101020
1862.000000 0.212717
1863.000000 0.128540
1864.000000 0.086449
1865.000000 0.201206
1866.000000 0.076058
1867.000000 0.222508
1868.000000 0.120988
1869.000000 0.018829
1870.000000 0.235790
1871.000000 0.233990
1872.000000 0.131259
1873.000000 0.105301
1874.000000 0.009787
1875.000000 0.066590
1876.000000 0.068079
1877.000000 0.093031
1878.000000 0.111152
1879.000000 0.051523
1880.000000 0.058386
1881.000000 0.162767
1882.000000 0.144700
1883.000000 0.107962
1884.000000 0.025080
1885.000000 0.082677
1886.000000 0.027004
1887.000000 0.127190
1888.000000 0.059878
1889.000000 0.134994
1890.000000 0.189488
1891.000000 0.119410
1892.000000 0.092869
1893.000000 0.192946
1894.000000 0.105806
1895.000000 0.100372
1896.000000 0.102434
1897.000000 0.123792
1898.000000 0.104325
1899.000000 0.127174
1900.000000 0.127184
1901.000000 0.077839
1902.000000 0.213356
1903.000000 0.172494
1904.000000 0.190028
1905.000000 0.180145
1906.000000 0.093252
1907.000000 0.042064
1908.000000 0.167762
1909.000000 0.136979
1910.000000 0.142104
1911.000000 0.179336
1912.000000 0.110106
1913.000000 0.215429
1914.000000 0.065103
1915.000000 0.175081
1916.000000 0.013758
1917.000000 0.146925
1918.000000 0.263596
1919.000000 0.150297
1920.000000 0.084614
1921.000000 0.125729
1922.000000 0.192242
1923.000000 0.211504
1924.000000 0.135056
1925.000000 0.240727
1926.000000 0.020342
1927.000000 0.086719
1928.000000 0.143218
1929.000000 0.104476
1930.000000 0.132122
1931.000000 0.136197
1932.000000 0.174142
1933.000000 0.137756
1934.000000 0.125878
1935.000000 0.164419
1936.000000 0.150426
1937.000000 0.091753
1938.000000 0.183002
1939.000000 0.047126
1940.000000 0.093167
1941.000000 0.018756
1942.000000 0.054391
1943.000000 0.196818
1944.000000 0.073908
1945.000000 0.121163
1946.000000 0.239267
1947.000000 0.258279
1948.000000 0.182397
1949.000000 0.193726
1950.000000 0.130999
1951.000000 0.103140
1952.000000 0.046351
1953.000000 0.201509
1954.000000 0.073196
1955.000000 0.304801
1956.000000 0.122580
1957.000000 0.083129
1958.000000 0.030149
1959.000000 0.154256
1960.000000 0.059659
1961.000000 0.043778
1962.000000 0.105813
1963.000000 0.242336
1964.000000 0.154403
1965.000000 0.092234
1966.000000 0.093994
1967.000000 0.124748
1968.000000 0.008857
1969.000000 0.123109
1970.000000 0.256601
1971.000000 0.247647
1972.000000 0.109977
1973.000000 0.055493
1974.000000 0.105846
1975.000000 0.065649
1976.000000 0.230358
1977.000000 0.139844
1978.000000 0.037492
1979.000000 0.123059
1980.000000 0.089864
1981.000000 0.143553
1982.000000 0.143606
1983.000000 0.277505
1984.000000 0.012515
1985.000000 0.083653
1986.000000 0.120978
1987.000000 0.116941
1988.000000 0.111323
1989.000000 0.097823
1990.000000 0.073765
1991.000000 0.067350
1992.000000 0.189610
1993.000000 0.100904
1994.000000 0.084273
1995.000000 0.211530
1996.000000 0.107036
1997.000000 0.233351
1998.000000 0.147846
1999.000000 0.078412
2000.000000 0.099522
2001.000000 0.088239
2002.000000 0.108823
2003.000000 0.150643
2004.000000 0.178860
2005.000000 0.093748
2006.000000 0.122627
2007.000000 0.077036
2008.000000 0.151228
2009.000000 0.187275
2010.000000 0.037590
2011.000000 0.075460
2012.000000 0.107566
2013.000000 0.142382
2014.000000 0.002362
2015.000000 0.042416
2016.000000 0.131440
2017.000000 0.101889
2018.000000 0.085578
2019.000000 0.131550
2020.000000 0.155356
2021.000000 0.113024
2022.000000 0.084063
2023.000000 0.279746
2024.000000 0.047332
2025.000000 0.077256
2026.000000 0.151935
2027.000000 0.064641
2028.000000 0.052417
2029.000000 0.186770
2030.000000 0.050815
2031.000000 0.064095
2032.000000 0.148660
2033.000000 0.195622
2034.000000 0.092286
2035.000000 0.036618
2036.000000 0.158938
2037.000000 0.184437
2038.000000 0.100508
2039.000000 0.053601
2040.000000 0.068544
2041.000000 0.112949
2042.000000 0.075207
2043.000000 0.112986
2044.000000 0.039337
2045.000000 0.132682
2046.000000 0.222044
2047.000000 0.170110
2048.000000 0.120640
2049.000000 0.099834
2050.000000 0.160542
2051.000000 0.107484
2052.000000 0.138788
2053.000000 0.134411
2054.000000 0.119330
2055.000000 0.142605
2056.000000 0.271584
2057.000000 0.087166
2058.000000 0.131812
2059.000000 0.117017
2060.000000 0.231098
2061.000000 0.088805
2062.000000 0.125179
2063.000000 0.130916
2064.000000 0.127984
2065.000000 0.179426
2066.000000 0.114467
2067.000000 0.273806
2068.000000 0.138700
2069.000000 0.201714
2070.000000 0.143634
2071.000000 0.026397
2072.000000 0.171548
2073.000000 0.162768
2074.000000 0.232395
2075.000000 0.173167
2076.000000 0.031428
2077.000000 0.120929
2078.000000 0.114486
2079.000000 0.023567
2080.000000 0.106724
2081.000000 0.068351
2082.000000 0.034778
2083.000000 0.049148
2084.000000 0.114106
2085.000000 0.027673
2086.000000 0.021139
2087.000000 0.021275
2088.000000 0.108446
2089.000000 0.205543
2090.000000 0.145933
2091.000000 0.093493
2092.000000 0.106162
2093.000000 0.080633
2094.000000 0.173273
2095.000000 0.037469
2096.000000 0.098101
2097.000000 0.102568
2098.000000 0.128309
2099.000000 0.039065
2100.000000 0.138681
2101.000000 0.061394
2102.000000 0.272651
2103.000000 0.123481
2104.000000 0.086241
2105.000000 0.156226
2106.000000 0.127599
2107.000000 0.185220
2108.000000 0.177195
2109.000000 0.118499
2110.000000 0.059258
2111.000000 0.290064
2112.000000 0.102186
2113.000000 0.162542
2114.000000 0.074675
2115.000000 0.072513
2116.000000 0.075029
2117.000000 0.086332
2118.000000 0.203469
2119.000000 0.038383
2120.000000 0.128830
2121.000000 0.121578
2122.000000 0.114373
2123.000000 0.220408
2124.000000 0.008299
2125.000000 0.021139
2126.000000 0.120398
2127.000000 0.112785
2128.000000 0.167697
2129.000000 0.165995
2130.000000 0.054591
2131.000000 0.116072
2132.000000 0.139997
2133.000000 0.105047
2134.000000 0.021774
2135.000000 0.139244
2136.000000 0.035637
2137.000000 0.234366
2138.000000 0.120297
2139.000000 0.141195
2140.000000 0.119611
2141.000000 0.015753
2142.000000 0.176454
2143.000000 0.159820
2144.000000 0.048780
2145.000000 0.154985
2146.000000 0.258783
2147.000000 0.234774
2148.000000 0.088240
2149.000000 0.090278
2150.000000 0.172157
2151.000000 0.273805
2152.000000 0.162639
2153.000000 0.292396
2154.000000 0.143400
2155.000000 0.111664
2156.000000 0.101167
2157.000000 0.057819
2158.000000 0.139733
2159.000000 0.060515
2160.000000 0.141879
2161.000000 0.081655
2162.000000 0.171035
2163.000000 0.144145
2164.000000 0.160290
2165.000000 0.268031
2166.000000 0.197925
2167.000000 0.097480
2168.000000 0.144349
2169.000000 0.099944
2170.000000 0.203468
2171.000000 0.171520
2172.000000 0.090790
2173.000000 0.190885
2174.000000 0.061119
2175.000000 0.040710
2176.000000 0.063919
2177.000000 0.053158
2178.000000 0.157485
2179.000000 0.099655
2180.000000 0.135200
2181.000000 0.163577
2182.000000 0.210031
2183.000000 0.057386
2184.000000 0.182942
2185.000000 0.042315
2186.000000 0.079425
2187.000000 0.103187
2188.000000 0.054138
2189.000000 0.214456
2190.000000 0.093006
2191.000000 0.092747
2192.000000 0.193114
2193.000000 0.154642
2194.000000 0.059872
2195.000000 0.259990
2196.000000 0.107694
2197.000000 0.071457
2198.000000 0.145344
2199.000000 0.172166
2200.000000 0.158765
2201.000000 0.059691
2202.000000 0.070640
2203.000000 0.101798
2204.000000 0.205363
2205.000000 0.238176
2206.000000 0.079695
2207.000000 0.069524
2208.000000 0.100556
2209.000000 0.095833
2210.000000 0.199280
2211.000000 0.177382
2212.000000 0.103744
2213.000000 0.058655
2214.000000 0.076172
2215.000000 0.189199
2216.000000 0.209665
2217.000000 0.215799
2218.000000 0.096394
2219.000000 0.041475
2220.000000 0.063702
2221.000000 0.232800
2222.000000 0.128219
2223.000000 0.153137
2224.000000 0.099466
2225.000000 0.062623
2226.000000 0.205085
2227.000000 0.078337
2228.000000 0.096310
2229.000000 0.191059
2230.000000 0.176673
2231.000000 0.086492
2232.000000 0.058555
2233.000000 0.087221
2234.000000 0.235215
2235.000000 0.048461
2236.000000 0.123920
2237.000000 0.209458
2238.000000 0.069418
2239.000000 0.090767
2240.000000 0.127731
2241.000000 0.119853
2242.000000 0.103093
2243.000000 0.083422
2244.000000 0.172176
2245.000000 0.035046
2246.000000 0.264563
2247.000000 0.171544
2248.000000 0.269687
2249.000000 0.142409
2250.000000 0.222379
2251.000000 0.138305
2252.000000 0.140539
2253.000000 0.142304
2254.000000 0.083256
2255.000000 0.040235
2256.000000 0.166657
2257.000000 0.060826
2258.000000 0.124070
2259.000000 0.046305
2260.000000 0.186330
2261.000000 0.153956
2262.000000 0.126749
2263.000000 0.126284
2264.000000 0.230737
2265.000000 0.088677
2266.000000 0.116541
2267.000000 0.032692
2268.000000 0.137735
2269.000000 0.229219
2270.000000 0.092301
2271.000000 0.308111
2272.000000 0.103261
2273.000000 0.163279
2274.000000 0.128592
2275.000000 0.191575
2276.000000 0.033071
2277.000000 0.158697
2278.000000 0.096819
2279.000000 0.084939
2280.000000 0.073071
2281.000000 0.120776
2282.000000 0.087367
2283.000000 0.099465
2284.000000 0.080545
2285.000000 0.176628
2286.000000 0.169022
2287.000000 0.126912
2288.000000 0.074426
2289.000000 0.173223
2290.000000 0.256518
2291.000000 0.126043
2292.000000 0.182513
2293.000000 0.140174
2294.000000 0.028442
2295.000000 0.208513
2296.000000 0.045105
2297.000000 0.142566
2298.000000 0.187428
2299.000000 0.088498
2300.000000 0.128671
2301.000000 0.132780
2302.000000 0.073598
2303.000000 0.101953
2304.000000 0.121289
2305.000000 0.009273
2306.000000 0.140140
2307.000000 0.173048
2308.000000 0.120848
2309.000000 0.021941
2310.000000 0.152978
2311.000000 0.065244
2312.000000 0.105724
2313.000000 0.144529
2314.000000 0.059592
2315.000000 0.168446
2316.000000 0.256786
2317.000000 0.217884
2318.000000 0.132706
2319.000000 0.165592
2320.000000 0.127371
2321.000000 0.136331
2322.000000 0.118800
2323.000000 0.173372
2324.000000 0.073606
2325.000000 0.210290
2326.000000 0.150035
2327.000000 0.101159
2328.000000 0.097917
2329.000000 0.175130
2330.000000 0.199893
2331.000000 0.076589
2332.000000 0.061890
2333.000000 0.127289
2334.000000 0.185464
2335.000000 0.222812
2336.000000 0.158923
2337.000000 0.051622
2338.000000 0.101286
2339.000000 0.073778
2340.000000 0.108223
2341.000000 0.090146
2342.000000 0.147775
2343.000000 0.115797
2344.000000 0.074959
2345.000000 0.119279
2346.000000 0.182338
2347.000000 0.134360
2348.000000 0.108223
2349.000000 0.020836
2350.000000 0.110524
2351.000000 0.064024
2352.000000 0.077143
2353.000000 0.070478
2354.000000 0.190335
2355.000000 0.138711
2356.000000 0.050148
2357.000000 0.199277
2358.000000 0.209676
2359.000000 0.085681
2360.000000 0.039419
2361.000000 0.018363
2362.000000 0.037019
2363.000000 0.089681
2364.000000 0.136303
2365.000000 0.011585
2366.000000 0.119845
2367.000000 0.039184
2368.000000 0.055177
2369.000000 0.093881
2370.000000 0.265251
2371.000000 0.175092
2372.000000 0.192429
2373.000000 0.128007
2374.000000 0.094474
2375.000000 0.097408
2376.000000 0.062841
2377.000000 0.063625
2378.000000 0.056539
2379.000000 0.092928
2380.000000 0.089788
2381.000000 0.072476
2382.000000 0.091362
2383.000000 0.099784
2384.000000 0.272240
2385.000000 0.230052
2386.000000 0.082690
2387.000000 0.065679
2388.000000 0.060717
2389.000000 0.057165
2390.000000 0.268748
2391.000000 0.117179
2392.000000 0.146402
2393.000000 0.147494
2394.000000 0.206974
2395.000000 0.097357
2396.000000 0.023943
2397.000000 0.014777
2398.000000 0.196212
2399.000000 0.235433
2400.000000 0.095163
2401.000000 0.022841
2402.000000 0.058773
2403.000000 0.284743
2404.000000 0.028423
2405.000000 0.176026
2406.000000 0.115250
2407.000000 0.053526
2408.000000 0.069813
2409.000000 0.263402
2410.000000 0.136716
2411.000000 0.043030
2412.000000 0.086403
2413.000000 0.071076
2414.000000 0.114008
2415.000000 0.125327
2416.000000 0.084401
2417.000000 0.178425
2418.000000 0.166357
2419.000000 0.055312
2420.000000 0.204259
2421.000000 0.044792
2422.000000 0.048579
2423.000000 0.074362
2424.000000 0.151339
2425.000000 0.061035
2426.000000 0.057718
2427.000000 0.043074
2428.000000 0.049188
2429.000000 0.051543
2430.000000 0.178728
2431.000000 0.121427
2432.000000 0.048053
2433.000000 0.054346
2434.000000 0.074019
2435.000000 0.150244
2436.000000 0.109883
2437.000000 0.075414
2438.000000 0.159515
2439.000000 0.138521
2440.000000 0.074910
2441.000000 0.177759
2442.000000 0.140068
2443.000000 0.067466
2444.000000 0.152764
2445.000000 0.143264
2446.000000 0.041661
2447.000000 0.156719
2448.000000 0.059610
2449.000000 0.092261
2450.000000 0.150694
2451.000000 0.111803
2452.000000 0.029104
2453.000000 0.137754
2454.000000 0.136640
2455.000000 0.091912
2456.000000 0.206818
2457.000000 0.146058
2458.000000 0.030127
2459.000000 0.170291
2460.000000 0.106870
2461.000000 0.141973
2462.000000 0.131653
2463.000000 0.103904
2464.000000 0.144552
2465.000000 0.221295
2466.000000 0.079826
2467.000000 0.196643
2468.000000 0.224881
2469.000000 0.087088
2470.000000 0.111412
2471.000000 0.035149
2472.000000 0.081532
2473.000000 0.032918
2474.000000 0.124999
2475.000000 0.210698
2476.000000 0.056553
2477.000000 0.149967
2478.000000 0.300025
2479.000000 0.191542
2480.000000 0.094495
2481.000000 0.056822
2482.000000 0.200093
2483.000000 0.113762
2484.000000 0.140447
2485.000000 0.023532
2486.000000 0.149989
2487.000000 0.133304
2488.000000 0.218905
2489.000000 0.134461
2490.000000 0.142165
2491.000000 0.208499
2492.000000 0.048734
2493.000000 0.055183
2494.000000 0.061183
2495.000000 0.103904
2496.000000 0.091635
2497.000000 0.069047
2498.000000 0.129429
2499.000000 0.148228
2500.000000 0.103914
2501.000000 0.036899
2502.000000 0.087448
2503.000000 0.187916
2504.000000 0.063614
2505.000000 0.108007
2506.000000 0.112680
2507.000000 0.196971
2508.000000 0.133029
2509.000000 0.144603
2510.000000 0.207045
2511.000000 0.079230
2512.000000 0.092652
2513.000000 0.249043
2514.000000 0.118981
2515.000000 0.065008
2516.000000 0.013129
2517.000000 0.182184
2518.000000 0.125793
2519.000000 0.039414
2520.000000 0.160318
2521.000000 0.235165
2522.000000 0.146251
2523.000000 0.086672
2524.000000 0.021386
2525.000000 0.092201
2526.000000 0.092590
2527.000000 0.171940
2528.000000 0.136234
2529.000000 0.116412
2530.000000 0.128973
2531.000000 0.052572
2532.000000 0.176722
2533.000000 0.118324
2534.000000 0.138808
2535.000000 0.139657
2536.000000 0.127691
2537.000000 0.263884
2538.000000 0.262670
2539.000000 0.166425
2540.000000 0.182331
2541.000000 0.096044
2542.000000 0.212136
2543.000000 0.179392
2544.000000 0.121535
2545.000000 0.119324
2546.000000 0.183613
2547.000000 0.086212
2548.000000 0.222134
2549.000000 0.117199
2550.000000 0.133319
2551.000000 0.134953
2552.000000 0.168839
2553.000000 0.167184
2554.000000 0.182614
2555.000000 0.101766
2556.000000 0.046999
2557.000000 0.096261
2558.000000 0.152629
2559.000000 0.161670
2560.000000 0.225046
2561.000000 0.149896
2562.000000 0.244578
2563.000000 0.083908
2564.000000 0.193513
2565.000000 0.164369
2566.000000 0.103766
2567.000000 0.213512
2568.000000 0.058962
2569.000000 0.167773
2570.000000 0.078636
2571.000000 0.129708
2572.000000 0.186645
2573.000000 0.076360
2574.000000 0.140007
2575.000000 0.231281
2576.000000 0.214899
2577.000000 0.075446
2578.000000 0.189686
2579.000000 0.228625
2580.000000 0.102368
2581.000000 0.226228
2582.000000 0.182563
2583.000000 0.087806
2584.000000 0.197289
2585.000000 0.144003
2586.000000 0.102369
2587.000000 0.260402
2588.000000 0.239014
2589.000000 0.097173
2590.000000 0.191205
2591.000000 0.043767
2592.000000 0.051834
2593.000000 0.172275
2594.000000 0.084320
2595.000000 0.113042
2596.000000 0.064092
2597.000000 0.215955
2598.000000 0.185910
2599.000000 0.182807
2600.000000 0.090207
2601.000000 0.082638
2602.000000 0.093168
2603.000000 0.072568
2604.000000 0.242008
2605.000000 0.260204
2606.000000 0.236016
2607.000000 0.111589
2608.000000 0.134481
2609.000000 0.070144
2610.000000 0.123883
2611.000000 0.070115
2612.000000 0.164418
2613.000000 0.109818
2614.000000 0.075443
2615.000000 0.039950
2616.000000 0.126015
2617.000000 0.164156
2618.000000 0.061040
2619.000000 0.104563
2620.000000 0.227401
2621.000000 0.064452
2622.000000 0.101154
2623.000000 0.177674
2624.000000 0.122785
2625.000000 0.042255
2626.000000 0.124903
2627.000000 0.065033
2628.000000 0.058800
2629.000000 0.198996
2630.000000 0.090890
2631.000000 0.113701
2632.000000 0.039512
2633.000000 0.104628
2634.000000 0.219695
2635.000000 0.050014
2636.000000 0.098905
2637.000000 0.060466
2638.000000 0.133858
2639.000000 0.119253
2640.000000 0.124020
2641.000000 0.061054
2642.000000 0.117467
2643.000000 0.101874
2644.000000 0.123105
2645.000000 0.068701
2646.000000 0.053062
2647.000000 0.105499
2648.000000 0.252343
2649.000000 0.058556
2650.000000 0.173719
2651.000000 0.244234
2652.000000 0.259047
2653.000000 0.077346
2654.000000 0.077833
2655.000000 0.177761
2656.000000 0.040068
2657.000000 0.101600
2658.000000 0.095985
2659.000000 0.133799
2660.000000 0.118220
2661.000000 0.038911
2662.000000 0.090585
2663.000000 0.142058
2664.000000 0.076656
2665.000000 0.192597
2666.000000 0.054224
2667.000000 0.102673
2668.000000 0.076955
2669.000000 0.088450
2670.000000 0.071753
2671.000000 0.187623
2672.000000 0.199773
2673.000000 0.123510
2674.000000 0.081696
2675.000000 0.165975
2676.000000 0.115252
2677.000000 0.233473
2678.000000 0.150836
2679.000000 0.087122
2680.000000 0.030821
2681.000000 0.165280
2682.000000 0.145010
2683.000000 0.177485
2684.000000 0.086354
2685.000000 0.206992
2686.000000 0.167710
2687.000000 0.080225
2688.000000 0.204613
2689.000000 0.148929
2690.000000 0.241620
2691.000000 0.103630
2692.000000 0.060511
2693.000000 0.066669
2694.000000 0.342326
2695.000000 0.082665
2696.000000 0.127951
2697.000000 0.101731
2698.000000 0.139680
2699.000000 0.147327
2700.000000 0.068510
2701.000000 0.180887
2702.000000 0.062135
2703.000000 0.056139
2704.000000 0.083566
2705.000000 0.257659
2706.000000 0.225011
2707.000000 0.208650
2708.000000 0.166729
2709.000000 0.175912
2710.000000 0.011093
2711.000000 0.294324
2712.000000 0.152519
2713.000000 0.138380
2714.000000 0.141485
2715.000000 0.081878
2716.000000 0.093041
2717.000000 0.190352
2718.000000 0.074823
2719.000000 0.020817
2720.000000 0.070053
2721.000000 0.174215
2722.000000 0.111682
2723.000000 0.159519
2724.000000 0.046027
2725.000000 0.044786
2726.000000 0.177788
2727.000000 0.213794
2728.000000 0.068783
2729.000000 0.072972
2730.000000 0.078112
2731.000000 0.021083
2732.000000 0.085863
2733.000000 0.158805
2734.000000 0.091847
2735.000000 0.108787
2736.000000 0.117128
2737.000000 0.116589
2738.000000 0.093223
2739.000000 0.196125
2740.000000 0.061344
2741.000000 0.259116
2742.000000 0.089612
2743.000000 0.073453
2744.000000 0.081526
2745.000000 0.094249
2746.000000 0.082959
2747.000000 0.122039
2748.000000 0.034117
2749.000000 0.037372
2750.000000 0.271146
2751.000000 0.122319
2752.000000 0.089865
2753.000000 0.144378
2754.000000 0.179457
2755.000000 0.269371
2756.000000 0.094675
2757.000000 0.114049
2758.000000 0.085318
2759.000000 0.070689
2760.000000 0.038633
2761.000000 0.109548
2762.000000 0.166458
2763.000000 0.104864
2764.000000 0.072427
2765.000000 0.201868
2766.000000 0.064273
2767.000000 0.196469
2768.000000 0.037166
2769.000000 0.127282
2770.000000 0.058812
2771.000000 0.191906
2772.000000 0.351297
2773.000000 0.207360
2774.000000 0.050916
2775.000000 0.140138
2776.000000 0.212179
2777.000000 0.140253
2778.000000 0.129204
2779.000000 0.199680
2780.000000 0.153206
2781.000000 0.060662
2782.000000 0.236997
2783.000000 0.169002
2784.000000 0.255620
2785.000000 0.088980
2786.000000 0.180216
2787.000000 0.142792
2788.000000 0.117240
2789.000000 0.092322
2790.000000 0.052300
2791.000000 0.027225
2792.000000 0.251574
2793.000000 0.064145
2794.000000 0.187120
2795.000000 0.182563
2796.000000 0.080822
2797.000000 0.125443
2798.000000 0.231176
2799.000000 0.130414
2800.000000 0.104701
2801.000000 0.104313
2802.000000 0.138818
2803.000000 0.166108
2804.000000 0.089574
2805.000000 0.154340
2806.000000 0.123671
2807.000000 0.131385
2808.000000 0.092222
2809.000000 0.100046
2810.000000 0.048483
2811.000000 0.195409
2812.000000 0.123686
2813.000000 0.132547
2814.000000 0.069897
2815.000000 0.060676
2816.000000 0.057964
2817.000000 0.163525
2818.000000 0.109529
2819.000000 0.162942
2820.000000 0.150527
2821.000000 0.107747
2822.000000 0.167028
2823.000000 0.121897
2824.000000 0.113171
2825.000000 0.157094
2826.000000 0.273693
2827.000000 0.129518
2828.000000 0.034719
2829.000000 0.143498
2830.000000 0.117737
2831.000000 0.143048
2832.000000 0.036188
2833.000000 0.095323
2834.000000 0.110097
2835.000000 0.138896
2836.000000 0.019365
2837.000000 0.176412
2838.000000 0.174987
2839.000000 0.070440
2840.000000 0.061386
2841.000000 0.036120
2842.000000 0.090684
2843.000000 0.061062
2844.000000 0.176909
2845.000000 0.167112
2846.000000 0.252175
2847.000000 0.077710
2848.000000 0.057283
2849.000000 0.031724
2850.000000 0.102506
2851.000000 0.017178
2852.000000 0.128264
2853.000000 0.085612
2854.000000 0.167325
2855.000000 0.208061
2856.000000 0.101353
2857.000000 0.046686
2858.000000 0.182763
2859.000000 0.159833
2860.000000 0.077333
2861.000000 0.228103
2862.000000 0.200280
2863.000000 0.310226
2864.000000 0.075496
2865.000000 0.031681
2866.000000 0.178498
2867.000000 0.103473
2868.000000 0.192215
2869.000000 0.070581
2870.000000 0.078894
2871.000000 0.202126
2872.000000 0.039091
2873.000000 0.088840
2874.000000 0.063877
2875.000000 0.198285
2876.000000 0.060606
2877.000000 0.069483
2878.000000 0.260270
2879.000000 0.086452
2880.000000 0.100827
2881.000000 0.145289
2882.000000 0.111920
2883.000000 0.142169
2884.000000 0.086529
2885.000000 0.095055
2886.000000 0.199699
2887.000000 0.079477
2888.000000 0.191893
2889.000000 0.193241
2890.000000 0.055254
2891.000000 0.146797
2892.000000 0.227737
2893.000000 0.112518
2894.000000 0.252229
2895.000000 0.054254
2896.000000 0.112694
2897.000000 0.214768
2898.000000 0.237205
2899.000000 0.271586
2900.000000 0.025527
2901.000000 0.091675
2902.000000 0.136840
2903.000000 0.087331
2904.000000 0.080018
2905.000000 0.118442
2906.000000 0.130824
2907.000000 0.143357
2908.000000 0.100173
2909.000000 0.300288
2910.000000 0.145074
2911.000000 0.225701
2912.000000 0.094105
2913.000000 0.023547
2914.000000 0.134991
2915.000000 0.098862
2916.000000 0.096797
2917.000000 0.072968
2918.000000 0.005147
2919.000000 0.081167
2920.000000 0.076507
2921.000000 0.060664
2922.000000 0.043781
2923.000000 0.195743
2924.000000 0.154202
2925.000000 0.092478
2926.000000 0.313421
2927.000000 0.156180
2928.000000 0.150799
2929.000000 0.215452
2930.000000 0.185034
2931.000000 0.081207
2932.000000 0.105403
2933.000000 0.208205
2934.000000 0.129930
2935.000000 0.059830
2936.000000 0.273537
2937.000000 0.203326
2938.000000 0.118140
2939.000000 0.161368
2940.000000 0.145010
2941.000000 0.129736
2942.000000 0.205289
2943.000000 0.186658
2944.000000 0.065624
2945.000000 0.146436
2946.000000 0.159122
2947.000000 0.125655
2948.000000 0.135724
2949.000000 0.161927
2950.000000 0.107804
2951.000000 0.180026
2952.000000 0.253353
2953.000000 0.125097
2954.000000 0.145620
2955.000000 0.201734
2956.000000 0.242280
2957.000000 0.070970
2958.000000 0.101938
2959.000000 0.082362
2960.000000 0.157197
2961.000000 0.223939
2962.000000 0.100408
2963.000000 0.141697
2964.000000 0.196111
2965.000000 0.083717
2966.000000 0.111387
2967.000000 0.104847
2968.000000 0.286927
2969.000000 0.150267
2970.000000 0.361128
2971.000000 0.142285
2972.000000 0.200121
2973.000000 0.152433
2974.000000 0.160303
2975.000000 0.171785
2976.000000 0.153730
2977.000000 0.122901
2978.000000 0.108205
2979.000000 0.166055
2980.000000 0.050854
2981.000000 0.133254
2982.000000 0.038617
2983.000000 0.135679
2984.000000 0.147247
2985.000000 0.064892
2986.000000 0.226506
2987.000000 0.114400
2988.000000 0.182422
2989.000000 0.075731
2990.000000 0.218869
2991.000000 0.114209
2992.000000 0.110232
2993.000000 0.133260
2994.000000 0.351214
2995.000000 0.241427
2996.000000 0.074225
2997.000000 0.123208
2998.000000 0.041908
2999.000000 0.144561
3000.000000 0.047478
