10.000000 0.110196
20.000000 0.158323
30.000000 0.060777
40.000000 0.147934
50.000000 0.030797
60.000000 0.132603
70.000000 0.104434
80.000000 0.163182
90.000000 0.057472
100.000000 0.164612
110.000000 0.040184
120.000000 0.080035
130.000000 0.027887
140.000000 0.078858
150.000000 0.173704
160.000000 0.206215
170.000000 0.089034
180.000000 0.237258
190.000000 0.146037
200.000000 0.065781
210.000000 0.067117
220.000000 0.136611
230.000000 0.094539
240.000000 0.132914
250.000000 0.088148
260.000000 0.099626
270.000000 0.103056
280.000000 0.107993
290.000000 0.047434
300.000000 0.116275
310.000000 0.143632
320.000000 0.047560
330.000000 0.145358
340.000000 0.242717
350.000000 0.069176
360.000000 0.081309
370.000000 0.151495
380.000000 0.165444
390.000000 0.094817
400.000000 0.131972
410.000000 0.107394
420.000000 0.239445
430.000000 0.207709
440.000000 0.165727
450.000000 0.160614
460.000000 0.076851
470.000000 0.021342
480.000000 0.180259
490.000000 0.120553
500.000000 0.099073
510.000000 0.158762
520.000000 0.208784
530.000000 0.142677
540.000000 0.237801
550.000000 0.201098
560.000000 0.173697
570.000000 0.097771
580.000000 0.096519
590.000000 0.135469
600.000000 0.108183
610.000000 0.095434
620.000000 0.102395
630.000000 0.102326
640.000000 0.089273
650.000000 0.113447
660.000000 0.162328
670.000000 0.125425
680.000000 0.103989
690.000000 0.179099
700.000000 0.042066
710.000000 0.130355
720.000000 0.126784
730.000000 0.158403
740.000000 0.070930
750.000000 0.037166
760.000000 0.057221
770.000000 0.080735
780.000000 0.157840
790.000000 0.113571
800.000000 0.080301
810.000000 0.025782
820.000000 0.127908
830.000000 0.008941
840.000000 0.067452
850.000000 0.219970
860.000000 0.041472
870.000000 0.188773
880.000000 0.027716
890.000000 0.116603
900.000000 0.152378
910.000000 0.184242
920.000000 0.135518
930.000000 0.064265
940.000000 0.176359
950.000000 0.054954
960.000000 0.180723
970.000000 0.197247
980.000000 0.151286
990.000000 0.078594
1000.000000 0.080208
