10.000000 0.167455
20.000000 0.212196
30.000000 0.300773
40.000000 0.288675
50.000000 0.417793
60.000000 0.332232
70.000000 0.424677
80.000000 0.460730
90.000000 0.390916
100.000000 0.372816
110.000000 0.425138
120.000000 0.483538
130.000000 0.524939
140.000000 0.341710
150.000000 0.377299
160.000000 0.429067
170.000000 0.409030
180.000000 0.469518
190.000000 0.241244
200.000000 0.365456
210.000000 0.533315
220.000000 0.442010
230.000000 0.550485
240.000000 0.335971
250.000000 0.420304
260.000000 0.477568
270.000000 0.470492
280.000000 0.486496
290.000000 0.460623
300.000000 0.328705
310.000000 0.345697
320.000000 0.408870
330.000000 0.508364
340.000000 0.415881
350.000000 0.546815
360.000000 0.450089
370.000000 0.348218
380.000000 0.630107
390.000000 0.453102
400.000000 0.254343
410.000000 0.373281
420.000000 0.444452
430.000000 0.472162
440.000000 0.397507
450.000000 0.238782
460.000000 0.465412
470.000000 0.396388
480.000000 0.407407
490.000000 0.314351
500.000000 0.359883
510.000000 0.482351
520.000000 0.386351
530.000000 0.478900
540.000000 0.580246
550.000000 0.281778
560.000000 0.388274
570.000000 0.606682
580.000000 0.418796
590.000000 0.559192
600.000000 0.411631
610.000000 0.387438
620.000000 0.408737
630.000000 0.465859
640.000000 0.560114
650.000000 0.358990
660.000000 0.470618
670.000000 0.342920
680.000000 0.444631
690.000000 0.344489
700.000000 0.522639
710.000000 0.360913
720.000000 0.589978
730.000000 0.325257
740.000000 0.400233
750.000000 0.470999
760.000000 0.448848
770.000000 0.402171
780.000000 0.538084
790.000000 0.342157
800.000000 0.447315
810.000000 0.389279
820.000000 0.538276
830.000000 0.358271
840.000000 0.330419
850.000000 0.486768
860.000000 0.379374
870.000000 0.276611
880.000000 0.375355
890.000000 0.395168
900.000000 0.530769
910.000000 0.459741
920.000000 0.419721
930.000000 0.375770
940.000000 0.488079
950.000000 0.623414
960.000000 0.425475
970.000000 0.477976
980.000000 0.471134
990.000000 0.493801
1000.000000 0.421242
