10.000000 0.327661
20.000000 0.066027
30.000000 0.318971
40.000000 0.224915
50.000000 0.235702
60.000000 0.265304
70.000000 0.158270
80.000000 0.353547
90.000000 0.148612
100.000000 0.248788
110.000000 0.130975
120.000000 0.212305
130.000000 0.352620
140.000000 0.189118
150.000000 0.184540
160.000000 0.228008
170.000000 0.026461
180.000000 0.199594
190.000000 0.121734
200.000000 0.559966
210.000000 0.393600
220.000000 0.350952
230.000000 0.415158
240.000000 0.433216
250.000000 0.453589
260.000000 0.167848
270.000000 0.032122
280.000000 0.103463
290.000000 0.320075
300.000000 0.221460
310.000000 0.327911
320.000000 0.066287
330.000000 0.330941
340.000000 0.403698
350.000000 0.244715
360.000000 0.103344
370.000000 0.266522
380.000000 0.614920
390.000000 0.185981
400.000000 0.381504
410.000000 0.193818
420.000000 0.125481
430.000000 0.279291
440.000000 0.163625
450.000000 0.478538
460.000000 0.289089
470.000000 0.208217
480.000000 0.448275
490.000000 0.271220
500.000000 0.401333
510.000000 0.242688
520.000000 0.346030
530.000000 0.300364
540.000000 0.260154
550.000000 0.345115
560.000000 0.306310
570.000000 0.531568
580.000000 0.426316
590.000000 0.173946
600.000000 0.080507
610.000000 0.536291
620.000000 0.268843
630.000000 0.194457
640.000000 0.310104
650.000000 0.227829
660.000000 0.034229
670.000000 0.346215
680.000000 0.180816
690.000000 0.201868
700.000000 0.354441
710.000000 0.337726
720.000000 0.305026
730.000000 0.334913
740.000000 0.155119
750.000000 0.127843
760.000000 0.169110
770.000000 0.279763
780.000000 0.130318
790.000000 0.211637
800.000000 0.057938
810.000000 0.225053
820.000000 0.180819
830.000000 0.342500
840.000000 0.114432
850.000000 0.202967
860.000000 0.106620
870.000000 0.232263
880.000000 0.349430
890.000000 0.151414
900.000000 0.052027
910.000000 0.118547
920.000000 0.396201
930.000000 0.212025
940.000000 0.189330
950.000000 0.107256
960.000000 0.066732
970.000000 0.150087
980.000000 0.317453
990.000000 0.285916
1000.000000 0.454136
