0.000000 0.789569
1.000000 0.839158
2.000000 0.849055
3.000000 0.756938
4.000000 0.755683
5.000000 0.822793
6.000000 0.590744
7.000000 0.605300
8.000000 0.615475
9.000000 0.476736
10.000000 0.326295
11.000000 0.390897
12.000000 0.280929
13.000000 0.350294
14.000000 0.337557
15.000000 0.369279
16.000000 0.680530
17.000000 0.803191
18.000000 0.744278
19.000000 0.767888
20.000000 0.799634
21.000000 0.841466
22.000000 0.823288
23.000000 0.727569
24.000000 0.803984
25.000000 0.792081
26.000000 0.755966
27.000000 0.778556
28.000000 0.783577
29.000000 0.788601
30.000000 0.799450
31.000000 0.807020
32.000000 0.833436
33.000000 0.842325
34.000000 0.826697
35.000000 0.845368
36.000000 0.868674
37.000000 0.831953
38.000000 0.847741
39.000000 0.778314
40.000000 0.837871
41.000000 0.865597
42.000000 0.823302
43.000000 0.781819
44.000000 0.794445
45.000000 0.853140
46.000000 0.803372
47.000000 0.868143
48.000000 0.862951
49.000000 0.875353
50.000000 0.861692
51.000000 0.823982
52.000000 0.849521
53.000000 0.855229
54.000000 0.738617
55.000000 0.771097
56.000000 0.828737
57.000000 0.723826
58.000000 0.780761
59.000000 0.824484
60.000000 0.840686
61.000000 0.810868
62.000000 0.867243
63.000000 0.857208
64.000000 0.880466
65.000000 0.898538
66.000000 0.871564
67.000000 0.804055
68.000000 0.853137
69.000000 0.841679
70.000000 0.784613
71.000000 0.879119
72.000000 0.870222
73.000000 0.816285
74.000000 0.806475
75.000000 0.704034
76.000000 0.682511
77.000000 0.790137
78.000000 0.547837
79.000000 0.418092
80.000000 0.419565
81.000000 0.471173
82.000000 0.294417
83.000000 0.354305
84.000000 0.445386
85.000000 0.426170
86.000000 0.576100
87.000000 0.283549
88.000000 0.410689
89.000000 0.228657
90.000000 0.406048
91.000000 0.393910
92.000000 0.230348
93.000000 0.386073
94.000000 0.527777
95.000000 0.254879
96.000000 0.450201
97.000000 0.179294
98.000000 0.449433
99.000000 0.411529
100.000000 0.360941
101.000000 0.156356
102.000000 0.448640
103.000000 0.256246
104.000000 0.307927
105.000000 0.249604
106.000000 0.485378
107.000000 0.253072
108.000000 0.365215
109.000000 0.008951
110.000000 0.620026
111.000000 0.336662
112.000000 0.191364
113.000000 0.540257
114.000000 0.130923
115.000000 0.323074
116.000000 0.548609
117.000000 0.605230
118.000000 0.782211
119.000000 0.787798
120.000000 0.847952
121.000000 0.777736
122.000000 0.776150
123.000000 0.793958
124.000000 0.749462
125.000000 0.741623
126.000000 0.797888
127.000000 0.788306
128.000000 0.779510
129.000000 0.779812
130.000000 0.805518
131.000000 0.778364
132.000000 0.782612
133.000000 0.895424
134.000000 0.903337
135.000000 0.879508
136.000000 0.856042
137.000000 0.907842
138.000000 0.848686
139.000000 0.889739
140.000000 0.864967
141.000000 0.896473
142.000000 0.848603
143.000000 0.875937
144.000000 0.889186
145.000000 0.842975
146.000000 0.820237
147.000000 0.903474
148.000000 0.847761
149.000000 0.898276
150.000000 0.875438
151.000000 0.822542
152.000000 0.770913
153.000000 0.594338
154.000000 0.625348
155.000000 0.518074
156.000000 0.761343
157.000000 0.852377
158.000000 0.895811
159.000000 0.846969
160.000000 0.865237
161.000000 0.859789
162.000000 0.828749
163.000000 0.896037
164.000000 0.869543
165.000000 0.851501
166.000000 0.876461
167.000000 0.894897
168.000000 0.837622
169.000000 0.825037
170.000000 0.837405
171.000000 0.888061
172.000000 0.811974
173.000000 0.825432
174.000000 0.873834
175.000000 0.846383
176.000000 0.877945
177.000000 0.894620
178.000000 0.887521
179.000000 0.853783
180.000000 0.874888
181.000000 0.846125
182.000000 0.832639
183.000000 0.816435
184.000000 0.811082
185.000000 0.649983
186.000000 0.653000
187.000000 0.543935
188.000000 0.420662
189.000000 0.588741
190.000000 0.721011
191.000000 0.785345
192.000000 0.814108
193.000000 0.903393
194.000000 0.851419
195.000000 0.885666
196.000000 0.882876
197.000000 0.888903
198.000000 0.873468
199.000000 0.829911
200.000000 0.844910
201.000000 0.880535
202.000000 0.847273
203.000000 0.869076
204.000000 0.892092
205.000000 0.825852
206.000000 0.843654
207.000000 0.838569
208.000000 0.880701
209.000000 0.787040
210.000000 0.833806
211.000000 0.828381
212.000000 0.840164
213.000000 0.872241
214.000000 0.842008
215.000000 0.817702
216.000000 0.828689
217.000000 0.829363
218.000000 0.831575
219.000000 0.647249
220.000000 0.715503
221.000000 0.529937
222.000000 0.669390
223.000000 0.391843
224.000000 0.446093
225.000000 0.658966
226.000000 0.697421
227.000000 0.813809
228.000000 0.855572
229.000000 0.880957
230.000000 0.858823
231.000000 0.848234
232.000000 0.848959
233.000000 0.823358
234.000000 0.847176
235.000000 0.848730
236.000000 0.831968
237.000000 0.845631
238.000000 0.822523
239.000000 0.891988
240.000000 0.891417
241.000000 0.845607
242.000000 0.831697
243.000000 0.907186
244.000000 0.857862
245.000000 0.864208
246.000000 0.875493
247.000000 0.821527
248.000000 0.860394
249.000000 0.890576
250.000000 0.895745
251.000000 0.859966
252.000000 0.894818
253.000000 0.835196
254.000000 0.862388
255.000000 0.836334
256.000000 0.836157
257.000000 0.829116
258.000000 0.794900
259.000000 0.792972
260.000000 0.801424
261.000000 0.786026
262.000000 0.717447
263.000000 0.793125
264.000000 0.846852
265.000000 0.858001
266.000000 0.820186
267.000000 0.864310
268.000000 0.846960
269.000000 0.870380
270.000000 0.890001
271.000000 0.932901
272.000000 0.879259
273.000000 0.858326
274.000000 0.855715
275.000000 0.823441
276.000000 0.885395
277.000000 0.852662
278.000000 0.801535
279.000000 0.875558
280.000000 0.874630
281.000000 0.853344
282.000000 0.898236
283.000000 0.865209
284.000000 0.861149
285.000000 0.816353
286.000000 0.822590
287.000000 0.763470
288.000000 0.680643
289.000000 0.600474
290.000000 0.682484
291.000000 0.488145
292.000000 0.365066
293.000000 0.475536
294.000000 0.421931
295.000000 0.121874
296.000000 0.370033
297.000000 0.388725
298.000000 0.203452
299.000000 0.409607
300.000000 0.615712
301.000000 0.755142
302.000000 0.775862
303.000000 0.767058
304.000000 0.762828
305.000000 0.806082
306.000000 0.786660
307.000000 0.778088
308.000000 0.869385
309.000000 0.798177
310.000000 0.840928
311.000000 0.817574
312.000000 0.843639
313.000000 0.870683
314.000000 0.879198
315.000000 0.831351
316.000000 0.855718
317.000000 0.898164
318.000000 0.860910
319.000000 0.851652
320.000000 0.844522
321.000000 0.875774
322.000000 0.884287
323.000000 0.876260
324.000000 0.834608
325.000000 0.839147
326.000000 0.816706
327.000000 0.849757
328.000000 0.845149
329.000000 0.751892
330.000000 0.851268
331.000000 0.785397
332.000000 0.847678
333.000000 0.798560
334.000000 0.803714
335.000000 0.608960
336.000000 0.656589
337.000000 0.564509
338.000000 0.456999
339.000000 0.400505
340.000000 0.489548
341.000000 0.378024
342.000000 0.294832
343.000000 0.325489
344.000000 0.444859
345.000000 0.338043
346.000000 0.290670
347.000000 0.254649
348.000000 0.411013
349.000000 0.373217
350.000000 0.331455
351.000000 0.380224
352.000000 0.322187
353.000000 0.345166
354.000000 0.191318
355.000000 0.493912
356.000000 0.367064
357.000000 0.347086
358.000000 0.299814
359.000000 0.389653
360.000000 0.407992
361.000000 0.329933
362.000000 0.333033
363.000000 0.492907
364.000000 0.158296
365.000000 0.601737
366.000000 0.220099
367.000000 0.485676
368.000000 0.189841
369.000000 0.284022
370.000000 0.473628
371.000000 0.223304
372.000000 0.443168
373.000000 0.452638
374.000000 0.280466
375.000000 0.577323
376.000000 0.345884
377.000000 0.276121
378.000000 0.096433
379.000000 0.696655
380.000000 0.714151
381.000000 0.806781
382.000000 0.794507
383.000000 0.825170
384.000000 0.835662
385.000000 0.807116
386.000000 0.822560
387.000000 0.833716
388.000000 0.827721
389.000000 0.851867
390.000000 0.876442
391.000000 0.873231
392.000000 0.824500
393.000000 0.884547
394.000000 0.876199
395.000000 0.815968
396.000000 0.902593
397.000000 0.833572
398.000000 0.912296
399.000000 0.848639
400.000000 0.848459
401.000000 0.838355
402.000000 0.872481
403.000000 0.855626
404.000000 0.812320
405.000000 0.822136
406.000000 0.865541
407.000000 0.837274
408.000000 0.847876
409.000000 0.903190
410.000000 0.867593
411.000000 0.850664
412.000000 0.825001
413.000000 0.821879
414.000000 0.861660
415.000000 0.767364
416.000000 0.605522
417.000000 0.533331
418.000000 0.521419
419.000000 0.754030
420.000000 0.825920
421.000000 0.855486
422.000000 0.889455
423.000000 0.867202
424.000000 0.872163
425.000000 0.875675
426.000000 0.862665
427.000000 0.861785
428.000000 0.878519
429.000000 0.874574
430.000000 0.847581
431.000000 0.862672
432.000000 0.866249
433.000000 0.869848
434.000000 0.840632
435.000000 0.832946
436.000000 0.885486
437.000000 0.874448
438.000000 0.910417
439.000000 0.901652
440.000000 0.832030
441.000000 0.839171
442.000000 0.880673
443.000000 0.915494
444.000000 0.797549
445.000000 0.821549
446.000000 0.769907
447.000000 0.857602
448.000000 0.854131
449.000000 0.677062
450.000000 0.698862
451.000000 0.558016
452.000000 0.440601
453.000000 0.434534
454.000000 0.366890
455.000000 0.264028
456.000000 0.746071
457.000000 0.802784
458.000000 0.816664
459.000000 0.868795
460.000000 0.813191
461.000000 0.856793
462.000000 0.893556
463.000000 0.860220
464.000000 0.860647
465.000000 0.865684
466.000000 0.868145
467.000000 0.860260
468.000000 0.894229
469.000000 0.867377
470.000000 0.878323
471.000000 0.845979
472.000000 0.844941
473.000000 0.859136
474.000000 0.883068
475.000000 0.839098
476.000000 0.861705
477.000000 0.896560
478.000000 0.862970
479.000000 0.845357
480.000000 0.869990
481.000000 0.815629
482.000000 0.875687
483.000000 0.847090
484.000000 0.814285
485.000000 0.828544
486.000000 0.782691
487.000000 0.789818
488.000000 0.808426
489.000000 0.726936
490.000000 0.715813
491.000000 0.681995
492.000000 0.438845
493.000000 0.382710
494.000000 0.617908
495.000000 0.790989
496.000000 0.803967
497.000000 0.782385
498.000000 0.832769
499.000000 0.866427
500.000000 0.854649
501.000000 0.849802
502.000000 0.879852
503.000000 0.809289
504.000000 0.926415
505.000000 0.859757
506.000000 0.818790
507.000000 0.864190
508.000000 0.855673
509.000000 0.831578
510.000000 0.848645
511.000000 0.848507
512.000000 0.841046
513.000000 0.865142
514.000000 0.884682
515.000000 0.852140
516.000000 0.870192
517.000000 0.887408
518.000000 0.847211
519.000000 0.887837
520.000000 0.862184
521.000000 0.848672
522.000000 0.896157
523.000000 0.859905
524.000000 0.862610
525.000000 0.794845
526.000000 0.855664
527.000000 0.689478
528.000000 0.652025
529.000000 0.604642
530.000000 0.538639
531.000000 0.327008
532.000000 0.488519
533.000000 0.512738
534.000000 0.590460
535.000000 0.861958
536.000000 0.889482
537.000000 0.883678
538.000000 0.863585
539.000000 0.831334
540.000000 0.865597
541.000000 0.866599
542.000000 0.892403
543.000000 0.866030
544.000000 0.896448
545.000000 0.890514
546.000000 0.856938
547.000000 0.848644
548.000000 0.857652
549.000000 0.800454
550.000000 0.878239
551.000000 0.773821
552.000000 0.863537
553.000000 0.884340
554.000000 0.820824
555.000000 0.875849
556.000000 0.838768
557.000000 0.853946
558.000000 0.882183
559.000000 0.918213
560.000000 0.820090
561.000000 0.875305
562.000000 0.887892
563.000000 0.874325
564.000000 0.856298
565.000000 0.743054
566.000000 0.650428
567.000000 0.800575
568.000000 0.539609
569.000000 0.500282
570.000000 0.716070
571.000000 0.325816
572.000000 0.236200
573.000000 0.568860
574.000000 0.550057
575.000000 0.139571
576.000000 0.613130
577.000000 0.343609
578.000000 0.364434
579.000000 0.594356
580.000000 0.335509
581.000000 0.378432
582.000000 0.319088
583.000000 0.309933
584.000000 0.435488
585.000000 0.070668
586.000000 0.381261
587.000000 0.434293
588.000000 0.263758
589.000000 0.362419
590.000000 0.462118
591.000000 0.414217
592.000000 0.365906
593.000000 0.306662
594.000000 0.259672
595.000000 0.592966
596.000000 0.627622
597.000000 0.559403
598.000000 0.693300
599.000000 0.682854
600.000000 0.780320
601.000000 0.826912
602.000000 0.826282
603.000000 0.803721
604.000000 0.785676
605.000000 0.817585
606.000000 0.818919
607.000000 0.850998
608.000000 0.838087
609.000000 0.889213
610.000000 0.846863
611.000000 0.880645
612.000000 0.872528
613.000000 0.872399
614.000000 0.850870
615.000000 0.905011
616.000000 0.856112
617.000000 0.833179
618.000000 0.838706
619.000000 0.834905
620.000000 0.871320
621.000000 0.901075
622.000000 0.854180
623.000000 0.879907
624.000000 0.862942
625.000000 0.833193
626.000000 0.830423
627.000000 0.857601
628.000000 0.896039
629.000000 0.847246
630.000000 0.846494
631.000000 0.802676
632.000000 0.901377
633.000000 0.822593
634.000000 0.649313
635.000000 0.540079
636.000000 0.764273
637.000000 0.764006
638.000000 0.889544
639.000000 0.897026
640.000000 0.895154
641.000000 0.856842
642.000000 0.877748
643.000000 0.897437
644.000000 0.912033
645.000000 0.899072
646.000000 0.897711
647.000000 0.837161
648.000000 0.904757
649.000000 0.902592
650.000000 0.858534
651.000000 0.808965
652.000000 0.806428
653.000000 0.797440
654.000000 0.759818
655.000000 0.643728
656.000000 0.709491
657.000000 0.507979
658.000000 0.583807
659.000000 0.597102
660.000000 0.680487
661.000000 0.708303
662.000000 0.873815
663.000000 0.804821
664.000000 0.840442
665.000000 0.842495
666.000000 0.855548
667.000000 0.816798
668.000000 0.789311
669.000000 0.832276
670.000000 0.912071
671.000000 0.843174
672.000000 0.848687
673.000000 0.848817
674.000000 0.874439
675.000000 0.881377
676.000000 0.851297
677.000000 0.872298
678.000000 0.802810
679.000000 0.865882
680.000000 0.863622
681.000000 0.856169
682.000000 0.860052
683.000000 0.842102
684.000000 0.817273
685.000000 0.842923
686.000000 0.839503
687.000000 0.796458
688.000000 0.866486
689.000000 0.821010
690.000000 0.844320
691.000000 0.810207
692.000000 0.793801
693.000000 0.702540
694.000000 0.517458
695.000000 0.530510
696.000000 0.408436
697.000000 0.497098
698.000000 0.552773
699.000000 0.346583
700.000000 0.288015
701.000000 0.551082
702.000000 0.300237
703.000000 0.286911
704.000000 0.486672
705.000000 0.205204
706.000000 0.481490
707.000000 0.456579
708.000000 0.340765
709.000000 0.277179
710.000000 0.424918
711.000000 0.314126
712.000000 0.354098
713.000000 0.365984
714.000000 0.421322
715.000000 0.418045
716.000000 0.273965
717.000000 0.403908
718.000000 0.412272
719.000000 0.218645
720.000000 0.348037
721.000000 0.353176
722.000000 0.486673
723.000000 0.078936
724.000000 0.337444
725.000000 0.558874
726.000000 0.286998
727.000000 0.422340
728.000000 0.230430
729.000000 0.377658
730.000000 0.187054
731.000000 0.547791
732.000000 0.099574
733.000000 0.551304
734.000000 0.072141
735.000000 0.326918
736.000000 0.506695
737.000000 0.128593
738.000000 0.258816
739.000000 0.588440
740.000000 0.184376
741.000000 0.529322
742.000000 0.414395
743.000000 0.384846
744.000000 0.367705
745.000000 0.339413
746.000000 0.319856
747.000000 0.467097
748.000000 0.287941
749.000000 0.155947
750.000000 0.370921
751.000000 0.438157
752.000000 0.212562
753.000000 0.467917
754.000000 0.267042
755.000000 0.244779
756.000000 0.398433
757.000000 0.442223
758.000000 0.260842
759.000000 0.350225
760.000000 0.292934
761.000000 0.353412
762.000000 0.112297
763.000000 0.574654
764.000000 0.063455
765.000000 0.715813
766.000000 0.092633
767.000000 0.447375
768.000000 0.479127
769.000000 0.539907
770.000000 0.493027
771.000000 0.611613
772.000000 0.705038
773.000000 0.744675
774.000000 0.718736
775.000000 0.673576
776.000000 0.703751
777.000000 0.750451
778.000000 0.695705
779.000000 0.723250
780.000000 0.726019
781.000000 0.703520
782.000000 0.678701
783.000000 0.733297
784.000000 0.751719
785.000000 0.715839
786.000000 0.749385
787.000000 0.796749
788.000000 0.814740
789.000000 0.729274
790.000000 0.773519
791.000000 0.761612
792.000000 0.848240
793.000000 0.827781
794.000000 0.834771
795.000000 0.890299
796.000000 0.882689
797.000000 0.857968
798.000000 0.860911
799.000000 0.842937
800.000000 0.859931
801.000000 0.856964
802.000000 0.826210
803.000000 0.881033
804.000000 0.658528
805.000000 0.643872
806.000000 0.447500
807.000000 0.468646
808.000000 0.610099
809.000000 0.590887
810.000000 0.793166
811.000000 0.763012
812.000000 0.726802
813.000000 0.747769
814.000000 0.740935
815.000000 0.753043
816.000000 0.819326
817.000000 0.859330
818.000000 0.840350
819.000000 0.837854
820.000000 0.774560
821.000000 0.810695
822.000000 0.899598
823.000000 0.816794
824.000000 0.875540
825.000000 0.852929
826.000000 0.869411
827.000000 0.894876
828.000000 0.876131
829.000000 0.881751
830.000000 0.861341
831.000000 0.863573
832.000000 0.910970
833.000000 0.892348
834.000000 0.907090
835.000000 0.872898
836.000000 0.845314
837.000000 0.835720
838.000000 0.842799
839.000000 0.773383
840.000000 0.846009
841.000000 0.730127
842.000000 0.693002
843.000000 0.776343
844.000000 0.713940
845.000000 0.819906
846.000000 0.824901
847.000000 0.778989
848.000000 0.849496
849.000000 0.847095
850.000000 0.881226
851.000000 0.857912
852.000000 0.875002
853.000000 0.870987
854.000000 0.867390
855.000000 0.875011
856.000000 0.863756
857.000000 0.867214
858.000000 0.887296
859.000000 0.853357
860.000000 0.844186
861.000000 0.832280
862.000000 0.865444
863.000000 0.889601
864.000000 0.842220
865.000000 0.855457
866.000000 0.869467
867.000000 0.832787
868.000000 0.808495
869.000000 0.868615
870.000000 0.757597
871.000000 0.765882
872.000000 0.855460
873.000000 0.726988
874.000000 0.779910
875.000000 0.861198
876.000000 0.784604
877.000000 0.765611
878.000000 0.773502
879.000000 0.533732
880.000000 0.401837
881.000000 0.469297
882.000000 0.362158
883.000000 0.658689
884.000000 0.772664
885.000000 0.603330
886.000000 0.592116
887.000000 0.665073
888.000000 0.484679
889.000000 0.314343
890.000000 0.606682
891.000000 0.511244
892.000000 0.612206
893.000000 0.750407
894.000000 0.847100
895.000000 0.812079
896.000000 0.760945
897.000000 0.771010
898.000000 0.816060
899.000000 0.803378
900.000000 0.780823
901.000000 0.834155
902.000000 0.834305
903.000000 0.777039
904.000000 0.824342
905.000000 0.871825
906.000000 0.837928
907.000000 0.864210
908.000000 0.848417
909.000000 0.845161
910.000000 0.887817
911.000000 0.854845
912.000000 0.875763
913.000000 0.870154
914.000000 0.855926
915.000000 0.857703
916.000000 0.840630
917.000000 0.867331
918.000000 0.907875
919.000000 0.814558
920.000000 0.864561
921.000000 0.835087
922.000000 0.857689
923.000000 0.909339
924.000000 0.829147
925.000000 0.850315
926.000000 0.803524
927.000000 0.637063
928.000000 0.614209
929.000000 0.539887
930.000000 0.563268
931.000000 0.791822
932.000000 0.847265
933.000000 0.785549
934.000000 0.869437
935.000000 0.887126
936.000000 0.886887
937.000000 0.799199
938.000000 0.885230
939.000000 0.846456
940.000000 0.883212
941.000000 0.871833
942.000000 0.850131
943.000000 0.881164
944.000000 0.883544
945.000000 0.869044
946.000000 0.842778
947.000000 0.864044
948.000000 0.872556
949.000000 0.869351
950.000000 0.854955
951.000000 0.877093
952.000000 0.755694
953.000000 0.857171
954.000000 0.841839
955.000000 0.870070
956.000000 0.820773
957.000000 0.869294
958.000000 0.775623
959.000000 0.838898
960.000000 0.827133
961.000000 0.797383
962.000000 0.792388
963.000000 0.671588
964.000000 0.766338
965.000000 0.797792
966.000000 0.733998
967.000000 0.863460
968.000000 0.809068
969.000000 0.866247
970.000000 0.873500
971.000000 0.892590
972.000000 0.813159
973.000000 0.833325
974.000000 0.862731
975.000000 0.888595
976.000000 0.806461
977.000000 0.861189
978.000000 0.879255
979.000000 0.852923
980.000000 0.836467
981.000000 0.886668
982.000000 0.826894
983.000000 0.875904
984.000000 0.864411
985.000000 0.879668
986.000000 0.829189
987.000000 0.844387
988.000000 0.808744
989.000000 0.839243
990.000000 0.916769
991.000000 0.841989
992.000000 0.815966
993.000000 0.834956
994.000000 0.821655
995.000000 0.817531
996.000000 0.795919
997.000000 0.847016
998.000000 0.846372
999.000000 0.763373
1000.000000 0.843724
1001.000000 0.876931
1002.000000 0.872507
1003.000000 0.884070
1004.000000 0.885009
1005.000000 0.865099
1006.000000 0.879075
1007.000000 0.887167
1008.000000 0.855583
1009.000000 0.894560
1010.000000 0.858237
1011.000000 0.901229
1012.000000 0.899456
1013.000000 0.845564
1014.000000 0.891057
1015.000000 0.888547
1016.000000 0.847884
1017.000000 0.853800
1018.000000 0.774186
1019.000000 0.837200
1020.000000 0.696743
1021.000000 0.547616
1022.000000 0.499776
1023.000000 0.488981
1024.000000 0.617953
1025.000000 0.590885
1026.000000 0.689638
1027.000000 0.806084
1028.000000 0.833170
1029.000000 0.864673
1030.000000 0.797657
1031.000000 0.855611
1032.000000 0.788741
1033.000000 0.884024
1034.000000 0.796485
1035.000000 0.808896
1036.000000 0.859409
1037.000000 0.806798
1038.000000 0.862315
1039.000000 0.855407
1040.000000 0.904253
1041.000000 0.862743
1042.000000 0.811542
1043.000000 0.850462
1044.000000 0.914405
1045.000000 0.854027
1046.000000 0.866112
1047.000000 0.888393
1048.000000 0.888733
1049.000000 0.884804
1050.000000 0.871741
1051.000000 0.846731
1052.000000 0.882609
1053.000000 0.886745
1054.000000 0.868621
1055.000000 0.929693
1056.000000 0.866778
1057.000000 0.845033
1058.000000 0.819398
1059.000000 0.851654
1060.000000 0.867810
1061.000000 0.912584
1062.000000 0.869083
1063.000000 0.892000
1064.000000 0.811984
1065.000000 0.824355
1066.000000 0.880603
1067.000000 0.843178
1068.000000 0.803666
1069.000000 0.810549
1070.000000 0.744872
1071.000000 0.817128
1072.000000 0.784619
1073.000000 0.830643
1074.000000 0.871742
1075.000000 0.863961
1076.000000 0.862835
1077.000000 0.867207
1078.000000 0.651369
1079.000000 0.691997
1080.000000 0.744903
1081.000000 0.521971
1082.000000 0.479839
1083.000000 0.620433
1084.000000 0.619657
1085.000000 0.737730
1086.000000 0.775085
1087.000000 0.884760
1088.000000 0.824730
1089.000000 0.841362
1090.000000 0.840110
1091.000000 0.878895
1092.000000 0.874684
1093.000000 0.894462
1094.000000 0.847032
1095.000000 0.829754
1096.000000 0.878746
1097.000000 0.890606
1098.000000 0.846177
1099.000000 0.848367
1100.000000 0.816719
1101.000000 0.884337
1102.000000 0.855104
1103.000000 0.906037
1104.000000 0.828328
1105.000000 0.888834
1106.000000 0.899325
1107.000000 0.851641
1108.000000 0.885932
1109.000000 0.864234
1110.000000 0.811461
1111.000000 0.902060
1112.000000 0.871261
1113.000000 0.842074
1114.000000 0.840726
1115.000000 0.850744
1116.000000 0.758034
1117.000000 0.734892
1118.000000 0.571060
1119.000000 0.630245
1120.000000 0.366343
1121.000000 0.581142
1122.000000 0.639961
1123.000000 0.733571
1124.000000 0.813162
1125.000000 0.829146
1126.000000 0.838865
1127.000000 0.889634
1128.000000 0.872459
1129.000000 0.871887
1130.000000 0.860015
1131.000000 0.844283
1132.000000 0.856391
1133.000000 0.887401
1134.000000 0.845372
1135.000000 0.872102
1136.000000 0.898261
1137.000000 0.861132
1138.000000 0.888170
1139.000000 0.876566
1140.000000 0.897986
1141.000000 0.827415
1142.000000 0.812599
1143.000000 0.870501
1144.000000 0.828754
1145.000000 0.847077
1146.000000 0.864592
1147.000000 0.873919
1148.000000 0.847474
1149.000000 0.872672
1150.000000 0.894783
1151.000000 0.860063
1152.000000 0.784578
1153.000000 0.838250
1154.000000 0.663804
1155.000000 0.694907
1156.000000 0.717825
1157.000000 0.572504
1158.000000 0.413150
1159.000000 0.461629
1160.000000 0.490977
1161.000000 0.297702
1162.000000 0.775324
1163.000000 0.821791
1164.000000 0.796027
1165.000000 0.833690
1166.000000 0.845189
1167.000000 0.785330
1168.000000 0.754603
1169.000000 0.857939
1170.000000 0.883847
1171.000000 0.824058
1172.000000 0.876581
1173.000000 0.854732
1174.000000 0.891474
1175.000000 0.835943
1176.000000 0.898876
1177.000000 0.854484
1178.000000 0.881967
1179.000000 0.896265
1180.000000 0.870607
1181.000000 0.857553
1182.000000 0.864114
1183.000000 0.888398
1184.000000 0.849937
1185.000000 0.835329
1186.000000 0.881696
1187.000000 0.866899
1188.000000 0.876750
1189.000000 0.841860
1190.000000 0.852425
1191.000000 0.828607
1192.000000 0.873408
1193.000000 0.863688
1194.000000 0.859097
1195.000000 0.867926
1196.000000 0.821687
1197.000000 0.818236
1198.000000 0.776607
1199.000000 0.802110
1200.000000 0.886303
1201.000000 0.832619
1202.000000 0.869440
1203.000000 0.862707
1204.000000 0.807019
1205.000000 0.916710
1206.000000 0.879129
1207.000000 0.857321
1208.000000 0.850810
1209.000000 0.858803
1210.000000 0.829851
1211.000000 0.879239
1212.000000 0.861737
1213.000000 0.873597
1214.000000 0.832886
1215.000000 0.817119
1216.000000 0.916632
1217.000000 0.838176
1218.000000 0.831991
1219.000000 0.872361
1220.000000 0.868433
1221.000000 0.725300
1222.000000 0.819251
1223.000000 0.805521
1224.000000 0.617755
1225.000000 0.689753
1226.000000 0.788701
1227.000000 0.829458
1228.000000 0.855378
1229.000000 0.833377
1230.000000 0.845621
1231.000000 0.888473
1232.000000 0.849978
1233.000000 0.883773
1234.000000 0.854140
1235.000000 0.869775
1236.000000 0.828489
1237.000000 0.846323
1238.000000 0.875064
1239.000000 0.837966
1240.000000 0.862410
1241.000000 0.863443
1242.000000 0.832123
1243.000000 0.876418
1244.000000 0.878226
1245.000000 0.852340
1246.000000 0.843564
1247.000000 0.850566
1248.000000 0.871152
1249.000000 0.870282
1250.000000 0.833721
1251.000000 0.863137
1252.000000 0.825667
1253.000000 0.884593
1254.000000 0.814834
1255.000000 0.851515
1256.000000 0.829977
1257.000000 0.750419
1258.000000 0.754511
1259.000000 0.761981
1260.000000 0.880879
1261.000000 0.850877
1262.000000 0.843974
1263.000000 0.873746
1264.000000 0.817693
1265.000000 0.892377
1266.000000 0.842954
1267.000000 0.845465
1268.000000 0.852631
1269.000000 0.851203
1270.000000 0.888271
1271.000000 0.900688
1272.000000 0.823126
1273.000000 0.872977
1274.000000 0.832995
1275.000000 0.845176
1276.000000 0.874184
1277.000000 0.858025
1278.000000 0.869672
1279.000000 0.866070
1280.000000 0.794197
1281.000000 0.862102
1282.000000 0.765272
1283.000000 0.701848
1284.000000 0.811360
1285.000000 0.403760
1286.000000 0.637575
1287.000000 0.598015
1288.000000 0.453024
1289.000000 0.405985
1290.000000 0.674213
1291.000000 0.454050
1292.000000 0.308080
1293.000000 0.396344
1294.000000 0.401424
1295.000000 0.215605
1296.000000 0.420617
1297.000000 0.254868
1298.000000 0.228756
1299.000000 0.418424
1300.000000 0.382837
1301.000000 0.331551
1302.000000 0.320346
1303.000000 0.405387
1304.000000 0.318905
1305.000000 0.227145
1306.000000 0.478992
1307.000000 0.272000
1308.000000 0.222480
1309.000000 0.410400
1310.000000 0.286269
1311.000000 0.450806
1312.000000 0.344677
1313.000000 0.292903
1314.000000 0.408789
1315.000000 0.196491
1316.000000 0.257575
1317.000000 0.405815
1318.000000 0.247421
1319.000000 0.445464
1320.000000 0.296808
1321.000000 0.318536
1322.000000 0.372181
1323.000000 0.435860
1324.000000 0.312052
1325.000000 0.139531
1326.000000 0.515416
1327.000000 0.411637
1328.000000 0.302580
1329.000000 0.215039
1330.000000 0.494441
1331.000000 0.429091
1332.000000 0.244431
1333.000000 0.325046
1334.000000 0.250988
1335.000000 0.564194
1336.000000 0.502797
1337.000000 0.604916
1338.000000 0.613272
1339.000000 0.609108
1340.000000 0.711827
1341.000000 0.727940
1342.000000 0.711680
1343.000000 0.737273
1344.000000 0.699555
1345.000000 0.749993
1346.000000 0.725267
1347.000000 0.774562
1348.000000 0.778840
1349.000000 0.841204
1350.000000 0.804230
1351.000000 0.852030
1352.000000 0.818507
1353.000000 0.829161
1354.000000 0.824706
1355.000000 0.887564
1356.000000 0.786635
1357.000000 0.830872
1358.000000 0.868747
1359.000000 0.788433
1360.000000 0.815532
1361.000000 0.839495
1362.000000 0.838398
1363.000000 0.839930
1364.000000 0.806945
1365.000000 0.809852
1366.000000 0.852173
1367.000000 0.852193
1368.000000 0.837040
1369.000000 0.833494
1370.000000 0.868429
1371.000000 0.379612
1372.000000 0.635788
1373.000000 0.696972
1374.000000 0.423575
1375.000000 0.870667
1376.000000 0.829216
1377.000000 0.844944
1378.000000 0.852738
1379.000000 0.850818
1380.000000 0.859022
1381.000000 0.875397
1382.000000 0.840624
1383.000000 0.775337
1384.000000 0.837003
1385.000000 0.800433
1386.000000 0.898237
1387.000000 0.876798
1388.000000 0.856215
1389.000000 0.823807
1390.000000 0.847192
1391.000000 0.901948
1392.000000 0.854098
1393.000000 0.830044
1394.000000 0.878399
1395.000000 0.825921
1396.000000 0.836215
1397.000000 0.825634
1398.000000 0.846833
1399.000000 0.857981
1400.000000 0.825189
1401.000000 0.834644
1402.000000 0.851329
1403.000000 0.817296
1404.000000 0.842687
1405.000000 0.802999
1406.000000 0.744571
1407.000000 0.736099
1408.000000 0.756152
1409.000000 0.632098
1410.000000 0.717781
1411.000000 0.760247
1412.000000 0.696371
1413.000000 0.853445
1414.000000 0.843113
1415.000000 0.829190
1416.000000 0.843013
1417.000000 0.844056
1418.000000 0.859179
1419.000000 0.842005
1420.000000 0.838407
1421.000000 0.879316
1422.000000 0.886850
1423.000000 0.865773
1424.000000 0.841662
1425.000000 0.841385
1426.000000 0.866033
1427.000000 0.788872
1428.000000 0.824695
1429.000000 0.875842
1430.000000 0.811695
1431.000000 0.848687
1432.000000 0.814755
1433.000000 0.792933
1434.000000 0.840086
1435.000000 0.855428
1436.000000 0.839381
1437.000000 0.811243
1438.000000 0.831664
1439.000000 0.834360
1440.000000 0.877715
1441.000000 0.817807
1442.000000 0.754675
1443.000000 0.730753
1444.000000 0.570325
1445.000000 0.579555
1446.000000 0.513651
1447.000000 0.530639
1448.000000 0.393089
1449.000000 0.404024
1450.000000 0.377408
1451.000000 0.343880
1452.000000 0.466306
1453.000000 0.319069
1454.000000 0.349019
1455.000000 0.212780
1456.000000 0.447165
1457.000000 0.274736
1458.000000 0.420840
1459.000000 0.162996
1460.000000 0.188400
1461.000000 0.718020
1462.000000 0.749155
1463.000000 0.725613
1464.000000 0.725454
1465.000000 0.755568
1466.000000 0.745848
1467.000000 0.781248
1468.000000 0.797825
1469.000000 0.816288
1470.000000 0.749001
1471.000000 0.816639
1472.000000 0.865613
1473.000000 0.826992
1474.000000 0.801528
1475.000000 0.813246
1476.000000 0.878896
1477.000000 0.843902
1478.000000 0.865197
1479.000000 0.842927
1480.000000 0.802154
1481.000000 0.866836
1482.000000 0.817555
1483.000000 0.814944
1484.000000 0.885124
1485.000000 0.831868
1486.000000 0.829523
1487.000000 0.891771
1488.000000 0.814105
1489.000000 0.899386
1490.000000 0.804890
1491.000000 0.884427
1492.000000 0.877332
1493.000000 0.858701
1494.000000 0.793817
1495.000000 0.841241
1496.000000 0.786326
1497.000000 0.809010
1498.000000 0.802466
1499.000000 0.362886
1500.000000 0.466656
1501.000000 0.521055
1502.000000 0.825842
1503.000000 0.777345
1504.000000 0.732732
1505.000000 0.647403
1506.000000 0.643190
1507.000000 0.454171
1508.000000 0.432668
1509.000000 0.500970
1510.000000 0.317190
1511.000000 0.416489
1512.000000 0.366643
1513.000000 0.421337
1514.000000 0.293992
1515.000000 0.343324
1516.000000 0.389576
1517.000000 0.298152
1518.000000 0.313628
1519.000000 0.430478
1520.000000 0.229183
1521.000000 0.277428
1522.000000 0.510505
1523.000000 0.341714
1524.000000 0.415538
1525.000000 0.326401
1526.000000 0.110128
1527.000000 0.611619
1528.000000 0.449967
1529.000000 0.348330
1530.000000 0.400604
1531.000000 0.262052
1532.000000 0.298155
1533.000000 0.487469
1534.000000 0.308249
1535.000000 0.274923
1536.000000 0.213873
1537.000000 0.574007
1538.000000 0.257735
1539.000000 0.384589
1540.000000 0.489624
1541.000000 0.266592
1542.000000 0.269643
1543.000000 0.303912
1544.000000 0.520576
1545.000000 0.248073
1546.000000 0.348382
1547.000000 0.393847
1548.000000 0.329495
1549.000000 0.359090
1550.000000 0.339980
1551.000000 0.349628
1552.000000 0.359829
1553.000000 0.374524
1554.000000 0.248907
1555.000000 0.467197
1556.000000 0.222672
1557.000000 0.386805
1558.000000 0.372943
1559.000000 0.340627
1560.000000 0.353931
1561.000000 0.221566
1562.000000 0.298410
1563.000000 0.383032
1564.000000 0.134758
1565.000000 0.720547
1566.000000 0.738187
1567.000000 0.671652
1568.000000 0.762067
1569.000000 0.844430
1570.000000 0.827222
1571.000000 0.798578
1572.000000 0.847510
1573.000000 0.808433
1574.000000 0.888453
1575.000000 0.850870
1576.000000 0.865186
1577.000000 0.869118
1578.000000 0.820940
1579.000000 0.884070
1580.000000 0.883658
1581.000000 0.835045
1582.000000 0.910057
1583.000000 0.835767
1584.000000 0.883859
1585.000000 0.831382
1586.000000 0.887175
1587.000000 0.845459
1588.000000 0.880074
1589.000000 0.842821
1590.000000 0.907936
1591.000000 0.875868
1592.000000 0.875508
1593.000000 0.859904
1594.000000 0.858780
1595.000000 0.834209
1596.000000 0.877672
1597.000000 0.870488
1598.000000 0.877956
1599.000000 0.866017
1600.000000 0.834961
1601.000000 0.810602
1602.000000 0.870470
1603.000000 0.828028
1604.000000 0.823884
1605.000000 0.774669
1606.000000 0.727499
1607.000000 0.763333
1608.000000 0.793672
1609.000000 0.790480
1610.000000 0.800097
1611.000000 0.799529
1612.000000 0.885337
1613.000000 0.833478
1614.000000 0.861141
1615.000000 0.896616
1616.000000 0.916065
1617.000000 0.861505
1618.000000 0.836089
1619.000000 0.820598
1620.000000 0.849024
1621.000000 0.792036
1622.000000 0.756172
1623.000000 0.694379
1624.000000 0.679543
1625.000000 0.608901
1626.000000 0.617503
1627.000000 0.291462
1628.000000 0.561679
1629.000000 0.500414
1630.000000 0.561168
1631.000000 0.521731
1632.000000 0.801501
1633.000000 0.825240
1634.000000 0.810392
1635.000000 0.805989
1636.000000 0.844638
1637.000000 0.760125
1638.000000 0.808299
1639.000000 0.827269
1640.000000 0.812877
1641.000000 0.814139
1642.000000 0.862034
1643.000000 0.853080
1644.000000 0.866583
1645.000000 0.829746
1646.000000 0.795477
1647.000000 0.776211
1648.000000 0.825556
1649.000000 0.892501
1650.000000 0.808862
1651.000000 0.903016
1652.000000 0.865162
1653.000000 0.861277
1654.000000 0.841800
1655.000000 0.899588
1656.000000 0.866763
1657.000000 0.831825
1658.000000 0.795866
1659.000000 0.864296
1660.000000 0.848534
1661.000000 0.824003
1662.000000 0.860584
1663.000000 0.839641
1664.000000 0.823093
1665.000000 0.808132
1666.000000 0.628238
1667.000000 0.454237
1668.000000 0.431245
1669.000000 0.566062
1670.000000 0.639217
1671.000000 0.813448
1672.000000 0.834053
1673.000000 0.842326
1674.000000 0.864287
1675.000000 0.845755
1676.000000 0.876370
1677.000000 0.828674
1678.000000 0.828798
1679.000000 0.883114
1680.000000 0.893606
1681.000000 0.927597
1682.000000 0.849585
1683.000000 0.857156
1684.000000 0.899037
1685.000000 0.860849
1686.000000 0.876066
1687.000000 0.897679
1688.000000 0.856393
1689.000000 0.832533
1690.000000 0.833718
1691.000000 0.888957
1692.000000 0.862255
1693.000000 0.888123
1694.000000 0.838996
1695.000000 0.870587
1696.000000 0.882208
1697.000000 0.914041
1698.000000 0.883743
1699.000000 0.855798
1700.000000 0.817012
1701.000000 0.902586
1702.000000 0.807561
1703.000000 0.643054
1704.000000 0.696360
1705.000000 0.672574
1706.000000 0.329557
1707.000000 0.596409
1708.000000 0.737088
1709.000000 0.821019
1710.000000 0.868033
1711.000000 0.814672
1712.000000 0.851485
1713.000000 0.858500
1714.000000 0.885643
1715.000000 0.809451
1716.000000 0.859619
1717.000000 0.823562
1718.000000 0.869048
1719.000000 0.880789
1720.000000 0.877097
1721.000000 0.852080
1722.000000 0.854810
1723.000000 0.817622
1724.000000 0.848483
1725.000000 0.865075
1726.000000 0.824964
1727.000000 0.842182
1728.000000 0.810509
1729.000000 0.847970
1730.000000 0.853909
1731.000000 0.815062
1732.000000 0.822169
1733.000000 0.772392
1734.000000 0.842695
1735.000000 0.735640
1736.000000 0.706143
1737.000000 0.672349
1738.000000 0.732492
1739.000000 0.767023
1740.000000 0.673164
1741.000000 0.819446
1742.000000 0.873394
1743.000000 0.858171
1744.000000 0.883040
1745.000000 0.883397
1746.000000 0.845754
1747.000000 0.827382
1748.000000 0.850605
1749.000000 0.864465
1750.000000 0.860011
1751.000000 0.833680
1752.000000 0.832604
1753.000000 0.877231
1754.000000 0.877892
1755.000000 0.869866
1756.000000 0.877772
1757.000000 0.883590
1758.000000 0.886130
1759.000000 0.828799
1760.000000 0.874043
1761.000000 0.873619
1762.000000 0.845748
1763.000000 0.815289
1764.000000 0.834605
1765.000000 0.875298
1766.000000 0.812587
1767.000000 0.898357
1768.000000 0.857280
1769.000000 0.912413
1770.000000 0.888478
1771.000000 0.778256
1772.000000 0.795282
1773.000000 0.605578
1774.000000 0.484505
1775.000000 0.550035
1776.000000 0.390128
1777.000000 0.237434
1778.000000 0.382355
1779.000000 0.374436
1780.000000 0.451150
1781.000000 0.436514
1782.000000 0.467704
1783.000000 0.349416
1784.000000 0.340452
1785.000000 0.520623
1786.000000 0.151145
1787.000000 0.498953
1788.000000 0.199573
1789.000000 0.550644
1790.000000 0.045256
1791.000000 0.423801
1792.000000 0.411637
1793.000000 0.208996
1794.000000 0.555944
1795.000000 0.597225
1796.000000 0.820648
1797.000000 0.807328
1798.000000 0.874698
1799.000000 0.841860
1800.000000 0.864939
1801.000000 0.884484
1802.000000 0.821064
1803.000000 0.839006
1804.000000 0.824668
1805.000000 0.869814
1806.000000 0.823646
1807.000000 0.886062
1808.000000 0.836020
1809.000000 0.888746
1810.000000 0.888278
1811.000000 0.911127
1812.000000 0.871531
1813.000000 0.897576
1814.000000 0.823251
1815.000000 0.860909
1816.000000 0.847029
1817.000000 0.838133
1818.000000 0.875008
1819.000000 0.836745
1820.000000 0.876807
1821.000000 0.872971
1822.000000 0.891359
1823.000000 0.859213
1824.000000 0.875701
1825.000000 0.850046
1826.000000 0.870736
1827.000000 0.852919
1828.000000 0.832243
1829.000000 0.866992
1830.000000 0.783427
1831.000000 0.711954
1832.000000 0.624068
1833.000000 0.414921
1834.000000 0.304699
1835.000000 0.548441
1836.000000 0.623395
1837.000000 0.805801
1838.000000 0.884218
1839.000000 0.894121
1840.000000 0.888909
1841.000000 0.890714
1842.000000 0.848405
1843.000000 0.858612
1844.000000 0.833547
1845.000000 0.835389
1846.000000 0.866096
1847.000000 0.814756
1848.000000 0.811170
1849.000000 0.872955
1850.000000 0.869590
1851.000000 0.901450
1852.000000 0.841437
1853.000000 0.810551
1854.000000 0.861069
1855.000000 0.870410
1856.000000 0.875765
1857.000000 0.893688
1858.000000 0.868016
1859.000000 0.878394
1860.000000 0.884410
1861.000000 0.826633
1862.000000 0.800959
1863.000000 0.811543
1864.000000 0.710628
1865.000000 0.530040
1866.000000 0.751149
1867.000000 0.437523
1868.000000 0.358226
1869.000000 0.676866
1870.000000 0.359892
1871.000000 0.355706
1872.000000 0.302725
1873.000000 0.451300
1874.000000 0.349301
1875.000000 0.280192
1876.000000 0.253175
1877.000000 0.523859
1878.000000 0.312865
1879.000000 0.325918
1880.000000 0.451622
1881.000000 0.104203
1882.000000 0.498459
1883.000000 0.237632
1884.000000 0.424703
1885.000000 0.479517
1886.000000 0.222928
1887.000000 0.548763
1888.000000 0.180811
1889.000000 0.636994
1890.000000 0.769130
1891.000000 0.824352
1892.000000 0.799067
1893.000000 0.821248
1894.000000 0.824057
1895.000000 0.890699
1896.000000 0.843741
1897.000000 0.856297
1898.000000 0.889602
1899.000000 0.856378
1900.000000 0.856829
1901.000000 0.886010
1902.000000 0.836428
1903.000000 0.884637
1904.000000 0.906819
1905.000000 0.880905
1906.000000 0.857393
1907.000000 0.886805
1908.000000 0.898986
1909.000000 0.889617
1910.000000 0.876347
1911.000000 0.821894
1912.000000 0.853689
1913.000000 0.862343
1914.000000 0.909406
1915.000000 0.872795
1916.000000 0.873265
1917.000000 0.904541
1918.000000 0.840897
1919.000000 0.876778
1920.000000 0.877477
1921.000000 0.843846
1922.000000 0.832081
1923.000000 0.850600
1924.000000 0.870375
1925.000000 0.837811
1926.000000 0.819679
1927.000000 0.888134
1928.000000 0.879314
1929.000000 0.875007
1930.000000 0.689765
1931.000000 0.815486
1932.000000 0.856634
1933.000000 0.436382
1934.000000 0.853158
1935.000000 0.814439
1936.000000 0.848120
1937.000000 0.876004
1938.000000 0.811142
1939.000000 0.851518
1940.000000 0.893674
1941.000000 0.855932
1942.000000 0.850444
1943.000000 0.833553
1944.000000 0.685110
1945.000000 0.707585
1946.000000 0.679499
1947.000000 0.479886
1948.000000 0.395190
1949.000000 0.657464
1950.000000 0.429769
1951.000000 0.312167
1952.000000 0.511197
1953.000000 0.707590
1954.000000 0.764064
1955.000000 0.756484
1956.000000 0.760937
1957.000000 0.833633
1958.000000 0.795953
1959.000000 0.880160
1960.000000 0.835417
1961.000000 0.852736
1962.000000 0.888605
1963.000000 0.869155
1964.000000 0.885592
1965.000000 0.883186
1966.000000 0.877122
1967.000000 0.899739
1968.000000 0.874830
1969.000000 0.836662
1970.000000 0.857783
1971.000000 0.894644
1972.000000 0.835855
1973.000000 0.902274
1974.000000 0.832745
1975.000000 0.871198
1976.000000 0.873141
1977.000000 0.884265
1978.000000 0.842865
1979.000000 0.859418
1980.000000 0.882249
1981.000000 0.797717
1982.000000 0.800624
1983.000000 0.865476
1984.000000 0.856896
1985.000000 0.754410
1986.000000 0.620062
1987.000000 0.708220
1988.000000 0.800336
1989.000000 0.213754
1990.000000 0.829742
1991.000000 0.812521
1992.000000 0.847230
1993.000000 0.860810
1994.000000 0.833896
1995.000000 0.878963
1996.000000 0.862670
1997.000000 0.815778
1998.000000 0.854709
1999.000000 0.883686
2000.000000 0.833389
2001.000000 0.848640
2002.000000 0.853663
2003.000000 0.919629
2004.000000 0.870575
2005.000000 0.843893
2006.000000 0.783329
2007.000000 0.891192
2008.000000 0.842685
2009.000000 0.868391
2010.000000 0.868048
2011.000000 0.878727
2012.000000 0.853286
2013.000000 0.892316
2014.000000 0.901396
2015.000000 0.884346
2016.000000 0.860653
2017.000000 0.873535
2018.000000 0.780995
2019.000000 0.837396
2020.000000 0.835024
2021.000000 0.783448
2022.000000 0.666223
2023.000000 0.725626
2024.000000 0.540581
2025.000000 0.516838
2026.000000 0.552037
2027.000000 0.506983
2028.000000 0.701715
2029.000000 0.761475
2030.000000 0.832499
2031.000000 0.845540
2032.000000 0.875434
2033.000000 0.783488
2034.000000 0.875088
2035.000000 0.812076
2036.000000 0.844683
2037.000000 0.857961
2038.000000 0.843143
2039.000000 0.853290
2040.000000 0.823933
2041.000000 0.792084
2042.000000 0.837952
2043.000000 0.815300
2044.000000 0.809239
2045.000000 0.908021
2046.000000 0.863228
2047.000000 0.832080
2048.000000 0.838368
2049.000000 0.819975
2050.000000 0.839033
2051.000000 0.771608
2052.000000 0.826098
2053.000000 0.888687
2054.000000 0.806426
2055.000000 0.844543
2056.000000 0.843888
2057.000000 0.806730
2058.000000 0.804770
2059.000000 0.850777
2060.000000 0.672598
2061.000000 0.755946
2062.000000 0.726639
2063.000000 0.823983
2064.000000 0.859709
2065.000000 0.864539
2066.000000 0.833645
2067.000000 0.864239
2068.000000 0.824216
2069.000000 0.830311
2070.000000 0.806292
2071.000000 0.808885
2072.000000 0.815156
2073.000000 0.863918
2074.000000 0.869923
2075.000000 0.850417
2076.000000 0.834746
2077.000000 0.857856
2078.000000 0.859758
2079.000000 0.855857
2080.000000 0.849999
2081.000000 0.843124
2082.000000 0.875384
2083.000000 0.871941
2084.000000 0.873848
2085.000000 0.885764
2086.000000 0.851749
2087.000000 0.852477
2088.000000 0.873841
2089.000000 0.877902
2090.000000 0.864760
2091.000000 0.848160
2092.000000 0.924266
2093.000000 0.773752
2094.000000 0.823686
2095.000000 0.745075
2096.000000 0.795963
2097.000000 0.746988
2098.000000 0.574452
2099.000000 0.796246
2100.000000 0.791440
2101.000000 0.789903
2102.000000 0.824481
2103.000000 0.834289
2104.000000 0.811717
2105.000000 0.767464
2106.000000 0.800504
2107.000000 0.730970
2108.000000 0.795796
2109.000000 0.841264
2110.000000 0.718661
2111.000000 0.804539
2112.000000 0.810148
2113.000000 0.801757
2114.000000 0.824348
2115.000000 0.803862
2116.000000 0.788717
2117.000000 0.839321
2118.000000 0.809266
2119.000000 0.780204
2120.000000 0.710683
2121.000000 0.770978
2122.000000 0.624166
2123.000000 0.484403
2124.000000 0.499175
2125.000000 0.401250
2126.000000 0.312054
2127.000000 0.525333
2128.000000 0.366400
2129.000000 0.213197
2130.000000 0.590832
2131.000000 0.499374
2132.000000 0.350806
2133.000000 0.312943
2134.000000 0.463648
2135.000000 0.402780
2136.000000 0.322656
2137.000000 0.350247
2138.000000 0.331968
2139.000000 0.408328
2140.000000 0.177067
2141.000000 0.456526
2142.000000 0.314041
2143.000000 0.414668
2144.000000 0.292725
2145.000000 0.563087
2146.000000 0.084912
2147.000000 0.453575
2148.000000 0.439498
2149.000000 0.409040
2150.000000 0.284445
2151.000000 0.580790
2152.000000 0.107691
2153.000000 0.447134
2154.000000 0.215324
2155.000000 0.501314
2156.000000 0.253383
2157.000000 0.491926
2158.000000 0.264684
2159.000000 0.442765
2160.000000 0.262670
2161.000000 0.300680
2162.000000 0.526161
2163.000000 0.256409
2164.000000 0.181818
2165.000000 0.207591
2166.000000 0.554856
2167.000000 0.279459
2168.000000 0.324787
2169.000000 0.359598
2170.000000 0.326795
2171.000000 0.434122
2172.000000 0.281305
2173.000000 0.333597
2174.000000 0.253659
2175.000000 0.491451
2176.000000 0.405719
2177.000000 0.427202
2178.000000 0.082018
2179.000000 0.583775
2180.000000 0.306817
2181.000000 0.382765
2182.000000 0.344550
2183.000000 0.298885
2184.000000 0.316075
2185.000000 0.315914
2186.000000 0.409718
2187.000000 0.338680
2188.000000 0.417830
2189.000000 0.248180
2190.000000 0.478275
2191.000000 0.146704
2192.000000 0.558131
2193.000000 0.159790
2194.000000 0.574295
2195.000000 0.784926
2196.000000 0.791457
2197.000000 0.819494
2198.000000 0.740184
2199.000000 0.797609
2200.000000 0.814419
2201.000000 0.742916
2202.000000 0.726498
2203.000000 0.815738
2204.000000 0.845993
2205.000000 0.852177
2206.000000 0.856127
2207.000000 0.853058
2208.000000 0.870443
2209.000000 0.881327
2210.000000 0.864067
2211.000000 0.877007
2212.000000 0.881607
2213.000000 0.890521
2214.000000 0.861244
2215.000000 0.851060
2216.000000 0.854231
2217.000000 0.823311
2218.000000 0.903436
2219.000000 0.882598
2220.000000 0.858033
2221.000000 0.865769
2222.000000 0.836261
2223.000000 0.873850
2224.000000 0.889013
2225.000000 0.803857
2226.000000 0.862326
2227.000000 0.881152
2228.000000 0.863579
2229.000000 0.731195
2230.000000 0.715296
2231.000000 0.544941
2232.000000 0.333109
2233.000000 0.568752
2234.000000 0.143401
2235.000000 0.549714
2236.000000 0.769375
2237.000000 0.629086
2238.000000 0.860053
2239.000000 0.845550
2240.000000 0.891795
2241.000000 0.901690
2242.000000 0.840905
2243.000000 0.860807
2244.000000 0.835968
2245.000000 0.787977
2246.000000 0.850172
2247.000000 0.843745
2248.000000 0.899947
2249.000000 0.868963
2250.000000 0.858318
2251.000000 0.834845
2252.000000 0.850992
2253.000000 0.857437
2254.000000 0.811732
2255.000000 0.879606
2256.000000 0.863440
2257.000000 0.862493
2258.000000 0.843638
2259.000000 0.886455
2260.000000 0.896595
2261.000000 0.854202
2262.000000 0.862265
2263.000000 0.847941
2264.000000 0.846446
2265.000000 0.855751
2266.000000 0.756518
2267.000000 0.810056
2268.000000 0.772002
2269.000000 0.636899
2270.000000 0.650669
2271.000000 0.619602
2272.000000 0.811731
2273.000000 0.854623
2274.000000 0.840765
2275.000000 0.885325
2276.000000 0.869952
2277.000000 0.864894
2278.000000 0.878951
2279.000000 0.848504
2280.000000 0.827315
2281.000000 0.845242
2282.000000 0.824556
2283.000000 0.829648
2284.000000 0.912870
2285.000000 0.848154
2286.000000 0.901660
2287.000000 0.861320
2288.000000 0.910723
2289.000000 0.865492
2290.000000 0.861504
2291.000000 0.855904
2292.000000 0.869798
2293.000000 0.854283
2294.000000 0.842783
2295.000000 0.829399
2296.000000 0.854392
2297.000000 0.854361
2298.000000 0.860594
2299.000000 0.842555
2300.000000 0.886159
2301.000000 0.871354
2302.000000 0.834405
2303.000000 0.824984
2304.000000 0.827654
2305.000000 0.814811
2306.000000 0.792748
2307.000000 0.819497
2308.000000 0.761352
2309.000000 0.834331
2310.000000 0.864386
2311.000000 0.858593
2312.000000 0.912471
2313.000000 0.879377
2314.000000 0.886106
2315.000000 0.872426
2316.000000 0.872750
2317.000000 0.839219
2318.000000 0.840864
2319.000000 0.873898
2320.000000 0.859835
2321.000000 0.830343
2322.000000 0.887400
2323.000000 0.858725
2324.000000 0.889100
2325.000000 0.832208
2326.000000 0.862807
2327.000000 0.825306
2328.000000 0.792173
2329.000000 0.697515
2330.000000 0.807795
2331.000000 0.660705
2332.000000 0.398835
2333.000000 0.536398
2334.000000 0.481106
2335.000000 0.360389
2336.000000 0.301419
2337.000000 0.475680
2338.000000 0.460471
2339.000000 0.468690
2340.000000 0.606716
2341.000000 0.433474
2342.000000 0.359217
2343.000000 0.338538
2344.000000 0.374162
2345.000000 0.476254
2346.000000 0.240700
2347.000000 0.371344
2348.000000 0.403433
2349.000000 0.351405
2350.000000 0.198764
2351.000000 0.616965
2352.000000 0.139395
2353.000000 0.634922
2354.000000 0.743426
2355.000000 0.708395
2356.000000 0.751583
2357.000000 0.770990
2358.000000 0.878096
2359.000000 0.889638
2360.000000 0.867766
2361.000000 0.872434
2362.000000 0.837893
2363.000000 0.904295
2364.000000 0.883472
2365.000000 0.871555
2366.000000 0.854248
2367.000000 0.883257
2368.000000 0.836812
2369.000000 0.851020
2370.000000 0.893805
2371.000000 0.889671
2372.000000 0.854884
2373.000000 0.845226
2374.000000 0.904530
2375.000000 0.856141
2376.000000 0.836068
2377.000000 0.858632
2378.000000 0.809696
2379.000000 0.885903
2380.000000 0.849117
2381.000000 0.860032
2382.000000 0.893036
2383.000000 0.872385
2384.000000 0.854819
2385.000000 0.867517
2386.000000 0.876398
2387.000000 0.885570
2388.000000 0.841733
2389.000000 0.857135
2390.000000 0.857848
2391.000000 0.844861
2392.000000 0.897106
2393.000000 0.834679
2394.000000 0.861966
2395.000000 0.815187
2396.000000 0.860895
2397.000000 0.866403
2398.000000 0.872877
2399.000000 0.813635
2400.000000 0.795535
2401.000000 0.685523
2402.000000 0.818367
2403.000000 0.791757
2404.000000 0.660579
2405.000000 0.622511
2406.000000 0.640684
2407.000000 0.658889
2408.000000 0.534227
2409.000000 0.359262
2410.000000 0.528350
2411.000000 0.554543
2412.000000 0.304001
2413.000000 0.450510
2414.000000 0.123272
2415.000000 0.564410
2416.000000 0.273238
2417.000000 0.448244
2418.000000 0.381228
2419.000000 0.529733
2420.000000 0.158149
2421.000000 0.370840
2422.000000 0.284954
2423.000000 0.319383
2424.000000 0.546698
2425.000000 0.173877
2426.000000 0.740639
2427.000000 0.231241
2428.000000 0.707118
2429.000000 0.733979
2430.000000 0.677620
2431.000000 0.671668
2432.000000 0.684848
2433.000000 0.675271
2434.000000 0.709826
2435.000000 0.729761
2436.000000 0.711560
2437.000000 0.701718
2438.000000 0.783692
2439.000000 0.766138
2440.000000 0.779761
2441.000000 0.788008
2442.000000 0.749874
2443.000000 0.740764
2444.000000 0.766778
2445.000000 0.847810
2446.000000 0.817414
2447.000000 0.836342
2448.000000 0.742642
2449.000000 0.878406
2450.000000 0.878941
2451.000000 0.835983
2452.000000 0.885557
2453.000000 0.876910
2454.000000 0.890436
2455.000000 0.889013
2456.000000 0.817037
2457.000000 0.895464
2458.000000 0.841635
2459.000000 0.885864
2460.000000 0.858910
2461.000000 0.841015
2462.000000 0.802125
2463.000000 0.751697
2464.000000 0.558715
2465.000000 0.397764
2466.000000 0.564300
2467.000000 0.701184
2468.000000 0.753909
2469.000000 0.867618
2470.000000 0.856687
2471.000000 0.871619
2472.000000 0.880527
2473.000000 0.837835
2474.000000 0.829005
2475.000000 0.844927
2476.000000 0.822088
2477.000000 0.853616
2478.000000 0.842274
2479.000000 0.847482
2480.000000 0.870021
2481.000000 0.870527
2482.000000 0.869008
2483.000000 0.867355
2484.000000 0.885407
2485.000000 0.855509
2486.000000 0.865178
2487.000000 0.853276
2488.000000 0.891662
2489.000000 0.863759
2490.000000 0.864883
2491.000000 0.806054
2492.000000 0.887072
2493.000000 0.851039
2494.000000 0.779109
2495.000000 0.809982
2496.000000 0.882630
2497.000000 0.810886
2498.000000 0.756713
2499.000000 0.766914
2500.000000 0.820355
2501.000000 0.756909
2502.000000 0.719838
2503.000000 0.724832
2504.000000 0.828785
2505.000000 0.844596
2506.000000 0.858940
2507.000000 0.850836
2508.000000 0.818059
2509.000000 0.833369
2510.000000 0.880880
2511.000000 0.867969
2512.000000 0.841442
2513.000000 0.854345
2514.000000 0.871526
2515.000000 0.900707
2516.000000 0.834769
2517.000000 0.844779
2518.000000 0.833369
2519.000000 0.891923
2520.000000 0.823032
2521.000000 0.828693
2522.000000 0.877402
2523.000000 0.777711
2524.000000 0.778284
2525.000000 0.870135
2526.000000 0.795333
2527.000000 0.781107
2528.000000 0.867196
2529.000000 0.708223
2530.000000 0.706525
2531.000000 0.832707
2532.000000 0.679759
2533.000000 0.421558
2534.000000 0.693232
2535.000000 0.622880
2536.000000 0.602296
2537.000000 0.653856
2538.000000 0.775891
2539.000000 0.837013
2540.000000 0.741888
2541.000000 0.829128
2542.000000 0.792441
2543.000000 0.814040
2544.000000 0.874139
2545.000000 0.881205
2546.000000 0.830198
2547.000000 0.826987
2548.000000 0.840541
2549.000000 0.857194
2550.000000 0.794149
2551.000000 0.824962
2552.000000 0.865849
2553.000000 0.820419
2554.000000 0.836128
2555.000000 0.872995
2556.000000 0.848436
2557.000000 0.879566
2558.000000 0.853970
2559.000000 0.860603
2560.000000 0.878625
2561.000000 0.852655
2562.000000 0.839332
2563.000000 0.876299
2564.000000 0.847133
2565.000000 0.848023
2566.000000 0.841790
2567.000000 0.856689
2568.000000 0.848339
2569.000000 0.788135
2570.000000 0.800738
2571.000000 0.805483
2572.000000 0.708546
2573.000000 0.691376
2574.000000 0.711997
2575.000000 0.690479
2576.000000 0.855149
2577.000000 0.833873
2578.000000 0.874606
2579.000000 0.884182
2580.000000 0.919446
2581.000000 0.897805
2582.000000 0.891111
2583.000000 0.880335
2584.000000 0.887499
2585.000000 0.875646
2586.000000 0.925462
2587.000000 0.858556
2588.000000 0.905600
2589.000000 0.863482
2590.000000 0.861208
2591.000000 0.870470
2592.000000 0.836159
2593.000000 0.909264
2594.000000 0.885454
2595.000000 0.852118
2596.000000 0.761802
2597.000000 0.825619
2598.000000 0.769885
2599.000000 0.639471
2600.000000 0.623467
2601.000000 0.694423
2602.000000 0.389544
2603.000000 0.378986
2604.000000 0.604864
2605.000000 0.450595
2606.000000 0.523115
2607.000000 0.696304
2608.000000 0.388204
2609.000000 0.462569
2610.000000 0.378611
2611.000000 0.391206
2612.000000 0.341677
2613.000000 0.448046
2614.000000 0.251581
2615.000000 0.343626
2616.000000 0.460245
2617.000000 0.298873
2618.000000 0.528793
2619.000000 0.176815
2620.000000 0.555132
2621.000000 0.155821
2622.000000 0.501986
2623.000000 0.662377
2624.000000 0.751101
2625.000000 0.752408
2626.000000 0.733074
2627.000000 0.723677
2628.000000 0.731578
2629.000000 0.731836
2630.000000 0.762964
2631.000000 0.769886
2632.000000 0.833957
2633.000000 0.827915
2634.000000 0.818339
2635.000000 0.846171
2636.000000 0.837638
2637.000000 0.806197
2638.000000 0.829571
2639.000000 0.816567
2640.000000 0.830279
2641.000000 0.840019
2642.000000 0.845853
2643.000000 0.830525
2644.000000 0.820810
2645.000000 0.903053
2646.000000 0.906793
2647.000000 0.865557
2648.000000 0.880100
2649.000000 0.874266
2650.000000 0.867772
2651.000000 0.828068
2652.000000 0.885440
2653.000000 0.818829
2654.000000 0.848947
2655.000000 0.882319
2656.000000 0.869984
2657.000000 0.733928
2658.000000 0.645568
2659.000000 0.579971
2660.000000 0.371206
2661.000000 0.711658
2662.000000 0.752240
2663.000000 0.828959
2664.000000 0.910069
2665.000000 0.798958
2666.000000 0.810934
2667.000000 0.838022
2668.000000 0.900113
2669.000000 0.862516
2670.000000 0.874547
2671.000000 0.821974
2672.000000 0.849124
2673.000000 0.852474
2674.000000 0.874884
2675.000000 0.860646
2676.000000 0.898571
2677.000000 0.787820
2678.000000 0.882335
2679.000000 0.852954
2680.000000 0.928843
2681.000000 0.840961
2682.000000 0.890148
2683.000000 0.839452
2684.000000 0.862052
2685.000000 0.847184
2686.000000 0.893664
2687.000000 0.907568
2688.000000 0.812173
2689.000000 0.844272
2690.000000 0.895660
2691.000000 0.797193
2692.000000 0.763000
2693.000000 0.849868
2694.000000 0.818268
2695.000000 0.783048
2696.000000 0.671939
2697.000000 0.771050
2698.000000 0.757663
2699.000000 0.808971
2700.000000 0.834405
2701.000000 0.886400
2702.000000 0.819494
2703.000000 0.841609
2704.000000 0.836141
2705.000000 0.878440
2706.000000 0.886164
2707.000000 0.874424
2708.000000 0.903089
2709.000000 0.850182
2710.000000 0.878660
2711.000000 0.874416
2712.000000 0.840947
2713.000000 0.840267
2714.000000 0.852462
2715.000000 0.871417
2716.000000 0.861012
2717.000000 0.856582
2718.000000 0.865922
2719.000000 0.800242
2720.000000 0.856575
2721.000000 0.728868
2722.000000 0.756717
2723.000000 0.826876
2724.000000 0.543706
2725.000000 0.708799
2726.000000 0.557271
2727.000000 0.272828
2728.000000 0.565744
2729.000000 0.388065
2730.000000 0.363571
2731.000000 0.472989
2732.000000 0.553386
2733.000000 0.293760
2734.000000 0.361883
2735.000000 0.113996
2736.000000 0.679370
2737.000000 0.763590
2738.000000 0.752100
2739.000000 0.779508
2740.000000 0.784858
2741.000000 0.768551
2742.000000 0.766186
2743.000000 0.818788
2744.000000 0.825913
2745.000000 0.778667
2746.000000 0.808205
2747.000000 0.776677
2748.000000 0.650785
2749.000000 0.775964
2750.000000 0.804549
2751.000000 0.780095
2752.000000 0.863657
2753.000000 0.871387
2754.000000 0.881996
2755.000000 0.870895
2756.000000 0.824112
2757.000000 0.869978
2758.000000 0.845423
2759.000000 0.847811
2760.000000 0.873320
2761.000000 0.872263
2762.000000 0.881424
2763.000000 0.833891
2764.000000 0.866456
2765.000000 0.850204
2766.000000 0.890533
2767.000000 0.895222
2768.000000 0.880815
2769.000000 0.892167
2770.000000 0.913618
2771.000000 0.711836
2772.000000 0.710687
2773.000000 0.613885
2774.000000 0.540896
2775.000000 0.344521
2776.000000 0.495910
2777.000000 0.410754
2778.000000 0.278236
2779.000000 0.312368
2780.000000 0.477975
2781.000000 0.317921
2782.000000 0.461715
2783.000000 0.396575
2784.000000 0.323244
2785.000000 0.418142
2786.000000 0.145147
2787.000000 0.378641
2788.000000 0.292422
2789.000000 0.356679
2790.000000 0.355828
2791.000000 0.370391
2792.000000 0.411136
2793.000000 0.176329
2794.000000 0.470612
2795.000000 0.257016
2796.000000 0.320013
2797.000000 0.256585
2798.000000 0.396974
2799.000000 0.365697
2800.000000 0.334303
2801.000000 0.244597
2802.000000 0.335954
2803.000000 0.449940
2804.000000 0.363227
2805.000000 0.264620
2806.000000 0.355817
2807.000000 0.301113
2808.000000 0.356456
2809.000000 0.442349
2810.000000 0.335932
2811.000000 0.298847
2812.000000 0.378514
2813.000000 0.257931
2814.000000 0.361850
2815.000000 0.450442
2816.000000 0.338953
2817.000000 0.277493
2818.000000 0.376135
2819.000000 0.321547
2820.000000 0.443331
2821.000000 0.508038
2822.000000 0.316466
2823.000000 0.406976
2824.000000 0.454106
2825.000000 0.625500
2826.000000 0.582448
2827.000000 0.661476
2828.000000 0.595510
2829.000000 0.684870
2830.000000 0.711419
2831.000000 0.692445
2832.000000 0.682196
2833.000000 0.766314
2834.000000 0.747189
2835.000000 0.747869
2836.000000 0.739665
2837.000000 0.709022
2838.000000 0.694344
2839.000000 0.743835
2840.000000 0.771269
2841.000000 0.750334
2842.000000 0.839118
2843.000000 0.787164
2844.000000 0.844243
2845.000000 0.865423
2846.000000 0.848896
2847.000000 0.873557
2848.000000 0.888893
2849.000000 0.867735
2850.000000 0.831772
2851.000000 0.847686
2852.000000 0.896909
2853.000000 0.850690
2854.000000 0.920599
2855.000000 0.869885
2856.000000 0.813974
2857.000000 0.885338
2858.000000 0.850593
2859.000000 0.818921
2860.000000 0.832158
2861.000000 0.824648
2862.000000 0.765524
2863.000000 0.750960
2864.000000 0.749108
2865.000000 0.838192
2866.000000 0.760731
2867.000000 0.865028
2868.000000 0.862170
2869.000000 0.874853
2870.000000 0.870227
2871.000000 0.893559
2872.000000 0.866142
2873.000000 0.770981
2874.000000 0.882982
2875.000000 0.884314
2876.000000 0.846859
2877.000000 0.857841
2878.000000 0.825682
2879.000000 0.802153
2880.000000 0.863701
2881.000000 0.888335
2882.000000 0.848059
2883.000000 0.832292
2884.000000 0.862110
2885.000000 0.889750
2886.000000 0.877264
2887.000000 0.758663
2888.000000 0.737797
2889.000000 0.610922
2890.000000 0.437548
2891.000000 0.507933
2892.000000 0.561826
2893.000000 0.541196
2894.000000 0.716771
2895.000000 0.568279
2896.000000 0.410818
2897.000000 0.498473
2898.000000 0.476981
2899.000000 0.259854
2900.000000 0.436299
2901.000000 0.429244
2902.000000 0.286874
2903.000000 0.611760
2904.000000 0.704757
2905.000000 0.796798
2906.000000 0.825598
2907.000000 0.881421
2908.000000 0.785293
2909.000000 0.841418
2910.000000 0.850731
2911.000000 0.887507
2912.000000 0.876283
2913.000000 0.867443
2914.000000 0.811509
2915.000000 0.845305
2916.000000 0.851844
2917.000000 0.837294
2918.000000 0.911493
2919.000000 0.870903
2920.000000 0.879554
2921.000000 0.824786
2922.000000 0.891177
2923.000000 0.837060
2924.000000 0.886164
2925.000000 0.881127
2926.000000 0.782538
2927.000000 0.870834
2928.000000 0.864762
2929.000000 0.828687
2930.000000 0.865008
2931.000000 0.844756
2932.000000 0.851653
2933.000000 0.862066
2934.000000 0.857464
2935.000000 0.842072
2936.000000 0.824468
2937.000000 0.813777
2938.000000 0.766455
2939.000000 0.667815
2940.000000 0.576587
2941.000000 0.404009
2942.000000 0.510150
2943.000000 0.313738
2944.000000 0.487452
2945.000000 0.404394
2946.000000 0.249949
2947.000000 0.461261
2948.000000 0.217784
2949.000000 0.492711
2950.000000 0.278003
2951.000000 0.582103
2952.000000 0.133386
2953.000000 0.541730
2954.000000 0.191834
2955.000000 0.244485
2956.000000 0.473201
2957.000000 0.528430
2958.000000 0.593167
2959.000000 0.780752
2960.000000 0.742901
2961.000000 0.771145
2962.000000 0.788326
2963.000000 0.818177
2964.000000 0.796889
2965.000000 0.866266
2966.000000 0.797794
2967.000000 0.839954
2968.000000 0.833087
2969.000000 0.816424
2970.000000 0.826413
2971.000000 0.851482
2972.000000 0.842619
2973.000000 0.891856
2974.000000 0.849956
2975.000000 0.877114
2976.000000 0.883624
2977.000000 0.872866
2978.000000 0.863384
2979.000000 0.857999
2980.000000 0.861928
2981.000000 0.904172
2982.000000 0.867600
2983.000000 0.896453
2984.000000 0.857816
2985.000000 0.880084
2986.000000 0.830144
2987.000000 0.830351
2988.000000 0.857438
2989.000000 0.866753
2990.000000 0.828994
2991.000000 0.837185
2992.000000 0.831200
2993.000000 0.828432
2994.000000 0.786043
2995.000000 0.866685
2996.000000 0.654623
2997.000000 0.872461
2998.000000 0.867993
2999.000000 0.860104
3000.000000 0.847958
