0.000000 0.200482
1.000000 0.082209
2.000000 0.232036
3.000000 0.098648
4.000000 0.162547
5.000000 0.021923
6.000000 0.151701
7.000000 0.117215
8.000000 0.112437
9.000000 0.174799
10.000000 0.183624
11.000000 0.110828
12.000000 0.214959
13.000000 0.099593
14.000000 0.063314
15.000000 0.182400
16.000000 0.188353
17.000000 0.254199
18.000000 0.336097
19.000000 0.293567
20.000000 0.362769
21.000000 0.182031
22.000000 0.200202
23.000000 0.130824
24.000000 0.169369
25.000000 0.085201
26.000000 0.075640
27.000000 0.065145
28.000000 0.176221
29.000000 0.055165
30.000000 0.097771
31.000000 0.019454
32.000000 0.247790
33.000000 0.174743
34.000000 0.142642
35.000000 0.275709
36.000000 0.032553
37.000000 0.125155
38.000000 0.188296
39.000000 0.302588
40.000000 0.191970
41.000000 0.022733
42.000000 0.027959
43.000000 0.184048
44.000000 0.096713
45.000000 0.092723
46.000000 0.175670
47.000000 0.041642
48.000000 0.103354
49.000000 0.211380
50.000000 0.201533
51.000000 0.198644
52.000000 0.161646
53.000000 0.080553
54.000000 0.146038
55.000000 0.119221
56.000000 0.027412
57.000000 0.216844
58.000000 0.151751
59.000000 0.166572
60.000000 0.134980
61.000000 0.168222
62.000000 0.101717
63.000000 0.203043
64.000000 0.023016
65.000000 0.249257
66.000000 0.304375
67.000000 0.141873
68.000000 0.221543
69.000000 0.264308
70.000000 0.150586
71.000000 0.394936
72.000000 0.146037
73.000000 0.064548
74.000000 0.168694
75.000000 0.224763
76.000000 0.369648
77.000000 0.202215
78.000000 0.284318
79.000000 0.287798
80.000000 0.177576
81.000000 0.191793
82.000000 0.258996
83.000000 0.238917
84.000000 0.054836
85.000000 0.205040
86.000000 0.132714
87.000000 0.227041
88.000000 0.276814
89.000000 0.217163
90.000000 0.054292
91.000000 0.178771
92.000000 0.122011
93.000000 0.262236
94.000000 0.131544
95.000000 0.118135
96.000000 0.054014
97.000000 0.097195
98.000000 0.069661
99.000000 0.172129
100.000000 0.199448
101.000000 0.138205
102.000000 0.185331
103.000000 0.146275
104.000000 0.175988
105.000000 0.254192
106.000000 0.060030
107.000000 0.083199
108.000000 0.211329
109.000000 0.068629
110.000000 0.130014
111.000000 0.325617
112.000000 0.078482
113.000000 0.244882
114.000000 0.145626
115.000000 0.225109
116.000000 0.169689
117.000000 0.271095
118.000000 0.108441
119.000000 0.061072
120.000000 0.127535
121.000000 0.228146
122.000000 0.210613
123.000000 0.141142
124.000000 0.137798
125.000000 0.079810
126.000000 0.168568
127.000000 0.145047
128.000000 0.123879
129.000000 0.075928
130.000000 0.196165
131.000000 0.183705
132.000000 0.296639
133.000000 0.203202
134.000000 0.250318
135.000000 0.280394
136.000000 0.192202
137.000000 0.097993
138.000000 0.045460
139.000000 0.077019
140.000000 0.111716
141.000000 0.222485
142.000000 0.032942
143.000000 0.013827
144.000000 0.164550
145.000000 0.142322
146.000000 0.043330
147.000000 0.335232
148.000000 0.125710
149.000000 0.234863
150.000000 0.225777
151.000000 0.097302
152.000000 0.421219
153.000000 0.192856
154.000000 0.211802
155.000000 0.208073
156.000000 0.208203
157.000000 0.292972
158.000000 0.042918
159.000000 0.126087
160.000000 0.153877
161.000000 0.330359
162.000000 0.149337
163.000000 0.112322
164.000000 0.202589
165.000000 0.131047
166.000000 0.277734
167.000000 0.057698
168.000000 0.108821
169.000000 0.039763
170.000000 0.088538
171.000000 0.145363
172.000000 0.170863
173.000000 0.121622
174.000000 0.057937
175.000000 0.102019
176.000000 0.194035
177.000000 0.167535
178.000000 0.020363
179.000000 0.053927
180.000000 0.165171
181.000000 0.067631
182.000000 0.356876
183.000000 0.292641
184.000000 0.061298
185.000000 0.186425
186.000000 0.275123
187.000000 0.277408
188.000000 0.120298
189.000000 0.098621
190.000000 0.117555
191.000000 0.178098
192.000000 0.198372
193.000000 0.186780
194.000000 0.370869
195.000000 0.317194
196.000000 0.190270
197.000000 0.087457
198.000000 0.209049
199.000000 0.041935
200.000000 0.028409
201.000000 0.181555
202.000000 0.178183
203.000000 0.099995
204.000000 0.099087
205.000000 0.238295
206.000000 0.222175
207.000000 0.347352
208.000000 0.105778
209.000000 0.120967
210.000000 0.047415
211.000000 0.281804
212.000000 0.154669
213.000000 0.099008
214.000000 0.186410
215.000000 0.144650
216.000000 0.098889
217.000000 0.249948
218.000000 0.162096
219.000000 0.144632
220.000000 0.142438
221.000000 0.142232
222.000000 0.208020
223.000000 0.131653
224.000000 0.115384
225.000000 0.135023
226.000000 0.127749
227.000000 0.086942
228.000000 0.244163
229.000000 0.258874
230.000000 0.088651
231.000000 0.280734
232.000000 0.369363
233.000000 0.255182
234.000000 0.194038
235.000000 0.447956
236.000000 0.146944
237.000000 0.189696
238.000000 0.088097
239.000000 0.159338
240.000000 0.242406
241.000000 0.098347
242.000000 0.110745
243.000000 0.108580
244.000000 0.020721
245.000000 0.148959
246.000000 0.128360
247.000000 0.113139
248.000000 0.247543
249.000000 0.175822
250.000000 0.181900
251.000000 0.191656
252.000000 0.055034
253.000000 0.167170
254.000000 0.089453
255.000000 0.181116
256.000000 0.146100
257.000000 0.198396
258.000000 0.122496
259.000000 0.050455
260.000000 0.139363
261.000000 0.034443
262.000000 0.204974
263.000000 0.141435
264.000000 0.188543
265.000000 0.324464
266.000000 0.403336
267.000000 0.264760
268.000000 0.187595
269.000000 0.048809
270.000000 0.182137
271.000000 0.295405
272.000000 0.169784
273.000000 0.146028
274.000000 0.315701
275.000000 0.304777
276.000000 0.208173
277.000000 0.181552
278.000000 0.426447
279.000000 0.239348
280.000000 0.163930
281.000000 0.293854
282.000000 0.174007
283.000000 0.160745
284.000000 0.295379
285.000000 0.249007
286.000000 0.069683
287.000000 0.173719
288.000000 0.229435
289.000000 0.215765
290.000000 0.175705
291.000000 0.217079
292.000000 0.236887
293.000000 0.150769
294.000000 0.083460
295.000000 0.100381
296.000000 0.135807
297.000000 0.206457
298.000000 0.134711
299.000000 0.209285
300.000000 0.047732
301.000000 0.333325
302.000000 0.112841
303.000000 0.146417
304.000000 0.128439
305.000000 0.261273
306.000000 0.104612
307.000000 0.181391
308.000000 0.114522
309.000000 0.183344
310.000000 0.212939
311.000000 0.153196
312.000000 0.238936
313.000000 0.268250
314.000000 0.188658
315.000000 0.146885
316.000000 0.193391
317.000000 0.378185
318.000000 0.168646
319.000000 0.175362
320.000000 0.059859
321.000000 0.314738
322.000000 0.146488
323.000000 0.186727
324.000000 0.241922
325.000000 0.111406
326.000000 0.155800
327.000000 0.034210
328.000000 0.180103
329.000000 0.098634
330.000000 0.234215
331.000000 0.056745
332.000000 0.201006
333.000000 0.313394
334.000000 0.304331
335.000000 0.152323
336.000000 0.172510
337.000000 0.309309
338.000000 0.152364
339.000000 0.195621
340.000000 0.133927
341.000000 0.156004
342.000000 0.147082
343.000000 0.270574
344.000000 0.177440
345.000000 0.201252
346.000000 0.166919
347.000000 0.181043
348.000000 0.095736
349.000000 0.189697
350.000000 0.156992
351.000000 0.231088
352.000000 0.306918
353.000000 0.195667
354.000000 0.245989
355.000000 0.088269
356.000000 0.109642
357.000000 0.133258
358.000000 0.116384
359.000000 0.218711
360.000000 0.171107
361.000000 0.289106
362.000000 0.091057
363.000000 0.121008
364.000000 0.040499
365.000000 0.314441
366.000000 0.117642
367.000000 0.274551
368.000000 0.209223
369.000000 0.122723
370.000000 0.019912
371.000000 0.136585
372.000000 0.053470
373.000000 0.101171
374.000000 0.246350
375.000000 0.145454
376.000000 0.127287
377.000000 0.093602
378.000000 0.010393
379.000000 0.179694
380.000000 0.147680
381.000000 0.004834
382.000000 0.056575
383.000000 0.210197
384.000000 0.192295
385.000000 0.195827
386.000000 0.140042
387.000000 0.160187
388.000000 0.172614
389.000000 0.323524
390.000000 0.097967
391.000000 0.138717
392.000000 0.190560
393.000000 0.160472
394.000000 0.204625
395.000000 0.385799
396.000000 0.109801
397.000000 0.051232
398.000000 0.042676
399.000000 0.225388
400.000000 0.279016
401.000000 0.226478
402.000000 0.078475
403.000000 0.154578
404.000000 0.222719
405.000000 0.064361
406.000000 0.097809
407.000000 0.261367
408.000000 0.155712
409.000000 0.193378
410.000000 0.198377
411.000000 0.110359
412.000000 0.041175
413.000000 0.237731
414.000000 0.032326
415.000000 0.079718
416.000000 0.255928
417.000000 0.110276
418.000000 0.146694
419.000000 0.065029
420.000000 0.044571
421.000000 0.118766
422.000000 0.133757
423.000000 0.218323
424.000000 0.206959
425.000000 0.031925
426.000000 0.138205
427.000000 0.074726
428.000000 0.249908
429.000000 0.085050
430.000000 0.117342
431.000000 0.224149
432.000000 0.144888
433.000000 0.155890
434.000000 0.052895
435.000000 0.310254
436.000000 0.337228
437.000000 0.351736
438.000000 0.341859
439.000000 0.252883
440.000000 0.355521
441.000000 0.154631
442.000000 0.182911
443.000000 0.281944
444.000000 0.213441
445.000000 0.190373
446.000000 0.196883
447.000000 0.062744
448.000000 0.215899
449.000000 0.159799
450.000000 0.230543
451.000000 0.110353
452.000000 0.119756
453.000000 0.203456
454.000000 0.154817
455.000000 0.149035
456.000000 0.266954
457.000000 0.278763
458.000000 0.188126
459.000000 0.178252
460.000000 0.085819
461.000000 0.132888
462.000000 0.136026
463.000000 0.244351
464.000000 0.105807
465.000000 0.149437
466.000000 0.196130
467.000000 0.190762
468.000000 0.187514
469.000000 0.103424
470.000000 0.025053
471.000000 0.087994
472.000000 0.260380
473.000000 0.238314
474.000000 0.082139
475.000000 0.127406
476.000000 0.220415
477.000000 0.151064
478.000000 0.057338
479.000000 0.154475
480.000000 0.057257
481.000000 0.188673
482.000000 0.117452
483.000000 0.235394
484.000000 0.138594
485.000000 0.244387
486.000000 0.276031
487.000000 0.193125
488.000000 0.071815
489.000000 0.140781
490.000000 0.203982
491.000000 0.184911
492.000000 0.166941
493.000000 0.115421
494.000000 0.095354
495.000000 0.127754
496.000000 0.255295
497.000000 0.282663
498.000000 0.267469
499.000000 0.141356
500.000000 0.150663
501.000000 0.130587
502.000000 0.108368
503.000000 0.076156
504.000000 0.176609
505.000000 0.111629
506.000000 0.161923
507.000000 0.110104
508.000000 0.028308
509.000000 0.065058
510.000000 0.273340
511.000000 0.196838
512.000000 0.221130
513.000000 0.347046
514.000000 0.246404
515.000000 0.065337
516.000000 0.117489
517.000000 0.071852
518.000000 0.217984
519.000000 0.081207
520.000000 0.136695
521.000000 0.122706
522.000000 0.122271
523.000000 0.184214
524.000000 0.126077
525.000000 0.176109
526.000000 0.312322
527.000000 0.219089
528.000000 0.387315
529.000000 0.248076
530.000000 0.195953
531.000000 0.260015
532.000000 0.244717
533.000000 0.178286
534.000000 0.063739
535.000000 0.116013
536.000000 0.132663
537.000000 0.046562
538.000000 0.057851
539.000000 0.158255
540.000000 0.121447
541.000000 0.065933
542.000000 0.137576
543.000000 0.150972
544.000000 0.144865
545.000000 0.221750
546.000000 0.332396
547.000000 0.072906
548.000000 0.043636
549.000000 0.353466
550.000000 0.197205
551.000000 0.158311
552.000000 0.402538
553.000000 0.276279
554.000000 0.177887
555.000000 0.289925
556.000000 0.231935
557.000000 0.289594
558.000000 0.379936
559.000000 0.265442
560.000000 0.175478
561.000000 0.314890
562.000000 0.157577
563.000000 0.078211
564.000000 0.178924
565.000000 0.089048
566.000000 0.098182
567.000000 0.044527
568.000000 0.060612
569.000000 0.170393
570.000000 0.076823
571.000000 0.177221
572.000000 0.150435
573.000000 0.137843
574.000000 0.007717
575.000000 0.068007
576.000000 0.071560
577.000000 0.075426
578.000000 0.109026
579.000000 0.200310
580.000000 0.180938
581.000000 0.055087
582.000000 0.056902
583.000000 0.108189
584.000000 0.190503
585.000000 0.070848
586.000000 0.068658
587.000000 0.146490
588.000000 0.101879
589.000000 0.114539
590.000000 0.080396
591.000000 0.106226
592.000000 0.071544
593.000000 0.160815
594.000000 0.125468
595.000000 0.290666
596.000000 0.098679
597.000000 0.045068
598.000000 0.132818
599.000000 0.336375
600.000000 0.122925
601.000000 0.115117
602.000000 0.041496
603.000000 0.194508
604.000000 0.026751
605.000000 0.169134
606.000000 0.115054
607.000000 0.028576
608.000000 0.252054
609.000000 0.204436
610.000000 0.218383
611.000000 0.107813
612.000000 0.205665
613.000000 0.061103
614.000000 0.158419
615.000000 0.346051
616.000000 0.234054
617.000000 0.048394
618.000000 0.169932
619.000000 0.088176
620.000000 0.123261
621.000000 0.161448
622.000000 0.210362
623.000000 0.156512
624.000000 0.060037
625.000000 0.342962
626.000000 0.170622
627.000000 0.035031
628.000000 0.098931
629.000000 0.133670
630.000000 0.186756
631.000000 0.243234
632.000000 0.321479
633.000000 0.309269
634.000000 0.075558
635.000000 0.222024
636.000000 0.169081
637.000000 0.231136
638.000000 0.093164
639.000000 0.181100
640.000000 0.067417
641.000000 0.236751
642.000000 0.419990
643.000000 0.031102
644.000000 0.120870
645.000000 0.208649
646.000000 0.058107
647.000000 0.177747
648.000000 0.192850
649.000000 0.044962
650.000000 0.092873
651.000000 0.237985
652.000000 0.221962
653.000000 0.183413
654.000000 0.115324
655.000000 0.293075
656.000000 0.108056
657.000000 0.031866
658.000000 0.054341
659.000000 0.215536
660.000000 0.088231
661.000000 0.201635
662.000000 0.079594
663.000000 0.239478
664.000000 0.066618
665.000000 0.132681
666.000000 0.173822
667.000000 0.399853
668.000000 0.329524
669.000000 0.271267
670.000000 0.143225
671.000000 0.102594
672.000000 0.035103
673.000000 0.133136
674.000000 0.157548
675.000000 0.128415
676.000000 0.220947
677.000000 0.394449
678.000000 0.240804
679.000000 0.314400
680.000000 0.281024
681.000000 0.207165
682.000000 0.199123
683.000000 0.217069
684.000000 0.088212
685.000000 0.083266
686.000000 0.109615
687.000000 0.135013
688.000000 0.044786
689.000000 0.147803
690.000000 0.267154
691.000000 0.338522
692.000000 0.199674
693.000000 0.325266
694.000000 0.096317
695.000000 0.311422
696.000000 0.410717
697.000000 0.081441
698.000000 0.213520
699.000000 0.205864
700.000000 0.172433
701.000000 0.122878
702.000000 0.122473
703.000000 0.205758
704.000000 0.389616
705.000000 0.461598
706.000000 0.250185
707.000000 0.186897
708.000000 0.186573
709.000000 0.259977
710.000000 0.376642
711.000000 0.040747
712.000000 0.241390
713.000000 0.155554
714.000000 0.080108
715.000000 0.141096
716.000000 0.249169
717.000000 0.230227
718.000000 0.271888
719.000000 0.292629
720.000000 0.346621
721.000000 0.368520
722.000000 0.287430
723.000000 0.222678
724.000000 0.080180
725.000000 0.125813
726.000000 0.122642
727.000000 0.255896
728.000000 0.252556
729.000000 0.299816
730.000000 0.099367
731.000000 0.207703
732.000000 0.287385
733.000000 0.201673
734.000000 0.208205
735.000000 0.065401
736.000000 0.072293
737.000000 0.082087
738.000000 0.070706
739.000000 0.074634
740.000000 0.092903
741.000000 0.069265
742.000000 0.060523
743.000000 0.243742
744.000000 0.251705
745.000000 0.196434
746.000000 0.107336
747.000000 0.240541
748.000000 0.126167
749.000000 0.273705
750.000000 0.340504
751.000000 0.182197
752.000000 0.195386
753.000000 0.163613
754.000000 0.328353
755.000000 0.196255
756.000000 0.081268
757.000000 0.135359
758.000000 0.047970
759.000000 0.159949
760.000000 0.187228
761.000000 0.161276
762.000000 0.031269
763.000000 0.213361
764.000000 0.205533
765.000000 0.095058
766.000000 0.104016
767.000000 0.089104
768.000000 0.144883
769.000000 0.075659
770.000000 0.120104
771.000000 0.229885
772.000000 0.258810
773.000000 0.190824
774.000000 0.028164
775.000000 0.285640
776.000000 0.392543
777.000000 0.175028
778.000000 0.123634
779.000000 0.137439
780.000000 0.031952
781.000000 0.056323
782.000000 0.130671
783.000000 0.218736
784.000000 0.288570
785.000000 0.180560
786.000000 0.214871
787.000000 0.099244
788.000000 0.233834
789.000000 0.207145
790.000000 0.402111
791.000000 0.066298
792.000000 0.199396
793.000000 0.199127
794.000000 0.148436
795.000000 0.069495
796.000000 0.046586
797.000000 0.341284
798.000000 0.363461
799.000000 0.228567
800.000000 0.244615
801.000000 0.277726
802.000000 0.280474
803.000000 0.161813
804.000000 0.223773
805.000000 0.172716
806.000000 0.269569
807.000000 0.052629
808.000000 0.179797
809.000000 0.200664
810.000000 0.261835
811.000000 0.360644
812.000000 0.115244
813.000000 0.123558
814.000000 0.183354
815.000000 0.249931
816.000000 0.232858
817.000000 0.295782
818.000000 0.108971
819.000000 0.170489
820.000000 0.093357
821.000000 0.223170
822.000000 0.121495
823.000000 0.170070
824.000000 0.177345
825.000000 0.281131
826.000000 0.213593
827.000000 0.244556
828.000000 0.202880
829.000000 0.077606
830.000000 0.213823
831.000000 0.172323
832.000000 0.102940
833.000000 0.327408
834.000000 0.225729
835.000000 0.195628
836.000000 0.169566
837.000000 0.282559
838.000000 0.217255
839.000000 0.260161
840.000000 0.135343
841.000000 0.283142
842.000000 0.234662
843.000000 0.285758
844.000000 0.220432
845.000000 0.056129
846.000000 0.047173
847.000000 0.263149
848.000000 0.393325
849.000000 0.254749
850.000000 0.276983
851.000000 0.217299
852.000000 0.026291
853.000000 0.127691
854.000000 0.194704
855.000000 0.270487
856.000000 0.267839
857.000000 0.232666
858.000000 0.208062
859.000000 0.224107
860.000000 0.320422
861.000000 0.197838
862.000000 0.259414
863.000000 0.132296
864.000000 0.296995
865.000000 0.068297
866.000000 0.249600
867.000000 0.249974
868.000000 0.177618
869.000000 0.059739
870.000000 0.072187
871.000000 0.104178
872.000000 0.087339
873.000000 0.182317
874.000000 0.172457
875.000000 0.149631
876.000000 0.080960
877.000000 0.161871
878.000000 0.130194
879.000000 0.344710
880.000000 0.155775
881.000000 0.068714
882.000000 0.159811
883.000000 0.142590
884.000000 0.214656
885.000000 0.124730
886.000000 0.375700
887.000000 0.314735
888.000000 0.063888
889.000000 0.165808
890.000000 0.184681
891.000000 0.093005
892.000000 0.253746
893.000000 0.166496
894.000000 0.151750
895.000000 0.060559
896.000000 0.082564
897.000000 0.166003
898.000000 0.118994
899.000000 0.170748
900.000000 0.070798
901.000000 0.155790
902.000000 0.277146
903.000000 0.156993
904.000000 0.066083
905.000000 0.057764
906.000000 0.187061
907.000000 0.103521
908.000000 0.316174
909.000000 0.252661
910.000000 0.149401
911.000000 0.127471
912.000000 0.164151
913.000000 0.183743
914.000000 0.123582
915.000000 0.057729
916.000000 0.156915
917.000000 0.311705
918.000000 0.160018
919.000000 0.248955
920.000000 0.264913
921.000000 0.143931
922.000000 0.273802
923.000000 0.097609
924.000000 0.211238
925.000000 0.242294
926.000000 0.133744
927.000000 0.077587
928.000000 0.268524
929.000000 0.186343
930.000000 0.169619
931.000000 0.360135
932.000000 0.223446
933.000000 0.156837
934.000000 0.052170
935.000000 0.100540
936.000000 0.075511
937.000000 0.165052
938.000000 0.094077
939.000000 0.023642
940.000000 0.153995
941.000000 0.019036
942.000000 0.149954
943.000000 0.126247
944.000000 0.155186
945.000000 0.134843
946.000000 0.126023
947.000000 0.229187
948.000000 0.008263
949.000000 0.113338
950.000000 0.243632
951.000000 0.091896
952.000000 0.301501
953.000000 0.378808
954.000000 0.024681
955.000000 0.095535
956.000000 0.110872
957.000000 0.193424
958.000000 0.066044
959.000000 0.332330
960.000000 0.315116
961.000000 0.316807
962.000000 0.093594
963.000000 0.240590
964.000000 0.114396
965.000000 0.165294
966.000000 0.372360
967.000000 0.224253
968.000000 0.129433
969.000000 0.102883
970.000000 0.177072
971.000000 0.294685
972.000000 0.096603
973.000000 0.167364
974.000000 0.113914
975.000000 0.259336
976.000000 0.238927
977.000000 0.060943
978.000000 0.221105
979.000000 0.171461
980.000000 0.473361
981.000000 0.224399
982.000000 0.221421
983.000000 0.105364
984.000000 0.220188
985.000000 0.168578
986.000000 0.253824
987.000000 0.178026
988.000000 0.160779
989.000000 0.167951
990.000000 0.050177
991.000000 0.138702
992.000000 0.097432
993.000000 0.256605
994.000000 0.061084
995.000000 0.174220
996.000000 0.062225
997.000000 0.044538
998.000000 0.178626
999.000000 0.209424
1000.000000 0.088302
1001.000000 0.101370
1002.000000 0.208084
1003.000000 0.182425
1004.000000 0.360620
1005.000000 0.175549
1006.000000 0.145439
1007.000000 0.261064
1008.000000 0.161755
1009.000000 0.185362
1010.000000 0.177577
1011.000000 0.170987
1012.000000 0.250031
1013.000000 0.175436
1014.000000 0.194933
1015.000000 0.108370
1016.000000 0.334859
1017.000000 0.165723
1018.000000 0.102216
1019.000000 0.079951
1020.000000 0.162231
1021.000000 0.038991
1022.000000 0.060856
1023.000000 0.074415
1024.000000 0.154983
1025.000000 0.256704
1026.000000 0.098864
1027.000000 0.060776
1028.000000 0.250966
1029.000000 0.306109
1030.000000 0.145673
1031.000000 0.146540
1032.000000 0.063175
1033.000000 0.170986
1034.000000 0.115782
1035.000000 0.098829
1036.000000 0.137005
1037.000000 0.141168
1038.000000 0.078773
1039.000000 0.200780
1040.000000 0.208629
1041.000000 0.164669
1042.000000 0.428781
1043.000000 0.242777
1044.000000 0.123160
1045.000000 0.149617
1046.000000 0.306015
1047.000000 0.167418
1048.000000 0.073164
1049.000000 0.143018
1050.000000 0.203356
1051.000000 0.063251
1052.000000 0.098882
1053.000000 0.130750
1054.000000 0.254973
1055.000000 0.117794
1056.000000 0.192085
1057.000000 0.242002
1058.000000 0.165420
1059.000000 0.155109
1060.000000 0.147449
1061.000000 0.134687
1062.000000 0.174074
1063.000000 0.096456
1064.000000 0.222883
1065.000000 0.302097
1066.000000 0.239653
1067.000000 0.044704
1068.000000 0.077691
1069.000000 0.110531
1070.000000 0.127931
1071.000000 0.273621
1072.000000 0.174347
1073.000000 0.083432
1074.000000 0.306748
1075.000000 0.282572
1076.000000 0.129848
1077.000000 0.228290
1078.000000 0.267140
1079.000000 0.265577
1080.000000 0.298906
1081.000000 0.135012
1082.000000 0.086414
1083.000000 0.104333
1084.000000 0.028642
1085.000000 0.149533
1086.000000 0.171404
1087.000000 0.090802
1088.000000 0.148260
1089.000000 0.096625
1090.000000 0.104355
1091.000000 0.250477
1092.000000 0.195314
1093.000000 0.066669
1094.000000 0.161560
1095.000000 0.155021
1096.000000 0.076102
1097.000000 0.014325
1098.000000 0.376546
1099.000000 0.224154
1100.000000 0.179825
1101.000000 0.115315
1102.000000 0.224695
1103.000000 0.105298
1104.000000 0.383456
1105.000000 0.212756
1106.000000 0.096638
1107.000000 0.059238
1108.000000 0.105511
1109.000000 0.071766
1110.000000 0.067402
1111.000000 0.199869
1112.000000 0.074142
1113.000000 0.120625
1114.000000 0.232114
1115.000000 0.208234
1116.000000 0.187449
1117.000000 0.119012
1118.000000 0.388001
1119.000000 0.133370
1120.000000 0.068204
1121.000000 0.214590
1122.000000 0.218858
1123.000000 0.293334
1124.000000 0.121671
1125.000000 0.045930
1126.000000 0.032648
1127.000000 0.242490
1128.000000 0.098602
1129.000000 0.089863
1130.000000 0.176692
1131.000000 0.187727
1132.000000 0.311258
1133.000000 0.235567
1134.000000 0.232099
1135.000000 0.198826
1136.000000 0.266526
1137.000000 0.161371
1138.000000 0.084951
1139.000000 0.045037
1140.000000 0.149884
1141.000000 0.274800
1142.000000 0.118829
1143.000000 0.263356
1144.000000 0.090766
1145.000000 0.165014
1146.000000 0.156920
1147.000000 0.253577
1148.000000 0.139456
1149.000000 0.216441
1150.000000 0.316699
1151.000000 0.105556
1152.000000 0.131933
1153.000000 0.029755
1154.000000 0.164609
1155.000000 0.038999
1156.000000 0.217015
1157.000000 0.111460
1158.000000 0.114266
1159.000000 0.093009
1160.000000 0.261590
1161.000000 0.055307
1162.000000 0.057088
1163.000000 0.224305
1164.000000 0.235719
1165.000000 0.203510
1166.000000 0.100267
1167.000000 0.036306
1168.000000 0.196517
1169.000000 0.120167
1170.000000 0.133575
1171.000000 0.274143
1172.000000 0.080473
1173.000000 0.244964
1174.000000 0.394361
1175.000000 0.154629
1176.000000 0.230501
1177.000000 0.073349
1178.000000 0.173724
1179.000000 0.366483
1180.000000 0.184393
1181.000000 0.052114
1182.000000 0.121706
1183.000000 0.400791
1184.000000 0.263906
1185.000000 0.084208
1186.000000 0.252609
1187.000000 0.117548
1188.000000 0.259016
1189.000000 0.380360
1190.000000 0.245976
1191.000000 0.065491
1192.000000 0.038876
1193.000000 0.157955
1194.000000 0.231102
1195.000000 0.154399
1196.000000 0.114433
1197.000000 0.012373
1198.000000 0.168988
1199.000000 0.129673
1200.000000 0.161402
1201.000000 0.174134
1202.000000 0.147801
1203.000000 0.236960
1204.000000 0.147931
1205.000000 0.100397
1206.000000 0.204629
1207.000000 0.229435
1208.000000 0.166197
1209.000000 0.266033
1210.000000 0.548197
1211.000000 0.402986
1212.000000 0.263184
1213.000000 0.339909
1214.000000 0.190596
1215.000000 0.117658
1216.000000 0.229731
1217.000000 0.183779
1218.000000 0.108500
1219.000000 0.286714
1220.000000 0.202132
1221.000000 0.081580
1222.000000 0.257727
1223.000000 0.067896
1224.000000 0.227612
1225.000000 0.381117
1226.000000 0.223404
1227.000000 0.315884
1228.000000 0.260808
1229.000000 0.336904
1230.000000 0.371221
1231.000000 0.443733
1232.000000 0.208207
1233.000000 0.160449
1234.000000 0.103372
1235.000000 0.093893
1236.000000 0.130917
1237.000000 0.109390
1238.000000 0.309057
1239.000000 0.223894
1240.000000 0.225954
1241.000000 0.031633
1242.000000 0.187287
1243.000000 0.062165
1244.000000 0.113644
1245.000000 0.183460
1246.000000 0.142529
1247.000000 0.084780
1248.000000 0.280468
1249.000000 0.119320
1250.000000 0.281478
1251.000000 0.223200
1252.000000 0.157414
1253.000000 0.127611
1254.000000 0.273111
1255.000000 0.186809
1256.000000 0.119346
1257.000000 0.151631
1258.000000 0.180253
1259.000000 0.447227
1260.000000 0.125796
1261.000000 0.022924
1262.000000 0.233819
1263.000000 0.157352
1264.000000 0.191771
1265.000000 0.270670
1266.000000 0.347053
1267.000000 0.239950
1268.000000 0.207795
1269.000000 0.193258
1270.000000 0.276864
1271.000000 0.131872
1272.000000 0.327623
1273.000000 0.085565
1274.000000 0.272089
1275.000000 0.299769
1276.000000 0.205287
1277.000000 0.375381
1278.000000 0.179937
1279.000000 0.196024
1280.000000 0.231788
1281.000000 0.089914
1282.000000 0.074831
1283.000000 0.318328
1284.000000 0.147318
1285.000000 0.114897
1286.000000 0.237047
1287.000000 0.102001
1288.000000 0.223329
1289.000000 0.137265
1290.000000 0.150979
1291.000000 0.084368
1292.000000 0.122869
1293.000000 0.082025
1294.000000 0.216667
1295.000000 0.260445
1296.000000 0.195800
1297.000000 0.345765
1298.000000 0.195921
1299.000000 0.245933
1300.000000 0.162802
1301.000000 0.199096
1302.000000 0.040248
1303.000000 0.206128
1304.000000 0.223255
1305.000000 0.174171
1306.000000 0.319874
1307.000000 0.200862
1308.000000 0.090350
1309.000000 0.153028
1310.000000 0.313159
1311.000000 0.097697
1312.000000 0.044258
1313.000000 0.134332
1314.000000 0.066397
1315.000000 0.148186
1316.000000 0.127983
1317.000000 0.185536
1318.000000 0.054204
1319.000000 0.262685
1320.000000 0.230229
1321.000000 0.200182
1322.000000 0.209585
1323.000000 0.049344
1324.000000 0.058549
1325.000000 0.113342
1326.000000 0.058190
1327.000000 0.259331
1328.000000 0.049450
1329.000000 0.095530
1330.000000 0.137038
1331.000000 0.185410
1332.000000 0.028251
1333.000000 0.191472
1334.000000 0.104271
1335.000000 0.147169
1336.000000 0.105928
1337.000000 0.320788
1338.000000 0.181032
1339.000000 0.251632
1340.000000 0.047985
1341.000000 0.173982
1342.000000 0.107038
1343.000000 0.040473
1344.000000 0.151152
1345.000000 0.134908
1346.000000 0.203873
1347.000000 0.082467
1348.000000 0.010852
1349.000000 0.243361
1350.000000 0.178178
1351.000000 0.131423
1352.000000 0.149116
1353.000000 0.163147
1354.000000 0.137745
1355.000000 0.166410
1356.000000 0.204711
1357.000000 0.094505
1358.000000 0.199500
1359.000000 0.201023
1360.000000 0.093214
1361.000000 0.097743
1362.000000 0.126285
1363.000000 0.103878
1364.000000 0.015149
1365.000000 0.096116
1366.000000 0.056011
1367.000000 0.295552
1368.000000 0.308797
1369.000000 0.096450
1370.000000 0.229640
1371.000000 0.285049
1372.000000 0.227948
1373.000000 0.074240
1374.000000 0.133248
1375.000000 0.137120
1376.000000 0.140374
1377.000000 0.095026
1378.000000 0.171565
1379.000000 0.182775
1380.000000 0.072975
1381.000000 0.120654
1382.000000 0.064071
1383.000000 0.275337
1384.000000 0.155430
1385.000000 0.110413
1386.000000 0.145146
1387.000000 0.246122
1388.000000 0.186187
1389.000000 0.093301
1390.000000 0.267415
1391.000000 0.294574
1392.000000 0.109094
1393.000000 0.226314
1394.000000 0.203552
1395.000000 0.079916
1396.000000 0.152752
1397.000000 0.151728
1398.000000 0.024560
1399.000000 0.195701
1400.000000 0.243824
1401.000000 0.200284
1402.000000 0.250910
1403.000000 0.125581
1404.000000 0.165801
1405.000000 0.213422
1406.000000 0.062220
1407.000000 0.171462
1408.000000 0.213158
1409.000000 0.016633
1410.000000 0.233161
1411.000000 0.167921
1412.000000 0.096288
1413.000000 0.081139
1414.000000 0.163133
1415.000000 0.075091
1416.000000 0.221256
1417.000000 0.205796
1418.000000 0.128218
1419.000000 0.181254
1420.000000 0.174742
1421.000000 0.439001
1422.000000 0.342782
1423.000000 0.058523
1424.000000 0.083562
1425.000000 0.115343
1426.000000 0.138570
1427.000000 0.043090
1428.000000 0.028928
1429.000000 0.122121
1430.000000 0.178554
1431.000000 0.078154
1432.000000 0.102066
1433.000000 0.158051
1434.000000 0.182113
1435.000000 0.041158
1436.000000 0.326024
1437.000000 0.259397
1438.000000 0.234363
1439.000000 0.251756
1440.000000 0.116242
1441.000000 0.186424
1442.000000 0.354979
1443.000000 0.138171
1444.000000 0.153553
1445.000000 0.229674
1446.000000 0.107945
1447.000000 0.171219
1448.000000 0.092200
1449.000000 0.169794
1450.000000 0.231726
1451.000000 0.184028
1452.000000 0.119637
1453.000000 0.132603
1454.000000 0.279629
1455.000000 0.168640
1456.000000 0.042734
1457.000000 0.091219
1458.000000 0.187242
1459.000000 0.046487
1460.000000 0.153891
1461.000000 0.088589
1462.000000 0.293732
1463.000000 0.254566
1464.000000 0.167073
1465.000000 0.079414
1466.000000 0.078456
1467.000000 0.105456
1468.000000 0.172238
1469.000000 0.146433
1470.000000 0.117476
1471.000000 0.088137
1472.000000 0.161331
1473.000000 0.082435
1474.000000 0.081093
1475.000000 0.292653
1476.000000 0.207339
1477.000000 0.062416
1478.000000 0.145694
1479.000000 0.144223
1480.000000 0.089323
1481.000000 0.100594
1482.000000 0.142083
1483.000000 0.112093
1484.000000 0.205359
1485.000000 0.286116
1486.000000 0.226960
1487.000000 0.133848
1488.000000 0.183694
1489.000000 0.013724
1490.000000 0.179997
1491.000000 0.074588
1492.000000 0.081877
1493.000000 0.250330
1494.000000 0.193528
1495.000000 0.185733
1496.000000 0.202686
1497.000000 0.270181
1498.000000 0.089724
1499.000000 0.205181
1500.000000 0.185625
1501.000000 0.217538
1502.000000 0.221532
1503.000000 0.151420
1504.000000 0.187062
1505.000000 0.364658
1506.000000 0.115671
1507.000000 0.201765
1508.000000 0.209089
1509.000000 0.040562
1510.000000 0.227208
1511.000000 0.190414
1512.000000 0.166556
1513.000000 0.168599
1514.000000 0.039348
1515.000000 0.140559
1516.000000 0.063790
1517.000000 0.351626
1518.000000 0.208565
1519.000000 0.198960
1520.000000 0.146178
1521.000000 0.209019
1522.000000 0.111679
1523.000000 0.050238
1524.000000 0.138803
1525.000000 0.207703
1526.000000 0.064616
1527.000000 0.234234
1528.000000 0.122022
1529.000000 0.186332
1530.000000 0.258973
1531.000000 0.267199
1532.000000 0.235462
1533.000000 0.122556
1534.000000 0.181652
1535.000000 0.075270
1536.000000 0.175942
1537.000000 0.134760
1538.000000 0.297138
1539.000000 0.054425
1540.000000 0.221245
1541.000000 0.041619
1542.000000 0.180937
1543.000000 0.101924
1544.000000 0.022541
1545.000000 0.056135
1546.000000 0.212998
1547.000000 0.134813
1548.000000 0.234345
1549.000000 0.217327
1550.000000 0.140929
1551.000000 0.129319
1552.000000 0.125955
1553.000000 0.249455
1554.000000 0.157034
1555.000000 0.211079
1556.000000 0.156753
1557.000000 0.118559
1558.000000 0.204963
1559.000000 0.181255
1560.000000 0.160744
1561.000000 0.079715
1562.000000 0.107315
1563.000000 0.096823
1564.000000 0.209566
1565.000000 0.252527
1566.000000 0.185860
1567.000000 0.188674
1568.000000 0.206183
1569.000000 0.131724
1570.000000 0.173339
1571.000000 0.285440
1572.000000 0.297571
1573.000000 0.091699
1574.000000 0.097092
1575.000000 0.023801
1576.000000 0.101059
1577.000000 0.202468
1578.000000 0.184611
1579.000000 0.096165
1580.000000 0.404831
1581.000000 0.140225
1582.000000 0.066567
1583.000000 0.296901
1584.000000 0.130809
1585.000000 0.138819
1586.000000 0.301681
1587.000000 0.036880
1588.000000 0.209793
1589.000000 0.121245
1590.000000 0.115079
1591.000000 0.403792
1592.000000 0.269135
1593.000000 0.196030
1594.000000 0.173760
1595.000000 0.197710
1596.000000 0.002150
1597.000000 0.118203
1598.000000 0.097659
1599.000000 0.162332
1600.000000 0.308068
1601.000000 0.244637
1602.000000 0.118592
1603.000000 0.052411
1604.000000 0.003667
1605.000000 0.263570
1606.000000 0.366857
1607.000000 0.142008
1608.000000 0.268195
1609.000000 0.068447
1610.000000 0.237560
1611.000000 0.060271
1612.000000 0.181560
1613.000000 0.224809
1614.000000 0.181199
1615.000000 0.196330
1616.000000 0.254603
1617.000000 0.178749
1618.000000 0.186878
1619.000000 0.253659
1620.000000 0.181030
1621.000000 0.298404
1622.000000 0.220156
1623.000000 0.211955
1624.000000 0.233644
1625.000000 0.038151
1626.000000 0.245520
1627.000000 0.110175
1628.000000 0.172351
1629.000000 0.325524
1630.000000 0.068728
1631.000000 0.263835
1632.000000 0.217005
1633.000000 0.059336
1634.000000 0.178740
1635.000000 0.255453
1636.000000 0.114464
1637.000000 0.276509
1638.000000 0.061555
1639.000000 0.169752
1640.000000 0.191794
1641.000000 0.324089
1642.000000 0.143459
1643.000000 0.072877
1644.000000 0.304092
1645.000000 0.074953
1646.000000 0.044207
1647.000000 0.163136
1648.000000 0.077864
1649.000000 0.107316
1650.000000 0.202012
1651.000000 0.275425
1652.000000 0.112779
1653.000000 0.256515
1654.000000 0.193248
1655.000000 0.183482
1656.000000 0.219175
1657.000000 0.013961
1658.000000 0.208083
1659.000000 0.200229
1660.000000 0.185023
1661.000000 0.095279
1662.000000 0.205400
1663.000000 0.146480
1664.000000 0.208287
1665.000000 0.166170
1666.000000 0.057034
1667.000000 0.186197
1668.000000 0.113606
1669.000000 0.101840
1670.000000 0.168936
1671.000000 0.169595
1672.000000 0.147343
1673.000000 0.050094
1674.000000 0.230581
1675.000000 0.156242
1676.000000 0.167980
1677.000000 0.114284
1678.000000 0.314374
1679.000000 0.129521
1680.000000 0.110259
1681.000000 0.081851
1682.000000 0.078321
1683.000000 0.051783
1684.000000 0.220172
1685.000000 0.057829
1686.000000 0.176962
1687.000000 0.077409
1688.000000 0.093466
1689.000000 0.252742
1690.000000 0.132790
1691.000000 0.180105
1692.000000 0.160119
1693.000000 0.318349
1694.000000 0.060374
1695.000000 0.128000
1696.000000 0.219981
1697.000000 0.126082
1698.000000 0.080109
1699.000000 0.183663
1700.000000 0.025446
1701.000000 0.149183
1702.000000 0.152728
1703.000000 0.172315
1704.000000 0.050562
1705.000000 0.236804
1706.000000 0.068647
1707.000000 0.305583
1708.000000 0.041364
1709.000000 0.064427
1710.000000 0.327179
1711.000000 0.081639
1712.000000 0.122052
1713.000000 0.235576
1714.000000 0.406932
1715.000000 0.258590
1716.000000 0.232718
1717.000000 0.167404
1718.000000 0.023887
1719.000000 0.165405
1720.000000 0.060247
1721.000000 0.044371
1722.000000 0.129038
1723.000000 0.237443
1724.000000 0.116893
1725.000000 0.114499
1726.000000 0.019680
1727.000000 0.199511
1728.000000 0.196779
1729.000000 0.072948
1730.000000 0.050189
1731.000000 0.157654
1732.000000 0.305918
1733.000000 0.135839
1734.000000 0.213467
1735.000000 0.051421
1736.000000 0.082768
1737.000000 0.168083
1738.000000 0.083305
1739.000000 0.238375
1740.000000 0.218745
1741.000000 0.305586
1742.000000 0.050832
1743.000000 0.271151
1744.000000 0.175564
1745.000000 0.143970
1746.000000 0.174226
1747.000000 0.185903
1748.000000 0.216549
1749.000000 0.043155
1750.000000 0.236053
1751.000000 0.141739
1752.000000 0.116419
1753.000000 0.086577
1754.000000 0.157107
1755.000000 0.113715
1756.000000 0.090657
1757.000000 0.188500
1758.000000 0.240212
1759.000000 0.080905
1760.000000 0.048747
1761.000000 0.101061
1762.000000 0.271270
1763.000000 0.156108
1764.000000 0.057602
1765.000000 0.228968
1766.000000 0.275439
1767.000000 0.141089
1768.000000 0.238194
1769.000000 0.043751
1770.000000 0.071058
1771.000000 0.222215
1772.000000 0.222795
1773.000000 0.415773
1774.000000 0.254744
1775.000000 0.118987
1776.000000 0.154424
1777.000000 0.254107
1778.000000 0.083123
1779.000000 0.121216
1780.000000 0.170236
1781.000000 0.103169
1782.000000 0.157104
1783.000000 0.014536
1784.000000 0.106396
1785.000000 0.165573
1786.000000 0.148600
1787.000000 0.282291
1788.000000 0.181237
1789.000000 0.133996
1790.000000 0.108066
1791.000000 0.191863
1792.000000 0.134975
1793.000000 0.063748
1794.000000 0.165685
1795.000000 0.095264
1796.000000 0.056266
1797.000000 0.252788
1798.000000 0.293928
1799.000000 0.146465
1800.000000 0.085117
1801.000000 0.135868
1802.000000 0.199888
1803.000000 0.113447
1804.000000 0.131428
1805.000000 0.143618
1806.000000 0.077856
1807.000000 0.079905
1808.000000 0.231639
1809.000000 0.299947
1810.000000 0.143197
1811.000000 0.179285
1812.000000 0.119181
1813.000000 0.097028
1814.000000 0.132118
1815.000000 0.110978
1816.000000 0.167067
1817.000000 0.061285
1818.000000 0.138998
1819.000000 0.039902
1820.000000 0.139210
1821.000000 0.073554
1822.000000 0.255726
1823.000000 0.170068
1824.000000 0.079656
1825.000000 0.197877
1826.000000 0.123729
1827.000000 0.024474
1828.000000 0.090678
1829.000000 0.073706
1830.000000 0.024078
1831.000000 0.190862
1832.000000 0.154001
1833.000000 0.066875
1834.000000 0.101584
1835.000000 0.079802
1836.000000 0.235925
1837.000000 0.248629
1838.000000 0.090277
1839.000000 0.141412
1840.000000 0.323853
1841.000000 0.328888
1842.000000 0.105319
1843.000000 0.171401
1844.000000 0.135277
1845.000000 0.198011
1846.000000 0.123301
1847.000000 0.146011
1848.000000 0.208858
1849.000000 0.137473
1850.000000 0.044572
1851.000000 0.088418
1852.000000 0.051717
1853.000000 0.211319
1854.000000 0.084162
1855.000000 0.172573
1856.000000 0.132554
1857.000000 0.114979
1858.000000 0.242303
1859.000000 0.315554
1860.000000 0.036317
1861.000000 0.102720
1862.000000 0.308766
1863.000000 0.082276
1864.000000 0.056043
1865.000000 0.220838
1866.000000 0.240236
1867.000000 0.244565
1868.000000 0.231408
1869.000000 0.206245
1870.000000 0.304210
1871.000000 0.383700
1872.000000 0.391746
1873.000000 0.433262
1874.000000 0.126388
1875.000000 0.154702
1876.000000 0.388781
1877.000000 0.425004
1878.000000 0.188271
1879.000000 0.168328
1880.000000 0.280858
1881.000000 0.193669
1882.000000 0.252588
1883.000000 0.212703
1884.000000 0.340370
1885.000000 0.134063
1886.000000 0.243861
1887.000000 0.075282
1888.000000 0.201105
1889.000000 0.184216
1890.000000 0.146627
1891.000000 0.117641
1892.000000 0.082487
1893.000000 0.134611
1894.000000 0.152266
1895.000000 0.237048
1896.000000 0.249105
1897.000000 0.189772
1898.000000 0.175723
1899.000000 0.013255
1900.000000 0.176108
1901.000000 0.365768
1902.000000 0.297859
1903.000000 0.128884
1904.000000 0.128791
1905.000000 0.169491
1906.000000 0.068516
1907.000000 0.123249
1908.000000 0.136055
1909.000000 0.201903
1910.000000 0.196685
1911.000000 0.062362
1912.000000 0.096474
1913.000000 0.227103
1914.000000 0.281308
1915.000000 0.250844
1916.000000 0.398490
1917.000000 0.246040
1918.000000 0.269670
1919.000000 0.099439
1920.000000 0.126756
1921.000000 0.252995
1922.000000 0.326307
1923.000000 0.303951
1924.000000 0.233331
1925.000000 0.153905
1926.000000 0.237750
1927.000000 0.148455
1928.000000 0.051268
1929.000000 0.322320
1930.000000 0.321571
1931.000000 0.341887
1932.000000 0.336598
1933.000000 0.170510
1934.000000 0.329627
1935.000000 0.327812
1936.000000 0.313026
1937.000000 0.363951
1938.000000 0.345721
1939.000000 0.230433
1940.000000 0.076489
1941.000000 0.087950
1942.000000 0.112498
1943.000000 0.091767
1944.000000 0.047686
1945.000000 0.187555
1946.000000 0.090984
1947.000000 0.133796
1948.000000 0.140110
1949.000000 0.259571
1950.000000 0.385511
1951.000000 0.175619
1952.000000 0.120013
1953.000000 0.029167
1954.000000 0.328776
1955.000000 0.033892
1956.000000 0.011493
1957.000000 0.138091
1958.000000 0.378657
1959.000000 0.189700
1960.000000 0.136378
1961.000000 0.082760
1962.000000 0.150917
1963.000000 0.233500
1964.000000 0.019130
1965.000000 0.072712
1966.000000 0.309356
1967.000000 0.361849
1968.000000 0.123345
1969.000000 0.093870
1970.000000 0.159350
1971.000000 0.174359
1972.000000 0.254595
1973.000000 0.092455
1974.000000 0.034219
1975.000000 0.218832
1976.000000 0.046773
1977.000000 0.155907
1978.000000 0.196366
1979.000000 0.028550
1980.000000 0.193074
1981.000000 0.188038
1982.000000 0.239667
1983.000000 0.232797
1984.000000 0.191801
1985.000000 0.092793
1986.000000 0.133474
1987.000000 0.166361
1988.000000 0.211769
1989.000000 0.242189
1990.000000 0.306510
1991.000000 0.070443
1992.000000 0.114299
1993.000000 0.126345
1994.000000 0.077062
1995.000000 0.055814
1996.000000 0.131390
1997.000000 0.332430
1998.000000 0.008647
1999.000000 0.095097
2000.000000 0.237234
2001.000000 0.322378
2002.000000 0.185811
2003.000000 0.105191
2004.000000 0.257033
2005.000000 0.250801
2006.000000 0.279518
2007.000000 0.236216
2008.000000 0.216038
2009.000000 0.147762
2010.000000 0.328383
2011.000000 0.306688
2012.000000 0.032000
2013.000000 0.173238
2014.000000 0.111599
2015.000000 0.100650
2016.000000 0.220603
2017.000000 0.303822
2018.000000 0.201591
2019.000000 0.109590
2020.000000 0.182946
2021.000000 0.285210
2022.000000 0.038048
2023.000000 0.090263
2024.000000 0.063279
2025.000000 0.078688
2026.000000 0.072308
2027.000000 0.106725
2028.000000 0.338455
2029.000000 0.101715
2030.000000 0.280542
2031.000000 0.260267
2032.000000 0.068626
2033.000000 0.268766
2034.000000 0.342284
2035.000000 0.145148
2036.000000 0.203542
2037.000000 0.231591
2038.000000 0.217409
2039.000000 0.159008
2040.000000 0.047524
2041.000000 0.211962
2042.000000 0.373564
2043.000000 0.350478
2044.000000 0.175006
2045.000000 0.037988
2046.000000 0.106899
2047.000000 0.173711
2048.000000 0.284332
2049.000000 0.070889
2050.000000 0.108660
2051.000000 0.099222
2052.000000 0.041925
2053.000000 0.028743
2054.000000 0.213803
2055.000000 0.040170
2056.000000 0.207388
2057.000000 0.213116
2058.000000 0.346740
2059.000000 0.168389
2060.000000 0.149911
2061.000000 0.200390
2062.000000 0.190004
2063.000000 0.369646
2064.000000 0.102201
2065.000000 0.263889
2066.000000 0.242129
2067.000000 0.313547
2068.000000 0.092279
2069.000000 0.152232
2070.000000 0.138515
2071.000000 0.190359
2072.000000 0.162801
2073.000000 0.107109
2074.000000 0.120785
2075.000000 0.136082
2076.000000 0.112346
2077.000000 0.211714
2078.000000 0.169454
2079.000000 0.083319
2080.000000 0.141960
2081.000000 0.257043
2082.000000 0.254309
2083.000000 0.292553
2084.000000 0.154865
2085.000000 0.184781
2086.000000 0.229470
2087.000000 0.157974
2088.000000 0.208253
2089.000000 0.069020
2090.000000 0.151722
2091.000000 0.064872
2092.000000 0.155415
2093.000000 0.161010
2094.000000 0.012229
2095.000000 0.116412
2096.000000 0.103721
2097.000000 0.168625
2098.000000 0.206266
2099.000000 0.217585
2100.000000 0.088990
2101.000000 0.025164
2102.000000 0.221475
2103.000000 0.209822
2104.000000 0.256725
2105.000000 0.125656
2106.000000 0.132096
2107.000000 0.090963
2108.000000 0.079767
2109.000000 0.139567
2110.000000 0.119705
2111.000000 0.246098
2112.000000 0.141962
2113.000000 0.277333
2114.000000 0.091829
2115.000000 0.126188
2116.000000 0.338722
2117.000000 0.288672
2118.000000 0.274818
2119.000000 0.224218
2120.000000 0.144940
2121.000000 0.077349
2122.000000 0.161285
2123.000000 0.184359
2124.000000 0.215039
2125.000000 0.156854
2126.000000 0.045396
2127.000000 0.076428
2128.000000 0.198971
2129.000000 0.142867
2130.000000 0.207970
2131.000000 0.043038
2132.000000 0.163525
2133.000000 0.021662
2134.000000 0.125937
2135.000000 0.121049
2136.000000 0.031768
2137.000000 0.149397
2138.000000 0.029936
2139.000000 0.284035
2140.000000 0.160326
2141.000000 0.098899
2142.000000 0.228276
2143.000000 0.180224
2144.000000 0.260899
2145.000000 0.153887
2146.000000 0.161089
2147.000000 0.092521
2148.000000 0.124311
2149.000000 0.183881
2150.000000 0.047859
2151.000000 0.160406
2152.000000 0.190338
2153.000000 0.174388
2154.000000 0.206300
2155.000000 0.173422
2156.000000 0.217632
2157.000000 0.141236
2158.000000 0.093719
2159.000000 0.188889
2160.000000 0.266278
2161.000000 0.133163
2162.000000 0.038664
2163.000000 0.171281
2164.000000 0.083485
2165.000000 0.016902
2166.000000 0.097409
2167.000000 0.228592
2168.000000 0.193288
2169.000000 0.122150
2170.000000 0.175333
2171.000000 0.087004
2172.000000 0.072604
2173.000000 0.205455
2174.000000 0.140826
2175.000000 0.116544
2176.000000 0.143717
2177.000000 0.112107
2178.000000 0.252506
2179.000000 0.147617
2180.000000 0.256010
2181.000000 0.279177
2182.000000 0.222827
2183.000000 0.198151
2184.000000 0.293969
2185.000000 0.245007
2186.000000 0.252210
2187.000000 0.082130
2188.000000 0.409261
2189.000000 0.129058
2190.000000 0.051652
2191.000000 0.177397
2192.000000 0.043519
2193.000000 0.255383
2194.000000 0.222620
2195.000000 0.199570
2196.000000 0.223699
2197.000000 0.210701
2198.000000 0.080667
2199.000000 0.074633
2200.000000 0.139935
2201.000000 0.092931
2202.000000 0.232546
2203.000000 0.230315
2204.000000 0.069315
2205.000000 0.092900
2206.000000 0.298769
2207.000000 0.056176
2208.000000 0.120272
2209.000000 0.212819
2210.000000 0.309062
2211.000000 0.215846
2212.000000 0.027709
2213.000000 0.192095
2214.000000 0.076712
2215.000000 0.110642
2216.000000 0.095710
2217.000000 0.160979
2218.000000 0.130152
2219.000000 0.171140
2220.000000 0.192374
2221.000000 0.075601
2222.000000 0.153573
2223.000000 0.296030
2224.000000 0.312896
2225.000000 0.214011
2226.000000 0.258021
2227.000000 0.394566
2228.000000 0.275072
2229.000000 0.074796
2230.000000 0.089020
2231.000000 0.083579
2232.000000 0.234717
2233.000000 0.311340
2234.000000 0.129208
2235.000000 0.342047
2236.000000 0.221302
2237.000000 0.193814
2238.000000 0.089693
2239.000000 0.056244
2240.000000 0.256817
2241.000000 0.113882
2242.000000 0.120523
2243.000000 0.077994
2244.000000 0.054279
2245.000000 0.086163
2246.000000 0.204263
2247.000000 0.253225
2248.000000 0.194018
2249.000000 0.199505
2250.000000 0.169667
2251.000000 0.390195
2252.000000 0.182134
2253.000000 0.347263
2254.000000 0.252334
2255.000000 0.274803
2256.000000 0.176593
2257.000000 0.140963
2258.000000 0.117348
2259.000000 0.286805
2260.000000 0.305579
2261.000000 0.229810
2262.000000 0.323351
2263.000000 0.147436
2264.000000 0.228174
2265.000000 0.337211
2266.000000 0.303999
2267.000000 0.184896
2268.000000 0.102851
2269.000000 0.230037
2270.000000 0.268611
2271.000000 0.184435
2272.000000 0.144629
2273.000000 0.205734
2274.000000 0.045543
2275.000000 0.205642
2276.000000 0.171425
2277.000000 0.157536
2278.000000 0.005962
2279.000000 0.088244
2280.000000 0.137278
2281.000000 0.048215
2282.000000 0.154799
2283.000000 0.260978
2284.000000 0.221031
2285.000000 0.044851
2286.000000 0.184096
2287.000000 0.145227
2288.000000 0.127859
2289.000000 0.206131
2290.000000 0.316069
2291.000000 0.105697
2292.000000 0.236440
2293.000000 0.238953
2294.000000 0.215825
2295.000000 0.260340
2296.000000 0.285088
2297.000000 0.054908
2298.000000 0.137792
2299.000000 0.223260
2300.000000 0.381893
2301.000000 0.158046
2302.000000 0.099257
2303.000000 0.069044
2304.000000 0.146262
2305.000000 0.305538
2306.000000 0.144726
2307.000000 0.122349
2308.000000 0.282649
2309.000000 0.072870
2310.000000 0.059792
2311.000000 0.202923
2312.000000 0.236009
2313.000000 0.141180
2314.000000 0.170364
2315.000000 0.250252
2316.000000 0.137677
2317.000000 0.228557
2318.000000 0.035206
2319.000000 0.048755
2320.000000 0.177964
2321.000000 0.145539
2322.000000 0.147023
2323.000000 0.271330
2324.000000 0.138849
2325.000000 0.016811
2326.000000 0.072945
2327.000000 0.197712
2328.000000 0.176403
2329.000000 0.064167
2330.000000 0.188907
2331.000000 0.055984
2332.000000 0.022467
2333.000000 0.166218
2334.000000 0.192893
2335.000000 0.187780
2336.000000 0.035667
2337.000000 0.031456
2338.000000 0.106617
2339.000000 0.333695
2340.000000 0.352234
2341.000000 0.292867
2342.000000 0.235985
2343.000000 0.240683
2344.000000 0.172563
2345.000000 0.156801
2346.000000 0.243758
2347.000000 0.223373
2348.000000 0.217566
2349.000000 0.060785
2350.000000 0.324576
2351.000000 0.113411
2352.000000 0.288989
2353.000000 0.380415
2354.000000 0.307021
2355.000000 0.165484
2356.000000 0.182748
2357.000000 0.338476
2358.000000 0.060073
2359.000000 0.163967
2360.000000 0.110300
2361.000000 0.084685
2362.000000 0.123454
2363.000000 0.295915
2364.000000 0.268969
2365.000000 0.282667
2366.000000 0.190515
2367.000000 0.085508
2368.000000 0.133989
2369.000000 0.258507
2370.000000 0.155714
2371.000000 0.080099
2372.000000 0.166950
2373.000000 0.133487
2374.000000 0.228139
2375.000000 0.146969
2376.000000 0.199470
2377.000000 0.081729
2378.000000 0.187308
2379.000000 0.171179
2380.000000 0.234294
2381.000000 0.170999
2382.000000 0.272898
2383.000000 0.082532
2384.000000 0.065901
2385.000000 0.203562
2386.000000 0.224634
2387.000000 0.192945
2388.000000 0.186105
2389.000000 0.111415
2390.000000 0.064115
2391.000000 0.168514
2392.000000 0.185640
2393.000000 0.331761
2394.000000 0.147982
2395.000000 0.098966
2396.000000 0.153595
2397.000000 0.126214
2398.000000 0.061897
2399.000000 0.189870
2400.000000 0.061526
2401.000000 0.201888
2402.000000 0.123560
2403.000000 0.289265
2404.000000 0.280684
2405.000000 0.173302
2406.000000 0.026591
2407.000000 0.323583
2408.000000 0.243518
2409.000000 0.318346
2410.000000 0.147775
2411.000000 0.276655
2412.000000 0.148107
2413.000000 0.143019
2414.000000 0.109129
2415.000000 0.113400
2416.000000 0.217861
2417.000000 0.059148
2418.000000 0.047904
2419.000000 0.152739
2420.000000 0.273157
2421.000000 0.239038
2422.000000 0.231292
2423.000000 0.051964
2424.000000 0.210061
2425.000000 0.129464
2426.000000 0.179504
2427.000000 0.200634
2428.000000 0.162927
2429.000000 0.095650
2430.000000 0.271629
2431.000000 0.169624
2432.000000 0.157815
2433.000000 0.070305
2434.000000 0.194322
2435.000000 0.051358
2436.000000 0.120326
2437.000000 0.210588
2438.000000 0.229249
2439.000000 0.226885
2440.000000 0.240061
2441.000000 0.242834
2442.000000 0.081235
2443.000000 0.098069
2444.000000 0.172023
2445.000000 0.214045
2446.000000 0.175500
2447.000000 0.165642
2448.000000 0.166379
2449.000000 0.121069
2450.000000 0.148426
2451.000000 0.079153
2452.000000 0.246642
2453.000000 0.129268
2454.000000 0.259846
2455.000000 0.084569
2456.000000 0.113155
2457.000000 0.160268
2458.000000 0.039901
2459.000000 0.232878
2460.000000 0.234161
2461.000000 0.071742
2462.000000 0.064912
2463.000000 0.299541
2464.000000 0.185398
2465.000000 0.067124
2466.000000 0.110203
2467.000000 0.279705
2468.000000 0.184530
2469.000000 0.011123
2470.000000 0.213276
2471.000000 0.168135
2472.000000 0.100567
2473.000000 0.057197
2474.000000 0.140298
2475.000000 0.044706
2476.000000 0.248180
2477.000000 0.331967
2478.000000 0.192053
2479.000000 0.265088
2480.000000 0.151486
2481.000000 0.060266
2482.000000 0.193704
2483.000000 0.023030
2484.000000 0.128158
2485.000000 0.123689
2486.000000 0.019316
2487.000000 0.272428
2488.000000 0.116686
2489.000000 0.075667
2490.000000 0.323809
2491.000000 0.392958
2492.000000 0.201358
2493.000000 0.042343
2494.000000 0.151496
2495.000000 0.040007
2496.000000 0.102473
2497.000000 0.070128
2498.000000 0.084566
2499.000000 0.165331
2500.000000 0.266212
2501.000000 0.207295
2502.000000 0.230443
2503.000000 0.185837
2504.000000 0.212805
2505.000000 0.070281
2506.000000 0.152859
2507.000000 0.124829
2508.000000 0.157884
2509.000000 0.251406
2510.000000 0.235306
2511.000000 0.071761
2512.000000 0.176748
2513.000000 0.243815
2514.000000 0.197690
2515.000000 0.091267
2516.000000 0.137379
2517.000000 0.091407
2518.000000 0.119350
2519.000000 0.065783
2520.000000 0.064099
2521.000000 0.148321
2522.000000 0.245351
2523.000000 0.186868
2524.000000 0.120195
2525.000000 0.111111
2526.000000 0.103605
2527.000000 0.060762
2528.000000 0.007599
2529.000000 0.062035
2530.000000 0.068220
2531.000000 0.165727
2532.000000 0.064699
2533.000000 0.065950
2534.000000 0.144737
2535.000000 0.217347
2536.000000 0.115267
2537.000000 0.124028
2538.000000 0.131659
2539.000000 0.182341
2540.000000 0.134389
2541.000000 0.148777
2542.000000 0.149275
2543.000000 0.118039
2544.000000 0.274301
2545.000000 0.108290
2546.000000 0.174470
2547.000000 0.247162
2548.000000 0.230754
2549.000000 0.112366
2550.000000 0.107532
2551.000000 0.232510
2552.000000 0.124515
2553.000000 0.175007
2554.000000 0.039943
2555.000000 0.223867
2556.000000 0.295963
2557.000000 0.125789
2558.000000 0.272950
2559.000000 0.177966
2560.000000 0.228514
2561.000000 0.174333
2562.000000 0.086867
2563.000000 0.145056
2564.000000 0.409280
2565.000000 0.306216
2566.000000 0.279819
2567.000000 0.234929
2568.000000 0.287364
2569.000000 0.243901
2570.000000 0.391864
2571.000000 0.229322
2572.000000 0.263817
2573.000000 0.425277
2574.000000 0.335732
2575.000000 0.406420
2576.000000 0.262447
2577.000000 0.142561
2578.000000 0.054043
2579.000000 0.089481
2580.000000 0.238617
2581.000000 0.136688
2582.000000 0.171180
2583.000000 0.058086
2584.000000 0.309465
2585.000000 0.190477
2586.000000 0.174496
2587.000000 0.042291
2588.000000 0.165776
2589.000000 0.087487
2590.000000 0.012979
2591.000000 0.230425
2592.000000 0.108353
2593.000000 0.205426
2594.000000 0.085512
2595.000000 0.175118
2596.000000 0.120571
2597.000000 0.170696
2598.000000 0.151865
2599.000000 0.196214
2600.000000 0.201025
2601.000000 0.142237
2602.000000 0.024305
2603.000000 0.189955
2604.000000 0.205842
2605.000000 0.224202
2606.000000 0.162733
2607.000000 0.049781
2608.000000 0.184782
2609.000000 0.174833
2610.000000 0.143215
2611.000000 0.078185
2612.000000 0.145517
2613.000000 0.088879
2614.000000 0.066416
2615.000000 0.170350
2616.000000 0.061670
2617.000000 0.247629
2618.000000 0.118544
2619.000000 0.163073
2620.000000 0.018399
2621.000000 0.286347
2622.000000 0.113699
2623.000000 0.137236
2624.000000 0.295167
2625.000000 0.070209
2626.000000 0.245214
2627.000000 0.210172
2628.000000 0.189331
2629.000000 0.109101
2630.000000 0.043291
2631.000000 0.126167
2632.000000 0.117732
2633.000000 0.019799
2634.000000 0.088627
2635.000000 0.061304
2636.000000 0.131739
2637.000000 0.115567
2638.000000 0.041593
2639.000000 0.231219
2640.000000 0.286737
2641.000000 0.215333
2642.000000 0.027896
2643.000000 0.161128
2644.000000 0.194413
2645.000000 0.144403
2646.000000 0.133842
2647.000000 0.181139
2648.000000 0.216631
2649.000000 0.213917
2650.000000 0.201460
2651.000000 0.091515
2652.000000 0.185830
2653.000000 0.267435
2654.000000 0.107873
2655.000000 0.125918
2656.000000 0.108709
2657.000000 0.107088
2658.000000 0.153178
2659.000000 0.127440
2660.000000 0.140394
2661.000000 0.270120
2662.000000 0.214803
2663.000000 0.062019
2664.000000 0.181297
2665.000000 0.315947
2666.000000 0.053776
2667.000000 0.214344
2668.000000 0.308948
2669.000000 0.153396
2670.000000 0.107344
2671.000000 0.327368
2672.000000 0.206078
2673.000000 0.217436
2674.000000 0.135400
2675.000000 0.120132
2676.000000 0.085361
2677.000000 0.214525
2678.000000 0.188128
2679.000000 0.127348
2680.000000 0.134343
2681.000000 0.115997
2682.000000 0.185634
2683.000000 0.143090
2684.000000 0.053810
2685.000000 0.066516
2686.000000 0.109618
2687.000000 0.159451
2688.000000 0.229622
2689.000000 0.223225
2690.000000 0.286932
2691.000000 0.135028
2692.000000 0.106899
2693.000000 0.048024
2694.000000 0.054316
2695.000000 0.221823
2696.000000 0.021038
2697.000000 0.087249
2698.000000 0.174750
2699.000000 0.113164
2700.000000 0.088809
2701.000000 0.208086
2702.000000 0.129891
2703.000000 0.100285
2704.000000 0.100519
2705.000000 0.095409
2706.000000 0.099689
2707.000000 0.110265
2708.000000 0.135172
2709.000000 0.233719
2710.000000 0.143140
2711.000000 0.332707
2712.000000 0.179890
2713.000000 0.241737
2714.000000 0.043269
2715.000000 0.094301
2716.000000 0.119305
2717.000000 0.011442
2718.000000 0.257258
2719.000000 0.145890
2720.000000 0.245569
2721.000000 0.034816
2722.000000 0.083673
2723.000000 0.048670
2724.000000 0.019952
2725.000000 0.277514
2726.000000 0.174762
2727.000000 0.037688
2728.000000 0.224608
2729.000000 0.201441
2730.000000 0.216950
2731.000000 0.137439
2732.000000 0.155192
2733.000000 0.092387
2734.000000 0.208757
2735.000000 0.196896
2736.000000 0.037555
2737.000000 0.063979
2738.000000 0.130431
2739.000000 0.203694
2740.000000 0.204472
2741.000000 0.451340
2742.000000 0.180441
2743.000000 0.094324
2744.000000 0.087588
2745.000000 0.115220
2746.000000 0.053448
2747.000000 0.197260
2748.000000 0.143641
2749.000000 0.319657
2750.000000 0.185890
2751.000000 0.070633
2752.000000 0.228166
2753.000000 0.021152
2754.000000 0.124334
2755.000000 0.188275
2756.000000 0.233057
2757.000000 0.171822
2758.000000 0.145256
2759.000000 0.268558
2760.000000 0.277518
2761.000000 0.217783
2762.000000 0.078626
2763.000000 0.041439
2764.000000 0.239611
2765.000000 0.082486
2766.000000 0.238200
2767.000000 0.135880
2768.000000 0.173644
2769.000000 0.128651
2770.000000 0.185766
2771.000000 0.182561
2772.000000 0.263062
2773.000000 0.226439
2774.000000 0.328195
2775.000000 0.355118
2776.000000 0.411635
2777.000000 0.277036
2778.000000 0.263298
2779.000000 0.304862
2780.000000 0.358727
2781.000000 0.204065
2782.000000 0.310170
2783.000000 0.306003
2784.000000 0.160332
2785.000000 0.073565
2786.000000 0.121949
2787.000000 0.093607
2788.000000 0.361394
2789.000000 0.123302
2790.000000 0.182547
2791.000000 0.210104
2792.000000 0.195028
2793.000000 0.218031
2794.000000 0.086396
2795.000000 0.009420
2796.000000 0.132320
2797.000000 0.142926
2798.000000 0.147139
2799.000000 0.203401
2800.000000 0.257681
2801.000000 0.370336
2802.000000 0.187993
2803.000000 0.085952
2804.000000 0.183946
2805.000000 0.054996
2806.000000 0.111254
2807.000000 0.135616
2808.000000 0.078339
2809.000000 0.127887
2810.000000 0.301903
2811.000000 0.133192
2812.000000 0.009737
2813.000000 0.102482
2814.000000 0.058771
2815.000000 0.151875
2816.000000 0.171972
2817.000000 0.193811
2818.000000 0.160657
2819.000000 0.159363
2820.000000 0.112232
2821.000000 0.209405
2822.000000 0.143321
2823.000000 0.394198
2824.000000 0.354262
2825.000000 0.263387
2826.000000 0.175996
2827.000000 0.132978
2828.000000 0.244070
2829.000000 0.125110
2830.000000 0.101712
2831.000000 0.085780
2832.000000 0.189693
2833.000000 0.106705
2834.000000 0.109980
2835.000000 0.199646
2836.000000 0.071948
2837.000000 0.216284
2838.000000 0.186898
2839.000000 0.136988
2840.000000 0.213702
2841.000000 0.251063
2842.000000 0.285400
2843.000000 0.261737
2844.000000 0.358003
2845.000000 0.262841
2846.000000 0.314058
2847.000000 0.204501
2848.000000 0.175316
2849.000000 0.337098
2850.000000 0.157983
2851.000000 0.064247
2852.000000 0.133410
2853.000000 0.063814
2854.000000 0.257467
2855.000000 0.249024
2856.000000 0.366326
2857.000000 0.100301
2858.000000 0.186449
2859.000000 0.386264
2860.000000 0.140250
2861.000000 0.107801
2862.000000 0.183089
2863.000000 0.215312
2864.000000 0.080441
2865.000000 0.105927
2866.000000 0.094581
2867.000000 0.242629
2868.000000 0.138344
2869.000000 0.117058
2870.000000 0.103306
2871.000000 0.129629
2872.000000 0.279134
2873.000000 0.184318
2874.000000 0.189406
2875.000000 0.261728
2876.000000 0.098502
2877.000000 0.263884
2878.000000 0.184898
2879.000000 0.115367
2880.000000 0.221640
2881.000000 0.168078
2882.000000 0.355112
2883.000000 0.287057
2884.000000 0.394628
2885.000000 0.300662
2886.000000 0.268843
2887.000000 0.090850
2888.000000 0.244305
2889.000000 0.286701
2890.000000 0.321598
2891.000000 0.346066
2892.000000 0.211811
2893.000000 0.087355
2894.000000 0.038750
2895.000000 0.060127
2896.000000 0.251640
2897.000000 0.297669
2898.000000 0.120704
2899.000000 0.200868
2900.000000 0.257372
2901.000000 0.162344
2902.000000 0.070086
2903.000000 0.115420
2904.000000 0.129237
2905.000000 0.200633
2906.000000 0.432640
2907.000000 0.211260
2908.000000 0.215875
2909.000000 0.045484
2910.000000 0.289845
2911.000000 0.291041
2912.000000 0.075826
2913.000000 0.239376
2914.000000 0.107597
2915.000000 0.326924
2916.000000 0.316295
2917.000000 0.285721
2918.000000 0.099543
2919.000000 0.100275
2920.000000 0.063707
2921.000000 0.152348
2922.000000 0.233596
2923.000000 0.119465
2924.000000 0.221000
2925.000000 0.245239
2926.000000 0.153564
2927.000000 0.137697
2928.000000 0.145068
2929.000000 0.126289
2930.000000 0.115001
2931.000000 0.210155
2932.000000 0.279632
2933.000000 0.251401
2934.000000 0.279598
2935.000000 0.229055
2936.000000 0.088518
2937.000000 0.034000
2938.000000 0.109441
2939.000000 0.077519
2940.000000 0.155005
2941.000000 0.153792
2942.000000 0.253796
2943.000000 0.219710
2944.000000 0.165961
2945.000000 0.120383
2946.000000 0.059930
2947.000000 0.179662
2948.000000 0.221276
2949.000000 0.075430
2950.000000 0.156580
2951.000000 0.077936
2952.000000 0.117293
2953.000000 0.240802
2954.000000 0.111595
2955.000000 0.096493
2956.000000 0.302792
2957.000000 0.269917
2958.000000 0.075461
2959.000000 0.225041
2960.000000 0.167925
2961.000000 0.282613
2962.000000 0.349476
2963.000000 0.118939
2964.000000 0.121094
2965.000000 0.250879
2966.000000 0.141684
2967.000000 0.181955
2968.000000 0.083427
2969.000000 0.302224
2970.000000 0.122935
2971.000000 0.255769
2972.000000 0.099077
2973.000000 0.105591
2974.000000 0.192562
2975.000000 0.079866
2976.000000 0.148989
2977.000000 0.235928
2978.000000 0.175747
2979.000000 0.304838
2980.000000 0.119263
2981.000000 0.284128
2982.000000 0.150198
2983.000000 0.119227
2984.000000 0.113810
2985.000000 0.146708
2986.000000 0.348356
2987.000000 0.136101
2988.000000 0.168284
2989.000000 0.387847
2990.000000 0.177814
2991.000000 0.276555
2992.000000 0.104753
2993.000000 0.233636
2994.000000 0.165173
2995.000000 0.242397
2996.000000 0.294935
2997.000000 0.123869
2998.000000 0.246846
2999.000000 0.257243
3000.000000 0.135690
