10.000000 0.186998
20.000000 0.076287
30.000000 0.145768
40.000000 0.077341
50.000000 0.066010
60.000000 0.284602
70.000000 0.184480
80.000000 0.166273
90.000000 0.272740
100.000000 0.464834
110.000000 0.321460
120.000000 0.152512
130.000000 0.329189
140.000000 0.457314
150.000000 0.268112
160.000000 0.292259
170.000000 0.257568
180.000000 0.294266
190.000000 0.241885
200.000000 0.282713
210.000000 0.221413
220.000000 0.124307
230.000000 0.372237
240.000000 0.371651
250.000000 0.193475
260.000000 0.273812
270.000000 0.238351
280.000000 0.278394
290.000000 0.082160
300.000000 0.154563
310.000000 0.172401
320.000000 0.036115
330.000000 0.174291
340.000000 0.325198
350.000000 0.170956
360.000000 0.065118
370.000000 0.157778
380.000000 0.140657
390.000000 0.168099
400.000000 0.382947
410.000000 0.010784
420.000000 0.296021
430.000000 0.191397
440.000000 0.264695
450.000000 0.084684
460.000000 0.424552
470.000000 0.043801
480.000000 0.311473
490.000000 0.123692
500.000000 0.176986
510.000000 0.126132
520.000000 0.137132
530.000000 0.119805
540.000000 0.267979
550.000000 0.371650
560.000000 0.075504
570.000000 0.296901
580.000000 0.177236
590.000000 0.308761
600.000000 0.406388
610.000000 0.538423
620.000000 0.358973
630.000000 0.294422
640.000000 0.073744
650.000000 0.277174
660.000000 0.139559
670.000000 0.283638
680.000000 0.041311
690.000000 0.233481
700.000000 0.052249
710.000000 0.363237
720.000000 0.276122
730.000000 0.178488
740.000000 0.222909
750.000000 0.226261
760.000000 0.429434
770.000000 0.514144
780.000000 0.248763
790.000000 0.239394
800.000000 0.314083
810.000000 0.351804
820.000000 0.197512
830.000000 0.399462
840.000000 0.110276
850.000000 0.445040
860.000000 0.442896
870.000000 0.393480
880.000000 0.153614
890.000000 0.263170
900.000000 0.136096
910.000000 0.315365
920.000000 0.085797
930.000000 0.220095
940.000000 0.120867
950.000000 0.109612
960.000000 0.411580
970.000000 0.150635
980.000000 0.158195
990.000000 0.163477
1000.000000 0.295702
