10.000000 0.034838
20.000000 0.139079
30.000000 0.148505
40.000000 0.046319
50.000000 0.148564
60.000000 0.032305
70.000000 0.069922
80.000000 0.009782
90.000000 0.080979
100.000000 0.053736
110.000000 0.096606
120.000000 0.006650
130.000000 0.031582
140.000000 0.062442
150.000000 0.026485
160.000000 0.063871
170.000000 0.093038
180.000000 0.098309
190.000000 0.081068
200.000000 0.069775
210.000000 0.169247
220.000000 0.082488
230.000000 0.073448
240.000000 0.131187
250.000000 0.130885
260.000000 0.148657
270.000000 0.061247
280.000000 0.072937
290.000000 0.046415
300.000000 0.091074
310.000000 0.090854
320.000000 0.044040
330.000000 0.080900
340.000000 0.106163
350.000000 0.106884
360.000000 0.022070
370.000000 0.104751
380.000000 0.084096
390.000000 0.151000
400.000000 0.096733
410.000000 0.072343
420.000000 0.122058
430.000000 0.072536
440.000000 0.039486
450.000000 0.057490
460.000000 0.126795
470.000000 0.076731
480.000000 0.144168
490.000000 0.084052
500.000000 0.023144
510.000000 0.061105
520.000000 0.174021
530.000000 0.005365
540.000000 0.140011
550.000000 0.081264
560.000000 0.119951
570.000000 0.092108
580.000000 0.233680
590.000000 0.113654
600.000000 0.256414
610.000000 0.047590
620.000000 0.045512
630.000000 0.185019
640.000000 0.013874
650.000000 0.172221
660.000000 0.125704
670.000000 0.125354
680.000000 0.230369
690.000000 0.062153
700.000000 0.148949
710.000000 0.116047
720.000000 0.165858
730.000000 0.263211
740.000000 0.131429
750.000000 0.166417
760.000000 0.070765
770.000000 0.140773
780.000000 0.089190
790.000000 0.117152
800.000000 0.084525
810.000000 0.092976
820.000000 0.166082
830.000000 0.148144
840.000000 0.124578
850.000000 0.049048
860.000000 0.150229
870.000000 0.129093
880.000000 0.085858
890.000000 0.163109
900.000000 0.114140
910.000000 0.113805
920.000000 0.048917
930.000000 0.074393
940.000000 0.088460
950.000000 0.151772
960.000000 0.128441
970.000000 0.041842
980.000000 0.031619
990.000000 0.102746
1000.000000 0.036395
