0.000000 0.022086
1.000000 0.023748
2.000000 0.022483
3.000000 0.015526
4.000000 0.067999
5.000000 0.017873
6.000000 0.029657
7.000000 0.043474
8.000000 0.047624
9.000000 0.070742
10.000000 0.038858
11.000000 0.044729
12.000000 0.033793
13.000000 0.033798
14.000000 0.023145
15.000000 0.033776
16.000000 0.043619
17.000000 0.032426
18.000000 0.016077
19.000000 0.005857
20.000000 0.030341
21.000000 0.028078
22.000000 0.026428
23.000000 0.035844
24.000000 0.050258
25.000000 0.029452
26.000000 0.038330
27.000000 0.006943
28.000000 0.022037
29.000000 0.006580
30.000000 0.021137
31.000000 0.049244
32.000000 0.020629
33.000000 0.019240
34.000000 0.035415
35.000000 0.042311
36.000000 0.012964
37.000000 0.016147
38.000000 0.021995
39.000000 0.007639
40.000000 0.003995
41.000000 0.013100
42.000000 0.010451
43.000000 0.033503
44.000000 0.017452
45.000000 0.037064
46.000000 0.036270
47.000000 0.045847
48.000000 0.053788
49.000000 0.038108
50.000000 0.006673
51.000000 0.017808
52.000000 0.012026
53.000000 0.012962
54.000000 0.024785
55.000000 0.022045
56.000000 0.014708
57.000000 0.053782
58.000000 0.066662
59.000000 0.032544
60.000000 0.023748
61.000000 0.058278
62.000000 0.031344
63.000000 0.028072
64.000000 0.033119
65.000000 0.063609
66.000000 0.019290
67.000000 0.035173
68.000000 0.038079
69.000000 0.011405
70.000000 0.023324
71.000000 0.023043
72.000000 0.031329
73.000000 0.021452
74.000000 0.033310
75.000000 0.051544
76.000000 0.019376
77.000000 0.033763
78.000000 0.041385
79.000000 0.053046
80.000000 0.027425
81.000000 0.015411
82.000000 0.008899
83.000000 0.007544
84.000000 0.049066
85.000000 0.009654
86.000000 0.023144
87.000000 0.036020
88.000000 0.031945
89.000000 0.071147
90.000000 0.021528
91.000000 0.039485
92.000000 0.019524
93.000000 0.012665
94.000000 0.046008
95.000000 0.053318
96.000000 0.029913
97.000000 0.058638
98.000000 0.032373
99.000000 0.020366
100.000000 0.044796
101.000000 0.011492
102.000000 0.004718
103.000000 0.017390
104.000000 0.030962
105.000000 0.026277
106.000000 0.022463
107.000000 0.042743
108.000000 0.019356
109.000000 0.007501
110.000000 0.023679
111.000000 0.031492
112.000000 0.034699
113.000000 0.052615
114.000000 0.038573
115.000000 0.028508
116.000000 0.040320
117.000000 0.036417
118.000000 0.045157
119.000000 0.007267
120.000000 0.008151
121.000000 0.009925
122.000000 0.061283
123.000000 0.041057
124.000000 0.015895
125.000000 0.030927
126.000000 0.052667
127.000000 0.027748
128.000000 0.034044
129.000000 0.057884
130.000000 0.057282
131.000000 0.043536
132.000000 0.027932
133.000000 0.062080
134.000000 0.030738
135.000000 0.048074
136.000000 0.003093
137.000000 0.026118
138.000000 0.032631
139.000000 0.005561
140.000000 0.011768
141.000000 0.032166
142.000000 0.032643
143.000000 0.039703
144.000000 0.044577
145.000000 0.029541
146.000000 0.006851
147.000000 0.050097
148.000000 0.036263
149.000000 0.011259
150.000000 0.030001
151.000000 0.028798
152.000000 0.012416
153.000000 0.026375
154.000000 0.007859
155.000000 0.026015
156.000000 0.031453
157.000000 0.004145
158.000000 0.023852
159.000000 0.025261
160.000000 0.025169
161.000000 0.028036
162.000000 0.031464
163.000000 0.040145
164.000000 0.028142
165.000000 0.062208
166.000000 0.016206
167.000000 0.015274
168.000000 0.025552
169.000000 0.005381
170.000000 0.016063
171.000000 0.031913
172.000000 0.027067
173.000000 0.021093
174.000000 0.026822
175.000000 0.037928
176.000000 0.044187
177.000000 0.032338
178.000000 0.027873
179.000000 0.052701
180.000000 0.020957
181.000000 0.009546
182.000000 0.013923
183.000000 0.027403
184.000000 0.056055
185.000000 0.060764
186.000000 0.049151
187.000000 0.028408
188.000000 0.022139
189.000000 0.060864
190.000000 0.034045
191.000000 0.032017
192.000000 0.030963
193.000000 0.023766
194.000000 0.017674
195.000000 0.036739
196.000000 0.042872
197.000000 0.021406
198.000000 0.056087
199.000000 0.026251
200.000000 0.047051
201.000000 0.016519
202.000000 0.044111
203.000000 0.021375
204.000000 0.025582
205.000000 0.038690
206.000000 0.018704
207.000000 0.021225
208.000000 0.038446
209.000000 0.014871
210.000000 0.027360
211.000000 0.036535
212.000000 0.096437
213.000000 0.061708
214.000000 0.031043
215.000000 0.037160
216.000000 0.026674
217.000000 0.031302
218.000000 0.018160
219.000000 0.015910
220.000000 0.016658
221.000000 0.044154
222.000000 0.016256
223.000000 0.014514
224.000000 0.031253
225.000000 0.060032
226.000000 0.022947
227.000000 0.024929
228.000000 0.019178
229.000000 0.072636
230.000000 0.010498
231.000000 0.030734
232.000000 0.061738
233.000000 0.031620
234.000000 0.021404
235.000000 0.037256
236.000000 0.032615
237.000000 0.018744
238.000000 0.034356
239.000000 0.013935
240.000000 0.016699
241.000000 0.031618
242.000000 0.048007
243.000000 0.008414
244.000000 0.043455
245.000000 0.038168
246.000000 0.002616
247.000000 0.041568
248.000000 0.040381
249.000000 0.032869
250.000000 0.018821
251.000000 0.014199
252.000000 0.014615
253.000000 0.029087
254.000000 0.017496
255.000000 0.019263
256.000000 0.059842
257.000000 0.039449
258.000000 0.037896
259.000000 0.055090
260.000000 0.039546
261.000000 0.033728
262.000000 0.012360
263.000000 0.053983
264.000000 0.043641
265.000000 0.031434
266.000000 0.007571
267.000000 0.027502
268.000000 0.027544
269.000000 0.032119
270.000000 0.058556
271.000000 0.018137
272.000000 0.066909
273.000000 0.042225
274.000000 0.022549
275.000000 0.074686
276.000000 0.003116
277.000000 0.022708
278.000000 0.014651
279.000000 0.021722
280.000000 0.065234
281.000000 0.041625
282.000000 0.052935
283.000000 0.021322
284.000000 0.017918
285.000000 0.029962
286.000000 0.031163
287.000000 0.026836
288.000000 0.052536
289.000000 0.009612
290.000000 0.020530
291.000000 0.041865
292.000000 0.009066
293.000000 0.054098
294.000000 0.033627
295.000000 0.058690
296.000000 0.069847
297.000000 0.048675
298.000000 0.035638
299.000000 0.029531
300.000000 0.032345
301.000000 0.037734
302.000000 0.005409
303.000000 0.019160
304.000000 0.041275
305.000000 0.054572
306.000000 0.037939
307.000000 0.006529
308.000000 0.015647
309.000000 0.002427
310.000000 0.039096
311.000000 0.035118
312.000000 0.040444
313.000000 0.004058
314.000000 0.037998
315.000000 0.039607
316.000000 0.006279
317.000000 0.057013
318.000000 0.008574
319.000000 0.041728
320.000000 0.043665
321.000000 0.021157
322.000000 0.019230
323.000000 0.013076
324.000000 0.011729
325.000000 0.015920
326.000000 0.050066
327.000000 0.040683
328.000000 0.023343
329.000000 0.022737
330.000000 0.019425
331.000000 0.007011
332.000000 0.057117
333.000000 0.024430
334.000000 0.019831
335.000000 0.026957
336.000000 0.021709
337.000000 0.018887
338.000000 0.014399
339.000000 0.046275
340.000000 0.021818
341.000000 0.043436
342.000000 0.015883
343.000000 0.031914
344.000000 0.024292
345.000000 0.026925
346.000000 0.026023
347.000000 0.011394
348.000000 0.007956
349.000000 0.039776
350.000000 0.025485
351.000000 0.015560
352.000000 0.024172
353.000000 0.024024
354.000000 0.048102
355.000000 0.020572
356.000000 0.041202
357.000000 0.022872
358.000000 0.038390
359.000000 0.023009
360.000000 0.025542
361.000000 0.009291
362.000000 0.022683
363.000000 0.012453
364.000000 0.009102
365.000000 0.018698
366.000000 0.029912
367.000000 0.049207
368.000000 0.010474
369.000000 0.004721
370.000000 0.040341
371.000000 0.042231
372.000000 0.050325
373.000000 0.043221
374.000000 0.011130
375.000000 0.018499
376.000000 0.004769
377.000000 0.026216
378.000000 0.038118
379.000000 0.037281
380.000000 0.025071
381.000000 0.065779
382.000000 0.017535
383.000000 0.023535
384.000000 0.024097
385.000000 0.034504
386.000000 0.031556
387.000000 0.021153
388.000000 0.033367
389.000000 0.012994
390.000000 0.034361
391.000000 0.007744
392.000000 0.044144
393.000000 0.032675
394.000000 0.038888
395.000000 0.040059
396.000000 0.045299
397.000000 0.034839
398.000000 0.019213
399.000000 0.009362
400.000000 0.036580
401.000000 0.040696
402.000000 0.049385
403.000000 0.038318
404.000000 0.026797
405.000000 0.031344
406.000000 0.009450
407.000000 0.024434
408.000000 0.041437
409.000000 0.017080
410.000000 0.034671
411.000000 0.016065
412.000000 0.024139
413.000000 0.030511
414.000000 0.048358
415.000000 0.007715
416.000000 0.002444
417.000000 0.015330
418.000000 0.039409
419.000000 0.021160
420.000000 0.062019
421.000000 0.012664
422.000000 0.028304
423.000000 0.043101
424.000000 0.027879
425.000000 0.021360
426.000000 0.016836
427.000000 0.032227
428.000000 0.021357
429.000000 0.002227
430.000000 0.033812
431.000000 0.014109
432.000000 0.013055
433.000000 0.007557
434.000000 0.036102
435.000000 0.019663
436.000000 0.016918
437.000000 0.018992
438.000000 0.033446
439.000000 0.024745
440.000000 0.031033
441.000000 0.039741
442.000000 0.033621
443.000000 0.019272
444.000000 0.054870
445.000000 0.029090
446.000000 0.025408
447.000000 0.029125
448.000000 0.031032
449.000000 0.027997
450.000000 0.027208
451.000000 0.016328
452.000000 0.029424
453.000000 0.042322
454.000000 0.022400
455.000000 0.030139
456.000000 0.031606
457.000000 0.050014
458.000000 0.054737
459.000000 0.039147
460.000000 0.030022
461.000000 0.014388
462.000000 0.015699
463.000000 0.018837
464.000000 0.017371
465.000000 0.022673
466.000000 0.030490
467.000000 0.016244
468.000000 0.044922
469.000000 0.024522
470.000000 0.029836
471.000000 0.049356
472.000000 0.015653
473.000000 0.017793
474.000000 0.008103
475.000000 0.021072
476.000000 0.023523
477.000000 0.027416
478.000000 0.022016
479.000000 0.040274
480.000000 0.077758
481.000000 0.041595
482.000000 0.015371
483.000000 0.065234
484.000000 0.034793
485.000000 0.031467
486.000000 0.044303
487.000000 0.036834
488.000000 0.037772
489.000000 0.012191
490.000000 0.022894
491.000000 0.010282
492.000000 0.026904
493.000000 0.014065
494.000000 0.054093
495.000000 0.062378
496.000000 0.053229
497.000000 0.010069
498.000000 0.071349
499.000000 0.048380
500.000000 0.031173
501.000000 0.018035
502.000000 0.021004
503.000000 0.034687
504.000000 0.045374
505.000000 0.029108
506.000000 0.012729
507.000000 0.019875
508.000000 0.019071
509.000000 0.025902
510.000000 0.012349
511.000000 0.013851
512.000000 0.027160
513.000000 0.026150
514.000000 0.033505
515.000000 0.017308
516.000000 0.023131
517.000000 0.043688
518.000000 0.058210
519.000000 0.045093
520.000000 0.040944
521.000000 0.025992
522.000000 0.058765
523.000000 0.022860
524.000000 0.031695
525.000000 0.025171
526.000000 0.015664
527.000000 0.040282
528.000000 0.032937
529.000000 0.034654
530.000000 0.028735
531.000000 0.021996
532.000000 0.015624
533.000000 0.028524
534.000000 0.025148
535.000000 0.023388
536.000000 0.004926
537.000000 0.045306
538.000000 0.075076
539.000000 0.032814
540.000000 0.033572
541.000000 0.030862
542.000000 0.036270
543.000000 0.004277
544.000000 0.053810
545.000000 0.005797
546.000000 0.011855
547.000000 0.034286
548.000000 0.012822
549.000000 0.045616
550.000000 0.046488
551.000000 0.038041
552.000000 0.047313
553.000000 0.025933
554.000000 0.032753
555.000000 0.045231
556.000000 0.034183
557.000000 0.036803
558.000000 0.024568
559.000000 0.040129
560.000000 0.039154
561.000000 0.017783
562.000000 0.047700
563.000000 0.007926
564.000000 0.050061
565.000000 0.038774
566.000000 0.019072
567.000000 0.016926
568.000000 0.048942
569.000000 0.010159
570.000000 0.040897
571.000000 0.031039
572.000000 0.014600
573.000000 0.009637
574.000000 0.026910
575.000000 0.019887
576.000000 0.022080
577.000000 0.008349
578.000000 0.005066
579.000000 0.037650
580.000000 0.022056
581.000000 0.035446
582.000000 0.069723
583.000000 0.026396
584.000000 0.020816
585.000000 0.028612
586.000000 0.023615
587.000000 0.034889
588.000000 0.020647
589.000000 0.016478
590.000000 0.045281
591.000000 0.027617
592.000000 0.027705
593.000000 0.039453
594.000000 0.040107
595.000000 0.015513
596.000000 0.050428
597.000000 0.036449
598.000000 0.020391
599.000000 0.033372
600.000000 0.036556
601.000000 0.023655
602.000000 0.044727
603.000000 0.016090
604.000000 0.020667
605.000000 0.042752
606.000000 0.046741
607.000000 0.032938
608.000000 0.018201
609.000000 0.024849
610.000000 0.044416
611.000000 0.059236
612.000000 0.004161
613.000000 0.012779
614.000000 0.015817
615.000000 0.020172
616.000000 0.012041
617.000000 0.027184
618.000000 0.052801
619.000000 0.042822
620.000000 0.015580
621.000000 0.013157
622.000000 0.011615
623.000000 0.026323
624.000000 0.027391
625.000000 0.045485
626.000000 0.025839
627.000000 0.024846
628.000000 0.014812
629.000000 0.052304
630.000000 0.051852
631.000000 0.060189
632.000000 0.034221
633.000000 0.017064
634.000000 0.022630
635.000000 0.038287
636.000000 0.036767
637.000000 0.014305
638.000000 0.024793
639.000000 0.031097
640.000000 0.010251
641.000000 0.007631
642.000000 0.023192
643.000000 0.021672
644.000000 0.022200
645.000000 0.018955
646.000000 0.020834
647.000000 0.022849
648.000000 0.017006
649.000000 0.053976
650.000000 0.012108
651.000000 0.025324
652.000000 0.021253
653.000000 0.007759
654.000000 0.024303
655.000000 0.039864
656.000000 0.019477
657.000000 0.035723
658.000000 0.007314
659.000000 0.004547
660.000000 0.057554
661.000000 0.010944
662.000000 0.013330
663.000000 0.020379
664.000000 0.001094
665.000000 0.028145
666.000000 0.019512
667.000000 0.067392
668.000000 0.030927
669.000000 0.027355
670.000000 0.062519
671.000000 0.062556
672.000000 0.062798
673.000000 0.007365
674.000000 0.030926
675.000000 0.050476
676.000000 0.025668
677.000000 0.018752
678.000000 0.038237
679.000000 0.015230
680.000000 0.005306
681.000000 0.020793
682.000000 0.047826
683.000000 0.062669
684.000000 0.026761
685.000000 0.034408
686.000000 0.025620
687.000000 0.076499
688.000000 0.036816
689.000000 0.025370
690.000000 0.031022
691.000000 0.051609
692.000000 0.027109
693.000000 0.021845
694.000000 0.061047
695.000000 0.062423
696.000000 0.041802
697.000000 0.036012
698.000000 0.027499
699.000000 0.046836
700.000000 0.037444
701.000000 0.023964
702.000000 0.027444
703.000000 0.033896
704.000000 0.018215
705.000000 0.032510
706.000000 0.036798
707.000000 0.005353
708.000000 0.038559
709.000000 0.019922
710.000000 0.035251
711.000000 0.005580
712.000000 0.031277
713.000000 0.039723
714.000000 0.069163
715.000000 0.022034
716.000000 0.055866
717.000000 0.017304
718.000000 0.014071
719.000000 0.031141
720.000000 0.010876
721.000000 0.030710
722.000000 0.044375
723.000000 0.053199
724.000000 0.041205
725.000000 0.010077
726.000000 0.042412
727.000000 0.034509
728.000000 0.047054
729.000000 0.018209
730.000000 0.024818
731.000000 0.024390
732.000000 0.026377
733.000000 0.020468
734.000000 0.062251
735.000000 0.019555
736.000000 0.026386
737.000000 0.027945
738.000000 0.032488
739.000000 0.051863
740.000000 0.033481
741.000000 0.022173
742.000000 0.028998
743.000000 0.020293
744.000000 0.020871
745.000000 0.011796
746.000000 0.006547
747.000000 0.029702
748.000000 0.032311
749.000000 0.039805
750.000000 0.058870
751.000000 0.015238
752.000000 0.020396
753.000000 0.027288
754.000000 0.015360
755.000000 0.033791
756.000000 0.016368
757.000000 0.020486
758.000000 0.020638
759.000000 0.006310
760.000000 0.040874
761.000000 0.050406
762.000000 0.059969
763.000000 0.036487
764.000000 0.056180
765.000000 0.072524
766.000000 0.019601
767.000000 0.040867
768.000000 0.004011
769.000000 0.045250
770.000000 0.041167
771.000000 0.055683
772.000000 0.034081
773.000000 0.034363
774.000000 0.032958
775.000000 0.021558
776.000000 0.052107
777.000000 0.028409
778.000000 0.005270
779.000000 0.013228
780.000000 0.006742
781.000000 0.047535
782.000000 0.024124
783.000000 0.031066
784.000000 0.027696
785.000000 0.013507
786.000000 0.078555
787.000000 0.034214
788.000000 0.029461
789.000000 0.037818
790.000000 0.031282
791.000000 0.008688
792.000000 0.023864
793.000000 0.021347
794.000000 0.062781
795.000000 0.016318
796.000000 0.032001
797.000000 0.047285
798.000000 0.023986
799.000000 0.027136
800.000000 0.018520
801.000000 0.020899
802.000000 0.021830
803.000000 0.048386
804.000000 0.007247
805.000000 0.009018
806.000000 0.049233
807.000000 0.024817
808.000000 0.006051
809.000000 0.020932
810.000000 0.027398
811.000000 0.008672
812.000000 0.028656
813.000000 0.034516
814.000000 0.022735
815.000000 0.040372
816.000000 0.066439
817.000000 0.038325
818.000000 0.031541
819.000000 0.029886
820.000000 0.045005
821.000000 0.021973
822.000000 0.003420
823.000000 0.024809
824.000000 0.025683
825.000000 0.012148
826.000000 0.033213
827.000000 0.044344
828.000000 0.033376
829.000000 0.073287
830.000000 0.006249
831.000000 0.021966
832.000000 0.046437
833.000000 0.011007
834.000000 0.045683
835.000000 0.022795
836.000000 0.056804
837.000000 0.020738
838.000000 0.011930
839.000000 0.021098
840.000000 0.050322
841.000000 0.016110
842.000000 0.054584
843.000000 0.004040
844.000000 0.025584
845.000000 0.020058
846.000000 0.006796
847.000000 0.032958
848.000000 0.041959
849.000000 0.026838
850.000000 0.050792
851.000000 0.004539
852.000000 0.006042
853.000000 0.017820
854.000000 0.035710
855.000000 0.031378
856.000000 0.026414
857.000000 0.047810
858.000000 0.009897
859.000000 0.023057
860.000000 0.021124
861.000000 0.027102
862.000000 0.035723
863.000000 0.036808
864.000000 0.029821
865.000000 0.008034
866.000000 0.046882
867.000000 0.013483
868.000000 0.027907
869.000000 0.057096
870.000000 0.039147
871.000000 0.018958
872.000000 0.031264
873.000000 0.039648
874.000000 0.019631
875.000000 0.048063
876.000000 0.042230
877.000000 0.039125
878.000000 0.019606
879.000000 0.015184
880.000000 0.026334
881.000000 0.021036
882.000000 0.013513
883.000000 0.027596
884.000000 0.046418
885.000000 0.007966
886.000000 0.016874
887.000000 0.072506
888.000000 0.011418
889.000000 0.018603
890.000000 0.039965
891.000000 0.019133
892.000000 0.044711
893.000000 0.016120
894.000000 0.039348
895.000000 0.001434
896.000000 0.004302
897.000000 0.037139
898.000000 0.045517
899.000000 0.043299
900.000000 0.023620
901.000000 0.024533
902.000000 0.020700
903.000000 0.049764
904.000000 0.028234
905.000000 0.046245
906.000000 0.032599
907.000000 0.033501
908.000000 0.021779
909.000000 0.025216
910.000000 0.024283
911.000000 0.031343
912.000000 0.036430
913.000000 0.027176
914.000000 0.044884
915.000000 0.038654
916.000000 0.019321
917.000000 0.030517
918.000000 0.019061
919.000000 0.039610
920.000000 0.041200
921.000000 0.014055
922.000000 0.030977
923.000000 0.008039
924.000000 0.041650
925.000000 0.052634
926.000000 0.034396
927.000000 0.006083
928.000000 0.030073
929.000000 0.033872
930.000000 0.044225
931.000000 0.014674
932.000000 0.016555
933.000000 0.027024
934.000000 0.022956
935.000000 0.021875
936.000000 0.020468
937.000000 0.074740
938.000000 0.030529
939.000000 0.008925
940.000000 0.019066
941.000000 0.007658
942.000000 0.034962
943.000000 0.010488
944.000000 0.029831
945.000000 0.010960
946.000000 0.019745
947.000000 0.004733
948.000000 0.025011
949.000000 0.024638
950.000000 0.053277
951.000000 0.015486
952.000000 0.030949
953.000000 0.069795
954.000000 0.006078
955.000000 0.031775
956.000000 0.064402
957.000000 0.016657
958.000000 0.030094
959.000000 0.011516
960.000000 0.015925
961.000000 0.021347
962.000000 0.016792
963.000000 0.058147
964.000000 0.025559
965.000000 0.021805
966.000000 0.045332
967.000000 0.023584
968.000000 0.037651
969.000000 0.012489
970.000000 0.019603
971.000000 0.061102
972.000000 0.043637
973.000000 0.027204
974.000000 0.027343
975.000000 0.024393
976.000000 0.009846
977.000000 0.040106
978.000000 0.036408
979.000000 0.022670
980.000000 0.053226
981.000000 0.062426
982.000000 0.019091
983.000000 0.031202
984.000000 0.053493
985.000000 0.012717
986.000000 0.017461
987.000000 0.014024
988.000000 0.041019
989.000000 0.043185
990.000000 0.079796
991.000000 0.013734
992.000000 0.036553
993.000000 0.029793
994.000000 0.029778
995.000000 0.040426
996.000000 0.031246
997.000000 0.007538
998.000000 0.039798
999.000000 0.040673
1000.000000 0.043716
1001.000000 0.067658
1002.000000 0.044664
1003.000000 0.017458
1004.000000 0.039239
1005.000000 0.026591
1006.000000 0.039381
1007.000000 0.034882
1008.000000 0.018772
1009.000000 0.024902
1010.000000 0.025615
1011.000000 0.050048
1012.000000 0.001769
1013.000000 0.056923
1014.000000 0.015149
1015.000000 0.050815
1016.000000 0.017298
1017.000000 0.057337
1018.000000 0.050881
1019.000000 0.033561
1020.000000 0.030432
1021.000000 0.012141
1022.000000 0.026239
1023.000000 0.048313
1024.000000 0.042900
1025.000000 0.015301
1026.000000 0.032549
1027.000000 0.011064
1028.000000 0.008882
1029.000000 0.035693
1030.000000 0.015781
1031.000000 0.038578
1032.000000 0.024723
1033.000000 0.036373
1034.000000 0.024114
1035.000000 0.017647
1036.000000 0.014920
1037.000000 0.008072
1038.000000 0.042155
1039.000000 0.024843
1040.000000 0.030081
1041.000000 0.029900
1042.000000 0.005711
1043.000000 0.042462
1044.000000 0.022707
1045.000000 0.024346
1046.000000 0.033522
1047.000000 0.025145
1048.000000 0.007988
1049.000000 0.030896
1050.000000 0.033145
1051.000000 0.047965
1052.000000 0.022482
1053.000000 0.023736
1054.000000 0.034272
1055.000000 0.008905
1056.000000 0.013939
1057.000000 0.022549
1058.000000 0.012578
1059.000000 0.011894
1060.000000 0.014335
1061.000000 0.042550
1062.000000 0.049861
1063.000000 0.020569
1064.000000 0.041482
1065.000000 0.043908
1066.000000 0.046164
1067.000000 0.043388
1068.000000 0.031537
1069.000000 0.015941
1070.000000 0.027123
1071.000000 0.050356
1072.000000 0.062710
1073.000000 0.032914
1074.000000 0.024103
1075.000000 0.053009
1076.000000 0.018989
1077.000000 0.012326
1078.000000 0.045236
1079.000000 0.034353
1080.000000 0.025682
1081.000000 0.033003
1082.000000 0.026231
1083.000000 0.025341
1084.000000 0.015329
1085.000000 0.033386
1086.000000 0.028954
1087.000000 0.017128
1088.000000 0.043078
1089.000000 0.012350
1090.000000 0.027082
1091.000000 0.037473
1092.000000 0.037337
1093.000000 0.028401
1094.000000 0.032815
1095.000000 0.042338
1096.000000 0.039802
1097.000000 0.016514
1098.000000 0.061809
1099.000000 0.029895
1100.000000 0.017104
1101.000000 0.044715
1102.000000 0.026672
1103.000000 0.017973
1104.000000 0.021452
1105.000000 0.047986
1106.000000 0.018982
1107.000000 0.034770
1108.000000 0.041382
1109.000000 0.027226
1110.000000 0.048535
1111.000000 0.036788
1112.000000 0.025718
1113.000000 0.056355
1114.000000 0.049954
1115.000000 0.056311
1116.000000 0.048919
1117.000000 0.036165
1118.000000 0.026259
1119.000000 0.028335
1120.000000 0.007142
1121.000000 0.029644
1122.000000 0.013100
1123.000000 0.024065
1124.000000 0.042639
1125.000000 0.021730
1126.000000 0.015209
1127.000000 0.021638
1128.000000 0.057686
1129.000000 0.035369
1130.000000 0.063210
1131.000000 0.013934
1132.000000 0.015588
1133.000000 0.040498
1134.000000 0.043228
1135.000000 0.030346
1136.000000 0.034413
1137.000000 0.026523
1138.000000 0.021805
1139.000000 0.022544
1140.000000 0.037282
1141.000000 0.020987
1142.000000 0.026546
1143.000000 0.038277
1144.000000 0.021033
1145.000000 0.033792
1146.000000 0.036776
1147.000000 0.017779
1148.000000 0.022893
1149.000000 0.023650
1150.000000 0.051375
1151.000000 0.016384
1152.000000 0.038438
1153.000000 0.010628
1154.000000 0.043108
1155.000000 0.043792
1156.000000 0.003361
1157.000000 0.015177
1158.000000 0.045577
1159.000000 0.025189
1160.000000 0.020339
1161.000000 0.015895
1162.000000 0.024527
1163.000000 0.037092
1164.000000 0.019419
1165.000000 0.031836
1166.000000 0.010658
1167.000000 0.032620
1168.000000 0.042560
1169.000000 0.025758
1170.000000 0.045234
1171.000000 0.049475
1172.000000 0.022927
1173.000000 0.027521
1174.000000 0.023077
1175.000000 0.033778
1176.000000 0.051286
1177.000000 0.015699
1178.000000 0.038033
1179.000000 0.029544
1180.000000 0.016381
1181.000000 0.030175
1182.000000 0.014506
1183.000000 0.043386
1184.000000 0.017922
1185.000000 0.041126
1186.000000 0.014333
1187.000000 0.008736
1188.000000 0.023167
1189.000000 0.055101
1190.000000 0.020654
1191.000000 0.021032
1192.000000 0.033907
1193.000000 0.008743
1194.000000 0.024300
1195.000000 0.021656
1196.000000 0.042871
1197.000000 0.020839
1198.000000 0.023950
1199.000000 0.012647
1200.000000 0.048035
1201.000000 0.031832
1202.000000 0.009697
1203.000000 0.039503
1204.000000 0.043417
1205.000000 0.010176
1206.000000 0.017986
1207.000000 0.033136
1208.000000 0.026108
1209.000000 0.004646
1210.000000 0.054026
1211.000000 0.013512
1212.000000 0.026482
1213.000000 0.007398
1214.000000 0.023155
1215.000000 0.007489
1216.000000 0.026107
1217.000000 0.054362
1218.000000 0.053260
1219.000000 0.004769
1220.000000 0.028902
1221.000000 0.062756
1222.000000 0.013932
1223.000000 0.014491
1224.000000 0.018141
1225.000000 0.018142
1226.000000 0.002859
1227.000000 0.024362
1228.000000 0.018247
1229.000000 0.035676
1230.000000 0.030917
1231.000000 0.005123
1232.000000 0.020183
1233.000000 0.026533
1234.000000 0.030512
1235.000000 0.022054
1236.000000 0.027226
1237.000000 0.045948
1238.000000 0.042113
1239.000000 0.029387
1240.000000 0.030880
1241.000000 0.050513
1242.000000 0.014162
1243.000000 0.001115
1244.000000 0.007926
1245.000000 0.034071
1246.000000 0.022664
1247.000000 0.057029
1248.000000 0.041023
1249.000000 0.049927
1250.000000 0.042540
1251.000000 0.056350
1252.000000 0.036463
1253.000000 0.009366
1254.000000 0.032678
1255.000000 0.024961
1256.000000 0.088310
1257.000000 0.017117
1258.000000 0.025154
1259.000000 0.057273
1260.000000 0.008251
1261.000000 0.020424
1262.000000 0.014584
1263.000000 0.018112
1264.000000 0.045645
1265.000000 0.008410
1266.000000 0.042434
1267.000000 0.056716
1268.000000 0.051606
1269.000000 0.014757
1270.000000 0.027033
1271.000000 0.018931
1272.000000 0.036678
1273.000000 0.091490
1274.000000 0.018292
1275.000000 0.011882
1276.000000 0.029027
1277.000000 0.071969
1278.000000 0.011120
1279.000000 0.044860
1280.000000 0.020179
1281.000000 0.018073
1282.000000 0.009352
1283.000000 0.011725
1284.000000 0.019506
1285.000000 0.010981
1286.000000 0.062990
1287.000000 0.044767
1288.000000 0.026662
1289.000000 0.015965
1290.000000 0.044766
1291.000000 0.032790
1292.000000 0.034605
1293.000000 0.006399
1294.000000 0.037887
1295.000000 0.047842
1296.000000 0.030399
1297.000000 0.073918
1298.000000 0.022782
1299.000000 0.016413
1300.000000 0.024923
1301.000000 0.030523
1302.000000 0.021223
1303.000000 0.027079
1304.000000 0.040740
1305.000000 0.015407
1306.000000 0.014449
1307.000000 0.021252
1308.000000 0.027887
1309.000000 0.059738
1310.000000 0.050027
1311.000000 0.005090
1312.000000 0.026775
1313.000000 0.060302
1314.000000 0.021882
1315.000000 0.027066
1316.000000 0.032969
1317.000000 0.011586
1318.000000 0.002198
1319.000000 0.009769
1320.000000 0.004985
1321.000000 0.046674
1322.000000 0.025480
1323.000000 0.029326
1324.000000 0.056776
1325.000000 0.010496
1326.000000 0.027642
1327.000000 0.090098
1328.000000 0.034901
1329.000000 0.043247
1330.000000 0.014433
1331.000000 0.024357
1332.000000 0.046566
1333.000000 0.059911
1334.000000 0.070375
1335.000000 0.034031
1336.000000 0.021730
1337.000000 0.033159
1338.000000 0.033569
1339.000000 0.021034
1340.000000 0.027204
1341.000000 0.040008
1342.000000 0.052715
1343.000000 0.017927
1344.000000 0.040211
1345.000000 0.041646
1346.000000 0.037553
1347.000000 0.008642
1348.000000 0.037298
1349.000000 0.007865
1350.000000 0.034834
1351.000000 0.031312
1352.000000 0.032711
1353.000000 0.019869
1354.000000 0.015406
1355.000000 0.020650
1356.000000 0.020292
1357.000000 0.009915
1358.000000 0.017849
1359.000000 0.028643
1360.000000 0.011481
1361.000000 0.003689
1362.000000 0.026663
1363.000000 0.031319
1364.000000 0.011148
1365.000000 0.039260
1366.000000 0.022094
1367.000000 0.058772
1368.000000 0.021062
1369.000000 0.023502
1370.000000 0.050709
1371.000000 0.019067
1372.000000 0.005959
1373.000000 0.023458
1374.000000 0.041855
1375.000000 0.039700
1376.000000 0.074675
1377.000000 0.028002
1378.000000 0.056134
1379.000000 0.028387
1380.000000 0.020127
1381.000000 0.004796
1382.000000 0.033794
1383.000000 0.032744
1384.000000 0.009500
1385.000000 0.009050
1386.000000 0.055352
1387.000000 0.049943
1388.000000 0.053822
1389.000000 0.020344
1390.000000 0.055903
1391.000000 0.018209
1392.000000 0.013867
1393.000000 0.025778
1394.000000 0.056419
1395.000000 0.038707
1396.000000 0.052879
1397.000000 0.038040
1398.000000 0.031452
1399.000000 0.032087
1400.000000 0.048348
1401.000000 0.030954
1402.000000 0.024224
1403.000000 0.010011
1404.000000 0.033218
1405.000000 0.005465
1406.000000 0.022992
1407.000000 0.030573
1408.000000 0.051476
1409.000000 0.046838
1410.000000 0.034183
1411.000000 0.009960
1412.000000 0.035369
1413.000000 0.053219
1414.000000 0.029855
1415.000000 0.042821
1416.000000 0.053855
1417.000000 0.051133
1418.000000 0.038011
1419.000000 0.033026
1420.000000 0.050610
1421.000000 0.011947
1422.000000 0.034618
1423.000000 0.052294
1424.000000 0.050209
1425.000000 0.051613
1426.000000 0.049405
1427.000000 0.049246
1428.000000 0.062256
1429.000000 0.015065
1430.000000 0.013379
1431.000000 0.023317
1432.000000 0.029846
1433.000000 0.008489
1434.000000 0.040044
1435.000000 0.014980
1436.000000 0.046839
1437.000000 0.017570
1438.000000 0.029310
1439.000000 0.027305
1440.000000 0.076658
1441.000000 0.056596
1442.000000 0.035381
1443.000000 0.004239
1444.000000 0.066307
1445.000000 0.034910
1446.000000 0.025056
1447.000000 0.015998
1448.000000 0.026188
1449.000000 0.051423
1450.000000 0.020458
1451.000000 0.009790
1452.000000 0.010951
1453.000000 0.034342
1454.000000 0.016052
1455.000000 0.047516
1456.000000 0.037714
1457.000000 0.033914
1458.000000 0.005647
1459.000000 0.046573
1460.000000 0.014641
1461.000000 0.017914
1462.000000 0.044551
1463.000000 0.060169
1464.000000 0.056255
1465.000000 0.022686
1466.000000 0.022479
1467.000000 0.007689
1468.000000 0.036002
1469.000000 0.011252
1470.000000 0.046372
1471.000000 0.049715
1472.000000 0.006223
1473.000000 0.031766
1474.000000 0.020866
1475.000000 0.030746
1476.000000 0.032947
1477.000000 0.023984
1478.000000 0.052140
1479.000000 0.029602
1480.000000 0.037917
1481.000000 0.033381
1482.000000 0.021814
1483.000000 0.039294
1484.000000 0.014110
1485.000000 0.056161
1486.000000 0.048914
1487.000000 0.005078
1488.000000 0.010809
1489.000000 0.016583
1490.000000 0.020047
1491.000000 0.020566
1492.000000 0.050821
1493.000000 0.005809
1494.000000 0.037552
1495.000000 0.036155
1496.000000 0.032767
1497.000000 0.040141
1498.000000 0.028647
1499.000000 0.022978
1500.000000 0.017707
1501.000000 0.012106
1502.000000 0.021807
1503.000000 0.007028
1504.000000 0.028697
1505.000000 0.033535
1506.000000 0.035855
1507.000000 0.038454
1508.000000 0.030776
1509.000000 0.026337
1510.000000 0.010984
1511.000000 0.014422
1512.000000 0.014504
1513.000000 0.007191
1514.000000 0.016334
1515.000000 0.046876
1516.000000 0.010280
1517.000000 0.043208
1518.000000 0.009437
1519.000000 0.038324
1520.000000 0.012014
1521.000000 0.041570
1522.000000 0.032867
1523.000000 0.034932
1524.000000 0.003483
1525.000000 0.030805
1526.000000 0.040874
1527.000000 0.012534
1528.000000 0.045044
1529.000000 0.010956
1530.000000 0.019938
1531.000000 0.026988
1532.000000 0.012592
1533.000000 0.058548
1534.000000 0.009496
1535.000000 0.014513
1536.000000 0.029652
1537.000000 0.060167
1538.000000 0.036037
1539.000000 0.009837
1540.000000 0.051862
1541.000000 0.043335
1542.000000 0.039582
1543.000000 0.018037
1544.000000 0.021669
1545.000000 0.041259
1546.000000 0.038029
1547.000000 0.034423
1548.000000 0.016633
1549.000000 0.044976
1550.000000 0.038089
1551.000000 0.018821
1552.000000 0.018732
1553.000000 0.008096
1554.000000 0.050427
1555.000000 0.022745
1556.000000 0.018488
1557.000000 0.044417
1558.000000 0.023277
1559.000000 0.034281
1560.000000 0.015636
1561.000000 0.024237
1562.000000 0.003905
1563.000000 0.040002
1564.000000 0.033250
1565.000000 0.024123
1566.000000 0.021647
1567.000000 0.045558
1568.000000 0.051564
1569.000000 0.020042
1570.000000 0.019631
1571.000000 0.039239
1572.000000 0.019966
1573.000000 0.018567
1574.000000 0.034530
1575.000000 0.036572
1576.000000 0.002469
1577.000000 0.031064
1578.000000 0.031015
1579.000000 0.082000
1580.000000 0.028874
1581.000000 0.017151
1582.000000 0.025759
1583.000000 0.009474
1584.000000 0.026144
1585.000000 0.044087
1586.000000 0.016391
1587.000000 0.019994
1588.000000 0.026571
1589.000000 0.007987
1590.000000 0.012316
1591.000000 0.012669
1592.000000 0.036295
1593.000000 0.065083
1594.000000 0.036133
1595.000000 0.044549
1596.000000 0.016757
1597.000000 0.025166
1598.000000 0.033461
1599.000000 0.035388
1600.000000 0.041047
1601.000000 0.035351
1602.000000 0.030686
1603.000000 0.010127
1604.000000 0.014247
1605.000000 0.018574
1606.000000 0.027354
1607.000000 0.016581
1608.000000 0.009532
1609.000000 0.031072
1610.000000 0.041591
1611.000000 0.017397
1612.000000 0.020906
1613.000000 0.060119
1614.000000 0.015919
1615.000000 0.029886
1616.000000 0.012595
1617.000000 0.056098
1618.000000 0.022697
1619.000000 0.017468
1620.000000 0.021482
1621.000000 0.035442
1622.000000 0.071612
1623.000000 0.001605
1624.000000 0.016471
1625.000000 0.040747
1626.000000 0.038615
1627.000000 0.031155
1628.000000 0.035528
1629.000000 0.072971
1630.000000 0.057710
1631.000000 0.030734
1632.000000 0.002157
1633.000000 0.017314
1634.000000 0.014940
1635.000000 0.030921
1636.000000 0.019874
1637.000000 0.011141
1638.000000 0.024717
1639.000000 0.045285
1640.000000 0.023040
1641.000000 0.027805
1642.000000 0.024792
1643.000000 0.042347
1644.000000 0.026772
1645.000000 0.014154
1646.000000 0.016449
1647.000000 0.017763
1648.000000 0.061154
1649.000000 0.011094
1650.000000 0.017471
1651.000000 0.006491
1652.000000 0.009912
1653.000000 0.014913
1654.000000 0.036486
1655.000000 0.042663
1656.000000 0.021147
1657.000000 0.016842
1658.000000 0.017758
1659.000000 0.032413
1660.000000 0.008322
1661.000000 0.044353
1662.000000 0.014735
1663.000000 0.056022
1664.000000 0.016517
1665.000000 0.013205
1666.000000 0.016155
1667.000000 0.042455
1668.000000 0.024691
1669.000000 0.008196
1670.000000 0.013360
1671.000000 0.027842
1672.000000 0.039164
1673.000000 0.051880
1674.000000 0.058286
1675.000000 0.025117
1676.000000 0.006270
1677.000000 0.034761
1678.000000 0.028718
1679.000000 0.035236
1680.000000 0.051087
1681.000000 0.031331
1682.000000 0.048654
1683.000000 0.014606
1684.000000 0.016577
1685.000000 0.020007
1686.000000 0.018958
1687.000000 0.033444
1688.000000 0.046928
1689.000000 0.006241
1690.000000 0.031629
1691.000000 0.021234
1692.000000 0.025658
1693.000000 0.018256
1694.000000 0.037136
1695.000000 0.046589
1696.000000 0.054527
1697.000000 0.007705
1698.000000 0.029166
1699.000000 0.033879
1700.000000 0.030567
1701.000000 0.018550
1702.000000 0.046975
1703.000000 0.018867
1704.000000 0.023098
1705.000000 0.065923
1706.000000 0.052435
1707.000000 0.006773
1708.000000 0.036691
1709.000000 0.030380
1710.000000 0.002098
1711.000000 0.036375
1712.000000 0.041209
1713.000000 0.036965
1714.000000 0.035259
1715.000000 0.057972
1716.000000 0.027174
1717.000000 0.030632
1718.000000 0.026559
1719.000000 0.033478
1720.000000 0.011651
1721.000000 0.032476
1722.000000 0.026426
1723.000000 0.003554
1724.000000 0.031063
1725.000000 0.063359
1726.000000 0.039626
1727.000000 0.039838
1728.000000 0.022242
1729.000000 0.017394
1730.000000 0.031049
1731.000000 0.033952
1732.000000 0.025726
1733.000000 0.022360
1734.000000 0.032195
1735.000000 0.020082
1736.000000 0.022418
1737.000000 0.021994
1738.000000 0.035057
1739.000000 0.025710
1740.000000 0.017743
1741.000000 0.023022
1742.000000 0.040366
1743.000000 0.025920
1744.000000 0.016235
1745.000000 0.041993
1746.000000 0.021065
1747.000000 0.043017
1748.000000 0.027388
1749.000000 0.041011
1750.000000 0.027158
1751.000000 0.027556
1752.000000 0.052925
1753.000000 0.050312
1754.000000 0.041028
1755.000000 0.014561
1756.000000 0.031896
1757.000000 0.020084
1758.000000 0.035703
1759.000000 0.040142
1760.000000 0.021790
1761.000000 0.043298
1762.000000 0.012251
1763.000000 0.010546
1764.000000 0.007293
1765.000000 0.034200
1766.000000 0.020803
1767.000000 0.086103
1768.000000 0.070046
1769.000000 0.048611
1770.000000 0.026365
1771.000000 0.037108
1772.000000 0.011462
1773.000000 0.060799
1774.000000 0.029248
1775.000000 0.025423
1776.000000 0.031757
1777.000000 0.014158
1778.000000 0.011132
1779.000000 0.015714
1780.000000 0.007425
1781.000000 0.012218
1782.000000 0.043379
1783.000000 0.026573
1784.000000 0.024359
1785.000000 0.041762
1786.000000 0.028577
1787.000000 0.051240
1788.000000 0.038480
1789.000000 0.017345
1790.000000 0.044330
1791.000000 0.022630
1792.000000 0.025352
1793.000000 0.007480
1794.000000 0.014974
1795.000000 0.034900
1796.000000 0.020422
1797.000000 0.021130
1798.000000 0.011072
1799.000000 0.040995
1800.000000 0.072488
1801.000000 0.042793
1802.000000 0.039826
1803.000000 0.014009
1804.000000 0.054679
1805.000000 0.015322
1806.000000 0.011400
1807.000000 0.008705
1808.000000 0.036899
1809.000000 0.002381
1810.000000 0.019176
1811.000000 0.023919
1812.000000 0.054744
1813.000000 0.009613
1814.000000 0.027392
1815.000000 0.011927
1816.000000 0.017024
1817.000000 0.034004
1818.000000 0.009294
1819.000000 0.037265
1820.000000 0.029206
1821.000000 0.035049
1822.000000 0.018573
1823.000000 0.034684
1824.000000 0.031171
1825.000000 0.062524
1826.000000 0.014464
1827.000000 0.057153
1828.000000 0.037847
1829.000000 0.015769
1830.000000 0.046262
1831.000000 0.020952
1832.000000 0.014154
1833.000000 0.011935
1834.000000 0.031462
1835.000000 0.013091
1836.000000 0.012582
1837.000000 0.031069
1838.000000 0.068560
1839.000000 0.064938
1840.000000 0.003017
1841.000000 0.008769
1842.000000 0.013487
1843.000000 0.015128
1844.000000 0.043526
1845.000000 0.060010
1846.000000 0.005202
1847.000000 0.033455
1848.000000 0.030644
1849.000000 0.031336
1850.000000 0.019155
1851.000000 0.055115
1852.000000 0.027227
1853.000000 0.045614
1854.000000 0.054710
1855.000000 0.050482
1856.000000 0.029522
1857.000000 0.021024
1858.000000 0.023613
1859.000000 0.012875
1860.000000 0.012888
1861.000000 0.063619
1862.000000 0.029504
1863.000000 0.016258
1864.000000 0.026693
1865.000000 0.015602
1866.000000 0.064029
1867.000000 0.026621
1868.000000 0.029918
1869.000000 0.024735
1870.000000 0.031133
1871.000000 0.002138
1872.000000 0.038625
1873.000000 0.003279
1874.000000 0.021263
1875.000000 0.020269
1876.000000 0.065004
1877.000000 0.018194
1878.000000 0.051014
1879.000000 0.009105
1880.000000 0.023655
1881.000000 0.039059
1882.000000 0.014587
1883.000000 0.021593
1884.000000 0.024335
1885.000000 0.018382
1886.000000 0.018142
1887.000000 0.035491
1888.000000 0.048421
1889.000000 0.024264
1890.000000 0.039947
1891.000000 0.030476
1892.000000 0.037493
1893.000000 0.063260
1894.000000 0.062176
1895.000000 0.007375
1896.000000 0.012140
1897.000000 0.018462
1898.000000 0.015125
1899.000000 0.049845
1900.000000 0.038265
1901.000000 0.039402
1902.000000 0.023388
1903.000000 0.038896
1904.000000 0.016462
1905.000000 0.039707
1906.000000 0.051053
1907.000000 0.056730
1908.000000 0.041819
1909.000000 0.020220
1910.000000 0.025375
1911.000000 0.018372
1912.000000 0.044478
1913.000000 0.032111
1914.000000 0.038849
1915.000000 0.025298
1916.000000 0.029657
1917.000000 0.054951
1918.000000 0.026769
1919.000000 0.008978
1920.000000 0.049118
1921.000000 0.054094
1922.000000 0.055759
1923.000000 0.036157
1924.000000 0.025303
1925.000000 0.034628
1926.000000 0.047945
1927.000000 0.011324
1928.000000 0.067989
1929.000000 0.046817
1930.000000 0.052861
1931.000000 0.033864
1932.000000 0.005589
1933.000000 0.025613
1934.000000 0.011846
1935.000000 0.022478
1936.000000 0.022982
1937.000000 0.009110
1938.000000 0.044017
1939.000000 0.019787
1940.000000 0.018631
1941.000000 0.012301
1942.000000 0.038173
1943.000000 0.015914
1944.000000 0.020871
1945.000000 0.043172
1946.000000 0.016968
1947.000000 0.032026
1948.000000 0.006522
1949.000000 0.006627
1950.000000 0.020392
1951.000000 0.007631
1952.000000 0.035470
1953.000000 0.033872
1954.000000 0.017910
1955.000000 0.031127
1956.000000 0.025307
1957.000000 0.008197
1958.000000 0.028048
1959.000000 0.027552
1960.000000 0.008319
1961.000000 0.031742
1962.000000 0.015707
1963.000000 0.046207
1964.000000 0.030729
1965.000000 0.031084
1966.000000 0.067495
1967.000000 0.052001
1968.000000 0.050437
1969.000000 0.037806
1970.000000 0.050252
1971.000000 0.021955
1972.000000 0.046543
1973.000000 0.027068
1974.000000 0.022384
1975.000000 0.008838
1976.000000 0.062832
1977.000000 0.016151
1978.000000 0.034955
1979.000000 0.054148
1980.000000 0.033953
1981.000000 0.015969
1982.000000 0.039683
1983.000000 0.008155
1984.000000 0.018113
1985.000000 0.048022
1986.000000 0.015978
1987.000000 0.022123
1988.000000 0.052249
1989.000000 0.011618
1990.000000 0.050613
1991.000000 0.027263
1992.000000 0.009963
1993.000000 0.021748
1994.000000 0.001149
1995.000000 0.014194
1996.000000 0.024400
1997.000000 0.021542
1998.000000 0.036914
1999.000000 0.035898
2000.000000 0.052912
2001.000000 0.019074
2002.000000 0.017936
2003.000000 0.039374
2004.000000 0.030924
2005.000000 0.029724
2006.000000 0.021572
2007.000000 0.009470
2008.000000 0.007879
2009.000000 0.036783
2010.000000 0.018801
2011.000000 0.021160
2012.000000 0.026006
2013.000000 0.030940
2014.000000 0.032914
2015.000000 0.027037
2016.000000 0.016148
2017.000000 0.037371
2018.000000 0.014915
2019.000000 0.020208
2020.000000 0.028143
2021.000000 0.036426
2022.000000 0.020240
2023.000000 0.024859
2024.000000 0.039988
2025.000000 0.044713
2026.000000 0.018431
2027.000000 0.041292
2028.000000 0.032534
2029.000000 0.001917
2030.000000 0.015045
2031.000000 0.025957
2032.000000 0.020437
2033.000000 0.039729
2034.000000 0.030414
2035.000000 0.033233
2036.000000 0.007734
2037.000000 0.055381
2038.000000 0.025536
2039.000000 0.029719
2040.000000 0.045130
2041.000000 0.021826
2042.000000 0.019644
2043.000000 0.029360
2044.000000 0.030198
2045.000000 0.029450
2046.000000 0.030128
2047.000000 0.056611
2048.000000 0.014123
2049.000000 0.031519
2050.000000 0.011956
2051.000000 0.057533
2052.000000 0.032712
2053.000000 0.011597
2054.000000 0.042649
2055.000000 0.044787
2056.000000 0.026250
2057.000000 0.030223
2058.000000 0.015993
2059.000000 0.026184
2060.000000 0.054255
2061.000000 0.014847
2062.000000 0.018275
2063.000000 0.059254
2064.000000 0.010949
2065.000000 0.015196
2066.000000 0.044189
2067.000000 0.038689
2068.000000 0.035227
2069.000000 0.023101
2070.000000 0.037629
2071.000000 0.013452
2072.000000 0.002989
2073.000000 0.033738
2074.000000 0.027454
2075.000000 0.009475
2076.000000 0.032827
2077.000000 0.041413
2078.000000 0.034175
2079.000000 0.013401
2080.000000 0.034723
2081.000000 0.023675
2082.000000 0.018383
2083.000000 0.042782
2084.000000 0.031408
2085.000000 0.024883
2086.000000 0.055683
2087.000000 0.041299
2088.000000 0.020395
2089.000000 0.037403
2090.000000 0.035517
2091.000000 0.012664
2092.000000 0.037327
2093.000000 0.041629
2094.000000 0.035607
2095.000000 0.037118
2096.000000 0.021287
2097.000000 0.049917
2098.000000 0.010415
2099.000000 0.073379
2100.000000 0.005580
2101.000000 0.039701
2102.000000 0.036622
2103.000000 0.025380
2104.000000 0.021667
2105.000000 0.051862
2106.000000 0.023412
2107.000000 0.005271
2108.000000 0.024523
2109.000000 0.027904
2110.000000 0.016432
2111.000000 0.018929
2112.000000 0.030222
2113.000000 0.039992
2114.000000 0.026124
2115.000000 0.025505
2116.000000 0.025518
2117.000000 0.003981
2118.000000 0.057109
2119.000000 0.018174
2120.000000 0.027301
2121.000000 0.020955
2122.000000 0.027901
2123.000000 0.045475
2124.000000 0.037592
2125.000000 0.062187
2126.000000 0.036160
2127.000000 0.054706
2128.000000 0.013538
2129.000000 0.022780
2130.000000 0.012462
2131.000000 0.018227
2132.000000 0.056385
2133.000000 0.039868
2134.000000 0.057789
2135.000000 0.034765
2136.000000 0.031191
2137.000000 0.019626
2138.000000 0.030715
2139.000000 0.011393
2140.000000 0.025497
2141.000000 0.032293
2142.000000 0.045813
2143.000000 0.010652
2144.000000 0.014236
2145.000000 0.008329
2146.000000 0.014206
2147.000000 0.036314
2148.000000 0.015035
2149.000000 0.013327
2150.000000 0.046564
2151.000000 0.037491
2152.000000 0.026046
2153.000000 0.030643
2154.000000 0.043011
2155.000000 0.033261
2156.000000 0.020437
2157.000000 0.050607
2158.000000 0.035278
2159.000000 0.030878
2160.000000 0.029577
2161.000000 0.031435
2162.000000 0.030356
2163.000000 0.044506
2164.000000 0.040516
2165.000000 0.036527
2166.000000 0.028148
2167.000000 0.018450
2168.000000 0.016075
2169.000000 0.044967
2170.000000 0.018261
2171.000000 0.051599
2172.000000 0.019551
2173.000000 0.029767
2174.000000 0.041039
2175.000000 0.038167
2176.000000 0.029968
2177.000000 0.014617
2178.000000 0.020743
2179.000000 0.023243
2180.000000 0.018498
2181.000000 0.035270
2182.000000 0.024402
2183.000000 0.032296
2184.000000 0.039285
2185.000000 0.027066
2186.000000 0.024047
2187.000000 0.016906
2188.000000 0.085377
2189.000000 0.047991
2190.000000 0.035194
2191.000000 0.050469
2192.000000 0.030638
2193.000000 0.018110
2194.000000 0.038933
2195.000000 0.051650
2196.000000 0.015387
2197.000000 0.027118
2198.000000 0.029985
2199.000000 0.011620
2200.000000 0.035826
2201.000000 0.044780
2202.000000 0.019189
2203.000000 0.023644
2204.000000 0.019511
2205.000000 0.025039
2206.000000 0.014223
2207.000000 0.028456
2208.000000 0.019109
2209.000000 0.024027
2210.000000 0.016612
2211.000000 0.021657
2212.000000 0.022725
2213.000000 0.019913
2214.000000 0.012219
2215.000000 0.030493
2216.000000 0.014266
2217.000000 0.019930
2218.000000 0.009092
2219.000000 0.034643
2220.000000 0.038497
2221.000000 0.026346
2222.000000 0.006645
2223.000000 0.034597
2224.000000 0.032877
2225.000000 0.013804
2226.000000 0.049987
2227.000000 0.012477
2228.000000 0.052584
2229.000000 0.014711
2230.000000 0.032954
2231.000000 0.071533
2232.000000 0.041859
2233.000000 0.039781
2234.000000 0.076371
2235.000000 0.042722
2236.000000 0.036119
2237.000000 0.019088
2238.000000 0.030096
2239.000000 0.015533
2240.000000 0.020662
2241.000000 0.015811
2242.000000 0.035664
2243.000000 0.032795
2244.000000 0.024523
2245.000000 0.031255
2246.000000 0.012255
2247.000000 0.016690
2248.000000 0.040420
2249.000000 0.037459
2250.000000 0.013817
2251.000000 0.026300
2252.000000 0.012815
2253.000000 0.033441
2254.000000 0.040579
2255.000000 0.039961
2256.000000 0.012791
2257.000000 0.013145
2258.000000 0.025618
2259.000000 0.041432
2260.000000 0.017774
2261.000000 0.041629
2262.000000 0.030943
2263.000000 0.032784
2264.000000 0.004047
2265.000000 0.032576
2266.000000 0.071454
2267.000000 0.012118
2268.000000 0.008798
2269.000000 0.041221
2270.000000 0.005780
2271.000000 0.037077
2272.000000 0.031688
2273.000000 0.041105
2274.000000 0.040543
2275.000000 0.036360
2276.000000 0.030000
2277.000000 0.023581
2278.000000 0.024422
2279.000000 0.007204
2280.000000 0.027344
2281.000000 0.022614
2282.000000 0.016494
2283.000000 0.008497
2284.000000 0.006006
2285.000000 0.028382
2286.000000 0.031024
2287.000000 0.011310
2288.000000 0.000128
2289.000000 0.016750
2290.000000 0.034897
2291.000000 0.015906
2292.000000 0.032048
2293.000000 0.021423
2294.000000 0.017959
2295.000000 0.014387
2296.000000 0.020513
2297.000000 0.015906
2298.000000 0.012425
2299.000000 0.039677
2300.000000 0.020544
2301.000000 0.070317
2302.000000 0.040816
2303.000000 0.040760
2304.000000 0.032145
2305.000000 0.025298
2306.000000 0.007451
2307.000000 0.008803
2308.000000 0.027304
2309.000000 0.016716
2310.000000 0.049606
2311.000000 0.029857
2312.000000 0.004859
2313.000000 0.054182
2314.000000 0.014745
2315.000000 0.037761
2316.000000 0.023121
2317.000000 0.013537
2318.000000 0.032009
2319.000000 0.012588
2320.000000 0.060642
2321.000000 0.018725
2322.000000 0.034459
2323.000000 0.021046
2324.000000 0.015969
2325.000000 0.000791
2326.000000 0.011315
2327.000000 0.025080
2328.000000 0.021923
2329.000000 0.062890
2330.000000 0.069308
2331.000000 0.031695
2332.000000 0.017154
2333.000000 0.006829
2334.000000 0.057038
2335.000000 0.018666
2336.000000 0.008114
2337.000000 0.035654
2338.000000 0.042198
2339.000000 0.034552
2340.000000 0.032189
2341.000000 0.032386
2342.000000 0.057400
2343.000000 0.024658
2344.000000 0.055312
2345.000000 0.014175
2346.000000 0.021196
2347.000000 0.030172
2348.000000 0.029223
2349.000000 0.022965
2350.000000 0.023240
2351.000000 0.053793
2352.000000 0.022788
2353.000000 0.022910
2354.000000 0.041491
2355.000000 0.036603
2356.000000 0.040043
2357.000000 0.031490
2358.000000 0.016751
2359.000000 0.046512
2360.000000 0.035787
2361.000000 0.012841
2362.000000 0.039496
2363.000000 0.025738
2364.000000 0.032176
2365.000000 0.043502
2366.000000 0.041543
2367.000000 0.041608
2368.000000 0.007746
2369.000000 0.046015
2370.000000 0.074835
2371.000000 0.028163
2372.000000 0.010883
2373.000000 0.012487
2374.000000 0.010030
2375.000000 0.030798
2376.000000 0.036642
2377.000000 0.029266
2378.000000 0.030902
2379.000000 0.029701
2380.000000 0.040476
2381.000000 0.008591
2382.000000 0.021817
2383.000000 0.010227
2384.000000 0.029065
2385.000000 0.068613
2386.000000 0.031964
2387.000000 0.012014
2388.000000 0.034104
2389.000000 0.045796
2390.000000 0.043512
2391.000000 0.015276
2392.000000 0.009822
2393.000000 0.011165
2394.000000 0.030457
2395.000000 0.039224
2396.000000 0.055056
2397.000000 0.041889
2398.000000 0.033027
2399.000000 0.029284
2400.000000 0.038262
2401.000000 0.026119
2402.000000 0.009406
2403.000000 0.070300
2404.000000 0.063501
2405.000000 0.036467
2406.000000 0.042648
2407.000000 0.010662
2408.000000 0.024770
2409.000000 0.022831
2410.000000 0.040769
2411.000000 0.003830
2412.000000 0.015821
2413.000000 0.011653
2414.000000 0.071017
2415.000000 0.044137
2416.000000 0.021816
2417.000000 0.023070
2418.000000 0.030627
2419.000000 0.010451
2420.000000 0.058854
2421.000000 0.027190
2422.000000 0.015471
2423.000000 0.042551
2424.000000 0.021133
2425.000000 0.029486
2426.000000 0.032895
2427.000000 0.020663
2428.000000 0.006422
2429.000000 0.009078
2430.000000 0.022305
2431.000000 0.022877
2432.000000 0.016694
2433.000000 0.025144
2434.000000 0.032195
2435.000000 0.021022
2436.000000 0.019527
2437.000000 0.024026
2438.000000 0.010905
2439.000000 0.036254
2440.000000 0.011731
2441.000000 0.024337
2442.000000 0.025743
2443.000000 0.066471
2444.000000 0.060877
2445.000000 0.016488
2446.000000 0.011614
2447.000000 0.044773
2448.000000 0.049499
2449.000000 0.030643
2450.000000 0.031445
2451.000000 0.017285
2452.000000 0.012629
2453.000000 0.037005
2454.000000 0.008917
2455.000000 0.035717
2456.000000 0.020200
2457.000000 0.036112
2458.000000 0.012851
2459.000000 0.041186
2460.000000 0.018359
2461.000000 0.001236
2462.000000 0.048586
2463.000000 0.040855
2464.000000 0.025791
2465.000000 0.007038
2466.000000 0.052652
2467.000000 0.072203
2468.000000 0.027880
2469.000000 0.026860
2470.000000 0.009728
2471.000000 0.009555
2472.000000 0.022352
2473.000000 0.029420
2474.000000 0.028932
2475.000000 0.020155
2476.000000 0.027436
2477.000000 0.043414
2478.000000 0.021562
2479.000000 0.059345
2480.000000 0.027544
2481.000000 0.027189
2482.000000 0.039127
2483.000000 0.050326
2484.000000 0.018840
2485.000000 0.029627
2486.000000 0.010649
2487.000000 0.013815
2488.000000 0.025384
2489.000000 0.046263
2490.000000 0.030524
2491.000000 0.025751
2492.000000 0.025886
2493.000000 0.031650
2494.000000 0.038734
2495.000000 0.017371
2496.000000 0.031563
2497.000000 0.017659
2498.000000 0.026913
2499.000000 0.012113
2500.000000 0.024756
2501.000000 0.009721
2502.000000 0.009509
2503.000000 0.017314
2504.000000 0.029570
2505.000000 0.026162
2506.000000 0.029359
2507.000000 0.014147
2508.000000 0.014899
2509.000000 0.064082
2510.000000 0.030835
2511.000000 0.030111
2512.000000 0.025423
2513.000000 0.034633
2514.000000 0.024506
2515.000000 0.028256
2516.000000 0.017269
2517.000000 0.048792
2518.000000 0.020828
2519.000000 0.017945
2520.000000 0.023409
2521.000000 0.024366
2522.000000 0.024285
2523.000000 0.007136
2524.000000 0.025035
2525.000000 0.028788
2526.000000 0.017691
2527.000000 0.016725
2528.000000 0.029730
2529.000000 0.051150
2530.000000 0.027479
2531.000000 0.009532
2532.000000 0.021675
2533.000000 0.016367
2534.000000 0.042538
2535.000000 0.017246
2536.000000 0.029474
2537.000000 0.028029
2538.000000 0.027607
2539.000000 0.005171
2540.000000 0.043193
2541.000000 0.033174
2542.000000 0.042788
2543.000000 0.012298
2544.000000 0.021886
2545.000000 0.048086
2546.000000 0.025804
2547.000000 0.018509
2548.000000 0.071906
2549.000000 0.016266
2550.000000 0.042201
2551.000000 0.027608
2552.000000 0.038739
2553.000000 0.035235
2554.000000 0.014400
2555.000000 0.049474
2556.000000 0.043935
2557.000000 0.051731
2558.000000 0.022119
2559.000000 0.022671
2560.000000 0.045774
2561.000000 0.025626
2562.000000 0.033118
2563.000000 0.005353
2564.000000 0.048196
2565.000000 0.004908
2566.000000 0.024706
2567.000000 0.010446
2568.000000 0.008560
2569.000000 0.021991
2570.000000 0.051868
2571.000000 0.005225
2572.000000 0.019462
2573.000000 0.008916
2574.000000 0.049588
2575.000000 0.004337
2576.000000 0.032719
2577.000000 0.013567
2578.000000 0.054703
2579.000000 0.015977
2580.000000 0.016934
2581.000000 0.003065
2582.000000 0.013404
2583.000000 0.015266
2584.000000 0.011096
2585.000000 0.038198
2586.000000 0.016508
2587.000000 0.015392
2588.000000 0.025606
2589.000000 0.072061
2590.000000 0.020967
2591.000000 0.029442
2592.000000 0.034084
2593.000000 0.005994
2594.000000 0.023248
2595.000000 0.037193
2596.000000 0.019357
2597.000000 0.028939
2598.000000 0.009667
2599.000000 0.056142
2600.000000 0.044118
2601.000000 0.036295
2602.000000 0.065031
2603.000000 0.028238
2604.000000 0.017141
2605.000000 0.018220
2606.000000 0.025495
2607.000000 0.015295
2608.000000 0.006491
2609.000000 0.024900
2610.000000 0.034988
2611.000000 0.023855
2612.000000 0.015875
2613.000000 0.006126
2614.000000 0.051607
2615.000000 0.050833
2616.000000 0.031315
2617.000000 0.026722
2618.000000 0.021692
2619.000000 0.017981
2620.000000 0.010451
2621.000000 0.060735
2622.000000 0.011415
2623.000000 0.010991
2624.000000 0.024856
2625.000000 0.036856
2626.000000 0.035524
2627.000000 0.032222
2628.000000 0.020179
2629.000000 0.047420
2630.000000 0.044194
2631.000000 0.023374
2632.000000 0.046395
2633.000000 0.018304
2634.000000 0.034592
2635.000000 0.051625
2636.000000 0.027621
2637.000000 0.035829
2638.000000 0.019444
2639.000000 0.017225
2640.000000 0.026560
2641.000000 0.031076
2642.000000 0.013042
2643.000000 0.020516
2644.000000 0.038643
2645.000000 0.028600
2646.000000 0.060865
2647.000000 0.065945
2648.000000 0.040207
2649.000000 0.016654
2650.000000 0.055291
2651.000000 0.042914
2652.000000 0.016959
2653.000000 0.020122
2654.000000 0.031745
2655.000000 0.023027
2656.000000 0.027259
2657.000000 0.017638
2658.000000 0.024716
2659.000000 0.035942
2660.000000 0.009506
2661.000000 0.036640
2662.000000 0.031013
2663.000000 0.053807
2664.000000 0.035584
2665.000000 0.035084
2666.000000 0.034956
2667.000000 0.051756
2668.000000 0.066009
2669.000000 0.038091
2670.000000 0.026769
2671.000000 0.070276
2672.000000 0.030560
2673.000000 0.030312
2674.000000 0.045609
2675.000000 0.036070
2676.000000 0.032055
2677.000000 0.030336
2678.000000 0.049507
2679.000000 0.034116
2680.000000 0.008366
2681.000000 0.045324
2682.000000 0.005379
2683.000000 0.044641
2684.000000 0.010199
2685.000000 0.026612
2686.000000 0.012293
2687.000000 0.043269
2688.000000 0.002750
2689.000000 0.008336
2690.000000 0.021620
2691.000000 0.056730
2692.000000 0.063105
2693.000000 0.032414
2694.000000 0.037473
2695.000000 0.051324
2696.000000 0.055478
2697.000000 0.026939
2698.000000 0.034750
2699.000000 0.044106
2700.000000 0.039420
2701.000000 0.023436
2702.000000 0.008642
2703.000000 0.010414
2704.000000 0.011631
2705.000000 0.025679
2706.000000 0.030326
2707.000000 0.005578
2708.000000 0.040953
2709.000000 0.037910
2710.000000 0.040810
2711.000000 0.024663
2712.000000 0.029511
2713.000000 0.044958
2714.000000 0.016933
2715.000000 0.008548
2716.000000 0.023054
2717.000000 0.022046
2718.000000 0.014836
2719.000000 0.019546
2720.000000 0.046441
2721.000000 0.022520
2722.000000 0.044480
2723.000000 0.032274
2724.000000 0.026358
2725.000000 0.029615
2726.000000 0.046972
2727.000000 0.058562
2728.000000 0.076439
2729.000000 0.012812
2730.000000 0.036240
2731.000000 0.027499
2732.000000 0.025583
2733.000000 0.027193
2734.000000 0.022521
2735.000000 0.019551
2736.000000 0.007198
2737.000000 0.021592
2738.000000 0.021182
2739.000000 0.023879
2740.000000 0.020774
2741.000000 0.029649
2742.000000 0.043454
2743.000000 0.003433
2744.000000 0.012942
2745.000000 0.024359
2746.000000 0.033940
2747.000000 0.032420
2748.000000 0.025473
2749.000000 0.017767
2750.000000 0.058304
2751.000000 0.049734
2752.000000 0.017175
2753.000000 0.026239
2754.000000 0.051657
2755.000000 0.068630
2756.000000 0.060400
2757.000000 0.053989
2758.000000 0.008421
2759.000000 0.035342
2760.000000 0.043436
2761.000000 0.019883
2762.000000 0.028003
2763.000000 0.038341
2764.000000 0.032047
2765.000000 0.040228
2766.000000 0.068137
2767.000000 0.050687
2768.000000 0.040053
2769.000000 0.039471
2770.000000 0.026585
2771.000000 0.024526
2772.000000 0.013617
2773.000000 0.024527
2774.000000 0.058830
2775.000000 0.039615
2776.000000 0.038237
2777.000000 0.032729
2778.000000 0.017553
2779.000000 0.021608
2780.000000 0.011673
2781.000000 0.011544
2782.000000 0.018908
2783.000000 0.010666
2784.000000 0.017404
2785.000000 0.021171
2786.000000 0.024853
2787.000000 0.046211
2788.000000 0.023017
2789.000000 0.014673
2790.000000 0.021295
2791.000000 0.047495
2792.000000 0.014197
2793.000000 0.031297
2794.000000 0.017495
2795.000000 0.039079
2796.000000 0.035603
2797.000000 0.015355
2798.000000 0.011109
2799.000000 0.026390
2800.000000 0.021540
2801.000000 0.063101
2802.000000 0.028384
2803.000000 0.017594
2804.000000 0.040017
2805.000000 0.043205
2806.000000 0.054645
2807.000000 0.032560
2808.000000 0.013634
2809.000000 0.013095
2810.000000 0.030967
2811.000000 0.014187
2812.000000 0.030678
2813.000000 0.017877
2814.000000 0.052055
2815.000000 0.037395
2816.000000 0.067495
2817.000000 0.038583
2818.000000 0.031281
2819.000000 0.011140
2820.000000 0.014559
2821.000000 0.029941
2822.000000 0.017430
2823.000000 0.081671
2824.000000 0.040923
2825.000000 0.017992
2826.000000 0.044533
2827.000000 0.018323
2828.000000 0.049575
2829.000000 0.025639
2830.000000 0.053602
2831.000000 0.014280
2832.000000 0.049020
2833.000000 0.046752
2834.000000 0.044852
2835.000000 0.044433
2836.000000 0.008845
2837.000000 0.003394
2838.000000 0.029545
2839.000000 0.007485
2840.000000 0.050310
2841.000000 0.057110
2842.000000 0.038836
2843.000000 0.071347
2844.000000 0.029974
2845.000000 0.014443
2846.000000 0.008546
2847.000000 0.039646
2848.000000 0.023080
2849.000000 0.012648
2850.000000 0.008856
2851.000000 0.033556
2852.000000 0.026851
2853.000000 0.043074
2854.000000 0.031855
2855.000000 0.031222
2856.000000 0.023640
2857.000000 0.040010
2858.000000 0.007184
2859.000000 0.016770
2860.000000 0.039248
2861.000000 0.006938
2862.000000 0.036195
2863.000000 0.033323
2864.000000 0.018444
2865.000000 0.025430
2866.000000 0.032310
2867.000000 0.022680
2868.000000 0.017487
2869.000000 0.040768
2870.000000 0.048513
2871.000000 0.030085
2872.000000 0.053762
2873.000000 0.018554
2874.000000 0.053428
2875.000000 0.018562
2876.000000 0.006349
2877.000000 0.019769
2878.000000 0.017224
2879.000000 0.049948
2880.000000 0.032954
2881.000000 0.012998
2882.000000 0.013264
2883.000000 0.031863
2884.000000 0.034796
2885.000000 0.025102
2886.000000 0.016890
2887.000000 0.028586
2888.000000 0.009696
2889.000000 0.032941
2890.000000 0.020626
2891.000000 0.017667
2892.000000 0.042601
2893.000000 0.060205
2894.000000 0.052968
2895.000000 0.013316
2896.000000 0.049592
2897.000000 0.028248
2898.000000 0.021503
2899.000000 0.021710
2900.000000 0.022638
2901.000000 0.027695
2902.000000 0.024525
2903.000000 0.021613
2904.000000 0.024735
2905.000000 0.028064
2906.000000 0.023947
2907.000000 0.030728
2908.000000 0.019559
2909.000000 0.027557
2910.000000 0.009011
2911.000000 0.041562
2912.000000 0.006902
2913.000000 0.018285
2914.000000 0.017841
2915.000000 0.022881
2916.000000 0.024696
2917.000000 0.021533
2918.000000 0.022743
2919.000000 0.010583
2920.000000 0.030409
2921.000000 0.027649
2922.000000 0.015700
2923.000000 0.034712
2924.000000 0.060745
2925.000000 0.039943
2926.000000 0.029307
2927.000000 0.043955
2928.000000 0.015711
2929.000000 0.007178
2930.000000 0.021629
2931.000000 0.016128
2932.000000 0.015315
2933.000000 0.015791
2934.000000 0.029433
2935.000000 0.095672
2936.000000 0.051132
2937.000000 0.076298
2938.000000 0.008916
2939.000000 0.003204
2940.000000 0.003700
2941.000000 0.031447
2942.000000 0.056726
2943.000000 0.021695
2944.000000 0.033769
2945.000000 0.022091
2946.000000 0.004383
2947.000000 0.018173
2948.000000 0.043548
2949.000000 0.046422
2950.000000 0.019587
2951.000000 0.005333
2952.000000 0.008520
2953.000000 0.028515
2954.000000 0.028476
2955.000000 0.045625
2956.000000 0.021923
2957.000000 0.004815
2958.000000 0.030897
2959.000000 0.015615
2960.000000 0.037932
2961.000000 0.027563
2962.000000 0.042149
2963.000000 0.004335
2964.000000 0.014961
2965.000000 0.021139
2966.000000 0.037694
2967.000000 0.054128
2968.000000 0.014841
2969.000000 0.014336
2970.000000 0.023729
2971.000000 0.009224
2972.000000 0.003749
2973.000000 0.045992
2974.000000 0.032144
2975.000000 0.039720
2976.000000 0.036777
2977.000000 0.012503
2978.000000 0.034086
2979.000000 0.041459
2980.000000 0.024971
2981.000000 0.021011
2982.000000 0.012944
2983.000000 0.026459
2984.000000 0.043222
2985.000000 0.034797
2986.000000 0.033059
2987.000000 0.042601
2988.000000 0.018516
2989.000000 0.021829
2990.000000 0.030171
2991.000000 0.030448
2992.000000 0.012069
2993.000000 0.015059
2994.000000 0.034232
2995.000000 0.026192
2996.000000 0.025132
2997.000000 0.028686
2998.000000 0.026063
2999.000000 0.031411
3000.000000 0.047073
