10.000000 0.125329
20.000000 0.089941
30.000000 0.056924
40.000000 0.136921
50.000000 0.085671
60.000000 0.193581
70.000000 0.203584
80.000000 0.246501
90.000000 0.234280
100.000000 0.074866
110.000000 0.069771
120.000000 0.084944
130.000000 0.173106
140.000000 0.036219
150.000000 0.114563
160.000000 0.162908
170.000000 0.057861
180.000000 0.113918
190.000000 0.136890
200.000000 0.111853
210.000000 0.113426
220.000000 0.126794
230.000000 0.105722
240.000000 0.152028
250.000000 0.059069
260.000000 0.030170
270.000000 0.033316
280.000000 0.074213
290.000000 0.091610
300.000000 0.052924
310.000000 0.104923
320.000000 0.084071
330.000000 0.076035
340.000000 0.114641
350.000000 0.154552
360.000000 0.131567
370.000000 0.090151
380.000000 0.165522
390.000000 0.030814
400.000000 0.114153
410.000000 0.074325
420.000000 0.075865
430.000000 0.233107
440.000000 0.025582
450.000000 0.101818
460.000000 0.069307
470.000000 0.176799
480.000000 0.091052
490.000000 0.159018
500.000000 0.101799
510.000000 0.066448
520.000000 0.042177
530.000000 0.169595
540.000000 0.183715
550.000000 0.145172
560.000000 0.117147
570.000000 0.180391
580.000000 0.089516
590.000000 0.036664
600.000000 0.147231
610.000000 0.014721
620.000000 0.188091
630.000000 0.080081
640.000000 0.182187
650.000000 0.047235
660.000000 0.242480
670.000000 0.124008
680.000000 0.082569
690.000000 0.064613
700.000000 0.090364
710.000000 0.087751
720.000000 0.046698
730.000000 0.088119
740.000000 0.112080
750.000000 0.010561
760.000000 0.071025
770.000000 0.084607
780.000000 0.090383
790.000000 0.052814
800.000000 0.064224
810.000000 0.104402
820.000000 0.116749
830.000000 0.063694
840.000000 0.175219
850.000000 0.079463
860.000000 0.099898
870.000000 0.176175
880.000000 0.169769
890.000000 0.023578
900.000000 0.049932
910.000000 0.046316
920.000000 0.219714
930.000000 0.156518
940.000000 0.193448
950.000000 0.090132
960.000000 0.133065
970.000000 0.050271
980.000000 0.098181
990.000000 0.093271
1000.000000 0.102787
