10.000000 0.112926
20.000000 0.153583
30.000000 0.216176
40.000000 0.053109
50.000000 0.060235
60.000000 0.021964
70.000000 0.030917
80.000000 0.044705
90.000000 0.175785
100.000000 0.272363
110.000000 0.064126
120.000000 0.085319
130.000000 0.089046
140.000000 0.172696
150.000000 0.093363
160.000000 0.058537
170.000000 0.070311
180.000000 0.193884
190.000000 0.204929
200.000000 0.123319
210.000000 0.146688
220.000000 0.142340
230.000000 0.089050
240.000000 0.049701
250.000000 0.190682
260.000000 0.142440
270.000000 0.113593
280.000000 0.062421
290.000000 0.241696
300.000000 0.193172
310.000000 0.050543
320.000000 0.197284
330.000000 0.023532
340.000000 0.054906
350.000000 0.094190
360.000000 0.022642
370.000000 0.212571
380.000000 0.015660
390.000000 0.154778
400.000000 0.030547
410.000000 0.042287
420.000000 0.023761
430.000000 0.112712
440.000000 0.098077
450.000000 0.206611
460.000000 0.074424
470.000000 0.103522
480.000000 0.001893
490.000000 0.011486
500.000000 0.150894
510.000000 0.219089
520.000000 0.156256
530.000000 0.183694
540.000000 0.101785
550.000000 0.032030
560.000000 0.168051
570.000000 0.147411
580.000000 0.185097
590.000000 0.044233
600.000000 0.041309
610.000000 0.055794
620.000000 0.147649
630.000000 0.079852
640.000000 0.002137
650.000000 0.083680
660.000000 0.108297
670.000000 0.088631
680.000000 0.105246
690.000000 0.146921
700.000000 0.167612
710.000000 0.216147
720.000000 0.083026
730.000000 0.211955
740.000000 0.219401
750.000000 0.035129
760.000000 0.188033
770.000000 0.115001
780.000000 0.093061
790.000000 0.106629
800.000000 0.101490
810.000000 0.095365
820.000000 0.145178
830.000000 0.115253
840.000000 0.197589
850.000000 0.095470
860.000000 0.056215
870.000000 0.106204
880.000000 0.047175
890.000000 0.120347
900.000000 0.149396
910.000000 0.057731
920.000000 0.058594
930.000000 0.074197
940.000000 0.042983
950.000000 0.017641
960.000000 0.076065
970.000000 0.083393
980.000000 0.253383
990.000000 0.212807
1000.000000 0.101945
