10.000000 0.898472
20.000000 0.961875
30.000000 0.986528
40.000000 0.976599
50.000000 0.952733
60.000000 0.947630
70.000000 0.902291
80.000000 0.471526
90.000000 0.493435
100.000000 0.816143
110.000000 0.768876
120.000000 0.724063
130.000000 0.695802
140.000000 0.196619
150.000000 0.487519
160.000000 0.193068
170.000000 0.323750
180.000000 0.479395
190.000000 0.738633
200.000000 0.721557
210.000000 0.882697
220.000000 0.761715
230.000000 0.521266
240.000000 0.404710
250.000000 0.581654
260.000000 0.351706
270.000000 0.118757
280.000000 0.743672
290.000000 0.878345
300.000000 0.817826
310.000000 0.680110
320.000000 0.741450
330.000000 0.705890
340.000000 0.300633
350.000000 0.436629
360.000000 0.032658
370.000000 0.104201
380.000000 0.444992
390.000000 0.483900
400.000000 0.624911
410.000000 0.944106
420.000000 0.991910
430.000000 0.931977
440.000000 0.958146
450.000000 0.983972
460.000000 0.879119
470.000000 0.681642
480.000000 0.620860
490.000000 0.529535
500.000000 0.566595
510.000000 0.382115
520.000000 0.727583
530.000000 0.849480
540.000000 0.767569
550.000000 0.507408
560.000000 0.452171
570.000000 0.394403
580.000000 0.506361
590.000000 0.963572
600.000000 0.842953
610.000000 0.586311
620.000000 0.559286
630.000000 0.425169
640.000000 0.892042
650.000000 0.767932
660.000000 0.862027
670.000000 0.959717
680.000000 0.947081
690.000000 0.769580
700.000000 0.605275
710.000000 0.834525
720.000000 0.749605
730.000000 0.128741
740.000000 0.274085
750.000000 0.206836
760.000000 0.189222
770.000000 0.879144
780.000000 0.407816
790.000000 0.776155
800.000000 0.709065
810.000000 0.884673
820.000000 0.455736
830.000000 0.481254
840.000000 0.446636
850.000000 0.244570
860.000000 0.669917
870.000000 0.447027
880.000000 0.987882
890.000000 0.923000
900.000000 0.671426
910.000000 0.600648
920.000000 0.528289
930.000000 0.527791
940.000000 0.689195
950.000000 0.438232
960.000000 0.379778
970.000000 0.903041
980.000000 0.976560
990.000000 0.458318
1000.000000 0.364792
