10.000000 0.431016
20.000000 0.378052
30.000000 0.337192
40.000000 0.541633
50.000000 0.218700
60.000000 0.454268
70.000000 0.580514
80.000000 0.417594
90.000000 0.381142
100.000000 0.256742
110.000000 0.453443
120.000000 0.429519
130.000000 0.280118
140.000000 0.478434
150.000000 0.673670
160.000000 0.405441
170.000000 0.431932
180.000000 0.507204
190.000000 0.305678
200.000000 0.124884
210.000000 0.282325
220.000000 0.405451
230.000000 0.241382
240.000000 0.271348
250.000000 0.351125
260.000000 0.505905
270.000000 0.097857
280.000000 0.367950
290.000000 0.041812
300.000000 0.200505
310.000000 0.227299
320.000000 0.109290
330.000000 0.106252
340.000000 0.157566
350.000000 0.069225
360.000000 0.297684
370.000000 0.418142
380.000000 0.185211
390.000000 0.134029
400.000000 0.351772
410.000000 0.099556
420.000000 0.167078
430.000000 0.246682
440.000000 0.277691
450.000000 0.562609
460.000000 0.538927
470.000000 0.424586
480.000000 0.481517
490.000000 0.440209
500.000000 0.432587
510.000000 0.689448
520.000000 0.345970
530.000000 0.333690
540.000000 0.242900
550.000000 0.368946
560.000000 0.045158
570.000000 0.303730
580.000000 0.457386
590.000000 0.064951
600.000000 0.351827
610.000000 0.475131
620.000000 0.215768
630.000000 0.294907
640.000000 0.292119
650.000000 0.219101
660.000000 0.247309
670.000000 0.266412
680.000000 0.073036
690.000000 0.019652
700.000000 0.344640
710.000000 0.008858
720.000000 0.412850
730.000000 0.272690
740.000000 0.437954
750.000000 0.252127
760.000000 0.299248
770.000000 0.203002
780.000000 0.416229
790.000000 0.478087
800.000000 0.226093
810.000000 0.021005
820.000000 0.332632
830.000000 0.230578
840.000000 0.157563
850.000000 0.176315
860.000000 0.207865
870.000000 0.422729
880.000000 0.364295
890.000000 0.196989
900.000000 0.567424
910.000000 0.350348
920.000000 0.368341
930.000000 0.073453
940.000000 0.128437
950.000000 0.104835
960.000000 0.228464
970.000000 0.339923
980.000000 0.080955
990.000000 0.200081
1000.000000 0.467031
