0.000000 0.042989
1.000000 0.111323
2.000000 0.131925
3.000000 0.173990
4.000000 0.065397
5.000000 0.061955
6.000000 0.033013
7.000000 0.043171
8.000000 0.057917
9.000000 0.113234
10.000000 0.092007
11.000000 0.056306
12.000000 0.102134
13.000000 0.070884
14.000000 0.067132
15.000000 0.177231
16.000000 0.098899
17.000000 0.145479
18.000000 0.107632
19.000000 0.120374
20.000000 0.068742
21.000000 0.143428
22.000000 0.041052
23.000000 0.040812
24.000000 0.123199
25.000000 0.019558
26.000000 0.119955
27.000000 0.093710
28.000000 0.041427
29.000000 0.108621
30.000000 0.045332
31.000000 0.077802
32.000000 0.129482
33.000000 0.100099
34.000000 0.078982
35.000000 0.059535
36.000000 0.152054
37.000000 0.112756
38.000000 0.245210
39.000000 0.163355
40.000000 0.083552
41.000000 0.062326
42.000000 0.028504
43.000000 0.103991
44.000000 0.095638
45.000000 0.068687
46.000000 0.099224
47.000000 0.093274
48.000000 0.089538
49.000000 0.092491
50.000000 0.052700
51.000000 0.084360
52.000000 0.197017
53.000000 0.213754
54.000000 0.090292
55.000000 0.169769
56.000000 0.046074
57.000000 0.025264
58.000000 0.111491
59.000000 0.160681
60.000000 0.022844
61.000000 0.154448
62.000000 0.131252
63.000000 0.142227
64.000000 0.064774
65.000000 0.067747
66.000000 0.154866
67.000000 0.117108
68.000000 0.029840
69.000000 0.055973
70.000000 0.148315
71.000000 0.025519
72.000000 0.054545
73.000000 0.128209
74.000000 0.093002
75.000000 0.067612
76.000000 0.158157
77.000000 0.132366
78.000000 0.127676
79.000000 0.086796
80.000000 0.108761
81.000000 0.111992
82.000000 0.067460
83.000000 0.040554
84.000000 0.102416
85.000000 0.137561
86.000000 0.070244
87.000000 0.177351
88.000000 0.166389
89.000000 0.063927
90.000000 0.034091
91.000000 0.029929
92.000000 0.082116
93.000000 0.124946
94.000000 0.119396
95.000000 0.112076
96.000000 0.050965
97.000000 0.076072
98.000000 0.123414
99.000000 0.144938
100.000000 0.164403
101.000000 0.063611
102.000000 0.054550
103.000000 0.068198
104.000000 0.008985
105.000000 0.134989
106.000000 0.060627
107.000000 0.175044
108.000000 0.041798
109.000000 0.259599
110.000000 0.021265
111.000000 0.047767
112.000000 0.046331
113.000000 0.091719
114.000000 0.043922
115.000000 0.143475
116.000000 0.065750
117.000000 0.095014
118.000000 0.187203
119.000000 0.049891
120.000000 0.092326
121.000000 0.035600
122.000000 0.074067
123.000000 0.130369
124.000000 0.103911
125.000000 0.132706
126.000000 0.096047
127.000000 0.049072
128.000000 0.057054
129.000000 0.181588
130.000000 0.155295
131.000000 0.168783
132.000000 0.109428
133.000000 0.141852
134.000000 0.053109
135.000000 0.125567
136.000000 0.131480
137.000000 0.034260
138.000000 0.120563
139.000000 0.219999
140.000000 0.108461
141.000000 0.096424
142.000000 0.083442
143.000000 0.021658
144.000000 0.169441
145.000000 0.199306
146.000000 0.116772
147.000000 0.049376
148.000000 0.071547
149.000000 0.082609
150.000000 0.088886
151.000000 0.213646
152.000000 0.102199
153.000000 0.206245
154.000000 0.061900
155.000000 0.043244
156.000000 0.163490
157.000000 0.014159
158.000000 0.141506
159.000000 0.093892
160.000000 0.081695
161.000000 0.033369
162.000000 0.118218
163.000000 0.105412
164.000000 0.062148
165.000000 0.090612
166.000000 0.075185
167.000000 0.056692
168.000000 0.108563
169.000000 0.129345
170.000000 0.137820
171.000000 0.158048
172.000000 0.060975
173.000000 0.080495
174.000000 0.048255
175.000000 0.050402
176.000000 0.040707
177.000000 0.200813
178.000000 0.022840
179.000000 0.051024
180.000000 0.098320
181.000000 0.098325
182.000000 0.163485
183.000000 0.170444
184.000000 0.089956
185.000000 0.117010
186.000000 0.036507
187.000000 0.089413
188.000000 0.109858
189.000000 0.113369
190.000000 0.019034
191.000000 0.135193
192.000000 0.187635
193.000000 0.073464
194.000000 0.054811
195.000000 0.120160
196.000000 0.113023
197.000000 0.091060
198.000000 0.052853
199.000000 0.093730
200.000000 0.073718
201.000000 0.112759
202.000000 0.039475
203.000000 0.042540
204.000000 0.147200
205.000000 0.055523
206.000000 0.146637
207.000000 0.102626
208.000000 0.030785
209.000000 0.128834
210.000000 0.179184
211.000000 0.117689
212.000000 0.104289
213.000000 0.216527
214.000000 0.037067
215.000000 0.063612
216.000000 0.084482
217.000000 0.033134
218.000000 0.171831
219.000000 0.230212
220.000000 0.148467
221.000000 0.059479
222.000000 0.109031
223.000000 0.082872
224.000000 0.203905
225.000000 0.136036
226.000000 0.109026
227.000000 0.114936
228.000000 0.223816
229.000000 0.096094
230.000000 0.127121
231.000000 0.049931
232.000000 0.151470
233.000000 0.096214
234.000000 0.111680
235.000000 0.043747
236.000000 0.093587
237.000000 0.174869
238.000000 0.200009
239.000000 0.071644
240.000000 0.065464
241.000000 0.193272
242.000000 0.139754
243.000000 0.155665
244.000000 0.160925
245.000000 0.023937
246.000000 0.076643
247.000000 0.029571
248.000000 0.150794
249.000000 0.018375
250.000000 0.044129
251.000000 0.043296
252.000000 0.065925
253.000000 0.067417
254.000000 0.108029
255.000000 0.138488
256.000000 0.147018
257.000000 0.116958
258.000000 0.140413
259.000000 0.130054
260.000000 0.069917
261.000000 0.096694
262.000000 0.115265
263.000000 0.108757
264.000000 0.065596
265.000000 0.021053
266.000000 0.009219
267.000000 0.056947
268.000000 0.048741
269.000000 0.156262
270.000000 0.164077
271.000000 0.075994
272.000000 0.100215
273.000000 0.190036
274.000000 0.072193
275.000000 0.057525
276.000000 0.066794
277.000000 0.200369
278.000000 0.030113
279.000000 0.058339
280.000000 0.085360
281.000000 0.116043
282.000000 0.139929
283.000000 0.082823
284.000000 0.026683
285.000000 0.161581
286.000000 0.217613
287.000000 0.091748
288.000000 0.129261
289.000000 0.082784
290.000000 0.116710
291.000000 0.094674
292.000000 0.095522
293.000000 0.101477
294.000000 0.063689
295.000000 0.135271
296.000000 0.160548
297.000000 0.143481
298.000000 0.125575
299.000000 0.063986
300.000000 0.229500
301.000000 0.158853
302.000000 0.158660
303.000000 0.109882
304.000000 0.142613
305.000000 0.034641
306.000000 0.022016
307.000000 0.130811
308.000000 0.089709
309.000000 0.113378
310.000000 0.184864
311.000000 0.124092
312.000000 0.143827
313.000000 0.152011
314.000000 0.066832
315.000000 0.094578
316.000000 0.037457
317.000000 0.082066
318.000000 0.051030
319.000000 0.012666
320.000000 0.154464
321.000000 0.147959
322.000000 0.086840
323.000000 0.114066
324.000000 0.084845
325.000000 0.123100
326.000000 0.092465
327.000000 0.080703
328.000000 0.119256
329.000000 0.243517
330.000000 0.061681
331.000000 0.025122
332.000000 0.087948
333.000000 0.076387
334.000000 0.111004
335.000000 0.024514
336.000000 0.063689
337.000000 0.062706
338.000000 0.135725
339.000000 0.040887
340.000000 0.134012
341.000000 0.141886
342.000000 0.051780
343.000000 0.145201
344.000000 0.119692
345.000000 0.032018
346.000000 0.022061
347.000000 0.032337
348.000000 0.067918
349.000000 0.103981
350.000000 0.184261
351.000000 0.144167
352.000000 0.054412
353.000000 0.021828
354.000000 0.113095
355.000000 0.131575
356.000000 0.141220
357.000000 0.056934
358.000000 0.102823
359.000000 0.132233
360.000000 0.003864
361.000000 0.148077
362.000000 0.115296
363.000000 0.226150
364.000000 0.111579
365.000000 0.052174
366.000000 0.062567
367.000000 0.095838
368.000000 0.060414
369.000000 0.074461
370.000000 0.032424
371.000000 0.028243
372.000000 0.079139
373.000000 0.135574
374.000000 0.091843
375.000000 0.041575
376.000000 0.178702
377.000000 0.098975
378.000000 0.133721
379.000000 0.212380
380.000000 0.119381
381.000000 0.189749
382.000000 0.106443
383.000000 0.056550
384.000000 0.025767
385.000000 0.099309
386.000000 0.078010
387.000000 0.149796
388.000000 0.105764
389.000000 0.173052
390.000000 0.091469
391.000000 0.045477
392.000000 0.122750
393.000000 0.111292
394.000000 0.089067
395.000000 0.082898
396.000000 0.050209
397.000000 0.094627
398.000000 0.099257
399.000000 0.055318
400.000000 0.055914
401.000000 0.056576
402.000000 0.117607
403.000000 0.168105
404.000000 0.159742
405.000000 0.054685
406.000000 0.074653
407.000000 0.042025
408.000000 0.010943
409.000000 0.111998
410.000000 0.081488
411.000000 0.100855
412.000000 0.166288
413.000000 0.124003
414.000000 0.125077
415.000000 0.196708
416.000000 0.096353
417.000000 0.064954
418.000000 0.186935
419.000000 0.090313
420.000000 0.039159
421.000000 0.084433
422.000000 0.200506
423.000000 0.046679
424.000000 0.076745
425.000000 0.144460
426.000000 0.079763
427.000000 0.031450
428.000000 0.146294
429.000000 0.145405
430.000000 0.161499
431.000000 0.099893
432.000000 0.245652
433.000000 0.097386
434.000000 0.226481
435.000000 0.149644
436.000000 0.161989
437.000000 0.220757
438.000000 0.195609
439.000000 0.042407
440.000000 0.127486
441.000000 0.103935
442.000000 0.194156
443.000000 0.116732
444.000000 0.024201
445.000000 0.074360
446.000000 0.041675
447.000000 0.061178
448.000000 0.066281
449.000000 0.123422
450.000000 0.163676
451.000000 0.061373
452.000000 0.038853
453.000000 0.069817
454.000000 0.090804
455.000000 0.168460
456.000000 0.167487
457.000000 0.099366
458.000000 0.202548
459.000000 0.090734
460.000000 0.168266
461.000000 0.123900
462.000000 0.121928
463.000000 0.152777
464.000000 0.030522
465.000000 0.139760
466.000000 0.119038
467.000000 0.104111
468.000000 0.078569
469.000000 0.046039
470.000000 0.019464
471.000000 0.062753
472.000000 0.043682
473.000000 0.150470
474.000000 0.077301
475.000000 0.118247
476.000000 0.117177
477.000000 0.124622
478.000000 0.015166
479.000000 0.144637
480.000000 0.069388
481.000000 0.045873
482.000000 0.133780
483.000000 0.034735
484.000000 0.025499
485.000000 0.161567
486.000000 0.117053
487.000000 0.047745
488.000000 0.142185
489.000000 0.099379
490.000000 0.005940
491.000000 0.214213
492.000000 0.085753
493.000000 0.077225
494.000000 0.097884
495.000000 0.086396
496.000000 0.112421
497.000000 0.080816
498.000000 0.181895
499.000000 0.150481
500.000000 0.083216
501.000000 0.073159
502.000000 0.069344
503.000000 0.164855
504.000000 0.133057
505.000000 0.264816
506.000000 0.178530
507.000000 0.155690
508.000000 0.072719
509.000000 0.021535
510.000000 0.024443
511.000000 0.073203
512.000000 0.072325
513.000000 0.148024
514.000000 0.079755
515.000000 0.146475
516.000000 0.102338
517.000000 0.266724
518.000000 0.120594
519.000000 0.016561
520.000000 0.002452
521.000000 0.123841
522.000000 0.068199
523.000000 0.205664
524.000000 0.144628
525.000000 0.079759
526.000000 0.131661
527.000000 0.095026
528.000000 0.138599
529.000000 0.088249
530.000000 0.186485
531.000000 0.096322
532.000000 0.056753
533.000000 0.029255
534.000000 0.046714
535.000000 0.198757
536.000000 0.098608
537.000000 0.118867
538.000000 0.213086
539.000000 0.043321
540.000000 0.045936
541.000000 0.168318
542.000000 0.211436
543.000000 0.052257
544.000000 0.057142
545.000000 0.081016
546.000000 0.103698
547.000000 0.018064
548.000000 0.081658
549.000000 0.083892
550.000000 0.104019
551.000000 0.104943
552.000000 0.030044
553.000000 0.219422
554.000000 0.009693
555.000000 0.200917
556.000000 0.086088
557.000000 0.063548
558.000000 0.083080
559.000000 0.032071
560.000000 0.162135
561.000000 0.167629
562.000000 0.027624
563.000000 0.124487
564.000000 0.141484
565.000000 0.152029
566.000000 0.122134
567.000000 0.070329
568.000000 0.130491
569.000000 0.114830
570.000000 0.070492
571.000000 0.150287
572.000000 0.049323
573.000000 0.158322
574.000000 0.177256
575.000000 0.015877
576.000000 0.093873
577.000000 0.140934
578.000000 0.208380
579.000000 0.036592
580.000000 0.185163
581.000000 0.120218
582.000000 0.050234
583.000000 0.091515
584.000000 0.036198
585.000000 0.102756
586.000000 0.056670
587.000000 0.155970
588.000000 0.120261
589.000000 0.031278
590.000000 0.070780
591.000000 0.032925
592.000000 0.208710
593.000000 0.015827
594.000000 0.160886
595.000000 0.061826
596.000000 0.088380
597.000000 0.101206
598.000000 0.101602
599.000000 0.020763
600.000000 0.035458
601.000000 0.097170
602.000000 0.126153
603.000000 0.177734
604.000000 0.079990
605.000000 0.097633
606.000000 0.100902
607.000000 0.062736
608.000000 0.078743
609.000000 0.116532
610.000000 0.081626
611.000000 0.044374
612.000000 0.163914
613.000000 0.079515
614.000000 0.122604
615.000000 0.033485
616.000000 0.073994
617.000000 0.125232
618.000000 0.228501
619.000000 0.064589
620.000000 0.071492
621.000000 0.201626
622.000000 0.077781
623.000000 0.115327
624.000000 0.040924
625.000000 0.151677
626.000000 0.015452
627.000000 0.079838
628.000000 0.058960
629.000000 0.124508
630.000000 0.071500
631.000000 0.060269
632.000000 0.109282
633.000000 0.068068
634.000000 0.105831
635.000000 0.027854
636.000000 0.172998
637.000000 0.025490
638.000000 0.178126
639.000000 0.139690
640.000000 0.072654
641.000000 0.071077
642.000000 0.096916
643.000000 0.078818
644.000000 0.135193
645.000000 0.127479
646.000000 0.245154
647.000000 0.154509
648.000000 0.169482
649.000000 0.092763
650.000000 0.116385
651.000000 0.029994
652.000000 0.102486
653.000000 0.171732
654.000000 0.029620
655.000000 0.127215
656.000000 0.089430
657.000000 0.085583
658.000000 0.008561
659.000000 0.072404
660.000000 0.064114
661.000000 0.079964
662.000000 0.046036
663.000000 0.146694
664.000000 0.038582
665.000000 0.056739
666.000000 0.083801
667.000000 0.106827
668.000000 0.090247
669.000000 0.073040
670.000000 0.079512
671.000000 0.046721
672.000000 0.104951
673.000000 0.086112
674.000000 0.094757
675.000000 0.139039
676.000000 0.111026
677.000000 0.063204
678.000000 0.090950
679.000000 0.050484
680.000000 0.088982
681.000000 0.085576
682.000000 0.169253
683.000000 0.216191
684.000000 0.227908
685.000000 0.048721
686.000000 0.040176
687.000000 0.093129
688.000000 0.110600
689.000000 0.198343
690.000000 0.010676
691.000000 0.136205
692.000000 0.045027
693.000000 0.059289
694.000000 0.107331
695.000000 0.135846
696.000000 0.073405
697.000000 0.076729
698.000000 0.113006
699.000000 0.050049
700.000000 0.098884
701.000000 0.041435
702.000000 0.117265
703.000000 0.196681
704.000000 0.120629
705.000000 0.090023
706.000000 0.137742
707.000000 0.075985
708.000000 0.096692
709.000000 0.064123
710.000000 0.045491
711.000000 0.118093
712.000000 0.084283
713.000000 0.081271
714.000000 0.119809
715.000000 0.038152
716.000000 0.031441
717.000000 0.078835
718.000000 0.205492
719.000000 0.159983
720.000000 0.150261
721.000000 0.137109
722.000000 0.098994
723.000000 0.032876
724.000000 0.107398
725.000000 0.008280
726.000000 0.103760
727.000000 0.105109
728.000000 0.033280
729.000000 0.025285
730.000000 0.062375
731.000000 0.059594
732.000000 0.099946
733.000000 0.190940
734.000000 0.182702
735.000000 0.081233
736.000000 0.130064
737.000000 0.113634
738.000000 0.080649
739.000000 0.072409
740.000000 0.156375
741.000000 0.019302
742.000000 0.170109
743.000000 0.172240
744.000000 0.107002
745.000000 0.063840
746.000000 0.098762
747.000000 0.153887
748.000000 0.085411
749.000000 0.094022
750.000000 0.200828
751.000000 0.118059
752.000000 0.187713
753.000000 0.112750
754.000000 0.088883
755.000000 0.038479
756.000000 0.210305
757.000000 0.085861
758.000000 0.047047
759.000000 0.160610
760.000000 0.097306
761.000000 0.054975
762.000000 0.080854
763.000000 0.047505
764.000000 0.057249
765.000000 0.051843
766.000000 0.071437
767.000000 0.176050
768.000000 0.074911
769.000000 0.063714
770.000000 0.055044
771.000000 0.050843
772.000000 0.064510
773.000000 0.120401
774.000000 0.011363
775.000000 0.066218
776.000000 0.121395
777.000000 0.083544
778.000000 0.076439
779.000000 0.065044
780.000000 0.171209
781.000000 0.052189
782.000000 0.038635
783.000000 0.050425
784.000000 0.110398
785.000000 0.088209
786.000000 0.052687
787.000000 0.097423
788.000000 0.145087
789.000000 0.035723
790.000000 0.075078
791.000000 0.037229
792.000000 0.077345
793.000000 0.076236
794.000000 0.146707
795.000000 0.040013
796.000000 0.091055
797.000000 0.012738
798.000000 0.073260
799.000000 0.211844
800.000000 0.035435
801.000000 0.054279
802.000000 0.020765
803.000000 0.022577
804.000000 0.081142
805.000000 0.118898
806.000000 0.053748
807.000000 0.013558
808.000000 0.082538
809.000000 0.033779
810.000000 0.076184
811.000000 0.036565
812.000000 0.093535
813.000000 0.125656
814.000000 0.116341
815.000000 0.102177
816.000000 0.098207
817.000000 0.043222
818.000000 0.059808
819.000000 0.023608
820.000000 0.037599
821.000000 0.194613
822.000000 0.113128
823.000000 0.123248
824.000000 0.136524
825.000000 0.088175
826.000000 0.108082
827.000000 0.049357
828.000000 0.047471
829.000000 0.130543
830.000000 0.198133
831.000000 0.059891
832.000000 0.088797
833.000000 0.049846
834.000000 0.042434
835.000000 0.125158
836.000000 0.145236
837.000000 0.129325
838.000000 0.045327
839.000000 0.192236
840.000000 0.137411
841.000000 0.152722
842.000000 0.156205
843.000000 0.069137
844.000000 0.094607
845.000000 0.085485
846.000000 0.082161
847.000000 0.115733
848.000000 0.026948
849.000000 0.079218
850.000000 0.165141
851.000000 0.129710
852.000000 0.079774
853.000000 0.140089
854.000000 0.058386
855.000000 0.073050
856.000000 0.112294
857.000000 0.049694
858.000000 0.031756
859.000000 0.152739
860.000000 0.028122
861.000000 0.109758
862.000000 0.030958
863.000000 0.100629
864.000000 0.056839
865.000000 0.076670
866.000000 0.084233
867.000000 0.120427
868.000000 0.141232
869.000000 0.055973
870.000000 0.151901
871.000000 0.044535
872.000000 0.065576
873.000000 0.044181
874.000000 0.103947
875.000000 0.035791
876.000000 0.141800
877.000000 0.085804
878.000000 0.091883
879.000000 0.037531
880.000000 0.083963
881.000000 0.178143
882.000000 0.124732
883.000000 0.037521
884.000000 0.115471
885.000000 0.099676
886.000000 0.060074
887.000000 0.085992
888.000000 0.042373
889.000000 0.086922
890.000000 0.054352
891.000000 0.147037
892.000000 0.110177
893.000000 0.085540
894.000000 0.072485
895.000000 0.078289
896.000000 0.163002
897.000000 0.174386
898.000000 0.085764
899.000000 0.081702
900.000000 0.109241
901.000000 0.074425
902.000000 0.133098
903.000000 0.135758
904.000000 0.091950
905.000000 0.132805
906.000000 0.121176
907.000000 0.044977
908.000000 0.038508
909.000000 0.142548
910.000000 0.060987
911.000000 0.137868
912.000000 0.066195
913.000000 0.045910
914.000000 0.053277
915.000000 0.092681
916.000000 0.100102
917.000000 0.066748
918.000000 0.087482
919.000000 0.112351
920.000000 0.068068
921.000000 0.124797
922.000000 0.145334
923.000000 0.092839
924.000000 0.015834
925.000000 0.038694
926.000000 0.113218
927.000000 0.068485
928.000000 0.037020
929.000000 0.136668
930.000000 0.072709
931.000000 0.103905
932.000000 0.120205
933.000000 0.085676
934.000000 0.019720
935.000000 0.092327
936.000000 0.013381
937.000000 0.100439
938.000000 0.051945
939.000000 0.040441
940.000000 0.088695
941.000000 0.072008
942.000000 0.059159
943.000000 0.050451
944.000000 0.129281
945.000000 0.174854
946.000000 0.149222
947.000000 0.227961
948.000000 0.062830
949.000000 0.127304
950.000000 0.154020
951.000000 0.119857
952.000000 0.186857
953.000000 0.093554
954.000000 0.094237
955.000000 0.148135
956.000000 0.080801
957.000000 0.040695
958.000000 0.225473
959.000000 0.067872
960.000000 0.109563
961.000000 0.122884
962.000000 0.208950
963.000000 0.068683
964.000000 0.154181
965.000000 0.152523
966.000000 0.102563
967.000000 0.079795
968.000000 0.080028
969.000000 0.170316
970.000000 0.053935
971.000000 0.030955
972.000000 0.148768
973.000000 0.154366
974.000000 0.142963
975.000000 0.094963
976.000000 0.057933
977.000000 0.119571
978.000000 0.079887
979.000000 0.111177
980.000000 0.085000
981.000000 0.096418
982.000000 0.055968
983.000000 0.083794
984.000000 0.155978
985.000000 0.056547
986.000000 0.135829
987.000000 0.101101
988.000000 0.157229
989.000000 0.201056
990.000000 0.165858
991.000000 0.143838
992.000000 0.075713
993.000000 0.052441
994.000000 0.151714
995.000000 0.041166
996.000000 0.140873
997.000000 0.025894
998.000000 0.094377
999.000000 0.097726
1000.000000 0.150826
1001.000000 0.145244
1002.000000 0.077218
1003.000000 0.127043
1004.000000 0.025833
1005.000000 0.045300
1006.000000 0.108746
1007.000000 0.189088
1008.000000 0.037232
1009.000000 0.150717
1010.000000 0.171039
1011.000000 0.077401
1012.000000 0.055233
1013.000000 0.184652
1014.000000 0.028406
1015.000000 0.119374
1016.000000 0.132974
1017.000000 0.047938
1018.000000 0.070059
1019.000000 0.061766
1020.000000 0.108774
1021.000000 0.035748
1022.000000 0.110417
1023.000000 0.114470
1024.000000 0.042474
1025.000000 0.099975
1026.000000 0.203429
1027.000000 0.127409
1028.000000 0.029152
1029.000000 0.118288
1030.000000 0.047359
1031.000000 0.081023
1032.000000 0.090194
1033.000000 0.083457
1034.000000 0.139814
1035.000000 0.118276
1036.000000 0.105410
1037.000000 0.089668
1038.000000 0.025825
1039.000000 0.050959
1040.000000 0.101477
1041.000000 0.004365
1042.000000 0.013225
1043.000000 0.175951
1044.000000 0.018918
1045.000000 0.042119
1046.000000 0.014492
1047.000000 0.089968
1048.000000 0.109809
1049.000000 0.217268
1050.000000 0.042534
1051.000000 0.060466
1052.000000 0.050072
1053.000000 0.030299
1054.000000 0.180061
1055.000000 0.136622
1056.000000 0.139653
1057.000000 0.144398
1058.000000 0.074271
1059.000000 0.056135
1060.000000 0.024360
1061.000000 0.131582
1062.000000 0.116144
1063.000000 0.117507
1064.000000 0.127052
1065.000000 0.144034
1066.000000 0.017738
1067.000000 0.014010
1068.000000 0.044788
1069.000000 0.117711
1070.000000 0.129222
1071.000000 0.192639
1072.000000 0.013679
1073.000000 0.076661
1074.000000 0.116527
1075.000000 0.008453
1076.000000 0.077195
1077.000000 0.180233
1078.000000 0.062719
1079.000000 0.006477
1080.000000 0.131240
1081.000000 0.023018
1082.000000 0.145344
1083.000000 0.059506
1084.000000 0.108513
1085.000000 0.159958
1086.000000 0.065960
1087.000000 0.102070
1088.000000 0.070556
1089.000000 0.230582
1090.000000 0.109278
1091.000000 0.044559
1092.000000 0.074725
1093.000000 0.208887
1094.000000 0.121356
1095.000000 0.061653
1096.000000 0.056339
1097.000000 0.187649
1098.000000 0.099731
1099.000000 0.111124
1100.000000 0.085036
1101.000000 0.104201
1102.000000 0.084191
1103.000000 0.072419
1104.000000 0.074854
1105.000000 0.062426
1106.000000 0.053794
1107.000000 0.103495
1108.000000 0.088677
1109.000000 0.120475
1110.000000 0.106832
1111.000000 0.089856
1112.000000 0.029540
1113.000000 0.139522
1114.000000 0.097166
1115.000000 0.097209
1116.000000 0.051423
1117.000000 0.136292
1118.000000 0.075095
1119.000000 0.107601
1120.000000 0.074553
1121.000000 0.033794
1122.000000 0.032066
1123.000000 0.150667
1124.000000 0.232538
1125.000000 0.053300
1126.000000 0.087375
1127.000000 0.192159
1128.000000 0.072322
1129.000000 0.077782
1130.000000 0.086741
1131.000000 0.039976
1132.000000 0.080597
1133.000000 0.057030
1134.000000 0.061189
1135.000000 0.060561
1136.000000 0.015411
1137.000000 0.135521
1138.000000 0.106415
1139.000000 0.126691
1140.000000 0.140681
1141.000000 0.067268
1142.000000 0.114484
1143.000000 0.035186
1144.000000 0.130280
1145.000000 0.082822
1146.000000 0.126163
1147.000000 0.056662
1148.000000 0.074077
1149.000000 0.101874
1150.000000 0.088929
1151.000000 0.091233
1152.000000 0.067677
1153.000000 0.063555
1154.000000 0.136623
1155.000000 0.075681
1156.000000 0.018429
1157.000000 0.304043
1158.000000 0.058377
1159.000000 0.165769
1160.000000 0.136093
1161.000000 0.100213
1162.000000 0.046925
1163.000000 0.089268
1164.000000 0.079525
1165.000000 0.056112
1166.000000 0.082843
1167.000000 0.030583
1168.000000 0.153152
1169.000000 0.069315
1170.000000 0.021951
1171.000000 0.118680
1172.000000 0.024057
1173.000000 0.185143
1174.000000 0.135728
1175.000000 0.113042
1176.000000 0.146350
1177.000000 0.163249
1178.000000 0.142097
1179.000000 0.118828
1180.000000 0.039945
1181.000000 0.114467
1182.000000 0.115264
1183.000000 0.006222
1184.000000 0.260782
1185.000000 0.061938
1186.000000 0.041309
1187.000000 0.126014
1188.000000 0.091692
1189.000000 0.079461
1190.000000 0.171454
1191.000000 0.046536
1192.000000 0.142252
1193.000000 0.066835
1194.000000 0.155951
1195.000000 0.185121
1196.000000 0.186505
1197.000000 0.124583
1198.000000 0.095818
1199.000000 0.038127
1200.000000 0.189993
1201.000000 0.026713
1202.000000 0.174362
1203.000000 0.010132
1204.000000 0.084345
1205.000000 0.028019
1206.000000 0.089765
1207.000000 0.039088
1208.000000 0.008356
1209.000000 0.096735
1210.000000 0.129304
1211.000000 0.044829
1212.000000 0.095591
1213.000000 0.020051
1214.000000 0.084837
1215.000000 0.171117
1216.000000 0.081035
1217.000000 0.196709
1218.000000 0.124334
1219.000000 0.053389
1220.000000 0.195214
1221.000000 0.097728
1222.000000 0.053409
1223.000000 0.147751
1224.000000 0.088556
1225.000000 0.055807
1226.000000 0.149942
1227.000000 0.142493
1228.000000 0.125334
1229.000000 0.093535
1230.000000 0.086609
1231.000000 0.032881
1232.000000 0.135613
1233.000000 0.252211
1234.000000 0.155875
1235.000000 0.103816
1236.000000 0.050373
1237.000000 0.086046
1238.000000 0.106241
1239.000000 0.112080
1240.000000 0.071545
1241.000000 0.083554
1242.000000 0.112261
1243.000000 0.074501
1244.000000 0.158236
1245.000000 0.012829
1246.000000 0.041481
1247.000000 0.121792
1248.000000 0.094080
1249.000000 0.078543
1250.000000 0.126659
1251.000000 0.023166
1252.000000 0.048605
1253.000000 0.155319
1254.000000 0.025832
1255.000000 0.109477
1256.000000 0.102884
1257.000000 0.061948
1258.000000 0.047394
1259.000000 0.231304
1260.000000 0.040953
1261.000000 0.118193
1262.000000 0.145100
1263.000000 0.077918
1264.000000 0.157603
1265.000000 0.038036
1266.000000 0.135164
1267.000000 0.072455
1268.000000 0.091697
1269.000000 0.102068
1270.000000 0.103402
1271.000000 0.140507
1272.000000 0.078853
1273.000000 0.049962
1274.000000 0.123908
1275.000000 0.077265
1276.000000 0.171762
1277.000000 0.074987
1278.000000 0.158168
1279.000000 0.051753
1280.000000 0.108411
1281.000000 0.114922
1282.000000 0.088599
1283.000000 0.022589
1284.000000 0.140319
1285.000000 0.043767
1286.000000 0.037232
1287.000000 0.114255
1288.000000 0.071163
1289.000000 0.114696
1290.000000 0.190028
1291.000000 0.061492
1292.000000 0.112222
1293.000000 0.084202
1294.000000 0.121719
1295.000000 0.038716
1296.000000 0.176213
1297.000000 0.140776
1298.000000 0.108460
1299.000000 0.097933
1300.000000 0.028920
1301.000000 0.090002
1302.000000 0.127293
1303.000000 0.115806
1304.000000 0.086166
1305.000000 0.053819
1306.000000 0.129179
1307.000000 0.061981
1308.000000 0.104228
1309.000000 0.100896
1310.000000 0.014706
1311.000000 0.058554
1312.000000 0.128359
1313.000000 0.176527
1314.000000 0.263725
1315.000000 0.090675
1316.000000 0.068303
1317.000000 0.109552
1318.000000 0.088694
1319.000000 0.048959
1320.000000 0.112524
1321.000000 0.089857
1322.000000 0.048193
1323.000000 0.008075
1324.000000 0.086520
1325.000000 0.040529
1326.000000 0.100760
1327.000000 0.146062
1328.000000 0.108454
1329.000000 0.112874
1330.000000 0.117771
1331.000000 0.064615
1332.000000 0.155652
1333.000000 0.105105
1334.000000 0.047149
1335.000000 0.071656
1336.000000 0.032454
1337.000000 0.013167
1338.000000 0.077940
1339.000000 0.107275
1340.000000 0.116086
1341.000000 0.236164
1342.000000 0.089940
1343.000000 0.240727
1344.000000 0.144147
1345.000000 0.249197
1346.000000 0.075772
1347.000000 0.107910
1348.000000 0.096369
1349.000000 0.062632
1350.000000 0.126641
1351.000000 0.088039
1352.000000 0.052594
1353.000000 0.149094
1354.000000 0.065692
1355.000000 0.156347
1356.000000 0.123384
1357.000000 0.088224
1358.000000 0.214474
1359.000000 0.180493
1360.000000 0.170818
1361.000000 0.170213
1362.000000 0.014804
1363.000000 0.156757
1364.000000 0.137632
1365.000000 0.109558
1366.000000 0.192105
1367.000000 0.253271
1368.000000 0.199650
1369.000000 0.123384
1370.000000 0.130165
1371.000000 0.138632
1372.000000 0.135324
1373.000000 0.102516
1374.000000 0.108429
1375.000000 0.133290
1376.000000 0.066031
1377.000000 0.074226
1378.000000 0.107073
1379.000000 0.119017
1380.000000 0.146445
1381.000000 0.164609
1382.000000 0.049276
1383.000000 0.167463
1384.000000 0.154059
1385.000000 0.051806
1386.000000 0.058848
1387.000000 0.112615
1388.000000 0.041047
1389.000000 0.148684
1390.000000 0.014745
1391.000000 0.026107
1392.000000 0.079399
1393.000000 0.099581
1394.000000 0.047268
1395.000000 0.154706
1396.000000 0.067245
1397.000000 0.025215
1398.000000 0.086071
1399.000000 0.045501
1400.000000 0.039920
1401.000000 0.116257
1402.000000 0.069739
1403.000000 0.169661
1404.000000 0.063802
1405.000000 0.072652
1406.000000 0.195933
1407.000000 0.019177
1408.000000 0.032076
1409.000000 0.130641
1410.000000 0.114833
1411.000000 0.132481
1412.000000 0.050232
1413.000000 0.031377
1414.000000 0.057648
1415.000000 0.070971
1416.000000 0.031918
1417.000000 0.022361
1418.000000 0.039211
1419.000000 0.106016
1420.000000 0.053017
1421.000000 0.060591
1422.000000 0.159631
1423.000000 0.085359
1424.000000 0.119901
1425.000000 0.044613
1426.000000 0.037783
1427.000000 0.168176
1428.000000 0.015165
1429.000000 0.147209
1430.000000 0.074733
1431.000000 0.063012
1432.000000 0.146227
1433.000000 0.138993
1434.000000 0.040527
1435.000000 0.048084
1436.000000 0.165486
1437.000000 0.086667
1438.000000 0.030502
1439.000000 0.065291
1440.000000 0.073334
1441.000000 0.184810
1442.000000 0.098012
1443.000000 0.137209
1444.000000 0.083674
1445.000000 0.109909
1446.000000 0.126567
1447.000000 0.066856
1448.000000 0.137344
1449.000000 0.100823
1450.000000 0.146595
1451.000000 0.020493
1452.000000 0.043525
1453.000000 0.165927
1454.000000 0.135155
1455.000000 0.076152
1456.000000 0.155763
1457.000000 0.036398
1458.000000 0.154418
1459.000000 0.161933
1460.000000 0.090219
1461.000000 0.049582
1462.000000 0.156050
1463.000000 0.087662
1464.000000 0.095317
1465.000000 0.165359
1466.000000 0.130063
1467.000000 0.150290
1468.000000 0.148496
1469.000000 0.124907
1470.000000 0.061255
1471.000000 0.146576
1472.000000 0.091237
1473.000000 0.143426
1474.000000 0.119512
1475.000000 0.091794
1476.000000 0.135568
1477.000000 0.181187
1478.000000 0.129027
1479.000000 0.056002
1480.000000 0.054310
1481.000000 0.166620
1482.000000 0.135583
1483.000000 0.072436
1484.000000 0.029297
1485.000000 0.113554
1486.000000 0.169662
1487.000000 0.103574
1488.000000 0.094606
1489.000000 0.201191
1490.000000 0.048615
1491.000000 0.153979
1492.000000 0.050820
1493.000000 0.026626
1494.000000 0.161028
1495.000000 0.143619
1496.000000 0.078542
1497.000000 0.053382
1498.000000 0.085177
1499.000000 0.120190
1500.000000 0.120457
1501.000000 0.046761
1502.000000 0.174005
1503.000000 0.106606
1504.000000 0.117759
1505.000000 0.076398
1506.000000 0.055265
1507.000000 0.036046
1508.000000 0.109806
1509.000000 0.018880
1510.000000 0.089073
1511.000000 0.149024
1512.000000 0.137891
1513.000000 0.039600
1514.000000 0.140482
1515.000000 0.121300
1516.000000 0.023459
1517.000000 0.058166
1518.000000 0.075309
1519.000000 0.119699
1520.000000 0.159390
1521.000000 0.109142
1522.000000 0.061395
1523.000000 0.022473
1524.000000 0.154516
1525.000000 0.142766
1526.000000 0.217024
1527.000000 0.050639
1528.000000 0.116468
1529.000000 0.020314
1530.000000 0.140794
1531.000000 0.208059
1532.000000 0.146999
1533.000000 0.118020
1534.000000 0.048189
1535.000000 0.142983
1536.000000 0.092441
1537.000000 0.069424
1538.000000 0.128641
1539.000000 0.036981
1540.000000 0.125246
1541.000000 0.045983
1542.000000 0.042924
1543.000000 0.136810
1544.000000 0.139140
1545.000000 0.020318
1546.000000 0.059375
1547.000000 0.026780
1548.000000 0.056206
1549.000000 0.074957
1550.000000 0.169504
1551.000000 0.082849
1552.000000 0.144588
1553.000000 0.201031
1554.000000 0.099632
1555.000000 0.112539
1556.000000 0.072353
1557.000000 0.005731
1558.000000 0.101649
1559.000000 0.058494
1560.000000 0.230931
1561.000000 0.109191
1562.000000 0.050354
1563.000000 0.076317
1564.000000 0.138123
1565.000000 0.150284
1566.000000 0.096433
1567.000000 0.050977
1568.000000 0.046680
1569.000000 0.043712
1570.000000 0.128221
1571.000000 0.075639
1572.000000 0.127062
1573.000000 0.088736
1574.000000 0.101867
1575.000000 0.136745
1576.000000 0.142078
1577.000000 0.102592
1578.000000 0.037707
1579.000000 0.120769
1580.000000 0.036005
1581.000000 0.062028
1582.000000 0.083823
1583.000000 0.075241
1584.000000 0.166131
1585.000000 0.077733
1586.000000 0.080508
1587.000000 0.119878
1588.000000 0.012891
1589.000000 0.063625
1590.000000 0.209554
1591.000000 0.144939
1592.000000 0.145212
1593.000000 0.082125
1594.000000 0.162998
1595.000000 0.208799
1596.000000 0.109675
1597.000000 0.047383
1598.000000 0.102104
1599.000000 0.115237
1600.000000 0.036638
1601.000000 0.063245
1602.000000 0.023757
1603.000000 0.164099
1604.000000 0.126683
1605.000000 0.038864
1606.000000 0.100785
1607.000000 0.108551
1608.000000 0.071065
1609.000000 0.109590
1610.000000 0.111107
1611.000000 0.142570
1612.000000 0.059624
1613.000000 0.123009
1614.000000 0.099758
1615.000000 0.107544
1616.000000 0.117413
1617.000000 0.183906
1618.000000 0.158267
1619.000000 0.081708
1620.000000 0.125654
1621.000000 0.128609
1622.000000 0.162041
1623.000000 0.169058
1624.000000 0.036085
1625.000000 0.190311
1626.000000 0.087832
1627.000000 0.097155
1628.000000 0.093235
1629.000000 0.146730
1630.000000 0.190604
1631.000000 0.103260
1632.000000 0.145374
1633.000000 0.036332
1634.000000 0.049700
1635.000000 0.109587
1636.000000 0.052442
1637.000000 0.050429
1638.000000 0.059634
1639.000000 0.218476
1640.000000 0.183196
1641.000000 0.096172
1642.000000 0.173321
1643.000000 0.032309
1644.000000 0.038660
1645.000000 0.107605
1646.000000 0.125243
1647.000000 0.084159
1648.000000 0.021887
1649.000000 0.073014
1650.000000 0.084620
1651.000000 0.161215
1652.000000 0.129658
1653.000000 0.124971
1654.000000 0.097544
1655.000000 0.131365
1656.000000 0.043602
1657.000000 0.135548
1658.000000 0.053376
1659.000000 0.151708
1660.000000 0.058692
1661.000000 0.051642
1662.000000 0.243016
1663.000000 0.132125
1664.000000 0.087684
1665.000000 0.099565
1666.000000 0.153551
1667.000000 0.152617
1668.000000 0.096766
1669.000000 0.093106
1670.000000 0.126196
1671.000000 0.166346
1672.000000 0.133435
1673.000000 0.161471
1674.000000 0.090434
1675.000000 0.035831
1676.000000 0.103854
1677.000000 0.259114
1678.000000 0.046771
1679.000000 0.041903
1680.000000 0.146464
1681.000000 0.069588
1682.000000 0.080678
1683.000000 0.032159
1684.000000 0.077438
1685.000000 0.145154
1686.000000 0.087349
1687.000000 0.042396
1688.000000 0.119333
1689.000000 0.052401
1690.000000 0.101300
1691.000000 0.178043
1692.000000 0.188748
1693.000000 0.090141
1694.000000 0.064703
1695.000000 0.147769
1696.000000 0.141766
1697.000000 0.028477
1698.000000 0.053663
1699.000000 0.136474
1700.000000 0.172646
1701.000000 0.032721
1702.000000 0.126557
1703.000000 0.153081
1704.000000 0.118776
1705.000000 0.060376
1706.000000 0.072583
1707.000000 0.060533
1708.000000 0.008116
1709.000000 0.154525
1710.000000 0.052903
1711.000000 0.054758
1712.000000 0.089625
1713.000000 0.025456
1714.000000 0.084338
1715.000000 0.100127
1716.000000 0.131443
1717.000000 0.176226
1718.000000 0.149259
1719.000000 0.079650
1720.000000 0.055221
1721.000000 0.084792
1722.000000 0.142883
1723.000000 0.054574
1724.000000 0.060087
1725.000000 0.070449
1726.000000 0.091061
1727.000000 0.030326
1728.000000 0.130497
1729.000000 0.097160
1730.000000 0.076963
1731.000000 0.090773
1732.000000 0.105664
1733.000000 0.064423
1734.000000 0.170422
1735.000000 0.039029
1736.000000 0.075476
1737.000000 0.196643
1738.000000 0.096242
1739.000000 0.263845
1740.000000 0.224901
1741.000000 0.050173
1742.000000 0.081634
1743.000000 0.172552
1744.000000 0.139917
1745.000000 0.163699
1746.000000 0.052332
1747.000000 0.049033
1748.000000 0.199534
1749.000000 0.055406
1750.000000 0.066005
1751.000000 0.030962
1752.000000 0.048094
1753.000000 0.074496
1754.000000 0.064743
1755.000000 0.068832
1756.000000 0.064777
1757.000000 0.145393
1758.000000 0.076944
1759.000000 0.128795
1760.000000 0.150921
1761.000000 0.179573
1762.000000 0.102925
1763.000000 0.147101
1764.000000 0.071267
1765.000000 0.094905
1766.000000 0.113464
1767.000000 0.074073
1768.000000 0.106405
1769.000000 0.139938
1770.000000 0.201415
1771.000000 0.083647
1772.000000 0.066749
1773.000000 0.085603
1774.000000 0.087632
1775.000000 0.134088
1776.000000 0.198445
1777.000000 0.135782
1778.000000 0.079685
1779.000000 0.089730
1780.000000 0.100618
1781.000000 0.070556
1782.000000 0.088900
1783.000000 0.062026
1784.000000 0.183046
1785.000000 0.194682
1786.000000 0.093263
1787.000000 0.173605
1788.000000 0.120330
1789.000000 0.103465
1790.000000 0.144261
1791.000000 0.084724
1792.000000 0.124849
1793.000000 0.194192
1794.000000 0.017809
1795.000000 0.102857
1796.000000 0.216507
1797.000000 0.057837
1798.000000 0.078827
1799.000000 0.066423
1800.000000 0.104432
1801.000000 0.038329
1802.000000 0.065763
1803.000000 0.010296
1804.000000 0.018848
1805.000000 0.264537
1806.000000 0.171043
1807.000000 0.050397
1808.000000 0.040487
1809.000000 0.075119
1810.000000 0.108271
1811.000000 0.049382
1812.000000 0.130077
1813.000000 0.034075
1814.000000 0.050234
1815.000000 0.272523
1816.000000 0.080569
1817.000000 0.042829
1818.000000 0.047099
1819.000000 0.092217
1820.000000 0.046881
1821.000000 0.077606
1822.000000 0.008297
1823.000000 0.012111
1824.000000 0.046256
1825.000000 0.025314
1826.000000 0.173914
1827.000000 0.003152
1828.000000 0.067200
1829.000000 0.059635
1830.000000 0.230037
1831.000000 0.139908
1832.000000 0.023730
1833.000000 0.144616
1834.000000 0.040691
1835.000000 0.081201
1836.000000 0.111303
1837.000000 0.152028
1838.000000 0.003369
1839.000000 0.065590
1840.000000 0.162809
1841.000000 0.024978
1842.000000 0.100758
1843.000000 0.203028
1844.000000 0.138677
1845.000000 0.235005
1846.000000 0.075728
1847.000000 0.031572
1848.000000 0.050712
1849.000000 0.019490
1850.000000 0.092171
1851.000000 0.142351
1852.000000 0.052072
1853.000000 0.152485
1854.000000 0.019344
1855.000000 0.088184
1856.000000 0.148899
1857.000000 0.054783
1858.000000 0.149007
1859.000000 0.118856
1860.000000 0.075976
1861.000000 0.160283
1862.000000 0.134782
1863.000000 0.102662
1864.000000 0.088266
1865.000000 0.035693
1866.000000 0.084493
1867.000000 0.068220
1868.000000 0.115735
1869.000000 0.037946
1870.000000 0.096007
1871.000000 0.071251
1872.000000 0.074912
1873.000000 0.082036
1874.000000 0.055167
1875.000000 0.118068
1876.000000 0.032621
1877.000000 0.204575
1878.000000 0.059015
1879.000000 0.169528
1880.000000 0.058356
1881.000000 0.075608
1882.000000 0.095630
1883.000000 0.091459
1884.000000 0.118211
1885.000000 0.083953
1886.000000 0.166000
1887.000000 0.038499
1888.000000 0.109215
1889.000000 0.100903
1890.000000 0.084759
1891.000000 0.049595
1892.000000 0.078229
1893.000000 0.068348
1894.000000 0.170538
1895.000000 0.046250
1896.000000 0.107757
1897.000000 0.044501
1898.000000 0.167578
1899.000000 0.115990
1900.000000 0.127434
1901.000000 0.126090
1902.000000 0.098726
1903.000000 0.188065
1904.000000 0.147432
1905.000000 0.137694
1906.000000 0.247418
1907.000000 0.246558
1908.000000 0.048660
1909.000000 0.044333
1910.000000 0.084161
1911.000000 0.179106
1912.000000 0.047793
1913.000000 0.068021
1914.000000 0.158385
1915.000000 0.074233
1916.000000 0.113196
1917.000000 0.131231
1918.000000 0.057485
1919.000000 0.180846
1920.000000 0.121901
1921.000000 0.108990
1922.000000 0.094108
1923.000000 0.051745
1924.000000 0.083366
1925.000000 0.144011
1926.000000 0.016216
1927.000000 0.076950
1928.000000 0.138983
1929.000000 0.066632
1930.000000 0.071972
1931.000000 0.059533
1932.000000 0.133733
1933.000000 0.172977
1934.000000 0.125228
1935.000000 0.213143
1936.000000 0.056786
1937.000000 0.085041
1938.000000 0.073034
1939.000000 0.143136
1940.000000 0.145251
1941.000000 0.218004
1942.000000 0.113862
1943.000000 0.055160
1944.000000 0.092116
1945.000000 0.160458
1946.000000 0.129804
1947.000000 0.097233
1948.000000 0.100146
1949.000000 0.104905
1950.000000 0.122110
1951.000000 0.194055
1952.000000 0.149357
1953.000000 0.109592
1954.000000 0.149859
1955.000000 0.039379
1956.000000 0.034027
1957.000000 0.141073
1958.000000 0.075848
1959.000000 0.098507
1960.000000 0.219729
1961.000000 0.128270
1962.000000 0.198998
1963.000000 0.074025
1964.000000 0.052337
1965.000000 0.060845
1966.000000 0.065293
1967.000000 0.116901
1968.000000 0.218264
1969.000000 0.103659
1970.000000 0.107894
1971.000000 0.085736
1972.000000 0.111345
1973.000000 0.034496
1974.000000 0.101448
1975.000000 0.033212
1976.000000 0.155343
1977.000000 0.108612
1978.000000 0.077215
1979.000000 0.054267
1980.000000 0.063331
1981.000000 0.059673
1982.000000 0.128114
1983.000000 0.154171
1984.000000 0.127591
1985.000000 0.040597
1986.000000 0.112170
1987.000000 0.109358
1988.000000 0.162152
1989.000000 0.122266
1990.000000 0.130934
1991.000000 0.087584
1992.000000 0.203513
1993.000000 0.102091
1994.000000 0.090478
1995.000000 0.067506
1996.000000 0.097191
1997.000000 0.106386
1998.000000 0.093204
1999.000000 0.212889
2000.000000 0.031148
2001.000000 0.039166
2002.000000 0.044228
2003.000000 0.083534
2004.000000 0.035108
2005.000000 0.058577
2006.000000 0.142759
2007.000000 0.018290
2008.000000 0.078191
2009.000000 0.059053
2010.000000 0.202528
2011.000000 0.271296
2012.000000 0.012160
2013.000000 0.058145
2014.000000 0.086295
2015.000000 0.096467
2016.000000 0.123462
2017.000000 0.083226
2018.000000 0.094334
2019.000000 0.111118
2020.000000 0.072597
2021.000000 0.073548
2022.000000 0.034619
2023.000000 0.240700
2024.000000 0.046989
2025.000000 0.158270
2026.000000 0.081781
2027.000000 0.063618
2028.000000 0.112370
2029.000000 0.031648
2030.000000 0.084553
2031.000000 0.101869
2032.000000 0.050378
2033.000000 0.146381
2034.000000 0.077557
2035.000000 0.114667
2036.000000 0.044930
2037.000000 0.178168
2038.000000 0.094992
2039.000000 0.025965
2040.000000 0.051053
2041.000000 0.133299
2042.000000 0.128149
2043.000000 0.087665
2044.000000 0.095785
2045.000000 0.180033
2046.000000 0.076967
2047.000000 0.189712
2048.000000 0.143935
2049.000000 0.165697
2050.000000 0.135921
2051.000000 0.089244
2052.000000 0.110594
2053.000000 0.049728
2054.000000 0.144585
2055.000000 0.165409
2056.000000 0.175869
2057.000000 0.074365
2058.000000 0.032940
2059.000000 0.183985
2060.000000 0.147739
2061.000000 0.105938
2062.000000 0.108629
2063.000000 0.088802
2064.000000 0.010388
2065.000000 0.014336
2066.000000 0.063003
2067.000000 0.110510
2068.000000 0.126671
2069.000000 0.122584
2070.000000 0.120689
2071.000000 0.086699
2072.000000 0.147535
2073.000000 0.072884
2074.000000 0.084268
2075.000000 0.073563
2076.000000 0.183932
2077.000000 0.087177
2078.000000 0.180262
2079.000000 0.094357
2080.000000 0.079400
2081.000000 0.033655
2082.000000 0.104288
2083.000000 0.234936
2084.000000 0.058724
2085.000000 0.033898
2086.000000 0.167528
2087.000000 0.210021
2088.000000 0.055739
2089.000000 0.062224
2090.000000 0.141634
2091.000000 0.041386
2092.000000 0.109895
2093.000000 0.127147
2094.000000 0.267233
2095.000000 0.102552
2096.000000 0.186014
2097.000000 0.046982
2098.000000 0.152470
2099.000000 0.055716
2100.000000 0.091299
2101.000000 0.103565
2102.000000 0.114738
2103.000000 0.122023
2104.000000 0.199603
2105.000000 0.047366
2106.000000 0.088743
2107.000000 0.102959
2108.000000 0.063499
2109.000000 0.157292
2110.000000 0.019848
2111.000000 0.102875
2112.000000 0.157240
2113.000000 0.032982
2114.000000 0.029488
2115.000000 0.144023
2116.000000 0.085393
2117.000000 0.167131
2118.000000 0.051791
2119.000000 0.151393
2120.000000 0.109447
2121.000000 0.091868
2122.000000 0.157389
2123.000000 0.129219
2124.000000 0.184228
2125.000000 0.046098
2126.000000 0.072972
2127.000000 0.090811
2128.000000 0.080056
2129.000000 0.059909
2130.000000 0.073474
2131.000000 0.032516
2132.000000 0.057868
2133.000000 0.080469
2134.000000 0.268847
2135.000000 0.096117
2136.000000 0.096814
2137.000000 0.110489
2138.000000 0.132617
2139.000000 0.103114
2140.000000 0.082591
2141.000000 0.123366
2142.000000 0.080182
2143.000000 0.062919
2144.000000 0.023490
2145.000000 0.073473
2146.000000 0.150186
2147.000000 0.220536
2148.000000 0.134363
2149.000000 0.034395
2150.000000 0.010500
2151.000000 0.018824
2152.000000 0.084200
2153.000000 0.178783
2154.000000 0.094118
2155.000000 0.049809
2156.000000 0.074771
2157.000000 0.064054
2158.000000 0.099094
2159.000000 0.129221
2160.000000 0.089025
2161.000000 0.083642
2162.000000 0.090822
2163.000000 0.101553
2164.000000 0.136971
2165.000000 0.022033
2166.000000 0.131510
2167.000000 0.183060
2168.000000 0.089605
2169.000000 0.079401
2170.000000 0.064655
2171.000000 0.018646
2172.000000 0.101626
2173.000000 0.007882
2174.000000 0.035194
2175.000000 0.166358
2176.000000 0.073023
2177.000000 0.091290
2178.000000 0.154705
2179.000000 0.124221
2180.000000 0.084453
2181.000000 0.080571
2182.000000 0.070250
2183.000000 0.126797
2184.000000 0.038144
2185.000000 0.085342
2186.000000 0.010874
2187.000000 0.071791
2188.000000 0.080027
2189.000000 0.121603
2190.000000 0.170230
2191.000000 0.109247
2192.000000 0.143984
2193.000000 0.083498
2194.000000 0.148315
2195.000000 0.095203
2196.000000 0.061858
2197.000000 0.137667
2198.000000 0.074594
2199.000000 0.015960
2200.000000 0.068891
2201.000000 0.083247
2202.000000 0.111186
2203.000000 0.173459
2204.000000 0.108204
2205.000000 0.047799
2206.000000 0.147545
2207.000000 0.070338
2208.000000 0.079382
2209.000000 0.170050
2210.000000 0.154623
2211.000000 0.077949
2212.000000 0.048204
2213.000000 0.247363
2214.000000 0.058461
2215.000000 0.177206
2216.000000 0.070079
2217.000000 0.195691
2218.000000 0.043358
2219.000000 0.088301
2220.000000 0.035223
2221.000000 0.077703
2222.000000 0.014970
2223.000000 0.159992
2224.000000 0.068271
2225.000000 0.097564
2226.000000 0.081707
2227.000000 0.132804
2228.000000 0.147465
2229.000000 0.119059
2230.000000 0.041663
2231.000000 0.140094
2232.000000 0.078151
2233.000000 0.071472
2234.000000 0.130911
2235.000000 0.081855
2236.000000 0.075382
2237.000000 0.136813
2238.000000 0.054873
2239.000000 0.071510
2240.000000 0.196985
2241.000000 0.075030
2242.000000 0.063361
2243.000000 0.268208
2244.000000 0.085907
2245.000000 0.161613
2246.000000 0.168124
2247.000000 0.042498
2248.000000 0.094605
2249.000000 0.045852
2250.000000 0.215484
2251.000000 0.167846
2252.000000 0.153152
2253.000000 0.065284
2254.000000 0.058219
2255.000000 0.063144
2256.000000 0.049125
2257.000000 0.093107
2258.000000 0.105180
2259.000000 0.057597
2260.000000 0.107876
2261.000000 0.148395
2262.000000 0.103124
2263.000000 0.068866
2264.000000 0.082733
2265.000000 0.123561
2266.000000 0.090968
2267.000000 0.099489
2268.000000 0.046531
2269.000000 0.053879
2270.000000 0.130252
2271.000000 0.028818
2272.000000 0.043986
2273.000000 0.155348
2274.000000 0.108714
2275.000000 0.032165
2276.000000 0.224569
2277.000000 0.172892
2278.000000 0.143859
2279.000000 0.167337
2280.000000 0.139279
2281.000000 0.027389
2282.000000 0.160660
2283.000000 0.111418
2284.000000 0.125431
2285.000000 0.147523
2286.000000 0.130994
2287.000000 0.046883
2288.000000 0.028335
2289.000000 0.033956
2290.000000 0.113721
2291.000000 0.077777
2292.000000 0.063704
2293.000000 0.112535
2294.000000 0.100895
2295.000000 0.075132
2296.000000 0.038146
2297.000000 0.020299
2298.000000 0.024514
2299.000000 0.117579
2300.000000 0.079144
2301.000000 0.071823
2302.000000 0.056137
2303.000000 0.048757
2304.000000 0.102800
2305.000000 0.147226
2306.000000 0.080571
2307.000000 0.099610
2308.000000 0.115378
2309.000000 0.047268
2310.000000 0.106967
2311.000000 0.076588
2312.000000 0.085020
2313.000000 0.097098
2314.000000 0.124716
2315.000000 0.152089
2316.000000 0.028848
2317.000000 0.142753
2318.000000 0.159769
2319.000000 0.067565
2320.000000 0.068514
2321.000000 0.211128
2322.000000 0.123959
2323.000000 0.112444
2324.000000 0.161583
2325.000000 0.044477
2326.000000 0.024090
2327.000000 0.111561
2328.000000 0.044300
2329.000000 0.053094
2330.000000 0.121190
2331.000000 0.043849
2332.000000 0.092493
2333.000000 0.045144
2334.000000 0.080983
2335.000000 0.053832
2336.000000 0.091656
2337.000000 0.136818
2338.000000 0.043665
2339.000000 0.023154
2340.000000 0.047552
2341.000000 0.153243
2342.000000 0.079401
2343.000000 0.115408
2344.000000 0.203403
2345.000000 0.099964
2346.000000 0.055232
2347.000000 0.034787
2348.000000 0.064619
2349.000000 0.059752
2350.000000 0.099775
2351.000000 0.212537
2352.000000 0.186007
2353.000000 0.058066
2354.000000 0.052480
2355.000000 0.074438
2356.000000 0.099282
2357.000000 0.087172
2358.000000 0.147763
2359.000000 0.085585
2360.000000 0.089915
2361.000000 0.019996
2362.000000 0.054741
2363.000000 0.095954
2364.000000 0.118362
2365.000000 0.180988
2366.000000 0.064653
2367.000000 0.100509
2368.000000 0.087663
2369.000000 0.097695
2370.000000 0.210585
2371.000000 0.112052
2372.000000 0.128051
2373.000000 0.081699
2374.000000 0.126430
2375.000000 0.043379
2376.000000 0.032380
2377.000000 0.083934
2378.000000 0.087541
2379.000000 0.106478
2380.000000 0.094169
2381.000000 0.091191
2382.000000 0.051154
2383.000000 0.036291
2384.000000 0.088265
2385.000000 0.057396
2386.000000 0.107021
2387.000000 0.063403
2388.000000 0.062272
2389.000000 0.151096
2390.000000 0.083091
2391.000000 0.031745
2392.000000 0.062096
2393.000000 0.178690
2394.000000 0.074735
2395.000000 0.122814
2396.000000 0.211700
2397.000000 0.196395
2398.000000 0.103182
2399.000000 0.016123
2400.000000 0.094898
2401.000000 0.023192
2402.000000 0.045551
2403.000000 0.139605
2404.000000 0.030156
2405.000000 0.098387
2406.000000 0.098189
2407.000000 0.143295
2408.000000 0.155607
2409.000000 0.104115
2410.000000 0.168428
2411.000000 0.036173
2412.000000 0.168163
2413.000000 0.087520
2414.000000 0.047151
2415.000000 0.036132
2416.000000 0.110079
2417.000000 0.112017
2418.000000 0.082380
2419.000000 0.077452
2420.000000 0.018342
2421.000000 0.022439
2422.000000 0.107814
2423.000000 0.116404
2424.000000 0.027519
2425.000000 0.159962
2426.000000 0.110321
2427.000000 0.074374
2428.000000 0.027909
2429.000000 0.048390
2430.000000 0.115210
2431.000000 0.130850
2432.000000 0.105831
2433.000000 0.088333
2434.000000 0.017803
2435.000000 0.139119
2436.000000 0.146666
2437.000000 0.057343
2438.000000 0.130169
2439.000000 0.015167
2440.000000 0.073848
2441.000000 0.075987
2442.000000 0.151465
2443.000000 0.139211
2444.000000 0.127075
2445.000000 0.126263
2446.000000 0.194040
2447.000000 0.061557
2448.000000 0.071545
2449.000000 0.067674
2450.000000 0.072076
2451.000000 0.056420
2452.000000 0.050651
2453.000000 0.155516
2454.000000 0.053493
2455.000000 0.103522
2456.000000 0.223887
2457.000000 0.123800
2458.000000 0.047771
2459.000000 0.084864
2460.000000 0.054128
2461.000000 0.116535
2462.000000 0.153678
2463.000000 0.042532
2464.000000 0.111538
2465.000000 0.047005
2466.000000 0.027014
2467.000000 0.064159
2468.000000 0.144152
2469.000000 0.025702
2470.000000 0.113471
2471.000000 0.104267
2472.000000 0.137584
2473.000000 0.105312
2474.000000 0.138870
2475.000000 0.070796
2476.000000 0.087158
2477.000000 0.156609
2478.000000 0.151180
2479.000000 0.089907
2480.000000 0.096680
2481.000000 0.229140
2482.000000 0.065379
2483.000000 0.044467
2484.000000 0.168009
2485.000000 0.126675
2486.000000 0.043545
2487.000000 0.080688
2488.000000 0.017895
2489.000000 0.139216
2490.000000 0.081347
2491.000000 0.090961
2492.000000 0.054371
2493.000000 0.117226
2494.000000 0.103626
2495.000000 0.125050
2496.000000 0.200199
2497.000000 0.222544
2498.000000 0.134867
2499.000000 0.159531
2500.000000 0.023213
2501.000000 0.202418
2502.000000 0.140440
2503.000000 0.033310
2504.000000 0.130832
2505.000000 0.067669
2506.000000 0.156563
2507.000000 0.004238
2508.000000 0.056528
2509.000000 0.087978
2510.000000 0.079493
2511.000000 0.070483
2512.000000 0.259113
2513.000000 0.102846
2514.000000 0.055688
2515.000000 0.114706
2516.000000 0.180576
2517.000000 0.083256
2518.000000 0.069063
2519.000000 0.128481
2520.000000 0.097909
2521.000000 0.123303
2522.000000 0.079423
2523.000000 0.066921
2524.000000 0.155437
2525.000000 0.067613
2526.000000 0.159572
2527.000000 0.064689
2528.000000 0.115162
2529.000000 0.144076
2530.000000 0.076320
2531.000000 0.150312
2532.000000 0.061116
2533.000000 0.032968
2534.000000 0.141931
2535.000000 0.122704
2536.000000 0.096486
2537.000000 0.192710
2538.000000 0.131533
2539.000000 0.037488
2540.000000 0.053484
2541.000000 0.107316
2542.000000 0.178068
2543.000000 0.032334
2544.000000 0.077105
2545.000000 0.139774
2546.000000 0.060977
2547.000000 0.142956
2548.000000 0.035940
2549.000000 0.080871
2550.000000 0.105498
2551.000000 0.095553
2552.000000 0.055205
2553.000000 0.103959
2554.000000 0.116232
2555.000000 0.050604
2556.000000 0.077163
2557.000000 0.069800
2558.000000 0.028113
2559.000000 0.075712
2560.000000 0.159223
2561.000000 0.137205
2562.000000 0.146745
2563.000000 0.027169
2564.000000 0.047165
2565.000000 0.066684
2566.000000 0.221260
2567.000000 0.172896
2568.000000 0.135572
2569.000000 0.107159
2570.000000 0.046902
2571.000000 0.103096
2572.000000 0.066340
2573.000000 0.100168
2574.000000 0.190189
2575.000000 0.154719
2576.000000 0.160428
2577.000000 0.132512
2578.000000 0.094304
2579.000000 0.127195
2580.000000 0.157498
2581.000000 0.089129
2582.000000 0.144147
2583.000000 0.079572
2584.000000 0.117253
2585.000000 0.061730
2586.000000 0.089318
2587.000000 0.146772
2588.000000 0.047161
2589.000000 0.135199
2590.000000 0.126588
2591.000000 0.079678
2592.000000 0.111006
2593.000000 0.167056
2594.000000 0.100590
2595.000000 0.043177
2596.000000 0.080943
2597.000000 0.145157
2598.000000 0.036642
2599.000000 0.118454
2600.000000 0.052374
2601.000000 0.092414
2602.000000 0.054737
2603.000000 0.034793
2604.000000 0.137073
2605.000000 0.109404
2606.000000 0.032432
2607.000000 0.038498
2608.000000 0.025902
2609.000000 0.048459
2610.000000 0.148155
2611.000000 0.191499
2612.000000 0.205865
2613.000000 0.064944
2614.000000 0.047336
2615.000000 0.038603
2616.000000 0.130017
2617.000000 0.089197
2618.000000 0.148659
2619.000000 0.051599
2620.000000 0.054839
2621.000000 0.104384
2622.000000 0.146833
2623.000000 0.087603
2624.000000 0.061855
2625.000000 0.110835
2626.000000 0.030314
2627.000000 0.164396
2628.000000 0.145758
2629.000000 0.108730
2630.000000 0.098299
2631.000000 0.107615
2632.000000 0.029224
2633.000000 0.111253
2634.000000 0.050664
2635.000000 0.089021
2636.000000 0.112842
2637.000000 0.135239
2638.000000 0.125609
2639.000000 0.072217
2640.000000 0.046849
2641.000000 0.121303
2642.000000 0.043341
2643.000000 0.069447
2644.000000 0.128840
2645.000000 0.167976
2646.000000 0.136203
2647.000000 0.105341
2648.000000 0.108801
2649.000000 0.034726
2650.000000 0.010171
2651.000000 0.043641
2652.000000 0.044958
2653.000000 0.131752
2654.000000 0.011245
2655.000000 0.161214
2656.000000 0.099491
2657.000000 0.051473
2658.000000 0.131434
2659.000000 0.042084
2660.000000 0.082620
2661.000000 0.038900
2662.000000 0.117655
2663.000000 0.103168
2664.000000 0.081777
2665.000000 0.121684
2666.000000 0.150396
2667.000000 0.172153
2668.000000 0.105486
2669.000000 0.224544
2670.000000 0.119888
2671.000000 0.133599
2672.000000 0.067370
2673.000000 0.071988
2674.000000 0.151271
2675.000000 0.049211
2676.000000 0.101953
2677.000000 0.092795
2678.000000 0.081870
2679.000000 0.097396
2680.000000 0.036431
2681.000000 0.071833
2682.000000 0.087824
2683.000000 0.068248
2684.000000 0.143600
2685.000000 0.063565
2686.000000 0.105633
2687.000000 0.111601
2688.000000 0.086456
2689.000000 0.173213
2690.000000 0.167703
2691.000000 0.083541
2692.000000 0.112970
2693.000000 0.064887
2694.000000 0.081415
2695.000000 0.104114
2696.000000 0.112194
2697.000000 0.115573
2698.000000 0.132601
2699.000000 0.241107
2700.000000 0.036951
2701.000000 0.045248
2702.000000 0.104131
2703.000000 0.089830
2704.000000 0.118276
2705.000000 0.139238
2706.000000 0.093588
2707.000000 0.038756
2708.000000 0.021706
2709.000000 0.077436
2710.000000 0.062520
2711.000000 0.215482
2712.000000 0.067188
2713.000000 0.162243
2714.000000 0.058361
2715.000000 0.109059
2716.000000 0.138261
2717.000000 0.189648
2718.000000 0.176796
2719.000000 0.155944
2720.000000 0.080520
2721.000000 0.092863
2722.000000 0.071210
2723.000000 0.133384
2724.000000 0.073518
2725.000000 0.050772
2726.000000 0.106723
2727.000000 0.039162
2728.000000 0.068165
2729.000000 0.085173
2730.000000 0.085616
2731.000000 0.046142
2732.000000 0.088248
2733.000000 0.148986
2734.000000 0.069282
2735.000000 0.091246
2736.000000 0.113659
2737.000000 0.130225
2738.000000 0.067650
2739.000000 0.071546
2740.000000 0.081172
2741.000000 0.086844
2742.000000 0.134536
2743.000000 0.091887
2744.000000 0.106861
2745.000000 0.064805
2746.000000 0.155184
2747.000000 0.185847
2748.000000 0.011466
2749.000000 0.179310
2750.000000 0.084984
2751.000000 0.098968
2752.000000 0.051807
2753.000000 0.077300
2754.000000 0.260344
2755.000000 0.056477
2756.000000 0.032830
2757.000000 0.086422
2758.000000 0.059834
2759.000000 0.117666
2760.000000 0.087638
2761.000000 0.126244
2762.000000 0.132260
2763.000000 0.141924
2764.000000 0.032886
2765.000000 0.185809
2766.000000 0.040265
2767.000000 0.141770
2768.000000 0.041157
2769.000000 0.153606
2770.000000 0.035008
2771.000000 0.135083
2772.000000 0.140144
2773.000000 0.182700
2774.000000 0.053147
2775.000000 0.136820
2776.000000 0.082214
2777.000000 0.114307
2778.000000 0.265638
2779.000000 0.116714
2780.000000 0.100866
2781.000000 0.072463
2782.000000 0.052184
2783.000000 0.134075
2784.000000 0.048626
2785.000000 0.145528
2786.000000 0.100640
2787.000000 0.134649
2788.000000 0.142809
2789.000000 0.114508
2790.000000 0.193232
2791.000000 0.048065
2792.000000 0.076874
2793.000000 0.079516
2794.000000 0.097491
2795.000000 0.119763
2796.000000 0.104668
2797.000000 0.184494
2798.000000 0.091358
2799.000000 0.086093
2800.000000 0.221116
2801.000000 0.029829
2802.000000 0.121800
2803.000000 0.079364
2804.000000 0.020275
2805.000000 0.040457
2806.000000 0.167119
2807.000000 0.088595
2808.000000 0.079008
2809.000000 0.049359
2810.000000 0.107016
2811.000000 0.049858
2812.000000 0.247200
2813.000000 0.092955
2814.000000 0.101400
2815.000000 0.082493
2816.000000 0.094507
2817.000000 0.143464
2818.000000 0.063612
2819.000000 0.183978
2820.000000 0.158695
2821.000000 0.078339
2822.000000 0.029755
2823.000000 0.064576
2824.000000 0.092953
2825.000000 0.030913
2826.000000 0.129329
2827.000000 0.084860
2828.000000 0.050315
2829.000000 0.030527
2830.000000 0.092821
2831.000000 0.058779
2832.000000 0.095934
2833.000000 0.095986
2834.000000 0.051268
2835.000000 0.148968
2836.000000 0.076384
2837.000000 0.044843
2838.000000 0.117465
2839.000000 0.058214
2840.000000 0.011506
2841.000000 0.191178
2842.000000 0.154958
2843.000000 0.057220
2844.000000 0.041075
2845.000000 0.006972
2846.000000 0.088468
2847.000000 0.199872
2848.000000 0.038474
2849.000000 0.119985
2850.000000 0.147655
2851.000000 0.093787
2852.000000 0.056109
2853.000000 0.140711
2854.000000 0.243225
2855.000000 0.108661
2856.000000 0.145482
2857.000000 0.113795
2858.000000 0.036213
2859.000000 0.055572
2860.000000 0.025191
2861.000000 0.055697
2862.000000 0.139443
2863.000000 0.183083
2864.000000 0.100518
2865.000000 0.079091
2866.000000 0.139207
2867.000000 0.095801
2868.000000 0.110667
2869.000000 0.115841
2870.000000 0.169264
2871.000000 0.061836
2872.000000 0.023314
2873.000000 0.175538
2874.000000 0.058121
2875.000000 0.156251
2876.000000 0.148607
2877.000000 0.033571
2878.000000 0.094104
2879.000000 0.162700
2880.000000 0.077963
2881.000000 0.036798
2882.000000 0.204251
2883.000000 0.046562
2884.000000 0.112317
2885.000000 0.150924
2886.000000 0.055964
2887.000000 0.013501
2888.000000 0.017968
2889.000000 0.080178
2890.000000 0.062027
2891.000000 0.039531
2892.000000 0.118678
2893.000000 0.080208
2894.000000 0.146814
2895.000000 0.060336
2896.000000 0.145798
2897.000000 0.139243
2898.000000 0.070003
2899.000000 0.069600
2900.000000 0.128610
2901.000000 0.079652
2902.000000 0.047995
2903.000000 0.113072
2904.000000 0.074171
2905.000000 0.078488
2906.000000 0.070792
2907.000000 0.080222
2908.000000 0.096303
2909.000000 0.157910
2910.000000 0.041765
2911.000000 0.044587
2912.000000 0.050171
2913.000000 0.216030
2914.000000 0.181348
2915.000000 0.112796
2916.000000 0.067971
2917.000000 0.034520
2918.000000 0.067313
2919.000000 0.101234
2920.000000 0.128699
2921.000000 0.074880
2922.000000 0.182503
2923.000000 0.124348
2924.000000 0.096571
2925.000000 0.022831
2926.000000 0.139310
2927.000000 0.005211
2928.000000 0.117165
2929.000000 0.217591
2930.000000 0.037723
2931.000000 0.042456
2932.000000 0.084608
2933.000000 0.059076
2934.000000 0.056616
2935.000000 0.036165
2936.000000 0.194359
2937.000000 0.086139
2938.000000 0.092462
2939.000000 0.176805
2940.000000 0.170923
2941.000000 0.183192
2942.000000 0.075479
2943.000000 0.130705
2944.000000 0.088054
2945.000000 0.205459
2946.000000 0.019281
2947.000000 0.012465
2948.000000 0.130675
2949.000000 0.045918
2950.000000 0.150530
2951.000000 0.192011
2952.000000 0.074601
2953.000000 0.041701
2954.000000 0.102649
2955.000000 0.024847
2956.000000 0.060928
2957.000000 0.113689
2958.000000 0.205308
2959.000000 0.101223
2960.000000 0.184342
2961.000000 0.088712
2962.000000 0.088116
2963.000000 0.037438
2964.000000 0.126896
2965.000000 0.073135
2966.000000 0.081767
2967.000000 0.126919
2968.000000 0.116548
2969.000000 0.082604
2970.000000 0.114226
2971.000000 0.171029
2972.000000 0.116102
2973.000000 0.064329
2974.000000 0.138124
2975.000000 0.094094
2976.000000 0.113059
2977.000000 0.107258
2978.000000 0.125411
2979.000000 0.131721
2980.000000 0.102856
2981.000000 0.110697
2982.000000 0.084776
2983.000000 0.089209
2984.000000 0.156631
2985.000000 0.071672
2986.000000 0.206360
2987.000000 0.120555
2988.000000 0.077546
2989.000000 0.049814
2990.000000 0.057508
2991.000000 0.125938
2992.000000 0.032836
2993.000000 0.073646
2994.000000 0.083262
2995.000000 0.057615
2996.000000 0.209652
2997.000000 0.092768
2998.000000 0.063360
2999.000000 0.075792
3000.000000 0.147462
