10.000000 0.145438
20.000000 0.145053
30.000000 0.137940
40.000000 0.358051
50.000000 0.257874
60.000000 0.199781
70.000000 0.125832
80.000000 0.198891
90.000000 0.019554
100.000000 0.083937
110.000000 0.130874
120.000000 0.240998
130.000000 0.149044
140.000000 0.214382
150.000000 0.192050
160.000000 0.323414
170.000000 0.198565
180.000000 0.136819
190.000000 0.237865
200.000000 0.178857
210.000000 0.085124
220.000000 0.174933
230.000000 0.139404
240.000000 0.319645
250.000000 0.127243
260.000000 0.224204
270.000000 0.413222
280.000000 0.142878
290.000000 0.155550
300.000000 0.220787
310.000000 0.047114
320.000000 0.226000
330.000000 0.242199
340.000000 0.233924
350.000000 0.137075
360.000000 0.189374
370.000000 0.222660
380.000000 0.066958
390.000000 0.181583
400.000000 0.256146
410.000000 0.118307
420.000000 0.295970
430.000000 0.332376
440.000000 0.221345
450.000000 0.298355
460.000000 0.095588
470.000000 0.286550
480.000000 0.300386
490.000000 0.201234
500.000000 0.331983
510.000000 0.286933
520.000000 0.268576
530.000000 0.258063
540.000000 0.158310
550.000000 0.240934
560.000000 0.046733
570.000000 0.218735
580.000000 0.169131
590.000000 0.221177
600.000000 0.397668
610.000000 0.026776
620.000000 0.297874
630.000000 0.235832
640.000000 0.396188
650.000000 0.154389
660.000000 0.263148
670.000000 0.222064
680.000000 0.400319
690.000000 0.206905
700.000000 0.168975
710.000000 0.283030
720.000000 0.150200
730.000000 0.166328
740.000000 0.371648
750.000000 0.265475
760.000000 0.140405
770.000000 0.078849
780.000000 0.242887
790.000000 0.147253
800.000000 0.283649
810.000000 0.151617
820.000000 0.227306
830.000000 0.054705
840.000000 0.058986
850.000000 0.219367
860.000000 0.204547
870.000000 0.110014
880.000000 0.091760
890.000000 0.327227
900.000000 0.269398
910.000000 0.244477
920.000000 0.187061
930.000000 0.271848
940.000000 0.151876
950.000000 0.146357
960.000000 0.063484
970.000000 0.311164
980.000000 0.126309
990.000000 0.336155
1000.000000 0.178077
