0.000000 0.287414
1.000000 0.350567
2.000000 0.427481
3.000000 0.416707
4.000000 0.394062
5.000000 0.399304
6.000000 0.379542
7.000000 0.358308
8.000000 0.324457
9.000000 0.326768
10.000000 0.254376
11.000000 0.321832
12.000000 0.333124
13.000000 0.360445
14.000000 0.399657
15.000000 0.412862
16.000000 0.397980
17.000000 0.397399
18.000000 0.490407
19.000000 0.537161
20.000000 0.459659
21.000000 0.357992
22.000000 0.304552
23.000000 0.232372
24.000000 0.191144
25.000000 0.175977
26.000000 0.109904
27.000000 0.167581
28.000000 0.177117
29.000000 0.156372
30.000000 0.170324
31.000000 0.127767
32.000000 0.099278
33.000000 0.047642
34.000000 0.113215
35.000000 0.203981
36.000000 0.177571
37.000000 0.243528
38.000000 0.262552
39.000000 0.254994
40.000000 0.338633
41.000000 0.320261
42.000000 0.300167
43.000000 0.318852
44.000000 0.368304
45.000000 0.465448
46.000000 0.478692
47.000000 0.462846
48.000000 0.389506
49.000000 0.453499
50.000000 0.400987
51.000000 0.338078
52.000000 0.250673
53.000000 0.257834
54.000000 0.262962
55.000000 0.282197
56.000000 0.276243
57.000000 0.299892
58.000000 0.370468
59.000000 0.521318
60.000000 0.461878
61.000000 0.484250
62.000000 0.474257
63.000000 0.367963
64.000000 0.419452
65.000000 0.398405
66.000000 0.294552
67.000000 0.295771
68.000000 0.237925
69.000000 0.284398
70.000000 0.278679
71.000000 0.234063
72.000000 0.236296
73.000000 0.207490
74.000000 0.235572
75.000000 0.288274
76.000000 0.293100
77.000000 0.254396
78.000000 0.262494
79.000000 0.191781
80.000000 0.257247
81.000000 0.328806
82.000000 0.332917
83.000000 0.346604
84.000000 0.389777
85.000000 0.350754
86.000000 0.381776
87.000000 0.341391
88.000000 0.430896
89.000000 0.472195
90.000000 0.501388
91.000000 0.506486
92.000000 0.436820
93.000000 0.419039
94.000000 0.394722
95.000000 0.416645
96.000000 0.390656
97.000000 0.387222
98.000000 0.387409
99.000000 0.374147
100.000000 0.306593
101.000000 0.337679
102.000000 0.323043
103.000000 0.343157
104.000000 0.370582
105.000000 0.442438
106.000000 0.420025
107.000000 0.390249
108.000000 0.496035
109.000000 0.514404
110.000000 0.591974
111.000000 0.608713
112.000000 0.629994
113.000000 0.642452
114.000000 0.691550
115.000000 0.690520
116.000000 0.662369
117.000000 0.646952
118.000000 0.673490
119.000000 0.714042
120.000000 0.737314
121.000000 0.721349
122.000000 0.644666
123.000000 0.607485
124.000000 0.576037
125.000000 0.581728
126.000000 0.533096
127.000000 0.586351
128.000000 0.638366
129.000000 0.610465
130.000000 0.579054
131.000000 0.533684
132.000000 0.561126
133.000000 0.570973
134.000000 0.582499
135.000000 0.564412
136.000000 0.549212
137.000000 0.557137
138.000000 0.549384
139.000000 0.531906
140.000000 0.534656
141.000000 0.511376
142.000000 0.492116
143.000000 0.527888
144.000000 0.518597
145.000000 0.474180
146.000000 0.466123
147.000000 0.479095
148.000000 0.520838
149.000000 0.523564
150.000000 0.535696
151.000000 0.513785
152.000000 0.519750
153.000000 0.523477
154.000000 0.558842
155.000000 0.526812
156.000000 0.528234
157.000000 0.526400
158.000000 0.522458
159.000000 0.467110
160.000000 0.463775
161.000000 0.438148
162.000000 0.489687
163.000000 0.414829
164.000000 0.407729
165.000000 0.417127
166.000000 0.413686
167.000000 0.412577
168.000000 0.362551
169.000000 0.347604
170.000000 0.383879
171.000000 0.383043
172.000000 0.439161
173.000000 0.448768
174.000000 0.382112
175.000000 0.361699
176.000000 0.392585
177.000000 0.402275
178.000000 0.412404
179.000000 0.435394
180.000000 0.436207
181.000000 0.407347
182.000000 0.402696
183.000000 0.410024
184.000000 0.440121
185.000000 0.488228
186.000000 0.486296
187.000000 0.468778
188.000000 0.450408
189.000000 0.459847
190.000000 0.494494
191.000000 0.508659
192.000000 0.537586
193.000000 0.572514
194.000000 0.494166
195.000000 0.466367
196.000000 0.394100
197.000000 0.413365
198.000000 0.464012
199.000000 0.467346
200.000000 0.460301
201.000000 0.505583
202.000000 0.518965
203.000000 0.418007
204.000000 0.562917
205.000000 0.436781
206.000000 0.408723
207.000000 0.350004
208.000000 0.308670
209.000000 0.312935
210.000000 0.329364
211.000000 0.262356
212.000000 0.250082
213.000000 0.290648
214.000000 0.321297
215.000000 0.283574
216.000000 0.396551
217.000000 0.309125
218.000000 0.432811
219.000000 0.426373
220.000000 0.393114
221.000000 0.369593
222.000000 0.274411
223.000000 0.275911
224.000000 0.300582
225.000000 0.271432
226.000000 0.278240
227.000000 0.236422
228.000000 0.150532
229.000000 0.199066
230.000000 0.353277
231.000000 0.363020
232.000000 0.398746
233.000000 0.496269
234.000000 0.567202
235.000000 0.547085
236.000000 0.599819
237.000000 0.563388
238.000000 0.548298
239.000000 0.518433
240.000000 0.538521
241.000000 0.567038
242.000000 0.570729
243.000000 0.542201
244.000000 0.540048
245.000000 0.526873
246.000000 0.440380
247.000000 0.383826
248.000000 0.441119
249.000000 0.420543
250.000000 0.432698
251.000000 0.404357
252.000000 0.454069
253.000000 0.492086
254.000000 0.513014
255.000000 0.523085
256.000000 0.527852
257.000000 0.523486
258.000000 0.499965
259.000000 0.418247
260.000000 0.415657
261.000000 0.410638
262.000000 0.390802
263.000000 0.380059
264.000000 0.413000
265.000000 0.403697
266.000000 0.332527
267.000000 0.294959
268.000000 0.306355
269.000000 0.297257
270.000000 0.364763
271.000000 0.302410
272.000000 0.340787
273.000000 0.349683
274.000000 0.402105
275.000000 0.320908
276.000000 0.286870
277.000000 0.280242
278.000000 0.370377
279.000000 0.363932
280.000000 0.363316
281.000000 0.313233
282.000000 0.361374
283.000000 0.452269
284.000000 0.351898
285.000000 0.269556
286.000000 0.295744
287.000000 0.302696
288.000000 0.238474
289.000000 0.279168
290.000000 0.133662
291.000000 0.094124
292.000000 0.148714
293.000000 0.214259
294.000000 0.224367
295.000000 0.276959
296.000000 0.360571
297.000000 0.354992
298.000000 0.376392
299.000000 0.412410
300.000000 0.294586
301.000000 0.315201
302.000000 0.360535
303.000000 0.301245
304.000000 0.293684
305.000000 0.315784
306.000000 0.318153
307.000000 0.377274
308.000000 0.391959
309.000000 0.361237
310.000000 0.281667
311.000000 0.255130
312.000000 0.283700
313.000000 0.238043
314.000000 0.238250
315.000000 0.174653
316.000000 0.160983
317.000000 0.139637
318.000000 0.199552
319.000000 0.207915
320.000000 0.213035
321.000000 0.319061
322.000000 0.310057
323.000000 0.328490
324.000000 0.267264
325.000000 0.318018
326.000000 0.327765
327.000000 0.341087
328.000000 0.271523
329.000000 0.352212
330.000000 0.415984
331.000000 0.329370
332.000000 0.343824
333.000000 0.407061
334.000000 0.321692
335.000000 0.229674
336.000000 0.338538
337.000000 0.436016
338.000000 0.456954
339.000000 0.360254
340.000000 0.424392
341.000000 0.518560
342.000000 0.411534
343.000000 0.380330
344.000000 0.388494
345.000000 0.386711
346.000000 0.365626
347.000000 0.348663
348.000000 0.354498
349.000000 0.345137
350.000000 0.350729
351.000000 0.290460
352.000000 0.353457
353.000000 0.339334
354.000000 0.337445
355.000000 0.392038
356.000000 0.330340
357.000000 0.324003
358.000000 0.341768
359.000000 0.358702
360.000000 0.296906
361.000000 0.191374
362.000000 0.222838
363.000000 0.104091
364.000000 0.141172
365.000000 0.266972
366.000000 0.310665
367.000000 0.294071
368.000000 0.370671
369.000000 0.230586
370.000000 0.312801
371.000000 0.305385
372.000000 0.275767
373.000000 0.264531
374.000000 0.244289
375.000000 0.296397
376.000000 0.331106
377.000000 0.335629
378.000000 0.410727
379.000000 0.366307
380.000000 0.361973
381.000000 0.401806
382.000000 0.394332
383.000000 0.293137
384.000000 0.193314
385.000000 0.136530
386.000000 0.157337
387.000000 0.177460
388.000000 0.177782
389.000000 0.216083
390.000000 0.094745
391.000000 0.120786
392.000000 0.166798
393.000000 0.294766
394.000000 0.292054
395.000000 0.247700
396.000000 0.367364
397.000000 0.358930
398.000000 0.388496
399.000000 0.427736
400.000000 0.490617
401.000000 0.463194
402.000000 0.437586
403.000000 0.297417
404.000000 0.390594
405.000000 0.413366
406.000000 0.436109
407.000000 0.366755
408.000000 0.330106
409.000000 0.295741
410.000000 0.320179
411.000000 0.214687
412.000000 0.170382
413.000000 0.129871
414.000000 0.269826
415.000000 0.385855
416.000000 0.361702
417.000000 0.306464
418.000000 0.268055
419.000000 0.222754
420.000000 0.245164
421.000000 0.306053
422.000000 0.352071
423.000000 0.330835
424.000000 0.287432
425.000000 0.289390
426.000000 0.327998
427.000000 0.341873
428.000000 0.335374
429.000000 0.397380
430.000000 0.492741
431.000000 0.454580
432.000000 0.471391
433.000000 0.376914
434.000000 0.378176
435.000000 0.507505
436.000000 0.533870
437.000000 0.573386
438.000000 0.564076
439.000000 0.594800
440.000000 0.587452
441.000000 0.577378
442.000000 0.605970
443.000000 0.586205
444.000000 0.616920
445.000000 0.572155
446.000000 0.550065
447.000000 0.456898
448.000000 0.304805
449.000000 0.333358
450.000000 0.312547
451.000000 0.257769
452.000000 0.270870
453.000000 0.237102
454.000000 0.255614
455.000000 0.250712
456.000000 0.240902
457.000000 0.257409
458.000000 0.237126
459.000000 0.324516
460.000000 0.318413
461.000000 0.324070
462.000000 0.286313
463.000000 0.228620
464.000000 0.183180
465.000000 0.233267
466.000000 0.161910
467.000000 0.259370
468.000000 0.295223
469.000000 0.272033
470.000000 0.310225
471.000000 0.293160
472.000000 0.361909
473.000000 0.335853
474.000000 0.363282
475.000000 0.412810
476.000000 0.452968
477.000000 0.389738
478.000000 0.430522
479.000000 0.373041
480.000000 0.378094
481.000000 0.370564
482.000000 0.336088
483.000000 0.406780
484.000000 0.332803
485.000000 0.368519
486.000000 0.407426
487.000000 0.405040
488.000000 0.373373
489.000000 0.399634
490.000000 0.379280
491.000000 0.381675
492.000000 0.395818
493.000000 0.424664
494.000000 0.400135
495.000000 0.381980
496.000000 0.496779
497.000000 0.547119
498.000000 0.375335
499.000000 0.390875
500.000000 0.321833
501.000000 0.250602
502.000000 0.130998
503.000000 0.169747
504.000000 0.272612
505.000000 0.324392
506.000000 0.313297
507.000000 0.267952
508.000000 0.232277
509.000000 0.292449
510.000000 0.395030
511.000000 0.429599
512.000000 0.390536
513.000000 0.349183
514.000000 0.390492
515.000000 0.410682
516.000000 0.463725
517.000000 0.512435
518.000000 0.508027
519.000000 0.475608
520.000000 0.471435
521.000000 0.433683
522.000000 0.417943
523.000000 0.312164
524.000000 0.259600
525.000000 0.306304
526.000000 0.336816
527.000000 0.304365
528.000000 0.221673
529.000000 0.282799
530.000000 0.327591
531.000000 0.351353
532.000000 0.351349
533.000000 0.351865
534.000000 0.345027
535.000000 0.333322
536.000000 0.394690
537.000000 0.412302
538.000000 0.374244
539.000000 0.369070
540.000000 0.375165
541.000000 0.489988
542.000000 0.554556
543.000000 0.509404
544.000000 0.465814
545.000000 0.420587
546.000000 0.394146
547.000000 0.440800
548.000000 0.488777
549.000000 0.388462
550.000000 0.417911
551.000000 0.399588
552.000000 0.366315
553.000000 0.180942
554.000000 0.165215
555.000000 0.299321
556.000000 0.301030
557.000000 0.318220
558.000000 0.373320
559.000000 0.343630
560.000000 0.267573
561.000000 0.241868
562.000000 0.327873
563.000000 0.265784
564.000000 0.027859
565.000000 0.084889
566.000000 0.085135
567.000000 0.133474
568.000000 0.143676
569.000000 0.067747
570.000000 0.070251
571.000000 0.070018
572.000000 0.101592
573.000000 0.139827
574.000000 0.115128
575.000000 0.120643
576.000000 0.137501
577.000000 0.160121
578.000000 0.083547
579.000000 0.101917
580.000000 0.050750
581.000000 0.054301
582.000000 0.078810
583.000000 0.020829
584.000000 0.107794
585.000000 0.112109
586.000000 0.088991
587.000000 0.127790
588.000000 0.154506
589.000000 0.122709
590.000000 0.117553
591.000000 0.105689
592.000000 0.134683
593.000000 0.195352
594.000000 0.261911
595.000000 0.181200
596.000000 0.205881
597.000000 0.321423
598.000000 0.324800
599.000000 0.332613
600.000000 0.353344
601.000000 0.383679
602.000000 0.418323
603.000000 0.439148
604.000000 0.334813
605.000000 0.331646
606.000000 0.381493
607.000000 0.375276
608.000000 0.369879
609.000000 0.457413
610.000000 0.409280
611.000000 0.390444
612.000000 0.394571
613.000000 0.411741
614.000000 0.341659
615.000000 0.422012
616.000000 0.321579
617.000000 0.317828
618.000000 0.269309
619.000000 0.301298
620.000000 0.224533
621.000000 0.230893
622.000000 0.280145
623.000000 0.261739
624.000000 0.307180
625.000000 0.324536
626.000000 0.275750
627.000000 0.217690
628.000000 0.281483
629.000000 0.323475
630.000000 0.275274
631.000000 0.339744
632.000000 0.450850
633.000000 0.524233
634.000000 0.497309
635.000000 0.433003
636.000000 0.430791
637.000000 0.444064
638.000000 0.446806
639.000000 0.370903
640.000000 0.400061
641.000000 0.336881
642.000000 0.380488
643.000000 0.450452
644.000000 0.492523
645.000000 0.536813
646.000000 0.588330
647.000000 0.607076
648.000000 0.663433
649.000000 0.618072
650.000000 0.620497
651.000000 0.674135
652.000000 0.720359
653.000000 0.723189
654.000000 0.710946
655.000000 0.746878
656.000000 0.746475
657.000000 0.737193
658.000000 0.724737
659.000000 0.733060
660.000000 0.732369
661.000000 0.716702
662.000000 0.751149
663.000000 0.783384
664.000000 0.766406
665.000000 0.729664
666.000000 0.746124
667.000000 0.731630
668.000000 0.676187
669.000000 0.671707
670.000000 0.656591
671.000000 0.643442
672.000000 0.640158
673.000000 0.597288
674.000000 0.585433
675.000000 0.631305
676.000000 0.624988
677.000000 0.588564
678.000000 0.484714
679.000000 0.499795
680.000000 0.620859
681.000000 0.566072
682.000000 0.480551
683.000000 0.401356
684.000000 0.438599
685.000000 0.383666
686.000000 0.426827
687.000000 0.404001
688.000000 0.514923
689.000000 0.508800
690.000000 0.591699
691.000000 0.539303
692.000000 0.534015
693.000000 0.516311
694.000000 0.512714
695.000000 0.591591
696.000000 0.628338
697.000000 0.571815
698.000000 0.600542
699.000000 0.627839
700.000000 0.618830
701.000000 0.644151
702.000000 0.634304
703.000000 0.630464
704.000000 0.639139
705.000000 0.638278
706.000000 0.614757
707.000000 0.658561
708.000000 0.634202
709.000000 0.653024
710.000000 0.656050
711.000000 0.634299
712.000000 0.650618
713.000000 0.623803
714.000000 0.585233
715.000000 0.512375
716.000000 0.542245
717.000000 0.513797
718.000000 0.492393
719.000000 0.552559
720.000000 0.528279
721.000000 0.557449
722.000000 0.538999
723.000000 0.528655
724.000000 0.579526
725.000000 0.566346
726.000000 0.541952
727.000000 0.493337
728.000000 0.486117
729.000000 0.534229
730.000000 0.550268
731.000000 0.539994
732.000000 0.453639
733.000000 0.508259
734.000000 0.518201
735.000000 0.529320
736.000000 0.552842
737.000000 0.520527
738.000000 0.516096
739.000000 0.447891
740.000000 0.447415
741.000000 0.495632
742.000000 0.510862
743.000000 0.490103
744.000000 0.475838
745.000000 0.433625
746.000000 0.458425
747.000000 0.433601
748.000000 0.459839
749.000000 0.449915
750.000000 0.477971
751.000000 0.433277
752.000000 0.399082
753.000000 0.370710
754.000000 0.371848
755.000000 0.446731
756.000000 0.413238
757.000000 0.402985
758.000000 0.495197
759.000000 0.525519
760.000000 0.521087
761.000000 0.506834
762.000000 0.512571
763.000000 0.552826
764.000000 0.534666
765.000000 0.514566
766.000000 0.470105
767.000000 0.422853
768.000000 0.436020
769.000000 0.399949
770.000000 0.416561
771.000000 0.402758
772.000000 0.461507
773.000000 0.447608
774.000000 0.444317
775.000000 0.463823
776.000000 0.466601
777.000000 0.436445
778.000000 0.453650
779.000000 0.312430
780.000000 0.309034
781.000000 0.335916
782.000000 0.329986
783.000000 0.306881
784.000000 0.297963
785.000000 0.300343
786.000000 0.343504
787.000000 0.469961
788.000000 0.498933
789.000000 0.515505
790.000000 0.540336
791.000000 0.512554
792.000000 0.552725
793.000000 0.509540
794.000000 0.532937
795.000000 0.539906
796.000000 0.539717
797.000000 0.615117
798.000000 0.597768
799.000000 0.586695
800.000000 0.569932
801.000000 0.548711
802.000000 0.550231
803.000000 0.529351
804.000000 0.586535
805.000000 0.624425
806.000000 0.585651
807.000000 0.616100
808.000000 0.620039
809.000000 0.609653
810.000000 0.544800
811.000000 0.532086
812.000000 0.489093
813.000000 0.524310
814.000000 0.525497
815.000000 0.511993
816.000000 0.472931
817.000000 0.418930
818.000000 0.450812
819.000000 0.469214
820.000000 0.518025
821.000000 0.482363
822.000000 0.510493
823.000000 0.514379
824.000000 0.515805
825.000000 0.522847
826.000000 0.558550
827.000000 0.530651
828.000000 0.524754
829.000000 0.509039
830.000000 0.471157
831.000000 0.445688
832.000000 0.391241
833.000000 0.381992
834.000000 0.406903
835.000000 0.517573
836.000000 0.460415
837.000000 0.526685
838.000000 0.481673
839.000000 0.484669
840.000000 0.480343
841.000000 0.448052
842.000000 0.249845
843.000000 0.285598
844.000000 0.441772
845.000000 0.501567
846.000000 0.449205
847.000000 0.403352
848.000000 0.185486
849.000000 0.181615
850.000000 0.315975
851.000000 0.261329
852.000000 0.334800
853.000000 0.320715
854.000000 0.309187
855.000000 0.217149
856.000000 0.250404
857.000000 0.265231
858.000000 0.309437
859.000000 0.209664
860.000000 0.156008
861.000000 0.179649
862.000000 0.236525
863.000000 0.271316
864.000000 0.272144
865.000000 0.259901
866.000000 0.175280
867.000000 0.215756
868.000000 0.167465
869.000000 0.168993
870.000000 0.123783
871.000000 0.255171
872.000000 0.341900
873.000000 0.169647
874.000000 0.213749
875.000000 0.302985
876.000000 0.245031
877.000000 0.248464
878.000000 0.290326
879.000000 0.305158
880.000000 0.335318
881.000000 0.358114
882.000000 0.377236
883.000000 0.434304
884.000000 0.540505
885.000000 0.452722
886.000000 0.460133
887.000000 0.458440
888.000000 0.452486
889.000000 0.440499
890.000000 0.486700
891.000000 0.527297
892.000000 0.490940
893.000000 0.507008
894.000000 0.470779
895.000000 0.459163
896.000000 0.513940
897.000000 0.524152
898.000000 0.456520
899.000000 0.454800
900.000000 0.420341
901.000000 0.372852
902.000000 0.368826
903.000000 0.418016
904.000000 0.327407
905.000000 0.269427
906.000000 0.195381
907.000000 0.215607
908.000000 0.255001
909.000000 0.343819
910.000000 0.248055
911.000000 0.396001
912.000000 0.446768
913.000000 0.424877
914.000000 0.348062
915.000000 0.348886
916.000000 0.362507
917.000000 0.406440
918.000000 0.314297
919.000000 0.257941
920.000000 0.237051
921.000000 0.300212
922.000000 0.307728
923.000000 0.341554
924.000000 0.304775
925.000000 0.308725
926.000000 0.330638
927.000000 0.278075
928.000000 0.273118
929.000000 0.174765
930.000000 0.149463
931.000000 0.313532
932.000000 0.328609
933.000000 0.318277
934.000000 0.297945
935.000000 0.336122
936.000000 0.369051
937.000000 0.394929
938.000000 0.436084
939.000000 0.454087
940.000000 0.350573
941.000000 0.251764
942.000000 0.203822
943.000000 0.287748
944.000000 0.282207
945.000000 0.221367
946.000000 0.205476
947.000000 0.306200
948.000000 0.288661
949.000000 0.283792
950.000000 0.369467
951.000000 0.366213
952.000000 0.410581
953.000000 0.405966
954.000000 0.381432
955.000000 0.401382
956.000000 0.407284
957.000000 0.454613
958.000000 0.500098
959.000000 0.494989
960.000000 0.493116
961.000000 0.465462
962.000000 0.437376
963.000000 0.420608
964.000000 0.380569
965.000000 0.449611
966.000000 0.472671
967.000000 0.504695
968.000000 0.573342
969.000000 0.528449
970.000000 0.541783
971.000000 0.559211
972.000000 0.466901
973.000000 0.469584
974.000000 0.476352
975.000000 0.395121
976.000000 0.432097
977.000000 0.446989
978.000000 0.435352
979.000000 0.489058
980.000000 0.445321
981.000000 0.390542
982.000000 0.434892
983.000000 0.397099
984.000000 0.377707
985.000000 0.402753
986.000000 0.397634
987.000000 0.456873
988.000000 0.518038
989.000000 0.496855
990.000000 0.508993
991.000000 0.469032
992.000000 0.456101
993.000000 0.467231
994.000000 0.477976
995.000000 0.442883
996.000000 0.550004
997.000000 0.544119
998.000000 0.493994
999.000000 0.497169
1000.000000 0.435005
1001.000000 0.355089
1002.000000 0.364458
1003.000000 0.364218
1004.000000 0.323387
1005.000000 0.379362
1006.000000 0.373517
1007.000000 0.360287
1008.000000 0.379842
1009.000000 0.429172
1010.000000 0.421858
1011.000000 0.477620
1012.000000 0.406636
1013.000000 0.434740
1014.000000 0.316932
1015.000000 0.306349
1016.000000 0.328022
1017.000000 0.256117
1018.000000 0.292533
1019.000000 0.237947
1020.000000 0.271605
1021.000000 0.274291
1022.000000 0.266495
1023.000000 0.283726
1024.000000 0.187906
1025.000000 0.152478
1026.000000 0.051932
1027.000000 0.078086
1028.000000 0.156267
1029.000000 0.128400
1030.000000 0.146484
1031.000000 0.127829
1032.000000 0.203188
1033.000000 0.240408
1034.000000 0.265151
1035.000000 0.329925
1036.000000 0.349831
1037.000000 0.426363
1038.000000 0.415796
1039.000000 0.485421
1040.000000 0.459689
1041.000000 0.434378
1042.000000 0.439826
1043.000000 0.388134
1044.000000 0.339531
1045.000000 0.247521
1046.000000 0.206348
1047.000000 0.146834
1048.000000 0.239186
1049.000000 0.187960
1050.000000 0.169861
1051.000000 0.141224
1052.000000 0.176770
1053.000000 0.187328
1054.000000 0.147746
1055.000000 0.217959
1056.000000 0.201663
1057.000000 0.152476
1058.000000 0.079761
1059.000000 0.187938
1060.000000 0.225664
1061.000000 0.273114
1062.000000 0.369047
1063.000000 0.275421
1064.000000 0.207516
1065.000000 0.182843
1066.000000 0.258011
1067.000000 0.297577
1068.000000 0.305728
1069.000000 0.283423
1070.000000 0.267450
1071.000000 0.313094
1072.000000 0.359721
1073.000000 0.368789
1074.000000 0.292499
1075.000000 0.322891
1076.000000 0.307517
1077.000000 0.302314
1078.000000 0.266996
1079.000000 0.181348
1080.000000 0.262892
1081.000000 0.347209
1082.000000 0.338156
1083.000000 0.355660
1084.000000 0.266099
1085.000000 0.348486
1086.000000 0.399368
1087.000000 0.530167
1088.000000 0.566024
1089.000000 0.547231
1090.000000 0.481002
1091.000000 0.343212
1092.000000 0.351434
1093.000000 0.332509
1094.000000 0.341767
1095.000000 0.244862
1096.000000 0.266344
1097.000000 0.214586
1098.000000 0.225955
1099.000000 0.065184
1100.000000 0.114805
1101.000000 0.118855
1102.000000 0.141725
1103.000000 0.140361
1104.000000 0.137766
1105.000000 0.063210
1106.000000 0.140490
1107.000000 0.289003
1108.000000 0.319050
1109.000000 0.245908
1110.000000 0.248521
1111.000000 0.250177
1112.000000 0.262992
1113.000000 0.231016
1114.000000 0.147360
1115.000000 0.160967
1116.000000 0.117101
1117.000000 0.038601
1118.000000 0.015813
1119.000000 0.147888
1120.000000 0.198001
1121.000000 0.284264
1122.000000 0.297458
1123.000000 0.214449
1124.000000 0.232312
1125.000000 0.178739
1126.000000 0.090785
1127.000000 0.235095
1128.000000 0.125976
1129.000000 0.160414
1130.000000 0.231328
1131.000000 0.209001
1132.000000 0.372588
1133.000000 0.382371
1134.000000 0.334525
1135.000000 0.359793
1136.000000 0.424702
1137.000000 0.430147
1138.000000 0.452120
1139.000000 0.465586
1140.000000 0.521243
1141.000000 0.475143
1142.000000 0.466452
1143.000000 0.524964
1144.000000 0.514637
1145.000000 0.487160
1146.000000 0.490387
1147.000000 0.531725
1148.000000 0.508003
1149.000000 0.508840
1150.000000 0.342417
1151.000000 0.499176
1152.000000 0.479473
1153.000000 0.443255
1154.000000 0.476851
1155.000000 0.503415
1156.000000 0.501298
1157.000000 0.518720
1158.000000 0.429154
1159.000000 0.384764
1160.000000 0.466847
1161.000000 0.457871
1162.000000 0.438805
1163.000000 0.432689
1164.000000 0.438777
1165.000000 0.512769
1166.000000 0.484490
1167.000000 0.486188
1168.000000 0.449123
1169.000000 0.378107
1170.000000 0.381483
1171.000000 0.382304
1172.000000 0.381954
1173.000000 0.448566
1174.000000 0.389406
1175.000000 0.407786
1176.000000 0.431690
1177.000000 0.393896
1178.000000 0.348577
1179.000000 0.417206
1180.000000 0.407958
1181.000000 0.416628
1182.000000 0.394989
1183.000000 0.378322
1184.000000 0.400874
1185.000000 0.426701
1186.000000 0.455031
1187.000000 0.389412
1188.000000 0.393369
1189.000000 0.412358
1190.000000 0.364919
1191.000000 0.316731
1192.000000 0.259969
1193.000000 0.273097
1194.000000 0.216581
1195.000000 0.225612
1196.000000 0.171490
1197.000000 0.117270
1198.000000 0.224945
1199.000000 0.296457
1200.000000 0.241302
1201.000000 0.171687
1202.000000 0.241357
1203.000000 0.227834
1204.000000 0.183109
1205.000000 0.191483
1206.000000 0.175192
1207.000000 0.205432
1208.000000 0.302278
1209.000000 0.301691
1210.000000 0.264671
1211.000000 0.306037
1212.000000 0.223845
1213.000000 0.245819
1214.000000 0.261740
1215.000000 0.152817
1216.000000 0.197526
1217.000000 0.218301
1218.000000 0.158531
1219.000000 0.143470
1220.000000 0.142721
1221.000000 0.113967
1222.000000 0.059252
1223.000000 0.064136
1224.000000 0.036053
1225.000000 0.115327
1226.000000 0.071765
1227.000000 0.086389
1228.000000 0.225762
1229.000000 0.242221
1230.000000 0.245618
1231.000000 0.266810
1232.000000 0.242023
1233.000000 0.217334
1234.000000 0.181148
1235.000000 0.234147
1236.000000 0.184772
1237.000000 0.208064
1238.000000 0.271669
1239.000000 0.395126
1240.000000 0.424385
1241.000000 0.466177
1242.000000 0.413214
1243.000000 0.397175
1244.000000 0.456788
1245.000000 0.407801
1246.000000 0.265210
1247.000000 0.273805
1248.000000 0.245397
1249.000000 0.287099
1250.000000 0.246959
1251.000000 0.280955
1252.000000 0.424374
1253.000000 0.342154
1254.000000 0.272021
1255.000000 0.232547
1256.000000 0.168881
1257.000000 0.232308
1258.000000 0.297735
1259.000000 0.350844
1260.000000 0.359409
1261.000000 0.376629
1262.000000 0.318213
1263.000000 0.343000
1264.000000 0.322520
1265.000000 0.328776
1266.000000 0.398243
1267.000000 0.528028
1268.000000 0.622972
1269.000000 0.582121
1270.000000 0.612947
1271.000000 0.570286
1272.000000 0.555469
1273.000000 0.534276
1274.000000 0.517406
1275.000000 0.510130
1276.000000 0.503394
1277.000000 0.478513
1278.000000 0.439084
1279.000000 0.410053
1280.000000 0.396174
1281.000000 0.452022
1282.000000 0.438006
1283.000000 0.399890
1284.000000 0.416068
1285.000000 0.417309
1286.000000 0.417153
1287.000000 0.417715
1288.000000 0.422077
1289.000000 0.402469
1290.000000 0.440222
1291.000000 0.389724
1292.000000 0.371444
1293.000000 0.383216
1294.000000 0.384283
1295.000000 0.350466
1296.000000 0.349154
1297.000000 0.342708
1298.000000 0.343264
1299.000000 0.253629
1300.000000 0.270927
1301.000000 0.314486
1302.000000 0.325961
1303.000000 0.375386
1304.000000 0.308222
1305.000000 0.267351
1306.000000 0.243795
1307.000000 0.312315
1308.000000 0.294893
1309.000000 0.327097
1310.000000 0.523282
1311.000000 0.567155
1312.000000 0.558194
1313.000000 0.540956
1314.000000 0.598976
1315.000000 0.591601
1316.000000 0.612162
1317.000000 0.608074
1318.000000 0.672246
1319.000000 0.668519
1320.000000 0.689665
1321.000000 0.643965
1322.000000 0.665865
1323.000000 0.695387
1324.000000 0.675659
1325.000000 0.677315
1326.000000 0.670293
1327.000000 0.697258
1328.000000 0.687401
1329.000000 0.688489
1330.000000 0.707639
1331.000000 0.689958
1332.000000 0.667998
1333.000000 0.649216
1334.000000 0.573165
1335.000000 0.509008
1336.000000 0.490010
1337.000000 0.503670
1338.000000 0.495983
1339.000000 0.524015
1340.000000 0.511258
1341.000000 0.494013
1342.000000 0.494271
1343.000000 0.537514
1344.000000 0.567769
1345.000000 0.589084
1346.000000 0.643502
1347.000000 0.646856
1348.000000 0.674149
1349.000000 0.627983
1350.000000 0.640999
1351.000000 0.590666
1352.000000 0.598569
1353.000000 0.597910
1354.000000 0.650611
1355.000000 0.663101
1356.000000 0.657681
1357.000000 0.613724
1358.000000 0.632609
1359.000000 0.573711
1360.000000 0.591359
1361.000000 0.595231
1362.000000 0.551434
1363.000000 0.533223
1364.000000 0.551454
1365.000000 0.560338
1366.000000 0.570593
1367.000000 0.552127
1368.000000 0.552457
1369.000000 0.629912
1370.000000 0.680946
1371.000000 0.666737
1372.000000 0.683683
1373.000000 0.684649
1374.000000 0.688457
1375.000000 0.682707
1376.000000 0.702462
1377.000000 0.644892
1378.000000 0.657188
1379.000000 0.642375
1380.000000 0.631057
1381.000000 0.638861
1382.000000 0.603001
1383.000000 0.593323
1384.000000 0.626511
1385.000000 0.614233
1386.000000 0.588671
1387.000000 0.560772
1388.000000 0.563439
1389.000000 0.619277
1390.000000 0.590538
1391.000000 0.626940
1392.000000 0.597808
1393.000000 0.557004
1394.000000 0.540111
1395.000000 0.505189
1396.000000 0.533561
1397.000000 0.519689
1398.000000 0.529858
1399.000000 0.556856
1400.000000 0.545726
1401.000000 0.500741
1402.000000 0.512983
1403.000000 0.544348
1404.000000 0.510347
1405.000000 0.503415
1406.000000 0.478232
1407.000000 0.494496
1408.000000 0.446660
1409.000000 0.406059
1410.000000 0.396405
1411.000000 0.430196
1412.000000 0.442235
1413.000000 0.461157
1414.000000 0.424443
1415.000000 0.467585
1416.000000 0.450320
1417.000000 0.418335
1418.000000 0.580660
1419.000000 0.596279
1420.000000 0.576908
1421.000000 0.588751
1422.000000 0.540974
1423.000000 0.565406
1424.000000 0.534114
1425.000000 0.446267
1426.000000 0.556222
1427.000000 0.537065
1428.000000 0.519105
1429.000000 0.503395
1430.000000 0.506525
1431.000000 0.445591
1432.000000 0.482434
1433.000000 0.435799
1434.000000 0.524210
1435.000000 0.547398
1436.000000 0.492747
1437.000000 0.596823
1438.000000 0.600773
1439.000000 0.645751
1440.000000 0.654585
1441.000000 0.616009
1442.000000 0.540652
1443.000000 0.542905
1444.000000 0.526570
1445.000000 0.514362
1446.000000 0.546378
1447.000000 0.631778
1448.000000 0.631604
1449.000000 0.674292
1450.000000 0.695986
1451.000000 0.728525
1452.000000 0.741192
1453.000000 0.697597
1454.000000 0.693202
1455.000000 0.686724
1456.000000 0.639958
1457.000000 0.692899
1458.000000 0.697012
1459.000000 0.634738
1460.000000 0.652010
1461.000000 0.665778
1462.000000 0.672136
1463.000000 0.624919
1464.000000 0.629779
1465.000000 0.620468
1466.000000 0.635327
1467.000000 0.616217
1468.000000 0.677621
1469.000000 0.632130
1470.000000 0.596409
1471.000000 0.548929
1472.000000 0.519559
1473.000000 0.542738
1474.000000 0.519528
1475.000000 0.493948
1476.000000 0.505837
1477.000000 0.541023
1478.000000 0.583384
1479.000000 0.606780
1480.000000 0.661912
1481.000000 0.656567
1482.000000 0.676783
1483.000000 0.681994
1484.000000 0.664849
1485.000000 0.701204
1486.000000 0.701727
1487.000000 0.649746
1488.000000 0.622011
1489.000000 0.596410
1490.000000 0.593213
1491.000000 0.536322
1492.000000 0.509699
1493.000000 0.563640
1494.000000 0.483608
1495.000000 0.552290
1496.000000 0.600935
1497.000000 0.591631
1498.000000 0.527903
1499.000000 0.507989
1500.000000 0.536308
1501.000000 0.575498
1502.000000 0.629064
1503.000000 0.610873
1504.000000 0.645373
1505.000000 0.689724
1506.000000 0.707310
1507.000000 0.740698
1508.000000 0.735190
1509.000000 0.721615
1510.000000 0.714671
1511.000000 0.702421
1512.000000 0.676366
1513.000000 0.662880
1514.000000 0.686792
1515.000000 0.692854
1516.000000 0.629872
1517.000000 0.669269
1518.000000 0.680635
1519.000000 0.664156
1520.000000 0.630692
1521.000000 0.666717
1522.000000 0.720003
1523.000000 0.693238
1524.000000 0.633278
1525.000000 0.630119
1526.000000 0.691374
1527.000000 0.666533
1528.000000 0.623766
1529.000000 0.696325
1530.000000 0.726356
1531.000000 0.723506
1532.000000 0.698519
1533.000000 0.741255
1534.000000 0.719697
1535.000000 0.678410
1536.000000 0.672747
1537.000000 0.660488
1538.000000 0.658045
1539.000000 0.688446
1540.000000 0.679516
1541.000000 0.671878
1542.000000 0.626794
1543.000000 0.597122
1544.000000 0.646241
1545.000000 0.619579
1546.000000 0.595969
1547.000000 0.534359
1548.000000 0.582065
1549.000000 0.549854
1550.000000 0.559496
1551.000000 0.543192
1552.000000 0.607227
1553.000000 0.645782
1554.000000 0.572045
1555.000000 0.569327
1556.000000 0.562425
1557.000000 0.529906
1558.000000 0.552633
1559.000000 0.565494
1560.000000 0.531930
1561.000000 0.644139
1562.000000 0.622981
1563.000000 0.665610
1564.000000 0.673683
1565.000000 0.674037
1566.000000 0.693531
1567.000000 0.669251
1568.000000 0.689843
1569.000000 0.630564
1570.000000 0.649584
1571.000000 0.641283
1572.000000 0.584887
1573.000000 0.583184
1574.000000 0.526009
1575.000000 0.531754
1576.000000 0.505725
1577.000000 0.441183
1578.000000 0.476912
1579.000000 0.564797
1580.000000 0.591189
1581.000000 0.601929
1582.000000 0.610785
1583.000000 0.573221
1584.000000 0.617857
1585.000000 0.605481
1586.000000 0.570894
1587.000000 0.571638
1588.000000 0.529070
1589.000000 0.511442
1590.000000 0.579956
1591.000000 0.588101
1592.000000 0.614502
1593.000000 0.571460
1594.000000 0.589712
1595.000000 0.550060
1596.000000 0.598653
1597.000000 0.571814
1598.000000 0.610913
1599.000000 0.562538
1600.000000 0.582239
1601.000000 0.505811
1602.000000 0.523988
1603.000000 0.608397
1604.000000 0.669374
1605.000000 0.678548
1606.000000 0.673342
1607.000000 0.692934
1608.000000 0.695223
1609.000000 0.713404
1610.000000 0.682414
1611.000000 0.660690
1612.000000 0.701366
1613.000000 0.711847
1614.000000 0.741994
1615.000000 0.676089
1616.000000 0.760763
1617.000000 0.774165
1618.000000 0.777079
1619.000000 0.744898
1620.000000 0.738702
1621.000000 0.738198
1622.000000 0.710897
1623.000000 0.748874
1624.000000 0.726758
1625.000000 0.791782
1626.000000 0.761444
1627.000000 0.704329
1628.000000 0.712886
1629.000000 0.654583
1630.000000 0.674055
1631.000000 0.692279
1632.000000 0.629374
1633.000000 0.617420
1634.000000 0.647504
1635.000000 0.596415
1636.000000 0.609374
1637.000000 0.617815
1638.000000 0.654400
1639.000000 0.676419
1640.000000 0.656370
1641.000000 0.705802
1642.000000 0.711894
1643.000000 0.697919
1644.000000 0.630352
1645.000000 0.622950
1646.000000 0.625118
1647.000000 0.525245
1648.000000 0.487553
1649.000000 0.449191
1650.000000 0.475447
1651.000000 0.437773
1652.000000 0.456333
1653.000000 0.469571
1654.000000 0.468649
1655.000000 0.458112
1656.000000 0.431040
1657.000000 0.405493
1658.000000 0.473993
1659.000000 0.460708
1660.000000 0.464333
1661.000000 0.378687
1662.000000 0.354259
1663.000000 0.324131
1664.000000 0.322664
1665.000000 0.382927
1666.000000 0.425355
1667.000000 0.400622
1668.000000 0.438534
1669.000000 0.449004
1670.000000 0.518803
1671.000000 0.478649
1672.000000 0.421226
1673.000000 0.409129
1674.000000 0.412954
1675.000000 0.439126
1676.000000 0.417371
1677.000000 0.481445
1678.000000 0.516461
1679.000000 0.521866
1680.000000 0.547576
1681.000000 0.518580
1682.000000 0.544811
1683.000000 0.551749
1684.000000 0.546957
1685.000000 0.544401
1686.000000 0.491109
1687.000000 0.591677
1688.000000 0.623074
1689.000000 0.597978
1690.000000 0.515907
1691.000000 0.475022
1692.000000 0.442770
1693.000000 0.477769
1694.000000 0.549739
1695.000000 0.510277
1696.000000 0.529210
1697.000000 0.465621
1698.000000 0.485147
1699.000000 0.532420
1700.000000 0.513533
1701.000000 0.520357
1702.000000 0.516484
1703.000000 0.532826
1704.000000 0.528208
1705.000000 0.443249
1706.000000 0.389450
1707.000000 0.488579
1708.000000 0.474834
1709.000000 0.471450
1710.000000 0.486581
1711.000000 0.490115
1712.000000 0.435597
1713.000000 0.470831
1714.000000 0.441292
1715.000000 0.455460
1716.000000 0.396407
1717.000000 0.410766
1718.000000 0.422347
1719.000000 0.351093
1720.000000 0.393884
1721.000000 0.505378
1722.000000 0.521728
1723.000000 0.561402
1724.000000 0.574361
1725.000000 0.530934
1726.000000 0.497214
1727.000000 0.492407
1728.000000 0.416622
1729.000000 0.509636
1730.000000 0.539013
1731.000000 0.566896
1732.000000 0.521588
1733.000000 0.485461
1734.000000 0.454845
1735.000000 0.433526
1736.000000 0.457997
1737.000000 0.504482
1738.000000 0.476304
1739.000000 0.508420
1740.000000 0.471955
1741.000000 0.516878
1742.000000 0.532011
1743.000000 0.553958
1744.000000 0.577773
1745.000000 0.572446
1746.000000 0.624206
1747.000000 0.645077
1748.000000 0.633509
1749.000000 0.611243
1750.000000 0.607300
1751.000000 0.590279
1752.000000 0.607827
1753.000000 0.617278
1754.000000 0.622746
1755.000000 0.641775
1756.000000 0.686802
1757.000000 0.640629
1758.000000 0.622501
1759.000000 0.642759
1760.000000 0.648010
1761.000000 0.644874
1762.000000 0.645402
1763.000000 0.671399
1764.000000 0.572236
1765.000000 0.562054
1766.000000 0.597287
1767.000000 0.539042
1768.000000 0.559289
1769.000000 0.600475
1770.000000 0.602084
1771.000000 0.599238
1772.000000 0.556240
1773.000000 0.541808
1774.000000 0.591947
1775.000000 0.674988
1776.000000 0.693025
1777.000000 0.708773
1778.000000 0.655583
1779.000000 0.652428
1780.000000 0.618056
1781.000000 0.647765
1782.000000 0.716809
1783.000000 0.642107
1784.000000 0.642398
1785.000000 0.613346
1786.000000 0.626218
1787.000000 0.714552
1788.000000 0.702840
1789.000000 0.713351
1790.000000 0.719007
1791.000000 0.716012
1792.000000 0.698053
1793.000000 0.707294
1794.000000 0.638070
1795.000000 0.612489
1796.000000 0.598907
1797.000000 0.671609
1798.000000 0.680908
1799.000000 0.681472
1800.000000 0.676126
1801.000000 0.684872
1802.000000 0.703473
1803.000000 0.715307
1804.000000 0.681541
1805.000000 0.677505
1806.000000 0.646935
1807.000000 0.634576
1808.000000 0.657638
1809.000000 0.615998
1810.000000 0.598389
1811.000000 0.602288
1812.000000 0.570674
1813.000000 0.548408
1814.000000 0.502330
1815.000000 0.507390
1816.000000 0.497266
1817.000000 0.482846
1818.000000 0.421309
1819.000000 0.490766
1820.000000 0.525331
1821.000000 0.523489
1822.000000 0.612731
1823.000000 0.637044
1824.000000 0.618286
1825.000000 0.657443
1826.000000 0.617434
1827.000000 0.605555
1828.000000 0.630708
1829.000000 0.616029
1830.000000 0.622085
1831.000000 0.652045
1832.000000 0.699066
1833.000000 0.715986
1834.000000 0.713088
1835.000000 0.701889
1836.000000 0.703251
1837.000000 0.682330
1838.000000 0.697127
1839.000000 0.627744
1840.000000 0.633932
1841.000000 0.657192
1842.000000 0.616708
1843.000000 0.614436
1844.000000 0.613060
1845.000000 0.625639
1846.000000 0.617945
1847.000000 0.573450
1848.000000 0.553514
1849.000000 0.547190
1850.000000 0.592784
1851.000000 0.549465
1852.000000 0.623291
1853.000000 0.645475
1854.000000 0.688552
1855.000000 0.645752
1856.000000 0.587768
1857.000000 0.575055
1858.000000 0.591720
1859.000000 0.588131
1860.000000 0.640595
1861.000000 0.624475
1862.000000 0.617016
1863.000000 0.610555
1864.000000 0.545933
1865.000000 0.565576
1866.000000 0.575396
1867.000000 0.573205
1868.000000 0.505511
1869.000000 0.484282
1870.000000 0.505807
1871.000000 0.572573
1872.000000 0.599810
1873.000000 0.586282
1874.000000 0.581973
1875.000000 0.488616
1876.000000 0.518703
1877.000000 0.479138
1878.000000 0.481907
1879.000000 0.492300
1880.000000 0.452533
1881.000000 0.449259
1882.000000 0.538245
1883.000000 0.450821
1884.000000 0.494013
1885.000000 0.284278
1886.000000 0.277235
1887.000000 0.357853
1888.000000 0.226538
1889.000000 0.252794
1890.000000 0.232483
1891.000000 0.287170
1892.000000 0.362109
1893.000000 0.335568
1894.000000 0.380957
1895.000000 0.376299
1896.000000 0.423264
1897.000000 0.427065
1898.000000 0.383991
1899.000000 0.401762
1900.000000 0.438839
1901.000000 0.404532
1902.000000 0.459778
1903.000000 0.483899
1904.000000 0.558666
1905.000000 0.611562
1906.000000 0.571116
1907.000000 0.511073
1908.000000 0.556239
1909.000000 0.569978
1910.000000 0.490881
1911.000000 0.498583
1912.000000 0.491588
1913.000000 0.492488
1914.000000 0.517491
1915.000000 0.493280
1916.000000 0.491034
1917.000000 0.567209
1918.000000 0.549284
1919.000000 0.549731
1920.000000 0.602479
1921.000000 0.675004
1922.000000 0.615077
1923.000000 0.628473
1924.000000 0.529009
1925.000000 0.532592
1926.000000 0.439472
1927.000000 0.467443
1928.000000 0.423632
1929.000000 0.409741
1930.000000 0.399305
1931.000000 0.377758
1932.000000 0.378944
1933.000000 0.386747
1934.000000 0.385221
1935.000000 0.453455
1936.000000 0.512864
1937.000000 0.477908
1938.000000 0.476892
1939.000000 0.529230
1940.000000 0.423009
1941.000000 0.425957
1942.000000 0.386335
1943.000000 0.434681
1944.000000 0.446027
1945.000000 0.411655
1946.000000 0.448809
1947.000000 0.427322
1948.000000 0.410233
1949.000000 0.423158
1950.000000 0.374284
1951.000000 0.318466
1952.000000 0.326178
1953.000000 0.317573
1954.000000 0.348362
1955.000000 0.291420
1956.000000 0.276068
1957.000000 0.163216
1958.000000 0.126973
1959.000000 0.065598
1960.000000 0.062232
1961.000000 0.087143
1962.000000 0.068353
1963.000000 0.117060
1964.000000 0.182383
1965.000000 0.153533
1966.000000 0.127905
1967.000000 0.164423
1968.000000 0.110666
1969.000000 0.296420
1970.000000 0.313778
1971.000000 0.244915
1972.000000 0.355968
1973.000000 0.388417
1974.000000 0.405463
1975.000000 0.344461
1976.000000 0.321512
1977.000000 0.286717
1978.000000 0.313522
1979.000000 0.380185
1980.000000 0.294747
1981.000000 0.335763
1982.000000 0.316502
1983.000000 0.393927
1984.000000 0.372542
1985.000000 0.357365
1986.000000 0.309165
1987.000000 0.284910
1988.000000 0.298115
1989.000000 0.377536
1990.000000 0.388492
1991.000000 0.446022
1992.000000 0.548024
1993.000000 0.516616
1994.000000 0.486992
1995.000000 0.503806
1996.000000 0.466748
1997.000000 0.472107
1998.000000 0.433850
1999.000000 0.431273
2000.000000 0.408998
2001.000000 0.442423
2002.000000 0.456740
2003.000000 0.439359
2004.000000 0.469765
2005.000000 0.472519
2006.000000 0.534060
2007.000000 0.475125
2008.000000 0.523051
2009.000000 0.509114
2010.000000 0.469058
2011.000000 0.491182
2012.000000 0.467064
2013.000000 0.457716
2014.000000 0.567631
2015.000000 0.557068
2016.000000 0.609368
2017.000000 0.590276
2018.000000 0.570462
2019.000000 0.480280
2020.000000 0.515263
2021.000000 0.479409
2022.000000 0.483756
2023.000000 0.509283
2024.000000 0.527529
2025.000000 0.538163
2026.000000 0.496517
2027.000000 0.458911
2028.000000 0.530085
2029.000000 0.586741
2030.000000 0.563578
2031.000000 0.583773
2032.000000 0.559603
2033.000000 0.516072
2034.000000 0.482127
2035.000000 0.560208
2036.000000 0.497488
2037.000000 0.459762
2038.000000 0.487196
2039.000000 0.472857
2040.000000 0.453884
2041.000000 0.457594
2042.000000 0.449333
2043.000000 0.507234
2044.000000 0.493585
2045.000000 0.549728
2046.000000 0.575810
2047.000000 0.588719
2048.000000 0.638903
2049.000000 0.623169
2050.000000 0.635573
2051.000000 0.645675
2052.000000 0.641140
2053.000000 0.618249
2054.000000 0.642178
2055.000000 0.642467
2056.000000 0.642800
2057.000000 0.634438
2058.000000 0.620535
2059.000000 0.614009
2060.000000 0.603365
2061.000000 0.634436
2062.000000 0.617668
2063.000000 0.690793
2064.000000 0.684956
2065.000000 0.687639
2066.000000 0.722670
2067.000000 0.712267
2068.000000 0.682978
2069.000000 0.637203
2070.000000 0.622642
2071.000000 0.576995
2072.000000 0.563069
2073.000000 0.557304
2074.000000 0.574915
2075.000000 0.554592
2076.000000 0.530018
2077.000000 0.525269
2078.000000 0.490969
2079.000000 0.466853
2080.000000 0.485768
2081.000000 0.539496
2082.000000 0.550613
2083.000000 0.562202
2084.000000 0.567734
2085.000000 0.574593
2086.000000 0.562610
2087.000000 0.579033
2088.000000 0.558422
2089.000000 0.558989
2090.000000 0.539995
2091.000000 0.524531
2092.000000 0.478753
2093.000000 0.495074
2094.000000 0.502643
2095.000000 0.527186
2096.000000 0.539381
2097.000000 0.572799
2098.000000 0.592518
2099.000000 0.587236
2100.000000 0.571359
2101.000000 0.535771
2102.000000 0.595892
2103.000000 0.599580
2104.000000 0.589933
2105.000000 0.624290
2106.000000 0.621041
2107.000000 0.608876
2108.000000 0.601787
2109.000000 0.608687
2110.000000 0.571064
2111.000000 0.558634
2112.000000 0.598224
2113.000000 0.588054
2114.000000 0.562598
2115.000000 0.595383
2116.000000 0.585128
2117.000000 0.549002
2118.000000 0.512412
2119.000000 0.532390
2120.000000 0.482346
2121.000000 0.487892
2122.000000 0.474680
2123.000000 0.561091
2124.000000 0.523359
2125.000000 0.483691
2126.000000 0.548971
2127.000000 0.573744
2128.000000 0.579791
2129.000000 0.615040
2130.000000 0.668609
2131.000000 0.616331
2132.000000 0.643739
2133.000000 0.652800
2134.000000 0.656153
2135.000000 0.627587
2136.000000 0.613588
2137.000000 0.643487
2138.000000 0.629231
2139.000000 0.689268
2140.000000 0.690214
2141.000000 0.623419
2142.000000 0.640608
2143.000000 0.647435
2144.000000 0.676347
2145.000000 0.638198
2146.000000 0.638570
2147.000000 0.553403
2148.000000 0.582667
2149.000000 0.565066
2150.000000 0.676486
2151.000000 0.720542
2152.000000 0.706234
2153.000000 0.694683
2154.000000 0.669530
2155.000000 0.639139
2156.000000 0.648538
2157.000000 0.612148
2158.000000 0.642537
2159.000000 0.615476
2160.000000 0.627350
2161.000000 0.656596
2162.000000 0.736440
2163.000000 0.720737
2164.000000 0.704799
2165.000000 0.720054
2166.000000 0.711198
2167.000000 0.695594
2168.000000 0.646691
2169.000000 0.665275
2170.000000 0.686333
2171.000000 0.660344
2172.000000 0.614754
2173.000000 0.662263
2174.000000 0.629139
2175.000000 0.666559
2176.000000 0.633904
2177.000000 0.697526
2178.000000 0.718867
2179.000000 0.752590
2180.000000 0.803728
2181.000000 0.810785
2182.000000 0.806653
2183.000000 0.764052
2184.000000 0.724960
2185.000000 0.737824
2186.000000 0.738185
2187.000000 0.755832
2188.000000 0.706727
2189.000000 0.717197
2190.000000 0.708288
2191.000000 0.772935
2192.000000 0.746633
2193.000000 0.711958
2194.000000 0.704211
2195.000000 0.711949
2196.000000 0.676837
2197.000000 0.650016
2198.000000 0.684427
2199.000000 0.673270
2200.000000 0.679213
2201.000000 0.677003
2202.000000 0.671987
2203.000000 0.701092
2204.000000 0.687394
2205.000000 0.706976
2206.000000 0.665433
2207.000000 0.637947
2208.000000 0.515721
2209.000000 0.531810
2210.000000 0.510214
2211.000000 0.408407
2212.000000 0.451371
2213.000000 0.446893
2214.000000 0.430818
2215.000000 0.386147
2216.000000 0.433332
2217.000000 0.444102
2218.000000 0.439139
2219.000000 0.445079
2220.000000 0.517395
2221.000000 0.556860
2222.000000 0.532274
2223.000000 0.638060
2224.000000 0.629585
2225.000000 0.625773
2226.000000 0.602137
2227.000000 0.675512
2228.000000 0.630168
2229.000000 0.630839
2230.000000 0.639798
2231.000000 0.643294
2232.000000 0.589438
2233.000000 0.589433
2234.000000 0.546159
2235.000000 0.579950
2236.000000 0.540884
2237.000000 0.575870
2238.000000 0.592300
2239.000000 0.544471
2240.000000 0.590758
2241.000000 0.564333
2242.000000 0.550330
2243.000000 0.552616
2244.000000 0.532960
2245.000000 0.532342
2246.000000 0.524650
2247.000000 0.511392
2248.000000 0.446673
2249.000000 0.484115
2250.000000 0.480502
2251.000000 0.484992
2252.000000 0.472642
2253.000000 0.523455
2254.000000 0.531101
2255.000000 0.575294
2256.000000 0.537351
2257.000000 0.524661
2258.000000 0.420169
2259.000000 0.362066
2260.000000 0.396160
2261.000000 0.400734
2262.000000 0.349280
2263.000000 0.426415
2264.000000 0.505189
2265.000000 0.509473
2266.000000 0.506002
2267.000000 0.572936
2268.000000 0.586713
2269.000000 0.620172
2270.000000 0.598659
2271.000000 0.573665
2272.000000 0.504902
2273.000000 0.477816
2274.000000 0.452435
2275.000000 0.478267
2276.000000 0.529044
2277.000000 0.514281
2278.000000 0.559558
2279.000000 0.562755
2280.000000 0.578478
2281.000000 0.617563
2282.000000 0.629107
2283.000000 0.678617
2284.000000 0.668200
2285.000000 0.647228
2286.000000 0.668833
2287.000000 0.623575
2288.000000 0.606758
2289.000000 0.628858
2290.000000 0.605042
2291.000000 0.707804
2292.000000 0.700768
2293.000000 0.712278
2294.000000 0.684385
2295.000000 0.673774
2296.000000 0.683698
2297.000000 0.668201
2298.000000 0.709902
2299.000000 0.665735
2300.000000 0.625121
2301.000000 0.695757
2302.000000 0.683654
2303.000000 0.649248
2304.000000 0.628996
2305.000000 0.667034
2306.000000 0.688606
2307.000000 0.761678
2308.000000 0.769458
2309.000000 0.736791
2310.000000 0.691217
2311.000000 0.703177
2312.000000 0.683115
2313.000000 0.616190
2314.000000 0.603602
2315.000000 0.664513
2316.000000 0.685014
2317.000000 0.648860
2318.000000 0.582029
2319.000000 0.594565
2320.000000 0.559121
2321.000000 0.586113
2322.000000 0.538990
2323.000000 0.513005
2324.000000 0.581464
2325.000000 0.567222
2326.000000 0.565809
2327.000000 0.587260
2328.000000 0.610410
2329.000000 0.582941
2330.000000 0.551297
2331.000000 0.554668
2332.000000 0.591515
2333.000000 0.669871
2334.000000 0.734764
2335.000000 0.713027
2336.000000 0.729713
2337.000000 0.723350
2338.000000 0.678020
2339.000000 0.631454
2340.000000 0.593830
2341.000000 0.578034
2342.000000 0.560503
2343.000000 0.554963
2344.000000 0.546955
2345.000000 0.517194
2346.000000 0.550687
2347.000000 0.519084
2348.000000 0.463205
2349.000000 0.507015
2350.000000 0.509422
2351.000000 0.529799
2352.000000 0.532032
2353.000000 0.493443
2354.000000 0.457407
2355.000000 0.493175
2356.000000 0.493293
2357.000000 0.565685
2358.000000 0.515145
2359.000000 0.461389
2360.000000 0.487185
2361.000000 0.514538
2362.000000 0.453183
2363.000000 0.472950
2364.000000 0.516058
2365.000000 0.536190
2366.000000 0.544246
2367.000000 0.636015
2368.000000 0.653519
2369.000000 0.590990
2370.000000 0.526412
2371.000000 0.507374
2372.000000 0.536504
2373.000000 0.495726
2374.000000 0.499940
2375.000000 0.431946
2376.000000 0.370135
2377.000000 0.438094
2378.000000 0.362390
2379.000000 0.334364
2380.000000 0.329609
2381.000000 0.331366
2382.000000 0.406064
2383.000000 0.414651
2384.000000 0.446590
2385.000000 0.392951
2386.000000 0.424008
2387.000000 0.430153
2388.000000 0.405985
2389.000000 0.354253
2390.000000 0.356630
2391.000000 0.253650
2392.000000 0.226529
2393.000000 0.234211
2394.000000 0.236258
2395.000000 0.243355
2396.000000 0.315078
2397.000000 0.327549
2398.000000 0.399184
2399.000000 0.446227
2400.000000 0.446183
2401.000000 0.465950
2402.000000 0.469132
2403.000000 0.484422
2404.000000 0.434499
2405.000000 0.459838
2406.000000 0.601572
2407.000000 0.580771
2408.000000 0.621731
2409.000000 0.593732
2410.000000 0.674944
2411.000000 0.671832
2412.000000 0.610540
2413.000000 0.627443
2414.000000 0.635392
2415.000000 0.661382
2416.000000 0.612785
2417.000000 0.598404
2418.000000 0.559372
2419.000000 0.575418
2420.000000 0.562471
2421.000000 0.595948
2422.000000 0.550987
2423.000000 0.515016
2424.000000 0.607899
2425.000000 0.632734
2426.000000 0.676816
2427.000000 0.663480
2428.000000 0.659483
2429.000000 0.680255
2430.000000 0.672164
2431.000000 0.655036
2432.000000 0.650915
2433.000000 0.597024
2434.000000 0.608881
2435.000000 0.572872
2436.000000 0.536125
2437.000000 0.546193
2438.000000 0.513361
2439.000000 0.441114
2440.000000 0.400192
2441.000000 0.384186
2442.000000 0.371757
2443.000000 0.354376
2444.000000 0.358655
2445.000000 0.395350
2446.000000 0.408271
2447.000000 0.427981
2448.000000 0.425009
2449.000000 0.412671
2450.000000 0.465586
2451.000000 0.427942
2452.000000 0.410662
2453.000000 0.406108
2454.000000 0.437108
2455.000000 0.526351
2456.000000 0.503705
2457.000000 0.506319
2458.000000 0.451613
2459.000000 0.483376
2460.000000 0.483610
2461.000000 0.455422
2462.000000 0.446128
2463.000000 0.465343
2464.000000 0.482921
2465.000000 0.606616
2466.000000 0.613745
2467.000000 0.628319
2468.000000 0.733113
2469.000000 0.659552
2470.000000 0.677306
2471.000000 0.687694
2472.000000 0.662802
2473.000000 0.601147
2474.000000 0.620043
2475.000000 0.650887
2476.000000 0.680385
2477.000000 0.616027
2478.000000 0.591805
2479.000000 0.570056
2480.000000 0.566244
2481.000000 0.595065
2482.000000 0.588982
2483.000000 0.608211
2484.000000 0.615342
2485.000000 0.570645
2486.000000 0.549437
2487.000000 0.555825
2488.000000 0.498943
2489.000000 0.523117
2490.000000 0.607336
2491.000000 0.537655
2492.000000 0.499752
2493.000000 0.426808
2494.000000 0.392092
2495.000000 0.351649
2496.000000 0.419701
2497.000000 0.309823
2498.000000 0.283176
2499.000000 0.286000
2500.000000 0.232289
2501.000000 0.256145
2502.000000 0.217409
2503.000000 0.188995
2504.000000 0.296140
2505.000000 0.372396
2506.000000 0.361030
2507.000000 0.375870
2508.000000 0.350955
2509.000000 0.426784
2510.000000 0.441736
2511.000000 0.488614
2512.000000 0.459171
2513.000000 0.471286
2514.000000 0.549328
2515.000000 0.500594
2516.000000 0.488134
2517.000000 0.488989
2518.000000 0.478371
2519.000000 0.474352
2520.000000 0.458986
2521.000000 0.455473
2522.000000 0.443924
2523.000000 0.446602
2524.000000 0.459058
2525.000000 0.443436
2526.000000 0.440312
2527.000000 0.307616
2528.000000 0.295304
2529.000000 0.334856
2530.000000 0.282449
2531.000000 0.366613
2532.000000 0.233872
2533.000000 0.146508
2534.000000 0.150976
2535.000000 0.162217
2536.000000 0.166185
2537.000000 0.159058
2538.000000 0.174939
2539.000000 0.121521
2540.000000 0.129229
2541.000000 0.087552
2542.000000 0.076691
2543.000000 0.089339
2544.000000 0.030583
2545.000000 0.033097
2546.000000 0.087788
2547.000000 0.024348
2548.000000 0.011105
2549.000000 0.010751
2550.000000 0.066076
2551.000000 0.108553
2552.000000 0.201333
2553.000000 0.269901
2554.000000 0.299455
2555.000000 0.251331
2556.000000 0.213129
2557.000000 0.278317
2558.000000 0.334292
2559.000000 0.277249
2560.000000 0.180477
2561.000000 0.298327
2562.000000 0.266757
2563.000000 0.190882
2564.000000 0.209105
2565.000000 0.215937
2566.000000 0.207851
2567.000000 0.172682
2568.000000 0.243827
2569.000000 0.217019
2570.000000 0.239720
2571.000000 0.310520
2572.000000 0.270500
2573.000000 0.224523
2574.000000 0.292506
2575.000000 0.106147
2576.000000 0.219194
2577.000000 0.344813
2578.000000 0.411406
2579.000000 0.366636
2580.000000 0.302975
2581.000000 0.364104
2582.000000 0.360318
2583.000000 0.376927
2584.000000 0.407332
2585.000000 0.431115
2586.000000 0.371556
2587.000000 0.491643
2588.000000 0.555342
2589.000000 0.540414
2590.000000 0.522511
2591.000000 0.573842
2592.000000 0.627569
2593.000000 0.570440
2594.000000 0.589904
2595.000000 0.568403
2596.000000 0.580183
2597.000000 0.473007
2598.000000 0.392702
2599.000000 0.398361
2600.000000 0.425769
2601.000000 0.447538
2602.000000 0.484757
2603.000000 0.538584
2604.000000 0.583038
2605.000000 0.593511
2606.000000 0.586769
2607.000000 0.591677
2608.000000 0.511647
2609.000000 0.442095
2610.000000 0.419728
2611.000000 0.382272
2612.000000 0.408650
2613.000000 0.354892
2614.000000 0.360595
2615.000000 0.341667
2616.000000 0.404293
2617.000000 0.387298
2618.000000 0.456019
2619.000000 0.530214
2620.000000 0.497637
2621.000000 0.418156
2622.000000 0.402710
2623.000000 0.441581
2624.000000 0.446213
2625.000000 0.446440
2626.000000 0.547985
2627.000000 0.539322
2628.000000 0.558547
2629.000000 0.466931
2630.000000 0.345348
2631.000000 0.298969
2632.000000 0.397398
2633.000000 0.337200
2634.000000 0.390094
2635.000000 0.362403
2636.000000 0.363282
2637.000000 0.313792
2638.000000 0.401245
2639.000000 0.384705
2640.000000 0.326280
2641.000000 0.380237
2642.000000 0.415093
2643.000000 0.374670
2644.000000 0.354000
2645.000000 0.313351
2646.000000 0.302345
2647.000000 0.272921
2648.000000 0.292361
2649.000000 0.364870
2650.000000 0.316127
2651.000000 0.322473
2652.000000 0.252771
2653.000000 0.201933
2654.000000 0.236933
2655.000000 0.308968
2656.000000 0.330092
2657.000000 0.269419
2658.000000 0.268585
2659.000000 0.301309
2660.000000 0.366692
2661.000000 0.340734
2662.000000 0.378772
2663.000000 0.315574
2664.000000 0.296025
2665.000000 0.428371
2666.000000 0.388528
2667.000000 0.413007
2668.000000 0.429354
2669.000000 0.364940
2670.000000 0.418696
2671.000000 0.387368
2672.000000 0.337914
2673.000000 0.328552
2674.000000 0.424193
2675.000000 0.397265
2676.000000 0.472070
2677.000000 0.572145
2678.000000 0.482533
2679.000000 0.428873
2680.000000 0.440792
2681.000000 0.466532
2682.000000 0.458073
2683.000000 0.493167
2684.000000 0.441475
2685.000000 0.435960
2686.000000 0.505403
2687.000000 0.380997
2688.000000 0.369710
2689.000000 0.310374
2690.000000 0.318591
2691.000000 0.208264
2692.000000 0.116522
2693.000000 0.121557
2694.000000 0.159845
2695.000000 0.189849
2696.000000 0.212965
2697.000000 0.266336
2698.000000 0.396180
2699.000000 0.408662
2700.000000 0.475420
2701.000000 0.470100
2702.000000 0.433322
2703.000000 0.440741
2704.000000 0.596946
2705.000000 0.568678
2706.000000 0.590673
2707.000000 0.571340
2708.000000 0.582693
2709.000000 0.607096
2710.000000 0.567041
2711.000000 0.539341
2712.000000 0.531021
2713.000000 0.517519
2714.000000 0.433472
2715.000000 0.404049
2716.000000 0.403309
2717.000000 0.309464
2718.000000 0.330920
2719.000000 0.324379
2720.000000 0.353108
2721.000000 0.364731
2722.000000 0.405998
2723.000000 0.450051
2724.000000 0.408286
2725.000000 0.379487
2726.000000 0.438955
2727.000000 0.491734
2728.000000 0.508053
2729.000000 0.513064
2730.000000 0.528236
2731.000000 0.513579
2732.000000 0.533193
2733.000000 0.519847
2734.000000 0.528423
2735.000000 0.493011
2736.000000 0.324253
2737.000000 0.378285
2738.000000 0.434298
2739.000000 0.332285
2740.000000 0.401185
2741.000000 0.451715
2742.000000 0.575929
2743.000000 0.584733
2744.000000 0.557426
2745.000000 0.623285
2746.000000 0.564674
2747.000000 0.576463
2748.000000 0.627968
2749.000000 0.495945
2750.000000 0.418572
2751.000000 0.387301
2752.000000 0.382136
2753.000000 0.457480
2754.000000 0.465291
2755.000000 0.435573
2756.000000 0.479407
2757.000000 0.388452
2758.000000 0.308791
2759.000000 0.276248
2760.000000 0.270205
2761.000000 0.251185
2762.000000 0.295564
2763.000000 0.325909
2764.000000 0.340373
2765.000000 0.305157
2766.000000 0.301333
2767.000000 0.316734
2768.000000 0.346066
2769.000000 0.228987
2770.000000 0.223024
2771.000000 0.245194
2772.000000 0.379206
2773.000000 0.310223
2774.000000 0.310390
2775.000000 0.336866
2776.000000 0.240800
2777.000000 0.270812
2778.000000 0.376406
2779.000000 0.330062
2780.000000 0.404431
2781.000000 0.463165
2782.000000 0.371362
2783.000000 0.416509
2784.000000 0.459251
2785.000000 0.395380
2786.000000 0.373051
2787.000000 0.390696
2788.000000 0.433835
2789.000000 0.407244
2790.000000 0.365242
2791.000000 0.407927
2792.000000 0.470149
2793.000000 0.396971
2794.000000 0.438725
2795.000000 0.416391
2796.000000 0.419676
2797.000000 0.385525
2798.000000 0.367246
2799.000000 0.360175
2800.000000 0.328743
2801.000000 0.398338
2802.000000 0.420261
2803.000000 0.233218
2804.000000 0.340705
2805.000000 0.289280
2806.000000 0.332675
2807.000000 0.376802
2808.000000 0.440717
2809.000000 0.399866
2810.000000 0.398630
2811.000000 0.391912
2812.000000 0.345821
2813.000000 0.199623
2814.000000 0.271074
2815.000000 0.237678
2816.000000 0.247068
2817.000000 0.251303
2818.000000 0.382961
2819.000000 0.552713
2820.000000 0.526287
2821.000000 0.502285
2822.000000 0.493559
2823.000000 0.490425
2824.000000 0.470637
2825.000000 0.475004
2826.000000 0.474854
2827.000000 0.521319
2828.000000 0.550916
2829.000000 0.475073
2830.000000 0.496958
2831.000000 0.559954
2832.000000 0.560678
2833.000000 0.510659
2834.000000 0.479491
2835.000000 0.520104
2836.000000 0.548323
2837.000000 0.444217
2838.000000 0.534107
2839.000000 0.498497
2840.000000 0.473062
2841.000000 0.475853
2842.000000 0.428021
2843.000000 0.569322
2844.000000 0.562553
2845.000000 0.516229
2846.000000 0.507212
2847.000000 0.527225
2848.000000 0.555043
2849.000000 0.527448
2850.000000 0.553785
2851.000000 0.551603
2852.000000 0.499445
2853.000000 0.496744
2854.000000 0.498235
2855.000000 0.500589
2856.000000 0.495569
2857.000000 0.529838
2858.000000 0.401347
2859.000000 0.429986
2860.000000 0.512343
2861.000000 0.535868
2862.000000 0.499616
2863.000000 0.459541
2864.000000 0.407736
2865.000000 0.387113
2866.000000 0.479355
2867.000000 0.502680
2868.000000 0.461402
2869.000000 0.417743
2870.000000 0.361478
2871.000000 0.385945
2872.000000 0.385631
2873.000000 0.374900
2874.000000 0.400026
2875.000000 0.385117
2876.000000 0.367261
2877.000000 0.334385
2878.000000 0.368496
2879.000000 0.352768
2880.000000 0.351653
2881.000000 0.395275
2882.000000 0.341964
2883.000000 0.357531
2884.000000 0.346280
2885.000000 0.318704
2886.000000 0.301783
2887.000000 0.312227
2888.000000 0.358928
2889.000000 0.338493
2890.000000 0.387381
2891.000000 0.299283
2892.000000 0.325327
2893.000000 0.535181
2894.000000 0.556720
2895.000000 0.594736
2896.000000 0.668965
2897.000000 0.607373
2898.000000 0.616114
2899.000000 0.563880
2900.000000 0.508135
2901.000000 0.545264
2902.000000 0.597130
2903.000000 0.549992
2904.000000 0.614561
2905.000000 0.588471
2906.000000 0.515871
2907.000000 0.449500
2908.000000 0.485730
2909.000000 0.410767
2910.000000 0.374428
2911.000000 0.373797
2912.000000 0.376069
2913.000000 0.371294
2914.000000 0.393265
2915.000000 0.371622
2916.000000 0.372259
2917.000000 0.457177
2918.000000 0.388747
2919.000000 0.404812
2920.000000 0.423541
2921.000000 0.419399
2922.000000 0.290461
2923.000000 0.079585
2924.000000 0.251263
2925.000000 0.194677
2926.000000 0.199773
2927.000000 0.268580
2928.000000 0.294301
2929.000000 0.338067
2930.000000 0.323447
2931.000000 0.321953
2932.000000 0.347079
2933.000000 0.329753
2934.000000 0.310417
2935.000000 0.302298
2936.000000 0.358225
2937.000000 0.385788
2938.000000 0.420986
2939.000000 0.491652
2940.000000 0.451631
2941.000000 0.443424
2942.000000 0.462716
2943.000000 0.455137
2944.000000 0.379197
2945.000000 0.376497
2946.000000 0.376850
2947.000000 0.347265
2948.000000 0.308186
2949.000000 0.392142
2950.000000 0.381223
2951.000000 0.397463
2952.000000 0.450659
2953.000000 0.496952
2954.000000 0.523573
2955.000000 0.540042
2956.000000 0.535639
2957.000000 0.532482
2958.000000 0.618702
2959.000000 0.579839
2960.000000 0.600252
2961.000000 0.624262
2962.000000 0.614511
2963.000000 0.621989
2964.000000 0.584437
2965.000000 0.520197
2966.000000 0.541484
2967.000000 0.573516
2968.000000 0.551356
2969.000000 0.509735
2970.000000 0.473482
2971.000000 0.413806
2972.000000 0.375534
2973.000000 0.403730
2974.000000 0.372776
2975.000000 0.423198
2976.000000 0.462154
2977.000000 0.508867
2978.000000 0.513593
2979.000000 0.489274
2980.000000 0.457253
2981.000000 0.471766
2982.000000 0.479118
2983.000000 0.572039
2984.000000 0.580392
2985.000000 0.644763
2986.000000 0.656561
2987.000000 0.608092
2988.000000 0.595492
2989.000000 0.605449
2990.000000 0.628924
2991.000000 0.632671
2992.000000 0.594435
2993.000000 0.656991
2994.000000 0.685976
2995.000000 0.697317
2996.000000 0.692184
2997.000000 0.631348
2998.000000 0.636550
2999.000000 0.609423
3000.000000 0.597978
