10.000000 0.247134
20.000000 0.041367
30.000000 0.230741
40.000000 0.121615
50.000000 0.128626
60.000000 0.201955
70.000000 0.154017
80.000000 0.019505
90.000000 0.052573
100.000000 0.176882
110.000000 0.136243
120.000000 0.126137
130.000000 0.220852
140.000000 0.110175
150.000000 0.170103
160.000000 0.249440
170.000000 0.118519
180.000000 0.029036
190.000000 0.207289
200.000000 0.101970
210.000000 0.050090
220.000000 0.078735
230.000000 0.070568
240.000000 0.178118
250.000000 0.149447
260.000000 0.023593
270.000000 0.061059
280.000000 0.088911
290.000000 0.055837
300.000000 0.134603
310.000000 0.039093
320.000000 0.124890
330.000000 0.124427
340.000000 0.073055
350.000000 0.088288
360.000000 0.103322
370.000000 0.154498
380.000000 0.110305
390.000000 0.055580
400.000000 0.101004
410.000000 0.108939
420.000000 0.095544
430.000000 0.040087
440.000000 0.044196
450.000000 0.079545
460.000000 0.060521
470.000000 0.179265
480.000000 0.097178
490.000000 0.084837
500.000000 0.094190
510.000000 0.099927
520.000000 0.191212
530.000000 0.142347
540.000000 0.118261
550.000000 0.157127
560.000000 0.223239
570.000000 0.126009
580.000000 0.048070
590.000000 0.081742
600.000000 0.114666
610.000000 0.224764
620.000000 0.240190
630.000000 0.177151
640.000000 0.169545
650.000000 0.091034
660.000000 0.163450
670.000000 0.082688
680.000000 0.047260
690.000000 0.082078
700.000000 0.022787
710.000000 0.228392
720.000000 0.173392
730.000000 0.145949
740.000000 0.145147
750.000000 0.227265
760.000000 0.215120
770.000000 0.132396
780.000000 0.179486
790.000000 0.057795
800.000000 0.143309
810.000000 0.058892
820.000000 0.165952
830.000000 0.141155
840.000000 0.076473
850.000000 0.086997
860.000000 0.136727
870.000000 0.045446
880.000000 0.066036
890.000000 0.061557
900.000000 0.050874
910.000000 0.103446
920.000000 0.049037
930.000000 0.136744
940.000000 0.184408
950.000000 0.018761
960.000000 0.100482
970.000000 0.051009
980.000000 0.052677
990.000000 0.103139
1000.000000 0.194061
