10.000000 0.989511
20.000000 0.990770
30.000000 0.990476
40.000000 0.990135
50.000000 0.987173
60.000000 0.987928
70.000000 0.989180
80.000000 0.991175
90.000000 0.989834
100.000000 0.990413
110.000000 0.990587
120.000000 0.989868
130.000000 0.988687
140.000000 0.988342
150.000000 0.991346
160.000000 0.989124
170.000000 0.990093
180.000000 0.990158
190.000000 0.990861
200.000000 0.989523
210.000000 0.991204
220.000000 0.991209
230.000000 0.990856
240.000000 0.989278
250.000000 0.990014
260.000000 0.988978
270.000000 0.992396
280.000000 0.987834
290.000000 0.991364
300.000000 0.987751
310.000000 0.989724
320.000000 0.988985
330.000000 0.991932
340.000000 0.990323
350.000000 0.989480
360.000000 0.990003
370.000000 0.990802
380.000000 0.988825
390.000000 0.990610
400.000000 0.988189
410.000000 0.987246
420.000000 0.990176
430.000000 0.990626
440.000000 0.990102
450.000000 0.990214
460.000000 0.989135
470.000000 0.989898
480.000000 0.990238
490.000000 0.991106
500.000000 0.991661
510.000000 0.989869
520.000000 0.990053
530.000000 0.989299
540.000000 0.989966
550.000000 0.987870
560.000000 0.990632
570.000000 0.990974
580.000000 0.989707
590.000000 0.987940
600.000000 0.990772
610.000000 0.988702
620.000000 0.989470
630.000000 0.991419
640.000000 0.991021
650.000000 0.989728
660.000000 0.989867
670.000000 0.991178
680.000000 0.989088
690.000000 0.989509
700.000000 0.992610
710.000000 0.988995
720.000000 0.990400
730.000000 0.990454
740.000000 0.990356
750.000000 0.988708
760.000000 0.989292
770.000000 0.991422
780.000000 0.990629
790.000000 0.990368
800.000000 0.990025
810.000000 0.989972
820.000000 0.989676
830.000000 0.989965
840.000000 0.988484
850.000000 0.991796
860.000000 0.990673
870.000000 0.989431
880.000000 0.990115
890.000000 0.991423
900.000000 0.987657
910.000000 0.989603
920.000000 0.987594
930.000000 0.990183
940.000000 0.988375
950.000000 0.988644
960.000000 0.987119
970.000000 0.990033
980.000000 0.989544
990.000000 0.987905
1000.000000 0.986697
