10.000000 0.170997
20.000000 0.136465
30.000000 0.056225
40.000000 0.182521
50.000000 0.163155
60.000000 0.228833
70.000000 0.150751
80.000000 0.092408
90.000000 0.238642
100.000000 0.199688
110.000000 0.160127
120.000000 0.258240
130.000000 0.052243
140.000000 0.319419
150.000000 0.113480
160.000000 0.218294
170.000000 0.181617
180.000000 0.050995
190.000000 0.189283
200.000000 0.225151
210.000000 0.050645
220.000000 0.024389
230.000000 0.114481
240.000000 0.207799
250.000000 0.229911
260.000000 0.117144
270.000000 0.257314
280.000000 0.148218
290.000000 0.133666
300.000000 0.228729
310.000000 0.100039
320.000000 0.215818
330.000000 0.106964
340.000000 0.218249
350.000000 0.069278
360.000000 0.117181
370.000000 0.094890
380.000000 0.141801
390.000000 0.367117
400.000000 0.440480
410.000000 0.286515
420.000000 0.202762
430.000000 0.118156
440.000000 0.063118
450.000000 0.193832
460.000000 0.221752
470.000000 0.304108
480.000000 0.129195
490.000000 0.204259
500.000000 0.142177
510.000000 0.248569
520.000000 0.215980
530.000000 0.167824
540.000000 0.133167
550.000000 0.087137
560.000000 0.123423
570.000000 0.233464
580.000000 0.204683
590.000000 0.406238
600.000000 0.205242
610.000000 0.103884
620.000000 0.249699
630.000000 0.089975
640.000000 0.103976
650.000000 0.206565
660.000000 0.128538
670.000000 0.170987
680.000000 0.063013
690.000000 0.154055
700.000000 0.074038
710.000000 0.180380
720.000000 0.103017
730.000000 0.180828
740.000000 0.333226
750.000000 0.059054
760.000000 0.219901
770.000000 0.095747
780.000000 0.153754
790.000000 0.132150
800.000000 0.196892
810.000000 0.145511
820.000000 0.140706
830.000000 0.066009
840.000000 0.024780
850.000000 0.264961
860.000000 0.061340
870.000000 0.243699
880.000000 0.049518
890.000000 0.056895
900.000000 0.193479
910.000000 0.097018
920.000000 0.092038
930.000000 0.145750
940.000000 0.203201
950.000000 0.201530
960.000000 0.196193
970.000000 0.146643
980.000000 0.177734
990.000000 0.124824
1000.000000 0.070522
