0.000000 0.476369
1.000000 0.232801
2.000000 0.488608
3.000000 0.399069
4.000000 0.391075
5.000000 0.470447
6.000000 0.195962
7.000000 0.684294
8.000000 0.395126
9.000000 0.850351
10.000000 0.870523
11.000000 0.869771
12.000000 0.841292
13.000000 0.852339
14.000000 0.879178
15.000000 0.838673
16.000000 0.855508
17.000000 0.871269
18.000000 0.869260
19.000000 0.882395
20.000000 0.873906
21.000000 0.861361
22.000000 0.894318
23.000000 0.853919
24.000000 0.871457
25.000000 0.889409
26.000000 0.901842
27.000000 0.892895
28.000000 0.900897
29.000000 0.879714
30.000000 0.907139
31.000000 0.897605
32.000000 0.914855
33.000000 0.895708
34.000000 0.891345
35.000000 0.913661
36.000000 0.926002
37.000000 0.864446
38.000000 0.890425
39.000000 0.915454
40.000000 0.876528
41.000000 0.901861
42.000000 0.860304
43.000000 0.734136
44.000000 0.346977
45.000000 0.574860
46.000000 0.562218
47.000000 0.771552
48.000000 0.872753
49.000000 0.822819
50.000000 0.831217
51.000000 0.705378
52.000000 0.692753
53.000000 0.580546
54.000000 0.424425
55.000000 0.410050
56.000000 0.378127
57.000000 0.434826
58.000000 0.475924
59.000000 0.567736
60.000000 0.808274
61.000000 0.855661
62.000000 0.864691
63.000000 0.866361
64.000000 0.895371
65.000000 0.898541
66.000000 0.894033
67.000000 0.838890
68.000000 0.894754
69.000000 0.881160
70.000000 0.871807
71.000000 0.848552
72.000000 0.884088
73.000000 0.881497
74.000000 0.891999
75.000000 0.861886
76.000000 0.891794
77.000000 0.895420
78.000000 0.862376
79.000000 0.838556
80.000000 0.858359
81.000000 0.875149
82.000000 0.902496
83.000000 0.895343
84.000000 0.853351
85.000000 0.893919
86.000000 0.884391
87.000000 0.825551
88.000000 0.871519
89.000000 0.890401
90.000000 0.868093
91.000000 0.823713
92.000000 0.832154
93.000000 0.752473
94.000000 0.603090
95.000000 0.475311
96.000000 0.682861
97.000000 0.722091
98.000000 0.888526
99.000000 0.909215
100.000000 0.873482
101.000000 0.887317
102.000000 0.911563
103.000000 0.911274
104.000000 0.902585
105.000000 0.907686
106.000000 0.875012
107.000000 0.888135
108.000000 0.886335
109.000000 0.868788
110.000000 0.866899
111.000000 0.840977
112.000000 0.899118
113.000000 0.871618
114.000000 0.861954
115.000000 0.884995
116.000000 0.867060
117.000000 0.836035
118.000000 0.879637
119.000000 0.884330
120.000000 0.887391
121.000000 0.874491
122.000000 0.857344
123.000000 0.845439
124.000000 0.836967
125.000000 0.826641
126.000000 0.852180
127.000000 0.889861
128.000000 0.841296
129.000000 0.871830
130.000000 0.703968
131.000000 0.663276
132.000000 0.756615
133.000000 0.794199
134.000000 0.894940
135.000000 0.906969
136.000000 0.897463
137.000000 0.861430
138.000000 0.844876
139.000000 0.892228
140.000000 0.900853
141.000000 0.895871
142.000000 0.880481
143.000000 0.887705
144.000000 0.824670
145.000000 0.868282
146.000000 0.886323
147.000000 0.883067
148.000000 0.884266
149.000000 0.854002
150.000000 0.878622
151.000000 0.900014
152.000000 0.832441
153.000000 0.901034
154.000000 0.902097
155.000000 0.872098
156.000000 0.867327
157.000000 0.867621
158.000000 0.908524
159.000000 0.894112
160.000000 0.855645
161.000000 0.810056
162.000000 0.756497
163.000000 0.519706
164.000000 0.517811
165.000000 0.355014
166.000000 0.640988
167.000000 0.812487
168.000000 0.891890
169.000000 0.903005
170.000000 0.926559
171.000000 0.897606
172.000000 0.915172
173.000000 0.893463
174.000000 0.920405
175.000000 0.878609
176.000000 0.925985
177.000000 0.910685
178.000000 0.902095
179.000000 0.932206
180.000000 0.927488
181.000000 0.906745
182.000000 0.923525
183.000000 0.901901
184.000000 0.927174
185.000000 0.934085
186.000000 0.914474
187.000000 0.923427
188.000000 0.882127
189.000000 0.896455
190.000000 0.925302
191.000000 0.864816
192.000000 0.890711
193.000000 0.872674
194.000000 0.883473
195.000000 0.895613
196.000000 0.881144
197.000000 0.877036
198.000000 0.888267
199.000000 0.875893
200.000000 0.846445
201.000000 0.509441
202.000000 0.660870
203.000000 0.842675
204.000000 0.884385
205.000000 0.883532
206.000000 0.918367
207.000000 0.884944
208.000000 0.918228
209.000000 0.896189
210.000000 0.914041
211.000000 0.909150
212.000000 0.926817
213.000000 0.923894
214.000000 0.896002
215.000000 0.894143
216.000000 0.917837
217.000000 0.882859
218.000000 0.933053
219.000000 0.905694
220.000000 0.912784
221.000000 0.924039
222.000000 0.871126
223.000000 0.903361
224.000000 0.918214
225.000000 0.916904
226.000000 0.908886
227.000000 0.899975
228.000000 0.874901
229.000000 0.891085
230.000000 0.797140
231.000000 0.667790
232.000000 0.728889
233.000000 0.816816
234.000000 0.643359
235.000000 0.899660
236.000000 0.893940
237.000000 0.898348
238.000000 0.899062
239.000000 0.917267
240.000000 0.870840
241.000000 0.891365
242.000000 0.914884
243.000000 0.915875
244.000000 0.903338
245.000000 0.896736
246.000000 0.907911
247.000000 0.921410
248.000000 0.929294
249.000000 0.891876
250.000000 0.865888
251.000000 0.940800
252.000000 0.885896
253.000000 0.893162
254.000000 0.902106
255.000000 0.912320
256.000000 0.896788
257.000000 0.917757
258.000000 0.883361
259.000000 0.894018
260.000000 0.885791
261.000000 0.782831
262.000000 0.869389
263.000000 0.478879
264.000000 0.530975
265.000000 0.766802
266.000000 0.750745
267.000000 0.870792
268.000000 0.906647
269.000000 0.936200
270.000000 0.868299
271.000000 0.889053
272.000000 0.915619
273.000000 0.897022
274.000000 0.918874
275.000000 0.928474
276.000000 0.914669
277.000000 0.913680
278.000000 0.915661
279.000000 0.907030
280.000000 0.896329
281.000000 0.906366
282.000000 0.920859
283.000000 0.862747
284.000000 0.921854
285.000000 0.897865
286.000000 0.905122
287.000000 0.874303
288.000000 0.891981
289.000000 0.933285
290.000000 0.896407
291.000000 0.902381
292.000000 0.918325
293.000000 0.848858
294.000000 0.846787
295.000000 0.632027
296.000000 0.789847
297.000000 0.596251
298.000000 0.495486
299.000000 0.851386
300.000000 0.886794
301.000000 0.883368
302.000000 0.902011
303.000000 0.940332
304.000000 0.900943
305.000000 0.904805
306.000000 0.920571
307.000000 0.902617
308.000000 0.896152
309.000000 0.891254
310.000000 0.883264
311.000000 0.919013
312.000000 0.892354
313.000000 0.941233
314.000000 0.920716
315.000000 0.930768
316.000000 0.927675
317.000000 0.876274
318.000000 0.871512
319.000000 0.920435
320.000000 0.923752
321.000000 0.883983
322.000000 0.884219
323.000000 0.930387
324.000000 0.889759
325.000000 0.935930
326.000000 0.861131
327.000000 0.938120
328.000000 0.891517
329.000000 0.919720
330.000000 0.794038
331.000000 0.760150
332.000000 0.676677
333.000000 0.704591
334.000000 0.754115
335.000000 0.896808
336.000000 0.877057
337.000000 0.914972
338.000000 0.893279
339.000000 0.888107
340.000000 0.900277
341.000000 0.898293
342.000000 0.861984
343.000000 0.868521
344.000000 0.885988
345.000000 0.895396
346.000000 0.919853
347.000000 0.925494
348.000000 0.901794
349.000000 0.886233
350.000000 0.933344
351.000000 0.901245
352.000000 0.897369
353.000000 0.932604
354.000000 0.897554
355.000000 0.931457
356.000000 0.867679
357.000000 0.915300
358.000000 0.897927
359.000000 0.871188
360.000000 0.875527
361.000000 0.868600
362.000000 0.689198
363.000000 0.514763
364.000000 0.579686
365.000000 0.368022
366.000000 0.499664
367.000000 0.637241
368.000000 0.770273
369.000000 0.825061
370.000000 0.822490
371.000000 0.789542
372.000000 0.891336
373.000000 0.848607
374.000000 0.885961
375.000000 0.853447
376.000000 0.857244
377.000000 0.886252
378.000000 0.843901
379.000000 0.880858
380.000000 0.861445
381.000000 0.884130
382.000000 0.865304
383.000000 0.824364
384.000000 0.856454
385.000000 0.895691
386.000000 0.889870
387.000000 0.887487
388.000000 0.915044
389.000000 0.895559
390.000000 0.900898
391.000000 0.898066
392.000000 0.913064
393.000000 0.907486
394.000000 0.878244
395.000000 0.914658
396.000000 0.868446
397.000000 0.905269
398.000000 0.890025
399.000000 0.842282
400.000000 0.769433
401.000000 0.501339
402.000000 0.553938
403.000000 0.340350
404.000000 0.430666
405.000000 0.462351
406.000000 0.467352
407.000000 0.092465
408.000000 0.587306
409.000000 0.093892
410.000000 0.566901
411.000000 0.674084
412.000000 0.750084
413.000000 0.750662
414.000000 0.791013
415.000000 0.794738
416.000000 0.812055
417.000000 0.818327
418.000000 0.790377
419.000000 0.798198
420.000000 0.809755
421.000000 0.817760
422.000000 0.812752
423.000000 0.748244
424.000000 0.784123
425.000000 0.837191
426.000000 0.851593
427.000000 0.798894
428.000000 0.877062
429.000000 0.919797
430.000000 0.913852
431.000000 0.884264
432.000000 0.913370
433.000000 0.876070
434.000000 0.906900
435.000000 0.908612
436.000000 0.906328
437.000000 0.899876
438.000000 0.888483
439.000000 0.905169
440.000000 0.893474
441.000000 0.898911
442.000000 0.894898
443.000000 0.902683
444.000000 0.865064
445.000000 0.803092
446.000000 0.616779
447.000000 0.756944
448.000000 0.825269
449.000000 0.861230
450.000000 0.824832
451.000000 0.917745
452.000000 0.897147
453.000000 0.903326
454.000000 0.880469
455.000000 0.872215
456.000000 0.874802
457.000000 0.912051
458.000000 0.877120
459.000000 0.901965
460.000000 0.928338
461.000000 0.881774
462.000000 0.903011
463.000000 0.928960
464.000000 0.918886
465.000000 0.929351
466.000000 0.888054
467.000000 0.899569
468.000000 0.879104
469.000000 0.914500
470.000000 0.918352
471.000000 0.878570
472.000000 0.890862
473.000000 0.890592
474.000000 0.776823
475.000000 0.791754
476.000000 0.720140
477.000000 0.666452
478.000000 0.518404
479.000000 0.436074
480.000000 0.463906
481.000000 0.468805
482.000000 0.747780
483.000000 0.840042
484.000000 0.923763
485.000000 0.927948
486.000000 0.897456
487.000000 0.884361
488.000000 0.913917
489.000000 0.894823
490.000000 0.890078
491.000000 0.921285
492.000000 0.883188
493.000000 0.931816
494.000000 0.903343
495.000000 0.879486
496.000000 0.922816
497.000000 0.882818
498.000000 0.917909
499.000000 0.891431
500.000000 0.889336
501.000000 0.907407
502.000000 0.925413
503.000000 0.884725
504.000000 0.868254
505.000000 0.924720
506.000000 0.882159
507.000000 0.919017
508.000000 0.902015
509.000000 0.818829
510.000000 0.924500
511.000000 0.860133
512.000000 0.875256
513.000000 0.936173
514.000000 0.872806
515.000000 0.762679
516.000000 0.656814
517.000000 0.313202
518.000000 0.328479
519.000000 0.342928
520.000000 0.357924
521.000000 0.466872
522.000000 0.854619
523.000000 0.881428
524.000000 0.900923
525.000000 0.901682
526.000000 0.912357
527.000000 0.851871
528.000000 0.911917
529.000000 0.928335
530.000000 0.915982
531.000000 0.918010
532.000000 0.918206
533.000000 0.924672
534.000000 0.913629
535.000000 0.900974
536.000000 0.910614
537.000000 0.916589
538.000000 0.898691
539.000000 0.904203
540.000000 0.907710
541.000000 0.899167
542.000000 0.890446
543.000000 0.929752
544.000000 0.933601
545.000000 0.903076
546.000000 0.886527
547.000000 0.884225
548.000000 0.883584
549.000000 0.900455
550.000000 0.935222
551.000000 0.902660
552.000000 0.894238
553.000000 0.884947
554.000000 0.792629
555.000000 0.826715
556.000000 0.682049
557.000000 0.755452
558.000000 0.741416
559.000000 0.882840
560.000000 0.904458
561.000000 0.888898
562.000000 0.929752
563.000000 0.914939
564.000000 0.909511
565.000000 0.919609
566.000000 0.900121
567.000000 0.935765
568.000000 0.908392
569.000000 0.913633
570.000000 0.928001
571.000000 0.901365
572.000000 0.919872
573.000000 0.897906
574.000000 0.892914
575.000000 0.880210
576.000000 0.913611
577.000000 0.914699
578.000000 0.923312
579.000000 0.892371
580.000000 0.853590
581.000000 0.932981
582.000000 0.903551
583.000000 0.856667
584.000000 0.817749
585.000000 0.706280
586.000000 0.656564
587.000000 0.429146
588.000000 0.325905
589.000000 0.489926
590.000000 0.476013
591.000000 0.228880
592.000000 0.325875
593.000000 0.499669
594.000000 0.342270
595.000000 0.266906
596.000000 0.398226
597.000000 0.396798
598.000000 0.288462
599.000000 0.374794
600.000000 0.046608
601.000000 0.568179
602.000000 0.629417
603.000000 0.735057
604.000000 0.813781
605.000000 0.830250
606.000000 0.836050
607.000000 0.815566
608.000000 0.858581
609.000000 0.801903
610.000000 0.845122
611.000000 0.821387
612.000000 0.834762
613.000000 0.848954
614.000000 0.878467
615.000000 0.842008
616.000000 0.851417
617.000000 0.839502
618.000000 0.909009
619.000000 0.886170
620.000000 0.863266
621.000000 0.925610
622.000000 0.898858
623.000000 0.923557
624.000000 0.891100
625.000000 0.880737
626.000000 0.915302
627.000000 0.897238
628.000000 0.894886
629.000000 0.918718
630.000000 0.913893
631.000000 0.905826
632.000000 0.939419
633.000000 0.887817
634.000000 0.897748
635.000000 0.890429
636.000000 0.884716
637.000000 0.573196
638.000000 0.423049
639.000000 0.206092
640.000000 0.353787
641.000000 0.584050
642.000000 0.788690
643.000000 0.873511
644.000000 0.836162
645.000000 0.928266
646.000000 0.911058
647.000000 0.919649
648.000000 0.881138
649.000000 0.917812
650.000000 0.909487
651.000000 0.908634
652.000000 0.924500
653.000000 0.891033
654.000000 0.888461
655.000000 0.898426
656.000000 0.922449
657.000000 0.909208
658.000000 0.917779
659.000000 0.914368
660.000000 0.902066
661.000000 0.902596
662.000000 0.915640
663.000000 0.906270
664.000000 0.910265
665.000000 0.900480
666.000000 0.914557
667.000000 0.923359
668.000000 0.892601
669.000000 0.899297
670.000000 0.857306
671.000000 0.917155
672.000000 0.859623
673.000000 0.802573
674.000000 0.673937
675.000000 0.769836
676.000000 0.652276
677.000000 0.467450
678.000000 0.816653
679.000000 0.919779
680.000000 0.877378
681.000000 0.895834
682.000000 0.883161
683.000000 0.885028
684.000000 0.918567
685.000000 0.915951
686.000000 0.902683
687.000000 0.921559
688.000000 0.860449
689.000000 0.913111
690.000000 0.892588
691.000000 0.887295
692.000000 0.903846
693.000000 0.893862
694.000000 0.915623
695.000000 0.896008
696.000000 0.890637
697.000000 0.873083
698.000000 0.906783
699.000000 0.933607
700.000000 0.916399
701.000000 0.874963
702.000000 0.916008
703.000000 0.927517
704.000000 0.845200
705.000000 0.924322
706.000000 0.788699
707.000000 0.818280
708.000000 0.692782
709.000000 0.607346
710.000000 0.337730
711.000000 0.606688
712.000000 0.691697
713.000000 0.567096
714.000000 0.521035
715.000000 0.559096
716.000000 0.415940
717.000000 0.324833
718.000000 0.443380
719.000000 0.423583
720.000000 0.366655
721.000000 0.070453
722.000000 0.454939
723.000000 0.439316
724.000000 0.294967
725.000000 0.420162
726.000000 0.332814
727.000000 0.309148
728.000000 0.261606
729.000000 0.580274
730.000000 0.204802
731.000000 0.514312
732.000000 0.084309
733.000000 0.291572
734.000000 0.573012
735.000000 0.442021
736.000000 0.729013
737.000000 0.819475
738.000000 0.813959
739.000000 0.837167
740.000000 0.824062
741.000000 0.818198
742.000000 0.839461
743.000000 0.791464
744.000000 0.873346
745.000000 0.858058
746.000000 0.863811
747.000000 0.884749
748.000000 0.884082
749.000000 0.874278
750.000000 0.864162
751.000000 0.872597
752.000000 0.856529
753.000000 0.896232
754.000000 0.898269
755.000000 0.915832
756.000000 0.896647
757.000000 0.893676
758.000000 0.920786
759.000000 0.876881
760.000000 0.884564
761.000000 0.902286
762.000000 0.885760
763.000000 0.907951
764.000000 0.904601
765.000000 0.900764
766.000000 0.926755
767.000000 0.917137
768.000000 0.903392
769.000000 0.933587
770.000000 0.462820
771.000000 0.430863
772.000000 0.419987
773.000000 0.421171
774.000000 0.407118
775.000000 0.416731
776.000000 0.429710
777.000000 0.290129
778.000000 0.395449
779.000000 0.449765
780.000000 0.193556
781.000000 0.576029
782.000000 0.202732
783.000000 0.334732
784.000000 0.359152
785.000000 0.403742
786.000000 0.367748
787.000000 0.392726
788.000000 0.386855
789.000000 0.369388
790.000000 0.157114
791.000000 0.619952
792.000000 0.605831
793.000000 0.832448
794.000000 0.852376
795.000000 0.848803
796.000000 0.835623
797.000000 0.858782
798.000000 0.862252
799.000000 0.889904
800.000000 0.895204
801.000000 0.837870
802.000000 0.848148
803.000000 0.877701
804.000000 0.881173
805.000000 0.893175
806.000000 0.877228
807.000000 0.826599
808.000000 0.877021
809.000000 0.857830
810.000000 0.867160
811.000000 0.904333
812.000000 0.900680
813.000000 0.906426
814.000000 0.852385
815.000000 0.925523
816.000000 0.915838
817.000000 0.870568
818.000000 0.884333
819.000000 0.908432
820.000000 0.894877
821.000000 0.895821
822.000000 0.901856
823.000000 0.902545
824.000000 0.897210
825.000000 0.920071
826.000000 0.715569
827.000000 0.532069
828.000000 0.496451
829.000000 0.566345
830.000000 0.783159
831.000000 0.795539
832.000000 0.796854
833.000000 0.813800
834.000000 0.821303
835.000000 0.822194
836.000000 0.885532
837.000000 0.878929
838.000000 0.862268
839.000000 0.892700
840.000000 0.888506
841.000000 0.859483
842.000000 0.874578
843.000000 0.868066
844.000000 0.877176
845.000000 0.876298
846.000000 0.916357
847.000000 0.879661
848.000000 0.872853
849.000000 0.882674
850.000000 0.879926
851.000000 0.928613
852.000000 0.901594
853.000000 0.881786
854.000000 0.879361
855.000000 0.911623
856.000000 0.893956
857.000000 0.926606
858.000000 0.874017
859.000000 0.904493
860.000000 0.867056
861.000000 0.763560
862.000000 0.819527
863.000000 0.653789
864.000000 0.516441
865.000000 0.502104
866.000000 0.601239
867.000000 0.792955
868.000000 0.922112
869.000000 0.911364
870.000000 0.890077
871.000000 0.889815
872.000000 0.911575
873.000000 0.891647
874.000000 0.904195
875.000000 0.904701
876.000000 0.918453
877.000000 0.905497
878.000000 0.911424
879.000000 0.888890
880.000000 0.885202
881.000000 0.866055
882.000000 0.893367
883.000000 0.917212
884.000000 0.900395
885.000000 0.881477
886.000000 0.854190
887.000000 0.896669
888.000000 0.869637
889.000000 0.903633
890.000000 0.923241
891.000000 0.854729
892.000000 0.905605
893.000000 0.848869
894.000000 0.868814
895.000000 0.933167
896.000000 0.884392
897.000000 0.852401
898.000000 0.838467
899.000000 0.634500
900.000000 0.398032
901.000000 0.680239
902.000000 0.687646
903.000000 0.820203
904.000000 0.884066
905.000000 0.875734
906.000000 0.861266
907.000000 0.854182
908.000000 0.851595
909.000000 0.865953
910.000000 0.889008
911.000000 0.898945
912.000000 0.890661
913.000000 0.856564
914.000000 0.886684
915.000000 0.881307
916.000000 0.858615
917.000000 0.853194
918.000000 0.885048
919.000000 0.877531
920.000000 0.895414
921.000000 0.881262
922.000000 0.927392
923.000000 0.906134
924.000000 0.894635
925.000000 0.895126
926.000000 0.949266
927.000000 0.869301
928.000000 0.932710
929.000000 0.865084
930.000000 0.829846
931.000000 0.842451
932.000000 0.799501
933.000000 0.546886
934.000000 0.628488
935.000000 0.519415
936.000000 0.331170
937.000000 0.455908
938.000000 0.307371
939.000000 0.393688
940.000000 0.378386
941.000000 0.286247
942.000000 0.279047
943.000000 0.343793
944.000000 0.504631
945.000000 0.320099
946.000000 0.195691
947.000000 0.619853
948.000000 0.119502
949.000000 0.502791
950.000000 0.348083
951.000000 0.290384
952.000000 0.565364
953.000000 0.302350
954.000000 0.548680
955.000000 0.258372
956.000000 0.451168
957.000000 0.187776
958.000000 0.286184
959.000000 0.706442
960.000000 0.736943
961.000000 0.801433
962.000000 0.816889
963.000000 0.824430
964.000000 0.845479
965.000000 0.850049
966.000000 0.820884
967.000000 0.861481
968.000000 0.828289
969.000000 0.800989
970.000000 0.844769
971.000000 0.853187
972.000000 0.882679
973.000000 0.882554
974.000000 0.863796
975.000000 0.840275
976.000000 0.883164
977.000000 0.915627
978.000000 0.919015
979.000000 0.919256
980.000000 0.874535
981.000000 0.935716
982.000000 0.896601
983.000000 0.897188
984.000000 0.890775
985.000000 0.915484
986.000000 0.917578
987.000000 0.916424
988.000000 0.888444
989.000000 0.880935
990.000000 0.889257
991.000000 0.885993
992.000000 0.909679
993.000000 0.780135
994.000000 0.704067
995.000000 0.586597
996.000000 0.336276
997.000000 0.828268
998.000000 0.823002
999.000000 0.876784
1000.000000 0.907212
1001.000000 0.914133
1002.000000 0.888747
1003.000000 0.866016
1004.000000 0.900381
1005.000000 0.881680
1006.000000 0.910225
1007.000000 0.841520
1008.000000 0.887467
1009.000000 0.879436
1010.000000 0.906894
1011.000000 0.934049
1012.000000 0.926858
1013.000000 0.899874
1014.000000 0.906147
1015.000000 0.913092
1016.000000 0.914770
1017.000000 0.904946
1018.000000 0.891894
1019.000000 0.892965
1020.000000 0.894361
1021.000000 0.930877
1022.000000 0.873195
1023.000000 0.885175
1024.000000 0.843177
1025.000000 0.886832
1026.000000 0.795346
1027.000000 0.621719
1028.000000 0.774288
1029.000000 0.603537
1030.000000 0.398479
1031.000000 0.517511
1032.000000 0.432285
1033.000000 0.342418
1034.000000 0.539835
1035.000000 0.286779
1036.000000 0.279228
1037.000000 0.486744
1038.000000 0.241476
1039.000000 0.491592
1040.000000 0.207444
1041.000000 0.551145
1042.000000 0.350026
1043.000000 0.021718
1044.000000 0.614144
1045.000000 0.708195
1046.000000 0.713169
1047.000000 0.762661
1048.000000 0.787096
1049.000000 0.852128
1050.000000 0.817091
1051.000000 0.816363
1052.000000 0.850227
1053.000000 0.819860
1054.000000 0.888667
1055.000000 0.852926
1056.000000 0.869983
1057.000000 0.850580
1058.000000 0.895704
1059.000000 0.870283
1060.000000 0.885467
1061.000000 0.926915
1062.000000 0.891565
1063.000000 0.895351
1064.000000 0.907812
1065.000000 0.928199
1066.000000 0.927103
1067.000000 0.942204
1068.000000 0.933855
1069.000000 0.908099
1070.000000 0.905751
1071.000000 0.896981
1072.000000 0.878002
1073.000000 0.914234
1074.000000 0.884672
1075.000000 0.896382
1076.000000 0.906619
1077.000000 0.908539
1078.000000 0.889338
1079.000000 0.895913
1080.000000 0.896170
1081.000000 0.879410
1082.000000 0.874061
1083.000000 0.869012
1084.000000 0.723166
1085.000000 0.751035
1086.000000 0.855099
1087.000000 0.839164
1088.000000 0.851322
1089.000000 0.830926
1090.000000 0.883736
1091.000000 0.921361
1092.000000 0.887618
1093.000000 0.890734
1094.000000 0.879652
1095.000000 0.905602
1096.000000 0.772136
1097.000000 0.760403
1098.000000 0.817897
1099.000000 0.495628
1100.000000 0.444834
1101.000000 0.646576
1102.000000 0.341420
1103.000000 0.502765
1104.000000 0.673624
1105.000000 0.755225
1106.000000 0.705469
1107.000000 0.738403
1108.000000 0.764870
1109.000000 0.777976
1110.000000 0.796527
1111.000000 0.799056
1112.000000 0.786867
1113.000000 0.797499
1114.000000 0.786103
1115.000000 0.825142
1116.000000 0.824123
1117.000000 0.857067
1118.000000 0.847565
1119.000000 0.863470
1120.000000 0.857963
1121.000000 0.861877
1122.000000 0.875369
1123.000000 0.859960
1124.000000 0.876203
1125.000000 0.902338
1126.000000 0.914698
1127.000000 0.909870
1128.000000 0.917582
1129.000000 0.897716
1130.000000 0.902970
1131.000000 0.860350
1132.000000 0.873348
1133.000000 0.913930
1134.000000 0.845971
1135.000000 0.795003
1136.000000 0.816602
1137.000000 0.807325
1138.000000 0.632037
1139.000000 0.521745
1140.000000 0.837380
1141.000000 0.839751
1142.000000 0.895547
1143.000000 0.904440
1144.000000 0.897170
1145.000000 0.846632
1146.000000 0.918226
1147.000000 0.904402
1148.000000 0.918504
1149.000000 0.894208
1150.000000 0.942554
1151.000000 0.906882
1152.000000 0.931631
1153.000000 0.873967
1154.000000 0.900380
1155.000000 0.903706
1156.000000 0.883813
1157.000000 0.916696
1158.000000 0.896981
1159.000000 0.909662
1160.000000 0.919877
1161.000000 0.938123
1162.000000 0.919244
1163.000000 0.899766
1164.000000 0.885104
1165.000000 0.874086
1166.000000 0.862629
1167.000000 0.908071
1168.000000 0.820499
1169.000000 0.747400
1170.000000 0.523747
1171.000000 0.396296
1172.000000 0.793878
1173.000000 0.928080
1174.000000 0.875058
1175.000000 0.915544
1176.000000 0.902901
1177.000000 0.913674
1178.000000 0.892752
1179.000000 0.895685
1180.000000 0.884127
1181.000000 0.910936
1182.000000 0.890209
1183.000000 0.889469
1184.000000 0.912331
1185.000000 0.900424
1186.000000 0.890763
1187.000000 0.887766
1188.000000 0.902736
1189.000000 0.879251
1190.000000 0.904490
1191.000000 0.918027
1192.000000 0.889246
1193.000000 0.893162
1194.000000 0.857812
1195.000000 0.893403
1196.000000 0.907120
1197.000000 0.874400
1198.000000 0.912263
1199.000000 0.879192
1200.000000 0.890135
1201.000000 0.856067
1202.000000 0.928272
1203.000000 0.818037
1204.000000 0.806817
1205.000000 0.888746
1206.000000 0.607034
1207.000000 0.683746
1208.000000 0.527945
1209.000000 0.626952
1210.000000 0.815708
1211.000000 0.889602
1212.000000 0.901716
1213.000000 0.890886
1214.000000 0.883507
1215.000000 0.917082
1216.000000 0.899737
1217.000000 0.925120
1218.000000 0.898918
1219.000000 0.909988
1220.000000 0.911167
1221.000000 0.913380
1222.000000 0.884624
1223.000000 0.854020
1224.000000 0.915523
1225.000000 0.900692
1226.000000 0.892928
1227.000000 0.886275
1228.000000 0.892039
1229.000000 0.883544
1230.000000 0.912031
1231.000000 0.918420
1232.000000 0.904478
1233.000000 0.901828
1234.000000 0.800682
1235.000000 0.939648
1236.000000 0.900650
1237.000000 0.589152
1238.000000 0.651071
1239.000000 0.459159
1240.000000 0.542980
1241.000000 0.448831
1242.000000 0.486774
1243.000000 0.341996
1244.000000 0.530855
1245.000000 0.390841
1246.000000 0.350946
1247.000000 0.279407
1248.000000 0.502118
1249.000000 0.152992
1250.000000 0.422429
1251.000000 0.270573
1252.000000 0.641973
1253.000000 0.187350
1254.000000 0.562631
1255.000000 0.541810
1256.000000 0.643132
1257.000000 0.773194
1258.000000 0.771760
1259.000000 0.807295
1260.000000 0.810064
1261.000000 0.789371
1262.000000 0.776863
1263.000000 0.834468
1264.000000 0.857614
1265.000000 0.831538
1266.000000 0.838502
1267.000000 0.809379
1268.000000 0.823760
1269.000000 0.819150
1270.000000 0.874809
1271.000000 0.880411
1272.000000 0.855532
1273.000000 0.851628
1274.000000 0.900605
1275.000000 0.900505
1276.000000 0.887312
1277.000000 0.916865
1278.000000 0.917700
1279.000000 0.892202
1280.000000 0.899149
1281.000000 0.898986
1282.000000 0.881424
1283.000000 0.916335
1284.000000 0.914831
1285.000000 0.917053
1286.000000 0.927753
1287.000000 0.934928
1288.000000 0.890387
1289.000000 0.847716
1290.000000 0.621535
1291.000000 0.216736
1292.000000 0.586195
1293.000000 0.738488
1294.000000 0.686104
1295.000000 0.792083
1296.000000 0.850986
1297.000000 0.864699
1298.000000 0.845661
1299.000000 0.911979
1300.000000 0.889945
1301.000000 0.928956
1302.000000 0.864754
1303.000000 0.888036
1304.000000 0.923347
1305.000000 0.890516
1306.000000 0.903927
1307.000000 0.923913
1308.000000 0.907760
1309.000000 0.900025
1310.000000 0.885965
1311.000000 0.883654
1312.000000 0.863629
1313.000000 0.915838
1314.000000 0.911939
1315.000000 0.891168
1316.000000 0.911715
1317.000000 0.909093
1318.000000 0.892941
1319.000000 0.889147
1320.000000 0.911218
1321.000000 0.881432
1322.000000 0.892015
1323.000000 0.912430
1324.000000 0.770351
1325.000000 0.716389
1326.000000 0.763241
1327.000000 0.485763
1328.000000 0.464398
1329.000000 0.284976
1330.000000 0.470035
1331.000000 0.304989
1332.000000 0.462658
1333.000000 0.414001
1334.000000 0.263910
1335.000000 0.447223
1336.000000 0.340674
1337.000000 0.272077
1338.000000 0.400532
1339.000000 0.459407
1340.000000 0.066210
1341.000000 0.535933
1342.000000 0.280378
1343.000000 0.272772
1344.000000 0.398349
1345.000000 0.375510
1346.000000 0.372499
1347.000000 0.444637
1348.000000 0.269010
1349.000000 0.346735
1350.000000 0.387373
1351.000000 0.315792
1352.000000 0.438551
1353.000000 0.101214
1354.000000 0.762968
1355.000000 0.172794
1356.000000 0.570282
1357.000000 0.036542
1358.000000 0.522213
1359.000000 0.723361
1360.000000 0.787308
1361.000000 0.748208
1362.000000 0.780345
1363.000000 0.790921
1364.000000 0.807193
1365.000000 0.786100
1366.000000 0.815237
1367.000000 0.781110
1368.000000 0.849659
1369.000000 0.839465
1370.000000 0.875240
1371.000000 0.897513
1372.000000 0.862180
1373.000000 0.861709
1374.000000 0.889135
1375.000000 0.886105
1376.000000 0.919925
1377.000000 0.925627
1378.000000 0.923003
1379.000000 0.899878
1380.000000 0.892861
1381.000000 0.903694
1382.000000 0.929316
1383.000000 0.910809
1384.000000 0.898282
1385.000000 0.919137
1386.000000 0.871813
1387.000000 0.911022
1388.000000 0.899269
1389.000000 0.882203
1390.000000 0.926546
1391.000000 0.922701
1392.000000 0.904638
1393.000000 0.881328
1394.000000 0.886704
1395.000000 0.906514
1396.000000 0.906301
1397.000000 0.911937
1398.000000 0.932397
1399.000000 0.918195
1400.000000 0.912142
1401.000000 0.899641
1402.000000 0.918969
1403.000000 0.928557
1404.000000 0.879360
1405.000000 0.896111
1406.000000 0.864257
1407.000000 0.700359
1408.000000 0.857590
1409.000000 0.685359
1410.000000 0.351379
1411.000000 0.633668
1412.000000 0.660634
1413.000000 0.571506
1414.000000 0.662275
1415.000000 0.583840
1416.000000 0.687854
1417.000000 0.452719
1418.000000 0.509590
1419.000000 0.393705
1420.000000 0.470813
1421.000000 0.422840
1422.000000 0.671381
1423.000000 0.802212
1424.000000 0.844661
1425.000000 0.856920
1426.000000 0.875431
1427.000000 0.877671
1428.000000 0.881648
1429.000000 0.910062
1430.000000 0.855590
1431.000000 0.847608
1432.000000 0.888882
1433.000000 0.866544
1434.000000 0.914263
1435.000000 0.855422
1436.000000 0.854724
1437.000000 0.909504
1438.000000 0.932822
1439.000000 0.859114
1440.000000 0.936690
1441.000000 0.907385
1442.000000 0.888354
1443.000000 0.914023
1444.000000 0.891986
1445.000000 0.899459
1446.000000 0.897415
1447.000000 0.900772
1448.000000 0.891255
1449.000000 0.883178
1450.000000 0.927957
1451.000000 0.906930
1452.000000 0.951798
1453.000000 0.906726
1454.000000 0.923796
1455.000000 0.926094
1456.000000 0.728960
1457.000000 0.466219
1458.000000 0.383288
1459.000000 0.689260
1460.000000 0.833910
1461.000000 0.880104
1462.000000 0.855403
1463.000000 0.869964
1464.000000 0.866470
1465.000000 0.881027
1466.000000 0.893963
1467.000000 0.877820
1468.000000 0.842756
1469.000000 0.881307
1470.000000 0.892241
1471.000000 0.872366
1472.000000 0.869311
1473.000000 0.832726
1474.000000 0.893243
1475.000000 0.902500
1476.000000 0.892911
1477.000000 0.899144
1478.000000 0.927898
1479.000000 0.931421
1480.000000 0.918971
1481.000000 0.870674
1482.000000 0.926276
1483.000000 0.862484
1484.000000 0.902398
1485.000000 0.870078
1486.000000 0.864619
1487.000000 0.912255
1488.000000 0.857072
1489.000000 0.818858
1490.000000 0.819596
1491.000000 0.813159
1492.000000 0.682041
1493.000000 0.472505
1494.000000 0.534128
1495.000000 0.833929
1496.000000 0.828660
1497.000000 0.856968
1498.000000 0.884920
1499.000000 0.910385
1500.000000 0.867022
1501.000000 0.913172
1502.000000 0.912224
1503.000000 0.909995
1504.000000 0.920174
1505.000000 0.882909
1506.000000 0.861642
1507.000000 0.906563
1508.000000 0.924794
1509.000000 0.903795
1510.000000 0.848966
1511.000000 0.908047
1512.000000 0.883315
1513.000000 0.822205
1514.000000 0.931085
1515.000000 0.892486
1516.000000 0.853687
1517.000000 0.891796
1518.000000 0.898281
1519.000000 0.846384
1520.000000 0.871751
1521.000000 0.780894
1522.000000 0.548763
1523.000000 0.662543
1524.000000 0.514407
1525.000000 0.473092
1526.000000 0.700789
1527.000000 0.760579
1528.000000 0.810607
1529.000000 0.827210
1530.000000 0.851449
1531.000000 0.850706
1532.000000 0.844146
1533.000000 0.854875
1534.000000 0.834837
1535.000000 0.824406
1536.000000 0.828822
1537.000000 0.823984
1538.000000 0.856325
1539.000000 0.853375
1540.000000 0.881107
1541.000000 0.883182
1542.000000 0.883716
1543.000000 0.924693
1544.000000 0.889779
1545.000000 0.875110
1546.000000 0.874688
1547.000000 0.910219
1548.000000 0.913493
1549.000000 0.904055
1550.000000 0.936765
1551.000000 0.858952
1552.000000 0.906541
1553.000000 0.895099
1554.000000 0.860584
1555.000000 0.864011
1556.000000 0.857384
1557.000000 0.877511
1558.000000 0.702675
1559.000000 0.619901
1560.000000 0.584454
1561.000000 0.498114
1562.000000 0.624554
1563.000000 0.786452
1564.000000 0.867444
1565.000000 0.816126
1566.000000 0.860018
1567.000000 0.877827
1568.000000 0.871684
1569.000000 0.830127
1570.000000 0.864971
1571.000000 0.898864
1572.000000 0.877201
1573.000000 0.863230
1574.000000 0.862317
1575.000000 0.866561
1576.000000 0.861058
1577.000000 0.858293
1578.000000 0.912977
1579.000000 0.875185
1580.000000 0.912167
1581.000000 0.916539
1582.000000 0.890061
1583.000000 0.917471
1584.000000 0.915671
1585.000000 0.930015
1586.000000 0.908797
1587.000000 0.904423
1588.000000 0.883986
1589.000000 0.887926
1590.000000 0.820204
1591.000000 0.899046
1592.000000 0.916052
1593.000000 0.864060
1594.000000 0.778003
1595.000000 0.491419
1596.000000 0.509600
1597.000000 0.532523
1598.000000 0.491936
1599.000000 0.877163
1600.000000 0.896039
1601.000000 0.904763
1602.000000 0.894558
1603.000000 0.890544
1604.000000 0.910727
1605.000000 0.905368
1606.000000 0.900691
1607.000000 0.861885
1608.000000 0.881616
1609.000000 0.913449
1610.000000 0.886537
1611.000000 0.891282
1612.000000 0.904133
1613.000000 0.917536
1614.000000 0.903450
1615.000000 0.892156
1616.000000 0.897973
1617.000000 0.873207
1618.000000 0.901708
1619.000000 0.888337
1620.000000 0.869898
1621.000000 0.881990
1622.000000 0.910364
1623.000000 0.834994
1624.000000 0.874857
1625.000000 0.879781
1626.000000 0.910938
1627.000000 0.858172
1628.000000 0.821635
1629.000000 0.865144
1630.000000 0.710753
1631.000000 0.682808
1632.000000 0.577632
1633.000000 0.358526
1634.000000 0.353234
1635.000000 0.608455
1636.000000 0.566993
1637.000000 0.828195
1638.000000 0.842172
1639.000000 0.867834
1640.000000 0.869928
1641.000000 0.835114
1642.000000 0.887019
1643.000000 0.876703
1644.000000 0.884561
1645.000000 0.857791
1646.000000 0.828448
1647.000000 0.826954
1648.000000 0.875564
1649.000000 0.866524
1650.000000 0.904199
1651.000000 0.874220
1652.000000 0.871775
1653.000000 0.861284
1654.000000 0.875508
1655.000000 0.890398
1656.000000 0.881222
1657.000000 0.894055
1658.000000 0.891736
1659.000000 0.913142
1660.000000 0.893650
1661.000000 0.893170
1662.000000 0.924561
1663.000000 0.888046
1664.000000 0.881627
1665.000000 0.878742
1666.000000 0.841359
1667.000000 0.852520
1668.000000 0.844418
1669.000000 0.749660
1670.000000 0.705161
1671.000000 0.178981
1672.000000 0.447509
1673.000000 0.504927
1674.000000 0.357702
1675.000000 0.496439
1676.000000 0.351704
1677.000000 0.335190
1678.000000 0.217500
1679.000000 0.502824
1680.000000 0.348543
1681.000000 0.278851
1682.000000 0.471216
1683.000000 0.240957
1684.000000 0.615532
1685.000000 0.621260
1686.000000 0.632157
1687.000000 0.736556
1688.000000 0.749562
1689.000000 0.771262
1690.000000 0.801530
1691.000000 0.788956
1692.000000 0.829095
1693.000000 0.830668
1694.000000 0.858634
1695.000000 0.833092
1696.000000 0.860219
1697.000000 0.867243
1698.000000 0.897160
1699.000000 0.914593
1700.000000 0.883369
1701.000000 0.904472
1702.000000 0.933988
1703.000000 0.903321
1704.000000 0.918219
1705.000000 0.892705
1706.000000 0.891960
1707.000000 0.920747
1708.000000 0.849516
1709.000000 0.917384
1710.000000 0.915492
1711.000000 0.920912
1712.000000 0.900483
1713.000000 0.890549
1714.000000 0.924320
1715.000000 0.876454
1716.000000 0.885578
1717.000000 0.942036
1718.000000 0.894920
1719.000000 0.875680
1720.000000 0.911027
1721.000000 0.897816
1722.000000 0.931290
1723.000000 0.880673
1724.000000 0.887752
1725.000000 0.894348
1726.000000 0.889927
1727.000000 0.822779
1728.000000 0.836563
1729.000000 0.820808
1730.000000 0.842066
1731.000000 0.896013
1732.000000 0.734045
1733.000000 0.673005
1734.000000 0.660825
1735.000000 0.443366
1736.000000 0.738471
1737.000000 0.367561
1738.000000 0.523343
1739.000000 0.332720
1740.000000 0.479158
1741.000000 0.368207
1742.000000 0.398346
1743.000000 0.362030
1744.000000 0.363895
1745.000000 0.279567
1746.000000 0.458280
1747.000000 0.331026
1748.000000 0.390369
1749.000000 0.320940
1750.000000 0.294385
1751.000000 0.438199
1752.000000 0.331193
1753.000000 0.496330
1754.000000 0.424283
1755.000000 0.334309
1756.000000 0.452707
1757.000000 0.167660
1758.000000 0.654426
1759.000000 0.799583
1760.000000 0.876967
1761.000000 0.847115
1762.000000 0.904304
1763.000000 0.890478
1764.000000 0.885307
1765.000000 0.893693
1766.000000 0.898717
1767.000000 0.932949
1768.000000 0.928740
1769.000000 0.889152
1770.000000 0.935972
1771.000000 0.914395
1772.000000 0.883475
1773.000000 0.891916
1774.000000 0.905632
1775.000000 0.922219
1776.000000 0.921936
1777.000000 0.913665
1778.000000 0.924186
1779.000000 0.907832
1780.000000 0.903870
1781.000000 0.912315
1782.000000 0.917475
1783.000000 0.908519
1784.000000 0.893515
1785.000000 0.907546
1786.000000 0.902604
1787.000000 0.901564
1788.000000 0.906948
1789.000000 0.899023
1790.000000 0.886310
1791.000000 0.925032
1792.000000 0.888578
1793.000000 0.856293
1794.000000 0.832639
1795.000000 0.866546
1796.000000 0.657553
1797.000000 0.585795
1798.000000 0.592108
1799.000000 0.390269
1800.000000 0.616282
1801.000000 0.833694
1802.000000 0.902619
1803.000000 0.903923
1804.000000 0.912176
1805.000000 0.892751
1806.000000 0.910785
1807.000000 0.931411
1808.000000 0.925721
1809.000000 0.920955
1810.000000 0.890881
1811.000000 0.907564
1812.000000 0.863550
1813.000000 0.902658
1814.000000 0.878856
1815.000000 0.892591
1816.000000 0.828618
1817.000000 0.682459
1818.000000 0.680610
1819.000000 0.566776
1820.000000 0.597082
1821.000000 0.766585
1822.000000 0.818940
1823.000000 0.883856
1824.000000 0.915921
1825.000000 0.901995
1826.000000 0.942364
1827.000000 0.912613
1828.000000 0.928996
1829.000000 0.875704
1830.000000 0.881624
1831.000000 0.914347
1832.000000 0.922493
1833.000000 0.879428
1834.000000 0.930628
1835.000000 0.908228
1836.000000 0.878340
1837.000000 0.902027
1838.000000 0.901418
1839.000000 0.876603
1840.000000 0.913237
1841.000000 0.919776
1842.000000 0.887696
1843.000000 0.856991
1844.000000 0.884931
1845.000000 0.950119
1846.000000 0.903282
1847.000000 0.897220
1848.000000 0.897784
1849.000000 0.919224
1850.000000 0.907248
1851.000000 0.888602
1852.000000 0.804698
1853.000000 0.817132
1854.000000 0.569251
1855.000000 0.401259
1856.000000 0.514971
1857.000000 0.683412
1858.000000 0.843398
1859.000000 0.906270
1860.000000 0.908724
1861.000000 0.889338
1862.000000 0.903897
1863.000000 0.920948
1864.000000 0.890044
1865.000000 0.891055
1866.000000 0.880545
1867.000000 0.906158
1868.000000 0.877710
1869.000000 0.906383
1870.000000 0.862197
1871.000000 0.919332
1872.000000 0.913163
1873.000000 0.901234
1874.000000 0.931868
1875.000000 0.916904
1876.000000 0.889149
1877.000000 0.914027
1878.000000 0.923506
1879.000000 0.897501
1880.000000 0.902879
1881.000000 0.911879
1882.000000 0.915995
1883.000000 0.913036
1884.000000 0.932329
1885.000000 0.899729
1886.000000 0.886392
1887.000000 0.778812
1888.000000 0.686419
1889.000000 0.545605
1890.000000 0.547103
1891.000000 0.445224
1892.000000 0.827711
1893.000000 0.893268
1894.000000 0.868913
1895.000000 0.874539
1896.000000 0.898689
1897.000000 0.943963
1898.000000 0.917747
1899.000000 0.924037
1900.000000 0.874213
1901.000000 0.854077
1902.000000 0.892092
1903.000000 0.873680
1904.000000 0.879838
1905.000000 0.922583
1906.000000 0.928454
1907.000000 0.924864
1908.000000 0.908997
1909.000000 0.906681
1910.000000 0.917897
1911.000000 0.903892
1912.000000 0.877047
1913.000000 0.933419
1914.000000 0.892870
1915.000000 0.913721
1916.000000 0.907627
1917.000000 0.903172
1918.000000 0.916145
1919.000000 0.908546
1920.000000 0.867549
1921.000000 0.908369
1922.000000 0.790921
1923.000000 0.828898
1924.000000 0.467831
1925.000000 0.695329
1926.000000 0.755080
1927.000000 0.743657
1928.000000 0.423347
1929.000000 0.487655
1930.000000 0.574747
1931.000000 0.469460
1932.000000 0.082968
1933.000000 0.483065
1934.000000 0.503040
1935.000000 0.271265
1936.000000 0.299383
1937.000000 0.416588
1938.000000 0.276554
1939.000000 0.327665
1940.000000 0.420449
1941.000000 0.149320
1942.000000 0.617141
1943.000000 0.222342
1944.000000 0.603325
1945.000000 0.725178
1946.000000 0.842770
1947.000000 0.823889
1948.000000 0.831470
1949.000000 0.852643
1950.000000 0.851815
1951.000000 0.839501
1952.000000 0.860730
1953.000000 0.879836
1954.000000 0.805129
1955.000000 0.832371
1956.000000 0.873194
1957.000000 0.879049
1958.000000 0.884769
1959.000000 0.842860
1960.000000 0.920420
1961.000000 0.903568
1962.000000 0.901749
1963.000000 0.892726
1964.000000 0.919196
1965.000000 0.908769
1966.000000 0.899922
1967.000000 0.925661
1968.000000 0.925009
1969.000000 0.930744
1970.000000 0.928743
1971.000000 0.889883
1972.000000 0.928124
1973.000000 0.899342
1974.000000 0.913418
1975.000000 0.919554
1976.000000 0.925723
1977.000000 0.888945
1978.000000 0.890848
1979.000000 0.886824
1980.000000 0.928199
1981.000000 0.909557
1982.000000 0.710652
1983.000000 0.833874
1984.000000 0.694410
1985.000000 0.654606
1986.000000 0.897367
1987.000000 0.909823
1988.000000 0.879938
1989.000000 0.902913
1990.000000 0.924025
1991.000000 0.896769
1992.000000 0.896776
1993.000000 0.902348
1994.000000 0.890102
1995.000000 0.901326
1996.000000 0.900098
1997.000000 0.900793
1998.000000 0.873899
1999.000000 0.804424
2000.000000 0.858337
2001.000000 0.742356
2002.000000 0.874371
2003.000000 0.914461
2004.000000 0.896168
2005.000000 0.890252
2006.000000 0.918626
2007.000000 0.903589
2008.000000 0.915594
2009.000000 0.940433
2010.000000 0.890317
2011.000000 0.923566
2012.000000 0.924843
2013.000000 0.885687
2014.000000 0.915482
2015.000000 0.898689
2016.000000 0.882750
2017.000000 0.898981
2018.000000 0.922006
2019.000000 0.898748
2020.000000 0.932510
2021.000000 0.862722
2022.000000 0.893926
2023.000000 0.862204
2024.000000 0.874917
2025.000000 0.904905
2026.000000 0.867071
2027.000000 0.868733
2028.000000 0.916165
2029.000000 0.855793
2030.000000 0.857523
2031.000000 0.920982
2032.000000 0.815136
2033.000000 0.726816
2034.000000 0.657981
2035.000000 0.657644
2036.000000 0.853621
2037.000000 0.880598
2038.000000 0.928507
2039.000000 0.885286
2040.000000 0.893014
2041.000000 0.894266
2042.000000 0.896282
2043.000000 0.892068
2044.000000 0.859723
2045.000000 0.926633
2046.000000 0.906368
2047.000000 0.880989
2048.000000 0.900407
2049.000000 0.907657
2050.000000 0.883912
2051.000000 0.881632
2052.000000 0.929154
2053.000000 0.916283
2054.000000 0.911405
2055.000000 0.909945
2056.000000 0.897952
2057.000000 0.880344
2058.000000 0.910295
2059.000000 0.942638
2060.000000 0.921306
2061.000000 0.864299
2062.000000 0.819090
2063.000000 0.862056
2064.000000 0.731473
2065.000000 0.736305
2066.000000 0.665658
2067.000000 0.311879
2068.000000 0.592742
2069.000000 0.340245
2070.000000 0.362325
2071.000000 0.573177
2072.000000 0.246696
2073.000000 0.566603
2074.000000 0.388626
2075.000000 0.121685
2076.000000 0.537194
2077.000000 0.381116
2078.000000 0.243885
2079.000000 0.408077
2080.000000 0.403777
2081.000000 0.667529
2082.000000 0.642931
2083.000000 0.654147
2084.000000 0.689418
2085.000000 0.719181
2086.000000 0.736255
2087.000000 0.742307
2088.000000 0.759200
2089.000000 0.770133
2090.000000 0.742941
2091.000000 0.764058
2092.000000 0.733766
2093.000000 0.756307
2094.000000 0.787017
2095.000000 0.791234
2096.000000 0.852604
2097.000000 0.909560
2098.000000 0.943693
2099.000000 0.904269
2100.000000 0.892217
2101.000000 0.895904
2102.000000 0.940349
2103.000000 0.916380
2104.000000 0.931285
2105.000000 0.916580
2106.000000 0.886447
2107.000000 0.905071
2108.000000 0.898209
2109.000000 0.887079
2110.000000 0.909429
2111.000000 0.895933
2112.000000 0.910906
2113.000000 0.917219
2114.000000 0.885302
2115.000000 0.730857
2116.000000 0.537668
2117.000000 0.314693
2118.000000 0.709682
2119.000000 0.847635
2120.000000 0.874126
2121.000000 0.901546
2122.000000 0.866621
2123.000000 0.883576
2124.000000 0.892731
2125.000000 0.914915
2126.000000 0.931504
2127.000000 0.926121
2128.000000 0.889274
2129.000000 0.911963
2130.000000 0.933865
2131.000000 0.939022
2132.000000 0.935772
2133.000000 0.937567
2134.000000 0.893892
2135.000000 0.913518
2136.000000 0.914211
2137.000000 0.919367
2138.000000 0.929727
2139.000000 0.884462
2140.000000 0.892320
2141.000000 0.896582
2142.000000 0.905655
2143.000000 0.922024
2144.000000 0.872301
2145.000000 0.866562
2146.000000 0.874531
2147.000000 0.808863
2148.000000 0.649788
2149.000000 0.440687
2150.000000 0.637218
2151.000000 0.761481
2152.000000 0.832210
2153.000000 0.824411
2154.000000 0.853591
2155.000000 0.874303
2156.000000 0.874810
2157.000000 0.891759
2158.000000 0.918535
2159.000000 0.922737
2160.000000 0.898106
2161.000000 0.914288
2162.000000 0.915006
2163.000000 0.876549
2164.000000 0.897524
2165.000000 0.888932
2166.000000 0.911808
2167.000000 0.913901
2168.000000 0.881022
2169.000000 0.909151
2170.000000 0.890066
2171.000000 0.878867
2172.000000 0.902198
2173.000000 0.896036
2174.000000 0.884380
2175.000000 0.901252
2176.000000 0.847337
2177.000000 0.850051
2178.000000 0.916005
2179.000000 0.852033
2180.000000 0.899340
2181.000000 0.777692
2182.000000 0.880156
2183.000000 0.816137
2184.000000 0.767849
2185.000000 0.811071
2186.000000 0.808957
2187.000000 0.852973
2188.000000 0.885781
2189.000000 0.896939
2190.000000 0.860885
2191.000000 0.908226
2192.000000 0.929840
2193.000000 0.907560
2194.000000 0.914987
2195.000000 0.908550
2196.000000 0.903167
2197.000000 0.895252
2198.000000 0.925725
2199.000000 0.898565
2200.000000 0.898700
2201.000000 0.896237
2202.000000 0.938793
2203.000000 0.902307
2204.000000 0.923171
2205.000000 0.919429
2206.000000 0.926399
2207.000000 0.907855
2208.000000 0.809056
2209.000000 0.846482
2210.000000 0.745608
2211.000000 0.643049
2212.000000 0.578377
2213.000000 0.243359
2214.000000 0.733623
2215.000000 0.342725
2216.000000 0.585318
2217.000000 0.415079
2218.000000 0.390473
2219.000000 0.415954
2220.000000 0.367464
2221.000000 0.296629
2222.000000 0.379996
2223.000000 0.396431
2224.000000 0.369550
2225.000000 0.102307
2226.000000 0.495511
2227.000000 0.523882
2228.000000 0.610377
2229.000000 0.740026
2230.000000 0.764336
2231.000000 0.765543
2232.000000 0.734115
2233.000000 0.790466
2234.000000 0.800849
2235.000000 0.791107
2236.000000 0.792591
2237.000000 0.803900
2238.000000 0.800168
2239.000000 0.844686
2240.000000 0.827514
2241.000000 0.844987
2242.000000 0.845278
2243.000000 0.834103
2244.000000 0.826751
2245.000000 0.878322
2246.000000 0.878627
2247.000000 0.904698
2248.000000 0.903434
2249.000000 0.910721
2250.000000 0.931238
2251.000000 0.915364
2252.000000 0.916475
2253.000000 0.898403
2254.000000 0.912159
2255.000000 0.896552
2256.000000 0.919722
2257.000000 0.915131
2258.000000 0.936963
2259.000000 0.903020
2260.000000 0.860692
2261.000000 0.923248
2262.000000 0.858027
2263.000000 0.514242
2264.000000 0.453539
2265.000000 0.557838
2266.000000 0.321278
2267.000000 0.760447
2268.000000 0.879653
2269.000000 0.866610
2270.000000 0.886635
2271.000000 0.911843
2272.000000 0.882777
2273.000000 0.878041
2274.000000 0.896755
2275.000000 0.925124
2276.000000 0.916324
2277.000000 0.902102
2278.000000 0.914418
2279.000000 0.906872
2280.000000 0.919825
2281.000000 0.922603
2282.000000 0.893943
2283.000000 0.870350
2284.000000 0.925563
2285.000000 0.905570
2286.000000 0.909790
2287.000000 0.927027
2288.000000 0.924305
2289.000000 0.910655
2290.000000 0.899656
2291.000000 0.925211
2292.000000 0.885485
2293.000000 0.905564
2294.000000 0.796274
2295.000000 0.705417
2296.000000 0.769318
2297.000000 0.518623
2298.000000 0.395796
2299.000000 0.621883
2300.000000 0.620862
2301.000000 0.825442
2302.000000 0.908973
2303.000000 0.914376
2304.000000 0.902150
2305.000000 0.900231
2306.000000 0.919486
2307.000000 0.893410
2308.000000 0.903163
2309.000000 0.904236
2310.000000 0.927076
2311.000000 0.899377
2312.000000 0.899388
2313.000000 0.900515
2314.000000 0.898469
2315.000000 0.879872
2316.000000 0.918924
2317.000000 0.904630
2318.000000 0.915702
2319.000000 0.887676
2320.000000 0.897200
2321.000000 0.912378
2322.000000 0.894683
2323.000000 0.918902
2324.000000 0.904180
2325.000000 0.854319
2326.000000 0.919990
2327.000000 0.874416
2328.000000 0.853942
2329.000000 0.932111
2330.000000 0.820007
2331.000000 0.855067
2332.000000 0.885529
2333.000000 0.621881
2334.000000 0.568121
2335.000000 0.529290
2336.000000 0.417798
2337.000000 0.312431
2338.000000 0.687309
2339.000000 0.815504
2340.000000 0.810705
2341.000000 0.792229
2342.000000 0.835567
2343.000000 0.826410
2344.000000 0.862388
2345.000000 0.881120
2346.000000 0.860306
2347.000000 0.889107
2348.000000 0.859720
2349.000000 0.883383
2350.000000 0.871141
2351.000000 0.834536
2352.000000 0.868644
2353.000000 0.881507
2354.000000 0.902677
2355.000000 0.883356
2356.000000 0.921133
2357.000000 0.903341
2358.000000 0.876253
2359.000000 0.920667
2360.000000 0.898861
2361.000000 0.943281
2362.000000 0.928558
2363.000000 0.915566
2364.000000 0.916436
2365.000000 0.902480
2366.000000 0.876925
2367.000000 0.866968
2368.000000 0.887910
2369.000000 0.847866
2370.000000 0.803447
2371.000000 0.752814
2372.000000 0.548266
2373.000000 0.552330
2374.000000 0.351437
2375.000000 0.389811
2376.000000 0.311625
2377.000000 0.441931
2378.000000 0.370277
2379.000000 0.178256
2380.000000 0.566022
2381.000000 0.434094
2382.000000 0.347762
2383.000000 0.330887
2384.000000 0.308666
2385.000000 0.259174
2386.000000 0.222214
2387.000000 0.528288
2388.000000 0.287540
2389.000000 0.371833
2390.000000 0.318744
2391.000000 0.350127
2392.000000 0.489810
2393.000000 0.143240
2394.000000 0.677165
2395.000000 0.256411
2396.000000 0.816841
2397.000000 0.844489
2398.000000 0.847272
2399.000000 0.807529
2400.000000 0.833279
2401.000000 0.814257
2402.000000 0.829844
2403.000000 0.829621
2404.000000 0.828130
2405.000000 0.820754
2406.000000 0.876808
2407.000000 0.892637
2408.000000 0.896287
2409.000000 0.871537
2410.000000 0.868123
2411.000000 0.861196
2412.000000 0.891417
2413.000000 0.868199
2414.000000 0.898364
2415.000000 0.886884
2416.000000 0.895344
2417.000000 0.911550
2418.000000 0.909276
2419.000000 0.907598
2420.000000 0.909738
2421.000000 0.918339
2422.000000 0.905613
2423.000000 0.865766
2424.000000 0.918695
2425.000000 0.918073
2426.000000 0.896101
2427.000000 0.894382
2428.000000 0.901936
2429.000000 0.892547
2430.000000 0.883545
2431.000000 0.872584
2432.000000 0.828954
2433.000000 0.881903
2434.000000 0.910942
2435.000000 0.881421
2436.000000 0.885207
2437.000000 0.896382
2438.000000 0.892431
2439.000000 0.860500
2440.000000 0.906396
2441.000000 0.911834
2442.000000 0.932639
2443.000000 0.891697
2444.000000 0.869467
2445.000000 0.950127
2446.000000 0.913578
2447.000000 0.940809
2448.000000 0.902545
2449.000000 0.899967
2450.000000 0.897598
2451.000000 0.899647
2452.000000 0.893061
2453.000000 0.912242
2454.000000 0.912630
2455.000000 0.858264
2456.000000 0.775745
2457.000000 0.768285
2458.000000 0.712250
2459.000000 0.787135
2460.000000 0.821770
2461.000000 0.870987
2462.000000 0.882221
2463.000000 0.896369
2464.000000 0.908271
2465.000000 0.895492
2466.000000 0.835254
2467.000000 0.876920
2468.000000 0.895399
2469.000000 0.902645
2470.000000 0.875359
2471.000000 0.926578
2472.000000 0.913623
2473.000000 0.890896
2474.000000 0.916070
2475.000000 0.899618
2476.000000 0.894460
2477.000000 0.934168
2478.000000 0.886048
2479.000000 0.832456
2480.000000 0.920314
2481.000000 0.889835
2482.000000 0.855591
2483.000000 0.906131
2484.000000 0.784371
2485.000000 0.829870
2486.000000 0.849066
2487.000000 0.538219
2488.000000 0.502308
2489.000000 0.611398
2490.000000 0.506229
2491.000000 0.560246
2492.000000 0.746390
2493.000000 0.464101
2494.000000 0.478296
2495.000000 0.439577
2496.000000 0.379973
2497.000000 0.149638
2498.000000 0.549986
2499.000000 0.186462
2500.000000 0.445674
2501.000000 0.305891
2502.000000 0.406766
2503.000000 0.172963
2504.000000 0.352812
2505.000000 0.810839
2506.000000 0.807529
2507.000000 0.854848
2508.000000 0.882548
2509.000000 0.863136
2510.000000 0.865444
2511.000000 0.879177
2512.000000 0.853849
2513.000000 0.829219
2514.000000 0.870790
2515.000000 0.895339
2516.000000 0.865588
2517.000000 0.874703
2518.000000 0.870567
2519.000000 0.875690
2520.000000 0.884678
2521.000000 0.876970
2522.000000 0.934038
2523.000000 0.886995
2524.000000 0.897899
2525.000000 0.916026
2526.000000 0.867053
2527.000000 0.890274
2528.000000 0.907665
2529.000000 0.913182
2530.000000 0.917696
2531.000000 0.902461
2532.000000 0.890128
2533.000000 0.888604
2534.000000 0.886132
2535.000000 0.888208
2536.000000 0.897311
2537.000000 0.906613
2538.000000 0.888290
2539.000000 0.834369
2540.000000 0.411845
2541.000000 0.409759
2542.000000 0.553043
2543.000000 0.627443
2544.000000 0.847862
2545.000000 0.843319
2546.000000 0.790117
2547.000000 0.841862
2548.000000 0.852797
2549.000000 0.848242
2550.000000 0.881773
2551.000000 0.866105
2552.000000 0.893456
2553.000000 0.846301
2554.000000 0.889828
2555.000000 0.850004
2556.000000 0.829298
2557.000000 0.864898
2558.000000 0.859199
2559.000000 0.858534
2560.000000 0.917652
2561.000000 0.887774
2562.000000 0.886478
2563.000000 0.917136
2564.000000 0.932850
2565.000000 0.905625
2566.000000 0.903950
2567.000000 0.903919
2568.000000 0.907861
2569.000000 0.899019
2570.000000 0.893285
2571.000000 0.909383
2572.000000 0.915465
2573.000000 0.875437
2574.000000 0.934236
2575.000000 0.689383
2576.000000 0.753343
2577.000000 0.642349
2578.000000 0.477752
2579.000000 0.324743
2580.000000 0.484272
2581.000000 0.508815
2582.000000 0.601026
2583.000000 0.276434
2584.000000 0.420892
2585.000000 0.437723
2586.000000 0.361179
2587.000000 0.421901
2588.000000 0.156665
2589.000000 0.394941
2590.000000 0.534133
2591.000000 0.279744
2592.000000 0.281463
2593.000000 0.454149
2594.000000 0.318742
2595.000000 0.196101
2596.000000 0.481421
2597.000000 0.382685
2598.000000 0.195096
2599.000000 0.445298
2600.000000 0.441866
2601.000000 0.267927
2602.000000 0.246489
2603.000000 0.152723
2604.000000 0.526777
2605.000000 0.245505
2606.000000 0.510657
2607.000000 0.810952
2608.000000 0.825762
2609.000000 0.851506
2610.000000 0.851971
2611.000000 0.819090
2612.000000 0.875337
2613.000000 0.833419
2614.000000 0.803953
2615.000000 0.818630
2616.000000 0.840705
2617.000000 0.856153
2618.000000 0.846490
2619.000000 0.821628
2620.000000 0.841979
2621.000000 0.862717
2622.000000 0.883488
2623.000000 0.837598
2624.000000 0.855339
2625.000000 0.872314
2626.000000 0.864361
2627.000000 0.873840
2628.000000 0.861490
2629.000000 0.826333
2630.000000 0.846561
2631.000000 0.878574
2632.000000 0.887234
2633.000000 0.905149
2634.000000 0.909355
2635.000000 0.867596
2636.000000 0.848938
2637.000000 0.867930
2638.000000 0.833679
2639.000000 0.896069
2640.000000 0.860713
2641.000000 0.478562
2642.000000 0.401930
2643.000000 0.438686
2644.000000 0.384317
2645.000000 0.542819
2646.000000 0.324508
2647.000000 0.412433
2648.000000 0.346266
2649.000000 0.408636
2650.000000 0.239450
2651.000000 0.339301
2652.000000 0.454431
2653.000000 0.633344
2654.000000 0.708444
2655.000000 0.760459
2656.000000 0.752184
2657.000000 0.786080
2658.000000 0.809697
2659.000000 0.840915
2660.000000 0.805015
2661.000000 0.837361
2662.000000 0.795610
2663.000000 0.782775
2664.000000 0.818887
2665.000000 0.885275
2666.000000 0.844884
2667.000000 0.858574
2668.000000 0.830595
2669.000000 0.865531
2670.000000 0.895983
2671.000000 0.900995
2672.000000 0.894804
2673.000000 0.930909
2674.000000 0.934962
2675.000000 0.931251
2676.000000 0.867332
2677.000000 0.916116
2678.000000 0.910488
2679.000000 0.901273
2680.000000 0.919725
2681.000000 0.914491
2682.000000 0.915962
2683.000000 0.908285
2684.000000 0.948089
2685.000000 0.897043
2686.000000 0.861620
2687.000000 0.849111
2688.000000 0.601461
2689.000000 0.458434
2690.000000 0.574242
2691.000000 0.889778
2692.000000 0.892638
2693.000000 0.893779
2694.000000 0.894036
2695.000000 0.933803
2696.000000 0.899095
2697.000000 0.909165
2698.000000 0.908348
2699.000000 0.907277
2700.000000 0.899766
2701.000000 0.927558
2702.000000 0.920533
2703.000000 0.910940
2704.000000 0.910639
2705.000000 0.905691
2706.000000 0.911701
2707.000000 0.906336
2708.000000 0.871157
2709.000000 0.892427
2710.000000 0.903847
2711.000000 0.846190
2712.000000 0.874746
2713.000000 0.860585
2714.000000 0.893390
2715.000000 0.850203
2716.000000 0.897272
2717.000000 0.921119
2718.000000 0.823282
2719.000000 0.754048
2720.000000 0.868776
2721.000000 0.763523
2722.000000 0.534009
2723.000000 0.623149
2724.000000 0.451547
2725.000000 0.493979
2726.000000 0.790045
2727.000000 0.834494
2728.000000 0.882890
2729.000000 0.870536
2730.000000 0.878599
2731.000000 0.850530
2732.000000 0.900875
2733.000000 0.921071
2734.000000 0.942284
2735.000000 0.906140
2736.000000 0.913718
2737.000000 0.929809
2738.000000 0.926392
2739.000000 0.869065
2740.000000 0.953542
2741.000000 0.904239
2742.000000 0.935948
2743.000000 0.834700
2744.000000 0.903377
2745.000000 0.937000
2746.000000 0.925854
2747.000000 0.883663
2748.000000 0.923023
2749.000000 0.923690
2750.000000 0.850751
2751.000000 0.898237
2752.000000 0.916258
2753.000000 0.880239
2754.000000 0.913074
2755.000000 0.912891
2756.000000 0.861278
2757.000000 0.806775
2758.000000 0.884751
2759.000000 0.677542
2760.000000 0.452089
2761.000000 0.380844
2762.000000 0.599407
2763.000000 0.530531
2764.000000 0.452203
2765.000000 0.474823
2766.000000 0.280404
2767.000000 0.490979
2768.000000 0.451533
2769.000000 0.305853
2770.000000 0.347502
2771.000000 0.384105
2772.000000 0.096791
2773.000000 0.726588
2774.000000 0.129971
2775.000000 0.502807
2776.000000 0.616257
2777.000000 0.751103
2778.000000 0.802345
2779.000000 0.801004
2780.000000 0.808634
2781.000000 0.820251
2782.000000 0.855289
2783.000000 0.861662
2784.000000 0.905894
2785.000000 0.906878
2786.000000 0.917569
2787.000000 0.910288
2788.000000 0.905291
2789.000000 0.921981
2790.000000 0.904490
2791.000000 0.890966
2792.000000 0.877425
2793.000000 0.922154
2794.000000 0.913695
2795.000000 0.916794
2796.000000 0.915787
2797.000000 0.892254
2798.000000 0.875571
2799.000000 0.916325
2800.000000 0.940517
2801.000000 0.882427
2802.000000 0.908101
2803.000000 0.921382
2804.000000 0.902660
2805.000000 0.927335
2806.000000 0.912975
2807.000000 0.911043
2808.000000 0.915231
2809.000000 0.921080
2810.000000 0.850429
2811.000000 0.678976
2812.000000 0.532861
2813.000000 0.553643
2814.000000 0.871721
2815.000000 0.884602
2816.000000 0.918032
2817.000000 0.892576
2818.000000 0.906015
2819.000000 0.895256
2820.000000 0.900528
2821.000000 0.928661
2822.000000 0.924415
2823.000000 0.916877
2824.000000 0.908866
2825.000000 0.928412
2826.000000 0.922495
2827.000000 0.890009
2828.000000 0.908136
2829.000000 0.912015
2830.000000 0.925260
2831.000000 0.889016
2832.000000 0.879157
2833.000000 0.883001
2834.000000 0.887994
2835.000000 0.891060
2836.000000 0.874888
2837.000000 0.589514
2838.000000 0.658526
2839.000000 0.628061
2840.000000 0.574878
2841.000000 0.457204
2842.000000 0.671789
2843.000000 0.836220
2844.000000 0.864397
2845.000000 0.889659
2846.000000 0.909951
2847.000000 0.879573
2848.000000 0.857367
2849.000000 0.910040
2850.000000 0.869346
2851.000000 0.918228
2852.000000 0.917077
2853.000000 0.908030
2854.000000 0.888515
2855.000000 0.917510
2856.000000 0.897365
2857.000000 0.894981
2858.000000 0.910313
2859.000000 0.928850
2860.000000 0.904732
2861.000000 0.918483
2862.000000 0.911292
2863.000000 0.883065
2864.000000 0.885150
2865.000000 0.885295
2866.000000 0.913188
2867.000000 0.922964
2868.000000 0.904041
2869.000000 0.885658
2870.000000 0.874015
2871.000000 0.814932
2872.000000 0.894350
2873.000000 0.832129
2874.000000 0.687274
2875.000000 0.580135
2876.000000 0.751989
2877.000000 0.910628
2878.000000 0.875642
2879.000000 0.906594
2880.000000 0.919816
2881.000000 0.875378
2882.000000 0.924950
2883.000000 0.904581
2884.000000 0.893849
2885.000000 0.934391
2886.000000 0.915124
2887.000000 0.935205
2888.000000 0.871196
2889.000000 0.864176
2890.000000 0.898421
2891.000000 0.892248
2892.000000 0.913014
2893.000000 0.905606
2894.000000 0.899984
2895.000000 0.927546
2896.000000 0.927519
2897.000000 0.901719
2898.000000 0.905107
2899.000000 0.904038
2900.000000 0.887446
2901.000000 0.907876
2902.000000 0.907062
2903.000000 0.866557
2904.000000 0.870044
2905.000000 0.928703
2906.000000 0.829328
2907.000000 0.638523
2908.000000 0.656974
2909.000000 0.573813
2910.000000 0.741244
2911.000000 0.781750
2912.000000 0.842883
2913.000000 0.914704
2914.000000 0.916302
2915.000000 0.885012
2916.000000 0.922399
2917.000000 0.919563
2918.000000 0.895583
2919.000000 0.895772
2920.000000 0.906820
2921.000000 0.894197
2922.000000 0.885309
2923.000000 0.874524
2924.000000 0.913020
2925.000000 0.918682
2926.000000 0.925558
2927.000000 0.933938
2928.000000 0.907227
2929.000000 0.903206
2930.000000 0.888164
2931.000000 0.883328
2932.000000 0.909256
2933.000000 0.914160
2934.000000 0.915856
2935.000000 0.912226
2936.000000 0.920026
2937.000000 0.870888
2938.000000 0.705086
2939.000000 0.695888
2940.000000 0.604095
2941.000000 0.638143
2942.000000 0.565162
2943.000000 0.304860
2944.000000 0.510355
2945.000000 0.420403
2946.000000 0.423217
2947.000000 0.270561
2948.000000 0.262403
2949.000000 0.435991
2950.000000 0.264825
2951.000000 0.449992
2952.000000 0.055132
2953.000000 0.694458
2954.000000 0.252645
2955.000000 0.523907
2956.000000 0.090537
2957.000000 0.643942
2958.000000 0.154204
2959.000000 0.341496
2960.000000 0.416664
2961.000000 0.254924
2962.000000 0.409928
2963.000000 0.446542
2964.000000 0.299085
2965.000000 0.559081
2966.000000 0.332585
2967.000000 0.850644
2968.000000 0.837613
2969.000000 0.852985
2970.000000 0.830594
2971.000000 0.819967
2972.000000 0.820684
2973.000000 0.870110
2974.000000 0.870266
2975.000000 0.852325
2976.000000 0.871409
2977.000000 0.833399
2978.000000 0.862842
2979.000000 0.902668
2980.000000 0.892330
2981.000000 0.902047
2982.000000 0.880422
2983.000000 0.920415
2984.000000 0.908869
2985.000000 0.906226
2986.000000 0.906275
2987.000000 0.888926
2988.000000 0.889155
2989.000000 0.896366
2990.000000 0.890607
2991.000000 0.922045
2992.000000 0.893163
2993.000000 0.910723
2994.000000 0.893102
2995.000000 0.916012
2996.000000 0.914078
2997.000000 0.907286
2998.000000 0.916894
2999.000000 0.893881
3000.000000 0.933587
