0.000000 0.122271
1.000000 0.104990
2.000000 0.058563
3.000000 0.197833
4.000000 0.065636
5.000000 0.038824
6.000000 0.024459
7.000000 0.044700
8.000000 0.095308
9.000000 0.063154
10.000000 0.039475
11.000000 0.003177
12.000000 0.067314
13.000000 0.111483
14.000000 0.067928
15.000000 0.104666
16.000000 0.063098
17.000000 0.095317
18.000000 0.022016
19.000000 0.079219
20.000000 0.035248
21.000000 0.039677
22.000000 0.058232
23.000000 0.071347
24.000000 0.075094
25.000000 0.113933
26.000000 0.056046
27.000000 0.077485
28.000000 0.077913
29.000000 0.063116
30.000000 0.091841
31.000000 0.087873
32.000000 0.052252
33.000000 0.029507
34.000000 0.107523
35.000000 0.119904
36.000000 0.107571
37.000000 0.043239
38.000000 0.089994
39.000000 0.093620
40.000000 0.038103
41.000000 0.055228
42.000000 0.086047
43.000000 0.101525
44.000000 0.033032
45.000000 0.050780
46.000000 0.076363
47.000000 0.010188
48.000000 0.192688
49.000000 0.019126
50.000000 0.099151
51.000000 0.057455
52.000000 0.026427
53.000000 0.064945
54.000000 0.038258
55.000000 0.118560
56.000000 0.059303
57.000000 0.092322
58.000000 0.082460
59.000000 0.039691
60.000000 0.035373
61.000000 0.071832
62.000000 0.129734
63.000000 0.097975
64.000000 0.040681
65.000000 0.064790
66.000000 0.065638
67.000000 0.084612
68.000000 0.039527
69.000000 0.045552
70.000000 0.092440
71.000000 0.088492
72.000000 0.093007
73.000000 0.101470
74.000000 0.096919
75.000000 0.091778
76.000000 0.053911
77.000000 0.052670
78.000000 0.071465
79.000000 0.056829
80.000000 0.044083
81.000000 0.072974
82.000000 0.045079
83.000000 0.066579
84.000000 0.066326
85.000000 0.046187
86.000000 0.108449
87.000000 0.069735
88.000000 0.037799
89.000000 0.046217
90.000000 0.094608
91.000000 0.132920
92.000000 0.136134
93.000000 0.026271
94.000000 0.077213
95.000000 0.057450
96.000000 0.066794
97.000000 0.030206
98.000000 0.028314
99.000000 0.034920
100.000000 0.036112
101.000000 0.097094
102.000000 0.145782
103.000000 0.052455
104.000000 0.022712
105.000000 0.135556
106.000000 0.069223
107.000000 0.086295
108.000000 0.049193
109.000000 0.030585
110.000000 0.033239
111.000000 0.014730
112.000000 0.067507
113.000000 0.084551
114.000000 0.058052
115.000000 0.037614
116.000000 0.087573
117.000000 0.017641
118.000000 0.094856
119.000000 0.046245
120.000000 0.050515
121.000000 0.054133
122.000000 0.055237
123.000000 0.037031
124.000000 0.067093
125.000000 0.059774
126.000000 0.076902
127.000000 0.167417
128.000000 0.099491
129.000000 0.037850
130.000000 0.036378
131.000000 0.056195
132.000000 0.063191
133.000000 0.013837
134.000000 0.052610
135.000000 0.082296
136.000000 0.048542
137.000000 0.097286
138.000000 0.043582
139.000000 0.068943
140.000000 0.091630
141.000000 0.076984
142.000000 0.089568
143.000000 0.172230
144.000000 0.050211
145.000000 0.101447
146.000000 0.071473
147.000000 0.031964
148.000000 0.018136
149.000000 0.092280
150.000000 0.012158
151.000000 0.023708
152.000000 0.104463
153.000000 0.043756
154.000000 0.019614
155.000000 0.021349
156.000000 0.042549
157.000000 0.081936
158.000000 0.092096
159.000000 0.061073
160.000000 0.108632
161.000000 0.165039
162.000000 0.071514
163.000000 0.043285
164.000000 0.037069
165.000000 0.088257
166.000000 0.027137
167.000000 0.020923
168.000000 0.059424
169.000000 0.062732
170.000000 0.094117
171.000000 0.085743
172.000000 0.069912
173.000000 0.061914
174.000000 0.074252
175.000000 0.012580
176.000000 0.135068
177.000000 0.049021
178.000000 0.109446
179.000000 0.016269
180.000000 0.066251
181.000000 0.123404
182.000000 0.072110
183.000000 0.048599
184.000000 0.096169
185.000000 0.124556
186.000000 0.064481
187.000000 0.089589
188.000000 0.049864
189.000000 0.013818
190.000000 0.060413
191.000000 0.088985
192.000000 0.085326
193.000000 0.005688
194.000000 0.047414
195.000000 0.080228
196.000000 0.098128
197.000000 0.095252
198.000000 0.052135
199.000000 0.069483
200.000000 0.039942
201.000000 0.089792
202.000000 0.083890
203.000000 0.060388
204.000000 0.019924
205.000000 0.076805
206.000000 0.094490
207.000000 0.030635
208.000000 0.012984
209.000000 0.084077
210.000000 0.057655
211.000000 0.028980
212.000000 0.077350
213.000000 0.030696
214.000000 0.070001
215.000000 0.149591
216.000000 0.077634
217.000000 0.056465
218.000000 0.112831
219.000000 0.123356
220.000000 0.103185
221.000000 0.032416
222.000000 0.074436
223.000000 0.062033
224.000000 0.071500
225.000000 0.086208
226.000000 0.049589
227.000000 0.060139
228.000000 0.029394
229.000000 0.022152
230.000000 0.070946
231.000000 0.106474
232.000000 0.035441
233.000000 0.038343
234.000000 0.077037
235.000000 0.062389
236.000000 0.027069
237.000000 0.145467
238.000000 0.042712
239.000000 0.041331
240.000000 0.032966
241.000000 0.063677
242.000000 0.047287
243.000000 0.017885
244.000000 0.104547
245.000000 0.036361
246.000000 0.093019
247.000000 0.082308
248.000000 0.102237
249.000000 0.043595
250.000000 0.053645
251.000000 0.109260
252.000000 0.067107
253.000000 0.050899
254.000000 0.187995
255.000000 0.018474
256.000000 0.104838
257.000000 0.098450
258.000000 0.060858
259.000000 0.090838
260.000000 0.091291
261.000000 0.035526
262.000000 0.118962
263.000000 0.089481
264.000000 0.060220
265.000000 0.058102
266.000000 0.058108
267.000000 0.059690
268.000000 0.026412
269.000000 0.035672
270.000000 0.109946
271.000000 0.093877
272.000000 0.024327
273.000000 0.095336
274.000000 0.079947
275.000000 0.130792
276.000000 0.017071
277.000000 0.054945
278.000000 0.062496
279.000000 0.055111
280.000000 0.082464
281.000000 0.066979
282.000000 0.064278
283.000000 0.091597
284.000000 0.032581
285.000000 0.036241
286.000000 0.119962
287.000000 0.088453
288.000000 0.065043
289.000000 0.024188
290.000000 0.042091
291.000000 0.025956
292.000000 0.057241
293.000000 0.025885
294.000000 0.024146
295.000000 0.061524
296.000000 0.053123
297.000000 0.056609
298.000000 0.083043
299.000000 0.079935
300.000000 0.052550
301.000000 0.003310
302.000000 0.133186
303.000000 0.098554
304.000000 0.050983
305.000000 0.074843
306.000000 0.057954
307.000000 0.026487
308.000000 0.048376
309.000000 0.040161
310.000000 0.025627
311.000000 0.033728
312.000000 0.062789
313.000000 0.034430
314.000000 0.079656
315.000000 0.018650
316.000000 0.060111
317.000000 0.112252
318.000000 0.035145
319.000000 0.047818
320.000000 0.060814
321.000000 0.082851
322.000000 0.068696
323.000000 0.082646
324.000000 0.121372
325.000000 0.064573
326.000000 0.199271
327.000000 0.041389
328.000000 0.016000
329.000000 0.086959
330.000000 0.059792
331.000000 0.053374
332.000000 0.139574
333.000000 0.066605
334.000000 0.053045
335.000000 0.103470
336.000000 0.014373
337.000000 0.152959
338.000000 0.059248
339.000000 0.074131
340.000000 0.050579
341.000000 0.069356
342.000000 0.086771
343.000000 0.134471
344.000000 0.143791
345.000000 0.150615
346.000000 0.048344
347.000000 0.080911
348.000000 0.045416
349.000000 0.015965
350.000000 0.025686
351.000000 0.040445
352.000000 0.076156
353.000000 0.063023
354.000000 0.037194
355.000000 0.011081
356.000000 0.037156
357.000000 0.106968
358.000000 0.053189
359.000000 0.027242
360.000000 0.038242
361.000000 0.105729
362.000000 0.034681
363.000000 0.083891
364.000000 0.066580
365.000000 0.084596
366.000000 0.052458
367.000000 0.063633
368.000000 0.036860
369.000000 0.068772
370.000000 0.053984
371.000000 0.045062
372.000000 0.145578
373.000000 0.074047
374.000000 0.088648
375.000000 0.099567
376.000000 0.081144
377.000000 0.048126
378.000000 0.081553
379.000000 0.067553
380.000000 0.053569
381.000000 0.079348
382.000000 0.021889
383.000000 0.065565
384.000000 0.120876
385.000000 0.026638
386.000000 0.086794
387.000000 0.090487
388.000000 0.071963
389.000000 0.026285
390.000000 0.071437
391.000000 0.032902
392.000000 0.095054
393.000000 0.040010
394.000000 0.031534
395.000000 0.046020
396.000000 0.079899
397.000000 0.050574
398.000000 0.026326
399.000000 0.066912
400.000000 0.043005
401.000000 0.041629
402.000000 0.104752
403.000000 0.045138
404.000000 0.045051
405.000000 0.041956
406.000000 0.079267
407.000000 0.088064
408.000000 0.077705
409.000000 0.108155
410.000000 0.043035
411.000000 0.006201
412.000000 0.042882
413.000000 0.077362
414.000000 0.043794
415.000000 0.121748
416.000000 0.057566
417.000000 0.051617
418.000000 0.047678
419.000000 0.064185
420.000000 0.025201
421.000000 0.010505
422.000000 0.045840
423.000000 0.020025
424.000000 0.135254
425.000000 0.023192
426.000000 0.071859
427.000000 0.098638
428.000000 0.102463
429.000000 0.040618
430.000000 0.082455
431.000000 0.103799
432.000000 0.106335
433.000000 0.038668
434.000000 0.044849
435.000000 0.042641
436.000000 0.090385
437.000000 0.050790
438.000000 0.096775
439.000000 0.082049
440.000000 0.080126
441.000000 0.158748
442.000000 0.066373
443.000000 0.122718
444.000000 0.065928
445.000000 0.039648
446.000000 0.088581
447.000000 0.078546
448.000000 0.052173
449.000000 0.098360
450.000000 0.056931
451.000000 0.076816
452.000000 0.031629
453.000000 0.073919
454.000000 0.046675
455.000000 0.031685
456.000000 0.071512
457.000000 0.101263
458.000000 0.050946
459.000000 0.041847
460.000000 0.115012
461.000000 0.066147
462.000000 0.036599
463.000000 0.093459
464.000000 0.138021
465.000000 0.017303
466.000000 0.065915
467.000000 0.033700
468.000000 0.021846
469.000000 0.069692
470.000000 0.055430
471.000000 0.064754
472.000000 0.098308
473.000000 0.076442
474.000000 0.051286
475.000000 0.058280
476.000000 0.022418
477.000000 0.091440
478.000000 0.060936
479.000000 0.034048
480.000000 0.039023
481.000000 0.063956
482.000000 0.055259
483.000000 0.043845
484.000000 0.026613
485.000000 0.055682
486.000000 0.004087
487.000000 0.076060
488.000000 0.080775
489.000000 0.042710
490.000000 0.029664
491.000000 0.044917
492.000000 0.066997
493.000000 0.080426
494.000000 0.054229
495.000000 0.023082
496.000000 0.126354
497.000000 0.074732
498.000000 0.048483
499.000000 0.034692
500.000000 0.017162
501.000000 0.035216
502.000000 0.064432
503.000000 0.086434
504.000000 0.036679
505.000000 0.093897
506.000000 0.070799
507.000000 0.017828
508.000000 0.034210
509.000000 0.036919
510.000000 0.056831
511.000000 0.114684
512.000000 0.069271
513.000000 0.066923
514.000000 0.018387
515.000000 0.144373
516.000000 0.129734
517.000000 0.079519
518.000000 0.060923
519.000000 0.052404
520.000000 0.044359
521.000000 0.016777
522.000000 0.073657
523.000000 0.086013
524.000000 0.087435
525.000000 0.025818
526.000000 0.036288
527.000000 0.061968
528.000000 0.036825
529.000000 0.064208
530.000000 0.057647
531.000000 0.071370
532.000000 0.074600
533.000000 0.045131
534.000000 0.058074
535.000000 0.066963
536.000000 0.059978
537.000000 0.074438
538.000000 0.099921
539.000000 0.041253
540.000000 0.036103
541.000000 0.035262
542.000000 0.014407
543.000000 0.069801
544.000000 0.068212
545.000000 0.016609
546.000000 0.159607
547.000000 0.080864
548.000000 0.082214
549.000000 0.087035
550.000000 0.085593
551.000000 0.067655
552.000000 0.145364
553.000000 0.018263
554.000000 0.139997
555.000000 0.031345
556.000000 0.068364
557.000000 0.045722
558.000000 0.047445
559.000000 0.053366
560.000000 0.032431
561.000000 0.033098
562.000000 0.058630
563.000000 0.099057
564.000000 0.040463
565.000000 0.078405
566.000000 0.066174
567.000000 0.066156
568.000000 0.030271
569.000000 0.132894
570.000000 0.093592
571.000000 0.060310
572.000000 0.072327
573.000000 0.083883
574.000000 0.049093
575.000000 0.103776
576.000000 0.051355
577.000000 0.037209
578.000000 0.044226
579.000000 0.036026
580.000000 0.050416
581.000000 0.041379
582.000000 0.060030
583.000000 0.019747
584.000000 0.138610
585.000000 0.115422
586.000000 0.005030
587.000000 0.092980
588.000000 0.094988
589.000000 0.094554
590.000000 0.050224
591.000000 0.029121
592.000000 0.038867
593.000000 0.141917
594.000000 0.034321
595.000000 0.029131
596.000000 0.081769
597.000000 0.051411
598.000000 0.023019
599.000000 0.065005
600.000000 0.082616
601.000000 0.022955
602.000000 0.068304
603.000000 0.125642
604.000000 0.044342
605.000000 0.102129
606.000000 0.032891
607.000000 0.099310
608.000000 0.090422
609.000000 0.038470
610.000000 0.077338
611.000000 0.081519
612.000000 0.030882
613.000000 0.057066
614.000000 0.132297
615.000000 0.044157
616.000000 0.066161
617.000000 0.022725
618.000000 0.062203
619.000000 0.036233
620.000000 0.104484
621.000000 0.064005
622.000000 0.077085
623.000000 0.065798
624.000000 0.054564
625.000000 0.057027
626.000000 0.091163
627.000000 0.031677
628.000000 0.064777
629.000000 0.039478
630.000000 0.147969
631.000000 0.075973
632.000000 0.026122
633.000000 0.033866
634.000000 0.097771
635.000000 0.055690
636.000000 0.040843
637.000000 0.027817
638.000000 0.104466
639.000000 0.067155
640.000000 0.119226
641.000000 0.064593
642.000000 0.100781
643.000000 0.025187
644.000000 0.063826
645.000000 0.088447
646.000000 0.095421
647.000000 0.052745
648.000000 0.008745
649.000000 0.114502
650.000000 0.052587
651.000000 0.086167
652.000000 0.050343
653.000000 0.024663
654.000000 0.048773
655.000000 0.038371
656.000000 0.032990
657.000000 0.077793
658.000000 0.037485
659.000000 0.080748
660.000000 0.045592
661.000000 0.123339
662.000000 0.114660
663.000000 0.054754
664.000000 0.016216
665.000000 0.060966
666.000000 0.071290
667.000000 0.026112
668.000000 0.058449
669.000000 0.058952
670.000000 0.049640
671.000000 0.037053
672.000000 0.094269
673.000000 0.095681
674.000000 0.020137
675.000000 0.058164
676.000000 0.208323
677.000000 0.037842
678.000000 0.064852
679.000000 0.033437
680.000000 0.054292
681.000000 0.038071
682.000000 0.074762
683.000000 0.084266
684.000000 0.098314
685.000000 0.025439
686.000000 0.063393
687.000000 0.105684
688.000000 0.045737
689.000000 0.111349
690.000000 0.036887
691.000000 0.059923
692.000000 0.035641
693.000000 0.072566
694.000000 0.036407
695.000000 0.084546
696.000000 0.041778
697.000000 0.120616
698.000000 0.023262
699.000000 0.077429
700.000000 0.114514
701.000000 0.048030
702.000000 0.014413
703.000000 0.046477
704.000000 0.047949
705.000000 0.042238
706.000000 0.047590
707.000000 0.130783
708.000000 0.026779
709.000000 0.101390
710.000000 0.016832
711.000000 0.084864
712.000000 0.067296
713.000000 0.060314
714.000000 0.133014
715.000000 0.049420
716.000000 0.038860
717.000000 0.085812
718.000000 0.018083
719.000000 0.028545
720.000000 0.076419
721.000000 0.008940
722.000000 0.034862
723.000000 0.103858
724.000000 0.081118
725.000000 0.068744
726.000000 0.017978
727.000000 0.082244
728.000000 0.052630
729.000000 0.060855
730.000000 0.071323
731.000000 0.042733
732.000000 0.070110
733.000000 0.049034
734.000000 0.127930
735.000000 0.073268
736.000000 0.052102
737.000000 0.086776
738.000000 0.034898
739.000000 0.029913
740.000000 0.032240
741.000000 0.076413
742.000000 0.035502
743.000000 0.045380
744.000000 0.059594
745.000000 0.030686
746.000000 0.054601
747.000000 0.047197
748.000000 0.008898
749.000000 0.101114
750.000000 0.080469
751.000000 0.130802
752.000000 0.039453
753.000000 0.061058
754.000000 0.068251
755.000000 0.114921
756.000000 0.054046
757.000000 0.056806
758.000000 0.046301
759.000000 0.075978
760.000000 0.060680
761.000000 0.042142
762.000000 0.073084
763.000000 0.070070
764.000000 0.044901
765.000000 0.095701
766.000000 0.023210
767.000000 0.067901
768.000000 0.059990
769.000000 0.072716
770.000000 0.139934
771.000000 0.065227
772.000000 0.014388
773.000000 0.029680
774.000000 0.004155
775.000000 0.044505
776.000000 0.054681
777.000000 0.049005
778.000000 0.072219
779.000000 0.035271
780.000000 0.048297
781.000000 0.007194
782.000000 0.049417
783.000000 0.052219
784.000000 0.159933
785.000000 0.101102
786.000000 0.038952
787.000000 0.083269
788.000000 0.029026
789.000000 0.097957
790.000000 0.035649
791.000000 0.081893
792.000000 0.113781
793.000000 0.132795
794.000000 0.074135
795.000000 0.016505
796.000000 0.039564
797.000000 0.060714
798.000000 0.058252
799.000000 0.041513
800.000000 0.089286
801.000000 0.048096
802.000000 0.093784
803.000000 0.033559
804.000000 0.021924
805.000000 0.064480
806.000000 0.053629
807.000000 0.039062
808.000000 0.052652
809.000000 0.029611
810.000000 0.056564
811.000000 0.047234
812.000000 0.119825
813.000000 0.015913
814.000000 0.037237
815.000000 0.123449
816.000000 0.100830
817.000000 0.096411
818.000000 0.006772
819.000000 0.050645
820.000000 0.017291
821.000000 0.059203
822.000000 0.037787
823.000000 0.047384
824.000000 0.077893
825.000000 0.034323
826.000000 0.073376
827.000000 0.072247
828.000000 0.113842
829.000000 0.031330
830.000000 0.101163
831.000000 0.060189
832.000000 0.065154
833.000000 0.134982
834.000000 0.059492
835.000000 0.097687
836.000000 0.059326
837.000000 0.030939
838.000000 0.076938
839.000000 0.107963
840.000000 0.058922
841.000000 0.040098
842.000000 0.117876
843.000000 0.074204
844.000000 0.100840
845.000000 0.030924
846.000000 0.092059
847.000000 0.098701
848.000000 0.071877
849.000000 0.009230
850.000000 0.017644
851.000000 0.064712
852.000000 0.067949
853.000000 0.038586
854.000000 0.015241
855.000000 0.059542
856.000000 0.094984
857.000000 0.070315
858.000000 0.105298
859.000000 0.080306
860.000000 0.053647
861.000000 0.089954
862.000000 0.106177
863.000000 0.075690
864.000000 0.083560
865.000000 0.008704
866.000000 0.004816
867.000000 0.032141
868.000000 0.070206
869.000000 0.044895
870.000000 0.065533
871.000000 0.087565
872.000000 0.021151
873.000000 0.038144
874.000000 0.018424
875.000000 0.040130
876.000000 0.025731
877.000000 0.045791
878.000000 0.024374
879.000000 0.090991
880.000000 0.045257
881.000000 0.064953
882.000000 0.072057
883.000000 0.096702
884.000000 0.023065
885.000000 0.050968
886.000000 0.072744
887.000000 0.021537
888.000000 0.046538
889.000000 0.003027
890.000000 0.140721
891.000000 0.118145
892.000000 0.073586
893.000000 0.002237
894.000000 0.017039
895.000000 0.137253
896.000000 0.071155
897.000000 0.124530
898.000000 0.037729
899.000000 0.087220
900.000000 0.061655
901.000000 0.101545
902.000000 0.072763
903.000000 0.018817
904.000000 0.071319
905.000000 0.024474
906.000000 0.055484
907.000000 0.047668
908.000000 0.026979
909.000000 0.108451
910.000000 0.082150
911.000000 0.099615
912.000000 0.046105
913.000000 0.105921
914.000000 0.051213
915.000000 0.089360
916.000000 0.116833
917.000000 0.026257
918.000000 0.063682
919.000000 0.061520
920.000000 0.016896
921.000000 0.073992
922.000000 0.049395
923.000000 0.075380
924.000000 0.093783
925.000000 0.074509
926.000000 0.123199
927.000000 0.101993
928.000000 0.052923
929.000000 0.059471
930.000000 0.122979
931.000000 0.057399
932.000000 0.021225
933.000000 0.041834
934.000000 0.023724
935.000000 0.063587
936.000000 0.073668
937.000000 0.058141
938.000000 0.014252
939.000000 0.058370
940.000000 0.068491
941.000000 0.185625
942.000000 0.041284
943.000000 0.044542
944.000000 0.049947
945.000000 0.050823
946.000000 0.072811
947.000000 0.041600
948.000000 0.063642
949.000000 0.119493
950.000000 0.083585
951.000000 0.059366
952.000000 0.056004
953.000000 0.075022
954.000000 0.055258
955.000000 0.138497
956.000000 0.023324
957.000000 0.052955
958.000000 0.044728
959.000000 0.069115
960.000000 0.040187
961.000000 0.062093
962.000000 0.055328
963.000000 0.051858
964.000000 0.071317
965.000000 0.050261
966.000000 0.062869
967.000000 0.050896
968.000000 0.051000
969.000000 0.103917
970.000000 0.029274
971.000000 0.053151
972.000000 0.102642
973.000000 0.044304
974.000000 0.039263
975.000000 0.084870
976.000000 0.042987
977.000000 0.017952
978.000000 0.098151
979.000000 0.115357
980.000000 0.092196
981.000000 0.097361
982.000000 0.087582
983.000000 0.049294
984.000000 0.056079
985.000000 0.019468
986.000000 0.037492
987.000000 0.027467
988.000000 0.064548
989.000000 0.066089
990.000000 0.103167
991.000000 0.016083
992.000000 0.048114
993.000000 0.066706
994.000000 0.052408
995.000000 0.043473
996.000000 0.025607
997.000000 0.028691
998.000000 0.031986
999.000000 0.089025
1000.000000 0.006251
1001.000000 0.056203
1002.000000 0.058293
1003.000000 0.045825
1004.000000 0.045292
1005.000000 0.072069
1006.000000 0.066767
1007.000000 0.041142
1008.000000 0.089474
1009.000000 0.074587
1010.000000 0.039145
1011.000000 0.095895
1012.000000 0.062863
1013.000000 0.047986
1014.000000 0.038458
1015.000000 0.055194
1016.000000 0.033216
1017.000000 0.073968
1018.000000 0.110639
1019.000000 0.008452
1020.000000 0.143187
1021.000000 0.025563
1022.000000 0.124357
1023.000000 0.033375
1024.000000 0.053941
1025.000000 0.073545
1026.000000 0.052874
1027.000000 0.062342
1028.000000 0.081973
1029.000000 0.039703
1030.000000 0.045530
1031.000000 0.046721
1032.000000 0.133797
1033.000000 0.067300
1034.000000 0.024494
1035.000000 0.063954
1036.000000 0.100427
1037.000000 0.051661
1038.000000 0.070852
1039.000000 0.050961
1040.000000 0.189938
1041.000000 0.082037
1042.000000 0.031750
1043.000000 0.038212
1044.000000 0.162557
1045.000000 0.078792
1046.000000 0.056568
1047.000000 0.096279
1048.000000 0.040407
1049.000000 0.097430
1050.000000 0.089759
1051.000000 0.060846
1052.000000 0.035944
1053.000000 0.060774
1054.000000 0.049460
1055.000000 0.080314
1056.000000 0.065887
1057.000000 0.086718
1058.000000 0.051657
1059.000000 0.063507
1060.000000 0.051890
1061.000000 0.037263
1062.000000 0.061219
1063.000000 0.063157
1064.000000 0.050598
1065.000000 0.084990
1066.000000 0.046344
1067.000000 0.081029
1068.000000 0.083445
1069.000000 0.102873
1070.000000 0.054554
1071.000000 0.075684
1072.000000 0.021182
1073.000000 0.049537
1074.000000 0.061427
1075.000000 0.018378
1076.000000 0.091503
1077.000000 0.035965
1078.000000 0.024928
1079.000000 0.084498
1080.000000 0.025643
1081.000000 0.043410
1082.000000 0.026921
1083.000000 0.116415
1084.000000 0.063216
1085.000000 0.094019
1086.000000 0.064699
1087.000000 0.108942
1088.000000 0.077224
1089.000000 0.083404
1090.000000 0.156412
1091.000000 0.001008
1092.000000 0.029183
1093.000000 0.059754
1094.000000 0.086341
1095.000000 0.071022
1096.000000 0.097863
1097.000000 0.054635
1098.000000 0.148964
1099.000000 0.098316
1100.000000 0.032651
1101.000000 0.023245
1102.000000 0.061881
1103.000000 0.100832
1104.000000 0.045781
1105.000000 0.016936
1106.000000 0.034883
1107.000000 0.051216
1108.000000 0.080888
1109.000000 0.032051
1110.000000 0.054567
1111.000000 0.059960
1112.000000 0.104368
1113.000000 0.095842
1114.000000 0.095649
1115.000000 0.035725
1116.000000 0.067322
1117.000000 0.073920
1118.000000 0.083394
1119.000000 0.040961
1120.000000 0.031840
1121.000000 0.127572
1122.000000 0.026250
1123.000000 0.111073
1124.000000 0.023508
1125.000000 0.008519
1126.000000 0.061198
1127.000000 0.083231
1128.000000 0.025461
1129.000000 0.085315
1130.000000 0.019896
1131.000000 0.085998
1132.000000 0.025152
1133.000000 0.027289
1134.000000 0.094633
1135.000000 0.045604
1136.000000 0.071283
1137.000000 0.071980
1138.000000 0.101802
1139.000000 0.018807
1140.000000 0.085141
1141.000000 0.087473
1142.000000 0.090708
1143.000000 0.078121
1144.000000 0.124455
1145.000000 0.025575
1146.000000 0.102213
1147.000000 0.127068
1148.000000 0.074205
1149.000000 0.096848
1150.000000 0.109580
1151.000000 0.082279
1152.000000 0.061456
1153.000000 0.064050
1154.000000 0.079234
1155.000000 0.098536
1156.000000 0.045782
1157.000000 0.055710
1158.000000 0.154787
1159.000000 0.037968
1160.000000 0.079796
1161.000000 0.036368
1162.000000 0.096494
1163.000000 0.069995
1164.000000 0.044424
1165.000000 0.098119
1166.000000 0.024902
1167.000000 0.063140
1168.000000 0.036813
1169.000000 0.057897
1170.000000 0.154514
1171.000000 0.037340
1172.000000 0.122512
1173.000000 0.024816
1174.000000 0.117707
1175.000000 0.080629
1176.000000 0.069448
1177.000000 0.070669
1178.000000 0.077694
1179.000000 0.066719
1180.000000 0.069371
1181.000000 0.028156
1182.000000 0.082926
1183.000000 0.027870
1184.000000 0.042494
1185.000000 0.076626
1186.000000 0.157254
1187.000000 0.064678
1188.000000 0.072312
1189.000000 0.105251
1190.000000 0.036062
1191.000000 0.070547
1192.000000 0.007380
1193.000000 0.051868
1194.000000 0.060456
1195.000000 0.085263
1196.000000 0.085311
1197.000000 0.136241
1198.000000 0.135720
1199.000000 0.025657
1200.000000 0.011036
1201.000000 0.081912
1202.000000 0.066313
1203.000000 0.095911
1204.000000 0.094845
1205.000000 0.064598
1206.000000 0.099377
1207.000000 0.048091
1208.000000 0.070322
1209.000000 0.030501
1210.000000 0.053278
1211.000000 0.066537
1212.000000 0.020555
1213.000000 0.068776
1214.000000 0.060941
1215.000000 0.046805
1216.000000 0.051015
1217.000000 0.080850
1218.000000 0.076742
1219.000000 0.067294
1220.000000 0.091065
1221.000000 0.045942
1222.000000 0.039146
1223.000000 0.038354
1224.000000 0.045925
1225.000000 0.028385
1226.000000 0.040472
1227.000000 0.089400
1228.000000 0.081920
1229.000000 0.108186
1230.000000 0.063879
1231.000000 0.055555
1232.000000 0.075968
1233.000000 0.117255
1234.000000 0.078803
1235.000000 0.066200
1236.000000 0.024767
1237.000000 0.040694
1238.000000 0.082671
1239.000000 0.021383
1240.000000 0.085916
1241.000000 0.082422
1242.000000 0.041008
1243.000000 0.027323
1244.000000 0.149674
1245.000000 0.096281
1246.000000 0.033154
1247.000000 0.040608
1248.000000 0.101679
1249.000000 0.059268
1250.000000 0.142679
1251.000000 0.094173
1252.000000 0.032184
1253.000000 0.025874
1254.000000 0.045630
1255.000000 0.083401
1256.000000 0.105167
1257.000000 0.049046
1258.000000 0.045480
1259.000000 0.026039
1260.000000 0.097715
1261.000000 0.105523
1262.000000 0.023674
1263.000000 0.058997
1264.000000 0.104263
1265.000000 0.058602
1266.000000 0.011809
1267.000000 0.102203
1268.000000 0.100100
1269.000000 0.183730
1270.000000 0.049464
1271.000000 0.023990
1272.000000 0.059157
1273.000000 0.041214
1274.000000 0.038960
1275.000000 0.029448
1276.000000 0.131664
1277.000000 0.078055
1278.000000 0.052037
1279.000000 0.115712
1280.000000 0.057550
1281.000000 0.081658
1282.000000 0.089413
1283.000000 0.037124
1284.000000 0.088636
1285.000000 0.091489
1286.000000 0.108267
1287.000000 0.061426
1288.000000 0.054185
1289.000000 0.099371
1290.000000 0.041989
1291.000000 0.072026
1292.000000 0.050602
1293.000000 0.011969
1294.000000 0.082764
1295.000000 0.064316
1296.000000 0.064447
1297.000000 0.114036
1298.000000 0.105494
1299.000000 0.078818
1300.000000 0.117488
1301.000000 0.029423
1302.000000 0.046254
1303.000000 0.053468
1304.000000 0.031908
1305.000000 0.051735
1306.000000 0.048272
1307.000000 0.118776
1308.000000 0.085773
1309.000000 0.050234
1310.000000 0.041192
1311.000000 0.150453
1312.000000 0.075092
1313.000000 0.074729
1314.000000 0.043317
1315.000000 0.034842
1316.000000 0.056101
1317.000000 0.039745
1318.000000 0.100710
1319.000000 0.093152
1320.000000 0.031364
1321.000000 0.024847
1322.000000 0.052165
1323.000000 0.041622
1324.000000 0.110342
1325.000000 0.003180
1326.000000 0.030101
1327.000000 0.115670
1328.000000 0.030847
1329.000000 0.064401
1330.000000 0.054533
1331.000000 0.114210
1332.000000 0.092509
1333.000000 0.045767
1334.000000 0.035092
1335.000000 0.088219
1336.000000 0.099779
1337.000000 0.035680
1338.000000 0.028391
1339.000000 0.053415
1340.000000 0.094121
1341.000000 0.060256
1342.000000 0.084904
1343.000000 0.053054
1344.000000 0.085123
1345.000000 0.051985
1346.000000 0.018934
1347.000000 0.026800
1348.000000 0.122024
1349.000000 0.081566
1350.000000 0.112687
1351.000000 0.024766
1352.000000 0.057275
1353.000000 0.038367
1354.000000 0.030411
1355.000000 0.063284
1356.000000 0.010202
1357.000000 0.035112
1358.000000 0.046355
1359.000000 0.034894
1360.000000 0.042349
1361.000000 0.095141
1362.000000 0.043586
1363.000000 0.091337
1364.000000 0.068448
1365.000000 0.047867
1366.000000 0.087359
1367.000000 0.039918
1368.000000 0.035999
1369.000000 0.085273
1370.000000 0.085758
1371.000000 0.084690
1372.000000 0.043658
1373.000000 0.050967
1374.000000 0.057524
1375.000000 0.068470
1376.000000 0.058772
1377.000000 0.018266
1378.000000 0.011110
1379.000000 0.058027
1380.000000 0.085968
1381.000000 0.086751
1382.000000 0.043662
1383.000000 0.061193
1384.000000 0.034797
1385.000000 0.070219
1386.000000 0.108605
1387.000000 0.071711
1388.000000 0.067852
1389.000000 0.064463
1390.000000 0.022764
1391.000000 0.093868
1392.000000 0.078919
1393.000000 0.090900
1394.000000 0.038759
1395.000000 0.028817
1396.000000 0.052764
1397.000000 0.074630
1398.000000 0.056607
1399.000000 0.125545
1400.000000 0.151773
1401.000000 0.071362
1402.000000 0.072000
1403.000000 0.052688
1404.000000 0.052372
1405.000000 0.066756
1406.000000 0.016658
1407.000000 0.033079
1408.000000 0.077978
1409.000000 0.104359
1410.000000 0.032312
1411.000000 0.035376
1412.000000 0.033558
1413.000000 0.108640
1414.000000 0.110356
1415.000000 0.029347
1416.000000 0.007692
1417.000000 0.042295
1418.000000 0.076879
1419.000000 0.073587
1420.000000 0.063645
1421.000000 0.057249
1422.000000 0.018565
1423.000000 0.037977
1424.000000 0.024545
1425.000000 0.048500
1426.000000 0.043003
1427.000000 0.009981
1428.000000 0.014471
1429.000000 0.081218
1430.000000 0.092644
1431.000000 0.042216
1432.000000 0.055551
1433.000000 0.061220
1434.000000 0.075351
1435.000000 0.042388
1436.000000 0.063482
1437.000000 0.157207
1438.000000 0.088578
1439.000000 0.075559
1440.000000 0.092884
1441.000000 0.166060
1442.000000 0.023161
1443.000000 0.034578
1444.000000 0.105314
1445.000000 0.056806
1446.000000 0.107097
1447.000000 0.061356
1448.000000 0.048147
1449.000000 0.085452
1450.000000 0.080218
1451.000000 0.097814
1452.000000 0.018022
1453.000000 0.054079
1454.000000 0.041824
1455.000000 0.082956
1456.000000 0.070547
1457.000000 0.042817
1458.000000 0.074554
1459.000000 0.070178
1460.000000 0.006748
1461.000000 0.065521
1462.000000 0.036204
1463.000000 0.056433
1464.000000 0.059480
1465.000000 0.060812
1466.000000 0.039563
1467.000000 0.076381
1468.000000 0.036386
1469.000000 0.102783
1470.000000 0.091931
1471.000000 0.041456
1472.000000 0.062974
1473.000000 0.070345
1474.000000 0.045184
1475.000000 0.040296
1476.000000 0.115478
1477.000000 0.109554
1478.000000 0.074531
1479.000000 0.066617
1480.000000 0.080223
1481.000000 0.016067
1482.000000 0.056095
1483.000000 0.062168
1484.000000 0.067769
1485.000000 0.061800
1486.000000 0.017358
1487.000000 0.049546
1488.000000 0.053212
1489.000000 0.050253
1490.000000 0.058482
1491.000000 0.050424
1492.000000 0.152855
1493.000000 0.147803
1494.000000 0.079639
1495.000000 0.082387
1496.000000 0.085748
1497.000000 0.093750
1498.000000 0.092702
1499.000000 0.060868
1500.000000 0.096832
1501.000000 0.092792
1502.000000 0.088065
1503.000000 0.080465
1504.000000 0.035102
1505.000000 0.080139
1506.000000 0.147992
1507.000000 0.027280
1508.000000 0.065548
1509.000000 0.042451
1510.000000 0.067725
1511.000000 0.088176
1512.000000 0.099610
1513.000000 0.042723
1514.000000 0.089508
1515.000000 0.039417
1516.000000 0.132703
1517.000000 0.041051
1518.000000 0.068515
1519.000000 0.056778
1520.000000 0.035745
1521.000000 0.036984
1522.000000 0.111168
1523.000000 0.129779
1524.000000 0.057387
1525.000000 0.097501
1526.000000 0.088002
1527.000000 0.084843
1528.000000 0.145122
1529.000000 0.153987
1530.000000 0.050575
1531.000000 0.085522
1532.000000 0.008707
1533.000000 0.143782
1534.000000 0.011219
1535.000000 0.045827
1536.000000 0.055850
1537.000000 0.078069
1538.000000 0.090573
1539.000000 0.059718
1540.000000 0.118982
1541.000000 0.080876
1542.000000 0.057327
1543.000000 0.014350
1544.000000 0.074327
1545.000000 0.079231
1546.000000 0.098991
1547.000000 0.061599
1548.000000 0.032606
1549.000000 0.055804
1550.000000 0.058713
1551.000000 0.049876
1552.000000 0.067780
1553.000000 0.044004
1554.000000 0.018030
1555.000000 0.074295
1556.000000 0.112899
1557.000000 0.078252
1558.000000 0.066935
1559.000000 0.072234
1560.000000 0.014655
1561.000000 0.044546
1562.000000 0.059759
1563.000000 0.003178
1564.000000 0.024271
1565.000000 0.065448
1566.000000 0.052868
1567.000000 0.060053
1568.000000 0.095403
1569.000000 0.081633
1570.000000 0.110221
1571.000000 0.107974
1572.000000 0.036658
1573.000000 0.071207
1574.000000 0.078833
1575.000000 0.084070
1576.000000 0.047349
1577.000000 0.110396
1578.000000 0.070370
1579.000000 0.048275
1580.000000 0.040725
1581.000000 0.066255
1582.000000 0.018856
1583.000000 0.060620
1584.000000 0.050786
1585.000000 0.039584
1586.000000 0.109455
1587.000000 0.056900
1588.000000 0.010787
1589.000000 0.149682
1590.000000 0.072808
1591.000000 0.019751
1592.000000 0.115546
1593.000000 0.085676
1594.000000 0.051272
1595.000000 0.106183
1596.000000 0.086336
1597.000000 0.044782
1598.000000 0.050534
1599.000000 0.075371
1600.000000 0.019190
1601.000000 0.075884
1602.000000 0.115028
1603.000000 0.012685
1604.000000 0.071765
1605.000000 0.033531
1606.000000 0.076778
1607.000000 0.054530
1608.000000 0.060183
1609.000000 0.106465
1610.000000 0.081469
1611.000000 0.056405
1612.000000 0.075415
1613.000000 0.096428
1614.000000 0.040985
1615.000000 0.053867
1616.000000 0.035144
1617.000000 0.035713
1618.000000 0.114413
1619.000000 0.026304
1620.000000 0.031609
1621.000000 0.037439
1622.000000 0.097970
1623.000000 0.039243
1624.000000 0.031161
1625.000000 0.109969
1626.000000 0.069317
1627.000000 0.055196
1628.000000 0.018897
1629.000000 0.058037
1630.000000 0.089716
1631.000000 0.055571
1632.000000 0.040742
1633.000000 0.067009
1634.000000 0.078862
1635.000000 0.045932
1636.000000 0.041916
1637.000000 0.146944
1638.000000 0.097861
1639.000000 0.042696
1640.000000 0.059645
1641.000000 0.072758
1642.000000 0.048128
1643.000000 0.049069
1644.000000 0.079828
1645.000000 0.062233
1646.000000 0.033641
1647.000000 0.125628
1648.000000 0.128378
1649.000000 0.074053
1650.000000 0.102356
1651.000000 0.030000
1652.000000 0.063006
1653.000000 0.083282
1654.000000 0.058561
1655.000000 0.057061
1656.000000 0.044845
1657.000000 0.020830
1658.000000 0.072814
1659.000000 0.027399
1660.000000 0.083912
1661.000000 0.093537
1662.000000 0.038095
1663.000000 0.099054
1664.000000 0.031976
1665.000000 0.021109
1666.000000 0.012796
1667.000000 0.041543
1668.000000 0.008373
1669.000000 0.053740
1670.000000 0.154412
1671.000000 0.108185
1672.000000 0.044602
1673.000000 0.044217
1674.000000 0.142816
1675.000000 0.069961
1676.000000 0.062541
1677.000000 0.047627
1678.000000 0.039550
1679.000000 0.098862
1680.000000 0.046504
1681.000000 0.078170
1682.000000 0.045597
1683.000000 0.050229
1684.000000 0.030147
1685.000000 0.084247
1686.000000 0.001676
1687.000000 0.080479
1688.000000 0.061446
1689.000000 0.040376
1690.000000 0.034025
1691.000000 0.070459
1692.000000 0.072143
1693.000000 0.045390
1694.000000 0.086256
1695.000000 0.167824
1696.000000 0.082511
1697.000000 0.015130
1698.000000 0.069737
1699.000000 0.013718
1700.000000 0.058041
1701.000000 0.061278
1702.000000 0.073139
1703.000000 0.031594
1704.000000 0.115456
1705.000000 0.099823
1706.000000 0.030227
1707.000000 0.053686
1708.000000 0.064620
1709.000000 0.056178
1710.000000 0.056441
1711.000000 0.057785
1712.000000 0.077611
1713.000000 0.078188
1714.000000 0.092179
1715.000000 0.108973
1716.000000 0.037633
1717.000000 0.012537
1718.000000 0.083078
1719.000000 0.080197
1720.000000 0.108499
1721.000000 0.113013
1722.000000 0.036515
1723.000000 0.022457
1724.000000 0.108251
1725.000000 0.138265
1726.000000 0.035504
1727.000000 0.062129
1728.000000 0.051302
1729.000000 0.056156
1730.000000 0.035557
1731.000000 0.089517
1732.000000 0.080512
1733.000000 0.071964
1734.000000 0.030597
1735.000000 0.027858
1736.000000 0.051722
1737.000000 0.146670
1738.000000 0.042249
1739.000000 0.044776
1740.000000 0.009392
1741.000000 0.108210
1742.000000 0.112272
1743.000000 0.074201
1744.000000 0.087896
1745.000000 0.086242
1746.000000 0.058253
1747.000000 0.035756
1748.000000 0.012805
1749.000000 0.033252
1750.000000 0.096560
1751.000000 0.103118
1752.000000 0.022406
1753.000000 0.068974
1754.000000 0.068047
1755.000000 0.063160
1756.000000 0.052849
1757.000000 0.094442
1758.000000 0.086640
1759.000000 0.130891
1760.000000 0.045558
1761.000000 0.068798
1762.000000 0.009407
1763.000000 0.032807
1764.000000 0.080388
1765.000000 0.032231
1766.000000 0.139127
1767.000000 0.105169
1768.000000 0.069578
1769.000000 0.064961
1770.000000 0.046590
1771.000000 0.047384
1772.000000 0.074494
1773.000000 0.094541
1774.000000 0.081510
1775.000000 0.032704
1776.000000 0.051023
1777.000000 0.030282
1778.000000 0.047696
1779.000000 0.080927
1780.000000 0.083980
1781.000000 0.055093
1782.000000 0.043358
1783.000000 0.068679
1784.000000 0.053931
1785.000000 0.074741
1786.000000 0.034115
1787.000000 0.062865
1788.000000 0.054234
1789.000000 0.100039
1790.000000 0.022640
1791.000000 0.071044
1792.000000 0.116823
1793.000000 0.043042
1794.000000 0.080408
1795.000000 0.072515
1796.000000 0.025863
1797.000000 0.074362
1798.000000 0.056307
1799.000000 0.105730
1800.000000 0.109987
1801.000000 0.027046
1802.000000 0.102860
1803.000000 0.109031
1804.000000 0.045509
1805.000000 0.014805
1806.000000 0.072980
1807.000000 0.033096
1808.000000 0.028459
1809.000000 0.090755
1810.000000 0.119731
1811.000000 0.050892
1812.000000 0.073375
1813.000000 0.010739
1814.000000 0.028665
1815.000000 0.049271
1816.000000 0.023559
1817.000000 0.052866
1818.000000 0.067372
1819.000000 0.091640
1820.000000 0.053958
1821.000000 0.026581
1822.000000 0.059894
1823.000000 0.089012
1824.000000 0.029475
1825.000000 0.064744
1826.000000 0.050682
1827.000000 0.077011
1828.000000 0.022481
1829.000000 0.064754
1830.000000 0.035698
1831.000000 0.101166
1832.000000 0.080399
1833.000000 0.048955
1834.000000 0.011283
1835.000000 0.060771
1836.000000 0.146994
1837.000000 0.066505
1838.000000 0.070498
1839.000000 0.098684
1840.000000 0.049083
1841.000000 0.055432
1842.000000 0.050970
1843.000000 0.030693
1844.000000 0.064195
1845.000000 0.041033
1846.000000 0.058535
1847.000000 0.037275
1848.000000 0.072124
1849.000000 0.048238
1850.000000 0.011312
1851.000000 0.057124
1852.000000 0.062703
1853.000000 0.057926
1854.000000 0.080060
1855.000000 0.049955
1856.000000 0.042866
1857.000000 0.031549
1858.000000 0.133459
1859.000000 0.089518
1860.000000 0.031305
1861.000000 0.096690
1862.000000 0.057492
1863.000000 0.114460
1864.000000 0.081046
1865.000000 0.035874
1866.000000 0.012993
1867.000000 0.066384
1868.000000 0.046761
1869.000000 0.045698
1870.000000 0.120795
1871.000000 0.013634
1872.000000 0.010681
1873.000000 0.042009
1874.000000 0.047549
1875.000000 0.024032
1876.000000 0.017672
1877.000000 0.104533
1878.000000 0.006081
1879.000000 0.040943
1880.000000 0.072076
1881.000000 0.073322
1882.000000 0.111935
1883.000000 0.057717
1884.000000 0.088988
1885.000000 0.059848
1886.000000 0.068859
1887.000000 0.120226
1888.000000 0.013927
1889.000000 0.038278
1890.000000 0.154569
1891.000000 0.100570
1892.000000 0.121351
1893.000000 0.024888
1894.000000 0.030443
1895.000000 0.046497
1896.000000 0.089833
1897.000000 0.042099
1898.000000 0.089419
1899.000000 0.032979
1900.000000 0.074965
1901.000000 0.023286
1902.000000 0.069092
1903.000000 0.025224
1904.000000 0.042753
1905.000000 0.087859
1906.000000 0.016484
1907.000000 0.037485
1908.000000 0.077068
1909.000000 0.040449
1910.000000 0.022195
1911.000000 0.059860
1912.000000 0.047272
1913.000000 0.030779
1914.000000 0.044496
1915.000000 0.069505
1916.000000 0.033519
1917.000000 0.067792
1918.000000 0.007540
1919.000000 0.035729
1920.000000 0.062821
1921.000000 0.063470
1922.000000 0.021618
1923.000000 0.041456
1924.000000 0.077258
1925.000000 0.034349
1926.000000 0.073258
1927.000000 0.067296
1928.000000 0.032779
1929.000000 0.025991
1930.000000 0.064865
1931.000000 0.042345
1932.000000 0.019502
1933.000000 0.066880
1934.000000 0.163093
1935.000000 0.010196
1936.000000 0.037886
1937.000000 0.068791
1938.000000 0.080246
1939.000000 0.077396
1940.000000 0.037923
1941.000000 0.020718
1942.000000 0.047968
1943.000000 0.038931
1944.000000 0.062689
1945.000000 0.035986
1946.000000 0.057737
1947.000000 0.042400
1948.000000 0.092354
1949.000000 0.098199
1950.000000 0.099111
1951.000000 0.034272
1952.000000 0.024845
1953.000000 0.091856
1954.000000 0.052614
1955.000000 0.088669
1956.000000 0.119618
1957.000000 0.078828
1958.000000 0.059045
1959.000000 0.053170
1960.000000 0.100135
1961.000000 0.091476
1962.000000 0.062032
1963.000000 0.039003
1964.000000 0.036103
1965.000000 0.115315
1966.000000 0.087998
1967.000000 0.056864
1968.000000 0.089251
1969.000000 0.037971
1970.000000 0.040164
1971.000000 0.062144
1972.000000 0.074694
1973.000000 0.061776
1974.000000 0.044967
1975.000000 0.010281
1976.000000 0.046860
1977.000000 0.043244
1978.000000 0.043554
1979.000000 0.067825
1980.000000 0.037272
1981.000000 0.043053
1982.000000 0.042475
1983.000000 0.097460
1984.000000 0.022393
1985.000000 0.048753
1986.000000 0.106467
1987.000000 0.131187
1988.000000 0.035583
1989.000000 0.065450
1990.000000 0.060209
1991.000000 0.047197
1992.000000 0.033259
1993.000000 0.016328
1994.000000 0.047917
1995.000000 0.053698
1996.000000 0.062705
1997.000000 0.028815
1998.000000 0.035066
1999.000000 0.075646
2000.000000 0.039188
2001.000000 0.124074
2002.000000 0.062260
2003.000000 0.082483
2004.000000 0.013206
2005.000000 0.037555
2006.000000 0.074008
2007.000000 0.084531
2008.000000 0.094412
2009.000000 0.061175
2010.000000 0.108975
2011.000000 0.115947
2012.000000 0.058468
2013.000000 0.011213
2014.000000 0.089608
2015.000000 0.147524
2016.000000 0.046666
2017.000000 0.147819
2018.000000 0.064844
2019.000000 0.158489
2020.000000 0.085174
2021.000000 0.135893
2022.000000 0.092947
2023.000000 0.083316
2024.000000 0.084120
2025.000000 0.106123
2026.000000 0.121950
2027.000000 0.102449
2028.000000 0.018052
2029.000000 0.075203
2030.000000 0.139336
2031.000000 0.027804
2032.000000 0.014256
2033.000000 0.058295
2034.000000 0.047234
2035.000000 0.143848
2036.000000 0.060974
2037.000000 0.057757
2038.000000 0.035181
2039.000000 0.068554
2040.000000 0.053390
2041.000000 0.034440
2042.000000 0.077281
2043.000000 0.084705
2044.000000 0.068250
2045.000000 0.065464
2046.000000 0.063240
2047.000000 0.057350
2048.000000 0.030802
2049.000000 0.055087
2050.000000 0.025059
2051.000000 0.043109
2052.000000 0.109663
2053.000000 0.008500
2054.000000 0.082087
2055.000000 0.066691
2056.000000 0.044163
2057.000000 0.093223
2058.000000 0.070145
2059.000000 0.057504
2060.000000 0.061666
2061.000000 0.120442
2062.000000 0.065149
2063.000000 0.030075
2064.000000 0.061384
2065.000000 0.096955
2066.000000 0.056750
2067.000000 0.070506
2068.000000 0.108488
2069.000000 0.083399
2070.000000 0.033953
2071.000000 0.033570
2072.000000 0.061491
2073.000000 0.094853
2074.000000 0.030580
2075.000000 0.074692
2076.000000 0.052729
2077.000000 0.070735
2078.000000 0.127933
2079.000000 0.047779
2080.000000 0.121100
2081.000000 0.111448
2082.000000 0.072213
2083.000000 0.096959
2084.000000 0.079656
2085.000000 0.020831
2086.000000 0.088898
2087.000000 0.092590
2088.000000 0.025967
2089.000000 0.109139
2090.000000 0.069012
2091.000000 0.086695
2092.000000 0.157725
2093.000000 0.128345
2094.000000 0.084131
2095.000000 0.071279
2096.000000 0.033734
2097.000000 0.055079
2098.000000 0.057339
2099.000000 0.041779
2100.000000 0.084441
2101.000000 0.177061
2102.000000 0.097137
2103.000000 0.064710
2104.000000 0.081364
2105.000000 0.153746
2106.000000 0.052024
2107.000000 0.115937
2108.000000 0.076785
2109.000000 0.096460
2110.000000 0.079792
2111.000000 0.058379
2112.000000 0.103855
2113.000000 0.107843
2114.000000 0.015353
2115.000000 0.080073
2116.000000 0.061035
2117.000000 0.058294
2118.000000 0.067459
2119.000000 0.026997
2120.000000 0.046369
2121.000000 0.031366
2122.000000 0.030454
2123.000000 0.109891
2124.000000 0.031543
2125.000000 0.046915
2126.000000 0.074479
2127.000000 0.032737
2128.000000 0.010613
2129.000000 0.040511
2130.000000 0.041564
2131.000000 0.045819
2132.000000 0.130365
2133.000000 0.015754
2134.000000 0.048011
2135.000000 0.033558
2136.000000 0.017499
2137.000000 0.066973
2138.000000 0.118024
2139.000000 0.031552
2140.000000 0.095619
2141.000000 0.095940
2142.000000 0.075295
2143.000000 0.049603
2144.000000 0.059966
2145.000000 0.099620
2146.000000 0.058841
2147.000000 0.062047
2148.000000 0.086322
2149.000000 0.105226
2150.000000 0.053677
2151.000000 0.048374
2152.000000 0.056141
2153.000000 0.060299
2154.000000 0.044311
2155.000000 0.104230
2156.000000 0.050918
2157.000000 0.051569
2158.000000 0.022047
2159.000000 0.075949
2160.000000 0.055205
2161.000000 0.095841
2162.000000 0.022291
2163.000000 0.042800
2164.000000 0.071105
2165.000000 0.013057
2166.000000 0.015885
2167.000000 0.107211
2168.000000 0.064704
2169.000000 0.061937
2170.000000 0.025793
2171.000000 0.086600
2172.000000 0.074780
2173.000000 0.029151
2174.000000 0.072454
2175.000000 0.025233
2176.000000 0.045727
2177.000000 0.063407
2178.000000 0.065165
2179.000000 0.137669
2180.000000 0.054603
2181.000000 0.091670
2182.000000 0.142897
2183.000000 0.139842
2184.000000 0.086935
2185.000000 0.044973
2186.000000 0.035032
2187.000000 0.092785
2188.000000 0.044837
2189.000000 0.029081
2190.000000 0.086111
2191.000000 0.060875
2192.000000 0.071801
2193.000000 0.011824
2194.000000 0.064937
2195.000000 0.038075
2196.000000 0.109969
2197.000000 0.104295
2198.000000 0.021783
2199.000000 0.054200
2200.000000 0.100928
2201.000000 0.075410
2202.000000 0.084265
2203.000000 0.062302
2204.000000 0.099560
2205.000000 0.011641
2206.000000 0.085219
2207.000000 0.053833
2208.000000 0.042635
2209.000000 0.038580
2210.000000 0.035436
2211.000000 0.123027
2212.000000 0.091922
2213.000000 0.021865
2214.000000 0.101828
2215.000000 0.127040
2216.000000 0.021776
2217.000000 0.025118
2218.000000 0.033682
2219.000000 0.078739
2220.000000 0.024202
2221.000000 0.071009
2222.000000 0.041203
2223.000000 0.103604
2224.000000 0.047831
2225.000000 0.076339
2226.000000 0.056956
2227.000000 0.010836
2228.000000 0.029836
2229.000000 0.087071
2230.000000 0.104109
2231.000000 0.136631
2232.000000 0.019538
2233.000000 0.027051
2234.000000 0.017595
2235.000000 0.076493
2236.000000 0.056492
2237.000000 0.084222
2238.000000 0.037041
2239.000000 0.048382
2240.000000 0.059768
2241.000000 0.041682
2242.000000 0.055039
2243.000000 0.032832
2244.000000 0.096538
2245.000000 0.075473
2246.000000 0.043364
2247.000000 0.021962
2248.000000 0.067938
2249.000000 0.089990
2250.000000 0.116987
2251.000000 0.027842
2252.000000 0.049089
2253.000000 0.046517
2254.000000 0.022664
2255.000000 0.053812
2256.000000 0.047687
2257.000000 0.131689
2258.000000 0.073647
2259.000000 0.055835
2260.000000 0.109888
2261.000000 0.023685
2262.000000 0.043124
2263.000000 0.051752
2264.000000 0.087001
2265.000000 0.033684
2266.000000 0.077545
2267.000000 0.095969
2268.000000 0.053431
2269.000000 0.043843
2270.000000 0.098852
2271.000000 0.070576
2272.000000 0.039080
2273.000000 0.083092
2274.000000 0.057941
2275.000000 0.097989
2276.000000 0.086277
2277.000000 0.063983
2278.000000 0.027743
2279.000000 0.030779
2280.000000 0.050988
2281.000000 0.014398
2282.000000 0.059900
2283.000000 0.115358
2284.000000 0.022947
2285.000000 0.087535
2286.000000 0.031129
2287.000000 0.078329
2288.000000 0.054874
2289.000000 0.040390
2290.000000 0.073206
2291.000000 0.061593
2292.000000 0.031332
2293.000000 0.092064
2294.000000 0.087814
2295.000000 0.099380
2296.000000 0.127678
2297.000000 0.047391
2298.000000 0.072073
2299.000000 0.008914
2300.000000 0.016396
2301.000000 0.026578
2302.000000 0.110308
2303.000000 0.036585
2304.000000 0.085592
2305.000000 0.038025
2306.000000 0.135427
2307.000000 0.036635
2308.000000 0.119875
2309.000000 0.042029
2310.000000 0.095026
2311.000000 0.044651
2312.000000 0.077889
2313.000000 0.041469
2314.000000 0.069144
2315.000000 0.026870
2316.000000 0.033812
2317.000000 0.047076
2318.000000 0.067491
2319.000000 0.091926
2320.000000 0.099238
2321.000000 0.070169
2322.000000 0.047812
2323.000000 0.057961
2324.000000 0.156844
2325.000000 0.037356
2326.000000 0.068585
2327.000000 0.067605
2328.000000 0.066609
2329.000000 0.018200
2330.000000 0.109726
2331.000000 0.080896
2332.000000 0.053224
2333.000000 0.023180
2334.000000 0.091043
2335.000000 0.085028
2336.000000 0.087199
2337.000000 0.111499
2338.000000 0.041444
2339.000000 0.056459
2340.000000 0.059788
2341.000000 0.101368
2342.000000 0.089602
2343.000000 0.116893
2344.000000 0.043046
2345.000000 0.040339
2346.000000 0.101904
2347.000000 0.040823
2348.000000 0.086646
2349.000000 0.023647
2350.000000 0.049927
2351.000000 0.007353
2352.000000 0.076490
2353.000000 0.071220
2354.000000 0.039402
2355.000000 0.116612
2356.000000 0.008788
2357.000000 0.036442
2358.000000 0.085403
2359.000000 0.004529
2360.000000 0.021444
2361.000000 0.121759
2362.000000 0.113442
2363.000000 0.022067
2364.000000 0.086588
2365.000000 0.049233
2366.000000 0.057082
2367.000000 0.066825
2368.000000 0.069224
2369.000000 0.085028
2370.000000 0.087021
2371.000000 0.088960
2372.000000 0.123905
2373.000000 0.065450
2374.000000 0.029761
2375.000000 0.066249
2376.000000 0.038956
2377.000000 0.036452
2378.000000 0.071822
2379.000000 0.036412
2380.000000 0.171198
2381.000000 0.047302
2382.000000 0.032260
2383.000000 0.100233
2384.000000 0.145126
2385.000000 0.102533
2386.000000 0.010017
2387.000000 0.088176
2388.000000 0.075791
2389.000000 0.047854
2390.000000 0.079702
2391.000000 0.064053
2392.000000 0.055440
2393.000000 0.086869
2394.000000 0.071718
2395.000000 0.023219
2396.000000 0.068147
2397.000000 0.037014
2398.000000 0.014805
2399.000000 0.080555
2400.000000 0.057861
2401.000000 0.014125
2402.000000 0.047978
2403.000000 0.045493
2404.000000 0.131350
2405.000000 0.039802
2406.000000 0.048058
2407.000000 0.099676
2408.000000 0.057036
2409.000000 0.040735
2410.000000 0.083208
2411.000000 0.064809
2412.000000 0.063898
2413.000000 0.119493
2414.000000 0.052853
2415.000000 0.026844
2416.000000 0.007519
2417.000000 0.025630
2418.000000 0.083652
2419.000000 0.047517
2420.000000 0.082923
2421.000000 0.036526
2422.000000 0.111097
2423.000000 0.030419
2424.000000 0.047331
2425.000000 0.009603
2426.000000 0.090690
2427.000000 0.084664
2428.000000 0.030115
2429.000000 0.103250
2430.000000 0.083854
2431.000000 0.087373
2432.000000 0.105930
2433.000000 0.066443
2434.000000 0.028532
2435.000000 0.042559
2436.000000 0.033859
2437.000000 0.071462
2438.000000 0.131518
2439.000000 0.104703
2440.000000 0.056473
2441.000000 0.144800
2442.000000 0.028440
2443.000000 0.058570
2444.000000 0.066132
2445.000000 0.131628
2446.000000 0.015054
2447.000000 0.062814
2448.000000 0.055070
2449.000000 0.076310
2450.000000 0.063463
2451.000000 0.016057
2452.000000 0.071231
2453.000000 0.064512
2454.000000 0.038769
2455.000000 0.073896
2456.000000 0.082542
2457.000000 0.130701
2458.000000 0.102024
2459.000000 0.078032
2460.000000 0.113183
2461.000000 0.020857
2462.000000 0.072036
2463.000000 0.056232
2464.000000 0.106574
2465.000000 0.106160
2466.000000 0.056929
2467.000000 0.097152
2468.000000 0.148615
2469.000000 0.037292
2470.000000 0.080128
2471.000000 0.094531
2472.000000 0.081028
2473.000000 0.051469
2474.000000 0.047511
2475.000000 0.065312
2476.000000 0.062161
2477.000000 0.071068
2478.000000 0.073738
2479.000000 0.057754
2480.000000 0.149178
2481.000000 0.078111
2482.000000 0.078394
2483.000000 0.012944
2484.000000 0.057607
2485.000000 0.120640
2486.000000 0.106102
2487.000000 0.077376
2488.000000 0.045880
2489.000000 0.041608
2490.000000 0.054693
2491.000000 0.086062
2492.000000 0.148373
2493.000000 0.050807
2494.000000 0.100928
2495.000000 0.033867
2496.000000 0.038675
2497.000000 0.087531
2498.000000 0.045442
2499.000000 0.096698
2500.000000 0.018417
2501.000000 0.036719
2502.000000 0.041828
2503.000000 0.072503
2504.000000 0.042607
2505.000000 0.075954
2506.000000 0.070780
2507.000000 0.071642
2508.000000 0.077175
2509.000000 0.061921
2510.000000 0.075317
2511.000000 0.085628
2512.000000 0.041148
2513.000000 0.017402
2514.000000 0.055916
2515.000000 0.108978
2516.000000 0.046787
2517.000000 0.066943
2518.000000 0.074666
2519.000000 0.007030
2520.000000 0.080722
2521.000000 0.036085
2522.000000 0.012964
2523.000000 0.034007
2524.000000 0.057574
2525.000000 0.023310
2526.000000 0.039575
2527.000000 0.009551
2528.000000 0.076178
2529.000000 0.056221
2530.000000 0.142604
2531.000000 0.091581
2532.000000 0.022781
2533.000000 0.007796
2534.000000 0.002215
2535.000000 0.101422
2536.000000 0.029110
2537.000000 0.098313
2538.000000 0.058539
2539.000000 0.055437
2540.000000 0.052717
2541.000000 0.018235
2542.000000 0.119115
2543.000000 0.108124
2544.000000 0.038000
2545.000000 0.010178
2546.000000 0.073779
2547.000000 0.053823
2548.000000 0.015635
2549.000000 0.160448
2550.000000 0.027032
2551.000000 0.053772
2552.000000 0.076220
2553.000000 0.032020
2554.000000 0.128245
2555.000000 0.045429
2556.000000 0.052968
2557.000000 0.065342
2558.000000 0.045342
2559.000000 0.071796
2560.000000 0.016787
2561.000000 0.037440
2562.000000 0.099870
2563.000000 0.070521
2564.000000 0.099871
2565.000000 0.042143
2566.000000 0.086498
2567.000000 0.086599
2568.000000 0.070297
2569.000000 0.036658
2570.000000 0.096746
2571.000000 0.103303
2572.000000 0.088898
2573.000000 0.054710
2574.000000 0.067111
2575.000000 0.135043
2576.000000 0.056854
2577.000000 0.068245
2578.000000 0.122840
2579.000000 0.066361
2580.000000 0.078884
2581.000000 0.045049
2582.000000 0.048001
2583.000000 0.066623
2584.000000 0.095486
2585.000000 0.040536
2586.000000 0.053615
2587.000000 0.029288
2588.000000 0.053883
2589.000000 0.130700
2590.000000 0.074719
2591.000000 0.076204
2592.000000 0.086882
2593.000000 0.031288
2594.000000 0.111149
2595.000000 0.050703
2596.000000 0.098624
2597.000000 0.057944
2598.000000 0.085640
2599.000000 0.110961
2600.000000 0.020748
2601.000000 0.067841
2602.000000 0.125221
2603.000000 0.091857
2604.000000 0.009430
2605.000000 0.090961
2606.000000 0.090170
2607.000000 0.058990
2608.000000 0.111854
2609.000000 0.031705
2610.000000 0.065090
2611.000000 0.044216
2612.000000 0.019972
2613.000000 0.059768
2614.000000 0.069664
2615.000000 0.074030
2616.000000 0.020290
2617.000000 0.051535
2618.000000 0.061384
2619.000000 0.049840
2620.000000 0.066197
2621.000000 0.085739
2622.000000 0.073221
2623.000000 0.058815
2624.000000 0.039850
2625.000000 0.031099
2626.000000 0.039596
2627.000000 0.148550
2628.000000 0.052784
2629.000000 0.091117
2630.000000 0.085259
2631.000000 0.028046
2632.000000 0.040228
2633.000000 0.079785
2634.000000 0.117610
2635.000000 0.073346
2636.000000 0.148873
2637.000000 0.098880
2638.000000 0.055156
2639.000000 0.016276
2640.000000 0.040704
2641.000000 0.078318
2642.000000 0.120786
2643.000000 0.111039
2644.000000 0.073362
2645.000000 0.084633
2646.000000 0.010327
2647.000000 0.065201
2648.000000 0.043888
2649.000000 0.053424
2650.000000 0.088285
2651.000000 0.061920
2652.000000 0.061856
2653.000000 0.108808
2654.000000 0.050691
2655.000000 0.055841
2656.000000 0.028858
2657.000000 0.102654
2658.000000 0.054225
2659.000000 0.043105
2660.000000 0.047820
2661.000000 0.079257
2662.000000 0.101374
2663.000000 0.074869
2664.000000 0.037880
2665.000000 0.035304
2666.000000 0.120644
2667.000000 0.094479
2668.000000 0.071525
2669.000000 0.029863
2670.000000 0.099926
2671.000000 0.115512
2672.000000 0.048735
2673.000000 0.087286
2674.000000 0.086621
2675.000000 0.039328
2676.000000 0.108786
2677.000000 0.048543
2678.000000 0.080541
2679.000000 0.031808
2680.000000 0.124645
2681.000000 0.008499
2682.000000 0.052902
2683.000000 0.097413
2684.000000 0.061870
2685.000000 0.110249
2686.000000 0.063248
2687.000000 0.040310
2688.000000 0.075770
2689.000000 0.114635
2690.000000 0.099568
2691.000000 0.038465
2692.000000 0.051710
2693.000000 0.029484
2694.000000 0.138925
2695.000000 0.017309
2696.000000 0.036845
2697.000000 0.040030
2698.000000 0.024967
2699.000000 0.008323
2700.000000 0.045614
2701.000000 0.093172
2702.000000 0.066674
2703.000000 0.041507
2704.000000 0.028859
2705.000000 0.102086
2706.000000 0.046178
2707.000000 0.047808
2708.000000 0.077957
2709.000000 0.057720
2710.000000 0.149484
2711.000000 0.094413
2712.000000 0.032689
2713.000000 0.061198
2714.000000 0.033181
2715.000000 0.104662
2716.000000 0.113597
2717.000000 0.061127
2718.000000 0.051721
2719.000000 0.061497
2720.000000 0.018145
2721.000000 0.152840
2722.000000 0.133941
2723.000000 0.075591
2724.000000 0.101303
2725.000000 0.047391
2726.000000 0.124083
2727.000000 0.072210
2728.000000 0.060982
2729.000000 0.050022
2730.000000 0.039510
2731.000000 0.131304
2732.000000 0.154699
2733.000000 0.040878
2734.000000 0.027245
2735.000000 0.035535
2736.000000 0.019410
2737.000000 0.026881
2738.000000 0.108071
2739.000000 0.112787
2740.000000 0.021422
2741.000000 0.014333
2742.000000 0.046579
2743.000000 0.098282
2744.000000 0.004845
2745.000000 0.049264
2746.000000 0.033755
2747.000000 0.035307
2748.000000 0.071657
2749.000000 0.041866
2750.000000 0.071086
2751.000000 0.057643
2752.000000 0.120845
2753.000000 0.046348
2754.000000 0.061592
2755.000000 0.043705
2756.000000 0.014692
2757.000000 0.147117
2758.000000 0.097007
2759.000000 0.119979
2760.000000 0.081938
2761.000000 0.122688
2762.000000 0.064171
2763.000000 0.070220
2764.000000 0.111176
2765.000000 0.051948
2766.000000 0.041396
2767.000000 0.066976
2768.000000 0.059215
2769.000000 0.136993
2770.000000 0.040103
2771.000000 0.097341
2772.000000 0.042230
2773.000000 0.034662
2774.000000 0.052328
2775.000000 0.071378
2776.000000 0.089951
2777.000000 0.080728
2778.000000 0.037612
2779.000000 0.048714
2780.000000 0.101270
2781.000000 0.045891
2782.000000 0.040829
2783.000000 0.117544
2784.000000 0.044728
2785.000000 0.103639
2786.000000 0.022707
2787.000000 0.036642
2788.000000 0.025206
2789.000000 0.097615
2790.000000 0.052402
2791.000000 0.121531
2792.000000 0.105775
2793.000000 0.042058
2794.000000 0.085793
2795.000000 0.078253
2796.000000 0.060386
2797.000000 0.043490
2798.000000 0.061719
2799.000000 0.067562
2800.000000 0.071525
2801.000000 0.026879
2802.000000 0.097850
2803.000000 0.093665
2804.000000 0.142106
2805.000000 0.095159
2806.000000 0.025930
2807.000000 0.019066
2808.000000 0.026193
2809.000000 0.088603
2810.000000 0.116955
2811.000000 0.059490
2812.000000 0.066012
2813.000000 0.028545
2814.000000 0.011700
2815.000000 0.046837
2816.000000 0.053845
2817.000000 0.078236
2818.000000 0.047330
2819.000000 0.096499
2820.000000 0.057725
2821.000000 0.019328
2822.000000 0.085228
2823.000000 0.083150
2824.000000 0.096283
2825.000000 0.075052
2826.000000 0.013043
2827.000000 0.021562
2828.000000 0.031155
2829.000000 0.040868
2830.000000 0.062777
2831.000000 0.059779
2832.000000 0.085997
2833.000000 0.059907
2834.000000 0.050398
2835.000000 0.035050
2836.000000 0.046214
2837.000000 0.165401
2838.000000 0.043163
2839.000000 0.080391
2840.000000 0.116657
2841.000000 0.055293
2842.000000 0.057417
2843.000000 0.069015
2844.000000 0.088162
2845.000000 0.035556
2846.000000 0.101821
2847.000000 0.040820
2848.000000 0.065320
2849.000000 0.104308
2850.000000 0.048631
2851.000000 0.131626
2852.000000 0.028776
2853.000000 0.059882
2854.000000 0.066664
2855.000000 0.125891
2856.000000 0.025973
2857.000000 0.093459
2858.000000 0.043488
2859.000000 0.041826
2860.000000 0.099656
2861.000000 0.035158
2862.000000 0.091587
2863.000000 0.071515
2864.000000 0.046725
2865.000000 0.162729
2866.000000 0.088474
2867.000000 0.027838
2868.000000 0.080557
2869.000000 0.066789
2870.000000 0.044747
2871.000000 0.091076
2872.000000 0.013046
2873.000000 0.031237
2874.000000 0.056001
2875.000000 0.138676
2876.000000 0.182723
2877.000000 0.082224
2878.000000 0.079423
2879.000000 0.053359
2880.000000 0.039976
2881.000000 0.035232
2882.000000 0.075028
2883.000000 0.059107
2884.000000 0.070220
2885.000000 0.027014
2886.000000 0.020791
2887.000000 0.089106
2888.000000 0.036278
2889.000000 0.081302
2890.000000 0.087152
2891.000000 0.018928
2892.000000 0.094955
2893.000000 0.021299
2894.000000 0.122471
2895.000000 0.043534
2896.000000 0.041055
2897.000000 0.171215
2898.000000 0.055663
2899.000000 0.051588
2900.000000 0.079566
2901.000000 0.035616
2902.000000 0.012604
2903.000000 0.102614
2904.000000 0.067771
2905.000000 0.051272
2906.000000 0.078293
2907.000000 0.076145
2908.000000 0.015658
2909.000000 0.030502
2910.000000 0.109707
2911.000000 0.024742
2912.000000 0.083654
2913.000000 0.045999
2914.000000 0.064002
2915.000000 0.084948
2916.000000 0.110923
2917.000000 0.049101
2918.000000 0.044024
2919.000000 0.039513
2920.000000 0.075344
2921.000000 0.019312
2922.000000 0.060892
2923.000000 0.102158
2924.000000 0.081774
2925.000000 0.055924
2926.000000 0.075366
2927.000000 0.080121
2928.000000 0.080619
2929.000000 0.039218
2930.000000 0.051189
2931.000000 0.067593
2932.000000 0.007029
2933.000000 0.098421
2934.000000 0.075227
2935.000000 0.065592
2936.000000 0.037942
2937.000000 0.017355
2938.000000 0.021249
2939.000000 0.042882
2940.000000 0.103641
2941.000000 0.035328
2942.000000 0.032377
2943.000000 0.017184
2944.000000 0.008058
2945.000000 0.023987
2946.000000 0.006394
2947.000000 0.043355
2948.000000 0.096704
2949.000000 0.064595
2950.000000 0.049457
2951.000000 0.078060
2952.000000 0.062142
2953.000000 0.069090
2954.000000 0.034873
2955.000000 0.111459
2956.000000 0.109086
2957.000000 0.064589
2958.000000 0.070533
2959.000000 0.040840
2960.000000 0.055853
2961.000000 0.096988
2962.000000 0.090717
2963.000000 0.171744
2964.000000 0.037346
2965.000000 0.020001
2966.000000 0.054712
2967.000000 0.038448
2968.000000 0.081480
2969.000000 0.054344
2970.000000 0.060339
2971.000000 0.075427
2972.000000 0.048688
2973.000000 0.029428
2974.000000 0.082568
2975.000000 0.021185
2976.000000 0.077573
2977.000000 0.029314
2978.000000 0.005391
2979.000000 0.071470
2980.000000 0.078678
2981.000000 0.024468
2982.000000 0.071570
2983.000000 0.079338
2984.000000 0.042565
2985.000000 0.157630
2986.000000 0.058572
2987.000000 0.085553
2988.000000 0.057340
2989.000000 0.095876
2990.000000 0.013785
2991.000000 0.029454
2992.000000 0.060059
2993.000000 0.078875
2994.000000 0.135631
2995.000000 0.043913
2996.000000 0.077021
2997.000000 0.052835
2998.000000 0.090902
2999.000000 0.112424
3000.000000 0.060861
