10.000000 0.133703
20.000000 0.094408
30.000000 0.158040
40.000000 0.194751
50.000000 0.169104
60.000000 0.174634
70.000000 0.106764
80.000000 0.166040
90.000000 0.125505
100.000000 0.267729
110.000000 0.266386
120.000000 0.138437
130.000000 0.194819
140.000000 0.105967
150.000000 0.116797
160.000000 0.151934
170.000000 0.048441
180.000000 0.135656
190.000000 0.150452
200.000000 0.111181
210.000000 0.133827
220.000000 0.151862
230.000000 0.082790
240.000000 0.168807
250.000000 0.101941
260.000000 0.111216
270.000000 0.071827
280.000000 0.048244
290.000000 0.190376
300.000000 0.038098
310.000000 0.088793
320.000000 0.024839
330.000000 0.019873
340.000000 0.033212
350.000000 0.196659
360.000000 0.108781
370.000000 0.149817
380.000000 0.206027
390.000000 0.201164
400.000000 0.031976
410.000000 0.085542
420.000000 0.299023
430.000000 0.044775
440.000000 0.028666
450.000000 0.044492
460.000000 0.273433
470.000000 0.139239
480.000000 0.114609
490.000000 0.263733
500.000000 0.101804
510.000000 0.127751
520.000000 0.161766
530.000000 0.053557
540.000000 0.022475
550.000000 0.260582
560.000000 0.082903
570.000000 0.183606
580.000000 0.073558
590.000000 0.014999
600.000000 0.049194
610.000000 0.088253
620.000000 0.108249
630.000000 0.126407
640.000000 0.153082
650.000000 0.153071
660.000000 0.185634
670.000000 0.143594
680.000000 0.163348
690.000000 0.132081
700.000000 0.112123
710.000000 0.276399
720.000000 0.238627
730.000000 0.200041
740.000000 0.198247
750.000000 0.174745
760.000000 0.048311
770.000000 0.163855
780.000000 0.195372
790.000000 0.206703
800.000000 0.039010
810.000000 0.104316
820.000000 0.179709
830.000000 0.187026
840.000000 0.324669
850.000000 0.116659
860.000000 0.203946
870.000000 0.190882
880.000000 0.105027
890.000000 0.052386
900.000000 0.135043
910.000000 0.114860
920.000000 0.063423
930.000000 0.034462
940.000000 0.044328
950.000000 0.111958
960.000000 0.109528
970.000000 0.169118
980.000000 0.100465
990.000000 0.127617
1000.000000 0.336496
