10.000000 0.170170
20.000000 0.108190
30.000000 0.193629
40.000000 0.183504
50.000000 0.240264
60.000000 0.080642
70.000000 0.170939
80.000000 0.121685
90.000000 0.131093
100.000000 0.104094
110.000000 0.135841
120.000000 0.145834
130.000000 0.174427
140.000000 0.108038
150.000000 0.235921
160.000000 0.135053
170.000000 0.266084
180.000000 0.096472
190.000000 0.197662
200.000000 0.124105
210.000000 0.202497
220.000000 0.141131
230.000000 0.017855
240.000000 0.219007
250.000000 0.134636
260.000000 0.085675
270.000000 0.021904
280.000000 0.105444
290.000000 0.116180
300.000000 0.119425
310.000000 0.212918
320.000000 0.098017
330.000000 0.063088
340.000000 0.311484
350.000000 0.052045
360.000000 0.098426
370.000000 0.139412
380.000000 0.074782
390.000000 0.142126
400.000000 0.107614
410.000000 0.013528
420.000000 0.048582
430.000000 0.058930
440.000000 0.047947
450.000000 0.131025
460.000000 0.081649
470.000000 0.073902
480.000000 0.076602
490.000000 0.112951
500.000000 0.210637
510.000000 0.169244
520.000000 0.206790
530.000000 0.066843
540.000000 0.210467
550.000000 0.204109
560.000000 0.151327
570.000000 0.080775
580.000000 0.122420
590.000000 0.297668
600.000000 0.011976
610.000000 0.041495
620.000000 0.037321
630.000000 0.028851
640.000000 0.166554
650.000000 0.084110
660.000000 0.123206
670.000000 0.087640
680.000000 0.142971
690.000000 0.162969
700.000000 0.094388
710.000000 0.130421
720.000000 0.044767
730.000000 0.144792
740.000000 0.071325
750.000000 0.047660
760.000000 0.160789
770.000000 0.115585
780.000000 0.165915
790.000000 0.132729
800.000000 0.050796
810.000000 0.145112
820.000000 0.151752
830.000000 0.152883
840.000000 0.319178
850.000000 0.113135
860.000000 0.132843
870.000000 0.145951
880.000000 0.108485
890.000000 0.128474
900.000000 0.120985
910.000000 0.079603
920.000000 0.057648
930.000000 0.125961
940.000000 0.103385
950.000000 0.100859
960.000000 0.038717
970.000000 0.092453
980.000000 0.161288
990.000000 0.088020
1000.000000 0.123154
