0.000000 0.076094
1.000000 0.466312
2.000000 0.166715
3.000000 0.407522
4.000000 0.333756
5.000000 0.236920
6.000000 0.176175
7.000000 0.282752
8.000000 0.271022
9.000000 0.246800
10.000000 0.286486
11.000000 0.040529
12.000000 0.567644
13.000000 0.425544
14.000000 0.232718
15.000000 0.166917
16.000000 0.220421
17.000000 0.375869
18.000000 0.286707
19.000000 0.241602
20.000000 0.383558
21.000000 0.207774
22.000000 0.147918
23.000000 0.486345
24.000000 0.013023
25.000000 0.288791
26.000000 0.412334
27.000000 0.065703
28.000000 0.318136
29.000000 0.158806
30.000000 0.399745
31.000000 0.522703
32.000000 0.278481
33.000000 0.133984
34.000000 0.249676
35.000000 0.512266
36.000000 0.124405
37.000000 0.317702
38.000000 0.120083
39.000000 0.368349
40.000000 0.185800
41.000000 0.405185
42.000000 0.182927
43.000000 0.120092
44.000000 0.140088
45.000000 0.058552
46.000000 0.216208
47.000000 0.485791
48.000000 0.246326
49.000000 0.083425
50.000000 0.055843
51.000000 0.237301
52.000000 0.391576
53.000000 0.210734
54.000000 0.354155
55.000000 0.268670
56.000000 0.125404
57.000000 0.284183
58.000000 0.402201
59.000000 0.179251
60.000000 0.404520
61.000000 0.277081
62.000000 0.110360
63.000000 0.259214
64.000000 0.304908
65.000000 0.397319
66.000000 0.218861
67.000000 0.100272
68.000000 0.339253
69.000000 0.349461
70.000000 0.023053
71.000000 0.293687
72.000000 0.244391
73.000000 0.101033
74.000000 0.347623
75.000000 0.474924
76.000000 0.276365
77.000000 0.346973
78.000000 0.209922
79.000000 0.336494
80.000000 0.515237
81.000000 0.261107
82.000000 0.315886
83.000000 0.091437
84.000000 0.239873
85.000000 0.234030
86.000000 0.244003
87.000000 0.231857
88.000000 0.327380
89.000000 0.044655
90.000000 0.278913
91.000000 0.151140
92.000000 0.249143
93.000000 0.276809
94.000000 0.356514
95.000000 0.140007
96.000000 0.192489
97.000000 0.321417
98.000000 0.107758
99.000000 0.185618
100.000000 0.222344
101.000000 0.119222
102.000000 0.256494
103.000000 0.101536
104.000000 0.274312
105.000000 0.084490
106.000000 0.182149
107.000000 0.289891
108.000000 0.327815
109.000000 0.129232
110.000000 0.217429
111.000000 0.128785
112.000000 0.421764
113.000000 0.333876
114.000000 0.288153
115.000000 0.316270
116.000000 0.439814
117.000000 0.247296
118.000000 0.129664
119.000000 0.243547
120.000000 0.301974
121.000000 0.367350
122.000000 0.207973
123.000000 0.128133
124.000000 0.218656
125.000000 0.351823
126.000000 0.125491
127.000000 0.256663
128.000000 0.210501
129.000000 0.106316
130.000000 0.237918
131.000000 0.246477
132.000000 0.166193
133.000000 0.060267
134.000000 0.359709
135.000000 0.490730
136.000000 0.105406
137.000000 0.341553
138.000000 0.152033
139.000000 0.608231
140.000000 0.381486
141.000000 0.091475
142.000000 0.197013
143.000000 0.312028
144.000000 0.230379
145.000000 0.240183
146.000000 0.239646
147.000000 0.130557
148.000000 0.112439
149.000000 0.341729
150.000000 0.290421
151.000000 0.226654
152.000000 0.338170
153.000000 0.254490
154.000000 0.353818
155.000000 0.008971
156.000000 0.194867
157.000000 0.079488
158.000000 0.352929
159.000000 0.112207
160.000000 0.023487
161.000000 0.307804
162.000000 0.210772
163.000000 0.170510
164.000000 0.250892
165.000000 0.072719
166.000000 0.301793
167.000000 0.193348
168.000000 0.330062
169.000000 0.219629
170.000000 0.189731
171.000000 0.315319
172.000000 0.326606
173.000000 0.325665
174.000000 0.080970
175.000000 0.306726
176.000000 0.152021
177.000000 0.589032
178.000000 0.309247
179.000000 0.184196
180.000000 0.279143
181.000000 0.353875
182.000000 0.236066
183.000000 0.124926
184.000000 0.160538
185.000000 0.392844
186.000000 0.146377
187.000000 0.175620
188.000000 0.168071
189.000000 0.518042
190.000000 0.304260
191.000000 0.125873
192.000000 0.178659
193.000000 0.191475
194.000000 0.238655
195.000000 0.019843
196.000000 0.341951
197.000000 0.221901
198.000000 0.253185
199.000000 0.118018
200.000000 0.272492
201.000000 0.306352
202.000000 0.105607
203.000000 0.172352
204.000000 0.433653
205.000000 0.156102
206.000000 0.087628
207.000000 0.318865
208.000000 0.334857
209.000000 0.132631
210.000000 0.123063
211.000000 0.407760
212.000000 0.133871
213.000000 0.152206
214.000000 0.038191
215.000000 0.317239
216.000000 0.312718
217.000000 0.438197
218.000000 0.277290
219.000000 0.175813
220.000000 0.262619
221.000000 0.330411
222.000000 0.338360
223.000000 0.661277
224.000000 0.323411
225.000000 0.242494
226.000000 0.071588
227.000000 0.064308
228.000000 0.025584
229.000000 0.504110
230.000000 0.166071
231.000000 0.428944
232.000000 0.140119
233.000000 0.433548
234.000000 0.492388
235.000000 0.320208
236.000000 0.266125
237.000000 0.251356
238.000000 0.113199
239.000000 0.109366
240.000000 0.576861
241.000000 0.468488
242.000000 0.393211
243.000000 0.347163
244.000000 0.236001
245.000000 0.224649
246.000000 0.179582
247.000000 0.303091
248.000000 0.123140
249.000000 0.276287
250.000000 0.204147
251.000000 0.300760
252.000000 0.269140
253.000000 0.168004
254.000000 0.225181
255.000000 0.191178
256.000000 0.307816
257.000000 0.432621
258.000000 0.459156
259.000000 0.183648
260.000000 0.136979
261.000000 0.463054
262.000000 0.210673
263.000000 0.257608
264.000000 0.160276
265.000000 0.240803
266.000000 0.142060
267.000000 0.103974
268.000000 0.146612
269.000000 0.315971
270.000000 0.147625
271.000000 0.103280
272.000000 0.174166
273.000000 0.409652
274.000000 0.054801
275.000000 0.188046
276.000000 0.291278
277.000000 0.172080
278.000000 0.269081
279.000000 0.193608
280.000000 0.202280
281.000000 0.164645
282.000000 0.139703
283.000000 0.076747
284.000000 0.076928
285.000000 0.305499
286.000000 0.117582
287.000000 0.295786
288.000000 0.234501
289.000000 0.368877
290.000000 0.330379
291.000000 0.212575
292.000000 0.133638
293.000000 0.199884
294.000000 0.220888
295.000000 0.099847
296.000000 0.164520
297.000000 0.335075
298.000000 0.348273
299.000000 0.233515
300.000000 0.240204
301.000000 0.276314
302.000000 0.674764
303.000000 0.224344
304.000000 0.368519
305.000000 0.289891
306.000000 0.415762
307.000000 0.509197
308.000000 0.521214
309.000000 0.285048
310.000000 0.150547
311.000000 0.084500
312.000000 0.411410
313.000000 0.224159
314.000000 0.353098
315.000000 0.194256
316.000000 0.349602
317.000000 0.410936
318.000000 0.318077
319.000000 0.208461
320.000000 0.346112
321.000000 0.427200
322.000000 0.154107
323.000000 0.104852
324.000000 0.393848
325.000000 0.318945
326.000000 0.654669
327.000000 0.330466
328.000000 0.398321
329.000000 0.368697
330.000000 0.106088
331.000000 0.253299
332.000000 0.241858
333.000000 0.234878
334.000000 0.221108
335.000000 0.382714
336.000000 0.108374
337.000000 0.354411
338.000000 0.346659
339.000000 0.513912
340.000000 0.365151
341.000000 0.216813
342.000000 0.257421
343.000000 0.203965
344.000000 0.414445
345.000000 0.176458
346.000000 0.081624
347.000000 0.101287
348.000000 0.157511
349.000000 0.339424
350.000000 0.435104
351.000000 0.096215
352.000000 0.095083
353.000000 0.415941
354.000000 0.202270
355.000000 0.232634
356.000000 0.129153
357.000000 0.096240
358.000000 0.173712
359.000000 0.346687
360.000000 0.360316
361.000000 0.525480
362.000000 0.199265
363.000000 0.553527
364.000000 0.523054
365.000000 0.196704
366.000000 0.290181
367.000000 0.257383
368.000000 0.305232
369.000000 0.137536
370.000000 0.179733
371.000000 0.108455
372.000000 0.102287
373.000000 0.096441
374.000000 0.241720
375.000000 0.351818
376.000000 0.456412
377.000000 0.078394
378.000000 0.250391
379.000000 0.146155
380.000000 0.191230
381.000000 0.397385
382.000000 0.081896
383.000000 0.181758
384.000000 0.125961
385.000000 0.213402
386.000000 0.298088
387.000000 0.248611
388.000000 0.203698
389.000000 0.354813
390.000000 0.494801
391.000000 0.567455
392.000000 0.190869
393.000000 0.326564
394.000000 0.151097
395.000000 0.132786
396.000000 0.412991
397.000000 0.154105
398.000000 0.121314
399.000000 0.161492
400.000000 0.180520
401.000000 0.285601
402.000000 0.295087
403.000000 0.208611
404.000000 0.266152
405.000000 0.222262
406.000000 0.202618
407.000000 0.195130
408.000000 0.069201
409.000000 0.257355
410.000000 0.216453
411.000000 0.093004
412.000000 0.113252
413.000000 0.171871
414.000000 0.166133
415.000000 0.192363
416.000000 0.251033
417.000000 0.139763
418.000000 0.386447
419.000000 0.068588
420.000000 0.377179
421.000000 0.319297
422.000000 0.157734
423.000000 0.300214
424.000000 0.347373
425.000000 0.255093
426.000000 0.138653
427.000000 0.242075
428.000000 0.200656
429.000000 0.383889
430.000000 0.075897
431.000000 0.455841
432.000000 0.085698
433.000000 0.115810
434.000000 0.305532
435.000000 0.122886
436.000000 0.240288
437.000000 0.154370
438.000000 0.112224
439.000000 0.039313
440.000000 0.169653
441.000000 0.137751
442.000000 0.259282
443.000000 0.075914
444.000000 0.247548
445.000000 0.165741
446.000000 0.042783
447.000000 0.312686
448.000000 0.430193
449.000000 0.319460
450.000000 0.282972
451.000000 0.465631
452.000000 0.276460
453.000000 0.263367
454.000000 0.298270
455.000000 0.287999
456.000000 0.109891
457.000000 0.241251
458.000000 0.260884
459.000000 0.125893
460.000000 0.063782
461.000000 0.251781
462.000000 0.039721
463.000000 0.240130
464.000000 0.066078
465.000000 0.242731
466.000000 0.117321
467.000000 0.230738
468.000000 0.162163
469.000000 0.414315
470.000000 0.131420
471.000000 0.200876
472.000000 0.176262
473.000000 0.153318
474.000000 0.280432
475.000000 0.187786
476.000000 0.158681
477.000000 0.142412
478.000000 0.081130
479.000000 0.380098
480.000000 0.101295
481.000000 0.092846
482.000000 0.283697
483.000000 0.241927
484.000000 0.351165
485.000000 0.413530
486.000000 0.345064
487.000000 0.307545
488.000000 0.183235
489.000000 0.162031
490.000000 0.250346
491.000000 0.006574
492.000000 0.095352
493.000000 0.213183
494.000000 0.103022
495.000000 0.273504
496.000000 0.438990
497.000000 0.025353
498.000000 0.347538
499.000000 0.186318
500.000000 0.057026
501.000000 0.239974
502.000000 0.220433
503.000000 0.235301
504.000000 0.251967
505.000000 0.189229
506.000000 0.456237
507.000000 0.265146
508.000000 0.357627
509.000000 0.194354
510.000000 0.482008
511.000000 0.094598
512.000000 0.468952
513.000000 0.237664
514.000000 0.402348
515.000000 0.370383
516.000000 0.264931
517.000000 0.143451
518.000000 0.289951
519.000000 0.277242
520.000000 0.113804
521.000000 0.225378
522.000000 0.359897
523.000000 0.443770
524.000000 0.182435
525.000000 0.331347
526.000000 0.242523
527.000000 0.302246
528.000000 0.155873
529.000000 0.283418
530.000000 0.317081
531.000000 0.198478
532.000000 0.205498
533.000000 0.463844
534.000000 0.259421
535.000000 0.109688
536.000000 0.234341
537.000000 0.332523
538.000000 0.092571
539.000000 0.434917
540.000000 0.140748
541.000000 0.017693
542.000000 0.157221
543.000000 0.544802
544.000000 0.098130
545.000000 0.491876
546.000000 0.220236
547.000000 0.254757
548.000000 0.532878
549.000000 0.212851
550.000000 0.078961
551.000000 0.182844
552.000000 0.189559
553.000000 0.275498
554.000000 0.211340
555.000000 0.130926
556.000000 0.180977
557.000000 0.247680
558.000000 0.116431
559.000000 0.284195
560.000000 0.293141
561.000000 0.239170
562.000000 0.416223
563.000000 0.246704
564.000000 0.495522
565.000000 0.214982
566.000000 0.221356
567.000000 0.319913
568.000000 0.169715
569.000000 0.117670
570.000000 0.194310
571.000000 0.187368
572.000000 0.195845
573.000000 0.255191
574.000000 0.427627
575.000000 0.127951
576.000000 0.222136
577.000000 0.334423
578.000000 0.213865
579.000000 0.466489
580.000000 0.244334
581.000000 0.371867
582.000000 0.466358
583.000000 0.246701
584.000000 0.239423
585.000000 0.248529
586.000000 0.708975
587.000000 0.242378
588.000000 0.285797
589.000000 0.265096
590.000000 0.147824
591.000000 0.121715
592.000000 0.465225
593.000000 0.211698
594.000000 0.436666
595.000000 0.181402
596.000000 0.357818
597.000000 0.114859
598.000000 0.338520
599.000000 0.263845
600.000000 0.347904
601.000000 0.225166
602.000000 0.277510
603.000000 0.155188
604.000000 0.236300
605.000000 0.374227
606.000000 0.351140
607.000000 0.105032
608.000000 0.376596
609.000000 0.201645
610.000000 0.268527
611.000000 0.267291
612.000000 0.223988
613.000000 0.257852
614.000000 0.350818
615.000000 0.160163
616.000000 0.267567
617.000000 0.305236
618.000000 0.504697
619.000000 0.415008
620.000000 0.341890
621.000000 0.152600
622.000000 0.151402
623.000000 0.261233
624.000000 0.585736
625.000000 0.184873
626.000000 0.393991
627.000000 0.429551
628.000000 0.220950
629.000000 0.300463
630.000000 0.381328
631.000000 0.259204
632.000000 0.068268
633.000000 0.233886
634.000000 0.191507
635.000000 0.266669
636.000000 0.157970
637.000000 0.445284
638.000000 0.140284
639.000000 0.241064
640.000000 0.250300
641.000000 0.258045
642.000000 0.316186
643.000000 0.213671
644.000000 0.351867
645.000000 0.338392
646.000000 0.226041
647.000000 0.271048
648.000000 0.395179
649.000000 0.252015
650.000000 0.027449
651.000000 0.149853
652.000000 0.168363
653.000000 0.129168
654.000000 0.422713
655.000000 0.086844
656.000000 0.183571
657.000000 0.083094
658.000000 0.386600
659.000000 0.398730
660.000000 0.471452
661.000000 0.128873
662.000000 0.166846
663.000000 0.218037
664.000000 0.276108
665.000000 0.126668
666.000000 0.401037
667.000000 0.117914
668.000000 0.150755
669.000000 0.411002
670.000000 0.197560
671.000000 0.192941
672.000000 0.381924
673.000000 0.212321
674.000000 0.152101
675.000000 0.168693
676.000000 0.176457
677.000000 0.385742
678.000000 0.018447
679.000000 0.361590
680.000000 0.368218
681.000000 0.070483
682.000000 0.296005
683.000000 0.041907
684.000000 0.266588
685.000000 0.225561
686.000000 0.110933
687.000000 0.321948
688.000000 0.398265
689.000000 0.175122
690.000000 0.127310
691.000000 0.094619
692.000000 0.248726
693.000000 0.027763
694.000000 0.130762
695.000000 0.034763
696.000000 0.314357
697.000000 0.376597
698.000000 0.368616
699.000000 0.417372
700.000000 0.185687
701.000000 0.245564
702.000000 0.286129
703.000000 0.393464
704.000000 0.091414
705.000000 0.117807
706.000000 0.397372
707.000000 0.172960
708.000000 0.020247
709.000000 0.487021
710.000000 0.444949
711.000000 0.289240
712.000000 0.398095
713.000000 0.301407
714.000000 0.080974
715.000000 0.329139
716.000000 0.220752
717.000000 0.561643
718.000000 0.207665
719.000000 0.364052
720.000000 0.213910
721.000000 0.058118
722.000000 0.112991
723.000000 0.193896
724.000000 0.209865
725.000000 0.328934
726.000000 0.280957
727.000000 0.129034
728.000000 0.093431
729.000000 0.429597
730.000000 0.262053
731.000000 0.198312
732.000000 0.220270
733.000000 0.195276
734.000000 0.410660
735.000000 0.371047
736.000000 0.241237
737.000000 0.305388
738.000000 0.225622
739.000000 0.148770
740.000000 0.231342
741.000000 0.359796
742.000000 0.228811
743.000000 0.348465
744.000000 0.156456
745.000000 0.142160
746.000000 0.241523
747.000000 0.261468
748.000000 0.223005
749.000000 0.440318
750.000000 0.252023
751.000000 0.318787
752.000000 0.153302
753.000000 0.149854
754.000000 0.377312
755.000000 0.304596
756.000000 0.310490
757.000000 0.174965
758.000000 0.100732
759.000000 0.088896
760.000000 0.285735
761.000000 0.386315
762.000000 0.257692
763.000000 0.157428
764.000000 0.221612
765.000000 0.260809
766.000000 0.169053
767.000000 0.293266
768.000000 0.102942
769.000000 0.070961
770.000000 0.277898
771.000000 0.133559
772.000000 0.256004
773.000000 0.247701
774.000000 0.362526
775.000000 0.141186
776.000000 0.072431
777.000000 0.429949
778.000000 0.030675
779.000000 0.308339
780.000000 0.362654
781.000000 0.169543
782.000000 0.234366
783.000000 0.139208
784.000000 0.043661
785.000000 0.175519
786.000000 0.264133
787.000000 0.142781
788.000000 0.289559
789.000000 0.187956
790.000000 0.242080
791.000000 0.368677
792.000000 0.232151
793.000000 0.615485
794.000000 0.045324
795.000000 0.293709
796.000000 0.341347
797.000000 0.105286
798.000000 0.369432
799.000000 0.483601
800.000000 0.248494
801.000000 0.026281
802.000000 0.191009
803.000000 0.156683
804.000000 0.345646
805.000000 0.177291
806.000000 0.385749
807.000000 0.144511
808.000000 0.343668
809.000000 0.041179
810.000000 0.203266
811.000000 0.423341
812.000000 0.431815
813.000000 0.365623
814.000000 0.350171
815.000000 0.277015
816.000000 0.217562
817.000000 0.332271
818.000000 0.287901
819.000000 0.135305
820.000000 0.449512
821.000000 0.049528
822.000000 0.621579
823.000000 0.301684
824.000000 0.356045
825.000000 0.188824
826.000000 0.218865
827.000000 0.233128
828.000000 0.138957
829.000000 0.237511
830.000000 0.230419
831.000000 0.243946
832.000000 0.419725
833.000000 0.286437
834.000000 0.232950
835.000000 0.067065
836.000000 0.218891
837.000000 0.265294
838.000000 0.191728
839.000000 0.677321
840.000000 0.292746
841.000000 0.534978
842.000000 0.073378
843.000000 0.238352
844.000000 0.200006
845.000000 0.400620
846.000000 0.115050
847.000000 0.282176
848.000000 0.111809
849.000000 0.105862
850.000000 0.177594
851.000000 0.128811
852.000000 0.200720
853.000000 0.184769
854.000000 0.399324
855.000000 0.310033
856.000000 0.114439
857.000000 0.523004
858.000000 0.428406
859.000000 0.461123
860.000000 0.268758
861.000000 0.180191
862.000000 0.147151
863.000000 0.274157
864.000000 0.156606
865.000000 0.285624
866.000000 0.295316
867.000000 0.248945
868.000000 0.305933
869.000000 0.132579
870.000000 0.179477
871.000000 0.217632
872.000000 0.231919
873.000000 0.111299
874.000000 0.286175
875.000000 0.399641
876.000000 0.212017
877.000000 0.129149
878.000000 0.335614
879.000000 0.101830
880.000000 0.139958
881.000000 0.321901
882.000000 0.445929
883.000000 0.493004
884.000000 0.257747
885.000000 0.130889
886.000000 0.211705
887.000000 0.187619
888.000000 0.182773
889.000000 0.406575
890.000000 0.204283
891.000000 0.158648
892.000000 0.165119
893.000000 0.092136
894.000000 0.360286
895.000000 0.384475
896.000000 0.219373
897.000000 0.085083
898.000000 0.135339
899.000000 0.090668
900.000000 0.038135
901.000000 0.171377
902.000000 0.170313
903.000000 0.481574
904.000000 0.367153
905.000000 0.363306
906.000000 0.236173
907.000000 0.233305
908.000000 0.236673
909.000000 0.338390
910.000000 0.367830
911.000000 0.341400
912.000000 0.122214
913.000000 0.076263
914.000000 0.229303
915.000000 0.307692
916.000000 0.277144
917.000000 0.048707
918.000000 0.208377
919.000000 0.200889
920.000000 0.396851
921.000000 0.084495
922.000000 0.300040
923.000000 0.478992
924.000000 0.167318
925.000000 0.098133
926.000000 0.319485
927.000000 0.150982
928.000000 0.221613
929.000000 0.063590
930.000000 0.486076
931.000000 0.078335
932.000000 0.279321
933.000000 0.202032
934.000000 0.276443
935.000000 0.164482
936.000000 0.026683
937.000000 0.289263
938.000000 0.214422
939.000000 0.323013
940.000000 0.130545
941.000000 0.563308
942.000000 0.090430
943.000000 0.394353
944.000000 0.262623
945.000000 0.464448
946.000000 0.170496
947.000000 0.241811
948.000000 0.279898
949.000000 0.328118
950.000000 0.065124
951.000000 0.333886
952.000000 0.414663
953.000000 0.144394
954.000000 0.251240
955.000000 0.243420
956.000000 0.374585
957.000000 0.169072
958.000000 0.617055
959.000000 0.761624
960.000000 0.255270
961.000000 0.224149
962.000000 0.370353
963.000000 0.245446
964.000000 0.123064
965.000000 0.233535
966.000000 0.078901
967.000000 0.162769
968.000000 0.503816
969.000000 0.287318
970.000000 0.196297
971.000000 0.234326
972.000000 0.139086
973.000000 0.382495
974.000000 0.082901
975.000000 0.226839
976.000000 0.137888
977.000000 0.406204
978.000000 0.341730
979.000000 0.257736
980.000000 0.466326
981.000000 0.297359
982.000000 0.179740
983.000000 0.301140
984.000000 0.124228
985.000000 0.032419
986.000000 0.179904
987.000000 0.453063
988.000000 0.221782
989.000000 0.175695
990.000000 0.366937
991.000000 0.310231
992.000000 0.037786
993.000000 0.433556
994.000000 0.292059
995.000000 0.192588
996.000000 0.205087
997.000000 0.059867
998.000000 0.540259
999.000000 0.308431
1000.000000 0.289006
1001.000000 0.312109
1002.000000 0.300353
1003.000000 0.675293
1004.000000 0.163981
1005.000000 0.367096
1006.000000 0.422153
1007.000000 0.318405
1008.000000 0.179304
1009.000000 0.180888
1010.000000 0.238988
1011.000000 0.479147
1012.000000 0.178129
1013.000000 0.262210
1014.000000 0.261856
1015.000000 0.221633
1016.000000 0.108375
1017.000000 0.324874
1018.000000 0.079023
1019.000000 0.372246
1020.000000 0.402041
1021.000000 0.283599
1022.000000 0.309729
1023.000000 0.346215
1024.000000 0.278897
1025.000000 0.056182
1026.000000 0.177228
1027.000000 0.152841
1028.000000 0.398530
1029.000000 0.354389
1030.000000 0.459320
1031.000000 0.129678
1032.000000 0.389470
1033.000000 0.080578
1034.000000 0.277806
1035.000000 0.384014
1036.000000 0.291207
1037.000000 0.177909
1038.000000 0.067180
1039.000000 0.306469
1040.000000 0.081446
1041.000000 0.358888
1042.000000 0.397399
1043.000000 0.109081
1044.000000 0.118580
1045.000000 0.303593
1046.000000 0.525092
1047.000000 0.091956
1048.000000 0.111958
1049.000000 0.284833
1050.000000 0.393046
1051.000000 0.137216
1052.000000 0.263155
1053.000000 0.273797
1054.000000 0.059061
1055.000000 0.309930
1056.000000 0.311111
1057.000000 0.055051
1058.000000 0.296866
1059.000000 0.133485
1060.000000 0.345255
1061.000000 0.338493
1062.000000 0.291558
1063.000000 0.150332
1064.000000 0.342935
1065.000000 0.208055
1066.000000 0.442274
1067.000000 0.119268
1068.000000 0.301506
1069.000000 0.143595
1070.000000 0.304390
1071.000000 0.126524
1072.000000 0.232757
1073.000000 0.297934
1074.000000 0.414523
1075.000000 0.317395
1076.000000 0.518542
1077.000000 0.180421
1078.000000 0.202440
1079.000000 0.142975
1080.000000 0.255413
1081.000000 0.223613
1082.000000 0.379072
1083.000000 0.267265
1084.000000 0.250729
1085.000000 0.408747
1086.000000 0.155453
1087.000000 0.483844
1088.000000 0.294561
1089.000000 0.232710
1090.000000 0.279788
1091.000000 0.160648
1092.000000 0.198511
1093.000000 0.421625
1094.000000 0.097701
1095.000000 0.310174
1096.000000 0.291520
1097.000000 0.318136
1098.000000 0.176673
1099.000000 0.382990
1100.000000 0.434317
1101.000000 0.235209
1102.000000 0.278221
1103.000000 0.380937
1104.000000 0.038019
1105.000000 0.415675
1106.000000 0.100892
1107.000000 0.163733
1108.000000 0.379321
1109.000000 0.277501
1110.000000 0.426762
1111.000000 0.382126
1112.000000 0.122400
1113.000000 0.262693
1114.000000 0.284916
1115.000000 0.244682
1116.000000 0.106838
1117.000000 0.124568
1118.000000 0.379077
1119.000000 0.255886
1120.000000 0.193101
1121.000000 0.188843
1122.000000 0.416864
1123.000000 0.353415
1124.000000 0.521570
1125.000000 0.527455
1126.000000 0.510327
1127.000000 0.390674
1128.000000 0.441603
1129.000000 0.298770
1130.000000 0.383597
1131.000000 0.337428
1132.000000 0.327464
1133.000000 0.325496
1134.000000 0.324316
1135.000000 0.055903
1136.000000 0.376469
1137.000000 0.138063
1138.000000 0.323836
1139.000000 0.288266
1140.000000 0.315198
1141.000000 0.258289
1142.000000 0.304960
1143.000000 0.045798
1144.000000 0.249863
1145.000000 0.059319
1146.000000 0.250577
1147.000000 0.144223
1148.000000 0.289919
1149.000000 0.377810
1150.000000 0.375441
1151.000000 0.025728
1152.000000 0.303950
1153.000000 0.217690
1154.000000 0.060101
1155.000000 0.286473
1156.000000 0.310014
1157.000000 0.208701
1158.000000 0.213515
1159.000000 0.270506
1160.000000 0.234560
1161.000000 0.182653
1162.000000 0.267361
1163.000000 0.300915
1164.000000 0.579167
1165.000000 0.153105
1166.000000 0.312852
1167.000000 0.577497
1168.000000 0.395502
1169.000000 0.334773
1170.000000 0.200423
1171.000000 0.265125
1172.000000 0.414013
1173.000000 0.420917
1174.000000 0.364035
1175.000000 0.203850
1176.000000 0.319110
1177.000000 0.502750
1178.000000 0.235287
1179.000000 0.257990
1180.000000 0.258843
1181.000000 0.050745
1182.000000 0.248334
1183.000000 0.248164
1184.000000 0.414779
1185.000000 0.135570
1186.000000 0.062930
1187.000000 0.222661
1188.000000 0.402900
1189.000000 0.175861
1190.000000 0.334115
1191.000000 0.093394
1192.000000 0.489124
1193.000000 0.211170
1194.000000 0.205257
1195.000000 0.120846
1196.000000 0.291143
1197.000000 0.308017
1198.000000 0.240090
1199.000000 0.405058
1200.000000 0.224493
1201.000000 0.177247
1202.000000 0.194173
1203.000000 0.203570
1204.000000 0.268436
1205.000000 0.149347
1206.000000 0.291888
1207.000000 0.061952
1208.000000 0.230168
1209.000000 0.306844
1210.000000 0.210596
1211.000000 0.329598
1212.000000 0.155765
1213.000000 0.182418
1214.000000 0.408094
1215.000000 0.094034
1216.000000 0.402759
1217.000000 0.532011
1218.000000 0.248447
1219.000000 0.261075
1220.000000 0.307294
1221.000000 0.289273
1222.000000 0.178981
1223.000000 0.130975
1224.000000 0.162704
1225.000000 0.337893
1226.000000 0.226355
1227.000000 0.149516
1228.000000 0.053738
1229.000000 0.453878
1230.000000 0.245415
1231.000000 0.047236
1232.000000 0.217289
1233.000000 0.110486
1234.000000 0.192415
1235.000000 0.339872
1236.000000 0.066814
1237.000000 0.342705
1238.000000 0.370605
1239.000000 0.149169
1240.000000 0.156048
1241.000000 0.253857
1242.000000 0.409789
1243.000000 0.359701
1244.000000 0.210901
1245.000000 0.420256
1246.000000 0.281476
1247.000000 0.091079
1248.000000 0.347347
1249.000000 0.089081
1250.000000 0.412966
1251.000000 0.318288
1252.000000 0.123958
1253.000000 0.133587
1254.000000 0.067416
1255.000000 0.140026
1256.000000 0.200339
1257.000000 0.536647
1258.000000 0.215976
1259.000000 0.217348
1260.000000 0.386520
1261.000000 0.162166
1262.000000 0.167918
1263.000000 0.381906
1264.000000 0.192809
1265.000000 0.331884
1266.000000 0.128633
1267.000000 0.273864
1268.000000 0.329170
1269.000000 0.187757
1270.000000 0.337862
1271.000000 0.125537
1272.000000 0.331761
1273.000000 0.278373
1274.000000 0.270523
1275.000000 0.120048
1276.000000 0.239466
1277.000000 0.421062
1278.000000 0.312032
1279.000000 0.118946
1280.000000 0.092719
1281.000000 0.179396
1282.000000 0.459173
1283.000000 0.216084
1284.000000 0.151636
1285.000000 0.297541
1286.000000 0.172082
1287.000000 0.188594
1288.000000 0.240646
1289.000000 0.100888
1290.000000 0.311912
1291.000000 0.069478
1292.000000 0.344401
1293.000000 0.492611
1294.000000 0.150528
1295.000000 0.300453
1296.000000 0.338503
1297.000000 0.381500
1298.000000 0.070248
1299.000000 0.407334
1300.000000 0.188624
1301.000000 0.058879
1302.000000 0.430030
1303.000000 0.361964
1304.000000 0.307292
1305.000000 0.216031
1306.000000 0.104437
1307.000000 0.386777
1308.000000 0.336662
1309.000000 0.308343
1310.000000 0.276124
1311.000000 0.044549
1312.000000 0.091830
1313.000000 0.162106
1314.000000 0.341364
1315.000000 0.459153
1316.000000 0.391892
1317.000000 0.503137
1318.000000 0.099988
1319.000000 0.194913
1320.000000 0.217981
1321.000000 0.326999
1322.000000 0.589906
1323.000000 0.300605
1324.000000 0.267374
1325.000000 0.212899
1326.000000 0.333771
1327.000000 0.433594
1328.000000 0.297028
1329.000000 0.230633
1330.000000 0.371678
1331.000000 0.182151
1332.000000 0.470140
1333.000000 0.126123
1334.000000 0.268898
1335.000000 0.473226
1336.000000 0.215915
1337.000000 0.456092
1338.000000 0.212543
1339.000000 0.151524
1340.000000 0.247842
1341.000000 0.149717
1342.000000 0.113711
1343.000000 0.118080
1344.000000 0.305933
1345.000000 0.280462
1346.000000 0.115163
1347.000000 0.288263
1348.000000 0.163075
1349.000000 0.244640
1350.000000 0.265125
1351.000000 0.086715
1352.000000 0.325470
1353.000000 0.170724
1354.000000 0.226239
1355.000000 0.076197
1356.000000 0.215090
1357.000000 0.211813
1358.000000 0.242893
1359.000000 0.198178
1360.000000 0.269939
1361.000000 0.122954
1362.000000 0.196358
1363.000000 0.372357
1364.000000 0.188337
1365.000000 0.042785
1366.000000 0.230836
1367.000000 0.204189
1368.000000 0.087112
1369.000000 0.317375
1370.000000 0.310098
1371.000000 0.244612
1372.000000 0.239752
1373.000000 0.491876
1374.000000 0.405380
1375.000000 0.339432
1376.000000 0.090113
1377.000000 0.301932
1378.000000 0.385283
1379.000000 0.298305
1380.000000 0.292691
1381.000000 0.287098
1382.000000 0.089380
1383.000000 0.307468
1384.000000 0.163067
1385.000000 0.194086
1386.000000 0.275528
1387.000000 0.209347
1388.000000 0.215079
1389.000000 0.065793
1390.000000 0.225644
1391.000000 0.346234
1392.000000 0.521656
1393.000000 0.069505
1394.000000 0.273849
1395.000000 0.327026
1396.000000 0.231658
1397.000000 0.096760
1398.000000 0.290210
1399.000000 0.103310
1400.000000 0.122154
1401.000000 0.316744
1402.000000 0.243084
1403.000000 0.239380
1404.000000 0.315215
1405.000000 0.092769
1406.000000 0.193849
1407.000000 0.138018
1408.000000 0.090945
1409.000000 0.233637
1410.000000 0.397284
1411.000000 0.236596
1412.000000 0.165397
1413.000000 0.352902
1414.000000 0.103106
1415.000000 0.251016
1416.000000 0.284949
1417.000000 0.326422
1418.000000 0.205141
1419.000000 0.090719
1420.000000 0.201621
1421.000000 0.106797
1422.000000 0.352475
1423.000000 0.256158
1424.000000 0.258730
1425.000000 0.172820
1426.000000 0.262357
1427.000000 0.137020
1428.000000 0.460879
1429.000000 0.215282
1430.000000 0.424774
1431.000000 0.070950
1432.000000 0.446410
1433.000000 0.292508
1434.000000 0.082558
1435.000000 0.270531
1436.000000 0.292125
1437.000000 0.112659
1438.000000 0.051128
1439.000000 0.416930
1440.000000 0.146344
1441.000000 0.284242
1442.000000 0.051179
1443.000000 0.354135
1444.000000 0.181295
1445.000000 0.308539
1446.000000 0.150333
1447.000000 0.210170
1448.000000 0.201322
1449.000000 0.343836
1450.000000 0.090400
1451.000000 0.571799
1452.000000 0.147307
1453.000000 0.307984
1454.000000 0.433791
1455.000000 0.584782
1456.000000 0.412885
1457.000000 0.259122
1458.000000 0.250210
1459.000000 0.700108
1460.000000 0.352053
1461.000000 0.271174
1462.000000 0.088122
1463.000000 0.363391
1464.000000 0.282322
1465.000000 0.202312
1466.000000 0.183161
1467.000000 0.352579
1468.000000 0.328604
1469.000000 0.218253
1470.000000 0.270516
1471.000000 0.122155
1472.000000 0.310832
1473.000000 0.118966
1474.000000 0.053579
1475.000000 0.435876
1476.000000 0.317526
1477.000000 0.296574
1478.000000 0.112602
1479.000000 0.016112
1480.000000 0.106832
1481.000000 0.136002
1482.000000 0.336345
1483.000000 0.173615
1484.000000 0.034990
1485.000000 0.332096
1486.000000 0.296717
1487.000000 0.212318
1488.000000 0.331476
1489.000000 0.090204
1490.000000 0.270420
1491.000000 0.475446
1492.000000 0.331645
1493.000000 0.297703
1494.000000 0.217326
1495.000000 0.390984
1496.000000 0.386365
1497.000000 0.254912
1498.000000 0.258582
1499.000000 0.351734
1500.000000 0.136491
1501.000000 0.283988
1502.000000 0.235328
1503.000000 0.359099
1504.000000 0.202791
1505.000000 0.418529
1506.000000 0.260736
1507.000000 0.302295
1508.000000 0.330135
1509.000000 0.454042
1510.000000 0.198752
1511.000000 0.165922
1512.000000 0.145881
1513.000000 0.207358
1514.000000 0.250458
1515.000000 0.353450
1516.000000 0.245606
1517.000000 0.157767
1518.000000 0.301221
1519.000000 0.307333
1520.000000 0.361282
1521.000000 0.200375
1522.000000 0.478125
1523.000000 0.323332
1524.000000 0.476420
1525.000000 0.070876
1526.000000 0.304416
1527.000000 0.436080
1528.000000 0.252440
1529.000000 0.455592
1530.000000 0.220770
1531.000000 0.310010
1532.000000 0.276023
1533.000000 0.252992
1534.000000 0.244789
1535.000000 0.484522
1536.000000 0.210206
1537.000000 0.281969
1538.000000 0.109962
1539.000000 0.233043
1540.000000 0.283037
1541.000000 0.180323
1542.000000 0.161820
1543.000000 0.107067
1544.000000 0.083085
1545.000000 0.264082
1546.000000 0.327462
1547.000000 0.206961
1548.000000 0.240580
1549.000000 0.383218
1550.000000 0.210788
1551.000000 0.224217
1552.000000 0.388912
1553.000000 0.274919
1554.000000 0.350650
1555.000000 0.220601
1556.000000 0.221087
1557.000000 0.300250
1558.000000 0.147435
1559.000000 0.191447
1560.000000 0.071500
1561.000000 0.209341
1562.000000 0.206421
1563.000000 0.222528
1564.000000 0.356397
1565.000000 0.251054
1566.000000 0.581459
1567.000000 0.209942
1568.000000 0.128862
1569.000000 0.166326
1570.000000 0.270719
1571.000000 0.479639
1572.000000 0.262020
1573.000000 0.173406
1574.000000 0.154550
1575.000000 0.048222
1576.000000 0.022376
1577.000000 0.329016
1578.000000 0.148596
1579.000000 0.208459
1580.000000 0.130329
1581.000000 0.245147
1582.000000 0.257269
1583.000000 0.398695
1584.000000 0.111312
1585.000000 0.180327
1586.000000 0.425576
1587.000000 0.319590
1588.000000 0.118666
1589.000000 0.247168
1590.000000 0.523064
1591.000000 0.256575
1592.000000 0.202523
1593.000000 0.101211
1594.000000 0.272188
1595.000000 0.095904
1596.000000 0.197688
1597.000000 0.240687
1598.000000 0.631349
1599.000000 0.499190
1600.000000 0.191044
1601.000000 0.492487
1602.000000 0.104999
1603.000000 0.064106
1604.000000 0.433790
1605.000000 0.112539
1606.000000 0.391656
1607.000000 0.106066
1608.000000 0.185680
1609.000000 0.174919
1610.000000 0.141968
1611.000000 0.455393
1612.000000 0.142098
1613.000000 0.309500
1614.000000 0.171456
1615.000000 0.192379
1616.000000 0.299795
1617.000000 0.138675
1618.000000 0.350671
1619.000000 0.389944
1620.000000 0.127142
1621.000000 0.200208
1622.000000 0.185212
1623.000000 0.234952
1624.000000 0.263991
1625.000000 0.513443
1626.000000 0.489513
1627.000000 0.318462
1628.000000 0.275712
1629.000000 0.301072
1630.000000 0.247760
1631.000000 0.154409
1632.000000 0.436217
1633.000000 0.141130
1634.000000 0.369509
1635.000000 0.135180
1636.000000 0.212104
1637.000000 0.339741
1638.000000 0.257288
1639.000000 0.214410
1640.000000 0.322220
1641.000000 0.193669
1642.000000 0.186267
1643.000000 0.388815
1644.000000 0.290569
1645.000000 0.271323
1646.000000 0.316370
1647.000000 0.323762
1648.000000 0.094605
1649.000000 0.233252
1650.000000 0.356960
1651.000000 0.268191
1652.000000 0.285120
1653.000000 0.135008
1654.000000 0.366374
1655.000000 0.398101
1656.000000 0.413717
1657.000000 0.082196
1658.000000 0.368611
1659.000000 0.242878
1660.000000 0.079603
1661.000000 0.283203
1662.000000 0.439553
1663.000000 0.127082
1664.000000 0.142511
1665.000000 0.424654
1666.000000 0.026256
1667.000000 0.151657
1668.000000 0.358530
1669.000000 0.114917
1670.000000 0.301632
1671.000000 0.192065
1672.000000 0.334605
1673.000000 0.091494
1674.000000 0.110544
1675.000000 0.108529
1676.000000 0.168537
1677.000000 0.377000
1678.000000 0.358417
1679.000000 0.345078
1680.000000 0.290537
1681.000000 0.437191
1682.000000 0.256466
1683.000000 0.045057
1684.000000 0.057759
1685.000000 0.346657
1686.000000 0.374825
1687.000000 0.393290
1688.000000 0.316684
1689.000000 0.283123
1690.000000 0.290074
1691.000000 0.093224
1692.000000 0.292836
1693.000000 0.223802
1694.000000 0.279821
1695.000000 0.116540
1696.000000 0.337681
1697.000000 0.363186
1698.000000 0.327368
1699.000000 0.196350
1700.000000 0.079351
1701.000000 0.216826
1702.000000 0.088630
1703.000000 0.297691
1704.000000 0.225547
1705.000000 0.437426
1706.000000 0.264675
1707.000000 0.115661
1708.000000 0.206794
1709.000000 0.110859
1710.000000 0.100161
1711.000000 0.412358
1712.000000 0.431807
1713.000000 0.388471
1714.000000 0.640532
1715.000000 0.233380
1716.000000 0.243339
1717.000000 0.553713
1718.000000 0.232923
1719.000000 0.160186
1720.000000 0.345469
1721.000000 0.240645
1722.000000 0.308843
1723.000000 0.112980
1724.000000 0.390935
1725.000000 0.436537
1726.000000 0.185457
1727.000000 0.381890
1728.000000 0.127791
1729.000000 0.255810
1730.000000 0.044631
1731.000000 0.536396
1732.000000 0.249221
1733.000000 0.295661
1734.000000 0.176928
1735.000000 0.288095
1736.000000 0.591905
1737.000000 0.232723
1738.000000 0.173846
1739.000000 0.091957
1740.000000 0.030785
1741.000000 0.143040
1742.000000 0.147004
1743.000000 0.274479
1744.000000 0.190313
1745.000000 0.309513
1746.000000 0.256673
1747.000000 0.329229
1748.000000 0.183488
1749.000000 0.187479
1750.000000 0.328098
1751.000000 0.349175
1752.000000 0.337238
1753.000000 0.109639
1754.000000 0.377601
1755.000000 0.334109
1756.000000 0.278595
1757.000000 0.370853
1758.000000 0.336901
1759.000000 0.241922
1760.000000 0.319230
1761.000000 0.182519
1762.000000 0.297919
1763.000000 0.183970
1764.000000 0.265472
1765.000000 0.596006
1766.000000 0.075966
1767.000000 0.222268
1768.000000 0.306849
1769.000000 0.062795
1770.000000 0.187434
1771.000000 0.037440
1772.000000 0.126555
1773.000000 0.074431
1774.000000 0.215377
1775.000000 0.097699
1776.000000 0.110281
1777.000000 0.410023
1778.000000 0.116714
1779.000000 0.445127
1780.000000 0.351775
1781.000000 0.263853
1782.000000 0.092639
1783.000000 0.533934
1784.000000 0.192457
1785.000000 0.273830
1786.000000 0.113151
1787.000000 0.089274
1788.000000 0.326565
1789.000000 0.128487
1790.000000 0.166194
1791.000000 0.290068
1792.000000 0.341457
1793.000000 0.302032
1794.000000 0.382095
1795.000000 0.351711
1796.000000 0.346310
1797.000000 0.103059
1798.000000 0.264586
1799.000000 0.168890
1800.000000 0.454709
1801.000000 0.320198
1802.000000 0.574456
1803.000000 0.236362
1804.000000 0.418939
1805.000000 0.112728
1806.000000 0.332345
1807.000000 0.314612
1808.000000 0.200479
1809.000000 0.274129
1810.000000 0.202047
1811.000000 0.246096
1812.000000 0.220608
1813.000000 0.191987
1814.000000 0.260087
1815.000000 0.273271
1816.000000 0.342081
1817.000000 0.172157
1818.000000 0.117709
1819.000000 0.497997
1820.000000 0.297187
1821.000000 0.224897
1822.000000 0.298528
1823.000000 0.273207
1824.000000 0.301338
1825.000000 0.239245
1826.000000 0.394997
1827.000000 0.305336
1828.000000 0.229542
1829.000000 0.501880
1830.000000 0.289130
1831.000000 0.222253
1832.000000 0.245835
1833.000000 0.247971
1834.000000 0.105545
1835.000000 0.195089
1836.000000 0.291936
1837.000000 0.444860
1838.000000 0.165525
1839.000000 0.189859
1840.000000 0.088220
1841.000000 0.107594
1842.000000 0.277535
1843.000000 0.126309
1844.000000 0.176464
1845.000000 0.248661
1846.000000 0.489046
1847.000000 0.274629
1848.000000 0.285471
1849.000000 0.515853
1850.000000 0.392299
1851.000000 0.398815
1852.000000 0.411321
1853.000000 0.463475
1854.000000 0.264001
1855.000000 0.432174
1856.000000 0.516371
1857.000000 0.358767
1858.000000 0.199722
1859.000000 0.203491
1860.000000 0.286233
1861.000000 0.400314
1862.000000 0.312686
1863.000000 0.394805
1864.000000 0.363422
1865.000000 0.276856
1866.000000 0.240907
1867.000000 0.027224
1868.000000 0.040746
1869.000000 0.442550
1870.000000 0.081891
1871.000000 0.080034
1872.000000 0.441119
1873.000000 0.272300
1874.000000 0.188711
1875.000000 0.168965
1876.000000 0.486089
1877.000000 0.252866
1878.000000 0.311528
1879.000000 0.114536
1880.000000 0.415474
1881.000000 0.377979
1882.000000 0.199738
1883.000000 0.242403
1884.000000 0.382128
1885.000000 0.211747
1886.000000 0.286301
1887.000000 0.347299
1888.000000 0.392545
1889.000000 0.336148
1890.000000 0.221507
1891.000000 0.132025
1892.000000 0.097761
1893.000000 0.223067
1894.000000 0.146401
1895.000000 0.289412
1896.000000 0.316445
1897.000000 0.239791
1898.000000 0.181136
1899.000000 0.114161
1900.000000 0.116974
1901.000000 0.037052
1902.000000 0.379678
1903.000000 0.237475
1904.000000 0.132138
1905.000000 0.195200
1906.000000 0.254327
1907.000000 0.241242
1908.000000 0.180215
1909.000000 0.250686
1910.000000 0.476075
1911.000000 0.383064
1912.000000 0.392678
1913.000000 0.182473
1914.000000 0.081490
1915.000000 0.294699
1916.000000 0.042622
1917.000000 0.255318
1918.000000 0.109813
1919.000000 0.124783
1920.000000 0.411376
1921.000000 0.282314
1922.000000 0.225443
1923.000000 0.265403
1924.000000 0.277578
1925.000000 0.214402
1926.000000 0.274335
1927.000000 0.327873
1928.000000 0.386311
1929.000000 0.498607
1930.000000 0.444350
1931.000000 0.221341
1932.000000 0.181056
1933.000000 0.153825
1934.000000 0.273283
1935.000000 0.419976
1936.000000 0.233133
1937.000000 0.126429
1938.000000 0.161275
1939.000000 0.108046
1940.000000 0.297708
1941.000000 0.135626
1942.000000 0.059051
1943.000000 0.104164
1944.000000 0.424215
1945.000000 0.396459
1946.000000 0.132763
1947.000000 0.331593
1948.000000 0.458059
1949.000000 0.190641
1950.000000 0.192156
1951.000000 0.329669
1952.000000 0.112854
1953.000000 0.196564
1954.000000 0.276893
1955.000000 0.016962
1956.000000 0.259183
1957.000000 0.238298
1958.000000 0.187984
1959.000000 0.274266
1960.000000 0.156592
1961.000000 0.174057
1962.000000 0.461468
1963.000000 0.238238
1964.000000 0.372151
1965.000000 0.215436
1966.000000 0.424114
1967.000000 0.017844
1968.000000 0.168564
1969.000000 0.172283
1970.000000 0.178593
1971.000000 0.339914
1972.000000 0.144631
1973.000000 0.378620
1974.000000 0.251023
1975.000000 0.300667
1976.000000 0.273747
1977.000000 0.289009
1978.000000 0.255735
1979.000000 0.293432
1980.000000 0.322532
1981.000000 0.334294
1982.000000 0.138967
1983.000000 0.371068
1984.000000 0.299816
1985.000000 0.247856
1986.000000 0.503888
1987.000000 0.093754
1988.000000 0.279899
1989.000000 0.225316
1990.000000 0.058029
1991.000000 0.590386
1992.000000 0.338091
1993.000000 0.342294
1994.000000 0.348516
1995.000000 0.356339
1996.000000 0.352464
1997.000000 0.100885
1998.000000 0.375986
1999.000000 0.316373
2000.000000 0.248434
2001.000000 0.361303
2002.000000 0.247649
2003.000000 0.368421
2004.000000 0.338730
2005.000000 0.336318
2006.000000 0.191457
2007.000000 0.125168
2008.000000 0.384498
2009.000000 0.223398
2010.000000 0.450026
2011.000000 0.337373
2012.000000 0.109834
2013.000000 0.478460
2014.000000 0.111154
2015.000000 0.185929
2016.000000 0.218686
2017.000000 0.495828
2018.000000 0.166229
2019.000000 0.287257
2020.000000 0.067584
2021.000000 0.163656
2022.000000 0.169543
2023.000000 0.067653
2024.000000 0.173699
2025.000000 0.408011
2026.000000 0.291686
2027.000000 0.152898
2028.000000 0.448852
2029.000000 0.310707
2030.000000 0.256270
2031.000000 0.292475
2032.000000 0.091711
2033.000000 0.052189
2034.000000 0.054841
2035.000000 0.158744
2036.000000 0.281080
2037.000000 0.080322
2038.000000 0.132491
2039.000000 0.392202
2040.000000 0.282922
2041.000000 0.155843
2042.000000 0.384808
2043.000000 0.182222
2044.000000 0.055403
2045.000000 0.335291
2046.000000 0.108578
2047.000000 0.163496
2048.000000 0.326948
2049.000000 0.496813
2050.000000 0.187690
2051.000000 0.240171
2052.000000 0.031736
2053.000000 0.132648
2054.000000 0.305575
2055.000000 0.077426
2056.000000 0.472582
2057.000000 0.304962
2058.000000 0.176014
2059.000000 0.101572
2060.000000 0.368851
2061.000000 0.274955
2062.000000 0.292041
2063.000000 0.257831
2064.000000 0.210303
2065.000000 0.057828
2066.000000 0.332949
2067.000000 0.368177
2068.000000 0.151370
2069.000000 0.349642
2070.000000 0.142012
2071.000000 0.130895
2072.000000 0.158921
2073.000000 0.117837
2074.000000 0.075626
2075.000000 0.492635
2076.000000 0.201248
2077.000000 0.278244
2078.000000 0.171944
2079.000000 0.430405
2080.000000 0.094398
2081.000000 0.290861
2082.000000 0.234655
2083.000000 0.188822
2084.000000 0.032569
2085.000000 0.388613
2086.000000 0.179004
2087.000000 0.039836
2088.000000 0.420235
2089.000000 0.036189
2090.000000 0.253003
2091.000000 0.449853
2092.000000 0.346213
2093.000000 0.266288
2094.000000 0.413140
2095.000000 0.127318
2096.000000 0.137601
2097.000000 0.347481
2098.000000 0.262631
2099.000000 0.175866
2100.000000 0.069177
2101.000000 0.294304
2102.000000 0.171723
2103.000000 0.210787
2104.000000 0.191254
2105.000000 0.249355
2106.000000 0.074005
2107.000000 0.014302
2108.000000 0.084052
2109.000000 0.379999
2110.000000 0.092031
2111.000000 0.348719
2112.000000 0.321090
2113.000000 0.458152
2114.000000 0.226637
2115.000000 0.364148
2116.000000 0.197980
2117.000000 0.258363
2118.000000 0.172979
2119.000000 0.571060
2120.000000 0.516424
2121.000000 0.288524
2122.000000 0.166118
2123.000000 0.093639
2124.000000 0.314131
2125.000000 0.238269
2126.000000 0.254703
2127.000000 0.322935
2128.000000 0.145731
2129.000000 0.307486
2130.000000 0.471837
2131.000000 0.125894
2132.000000 0.191957
2133.000000 0.162898
2134.000000 0.172374
2135.000000 0.179916
2136.000000 0.200091
2137.000000 0.211565
2138.000000 0.215593
2139.000000 0.360257
2140.000000 0.524568
2141.000000 0.173669
2142.000000 0.435687
2143.000000 0.310838
2144.000000 0.341183
2145.000000 0.369264
2146.000000 0.054284
2147.000000 0.301822
2148.000000 0.277182
2149.000000 0.396033
2150.000000 0.472578
2151.000000 0.237656
2152.000000 0.566300
2153.000000 0.232003
2154.000000 0.176719
2155.000000 0.057725
2156.000000 0.177852
2157.000000 0.052151
2158.000000 0.231424
2159.000000 0.148293
2160.000000 0.107145
2161.000000 0.315767
2162.000000 0.297165
2163.000000 0.055749
2164.000000 0.418513
2165.000000 0.064856
2166.000000 0.247460
2167.000000 0.177255
2168.000000 0.147267
2169.000000 0.166373
2170.000000 0.151051
2171.000000 0.144687
2172.000000 0.306052
2173.000000 0.174651
2174.000000 0.125322
2175.000000 0.174031
2176.000000 0.133835
2177.000000 0.467633
2178.000000 0.110134
2179.000000 0.193284
2180.000000 0.328639
2181.000000 0.254204
2182.000000 0.212846
2183.000000 0.256057
2184.000000 0.365133
2185.000000 0.230039
2186.000000 0.333763
2187.000000 0.084112
2188.000000 0.510068
2189.000000 0.346999
2190.000000 0.083721
2191.000000 0.273763
2192.000000 0.222320
2193.000000 0.227340
2194.000000 0.287733
2195.000000 0.451578
2196.000000 0.129501
2197.000000 0.210397
2198.000000 0.315373
2199.000000 0.287031
2200.000000 0.319738
2201.000000 0.266850
2202.000000 0.396552
2203.000000 0.206923
2204.000000 0.047769
2205.000000 0.410798
2206.000000 0.092305
2207.000000 0.374406
2208.000000 0.229509
2209.000000 0.143731
2210.000000 0.005409
2211.000000 0.350128
2212.000000 0.326344
2213.000000 0.168966
2214.000000 0.365505
2215.000000 0.348714
2216.000000 0.263101
2217.000000 0.314538
2218.000000 0.319444
2219.000000 0.229008
2220.000000 0.318473
2221.000000 0.202688
2222.000000 0.378178
2223.000000 0.317035
2224.000000 0.134373
2225.000000 0.212396
2226.000000 0.113263
2227.000000 0.523093
2228.000000 0.264233
2229.000000 0.194551
2230.000000 0.269292
2231.000000 0.219853
2232.000000 0.221148
2233.000000 0.283933
2234.000000 0.351408
2235.000000 0.094072
2236.000000 0.432437
2237.000000 0.295176
2238.000000 0.275982
2239.000000 0.439940
2240.000000 0.508239
2241.000000 0.062733
2242.000000 0.092224
2243.000000 0.043609
2244.000000 0.417933
2245.000000 0.319146
2246.000000 0.075784
2247.000000 0.377242
2248.000000 0.379960
2249.000000 0.474471
2250.000000 0.135732
2251.000000 0.072630
2252.000000 0.208478
2253.000000 0.251437
2254.000000 0.274368
2255.000000 0.148315
2256.000000 0.215797
2257.000000 0.106682
2258.000000 0.479096
2259.000000 0.106260
2260.000000 0.230580
2261.000000 0.431489
2262.000000 0.331777
2263.000000 0.431874
2264.000000 0.429196
2265.000000 0.454981
2266.000000 0.231820
2267.000000 0.243886
2268.000000 0.221722
2269.000000 0.373702
2270.000000 0.310488
2271.000000 0.228081
2272.000000 0.065623
2273.000000 0.069265
2274.000000 0.118425
2275.000000 0.103126
2276.000000 0.284339
2277.000000 0.315262
2278.000000 0.313252
2279.000000 0.501973
2280.000000 0.304757
2281.000000 0.295071
2282.000000 0.117455
2283.000000 0.082065
2284.000000 0.007659
2285.000000 0.322293
2286.000000 0.264252
2287.000000 0.260442
2288.000000 0.422156
2289.000000 0.318132
2290.000000 0.371674
2291.000000 0.292006
2292.000000 0.225543
2293.000000 0.212387
2294.000000 0.559648
2295.000000 0.284010
2296.000000 0.403435
2297.000000 0.353436
2298.000000 0.378459
2299.000000 0.114792
2300.000000 0.241414
2301.000000 0.376968
2302.000000 0.453868
2303.000000 0.362464
2304.000000 0.353152
2305.000000 0.129824
2306.000000 0.319745
2307.000000 0.278838
2308.000000 0.221339
2309.000000 0.446609
2310.000000 0.245275
2311.000000 0.165780
2312.000000 0.276705
2313.000000 0.387266
2314.000000 0.180986
2315.000000 0.263125
2316.000000 0.269848
2317.000000 0.465846
2318.000000 0.272585
2319.000000 0.549247
2320.000000 0.193801
2321.000000 0.194533
2322.000000 0.087298
2323.000000 0.274004
2324.000000 0.079851
2325.000000 0.442697
2326.000000 0.232509
2327.000000 0.198563
2328.000000 0.215972
2329.000000 0.431594
2330.000000 0.174534
2331.000000 0.249851
2332.000000 0.379407
2333.000000 0.494613
2334.000000 0.310424
2335.000000 0.326717
2336.000000 0.214798
2337.000000 0.413653
2338.000000 0.380771
2339.000000 0.275579
2340.000000 0.413889
2341.000000 0.477869
2342.000000 0.126412
2343.000000 0.085406
2344.000000 0.438775
2345.000000 0.182279
2346.000000 0.377769
2347.000000 0.120108
2348.000000 0.074381
2349.000000 0.163017
2350.000000 0.041241
2351.000000 0.282466
2352.000000 0.299380
2353.000000 0.148277
2354.000000 0.340940
2355.000000 0.102771
2356.000000 0.051254
2357.000000 0.113205
2358.000000 0.058340
2359.000000 0.057641
2360.000000 0.155366
2361.000000 0.149600
2362.000000 0.081583
2363.000000 0.084304
2364.000000 0.285531
2365.000000 0.291930
2366.000000 0.027552
2367.000000 0.144846
2368.000000 0.248421
2369.000000 0.419888
2370.000000 0.146454
2371.000000 0.230458
2372.000000 0.193980
2373.000000 0.145269
2374.000000 0.193943
2375.000000 0.185535
2376.000000 0.075046
2377.000000 0.047309
2378.000000 0.201008
2379.000000 0.307835
2380.000000 0.327810
2381.000000 0.158184
2382.000000 0.213061
2383.000000 0.167251
2384.000000 0.261317
2385.000000 0.105585
2386.000000 0.226839
2387.000000 0.133340
2388.000000 0.159069
2389.000000 0.315053
2390.000000 0.302287
2391.000000 0.298092
2392.000000 0.371672
2393.000000 0.408886
2394.000000 0.249944
2395.000000 0.240661
2396.000000 0.129306
2397.000000 0.282796
2398.000000 0.282675
2399.000000 0.137445
2400.000000 0.115423
2401.000000 0.291053
2402.000000 0.371293
2403.000000 0.282059
2404.000000 0.082623
2405.000000 0.318721
2406.000000 0.165133
2407.000000 0.109230
2408.000000 0.494716
2409.000000 0.365206
2410.000000 0.261257
2411.000000 0.324735
2412.000000 0.425152
2413.000000 0.297913
2414.000000 0.279073
2415.000000 0.146326
2416.000000 0.186863
2417.000000 0.539055
2418.000000 0.238656
2419.000000 0.191440
2420.000000 0.092641
2421.000000 0.293632
2422.000000 0.148868
2423.000000 0.280466
2424.000000 0.390598
2425.000000 0.487510
2426.000000 0.386255
2427.000000 0.121036
2428.000000 0.220053
2429.000000 0.495605
2430.000000 0.092687
2431.000000 0.228335
2432.000000 0.188323
2433.000000 0.334701
2434.000000 0.459769
2435.000000 0.265620
2436.000000 0.402138
2437.000000 0.552409
2438.000000 0.136925
2439.000000 0.379486
2440.000000 0.404577
2441.000000 0.321406
2442.000000 0.498380
2443.000000 0.379694
2444.000000 0.042510
2445.000000 0.186732
2446.000000 0.250494
2447.000000 0.196580
2448.000000 0.243962
2449.000000 0.368739
2450.000000 0.141442
2451.000000 0.178095
2452.000000 0.438974
2453.000000 0.239621
2454.000000 0.431713
2455.000000 0.218630
2456.000000 0.563489
2457.000000 0.057670
2458.000000 0.260626
2459.000000 0.293278
2460.000000 0.025228
2461.000000 0.122899
2462.000000 0.099450
2463.000000 0.189503
2464.000000 0.172717
2465.000000 0.171543
2466.000000 0.196524
2467.000000 0.231349
2468.000000 0.134835
2469.000000 0.111522
2470.000000 0.249355
2471.000000 0.151468
2472.000000 0.045855
2473.000000 0.204435
2474.000000 0.194981
2475.000000 0.102974
2476.000000 0.222786
2477.000000 0.621471
2478.000000 0.091374
2479.000000 0.263307
2480.000000 0.379819
2481.000000 0.251649
2482.000000 0.295484
2483.000000 0.192329
2484.000000 0.332759
2485.000000 0.090711
2486.000000 0.338240
2487.000000 0.199403
2488.000000 0.220602
2489.000000 0.345561
2490.000000 0.378183
2491.000000 0.244033
2492.000000 0.261297
2493.000000 0.317692
2494.000000 0.236534
2495.000000 0.433486
2496.000000 0.339076
2497.000000 0.202609
2498.000000 0.419022
2499.000000 0.331689
2500.000000 0.061102
2501.000000 0.191443
2502.000000 0.482641
2503.000000 0.241591
2504.000000 0.292317
2505.000000 0.141372
2506.000000 0.061127
2507.000000 0.249889
2508.000000 0.562896
2509.000000 0.284468
2510.000000 0.317208
2511.000000 0.362308
2512.000000 0.225036
2513.000000 0.286847
2514.000000 0.478115
2515.000000 0.244680
2516.000000 0.222836
2517.000000 0.213776
2518.000000 0.283585
2519.000000 0.116818
2520.000000 0.373820
2521.000000 0.096869
2522.000000 0.264521
2523.000000 0.273058
2524.000000 0.153767
2525.000000 0.077867
2526.000000 0.047399
2527.000000 0.257039
2528.000000 0.184818
2529.000000 0.376366
2530.000000 0.289349
2531.000000 0.250780
2532.000000 0.246823
2533.000000 0.133267
2534.000000 0.285836
2535.000000 0.118387
2536.000000 0.118255
2537.000000 0.090557
2538.000000 0.378899
2539.000000 0.101916
2540.000000 0.382434
2541.000000 0.205133
2542.000000 0.087669
2543.000000 0.302337
2544.000000 0.231223
2545.000000 0.239322
2546.000000 0.314262
2547.000000 0.503469
2548.000000 0.313010
2549.000000 0.273246
2550.000000 0.382103
2551.000000 0.451800
2552.000000 0.092718
2553.000000 0.386869
2554.000000 0.012066
2555.000000 0.375339
2556.000000 0.300435
2557.000000 0.137149
2558.000000 0.187511
2559.000000 0.034129
2560.000000 0.174983
2561.000000 0.151572
2562.000000 0.175921
2563.000000 0.180202
2564.000000 0.214518
2565.000000 0.224294
2566.000000 0.114486
2567.000000 0.271436
2568.000000 0.073672
2569.000000 0.491889
2570.000000 0.173904
2571.000000 0.146809
2572.000000 0.168903
2573.000000 0.379172
2574.000000 0.515165
2575.000000 0.037252
2576.000000 0.057600
2577.000000 0.130895
2578.000000 0.084736
2579.000000 0.099925
2580.000000 0.014042
2581.000000 0.578646
2582.000000 0.501610
2583.000000 0.332526
2584.000000 0.264120
2585.000000 0.259760
2586.000000 0.168016
2587.000000 0.332659
2588.000000 0.109466
2589.000000 0.587804
2590.000000 0.282888
2591.000000 0.053648
2592.000000 0.228738
2593.000000 0.207960
2594.000000 0.083568
2595.000000 0.083145
2596.000000 0.165266
2597.000000 0.122634
2598.000000 0.429065
2599.000000 0.237375
2600.000000 0.347343
2601.000000 0.051525
2602.000000 0.380859
2603.000000 0.392649
2604.000000 0.376305
2605.000000 0.250421
2606.000000 0.152041
2607.000000 0.257007
2608.000000 0.503064
2609.000000 0.307068
2610.000000 0.244804
2611.000000 0.161183
2612.000000 0.308878
2613.000000 0.238319
2614.000000 0.171809
2615.000000 0.087398
2616.000000 0.319496
2617.000000 0.639073
2618.000000 0.387039
2619.000000 0.264108
2620.000000 0.208409
2621.000000 0.241934
2622.000000 0.128098
2623.000000 0.408770
2624.000000 0.100137
2625.000000 0.250821
2626.000000 0.175577
2627.000000 0.073257
2628.000000 0.305352
2629.000000 0.290014
2630.000000 0.094603
2631.000000 0.085944
2632.000000 0.445228
2633.000000 0.104862
2634.000000 0.285122
2635.000000 0.163127
2636.000000 0.142012
2637.000000 0.223507
2638.000000 0.353351
2639.000000 0.138678
2640.000000 0.117702
2641.000000 0.299186
2642.000000 0.174773
2643.000000 0.513681
2644.000000 0.204970
2645.000000 0.161292
2646.000000 0.374965
2647.000000 0.192337
2648.000000 0.174679
2649.000000 0.146000
2650.000000 0.182063
2651.000000 0.259094
2652.000000 0.399381
2653.000000 0.275114
2654.000000 0.469964
2655.000000 0.063614
2656.000000 0.332199
2657.000000 0.360964
2658.000000 0.184479
2659.000000 0.055409
2660.000000 0.254900
2661.000000 0.366196
2662.000000 0.250771
2663.000000 0.091529
2664.000000 0.053688
2665.000000 0.127384
2666.000000 0.412175
2667.000000 0.214118
2668.000000 0.279931
2669.000000 0.311428
2670.000000 0.313116
2671.000000 0.225677
2672.000000 0.234356
2673.000000 0.305564
2674.000000 0.143418
2675.000000 0.278927
2676.000000 0.055179
2677.000000 0.370249
2678.000000 0.449449
2679.000000 0.243919
2680.000000 0.609019
2681.000000 0.314249
2682.000000 0.600848
2683.000000 0.519911
2684.000000 0.117294
2685.000000 0.413707
2686.000000 0.388830
2687.000000 0.166117
2688.000000 0.326406
2689.000000 0.207027
2690.000000 0.621381
2691.000000 0.213831
2692.000000 0.227215
2693.000000 0.290750
2694.000000 0.339485
2695.000000 0.273587
2696.000000 0.429319
2697.000000 0.172653
2698.000000 0.067084
2699.000000 0.564185
2700.000000 0.490766
2701.000000 0.066520
2702.000000 0.113360
2703.000000 0.050549
2704.000000 0.203559
2705.000000 0.476721
2706.000000 0.237962
2707.000000 0.191977
2708.000000 0.278645
2709.000000 0.076777
2710.000000 0.205361
2711.000000 0.447121
2712.000000 0.261513
2713.000000 0.265149
2714.000000 0.365723
2715.000000 0.239940
2716.000000 0.149283
2717.000000 0.275365
2718.000000 0.309321
2719.000000 0.165259
2720.000000 0.094586
2721.000000 0.115235
2722.000000 0.496655
2723.000000 0.352851
2724.000000 0.271398
2725.000000 0.104037
2726.000000 0.053463
2727.000000 0.077104
2728.000000 0.085677
2729.000000 0.431957
2730.000000 0.325820
2731.000000 0.567826
2732.000000 0.330963
2733.000000 0.152711
2734.000000 0.556274
2735.000000 0.379578
2736.000000 0.327219
2737.000000 0.226815
2738.000000 0.254780
2739.000000 0.158798
2740.000000 0.176393
2741.000000 0.258262
2742.000000 0.417707
2743.000000 0.425054
2744.000000 0.091668
2745.000000 0.417530
2746.000000 0.060157
2747.000000 0.088669
2748.000000 0.359425
2749.000000 0.213008
2750.000000 0.189474
2751.000000 0.315566
2752.000000 0.061662
2753.000000 0.143538
2754.000000 0.319602
2755.000000 0.444320
2756.000000 0.281827
2757.000000 0.362854
2758.000000 0.052244
2759.000000 0.240342
2760.000000 0.131896
2761.000000 0.071163
2762.000000 0.115278
2763.000000 0.338976
2764.000000 0.290112
2765.000000 0.268046
2766.000000 0.118896
2767.000000 0.324610
2768.000000 0.194020
2769.000000 0.201291
2770.000000 0.298671
2771.000000 0.173463
2772.000000 0.211484
2773.000000 0.293836
2774.000000 0.356513
2775.000000 0.296739
2776.000000 0.194817
2777.000000 0.407523
2778.000000 0.217793
2779.000000 0.190500
2780.000000 0.263214
2781.000000 0.226900
2782.000000 0.093740
2783.000000 0.444457
2784.000000 0.333377
2785.000000 0.141842
2786.000000 0.049735
2787.000000 0.567046
2788.000000 0.462383
2789.000000 0.462524
2790.000000 0.275066
2791.000000 0.232683
2792.000000 0.133825
2793.000000 0.107263
2794.000000 0.153903
2795.000000 0.276560
2796.000000 0.322704
2797.000000 0.258985
2798.000000 0.329854
2799.000000 0.597883
2800.000000 0.439155
2801.000000 0.169408
2802.000000 0.215140
2803.000000 0.056846
2804.000000 0.521074
2805.000000 0.264387
2806.000000 0.198594
2807.000000 0.081238
2808.000000 0.471988
2809.000000 0.180728
2810.000000 0.360765
2811.000000 0.287317
2812.000000 0.266399
2813.000000 0.248160
2814.000000 0.296729
2815.000000 0.109624
2816.000000 0.363046
2817.000000 0.243823
2818.000000 0.512352
2819.000000 0.216536
2820.000000 0.310893
2821.000000 0.389762
2822.000000 0.301406
2823.000000 0.190726
2824.000000 0.067280
2825.000000 0.250248
2826.000000 0.226320
2827.000000 0.308640
2828.000000 0.101974
2829.000000 0.269787
2830.000000 0.073526
2831.000000 0.182259
2832.000000 0.478301
2833.000000 0.133607
2834.000000 0.250637
2835.000000 0.211268
2836.000000 0.139275
2837.000000 0.220418
2838.000000 0.310000
2839.000000 0.263783
2840.000000 0.072899
2841.000000 0.276280
2842.000000 0.368479
2843.000000 0.144325
2844.000000 0.110157
2845.000000 0.126666
2846.000000 0.415759
2847.000000 0.286951
2848.000000 0.356162
2849.000000 0.198446
2850.000000 0.523460
2851.000000 0.393853
2852.000000 0.336050
2853.000000 0.270542
2854.000000 0.329350
2855.000000 0.115878
2856.000000 0.210541
2857.000000 0.513391
2858.000000 0.060248
2859.000000 0.052781
2860.000000 0.193802
2861.000000 0.365683
2862.000000 0.066515
2863.000000 0.328781
2864.000000 0.041943
2865.000000 0.156301
2866.000000 0.411955
2867.000000 0.260055
2868.000000 0.208233
2869.000000 0.149688
2870.000000 0.432907
2871.000000 0.147971
2872.000000 0.387187
2873.000000 0.423659
2874.000000 0.542379
2875.000000 0.423778
2876.000000 0.179769
2877.000000 0.069096
2878.000000 0.453986
2879.000000 0.326448
2880.000000 0.211779
2881.000000 0.040598
2882.000000 0.054629
2883.000000 0.301878
2884.000000 0.542400
2885.000000 0.415256
2886.000000 0.084497
2887.000000 0.300663
2888.000000 0.092098
2889.000000 0.153799
2890.000000 0.114416
2891.000000 0.023233
2892.000000 0.346737
2893.000000 0.288314
2894.000000 0.051338
2895.000000 0.112349
2896.000000 0.202740
2897.000000 0.347102
2898.000000 0.212429
2899.000000 0.519475
2900.000000 0.328601
2901.000000 0.191791
2902.000000 0.209469
2903.000000 0.156756
2904.000000 0.212590
2905.000000 0.279696
2906.000000 0.390572
2907.000000 0.247677
2908.000000 0.309018
2909.000000 0.459992
2910.000000 0.255333
2911.000000 0.327797
2912.000000 0.345979
2913.000000 0.282423
2914.000000 0.297566
2915.000000 0.135562
2916.000000 0.464276
2917.000000 0.251876
2918.000000 0.558734
2919.000000 0.525965
2920.000000 0.155510
2921.000000 0.197978
2922.000000 0.446554
2923.000000 0.198821
2924.000000 0.089973
2925.000000 0.241575
2926.000000 0.060298
2927.000000 0.396576
2928.000000 0.236936
2929.000000 0.198416
2930.000000 0.097237
2931.000000 0.466848
2932.000000 0.273908
2933.000000 0.638926
2934.000000 0.377817
2935.000000 0.306980
2936.000000 0.561348
2937.000000 0.220058
2938.000000 0.246602
2939.000000 0.372839
2940.000000 0.253960
2941.000000 0.286404
2942.000000 0.325100
2943.000000 0.257605
2944.000000 0.244383
2945.000000 0.286542
2946.000000 0.259739
2947.000000 0.286762
2948.000000 0.186934
2949.000000 0.369933
2950.000000 0.332584
2951.000000 0.492276
2952.000000 0.206835
2953.000000 0.087514
2954.000000 0.155199
2955.000000 0.160437
2956.000000 0.280164
2957.000000 0.145823
2958.000000 0.300289
2959.000000 0.415033
2960.000000 0.264787
2961.000000 0.447572
2962.000000 0.260101
2963.000000 0.247636
2964.000000 0.173769
2965.000000 0.103433
2966.000000 0.317258
2967.000000 0.337364
2968.000000 0.039311
2969.000000 0.178216
2970.000000 0.141735
2971.000000 0.384914
2972.000000 0.216674
2973.000000 0.117351
2974.000000 0.241070
2975.000000 0.234394
2976.000000 0.157716
2977.000000 0.112332
2978.000000 0.036763
2979.000000 0.077879
2980.000000 0.202839
2981.000000 0.272785
2982.000000 0.185002
2983.000000 0.109192
2984.000000 0.214102
2985.000000 0.082694
2986.000000 0.143292
2987.000000 0.382993
2988.000000 0.378982
2989.000000 0.374453
2990.000000 0.319713
2991.000000 0.485378
2992.000000 0.113246
2993.000000 0.370815
2994.000000 0.207126
2995.000000 0.246437
2996.000000 0.155820
2997.000000 0.242354
2998.000000 0.483749
2999.000000 0.501366
3000.000000 0.163848
