0.000000 0.499350
1.000000 0.199781
2.000000 0.109000
3.000000 0.185046
4.000000 0.183925
5.000000 0.174060
6.000000 0.232454
7.000000 0.612540
8.000000 0.359076
9.000000 0.382344
10.000000 0.249438
11.000000 0.210837
12.000000 0.457964
13.000000 0.363049
14.000000 0.253993
15.000000 0.172969
16.000000 0.240233
17.000000 0.113920
18.000000 0.366432
19.000000 0.767277
20.000000 0.264759
21.000000 0.266263
22.000000 0.408298
23.000000 0.435789
24.000000 0.156327
25.000000 0.193747
26.000000 0.127242
27.000000 0.088472
28.000000 0.120203
29.000000 0.199971
30.000000 0.522154
31.000000 0.110594
32.000000 0.194052
33.000000 0.451943
34.000000 0.201153
35.000000 0.095937
36.000000 0.444231
37.000000 0.393204
38.000000 0.192168
39.000000 0.196676
40.000000 0.372933
41.000000 0.415868
42.000000 0.107798
43.000000 0.316898
44.000000 0.353084
45.000000 0.226081
46.000000 0.220137
47.000000 0.446234
48.000000 0.197079
49.000000 0.249017
50.000000 0.373401
51.000000 0.058647
52.000000 0.395251
53.000000 0.196755
54.000000 0.441693
55.000000 0.157598
56.000000 0.292739
57.000000 0.212864
58.000000 0.275095
59.000000 0.114071
60.000000 0.552711
61.000000 0.379076
62.000000 0.197114
63.000000 0.391363
64.000000 0.326791
65.000000 0.160957
66.000000 0.308049
67.000000 0.152110
68.000000 0.662405
69.000000 0.410928
70.000000 0.251537
71.000000 0.675511
72.000000 0.185981
73.000000 0.235260
74.000000 0.493990
75.000000 0.289374
76.000000 0.272028
77.000000 0.272885
78.000000 0.106291
79.000000 0.654243
80.000000 0.153823
81.000000 0.271053
82.000000 0.288469
83.000000 0.454381
84.000000 0.117818
85.000000 0.526369
86.000000 0.143442
87.000000 0.477758
88.000000 0.216182
89.000000 0.367812
90.000000 0.150417
91.000000 0.263105
92.000000 0.300190
93.000000 0.524727
94.000000 0.284242
95.000000 0.077920
96.000000 0.555277
97.000000 0.324896
98.000000 0.287008
99.000000 0.234659
100.000000 0.167947
101.000000 0.367079
102.000000 0.134674
103.000000 0.576757
104.000000 0.355201
105.000000 0.451767
106.000000 0.390575
107.000000 0.285467
108.000000 0.195126
109.000000 0.558303
110.000000 0.249999
111.000000 0.179650
112.000000 0.362750
113.000000 0.397842
114.000000 0.462436
115.000000 0.247358
116.000000 0.402744
117.000000 0.515580
118.000000 0.212495
119.000000 0.190718
120.000000 0.199972
121.000000 0.375519
122.000000 0.192446
123.000000 0.494424
124.000000 0.483850
125.000000 0.223696
126.000000 0.438101
127.000000 0.167322
128.000000 0.510826
129.000000 0.571116
130.000000 0.393366
131.000000 0.468949
132.000000 0.061079
133.000000 0.387164
134.000000 0.504060
135.000000 0.420612
136.000000 0.268075
137.000000 0.245890
138.000000 0.470001
139.000000 0.231826
140.000000 0.450598
141.000000 0.213149
142.000000 0.136566
143.000000 0.067697
144.000000 0.193251
145.000000 0.237084
146.000000 0.400274
147.000000 0.301814
148.000000 0.257708
149.000000 0.432777
150.000000 0.247060
151.000000 0.172175
152.000000 0.454336
153.000000 0.345228
154.000000 0.218287
155.000000 0.101097
156.000000 0.369541
157.000000 0.527290
158.000000 0.150145
159.000000 0.331139
160.000000 0.807337
161.000000 0.152806
162.000000 0.226937
163.000000 0.294748
164.000000 0.260834
165.000000 0.309544
166.000000 0.165008
167.000000 0.283658
168.000000 0.079882
169.000000 0.132961
170.000000 0.109106
171.000000 0.308479
172.000000 0.099118
173.000000 0.385927
174.000000 0.157179
175.000000 0.415376
176.000000 0.225921
177.000000 0.410703
178.000000 0.083233
179.000000 0.389733
180.000000 0.469949
181.000000 0.190598
182.000000 0.464050
183.000000 0.397788
184.000000 0.198535
185.000000 0.280776
186.000000 0.088631
187.000000 0.216249
188.000000 0.272635
189.000000 0.643944
190.000000 0.337109
191.000000 0.180417
192.000000 0.239612
193.000000 0.246721
194.000000 0.526533
195.000000 0.138855
196.000000 0.316998
197.000000 0.092261
198.000000 0.214298
199.000000 0.502652
200.000000 0.126496
201.000000 0.521702
202.000000 0.187159
203.000000 0.286716
204.000000 0.343920
205.000000 0.298941
206.000000 0.056914
207.000000 0.182325
208.000000 0.060470
209.000000 0.182485
210.000000 0.515874
211.000000 0.349049
212.000000 0.278221
213.000000 0.122376
214.000000 0.228595
215.000000 0.620323
216.000000 0.272822
217.000000 0.349907
218.000000 0.417282
219.000000 0.403434
220.000000 0.138987
221.000000 0.220353
222.000000 0.200596
223.000000 0.204106
224.000000 0.252372
225.000000 0.310211
226.000000 0.185517
227.000000 0.468965
228.000000 0.198669
229.000000 0.083850
230.000000 0.392399
231.000000 0.153835
232.000000 0.477658
233.000000 0.254260
234.000000 0.257808
235.000000 0.187721
236.000000 0.361068
237.000000 0.306278
238.000000 0.399744
239.000000 0.239300
240.000000 0.119225
241.000000 0.174053
242.000000 0.229112
243.000000 0.281642
244.000000 0.495411
245.000000 0.249914
246.000000 0.102335
247.000000 0.248685
248.000000 0.215709
249.000000 0.211595
250.000000 0.486634
251.000000 0.440630
252.000000 0.407026
253.000000 0.398422
254.000000 0.147419
255.000000 0.399703
256.000000 0.456514
257.000000 0.191791
258.000000 0.211254
259.000000 0.551792
260.000000 0.015394
261.000000 0.323718
262.000000 0.179715
263.000000 0.166905
264.000000 0.286062
265.000000 0.098294
266.000000 0.509371
267.000000 0.139161
268.000000 0.369351
269.000000 0.183850
270.000000 0.225158
271.000000 0.522700
272.000000 0.208271
273.000000 0.146641
274.000000 0.513057
275.000000 0.118820
276.000000 0.414286
277.000000 0.040828
278.000000 0.210094
279.000000 0.096168
280.000000 0.086145
281.000000 0.377403
282.000000 0.354257
283.000000 0.430391
284.000000 0.216708
285.000000 0.126189
286.000000 0.254826
287.000000 0.367525
288.000000 0.364661
289.000000 0.300785
290.000000 0.257682
291.000000 0.303583
292.000000 0.371123
293.000000 0.154831
294.000000 0.286033
295.000000 0.040059
296.000000 0.285104
297.000000 0.468118
298.000000 0.197009
299.000000 0.230005
300.000000 0.386649
301.000000 0.232604
302.000000 0.386105
303.000000 0.345475
304.000000 0.029558
305.000000 0.491078
306.000000 0.453154
307.000000 0.527430
308.000000 0.365649
309.000000 0.599509
310.000000 0.517652
311.000000 0.132746
312.000000 0.495160
313.000000 0.426760
314.000000 0.251811
315.000000 0.307013
316.000000 0.163014
317.000000 0.130659
318.000000 0.653998
319.000000 0.260614
320.000000 0.280951
321.000000 0.290766
322.000000 0.083603
323.000000 0.274264
324.000000 0.105261
325.000000 0.260550
326.000000 0.164740
327.000000 0.190485
328.000000 0.248073
329.000000 0.577995
330.000000 0.287818
331.000000 0.106510
332.000000 0.565115
333.000000 0.134399
334.000000 0.129086
335.000000 0.293522
336.000000 0.417867
337.000000 0.196649
338.000000 0.331580
339.000000 0.379595
340.000000 0.283273
341.000000 0.085441
342.000000 0.404404
343.000000 0.104050
344.000000 0.485305
345.000000 0.077884
346.000000 0.343483
347.000000 0.473480
348.000000 0.239883
349.000000 0.571627
350.000000 0.166347
351.000000 0.266234
352.000000 0.255784
353.000000 0.466504
354.000000 0.050631
355.000000 0.282103
356.000000 0.473514
357.000000 0.175468
358.000000 0.082152
359.000000 0.238513
360.000000 0.251029
361.000000 0.337657
362.000000 0.207221
363.000000 0.255168
364.000000 0.182996
365.000000 0.318967
366.000000 0.114825
367.000000 0.259890
368.000000 0.416510
369.000000 0.136979
370.000000 0.563509
371.000000 0.461924
372.000000 0.378181
373.000000 0.537262
374.000000 0.272136
375.000000 0.227247
376.000000 0.207227
377.000000 0.529665
378.000000 0.369303
379.000000 0.388367
380.000000 0.670493
381.000000 0.205219
382.000000 0.643034
383.000000 0.225385
384.000000 0.481513
385.000000 0.315465
386.000000 0.153882
387.000000 0.164056
388.000000 0.404692
389.000000 0.195331
390.000000 0.368499
391.000000 0.368976
392.000000 0.432823
393.000000 0.561701
394.000000 0.451465
395.000000 0.379469
396.000000 0.268352
397.000000 0.303790
398.000000 0.045759
399.000000 0.261937
400.000000 0.347988
401.000000 0.090981
402.000000 0.206558
403.000000 0.516304
404.000000 0.599207
405.000000 0.311294
406.000000 0.217915
407.000000 0.259558
408.000000 0.261225
409.000000 0.035149
410.000000 0.192166
411.000000 0.307519
412.000000 0.486097
413.000000 0.582315
414.000000 0.445092
415.000000 0.117577
416.000000 0.061232
417.000000 0.065642
418.000000 0.502162
419.000000 0.500941
420.000000 0.087407
421.000000 0.150183
422.000000 0.371934
423.000000 0.464342
424.000000 0.099189
425.000000 0.453424
426.000000 0.311559
427.000000 0.486650
428.000000 0.471376
429.000000 0.356723
430.000000 0.400244
431.000000 0.313451
432.000000 0.406270
433.000000 0.241826
434.000000 0.433115
435.000000 0.611660
436.000000 0.581306
437.000000 0.205347
438.000000 0.010489
439.000000 0.592165
440.000000 0.215062
441.000000 0.303076
442.000000 0.409247
443.000000 0.191426
444.000000 0.282939
445.000000 0.302070
446.000000 0.312286
447.000000 0.498575
448.000000 0.207078
449.000000 0.166412
450.000000 0.075119
451.000000 0.267422
452.000000 0.370377
453.000000 0.430065
454.000000 0.485511
455.000000 0.147366
456.000000 0.351885
457.000000 0.261149
458.000000 0.548784
459.000000 0.199687
460.000000 0.122617
461.000000 0.072355
462.000000 0.218835
463.000000 0.351275
464.000000 0.407833
465.000000 0.346839
466.000000 0.201282
467.000000 0.175620
468.000000 0.163183
469.000000 0.433186
470.000000 0.228579
471.000000 0.084046
472.000000 0.470408
473.000000 0.313571
474.000000 0.149190
475.000000 0.402308
476.000000 0.242847
477.000000 0.369386
478.000000 0.259575
479.000000 0.104977
480.000000 0.341064
481.000000 0.178657
482.000000 0.504847
483.000000 0.197116
484.000000 0.632923
485.000000 0.313759
486.000000 0.084188
487.000000 0.346169
488.000000 0.167419
489.000000 0.330640
490.000000 0.526987
491.000000 0.163879
492.000000 0.240355
493.000000 0.414874
494.000000 0.078862
495.000000 0.199981
496.000000 0.830115
497.000000 0.143722
498.000000 0.227436
499.000000 0.401971
500.000000 0.278757
501.000000 0.329762
502.000000 0.389210
503.000000 0.290605
504.000000 0.237199
505.000000 0.239092
506.000000 0.237078
507.000000 0.037647
508.000000 0.635746
509.000000 0.244915
510.000000 0.404835
511.000000 0.156978
512.000000 0.406801
513.000000 0.243970
514.000000 0.253093
515.000000 0.421338
516.000000 0.487038
517.000000 0.101233
518.000000 0.280946
519.000000 0.200338
520.000000 0.140862
521.000000 0.405599
522.000000 0.494980
523.000000 0.303448
524.000000 0.312611
525.000000 0.264346
526.000000 0.356738
527.000000 0.292144
528.000000 0.395570
529.000000 0.314145
530.000000 0.101726
531.000000 0.297545
532.000000 0.213251
533.000000 0.092105
534.000000 0.040313
535.000000 0.146965
536.000000 0.218092
537.000000 0.179115
538.000000 0.452369
539.000000 0.114860
540.000000 0.351571
541.000000 0.206210
542.000000 0.258741
543.000000 0.176602
544.000000 0.418804
545.000000 0.432517
546.000000 0.457473
547.000000 0.353497
548.000000 0.416691
549.000000 0.201387
550.000000 0.152672
551.000000 0.429549
552.000000 0.050670
553.000000 0.278956
554.000000 0.089622
555.000000 0.295562
556.000000 0.154963
557.000000 0.113926
558.000000 0.213207
559.000000 0.099953
560.000000 0.358331
561.000000 0.265271
562.000000 0.078274
563.000000 0.644129
564.000000 0.544693
565.000000 0.093368
566.000000 0.325573
567.000000 0.520718
568.000000 0.187708
569.000000 0.330611
570.000000 0.267697
571.000000 0.287439
572.000000 0.051055
573.000000 0.056729
574.000000 0.130515
575.000000 0.123232
576.000000 0.224107
577.000000 0.157227
578.000000 0.150746
579.000000 0.333131
580.000000 0.235918
581.000000 0.109054
582.000000 0.215474
583.000000 0.246768
584.000000 0.536498
585.000000 0.307549
586.000000 0.326728
587.000000 0.309970
588.000000 0.044482
589.000000 0.418529
590.000000 0.105880
591.000000 0.568116
592.000000 0.561694
593.000000 0.718291
594.000000 0.090447
595.000000 0.343669
596.000000 0.423409
597.000000 0.310205
598.000000 0.417145
599.000000 0.046148
600.000000 0.490247
601.000000 0.389598
602.000000 0.496472
603.000000 0.339458
604.000000 0.274523
605.000000 0.364132
606.000000 0.206738
607.000000 0.257352
608.000000 0.501791
609.000000 0.271640
610.000000 0.061201
611.000000 0.137329
612.000000 0.368918
613.000000 0.442836
614.000000 0.513096
615.000000 0.100062
616.000000 0.253258
617.000000 0.390238
618.000000 0.224145
619.000000 0.156970
620.000000 0.557761
621.000000 0.300750
622.000000 0.141475
623.000000 0.735520
624.000000 0.466820
625.000000 0.399439
626.000000 0.270672
627.000000 0.326358
628.000000 0.123964
629.000000 0.472269
630.000000 0.554241
631.000000 0.203120
632.000000 0.506789
633.000000 0.232933
634.000000 0.543939
635.000000 0.225851
636.000000 0.419080
637.000000 0.218621
638.000000 0.230607
639.000000 0.229434
640.000000 0.063274
641.000000 0.109581
642.000000 0.338016
643.000000 0.339466
644.000000 0.237994
645.000000 0.380770
646.000000 0.298588
647.000000 0.636732
648.000000 0.124067
649.000000 0.195626
650.000000 0.143890
651.000000 0.131380
652.000000 0.488180
653.000000 0.466948
654.000000 0.060136
655.000000 0.313417
656.000000 0.225017
657.000000 0.176054
658.000000 0.256241
659.000000 0.102907
660.000000 0.124597
661.000000 0.103758
662.000000 0.131296
663.000000 0.095272
664.000000 0.504137
665.000000 0.492105
666.000000 0.288055
667.000000 0.060215
668.000000 0.185420
669.000000 0.468344
670.000000 0.399673
671.000000 0.443659
672.000000 0.484200
673.000000 0.488379
674.000000 0.219224
675.000000 0.321788
676.000000 0.463123
677.000000 0.187930
678.000000 0.340413
679.000000 0.263943
680.000000 0.126674
681.000000 0.149171
682.000000 0.022665
683.000000 0.126562
684.000000 0.104246
685.000000 0.396973
686.000000 0.210191
687.000000 0.329028
688.000000 0.181569
689.000000 0.393080
690.000000 0.331557
691.000000 0.383180
692.000000 0.214558
693.000000 0.315733
694.000000 0.144985
695.000000 0.425803
696.000000 0.066616
697.000000 0.309737
698.000000 0.471783
699.000000 0.425399
700.000000 0.564106
701.000000 0.122210
702.000000 0.191045
703.000000 0.063638
704.000000 0.285114
705.000000 0.063420
706.000000 0.461181
707.000000 0.330223
708.000000 0.433740
709.000000 0.297565
710.000000 0.405158
711.000000 0.149290
712.000000 0.419317
713.000000 0.054315
714.000000 0.437339
715.000000 0.133852
716.000000 0.314877
717.000000 0.368172
718.000000 0.326711
719.000000 0.533910
720.000000 0.323042
721.000000 0.311396
722.000000 0.272137
723.000000 0.232067
724.000000 0.213007
725.000000 0.118212
726.000000 0.328378
727.000000 0.547306
728.000000 0.475634
729.000000 0.282683
730.000000 0.040733
731.000000 0.209903
732.000000 0.410091
733.000000 0.025412
734.000000 0.330181
735.000000 0.282755
736.000000 0.296031
737.000000 0.241895
738.000000 0.240180
739.000000 0.200103
740.000000 0.313528
741.000000 0.263284
742.000000 0.249305
743.000000 0.425159
744.000000 0.231657
745.000000 0.112901
746.000000 0.370100
747.000000 0.335089
748.000000 0.106489
749.000000 0.169786
750.000000 0.330612
751.000000 0.036834
752.000000 0.731660
753.000000 0.100112
754.000000 0.144237
755.000000 0.547276
756.000000 0.373073
757.000000 0.096863
758.000000 0.164311
759.000000 0.203818
760.000000 0.225982
761.000000 0.556306
762.000000 0.300246
763.000000 0.204442
764.000000 0.071224
765.000000 0.478090
766.000000 0.379728
767.000000 0.125342
768.000000 0.144636
769.000000 0.527938
770.000000 0.437552
771.000000 0.472369
772.000000 0.195995
773.000000 0.109958
774.000000 0.355191
775.000000 0.419810
776.000000 0.218080
777.000000 0.413451
778.000000 0.421340
779.000000 0.219472
780.000000 0.450990
781.000000 0.011406
782.000000 0.174221
783.000000 0.268152
784.000000 0.483531
785.000000 0.143690
786.000000 0.630761
787.000000 0.186465
788.000000 0.261969
789.000000 0.351269
790.000000 0.094831
791.000000 0.238098
792.000000 0.186018
793.000000 0.295541
794.000000 0.105734
795.000000 0.361283
796.000000 0.139252
797.000000 0.313473
798.000000 0.266113
799.000000 0.309569
800.000000 0.581597
801.000000 0.157276
802.000000 0.256775
803.000000 0.492014
804.000000 0.209396
805.000000 0.572991
806.000000 0.127519
807.000000 0.200166
808.000000 0.032769
809.000000 0.297180
810.000000 0.263150
811.000000 0.535879
812.000000 0.230336
813.000000 0.203348
814.000000 0.102025
815.000000 0.093435
816.000000 0.302574
817.000000 0.618253
818.000000 0.522690
819.000000 0.329581
820.000000 0.103576
821.000000 0.294610
822.000000 0.349387
823.000000 0.414435
824.000000 0.186456
825.000000 0.175252
826.000000 0.656825
827.000000 0.696063
828.000000 0.332154
829.000000 0.125125
830.000000 0.231670
831.000000 0.240802
832.000000 0.096608
833.000000 0.113379
834.000000 0.281714
835.000000 0.104999
836.000000 0.323920
837.000000 0.073442
838.000000 0.322268
839.000000 0.189983
840.000000 0.257623
841.000000 0.509701
842.000000 0.476883
843.000000 0.288836
844.000000 0.371666
845.000000 0.351597
846.000000 0.500780
847.000000 0.103636
848.000000 0.137446
849.000000 0.030478
850.000000 0.431980
851.000000 0.273614
852.000000 0.247033
853.000000 0.414310
854.000000 0.221136
855.000000 0.199504
856.000000 0.332364
857.000000 0.336897
858.000000 0.241002
859.000000 0.352248
860.000000 0.525771
861.000000 0.173585
862.000000 0.022489
863.000000 0.429329
864.000000 0.257461
865.000000 0.257516
866.000000 0.236392
867.000000 0.224116
868.000000 0.373468
869.000000 0.675918
870.000000 0.647922
871.000000 0.171128
872.000000 0.313519
873.000000 0.133899
874.000000 0.165445
875.000000 0.090926
876.000000 0.238883
877.000000 0.158983
878.000000 0.172320
879.000000 0.377585
880.000000 0.416589
881.000000 0.414113
882.000000 0.407275
883.000000 0.275007
884.000000 0.247241
885.000000 0.036780
886.000000 0.231133
887.000000 0.125060
888.000000 0.534554
889.000000 0.606598
890.000000 0.306454
891.000000 0.354737
892.000000 0.208190
893.000000 0.286094
894.000000 0.564339
895.000000 0.634930
896.000000 0.354397
897.000000 0.314554
898.000000 0.097579
899.000000 0.224890
900.000000 0.357530
901.000000 0.304835
902.000000 0.114480
903.000000 0.561914
904.000000 0.402770
905.000000 0.625519
906.000000 0.397812
907.000000 0.327298
908.000000 0.100933
909.000000 0.492948
910.000000 0.064667
911.000000 0.262866
912.000000 0.404217
913.000000 0.432005
914.000000 0.064660
915.000000 0.182581
916.000000 0.140724
917.000000 0.349948
918.000000 0.242487
919.000000 0.545174
920.000000 0.619136
921.000000 0.317206
922.000000 0.374038
923.000000 0.506945
924.000000 0.160568
925.000000 0.162542
926.000000 0.091922
927.000000 0.311166
928.000000 0.220470
929.000000 0.127629
930.000000 0.186926
931.000000 0.319967
932.000000 0.109390
933.000000 0.213444
934.000000 0.335864
935.000000 0.224111
936.000000 0.388450
937.000000 0.304589
938.000000 0.296248
939.000000 0.149407
940.000000 0.295154
941.000000 0.579342
942.000000 0.196260
943.000000 0.576267
944.000000 0.041895
945.000000 0.376253
946.000000 0.440069
947.000000 0.138219
948.000000 0.133762
949.000000 0.646599
950.000000 0.254213
951.000000 0.260422
952.000000 0.283084
953.000000 0.550175
954.000000 0.513850
955.000000 0.374017
956.000000 0.259319
957.000000 0.425906
958.000000 0.392397
959.000000 0.488016
960.000000 0.178904
961.000000 0.176297
962.000000 0.183914
963.000000 0.159905
964.000000 0.162713
965.000000 0.171550
966.000000 0.464233
967.000000 0.432845
968.000000 0.111920
969.000000 0.447687
970.000000 0.289310
971.000000 0.548508
972.000000 0.240754
973.000000 0.463656
974.000000 0.213151
975.000000 0.082703
976.000000 0.496245
977.000000 0.219960
978.000000 0.151145
979.000000 0.396761
980.000000 0.142645
981.000000 0.462976
982.000000 0.568172
983.000000 0.272327
984.000000 0.223003
985.000000 0.346451
986.000000 0.232953
987.000000 0.615627
988.000000 0.042105
989.000000 0.569176
990.000000 0.371847
991.000000 0.382335
992.000000 0.387144
993.000000 0.232453
994.000000 0.299777
995.000000 0.590460
996.000000 0.581273
997.000000 0.203604
998.000000 0.133875
999.000000 0.074717
1000.000000 0.096407
1001.000000 0.427323
1002.000000 0.159737
1003.000000 0.280725
1004.000000 0.252654
1005.000000 0.251708
1006.000000 0.295200
1007.000000 0.200628
1008.000000 0.338513
1009.000000 0.614887
1010.000000 0.269488
1011.000000 0.154840
1012.000000 0.072184
1013.000000 0.394585
1014.000000 0.518427
1015.000000 0.344774
1016.000000 0.256426
1017.000000 0.182260
1018.000000 0.533811
1019.000000 0.306748
1020.000000 0.274931
1021.000000 0.152352
1022.000000 0.259828
1023.000000 0.509506
1024.000000 0.501320
1025.000000 0.247977
1026.000000 0.143913
1027.000000 0.420965
1028.000000 0.148460
1029.000000 0.077168
1030.000000 0.609108
1031.000000 0.111974
1032.000000 0.286571
1033.000000 0.374256
1034.000000 0.267732
1035.000000 0.053198
1036.000000 0.033395
1037.000000 0.415944
1038.000000 0.361850
1039.000000 0.236268
1040.000000 0.276234
1041.000000 0.224607
1042.000000 0.138602
1043.000000 0.531957
1044.000000 0.244562
1045.000000 0.205346
1046.000000 0.153929
1047.000000 0.446789
1048.000000 0.129649
1049.000000 0.237486
1050.000000 0.195468
1051.000000 0.426842
1052.000000 0.266322
1053.000000 0.537015
1054.000000 0.392436
1055.000000 0.474100
1056.000000 0.337496
1057.000000 0.052739
1058.000000 0.234928
1059.000000 0.142736
1060.000000 0.451024
1061.000000 0.068456
1062.000000 0.510154
1063.000000 0.051990
1064.000000 0.344029
1065.000000 0.297975
1066.000000 0.189279
1067.000000 0.232073
1068.000000 0.202132
1069.000000 0.451407
1070.000000 0.413432
1071.000000 0.550304
1072.000000 0.381672
1073.000000 0.490006
1074.000000 0.212137
1075.000000 0.587001
1076.000000 0.299644
1077.000000 0.145777
1078.000000 0.253792
1079.000000 0.287599
1080.000000 0.300951
1081.000000 0.404712
1082.000000 0.101240
1083.000000 0.275652
1084.000000 0.021559
1085.000000 0.278956
1086.000000 0.293340
1087.000000 0.350454
1088.000000 0.722186
1089.000000 0.015711
1090.000000 0.211487
1091.000000 0.500338
1092.000000 0.229878
1093.000000 0.396735
1094.000000 0.409122
1095.000000 0.205175
1096.000000 0.491357
1097.000000 0.042195
1098.000000 0.129196
1099.000000 0.335029
1100.000000 0.388460
1101.000000 0.491680
1102.000000 0.107800
1103.000000 0.176496
1104.000000 0.199261
1105.000000 0.053841
1106.000000 0.289613
1107.000000 0.383271
1108.000000 0.214007
1109.000000 0.505655
1110.000000 0.517681
1111.000000 0.385557
1112.000000 0.153046
1113.000000 0.319852
1114.000000 0.471805
1115.000000 0.202303
1116.000000 0.403899
1117.000000 0.434848
1118.000000 0.659921
1119.000000 0.343819
1120.000000 0.194088
1121.000000 0.379034
1122.000000 0.420047
1123.000000 0.205129
1124.000000 0.468190
1125.000000 0.192902
1126.000000 0.206434
1127.000000 0.336014
1128.000000 0.467113
1129.000000 0.167663
1130.000000 0.453380
1131.000000 0.654114
1132.000000 0.234531
1133.000000 0.293884
1134.000000 0.223952
1135.000000 0.224157
1136.000000 0.171898
1137.000000 0.576992
1138.000000 0.392099
1139.000000 0.446954
1140.000000 0.445833
1141.000000 0.255187
1142.000000 0.072795
1143.000000 0.330167
1144.000000 0.104446
1145.000000 0.384680
1146.000000 0.073778
1147.000000 0.469213
1148.000000 0.441781
1149.000000 0.276960
1150.000000 0.316230
1151.000000 0.412964
1152.000000 0.163390
1153.000000 0.283563
1154.000000 0.444497
1155.000000 0.609850
1156.000000 0.305505
1157.000000 0.158682
1158.000000 0.346683
1159.000000 0.413667
1160.000000 0.242619
1161.000000 0.140934
1162.000000 0.513793
1163.000000 0.449543
1164.000000 0.421764
1165.000000 0.291146
1166.000000 0.118680
1167.000000 0.393931
1168.000000 0.258032
1169.000000 0.128943
1170.000000 0.482982
1171.000000 0.659372
1172.000000 0.366540
1173.000000 0.018033
1174.000000 0.190032
1175.000000 0.508413
1176.000000 0.267859
1177.000000 0.110655
1178.000000 0.434230
1179.000000 0.300947
1180.000000 0.260962
1181.000000 0.107789
1182.000000 0.336369
1183.000000 0.210361
1184.000000 0.504444
1185.000000 0.333579
1186.000000 0.320714
1187.000000 0.424272
1188.000000 0.326134
1189.000000 0.057159
1190.000000 0.621664
1191.000000 0.060161
1192.000000 0.474005
1193.000000 0.227683
1194.000000 0.312209
1195.000000 0.195796
1196.000000 0.026074
1197.000000 0.579787
1198.000000 0.291799
1199.000000 0.108519
1200.000000 0.163813
1201.000000 0.338757
1202.000000 0.471901
1203.000000 0.169462
1204.000000 0.033909
1205.000000 0.352581
1206.000000 0.225019
1207.000000 0.065800
1208.000000 0.243262
1209.000000 0.186802
1210.000000 0.203779
1211.000000 0.183099
1212.000000 0.321821
1213.000000 0.132302
1214.000000 0.422405
1215.000000 0.401325
1216.000000 0.143202
1217.000000 0.292909
1218.000000 0.261642
1219.000000 0.210118
1220.000000 0.038320
1221.000000 0.140996
1222.000000 0.249351
1223.000000 0.472367
1224.000000 0.288063
1225.000000 0.506580
1226.000000 0.142267
1227.000000 0.221611
1228.000000 0.072772
1229.000000 0.278162
1230.000000 0.121277
1231.000000 0.148816
1232.000000 0.574173
1233.000000 0.366450
1234.000000 0.097827
1235.000000 0.273555
1236.000000 0.235332
1237.000000 0.565321
1238.000000 0.352533
1239.000000 0.137308
1240.000000 0.294479
1241.000000 0.347550
1242.000000 0.420986
1243.000000 0.365171
1244.000000 0.021498
1245.000000 0.296773
1246.000000 0.609502
1247.000000 0.259829
1248.000000 0.204213
1249.000000 0.246841
1250.000000 0.096608
1251.000000 0.298590
1252.000000 0.395474
1253.000000 0.198685
1254.000000 0.159272
1255.000000 0.511442
1256.000000 0.420596
1257.000000 0.234214
1258.000000 0.239979
1259.000000 0.151614
1260.000000 0.435490
1261.000000 0.089493
1262.000000 0.728052
1263.000000 0.137104
1264.000000 0.327445
1265.000000 0.317223
1266.000000 0.259203
1267.000000 0.204639
1268.000000 0.210608
1269.000000 0.305116
1270.000000 0.369527
1271.000000 0.368209
1272.000000 0.241580
1273.000000 0.368913
1274.000000 0.151764
1275.000000 0.216905
1276.000000 0.424100
1277.000000 0.333622
1278.000000 0.247664
1279.000000 0.126995
1280.000000 0.227237
1281.000000 0.531796
1282.000000 0.319158
1283.000000 0.395095
1284.000000 0.087558
1285.000000 0.623900
1286.000000 0.165691
1287.000000 0.405910
1288.000000 0.438809
1289.000000 0.278439
1290.000000 0.448420
1291.000000 0.552404
1292.000000 0.397270
1293.000000 0.146660
1294.000000 0.360103
1295.000000 0.129304
1296.000000 0.359856
1297.000000 0.200016
1298.000000 0.118160
1299.000000 0.224407
1300.000000 0.550073
1301.000000 0.303975
1302.000000 0.369818
1303.000000 0.362641
1304.000000 0.152343
1305.000000 0.354200
1306.000000 0.243964
1307.000000 0.141870
1308.000000 0.108209
1309.000000 0.386161
1310.000000 0.142511
1311.000000 0.302322
1312.000000 0.242365
1313.000000 0.407493
1314.000000 0.512347
1315.000000 0.192687
1316.000000 0.141211
1317.000000 0.174851
1318.000000 0.190792
1319.000000 0.178190
1320.000000 0.270316
1321.000000 0.178254
1322.000000 0.249109
1323.000000 0.546464
1324.000000 0.542725
1325.000000 0.562368
1326.000000 0.414577
1327.000000 0.247459
1328.000000 0.337760
1329.000000 0.217793
1330.000000 0.306022
1331.000000 0.475518
1332.000000 0.311202
1333.000000 0.197463
1334.000000 0.086130
1335.000000 0.615388
1336.000000 0.202572
1337.000000 0.480130
1338.000000 0.179057
1339.000000 0.452798
1340.000000 0.263626
1341.000000 0.322738
1342.000000 0.236015
1343.000000 0.213351
1344.000000 0.200217
1345.000000 0.137725
1346.000000 0.403903
1347.000000 0.265884
1348.000000 0.415005
1349.000000 0.348121
1350.000000 0.160703
1351.000000 0.390174
1352.000000 0.164094
1353.000000 0.034481
1354.000000 0.456656
1355.000000 0.356590
1356.000000 0.541134
1357.000000 0.272085
1358.000000 0.385943
1359.000000 0.327155
1360.000000 0.224053
1361.000000 0.417324
1362.000000 0.011065
1363.000000 0.323520
1364.000000 0.183071
1365.000000 0.478524
1366.000000 0.364795
1367.000000 0.322639
1368.000000 0.165383
1369.000000 0.343861
1370.000000 0.254622
1371.000000 0.177640
1372.000000 0.252540
1373.000000 0.322647
1374.000000 0.363252
1375.000000 0.306153
1376.000000 0.165665
1377.000000 0.408464
1378.000000 0.453519
1379.000000 0.387275
1380.000000 0.278764
1381.000000 0.241371
1382.000000 0.427060
1383.000000 0.077207
1384.000000 0.344438
1385.000000 0.188522
1386.000000 0.079468
1387.000000 0.226638
1388.000000 0.078047
1389.000000 0.286434
1390.000000 0.144724
1391.000000 0.479208
1392.000000 0.052490
1393.000000 0.446446
1394.000000 0.197170
1395.000000 0.227444
1396.000000 0.240480
1397.000000 0.101549
1398.000000 0.184252
1399.000000 0.196570
1400.000000 0.241967
1401.000000 0.116635
1402.000000 0.275320
1403.000000 0.211192
1404.000000 0.064203
1405.000000 0.352444
1406.000000 0.150569
1407.000000 0.280291
1408.000000 0.287745
1409.000000 0.517496
1410.000000 0.198893
1411.000000 0.333247
1412.000000 0.200291
1413.000000 0.109174
1414.000000 0.462700
1415.000000 0.254886
1416.000000 0.421812
1417.000000 0.647219
1418.000000 0.242416
1419.000000 0.299555
1420.000000 0.360150
1421.000000 0.168923
1422.000000 0.181998
1423.000000 0.365084
1424.000000 0.257690
1425.000000 0.066909
1426.000000 0.291768
1427.000000 0.078260
1428.000000 0.144671
1429.000000 0.334220
1430.000000 0.190234
1431.000000 0.198112
1432.000000 0.056230
1433.000000 0.433864
1434.000000 0.332627
1435.000000 0.338927
1436.000000 0.325676
1437.000000 0.290340
1438.000000 0.127668
1439.000000 0.101642
1440.000000 0.160299
1441.000000 0.091485
1442.000000 0.141549
1443.000000 0.562054
1444.000000 0.217062
1445.000000 0.251262
1446.000000 0.096562
1447.000000 0.079123
1448.000000 0.371514
1449.000000 0.583164
1450.000000 0.238837
1451.000000 0.398961
1452.000000 0.398059
1453.000000 0.158928
1454.000000 0.459365
1455.000000 0.094044
1456.000000 0.138191
1457.000000 0.233560
1458.000000 0.173490
1459.000000 0.408312
1460.000000 0.279383
1461.000000 0.250221
1462.000000 0.157748
1463.000000 0.082376
1464.000000 0.115888
1465.000000 0.313562
1466.000000 0.218357
1467.000000 0.204732
1468.000000 0.187759
1469.000000 0.254615
1470.000000 0.375672
1471.000000 0.526272
1472.000000 0.190259
1473.000000 0.251685
1474.000000 0.269857
1475.000000 0.272017
1476.000000 0.672441
1477.000000 0.552308
1478.000000 0.195323
1479.000000 0.286931
1480.000000 0.242999
1481.000000 0.319819
1482.000000 0.352163
1483.000000 0.378874
1484.000000 0.356451
1485.000000 0.710364
1486.000000 0.456348
1487.000000 0.123831
1488.000000 0.084694
1489.000000 0.483711
1490.000000 0.423550
1491.000000 0.163395
1492.000000 0.180476
1493.000000 0.458571
1494.000000 0.429282
1495.000000 0.439547
1496.000000 0.022582
1497.000000 0.352215
1498.000000 0.182057
1499.000000 0.372276
1500.000000 0.106203
1501.000000 0.144163
1502.000000 0.061710
1503.000000 0.214995
1504.000000 0.240659
1505.000000 0.388241
1506.000000 0.388494
1507.000000 0.228508
1508.000000 0.403223
1509.000000 0.052854
1510.000000 0.393725
1511.000000 0.251649
1512.000000 0.364875
1513.000000 0.353287
1514.000000 0.223991
1515.000000 0.318218
1516.000000 0.697918
1517.000000 0.541817
1518.000000 0.435365
1519.000000 0.358040
1520.000000 0.187175
1521.000000 0.668510
1522.000000 0.141379
1523.000000 0.474503
1524.000000 0.277883
1525.000000 0.189408
1526.000000 0.412180
1527.000000 0.031528
1528.000000 0.236514
1529.000000 0.352747
1530.000000 0.167066
1531.000000 0.451481
1532.000000 0.166624
1533.000000 0.471951
1534.000000 0.145097
1535.000000 0.404922
1536.000000 0.192017
1537.000000 0.143917
1538.000000 0.467265
1539.000000 0.480294
1540.000000 0.211743
1541.000000 0.174049
1542.000000 0.286193
1543.000000 0.498912
1544.000000 0.221680
1545.000000 0.160394
1546.000000 0.536186
1547.000000 0.376985
1548.000000 0.558392
1549.000000 0.194274
1550.000000 0.451086
1551.000000 0.168151
1552.000000 0.316353
1553.000000 0.162330
1554.000000 0.081492
1555.000000 0.153458
1556.000000 0.455447
1557.000000 0.295944
1558.000000 0.163530
1559.000000 0.155273
1560.000000 0.230701
1561.000000 0.105476
1562.000000 0.044473
1563.000000 0.124884
1564.000000 0.105691
1565.000000 0.382570
1566.000000 0.423270
1567.000000 0.237785
1568.000000 0.237894
1569.000000 0.207632
1570.000000 0.269951
1571.000000 0.210069
1572.000000 0.179460
1573.000000 0.312374
1574.000000 0.126105
1575.000000 0.313746
1576.000000 0.124284
1577.000000 0.412889
1578.000000 0.646272
1579.000000 0.267093
1580.000000 0.201691
1581.000000 0.450774
1582.000000 0.168559
1583.000000 0.545196
1584.000000 0.214818
1585.000000 0.320906
1586.000000 0.462646
1587.000000 0.305030
1588.000000 0.208624
1589.000000 0.118924
1590.000000 0.391917
1591.000000 0.475350
1592.000000 0.440022
1593.000000 0.107316
1594.000000 0.165014
1595.000000 0.685075
1596.000000 0.461704
1597.000000 0.172216
1598.000000 0.081444
1599.000000 0.249674
1600.000000 0.064392
1601.000000 0.300057
1602.000000 0.224595
1603.000000 0.243721
1604.000000 0.062923
1605.000000 0.314395
1606.000000 0.271735
1607.000000 0.467959
1608.000000 0.105859
1609.000000 0.118431
1610.000000 0.223288
1611.000000 0.387102
1612.000000 0.273576
1613.000000 0.350528
1614.000000 0.046359
1615.000000 0.346436
1616.000000 0.088222
1617.000000 0.142423
1618.000000 0.249766
1619.000000 0.366639
1620.000000 0.503002
1621.000000 0.082249
1622.000000 0.115235
1623.000000 0.386216
1624.000000 0.333483
1625.000000 0.104249
1626.000000 0.245152
1627.000000 0.231016
1628.000000 0.271723
1629.000000 0.505378
1630.000000 0.196568
1631.000000 0.309601
1632.000000 0.077910
1633.000000 0.425691
1634.000000 0.393024
1635.000000 0.216086
1636.000000 0.535449
1637.000000 0.100238
1638.000000 0.414542
1639.000000 0.238713
1640.000000 0.172598
1641.000000 0.426061
1642.000000 0.153108
1643.000000 0.437846
1644.000000 0.333411
1645.000000 0.241674
1646.000000 0.125116
1647.000000 0.134567
1648.000000 0.320287
1649.000000 0.467264
1650.000000 0.311300
1651.000000 0.372683
1652.000000 0.480242
1653.000000 0.143686
1654.000000 0.245161
1655.000000 0.439513
1656.000000 0.189752
1657.000000 0.090522
1658.000000 0.149421
1659.000000 0.176758
1660.000000 0.103351
1661.000000 0.412007
1662.000000 0.308587
1663.000000 0.070754
1664.000000 0.103900
1665.000000 0.573972
1666.000000 0.412455
1667.000000 0.435630
1668.000000 0.294394
1669.000000 0.203064
1670.000000 0.063190
1671.000000 0.165401
1672.000000 0.195775
1673.000000 0.424634
1674.000000 0.293569
1675.000000 0.199460
1676.000000 0.279462
1677.000000 0.658970
1678.000000 0.387729
1679.000000 0.355974
1680.000000 0.329487
1681.000000 0.636584
1682.000000 0.166955
1683.000000 0.446802
1684.000000 0.332764
1685.000000 0.130225
1686.000000 0.257287
1687.000000 0.532140
1688.000000 0.042368
1689.000000 0.346705
1690.000000 0.279828
1691.000000 0.274335
1692.000000 0.245600
1693.000000 0.291695
1694.000000 0.205460
1695.000000 0.296806
1696.000000 0.430210
1697.000000 0.266639
1698.000000 0.290255
1699.000000 0.572061
1700.000000 0.216735
1701.000000 0.113491
1702.000000 0.263348
1703.000000 0.578566
1704.000000 0.122868
1705.000000 0.043710
1706.000000 0.145789
1707.000000 0.192827
1708.000000 0.487717
1709.000000 0.199099
1710.000000 0.350929
1711.000000 0.246617
1712.000000 0.299422
1713.000000 0.083186
1714.000000 0.041804
1715.000000 0.141016
1716.000000 0.164040
1717.000000 0.355427
1718.000000 0.407161
1719.000000 0.349806
1720.000000 0.220369
1721.000000 0.309151
1722.000000 0.172840
1723.000000 0.005813
1724.000000 0.569632
1725.000000 0.400201
1726.000000 0.311913
1727.000000 0.175628
1728.000000 0.254196
1729.000000 0.451630
1730.000000 0.311277
1731.000000 0.439797
1732.000000 0.212674
1733.000000 0.505508
1734.000000 0.225293
1735.000000 0.445493
1736.000000 0.148613
1737.000000 0.163608
1738.000000 0.154954
1739.000000 0.167276
1740.000000 0.109375
1741.000000 0.133710
1742.000000 0.311275
1743.000000 0.303662
1744.000000 0.159892
1745.000000 0.446252
1746.000000 0.515724
1747.000000 0.742180
1748.000000 0.108995
1749.000000 0.534778
1750.000000 0.251198
1751.000000 0.418909
1752.000000 0.115398
1753.000000 0.189544
1754.000000 0.270715
1755.000000 0.004378
1756.000000 0.514635
1757.000000 0.306107
1758.000000 0.356022
1759.000000 0.206165
1760.000000 0.156210
1761.000000 0.429270
1762.000000 0.228598
1763.000000 0.349586
1764.000000 0.358050
1765.000000 0.328847
1766.000000 0.135587
1767.000000 0.444261
1768.000000 0.248223
1769.000000 0.473299
1770.000000 0.360071
1771.000000 0.401281
1772.000000 0.318988
1773.000000 0.393080
1774.000000 0.323994
1775.000000 0.461299
1776.000000 0.242559
1777.000000 0.441488
1778.000000 0.161738
1779.000000 0.246450
1780.000000 0.540717
1781.000000 0.460103
1782.000000 0.158129
1783.000000 0.129137
1784.000000 0.156274
1785.000000 0.257655
1786.000000 0.306990
1787.000000 0.054272
1788.000000 0.452384
1789.000000 0.123497
1790.000000 0.501305
1791.000000 0.671041
1792.000000 0.485476
1793.000000 0.263345
1794.000000 0.425551
1795.000000 0.188539
1796.000000 0.100762
1797.000000 0.102467
1798.000000 0.435619
1799.000000 0.408633
1800.000000 0.125814
1801.000000 0.663469
1802.000000 0.339915
1803.000000 0.206543
1804.000000 0.130907
1805.000000 0.089460
1806.000000 0.444231
1807.000000 0.173030
1808.000000 0.537275
1809.000000 0.764703
1810.000000 0.217673
1811.000000 0.092322
1812.000000 0.276660
1813.000000 0.283303
1814.000000 0.158770
1815.000000 0.198367
1816.000000 0.261506
1817.000000 0.219468
1818.000000 0.294499
1819.000000 0.219122
1820.000000 0.328953
1821.000000 0.493645
1822.000000 0.258644
1823.000000 0.428039
1824.000000 0.075851
1825.000000 0.185051
1826.000000 0.097605
1827.000000 0.209252
1828.000000 0.308569
1829.000000 0.057802
1830.000000 0.271550
1831.000000 0.095623
1832.000000 0.269750
1833.000000 0.089622
1834.000000 0.350408
1835.000000 0.490211
1836.000000 0.241005
1837.000000 0.225095
1838.000000 0.066277
1839.000000 0.523891
1840.000000 0.118072
1841.000000 0.460679
1842.000000 0.152560
1843.000000 0.209800
1844.000000 0.594687
1845.000000 0.077270
1846.000000 0.239020
1847.000000 0.367661
1848.000000 0.174075
1849.000000 0.264422
1850.000000 0.213307
1851.000000 0.245593
1852.000000 0.299399
1853.000000 0.338465
1854.000000 0.203228
1855.000000 0.542893
1856.000000 0.185620
1857.000000 0.278724
1858.000000 0.244574
1859.000000 0.538263
1860.000000 0.512924
1861.000000 0.370686
1862.000000 0.397688
1863.000000 0.243813
1864.000000 0.086335
1865.000000 0.312219
1866.000000 0.364591
1867.000000 0.224350
1868.000000 0.593642
1869.000000 0.273756
1870.000000 0.408722
1871.000000 0.247268
1872.000000 0.235163
1873.000000 0.185059
1874.000000 0.175468
1875.000000 0.396453
1876.000000 0.118720
1877.000000 0.406974
1878.000000 0.150842
1879.000000 0.128383
1880.000000 0.482970
1881.000000 0.476642
1882.000000 0.252570
1883.000000 0.342295
1884.000000 0.357611
1885.000000 0.529779
1886.000000 0.327539
1887.000000 0.164002
1888.000000 0.082303
1889.000000 0.156729
1890.000000 0.397349
1891.000000 0.414445
1892.000000 0.119989
1893.000000 0.175369
1894.000000 0.226805
1895.000000 0.219454
1896.000000 0.364022
1897.000000 0.641441
1898.000000 0.431209
1899.000000 0.233030
1900.000000 0.078383
1901.000000 0.734489
1902.000000 0.111912
1903.000000 0.392374
1904.000000 0.068806
1905.000000 0.089961
1906.000000 0.245494
1907.000000 0.230278
1908.000000 0.292353
1909.000000 0.226221
1910.000000 0.286184
1911.000000 0.257208
1912.000000 0.270949
1913.000000 0.310306
1914.000000 0.145427
1915.000000 0.078359
1916.000000 0.035693
1917.000000 0.276000
1918.000000 0.376549
1919.000000 0.203387
1920.000000 0.543787
1921.000000 0.494455
1922.000000 0.200947
1923.000000 0.213997
1924.000000 0.526902
1925.000000 0.204406
1926.000000 0.223423
1927.000000 0.469189
1928.000000 0.236709
1929.000000 0.511503
1930.000000 0.327795
1931.000000 0.151875
1932.000000 0.241363
1933.000000 0.328480
1934.000000 0.526813
1935.000000 0.298996
1936.000000 0.178190
1937.000000 0.249003
1938.000000 0.192839
1939.000000 0.110323
1940.000000 0.263595
1941.000000 0.521622
1942.000000 0.446282
1943.000000 0.309201
1944.000000 0.317722
1945.000000 0.552485
1946.000000 0.255444
1947.000000 0.155979
1948.000000 0.133286
1949.000000 0.323788
1950.000000 0.098823
1951.000000 0.384771
1952.000000 0.361586
1953.000000 0.177545
1954.000000 0.339975
1955.000000 0.234675
1956.000000 0.414181
1957.000000 0.259586
1958.000000 0.448986
1959.000000 0.499241
1960.000000 0.175236
1961.000000 0.465872
1962.000000 0.260229
1963.000000 0.198344
1964.000000 0.565920
1965.000000 0.531027
1966.000000 0.538298
1967.000000 0.166506
1968.000000 0.450931
1969.000000 0.317681
1970.000000 0.634068
1971.000000 0.485564
1972.000000 0.048624
1973.000000 0.345690
1974.000000 0.220575
1975.000000 0.225870
1976.000000 0.404975
1977.000000 0.077395
1978.000000 0.221703
1979.000000 0.086296
1980.000000 0.379855
1981.000000 0.465062
1982.000000 0.497376
1983.000000 0.198019
1984.000000 0.316754
1985.000000 0.357195
1986.000000 0.431564
1987.000000 0.243144
1988.000000 0.150243
1989.000000 0.191064
1990.000000 0.522417
1991.000000 0.374327
1992.000000 0.332967
1993.000000 0.171789
1994.000000 0.243370
1995.000000 0.267023
1996.000000 0.125643
1997.000000 0.217047
1998.000000 0.235480
1999.000000 0.330077
2000.000000 0.158817
2001.000000 0.359154
2002.000000 0.215892
2003.000000 0.197884
2004.000000 0.291734
2005.000000 0.171737
2006.000000 0.261946
2007.000000 0.308448
2008.000000 0.285585
2009.000000 0.657278
2010.000000 0.395545
2011.000000 0.164811
2012.000000 0.372648
2013.000000 0.055413
2014.000000 0.317464
2015.000000 0.039595
2016.000000 0.222525
2017.000000 0.503240
2018.000000 0.592521
2019.000000 0.308015
2020.000000 0.402603
2021.000000 0.778754
2022.000000 0.556798
2023.000000 0.360561
2024.000000 0.242938
2025.000000 0.253638
2026.000000 0.277013
2027.000000 0.288542
2028.000000 0.522967
2029.000000 0.248282
2030.000000 0.392901
2031.000000 0.190592
2032.000000 0.376100
2033.000000 0.397212
2034.000000 0.244372
2035.000000 0.539309
2036.000000 0.412293
2037.000000 0.439762
2038.000000 0.270177
2039.000000 0.241592
2040.000000 0.291342
2041.000000 0.267665
2042.000000 0.478179
2043.000000 0.538419
2044.000000 0.448405
2045.000000 0.395954
2046.000000 0.206623
2047.000000 0.337000
2048.000000 0.363532
2049.000000 0.294462
2050.000000 0.154595
2051.000000 0.408489
2052.000000 0.157986
2053.000000 0.318076
2054.000000 0.437171
2055.000000 0.289233
2056.000000 0.339247
2057.000000 0.430076
2058.000000 0.115973
2059.000000 0.260410
2060.000000 0.486206
2061.000000 0.418131
2062.000000 0.406177
2063.000000 0.565604
2064.000000 0.407204
2065.000000 0.372877
2066.000000 0.189448
2067.000000 0.201704
2068.000000 0.548152
2069.000000 0.100985
2070.000000 0.229589
2071.000000 0.383536
2072.000000 0.403306
2073.000000 0.279098
2074.000000 0.451547
2075.000000 0.248807
2076.000000 0.224049
2077.000000 0.350330
2078.000000 0.240741
2079.000000 0.368573
2080.000000 0.591204
2081.000000 0.416295
2082.000000 0.430754
2083.000000 0.234597
2084.000000 0.664681
2085.000000 0.337985
2086.000000 0.237798
2087.000000 0.695753
2088.000000 0.332701
2089.000000 0.183287
2090.000000 0.576462
2091.000000 0.094468
2092.000000 0.355509
2093.000000 0.179047
2094.000000 0.146222
2095.000000 0.476536
2096.000000 0.786228
2097.000000 0.091632
2098.000000 0.408059
2099.000000 0.482395
2100.000000 0.025833
2101.000000 0.134632
2102.000000 0.339961
2103.000000 0.348515
2104.000000 0.438751
2105.000000 0.281418
2106.000000 0.136751
2107.000000 0.275226
2108.000000 0.484305
2109.000000 0.229840
2110.000000 0.522676
2111.000000 0.246122
2112.000000 0.207999
2113.000000 0.193173
2114.000000 0.230142
2115.000000 0.184177
2116.000000 0.195346
2117.000000 0.273447
2118.000000 0.191770
2119.000000 0.096253
2120.000000 0.447193
2121.000000 0.207836
2122.000000 0.052795
2123.000000 0.345387
2124.000000 0.368066
2125.000000 0.124078
2126.000000 0.309809
2127.000000 0.178665
2128.000000 0.376550
2129.000000 0.459288
2130.000000 0.210906
2131.000000 0.119977
2132.000000 0.272831
2133.000000 0.154787
2134.000000 0.330546
2135.000000 0.239787
2136.000000 0.770136
2137.000000 0.340321
2138.000000 0.346922
2139.000000 0.658944
2140.000000 0.435410
2141.000000 0.504943
2142.000000 0.307889
2143.000000 0.533137
2144.000000 0.161037
2145.000000 0.394521
2146.000000 0.167271
2147.000000 0.223644
2148.000000 0.189891
2149.000000 0.363452
2150.000000 0.365404
2151.000000 0.493839
2152.000000 0.282096
2153.000000 0.274544
2154.000000 0.156893
2155.000000 0.169620
2156.000000 0.523599
2157.000000 0.337234
2158.000000 0.352738
2159.000000 0.304609
2160.000000 0.386514
2161.000000 0.316652
2162.000000 0.268429
2163.000000 0.090331
2164.000000 0.353047
2165.000000 0.329024
2166.000000 0.172373
2167.000000 0.421005
2168.000000 0.245734
2169.000000 0.015882
2170.000000 0.724718
2171.000000 0.230221
2172.000000 0.130624
2173.000000 0.467389
2174.000000 0.186338
2175.000000 0.426094
2176.000000 0.472063
2177.000000 0.445151
2178.000000 0.575475
2179.000000 0.500801
2180.000000 0.374157
2181.000000 0.184037
2182.000000 0.311948
2183.000000 0.189757
2184.000000 0.290865
2185.000000 0.085274
2186.000000 0.074668
2187.000000 0.202329
2188.000000 0.410842
2189.000000 0.537081
2190.000000 0.411001
2191.000000 0.542220
2192.000000 0.438476
2193.000000 0.025601
2194.000000 0.177073
2195.000000 0.251885
2196.000000 0.004053
2197.000000 0.275941
2198.000000 0.414171
2199.000000 0.268991
2200.000000 0.396601
2201.000000 0.277044
2202.000000 0.450648
2203.000000 0.463288
2204.000000 0.610654
2205.000000 0.125155
2206.000000 0.207636
2207.000000 0.260272
2208.000000 0.257303
2209.000000 0.043002
2210.000000 0.360347
2211.000000 0.349205
2212.000000 0.115321
2213.000000 0.482029
2214.000000 0.423308
2215.000000 0.255608
2216.000000 0.137427
2217.000000 0.062311
2218.000000 0.274932
2219.000000 0.343026
2220.000000 0.381398
2221.000000 0.153754
2222.000000 0.238686
2223.000000 0.371547
2224.000000 0.162558
2225.000000 0.191447
2226.000000 0.111738
2227.000000 0.355359
2228.000000 0.414137
2229.000000 0.429101
2230.000000 0.236886
2231.000000 0.167085
2232.000000 0.282236
2233.000000 0.285895
2234.000000 0.513813
2235.000000 0.027228
2236.000000 0.227605
2237.000000 0.499474
2238.000000 0.242523
2239.000000 0.213148
2240.000000 0.157250
2241.000000 0.386470
2242.000000 0.239512
2243.000000 0.482960
2244.000000 0.492919
2245.000000 0.046740
2246.000000 0.266920
2247.000000 0.118857
2248.000000 0.239454
2249.000000 0.341631
2250.000000 0.176082
2251.000000 0.260514
2252.000000 0.241553
2253.000000 0.012821
2254.000000 0.111970
2255.000000 0.435878
2256.000000 0.218226
2257.000000 0.214956
2258.000000 0.694680
2259.000000 0.311069
2260.000000 0.558094
2261.000000 0.284444
2262.000000 0.320579
2263.000000 0.240445
2264.000000 0.357824
2265.000000 0.332590
2266.000000 0.116973
2267.000000 0.346656
2268.000000 0.305949
2269.000000 0.452154
2270.000000 0.528699
2271.000000 0.162054
2272.000000 0.475086
2273.000000 0.168589
2274.000000 0.339883
2275.000000 0.338984
2276.000000 0.261669
2277.000000 0.449067
2278.000000 0.135007
2279.000000 0.329386
2280.000000 0.216881
2281.000000 0.453748
2282.000000 0.269633
2283.000000 0.324123
2284.000000 0.237496
2285.000000 0.337284
2286.000000 0.230296
2287.000000 0.559097
2288.000000 0.141763
2289.000000 0.680823
2290.000000 0.394628
2291.000000 0.385253
2292.000000 0.535812
2293.000000 0.199092
2294.000000 0.520108
2295.000000 0.265485
2296.000000 0.372065
2297.000000 0.276878
2298.000000 0.208636
2299.000000 0.199453
2300.000000 0.595848
2301.000000 0.115922
2302.000000 0.264896
2303.000000 0.101694
2304.000000 0.197930
2305.000000 0.122819
2306.000000 0.261951
2307.000000 0.337434
2308.000000 0.115401
2309.000000 0.351588
2310.000000 0.300085
2311.000000 0.299425
2312.000000 0.359009
2313.000000 0.336334
2314.000000 0.198015
2315.000000 0.134594
2316.000000 0.466981
2317.000000 0.350483
2318.000000 0.362930
2319.000000 0.475106
2320.000000 0.323087
2321.000000 0.362203
2322.000000 0.308717
2323.000000 0.212678
2324.000000 0.261860
2325.000000 0.166256
2326.000000 0.459860
2327.000000 0.343546
2328.000000 0.199633
2329.000000 0.383602
2330.000000 0.184994
2331.000000 0.084411
2332.000000 0.464175
2333.000000 0.153098
2334.000000 0.213986
2335.000000 0.537818
2336.000000 0.330141
2337.000000 0.528603
2338.000000 0.293187
2339.000000 0.244170
2340.000000 0.190786
2341.000000 0.389993
2342.000000 0.274241
2343.000000 0.401464
2344.000000 0.557187
2345.000000 0.228127
2346.000000 0.108989
2347.000000 0.493336
2348.000000 0.199899
2349.000000 0.168857
2350.000000 0.144308
2351.000000 0.395963
2352.000000 0.142143
2353.000000 0.303206
2354.000000 0.165019
2355.000000 0.120344
2356.000000 0.300034
2357.000000 0.437726
2358.000000 0.226478
2359.000000 0.148523
2360.000000 0.537674
2361.000000 0.249889
2362.000000 0.281002
2363.000000 0.259575
2364.000000 0.111134
2365.000000 0.235631
2366.000000 0.709946
2367.000000 0.596773
2368.000000 0.124500
2369.000000 0.547076
2370.000000 0.758912
2371.000000 0.314497
2372.000000 0.239991
2373.000000 0.121965
2374.000000 0.474161
2375.000000 0.790831
2376.000000 0.333914
2377.000000 0.471164
2378.000000 0.258987
2379.000000 0.386632
2380.000000 0.411083
2381.000000 0.218154
2382.000000 0.262093
2383.000000 0.078311
2384.000000 0.026892
2385.000000 0.202185
2386.000000 0.200985
2387.000000 0.537474
2388.000000 0.365004
2389.000000 0.440707
2390.000000 0.204906
2391.000000 0.145035
2392.000000 0.497361
2393.000000 0.412697
2394.000000 0.317309
2395.000000 0.127591
2396.000000 0.401818
2397.000000 0.594125
2398.000000 0.161991
2399.000000 0.491088
2400.000000 0.139389
2401.000000 0.313658
2402.000000 0.475438
2403.000000 0.406782
2404.000000 0.424459
2405.000000 0.194241
2406.000000 0.235562
2407.000000 0.194864
2408.000000 0.556767
2409.000000 0.494991
2410.000000 0.463372
2411.000000 0.131378
2412.000000 0.182463
2413.000000 0.353702
2414.000000 0.257751
2415.000000 0.324824
2416.000000 0.257742
2417.000000 0.146216
2418.000000 0.080011
2419.000000 0.564855
2420.000000 0.413078
2421.000000 0.641239
2422.000000 0.209435
2423.000000 0.321790
2424.000000 0.224055
2425.000000 0.313454
2426.000000 0.340169
2427.000000 0.364270
2428.000000 0.047611
2429.000000 0.105149
2430.000000 0.384834
2431.000000 0.363201
2432.000000 0.272759
2433.000000 0.148886
2434.000000 0.196441
2435.000000 0.201330
2436.000000 0.485591
2437.000000 0.357167
2438.000000 0.111566
2439.000000 0.312574
2440.000000 0.119922
2441.000000 0.115772
2442.000000 0.447275
2443.000000 0.270013
2444.000000 0.332561
2445.000000 0.244135
2446.000000 0.564132
2447.000000 0.238784
2448.000000 0.300063
2449.000000 0.227082
2450.000000 0.630623
2451.000000 0.367737
2452.000000 0.333807
2453.000000 0.366564
2454.000000 0.275517
2455.000000 0.183274
2456.000000 0.378480
2457.000000 0.219874
2458.000000 0.254942
2459.000000 0.195034
2460.000000 0.335709
2461.000000 0.547527
2462.000000 0.357387
2463.000000 0.147666
2464.000000 0.338831
2465.000000 0.054657
2466.000000 0.477719
2467.000000 0.146550
2468.000000 0.041061
2469.000000 0.580455
2470.000000 0.280246
2471.000000 0.362960
2472.000000 0.132607
2473.000000 0.394382
2474.000000 0.321676
2475.000000 0.327201
2476.000000 0.429359
2477.000000 0.353982
2478.000000 0.559568
2479.000000 0.093350
2480.000000 0.167213
2481.000000 0.075620
2482.000000 0.188591
2483.000000 0.616853
2484.000000 0.190136
2485.000000 0.129975
2486.000000 0.093312
2487.000000 0.063898
2488.000000 0.450532
2489.000000 0.273598
2490.000000 0.542634
2491.000000 0.387363
2492.000000 0.411553
2493.000000 0.399125
2494.000000 0.404710
2495.000000 0.642601
2496.000000 0.294715
2497.000000 0.488483
2498.000000 0.154150
2499.000000 0.082672
2500.000000 0.180235
2501.000000 0.303265
2502.000000 0.239581
2503.000000 0.358673
2504.000000 0.535607
2505.000000 0.410523
2506.000000 0.080030
2507.000000 0.139668
2508.000000 0.332958
2509.000000 0.280217
2510.000000 0.346390
2511.000000 0.311423
2512.000000 0.173683
2513.000000 0.089121
2514.000000 0.267965
2515.000000 0.330250
2516.000000 0.312254
2517.000000 0.302764
2518.000000 0.241181
2519.000000 0.602879
2520.000000 0.312074
2521.000000 0.193663
2522.000000 0.232521
2523.000000 0.022461
2524.000000 0.166429
2525.000000 0.194139
2526.000000 0.060663
2527.000000 0.611101
2528.000000 0.290884
2529.000000 0.256798
2530.000000 0.458325
2531.000000 0.445641
2532.000000 0.613619
2533.000000 0.186610
2534.000000 0.326973
2535.000000 0.308200
2536.000000 0.198125
2537.000000 0.131349
2538.000000 0.592880
2539.000000 0.049565
2540.000000 0.528493
2541.000000 0.122125
2542.000000 0.359210
2543.000000 0.204374
2544.000000 0.347421
2545.000000 0.093553
2546.000000 0.247183
2547.000000 0.153988
2548.000000 0.188486
2549.000000 0.385763
2550.000000 0.192877
2551.000000 0.273303
2552.000000 0.494784
2553.000000 0.452518
2554.000000 0.280055
2555.000000 0.133403
2556.000000 0.295873
2557.000000 0.198466
2558.000000 0.154512
2559.000000 0.114138
2560.000000 0.712969
2561.000000 0.273034
2562.000000 0.158849
2563.000000 0.261423
2564.000000 0.278102
2565.000000 0.354951
2566.000000 0.357616
2567.000000 0.195797
2568.000000 0.452628
2569.000000 0.351398
2570.000000 0.382152
2571.000000 0.332058
2572.000000 0.530045
2573.000000 0.128267
2574.000000 0.285481
2575.000000 0.146537
2576.000000 0.136409
2577.000000 0.637005
2578.000000 0.232524
2579.000000 0.165295
2580.000000 0.386990
2581.000000 0.449059
2582.000000 0.136126
2583.000000 0.387907
2584.000000 0.214441
2585.000000 0.270556
2586.000000 0.307404
2587.000000 0.153360
2588.000000 0.206344
2589.000000 0.099588
2590.000000 0.102497
2591.000000 0.176637
2592.000000 0.405835
2593.000000 0.354017
2594.000000 0.217065
2595.000000 0.414971
2596.000000 0.188499
2597.000000 0.397235
2598.000000 0.061242
2599.000000 0.335151
2600.000000 0.147524
2601.000000 0.177978
2602.000000 0.240241
2603.000000 0.640170
2604.000000 0.369758
2605.000000 0.184012
2606.000000 0.224557
2607.000000 0.318927
2608.000000 0.201024
2609.000000 0.063089
2610.000000 0.287232
2611.000000 0.177824
2612.000000 0.327069
2613.000000 0.137325
2614.000000 0.280954
2615.000000 0.198551
2616.000000 0.530178
2617.000000 0.326478
2618.000000 0.155196
2619.000000 0.456073
2620.000000 0.574732
2621.000000 0.268371
2622.000000 0.444449
2623.000000 0.319240
2624.000000 0.236528
2625.000000 0.142503
2626.000000 0.246712
2627.000000 0.515621
2628.000000 0.201029
2629.000000 0.328406
2630.000000 0.383422
2631.000000 0.231016
2632.000000 0.181076
2633.000000 0.418536
2634.000000 0.105598
2635.000000 0.617855
2636.000000 0.307252
2637.000000 0.292154
2638.000000 0.412253
2639.000000 0.635808
2640.000000 0.173276
2641.000000 0.455419
2642.000000 0.220436
2643.000000 0.432225
2644.000000 0.159771
2645.000000 0.162178
2646.000000 0.228260
2647.000000 0.186744
2648.000000 0.313744
2649.000000 0.057643
2650.000000 0.215087
2651.000000 0.277301
2652.000000 0.065956
2653.000000 0.189107
2654.000000 0.381764
2655.000000 0.615026
2656.000000 0.586497
2657.000000 0.041745
2658.000000 0.201091
2659.000000 0.390012
2660.000000 0.386714
2661.000000 0.276899
2662.000000 0.555273
2663.000000 0.237717
2664.000000 0.200550
2665.000000 0.506001
2666.000000 0.080665
2667.000000 0.423379
2668.000000 0.347256
2669.000000 0.143030
2670.000000 0.466147
2671.000000 0.474700
2672.000000 0.281430
2673.000000 0.294212
2674.000000 0.195714
2675.000000 0.540500
2676.000000 0.257447
2677.000000 0.316939
2678.000000 0.067859
2679.000000 0.224025
2680.000000 0.345616
2681.000000 0.347399
2682.000000 0.104232
2683.000000 0.365888
2684.000000 0.402368
2685.000000 0.287731
2686.000000 0.307571
2687.000000 0.597131
2688.000000 0.322860
2689.000000 0.227957
2690.000000 0.211779
2691.000000 0.533124
2692.000000 0.061340
2693.000000 0.326530
2694.000000 0.156343
2695.000000 0.346831
2696.000000 0.254404
2697.000000 0.396458
2698.000000 0.272761
2699.000000 0.191321
2700.000000 0.408565
2701.000000 0.607770
2702.000000 0.335086
2703.000000 0.513498
2704.000000 0.564297
2705.000000 0.315370
2706.000000 0.293869
2707.000000 0.043049
2708.000000 0.351871
2709.000000 0.279901
2710.000000 0.203903
2711.000000 0.320993
2712.000000 0.147086
2713.000000 0.261874
2714.000000 0.159374
2715.000000 0.204696
2716.000000 0.696197
2717.000000 0.295704
2718.000000 0.357016
2719.000000 0.228086
2720.000000 0.232582
2721.000000 0.367297
2722.000000 0.048330
2723.000000 0.299885
2724.000000 0.540828
2725.000000 0.157273
2726.000000 0.143778
2727.000000 0.261614
2728.000000 0.100555
2729.000000 0.344619
2730.000000 0.153083
2731.000000 0.403386
2732.000000 0.443620
2733.000000 0.305166
2734.000000 0.614949
2735.000000 0.150001
2736.000000 0.259093
2737.000000 0.404341
2738.000000 0.195634
2739.000000 0.635230
2740.000000 0.257018
2741.000000 0.489647
2742.000000 0.189802
2743.000000 0.320845
2744.000000 0.170501
2745.000000 0.101897
2746.000000 0.295145
2747.000000 0.417301
2748.000000 0.249458
2749.000000 0.077990
2750.000000 0.100878
2751.000000 0.416019
2752.000000 0.398731
2753.000000 0.474414
2754.000000 0.235043
2755.000000 0.157625
2756.000000 0.265382
2757.000000 0.220411
2758.000000 0.382414
2759.000000 0.248073
2760.000000 0.201649
2761.000000 0.332688
2762.000000 0.218133
2763.000000 0.399345
2764.000000 0.255262
2765.000000 0.338711
2766.000000 0.276842
2767.000000 0.362229
2768.000000 0.264766
2769.000000 0.288898
2770.000000 0.402487
2771.000000 0.185940
2772.000000 0.417618
2773.000000 0.254467
2774.000000 0.273032
2775.000000 0.109223
2776.000000 0.412534
2777.000000 0.518390
2778.000000 0.412313
2779.000000 0.116149
2780.000000 0.391192
2781.000000 0.685203
2782.000000 0.144713
2783.000000 0.454576
2784.000000 0.077110
2785.000000 0.241461
2786.000000 0.351238
2787.000000 0.391860
2788.000000 0.292012
2789.000000 0.323579
2790.000000 0.322047
2791.000000 0.268032
2792.000000 0.350528
2793.000000 0.222383
2794.000000 0.283770
2795.000000 0.229180
2796.000000 0.287209
2797.000000 0.445771
2798.000000 0.509433
2799.000000 0.469451
2800.000000 0.502139
2801.000000 0.164521
2802.000000 0.378758
2803.000000 0.621050
2804.000000 0.227604
2805.000000 0.222507
2806.000000 0.134105
2807.000000 0.451211
2808.000000 0.173303
2809.000000 0.414000
2810.000000 0.265991
2811.000000 0.500839
2812.000000 0.361614
2813.000000 0.187592
2814.000000 0.367453
2815.000000 0.429816
2816.000000 0.347459
2817.000000 0.255498
2818.000000 0.185897
2819.000000 0.526416
2820.000000 0.078425
2821.000000 0.195430
2822.000000 0.406596
2823.000000 0.804113
2824.000000 0.321492
2825.000000 0.236515
2826.000000 0.228907
2827.000000 0.420229
2828.000000 0.090735
2829.000000 0.155998
2830.000000 0.578724
2831.000000 0.472506
2832.000000 0.334571
2833.000000 0.363490
2834.000000 0.259273
2835.000000 0.701573
2836.000000 0.331550
2837.000000 0.192212
2838.000000 0.082040
2839.000000 0.291448
2840.000000 0.255105
2841.000000 0.385074
2842.000000 0.198653
2843.000000 0.310741
2844.000000 0.438331
2845.000000 0.509897
2846.000000 0.629938
2847.000000 0.066506
2848.000000 0.349256
2849.000000 0.189463
2850.000000 0.215866
2851.000000 0.452775
2852.000000 0.397223
2853.000000 0.165231
2854.000000 0.177369
2855.000000 0.108229
2856.000000 0.197262
2857.000000 0.042443
2858.000000 0.249673
2859.000000 0.443154
2860.000000 0.463248
2861.000000 0.392249
2862.000000 0.102252
2863.000000 0.414160
2864.000000 0.472403
2865.000000 0.199762
2866.000000 0.527358
2867.000000 0.466366
2868.000000 0.160028
2869.000000 0.132651
2870.000000 0.212813
2871.000000 0.334899
2872.000000 0.399329
2873.000000 0.019201
2874.000000 0.197858
2875.000000 0.339757
2876.000000 0.480114
2877.000000 0.296389
2878.000000 0.241384
2879.000000 0.140261
2880.000000 0.486477
2881.000000 0.548524
2882.000000 0.300903
2883.000000 0.254147
2884.000000 0.306393
2885.000000 0.157730
2886.000000 0.215424
2887.000000 0.246474
2888.000000 0.162104
2889.000000 0.356985
2890.000000 0.276021
2891.000000 0.181353
2892.000000 0.266430
2893.000000 0.303304
2894.000000 0.162969
2895.000000 0.260304
2896.000000 0.355973
2897.000000 0.396291
2898.000000 0.182940
2899.000000 0.328135
2900.000000 0.150347
2901.000000 0.284317
2902.000000 0.458368
2903.000000 0.166378
2904.000000 0.273899
2905.000000 0.104907
2906.000000 0.281190
2907.000000 0.307395
2908.000000 0.070520
2909.000000 0.346642
2910.000000 0.408758
2911.000000 0.533819
2912.000000 0.306728
2913.000000 0.549515
2914.000000 0.284164
2915.000000 0.386101
2916.000000 0.237446
2917.000000 0.535049
2918.000000 0.120534
2919.000000 0.508353
2920.000000 0.391128
2921.000000 0.208292
2922.000000 0.591440
2923.000000 0.354626
2924.000000 0.269153
2925.000000 0.274886
2926.000000 0.408913
2927.000000 0.099739
2928.000000 0.139517
2929.000000 0.055465
2930.000000 0.373843
2931.000000 0.236205
2932.000000 0.691517
2933.000000 0.561971
2934.000000 0.126046
2935.000000 0.286450
2936.000000 0.116534
2937.000000 0.190261
2938.000000 0.398800
2939.000000 0.239526
2940.000000 0.436989
2941.000000 0.278592
2942.000000 0.338834
2943.000000 0.398867
2944.000000 0.462207
2945.000000 0.634285
2946.000000 0.438543
2947.000000 0.402824
2948.000000 0.335495
2949.000000 0.239987
2950.000000 0.402329
2951.000000 0.193782
2952.000000 0.056360
2953.000000 0.193894
2954.000000 0.593765
2955.000000 0.188675
2956.000000 0.412169
2957.000000 0.433255
2958.000000 0.590168
2959.000000 0.376490
2960.000000 0.549857
2961.000000 0.478390
2962.000000 0.395621
2963.000000 0.454814
2964.000000 0.235714
2965.000000 0.318654
2966.000000 0.168833
2967.000000 0.231576
2968.000000 0.088921
2969.000000 0.417530
2970.000000 0.240381
2971.000000 0.128128
2972.000000 0.049759
2973.000000 0.118956
2974.000000 0.236522
2975.000000 0.094555
2976.000000 0.758434
2977.000000 0.348881
2978.000000 0.318724
2979.000000 0.036584
2980.000000 0.176921
2981.000000 0.112657
2982.000000 0.138026
2983.000000 0.401326
2984.000000 0.402651
2985.000000 0.160377
2986.000000 0.341203
2987.000000 0.066990
2988.000000 0.449568
2989.000000 0.456113
2990.000000 0.205821
2991.000000 0.370942
2992.000000 0.203673
2993.000000 0.616271
2994.000000 0.363233
2995.000000 0.218128
2996.000000 0.240694
2997.000000 0.070444
2998.000000 0.218614
2999.000000 0.194202
3000.000000 0.098869
