0.000000 0.206055
1.000000 0.230841
2.000000 0.156320
3.000000 0.233645
4.000000 0.115590
5.000000 0.163356
6.000000 0.127592
7.000000 0.255470
8.000000 0.149551
9.000000 0.097706
10.000000 0.183445
11.000000 0.106217
12.000000 0.043059
13.000000 0.098263
14.000000 0.080394
15.000000 0.150049
16.000000 0.107775
17.000000 0.310122
18.000000 0.136968
19.000000 0.131498
20.000000 0.177789
21.000000 0.148277
22.000000 0.214263
23.000000 0.173327
24.000000 0.246633
25.000000 0.072150
26.000000 0.046405
27.000000 0.039402
28.000000 0.092970
29.000000 0.188123
30.000000 0.137838
31.000000 0.067506
32.000000 0.063271
33.000000 0.135095
34.000000 0.126396
35.000000 0.197530
36.000000 0.024682
37.000000 0.086853
38.000000 0.155442
39.000000 0.216775
40.000000 0.062687
41.000000 0.178690
42.000000 0.191524
43.000000 0.127199
44.000000 0.115976
45.000000 0.179191
46.000000 0.078426
47.000000 0.191515
48.000000 0.038198
49.000000 0.103945
50.000000 0.209869
51.000000 0.058866
52.000000 0.172794
53.000000 0.129691
54.000000 0.194817
55.000000 0.176891
56.000000 0.159842
57.000000 0.209124
58.000000 0.161053
59.000000 0.096773
60.000000 0.116012
61.000000 0.127388
62.000000 0.280600
63.000000 0.214689
64.000000 0.195545
65.000000 0.089456
66.000000 0.047975
67.000000 0.046458
68.000000 0.069199
69.000000 0.104100
70.000000 0.093991
71.000000 0.108361
72.000000 0.074054
73.000000 0.057887
74.000000 0.215630
75.000000 0.185960
76.000000 0.217130
77.000000 0.146128
78.000000 0.015015
79.000000 0.109265
80.000000 0.050329
81.000000 0.117757
82.000000 0.055616
83.000000 0.203600
84.000000 0.087677
85.000000 0.041371
86.000000 0.089800
87.000000 0.093540
88.000000 0.114308
89.000000 0.048282
90.000000 0.367882
91.000000 0.085291
92.000000 0.051898
93.000000 0.071580
94.000000 0.069310
95.000000 0.125168
96.000000 0.198901
97.000000 0.110690
98.000000 0.084130
99.000000 0.111048
100.000000 0.121203
101.000000 0.064892
102.000000 0.088819
103.000000 0.059138
104.000000 0.099728
105.000000 0.295658
106.000000 0.066803
107.000000 0.099519
108.000000 0.059617
109.000000 0.139190
110.000000 0.099464
111.000000 0.078747
112.000000 0.201572
113.000000 0.095932
114.000000 0.029786
115.000000 0.054970
116.000000 0.101719
117.000000 0.043522
118.000000 0.102936
119.000000 0.138659
120.000000 0.166139
121.000000 0.051636
122.000000 0.167386
123.000000 0.101355
124.000000 0.026035
125.000000 0.065020
126.000000 0.149981
127.000000 0.142717
128.000000 0.284186
129.000000 0.119604
130.000000 0.144093
131.000000 0.123656
132.000000 0.080158
133.000000 0.118332
134.000000 0.071201
135.000000 0.193985
136.000000 0.128782
137.000000 0.164076
138.000000 0.188194
139.000000 0.167539
140.000000 0.016854
141.000000 0.070323
142.000000 0.171347
143.000000 0.088007
144.000000 0.085930
145.000000 0.057794
146.000000 0.061362
147.000000 0.098259
148.000000 0.103124
149.000000 0.147117
150.000000 0.082822
151.000000 0.082244
152.000000 0.167356
153.000000 0.111871
154.000000 0.017730
155.000000 0.094682
156.000000 0.142675
157.000000 0.109937
158.000000 0.021675
159.000000 0.223532
160.000000 0.195454
161.000000 0.120454
162.000000 0.145300
163.000000 0.171555
164.000000 0.035145
165.000000 0.079492
166.000000 0.185253
167.000000 0.211656
168.000000 0.023293
169.000000 0.050043
170.000000 0.046926
171.000000 0.061977
172.000000 0.062068
173.000000 0.193098
174.000000 0.046870
175.000000 0.136656
176.000000 0.085345
177.000000 0.341711
178.000000 0.263637
179.000000 0.127283
180.000000 0.119605
181.000000 0.133507
182.000000 0.068273
183.000000 0.161798
184.000000 0.122171
185.000000 0.134629
186.000000 0.184823
187.000000 0.039306
188.000000 0.084311
189.000000 0.091664
190.000000 0.131989
191.000000 0.075241
192.000000 0.060826
193.000000 0.080130
194.000000 0.204543
195.000000 0.181881
196.000000 0.078883
197.000000 0.155662
198.000000 0.139449
199.000000 0.145193
200.000000 0.104953
201.000000 0.105970
202.000000 0.020994
203.000000 0.102763
204.000000 0.013119
205.000000 0.008566
206.000000 0.217610
207.000000 0.180823
208.000000 0.162331
209.000000 0.040867
210.000000 0.072837
211.000000 0.101258
212.000000 0.101538
213.000000 0.084925
214.000000 0.115986
215.000000 0.097154
216.000000 0.159352
217.000000 0.096856
218.000000 0.022532
219.000000 0.179044
220.000000 0.151218
221.000000 0.103226
222.000000 0.148282
223.000000 0.144924
224.000000 0.068204
225.000000 0.196955
226.000000 0.064832
227.000000 0.196723
228.000000 0.178977
229.000000 0.104377
230.000000 0.129534
231.000000 0.203426
232.000000 0.040589
233.000000 0.144297
234.000000 0.108143
235.000000 0.293610
236.000000 0.145568
237.000000 0.043104
238.000000 0.207134
239.000000 0.120384
240.000000 0.214101
241.000000 0.070106
242.000000 0.029901
243.000000 0.104797
244.000000 0.118861
245.000000 0.177212
246.000000 0.111323
247.000000 0.221397
248.000000 0.269535
249.000000 0.052914
250.000000 0.143335
251.000000 0.110270
252.000000 0.214953
253.000000 0.095654
254.000000 0.216288
255.000000 0.188117
256.000000 0.277230
257.000000 0.078464
258.000000 0.063593
259.000000 0.089738
260.000000 0.162857
261.000000 0.150811
262.000000 0.056460
263.000000 0.057732
264.000000 0.261325
265.000000 0.176160
266.000000 0.230348
267.000000 0.291026
268.000000 0.103773
269.000000 0.088511
270.000000 0.116054
271.000000 0.085796
272.000000 0.087065
273.000000 0.237881
274.000000 0.046324
275.000000 0.049119
276.000000 0.051445
277.000000 0.177043
278.000000 0.111554
279.000000 0.081932
280.000000 0.165269
281.000000 0.087271
282.000000 0.072922
283.000000 0.142469
284.000000 0.109562
285.000000 0.058351
286.000000 0.055754
287.000000 0.137677
288.000000 0.133822
289.000000 0.040001
290.000000 0.142744
291.000000 0.193287
292.000000 0.060013
293.000000 0.051994
294.000000 0.137603
295.000000 0.017674
296.000000 0.169761
297.000000 0.055843
298.000000 0.171437
299.000000 0.154505
300.000000 0.054498
301.000000 0.094367
302.000000 0.204886
303.000000 0.077462
304.000000 0.227883
305.000000 0.153479
306.000000 0.117117
307.000000 0.147965
308.000000 0.050547
309.000000 0.120283
310.000000 0.056850
311.000000 0.071348
312.000000 0.213526
313.000000 0.127688
314.000000 0.078537
315.000000 0.205549
316.000000 0.196274
317.000000 0.223193
318.000000 0.018912
319.000000 0.159946
320.000000 0.067244
321.000000 0.053581
322.000000 0.193164
323.000000 0.069382
324.000000 0.278453
325.000000 0.115615
326.000000 0.132708
327.000000 0.071558
328.000000 0.078711
329.000000 0.126390
330.000000 0.116177
331.000000 0.176635
332.000000 0.032035
333.000000 0.064750
334.000000 0.078289
335.000000 0.119671
336.000000 0.051771
337.000000 0.148392
338.000000 0.181833
339.000000 0.223343
340.000000 0.060993
341.000000 0.119085
342.000000 0.220152
343.000000 0.160635
344.000000 0.187954
345.000000 0.137650
346.000000 0.120397
347.000000 0.118072
348.000000 0.195279
349.000000 0.123321
350.000000 0.221098
351.000000 0.175279
352.000000 0.135645
353.000000 0.249778
354.000000 0.175029
355.000000 0.084791
356.000000 0.135288
357.000000 0.194908
358.000000 0.202757
359.000000 0.214658
360.000000 0.115703
361.000000 0.115585
362.000000 0.171619
363.000000 0.023112
364.000000 0.079088
365.000000 0.120716
366.000000 0.019265
367.000000 0.263737
368.000000 0.010988
369.000000 0.178742
370.000000 0.223651
371.000000 0.095379
372.000000 0.160332
373.000000 0.142405
374.000000 0.095217
375.000000 0.142568
376.000000 0.124102
377.000000 0.094182
378.000000 0.174750
379.000000 0.058235
380.000000 0.048468
381.000000 0.064691
382.000000 0.131781
383.000000 0.169969
384.000000 0.228401
385.000000 0.223817
386.000000 0.080383
387.000000 0.063808
388.000000 0.121575
389.000000 0.112010
390.000000 0.183778
391.000000 0.053537
392.000000 0.121753
393.000000 0.252813
394.000000 0.098744
395.000000 0.083756
396.000000 0.063692
397.000000 0.185254
398.000000 0.031592
399.000000 0.146764
400.000000 0.117466
401.000000 0.036776
402.000000 0.115275
403.000000 0.142682
404.000000 0.230642
405.000000 0.038192
406.000000 0.210442
407.000000 0.207334
408.000000 0.042230
409.000000 0.072517
410.000000 0.077146
411.000000 0.067788
412.000000 0.165746
413.000000 0.140386
414.000000 0.276683
415.000000 0.214196
416.000000 0.116917
417.000000 0.058256
418.000000 0.037196
419.000000 0.196492
420.000000 0.135985
421.000000 0.189046
422.000000 0.149115
423.000000 0.094989
424.000000 0.193201
425.000000 0.038193
426.000000 0.171812
427.000000 0.040586
428.000000 0.122675
429.000000 0.078797
430.000000 0.090353
431.000000 0.159900
432.000000 0.221838
433.000000 0.086324
434.000000 0.137715
435.000000 0.244418
436.000000 0.121318
437.000000 0.228389
438.000000 0.043763
439.000000 0.174900
440.000000 0.198513
441.000000 0.133893
442.000000 0.163458
443.000000 0.090679
444.000000 0.051318
445.000000 0.121435
446.000000 0.163314
447.000000 0.192233
448.000000 0.324885
449.000000 0.168866
450.000000 0.324818
451.000000 0.272869
452.000000 0.107614
453.000000 0.061883
454.000000 0.107199
455.000000 0.021514
456.000000 0.136433
457.000000 0.096371
458.000000 0.064899
459.000000 0.196946
460.000000 0.069938
461.000000 0.227756
462.000000 0.068306
463.000000 0.108581
464.000000 0.207965
465.000000 0.085417
466.000000 0.168349
467.000000 0.098728
468.000000 0.101578
469.000000 0.252177
470.000000 0.159700
471.000000 0.055469
472.000000 0.122019
473.000000 0.088253
474.000000 0.036967
475.000000 0.103655
476.000000 0.050385
477.000000 0.121290
478.000000 0.054421
479.000000 0.197872
480.000000 0.106645
481.000000 0.094462
482.000000 0.121085
483.000000 0.172652
484.000000 0.053889
485.000000 0.182089
486.000000 0.107104
487.000000 0.131490
488.000000 0.060787
489.000000 0.161045
490.000000 0.291076
491.000000 0.123840
492.000000 0.185058
493.000000 0.068485
494.000000 0.317341
495.000000 0.178587
496.000000 0.100113
497.000000 0.113207
498.000000 0.143972
499.000000 0.061366
500.000000 0.183636
501.000000 0.306788
502.000000 0.045640
503.000000 0.166647
504.000000 0.193422
505.000000 0.187667
506.000000 0.098114
507.000000 0.194905
508.000000 0.192026
509.000000 0.060709
510.000000 0.144142
511.000000 0.216959
512.000000 0.167972
513.000000 0.154914
514.000000 0.107692
515.000000 0.114732
516.000000 0.081209
517.000000 0.155214
518.000000 0.118216
519.000000 0.095477
520.000000 0.095000
521.000000 0.109298
522.000000 0.172638
523.000000 0.104218
524.000000 0.125976
525.000000 0.075104
526.000000 0.150413
527.000000 0.036734
528.000000 0.125870
529.000000 0.159772
530.000000 0.187971
531.000000 0.164873
532.000000 0.038825
533.000000 0.201561
534.000000 0.060117
535.000000 0.065455
536.000000 0.140848
537.000000 0.078019
538.000000 0.186925
539.000000 0.174895
540.000000 0.092245
541.000000 0.050171
542.000000 0.126458
543.000000 0.243538
544.000000 0.193779
545.000000 0.184429
546.000000 0.185562
547.000000 0.104528
548.000000 0.302262
549.000000 0.206480
550.000000 0.165553
551.000000 0.102849
552.000000 0.074707
553.000000 0.092261
554.000000 0.055277
555.000000 0.123682
556.000000 0.187442
557.000000 0.054794
558.000000 0.092021
559.000000 0.141239
560.000000 0.150419
561.000000 0.116138
562.000000 0.021479
563.000000 0.082935
564.000000 0.052643
565.000000 0.173094
566.000000 0.048807
567.000000 0.041484
568.000000 0.268325
569.000000 0.027201
570.000000 0.168611
571.000000 0.124426
572.000000 0.195356
573.000000 0.203808
574.000000 0.114887
575.000000 0.181586
576.000000 0.162146
577.000000 0.068399
578.000000 0.178641
579.000000 0.162518
580.000000 0.146424
581.000000 0.080809
582.000000 0.050265
583.000000 0.123781
584.000000 0.163012
585.000000 0.149339
586.000000 0.032275
587.000000 0.247834
588.000000 0.140476
589.000000 0.106111
590.000000 0.104750
591.000000 0.187468
592.000000 0.063731
593.000000 0.028214
594.000000 0.115522
595.000000 0.084450
596.000000 0.086565
597.000000 0.158136
598.000000 0.012023
599.000000 0.220558
600.000000 0.109255
601.000000 0.016849
602.000000 0.016730
603.000000 0.201965
604.000000 0.225887
605.000000 0.041396
606.000000 0.150684
607.000000 0.129722
608.000000 0.092132
609.000000 0.185759
610.000000 0.132283
611.000000 0.140541
612.000000 0.066229
613.000000 0.039981
614.000000 0.101759
615.000000 0.109372
616.000000 0.114175
617.000000 0.049591
618.000000 0.188755
619.000000 0.193862
620.000000 0.112932
621.000000 0.013174
622.000000 0.047438
623.000000 0.107088
624.000000 0.216149
625.000000 0.087857
626.000000 0.137714
627.000000 0.195809
628.000000 0.187995
629.000000 0.088370
630.000000 0.021800
631.000000 0.061156
632.000000 0.250509
633.000000 0.126702
634.000000 0.106646
635.000000 0.127357
636.000000 0.056141
637.000000 0.105341
638.000000 0.213955
639.000000 0.070527
640.000000 0.228242
641.000000 0.051705
642.000000 0.210762
643.000000 0.142384
644.000000 0.077140
645.000000 0.149149
646.000000 0.058008
647.000000 0.216135
648.000000 0.221575
649.000000 0.262882
650.000000 0.113177
651.000000 0.042377
652.000000 0.158465
653.000000 0.100046
654.000000 0.013637
655.000000 0.104895
656.000000 0.174304
657.000000 0.075627
658.000000 0.213405
659.000000 0.221072
660.000000 0.021574
661.000000 0.116296
662.000000 0.032382
663.000000 0.143333
664.000000 0.069536
665.000000 0.110339
666.000000 0.016050
667.000000 0.022415
668.000000 0.279572
669.000000 0.137150
670.000000 0.117666
671.000000 0.168284
672.000000 0.070645
673.000000 0.314398
674.000000 0.097637
675.000000 0.326160
676.000000 0.122784
677.000000 0.087544
678.000000 0.053884
679.000000 0.164181
680.000000 0.099144
681.000000 0.092484
682.000000 0.027901
683.000000 0.069134
684.000000 0.230417
685.000000 0.104006
686.000000 0.089831
687.000000 0.048858
688.000000 0.088537
689.000000 0.140538
690.000000 0.119113
691.000000 0.071545
692.000000 0.093384
693.000000 0.222122
694.000000 0.269193
695.000000 0.029487
696.000000 0.134279
697.000000 0.079940
698.000000 0.133969
699.000000 0.067392
700.000000 0.096094
701.000000 0.087289
702.000000 0.053116
703.000000 0.136588
704.000000 0.104041
705.000000 0.069810
706.000000 0.086308
707.000000 0.170903
708.000000 0.179950
709.000000 0.061061
710.000000 0.088904
711.000000 0.082530
712.000000 0.242809
713.000000 0.195281
714.000000 0.084163
715.000000 0.151659
716.000000 0.198645
717.000000 0.119918
718.000000 0.313535
719.000000 0.035449
720.000000 0.018016
721.000000 0.346831
722.000000 0.096013
723.000000 0.167348
724.000000 0.101423
725.000000 0.059965
726.000000 0.009013
727.000000 0.193711
728.000000 0.269984
729.000000 0.145653
730.000000 0.038006
731.000000 0.338017
732.000000 0.033973
733.000000 0.010460
734.000000 0.247925
735.000000 0.164153
736.000000 0.119577
737.000000 0.110835
738.000000 0.152984
739.000000 0.088672
740.000000 0.291197
741.000000 0.095547
742.000000 0.033776
743.000000 0.194045
744.000000 0.231113
745.000000 0.059338
746.000000 0.099778
747.000000 0.041331
748.000000 0.191674
749.000000 0.145501
750.000000 0.127312
751.000000 0.104005
752.000000 0.016464
753.000000 0.121909
754.000000 0.029647
755.000000 0.094450
756.000000 0.128294
757.000000 0.146589
758.000000 0.185468
759.000000 0.235810
760.000000 0.168836
761.000000 0.088687
762.000000 0.052545
763.000000 0.199187
764.000000 0.185272
765.000000 0.080220
766.000000 0.194404
767.000000 0.309431
768.000000 0.013601
769.000000 0.076631
770.000000 0.137971
771.000000 0.273640
772.000000 0.101358
773.000000 0.047462
774.000000 0.093098
775.000000 0.124748
776.000000 0.041327
777.000000 0.070322
778.000000 0.109273
779.000000 0.309678
780.000000 0.203275
781.000000 0.102113
782.000000 0.131974
783.000000 0.080417
784.000000 0.162062
785.000000 0.120132
786.000000 0.182824
787.000000 0.165720
788.000000 0.039113
789.000000 0.056434
790.000000 0.072183
791.000000 0.058719
792.000000 0.063593
793.000000 0.171469
794.000000 0.025494
795.000000 0.094843
796.000000 0.164381
797.000000 0.221465
798.000000 0.122929
799.000000 0.184986
800.000000 0.105543
801.000000 0.095223
802.000000 0.103028
803.000000 0.126907
804.000000 0.092439
805.000000 0.118754
806.000000 0.048750
807.000000 0.083252
808.000000 0.074408
809.000000 0.075508
810.000000 0.054968
811.000000 0.099322
812.000000 0.109205
813.000000 0.120567
814.000000 0.096725
815.000000 0.193207
816.000000 0.068407
817.000000 0.229855
818.000000 0.123585
819.000000 0.109711
820.000000 0.157272
821.000000 0.145263
822.000000 0.115981
823.000000 0.223494
824.000000 0.119521
825.000000 0.150101
826.000000 0.060053
827.000000 0.135731
828.000000 0.078650
829.000000 0.144000
830.000000 0.124078
831.000000 0.131275
832.000000 0.064915
833.000000 0.181281
834.000000 0.183363
835.000000 0.038670
836.000000 0.080657
837.000000 0.091181
838.000000 0.052949
839.000000 0.085110
840.000000 0.088009
841.000000 0.148610
842.000000 0.324722
843.000000 0.172640
844.000000 0.291630
845.000000 0.142220
846.000000 0.054767
847.000000 0.184946
848.000000 0.155530
849.000000 0.087129
850.000000 0.146730
851.000000 0.076655
852.000000 0.144083
853.000000 0.046988
854.000000 0.103479
855.000000 0.089381
856.000000 0.183374
857.000000 0.173314
858.000000 0.103618
859.000000 0.286106
860.000000 0.256345
861.000000 0.078105
862.000000 0.117241
863.000000 0.150582
864.000000 0.105960
865.000000 0.147877
866.000000 0.218683
867.000000 0.061616
868.000000 0.219972
869.000000 0.067371
870.000000 0.105457
871.000000 0.186849
872.000000 0.063650
873.000000 0.225115
874.000000 0.102252
875.000000 0.159898
876.000000 0.087166
877.000000 0.247343
878.000000 0.111521
879.000000 0.110853
880.000000 0.151923
881.000000 0.173087
882.000000 0.219050
883.000000 0.209354
884.000000 0.142039
885.000000 0.092115
886.000000 0.082090
887.000000 0.154213
888.000000 0.088148
889.000000 0.075177
890.000000 0.071814
891.000000 0.080247
892.000000 0.085180
893.000000 0.124316
894.000000 0.072221
895.000000 0.086502
896.000000 0.024339
897.000000 0.230275
898.000000 0.226439
899.000000 0.009465
900.000000 0.076662
901.000000 0.186392
902.000000 0.206344
903.000000 0.187786
904.000000 0.122365
905.000000 0.027627
906.000000 0.038293
907.000000 0.234692
908.000000 0.133800
909.000000 0.096187
910.000000 0.186933
911.000000 0.088806
912.000000 0.146413
913.000000 0.088484
914.000000 0.117260
915.000000 0.141798
916.000000 0.207574
917.000000 0.185844
918.000000 0.086449
919.000000 0.096414
920.000000 0.099151
921.000000 0.143735
922.000000 0.171663
923.000000 0.275366
924.000000 0.041436
925.000000 0.160141
926.000000 0.069873
927.000000 0.070992
928.000000 0.136736
929.000000 0.190630
930.000000 0.154796
931.000000 0.115509
932.000000 0.191485
933.000000 0.219258
934.000000 0.157293
935.000000 0.213208
936.000000 0.117801
937.000000 0.116723
938.000000 0.159001
939.000000 0.108453
940.000000 0.084683
941.000000 0.046303
942.000000 0.247013
943.000000 0.038774
944.000000 0.119573
945.000000 0.217612
946.000000 0.125875
947.000000 0.269789
948.000000 0.090548
949.000000 0.170041
950.000000 0.092389
951.000000 0.250731
952.000000 0.249893
953.000000 0.052542
954.000000 0.085128
955.000000 0.073312
956.000000 0.152741
957.000000 0.025494
958.000000 0.131421
959.000000 0.081193
960.000000 0.093166
961.000000 0.141057
962.000000 0.095787
963.000000 0.022556
964.000000 0.089964
965.000000 0.189279
966.000000 0.010779
967.000000 0.081472
968.000000 0.100734
969.000000 0.078514
970.000000 0.074885
971.000000 0.243835
972.000000 0.165343
973.000000 0.087302
974.000000 0.036025
975.000000 0.104533
976.000000 0.100293
977.000000 0.100908
978.000000 0.186638
979.000000 0.076759
980.000000 0.095196
981.000000 0.176223
982.000000 0.270108
983.000000 0.175627
984.000000 0.238141
985.000000 0.191045
986.000000 0.120346
987.000000 0.118033
988.000000 0.220510
989.000000 0.201361
990.000000 0.165579
991.000000 0.197210
992.000000 0.058833
993.000000 0.085452
994.000000 0.024948
995.000000 0.086410
996.000000 0.106540
997.000000 0.110635
998.000000 0.150816
999.000000 0.057336
1000.000000 0.074447
1001.000000 0.114857
1002.000000 0.097276
1003.000000 0.056252
1004.000000 0.114269
1005.000000 0.114084
1006.000000 0.121500
1007.000000 0.069539
1008.000000 0.179013
1009.000000 0.146728
1010.000000 0.171241
1011.000000 0.132843
1012.000000 0.053206
1013.000000 0.145327
1014.000000 0.191140
1015.000000 0.106780
1016.000000 0.229632
1017.000000 0.160565
1018.000000 0.224617
1019.000000 0.177669
1020.000000 0.112096
1021.000000 0.391222
1022.000000 0.183976
1023.000000 0.048673
1024.000000 0.202879
1025.000000 0.159138
1026.000000 0.113167
1027.000000 0.167688
1028.000000 0.063614
1029.000000 0.099176
1030.000000 0.118880
1031.000000 0.269033
1032.000000 0.062080
1033.000000 0.148546
1034.000000 0.133088
1035.000000 0.071538
1036.000000 0.239453
1037.000000 0.092501
1038.000000 0.074326
1039.000000 0.165013
1040.000000 0.107386
1041.000000 0.220810
1042.000000 0.206967
1043.000000 0.006036
1044.000000 0.211241
1045.000000 0.121613
1046.000000 0.063397
1047.000000 0.110528
1048.000000 0.078194
1049.000000 0.062906
1050.000000 0.058970
1051.000000 0.175079
1052.000000 0.235601
1053.000000 0.088018
1054.000000 0.124556
1055.000000 0.100957
1056.000000 0.203830
1057.000000 0.284733
1058.000000 0.069534
1059.000000 0.119378
1060.000000 0.058670
1061.000000 0.133543
1062.000000 0.156395
1063.000000 0.082536
1064.000000 0.062897
1065.000000 0.137279
1066.000000 0.235972
1067.000000 0.039415
1068.000000 0.142266
1069.000000 0.291949
1070.000000 0.235450
1071.000000 0.239926
1072.000000 0.080886
1073.000000 0.150735
1074.000000 0.135872
1075.000000 0.147232
1076.000000 0.105191
1077.000000 0.164757
1078.000000 0.187611
1079.000000 0.119202
1080.000000 0.120735
1081.000000 0.057138
1082.000000 0.165309
1083.000000 0.035156
1084.000000 0.056931
1085.000000 0.140708
1086.000000 0.075251
1087.000000 0.109240
1088.000000 0.106473
1089.000000 0.182067
1090.000000 0.144128
1091.000000 0.058204
1092.000000 0.122173
1093.000000 0.178086
1094.000000 0.091478
1095.000000 0.305549
1096.000000 0.058759
1097.000000 0.104413
1098.000000 0.098862
1099.000000 0.093306
1100.000000 0.161097
1101.000000 0.221625
1102.000000 0.036448
1103.000000 0.135094
1104.000000 0.197562
1105.000000 0.196117
1106.000000 0.096105
1107.000000 0.206948
1108.000000 0.031189
1109.000000 0.123306
1110.000000 0.104208
1111.000000 0.140799
1112.000000 0.068108
1113.000000 0.051949
1114.000000 0.290839
1115.000000 0.030819
1116.000000 0.155585
1117.000000 0.034132
1118.000000 0.095132
1119.000000 0.102410
1120.000000 0.053273
1121.000000 0.067833
1122.000000 0.117068
1123.000000 0.190519
1124.000000 0.086224
1125.000000 0.131149
1126.000000 0.153114
1127.000000 0.109922
1128.000000 0.077831
1129.000000 0.115837
1130.000000 0.218770
1131.000000 0.177105
1132.000000 0.252698
1133.000000 0.110900
1134.000000 0.074513
1135.000000 0.133397
1136.000000 0.163467
1137.000000 0.114828
1138.000000 0.159649
1139.000000 0.148609
1140.000000 0.214596
1141.000000 0.130247
1142.000000 0.214204
1143.000000 0.160307
1144.000000 0.138101
1145.000000 0.278642
1146.000000 0.079722
1147.000000 0.217318
1148.000000 0.211832
1149.000000 0.148792
1150.000000 0.062857
1151.000000 0.178694
1152.000000 0.305052
1153.000000 0.214334
1154.000000 0.095205
1155.000000 0.157541
1156.000000 0.051565
1157.000000 0.036975
1158.000000 0.117165
1159.000000 0.068262
1160.000000 0.087832
1161.000000 0.077530
1162.000000 0.052139
1163.000000 0.214811
1164.000000 0.095832
1165.000000 0.010977
1166.000000 0.128448
1167.000000 0.104452
1168.000000 0.121583
1169.000000 0.097295
1170.000000 0.049629
1171.000000 0.052016
1172.000000 0.129865
1173.000000 0.189013
1174.000000 0.149651
1175.000000 0.108566
1176.000000 0.155694
1177.000000 0.107228
1178.000000 0.109230
1179.000000 0.104169
1180.000000 0.194075
1181.000000 0.111729
1182.000000 0.155629
1183.000000 0.059620
1184.000000 0.070710
1185.000000 0.115507
1186.000000 0.299788
1187.000000 0.093014
1188.000000 0.086023
1189.000000 0.063020
1190.000000 0.234197
1191.000000 0.196167
1192.000000 0.093879
1193.000000 0.096607
1194.000000 0.252147
1195.000000 0.138668
1196.000000 0.184101
1197.000000 0.032063
1198.000000 0.106073
1199.000000 0.147543
1200.000000 0.179964
1201.000000 0.128455
1202.000000 0.055324
1203.000000 0.157694
1204.000000 0.185934
1205.000000 0.215261
1206.000000 0.006985
1207.000000 0.024262
1208.000000 0.139746
1209.000000 0.077826
1210.000000 0.168573
1211.000000 0.131797
1212.000000 0.050470
1213.000000 0.105209
1214.000000 0.175119
1215.000000 0.076075
1216.000000 0.111878
1217.000000 0.353742
1218.000000 0.238755
1219.000000 0.184000
1220.000000 0.056169
1221.000000 0.152554
1222.000000 0.012013
1223.000000 0.103641
1224.000000 0.150685
1225.000000 0.265104
1226.000000 0.245850
1227.000000 0.123556
1228.000000 0.098500
1229.000000 0.170523
1230.000000 0.045244
1231.000000 0.074562
1232.000000 0.069797
1233.000000 0.215968
1234.000000 0.052447
1235.000000 0.353749
1236.000000 0.168978
1237.000000 0.163451
1238.000000 0.312506
1239.000000 0.103392
1240.000000 0.226500
1241.000000 0.264209
1242.000000 0.168325
1243.000000 0.132297
1244.000000 0.118430
1245.000000 0.243887
1246.000000 0.077591
1247.000000 0.017241
1248.000000 0.072529
1249.000000 0.063957
1250.000000 0.062614
1251.000000 0.102037
1252.000000 0.040686
1253.000000 0.214831
1254.000000 0.055442
1255.000000 0.105186
1256.000000 0.004560
1257.000000 0.147764
1258.000000 0.040128
1259.000000 0.110213
1260.000000 0.240436
1261.000000 0.155476
1262.000000 0.276711
1263.000000 0.202833
1264.000000 0.202286
1265.000000 0.123517
1266.000000 0.084746
1267.000000 0.131840
1268.000000 0.082882
1269.000000 0.126270
1270.000000 0.036638
1271.000000 0.234544
1272.000000 0.019589
1273.000000 0.105759
1274.000000 0.194941
1275.000000 0.226548
1276.000000 0.153848
1277.000000 0.111234
1278.000000 0.031591
1279.000000 0.148395
1280.000000 0.116909
1281.000000 0.083691
1282.000000 0.219908
1283.000000 0.102522
1284.000000 0.222023
1285.000000 0.133084
1286.000000 0.100543
1287.000000 0.081077
1288.000000 0.153997
1289.000000 0.261011
1290.000000 0.083678
1291.000000 0.022830
1292.000000 0.196042
1293.000000 0.086089
1294.000000 0.332854
1295.000000 0.128050
1296.000000 0.095709
1297.000000 0.181062
1298.000000 0.123321
1299.000000 0.113857
1300.000000 0.167908
1301.000000 0.158165
1302.000000 0.180332
1303.000000 0.095271
1304.000000 0.091338
1305.000000 0.048621
1306.000000 0.090178
1307.000000 0.060478
1308.000000 0.235568
1309.000000 0.067717
1310.000000 0.090396
1311.000000 0.151394
1312.000000 0.226301
1313.000000 0.185632
1314.000000 0.160166
1315.000000 0.147677
1316.000000 0.143816
1317.000000 0.131342
1318.000000 0.221264
1319.000000 0.164989
1320.000000 0.037564
1321.000000 0.164892
1322.000000 0.158728
1323.000000 0.269659
1324.000000 0.103447
1325.000000 0.035867
1326.000000 0.142621
1327.000000 0.312285
1328.000000 0.147553
1329.000000 0.122633
1330.000000 0.157413
1331.000000 0.224128
1332.000000 0.133827
1333.000000 0.165281
1334.000000 0.057713
1335.000000 0.149031
1336.000000 0.259244
1337.000000 0.112975
1338.000000 0.113506
1339.000000 0.184194
1340.000000 0.168156
1341.000000 0.047981
1342.000000 0.131779
1343.000000 0.101120
1344.000000 0.187087
1345.000000 0.319622
1346.000000 0.175386
1347.000000 0.191793
1348.000000 0.132501
1349.000000 0.011741
1350.000000 0.153822
1351.000000 0.135021
1352.000000 0.087418
1353.000000 0.161389
1354.000000 0.045862
1355.000000 0.199509
1356.000000 0.206196
1357.000000 0.108412
1358.000000 0.057395
1359.000000 0.055983
1360.000000 0.266280
1361.000000 0.181900
1362.000000 0.112828
1363.000000 0.080326
1364.000000 0.235075
1365.000000 0.028210
1366.000000 0.178115
1367.000000 0.269782
1368.000000 0.064524
1369.000000 0.118830
1370.000000 0.047105
1371.000000 0.032436
1372.000000 0.158844
1373.000000 0.171498
1374.000000 0.090122
1375.000000 0.173030
1376.000000 0.124540
1377.000000 0.030697
1378.000000 0.063917
1379.000000 0.188276
1380.000000 0.025537
1381.000000 0.223257
1382.000000 0.128444
1383.000000 0.016091
1384.000000 0.257337
1385.000000 0.099717
1386.000000 0.120419
1387.000000 0.222782
1388.000000 0.076839
1389.000000 0.246684
1390.000000 0.219182
1391.000000 0.069248
1392.000000 0.182150
1393.000000 0.104112
1394.000000 0.064988
1395.000000 0.061911
1396.000000 0.104606
1397.000000 0.059221
1398.000000 0.016588
1399.000000 0.135342
1400.000000 0.121060
1401.000000 0.158010
1402.000000 0.179353
1403.000000 0.130968
1404.000000 0.179882
1405.000000 0.125717
1406.000000 0.130806
1407.000000 0.176045
1408.000000 0.056523
1409.000000 0.133391
1410.000000 0.277231
1411.000000 0.229246
1412.000000 0.262255
1413.000000 0.141061
1414.000000 0.124969
1415.000000 0.103975
1416.000000 0.046477
1417.000000 0.174042
1418.000000 0.156102
1419.000000 0.120261
1420.000000 0.054972
1421.000000 0.176886
1422.000000 0.119857
1423.000000 0.171035
1424.000000 0.156324
1425.000000 0.101650
1426.000000 0.114169
1427.000000 0.040500
1428.000000 0.067762
1429.000000 0.119345
1430.000000 0.148120
1431.000000 0.055907
1432.000000 0.092358
1433.000000 0.079347
1434.000000 0.179712
1435.000000 0.073876
1436.000000 0.095883
1437.000000 0.113602
1438.000000 0.103189
1439.000000 0.247220
1440.000000 0.102419
1441.000000 0.065799
1442.000000 0.173189
1443.000000 0.224340
1444.000000 0.166620
1445.000000 0.096228
1446.000000 0.020862
1447.000000 0.093436
1448.000000 0.189377
1449.000000 0.093010
1450.000000 0.116176
1451.000000 0.187131
1452.000000 0.144528
1453.000000 0.099089
1454.000000 0.011237
1455.000000 0.012737
1456.000000 0.117383
1457.000000 0.110055
1458.000000 0.126195
1459.000000 0.097181
1460.000000 0.062681
1461.000000 0.066016
1462.000000 0.224460
1463.000000 0.166227
1464.000000 0.092609
1465.000000 0.234718
1466.000000 0.283333
1467.000000 0.089710
1468.000000 0.084930
1469.000000 0.270538
1470.000000 0.169248
1471.000000 0.237526
1472.000000 0.121850
1473.000000 0.089430
1474.000000 0.082172
1475.000000 0.094363
1476.000000 0.145704
1477.000000 0.044362
1478.000000 0.285246
1479.000000 0.212676
1480.000000 0.175051
1481.000000 0.136327
1482.000000 0.192185
1483.000000 0.068352
1484.000000 0.123109
1485.000000 0.224371
1486.000000 0.134840
1487.000000 0.130117
1488.000000 0.018560
1489.000000 0.108801
1490.000000 0.181543
1491.000000 0.100998
1492.000000 0.205937
1493.000000 0.090016
1494.000000 0.122802
1495.000000 0.094486
1496.000000 0.226019
1497.000000 0.065419
1498.000000 0.192195
1499.000000 0.115603
1500.000000 0.040823
1501.000000 0.109691
1502.000000 0.223279
1503.000000 0.020299
1504.000000 0.026341
1505.000000 0.108974
1506.000000 0.153890
1507.000000 0.113547
1508.000000 0.065073
1509.000000 0.138113
1510.000000 0.137579
1511.000000 0.013941
1512.000000 0.124667
1513.000000 0.116114
1514.000000 0.154932
1515.000000 0.103887
1516.000000 0.286838
1517.000000 0.063441
1518.000000 0.119134
1519.000000 0.106255
1520.000000 0.057145
1521.000000 0.140699
1522.000000 0.104076
1523.000000 0.053245
1524.000000 0.079429
1525.000000 0.126161
1526.000000 0.170816
1527.000000 0.094396
1528.000000 0.183267
1529.000000 0.171787
1530.000000 0.112133
1531.000000 0.100935
1532.000000 0.086728
1533.000000 0.178239
1534.000000 0.211241
1535.000000 0.136676
1536.000000 0.072514
1537.000000 0.138293
1538.000000 0.038565
1539.000000 0.027936
1540.000000 0.165253
1541.000000 0.154355
1542.000000 0.166211
1543.000000 0.092264
1544.000000 0.086262
1545.000000 0.163927
1546.000000 0.120782
1547.000000 0.085477
1548.000000 0.103773
1549.000000 0.124800
1550.000000 0.105759
1551.000000 0.090076
1552.000000 0.089534
1553.000000 0.307005
1554.000000 0.107701
1555.000000 0.097644
1556.000000 0.080538
1557.000000 0.154947
1558.000000 0.170480
1559.000000 0.138801
1560.000000 0.148523
1561.000000 0.096281
1562.000000 0.186279
1563.000000 0.149886
1564.000000 0.228172
1565.000000 0.088097
1566.000000 0.090923
1567.000000 0.187513
1568.000000 0.233270
1569.000000 0.242073
1570.000000 0.112027
1571.000000 0.158698
1572.000000 0.152784
1573.000000 0.130613
1574.000000 0.134633
1575.000000 0.080859
1576.000000 0.084019
1577.000000 0.110242
1578.000000 0.181229
1579.000000 0.103740
1580.000000 0.057282
1581.000000 0.290728
1582.000000 0.102624
1583.000000 0.122742
1584.000000 0.098253
1585.000000 0.109425
1586.000000 0.372696
1587.000000 0.110301
1588.000000 0.188558
1589.000000 0.063247
1590.000000 0.097119
1591.000000 0.220771
1592.000000 0.118435
1593.000000 0.142052
1594.000000 0.154358
1595.000000 0.322388
1596.000000 0.100514
1597.000000 0.127864
1598.000000 0.213312
1599.000000 0.022841
1600.000000 0.047789
1601.000000 0.077445
1602.000000 0.356533
1603.000000 0.106305
1604.000000 0.173274
1605.000000 0.060343
1606.000000 0.280353
1607.000000 0.070026
1608.000000 0.102238
1609.000000 0.036626
1610.000000 0.072840
1611.000000 0.153550
1612.000000 0.135061
1613.000000 0.024772
1614.000000 0.044722
1615.000000 0.258260
1616.000000 0.096396
1617.000000 0.164740
1618.000000 0.033106
1619.000000 0.107068
1620.000000 0.114714
1621.000000 0.205888
1622.000000 0.071998
1623.000000 0.138762
1624.000000 0.179190
1625.000000 0.126638
1626.000000 0.101508
1627.000000 0.047268
1628.000000 0.174951
1629.000000 0.089241
1630.000000 0.145626
1631.000000 0.071153
1632.000000 0.067517
1633.000000 0.058651
1634.000000 0.134532
1635.000000 0.042681
1636.000000 0.275813
1637.000000 0.064586
1638.000000 0.080499
1639.000000 0.078373
1640.000000 0.115562
1641.000000 0.169764
1642.000000 0.180513
1643.000000 0.131489
1644.000000 0.066188
1645.000000 0.107826
1646.000000 0.108109
1647.000000 0.199618
1648.000000 0.107291
1649.000000 0.147908
1650.000000 0.205075
1651.000000 0.185080
1652.000000 0.102902
1653.000000 0.258547
1654.000000 0.153771
1655.000000 0.139142
1656.000000 0.132477
1657.000000 0.064169
1658.000000 0.089167
1659.000000 0.079177
1660.000000 0.035466
1661.000000 0.255817
1662.000000 0.353204
1663.000000 0.042843
1664.000000 0.077970
1665.000000 0.165625
1666.000000 0.142363
1667.000000 0.109752
1668.000000 0.076791
1669.000000 0.139332
1670.000000 0.192351
1671.000000 0.167342
1672.000000 0.090521
1673.000000 0.095071
1674.000000 0.088159
1675.000000 0.144201
1676.000000 0.042965
1677.000000 0.155947
1678.000000 0.084016
1679.000000 0.187185
1680.000000 0.232794
1681.000000 0.202872
1682.000000 0.017401
1683.000000 0.051110
1684.000000 0.114500
1685.000000 0.109438
1686.000000 0.105157
1687.000000 0.181662
1688.000000 0.254606
1689.000000 0.242220
1690.000000 0.014264
1691.000000 0.044266
1692.000000 0.097104
1693.000000 0.077641
1694.000000 0.123402
1695.000000 0.121903
1696.000000 0.077247
1697.000000 0.113237
1698.000000 0.065732
1699.000000 0.102938
1700.000000 0.101877
1701.000000 0.018287
1702.000000 0.176499
1703.000000 0.231279
1704.000000 0.029595
1705.000000 0.057629
1706.000000 0.207066
1707.000000 0.188376
1708.000000 0.119988
1709.000000 0.127183
1710.000000 0.141676
1711.000000 0.261140
1712.000000 0.105221
1713.000000 0.023331
1714.000000 0.193317
1715.000000 0.126608
1716.000000 0.179774
1717.000000 0.131297
1718.000000 0.117465
1719.000000 0.214564
1720.000000 0.040439
1721.000000 0.178184
1722.000000 0.132816
1723.000000 0.099247
1724.000000 0.226512
1725.000000 0.096243
1726.000000 0.233465
1727.000000 0.120532
1728.000000 0.252656
1729.000000 0.106934
1730.000000 0.098782
1731.000000 0.097219
1732.000000 0.025693
1733.000000 0.029040
1734.000000 0.095663
1735.000000 0.109095
1736.000000 0.027752
1737.000000 0.229382
1738.000000 0.149237
1739.000000 0.045730
1740.000000 0.135189
1741.000000 0.138421
1742.000000 0.235128
1743.000000 0.145954
1744.000000 0.014117
1745.000000 0.077459
1746.000000 0.105337
1747.000000 0.244102
1748.000000 0.428041
1749.000000 0.074561
1750.000000 0.130630
1751.000000 0.176809
1752.000000 0.089944
1753.000000 0.178038
1754.000000 0.178225
1755.000000 0.050441
1756.000000 0.179417
1757.000000 0.252567
1758.000000 0.062106
1759.000000 0.184890
1760.000000 0.064797
1761.000000 0.042665
1762.000000 0.057606
1763.000000 0.125125
1764.000000 0.189838
1765.000000 0.281223
1766.000000 0.082774
1767.000000 0.394303
1768.000000 0.019733
1769.000000 0.135161
1770.000000 0.045370
1771.000000 0.108234
1772.000000 0.189417
1773.000000 0.144423
1774.000000 0.069082
1775.000000 0.144396
1776.000000 0.271429
1777.000000 0.058564
1778.000000 0.131385
1779.000000 0.118098
1780.000000 0.151559
1781.000000 0.148836
1782.000000 0.218514
1783.000000 0.013032
1784.000000 0.125959
1785.000000 0.171887
1786.000000 0.084828
1787.000000 0.043042
1788.000000 0.041681
1789.000000 0.052403
1790.000000 0.155719
1791.000000 0.076833
1792.000000 0.067511
1793.000000 0.134913
1794.000000 0.182463
1795.000000 0.128042
1796.000000 0.110291
1797.000000 0.097426
1798.000000 0.160565
1799.000000 0.133928
1800.000000 0.100984
1801.000000 0.050292
1802.000000 0.040977
1803.000000 0.144732
1804.000000 0.097271
1805.000000 0.141845
1806.000000 0.207637
1807.000000 0.012799
1808.000000 0.149822
1809.000000 0.173122
1810.000000 0.112886
1811.000000 0.160057
1812.000000 0.114332
1813.000000 0.054881
1814.000000 0.104049
1815.000000 0.021997
1816.000000 0.039922
1817.000000 0.078545
1818.000000 0.223446
1819.000000 0.037338
1820.000000 0.207896
1821.000000 0.224687
1822.000000 0.134627
1823.000000 0.129927
1824.000000 0.128512
1825.000000 0.167898
1826.000000 0.159736
1827.000000 0.082884
1828.000000 0.042154
1829.000000 0.185935
1830.000000 0.240013
1831.000000 0.124463
1832.000000 0.090636
1833.000000 0.116557
1834.000000 0.146916
1835.000000 0.108233
1836.000000 0.028598
1837.000000 0.181289
1838.000000 0.173702
1839.000000 0.066420
1840.000000 0.172286
1841.000000 0.061233
1842.000000 0.160487
1843.000000 0.184490
1844.000000 0.162804
1845.000000 0.053203
1846.000000 0.053220
1847.000000 0.154845
1848.000000 0.103643
1849.000000 0.043366
1850.000000 0.117801
1851.000000 0.150404
1852.000000 0.068404
1853.000000 0.084410
1854.000000 0.166256
1855.000000 0.098654
1856.000000 0.093333
1857.000000 0.253335
1858.000000 0.129260
1859.000000 0.083706
1860.000000 0.130396
1861.000000 0.191874
1862.000000 0.059720
1863.000000 0.096920
1864.000000 0.101431
1865.000000 0.060853
1866.000000 0.131987
1867.000000 0.139886
1868.000000 0.122382
1869.000000 0.097530
1870.000000 0.094463
1871.000000 0.023374
1872.000000 0.143290
1873.000000 0.080797
1874.000000 0.123283
1875.000000 0.157470
1876.000000 0.160092
1877.000000 0.076888
1878.000000 0.176067
1879.000000 0.120312
1880.000000 0.040784
1881.000000 0.157340
1882.000000 0.200286
1883.000000 0.134221
1884.000000 0.253718
1885.000000 0.178039
1886.000000 0.087622
1887.000000 0.197438
1888.000000 0.166822
1889.000000 0.136548
1890.000000 0.056164
1891.000000 0.066003
1892.000000 0.116814
1893.000000 0.106795
1894.000000 0.191784
1895.000000 0.118748
1896.000000 0.131722
1897.000000 0.098867
1898.000000 0.066790
1899.000000 0.147645
1900.000000 0.193965
1901.000000 0.102901
1902.000000 0.220218
1903.000000 0.016387
1904.000000 0.109905
1905.000000 0.153867
1906.000000 0.229319
1907.000000 0.256681
1908.000000 0.222871
1909.000000 0.105905
1910.000000 0.052570
1911.000000 0.137140
1912.000000 0.080512
1913.000000 0.087440
1914.000000 0.231666
1915.000000 0.187732
1916.000000 0.079072
1917.000000 0.196819
1918.000000 0.115548
1919.000000 0.240613
1920.000000 0.098080
1921.000000 0.102359
1922.000000 0.184647
1923.000000 0.066355
1924.000000 0.259114
1925.000000 0.227396
1926.000000 0.082175
1927.000000 0.123300
1928.000000 0.195826
1929.000000 0.127287
1930.000000 0.061426
1931.000000 0.032737
1932.000000 0.039043
1933.000000 0.095852
1934.000000 0.174086
1935.000000 0.106667
1936.000000 0.114447
1937.000000 0.173163
1938.000000 0.099823
1939.000000 0.118944
1940.000000 0.063252
1941.000000 0.081826
1942.000000 0.212091
1943.000000 0.130802
1944.000000 0.129202
1945.000000 0.043569
1946.000000 0.169260
1947.000000 0.070479
1948.000000 0.102698
1949.000000 0.086935
1950.000000 0.166321
1951.000000 0.023945
1952.000000 0.180983
1953.000000 0.142706
1954.000000 0.107122
1955.000000 0.152572
1956.000000 0.054370
1957.000000 0.219963
1958.000000 0.141767
1959.000000 0.120213
1960.000000 0.105255
1961.000000 0.027324
1962.000000 0.292181
1963.000000 0.152967
1964.000000 0.145645
1965.000000 0.183171
1966.000000 0.074890
1967.000000 0.306024
1968.000000 0.278306
1969.000000 0.153850
1970.000000 0.129007
1971.000000 0.067264
1972.000000 0.062028
1973.000000 0.191649
1974.000000 0.151280
1975.000000 0.271731
1976.000000 0.143144
1977.000000 0.144627
1978.000000 0.222469
1979.000000 0.132099
1980.000000 0.072205
1981.000000 0.176535
1982.000000 0.089919
1983.000000 0.143420
1984.000000 0.147712
1985.000000 0.132496
1986.000000 0.144531
1987.000000 0.280042
1988.000000 0.226285
1989.000000 0.107905
1990.000000 0.161108
1991.000000 0.040353
1992.000000 0.176577
1993.000000 0.093040
1994.000000 0.119129
1995.000000 0.027321
1996.000000 0.206874
1997.000000 0.059385
1998.000000 0.038576
1999.000000 0.192825
2000.000000 0.095129
2001.000000 0.089740
2002.000000 0.078807
2003.000000 0.069588
2004.000000 0.088626
2005.000000 0.145000
2006.000000 0.125489
2007.000000 0.084881
2008.000000 0.151354
2009.000000 0.038390
2010.000000 0.045163
2011.000000 0.157349
2012.000000 0.119640
2013.000000 0.148424
2014.000000 0.143062
2015.000000 0.025720
2016.000000 0.081735
2017.000000 0.182175
2018.000000 0.108324
2019.000000 0.059816
2020.000000 0.138052
2021.000000 0.077595
2022.000000 0.162479
2023.000000 0.102547
2024.000000 0.110724
2025.000000 0.200008
2026.000000 0.086039
2027.000000 0.123255
2028.000000 0.167277
2029.000000 0.049786
2030.000000 0.224062
2031.000000 0.177758
2032.000000 0.145380
2033.000000 0.256483
2034.000000 0.122333
2035.000000 0.086797
2036.000000 0.126446
2037.000000 0.045162
2038.000000 0.153438
2039.000000 0.097799
2040.000000 0.119388
2041.000000 0.060185
2042.000000 0.115543
2043.000000 0.041670
2044.000000 0.074733
2045.000000 0.066794
2046.000000 0.109234
2047.000000 0.062389
2048.000000 0.071363
2049.000000 0.114318
2050.000000 0.119112
2051.000000 0.119663
2052.000000 0.086868
2053.000000 0.155342
2054.000000 0.114078
2055.000000 0.088756
2056.000000 0.094780
2057.000000 0.032277
2058.000000 0.113404
2059.000000 0.309878
2060.000000 0.081303
2061.000000 0.156265
2062.000000 0.120195
2063.000000 0.198709
2064.000000 0.072225
2065.000000 0.077499
2066.000000 0.212061
2067.000000 0.122942
2068.000000 0.234207
2069.000000 0.156788
2070.000000 0.178663
2071.000000 0.158774
2072.000000 0.245516
2073.000000 0.115864
2074.000000 0.130920
2075.000000 0.103411
2076.000000 0.081893
2077.000000 0.146148
2078.000000 0.160253
2079.000000 0.062450
2080.000000 0.156324
2081.000000 0.070696
2082.000000 0.096254
2083.000000 0.240208
2084.000000 0.082224
2085.000000 0.144558
2086.000000 0.135415
2087.000000 0.180511
2088.000000 0.087188
2089.000000 0.072510
2090.000000 0.211123
2091.000000 0.129196
2092.000000 0.305385
2093.000000 0.084649
2094.000000 0.110475
2095.000000 0.217621
2096.000000 0.032189
2097.000000 0.164633
2098.000000 0.044152
2099.000000 0.104525
2100.000000 0.213297
2101.000000 0.132083
2102.000000 0.090876
2103.000000 0.167625
2104.000000 0.106352
2105.000000 0.111732
2106.000000 0.158271
2107.000000 0.148584
2108.000000 0.058804
2109.000000 0.071585
2110.000000 0.101993
2111.000000 0.089138
2112.000000 0.027866
2113.000000 0.055860
2114.000000 0.173550
2115.000000 0.038549
2116.000000 0.208273
2117.000000 0.062419
2118.000000 0.028957
2119.000000 0.053416
2120.000000 0.137172
2121.000000 0.032275
2122.000000 0.126092
2123.000000 0.175009
2124.000000 0.111434
2125.000000 0.060637
2126.000000 0.199697
2127.000000 0.122371
2128.000000 0.207403
2129.000000 0.084134
2130.000000 0.129099
2131.000000 0.186811
2132.000000 0.167090
2133.000000 0.044501
2134.000000 0.091238
2135.000000 0.134893
2136.000000 0.141672
2137.000000 0.028551
2138.000000 0.105411
2139.000000 0.057190
2140.000000 0.086675
2141.000000 0.048744
2142.000000 0.248486
2143.000000 0.095207
2144.000000 0.192284
2145.000000 0.281098
2146.000000 0.015522
2147.000000 0.241882
2148.000000 0.155731
2149.000000 0.042389
2150.000000 0.192494
2151.000000 0.009448
2152.000000 0.072777
2153.000000 0.059013
2154.000000 0.160903
2155.000000 0.114397
2156.000000 0.247227
2157.000000 0.066920
2158.000000 0.076287
2159.000000 0.042391
2160.000000 0.031669
2161.000000 0.178021
2162.000000 0.047010
2163.000000 0.161982
2164.000000 0.100923
2165.000000 0.161488
2166.000000 0.136039
2167.000000 0.029359
2168.000000 0.236119
2169.000000 0.157151
2170.000000 0.120085
2171.000000 0.127187
2172.000000 0.176287
2173.000000 0.300268
2174.000000 0.230017
2175.000000 0.099440
2176.000000 0.253848
2177.000000 0.217937
2178.000000 0.136242
2179.000000 0.207629
2180.000000 0.086790
2181.000000 0.214322
2182.000000 0.218825
2183.000000 0.098311
2184.000000 0.065733
2185.000000 0.139642
2186.000000 0.091555
2187.000000 0.155407
2188.000000 0.206391
2189.000000 0.100314
2190.000000 0.129904
2191.000000 0.068552
2192.000000 0.130297
2193.000000 0.147526
2194.000000 0.182882
2195.000000 0.133774
2196.000000 0.238105
2197.000000 0.067499
2198.000000 0.063024
2199.000000 0.190124
2200.000000 0.181590
2201.000000 0.186210
2202.000000 0.116469
2203.000000 0.087041
2204.000000 0.080446
2205.000000 0.187301
2206.000000 0.279368
2207.000000 0.064365
2208.000000 0.019047
2209.000000 0.093980
2210.000000 0.135187
2211.000000 0.096873
2212.000000 0.109449
2213.000000 0.123676
2214.000000 0.106488
2215.000000 0.151246
2216.000000 0.103280
2217.000000 0.110429
2218.000000 0.152269
2219.000000 0.145883
2220.000000 0.138441
2221.000000 0.081775
2222.000000 0.124008
2223.000000 0.050680
2224.000000 0.037567
2225.000000 0.202253
2226.000000 0.126889
2227.000000 0.030889
2228.000000 0.193363
2229.000000 0.097234
2230.000000 0.126447
2231.000000 0.192834
2232.000000 0.058823
2233.000000 0.139931
2234.000000 0.083845
2235.000000 0.193441
2236.000000 0.011062
2237.000000 0.093158
2238.000000 0.125196
2239.000000 0.159799
2240.000000 0.237636
2241.000000 0.094891
2242.000000 0.121101
2243.000000 0.103268
2244.000000 0.022401
2245.000000 0.169105
2246.000000 0.153874
2247.000000 0.194393
2248.000000 0.108564
2249.000000 0.074783
2250.000000 0.209730
2251.000000 0.188330
2252.000000 0.140936
2253.000000 0.080001
2254.000000 0.187819
2255.000000 0.034499
2256.000000 0.081497
2257.000000 0.054802
2258.000000 0.228878
2259.000000 0.234442
2260.000000 0.241861
2261.000000 0.066342
2262.000000 0.172413
2263.000000 0.277972
2264.000000 0.150415
2265.000000 0.067128
2266.000000 0.211988
2267.000000 0.242173
2268.000000 0.078963
2269.000000 0.067869
2270.000000 0.040228
2271.000000 0.059605
2272.000000 0.035377
2273.000000 0.065134
2274.000000 0.073017
2275.000000 0.132692
2276.000000 0.164498
2277.000000 0.160658
2278.000000 0.172507
2279.000000 0.047181
2280.000000 0.196020
2281.000000 0.175999
2282.000000 0.127417
2283.000000 0.096098
2284.000000 0.098283
2285.000000 0.010452
2286.000000 0.283613
2287.000000 0.082994
2288.000000 0.088321
2289.000000 0.094293
2290.000000 0.175890
2291.000000 0.105104
2292.000000 0.156167
2293.000000 0.114552
2294.000000 0.167987
2295.000000 0.166960
2296.000000 0.083268
2297.000000 0.086583
2298.000000 0.016813
2299.000000 0.165025
2300.000000 0.121858
2301.000000 0.113127
2302.000000 0.107330
2303.000000 0.047410
2304.000000 0.010315
2305.000000 0.145867
2306.000000 0.193766
2307.000000 0.050179
2308.000000 0.153877
2309.000000 0.049406
2310.000000 0.027396
2311.000000 0.044002
2312.000000 0.158800
2313.000000 0.058523
2314.000000 0.199751
2315.000000 0.085467
2316.000000 0.142735
2317.000000 0.086436
2318.000000 0.113588
2319.000000 0.121758
2320.000000 0.025373
2321.000000 0.121229
2322.000000 0.260123
2323.000000 0.067121
2324.000000 0.082629
2325.000000 0.186533
2326.000000 0.116903
2327.000000 0.084707
2328.000000 0.145709
2329.000000 0.259148
2330.000000 0.202787
2331.000000 0.069151
2332.000000 0.324158
2333.000000 0.128543
2334.000000 0.110015
2335.000000 0.147060
2336.000000 0.157278
2337.000000 0.081169
2338.000000 0.035495
2339.000000 0.294396
2340.000000 0.202771
2341.000000 0.087636
2342.000000 0.146933
2343.000000 0.121937
2344.000000 0.095418
2345.000000 0.114897
2346.000000 0.040852
2347.000000 0.105467
2348.000000 0.114599
2349.000000 0.139130
2350.000000 0.180037
2351.000000 0.142109
2352.000000 0.158774
2353.000000 0.190745
2354.000000 0.114058
2355.000000 0.162342
2356.000000 0.124583
2357.000000 0.103685
2358.000000 0.197715
2359.000000 0.062393
2360.000000 0.202306
2361.000000 0.181245
2362.000000 0.082863
2363.000000 0.136289
2364.000000 0.082974
2365.000000 0.150762
2366.000000 0.222329
2367.000000 0.015342
2368.000000 0.063326
2369.000000 0.188205
2370.000000 0.114130
2371.000000 0.085529
2372.000000 0.225109
2373.000000 0.045644
2374.000000 0.068628
2375.000000 0.067014
2376.000000 0.195449
2377.000000 0.065152
2378.000000 0.131334
2379.000000 0.208843
2380.000000 0.114592
2381.000000 0.245043
2382.000000 0.069024
2383.000000 0.086412
2384.000000 0.242732
2385.000000 0.162137
2386.000000 0.086069
2387.000000 0.095905
2388.000000 0.152409
2389.000000 0.103845
2390.000000 0.104263
2391.000000 0.163607
2392.000000 0.101596
2393.000000 0.125306
2394.000000 0.038923
2395.000000 0.139956
2396.000000 0.166558
2397.000000 0.068029
2398.000000 0.131268
2399.000000 0.038692
2400.000000 0.064405
2401.000000 0.059826
2402.000000 0.099326
2403.000000 0.210740
2404.000000 0.194853
2405.000000 0.188471
2406.000000 0.234510
2407.000000 0.048910
2408.000000 0.022494
2409.000000 0.181092
2410.000000 0.182717
2411.000000 0.109045
2412.000000 0.170123
2413.000000 0.232830
2414.000000 0.095181
2415.000000 0.082242
2416.000000 0.036197
2417.000000 0.099032
2418.000000 0.172419
2419.000000 0.164009
2420.000000 0.273975
2421.000000 0.143035
2422.000000 0.139872
2423.000000 0.149545
2424.000000 0.239523
2425.000000 0.277250
2426.000000 0.091596
2427.000000 0.213779
2428.000000 0.229016
2429.000000 0.150259
2430.000000 0.146120
2431.000000 0.143548
2432.000000 0.034618
2433.000000 0.247927
2434.000000 0.062943
2435.000000 0.036463
2436.000000 0.124247
2437.000000 0.241505
2438.000000 0.075453
2439.000000 0.058166
2440.000000 0.045627
2441.000000 0.112963
2442.000000 0.047554
2443.000000 0.096856
2444.000000 0.059123
2445.000000 0.118584
2446.000000 0.147083
2447.000000 0.121445
2448.000000 0.088583
2449.000000 0.112925
2450.000000 0.131610
2451.000000 0.049733
2452.000000 0.353018
2453.000000 0.160052
2454.000000 0.244261
2455.000000 0.085013
2456.000000 0.140565
2457.000000 0.037230
2458.000000 0.245554
2459.000000 0.023402
2460.000000 0.039460
2461.000000 0.089686
2462.000000 0.019336
2463.000000 0.246836
2464.000000 0.133165
2465.000000 0.093734
2466.000000 0.176389
2467.000000 0.108076
2468.000000 0.049353
2469.000000 0.053254
2470.000000 0.121863
2471.000000 0.155187
2472.000000 0.193004
2473.000000 0.047366
2474.000000 0.203436
2475.000000 0.092187
2476.000000 0.058177
2477.000000 0.058958
2478.000000 0.103131
2479.000000 0.126829
2480.000000 0.191555
2481.000000 0.100843
2482.000000 0.166478
2483.000000 0.110360
2484.000000 0.150150
2485.000000 0.119297
2486.000000 0.187826
2487.000000 0.190752
2488.000000 0.012970
2489.000000 0.208579
2490.000000 0.136341
2491.000000 0.185161
2492.000000 0.056336
2493.000000 0.221659
2494.000000 0.086782
2495.000000 0.052701
2496.000000 0.067432
2497.000000 0.056879
2498.000000 0.213685
2499.000000 0.165432
2500.000000 0.081259
2501.000000 0.111451
2502.000000 0.034278
2503.000000 0.141724
2504.000000 0.059655
2505.000000 0.161723
2506.000000 0.190745
2507.000000 0.065346
2508.000000 0.092663
2509.000000 0.124485
2510.000000 0.062851
2511.000000 0.127897
2512.000000 0.190525
2513.000000 0.121280
2514.000000 0.093534
2515.000000 0.163938
2516.000000 0.162336
2517.000000 0.019029
2518.000000 0.179709
2519.000000 0.242439
2520.000000 0.108536
2521.000000 0.192231
2522.000000 0.087782
2523.000000 0.024157
2524.000000 0.073973
2525.000000 0.065423
2526.000000 0.034877
2527.000000 0.127067
2528.000000 0.173947
2529.000000 0.036001
2530.000000 0.187087
2531.000000 0.096450
2532.000000 0.152663
2533.000000 0.127904
2534.000000 0.091162
2535.000000 0.142481
2536.000000 0.164190
2537.000000 0.244302
2538.000000 0.104761
2539.000000 0.100797
2540.000000 0.159898
2541.000000 0.148338
2542.000000 0.054126
2543.000000 0.133469
2544.000000 0.105165
2545.000000 0.062200
2546.000000 0.202908
2547.000000 0.050131
2548.000000 0.188131
2549.000000 0.096071
2550.000000 0.236173
2551.000000 0.187653
2552.000000 0.117835
2553.000000 0.150808
2554.000000 0.167791
2555.000000 0.116800
2556.000000 0.053824
2557.000000 0.160428
2558.000000 0.053561
2559.000000 0.165434
2560.000000 0.022716
2561.000000 0.118525
2562.000000 0.122605
2563.000000 0.225794
2564.000000 0.108179
2565.000000 0.126940
2566.000000 0.136235
2567.000000 0.107755
2568.000000 0.120552
2569.000000 0.119895
2570.000000 0.155785
2571.000000 0.144241
2572.000000 0.127530
2573.000000 0.119581
2574.000000 0.132541
2575.000000 0.181138
2576.000000 0.234794
2577.000000 0.049272
2578.000000 0.149338
2579.000000 0.124470
2580.000000 0.099424
2581.000000 0.101172
2582.000000 0.099147
2583.000000 0.223532
2584.000000 0.075109
2585.000000 0.182691
2586.000000 0.142442
2587.000000 0.264615
2588.000000 0.064851
2589.000000 0.132733
2590.000000 0.171037
2591.000000 0.175314
2592.000000 0.114666
2593.000000 0.196968
2594.000000 0.080175
2595.000000 0.154468
2596.000000 0.064501
2597.000000 0.175552
2598.000000 0.084480
2599.000000 0.153776
2600.000000 0.261106
2601.000000 0.124353
2602.000000 0.146118
2603.000000 0.151670
2604.000000 0.177821
2605.000000 0.059216
2606.000000 0.174690
2607.000000 0.181759
2608.000000 0.172705
2609.000000 0.046437
2610.000000 0.262665
2611.000000 0.181209
2612.000000 0.259285
2613.000000 0.096038
2614.000000 0.071042
2615.000000 0.011931
2616.000000 0.022024
2617.000000 0.073905
2618.000000 0.072019
2619.000000 0.125174
2620.000000 0.187744
2621.000000 0.059733
2622.000000 0.132964
2623.000000 0.199823
2624.000000 0.244722
2625.000000 0.050113
2626.000000 0.092443
2627.000000 0.156402
2628.000000 0.025888
2629.000000 0.218217
2630.000000 0.110818
2631.000000 0.245707
2632.000000 0.235404
2633.000000 0.072484
2634.000000 0.116009
2635.000000 0.183900
2636.000000 0.088397
2637.000000 0.113301
2638.000000 0.255733
2639.000000 0.095589
2640.000000 0.139352
2641.000000 0.150567
2642.000000 0.105285
2643.000000 0.068169
2644.000000 0.146873
2645.000000 0.136088
2646.000000 0.251708
2647.000000 0.080963
2648.000000 0.223739
2649.000000 0.058310
2650.000000 0.112883
2651.000000 0.058273
2652.000000 0.079198
2653.000000 0.261489
2654.000000 0.244993
2655.000000 0.091896
2656.000000 0.113353
2657.000000 0.095402
2658.000000 0.152508
2659.000000 0.017322
2660.000000 0.051389
2661.000000 0.142009
2662.000000 0.189471
2663.000000 0.036722
2664.000000 0.142897
2665.000000 0.102401
2666.000000 0.159909
2667.000000 0.075045
2668.000000 0.360653
2669.000000 0.064126
2670.000000 0.074661
2671.000000 0.141062
2672.000000 0.090306
2673.000000 0.012295
2674.000000 0.068075
2675.000000 0.082645
2676.000000 0.137257
2677.000000 0.227102
2678.000000 0.238684
2679.000000 0.127463
2680.000000 0.203128
2681.000000 0.101918
2682.000000 0.159558
2683.000000 0.076379
2684.000000 0.105158
2685.000000 0.117716
2686.000000 0.094678
2687.000000 0.351252
2688.000000 0.085475
2689.000000 0.096595
2690.000000 0.112708
2691.000000 0.239606
2692.000000 0.174874
2693.000000 0.271809
2694.000000 0.077575
2695.000000 0.135225
2696.000000 0.180097
2697.000000 0.099854
2698.000000 0.236476
2699.000000 0.133361
2700.000000 0.090794
2701.000000 0.152187
2702.000000 0.199539
2703.000000 0.080445
2704.000000 0.151394
2705.000000 0.243364
2706.000000 0.216161
2707.000000 0.115328
2708.000000 0.097115
2709.000000 0.092045
2710.000000 0.160983
2711.000000 0.027054
2712.000000 0.162333
2713.000000 0.072981
2714.000000 0.214588
2715.000000 0.066527
2716.000000 0.154382
2717.000000 0.212057
2718.000000 0.098682
2719.000000 0.159864
2720.000000 0.022534
2721.000000 0.123328
2722.000000 0.234056
2723.000000 0.108804
2724.000000 0.189708
2725.000000 0.196236
2726.000000 0.307282
2727.000000 0.077414
2728.000000 0.149080
2729.000000 0.233301
2730.000000 0.181693
2731.000000 0.161230
2732.000000 0.133554
2733.000000 0.148785
2734.000000 0.118328
2735.000000 0.074261
2736.000000 0.128579
2737.000000 0.154418
2738.000000 0.101618
2739.000000 0.076187
2740.000000 0.056665
2741.000000 0.145706
2742.000000 0.253402
2743.000000 0.108261
2744.000000 0.069442
2745.000000 0.181002
2746.000000 0.032539
2747.000000 0.201046
2748.000000 0.139243
2749.000000 0.218539
2750.000000 0.112423
2751.000000 0.066685
2752.000000 0.032111
2753.000000 0.082499
2754.000000 0.043974
2755.000000 0.028495
2756.000000 0.017816
2757.000000 0.118128
2758.000000 0.110644
2759.000000 0.198669
2760.000000 0.280605
2761.000000 0.221050
2762.000000 0.043286
2763.000000 0.132458
2764.000000 0.212066
2765.000000 0.047274
2766.000000 0.108831
2767.000000 0.160851
2768.000000 0.108248
2769.000000 0.159039
2770.000000 0.135536
2771.000000 0.132166
2772.000000 0.087884
2773.000000 0.078441
2774.000000 0.180563
2775.000000 0.204936
2776.000000 0.096100
2777.000000 0.148512
2778.000000 0.152060
2779.000000 0.046379
2780.000000 0.123499
2781.000000 0.201095
2782.000000 0.174434
2783.000000 0.049961
2784.000000 0.034874
2785.000000 0.152527
2786.000000 0.222147
2787.000000 0.063363
2788.000000 0.211225
2789.000000 0.147272
2790.000000 0.093012
2791.000000 0.149258
2792.000000 0.092791
2793.000000 0.175142
2794.000000 0.155325
2795.000000 0.223498
2796.000000 0.179191
2797.000000 0.237486
2798.000000 0.055067
2799.000000 0.070179
2800.000000 0.161688
2801.000000 0.062925
2802.000000 0.016572
2803.000000 0.266732
2804.000000 0.219164
2805.000000 0.085642
2806.000000 0.062899
2807.000000 0.118281
2808.000000 0.171019
2809.000000 0.124521
2810.000000 0.080079
2811.000000 0.048800
2812.000000 0.145816
2813.000000 0.196178
2814.000000 0.081835
2815.000000 0.118139
2816.000000 0.119874
2817.000000 0.008518
2818.000000 0.167881
2819.000000 0.227590
2820.000000 0.196911
2821.000000 0.253714
2822.000000 0.136772
2823.000000 0.016619
2824.000000 0.111294
2825.000000 0.078312
2826.000000 0.104934
2827.000000 0.141911
2828.000000 0.113939
2829.000000 0.122962
2830.000000 0.082448
2831.000000 0.094323
2832.000000 0.138796
2833.000000 0.149909
2834.000000 0.139513
2835.000000 0.046704
2836.000000 0.279323
2837.000000 0.121687
2838.000000 0.055181
2839.000000 0.116573
2840.000000 0.046754
2841.000000 0.288398
2842.000000 0.151354
2843.000000 0.063775
2844.000000 0.179446
2845.000000 0.116170
2846.000000 0.062192
2847.000000 0.090059
2848.000000 0.112958
2849.000000 0.097848
2850.000000 0.005762
2851.000000 0.178549
2852.000000 0.072171
2853.000000 0.216734
2854.000000 0.199165
2855.000000 0.121194
2856.000000 0.066263
2857.000000 0.217594
2858.000000 0.121695
2859.000000 0.080060
2860.000000 0.102587
2861.000000 0.062184
2862.000000 0.177109
2863.000000 0.121494
2864.000000 0.251595
2865.000000 0.228425
2866.000000 0.071184
2867.000000 0.144941
2868.000000 0.095606
2869.000000 0.270006
2870.000000 0.094202
2871.000000 0.106841
2872.000000 0.157405
2873.000000 0.093515
2874.000000 0.195561
2875.000000 0.045239
2876.000000 0.097122
2877.000000 0.012818
2878.000000 0.108815
2879.000000 0.109450
2880.000000 0.092239
2881.000000 0.214123
2882.000000 0.040822
2883.000000 0.210062
2884.000000 0.140940
2885.000000 0.144096
2886.000000 0.266615
2887.000000 0.091400
2888.000000 0.087470
2889.000000 0.069967
2890.000000 0.025559
2891.000000 0.052136
2892.000000 0.156333
2893.000000 0.072896
2894.000000 0.168339
2895.000000 0.135997
2896.000000 0.132618
2897.000000 0.056899
2898.000000 0.159025
2899.000000 0.268623
2900.000000 0.094137
2901.000000 0.139919
2902.000000 0.336354
2903.000000 0.149810
2904.000000 0.143030
2905.000000 0.071600
2906.000000 0.111727
2907.000000 0.041637
2908.000000 0.163286
2909.000000 0.235497
2910.000000 0.181147
2911.000000 0.180285
2912.000000 0.133486
2913.000000 0.104580
2914.000000 0.101743
2915.000000 0.158890
2916.000000 0.119339
2917.000000 0.162803
2918.000000 0.166683
2919.000000 0.063650
2920.000000 0.144988
2921.000000 0.118510
2922.000000 0.162358
2923.000000 0.186911
2924.000000 0.165652
2925.000000 0.102697
2926.000000 0.160147
2927.000000 0.162520
2928.000000 0.257382
2929.000000 0.051351
2930.000000 0.146064
2931.000000 0.170163
2932.000000 0.181850
2933.000000 0.082637
2934.000000 0.057720
2935.000000 0.205449
2936.000000 0.122334
2937.000000 0.068762
2938.000000 0.104698
2939.000000 0.079240
2940.000000 0.141211
2941.000000 0.069626
2942.000000 0.119299
2943.000000 0.071199
2944.000000 0.114691
2945.000000 0.407962
2946.000000 0.341669
2947.000000 0.195515
2948.000000 0.190112
2949.000000 0.311251
2950.000000 0.080847
2951.000000 0.034248
2952.000000 0.106725
2953.000000 0.213705
2954.000000 0.054823
2955.000000 0.058518
2956.000000 0.085362
2957.000000 0.288962
2958.000000 0.109674
2959.000000 0.095531
2960.000000 0.103795
2961.000000 0.038304
2962.000000 0.256560
2963.000000 0.161719
2964.000000 0.113959
2965.000000 0.109403
2966.000000 0.127909
2967.000000 0.173637
2968.000000 0.054928
2969.000000 0.122284
2970.000000 0.073829
2971.000000 0.045914
2972.000000 0.018282
2973.000000 0.116447
2974.000000 0.065484
2975.000000 0.136281
2976.000000 0.107904
2977.000000 0.015300
2978.000000 0.213521
2979.000000 0.223551
2980.000000 0.017521
2981.000000 0.133007
2982.000000 0.074454
2983.000000 0.064973
2984.000000 0.042844
2985.000000 0.079745
2986.000000 0.153375
2987.000000 0.043034
2988.000000 0.101648
2989.000000 0.105558
2990.000000 0.108834
2991.000000 0.156152
2992.000000 0.189626
2993.000000 0.080926
2994.000000 0.113794
2995.000000 0.100657
2996.000000 0.198590
2997.000000 0.152529
2998.000000 0.038452
2999.000000 0.054457
3000.000000 0.056915
