0.000000 0.062230
1.000000 0.127906
2.000000 0.109468
3.000000 0.154931
4.000000 0.069576
5.000000 0.094052
6.000000 0.150264
7.000000 0.025460
8.000000 0.161453
9.000000 0.150363
10.000000 0.271655
11.000000 0.178334
12.000000 0.127040
13.000000 0.113010
14.000000 0.076452
15.000000 0.114334
16.000000 0.182946
17.000000 0.218998
18.000000 0.121636
19.000000 0.080307
20.000000 0.057355
21.000000 0.067632
22.000000 0.112799
23.000000 0.137370
24.000000 0.123320
25.000000 0.045563
26.000000 0.173103
27.000000 0.106758
28.000000 0.085822
29.000000 0.072168
30.000000 0.134174
31.000000 0.106884
32.000000 0.066259
33.000000 0.073367
34.000000 0.138852
35.000000 0.170001
36.000000 0.178490
37.000000 0.081492
38.000000 0.130051
39.000000 0.011604
40.000000 0.016320
41.000000 0.112848
42.000000 0.023939
43.000000 0.101327
44.000000 0.252275
45.000000 0.143878
46.000000 0.272100
47.000000 0.287243
48.000000 0.072046
49.000000 0.063506
50.000000 0.142667
51.000000 0.272817
52.000000 0.228097
53.000000 0.096118
54.000000 0.066163
55.000000 0.049641
56.000000 0.067229
57.000000 0.106399
58.000000 0.030820
59.000000 0.089854
60.000000 0.152822
61.000000 0.195545
62.000000 0.042283
63.000000 0.092230
64.000000 0.106027
65.000000 0.149829
66.000000 0.084850
67.000000 0.070855
68.000000 0.068017
69.000000 0.032072
70.000000 0.174482
71.000000 0.071895
72.000000 0.078354
73.000000 0.177640
74.000000 0.086593
75.000000 0.137516
76.000000 0.227938
77.000000 0.187187
78.000000 0.173694
79.000000 0.143832
80.000000 0.077011
81.000000 0.097927
82.000000 0.043083
83.000000 0.141269
84.000000 0.119744
85.000000 0.172444
86.000000 0.127105
87.000000 0.148562
88.000000 0.104212
89.000000 0.005762
90.000000 0.243740
91.000000 0.087220
92.000000 0.063130
93.000000 0.032572
94.000000 0.042872
95.000000 0.120683
96.000000 0.076806
97.000000 0.107703
98.000000 0.015807
99.000000 0.048967
100.000000 0.192971
101.000000 0.205342
102.000000 0.197267
103.000000 0.067937
104.000000 0.070637
105.000000 0.074253
106.000000 0.248890
107.000000 0.097067
108.000000 0.155802
109.000000 0.176581
110.000000 0.025250
111.000000 0.184537
112.000000 0.073016
113.000000 0.176800
114.000000 0.173778
115.000000 0.268089
116.000000 0.055697
117.000000 0.181913
118.000000 0.120426
119.000000 0.301713
120.000000 0.245089
121.000000 0.224011
122.000000 0.124496
123.000000 0.058181
124.000000 0.135950
125.000000 0.118246
126.000000 0.103297
127.000000 0.093288
128.000000 0.112371
129.000000 0.070366
130.000000 0.133845
131.000000 0.123019
132.000000 0.174662
133.000000 0.058302
134.000000 0.086317
135.000000 0.192702
136.000000 0.159691
137.000000 0.153216
138.000000 0.028934
139.000000 0.084765
140.000000 0.178718
141.000000 0.116946
142.000000 0.107941
143.000000 0.087320
144.000000 0.050037
145.000000 0.063320
146.000000 0.021165
147.000000 0.193354
148.000000 0.165888
149.000000 0.083293
150.000000 0.071283
151.000000 0.156363
152.000000 0.051192
153.000000 0.057107
154.000000 0.032579
155.000000 0.212403
156.000000 0.155371
157.000000 0.020130
158.000000 0.097859
159.000000 0.184691
160.000000 0.082074
161.000000 0.159062
162.000000 0.178574
163.000000 0.073461
164.000000 0.160254
165.000000 0.049301
166.000000 0.170908
167.000000 0.128618
168.000000 0.188515
169.000000 0.081434
170.000000 0.072202
171.000000 0.069975
172.000000 0.098163
173.000000 0.073238
174.000000 0.055792
175.000000 0.100636
176.000000 0.108527
177.000000 0.131105
178.000000 0.215762
179.000000 0.111424
180.000000 0.114845
181.000000 0.110245
182.000000 0.079157
183.000000 0.124990
184.000000 0.199647
185.000000 0.055375
186.000000 0.116528
187.000000 0.100289
188.000000 0.071418
189.000000 0.195866
190.000000 0.167386
191.000000 0.184624
192.000000 0.199477
193.000000 0.175098
194.000000 0.159210
195.000000 0.080173
196.000000 0.211607
197.000000 0.188901
198.000000 0.036326
199.000000 0.074370
200.000000 0.027264
201.000000 0.019408
202.000000 0.190781
203.000000 0.160959
204.000000 0.075178
205.000000 0.126717
206.000000 0.081412
207.000000 0.201260
208.000000 0.130920
209.000000 0.095387
210.000000 0.074906
211.000000 0.244000
212.000000 0.104181
213.000000 0.096483
214.000000 0.142063
215.000000 0.175497
216.000000 0.158738
217.000000 0.027264
218.000000 0.107448
219.000000 0.135963
220.000000 0.091417
221.000000 0.174861
222.000000 0.080871
223.000000 0.188362
224.000000 0.082983
225.000000 0.089114
226.000000 0.053759
227.000000 0.049270
228.000000 0.030400
229.000000 0.105771
230.000000 0.150052
231.000000 0.169273
232.000000 0.068135
233.000000 0.105998
234.000000 0.072799
235.000000 0.190900
236.000000 0.185401
237.000000 0.168217
238.000000 0.223613
239.000000 0.102242
240.000000 0.150684
241.000000 0.134706
242.000000 0.062348
243.000000 0.152411
244.000000 0.202060
245.000000 0.069665
246.000000 0.142585
247.000000 0.054897
248.000000 0.106559
249.000000 0.131463
250.000000 0.137689
251.000000 0.114564
252.000000 0.090676
253.000000 0.095730
254.000000 0.145057
255.000000 0.228109
256.000000 0.036855
257.000000 0.120321
258.000000 0.030202
259.000000 0.098258
260.000000 0.053002
261.000000 0.026046
262.000000 0.087345
263.000000 0.066066
264.000000 0.095370
265.000000 0.158419
266.000000 0.099337
267.000000 0.182817
268.000000 0.198976
269.000000 0.028162
270.000000 0.090385
271.000000 0.004208
272.000000 0.179267
273.000000 0.070221
274.000000 0.103827
275.000000 0.104534
276.000000 0.074869
277.000000 0.065815
278.000000 0.060209
279.000000 0.080434
280.000000 0.255612
281.000000 0.171745
282.000000 0.104187
283.000000 0.018799
284.000000 0.112160
285.000000 0.179147
286.000000 0.101410
287.000000 0.162312
288.000000 0.144184
289.000000 0.211643
290.000000 0.231100
291.000000 0.090722
292.000000 0.044469
293.000000 0.128757
294.000000 0.146054
295.000000 0.131115
296.000000 0.052159
297.000000 0.060384
298.000000 0.229554
299.000000 0.140222
300.000000 0.178810
301.000000 0.085814
302.000000 0.091928
303.000000 0.117014
304.000000 0.099028
305.000000 0.038005
306.000000 0.251461
307.000000 0.151648
308.000000 0.184870
309.000000 0.176674
310.000000 0.037795
311.000000 0.100807
312.000000 0.117125
313.000000 0.060559
314.000000 0.052075
315.000000 0.081691
316.000000 0.124073
317.000000 0.057190
318.000000 0.067890
319.000000 0.221937
320.000000 0.084668
321.000000 0.078461
322.000000 0.287232
323.000000 0.054377
324.000000 0.043138
325.000000 0.077539
326.000000 0.134071
327.000000 0.157119
328.000000 0.047008
329.000000 0.182290
330.000000 0.158152
331.000000 0.100540
332.000000 0.121281
333.000000 0.036974
334.000000 0.140060
335.000000 0.082611
336.000000 0.120214
337.000000 0.183899
338.000000 0.159591
339.000000 0.051370
340.000000 0.077609
341.000000 0.150049
342.000000 0.113658
343.000000 0.095729
344.000000 0.081838
345.000000 0.140748
346.000000 0.027370
347.000000 0.142268
348.000000 0.121834
349.000000 0.080614
350.000000 0.084701
351.000000 0.067551
352.000000 0.105782
353.000000 0.180250
354.000000 0.085509
355.000000 0.059332
356.000000 0.039177
357.000000 0.106202
358.000000 0.069930
359.000000 0.186161
360.000000 0.103687
361.000000 0.172357
362.000000 0.182426
363.000000 0.173300
364.000000 0.113593
365.000000 0.039383
366.000000 0.187037
367.000000 0.109920
368.000000 0.051504
369.000000 0.073985
370.000000 0.166710
371.000000 0.144955
372.000000 0.082356
373.000000 0.111051
374.000000 0.091315
375.000000 0.111639
376.000000 0.048911
377.000000 0.094638
378.000000 0.085880
379.000000 0.140932
380.000000 0.226921
381.000000 0.137207
382.000000 0.115004
383.000000 0.256862
384.000000 0.055595
385.000000 0.136515
386.000000 0.229741
387.000000 0.205201
388.000000 0.075356
389.000000 0.118030
390.000000 0.102677
391.000000 0.117326
392.000000 0.144982
393.000000 0.124868
394.000000 0.162725
395.000000 0.127646
396.000000 0.121749
397.000000 0.126028
398.000000 0.119131
399.000000 0.031063
400.000000 0.080376
401.000000 0.132741
402.000000 0.076561
403.000000 0.053573
404.000000 0.111134
405.000000 0.158924
406.000000 0.117840
407.000000 0.010036
408.000000 0.085163
409.000000 0.111221
410.000000 0.105657
411.000000 0.073028
412.000000 0.035828
413.000000 0.054053
414.000000 0.116851
415.000000 0.157883
416.000000 0.252603
417.000000 0.067311
418.000000 0.133652
419.000000 0.171475
420.000000 0.106053
421.000000 0.135824
422.000000 0.175333
423.000000 0.147343
424.000000 0.104047
425.000000 0.088358
426.000000 0.113668
427.000000 0.023563
428.000000 0.210391
429.000000 0.096920
430.000000 0.194990
431.000000 0.200657
432.000000 0.088834
433.000000 0.097917
434.000000 0.124248
435.000000 0.028804
436.000000 0.079501
437.000000 0.199408
438.000000 0.112300
439.000000 0.100527
440.000000 0.156972
441.000000 0.068092
442.000000 0.115173
443.000000 0.028598
444.000000 0.188986
445.000000 0.127361
446.000000 0.029486
447.000000 0.105999
448.000000 0.136992
449.000000 0.134114
450.000000 0.146819
451.000000 0.097616
452.000000 0.178655
453.000000 0.235543
454.000000 0.136519
455.000000 0.051459
456.000000 0.052762
457.000000 0.187305
458.000000 0.181738
459.000000 0.211121
460.000000 0.211725
461.000000 0.257113
462.000000 0.050813
463.000000 0.132722
464.000000 0.191857
465.000000 0.086767
466.000000 0.021711
467.000000 0.079863
468.000000 0.093696
469.000000 0.183010
470.000000 0.070405
471.000000 0.115407
472.000000 0.046035
473.000000 0.187559
474.000000 0.026976
475.000000 0.092446
476.000000 0.126678
477.000000 0.065834
478.000000 0.295840
479.000000 0.197506
480.000000 0.116237
481.000000 0.077172
482.000000 0.161312
483.000000 0.008478
484.000000 0.063408
485.000000 0.110260
486.000000 0.118091
487.000000 0.180581
488.000000 0.128513
489.000000 0.121133
490.000000 0.175683
491.000000 0.030992
492.000000 0.067579
493.000000 0.046349
494.000000 0.122541
495.000000 0.045490
496.000000 0.078352
497.000000 0.203806
498.000000 0.107998
499.000000 0.096878
500.000000 0.122873
501.000000 0.097573
502.000000 0.099132
503.000000 0.136756
504.000000 0.076663
505.000000 0.107733
506.000000 0.093449
507.000000 0.088104
508.000000 0.025740
509.000000 0.113676
510.000000 0.074778
511.000000 0.131197
512.000000 0.095694
513.000000 0.126547
514.000000 0.041196
515.000000 0.105419
516.000000 0.084455
517.000000 0.059780
518.000000 0.016499
519.000000 0.104509
520.000000 0.164822
521.000000 0.027018
522.000000 0.151497
523.000000 0.120740
524.000000 0.238767
525.000000 0.168739
526.000000 0.211025
527.000000 0.040110
528.000000 0.058477
529.000000 0.096913
530.000000 0.067533
531.000000 0.118803
532.000000 0.130962
533.000000 0.185956
534.000000 0.119081
535.000000 0.059491
536.000000 0.284625
537.000000 0.167120
538.000000 0.014880
539.000000 0.035368
540.000000 0.081664
541.000000 0.218848
542.000000 0.110641
543.000000 0.031922
544.000000 0.184932
545.000000 0.066060
546.000000 0.099577
547.000000 0.085068
548.000000 0.256078
549.000000 0.205225
550.000000 0.086397
551.000000 0.146869
552.000000 0.225113
553.000000 0.301292
554.000000 0.061204
555.000000 0.157739
556.000000 0.017026
557.000000 0.158098
558.000000 0.163074
559.000000 0.143007
560.000000 0.107037
561.000000 0.232082
562.000000 0.091140
563.000000 0.173681
564.000000 0.084081
565.000000 0.055535
566.000000 0.020301
567.000000 0.121914
568.000000 0.152041
569.000000 0.285027
570.000000 0.052323
571.000000 0.196711
572.000000 0.097043
573.000000 0.044592
574.000000 0.081935
575.000000 0.144348
576.000000 0.172239
577.000000 0.187933
578.000000 0.140569
579.000000 0.172175
580.000000 0.100824
581.000000 0.159216
582.000000 0.088669
583.000000 0.162171
584.000000 0.080733
585.000000 0.071924
586.000000 0.019917
587.000000 0.259261
588.000000 0.153271
589.000000 0.161581
590.000000 0.046249
591.000000 0.042599
592.000000 0.183932
593.000000 0.074281
594.000000 0.099515
595.000000 0.167350
596.000000 0.204346
597.000000 0.093343
598.000000 0.026405
599.000000 0.031531
600.000000 0.251600
601.000000 0.246397
602.000000 0.105337
603.000000 0.086070
604.000000 0.108725
605.000000 0.038232
606.000000 0.150496
607.000000 0.151270
608.000000 0.132795
609.000000 0.118076
610.000000 0.091343
611.000000 0.069317
612.000000 0.142617
613.000000 0.231458
614.000000 0.105808
615.000000 0.044038
616.000000 0.096547
617.000000 0.087709
618.000000 0.058885
619.000000 0.082810
620.000000 0.212039
621.000000 0.070110
622.000000 0.186252
623.000000 0.067765
624.000000 0.073115
625.000000 0.179371
626.000000 0.064945
627.000000 0.186573
628.000000 0.134781
629.000000 0.248708
630.000000 0.118433
631.000000 0.149834
632.000000 0.041203
633.000000 0.130703
634.000000 0.083029
635.000000 0.128862
636.000000 0.034167
637.000000 0.037107
638.000000 0.107732
639.000000 0.214731
640.000000 0.103547
641.000000 0.099444
642.000000 0.136031
643.000000 0.168759
644.000000 0.062872
645.000000 0.070086
646.000000 0.244406
647.000000 0.142151
648.000000 0.128247
649.000000 0.205080
650.000000 0.058126
651.000000 0.180285
652.000000 0.063724
653.000000 0.245810
654.000000 0.012416
655.000000 0.058822
656.000000 0.170738
657.000000 0.238799
658.000000 0.064173
659.000000 0.187133
660.000000 0.077421
661.000000 0.028234
662.000000 0.124182
663.000000 0.122906
664.000000 0.113133
665.000000 0.119341
666.000000 0.095978
667.000000 0.008698
668.000000 0.223548
669.000000 0.109862
670.000000 0.144001
671.000000 0.036890
672.000000 0.169275
673.000000 0.074948
674.000000 0.126419
675.000000 0.165585
676.000000 0.200759
677.000000 0.099380
678.000000 0.056926
679.000000 0.177649
680.000000 0.049087
681.000000 0.066136
682.000000 0.052646
683.000000 0.181721
684.000000 0.106586
685.000000 0.125947
686.000000 0.065773
687.000000 0.043071
688.000000 0.069646
689.000000 0.095151
690.000000 0.086610
691.000000 0.193764
692.000000 0.145148
693.000000 0.021883
694.000000 0.261885
695.000000 0.137474
696.000000 0.241542
697.000000 0.300060
698.000000 0.049978
699.000000 0.056696
700.000000 0.033623
701.000000 0.102077
702.000000 0.124309
703.000000 0.197320
704.000000 0.138594
705.000000 0.168206
706.000000 0.086563
707.000000 0.157770
708.000000 0.162016
709.000000 0.149344
710.000000 0.119714
711.000000 0.003006
712.000000 0.123367
713.000000 0.099737
714.000000 0.124805
715.000000 0.203741
716.000000 0.258655
717.000000 0.010309
718.000000 0.137953
719.000000 0.101138
720.000000 0.028290
721.000000 0.039800
722.000000 0.257055
723.000000 0.093071
724.000000 0.181240
725.000000 0.179850
726.000000 0.278727
727.000000 0.046895
728.000000 0.140718
729.000000 0.161307
730.000000 0.036140
731.000000 0.118212
732.000000 0.059753
733.000000 0.057515
734.000000 0.158346
735.000000 0.177275
736.000000 0.253418
737.000000 0.135255
738.000000 0.132036
739.000000 0.134338
740.000000 0.117637
741.000000 0.081305
742.000000 0.095533
743.000000 0.119594
744.000000 0.051069
745.000000 0.154452
746.000000 0.179370
747.000000 0.231603
748.000000 0.136491
749.000000 0.092739
750.000000 0.022436
751.000000 0.060383
752.000000 0.080902
753.000000 0.250993
754.000000 0.135570
755.000000 0.137935
756.000000 0.045434
757.000000 0.186282
758.000000 0.071741
759.000000 0.085031
760.000000 0.125181
761.000000 0.229489
762.000000 0.160991
763.000000 0.057446
764.000000 0.053309
765.000000 0.080696
766.000000 0.077125
767.000000 0.070956
768.000000 0.051090
769.000000 0.265420
770.000000 0.099348
771.000000 0.150700
772.000000 0.037825
773.000000 0.094783
774.000000 0.046465
775.000000 0.162849
776.000000 0.146035
777.000000 0.116351
778.000000 0.186778
779.000000 0.059778
780.000000 0.088434
781.000000 0.125243
782.000000 0.192470
783.000000 0.092073
784.000000 0.067049
785.000000 0.103603
786.000000 0.091024
787.000000 0.161361
788.000000 0.055654
789.000000 0.117425
790.000000 0.239508
791.000000 0.118205
792.000000 0.058279
793.000000 0.117673
794.000000 0.069534
795.000000 0.034270
796.000000 0.164128
797.000000 0.108215
798.000000 0.149881
799.000000 0.213773
800.000000 0.047822
801.000000 0.162461
802.000000 0.112517
803.000000 0.172359
804.000000 0.135746
805.000000 0.128348
806.000000 0.064037
807.000000 0.151037
808.000000 0.222970
809.000000 0.126003
810.000000 0.087804
811.000000 0.092832
812.000000 0.117010
813.000000 0.204948
814.000000 0.112461
815.000000 0.075888
816.000000 0.226831
817.000000 0.118228
818.000000 0.091741
819.000000 0.142139
820.000000 0.239899
821.000000 0.166050
822.000000 0.039913
823.000000 0.060152
824.000000 0.069579
825.000000 0.152807
826.000000 0.047231
827.000000 0.109605
828.000000 0.098010
829.000000 0.205336
830.000000 0.104237
831.000000 0.096949
832.000000 0.104324
833.000000 0.144727
834.000000 0.032085
835.000000 0.160187
836.000000 0.199894
837.000000 0.146476
838.000000 0.101576
839.000000 0.063417
840.000000 0.227142
841.000000 0.265577
842.000000 0.186346
843.000000 0.067472
844.000000 0.134840
845.000000 0.060768
846.000000 0.018297
847.000000 0.010682
848.000000 0.004823
849.000000 0.099736
850.000000 0.169066
851.000000 0.124436
852.000000 0.133076
853.000000 0.114261
854.000000 0.041323
855.000000 0.142354
856.000000 0.069560
857.000000 0.149930
858.000000 0.105779
859.000000 0.224578
860.000000 0.081039
861.000000 0.133410
862.000000 0.211547
863.000000 0.060620
864.000000 0.020819
865.000000 0.078498
866.000000 0.046404
867.000000 0.073726
868.000000 0.078884
869.000000 0.157402
870.000000 0.021692
871.000000 0.144835
872.000000 0.178713
873.000000 0.047962
874.000000 0.074312
875.000000 0.097100
876.000000 0.197332
877.000000 0.187394
878.000000 0.095206
879.000000 0.045918
880.000000 0.080111
881.000000 0.169898
882.000000 0.070447
883.000000 0.170574
884.000000 0.134664
885.000000 0.125202
886.000000 0.159661
887.000000 0.154817
888.000000 0.129329
889.000000 0.130046
890.000000 0.117529
891.000000 0.116271
892.000000 0.123968
893.000000 0.137817
894.000000 0.183341
895.000000 0.086935
896.000000 0.129977
897.000000 0.006855
898.000000 0.044365
899.000000 0.061854
900.000000 0.027530
901.000000 0.080933
902.000000 0.035843
903.000000 0.171245
904.000000 0.166756
905.000000 0.071442
906.000000 0.135454
907.000000 0.074036
908.000000 0.195582
909.000000 0.166736
910.000000 0.094103
911.000000 0.067470
912.000000 0.164168
913.000000 0.003920
914.000000 0.099922
915.000000 0.039537
916.000000 0.043313
917.000000 0.066724
918.000000 0.221069
919.000000 0.082744
920.000000 0.133681
921.000000 0.143286
922.000000 0.163964
923.000000 0.044476
924.000000 0.158213
925.000000 0.039163
926.000000 0.181695
927.000000 0.159260
928.000000 0.155870
929.000000 0.034120
930.000000 0.205967
931.000000 0.105503
932.000000 0.052340
933.000000 0.055409
934.000000 0.033666
935.000000 0.120185
936.000000 0.062703
937.000000 0.206413
938.000000 0.204326
939.000000 0.167648
940.000000 0.138941
941.000000 0.228468
942.000000 0.112777
943.000000 0.047616
944.000000 0.030607
945.000000 0.117241
946.000000 0.150532
947.000000 0.215063
948.000000 0.058491
949.000000 0.237389
950.000000 0.300263
951.000000 0.155521
952.000000 0.138842
953.000000 0.153115
954.000000 0.139200
955.000000 0.067560
956.000000 0.104654
957.000000 0.089999
958.000000 0.074211
959.000000 0.053868
960.000000 0.196387
961.000000 0.079206
962.000000 0.078544
963.000000 0.157559
964.000000 0.071878
965.000000 0.094805
966.000000 0.261157
967.000000 0.098561
968.000000 0.159686
969.000000 0.141772
970.000000 0.120255
971.000000 0.141208
972.000000 0.208123
973.000000 0.083985
974.000000 0.045714
975.000000 0.104773
976.000000 0.079899
977.000000 0.104711
978.000000 0.153943
979.000000 0.019348
980.000000 0.088739
981.000000 0.086674
982.000000 0.110088
983.000000 0.027401
984.000000 0.061863
985.000000 0.126503
986.000000 0.111574
987.000000 0.005581
988.000000 0.088562
989.000000 0.056613
990.000000 0.055024
991.000000 0.063134
992.000000 0.092317
993.000000 0.230030
994.000000 0.014456
995.000000 0.080057
996.000000 0.060988
997.000000 0.076297
998.000000 0.146289
999.000000 0.114404
1000.000000 0.150108
1001.000000 0.035719
1002.000000 0.109958
1003.000000 0.259803
1004.000000 0.039827
1005.000000 0.110186
1006.000000 0.116225
1007.000000 0.057861
1008.000000 0.099441
1009.000000 0.105469
1010.000000 0.154274
1011.000000 0.143222
1012.000000 0.060088
1013.000000 0.169466
1014.000000 0.075474
1015.000000 0.206256
1016.000000 0.066592
1017.000000 0.135839
1018.000000 0.154610
1019.000000 0.061656
1020.000000 0.074067
1021.000000 0.113606
1022.000000 0.248687
1023.000000 0.245930
1024.000000 0.195507
1025.000000 0.058990
1026.000000 0.273821
1027.000000 0.027118
1028.000000 0.078700
1029.000000 0.276905
1030.000000 0.158693
1031.000000 0.075741
1032.000000 0.138414
1033.000000 0.100609
1034.000000 0.245769
1035.000000 0.078405
1036.000000 0.145702
1037.000000 0.010038
1038.000000 0.084919
1039.000000 0.028241
1040.000000 0.008770
1041.000000 0.132953
1042.000000 0.176171
1043.000000 0.127180
1044.000000 0.037956
1045.000000 0.175001
1046.000000 0.115269
1047.000000 0.113994
1048.000000 0.209098
1049.000000 0.170117
1050.000000 0.157293
1051.000000 0.174325
1052.000000 0.075643
1053.000000 0.101382
1054.000000 0.107250
1055.000000 0.129915
1056.000000 0.156934
1057.000000 0.070663
1058.000000 0.096894
1059.000000 0.030312
1060.000000 0.104646
1061.000000 0.097521
1062.000000 0.118766
1063.000000 0.068223
1064.000000 0.110637
1065.000000 0.199909
1066.000000 0.173404
1067.000000 0.219538
1068.000000 0.216289
1069.000000 0.160025
1070.000000 0.212673
1071.000000 0.025002
1072.000000 0.210539
1073.000000 0.226142
1074.000000 0.206191
1075.000000 0.099016
1076.000000 0.177956
1077.000000 0.182850
1078.000000 0.183049
1079.000000 0.107951
1080.000000 0.084269
1081.000000 0.216161
1082.000000 0.077578
1083.000000 0.126965
1084.000000 0.128603
1085.000000 0.118445
1086.000000 0.076821
1087.000000 0.129766
1088.000000 0.087034
1089.000000 0.057349
1090.000000 0.056857
1091.000000 0.133051
1092.000000 0.092944
1093.000000 0.165211
1094.000000 0.014467
1095.000000 0.093016
1096.000000 0.172452
1097.000000 0.239805
1098.000000 0.115318
1099.000000 0.067135
1100.000000 0.095722
1101.000000 0.063627
1102.000000 0.036891
1103.000000 0.304141
1104.000000 0.111839
1105.000000 0.180071
1106.000000 0.118254
1107.000000 0.010585
1108.000000 0.152062
1109.000000 0.209238
1110.000000 0.204374
1111.000000 0.086254
1112.000000 0.225194
1113.000000 0.147595
1114.000000 0.111933
1115.000000 0.190784
1116.000000 0.173532
1117.000000 0.052917
1118.000000 0.161285
1119.000000 0.035892
1120.000000 0.062687
1121.000000 0.092446
1122.000000 0.225249
1123.000000 0.070654
1124.000000 0.064420
1125.000000 0.164436
1126.000000 0.130269
1127.000000 0.212740
1128.000000 0.228106
1129.000000 0.037469
1130.000000 0.091221
1131.000000 0.053307
1132.000000 0.131774
1133.000000 0.148638
1134.000000 0.124128
1135.000000 0.106547
1136.000000 0.096563
1137.000000 0.045772
1138.000000 0.112532
1139.000000 0.096524
1140.000000 0.233427
1141.000000 0.227525
1142.000000 0.176216
1143.000000 0.166771
1144.000000 0.063846
1145.000000 0.095221
1146.000000 0.104335
1147.000000 0.150986
1148.000000 0.090699
1149.000000 0.051315
1150.000000 0.226833
1151.000000 0.199607
1152.000000 0.196706
1153.000000 0.125012
1154.000000 0.128077
1155.000000 0.029481
1156.000000 0.027071
1157.000000 0.082457
1158.000000 0.077593
1159.000000 0.148804
1160.000000 0.067194
1161.000000 0.029772
1162.000000 0.158659
1163.000000 0.116967
1164.000000 0.127135
1165.000000 0.148233
1166.000000 0.105715
1167.000000 0.071162
1168.000000 0.117782
1169.000000 0.006050
1170.000000 0.128100
1171.000000 0.135224
1172.000000 0.064262
1173.000000 0.043363
1174.000000 0.130487
1175.000000 0.201126
1176.000000 0.159158
1177.000000 0.184989
1178.000000 0.120817
1179.000000 0.113204
1180.000000 0.076339
1181.000000 0.137295
1182.000000 0.082505
1183.000000 0.074722
1184.000000 0.103542
1185.000000 0.003811
1186.000000 0.137847
1187.000000 0.221032
1188.000000 0.020269
1189.000000 0.183371
1190.000000 0.113738
1191.000000 0.142235
1192.000000 0.041454
1193.000000 0.107126
1194.000000 0.179974
1195.000000 0.174846
1196.000000 0.062761
1197.000000 0.233144
1198.000000 0.099056
1199.000000 0.232497
1200.000000 0.247105
1201.000000 0.142712
1202.000000 0.106875
1203.000000 0.115570
1204.000000 0.110394
1205.000000 0.111559
1206.000000 0.048411
1207.000000 0.155420
1208.000000 0.115636
1209.000000 0.131430
1210.000000 0.147816
1211.000000 0.155492
1212.000000 0.098983
1213.000000 0.088112
1214.000000 0.007829
1215.000000 0.066628
1216.000000 0.040924
1217.000000 0.167631
1218.000000 0.068707
1219.000000 0.088977
1220.000000 0.098496
1221.000000 0.020994
1222.000000 0.208255
1223.000000 0.049579
1224.000000 0.092597
1225.000000 0.089067
1226.000000 0.039917
1227.000000 0.098429
1228.000000 0.037936
1229.000000 0.133537
1230.000000 0.154355
1231.000000 0.114893
1232.000000 0.115266
1233.000000 0.122147
1234.000000 0.039453
1235.000000 0.060012
1236.000000 0.173166
1237.000000 0.033294
1238.000000 0.023913
1239.000000 0.154229
1240.000000 0.081026
1241.000000 0.125590
1242.000000 0.109731
1243.000000 0.110519
1244.000000 0.112726
1245.000000 0.133706
1246.000000 0.076980
1247.000000 0.203756
1248.000000 0.139376
1249.000000 0.033292
1250.000000 0.270594
1251.000000 0.197243
1252.000000 0.029874
1253.000000 0.069286
1254.000000 0.130138
1255.000000 0.099100
1256.000000 0.050690
1257.000000 0.099466
1258.000000 0.098672
1259.000000 0.019008
1260.000000 0.050437
1261.000000 0.157751
1262.000000 0.083365
1263.000000 0.166403
1264.000000 0.117900
1265.000000 0.185501
1266.000000 0.099578
1267.000000 0.173613
1268.000000 0.113764
1269.000000 0.080698
1270.000000 0.158308
1271.000000 0.072639
1272.000000 0.041622
1273.000000 0.103743
1274.000000 0.003593
1275.000000 0.068859
1276.000000 0.050652
1277.000000 0.041191
1278.000000 0.085544
1279.000000 0.102330
1280.000000 0.179309
1281.000000 0.098107
1282.000000 0.204277
1283.000000 0.107590
1284.000000 0.143980
1285.000000 0.076791
1286.000000 0.065199
1287.000000 0.139808
1288.000000 0.099293
1289.000000 0.176062
1290.000000 0.215136
1291.000000 0.120890
1292.000000 0.084478
1293.000000 0.193261
1294.000000 0.073099
1295.000000 0.172554
1296.000000 0.071349
1297.000000 0.011785
1298.000000 0.114668
1299.000000 0.107071
1300.000000 0.123184
1301.000000 0.108826
1302.000000 0.173360
1303.000000 0.105283
1304.000000 0.036991
1305.000000 0.170429
1306.000000 0.229865
1307.000000 0.130335
1308.000000 0.098526
1309.000000 0.152591
1310.000000 0.120288
1311.000000 0.035044
1312.000000 0.067753
1313.000000 0.049331
1314.000000 0.097599
1315.000000 0.217447
1316.000000 0.041722
1317.000000 0.109514
1318.000000 0.091218
1319.000000 0.080229
1320.000000 0.064853
1321.000000 0.150057
1322.000000 0.170774
1323.000000 0.123144
1324.000000 0.117607
1325.000000 0.181875
1326.000000 0.178314
1327.000000 0.285646
1328.000000 0.105436
1329.000000 0.153384
1330.000000 0.200864
1331.000000 0.093104
1332.000000 0.071542
1333.000000 0.165497
1334.000000 0.039345
1335.000000 0.161228
1336.000000 0.175626
1337.000000 0.043760
1338.000000 0.195886
1339.000000 0.026369
1340.000000 0.109921
1341.000000 0.142309
1342.000000 0.076197
1343.000000 0.077074
1344.000000 0.126588
1345.000000 0.205035
1346.000000 0.052983
1347.000000 0.131147
1348.000000 0.191110
1349.000000 0.160941
1350.000000 0.038394
1351.000000 0.044034
1352.000000 0.130237
1353.000000 0.088178
1354.000000 0.074802
1355.000000 0.143528
1356.000000 0.213692
1357.000000 0.188000
1358.000000 0.066057
1359.000000 0.109906
1360.000000 0.209978
1361.000000 0.128468
1362.000000 0.291262
1363.000000 0.058647
1364.000000 0.057429
1365.000000 0.112772
1366.000000 0.234975
1367.000000 0.037992
1368.000000 0.148895
1369.000000 0.069705
1370.000000 0.089195
1371.000000 0.070944
1372.000000 0.082650
1373.000000 0.126744
1374.000000 0.164526
1375.000000 0.144026
1376.000000 0.183974
1377.000000 0.108387
1378.000000 0.146903
1379.000000 0.048274
1380.000000 0.142969
1381.000000 0.013154
1382.000000 0.142948
1383.000000 0.257242
1384.000000 0.181251
1385.000000 0.112344
1386.000000 0.219516
1387.000000 0.135877
1388.000000 0.072154
1389.000000 0.063175
1390.000000 0.159950
1391.000000 0.025129
1392.000000 0.157915
1393.000000 0.129231
1394.000000 0.066670
1395.000000 0.132872
1396.000000 0.038290
1397.000000 0.110564
1398.000000 0.051525
1399.000000 0.143458
1400.000000 0.106188
1401.000000 0.067010
1402.000000 0.218030
1403.000000 0.076865
1404.000000 0.079668
1405.000000 0.072532
1406.000000 0.081899
1407.000000 0.152847
1408.000000 0.114446
1409.000000 0.186471
1410.000000 0.382580
1411.000000 0.180253
1412.000000 0.226612
1413.000000 0.194587
1414.000000 0.151658
1415.000000 0.054973
1416.000000 0.128521
1417.000000 0.083740
1418.000000 0.046186
1419.000000 0.120985
1420.000000 0.109944
1421.000000 0.051358
1422.000000 0.185032
1423.000000 0.131129
1424.000000 0.149317
1425.000000 0.019660
1426.000000 0.181229
1427.000000 0.081500
1428.000000 0.114009
1429.000000 0.144422
1430.000000 0.131460
1431.000000 0.141473
1432.000000 0.094764
1433.000000 0.204739
1434.000000 0.084091
1435.000000 0.121577
1436.000000 0.060966
1437.000000 0.103383
1438.000000 0.148612
1439.000000 0.075603
1440.000000 0.106054
1441.000000 0.274470
1442.000000 0.076667
1443.000000 0.195805
1444.000000 0.159551
1445.000000 0.156978
1446.000000 0.126599
1447.000000 0.138527
1448.000000 0.150460
1449.000000 0.206851
1450.000000 0.085136
1451.000000 0.083399
1452.000000 0.090653
1453.000000 0.142491
1454.000000 0.181702
1455.000000 0.049895
1456.000000 0.148464
1457.000000 0.095915
1458.000000 0.158289
1459.000000 0.058170
1460.000000 0.122984
1461.000000 0.052237
1462.000000 0.160272
1463.000000 0.032499
1464.000000 0.046502
1465.000000 0.105703
1466.000000 0.156504
1467.000000 0.275147
1468.000000 0.133626
1469.000000 0.189306
1470.000000 0.099755
1471.000000 0.093094
1472.000000 0.186738
1473.000000 0.039011
1474.000000 0.111868
1475.000000 0.145865
1476.000000 0.098318
1477.000000 0.123625
1478.000000 0.177959
1479.000000 0.097808
1480.000000 0.100185
1481.000000 0.161210
1482.000000 0.057222
1483.000000 0.046267
1484.000000 0.251891
1485.000000 0.147812
1486.000000 0.136606
1487.000000 0.208253
1488.000000 0.216668
1489.000000 0.142764
1490.000000 0.127898
1491.000000 0.193565
1492.000000 0.035121
1493.000000 0.149880
1494.000000 0.131354
1495.000000 0.123479
1496.000000 0.245465
1497.000000 0.077129
1498.000000 0.189473
1499.000000 0.130812
1500.000000 0.153361
1501.000000 0.105678
1502.000000 0.115522
1503.000000 0.055567
1504.000000 0.074136
1505.000000 0.171178
1506.000000 0.063765
1507.000000 0.160790
1508.000000 0.227340
1509.000000 0.112110
1510.000000 0.079174
1511.000000 0.130291
1512.000000 0.157709
1513.000000 0.192161
1514.000000 0.130778
1515.000000 0.068827
1516.000000 0.032601
1517.000000 0.205133
1518.000000 0.137704
1519.000000 0.072768
1520.000000 0.178780
1521.000000 0.098936
1522.000000 0.186553
1523.000000 0.081066
1524.000000 0.107326
1525.000000 0.145440
1526.000000 0.157372
1527.000000 0.106417
1528.000000 0.117175
1529.000000 0.075079
1530.000000 0.108606
1531.000000 0.189127
1532.000000 0.138005
1533.000000 0.137556
1534.000000 0.052261
1535.000000 0.041981
1536.000000 0.218284
1537.000000 0.141341
1538.000000 0.121352
1539.000000 0.069808
1540.000000 0.055045
1541.000000 0.114409
1542.000000 0.096881
1543.000000 0.113384
1544.000000 0.093587
1545.000000 0.187121
1546.000000 0.066244
1547.000000 0.107470
1548.000000 0.173285
1549.000000 0.041456
1550.000000 0.108586
1551.000000 0.121937
1552.000000 0.025314
1553.000000 0.169601
1554.000000 0.244303
1555.000000 0.223140
1556.000000 0.087034
1557.000000 0.117924
1558.000000 0.195116
1559.000000 0.182169
1560.000000 0.167442
1561.000000 0.137885
1562.000000 0.130514
1563.000000 0.160699
1564.000000 0.049597
1565.000000 0.199481
1566.000000 0.245298
1567.000000 0.112432
1568.000000 0.186877
1569.000000 0.143190
1570.000000 0.129974
1571.000000 0.095979
1572.000000 0.150847
1573.000000 0.202426
1574.000000 0.251048
1575.000000 0.216842
1576.000000 0.091007
1577.000000 0.115062
1578.000000 0.165533
1579.000000 0.159957
1580.000000 0.082433
1581.000000 0.075897
1582.000000 0.061581
1583.000000 0.186296
1584.000000 0.160173
1585.000000 0.146097
1586.000000 0.042359
1587.000000 0.157163
1588.000000 0.131712
1589.000000 0.175611
1590.000000 0.071103
1591.000000 0.106261
1592.000000 0.053659
1593.000000 0.160682
1594.000000 0.174700
1595.000000 0.027515
1596.000000 0.069529
1597.000000 0.056057
1598.000000 0.129454
1599.000000 0.112766
1600.000000 0.120017
1601.000000 0.019260
1602.000000 0.095479
1603.000000 0.213457
1604.000000 0.077466
1605.000000 0.091028
1606.000000 0.055554
1607.000000 0.025964
1608.000000 0.077097
1609.000000 0.171950
1610.000000 0.268765
1611.000000 0.156943
1612.000000 0.169750
1613.000000 0.182248
1614.000000 0.154346
1615.000000 0.065221
1616.000000 0.098542
1617.000000 0.137158
1618.000000 0.157031
1619.000000 0.304934
1620.000000 0.081796
1621.000000 0.131648
1622.000000 0.109009
1623.000000 0.076689
1624.000000 0.207249
1625.000000 0.123208
1626.000000 0.107632
1627.000000 0.078569
1628.000000 0.138219
1629.000000 0.178776
1630.000000 0.120893
1631.000000 0.110134
1632.000000 0.115462
1633.000000 0.251361
1634.000000 0.268712
1635.000000 0.084412
1636.000000 0.106114
1637.000000 0.039936
1638.000000 0.102783
1639.000000 0.153167
1640.000000 0.065714
1641.000000 0.144907
1642.000000 0.074477
1643.000000 0.055899
1644.000000 0.044985
1645.000000 0.116223
1646.000000 0.112788
1647.000000 0.078012
1648.000000 0.177600
1649.000000 0.054303
1650.000000 0.058942
1651.000000 0.125633
1652.000000 0.145945
1653.000000 0.081942
1654.000000 0.245818
1655.000000 0.216128
1656.000000 0.135813
1657.000000 0.062884
1658.000000 0.233880
1659.000000 0.101782
1660.000000 0.204825
1661.000000 0.120410
1662.000000 0.056570
1663.000000 0.128219
1664.000000 0.093519
1665.000000 0.069209
1666.000000 0.129497
1667.000000 0.154773
1668.000000 0.007244
1669.000000 0.126660
1670.000000 0.123732
1671.000000 0.093951
1672.000000 0.071860
1673.000000 0.120363
1674.000000 0.030222
1675.000000 0.150988
1676.000000 0.185637
1677.000000 0.089992
1678.000000 0.190451
1679.000000 0.111858
1680.000000 0.197441
1681.000000 0.078778
1682.000000 0.110706
1683.000000 0.183500
1684.000000 0.066606
1685.000000 0.119565
1686.000000 0.234865
1687.000000 0.140485
1688.000000 0.134267
1689.000000 0.095912
1690.000000 0.108120
1691.000000 0.094596
1692.000000 0.132357
1693.000000 0.219219
1694.000000 0.127709
1695.000000 0.031736
1696.000000 0.076361
1697.000000 0.148165
1698.000000 0.217550
1699.000000 0.144275
1700.000000 0.113018
1701.000000 0.081487
1702.000000 0.142360
1703.000000 0.105791
1704.000000 0.131802
1705.000000 0.163965
1706.000000 0.098460
1707.000000 0.086871
1708.000000 0.185591
1709.000000 0.100263
1710.000000 0.076119
1711.000000 0.092736
1712.000000 0.187221
1713.000000 0.203301
1714.000000 0.138741
1715.000000 0.076159
1716.000000 0.039621
1717.000000 0.212370
1718.000000 0.084948
1719.000000 0.073200
1720.000000 0.126583
1721.000000 0.127434
1722.000000 0.105482
1723.000000 0.059940
1724.000000 0.164905
1725.000000 0.190534
1726.000000 0.112037
1727.000000 0.026599
1728.000000 0.112055
1729.000000 0.114569
1730.000000 0.176120
1731.000000 0.158141
1732.000000 0.025850
1733.000000 0.117387
1734.000000 0.132234
1735.000000 0.032221
1736.000000 0.183312
1737.000000 0.089635
1738.000000 0.154800
1739.000000 0.042386
1740.000000 0.108217
1741.000000 0.201443
1742.000000 0.048090
1743.000000 0.051877
1744.000000 0.170776
1745.000000 0.040009
1746.000000 0.068958
1747.000000 0.106569
1748.000000 0.107558
1749.000000 0.120545
1750.000000 0.065180
1751.000000 0.095896
1752.000000 0.056441
1753.000000 0.107728
1754.000000 0.110665
1755.000000 0.085635
1756.000000 0.042964
1757.000000 0.047441
1758.000000 0.125703
1759.000000 0.012531
1760.000000 0.121976
1761.000000 0.119256
1762.000000 0.076210
1763.000000 0.121621
1764.000000 0.143736
1765.000000 0.165635
1766.000000 0.171091
1767.000000 0.131948
1768.000000 0.075804
1769.000000 0.202677
1770.000000 0.112016
1771.000000 0.044844
1772.000000 0.076131
1773.000000 0.108830
1774.000000 0.007475
1775.000000 0.080047
1776.000000 0.037406
1777.000000 0.060791
1778.000000 0.147279
1779.000000 0.094110
1780.000000 0.104673
1781.000000 0.027695
1782.000000 0.143677
1783.000000 0.126665
1784.000000 0.098119
1785.000000 0.210637
1786.000000 0.127985
1787.000000 0.160463
1788.000000 0.040379
1789.000000 0.089066
1790.000000 0.182564
1791.000000 0.145472
1792.000000 0.116239
1793.000000 0.126610
1794.000000 0.069280
1795.000000 0.139847
1796.000000 0.189223
1797.000000 0.075792
1798.000000 0.169734
1799.000000 0.089130
1800.000000 0.084510
1801.000000 0.090519
1802.000000 0.122642
1803.000000 0.053967
1804.000000 0.127201
1805.000000 0.157661
1806.000000 0.099752
1807.000000 0.083325
1808.000000 0.222752
1809.000000 0.129114
1810.000000 0.114308
1811.000000 0.086312
1812.000000 0.102521
1813.000000 0.230620
1814.000000 0.050224
1815.000000 0.115465
1816.000000 0.079673
1817.000000 0.208471
1818.000000 0.200146
1819.000000 0.077301
1820.000000 0.074180
1821.000000 0.125332
1822.000000 0.102384
1823.000000 0.064710
1824.000000 0.094041
1825.000000 0.020115
1826.000000 0.139837
1827.000000 0.091176
1828.000000 0.108217
1829.000000 0.036200
1830.000000 0.034886
1831.000000 0.085554
1832.000000 0.135567
1833.000000 0.213998
1834.000000 0.089015
1835.000000 0.167760
1836.000000 0.151004
1837.000000 0.090376
1838.000000 0.049046
1839.000000 0.115604
1840.000000 0.022821
1841.000000 0.119832
1842.000000 0.121746
1843.000000 0.110400
1844.000000 0.139900
1845.000000 0.161150
1846.000000 0.110367
1847.000000 0.139138
1848.000000 0.090073
1849.000000 0.121778
1850.000000 0.073476
1851.000000 0.100936
1852.000000 0.098791
1853.000000 0.099321
1854.000000 0.134444
1855.000000 0.106589
1856.000000 0.125924
1857.000000 0.215133
1858.000000 0.107693
1859.000000 0.112006
1860.000000 0.066453
1861.000000 0.097609
1862.000000 0.049568
1863.000000 0.110514
1864.000000 0.008707
1865.000000 0.039373
1866.000000 0.021076
1867.000000 0.022434
1868.000000 0.056507
1869.000000 0.081009
1870.000000 0.158231
1871.000000 0.193547
1872.000000 0.286443
1873.000000 0.088030
1874.000000 0.143373
1875.000000 0.084610
1876.000000 0.142345
1877.000000 0.121043
1878.000000 0.077805
1879.000000 0.165773
1880.000000 0.356590
1881.000000 0.181376
1882.000000 0.045327
1883.000000 0.139878
1884.000000 0.206661
1885.000000 0.083188
1886.000000 0.080989
1887.000000 0.048119
1888.000000 0.147136
1889.000000 0.073572
1890.000000 0.091396
1891.000000 0.110521
1892.000000 0.062088
1893.000000 0.136374
1894.000000 0.110080
1895.000000 0.203743
1896.000000 0.038193
1897.000000 0.118146
1898.000000 0.169511
1899.000000 0.225863
1900.000000 0.164200
1901.000000 0.020395
1902.000000 0.139612
1903.000000 0.117696
1904.000000 0.091625
1905.000000 0.030371
1906.000000 0.120820
1907.000000 0.158980
1908.000000 0.089233
1909.000000 0.092099
1910.000000 0.093370
1911.000000 0.304123
1912.000000 0.169641
1913.000000 0.225039
1914.000000 0.123227
1915.000000 0.110020
1916.000000 0.038845
1917.000000 0.215857
1918.000000 0.033830
1919.000000 0.058041
1920.000000 0.173674
1921.000000 0.138503
1922.000000 0.170148
1923.000000 0.211997
1924.000000 0.023105
1925.000000 0.082108
1926.000000 0.110330
1927.000000 0.251340
1928.000000 0.120589
1929.000000 0.112866
1930.000000 0.161414
1931.000000 0.016994
1932.000000 0.037500
1933.000000 0.139503
1934.000000 0.146730
1935.000000 0.081375
1936.000000 0.023898
1937.000000 0.077781
1938.000000 0.094487
1939.000000 0.063328
1940.000000 0.059210
1941.000000 0.153238
1942.000000 0.035919
1943.000000 0.152134
1944.000000 0.157460
1945.000000 0.052797
1946.000000 0.152173
1947.000000 0.166690
1948.000000 0.034493
1949.000000 0.084769
1950.000000 0.053902
1951.000000 0.239319
1952.000000 0.147472
1953.000000 0.148939
1954.000000 0.134617
1955.000000 0.123740
1956.000000 0.190823
1957.000000 0.141144
1958.000000 0.323319
1959.000000 0.130916
1960.000000 0.241057
1961.000000 0.336040
1962.000000 0.143795
1963.000000 0.196289
1964.000000 0.189398
1965.000000 0.157393
1966.000000 0.056206
1967.000000 0.140462
1968.000000 0.128891
1969.000000 0.157312
1970.000000 0.038383
1971.000000 0.191207
1972.000000 0.149824
1973.000000 0.114194
1974.000000 0.196895
1975.000000 0.088654
1976.000000 0.071917
1977.000000 0.112426
1978.000000 0.232689
1979.000000 0.199415
1980.000000 0.086704
1981.000000 0.137323
1982.000000 0.139914
1983.000000 0.124777
1984.000000 0.101180
1985.000000 0.127126
1986.000000 0.126737
1987.000000 0.095641
1988.000000 0.048834
1989.000000 0.087291
1990.000000 0.246296
1991.000000 0.084132
1992.000000 0.110946
1993.000000 0.072989
1994.000000 0.159820
1995.000000 0.168846
1996.000000 0.038390
1997.000000 0.065750
1998.000000 0.073105
1999.000000 0.156896
2000.000000 0.141362
2001.000000 0.052373
2002.000000 0.096652
2003.000000 0.113964
2004.000000 0.131207
2005.000000 0.127202
2006.000000 0.030955
2007.000000 0.196346
2008.000000 0.100110
2009.000000 0.204262
2010.000000 0.101929
2011.000000 0.014264
2012.000000 0.173006
2013.000000 0.115675
2014.000000 0.052236
2015.000000 0.220801
2016.000000 0.111557
2017.000000 0.118761
2018.000000 0.090757
2019.000000 0.150304
2020.000000 0.091828
2021.000000 0.134329
2022.000000 0.087149
2023.000000 0.226368
2024.000000 0.174566
2025.000000 0.109707
2026.000000 0.195643
2027.000000 0.194434
2028.000000 0.042366
2029.000000 0.052173
2030.000000 0.025874
2031.000000 0.138775
2032.000000 0.171541
2033.000000 0.065434
2034.000000 0.218333
2035.000000 0.159990
2036.000000 0.127041
2037.000000 0.069537
2038.000000 0.030983
2039.000000 0.115891
2040.000000 0.071932
2041.000000 0.041487
2042.000000 0.144302
2043.000000 0.141936
2044.000000 0.145139
2045.000000 0.189802
2046.000000 0.148409
2047.000000 0.187679
2048.000000 0.083117
2049.000000 0.058645
2050.000000 0.204396
2051.000000 0.137448
2052.000000 0.097196
2053.000000 0.039041
2054.000000 0.066102
2055.000000 0.063547
2056.000000 0.053014
2057.000000 0.111691
2058.000000 0.054250
2059.000000 0.092345
2060.000000 0.183393
2061.000000 0.074570
2062.000000 0.135529
2063.000000 0.086216
2064.000000 0.015047
2065.000000 0.175679
2066.000000 0.090254
2067.000000 0.023676
2068.000000 0.079538
2069.000000 0.102354
2070.000000 0.156518
2071.000000 0.189719
2072.000000 0.030304
2073.000000 0.083636
2074.000000 0.077446
2075.000000 0.145546
2076.000000 0.277178
2077.000000 0.060656
2078.000000 0.148021
2079.000000 0.051774
2080.000000 0.168095
2081.000000 0.147248
2082.000000 0.156544
2083.000000 0.136757
2084.000000 0.136743
2085.000000 0.144194
2086.000000 0.194998
2087.000000 0.141683
2088.000000 0.108005
2089.000000 0.146417
2090.000000 0.211594
2091.000000 0.028533
2092.000000 0.186356
2093.000000 0.130097
2094.000000 0.110509
2095.000000 0.051964
2096.000000 0.108366
2097.000000 0.218251
2098.000000 0.102940
2099.000000 0.120744
2100.000000 0.176844
2101.000000 0.174072
2102.000000 0.274994
2103.000000 0.164353
2104.000000 0.128328
2105.000000 0.180386
2106.000000 0.072664
2107.000000 0.085946
2108.000000 0.011253
2109.000000 0.181036
2110.000000 0.065029
2111.000000 0.237345
2112.000000 0.222122
2113.000000 0.191092
2114.000000 0.038009
2115.000000 0.075157
2116.000000 0.246495
2117.000000 0.069368
2118.000000 0.084266
2119.000000 0.076774
2120.000000 0.078692
2121.000000 0.182248
2122.000000 0.019265
2123.000000 0.076569
2124.000000 0.087831
2125.000000 0.045686
2126.000000 0.150707
2127.000000 0.057777
2128.000000 0.161032
2129.000000 0.180599
2130.000000 0.029551
2131.000000 0.095545
2132.000000 0.043589
2133.000000 0.114606
2134.000000 0.122656
2135.000000 0.040554
2136.000000 0.062965
2137.000000 0.141319
2138.000000 0.149277
2139.000000 0.058468
2140.000000 0.140409
2141.000000 0.099776
2142.000000 0.165691
2143.000000 0.147947
2144.000000 0.078523
2145.000000 0.171794
2146.000000 0.163566
2147.000000 0.128416
2148.000000 0.099583
2149.000000 0.038752
2150.000000 0.220246
2151.000000 0.110651
2152.000000 0.140542
2153.000000 0.033878
2154.000000 0.079199
2155.000000 0.128901
2156.000000 0.186485
2157.000000 0.135478
2158.000000 0.085766
2159.000000 0.043043
2160.000000 0.115361
2161.000000 0.050742
2162.000000 0.031902
2163.000000 0.110648
2164.000000 0.149750
2165.000000 0.073326
2166.000000 0.130655
2167.000000 0.275055
2168.000000 0.139651
2169.000000 0.114837
2170.000000 0.040579
2171.000000 0.013764
2172.000000 0.126850
2173.000000 0.100430
2174.000000 0.018645
2175.000000 0.127573
2176.000000 0.163496
2177.000000 0.173571
2178.000000 0.135284
2179.000000 0.123000
2180.000000 0.119520
2181.000000 0.084634
2182.000000 0.028209
2183.000000 0.087957
2184.000000 0.110568
2185.000000 0.073162
2186.000000 0.120309
2187.000000 0.026295
2188.000000 0.173997
2189.000000 0.075198
2190.000000 0.301822
2191.000000 0.067334
2192.000000 0.092102
2193.000000 0.293315
2194.000000 0.123360
2195.000000 0.033691
2196.000000 0.039098
2197.000000 0.096030
2198.000000 0.082885
2199.000000 0.024747
2200.000000 0.144217
2201.000000 0.054979
2202.000000 0.042528
2203.000000 0.128640
2204.000000 0.179577
2205.000000 0.086555
2206.000000 0.105759
2207.000000 0.239076
2208.000000 0.063101
2209.000000 0.130301
2210.000000 0.041493
2211.000000 0.251243
2212.000000 0.121981
2213.000000 0.097708
2214.000000 0.054951
2215.000000 0.145206
2216.000000 0.150097
2217.000000 0.121188
2218.000000 0.163114
2219.000000 0.125260
2220.000000 0.069211
2221.000000 0.165973
2222.000000 0.123142
2223.000000 0.122035
2224.000000 0.221326
2225.000000 0.023723
2226.000000 0.115689
2227.000000 0.175350
2228.000000 0.034035
2229.000000 0.182385
2230.000000 0.134263
2231.000000 0.076633
2232.000000 0.096520
2233.000000 0.048179
2234.000000 0.153013
2235.000000 0.193374
2236.000000 0.109875
2237.000000 0.123482
2238.000000 0.205463
2239.000000 0.022481
2240.000000 0.058725
2241.000000 0.029859
2242.000000 0.065291
2243.000000 0.092403
2244.000000 0.086740
2245.000000 0.192319
2246.000000 0.158325
2247.000000 0.045785
2248.000000 0.094962
2249.000000 0.164239
2250.000000 0.066122
2251.000000 0.149480
2252.000000 0.086727
2253.000000 0.205161
2254.000000 0.061125
2255.000000 0.178970
2256.000000 0.144410
2257.000000 0.158269
2258.000000 0.145504
2259.000000 0.026019
2260.000000 0.270606
2261.000000 0.114564
2262.000000 0.049291
2263.000000 0.201296
2264.000000 0.114858
2265.000000 0.040445
2266.000000 0.268066
2267.000000 0.201833
2268.000000 0.123519
2269.000000 0.148116
2270.000000 0.120325
2271.000000 0.124384
2272.000000 0.246843
2273.000000 0.163575
2274.000000 0.077704
2275.000000 0.133130
2276.000000 0.131179
2277.000000 0.121798
2278.000000 0.114101
2279.000000 0.126567
2280.000000 0.305146
2281.000000 0.131940
2282.000000 0.139055
2283.000000 0.130177
2284.000000 0.075669
2285.000000 0.315159
2286.000000 0.117307
2287.000000 0.095622
2288.000000 0.125680
2289.000000 0.068107
2290.000000 0.111585
2291.000000 0.201024
2292.000000 0.195535
2293.000000 0.066525
2294.000000 0.072898
2295.000000 0.156786
2296.000000 0.133653
2297.000000 0.191070
2298.000000 0.087810
2299.000000 0.133889
2300.000000 0.057457
2301.000000 0.098453
2302.000000 0.119134
2303.000000 0.223494
2304.000000 0.214344
2305.000000 0.062207
2306.000000 0.081481
2307.000000 0.116511
2308.000000 0.057698
2309.000000 0.178723
2310.000000 0.016780
2311.000000 0.182497
2312.000000 0.081009
2313.000000 0.204924
2314.000000 0.088309
2315.000000 0.040040
2316.000000 0.111781
2317.000000 0.081033
2318.000000 0.055264
2319.000000 0.111449
2320.000000 0.108618
2321.000000 0.268427
2322.000000 0.075184
2323.000000 0.072880
2324.000000 0.074186
2325.000000 0.064668
2326.000000 0.050493
2327.000000 0.105763
2328.000000 0.067629
2329.000000 0.076086
2330.000000 0.225350
2331.000000 0.046532
2332.000000 0.158285
2333.000000 0.064486
2334.000000 0.118254
2335.000000 0.067375
2336.000000 0.097148
2337.000000 0.080320
2338.000000 0.132126
2339.000000 0.039611
2340.000000 0.225299
2341.000000 0.073679
2342.000000 0.118850
2343.000000 0.234933
2344.000000 0.242067
2345.000000 0.094970
2346.000000 0.072232
2347.000000 0.046034
2348.000000 0.058023
2349.000000 0.095697
2350.000000 0.109910
2351.000000 0.148700
2352.000000 0.071342
2353.000000 0.056915
2354.000000 0.017033
2355.000000 0.021680
2356.000000 0.063215
2357.000000 0.031544
2358.000000 0.114016
2359.000000 0.115297
2360.000000 0.063261
2361.000000 0.071710
2362.000000 0.028680
2363.000000 0.132486
2364.000000 0.061063
2365.000000 0.020740
2366.000000 0.053599
2367.000000 0.102564
2368.000000 0.179519
2369.000000 0.139394
2370.000000 0.114291
2371.000000 0.151937
2372.000000 0.166644
2373.000000 0.018977
2374.000000 0.126552
2375.000000 0.149019
2376.000000 0.154817
2377.000000 0.159141
2378.000000 0.230491
2379.000000 0.130859
2380.000000 0.061095
2381.000000 0.188645
2382.000000 0.209808
2383.000000 0.134332
2384.000000 0.056940
2385.000000 0.023055
2386.000000 0.098275
2387.000000 0.186852
2388.000000 0.047803
2389.000000 0.174244
2390.000000 0.062471
2391.000000 0.024927
2392.000000 0.170053
2393.000000 0.094260
2394.000000 0.084137
2395.000000 0.052057
2396.000000 0.213603
2397.000000 0.121925
2398.000000 0.128604
2399.000000 0.103488
2400.000000 0.115255
2401.000000 0.195012
2402.000000 0.111568
2403.000000 0.194501
2404.000000 0.104187
2405.000000 0.068914
2406.000000 0.129301
2407.000000 0.137192
2408.000000 0.069853
2409.000000 0.188745
2410.000000 0.262484
2411.000000 0.152257
2412.000000 0.080910
2413.000000 0.079268
2414.000000 0.119183
2415.000000 0.198826
2416.000000 0.043701
2417.000000 0.124374
2418.000000 0.022259
2419.000000 0.065556
2420.000000 0.049669
2421.000000 0.107364
2422.000000 0.025909
2423.000000 0.034162
2424.000000 0.095327
2425.000000 0.185516
2426.000000 0.197143
2427.000000 0.058203
2428.000000 0.057012
2429.000000 0.167658
2430.000000 0.108094
2431.000000 0.065013
2432.000000 0.164121
2433.000000 0.108355
2434.000000 0.129667
2435.000000 0.104735
2436.000000 0.151034
2437.000000 0.269147
2438.000000 0.075441
2439.000000 0.146456
2440.000000 0.209377
2441.000000 0.188249
2442.000000 0.164913
2443.000000 0.045221
2444.000000 0.178231
2445.000000 0.117831
2446.000000 0.113749
2447.000000 0.162711
2448.000000 0.194551
2449.000000 0.095767
2450.000000 0.057316
2451.000000 0.115123
2452.000000 0.047563
2453.000000 0.112715
2454.000000 0.112664
2455.000000 0.130476
2456.000000 0.080854
2457.000000 0.157730
2458.000000 0.075233
2459.000000 0.037901
2460.000000 0.063406
2461.000000 0.328974
2462.000000 0.091210
2463.000000 0.093064
2464.000000 0.030151
2465.000000 0.117015
2466.000000 0.087377
2467.000000 0.117778
2468.000000 0.058839
2469.000000 0.247689
2470.000000 0.045836
2471.000000 0.057972
2472.000000 0.194200
2473.000000 0.150395
2474.000000 0.110154
2475.000000 0.067198
2476.000000 0.095082
2477.000000 0.020393
2478.000000 0.123183
2479.000000 0.158078
2480.000000 0.154525
2481.000000 0.141478
2482.000000 0.141199
2483.000000 0.230931
2484.000000 0.153343
2485.000000 0.196834
2486.000000 0.096808
2487.000000 0.131501
2488.000000 0.098921
2489.000000 0.240068
2490.000000 0.159421
2491.000000 0.122421
2492.000000 0.082780
2493.000000 0.062096
2494.000000 0.158462
2495.000000 0.050383
2496.000000 0.109030
2497.000000 0.134572
2498.000000 0.097978
2499.000000 0.132494
2500.000000 0.098033
2501.000000 0.205009
2502.000000 0.044192
2503.000000 0.023833
2504.000000 0.117562
2505.000000 0.312589
2506.000000 0.060292
2507.000000 0.141638
2508.000000 0.140122
2509.000000 0.112325
2510.000000 0.125800
2511.000000 0.058451
2512.000000 0.152877
2513.000000 0.060867
2514.000000 0.205786
2515.000000 0.073851
2516.000000 0.077979
2517.000000 0.248445
2518.000000 0.122495
2519.000000 0.192930
2520.000000 0.038346
2521.000000 0.056732
2522.000000 0.053679
2523.000000 0.069447
2524.000000 0.040097
2525.000000 0.109506
2526.000000 0.197906
2527.000000 0.096784
2528.000000 0.067161
2529.000000 0.201875
2530.000000 0.116350
2531.000000 0.052233
2532.000000 0.039713
2533.000000 0.087937
2534.000000 0.170086
2535.000000 0.029911
2536.000000 0.187902
2537.000000 0.089054
2538.000000 0.090420
2539.000000 0.043190
2540.000000 0.058997
2541.000000 0.178263
2542.000000 0.175720
2543.000000 0.196970
2544.000000 0.213892
2545.000000 0.103979
2546.000000 0.164650
2547.000000 0.050298
2548.000000 0.178839
2549.000000 0.045649
2550.000000 0.088213
2551.000000 0.142666
2552.000000 0.091576
2553.000000 0.088840
2554.000000 0.125582
2555.000000 0.137765
2556.000000 0.132715
2557.000000 0.070514
2558.000000 0.138075
2559.000000 0.123758
2560.000000 0.025422
2561.000000 0.180470
2562.000000 0.131946
2563.000000 0.140873
2564.000000 0.140449
2565.000000 0.113322
2566.000000 0.075672
2567.000000 0.089340
2568.000000 0.077784
2569.000000 0.128730
2570.000000 0.170385
2571.000000 0.136925
2572.000000 0.292196
2573.000000 0.191092
2574.000000 0.106879
2575.000000 0.224661
2576.000000 0.057920
2577.000000 0.151164
2578.000000 0.112945
2579.000000 0.172229
2580.000000 0.034561
2581.000000 0.175700
2582.000000 0.260147
2583.000000 0.179008
2584.000000 0.125236
2585.000000 0.115585
2586.000000 0.094312
2587.000000 0.011096
2588.000000 0.116881
2589.000000 0.116568
2590.000000 0.093401
2591.000000 0.028742
2592.000000 0.066441
2593.000000 0.226800
2594.000000 0.109354
2595.000000 0.117965
2596.000000 0.118882
2597.000000 0.309243
2598.000000 0.075271
2599.000000 0.085016
2600.000000 0.146577
2601.000000 0.217910
2602.000000 0.132773
2603.000000 0.071065
2604.000000 0.118706
2605.000000 0.045389
2606.000000 0.137874
2607.000000 0.086565
2608.000000 0.100691
2609.000000 0.172151
2610.000000 0.103984
2611.000000 0.288826
2612.000000 0.119579
2613.000000 0.087695
2614.000000 0.120102
2615.000000 0.174300
2616.000000 0.195214
2617.000000 0.127977
2618.000000 0.206805
2619.000000 0.082774
2620.000000 0.124515
2621.000000 0.259848
2622.000000 0.144846
2623.000000 0.097278
2624.000000 0.118428
2625.000000 0.088109
2626.000000 0.160824
2627.000000 0.167310
2628.000000 0.224929
2629.000000 0.015363
2630.000000 0.128575
2631.000000 0.186864
2632.000000 0.195932
2633.000000 0.102111
2634.000000 0.135464
2635.000000 0.116466
2636.000000 0.160558
2637.000000 0.147188
2638.000000 0.153262
2639.000000 0.183036
2640.000000 0.229988
2641.000000 0.222009
2642.000000 0.048194
2643.000000 0.129931
2644.000000 0.045877
2645.000000 0.139039
2646.000000 0.151987
2647.000000 0.159221
2648.000000 0.143699
2649.000000 0.127885
2650.000000 0.126879
2651.000000 0.249952
2652.000000 0.102085
2653.000000 0.077442
2654.000000 0.085513
2655.000000 0.148416
2656.000000 0.145669
2657.000000 0.127112
2658.000000 0.109884
2659.000000 0.037945
2660.000000 0.073675
2661.000000 0.095981
2662.000000 0.184956
2663.000000 0.121729
2664.000000 0.196868
2665.000000 0.105452
2666.000000 0.070768
2667.000000 0.101787
2668.000000 0.169528
2669.000000 0.235168
2670.000000 0.174044
2671.000000 0.065320
2672.000000 0.026303
2673.000000 0.135674
2674.000000 0.068693
2675.000000 0.034543
2676.000000 0.126448
2677.000000 0.129750
2678.000000 0.069613
2679.000000 0.105588
2680.000000 0.037668
2681.000000 0.141366
2682.000000 0.083733
2683.000000 0.250263
2684.000000 0.103985
2685.000000 0.092663
2686.000000 0.051552
2687.000000 0.019918
2688.000000 0.212443
2689.000000 0.040484
2690.000000 0.144282
2691.000000 0.096314
2692.000000 0.116988
2693.000000 0.154520
2694.000000 0.097628
2695.000000 0.136091
2696.000000 0.153074
2697.000000 0.184143
2698.000000 0.123156
2699.000000 0.091692
2700.000000 0.048343
2701.000000 0.113081
2702.000000 0.198722
2703.000000 0.221233
2704.000000 0.063008
2705.000000 0.143073
2706.000000 0.097696
2707.000000 0.008517
2708.000000 0.134776
2709.000000 0.116028
2710.000000 0.173393
2711.000000 0.072514
2712.000000 0.066263
2713.000000 0.068067
2714.000000 0.169422
2715.000000 0.135832
2716.000000 0.116667
2717.000000 0.144766
2718.000000 0.051702
2719.000000 0.076077
2720.000000 0.055463
2721.000000 0.061371
2722.000000 0.075507
2723.000000 0.208116
2724.000000 0.083312
2725.000000 0.232858
2726.000000 0.040285
2727.000000 0.042385
2728.000000 0.024254
2729.000000 0.097546
2730.000000 0.174126
2731.000000 0.036766
2732.000000 0.191806
2733.000000 0.103141
2734.000000 0.139852
2735.000000 0.138217
2736.000000 0.140774
2737.000000 0.201144
2738.000000 0.149503
2739.000000 0.057223
2740.000000 0.176541
2741.000000 0.125798
2742.000000 0.143364
2743.000000 0.219820
2744.000000 0.092847
2745.000000 0.109358
2746.000000 0.055708
2747.000000 0.040458
2748.000000 0.197764
2749.000000 0.148969
2750.000000 0.120354
2751.000000 0.058647
2752.000000 0.050039
2753.000000 0.058190
2754.000000 0.154795
2755.000000 0.103641
2756.000000 0.063219
2757.000000 0.190663
2758.000000 0.216813
2759.000000 0.202043
2760.000000 0.201422
2761.000000 0.197451
2762.000000 0.158135
2763.000000 0.012271
2764.000000 0.241065
2765.000000 0.079232
2766.000000 0.074627
2767.000000 0.080231
2768.000000 0.132997
2769.000000 0.018483
2770.000000 0.161607
2771.000000 0.136844
2772.000000 0.129291
2773.000000 0.159262
2774.000000 0.206293
2775.000000 0.198963
2776.000000 0.146868
2777.000000 0.123228
2778.000000 0.228038
2779.000000 0.064514
2780.000000 0.125761
2781.000000 0.312474
2782.000000 0.180003
2783.000000 0.098607
2784.000000 0.122946
2785.000000 0.043262
2786.000000 0.184580
2787.000000 0.194847
2788.000000 0.095785
2789.000000 0.150913
2790.000000 0.136749
2791.000000 0.144160
2792.000000 0.174343
2793.000000 0.070287
2794.000000 0.183803
2795.000000 0.083155
2796.000000 0.146905
2797.000000 0.100110
2798.000000 0.126578
2799.000000 0.134550
2800.000000 0.209591
2801.000000 0.096337
2802.000000 0.165693
2803.000000 0.064258
2804.000000 0.201158
2805.000000 0.132565
2806.000000 0.149347
2807.000000 0.186092
2808.000000 0.036208
2809.000000 0.172985
2810.000000 0.109902
2811.000000 0.133848
2812.000000 0.140380
2813.000000 0.291115
2814.000000 0.112570
2815.000000 0.129703
2816.000000 0.087790
2817.000000 0.098116
2818.000000 0.077432
2819.000000 0.153307
2820.000000 0.084091
2821.000000 0.070096
2822.000000 0.111282
2823.000000 0.078430
2824.000000 0.055705
2825.000000 0.036849
2826.000000 0.135882
2827.000000 0.076650
2828.000000 0.101682
2829.000000 0.179861
2830.000000 0.083813
2831.000000 0.110240
2832.000000 0.262049
2833.000000 0.047618
2834.000000 0.046727
2835.000000 0.073977
2836.000000 0.195211
2837.000000 0.121290
2838.000000 0.164522
2839.000000 0.063236
2840.000000 0.067467
2841.000000 0.070980
2842.000000 0.079958
2843.000000 0.116641
2844.000000 0.245816
2845.000000 0.082679
2846.000000 0.086531
2847.000000 0.280133
2848.000000 0.093658
2849.000000 0.096414
2850.000000 0.018727
2851.000000 0.123499
2852.000000 0.178171
2853.000000 0.033041
2854.000000 0.118741
2855.000000 0.167714
2856.000000 0.053428
2857.000000 0.151897
2858.000000 0.160961
2859.000000 0.159287
2860.000000 0.141906
2861.000000 0.077496
2862.000000 0.181266
2863.000000 0.074086
2864.000000 0.083927
2865.000000 0.104393
2866.000000 0.073486
2867.000000 0.055792
2868.000000 0.088264
2869.000000 0.156967
2870.000000 0.130987
2871.000000 0.070719
2872.000000 0.215174
2873.000000 0.206938
2874.000000 0.150409
2875.000000 0.099127
2876.000000 0.012476
2877.000000 0.084231
2878.000000 0.088774
2879.000000 0.156822
2880.000000 0.036824
2881.000000 0.062010
2882.000000 0.097495
2883.000000 0.097005
2884.000000 0.178175
2885.000000 0.104707
2886.000000 0.130517
2887.000000 0.279262
2888.000000 0.093457
2889.000000 0.169735
2890.000000 0.109289
2891.000000 0.109361
2892.000000 0.111298
2893.000000 0.068312
2894.000000 0.152821
2895.000000 0.140917
2896.000000 0.159669
2897.000000 0.157400
2898.000000 0.077464
2899.000000 0.117112
2900.000000 0.094381
2901.000000 0.190198
2902.000000 0.084138
2903.000000 0.181906
2904.000000 0.106589
2905.000000 0.300984
2906.000000 0.074953
2907.000000 0.035655
2908.000000 0.191305
2909.000000 0.138256
2910.000000 0.080198
2911.000000 0.134548
2912.000000 0.041945
2913.000000 0.181511
2914.000000 0.082924
2915.000000 0.013454
2916.000000 0.086969
2917.000000 0.211981
2918.000000 0.155282
2919.000000 0.105819
2920.000000 0.250399
2921.000000 0.172763
2922.000000 0.093692
2923.000000 0.212133
2924.000000 0.129919
2925.000000 0.090138
2926.000000 0.236032
2927.000000 0.237130
2928.000000 0.153175
2929.000000 0.063343
2930.000000 0.196708
2931.000000 0.133540
2932.000000 0.150665
2933.000000 0.140866
2934.000000 0.156713
2935.000000 0.055737
2936.000000 0.054411
2937.000000 0.119510
2938.000000 0.274333
2939.000000 0.198925
2940.000000 0.177122
2941.000000 0.035592
2942.000000 0.021287
2943.000000 0.205359
2944.000000 0.068021
2945.000000 0.049931
2946.000000 0.030439
2947.000000 0.064587
2948.000000 0.039203
2949.000000 0.119620
2950.000000 0.177880
2951.000000 0.150432
2952.000000 0.181716
2953.000000 0.182530
2954.000000 0.134223
2955.000000 0.067316
2956.000000 0.135817
2957.000000 0.122091
2958.000000 0.146590
2959.000000 0.067214
2960.000000 0.061733
2961.000000 0.163813
2962.000000 0.047246
2963.000000 0.028595
2964.000000 0.129248
2965.000000 0.150582
2966.000000 0.018783
2967.000000 0.060496
2968.000000 0.200850
2969.000000 0.105573
2970.000000 0.147937
2971.000000 0.037334
2972.000000 0.040913
2973.000000 0.043178
2974.000000 0.218717
2975.000000 0.101390
2976.000000 0.131227
2977.000000 0.111424
2978.000000 0.067529
2979.000000 0.149361
2980.000000 0.204873
2981.000000 0.143725
2982.000000 0.181039
2983.000000 0.047377
2984.000000 0.106338
2985.000000 0.156166
2986.000000 0.116258
2987.000000 0.126327
2988.000000 0.046430
2989.000000 0.094085
2990.000000 0.062641
2991.000000 0.049829
2992.000000 0.164528
2993.000000 0.153208
2994.000000 0.121176
2995.000000 0.070730
2996.000000 0.060723
2997.000000 0.122207
2998.000000 0.075349
2999.000000 0.163452
3000.000000 0.210140
