10.000000 0.316832
20.000000 0.422275
30.000000 0.375235
40.000000 0.291191
50.000000 0.275987
60.000000 0.254656
70.000000 0.099316
80.000000 0.153005
90.000000 0.191528
100.000000 0.252962
110.000000 0.190504
120.000000 0.247376
130.000000 0.210648
140.000000 0.117750
150.000000 0.075424
160.000000 0.301711
170.000000 0.376892
180.000000 0.279949
190.000000 0.095510
200.000000 0.014606
210.000000 0.075735
220.000000 0.159533
230.000000 0.151834
240.000000 0.142620
250.000000 0.085681
260.000000 0.113655
270.000000 0.130709
280.000000 0.109280
290.000000 0.060424
300.000000 0.080465
310.000000 0.220457
320.000000 0.162485
330.000000 0.139471
340.000000 0.154386
350.000000 0.093726
360.000000 0.114032
370.000000 0.078784
380.000000 0.242325
390.000000 0.332367
400.000000 0.265960
410.000000 0.366824
420.000000 0.432727
430.000000 0.169236
440.000000 0.176008
450.000000 0.173325
460.000000 0.180151
470.000000 0.046345
480.000000 0.020599
490.000000 0.131987
500.000000 0.204908
510.000000 0.107927
520.000000 0.041279
530.000000 0.004628
540.000000 0.094280
550.000000 0.176906
560.000000 0.143644
570.000000 0.108100
580.000000 0.110328
590.000000 0.128817
600.000000 0.127248
610.000000 0.112471
620.000000 0.130131
630.000000 0.079603
640.000000 0.196787
650.000000 0.219880
660.000000 0.129701
670.000000 0.034581
680.000000 0.048746
690.000000 0.120349
700.000000 0.113423
710.000000 0.117990
720.000000 0.111304
730.000000 0.205933
740.000000 0.212233
750.000000 0.279936
760.000000 0.315427
770.000000 0.348494
780.000000 0.082990
790.000000 0.093624
800.000000 0.137317
810.000000 0.145212
820.000000 0.131408
830.000000 0.051352
840.000000 0.104290
850.000000 0.162534
860.000000 0.191325
870.000000 0.218809
880.000000 0.169102
890.000000 0.090752
900.000000 0.117339
910.000000 0.243779
920.000000 0.259801
930.000000 0.203726
940.000000 0.135282
950.000000 0.032401
960.000000 0.133115
970.000000 0.111156
980.000000 0.042446
990.000000 0.167578
1000.000000 0.069715
