10.000000 0.225315
20.000000 0.169109
30.000000 0.038348
40.000000 0.127386
50.000000 0.069066
60.000000 0.115884
70.000000 0.189766
80.000000 0.021757
90.000000 0.205827
100.000000 0.040528
110.000000 0.160160
120.000000 0.230455
130.000000 0.148171
140.000000 0.058355
150.000000 0.089827
160.000000 0.100745
170.000000 0.091518
180.000000 0.124192
190.000000 0.051725
200.000000 0.011448
210.000000 0.069916
220.000000 0.083033
230.000000 0.125878
240.000000 0.118622
250.000000 0.189027
260.000000 0.137358
270.000000 0.070891
280.000000 0.055434
290.000000 0.098375
300.000000 0.063629
310.000000 0.137243
320.000000 0.230720
330.000000 0.197552
340.000000 0.071406
350.000000 0.117840
360.000000 0.165927
370.000000 0.120561
380.000000 0.048208
390.000000 0.023122
400.000000 0.112427
410.000000 0.090291
420.000000 0.203454
430.000000 0.204025
440.000000 0.093255
450.000000 0.208819
460.000000 0.041001
470.000000 0.060941
480.000000 0.135360
490.000000 0.190713
500.000000 0.014742
510.000000 0.275779
520.000000 0.078704
530.000000 0.153747
540.000000 0.092140
550.000000 0.095454
560.000000 0.038228
570.000000 0.102988
580.000000 0.082819
590.000000 0.057255
600.000000 0.099024
610.000000 0.047479
620.000000 0.291343
630.000000 0.074752
640.000000 0.048005
650.000000 0.066623
660.000000 0.094724
670.000000 0.194313
680.000000 0.233449
690.000000 0.035008
700.000000 0.088565
710.000000 0.189510
720.000000 0.097986
730.000000 0.159387
740.000000 0.241590
750.000000 0.135785
760.000000 0.117393
770.000000 0.223630
780.000000 0.109077
790.000000 0.087163
800.000000 0.107607
810.000000 0.084160
820.000000 0.186769
830.000000 0.179113
840.000000 0.197261
850.000000 0.111203
860.000000 0.007897
870.000000 0.029530
880.000000 0.036921
890.000000 0.116618
900.000000 0.157068
910.000000 0.046898
920.000000 0.137402
930.000000 0.034983
940.000000 0.326048
950.000000 0.090133
960.000000 0.173850
970.000000 0.122918
980.000000 0.109325
990.000000 0.023645
1000.000000 0.150648
