0.000000 0.105259
1.000000 0.205218
2.000000 0.152818
3.000000 0.212523
4.000000 0.086301
5.000000 0.537135
6.000000 0.088704
7.000000 0.051904
8.000000 0.261707
9.000000 0.397123
10.000000 0.167725
11.000000 0.304369
12.000000 0.218347
13.000000 0.053102
14.000000 0.334723
15.000000 0.035030
16.000000 0.090558
17.000000 0.408135
18.000000 0.300085
19.000000 0.406548
20.000000 0.327276
21.000000 0.176926
22.000000 0.237605
23.000000 0.313487
24.000000 0.214110
25.000000 0.310613
26.000000 0.347679
27.000000 0.111428
28.000000 0.060192
29.000000 0.408478
30.000000 0.303907
31.000000 0.109465
32.000000 0.381679
33.000000 0.233695
34.000000 0.185066
35.000000 0.266561
36.000000 0.195898
37.000000 0.313342
38.000000 0.033875
39.000000 0.315989
40.000000 0.178914
41.000000 0.322441
42.000000 0.105725
43.000000 0.131490
44.000000 0.107727
45.000000 0.274336
46.000000 0.054846
47.000000 0.115319
48.000000 0.064670
49.000000 0.148299
50.000000 0.146325
51.000000 0.118738
52.000000 0.161313
53.000000 0.466830
54.000000 0.036866
55.000000 0.205804
56.000000 0.307458
57.000000 0.115163
58.000000 0.172158
59.000000 0.284980
60.000000 0.344616
61.000000 0.311525
62.000000 0.313083
63.000000 0.423042
64.000000 0.083843
65.000000 0.414696
66.000000 0.134541
67.000000 0.277285
68.000000 0.124832
69.000000 0.190140
70.000000 0.099974
71.000000 0.346704
72.000000 0.141171
73.000000 0.432787
74.000000 0.178097
75.000000 0.154478
76.000000 0.125778
77.000000 0.155847
78.000000 0.312987
79.000000 0.309291
80.000000 0.213831
81.000000 0.070580
82.000000 0.222807
83.000000 0.330920
84.000000 0.152227
85.000000 0.190558
86.000000 0.172478
87.000000 0.252390
88.000000 0.182279
89.000000 0.445800
90.000000 0.267851
91.000000 0.304361
92.000000 0.093193
93.000000 0.227287
94.000000 0.420324
95.000000 0.282715
96.000000 0.209443
97.000000 0.109696
98.000000 0.402988
99.000000 0.096100
100.000000 0.247259
101.000000 0.084130
102.000000 0.129825
103.000000 0.192441
104.000000 0.160382
105.000000 0.202328
106.000000 0.089979
107.000000 0.220048
108.000000 0.315643
109.000000 0.278593
110.000000 0.258938
111.000000 0.279232
112.000000 0.179623
113.000000 0.227001
114.000000 0.129023
115.000000 0.308906
116.000000 0.346409
117.000000 0.169142
118.000000 0.344907
119.000000 0.254844
120.000000 0.392311
121.000000 0.229464
122.000000 0.297432
123.000000 0.116963
124.000000 0.321698
125.000000 0.175060
126.000000 0.214324
127.000000 0.340380
128.000000 0.355815
129.000000 0.090482
130.000000 0.024868
131.000000 0.078255
132.000000 0.109653
133.000000 0.332118
134.000000 0.360652
135.000000 0.179650
136.000000 0.320357
137.000000 0.062151
138.000000 0.134208
139.000000 0.102863
140.000000 0.101531
141.000000 0.304731
142.000000 0.378462
143.000000 0.440250
144.000000 0.241163
145.000000 0.212701
146.000000 0.103360
147.000000 0.388806
148.000000 0.280663
149.000000 0.251786
150.000000 0.234487
151.000000 0.200900
152.000000 0.177465
153.000000 0.201935
154.000000 0.163400
155.000000 0.115932
156.000000 0.253521
157.000000 0.222656
158.000000 0.049462
159.000000 0.069256
160.000000 0.216680
161.000000 0.264454
162.000000 0.203486
163.000000 0.366455
164.000000 0.444882
165.000000 0.386962
166.000000 0.316406
167.000000 0.099543
168.000000 0.125672
169.000000 0.208447
170.000000 0.050019
171.000000 0.487735
172.000000 0.295085
173.000000 0.234521
174.000000 0.205880
175.000000 0.337973
176.000000 0.387304
177.000000 0.467578
178.000000 0.330080
179.000000 0.101022
180.000000 0.232777
181.000000 0.159681
182.000000 0.077099
183.000000 0.279136
184.000000 0.124554
185.000000 0.136869
186.000000 0.107086
187.000000 0.082615
188.000000 0.151594
189.000000 0.462661
190.000000 0.149192
191.000000 0.313465
192.000000 0.323891
193.000000 0.194408
194.000000 0.241148
195.000000 0.364751
196.000000 0.157933
197.000000 0.199470
198.000000 0.227756
199.000000 0.331339
200.000000 0.169885
201.000000 0.461330
202.000000 0.073166
203.000000 0.441316
204.000000 0.330276
205.000000 0.119318
206.000000 0.217660
207.000000 0.060985
208.000000 0.232550
209.000000 0.222195
210.000000 0.332123
211.000000 0.405528
212.000000 0.144131
213.000000 0.186847
214.000000 0.101444
215.000000 0.226143
216.000000 0.175548
217.000000 0.389784
218.000000 0.338955
219.000000 0.247908
220.000000 0.660415
221.000000 0.240908
222.000000 0.191137
223.000000 0.304609
224.000000 0.173905
225.000000 0.289639
226.000000 0.151559
227.000000 0.281493
228.000000 0.175705
229.000000 0.239618
230.000000 0.185709
231.000000 0.264564
232.000000 0.443650
233.000000 0.005210
234.000000 0.184593
235.000000 0.401484
236.000000 0.065576
237.000000 0.096810
238.000000 0.084393
239.000000 0.338457
240.000000 0.031361
241.000000 0.027893
242.000000 0.150981
243.000000 0.147945
244.000000 0.200493
245.000000 0.158496
246.000000 0.195921
247.000000 0.128823
248.000000 0.286349
249.000000 0.193425
250.000000 0.163535
251.000000 0.258460
252.000000 0.261852
253.000000 0.153493
254.000000 0.282702
255.000000 0.097340
256.000000 0.396339
257.000000 0.164374
258.000000 0.068648
259.000000 0.135970
260.000000 0.069271
261.000000 0.126445
262.000000 0.210749
263.000000 0.220518
264.000000 0.057394
265.000000 0.483134
266.000000 0.199616
267.000000 0.223215
268.000000 0.293128
269.000000 0.226380
270.000000 0.173763
271.000000 0.303490
272.000000 0.089484
273.000000 0.133329
274.000000 0.076383
275.000000 0.176750
276.000000 0.223850
277.000000 0.178548
278.000000 0.516915
279.000000 0.227540
280.000000 0.245155
281.000000 0.045321
282.000000 0.127365
283.000000 0.114907
284.000000 0.162879
285.000000 0.157152
286.000000 0.436742
287.000000 0.138944
288.000000 0.216321
289.000000 0.370140
290.000000 0.257684
291.000000 0.186200
292.000000 0.147586
293.000000 0.070731
294.000000 0.135125
295.000000 0.326815
296.000000 0.189140
297.000000 0.519616
298.000000 0.143434
299.000000 0.548359
300.000000 0.158012
301.000000 0.226712
302.000000 0.370083
303.000000 0.145493
304.000000 0.132246
305.000000 0.438510
306.000000 0.123923
307.000000 0.206780
308.000000 0.125083
309.000000 0.223052
310.000000 0.203453
311.000000 0.254512
312.000000 0.216337
313.000000 0.307110
314.000000 0.339385
315.000000 0.269750
316.000000 0.250969
317.000000 0.247454
318.000000 0.384133
319.000000 0.236735
320.000000 0.230432
321.000000 0.188684
322.000000 0.259629
323.000000 0.185376
324.000000 0.143448
325.000000 0.289432
326.000000 0.240602
327.000000 0.618465
328.000000 0.192968
329.000000 0.328548
330.000000 0.247398
331.000000 0.192187
332.000000 0.227460
333.000000 0.077989
334.000000 0.401351
335.000000 0.348534
336.000000 0.383966
337.000000 0.138139
338.000000 0.157780
339.000000 0.315774
340.000000 0.332794
341.000000 0.261058
342.000000 0.188547
343.000000 0.108173
344.000000 0.294137
345.000000 0.270613
346.000000 0.415229
347.000000 0.290315
348.000000 0.203991
349.000000 0.317054
350.000000 0.230863
351.000000 0.376882
352.000000 0.288789
353.000000 0.206839
354.000000 0.207032
355.000000 0.439438
356.000000 0.180579
357.000000 0.353536
358.000000 0.321584
359.000000 0.244314
360.000000 0.078225
361.000000 0.375509
362.000000 0.445231
363.000000 0.113723
364.000000 0.217344
365.000000 0.379230
366.000000 0.102163
367.000000 0.301410
368.000000 0.075008
369.000000 0.193401
370.000000 0.129620
371.000000 0.248264
372.000000 0.322655
373.000000 0.168113
374.000000 0.103156
375.000000 0.018937
376.000000 0.321843
377.000000 0.113657
378.000000 0.483757
379.000000 0.176704
380.000000 0.148604
381.000000 0.316032
382.000000 0.164014
383.000000 0.215313
384.000000 0.203782
385.000000 0.150540
386.000000 0.050731
387.000000 0.059202
388.000000 0.299071
389.000000 0.093062
390.000000 0.195745
391.000000 0.118505
392.000000 0.482088
393.000000 0.159350
394.000000 0.302324
395.000000 0.316390
396.000000 0.238752
397.000000 0.186390
398.000000 0.110197
399.000000 0.240568
400.000000 0.209620
401.000000 0.388976
402.000000 0.353402
403.000000 0.391139
404.000000 0.220808
405.000000 0.168701
406.000000 0.139183
407.000000 0.221849
408.000000 0.202491
409.000000 0.190490
410.000000 0.267325
411.000000 0.171949
412.000000 0.226844
413.000000 0.473258
414.000000 0.165649
415.000000 0.346424
416.000000 0.045622
417.000000 0.234432
418.000000 0.363719
419.000000 0.223085
420.000000 0.117474
421.000000 0.013742
422.000000 0.263247
423.000000 0.312725
424.000000 0.050120
425.000000 0.225626
426.000000 0.377051
427.000000 0.233824
428.000000 0.322298
429.000000 0.502090
430.000000 0.379342
431.000000 0.238530
432.000000 0.160570
433.000000 0.285728
434.000000 0.066580
435.000000 0.158515
436.000000 0.114210
437.000000 0.179902
438.000000 0.212939
439.000000 0.096251
440.000000 0.238880
441.000000 0.186323
442.000000 0.021424
443.000000 0.380736
444.000000 0.268217
445.000000 0.145568
446.000000 0.059264
447.000000 0.321862
448.000000 0.070576
449.000000 0.275272
450.000000 0.343783
451.000000 0.187517
452.000000 0.204024
453.000000 0.158332
454.000000 0.144493
455.000000 0.211135
456.000000 0.131845
457.000000 0.534964
458.000000 0.179244
459.000000 0.075029
460.000000 0.221655
461.000000 0.132972
462.000000 0.298259
463.000000 0.178276
464.000000 0.483017
465.000000 0.304986
466.000000 0.112355
467.000000 0.158022
468.000000 0.075124
469.000000 0.323484
470.000000 0.117850
471.000000 0.449566
472.000000 0.260130
473.000000 0.182181
474.000000 0.056271
475.000000 0.096078
476.000000 0.026921
477.000000 0.323490
478.000000 0.308634
479.000000 0.201255
480.000000 0.246230
481.000000 0.245473
482.000000 0.113355
483.000000 0.346000
484.000000 0.379344
485.000000 0.124510
486.000000 0.307729
487.000000 0.461315
488.000000 0.264382
489.000000 0.185802
490.000000 0.201923
491.000000 0.233416
492.000000 0.052358
493.000000 0.184316
494.000000 0.424569
495.000000 0.283474
496.000000 0.320513
497.000000 0.289646
498.000000 0.117984
499.000000 0.135410
500.000000 0.380867
501.000000 0.265021
502.000000 0.225801
503.000000 0.317355
504.000000 0.303532
505.000000 0.136844
506.000000 0.298932
507.000000 0.044896
508.000000 0.075657
509.000000 0.134498
510.000000 0.220639
511.000000 0.171998
512.000000 0.164530
513.000000 0.241099
514.000000 0.244708
515.000000 0.217188
516.000000 0.224260
517.000000 0.117302
518.000000 0.493448
519.000000 0.138007
520.000000 0.092380
521.000000 0.102567
522.000000 0.169098
523.000000 0.188487
524.000000 0.166237
525.000000 0.083345
526.000000 0.276742
527.000000 0.045589
528.000000 0.193208
529.000000 0.162396
530.000000 0.294970
531.000000 0.111151
532.000000 0.259353
533.000000 0.141831
534.000000 0.167122
535.000000 0.253379
536.000000 0.193075
537.000000 0.193196
538.000000 0.181598
539.000000 0.053268
540.000000 0.454778
541.000000 0.274266
542.000000 0.160689
543.000000 0.020206
544.000000 0.295080
545.000000 0.331871
546.000000 0.068968
547.000000 0.250292
548.000000 0.417681
549.000000 0.342665
550.000000 0.446866
551.000000 0.215020
552.000000 0.274567
553.000000 0.224462
554.000000 0.157768
555.000000 0.455300
556.000000 0.028489
557.000000 0.296581
558.000000 0.417900
559.000000 0.368343
560.000000 0.307116
561.000000 0.069797
562.000000 0.351556
563.000000 0.214338
564.000000 0.249935
565.000000 0.182031
566.000000 0.144427
567.000000 0.176061
568.000000 0.235400
569.000000 0.053414
570.000000 0.186308
571.000000 0.019172
572.000000 0.011487
573.000000 0.193095
574.000000 0.183598
575.000000 0.272584
576.000000 0.197574
577.000000 0.426946
578.000000 0.294371
579.000000 0.229877
580.000000 0.462226
581.000000 0.105301
582.000000 0.329137
583.000000 0.058598
584.000000 0.303334
585.000000 0.376646
586.000000 0.079028
587.000000 0.100844
588.000000 0.212724
589.000000 0.316970
590.000000 0.034704
591.000000 0.137988
592.000000 0.303781
593.000000 0.275339
594.000000 0.323871
595.000000 0.299803
596.000000 0.222138
597.000000 0.188368
598.000000 0.469615
599.000000 0.391566
600.000000 0.062930
601.000000 0.068726
602.000000 0.226900
603.000000 0.022756
604.000000 0.251292
605.000000 0.282508
606.000000 0.158505
607.000000 0.414779
608.000000 0.190909
609.000000 0.332525
610.000000 0.166389
611.000000 0.199891
612.000000 0.215623
613.000000 0.059119
614.000000 0.083853
615.000000 0.123807
616.000000 0.116950
617.000000 0.336826
618.000000 0.175016
619.000000 0.168637
620.000000 0.331471
621.000000 0.378979
622.000000 0.322174
623.000000 0.178242
624.000000 0.127754
625.000000 0.297664
626.000000 0.166342
627.000000 0.088249
628.000000 0.402638
629.000000 0.357387
630.000000 0.037012
631.000000 0.103649
632.000000 0.283889
633.000000 0.158271
634.000000 0.288009
635.000000 0.319686
636.000000 0.012639
637.000000 0.403605
638.000000 0.042309
639.000000 0.162946
640.000000 0.242584
641.000000 0.228901
642.000000 0.054490
643.000000 0.258032
644.000000 0.076388
645.000000 0.238397
646.000000 0.265641
647.000000 0.125193
648.000000 0.180798
649.000000 0.457712
650.000000 0.218871
651.000000 0.105645
652.000000 0.204567
653.000000 0.283281
654.000000 0.119872
655.000000 0.387733
656.000000 0.301379
657.000000 0.102494
658.000000 0.236489
659.000000 0.235971
660.000000 0.158680
661.000000 0.091507
662.000000 0.329822
663.000000 0.124593
664.000000 0.156371
665.000000 0.272252
666.000000 0.204941
667.000000 0.185475
668.000000 0.081931
669.000000 0.066824
670.000000 0.347003
671.000000 0.533684
672.000000 0.213015
673.000000 0.242558
674.000000 0.126685
675.000000 0.273229
676.000000 0.121553
677.000000 0.121022
678.000000 0.238678
679.000000 0.288441
680.000000 0.077762
681.000000 0.340180
682.000000 0.115730
683.000000 0.115148
684.000000 0.117853
685.000000 0.135962
686.000000 0.405135
687.000000 0.237133
688.000000 0.356380
689.000000 0.143882
690.000000 0.177723
691.000000 0.229979
692.000000 0.120142
693.000000 0.246821
694.000000 0.387151
695.000000 0.210841
696.000000 0.231113
697.000000 0.078668
698.000000 0.299540
699.000000 0.178882
700.000000 0.471222
701.000000 0.254089
702.000000 0.182768
703.000000 0.075158
704.000000 0.181585
705.000000 0.092930
706.000000 0.196038
707.000000 0.182379
708.000000 0.331584
709.000000 0.324963
710.000000 0.331778
711.000000 0.478077
712.000000 0.281053
713.000000 0.083147
714.000000 0.295910
715.000000 0.273192
716.000000 0.253206
717.000000 0.039562
718.000000 0.507162
719.000000 0.121221
720.000000 0.257424
721.000000 0.179277
722.000000 0.163814
723.000000 0.112612
724.000000 0.314704
725.000000 0.266508
726.000000 0.207315
727.000000 0.339536
728.000000 0.302415
729.000000 0.325914
730.000000 0.205384
731.000000 0.071330
732.000000 0.222719
733.000000 0.099294
734.000000 0.370329
735.000000 0.284676
736.000000 0.140439
737.000000 0.170209
738.000000 0.464345
739.000000 0.143848
740.000000 0.113131
741.000000 0.273076
742.000000 0.118323
743.000000 0.211683
744.000000 0.299840
745.000000 0.103370
746.000000 0.215707
747.000000 0.084095
748.000000 0.245342
749.000000 0.316182
750.000000 0.207790
751.000000 0.379219
752.000000 0.332555
753.000000 0.191146
754.000000 0.227820
755.000000 0.387437
756.000000 0.155212
757.000000 0.328296
758.000000 0.146741
759.000000 0.093272
760.000000 0.235747
761.000000 0.197610
762.000000 0.320454
763.000000 0.455333
764.000000 0.291117
765.000000 0.086780
766.000000 0.058653
767.000000 0.164216
768.000000 0.160625
769.000000 0.208017
770.000000 0.178664
771.000000 0.307640
772.000000 0.333674
773.000000 0.318740
774.000000 0.273197
775.000000 0.167753
776.000000 0.331220
777.000000 0.164033
778.000000 0.326641
779.000000 0.373131
780.000000 0.410863
781.000000 0.190325
782.000000 0.235831
783.000000 0.144652
784.000000 0.102659
785.000000 0.195614
786.000000 0.148367
787.000000 0.205368
788.000000 0.101818
789.000000 0.455096
790.000000 0.217854
791.000000 0.188060
792.000000 0.294350
793.000000 0.193523
794.000000 0.421428
795.000000 0.396951
796.000000 0.072431
797.000000 0.146032
798.000000 0.131707
799.000000 0.152944
800.000000 0.068427
801.000000 0.288938
802.000000 0.257709
803.000000 0.180995
804.000000 0.331915
805.000000 0.426480
806.000000 0.429518
807.000000 0.285897
808.000000 0.272638
809.000000 0.333493
810.000000 0.296719
811.000000 0.350918
812.000000 0.210344
813.000000 0.015693
814.000000 0.184577
815.000000 0.124896
816.000000 0.025100
817.000000 0.257801
818.000000 0.247079
819.000000 0.093784
820.000000 0.073963
821.000000 0.392550
822.000000 0.146029
823.000000 0.106961
824.000000 0.217123
825.000000 0.106789
826.000000 0.298250
827.000000 0.128831
828.000000 0.369540
829.000000 0.094197
830.000000 0.229447
831.000000 0.291833
832.000000 0.264555
833.000000 0.199796
834.000000 0.422118
835.000000 0.338163
836.000000 0.146014
837.000000 0.221106
838.000000 0.075078
839.000000 0.326846
840.000000 0.068913
841.000000 0.217260
842.000000 0.419037
843.000000 0.274088
844.000000 0.025767
845.000000 0.249893
846.000000 0.267591
847.000000 0.160806
848.000000 0.050292
849.000000 0.165583
850.000000 0.259946
851.000000 0.108985
852.000000 0.171051
853.000000 0.213874
854.000000 0.217793
855.000000 0.363017
856.000000 0.289987
857.000000 0.224757
858.000000 0.168771
859.000000 0.188308
860.000000 0.262632
861.000000 0.243348
862.000000 0.193532
863.000000 0.196200
864.000000 0.135822
865.000000 0.040209
866.000000 0.290780
867.000000 0.074143
868.000000 0.106555
869.000000 0.163526
870.000000 0.090464
871.000000 0.070459
872.000000 0.379792
873.000000 0.192495
874.000000 0.253454
875.000000 0.060122
876.000000 0.100633
877.000000 0.453672
878.000000 0.124229
879.000000 0.205314
880.000000 0.107766
881.000000 0.404097
882.000000 0.401795
883.000000 0.359390
884.000000 0.208386
885.000000 0.363196
886.000000 0.266022
887.000000 0.435159
888.000000 0.351332
889.000000 0.356420
890.000000 0.156797
891.000000 0.292888
892.000000 0.179907
893.000000 0.072942
894.000000 0.225339
895.000000 0.131984
896.000000 0.178461
897.000000 0.039380
898.000000 0.067926
899.000000 0.215457
900.000000 0.356012
901.000000 0.302701
902.000000 0.177371
903.000000 0.260287
904.000000 0.061653
905.000000 0.428289
906.000000 0.160406
907.000000 0.251814
908.000000 0.270908
909.000000 0.344014
910.000000 0.175589
911.000000 0.305348
912.000000 0.056327
913.000000 0.115761
914.000000 0.126427
915.000000 0.489491
916.000000 0.055186
917.000000 0.127575
918.000000 0.075677
919.000000 0.185969
920.000000 0.418472
921.000000 0.105367
922.000000 0.248468
923.000000 0.259980
924.000000 0.127076
925.000000 0.231953
926.000000 0.265300
927.000000 0.414841
928.000000 0.096887
929.000000 0.239926
930.000000 0.273323
931.000000 0.184312
932.000000 0.123400
933.000000 0.297094
934.000000 0.148289
935.000000 0.177996
936.000000 0.207835
937.000000 0.090038
938.000000 0.244225
939.000000 0.180044
940.000000 0.174230
941.000000 0.297414
942.000000 0.298115
943.000000 0.286697
944.000000 0.213610
945.000000 0.451890
946.000000 0.173830
947.000000 0.375880
948.000000 0.406289
949.000000 0.326139
950.000000 0.119488
951.000000 0.129916
952.000000 0.368118
953.000000 0.289657
954.000000 0.233176
955.000000 0.194015
956.000000 0.207425
957.000000 0.217242
958.000000 0.335880
959.000000 0.224651
960.000000 0.382238
961.000000 0.048248
962.000000 0.397470
963.000000 0.348042
964.000000 0.282698
965.000000 0.190382
966.000000 0.329252
967.000000 0.232806
968.000000 0.343776
969.000000 0.115286
970.000000 0.281296
971.000000 0.107973
972.000000 0.102116
973.000000 0.226194
974.000000 0.142534
975.000000 0.129784
976.000000 0.136553
977.000000 0.418796
978.000000 0.288908
979.000000 0.116816
980.000000 0.428422
981.000000 0.375908
982.000000 0.273480
983.000000 0.251288
984.000000 0.391728
985.000000 0.146279
986.000000 0.479902
987.000000 0.163069
988.000000 0.306271
989.000000 0.271508
990.000000 0.347532
991.000000 0.280773
992.000000 0.201241
993.000000 0.139663
994.000000 0.209411
995.000000 0.104691
996.000000 0.243485
997.000000 0.227332
998.000000 0.167813
999.000000 0.234515
1000.000000 0.151341
1001.000000 0.170821
1002.000000 0.229666
1003.000000 0.395513
1004.000000 0.205652
1005.000000 0.104338
1006.000000 0.183537
1007.000000 0.386771
1008.000000 0.298069
1009.000000 0.106505
1010.000000 0.448448
1011.000000 0.404346
1012.000000 0.344345
1013.000000 0.115915
1014.000000 0.127353
1015.000000 0.196072
1016.000000 0.388830
1017.000000 0.172112
1018.000000 0.220844
1019.000000 0.326560
1020.000000 0.266571
1021.000000 0.190570
1022.000000 0.192383
1023.000000 0.519466
1024.000000 0.176628
1025.000000 0.307349
1026.000000 0.271843
1027.000000 0.142059
1028.000000 0.325854
1029.000000 0.380776
1030.000000 0.061183
1031.000000 0.171259
1032.000000 0.258876
1033.000000 0.040741
1034.000000 0.224894
1035.000000 0.297465
1036.000000 0.162370
1037.000000 0.077134
1038.000000 0.274338
1039.000000 0.155091
1040.000000 0.067572
1041.000000 0.260219
1042.000000 0.159639
1043.000000 0.176015
1044.000000 0.195708
1045.000000 0.030933
1046.000000 0.261984
1047.000000 0.362834
1048.000000 0.262161
1049.000000 0.163679
1050.000000 0.318053
1051.000000 0.152688
1052.000000 0.265610
1053.000000 0.389219
1054.000000 0.407554
1055.000000 0.159144
1056.000000 0.162383
1057.000000 0.365254
1058.000000 0.225818
1059.000000 0.269446
1060.000000 0.276728
1061.000000 0.129003
1062.000000 0.073555
1063.000000 0.130007
1064.000000 0.384509
1065.000000 0.136599
1066.000000 0.257918
1067.000000 0.030306
1068.000000 0.365419
1069.000000 0.270847
1070.000000 0.119679
1071.000000 0.224486
1072.000000 0.338286
1073.000000 0.246707
1074.000000 0.324702
1075.000000 0.012400
1076.000000 0.098465
1077.000000 0.217048
1078.000000 0.238517
1079.000000 0.240376
1080.000000 0.301286
1081.000000 0.207006
1082.000000 0.122743
1083.000000 0.132047
1084.000000 0.283800
1085.000000 0.268305
1086.000000 0.227631
1087.000000 0.295700
1088.000000 0.717382
1089.000000 0.283957
1090.000000 0.175787
1091.000000 0.269673
1092.000000 0.243900
1093.000000 0.249384
1094.000000 0.170373
1095.000000 0.084532
1096.000000 0.267909
1097.000000 0.079161
1098.000000 0.321253
1099.000000 0.090864
1100.000000 0.191768
1101.000000 0.300077
1102.000000 0.205975
1103.000000 0.392158
1104.000000 0.456772
1105.000000 0.156207
1106.000000 0.127105
1107.000000 0.232638
1108.000000 0.225697
1109.000000 0.207260
1110.000000 0.126442
1111.000000 0.099200
1112.000000 0.333097
1113.000000 0.102749
1114.000000 0.154458
1115.000000 0.332424
1116.000000 0.100315
1117.000000 0.144109
1118.000000 0.195554
1119.000000 0.264961
1120.000000 0.176148
1121.000000 0.074918
1122.000000 0.104404
1123.000000 0.139474
1124.000000 0.127207
1125.000000 0.344874
1126.000000 0.122309
1127.000000 0.121345
1128.000000 0.127386
1129.000000 0.288214
1130.000000 0.231102
1131.000000 0.299889
1132.000000 0.079930
1133.000000 0.138340
1134.000000 0.287053
1135.000000 0.198116
1136.000000 0.069724
1137.000000 0.254169
1138.000000 0.255577
1139.000000 0.481304
1140.000000 0.452226
1141.000000 0.212051
1142.000000 0.241401
1143.000000 0.151561
1144.000000 0.112190
1145.000000 0.254568
1146.000000 0.323191
1147.000000 0.236208
1148.000000 0.291284
1149.000000 0.318156
1150.000000 0.062309
1151.000000 0.144784
1152.000000 0.197100
1153.000000 0.462226
1154.000000 0.362152
1155.000000 0.074846
1156.000000 0.281983
1157.000000 0.253706
1158.000000 0.247064
1159.000000 0.110646
1160.000000 0.306926
1161.000000 0.392933
1162.000000 0.540377
1163.000000 0.168812
1164.000000 0.127732
1165.000000 0.341379
1166.000000 0.259939
1167.000000 0.324460
1168.000000 0.177543
1169.000000 0.465319
1170.000000 0.505980
1171.000000 0.256266
1172.000000 0.176755
1173.000000 0.090609
1174.000000 0.291636
1175.000000 0.272465
1176.000000 0.177375
1177.000000 0.245125
1178.000000 0.289322
1179.000000 0.244794
1180.000000 0.119631
1181.000000 0.292295
1182.000000 0.190727
1183.000000 0.031416
1184.000000 0.065210
1185.000000 0.249162
1186.000000 0.072951
1187.000000 0.074186
1188.000000 0.075043
1189.000000 0.217763
1190.000000 0.426597
1191.000000 0.062825
1192.000000 0.471297
1193.000000 0.207214
1194.000000 0.254429
1195.000000 0.221973
1196.000000 0.301658
1197.000000 0.291316
1198.000000 0.131531
1199.000000 0.168498
1200.000000 0.220082
1201.000000 0.318603
1202.000000 0.160120
1203.000000 0.321303
1204.000000 0.386074
1205.000000 0.381037
1206.000000 0.203486
1207.000000 0.224969
1208.000000 0.368246
1209.000000 0.213091
1210.000000 0.114158
1211.000000 0.353094
1212.000000 0.281749
1213.000000 0.199016
1214.000000 0.262450
1215.000000 0.373429
1216.000000 0.105292
1217.000000 0.336317
1218.000000 0.359164
1219.000000 0.197742
1220.000000 0.211594
1221.000000 0.139262
1222.000000 0.314740
1223.000000 0.117139
1224.000000 0.330751
1225.000000 0.323059
1226.000000 0.287086
1227.000000 0.616192
1228.000000 0.466901
1229.000000 0.098212
1230.000000 0.430221
1231.000000 0.230428
1232.000000 0.370067
1233.000000 0.399672
1234.000000 0.101453
1235.000000 0.408415
1236.000000 0.245569
1237.000000 0.200264
1238.000000 0.140509
1239.000000 0.093772
1240.000000 0.123277
1241.000000 0.251698
1242.000000 0.235560
1243.000000 0.220268
1244.000000 0.356808
1245.000000 0.565213
1246.000000 0.080939
1247.000000 0.059137
1248.000000 0.324153
1249.000000 0.141835
1250.000000 0.312641
1251.000000 0.055004
1252.000000 0.132025
1253.000000 0.304477
1254.000000 0.046349
1255.000000 0.132853
1256.000000 0.357622
1257.000000 0.241107
1258.000000 0.200760
1259.000000 0.284563
1260.000000 0.306455
1261.000000 0.382281
1262.000000 0.197273
1263.000000 0.129572
1264.000000 0.353786
1265.000000 0.182981
1266.000000 0.153180
1267.000000 0.181726
1268.000000 0.333490
1269.000000 0.264914
1270.000000 0.209343
1271.000000 0.458741
1272.000000 0.301141
1273.000000 0.048061
1274.000000 0.203082
1275.000000 0.262498
1276.000000 0.364686
1277.000000 0.372372
1278.000000 0.518608
1279.000000 0.168711
1280.000000 0.356377
1281.000000 0.119050
1282.000000 0.150466
1283.000000 0.231597
1284.000000 0.147482
1285.000000 0.268498
1286.000000 0.175200
1287.000000 0.293545
1288.000000 0.130158
1289.000000 0.131962
1290.000000 0.162345
1291.000000 0.447148
1292.000000 0.175185
1293.000000 0.190901
1294.000000 0.267668
1295.000000 0.290766
1296.000000 0.322620
1297.000000 0.189306
1298.000000 0.315137
1299.000000 0.278099
1300.000000 0.383413
1301.000000 0.104867
1302.000000 0.541377
1303.000000 0.343841
1304.000000 0.248228
1305.000000 0.080742
1306.000000 0.238329
1307.000000 0.334032
1308.000000 0.291159
1309.000000 0.435502
1310.000000 0.276061
1311.000000 0.366562
1312.000000 0.282783
1313.000000 0.068717
1314.000000 0.179580
1315.000000 0.196681
1316.000000 0.375205
1317.000000 0.134444
1318.000000 0.139776
1319.000000 0.236125
1320.000000 0.164005
1321.000000 0.249909
1322.000000 0.349855
1323.000000 0.169469
1324.000000 0.076074
1325.000000 0.310404
1326.000000 0.063762
1327.000000 0.146696
1328.000000 0.225070
1329.000000 0.308542
1330.000000 0.193880
1331.000000 0.429609
1332.000000 0.082990
1333.000000 0.132902
1334.000000 0.361773
1335.000000 0.175800
1336.000000 0.095352
1337.000000 0.146638
1338.000000 0.245635
1339.000000 0.102110
1340.000000 0.482722
1341.000000 0.144264
1342.000000 0.190383
1343.000000 0.179600
1344.000000 0.144031
1345.000000 0.358286
1346.000000 0.246809
1347.000000 0.246476
1348.000000 0.238037
1349.000000 0.313055
1350.000000 0.205631
1351.000000 0.176655
1352.000000 0.171972
1353.000000 0.062835
1354.000000 0.243965
1355.000000 0.299047
1356.000000 0.145764
1357.000000 0.109856
1358.000000 0.138226
1359.000000 0.428732
1360.000000 0.152471
1361.000000 0.349887
1362.000000 0.063612
1363.000000 0.335708
1364.000000 0.124309
1365.000000 0.332099
1366.000000 0.358388
1367.000000 0.295374
1368.000000 0.235039
1369.000000 0.410005
1370.000000 0.407904
1371.000000 0.058369
1372.000000 0.252287
1373.000000 0.172133
1374.000000 0.266323
1375.000000 0.179369
1376.000000 0.368139
1377.000000 0.125191
1378.000000 0.384114
1379.000000 0.108082
1380.000000 0.171891
1381.000000 0.161775
1382.000000 0.063193
1383.000000 0.423410
1384.000000 0.066025
1385.000000 0.191085
1386.000000 0.259547
1387.000000 0.232412
1388.000000 0.368917
1389.000000 0.032006
1390.000000 0.354668
1391.000000 0.716289
1392.000000 0.512078
1393.000000 0.467328
1394.000000 0.307647
1395.000000 0.122991
1396.000000 0.454303
1397.000000 0.283809
1398.000000 0.394479
1399.000000 0.151452
1400.000000 0.337792
1401.000000 0.104595
1402.000000 0.176851
1403.000000 0.252215
1404.000000 0.211914
1405.000000 0.018099
1406.000000 0.167006
1407.000000 0.127259
1408.000000 0.365797
1409.000000 0.041149
1410.000000 0.139000
1411.000000 0.294333
1412.000000 0.331426
1413.000000 0.054348
1414.000000 0.118893
1415.000000 0.180933
1416.000000 0.201191
1417.000000 0.156954
1418.000000 0.175253
1419.000000 0.171099
1420.000000 0.215369
1421.000000 0.078957
1422.000000 0.083740
1423.000000 0.268559
1424.000000 0.066647
1425.000000 0.079149
1426.000000 0.426922
1427.000000 0.101501
1428.000000 0.291562
1429.000000 0.203711
1430.000000 0.157186
1431.000000 0.083772
1432.000000 0.198362
1433.000000 0.254226
1434.000000 0.376299
1435.000000 0.201895
1436.000000 0.178813
1437.000000 0.082190
1438.000000 0.285566
1439.000000 0.115611
1440.000000 0.209225
1441.000000 0.320217
1442.000000 0.142057
1443.000000 0.330295
1444.000000 0.310069
1445.000000 0.391812
1446.000000 0.070626
1447.000000 0.382318
1448.000000 0.137766
1449.000000 0.093117
1450.000000 0.252385
1451.000000 0.537565
1452.000000 0.129783
1453.000000 0.129580
1454.000000 0.043525
1455.000000 0.177600
1456.000000 0.157727
1457.000000 0.106259
1458.000000 0.305812
1459.000000 0.369302
1460.000000 0.337310
1461.000000 0.140176
1462.000000 0.372774
1463.000000 0.350789
1464.000000 0.095001
1465.000000 0.031277
1466.000000 0.147834
1467.000000 0.479999
1468.000000 0.113767
1469.000000 0.235099
1470.000000 0.423572
1471.000000 0.301531
1472.000000 0.328544
1473.000000 0.142796
1474.000000 0.293898
1475.000000 0.142306
1476.000000 0.140225
1477.000000 0.050033
1478.000000 0.229689
1479.000000 0.048122
1480.000000 0.420183
1481.000000 0.108842
1482.000000 0.059533
1483.000000 0.182127
1484.000000 0.210736
1485.000000 0.247663
1486.000000 0.239014
1487.000000 0.169347
1488.000000 0.370020
1489.000000 0.302825
1490.000000 0.101341
1491.000000 0.219559
1492.000000 0.113173
1493.000000 0.035440
1494.000000 0.470803
1495.000000 0.206043
1496.000000 0.385232
1497.000000 0.096322
1498.000000 0.135787
1499.000000 0.142428
1500.000000 0.081161
1501.000000 0.099380
1502.000000 0.114916
1503.000000 0.379493
1504.000000 0.311638
1505.000000 0.319598
1506.000000 0.063226
1507.000000 0.222023
1508.000000 0.259306
1509.000000 0.240371
1510.000000 0.293366
1511.000000 0.046351
1512.000000 0.197839
1513.000000 0.336420
1514.000000 0.376647
1515.000000 0.059242
1516.000000 0.216145
1517.000000 0.087477
1518.000000 0.402200
1519.000000 0.348955
1520.000000 0.309006
1521.000000 0.241909
1522.000000 0.235694
1523.000000 0.510976
1524.000000 0.176200
1525.000000 0.176935
1526.000000 0.162151
1527.000000 0.130172
1528.000000 0.354349
1529.000000 0.209751
1530.000000 0.077764
1531.000000 0.123754
1532.000000 0.212003
1533.000000 0.390740
1534.000000 0.116635
1535.000000 0.066599
1536.000000 0.338261
1537.000000 0.166475
1538.000000 0.187908
1539.000000 0.120710
1540.000000 0.401122
1541.000000 0.159883
1542.000000 0.299881
1543.000000 0.260121
1544.000000 0.380409
1545.000000 0.462667
1546.000000 0.088652
1547.000000 0.120536
1548.000000 0.176458
1549.000000 0.062706
1550.000000 0.217216
1551.000000 0.314649
1552.000000 0.334861
1553.000000 0.243165
1554.000000 0.173763
1555.000000 0.325530
1556.000000 0.377674
1557.000000 0.254140
1558.000000 0.325849
1559.000000 0.360020
1560.000000 0.215719
1561.000000 0.177249
1562.000000 0.204565
1563.000000 0.136054
1564.000000 0.285572
1565.000000 0.404191
1566.000000 0.067419
1567.000000 0.122396
1568.000000 0.210623
1569.000000 0.365964
1570.000000 0.298685
1571.000000 0.049678
1572.000000 0.345035
1573.000000 0.258271
1574.000000 0.197091
1575.000000 0.145116
1576.000000 0.327635
1577.000000 0.264916
1578.000000 0.232876
1579.000000 0.215766
1580.000000 0.350844
1581.000000 0.012127
1582.000000 0.314499
1583.000000 0.219857
1584.000000 0.104420
1585.000000 0.194661
1586.000000 0.269712
1587.000000 0.343672
1588.000000 0.264313
1589.000000 0.421865
1590.000000 0.411549
1591.000000 0.445477
1592.000000 0.247727
1593.000000 0.332237
1594.000000 0.371291
1595.000000 0.366205
1596.000000 0.209150
1597.000000 0.211412
1598.000000 0.289572
1599.000000 0.044334
1600.000000 0.223546
1601.000000 0.263115
1602.000000 0.285865
1603.000000 0.288838
1604.000000 0.140370
1605.000000 0.339710
1606.000000 0.220320
1607.000000 0.132652
1608.000000 0.126833
1609.000000 0.194933
1610.000000 0.307304
1611.000000 0.337935
1612.000000 0.244949
1613.000000 0.389706
1614.000000 0.296209
1615.000000 0.237378
1616.000000 0.252286
1617.000000 0.069018
1618.000000 0.368942
1619.000000 0.385307
1620.000000 0.030987
1621.000000 0.286480
1622.000000 0.240794
1623.000000 0.153012
1624.000000 0.201301
1625.000000 0.379766
1626.000000 0.171198
1627.000000 0.152969
1628.000000 0.059596
1629.000000 0.205665
1630.000000 0.288370
1631.000000 0.361004
1632.000000 0.149406
1633.000000 0.146864
1634.000000 0.091760
1635.000000 0.529024
1636.000000 0.167532
1637.000000 0.404471
1638.000000 0.511772
1639.000000 0.311903
1640.000000 0.291656
1641.000000 0.133783
1642.000000 0.506468
1643.000000 0.623039
1644.000000 0.217132
1645.000000 0.258039
1646.000000 0.266296
1647.000000 0.085891
1648.000000 0.214509
1649.000000 0.222718
1650.000000 0.108834
1651.000000 0.292282
1652.000000 0.194990
1653.000000 0.291179
1654.000000 0.144717
1655.000000 0.067758
1656.000000 0.187878
1657.000000 0.153338
1658.000000 0.317002
1659.000000 0.261039
1660.000000 0.246430
1661.000000 0.122899
1662.000000 0.315528
1663.000000 0.165924
1664.000000 0.451803
1665.000000 0.109668
1666.000000 0.382923
1667.000000 0.117732
1668.000000 0.298159
1669.000000 0.234446
1670.000000 0.359187
1671.000000 0.346025
1672.000000 0.061439
1673.000000 0.277208
1674.000000 0.208874
1675.000000 0.227380
1676.000000 0.394958
1677.000000 0.179077
1678.000000 0.161530
1679.000000 0.405419
1680.000000 0.361341
1681.000000 0.366443
1682.000000 0.277542
1683.000000 0.189363
1684.000000 0.146471
1685.000000 0.379890
1686.000000 0.081474
1687.000000 0.175003
1688.000000 0.344802
1689.000000 0.351277
1690.000000 0.122039
1691.000000 0.069133
1692.000000 0.186217
1693.000000 0.208208
1694.000000 0.223258
1695.000000 0.211542
1696.000000 0.185105
1697.000000 0.438735
1698.000000 0.078411
1699.000000 0.246673
1700.000000 0.233448
1701.000000 0.043527
1702.000000 0.116163
1703.000000 0.228188
1704.000000 0.167419
1705.000000 0.203134
1706.000000 0.136066
1707.000000 0.269523
1708.000000 0.143145
1709.000000 0.147749
1710.000000 0.239081
1711.000000 0.418923
1712.000000 0.214259
1713.000000 0.161006
1714.000000 0.237368
1715.000000 0.207125
1716.000000 0.145502
1717.000000 0.265127
1718.000000 0.226485
1719.000000 0.029578
1720.000000 0.198005
1721.000000 0.074815
1722.000000 0.342235
1723.000000 0.175607
1724.000000 0.401319
1725.000000 0.403769
1726.000000 0.228807
1727.000000 0.099570
1728.000000 0.126724
1729.000000 0.281646
1730.000000 0.101624
1731.000000 0.225270
1732.000000 0.513932
1733.000000 0.401534
1734.000000 0.145554
1735.000000 0.192918
1736.000000 0.507981
1737.000000 0.114680
1738.000000 0.292514
1739.000000 0.403638
1740.000000 0.361064
1741.000000 0.273276
1742.000000 0.052779
1743.000000 0.241384
1744.000000 0.086519
1745.000000 0.110252
1746.000000 0.053540
1747.000000 0.219635
1748.000000 0.132339
1749.000000 0.192957
1750.000000 0.122736
1751.000000 0.352603
1752.000000 0.471227
1753.000000 0.131251
1754.000000 0.141251
1755.000000 0.110317
1756.000000 0.283342
1757.000000 0.242704
1758.000000 0.312065
1759.000000 0.312877
1760.000000 0.052060
1761.000000 0.124351
1762.000000 0.189918
1763.000000 0.081020
1764.000000 0.273583
1765.000000 0.229662
1766.000000 0.236968
1767.000000 0.418544
1768.000000 0.465147
1769.000000 0.375412
1770.000000 0.345993
1771.000000 0.197038
1772.000000 0.303645
1773.000000 0.060376
1774.000000 0.278617
1775.000000 0.144344
1776.000000 0.183839
1777.000000 0.275348
1778.000000 0.356377
1779.000000 0.534844
1780.000000 0.140538
1781.000000 0.257664
1782.000000 0.195303
1783.000000 0.519647
1784.000000 0.202103
1785.000000 0.223003
1786.000000 0.160706
1787.000000 0.196994
1788.000000 0.163122
1789.000000 0.298261
1790.000000 0.487366
1791.000000 0.358229
1792.000000 0.146322
1793.000000 0.331782
1794.000000 0.150248
1795.000000 0.180034
1796.000000 0.128752
1797.000000 0.261267
1798.000000 0.218387
1799.000000 0.220431
1800.000000 0.333330
1801.000000 0.175124
1802.000000 0.212826
1803.000000 0.086165
1804.000000 0.291018
1805.000000 0.343269
1806.000000 0.069477
1807.000000 0.202792
1808.000000 0.255273
1809.000000 0.347769
1810.000000 0.108091
1811.000000 0.343389
1812.000000 0.209649
1813.000000 0.102972
1814.000000 0.122879
1815.000000 0.258127
1816.000000 0.334042
1817.000000 0.436081
1818.000000 0.210380
1819.000000 0.044598
1820.000000 0.231166
1821.000000 0.098037
1822.000000 0.148382
1823.000000 0.160092
1824.000000 0.302953
1825.000000 0.170323
1826.000000 0.332520
1827.000000 0.171484
1828.000000 0.353790
1829.000000 0.229291
1830.000000 0.106493
1831.000000 0.184019
1832.000000 0.047950
1833.000000 0.165826
1834.000000 0.171934
1835.000000 0.257584
1836.000000 0.092576
1837.000000 0.173816
1838.000000 0.132238
1839.000000 0.409804
1840.000000 0.233475
1841.000000 0.363379
1842.000000 0.348928
1843.000000 0.146591
1844.000000 0.144528
1845.000000 0.322400
1846.000000 0.101384
1847.000000 0.266799
1848.000000 0.063071
1849.000000 0.056028
1850.000000 0.173644
1851.000000 0.361627
1852.000000 0.177202
1853.000000 0.444216
1854.000000 0.492438
1855.000000 0.452934
1856.000000 0.142729
1857.000000 0.214970
1858.000000 0.170144
1859.000000 0.081843
1860.000000 0.172527
1861.000000 0.392805
1862.000000 0.085461
1863.000000 0.186369
1864.000000 0.133183
1865.000000 0.249090
1866.000000 0.109471
1867.000000 0.377827
1868.000000 0.454766
1869.000000 0.189907
1870.000000 0.295778
1871.000000 0.099132
1872.000000 0.141930
1873.000000 0.141261
1874.000000 0.250028
1875.000000 0.189535
1876.000000 0.182799
1877.000000 0.161061
1878.000000 0.107925
1879.000000 0.139008
1880.000000 0.333604
1881.000000 0.372825
1882.000000 0.132043
1883.000000 0.298698
1884.000000 0.098345
1885.000000 0.561195
1886.000000 0.264820
1887.000000 0.095190
1888.000000 0.004926
1889.000000 0.189863
1890.000000 0.033686
1891.000000 0.104502
1892.000000 0.208833
1893.000000 0.150538
1894.000000 0.128472
1895.000000 0.393438
1896.000000 0.416350
1897.000000 0.271658
1898.000000 0.249961
1899.000000 0.143775
1900.000000 0.160008
1901.000000 0.502018
1902.000000 0.115448
1903.000000 0.222524
1904.000000 0.218001
1905.000000 0.136437
1906.000000 0.409830
1907.000000 0.299345
1908.000000 0.082210
1909.000000 0.358770
1910.000000 0.236623
1911.000000 0.344329
1912.000000 0.215981
1913.000000 0.171802
1914.000000 0.185849
1915.000000 0.015892
1916.000000 0.200757
1917.000000 0.339154
1918.000000 0.018129
1919.000000 0.227029
1920.000000 0.111613
1921.000000 0.073928
1922.000000 0.241912
1923.000000 0.236919
1924.000000 0.120053
1925.000000 0.159393
1926.000000 0.209398
1927.000000 0.144987
1928.000000 0.125728
1929.000000 0.145588
1930.000000 0.151792
1931.000000 0.249507
1932.000000 0.148403
1933.000000 0.159572
1934.000000 0.315132
1935.000000 0.514185
1936.000000 0.203234
1937.000000 0.041457
1938.000000 0.371224
1939.000000 0.220533
1940.000000 0.066972
1941.000000 0.365192
1942.000000 0.166374
1943.000000 0.162298
1944.000000 0.439576
1945.000000 0.288099
1946.000000 0.397221
1947.000000 0.237954
1948.000000 0.075023
1949.000000 0.265465
1950.000000 0.047231
1951.000000 0.220755
1952.000000 0.172271
1953.000000 0.158654
1954.000000 0.224564
1955.000000 0.305982
1956.000000 0.138106
1957.000000 0.168752
1958.000000 0.111444
1959.000000 0.292803
1960.000000 0.439580
1961.000000 0.163889
1962.000000 0.332347
1963.000000 0.137652
1964.000000 0.213427
1965.000000 0.217413
1966.000000 0.243511
1967.000000 0.123456
1968.000000 0.237732
1969.000000 0.261421
1970.000000 0.135769
1971.000000 0.205568
1972.000000 0.103663
1973.000000 0.267515
1974.000000 0.214441
1975.000000 0.082961
1976.000000 0.077408
1977.000000 0.095565
1978.000000 0.255829
1979.000000 0.366629
1980.000000 0.155030
1981.000000 0.356215
1982.000000 0.055123
1983.000000 0.090448
1984.000000 0.195817
1985.000000 0.081850
1986.000000 0.079114
1987.000000 0.187034
1988.000000 0.282174
1989.000000 0.131076
1990.000000 0.239124
1991.000000 0.363632
1992.000000 0.138986
1993.000000 0.175847
1994.000000 0.393476
1995.000000 0.474282
1996.000000 0.349739
1997.000000 0.030864
1998.000000 0.359765
1999.000000 0.381696
2000.000000 0.069927
2001.000000 0.440860
2002.000000 0.200063
2003.000000 0.252631
2004.000000 0.122422
2005.000000 0.189466
2006.000000 0.240562
2007.000000 0.008118
2008.000000 0.407810
2009.000000 0.281533
2010.000000 0.170262
2011.000000 0.175549
2012.000000 0.310850
2013.000000 0.106359
2014.000000 0.310044
2015.000000 0.215549
2016.000000 0.326884
2017.000000 0.267616
2018.000000 0.166231
2019.000000 0.126257
2020.000000 0.298866
2021.000000 0.234218
2022.000000 0.271943
2023.000000 0.270173
2024.000000 0.227217
2025.000000 0.222323
2026.000000 0.407432
2027.000000 0.116826
2028.000000 0.190915
2029.000000 0.365818
2030.000000 0.226614
2031.000000 0.043931
2032.000000 0.080837
2033.000000 0.122635
2034.000000 0.274457
2035.000000 0.459332
2036.000000 0.278109
2037.000000 0.205389
2038.000000 0.370478
2039.000000 0.186777
2040.000000 0.308404
2041.000000 0.107430
2042.000000 0.086359
2043.000000 0.125775
2044.000000 0.136846
2045.000000 0.155967
2046.000000 0.382935
2047.000000 0.148039
2048.000000 0.244312
2049.000000 0.133572
2050.000000 0.195937
2051.000000 0.325673
2052.000000 0.252074
2053.000000 0.280147
2054.000000 0.106725
2055.000000 0.153187
2056.000000 0.235095
2057.000000 0.058111
2058.000000 0.266387
2059.000000 0.358920
2060.000000 0.464697
2061.000000 0.154344
2062.000000 0.141870
2063.000000 0.068684
2064.000000 0.275433
2065.000000 0.379051
2066.000000 0.244038
2067.000000 0.250785
2068.000000 0.013050
2069.000000 0.114821
2070.000000 0.238589
2071.000000 0.196582
2072.000000 0.401836
2073.000000 0.384970
2074.000000 0.468753
2075.000000 0.529562
2076.000000 0.216684
2077.000000 0.333279
2078.000000 0.105496
2079.000000 0.279088
2080.000000 0.294153
2081.000000 0.352795
2082.000000 0.146659
2083.000000 0.387801
2084.000000 0.153346
2085.000000 0.352112
2086.000000 0.352468
2087.000000 0.140245
2088.000000 0.286904
2089.000000 0.118527
2090.000000 0.362090
2091.000000 0.294963
2092.000000 0.020073
2093.000000 0.157931
2094.000000 0.162760
2095.000000 0.139704
2096.000000 0.337568
2097.000000 0.091788
2098.000000 0.064018
2099.000000 0.237236
2100.000000 0.162427
2101.000000 0.189366
2102.000000 0.283606
2103.000000 0.075555
2104.000000 0.304202
2105.000000 0.274008
2106.000000 0.108601
2107.000000 0.251282
2108.000000 0.280366
2109.000000 0.228846
2110.000000 0.161965
2111.000000 0.262431
2112.000000 0.220153
2113.000000 0.263734
2114.000000 0.132642
2115.000000 0.133902
2116.000000 0.223365
2117.000000 0.251857
2118.000000 0.211872
2119.000000 0.091506
2120.000000 0.404950
2121.000000 0.274043
2122.000000 0.213811
2123.000000 0.156427
2124.000000 0.237482
2125.000000 0.298518
2126.000000 0.131764
2127.000000 0.126878
2128.000000 0.267553
2129.000000 0.277078
2130.000000 0.059456
2131.000000 0.299083
2132.000000 0.262489
2133.000000 0.209455
2134.000000 0.237435
2135.000000 0.120080
2136.000000 0.393478
2137.000000 0.083909
2138.000000 0.100326
2139.000000 0.374929
2140.000000 0.248097
2141.000000 0.146482
2142.000000 0.197311
2143.000000 0.109152
2144.000000 0.048590
2145.000000 0.135645
2146.000000 0.401697
2147.000000 0.208880
2148.000000 0.364154
2149.000000 0.057861
2150.000000 0.241332
2151.000000 0.223051
2152.000000 0.381857
2153.000000 0.123860
2154.000000 0.097769
2155.000000 0.325620
2156.000000 0.191987
2157.000000 0.187020
2158.000000 0.099749
2159.000000 0.136165
2160.000000 0.095536
2161.000000 0.269930
2162.000000 0.042898
2163.000000 0.312723
2164.000000 0.174250
2165.000000 0.309407
2166.000000 0.517162
2167.000000 0.289246
2168.000000 0.080164
2169.000000 0.212543
2170.000000 0.212721
2171.000000 0.088208
2172.000000 0.218790
2173.000000 0.196742
2174.000000 0.116165
2175.000000 0.492953
2176.000000 0.211539
2177.000000 0.398037
2178.000000 0.235343
2179.000000 0.418410
2180.000000 0.422966
2181.000000 0.151931
2182.000000 0.146367
2183.000000 0.283930
2184.000000 0.213156
2185.000000 0.193981
2186.000000 0.197832
2187.000000 0.192019
2188.000000 0.177061
2189.000000 0.231811
2190.000000 0.063597
2191.000000 0.259519
2192.000000 0.418217
2193.000000 0.353201
2194.000000 0.258530
2195.000000 0.146727
2196.000000 0.427653
2197.000000 0.208323
2198.000000 0.212387
2199.000000 0.240671
2200.000000 0.476129
2201.000000 0.125070
2202.000000 0.336408
2203.000000 0.057866
2204.000000 0.124230
2205.000000 0.229919
2206.000000 0.244394
2207.000000 0.168313
2208.000000 0.268879
2209.000000 0.155860
2210.000000 0.025949
2211.000000 0.230950
2212.000000 0.461238
2213.000000 0.027020
2214.000000 0.232443
2215.000000 0.327824
2216.000000 0.271197
2217.000000 0.357501
2218.000000 0.130424
2219.000000 0.281897
2220.000000 0.244321
2221.000000 0.540380
2222.000000 0.068690
2223.000000 0.292722
2224.000000 0.264984
2225.000000 0.277859
2226.000000 0.475260
2227.000000 0.315176
2228.000000 0.083631
2229.000000 0.331172
2230.000000 0.387168
2231.000000 0.169128
2232.000000 0.416001
2233.000000 0.240878
2234.000000 0.304080
2235.000000 0.077872
2236.000000 0.167613
2237.000000 0.215242
2238.000000 0.168777
2239.000000 0.100791
2240.000000 0.242437
2241.000000 0.185894
2242.000000 0.190005
2243.000000 0.387392
2244.000000 0.254025
2245.000000 0.320099
2246.000000 0.242762
2247.000000 0.127487
2248.000000 0.543122
2249.000000 0.315237
2250.000000 0.116690
2251.000000 0.497950
2252.000000 0.091321
2253.000000 0.242304
2254.000000 0.211065
2255.000000 0.324029
2256.000000 0.332951
2257.000000 0.100064
2258.000000 0.159308
2259.000000 0.362545
2260.000000 0.112465
2261.000000 0.225553
2262.000000 0.042444
2263.000000 0.221451
2264.000000 0.316192
2265.000000 0.269494
2266.000000 0.012559
2267.000000 0.190339
2268.000000 0.322030
2269.000000 0.050732
2270.000000 0.479517
2271.000000 0.183419
2272.000000 0.275688
2273.000000 0.273480
2274.000000 0.309236
2275.000000 0.279406
2276.000000 0.269169
2277.000000 0.297318
2278.000000 0.147866
2279.000000 0.437322
2280.000000 0.179634
2281.000000 0.225405
2282.000000 0.689419
2283.000000 0.259525
2284.000000 0.130410
2285.000000 0.238284
2286.000000 0.159957
2287.000000 0.283484
2288.000000 0.303270
2289.000000 0.421533
2290.000000 0.142417
2291.000000 0.325614
2292.000000 0.113994
2293.000000 0.406935
2294.000000 0.061481
2295.000000 0.085183
2296.000000 0.059209
2297.000000 0.267921
2298.000000 0.154482
2299.000000 0.140305
2300.000000 0.071548
2301.000000 0.077196
2302.000000 0.085008
2303.000000 0.113176
2304.000000 0.351332
2305.000000 0.144393
2306.000000 0.297625
2307.000000 0.103351
2308.000000 0.290879
2309.000000 0.245027
2310.000000 0.421555
2311.000000 0.055221
2312.000000 0.279304
2313.000000 0.057556
2314.000000 0.370348
2315.000000 0.300983
2316.000000 0.238992
2317.000000 0.372820
2318.000000 0.271042
2319.000000 0.060191
2320.000000 0.076816
2321.000000 0.267869
2322.000000 0.347842
2323.000000 0.044545
2324.000000 0.032715
2325.000000 0.515235
2326.000000 0.143569
2327.000000 0.137512
2328.000000 0.242879
2329.000000 0.362805
2330.000000 0.180700
2331.000000 0.185483
2332.000000 0.445178
2333.000000 0.354416
2334.000000 0.206476
2335.000000 0.136521
2336.000000 0.383173
2337.000000 0.297983
2338.000000 0.195289
2339.000000 0.122099
2340.000000 0.091501
2341.000000 0.223009
2342.000000 0.281183
2343.000000 0.119142
2344.000000 0.406160
2345.000000 0.196129
2346.000000 0.333644
2347.000000 0.166174
2348.000000 0.391466
2349.000000 0.141346
2350.000000 0.411836
2351.000000 0.139912
2352.000000 0.287642
2353.000000 0.265439
2354.000000 0.100271
2355.000000 0.222270
2356.000000 0.196842
2357.000000 0.164750
2358.000000 0.197624
2359.000000 0.213143
2360.000000 0.149041
2361.000000 0.184131
2362.000000 0.272404
2363.000000 0.139720
2364.000000 0.291045
2365.000000 0.118779
2366.000000 0.263450
2367.000000 0.223316
2368.000000 0.112916
2369.000000 0.204218
2370.000000 0.169063
2371.000000 0.428815
2372.000000 0.447233
2373.000000 0.244537
2374.000000 0.296752
2375.000000 0.372772
2376.000000 0.010328
2377.000000 0.131324
2378.000000 0.006764
2379.000000 0.280385
2380.000000 0.435476
2381.000000 0.065854
2382.000000 0.122564
2383.000000 0.075649
2384.000000 0.138209
2385.000000 0.252350
2386.000000 0.187296
2387.000000 0.374570
2388.000000 0.233641
2389.000000 0.078191
2390.000000 0.024298
2391.000000 0.146426
2392.000000 0.116584
2393.000000 0.201965
2394.000000 0.173493
2395.000000 0.262681
2396.000000 0.143047
2397.000000 0.444693
2398.000000 0.214730
2399.000000 0.260912
2400.000000 0.112038
2401.000000 0.156221
2402.000000 0.143265
2403.000000 0.400014
2404.000000 0.189093
2405.000000 0.310813
2406.000000 0.285541
2407.000000 0.170595
2408.000000 0.304720
2409.000000 0.129783
2410.000000 0.240660
2411.000000 0.458882
2412.000000 0.081729
2413.000000 0.137707
2414.000000 0.183395
2415.000000 0.173829
2416.000000 0.134792
2417.000000 0.340901
2418.000000 0.444070
2419.000000 0.179208
2420.000000 0.216786
2421.000000 0.552369
2422.000000 0.162912
2423.000000 0.238202
2424.000000 0.236576
2425.000000 0.291815
2426.000000 0.250886
2427.000000 0.073955
2428.000000 0.359371
2429.000000 0.062103
2430.000000 0.070726
2431.000000 0.160320
2432.000000 0.309330
2433.000000 0.275314
2434.000000 0.339009
2435.000000 0.239875
2436.000000 0.069543
2437.000000 0.276508
2438.000000 0.155884
2439.000000 0.136259
2440.000000 0.274947
2441.000000 0.280002
2442.000000 0.300952
2443.000000 0.402800
2444.000000 0.343484
2445.000000 0.411067
2446.000000 0.188925
2447.000000 0.357880
2448.000000 0.345235
2449.000000 0.248166
2450.000000 0.051411
2451.000000 0.200672
2452.000000 0.263709
2453.000000 0.432247
2454.000000 0.225254
2455.000000 0.125290
2456.000000 0.262487
2457.000000 0.032626
2458.000000 0.253289
2459.000000 0.119024
2460.000000 0.183434
2461.000000 0.218509
2462.000000 0.363742
2463.000000 0.225488
2464.000000 0.081209
2465.000000 0.136010
2466.000000 0.342098
2467.000000 0.161192
2468.000000 0.284448
2469.000000 0.191598
2470.000000 0.178629
2471.000000 0.095645
2472.000000 0.076728
2473.000000 0.136226
2474.000000 0.454848
2475.000000 0.282701
2476.000000 0.177696
2477.000000 0.175707
2478.000000 0.155838
2479.000000 0.226394
2480.000000 0.311763
2481.000000 0.154983
2482.000000 0.089272
2483.000000 0.200740
2484.000000 0.071922
2485.000000 0.268618
2486.000000 0.465193
2487.000000 0.194535
2488.000000 0.376148
2489.000000 0.446112
2490.000000 0.070604
2491.000000 0.219856
2492.000000 0.081904
2493.000000 0.110742
2494.000000 0.124483
2495.000000 0.305096
2496.000000 0.456280
2497.000000 0.387644
2498.000000 0.189244
2499.000000 0.209200
2500.000000 0.056041
2501.000000 0.502986
2502.000000 0.322001
2503.000000 0.344297
2504.000000 0.354832
2505.000000 0.403602
2506.000000 0.030737
2507.000000 0.084219
2508.000000 0.141790
2509.000000 0.280733
2510.000000 0.158239
2511.000000 0.249498
2512.000000 0.305649
2513.000000 0.124748
2514.000000 0.076323
2515.000000 0.354125
2516.000000 0.160883
2517.000000 0.263739
2518.000000 0.223217
2519.000000 0.180295
2520.000000 0.122095
2521.000000 0.158092
2522.000000 0.232752
2523.000000 0.356587
2524.000000 0.306404
2525.000000 0.195007
2526.000000 0.261320
2527.000000 0.305109
2528.000000 0.093701
2529.000000 0.020752
2530.000000 0.124555
2531.000000 0.176938
2532.000000 0.240229
2533.000000 0.627159
2534.000000 0.377188
2535.000000 0.392246
2536.000000 0.341309
2537.000000 0.335637
2538.000000 0.308163
2539.000000 0.110810
2540.000000 0.192065
2541.000000 0.211605
2542.000000 0.343332
2543.000000 0.160847
2544.000000 0.044560
2545.000000 0.227805
2546.000000 0.300763
2547.000000 0.274133
2548.000000 0.256390
2549.000000 0.115569
2550.000000 0.170627
2551.000000 0.210984
2552.000000 0.218131
2553.000000 0.108530
2554.000000 0.126677
2555.000000 0.177833
2556.000000 0.158146
2557.000000 0.121079
2558.000000 0.254014
2559.000000 0.295362
2560.000000 0.182754
2561.000000 0.113687
2562.000000 0.100564
2563.000000 0.040562
2564.000000 0.076601
2565.000000 0.552326
2566.000000 0.140958
2567.000000 0.178779
2568.000000 0.111081
2569.000000 0.453448
2570.000000 0.175687
2571.000000 0.031343
2572.000000 0.316485
2573.000000 0.393561
2574.000000 0.438734
2575.000000 0.323714
2576.000000 0.256613
2577.000000 0.120830
2578.000000 0.275222
2579.000000 0.206748
2580.000000 0.027876
2581.000000 0.360983
2582.000000 0.126912
2583.000000 0.405367
2584.000000 0.323349
2585.000000 0.453274
2586.000000 0.288298
2587.000000 0.182076
2588.000000 0.361742
2589.000000 0.160669
2590.000000 0.213106
2591.000000 0.153707
2592.000000 0.318324
2593.000000 0.138890
2594.000000 0.214923
2595.000000 0.431885
2596.000000 0.088319
2597.000000 0.300818
2598.000000 0.257380
2599.000000 0.228907
2600.000000 0.159135
2601.000000 0.023529
2602.000000 0.212226
2603.000000 0.061817
2604.000000 0.432489
2605.000000 0.112930
2606.000000 0.411802
2607.000000 0.382807
2608.000000 0.259093
2609.000000 0.302724
2610.000000 0.343827
2611.000000 0.053598
2612.000000 0.343099
2613.000000 0.095028
2614.000000 0.177285
2615.000000 0.404526
2616.000000 0.127409
2617.000000 0.348439
2618.000000 0.059454
2619.000000 0.052124
2620.000000 0.197005
2621.000000 0.212234
2622.000000 0.209332
2623.000000 0.118977
2624.000000 0.345527
2625.000000 0.167025
2626.000000 0.392393
2627.000000 0.247853
2628.000000 0.157509
2629.000000 0.171922
2630.000000 0.241926
2631.000000 0.264565
2632.000000 0.036235
2633.000000 0.170262
2634.000000 0.161742
2635.000000 0.154926
2636.000000 0.347190
2637.000000 0.144163
2638.000000 0.077462
2639.000000 0.303171
2640.000000 0.314462
2641.000000 0.516572
2642.000000 0.029752
2643.000000 0.106077
2644.000000 0.202154
2645.000000 0.101596
2646.000000 0.224513
2647.000000 0.222626
2648.000000 0.180626
2649.000000 0.486302
2650.000000 0.231399
2651.000000 0.160559
2652.000000 0.241616
2653.000000 0.135116
2654.000000 0.334948
2655.000000 0.182324
2656.000000 0.207317
2657.000000 0.076922
2658.000000 0.174674
2659.000000 0.423142
2660.000000 0.139252
2661.000000 0.298791
2662.000000 0.375847
2663.000000 0.408624
2664.000000 0.332390
2665.000000 0.097022
2666.000000 0.097337
2667.000000 0.312272
2668.000000 0.332157
2669.000000 0.270216
2670.000000 0.198351
2671.000000 0.505633
2672.000000 0.282687
2673.000000 0.285893
2674.000000 0.215319
2675.000000 0.338270
2676.000000 0.311505
2677.000000 0.025166
2678.000000 0.108885
2679.000000 0.212473
2680.000000 0.260764
2681.000000 0.118290
2682.000000 0.389226
2683.000000 0.167588
2684.000000 0.004992
2685.000000 0.139239
2686.000000 0.375778
2687.000000 0.130317
2688.000000 0.222798
2689.000000 0.025312
2690.000000 0.220642
2691.000000 0.172456
2692.000000 0.192035
2693.000000 0.092080
2694.000000 0.307310
2695.000000 0.081936
2696.000000 0.034767
2697.000000 0.162155
2698.000000 0.160792
2699.000000 0.177673
2700.000000 0.235146
2701.000000 0.005820
2702.000000 0.132521
2703.000000 0.195006
2704.000000 0.062709
2705.000000 0.097538
2706.000000 0.339911
2707.000000 0.275829
2708.000000 0.218219
2709.000000 0.263018
2710.000000 0.082088
2711.000000 0.141757
2712.000000 0.137004
2713.000000 0.125783
2714.000000 0.370789
2715.000000 0.340761
2716.000000 0.038756
2717.000000 0.248203
2718.000000 0.261636
2719.000000 0.224531
2720.000000 0.234813
2721.000000 0.238270
2722.000000 0.448438
2723.000000 0.098302
2724.000000 0.158748
2725.000000 0.290570
2726.000000 0.517830
2727.000000 0.135957
2728.000000 0.402191
2729.000000 0.156516
2730.000000 0.201525
2731.000000 0.345794
2732.000000 0.099023
2733.000000 0.140684
2734.000000 0.382357
2735.000000 0.210011
2736.000000 0.133840
2737.000000 0.046728
2738.000000 0.196742
2739.000000 0.262441
2740.000000 0.258054
2741.000000 0.202366
2742.000000 0.079525
2743.000000 0.128051
2744.000000 0.287844
2745.000000 0.275191
2746.000000 0.183415
2747.000000 0.038926
2748.000000 0.059372
2749.000000 0.029835
2750.000000 0.367397
2751.000000 0.255306
2752.000000 0.121698
2753.000000 0.173235
2754.000000 0.278243
2755.000000 0.323538
2756.000000 0.026064
2757.000000 0.138993
2758.000000 0.418131
2759.000000 0.297463
2760.000000 0.422140
2761.000000 0.278314
2762.000000 0.229176
2763.000000 0.277454
2764.000000 0.173086
2765.000000 0.168932
2766.000000 0.143507
2767.000000 0.312015
2768.000000 0.359890
2769.000000 0.275069
2770.000000 0.279558
2771.000000 0.413845
2772.000000 0.406371
2773.000000 0.202348
2774.000000 0.414865
2775.000000 0.478371
2776.000000 0.193551
2777.000000 0.176043
2778.000000 0.177081
2779.000000 0.277436
2780.000000 0.187341
2781.000000 0.266885
2782.000000 0.203738
2783.000000 0.433535
2784.000000 0.322535
2785.000000 0.045443
2786.000000 0.385191
2787.000000 0.191502
2788.000000 0.074391
2789.000000 0.492257
2790.000000 0.297793
2791.000000 0.272773
2792.000000 0.420688
2793.000000 0.275479
2794.000000 0.218799
2795.000000 0.356055
2796.000000 0.196218
2797.000000 0.050684
2798.000000 0.380173
2799.000000 0.362665
2800.000000 0.186265
2801.000000 0.252585
2802.000000 0.181487
2803.000000 0.471800
2804.000000 0.143508
2805.000000 0.138664
2806.000000 0.140404
2807.000000 0.187597
2808.000000 0.242660
2809.000000 0.335098
2810.000000 0.329054
2811.000000 0.003197
2812.000000 0.163147
2813.000000 0.269267
2814.000000 0.226073
2815.000000 0.121092
2816.000000 0.255513
2817.000000 0.222729
2818.000000 0.134177
2819.000000 0.092059
2820.000000 0.362832
2821.000000 0.415871
2822.000000 0.251182
2823.000000 0.143318
2824.000000 0.190135
2825.000000 0.055065
2826.000000 0.062953
2827.000000 0.387955
2828.000000 0.135317
2829.000000 0.379882
2830.000000 0.112512
2831.000000 0.176752
2832.000000 0.158938
2833.000000 0.553622
2834.000000 0.241937
2835.000000 0.191083
2836.000000 0.328004
2837.000000 0.042420
2838.000000 0.409506
2839.000000 0.323603
2840.000000 0.351553
2841.000000 0.024068
2842.000000 0.221406
2843.000000 0.273733
2844.000000 0.475794
2845.000000 0.215650
2846.000000 0.116587
2847.000000 0.120005
2848.000000 0.138277
2849.000000 0.216820
2850.000000 0.244793
2851.000000 0.665841
2852.000000 0.263439
2853.000000 0.217402
2854.000000 0.224832
2855.000000 0.272585
2856.000000 0.149618
2857.000000 0.178859
2858.000000 0.362481
2859.000000 0.401733
2860.000000 0.254584
2861.000000 0.106491
2862.000000 0.240787
2863.000000 0.316708
2864.000000 0.229759
2865.000000 0.111228
2866.000000 0.187979
2867.000000 0.399337
2868.000000 0.138218
2869.000000 0.135219
2870.000000 0.193995
2871.000000 0.012797
2872.000000 0.584499
2873.000000 0.069307
2874.000000 0.292389
2875.000000 0.224634
2876.000000 0.159973
2877.000000 0.171810
2878.000000 0.159896
2879.000000 0.334861
2880.000000 0.358633
2881.000000 0.174257
2882.000000 0.218217
2883.000000 0.164765
2884.000000 0.146192
2885.000000 0.240083
2886.000000 0.466323
2887.000000 0.126333
2888.000000 0.469270
2889.000000 0.362697
2890.000000 0.262202
2891.000000 0.300073
2892.000000 0.158385
2893.000000 0.204035
2894.000000 0.276481
2895.000000 0.266861
2896.000000 0.047591
2897.000000 0.146506
2898.000000 0.158698
2899.000000 0.021994
2900.000000 0.243340
2901.000000 0.103942
2902.000000 0.303635
2903.000000 0.254396
2904.000000 0.192647
2905.000000 0.221668
2906.000000 0.087827
2907.000000 0.094057
2908.000000 0.302815
2909.000000 0.446452
2910.000000 0.417806
2911.000000 0.148447
2912.000000 0.197194
2913.000000 0.273226
2914.000000 0.449669
2915.000000 0.189874
2916.000000 0.286447
2917.000000 0.068789
2918.000000 0.073870
2919.000000 0.253404
2920.000000 0.081830
2921.000000 0.437829
2922.000000 0.144157
2923.000000 0.169420
2924.000000 0.165245
2925.000000 0.029649
2926.000000 0.135953
2927.000000 0.319658
2928.000000 0.528218
2929.000000 0.312223
2930.000000 0.287988
2931.000000 0.083373
2932.000000 0.269826
2933.000000 0.088134
2934.000000 0.290060
2935.000000 0.416749
2936.000000 0.220528
2937.000000 0.457497
2938.000000 0.099894
2939.000000 0.236121
2940.000000 0.243351
2941.000000 0.181270
2942.000000 0.212077
2943.000000 0.160487
2944.000000 0.324691
2945.000000 0.117842
2946.000000 0.190353
2947.000000 0.088015
2948.000000 0.303527
2949.000000 0.092841
2950.000000 0.180542
2951.000000 0.246858
2952.000000 0.327396
2953.000000 0.084169
2954.000000 0.335907
2955.000000 0.020904
2956.000000 0.142039
2957.000000 0.070066
2958.000000 0.188838
2959.000000 0.255553
2960.000000 0.186905
2961.000000 0.165012
2962.000000 0.070961
2963.000000 0.215066
2964.000000 0.097978
2965.000000 0.232791
2966.000000 0.293572
2967.000000 0.367671
2968.000000 0.125142
2969.000000 0.065181
2970.000000 0.378886
2971.000000 0.249844
2972.000000 0.224448
2973.000000 0.142739
2974.000000 0.294181
2975.000000 0.392633
2976.000000 0.190956
2977.000000 0.146929
2978.000000 0.204428
2979.000000 0.372625
2980.000000 0.072041
2981.000000 0.413502
2982.000000 0.259630
2983.000000 0.238124
2984.000000 0.127217
2985.000000 0.033380
2986.000000 0.085433
2987.000000 0.364854
2988.000000 0.245071
2989.000000 0.311150
2990.000000 0.210276
2991.000000 0.288018
2992.000000 0.142199
2993.000000 0.072329
2994.000000 0.216045
2995.000000 0.081612
2996.000000 0.012282
2997.000000 0.141234
2998.000000 0.124377
2999.000000 0.222646
3000.000000 0.397435
