10.000000 0.183393
20.000000 0.152492
30.000000 0.216784
40.000000 0.060495
50.000000 0.155209
60.000000 0.143933
70.000000 0.094986
80.000000 0.275450
90.000000 0.087636
100.000000 0.085951
110.000000 0.128631
120.000000 0.118049
130.000000 0.089363
140.000000 0.229171
150.000000 0.095983
160.000000 0.315011
170.000000 0.090626
180.000000 0.123578
190.000000 0.105341
200.000000 0.039132
210.000000 0.233293
220.000000 0.049704
230.000000 0.126954
240.000000 0.129247
250.000000 0.145186
260.000000 0.105041
270.000000 0.303579
280.000000 0.080798
290.000000 0.050333
300.000000 0.145612
310.000000 0.236208
320.000000 0.109888
330.000000 0.040044
340.000000 0.052885
350.000000 0.159107
360.000000 0.089690
370.000000 0.146629
380.000000 0.044039
390.000000 0.050343
400.000000 0.238083
410.000000 0.059026
420.000000 0.109105
430.000000 0.120786
440.000000 0.060239
450.000000 0.119723
460.000000 0.144438
470.000000 0.076202
480.000000 0.150227
490.000000 0.235613
500.000000 0.088864
510.000000 0.159071
520.000000 0.194682
530.000000 0.173679
540.000000 0.187933
550.000000 0.068053
560.000000 0.220535
570.000000 0.072479
580.000000 0.199935
590.000000 0.114388
600.000000 0.093911
610.000000 0.097376
620.000000 0.035231
630.000000 0.192685
640.000000 0.154518
650.000000 0.168607
660.000000 0.061985
670.000000 0.217593
680.000000 0.151806
690.000000 0.136221
700.000000 0.138034
710.000000 0.072340
720.000000 0.040846
730.000000 0.129074
740.000000 0.091383
750.000000 0.138614
760.000000 0.065734
770.000000 0.225677
780.000000 0.057327
790.000000 0.098608
800.000000 0.139652
810.000000 0.107572
820.000000 0.104404
830.000000 0.189739
840.000000 0.230177
850.000000 0.134777
860.000000 0.111467
870.000000 0.159873
880.000000 0.056657
890.000000 0.129739
900.000000 0.132673
910.000000 0.012404
920.000000 0.010904
930.000000 0.151228
940.000000 0.107968
950.000000 0.336551
960.000000 0.149918
970.000000 0.129797
980.000000 0.143492
990.000000 0.121716
1000.000000 0.047629
