0.000000 0.202233
1.000000 0.168171
2.000000 0.080478
3.000000 0.088366
4.000000 0.219786
5.000000 0.066740
6.000000 0.135465
7.000000 0.091480
8.000000 0.170725
9.000000 0.117435
10.000000 0.067326
11.000000 0.068679
12.000000 0.140537
13.000000 0.207729
14.000000 0.083887
15.000000 0.037577
16.000000 0.150289
17.000000 0.099792
18.000000 0.131344
19.000000 0.190462
20.000000 0.124584
21.000000 0.013971
22.000000 0.099435
23.000000 0.068180
24.000000 0.090928
25.000000 0.102252
26.000000 0.041349
27.000000 0.136912
28.000000 0.052723
29.000000 0.100818
30.000000 0.141205
31.000000 0.201418
32.000000 0.032116
33.000000 0.068636
34.000000 0.047466
35.000000 0.066003
36.000000 0.151918
37.000000 0.029527
38.000000 0.054637
39.000000 0.151319
40.000000 0.180890
41.000000 0.036308
42.000000 0.064909
43.000000 0.135954
44.000000 0.076890
45.000000 0.114281
46.000000 0.122518
47.000000 0.180931
48.000000 0.109554
49.000000 0.061897
50.000000 0.182803
51.000000 0.060357
52.000000 0.109022
53.000000 0.084707
54.000000 0.098628
55.000000 0.070348
56.000000 0.067175
57.000000 0.080105
58.000000 0.054050
59.000000 0.106167
60.000000 0.014227
61.000000 0.100515
62.000000 0.019099
63.000000 0.172454
64.000000 0.026431
65.000000 0.146334
66.000000 0.120198
67.000000 0.169428
68.000000 0.058280
69.000000 0.083858
70.000000 0.130505
71.000000 0.091959
72.000000 0.083364
73.000000 0.019523
74.000000 0.005490
75.000000 0.145718
76.000000 0.092268
77.000000 0.130706
78.000000 0.227881
79.000000 0.172859
80.000000 0.092295
81.000000 0.181017
82.000000 0.054737
83.000000 0.126107
84.000000 0.137946
85.000000 0.051887
86.000000 0.070785
87.000000 0.163382
88.000000 0.151019
89.000000 0.092103
90.000000 0.139318
91.000000 0.140374
92.000000 0.169564
93.000000 0.088810
94.000000 0.102427
95.000000 0.038358
96.000000 0.090037
97.000000 0.091254
98.000000 0.147878
99.000000 0.126085
100.000000 0.139505
101.000000 0.198162
102.000000 0.085602
103.000000 0.138815
104.000000 0.054288
105.000000 0.126556
106.000000 0.100558
107.000000 0.075222
108.000000 0.006754
109.000000 0.080839
110.000000 0.071410
111.000000 0.106342
112.000000 0.186910
113.000000 0.190860
114.000000 0.257642
115.000000 0.153953
116.000000 0.084717
117.000000 0.110515
118.000000 0.168374
119.000000 0.142911
120.000000 0.027212
121.000000 0.143260
122.000000 0.241019
123.000000 0.195011
124.000000 0.199945
125.000000 0.122994
126.000000 0.194360
127.000000 0.191995
128.000000 0.140525
129.000000 0.166056
130.000000 0.132859
131.000000 0.089008
132.000000 0.098275
133.000000 0.059032
134.000000 0.103786
135.000000 0.174785
136.000000 0.163224
137.000000 0.157975
138.000000 0.135875
139.000000 0.159209
140.000000 0.122057
141.000000 0.221173
142.000000 0.161077
143.000000 0.154504
144.000000 0.041471
145.000000 0.104584
146.000000 0.044516
147.000000 0.112601
148.000000 0.070434
149.000000 0.197834
150.000000 0.237372
151.000000 0.169730
152.000000 0.149899
153.000000 0.139916
154.000000 0.112596
155.000000 0.083525
156.000000 0.091341
157.000000 0.020297
158.000000 0.203995
159.000000 0.185668
160.000000 0.209635
161.000000 0.215910
162.000000 0.196855
163.000000 0.331121
164.000000 0.150200
165.000000 0.043058
166.000000 0.040525
167.000000 0.032065
168.000000 0.004872
169.000000 0.089881
170.000000 0.126596
171.000000 0.098479
172.000000 0.154384
173.000000 0.136364
174.000000 0.110476
175.000000 0.260091
176.000000 0.117038
177.000000 0.144981
178.000000 0.121151
179.000000 0.255295
180.000000 0.190722
181.000000 0.109023
182.000000 0.137153
183.000000 0.050025
184.000000 0.060269
185.000000 0.059118
186.000000 0.108526
187.000000 0.070271
188.000000 0.127478
189.000000 0.123973
190.000000 0.072419
191.000000 0.113694
192.000000 0.081446
193.000000 0.122429
194.000000 0.089704
195.000000 0.091315
196.000000 0.075237
197.000000 0.110124
198.000000 0.140035
199.000000 0.205934
200.000000 0.185901
201.000000 0.171832
202.000000 0.136909
203.000000 0.086394
204.000000 0.138482
205.000000 0.045108
206.000000 0.160567
207.000000 0.157573
208.000000 0.094052
209.000000 0.188112
210.000000 0.020434
211.000000 0.089776
212.000000 0.118736
213.000000 0.087577
214.000000 0.029132
215.000000 0.045392
216.000000 0.055079
217.000000 0.117795
218.000000 0.107654
219.000000 0.068998
220.000000 0.157693
221.000000 0.094682
222.000000 0.055118
223.000000 0.046473
224.000000 0.017788
225.000000 0.093267
226.000000 0.170036
227.000000 0.149424
228.000000 0.151073
229.000000 0.165050
230.000000 0.129471
231.000000 0.192574
232.000000 0.204161
233.000000 0.039271
234.000000 0.147190
235.000000 0.087873
236.000000 0.053460
237.000000 0.030960
238.000000 0.005343
239.000000 0.063445
240.000000 0.160638
241.000000 0.119856
242.000000 0.148094
243.000000 0.133277
244.000000 0.146606
245.000000 0.203032
246.000000 0.173063
247.000000 0.038839
248.000000 0.195309
249.000000 0.194279
250.000000 0.168490
251.000000 0.038560
252.000000 0.117103
253.000000 0.017124
254.000000 0.077169
255.000000 0.028945
256.000000 0.089084
257.000000 0.120059
258.000000 0.160139
259.000000 0.120350
260.000000 0.137165
261.000000 0.089322
262.000000 0.121269
263.000000 0.110587
264.000000 0.121464
265.000000 0.112666
266.000000 0.121440
267.000000 0.069680
268.000000 0.072856
269.000000 0.161814
270.000000 0.166087
271.000000 0.091222
272.000000 0.237683
273.000000 0.068193
274.000000 0.084712
275.000000 0.072402
276.000000 0.053070
277.000000 0.070726
278.000000 0.043709
279.000000 0.075803
280.000000 0.055582
281.000000 0.073069
282.000000 0.072088
283.000000 0.186938
284.000000 0.176280
285.000000 0.114943
286.000000 0.099193
287.000000 0.119581
288.000000 0.025894
289.000000 0.148074
290.000000 0.186755
291.000000 0.151617
292.000000 0.232150
293.000000 0.134247
294.000000 0.089665
295.000000 0.117848
296.000000 0.171660
297.000000 0.099439
298.000000 0.084103
299.000000 0.116520
300.000000 0.086519
301.000000 0.130891
302.000000 0.192724
303.000000 0.096830
304.000000 0.124768
305.000000 0.126897
306.000000 0.048808
307.000000 0.129853
308.000000 0.069114
309.000000 0.102325
310.000000 0.142994
311.000000 0.168923
312.000000 0.128995
313.000000 0.068091
314.000000 0.095856
315.000000 0.098233
316.000000 0.073159
317.000000 0.077302
318.000000 0.129003
319.000000 0.056034
320.000000 0.100579
321.000000 0.096459
322.000000 0.070059
323.000000 0.095790
324.000000 0.065598
325.000000 0.164380
326.000000 0.127150
327.000000 0.081824
328.000000 0.179437
329.000000 0.171461
330.000000 0.068850
331.000000 0.168503
332.000000 0.084027
333.000000 0.063780
334.000000 0.114923
335.000000 0.075092
336.000000 0.042116
337.000000 0.201767
338.000000 0.128305
339.000000 0.048444
340.000000 0.014469
341.000000 0.103032
342.000000 0.059256
343.000000 0.119172
344.000000 0.099001
345.000000 0.077834
346.000000 0.105286
347.000000 0.124469
348.000000 0.098283
349.000000 0.015211
350.000000 0.028582
351.000000 0.137679
352.000000 0.141990
353.000000 0.091824
354.000000 0.155252
355.000000 0.045675
356.000000 0.075065
357.000000 0.045755
358.000000 0.016891
359.000000 0.105992
360.000000 0.044112
361.000000 0.012821
362.000000 0.133657
363.000000 0.115675
364.000000 0.115031
365.000000 0.106510
366.000000 0.150971
367.000000 0.098165
368.000000 0.054464
369.000000 0.103912
370.000000 0.006839
371.000000 0.125670
372.000000 0.133179
373.000000 0.124929
374.000000 0.093429
375.000000 0.039978
376.000000 0.172158
377.000000 0.079079
378.000000 0.090391
379.000000 0.119698
380.000000 0.084005
381.000000 0.052546
382.000000 0.095128
383.000000 0.166943
384.000000 0.097737
385.000000 0.081423
386.000000 0.050687
387.000000 0.158448
388.000000 0.124183
389.000000 0.245439
390.000000 0.218418
391.000000 0.093962
392.000000 0.028259
393.000000 0.038106
394.000000 0.119093
395.000000 0.086517
396.000000 0.067564
397.000000 0.081911
398.000000 0.061277
399.000000 0.101665
400.000000 0.136077
401.000000 0.114108
402.000000 0.124932
403.000000 0.183414
404.000000 0.153201
405.000000 0.195909
406.000000 0.149441
407.000000 0.099765
408.000000 0.144373
409.000000 0.132523
410.000000 0.192655
411.000000 0.085167
412.000000 0.063708
413.000000 0.199941
414.000000 0.194166
415.000000 0.117087
416.000000 0.132733
417.000000 0.105422
418.000000 0.073082
419.000000 0.094212
420.000000 0.150082
421.000000 0.149508
422.000000 0.135137
423.000000 0.100800
424.000000 0.077286
425.000000 0.160013
426.000000 0.094330
427.000000 0.098727
428.000000 0.041064
429.000000 0.087925
430.000000 0.132945
431.000000 0.186484
432.000000 0.190219
433.000000 0.147090
434.000000 0.124802
435.000000 0.146796
436.000000 0.270906
437.000000 0.053536
438.000000 0.224062
439.000000 0.106543
440.000000 0.116951
441.000000 0.099667
442.000000 0.035350
443.000000 0.083287
444.000000 0.180450
445.000000 0.087351
446.000000 0.119730
447.000000 0.092496
448.000000 0.146947
449.000000 0.115581
450.000000 0.107627
451.000000 0.107705
452.000000 0.232510
453.000000 0.148309
454.000000 0.119859
455.000000 0.191201
456.000000 0.051966
457.000000 0.126331
458.000000 0.134291
459.000000 0.051673
460.000000 0.084539
461.000000 0.082703
462.000000 0.028392
463.000000 0.056376
464.000000 0.104280
465.000000 0.103465
466.000000 0.046792
467.000000 0.154691
468.000000 0.043894
469.000000 0.171757
470.000000 0.108916
471.000000 0.065632
472.000000 0.120451
473.000000 0.058763
474.000000 0.176075
475.000000 0.207540
476.000000 0.094117
477.000000 0.183452
478.000000 0.163491
479.000000 0.230568
480.000000 0.176189
481.000000 0.075068
482.000000 0.194227
483.000000 0.026034
484.000000 0.109283
485.000000 0.025423
486.000000 0.223794
487.000000 0.069866
488.000000 0.127503
489.000000 0.067875
490.000000 0.120484
491.000000 0.039835
492.000000 0.135902
493.000000 0.155259
494.000000 0.168813
495.000000 0.110266
496.000000 0.181903
497.000000 0.118863
498.000000 0.117749
499.000000 0.002957
500.000000 0.039623
501.000000 0.183510
502.000000 0.151402
503.000000 0.117361
504.000000 0.118161
505.000000 0.201320
506.000000 0.140573
507.000000 0.109511
508.000000 0.049259
509.000000 0.097871
510.000000 0.047685
511.000000 0.032704
512.000000 0.152535
513.000000 0.166526
514.000000 0.085606
515.000000 0.059772
516.000000 0.114151
517.000000 0.158587
518.000000 0.064615
519.000000 0.149792
520.000000 0.080994
521.000000 0.189666
522.000000 0.091989
523.000000 0.065451
524.000000 0.162156
525.000000 0.013192
526.000000 0.010404
527.000000 0.035771
528.000000 0.186018
529.000000 0.127710
530.000000 0.181447
531.000000 0.021189
532.000000 0.051389
533.000000 0.204459
534.000000 0.153222
535.000000 0.259674
536.000000 0.118640
537.000000 0.095025
538.000000 0.087404
539.000000 0.090499
540.000000 0.215579
541.000000 0.232767
542.000000 0.150387
543.000000 0.102335
544.000000 0.120647
545.000000 0.154296
546.000000 0.207501
547.000000 0.026691
548.000000 0.235956
549.000000 0.098738
550.000000 0.148081
551.000000 0.191852
552.000000 0.027719
553.000000 0.107732
554.000000 0.068823
555.000000 0.164320
556.000000 0.105146
557.000000 0.219417
558.000000 0.076484
559.000000 0.131057
560.000000 0.097811
561.000000 0.044532
562.000000 0.013703
563.000000 0.057080
564.000000 0.029912
565.000000 0.087174
566.000000 0.150195
567.000000 0.084777
568.000000 0.111111
569.000000 0.017026
570.000000 0.051670
571.000000 0.050171
572.000000 0.067805
573.000000 0.165201
574.000000 0.179176
575.000000 0.161542
576.000000 0.084188
577.000000 0.060057
578.000000 0.161935
579.000000 0.103282
580.000000 0.106640
581.000000 0.127045
582.000000 0.142454
583.000000 0.177011
584.000000 0.074658
585.000000 0.089273
586.000000 0.149170
587.000000 0.146488
588.000000 0.151103
589.000000 0.162523
590.000000 0.243369
591.000000 0.095149
592.000000 0.143920
593.000000 0.196671
594.000000 0.122630
595.000000 0.075468
596.000000 0.181566
597.000000 0.073528
598.000000 0.042502
599.000000 0.053182
600.000000 0.143891
601.000000 0.134422
602.000000 0.058244
603.000000 0.254727
604.000000 0.117798
605.000000 0.142924
606.000000 0.138416
607.000000 0.064935
608.000000 0.143680
609.000000 0.031768
610.000000 0.100717
611.000000 0.125275
612.000000 0.065407
613.000000 0.025038
614.000000 0.092495
615.000000 0.044702
616.000000 0.163761
617.000000 0.102779
618.000000 0.084693
619.000000 0.074068
620.000000 0.142010
621.000000 0.049708
622.000000 0.068261
623.000000 0.008814
624.000000 0.151337
625.000000 0.081883
626.000000 0.074091
627.000000 0.161228
628.000000 0.079755
629.000000 0.281870
630.000000 0.225186
631.000000 0.085354
632.000000 0.146839
633.000000 0.163746
634.000000 0.227440
635.000000 0.219973
636.000000 0.306463
637.000000 0.134936
638.000000 0.231846
639.000000 0.154804
640.000000 0.145524
641.000000 0.092006
642.000000 0.135871
643.000000 0.138483
644.000000 0.156087
645.000000 0.173125
646.000000 0.147341
647.000000 0.092039
648.000000 0.096774
649.000000 0.071179
650.000000 0.094081
651.000000 0.066862
652.000000 0.185998
653.000000 0.061939
654.000000 0.121029
655.000000 0.158448
656.000000 0.052647
657.000000 0.020906
658.000000 0.107549
659.000000 0.100972
660.000000 0.257038
661.000000 0.084026
662.000000 0.070726
663.000000 0.054565
664.000000 0.169661
665.000000 0.288238
666.000000 0.173087
667.000000 0.194222
668.000000 0.081480
669.000000 0.198243
670.000000 0.081311
671.000000 0.053944
672.000000 0.038834
673.000000 0.185813
674.000000 0.159573
675.000000 0.168996
676.000000 0.198437
677.000000 0.124913
678.000000 0.195461
679.000000 0.034682
680.000000 0.023506
681.000000 0.115713
682.000000 0.109585
683.000000 0.171764
684.000000 0.110176
685.000000 0.140425
686.000000 0.053538
687.000000 0.096097
688.000000 0.155929
689.000000 0.080111
690.000000 0.163940
691.000000 0.138810
692.000000 0.117349
693.000000 0.199888
694.000000 0.162414
695.000000 0.095023
696.000000 0.027149
697.000000 0.078892
698.000000 0.046314
699.000000 0.061854
700.000000 0.028260
701.000000 0.020769
702.000000 0.026388
703.000000 0.133809
704.000000 0.069284
705.000000 0.030295
706.000000 0.074021
707.000000 0.162404
708.000000 0.195934
709.000000 0.104530
710.000000 0.184552
711.000000 0.141927
712.000000 0.068489
713.000000 0.071623
714.000000 0.025976
715.000000 0.101570
716.000000 0.066749
717.000000 0.040978
718.000000 0.036883
719.000000 0.145271
720.000000 0.141295
721.000000 0.112596
722.000000 0.082653
723.000000 0.181318
724.000000 0.096737
725.000000 0.163429
726.000000 0.153335
727.000000 0.119175
728.000000 0.215681
729.000000 0.110412
730.000000 0.094012
731.000000 0.084443
732.000000 0.118071
733.000000 0.050826
734.000000 0.105484
735.000000 0.079148
736.000000 0.035247
737.000000 0.114070
738.000000 0.161154
739.000000 0.096146
740.000000 0.134939
741.000000 0.170866
742.000000 0.042900
743.000000 0.123293
744.000000 0.229790
745.000000 0.257602
746.000000 0.198777
747.000000 0.079864
748.000000 0.135007
749.000000 0.247446
750.000000 0.122079
751.000000 0.089040
752.000000 0.178663
753.000000 0.140737
754.000000 0.160293
755.000000 0.046794
756.000000 0.146282
757.000000 0.086607
758.000000 0.093744
759.000000 0.106843
760.000000 0.192079
761.000000 0.157375
762.000000 0.075535
763.000000 0.035116
764.000000 0.060439
765.000000 0.055628
766.000000 0.073794
767.000000 0.103850
768.000000 0.057553
769.000000 0.205983
770.000000 0.099538
771.000000 0.137423
772.000000 0.180325
773.000000 0.085847
774.000000 0.042755
775.000000 0.039212
776.000000 0.102864
777.000000 0.098820
778.000000 0.067962
779.000000 0.119367
780.000000 0.009763
781.000000 0.074897
782.000000 0.129489
783.000000 0.178066
784.000000 0.075277
785.000000 0.065192
786.000000 0.078291
787.000000 0.111594
788.000000 0.105033
789.000000 0.113071
790.000000 0.067094
791.000000 0.104158
792.000000 0.191318
793.000000 0.144838
794.000000 0.213574
795.000000 0.171684
796.000000 0.098664
797.000000 0.151603
798.000000 0.204042
799.000000 0.181455
800.000000 0.084543
801.000000 0.108234
802.000000 0.213965
803.000000 0.042914
804.000000 0.122003
805.000000 0.142771
806.000000 0.164591
807.000000 0.229817
808.000000 0.183039
809.000000 0.153668
810.000000 0.124622
811.000000 0.163350
812.000000 0.094271
813.000000 0.048636
814.000000 0.116490
815.000000 0.221399
816.000000 0.167209
817.000000 0.124365
818.000000 0.009653
819.000000 0.047918
820.000000 0.041689
821.000000 0.053559
822.000000 0.061826
823.000000 0.145201
824.000000 0.193987
825.000000 0.037707
826.000000 0.098776
827.000000 0.111515
828.000000 0.096687
829.000000 0.019201
830.000000 0.065288
831.000000 0.169521
832.000000 0.111718
833.000000 0.094546
834.000000 0.081597
835.000000 0.081812
836.000000 0.123283
837.000000 0.118086
838.000000 0.094031
839.000000 0.282403
840.000000 0.290959
841.000000 0.254608
842.000000 0.003916
843.000000 0.129295
844.000000 0.104232
845.000000 0.160461
846.000000 0.196617
847.000000 0.248192
848.000000 0.051976
849.000000 0.252675
850.000000 0.189425
851.000000 0.137874
852.000000 0.073558
853.000000 0.052962
854.000000 0.107404
855.000000 0.019929
856.000000 0.123563
857.000000 0.024240
858.000000 0.073305
859.000000 0.105559
860.000000 0.198234
861.000000 0.083102
862.000000 0.109105
863.000000 0.088845
864.000000 0.114353
865.000000 0.132328
866.000000 0.146137
867.000000 0.026602
868.000000 0.098414
869.000000 0.046753
870.000000 0.105822
871.000000 0.061549
872.000000 0.111131
873.000000 0.152669
874.000000 0.230743
875.000000 0.051169
876.000000 0.071518
877.000000 0.207593
878.000000 0.140920
879.000000 0.198778
880.000000 0.210771
881.000000 0.105973
882.000000 0.116011
883.000000 0.080611
884.000000 0.130695
885.000000 0.248082
886.000000 0.231501
887.000000 0.129275
888.000000 0.069365
889.000000 0.059291
890.000000 0.167276
891.000000 0.191926
892.000000 0.113644
893.000000 0.103279
894.000000 0.030449
895.000000 0.080075
896.000000 0.098759
897.000000 0.092679
898.000000 0.152267
899.000000 0.126076
900.000000 0.087506
901.000000 0.171000
902.000000 0.120719
903.000000 0.061045
904.000000 0.064978
905.000000 0.034786
906.000000 0.074827
907.000000 0.081565
908.000000 0.164056
909.000000 0.094657
910.000000 0.031987
911.000000 0.156977
912.000000 0.060775
913.000000 0.088585
914.000000 0.081814
915.000000 0.170630
916.000000 0.064218
917.000000 0.066174
918.000000 0.135300
919.000000 0.126876
920.000000 0.105083
921.000000 0.108153
922.000000 0.102205
923.000000 0.050671
924.000000 0.137795
925.000000 0.016171
926.000000 0.152841
927.000000 0.092772
928.000000 0.116134
929.000000 0.117199
930.000000 0.074500
931.000000 0.047082
932.000000 0.043671
933.000000 0.066600
934.000000 0.106143
935.000000 0.097003
936.000000 0.275526
937.000000 0.031672
938.000000 0.069830
939.000000 0.090224
940.000000 0.162886
941.000000 0.073215
942.000000 0.005674
943.000000 0.206676
944.000000 0.197314
945.000000 0.086970
946.000000 0.072843
947.000000 0.042359
948.000000 0.042386
949.000000 0.037334
950.000000 0.081924
951.000000 0.201827
952.000000 0.150060
953.000000 0.170071
954.000000 0.093337
955.000000 0.086876
956.000000 0.049372
957.000000 0.174128
958.000000 0.089455
959.000000 0.110790
960.000000 0.086451
961.000000 0.087644
962.000000 0.120804
963.000000 0.179172
964.000000 0.008831
965.000000 0.105040
966.000000 0.155104
967.000000 0.109148
968.000000 0.069171
969.000000 0.102405
970.000000 0.122874
971.000000 0.115540
972.000000 0.048903
973.000000 0.138333
974.000000 0.024136
975.000000 0.158236
976.000000 0.133460
977.000000 0.153555
978.000000 0.069635
979.000000 0.097889
980.000000 0.038315
981.000000 0.068537
982.000000 0.198177
983.000000 0.047987
984.000000 0.021585
985.000000 0.115789
986.000000 0.101131
987.000000 0.095245
988.000000 0.125454
989.000000 0.054981
990.000000 0.134201
991.000000 0.042285
992.000000 0.112770
993.000000 0.134106
994.000000 0.177042
995.000000 0.068826
996.000000 0.017508
997.000000 0.101355
998.000000 0.083146
999.000000 0.056052
1000.000000 0.053962
1001.000000 0.092596
1002.000000 0.067569
1003.000000 0.186873
1004.000000 0.119234
1005.000000 0.068084
1006.000000 0.080171
1007.000000 0.142467
1008.000000 0.057947
1009.000000 0.037172
1010.000000 0.116627
1011.000000 0.070739
1012.000000 0.158808
1013.000000 0.114035
1014.000000 0.083229
1015.000000 0.064211
1016.000000 0.111357
1017.000000 0.139449
1018.000000 0.042623
1019.000000 0.010388
1020.000000 0.144694
1021.000000 0.091280
1022.000000 0.110886
1023.000000 0.084883
1024.000000 0.144465
1025.000000 0.234774
1026.000000 0.203476
1027.000000 0.149894
1028.000000 0.122649
1029.000000 0.134084
1030.000000 0.035001
1031.000000 0.070927
1032.000000 0.053296
1033.000000 0.081422
1034.000000 0.114158
1035.000000 0.037304
1036.000000 0.054409
1037.000000 0.056718
1038.000000 0.119476
1039.000000 0.172989
1040.000000 0.138028
1041.000000 0.168073
1042.000000 0.146128
1043.000000 0.227461
1044.000000 0.102137
1045.000000 0.206788
1046.000000 0.148941
1047.000000 0.090274
1048.000000 0.109544
1049.000000 0.165296
1050.000000 0.118565
1051.000000 0.144023
1052.000000 0.018758
1053.000000 0.034014
1054.000000 0.158637
1055.000000 0.136567
1056.000000 0.143936
1057.000000 0.201630
1058.000000 0.050435
1059.000000 0.153551
1060.000000 0.053568
1061.000000 0.090265
1062.000000 0.093009
1063.000000 0.075713
1064.000000 0.171706
1065.000000 0.207359
1066.000000 0.043207
1067.000000 0.062150
1068.000000 0.078457
1069.000000 0.080017
1070.000000 0.109008
1071.000000 0.053438
1072.000000 0.059770
1073.000000 0.175831
1074.000000 0.042804
1075.000000 0.112043
1076.000000 0.140148
1077.000000 0.142124
1078.000000 0.228240
1079.000000 0.197193
1080.000000 0.207246
1081.000000 0.188739
1082.000000 0.122357
1083.000000 0.124443
1084.000000 0.128866
1085.000000 0.140331
1086.000000 0.058470
1087.000000 0.239793
1088.000000 0.225764
1089.000000 0.061193
1090.000000 0.072399
1091.000000 0.073193
1092.000000 0.169699
1093.000000 0.166233
1094.000000 0.212596
1095.000000 0.112532
1096.000000 0.162214
1097.000000 0.040209
1098.000000 0.090404
1099.000000 0.092764
1100.000000 0.087041
1101.000000 0.043444
1102.000000 0.091178
1103.000000 0.020887
1104.000000 0.057553
1105.000000 0.163618
1106.000000 0.171436
1107.000000 0.153091
1108.000000 0.102356
1109.000000 0.155123
1110.000000 0.208013
1111.000000 0.181216
1112.000000 0.108121
1113.000000 0.073818
1114.000000 0.060830
1115.000000 0.154926
1116.000000 0.113154
1117.000000 0.122579
1118.000000 0.038884
1119.000000 0.095642
1120.000000 0.080271
1121.000000 0.099563
1122.000000 0.158870
1123.000000 0.055407
1124.000000 0.095975
1125.000000 0.153135
1126.000000 0.157673
1127.000000 0.122727
1128.000000 0.095606
1129.000000 0.078925
1130.000000 0.067490
1131.000000 0.118228
1132.000000 0.086648
1133.000000 0.065378
1134.000000 0.127197
1135.000000 0.076873
1136.000000 0.101872
1137.000000 0.041280
1138.000000 0.067884
1139.000000 0.115435
1140.000000 0.103276
1141.000000 0.071460
1142.000000 0.081407
1143.000000 0.118517
1144.000000 0.077541
1145.000000 0.138798
1146.000000 0.079817
1147.000000 0.053422
1148.000000 0.038170
1149.000000 0.078655
1150.000000 0.084280
1151.000000 0.124694
1152.000000 0.142115
1153.000000 0.062838
1154.000000 0.020722
1155.000000 0.048062
1156.000000 0.025218
1157.000000 0.098960
1158.000000 0.034656
1159.000000 0.083505
1160.000000 0.135109
1161.000000 0.071304
1162.000000 0.060563
1163.000000 0.130766
1164.000000 0.236266
1165.000000 0.183968
1166.000000 0.089407
1167.000000 0.169013
1168.000000 0.033965
1169.000000 0.254338
1170.000000 0.247343
1171.000000 0.095439
1172.000000 0.221145
1173.000000 0.133317
1174.000000 0.097241
1175.000000 0.042042
1176.000000 0.148891
1177.000000 0.130788
1178.000000 0.041317
1179.000000 0.152969
1180.000000 0.134714
1181.000000 0.205083
1182.000000 0.057209
1183.000000 0.100520
1184.000000 0.140201
1185.000000 0.090818
1186.000000 0.075062
1187.000000 0.038548
1188.000000 0.032335
1189.000000 0.122678
1190.000000 0.126576
1191.000000 0.112583
1192.000000 0.144010
1193.000000 0.160518
1194.000000 0.085949
1195.000000 0.108240
1196.000000 0.017375
1197.000000 0.112476
1198.000000 0.144620
1199.000000 0.088710
1200.000000 0.092129
1201.000000 0.217117
1202.000000 0.140636
1203.000000 0.084024
1204.000000 0.024551
1205.000000 0.029640
1206.000000 0.172793
1207.000000 0.111189
1208.000000 0.099860
1209.000000 0.068120
1210.000000 0.123986
1211.000000 0.144885
1212.000000 0.077890
1213.000000 0.107229
1214.000000 0.135727
1215.000000 0.038741
1216.000000 0.085215
1217.000000 0.189200
1218.000000 0.102455
1219.000000 0.105509
1220.000000 0.098420
1221.000000 0.030248
1222.000000 0.054319
1223.000000 0.081051
1224.000000 0.029655
1225.000000 0.074851
1226.000000 0.068032
1227.000000 0.069070
1228.000000 0.065470
1229.000000 0.057597
1230.000000 0.030149
1231.000000 0.050153
1232.000000 0.124910
1233.000000 0.058960
1234.000000 0.112202
1235.000000 0.189873
1236.000000 0.129256
1237.000000 0.176483
1238.000000 0.160289
1239.000000 0.089031
1240.000000 0.131989
1241.000000 0.106280
1242.000000 0.050802
1243.000000 0.099420
1244.000000 0.092538
1245.000000 0.152434
1246.000000 0.022075
1247.000000 0.100147
1248.000000 0.119861
1249.000000 0.093792
1250.000000 0.058458
1251.000000 0.046021
1252.000000 0.178596
1253.000000 0.092963
1254.000000 0.169648
1255.000000 0.066664
1256.000000 0.048738
1257.000000 0.128917
1258.000000 0.120996
1259.000000 0.070485
1260.000000 0.171261
1261.000000 0.090601
1262.000000 0.193169
1263.000000 0.165429
1264.000000 0.169948
1265.000000 0.184751
1266.000000 0.108717
1267.000000 0.133759
1268.000000 0.188236
1269.000000 0.088666
1270.000000 0.036495
1271.000000 0.120564
1272.000000 0.157815
1273.000000 0.023115
1274.000000 0.087187
1275.000000 0.091161
1276.000000 0.158571
1277.000000 0.036505
1278.000000 0.197927
1279.000000 0.049836
1280.000000 0.081235
1281.000000 0.072979
1282.000000 0.197812
1283.000000 0.152539
1284.000000 0.098601
1285.000000 0.135382
1286.000000 0.111981
1287.000000 0.059562
1288.000000 0.062458
1289.000000 0.079579
1290.000000 0.134435
1291.000000 0.021537
1292.000000 0.221409
1293.000000 0.071231
1294.000000 0.054918
1295.000000 0.162218
1296.000000 0.198833
1297.000000 0.063727
1298.000000 0.111305
1299.000000 0.106168
1300.000000 0.109424
1301.000000 0.122208
1302.000000 0.057938
1303.000000 0.065192
1304.000000 0.041572
1305.000000 0.102325
1306.000000 0.061783
1307.000000 0.021788
1308.000000 0.068239
1309.000000 0.047787
1310.000000 0.057591
1311.000000 0.022988
1312.000000 0.072371
1313.000000 0.104008
1314.000000 0.081896
1315.000000 0.134087
1316.000000 0.073954
1317.000000 0.076568
1318.000000 0.175882
1319.000000 0.008995
1320.000000 0.026045
1321.000000 0.012627
1322.000000 0.035652
1323.000000 0.025468
1324.000000 0.121223
1325.000000 0.185650
1326.000000 0.060774
1327.000000 0.107180
1328.000000 0.099992
1329.000000 0.074433
1330.000000 0.121543
1331.000000 0.060685
1332.000000 0.150943
1333.000000 0.114473
1334.000000 0.081285
1335.000000 0.080281
1336.000000 0.102949
1337.000000 0.090890
1338.000000 0.083436
1339.000000 0.056643
1340.000000 0.041919
1341.000000 0.060319
1342.000000 0.090281
1343.000000 0.072722
1344.000000 0.113886
1345.000000 0.115526
1346.000000 0.105301
1347.000000 0.163291
1348.000000 0.210810
1349.000000 0.222973
1350.000000 0.103882
1351.000000 0.093250
1352.000000 0.209686
1353.000000 0.162049
1354.000000 0.043179
1355.000000 0.080239
1356.000000 0.071060
1357.000000 0.140707
1358.000000 0.067737
1359.000000 0.050251
1360.000000 0.127406
1361.000000 0.076206
1362.000000 0.213022
1363.000000 0.131656
1364.000000 0.143878
1365.000000 0.162645
1366.000000 0.075101
1367.000000 0.142266
1368.000000 0.040633
1369.000000 0.027744
1370.000000 0.110618
1371.000000 0.027763
1372.000000 0.047901
1373.000000 0.150939
1374.000000 0.095892
1375.000000 0.088872
1376.000000 0.107266
1377.000000 0.157193
1378.000000 0.177762
1379.000000 0.054778
1380.000000 0.069206
1381.000000 0.062007
1382.000000 0.091635
1383.000000 0.150731
1384.000000 0.036227
1385.000000 0.165920
1386.000000 0.024807
1387.000000 0.112431
1388.000000 0.128947
1389.000000 0.208438
1390.000000 0.163506
1391.000000 0.082036
1392.000000 0.026676
1393.000000 0.062389
1394.000000 0.088719
1395.000000 0.047795
1396.000000 0.134724
1397.000000 0.151751
1398.000000 0.105246
1399.000000 0.005438
1400.000000 0.173074
1401.000000 0.095326
1402.000000 0.207219
1403.000000 0.055625
1404.000000 0.213361
1405.000000 0.099497
1406.000000 0.110098
1407.000000 0.130306
1408.000000 0.191959
1409.000000 0.122496
1410.000000 0.033022
1411.000000 0.021947
1412.000000 0.201751
1413.000000 0.061458
1414.000000 0.071042
1415.000000 0.190401
1416.000000 0.019175
1417.000000 0.081637
1418.000000 0.171988
1419.000000 0.103633
1420.000000 0.074363
1421.000000 0.079796
1422.000000 0.064599
1423.000000 0.037859
1424.000000 0.260913
1425.000000 0.043564
1426.000000 0.091203
1427.000000 0.094142
1428.000000 0.131032
1429.000000 0.014031
1430.000000 0.074739
1431.000000 0.189308
1432.000000 0.165365
1433.000000 0.084091
1434.000000 0.155396
1435.000000 0.160188
1436.000000 0.106078
1437.000000 0.099091
1438.000000 0.203930
1439.000000 0.145923
1440.000000 0.116052
1441.000000 0.233704
1442.000000 0.140674
1443.000000 0.010930
1444.000000 0.191266
1445.000000 0.240188
1446.000000 0.154171
1447.000000 0.193425
1448.000000 0.207054
1449.000000 0.220576
1450.000000 0.187609
1451.000000 0.126254
1452.000000 0.158251
1453.000000 0.162281
1454.000000 0.166381
1455.000000 0.106256
1456.000000 0.084322
1457.000000 0.089675
1458.000000 0.001177
1459.000000 0.065824
1460.000000 0.096835
1461.000000 0.055927
1462.000000 0.084963
1463.000000 0.176889
1464.000000 0.118267
1465.000000 0.131910
1466.000000 0.016280
1467.000000 0.085691
1468.000000 0.249728
1469.000000 0.120857
1470.000000 0.078268
1471.000000 0.198206
1472.000000 0.138959
1473.000000 0.021967
1474.000000 0.007759
1475.000000 0.121031
1476.000000 0.137520
1477.000000 0.092531
1478.000000 0.148438
1479.000000 0.172735
1480.000000 0.135472
1481.000000 0.055674
1482.000000 0.009460
1483.000000 0.126658
1484.000000 0.021986
1485.000000 0.144083
1486.000000 0.189092
1487.000000 0.166620
1488.000000 0.088017
1489.000000 0.123524
1490.000000 0.078204
1491.000000 0.056801
1492.000000 0.160855
1493.000000 0.013038
1494.000000 0.140292
1495.000000 0.159661
1496.000000 0.116126
1497.000000 0.062960
1498.000000 0.144960
1499.000000 0.260716
1500.000000 0.137976
1501.000000 0.168617
1502.000000 0.064926
1503.000000 0.093757
1504.000000 0.068867
1505.000000 0.187357
1506.000000 0.069879
1507.000000 0.297181
1508.000000 0.152209
1509.000000 0.042058
1510.000000 0.122174
1511.000000 0.156150
1512.000000 0.012033
1513.000000 0.088016
1514.000000 0.131922
1515.000000 0.028272
1516.000000 0.027004
1517.000000 0.141631
1518.000000 0.053525
1519.000000 0.205787
1520.000000 0.104768
1521.000000 0.189932
1522.000000 0.160908
1523.000000 0.063067
1524.000000 0.162329
1525.000000 0.073674
1526.000000 0.087940
1527.000000 0.165623
1528.000000 0.112356
1529.000000 0.067655
1530.000000 0.110710
1531.000000 0.160028
1532.000000 0.079143
1533.000000 0.103195
1534.000000 0.125507
1535.000000 0.100917
1536.000000 0.080456
1537.000000 0.084255
1538.000000 0.069730
1539.000000 0.123063
1540.000000 0.101413
1541.000000 0.257512
1542.000000 0.104860
1543.000000 0.130401
1544.000000 0.108944
1545.000000 0.062030
1546.000000 0.089591
1547.000000 0.074979
1548.000000 0.054593
1549.000000 0.131900
1550.000000 0.069288
1551.000000 0.029424
1552.000000 0.121263
1553.000000 0.045066
1554.000000 0.134234
1555.000000 0.134416
1556.000000 0.090003
1557.000000 0.191976
1558.000000 0.189037
1559.000000 0.135054
1560.000000 0.205541
1561.000000 0.198287
1562.000000 0.206315
1563.000000 0.128157
1564.000000 0.156379
1565.000000 0.021198
1566.000000 0.182442
1567.000000 0.151705
1568.000000 0.158760
1569.000000 0.094984
1570.000000 0.141757
1571.000000 0.120389
1572.000000 0.062122
1573.000000 0.078929
1574.000000 0.123690
1575.000000 0.178444
1576.000000 0.142133
1577.000000 0.054349
1578.000000 0.059416
1579.000000 0.117363
1580.000000 0.066285
1581.000000 0.056592
1582.000000 0.145471
1583.000000 0.095629
1584.000000 0.107257
1585.000000 0.140022
1586.000000 0.088805
1587.000000 0.063572
1588.000000 0.034296
1589.000000 0.048944
1590.000000 0.046588
1591.000000 0.216806
1592.000000 0.202545
1593.000000 0.116495
1594.000000 0.126194
1595.000000 0.117306
1596.000000 0.078447
1597.000000 0.102789
1598.000000 0.092008
1599.000000 0.098269
1600.000000 0.104677
1601.000000 0.138017
1602.000000 0.222002
1603.000000 0.165049
1604.000000 0.101828
1605.000000 0.121561
1606.000000 0.110117
1607.000000 0.016771
1608.000000 0.058403
1609.000000 0.072896
1610.000000 0.204065
1611.000000 0.192726
1612.000000 0.113786
1613.000000 0.150946
1614.000000 0.067375
1615.000000 0.031643
1616.000000 0.141191
1617.000000 0.190110
1618.000000 0.196804
1619.000000 0.121229
1620.000000 0.194847
1621.000000 0.048739
1622.000000 0.141398
1623.000000 0.084226
1624.000000 0.067303
1625.000000 0.158342
1626.000000 0.080841
1627.000000 0.032993
1628.000000 0.083504
1629.000000 0.122637
1630.000000 0.228344
1631.000000 0.151710
1632.000000 0.080290
1633.000000 0.113086
1634.000000 0.164199
1635.000000 0.183411
1636.000000 0.141839
1637.000000 0.110987
1638.000000 0.143210
1639.000000 0.127341
1640.000000 0.060590
1641.000000 0.084005
1642.000000 0.060268
1643.000000 0.037699
1644.000000 0.084701
1645.000000 0.085311
1646.000000 0.124531
1647.000000 0.051603
1648.000000 0.063556
1649.000000 0.019566
1650.000000 0.142253
1651.000000 0.092734
1652.000000 0.192673
1653.000000 0.063656
1654.000000 0.101893
1655.000000 0.137663
1656.000000 0.046027
1657.000000 0.045080
1658.000000 0.038061
1659.000000 0.055109
1660.000000 0.045133
1661.000000 0.144993
1662.000000 0.107892
1663.000000 0.095687
1664.000000 0.146827
1665.000000 0.030937
1666.000000 0.161299
1667.000000 0.108240
1668.000000 0.214537
1669.000000 0.144092
1670.000000 0.106033
1671.000000 0.120140
1672.000000 0.092303
1673.000000 0.111239
1674.000000 0.156783
1675.000000 0.142605
1676.000000 0.099835
1677.000000 0.080434
1678.000000 0.113728
1679.000000 0.173016
1680.000000 0.200540
1681.000000 0.090026
1682.000000 0.060049
1683.000000 0.127254
1684.000000 0.086702
1685.000000 0.137630
1686.000000 0.119811
1687.000000 0.076857
1688.000000 0.174603
1689.000000 0.092328
1690.000000 0.144707
1691.000000 0.048667
1692.000000 0.193029
1693.000000 0.197173
1694.000000 0.081236
1695.000000 0.017266
1696.000000 0.119920
1697.000000 0.107045
1698.000000 0.023747
1699.000000 0.061695
1700.000000 0.009026
1701.000000 0.095864
1702.000000 0.141954
1703.000000 0.136290
1704.000000 0.108603
1705.000000 0.170157
1706.000000 0.210729
1707.000000 0.092829
1708.000000 0.120608
1709.000000 0.224706
1710.000000 0.105509
1711.000000 0.077442
1712.000000 0.115430
1713.000000 0.013378
1714.000000 0.093357
1715.000000 0.064931
1716.000000 0.053648
1717.000000 0.048841
1718.000000 0.195200
1719.000000 0.160669
1720.000000 0.084592
1721.000000 0.127055
1722.000000 0.141088
1723.000000 0.220675
1724.000000 0.054000
1725.000000 0.047948
1726.000000 0.103166
1727.000000 0.044065
1728.000000 0.205113
1729.000000 0.099518
1730.000000 0.137200
1731.000000 0.093991
1732.000000 0.093553
1733.000000 0.065222
1734.000000 0.146285
1735.000000 0.199940
1736.000000 0.223197
1737.000000 0.108373
1738.000000 0.112176
1739.000000 0.115408
1740.000000 0.103902
1741.000000 0.203639
1742.000000 0.139858
1743.000000 0.039884
1744.000000 0.082246
1745.000000 0.111211
1746.000000 0.236532
1747.000000 0.198569
1748.000000 0.068064
1749.000000 0.077448
1750.000000 0.105175
1751.000000 0.135613
1752.000000 0.098164
1753.000000 0.110459
1754.000000 0.134816
1755.000000 0.240634
1756.000000 0.125537
1757.000000 0.120304
1758.000000 0.035248
1759.000000 0.107196
1760.000000 0.013653
1761.000000 0.019017
1762.000000 0.150332
1763.000000 0.046240
1764.000000 0.164658
1765.000000 0.214261
1766.000000 0.064105
1767.000000 0.107090
1768.000000 0.071682
1769.000000 0.028626
1770.000000 0.154026
1771.000000 0.033046
1772.000000 0.061742
1773.000000 0.139046
1774.000000 0.153911
1775.000000 0.044742
1776.000000 0.120477
1777.000000 0.176205
1778.000000 0.100994
1779.000000 0.172007
1780.000000 0.123351
1781.000000 0.020469
1782.000000 0.077233
1783.000000 0.020851
1784.000000 0.104920
1785.000000 0.077771
1786.000000 0.072983
1787.000000 0.018409
1788.000000 0.129535
1789.000000 0.175241
1790.000000 0.118654
1791.000000 0.108390
1792.000000 0.166261
1793.000000 0.066202
1794.000000 0.182467
1795.000000 0.157710
1796.000000 0.076512
1797.000000 0.044180
1798.000000 0.047981
1799.000000 0.180843
1800.000000 0.136588
1801.000000 0.072317
1802.000000 0.051621
1803.000000 0.092461
1804.000000 0.212226
1805.000000 0.030512
1806.000000 0.063137
1807.000000 0.052819
1808.000000 0.056407
1809.000000 0.052863
1810.000000 0.103370
1811.000000 0.103185
1812.000000 0.111891
1813.000000 0.126724
1814.000000 0.031177
1815.000000 0.322956
1816.000000 0.099253
1817.000000 0.138261
1818.000000 0.151574
1819.000000 0.144175
1820.000000 0.199639
1821.000000 0.147276
1822.000000 0.064434
1823.000000 0.125935
1824.000000 0.180879
1825.000000 0.095977
1826.000000 0.127151
1827.000000 0.112446
1828.000000 0.102156
1829.000000 0.280456
1830.000000 0.203822
1831.000000 0.194299
1832.000000 0.085425
1833.000000 0.096505
1834.000000 0.166753
1835.000000 0.141954
1836.000000 0.059709
1837.000000 0.104409
1838.000000 0.016382
1839.000000 0.174412
1840.000000 0.155808
1841.000000 0.235268
1842.000000 0.225133
1843.000000 0.116074
1844.000000 0.226325
1845.000000 0.185037
1846.000000 0.120488
1847.000000 0.022690
1848.000000 0.085774
1849.000000 0.050678
1850.000000 0.185216
1851.000000 0.211069
1852.000000 0.162810
1853.000000 0.118716
1854.000000 0.050657
1855.000000 0.133041
1856.000000 0.111972
1857.000000 0.151097
1858.000000 0.184216
1859.000000 0.250608
1860.000000 0.213371
1861.000000 0.183815
1862.000000 0.035118
1863.000000 0.068781
1864.000000 0.137066
1865.000000 0.075949
1866.000000 0.030006
1867.000000 0.176290
1868.000000 0.106411
1869.000000 0.075485
1870.000000 0.091825
1871.000000 0.068704
1872.000000 0.092658
1873.000000 0.058292
1874.000000 0.214743
1875.000000 0.103381
1876.000000 0.088190
1877.000000 0.014777
1878.000000 0.040843
1879.000000 0.053992
1880.000000 0.110880
1881.000000 0.196699
1882.000000 0.025293
1883.000000 0.123285
1884.000000 0.092390
1885.000000 0.131181
1886.000000 0.186600
1887.000000 0.047199
1888.000000 0.066554
1889.000000 0.016864
1890.000000 0.095086
1891.000000 0.082229
1892.000000 0.023191
1893.000000 0.033759
1894.000000 0.134916
1895.000000 0.150835
1896.000000 0.018047
1897.000000 0.054574
1898.000000 0.097435
1899.000000 0.089888
1900.000000 0.091015
1901.000000 0.205429
1902.000000 0.194279
1903.000000 0.155529
1904.000000 0.174038
1905.000000 0.145499
1906.000000 0.191806
1907.000000 0.120319
1908.000000 0.157995
1909.000000 0.094904
1910.000000 0.054920
1911.000000 0.051952
1912.000000 0.134891
1913.000000 0.121149
1914.000000 0.124730
1915.000000 0.094838
1916.000000 0.051092
1917.000000 0.059613
1918.000000 0.113412
1919.000000 0.101289
1920.000000 0.176076
1921.000000 0.225334
1922.000000 0.077570
1923.000000 0.070405
1924.000000 0.148505
1925.000000 0.146976
1926.000000 0.239352
1927.000000 0.207173
1928.000000 0.141295
1929.000000 0.171963
1930.000000 0.186707
1931.000000 0.017549
1932.000000 0.144431
1933.000000 0.149066
1934.000000 0.079439
1935.000000 0.049188
1936.000000 0.135457
1937.000000 0.067810
1938.000000 0.079371
1939.000000 0.052095
1940.000000 0.112717
1941.000000 0.099245
1942.000000 0.070810
1943.000000 0.142804
1944.000000 0.168336
1945.000000 0.232308
1946.000000 0.042907
1947.000000 0.176035
1948.000000 0.151434
1949.000000 0.070555
1950.000000 0.175157
1951.000000 0.079288
1952.000000 0.180517
1953.000000 0.134775
1954.000000 0.241971
1955.000000 0.125655
1956.000000 0.220925
1957.000000 0.210299
1958.000000 0.161069
1959.000000 0.123210
1960.000000 0.191169
1961.000000 0.111173
1962.000000 0.202868
1963.000000 0.151796
1964.000000 0.132877
1965.000000 0.137583
1966.000000 0.041247
1967.000000 0.063833
1968.000000 0.094513
1969.000000 0.018911
1970.000000 0.055291
1971.000000 0.105840
1972.000000 0.128630
1973.000000 0.121387
1974.000000 0.119004
1975.000000 0.249503
1976.000000 0.161325
1977.000000 0.130992
1978.000000 0.119392
1979.000000 0.037256
1980.000000 0.063342
1981.000000 0.085653
1982.000000 0.031197
1983.000000 0.061759
1984.000000 0.177342
1985.000000 0.009748
1986.000000 0.092837
1987.000000 0.125736
1988.000000 0.128770
1989.000000 0.168043
1990.000000 0.124376
1991.000000 0.144919
1992.000000 0.230907
1993.000000 0.155938
1994.000000 0.079491
1995.000000 0.098065
1996.000000 0.145038
1997.000000 0.097392
1998.000000 0.097712
1999.000000 0.124330
2000.000000 0.107734
2001.000000 0.084841
2002.000000 0.206095
2003.000000 0.084919
2004.000000 0.105434
2005.000000 0.060795
2006.000000 0.071133
2007.000000 0.076313
2008.000000 0.006367
2009.000000 0.110033
2010.000000 0.114685
2011.000000 0.054103
2012.000000 0.093742
2013.000000 0.054747
2014.000000 0.114807
2015.000000 0.088910
2016.000000 0.132180
2017.000000 0.009021
2018.000000 0.142178
2019.000000 0.173017
2020.000000 0.088367
2021.000000 0.139379
2022.000000 0.125000
2023.000000 0.217151
2024.000000 0.128617
2025.000000 0.151488
2026.000000 0.164245
2027.000000 0.105122
2028.000000 0.085695
2029.000000 0.208765
2030.000000 0.181464
2031.000000 0.057280
2032.000000 0.134853
2033.000000 0.184292
2034.000000 0.192735
2035.000000 0.080985
2036.000000 0.159548
2037.000000 0.276563
2038.000000 0.201542
2039.000000 0.116981
2040.000000 0.202369
2041.000000 0.125152
2042.000000 0.115891
2043.000000 0.160446
2044.000000 0.055462
2045.000000 0.015931
2046.000000 0.015893
2047.000000 0.034762
2048.000000 0.168541
2049.000000 0.131051
2050.000000 0.136801
2051.000000 0.105957
2052.000000 0.111868
2053.000000 0.130567
2054.000000 0.197156
2055.000000 0.155129
2056.000000 0.133011
2057.000000 0.120878
2058.000000 0.073810
2059.000000 0.012892
2060.000000 0.082652
2061.000000 0.226752
2062.000000 0.170180
2063.000000 0.029261
2064.000000 0.048060
2065.000000 0.104381
2066.000000 0.141794
2067.000000 0.194183
2068.000000 0.197377
2069.000000 0.079974
2070.000000 0.088518
2071.000000 0.199635
2072.000000 0.083018
2073.000000 0.045561
2074.000000 0.051579
2075.000000 0.044014
2076.000000 0.115588
2077.000000 0.169366
2078.000000 0.120143
2079.000000 0.200125
2080.000000 0.048151
2081.000000 0.161152
2082.000000 0.136897
2083.000000 0.051897
2084.000000 0.085659
2085.000000 0.046879
2086.000000 0.097222
2087.000000 0.080704
2088.000000 0.109471
2089.000000 0.076479
2090.000000 0.081789
2091.000000 0.076658
2092.000000 0.096952
2093.000000 0.190564
2094.000000 0.195688
2095.000000 0.140947
2096.000000 0.201943
2097.000000 0.166076
2098.000000 0.090117
2099.000000 0.154468
2100.000000 0.231985
2101.000000 0.086666
2102.000000 0.118746
2103.000000 0.017593
2104.000000 0.096291
2105.000000 0.196718
2106.000000 0.169873
2107.000000 0.111837
2108.000000 0.043577
2109.000000 0.069506
2110.000000 0.083585
2111.000000 0.012157
2112.000000 0.098528
2113.000000 0.100146
2114.000000 0.084232
2115.000000 0.109233
2116.000000 0.122667
2117.000000 0.031140
2118.000000 0.034201
2119.000000 0.068792
2120.000000 0.057279
2121.000000 0.023923
2122.000000 0.046344
2123.000000 0.082622
2124.000000 0.009425
2125.000000 0.089266
2126.000000 0.072505
2127.000000 0.036766
2128.000000 0.097941
2129.000000 0.095175
2130.000000 0.109719
2131.000000 0.024696
2132.000000 0.156344
2133.000000 0.082837
2134.000000 0.100671
2135.000000 0.100358
2136.000000 0.096096
2137.000000 0.180100
2138.000000 0.143295
2139.000000 0.167327
2140.000000 0.164208
2141.000000 0.178428
2142.000000 0.160991
2143.000000 0.132030
2144.000000 0.165694
2145.000000 0.075564
2146.000000 0.071136
2147.000000 0.134132
2148.000000 0.074833
2149.000000 0.097451
2150.000000 0.188515
2151.000000 0.125605
2152.000000 0.075308
2153.000000 0.017227
2154.000000 0.092368
2155.000000 0.076415
2156.000000 0.177626
2157.000000 0.019681
2158.000000 0.027369
2159.000000 0.152104
2160.000000 0.136935
2161.000000 0.132601
2162.000000 0.046235
2163.000000 0.060788
2164.000000 0.030998
2165.000000 0.135781
2166.000000 0.090479
2167.000000 0.018182
2168.000000 0.104390
2169.000000 0.046212
2170.000000 0.146666
2171.000000 0.140400
2172.000000 0.055841
2173.000000 0.119819
2174.000000 0.043697
2175.000000 0.155276
2176.000000 0.116639
2177.000000 0.100521
2178.000000 0.093148
2179.000000 0.096275
2180.000000 0.267624
2181.000000 0.148088
2182.000000 0.087155
2183.000000 0.036564
2184.000000 0.038566
2185.000000 0.053313
2186.000000 0.158786
2187.000000 0.162003
2188.000000 0.090194
2189.000000 0.148744
2190.000000 0.065875
2191.000000 0.059231
2192.000000 0.082472
2193.000000 0.193970
2194.000000 0.155255
2195.000000 0.080904
2196.000000 0.112382
2197.000000 0.023368
2198.000000 0.181737
2199.000000 0.102560
2200.000000 0.169350
2201.000000 0.146619
2202.000000 0.169514
2203.000000 0.106939
2204.000000 0.160502
2205.000000 0.079183
2206.000000 0.027858
2207.000000 0.100760
2208.000000 0.062733
2209.000000 0.107765
2210.000000 0.089579
2211.000000 0.080721
2212.000000 0.041952
2213.000000 0.111665
2214.000000 0.044659
2215.000000 0.097696
2216.000000 0.142410
2217.000000 0.033828
2218.000000 0.195416
2219.000000 0.222223
2220.000000 0.207080
2221.000000 0.235220
2222.000000 0.139921
2223.000000 0.105368
2224.000000 0.135679
2225.000000 0.050859
2226.000000 0.137360
2227.000000 0.249264
2228.000000 0.093050
2229.000000 0.086428
2230.000000 0.159751
2231.000000 0.064136
2232.000000 0.097995
2233.000000 0.186308
2234.000000 0.062172
2235.000000 0.091023
2236.000000 0.126564
2237.000000 0.072620
2238.000000 0.114428
2239.000000 0.112216
2240.000000 0.121525
2241.000000 0.054151
2242.000000 0.178356
2243.000000 0.228250
2244.000000 0.143154
2245.000000 0.178688
2246.000000 0.087934
2247.000000 0.092987
2248.000000 0.160925
2249.000000 0.063875
2250.000000 0.173027
2251.000000 0.186499
2252.000000 0.194720
2253.000000 0.127629
2254.000000 0.170822
2255.000000 0.083805
2256.000000 0.084874
2257.000000 0.091604
2258.000000 0.021026
2259.000000 0.018195
2260.000000 0.118037
2261.000000 0.158343
2262.000000 0.205410
2263.000000 0.025640
2264.000000 0.166388
2265.000000 0.097756
2266.000000 0.128563
2267.000000 0.096413
2268.000000 0.019415
2269.000000 0.095788
2270.000000 0.036336
2271.000000 0.074914
2272.000000 0.112529
2273.000000 0.054845
2274.000000 0.064996
2275.000000 0.108532
2276.000000 0.092319
2277.000000 0.061330
2278.000000 0.111007
2279.000000 0.102557
2280.000000 0.068524
2281.000000 0.239130
2282.000000 0.111204
2283.000000 0.059508
2284.000000 0.131864
2285.000000 0.167007
2286.000000 0.156779
2287.000000 0.129829
2288.000000 0.063890
2289.000000 0.110204
2290.000000 0.099006
2291.000000 0.058071
2292.000000 0.009658
2293.000000 0.153729
2294.000000 0.141718
2295.000000 0.129600
2296.000000 0.047550
2297.000000 0.074720
2298.000000 0.027570
2299.000000 0.058790
2300.000000 0.080624
2301.000000 0.019020
2302.000000 0.085920
2303.000000 0.102019
2304.000000 0.079436
2305.000000 0.078707
2306.000000 0.117716
2307.000000 0.148364
2308.000000 0.126000
2309.000000 0.107218
2310.000000 0.039174
2311.000000 0.187763
2312.000000 0.174551
2313.000000 0.141009
2314.000000 0.028245
2315.000000 0.116116
2316.000000 0.066461
2317.000000 0.009743
2318.000000 0.108623
2319.000000 0.175282
2320.000000 0.190184
2321.000000 0.098507
2322.000000 0.105542
2323.000000 0.082279
2324.000000 0.210304
2325.000000 0.181046
2326.000000 0.139806
2327.000000 0.050648
2328.000000 0.052774
2329.000000 0.131139
2330.000000 0.078949
2331.000000 0.048401
2332.000000 0.039070
2333.000000 0.073753
2334.000000 0.022593
2335.000000 0.162139
2336.000000 0.069698
2337.000000 0.064031
2338.000000 0.056609
2339.000000 0.094895
2340.000000 0.172598
2341.000000 0.173812
2342.000000 0.056351
2343.000000 0.087824
2344.000000 0.128481
2345.000000 0.055857
2346.000000 0.099295
2347.000000 0.074559
2348.000000 0.103421
2349.000000 0.121366
2350.000000 0.029272
2351.000000 0.128010
2352.000000 0.197580
2353.000000 0.175039
2354.000000 0.260139
2355.000000 0.096645
2356.000000 0.138910
2357.000000 0.045482
2358.000000 0.103717
2359.000000 0.028535
2360.000000 0.105465
2361.000000 0.103487
2362.000000 0.048763
2363.000000 0.158943
2364.000000 0.125215
2365.000000 0.115717
2366.000000 0.051888
2367.000000 0.087657
2368.000000 0.139391
2369.000000 0.204294
2370.000000 0.345077
2371.000000 0.232255
2372.000000 0.057732
2373.000000 0.073425
2374.000000 0.083148
2375.000000 0.102982
2376.000000 0.123672
2377.000000 0.175935
2378.000000 0.094781
2379.000000 0.074211
2380.000000 0.059523
2381.000000 0.107419
2382.000000 0.057050
2383.000000 0.020948
2384.000000 0.044083
2385.000000 0.127771
2386.000000 0.100652
2387.000000 0.194269
2388.000000 0.174266
2389.000000 0.063418
2390.000000 0.174796
2391.000000 0.092428
2392.000000 0.030372
2393.000000 0.070418
2394.000000 0.069535
2395.000000 0.082845
2396.000000 0.165408
2397.000000 0.194604
2398.000000 0.289590
2399.000000 0.177734
2400.000000 0.083168
2401.000000 0.281838
2402.000000 0.189843
2403.000000 0.132348
2404.000000 0.108535
2405.000000 0.130321
2406.000000 0.277206
2407.000000 0.211447
2408.000000 0.062546
2409.000000 0.183301
2410.000000 0.159971
2411.000000 0.152119
2412.000000 0.113488
2413.000000 0.131758
2414.000000 0.157669
2415.000000 0.183147
2416.000000 0.031385
2417.000000 0.176030
2418.000000 0.018790
2419.000000 0.057027
2420.000000 0.081520
2421.000000 0.048812
2422.000000 0.199360
2423.000000 0.160930
2424.000000 0.170354
2425.000000 0.124790
2426.000000 0.120508
2427.000000 0.142657
2428.000000 0.046192
2429.000000 0.036573
2430.000000 0.054186
2431.000000 0.049330
2432.000000 0.096001
2433.000000 0.077773
2434.000000 0.064344
2435.000000 0.109537
2436.000000 0.097304
2437.000000 0.127028
2438.000000 0.270980
2439.000000 0.143561
2440.000000 0.095538
2441.000000 0.092353
2442.000000 0.053310
2443.000000 0.039497
2444.000000 0.090075
2445.000000 0.117250
2446.000000 0.095698
2447.000000 0.046721
2448.000000 0.058584
2449.000000 0.077712
2450.000000 0.096062
2451.000000 0.140325
2452.000000 0.153829
2453.000000 0.093173
2454.000000 0.067800
2455.000000 0.146547
2456.000000 0.074290
2457.000000 0.128118
2458.000000 0.167242
2459.000000 0.054058
2460.000000 0.016290
2461.000000 0.081910
2462.000000 0.204391
2463.000000 0.055987
2464.000000 0.201854
2465.000000 0.120927
2466.000000 0.058961
2467.000000 0.010609
2468.000000 0.084887
2469.000000 0.212104
2470.000000 0.193483
2471.000000 0.168871
2472.000000 0.093012
2473.000000 0.183329
2474.000000 0.229949
2475.000000 0.201602
2476.000000 0.154199
2477.000000 0.124684
2478.000000 0.063844
2479.000000 0.055338
2480.000000 0.170758
2481.000000 0.088208
2482.000000 0.103818
2483.000000 0.162663
2484.000000 0.029311
2485.000000 0.153547
2486.000000 0.076376
2487.000000 0.025308
2488.000000 0.163646
2489.000000 0.068380
2490.000000 0.100153
2491.000000 0.100949
2492.000000 0.189230
2493.000000 0.194987
2494.000000 0.230795
2495.000000 0.171023
2496.000000 0.174036
2497.000000 0.147479
2498.000000 0.187716
2499.000000 0.093685
2500.000000 0.250969
2501.000000 0.254214
2502.000000 0.209445
2503.000000 0.083729
2504.000000 0.151496
2505.000000 0.189634
2506.000000 0.168559
2507.000000 0.173714
2508.000000 0.175908
2509.000000 0.192210
2510.000000 0.115431
2511.000000 0.123318
2512.000000 0.169869
2513.000000 0.079932
2514.000000 0.143230
2515.000000 0.114275
2516.000000 0.128573
2517.000000 0.171467
2518.000000 0.038764
2519.000000 0.048273
2520.000000 0.154765
2521.000000 0.134935
2522.000000 0.079268
2523.000000 0.097042
2524.000000 0.157285
2525.000000 0.040407
2526.000000 0.109597
2527.000000 0.007244
2528.000000 0.088671
2529.000000 0.119657
2530.000000 0.057686
2531.000000 0.054809
2532.000000 0.051253
2533.000000 0.144840
2534.000000 0.078224
2535.000000 0.028162
2536.000000 0.062579
2537.000000 0.072870
2538.000000 0.137432
2539.000000 0.156016
2540.000000 0.127712
2541.000000 0.103815
2542.000000 0.123171
2543.000000 0.072259
2544.000000 0.067685
2545.000000 0.152007
2546.000000 0.173130
2547.000000 0.199648
2548.000000 0.226836
2549.000000 0.142930
2550.000000 0.032377
2551.000000 0.149116
2552.000000 0.135035
2553.000000 0.109962
2554.000000 0.083067
2555.000000 0.110024
2556.000000 0.127228
2557.000000 0.101389
2558.000000 0.159716
2559.000000 0.159030
2560.000000 0.179565
2561.000000 0.169895
2562.000000 0.260006
2563.000000 0.099336
2564.000000 0.102242
2565.000000 0.216617
2566.000000 0.075807
2567.000000 0.094753
2568.000000 0.155719
2569.000000 0.029656
2570.000000 0.082006
2571.000000 0.099895
2572.000000 0.118748
2573.000000 0.053778
2574.000000 0.066651
2575.000000 0.085046
2576.000000 0.054264
2577.000000 0.157624
2578.000000 0.096020
2579.000000 0.099635
2580.000000 0.114952
2581.000000 0.113433
2582.000000 0.072117
2583.000000 0.014187
2584.000000 0.046390
2585.000000 0.070608
2586.000000 0.051816
2587.000000 0.077546
2588.000000 0.088736
2589.000000 0.081320
2590.000000 0.132037
2591.000000 0.033498
2592.000000 0.163323
2593.000000 0.091914
2594.000000 0.129686
2595.000000 0.175132
2596.000000 0.103727
2597.000000 0.134629
2598.000000 0.123872
2599.000000 0.128501
2600.000000 0.135211
2601.000000 0.174949
2602.000000 0.096520
2603.000000 0.104843
2604.000000 0.119005
2605.000000 0.070689
2606.000000 0.169865
2607.000000 0.142524
2608.000000 0.143006
2609.000000 0.218082
2610.000000 0.200485
2611.000000 0.091273
2612.000000 0.086343
2613.000000 0.086904
2614.000000 0.074553
2615.000000 0.085904
2616.000000 0.047555
2617.000000 0.045465
2618.000000 0.070601
2619.000000 0.124861
2620.000000 0.153332
2621.000000 0.103336
2622.000000 0.133599
2623.000000 0.124637
2624.000000 0.151925
2625.000000 0.269395
2626.000000 0.188190
2627.000000 0.102267
2628.000000 0.150212
2629.000000 0.101457
2630.000000 0.153327
2631.000000 0.073331
2632.000000 0.102512
2633.000000 0.112699
2634.000000 0.069006
2635.000000 0.134638
2636.000000 0.042313
2637.000000 0.077796
2638.000000 0.130670
2639.000000 0.062395
2640.000000 0.154622
2641.000000 0.071068
2642.000000 0.157287
2643.000000 0.141871
2644.000000 0.093212
2645.000000 0.103446
2646.000000 0.007326
2647.000000 0.039846
2648.000000 0.104551
2649.000000 0.160211
2650.000000 0.038606
2651.000000 0.056273
2652.000000 0.096327
2653.000000 0.110974
2654.000000 0.015485
2655.000000 0.048884
2656.000000 0.041131
2657.000000 0.075748
2658.000000 0.079727
2659.000000 0.155665
2660.000000 0.155356
2661.000000 0.124339
2662.000000 0.070269
2663.000000 0.023714
2664.000000 0.086460
2665.000000 0.218588
2666.000000 0.087489
2667.000000 0.022975
2668.000000 0.163229
2669.000000 0.150456
2670.000000 0.162314
2671.000000 0.118843
2672.000000 0.175636
2673.000000 0.149454
2674.000000 0.121197
2675.000000 0.080133
2676.000000 0.036956
2677.000000 0.053815
2678.000000 0.011919
2679.000000 0.077392
2680.000000 0.130671
2681.000000 0.115452
2682.000000 0.085523
2683.000000 0.120341
2684.000000 0.161952
2685.000000 0.135767
2686.000000 0.073487
2687.000000 0.023326
2688.000000 0.155268
2689.000000 0.212042
2690.000000 0.027414
2691.000000 0.078425
2692.000000 0.085239
2693.000000 0.082723
2694.000000 0.039977
2695.000000 0.135030
2696.000000 0.087298
2697.000000 0.073527
2698.000000 0.229480
2699.000000 0.147258
2700.000000 0.151230
2701.000000 0.145026
2702.000000 0.137329
2703.000000 0.043592
2704.000000 0.228365
2705.000000 0.026112
2706.000000 0.030884
2707.000000 0.059716
2708.000000 0.062257
2709.000000 0.063990
2710.000000 0.040587
2711.000000 0.108877
2712.000000 0.091795
2713.000000 0.136218
2714.000000 0.258746
2715.000000 0.199805
2716.000000 0.212613
2717.000000 0.111052
2718.000000 0.096577
2719.000000 0.086866
2720.000000 0.199895
2721.000000 0.090262
2722.000000 0.098220
2723.000000 0.154546
2724.000000 0.186197
2725.000000 0.165308
2726.000000 0.143948
2727.000000 0.106166
2728.000000 0.046279
2729.000000 0.124262
2730.000000 0.026216
2731.000000 0.134653
2732.000000 0.099454
2733.000000 0.140624
2734.000000 0.103087
2735.000000 0.202440
2736.000000 0.201192
2737.000000 0.178425
2738.000000 0.100522
2739.000000 0.163102
2740.000000 0.160533
2741.000000 0.091964
2742.000000 0.220365
2743.000000 0.093221
2744.000000 0.191652
2745.000000 0.144416
2746.000000 0.211049
2747.000000 0.246373
2748.000000 0.137255
2749.000000 0.277445
2750.000000 0.117753
2751.000000 0.027617
2752.000000 0.146232
2753.000000 0.095633
2754.000000 0.057422
2755.000000 0.166632
2756.000000 0.121417
2757.000000 0.028455
2758.000000 0.198207
2759.000000 0.108248
2760.000000 0.098547
2761.000000 0.051522
2762.000000 0.040069
2763.000000 0.117495
2764.000000 0.117889
2765.000000 0.025046
2766.000000 0.061811
2767.000000 0.134865
2768.000000 0.213183
2769.000000 0.148139
2770.000000 0.040140
2771.000000 0.064418
2772.000000 0.070693
2773.000000 0.127598
2774.000000 0.073035
2775.000000 0.066046
2776.000000 0.129955
2777.000000 0.027035
2778.000000 0.029798
2779.000000 0.027649
2780.000000 0.049227
2781.000000 0.047990
2782.000000 0.038902
2783.000000 0.164500
2784.000000 0.093882
2785.000000 0.124172
2786.000000 0.115540
2787.000000 0.081282
2788.000000 0.061519
2789.000000 0.039349
2790.000000 0.094381
2791.000000 0.109776
2792.000000 0.258392
2793.000000 0.273515
2794.000000 0.174613
2795.000000 0.125559
2796.000000 0.151892
2797.000000 0.058031
2798.000000 0.042815
2799.000000 0.077247
2800.000000 0.105055
2801.000000 0.118142
2802.000000 0.127123
2803.000000 0.049648
2804.000000 0.073470
2805.000000 0.254136
2806.000000 0.231174
2807.000000 0.058373
2808.000000 0.183860
2809.000000 0.149173
2810.000000 0.097467
2811.000000 0.051900
2812.000000 0.052380
2813.000000 0.103021
2814.000000 0.095517
2815.000000 0.095285
2816.000000 0.093309
2817.000000 0.166478
2818.000000 0.073177
2819.000000 0.054379
2820.000000 0.096428
2821.000000 0.103999
2822.000000 0.211054
2823.000000 0.171190
2824.000000 0.090217
2825.000000 0.026196
2826.000000 0.064465
2827.000000 0.092227
2828.000000 0.098726
2829.000000 0.134241
2830.000000 0.101056
2831.000000 0.118061
2832.000000 0.188147
2833.000000 0.217066
2834.000000 0.105704
2835.000000 0.031505
2836.000000 0.093421
2837.000000 0.160032
2838.000000 0.146861
2839.000000 0.092648
2840.000000 0.169251
2841.000000 0.096823
2842.000000 0.114304
2843.000000 0.097539
2844.000000 0.235746
2845.000000 0.151148
2846.000000 0.168725
2847.000000 0.047775
2848.000000 0.085357
2849.000000 0.154443
2850.000000 0.159014
2851.000000 0.240467
2852.000000 0.218689
2853.000000 0.049932
2854.000000 0.183375
2855.000000 0.043681
2856.000000 0.050671
2857.000000 0.130185
2858.000000 0.071154
2859.000000 0.130430
2860.000000 0.138624
2861.000000 0.206656
2862.000000 0.123188
2863.000000 0.114336
2864.000000 0.048642
2865.000000 0.076323
2866.000000 0.105024
2867.000000 0.049785
2868.000000 0.110812
2869.000000 0.012057
2870.000000 0.144658
2871.000000 0.134973
2872.000000 0.210631
2873.000000 0.241004
2874.000000 0.073733
2875.000000 0.179604
2876.000000 0.029827
2877.000000 0.134906
2878.000000 0.051733
2879.000000 0.141947
2880.000000 0.045156
2881.000000 0.161417
2882.000000 0.062498
2883.000000 0.071323
2884.000000 0.015588
2885.000000 0.011949
2886.000000 0.140721
2887.000000 0.046574
2888.000000 0.028305
2889.000000 0.117178
2890.000000 0.049537
2891.000000 0.132961
2892.000000 0.189789
2893.000000 0.125002
2894.000000 0.079692
2895.000000 0.133943
2896.000000 0.014535
2897.000000 0.057744
2898.000000 0.084021
2899.000000 0.067317
2900.000000 0.142133
2901.000000 0.037691
2902.000000 0.078540
2903.000000 0.076845
2904.000000 0.012878
2905.000000 0.057556
2906.000000 0.108790
2907.000000 0.113425
2908.000000 0.101008
2909.000000 0.043249
2910.000000 0.126087
2911.000000 0.187530
2912.000000 0.058161
2913.000000 0.117005
2914.000000 0.021184
2915.000000 0.118467
2916.000000 0.074547
2917.000000 0.146905
2918.000000 0.090111
2919.000000 0.145931
2920.000000 0.221044
2921.000000 0.130116
2922.000000 0.107569
2923.000000 0.073194
2924.000000 0.123020
2925.000000 0.026565
2926.000000 0.006643
2927.000000 0.066409
2928.000000 0.076916
2929.000000 0.048329
2930.000000 0.178452
2931.000000 0.130810
2932.000000 0.125746
2933.000000 0.103556
2934.000000 0.123224
2935.000000 0.071055
2936.000000 0.080960
2937.000000 0.078952
2938.000000 0.163126
2939.000000 0.087490
2940.000000 0.145862
2941.000000 0.102213
2942.000000 0.039187
2943.000000 0.044680
2944.000000 0.036519
2945.000000 0.114413
2946.000000 0.098117
2947.000000 0.178794
2948.000000 0.059921
2949.000000 0.116363
2950.000000 0.065924
2951.000000 0.119906
2952.000000 0.082077
2953.000000 0.119681
2954.000000 0.177077
2955.000000 0.099890
2956.000000 0.151334
2957.000000 0.108956
2958.000000 0.135541
2959.000000 0.107842
2960.000000 0.156654
2961.000000 0.120311
2962.000000 0.114611
2963.000000 0.101494
2964.000000 0.133746
2965.000000 0.037884
2966.000000 0.078962
2967.000000 0.073431
2968.000000 0.073070
2969.000000 0.065013
2970.000000 0.051986
2971.000000 0.108383
2972.000000 0.122775
2973.000000 0.096299
2974.000000 0.047691
2975.000000 0.057637
2976.000000 0.116850
2977.000000 0.140016
2978.000000 0.150492
2979.000000 0.081445
2980.000000 0.119819
2981.000000 0.113340
2982.000000 0.111485
2983.000000 0.119737
2984.000000 0.165269
2985.000000 0.108404
2986.000000 0.089322
2987.000000 0.122985
2988.000000 0.145723
2989.000000 0.082748
2990.000000 0.048359
2991.000000 0.160105
2992.000000 0.117177
2993.000000 0.125156
2994.000000 0.189592
2995.000000 0.158131
2996.000000 0.115392
2997.000000 0.097180
2998.000000 0.101160
2999.000000 0.072676
3000.000000 0.119397
