0.000000 0.069402
1.000000 0.059271
2.000000 0.100879
3.000000 0.066012
4.000000 0.186451
5.000000 0.148836
6.000000 0.058575
7.000000 0.072036
8.000000 0.083495
9.000000 0.085739
10.000000 0.073889
11.000000 0.158818
12.000000 0.075340
13.000000 0.100861
14.000000 0.024997
15.000000 0.137392
16.000000 0.046843
17.000000 0.067629
18.000000 0.146103
19.000000 0.065857
20.000000 0.131333
21.000000 0.065440
22.000000 0.123330
23.000000 0.262569
24.000000 0.162941
25.000000 0.199836
26.000000 0.140364
27.000000 0.119822
28.000000 0.135011
29.000000 0.048569
30.000000 0.114430
31.000000 0.115552
32.000000 0.106287
33.000000 0.112387
34.000000 0.092537
35.000000 0.145871
36.000000 0.093566
37.000000 0.065567
38.000000 0.012972
39.000000 0.105897
40.000000 0.089609
41.000000 0.133994
42.000000 0.115277
43.000000 0.008021
44.000000 0.072742
45.000000 0.169026
46.000000 0.151318
47.000000 0.078605
48.000000 0.121624
49.000000 0.158063
50.000000 0.043203
51.000000 0.090367
52.000000 0.067782
53.000000 0.049015
54.000000 0.206748
55.000000 0.060315
56.000000 0.095971
57.000000 0.104891
58.000000 0.091787
59.000000 0.065632
60.000000 0.053844
61.000000 0.081961
62.000000 0.023563
63.000000 0.096151
64.000000 0.102883
65.000000 0.021914
66.000000 0.080413
67.000000 0.071740
68.000000 0.092258
69.000000 0.138312
70.000000 0.015389
71.000000 0.081721
72.000000 0.124604
73.000000 0.220854
74.000000 0.234683
75.000000 0.124344
76.000000 0.134343
77.000000 0.212551
78.000000 0.157215
79.000000 0.075574
80.000000 0.090752
81.000000 0.234672
82.000000 0.249583
83.000000 0.194115
84.000000 0.100929
85.000000 0.220758
86.000000 0.113179
87.000000 0.083316
88.000000 0.108319
89.000000 0.110064
90.000000 0.100963
91.000000 0.232319
92.000000 0.026614
93.000000 0.085315
94.000000 0.027010
95.000000 0.168233
96.000000 0.119694
97.000000 0.136005
98.000000 0.130274
99.000000 0.141893
100.000000 0.053710
101.000000 0.076406
102.000000 0.102620
103.000000 0.117782
104.000000 0.074004
105.000000 0.041423
106.000000 0.134961
107.000000 0.200526
108.000000 0.046435
109.000000 0.057153
110.000000 0.065923
111.000000 0.174913
112.000000 0.021247
113.000000 0.094458
114.000000 0.055980
115.000000 0.115654
116.000000 0.045884
117.000000 0.045583
118.000000 0.079407
119.000000 0.137777
120.000000 0.115020
121.000000 0.130892
122.000000 0.053110
123.000000 0.103999
124.000000 0.085066
125.000000 0.188286
126.000000 0.219158
127.000000 0.082761
128.000000 0.175179
129.000000 0.038359
130.000000 0.154371
131.000000 0.074690
132.000000 0.078567
133.000000 0.066805
134.000000 0.066517
135.000000 0.205094
136.000000 0.053557
137.000000 0.087055
138.000000 0.066382
139.000000 0.055753
140.000000 0.051912
141.000000 0.099284
142.000000 0.116494
143.000000 0.079861
144.000000 0.067760
145.000000 0.119554
146.000000 0.081113
147.000000 0.109223
148.000000 0.091704
149.000000 0.209709
150.000000 0.147289
151.000000 0.104016
152.000000 0.063868
153.000000 0.048330
154.000000 0.098210
155.000000 0.079639
156.000000 0.001795
157.000000 0.037413
158.000000 0.043880
159.000000 0.147571
160.000000 0.230410
161.000000 0.154318
162.000000 0.088198
163.000000 0.042052
164.000000 0.223911
165.000000 0.063103
166.000000 0.050676
167.000000 0.192714
168.000000 0.060541
169.000000 0.085115
170.000000 0.248223
171.000000 0.270332
172.000000 0.086978
173.000000 0.154664
174.000000 0.169663
175.000000 0.089407
176.000000 0.123516
177.000000 0.028012
178.000000 0.133705
179.000000 0.118521
180.000000 0.147843
181.000000 0.064146
182.000000 0.110087
183.000000 0.178133
184.000000 0.103769
185.000000 0.082559
186.000000 0.033017
187.000000 0.137178
188.000000 0.119798
189.000000 0.116299
190.000000 0.093872
191.000000 0.055980
192.000000 0.221005
193.000000 0.052022
194.000000 0.076113
195.000000 0.079664
196.000000 0.014826
197.000000 0.104208
198.000000 0.090389
199.000000 0.122051
200.000000 0.054367
201.000000 0.104363
202.000000 0.122518
203.000000 0.085574
204.000000 0.105755
205.000000 0.169182
206.000000 0.159826
207.000000 0.022437
208.000000 0.047654
209.000000 0.036644
210.000000 0.059459
211.000000 0.064766
212.000000 0.141124
213.000000 0.097450
214.000000 0.110982
215.000000 0.089055
216.000000 0.077614
217.000000 0.143925
218.000000 0.139382
219.000000 0.129524
220.000000 0.106214
221.000000 0.023107
222.000000 0.103367
223.000000 0.041654
224.000000 0.209985
225.000000 0.130794
226.000000 0.052163
227.000000 0.029780
228.000000 0.058765
229.000000 0.055729
230.000000 0.123426
231.000000 0.177768
232.000000 0.076024
233.000000 0.019028
234.000000 0.178974
235.000000 0.218797
236.000000 0.116299
237.000000 0.061183
238.000000 0.106370
239.000000 0.058084
240.000000 0.091325
241.000000 0.102438
242.000000 0.083058
243.000000 0.081742
244.000000 0.112862
245.000000 0.008623
246.000000 0.063286
247.000000 0.122238
248.000000 0.059352
249.000000 0.112028
250.000000 0.035576
251.000000 0.125597
252.000000 0.091767
253.000000 0.201902
254.000000 0.070262
255.000000 0.108676
256.000000 0.110998
257.000000 0.198211
258.000000 0.145500
259.000000 0.194293
260.000000 0.074774
261.000000 0.234196
262.000000 0.263415
263.000000 0.157274
264.000000 0.070086
265.000000 0.104543
266.000000 0.141055
267.000000 0.080032
268.000000 0.065138
269.000000 0.018612
270.000000 0.111145
271.000000 0.049940
272.000000 0.053445
273.000000 0.089146
274.000000 0.072046
275.000000 0.130089
276.000000 0.089409
277.000000 0.066173
278.000000 0.181024
279.000000 0.080829
280.000000 0.144610
281.000000 0.157526
282.000000 0.074567
283.000000 0.095272
284.000000 0.071014
285.000000 0.127435
286.000000 0.142945
287.000000 0.149700
288.000000 0.233945
289.000000 0.179366
290.000000 0.162194
291.000000 0.076574
292.000000 0.044077
293.000000 0.074017
294.000000 0.080489
295.000000 0.095995
296.000000 0.101181
297.000000 0.090993
298.000000 0.185746
299.000000 0.062547
300.000000 0.142810
301.000000 0.022436
302.000000 0.198026
303.000000 0.053334
304.000000 0.108502
305.000000 0.183549
306.000000 0.115065
307.000000 0.058280
308.000000 0.034934
309.000000 0.135988
310.000000 0.139922
311.000000 0.138522
312.000000 0.058946
313.000000 0.070291
314.000000 0.087767
315.000000 0.166188
316.000000 0.081566
317.000000 0.174220
318.000000 0.080872
319.000000 0.075212
320.000000 0.191510
321.000000 0.120153
322.000000 0.088975
323.000000 0.072056
324.000000 0.147252
325.000000 0.030864
326.000000 0.176969
327.000000 0.116854
328.000000 0.136743
329.000000 0.045238
330.000000 0.072360
331.000000 0.106847
332.000000 0.191273
333.000000 0.131256
334.000000 0.151120
335.000000 0.062610
336.000000 0.101258
337.000000 0.106841
338.000000 0.213951
339.000000 0.156399
340.000000 0.204908
341.000000 0.020649
342.000000 0.110304
343.000000 0.010678
344.000000 0.076240
345.000000 0.023380
346.000000 0.108256
347.000000 0.180063
348.000000 0.241602
349.000000 0.308675
350.000000 0.044049
351.000000 0.053026
352.000000 0.072571
353.000000 0.119656
354.000000 0.142831
355.000000 0.092581
356.000000 0.063353
357.000000 0.156396
358.000000 0.119802
359.000000 0.090510
360.000000 0.135494
361.000000 0.167670
362.000000 0.203148
363.000000 0.159353
364.000000 0.253230
365.000000 0.064557
366.000000 0.041939
367.000000 0.158987
368.000000 0.113846
369.000000 0.145311
370.000000 0.168854
371.000000 0.134144
372.000000 0.016023
373.000000 0.056993
374.000000 0.055807
375.000000 0.044034
376.000000 0.055733
377.000000 0.082544
378.000000 0.131842
379.000000 0.183340
380.000000 0.159295
381.000000 0.135902
382.000000 0.141417
383.000000 0.096783
384.000000 0.108023
385.000000 0.036673
386.000000 0.207620
387.000000 0.050467
388.000000 0.110670
389.000000 0.124835
390.000000 0.097536
391.000000 0.049513
392.000000 0.045364
393.000000 0.068891
394.000000 0.035192
395.000000 0.038123
396.000000 0.121046
397.000000 0.112553
398.000000 0.191047
399.000000 0.159483
400.000000 0.222642
401.000000 0.101598
402.000000 0.154673
403.000000 0.022803
404.000000 0.134417
405.000000 0.025921
406.000000 0.054124
407.000000 0.145440
408.000000 0.037270
409.000000 0.029743
410.000000 0.063702
411.000000 0.042410
412.000000 0.030686
413.000000 0.032530
414.000000 0.023313
415.000000 0.127254
416.000000 0.109263
417.000000 0.105125
418.000000 0.140856
419.000000 0.102292
420.000000 0.077130
421.000000 0.162545
422.000000 0.028014
423.000000 0.138424
424.000000 0.134400
425.000000 0.069965
426.000000 0.055830
427.000000 0.057455
428.000000 0.112002
429.000000 0.035195
430.000000 0.104262
431.000000 0.008912
432.000000 0.102142
433.000000 0.100621
434.000000 0.132227
435.000000 0.062015
436.000000 0.101051
437.000000 0.062035
438.000000 0.055454
439.000000 0.084778
440.000000 0.062889
441.000000 0.104329
442.000000 0.131645
443.000000 0.154502
444.000000 0.081512
445.000000 0.082849
446.000000 0.152973
447.000000 0.099258
448.000000 0.085967
449.000000 0.200696
450.000000 0.231379
451.000000 0.056439
452.000000 0.172077
453.000000 0.198154
454.000000 0.064605
455.000000 0.198446
456.000000 0.027695
457.000000 0.106518
458.000000 0.117110
459.000000 0.024231
460.000000 0.180360
461.000000 0.009965
462.000000 0.203653
463.000000 0.102875
464.000000 0.092755
465.000000 0.123745
466.000000 0.089184
467.000000 0.151642
468.000000 0.084858
469.000000 0.071521
470.000000 0.071391
471.000000 0.134470
472.000000 0.109727
473.000000 0.040497
474.000000 0.168528
475.000000 0.098356
476.000000 0.131215
477.000000 0.040540
478.000000 0.084440
479.000000 0.128641
480.000000 0.115338
481.000000 0.044588
482.000000 0.095422
483.000000 0.095753
484.000000 0.042326
485.000000 0.017266
486.000000 0.101110
487.000000 0.111934
488.000000 0.108221
489.000000 0.125266
490.000000 0.126241
491.000000 0.082768
492.000000 0.198150
493.000000 0.255905
494.000000 0.216802
495.000000 0.183446
496.000000 0.162096
497.000000 0.092537
498.000000 0.127000
499.000000 0.094281
500.000000 0.041475
501.000000 0.062208
502.000000 0.047402
503.000000 0.119066
504.000000 0.068823
505.000000 0.111009
506.000000 0.087835
507.000000 0.114953
508.000000 0.014090
509.000000 0.089436
510.000000 0.074797
511.000000 0.042569
512.000000 0.089894
513.000000 0.063227
514.000000 0.045561
515.000000 0.095021
516.000000 0.170278
517.000000 0.098489
518.000000 0.116521
519.000000 0.081160
520.000000 0.042064
521.000000 0.197528
522.000000 0.084158
523.000000 0.101671
524.000000 0.038630
525.000000 0.097930
526.000000 0.104238
527.000000 0.069268
528.000000 0.051681
529.000000 0.076157
530.000000 0.038036
531.000000 0.082073
532.000000 0.048091
533.000000 0.151637
534.000000 0.057376
535.000000 0.066157
536.000000 0.048622
537.000000 0.058583
538.000000 0.028602
539.000000 0.151242
540.000000 0.113583
541.000000 0.079204
542.000000 0.137668
543.000000 0.154353
544.000000 0.118619
545.000000 0.137579
546.000000 0.083253
547.000000 0.018534
548.000000 0.023791
549.000000 0.052101
550.000000 0.067149
551.000000 0.103222
552.000000 0.083182
553.000000 0.061942
554.000000 0.081886
555.000000 0.113845
556.000000 0.009750
557.000000 0.040856
558.000000 0.090241
559.000000 0.140307
560.000000 0.071786
561.000000 0.090802
562.000000 0.107401
563.000000 0.158676
564.000000 0.123574
565.000000 0.015093
566.000000 0.059730
567.000000 0.012191
568.000000 0.174715
569.000000 0.162241
570.000000 0.181629
571.000000 0.255803
572.000000 0.175765
573.000000 0.053850
574.000000 0.147155
575.000000 0.014563
576.000000 0.102093
577.000000 0.055125
578.000000 0.019516
579.000000 0.005081
580.000000 0.059892
581.000000 0.050274
582.000000 0.007542
583.000000 0.174562
584.000000 0.102962
585.000000 0.184137
586.000000 0.101420
587.000000 0.147980
588.000000 0.152403
589.000000 0.012268
590.000000 0.100661
591.000000 0.024139
592.000000 0.135586
593.000000 0.220498
594.000000 0.167574
595.000000 0.056681
596.000000 0.051206
597.000000 0.112344
598.000000 0.127523
599.000000 0.121826
600.000000 0.197353
601.000000 0.169519
602.000000 0.077991
603.000000 0.065073
604.000000 0.174749
605.000000 0.249322
606.000000 0.147375
607.000000 0.076912
608.000000 0.045466
609.000000 0.170207
610.000000 0.143906
611.000000 0.168426
612.000000 0.153557
613.000000 0.250510
614.000000 0.176656
615.000000 0.091114
616.000000 0.081261
617.000000 0.117861
618.000000 0.257697
619.000000 0.188053
620.000000 0.107422
621.000000 0.095311
622.000000 0.132109
623.000000 0.136774
624.000000 0.103351
625.000000 0.188663
626.000000 0.293252
627.000000 0.133296
628.000000 0.184492
629.000000 0.123174
630.000000 0.119589
631.000000 0.060571
632.000000 0.043705
633.000000 0.120209
634.000000 0.058207
635.000000 0.062909
636.000000 0.078229
637.000000 0.146745
638.000000 0.066510
639.000000 0.185296
640.000000 0.034118
641.000000 0.050061
642.000000 0.023160
643.000000 0.067769
644.000000 0.026612
645.000000 0.118796
646.000000 0.161312
647.000000 0.104937
648.000000 0.064409
649.000000 0.040583
650.000000 0.103294
651.000000 0.159683
652.000000 0.044023
653.000000 0.294452
654.000000 0.118864
655.000000 0.027440
656.000000 0.075687
657.000000 0.049199
658.000000 0.064233
659.000000 0.044362
660.000000 0.051879
661.000000 0.080428
662.000000 0.110251
663.000000 0.015424
664.000000 0.082858
665.000000 0.081571
666.000000 0.119174
667.000000 0.033093
668.000000 0.084309
669.000000 0.041524
670.000000 0.091891
671.000000 0.182465
672.000000 0.133796
673.000000 0.074825
674.000000 0.155998
675.000000 0.111286
676.000000 0.017351
677.000000 0.163534
678.000000 0.137556
679.000000 0.116772
680.000000 0.062008
681.000000 0.089543
682.000000 0.168892
683.000000 0.077742
684.000000 0.056829
685.000000 0.165015
686.000000 0.095903
687.000000 0.025927
688.000000 0.082818
689.000000 0.108816
690.000000 0.098246
691.000000 0.016966
692.000000 0.055730
693.000000 0.043830
694.000000 0.172901
695.000000 0.137916
696.000000 0.106237
697.000000 0.078647
698.000000 0.069944
699.000000 0.186483
700.000000 0.117217
701.000000 0.121563
702.000000 0.101837
703.000000 0.215386
704.000000 0.347718
705.000000 0.302273
706.000000 0.226992
707.000000 0.182753
708.000000 0.150911
709.000000 0.073340
710.000000 0.066496
711.000000 0.102140
712.000000 0.146826
713.000000 0.109705
714.000000 0.115195
715.000000 0.067270
716.000000 0.062906
717.000000 0.083564
718.000000 0.074949
719.000000 0.112208
720.000000 0.180037
721.000000 0.059097
722.000000 0.028041
723.000000 0.095358
724.000000 0.066973
725.000000 0.138259
726.000000 0.059193
727.000000 0.029271
728.000000 0.044686
729.000000 0.131024
730.000000 0.078719
731.000000 0.120841
732.000000 0.148396
733.000000 0.184430
734.000000 0.175863
735.000000 0.028553
736.000000 0.076489
737.000000 0.122540
738.000000 0.248065
739.000000 0.127436
740.000000 0.055291
741.000000 0.077000
742.000000 0.111180
743.000000 0.066167
744.000000 0.156787
745.000000 0.184309
746.000000 0.099170
747.000000 0.067075
748.000000 0.041520
749.000000 0.029194
750.000000 0.186363
751.000000 0.062312
752.000000 0.062458
753.000000 0.238031
754.000000 0.155005
755.000000 0.087164
756.000000 0.121745
757.000000 0.074019
758.000000 0.191857
759.000000 0.163697
760.000000 0.017136
761.000000 0.116759
762.000000 0.213696
763.000000 0.111243
764.000000 0.151079
765.000000 0.184629
766.000000 0.116304
767.000000 0.112554
768.000000 0.021297
769.000000 0.106201
770.000000 0.151641
771.000000 0.042526
772.000000 0.097335
773.000000 0.135000
774.000000 0.004509
775.000000 0.098776
776.000000 0.074361
777.000000 0.045229
778.000000 0.088578
779.000000 0.126544
780.000000 0.110955
781.000000 0.132847
782.000000 0.104468
783.000000 0.049797
784.000000 0.206016
785.000000 0.081785
786.000000 0.091697
787.000000 0.144137
788.000000 0.091622
789.000000 0.098777
790.000000 0.038201
791.000000 0.097341
792.000000 0.051063
793.000000 0.024973
794.000000 0.147392
795.000000 0.081149
796.000000 0.177518
797.000000 0.223013
798.000000 0.092028
799.000000 0.088764
800.000000 0.009320
801.000000 0.185056
802.000000 0.008321
803.000000 0.128283
804.000000 0.047356
805.000000 0.083131
806.000000 0.070714
807.000000 0.186765
808.000000 0.094327
809.000000 0.186552
810.000000 0.171245
811.000000 0.247168
812.000000 0.172255
813.000000 0.123292
814.000000 0.115308
815.000000 0.075829
816.000000 0.162483
817.000000 0.158723
818.000000 0.138114
819.000000 0.073811
820.000000 0.082888
821.000000 0.145426
822.000000 0.110428
823.000000 0.079445
824.000000 0.240730
825.000000 0.076141
826.000000 0.156211
827.000000 0.183499
828.000000 0.121352
829.000000 0.087028
830.000000 0.033424
831.000000 0.127959
832.000000 0.066075
833.000000 0.071437
834.000000 0.045055
835.000000 0.037548
836.000000 0.064364
837.000000 0.041002
838.000000 0.201367
839.000000 0.070668
840.000000 0.093529
841.000000 0.116226
842.000000 0.096739
843.000000 0.107275
844.000000 0.088323
845.000000 0.082316
846.000000 0.123302
847.000000 0.152553
848.000000 0.140174
849.000000 0.086619
850.000000 0.017168
851.000000 0.167991
852.000000 0.072727
853.000000 0.025195
854.000000 0.074906
855.000000 0.061221
856.000000 0.133868
857.000000 0.139344
858.000000 0.141505
859.000000 0.121159
860.000000 0.098254
861.000000 0.125256
862.000000 0.125854
863.000000 0.191879
864.000000 0.149383
865.000000 0.090812
866.000000 0.100014
867.000000 0.131517
868.000000 0.157458
869.000000 0.057139
870.000000 0.037436
871.000000 0.017659
872.000000 0.042754
873.000000 0.085554
874.000000 0.208144
875.000000 0.293193
876.000000 0.233527
877.000000 0.214284
878.000000 0.105238
879.000000 0.112791
880.000000 0.112857
881.000000 0.050782
882.000000 0.133788
883.000000 0.045190
884.000000 0.132668
885.000000 0.180817
886.000000 0.084013
887.000000 0.057421
888.000000 0.075238
889.000000 0.058704
890.000000 0.096866
891.000000 0.108578
892.000000 0.199959
893.000000 0.106321
894.000000 0.138966
895.000000 0.070035
896.000000 0.103352
897.000000 0.079251
898.000000 0.095873
899.000000 0.047305
900.000000 0.049276
901.000000 0.086124
902.000000 0.041471
903.000000 0.060976
904.000000 0.081098
905.000000 0.030790
906.000000 0.164465
907.000000 0.076450
908.000000 0.121148
909.000000 0.064443
910.000000 0.068843
911.000000 0.056089
912.000000 0.040730
913.000000 0.081553
914.000000 0.023784
915.000000 0.035624
916.000000 0.026512
917.000000 0.026654
918.000000 0.109353
919.000000 0.162775
920.000000 0.129881
921.000000 0.152034
922.000000 0.182925
923.000000 0.153199
924.000000 0.072890
925.000000 0.107953
926.000000 0.175882
927.000000 0.215651
928.000000 0.075540
929.000000 0.057567
930.000000 0.054794
931.000000 0.087589
932.000000 0.097691
933.000000 0.020944
934.000000 0.073289
935.000000 0.027761
936.000000 0.016992
937.000000 0.110402
938.000000 0.038466
939.000000 0.074311
940.000000 0.071603
941.000000 0.156155
942.000000 0.089046
943.000000 0.139978
944.000000 0.135796
945.000000 0.153225
946.000000 0.087913
947.000000 0.155828
948.000000 0.068635
949.000000 0.122296
950.000000 0.051598
951.000000 0.132033
952.000000 0.097143
953.000000 0.097180
954.000000 0.188624
955.000000 0.119327
956.000000 0.087884
957.000000 0.101794
958.000000 0.090197
959.000000 0.065890
960.000000 0.104189
961.000000 0.062272
962.000000 0.160294
963.000000 0.134051
964.000000 0.100389
965.000000 0.035300
966.000000 0.052441
967.000000 0.194070
968.000000 0.136857
969.000000 0.158410
970.000000 0.205638
971.000000 0.161550
972.000000 0.177966
973.000000 0.188646
974.000000 0.208658
975.000000 0.213696
976.000000 0.227508
977.000000 0.215452
978.000000 0.128725
979.000000 0.102780
980.000000 0.184692
981.000000 0.140852
982.000000 0.070290
983.000000 0.104961
984.000000 0.107239
985.000000 0.074131
986.000000 0.060482
987.000000 0.125815
988.000000 0.085498
989.000000 0.016926
990.000000 0.076900
991.000000 0.071728
992.000000 0.033537
993.000000 0.083626
994.000000 0.047976
995.000000 0.057876
996.000000 0.116675
997.000000 0.027511
998.000000 0.163004
999.000000 0.164485
1000.000000 0.160184
1001.000000 0.124318
1002.000000 0.059353
1003.000000 0.061091
1004.000000 0.095596
1005.000000 0.004045
1006.000000 0.096156
1007.000000 0.079204
1008.000000 0.091405
1009.000000 0.231977
1010.000000 0.198583
1011.000000 0.132505
1012.000000 0.041587
1013.000000 0.046403
1014.000000 0.151166
1015.000000 0.046890
1016.000000 0.075757
1017.000000 0.140226
1018.000000 0.075480
1019.000000 0.070374
1020.000000 0.105045
1021.000000 0.086862
1022.000000 0.096482
1023.000000 0.091290
1024.000000 0.157257
1025.000000 0.129126
1026.000000 0.132206
1027.000000 0.110918
1028.000000 0.115522
1029.000000 0.068519
1030.000000 0.092653
1031.000000 0.059366
1032.000000 0.091939
1033.000000 0.145189
1034.000000 0.143101
1035.000000 0.149068
1036.000000 0.105884
1037.000000 0.041422
1038.000000 0.106064
1039.000000 0.139249
1040.000000 0.251032
1041.000000 0.176721
1042.000000 0.139049
1043.000000 0.123623
1044.000000 0.148309
1045.000000 0.147915
1046.000000 0.052429
1047.000000 0.083367
1048.000000 0.137564
1049.000000 0.132479
1050.000000 0.157149
1051.000000 0.230116
1052.000000 0.154092
1053.000000 0.096608
1054.000000 0.087080
1055.000000 0.078828
1056.000000 0.117672
1057.000000 0.141954
1058.000000 0.115484
1059.000000 0.083642
1060.000000 0.092394
1061.000000 0.162504
1062.000000 0.052814
1063.000000 0.095906
1064.000000 0.156587
1065.000000 0.171431
1066.000000 0.079549
1067.000000 0.137258
1068.000000 0.253905
1069.000000 0.170886
1070.000000 0.165433
1071.000000 0.082126
1072.000000 0.110394
1073.000000 0.220536
1074.000000 0.156156
1075.000000 0.095206
1076.000000 0.087575
1077.000000 0.059142
1078.000000 0.050600
1079.000000 0.133024
1080.000000 0.100993
1081.000000 0.112107
1082.000000 0.105152
1083.000000 0.029030
1084.000000 0.137144
1085.000000 0.193216
1086.000000 0.124489
1087.000000 0.176077
1088.000000 0.150970
1089.000000 0.094690
1090.000000 0.068372
1091.000000 0.107359
1092.000000 0.108683
1093.000000 0.168253
1094.000000 0.234978
1095.000000 0.202101
1096.000000 0.147280
1097.000000 0.171602
1098.000000 0.183200
1099.000000 0.149929
1100.000000 0.136482
1101.000000 0.059786
1102.000000 0.071339
1103.000000 0.074607
1104.000000 0.108919
1105.000000 0.186980
1106.000000 0.070041
1107.000000 0.054291
1108.000000 0.149066
1109.000000 0.202785
1110.000000 0.055926
1111.000000 0.091548
1112.000000 0.069128
1113.000000 0.061340
1114.000000 0.162229
1115.000000 0.082508
1116.000000 0.170075
1117.000000 0.162831
1118.000000 0.044756
1119.000000 0.055466
1120.000000 0.073532
1121.000000 0.046950
1122.000000 0.018803
1123.000000 0.045371
1124.000000 0.177490
1125.000000 0.049756
1126.000000 0.038058
1127.000000 0.143061
1128.000000 0.103757
1129.000000 0.063928
1130.000000 0.074840
1131.000000 0.048938
1132.000000 0.110781
1133.000000 0.120077
1134.000000 0.070164
1135.000000 0.080563
1136.000000 0.082615
1137.000000 0.093434
1138.000000 0.166380
1139.000000 0.177459
1140.000000 0.153883
1141.000000 0.058809
1142.000000 0.083540
1143.000000 0.103584
1144.000000 0.062990
1145.000000 0.079470
1146.000000 0.170506
1147.000000 0.069621
1148.000000 0.020102
1149.000000 0.026953
1150.000000 0.039144
1151.000000 0.037809
1152.000000 0.153087
1153.000000 0.099969
1154.000000 0.024618
1155.000000 0.047465
1156.000000 0.078767
1157.000000 0.059837
1158.000000 0.155582
1159.000000 0.152858
1160.000000 0.082097
1161.000000 0.158873
1162.000000 0.027037
1163.000000 0.007594
1164.000000 0.170695
1165.000000 0.067080
1166.000000 0.066879
1167.000000 0.059523
1168.000000 0.092050
1169.000000 0.225344
1170.000000 0.228790
1171.000000 0.106434
1172.000000 0.026565
1173.000000 0.164216
1174.000000 0.221374
1175.000000 0.052466
1176.000000 0.099764
1177.000000 0.036506
1178.000000 0.109609
1179.000000 0.078542
1180.000000 0.157797
1181.000000 0.119495
1182.000000 0.112353
1183.000000 0.062723
1184.000000 0.098807
1185.000000 0.072884
1186.000000 0.158412
1187.000000 0.134722
1188.000000 0.121687
1189.000000 0.086310
1190.000000 0.047186
1191.000000 0.029784
1192.000000 0.059939
1193.000000 0.147642
1194.000000 0.033204
1195.000000 0.109011
1196.000000 0.159438
1197.000000 0.030763
1198.000000 0.050590
1199.000000 0.103552
1200.000000 0.036937
1201.000000 0.055028
1202.000000 0.064753
1203.000000 0.105731
1204.000000 0.099685
1205.000000 0.061435
1206.000000 0.072358
1207.000000 0.077757
1208.000000 0.020235
1209.000000 0.088679
1210.000000 0.075829
1211.000000 0.123544
1212.000000 0.052011
1213.000000 0.106043
1214.000000 0.053442
1215.000000 0.130389
1216.000000 0.225667
1217.000000 0.243292
1218.000000 0.122066
1219.000000 0.045029
1220.000000 0.064014
1221.000000 0.084208
1222.000000 0.115547
1223.000000 0.143892
1224.000000 0.206853
1225.000000 0.128775
1226.000000 0.072452
1227.000000 0.091782
1228.000000 0.048714
1229.000000 0.026062
1230.000000 0.085334
1231.000000 0.090704
1232.000000 0.046556
1233.000000 0.120258
1234.000000 0.063089
1235.000000 0.053212
1236.000000 0.028031
1237.000000 0.114682
1238.000000 0.093294
1239.000000 0.072637
1240.000000 0.147747
1241.000000 0.042638
1242.000000 0.094487
1243.000000 0.131602
1244.000000 0.127916
1245.000000 0.090910
1246.000000 0.069344
1247.000000 0.150436
1248.000000 0.118481
1249.000000 0.093639
1250.000000 0.097626
1251.000000 0.015713
1252.000000 0.120340
1253.000000 0.110421
1254.000000 0.125223
1255.000000 0.042378
1256.000000 0.148032
1257.000000 0.060303
1258.000000 0.103067
1259.000000 0.148905
1260.000000 0.149977
1261.000000 0.134009
1262.000000 0.073584
1263.000000 0.066600
1264.000000 0.137654
1265.000000 0.015149
1266.000000 0.138680
1267.000000 0.062869
1268.000000 0.094244
1269.000000 0.088707
1270.000000 0.150836
1271.000000 0.197342
1272.000000 0.174938
1273.000000 0.101694
1274.000000 0.120211
1275.000000 0.084142
1276.000000 0.220557
1277.000000 0.045074
1278.000000 0.039591
1279.000000 0.123437
1280.000000 0.089412
1281.000000 0.071389
1282.000000 0.136437
1283.000000 0.073244
1284.000000 0.078684
1285.000000 0.096417
1286.000000 0.072905
1287.000000 0.082942
1288.000000 0.048694
1289.000000 0.114550
1290.000000 0.086735
1291.000000 0.048540
1292.000000 0.071947
1293.000000 0.091873
1294.000000 0.080424
1295.000000 0.069727
1296.000000 0.028911
1297.000000 0.044912
1298.000000 0.085282
1299.000000 0.107839
1300.000000 0.191161
1301.000000 0.216491
1302.000000 0.165146
1303.000000 0.060111
1304.000000 0.024199
1305.000000 0.164002
1306.000000 0.127055
1307.000000 0.123333
1308.000000 0.132059
1309.000000 0.168251
1310.000000 0.081292
1311.000000 0.116915
1312.000000 0.103033
1313.000000 0.041252
1314.000000 0.133587
1315.000000 0.263968
1316.000000 0.127458
1317.000000 0.094035
1318.000000 0.087004
1319.000000 0.116730
1320.000000 0.249234
1321.000000 0.145812
1322.000000 0.102738
1323.000000 0.132943
1324.000000 0.103004
1325.000000 0.048038
1326.000000 0.206800
1327.000000 0.183458
1328.000000 0.175970
1329.000000 0.121867
1330.000000 0.139220
1331.000000 0.156881
1332.000000 0.026267
1333.000000 0.092657
1334.000000 0.134034
1335.000000 0.131963
1336.000000 0.134461
1337.000000 0.086766
1338.000000 0.105631
1339.000000 0.069172
1340.000000 0.058216
1341.000000 0.145986
1342.000000 0.058473
1343.000000 0.068153
1344.000000 0.102484
1345.000000 0.263489
1346.000000 0.197431
1347.000000 0.314667
1348.000000 0.161128
1349.000000 0.106031
1350.000000 0.063597
1351.000000 0.049184
1352.000000 0.166622
1353.000000 0.083467
1354.000000 0.117569
1355.000000 0.150995
1356.000000 0.209217
1357.000000 0.168847
1358.000000 0.230478
1359.000000 0.027848
1360.000000 0.073152
1361.000000 0.087504
1362.000000 0.070343
1363.000000 0.056184
1364.000000 0.126400
1365.000000 0.207188
1366.000000 0.101433
1367.000000 0.184834
1368.000000 0.101616
1369.000000 0.069439
1370.000000 0.116364
1371.000000 0.058404
1372.000000 0.025955
1373.000000 0.203693
1374.000000 0.042490
1375.000000 0.082859
1376.000000 0.072029
1377.000000 0.023494
1378.000000 0.012388
1379.000000 0.128878
1380.000000 0.045092
1381.000000 0.168687
1382.000000 0.034351
1383.000000 0.097442
1384.000000 0.100505
1385.000000 0.100261
1386.000000 0.221679
1387.000000 0.073972
1388.000000 0.008817
1389.000000 0.048212
1390.000000 0.189119
1391.000000 0.094937
1392.000000 0.083808
1393.000000 0.091336
1394.000000 0.029084
1395.000000 0.053226
1396.000000 0.045224
1397.000000 0.225269
1398.000000 0.138874
1399.000000 0.046733
1400.000000 0.101968
1401.000000 0.070164
1402.000000 0.173070
1403.000000 0.124334
1404.000000 0.073425
1405.000000 0.114915
1406.000000 0.134155
1407.000000 0.063508
1408.000000 0.109686
1409.000000 0.077824
1410.000000 0.180049
1411.000000 0.095293
1412.000000 0.044923
1413.000000 0.174037
1414.000000 0.154637
1415.000000 0.161457
1416.000000 0.109485
1417.000000 0.077620
1418.000000 0.217834
1419.000000 0.038996
1420.000000 0.055282
1421.000000 0.130645
1422.000000 0.017079
1423.000000 0.127602
1424.000000 0.020324
1425.000000 0.096608
1426.000000 0.121794
1427.000000 0.111765
1428.000000 0.033153
1429.000000 0.101971
1430.000000 0.180040
1431.000000 0.134865
1432.000000 0.198411
1433.000000 0.209719
1434.000000 0.317077
1435.000000 0.192857
1436.000000 0.035810
1437.000000 0.210182
1438.000000 0.069797
1439.000000 0.063087
1440.000000 0.182825
1441.000000 0.072433
1442.000000 0.151916
1443.000000 0.065091
1444.000000 0.008952
1445.000000 0.116102
1446.000000 0.127565
1447.000000 0.097541
1448.000000 0.044973
1449.000000 0.075625
1450.000000 0.113165
1451.000000 0.088350
1452.000000 0.026110
1453.000000 0.135900
1454.000000 0.209853
1455.000000 0.154710
1456.000000 0.201959
1457.000000 0.132602
1458.000000 0.069829
1459.000000 0.095284
1460.000000 0.204726
1461.000000 0.080799
1462.000000 0.158154
1463.000000 0.119608
1464.000000 0.166771
1465.000000 0.025522
1466.000000 0.087904
1467.000000 0.043343
1468.000000 0.068897
1469.000000 0.104207
1470.000000 0.115206
1471.000000 0.127798
1472.000000 0.241538
1473.000000 0.310798
1474.000000 0.077168
1475.000000 0.016406
1476.000000 0.062903
1477.000000 0.210065
1478.000000 0.143081
1479.000000 0.079084
1480.000000 0.064427
1481.000000 0.091880
1482.000000 0.097655
1483.000000 0.041132
1484.000000 0.094777
1485.000000 0.122824
1486.000000 0.067010
1487.000000 0.102377
1488.000000 0.056256
1489.000000 0.065454
1490.000000 0.153129
1491.000000 0.070104
1492.000000 0.015314
1493.000000 0.142632
1494.000000 0.037080
1495.000000 0.181682
1496.000000 0.105371
1497.000000 0.083666
1498.000000 0.076733
1499.000000 0.120914
1500.000000 0.161472
1501.000000 0.110239
1502.000000 0.160945
1503.000000 0.136610
1504.000000 0.130073
1505.000000 0.073350
1506.000000 0.098685
1507.000000 0.117290
1508.000000 0.101266
1509.000000 0.121569
1510.000000 0.056032
1511.000000 0.067104
1512.000000 0.170336
1513.000000 0.073679
1514.000000 0.089638
1515.000000 0.015018
1516.000000 0.189946
1517.000000 0.064120
1518.000000 0.111355
1519.000000 0.096182
1520.000000 0.054090
1521.000000 0.046062
1522.000000 0.099552
1523.000000 0.108923
1524.000000 0.068432
1525.000000 0.162587
1526.000000 0.199621
1527.000000 0.041030
1528.000000 0.159422
1529.000000 0.161054
1530.000000 0.101664
1531.000000 0.053761
1532.000000 0.097230
1533.000000 0.048476
1534.000000 0.113401
1535.000000 0.105697
1536.000000 0.084905
1537.000000 0.081780
1538.000000 0.096309
1539.000000 0.144782
1540.000000 0.147283
1541.000000 0.093466
1542.000000 0.023361
1543.000000 0.152883
1544.000000 0.066938
1545.000000 0.107676
1546.000000 0.088838
1547.000000 0.068201
1548.000000 0.070204
1549.000000 0.061427
1550.000000 0.134195
1551.000000 0.027151
1552.000000 0.182812
1553.000000 0.035841
1554.000000 0.133097
1555.000000 0.195370
1556.000000 0.140170
1557.000000 0.084932
1558.000000 0.057316
1559.000000 0.047513
1560.000000 0.101653
1561.000000 0.075046
1562.000000 0.160633
1563.000000 0.092056
1564.000000 0.073180
1565.000000 0.059862
1566.000000 0.071810
1567.000000 0.137375
1568.000000 0.093048
1569.000000 0.036746
1570.000000 0.084470
1571.000000 0.130358
1572.000000 0.189324
1573.000000 0.129285
1574.000000 0.092287
1575.000000 0.049352
1576.000000 0.066200
1577.000000 0.118428
1578.000000 0.065268
1579.000000 0.105039
1580.000000 0.144817
1581.000000 0.130695
1582.000000 0.068606
1583.000000 0.080934
1584.000000 0.052956
1585.000000 0.202689
1586.000000 0.138819
1587.000000 0.203080
1588.000000 0.162431
1589.000000 0.081094
1590.000000 0.035403
1591.000000 0.211347
1592.000000 0.048993
1593.000000 0.098055
1594.000000 0.085611
1595.000000 0.123064
1596.000000 0.104344
1597.000000 0.154314
1598.000000 0.127482
1599.000000 0.102040
1600.000000 0.168991
1601.000000 0.087565
1602.000000 0.066234
1603.000000 0.109313
1604.000000 0.145137
1605.000000 0.048510
1606.000000 0.019256
1607.000000 0.133688
1608.000000 0.141103
1609.000000 0.111307
1610.000000 0.075534
1611.000000 0.014370
1612.000000 0.124852
1613.000000 0.015464
1614.000000 0.053302
1615.000000 0.067736
1616.000000 0.108834
1617.000000 0.040120
1618.000000 0.105321
1619.000000 0.213925
1620.000000 0.082086
1621.000000 0.067617
1622.000000 0.137690
1623.000000 0.144210
1624.000000 0.091583
1625.000000 0.069627
1626.000000 0.115280
1627.000000 0.251303
1628.000000 0.109794
1629.000000 0.133774
1630.000000 0.109578
1631.000000 0.160884
1632.000000 0.110288
1633.000000 0.034041
1634.000000 0.112333
1635.000000 0.043854
1636.000000 0.120217
1637.000000 0.140459
1638.000000 0.203988
1639.000000 0.168522
1640.000000 0.161115
1641.000000 0.226148
1642.000000 0.141240
1643.000000 0.107688
1644.000000 0.161221
1645.000000 0.107475
1646.000000 0.189161
1647.000000 0.092055
1648.000000 0.045707
1649.000000 0.084452
1650.000000 0.127228
1651.000000 0.091517
1652.000000 0.160255
1653.000000 0.105095
1654.000000 0.012512
1655.000000 0.219524
1656.000000 0.204004
1657.000000 0.177901
1658.000000 0.113717
1659.000000 0.136457
1660.000000 0.061258
1661.000000 0.085762
1662.000000 0.150819
1663.000000 0.105695
1664.000000 0.037014
1665.000000 0.105458
1666.000000 0.144420
1667.000000 0.058205
1668.000000 0.171004
1669.000000 0.194040
1670.000000 0.181220
1671.000000 0.084944
1672.000000 0.016024
1673.000000 0.073890
1674.000000 0.207535
1675.000000 0.173499
1676.000000 0.131609
1677.000000 0.141313
1678.000000 0.020186
1679.000000 0.188504
1680.000000 0.148610
1681.000000 0.053326
1682.000000 0.037129
1683.000000 0.133235
1684.000000 0.188729
1685.000000 0.178343
1686.000000 0.034561
1687.000000 0.105590
1688.000000 0.064568
1689.000000 0.100688
1690.000000 0.073284
1691.000000 0.149203
1692.000000 0.159411
1693.000000 0.112350
1694.000000 0.144553
1695.000000 0.081701
1696.000000 0.041245
1697.000000 0.055062
1698.000000 0.180040
1699.000000 0.141549
1700.000000 0.054926
1701.000000 0.141698
1702.000000 0.109343
1703.000000 0.080691
1704.000000 0.035041
1705.000000 0.146168
1706.000000 0.085515
1707.000000 0.142649
1708.000000 0.104781
1709.000000 0.026251
1710.000000 0.016613
1711.000000 0.058792
1712.000000 0.086707
1713.000000 0.070258
1714.000000 0.111910
1715.000000 0.083891
1716.000000 0.065397
1717.000000 0.024008
1718.000000 0.120121
1719.000000 0.207670
1720.000000 0.109630
1721.000000 0.105047
1722.000000 0.127184
1723.000000 0.161433
1724.000000 0.115487
1725.000000 0.066947
1726.000000 0.057158
1727.000000 0.067838
1728.000000 0.047213
1729.000000 0.084737
1730.000000 0.090129
1731.000000 0.183345
1732.000000 0.161815
1733.000000 0.174767
1734.000000 0.137266
1735.000000 0.134050
1736.000000 0.126355
1737.000000 0.081191
1738.000000 0.114892
1739.000000 0.120558
1740.000000 0.052930
1741.000000 0.053943
1742.000000 0.190541
1743.000000 0.242371
1744.000000 0.130718
1745.000000 0.166896
1746.000000 0.094645
1747.000000 0.185867
1748.000000 0.034978
1749.000000 0.015599
1750.000000 0.057981
1751.000000 0.120145
1752.000000 0.043938
1753.000000 0.107564
1754.000000 0.233379
1755.000000 0.157542
1756.000000 0.126469
1757.000000 0.145895
1758.000000 0.056347
1759.000000 0.124275
1760.000000 0.148213
1761.000000 0.225873
1762.000000 0.135737
1763.000000 0.032387
1764.000000 0.161087
1765.000000 0.113874
1766.000000 0.012082
1767.000000 0.011674
1768.000000 0.111890
1769.000000 0.083559
1770.000000 0.120336
1771.000000 0.082257
1772.000000 0.203455
1773.000000 0.035847
1774.000000 0.104127
1775.000000 0.051642
1776.000000 0.027445
1777.000000 0.094405
1778.000000 0.116351
1779.000000 0.141705
1780.000000 0.123819
1781.000000 0.179143
1782.000000 0.043105
1783.000000 0.159697
1784.000000 0.058413
1785.000000 0.043706
1786.000000 0.110566
1787.000000 0.094571
1788.000000 0.053842
1789.000000 0.085646
1790.000000 0.129045
1791.000000 0.066525
1792.000000 0.036078
1793.000000 0.205536
1794.000000 0.072818
1795.000000 0.087345
1796.000000 0.131506
1797.000000 0.112771
1798.000000 0.067956
1799.000000 0.166020
1800.000000 0.108233
1801.000000 0.047595
1802.000000 0.005049
1803.000000 0.156871
1804.000000 0.090984
1805.000000 0.035684
1806.000000 0.036132
1807.000000 0.101824
1808.000000 0.091476
1809.000000 0.059031
1810.000000 0.095106
1811.000000 0.096589
1812.000000 0.145810
1813.000000 0.060828
1814.000000 0.008889
1815.000000 0.066844
1816.000000 0.112405
1817.000000 0.286269
1818.000000 0.188005
1819.000000 0.100568
1820.000000 0.035475
1821.000000 0.036411
1822.000000 0.016317
1823.000000 0.033845
1824.000000 0.099572
1825.000000 0.047475
1826.000000 0.097009
1827.000000 0.060955
1828.000000 0.103310
1829.000000 0.039340
1830.000000 0.141271
1831.000000 0.168378
1832.000000 0.124262
1833.000000 0.119456
1834.000000 0.045558
1835.000000 0.081016
1836.000000 0.023204
1837.000000 0.048102
1838.000000 0.070205
1839.000000 0.136138
1840.000000 0.110115
1841.000000 0.165832
1842.000000 0.072230
1843.000000 0.020618
1844.000000 0.122318
1845.000000 0.229215
1846.000000 0.110912
1847.000000 0.088177
1848.000000 0.095598
1849.000000 0.098704
1850.000000 0.104422
1851.000000 0.131331
1852.000000 0.192918
1853.000000 0.161771
1854.000000 0.057962
1855.000000 0.107808
1856.000000 0.213260
1857.000000 0.130746
1858.000000 0.147657
1859.000000 0.008992
1860.000000 0.085848
1861.000000 0.148883
1862.000000 0.090813
1863.000000 0.032565
1864.000000 0.113910
1865.000000 0.119597
1866.000000 0.122617
1867.000000 0.190017
1868.000000 0.274042
1869.000000 0.262921
1870.000000 0.118426
1871.000000 0.206946
1872.000000 0.162250
1873.000000 0.097610
1874.000000 0.031432
1875.000000 0.056112
1876.000000 0.103979
1877.000000 0.066114
1878.000000 0.031480
1879.000000 0.083113
1880.000000 0.158854
1881.000000 0.033688
1882.000000 0.087589
1883.000000 0.037674
1884.000000 0.158201
1885.000000 0.148181
1886.000000 0.159519
1887.000000 0.113572
1888.000000 0.119199
1889.000000 0.023428
1890.000000 0.016371
1891.000000 0.057806
1892.000000 0.079563
1893.000000 0.103018
1894.000000 0.061931
1895.000000 0.061083
1896.000000 0.022433
1897.000000 0.075841
1898.000000 0.051378
1899.000000 0.082895
1900.000000 0.075625
1901.000000 0.015493
1902.000000 0.043614
1903.000000 0.191157
1904.000000 0.207549
1905.000000 0.194635
1906.000000 0.140412
1907.000000 0.095936
1908.000000 0.187766
1909.000000 0.164370
1910.000000 0.259466
1911.000000 0.138238
1912.000000 0.090622
1913.000000 0.023220
1914.000000 0.051834
1915.000000 0.140890
1916.000000 0.095231
1917.000000 0.171884
1918.000000 0.092983
1919.000000 0.127962
1920.000000 0.050508
1921.000000 0.094658
1922.000000 0.184880
1923.000000 0.058463
1924.000000 0.148025
1925.000000 0.142749
1926.000000 0.189159
1927.000000 0.080997
1928.000000 0.145264
1929.000000 0.015412
1930.000000 0.122108
1931.000000 0.114951
1932.000000 0.080597
1933.000000 0.160592
1934.000000 0.087321
1935.000000 0.076321
1936.000000 0.007494
1937.000000 0.131692
1938.000000 0.064657
1939.000000 0.154977
1940.000000 0.124370
1941.000000 0.132933
1942.000000 0.151898
1943.000000 0.084674
1944.000000 0.138848
1945.000000 0.020670
1946.000000 0.123624
1947.000000 0.082987
1948.000000 0.064560
1949.000000 0.173088
1950.000000 0.101834
1951.000000 0.165442
1952.000000 0.045259
1953.000000 0.064315
1954.000000 0.103205
1955.000000 0.172166
1956.000000 0.104264
1957.000000 0.029517
1958.000000 0.163091
1959.000000 0.254311
1960.000000 0.191123
1961.000000 0.130864
1962.000000 0.070336
1963.000000 0.146964
1964.000000 0.191932
1965.000000 0.098627
1966.000000 0.077580
1967.000000 0.131014
1968.000000 0.057741
1969.000000 0.011421
1970.000000 0.123552
1971.000000 0.054619
1972.000000 0.092669
1973.000000 0.018977
1974.000000 0.113084
1975.000000 0.119837
1976.000000 0.129044
1977.000000 0.109904
1978.000000 0.083969
1979.000000 0.111867
1980.000000 0.033914
1981.000000 0.090103
1982.000000 0.139526
1983.000000 0.088270
1984.000000 0.055468
1985.000000 0.149064
1986.000000 0.042339
1987.000000 0.137404
1988.000000 0.032690
1989.000000 0.038942
1990.000000 0.124779
1991.000000 0.062365
1992.000000 0.193679
1993.000000 0.101591
1994.000000 0.115784
1995.000000 0.035686
1996.000000 0.062852
1997.000000 0.063871
1998.000000 0.111201
1999.000000 0.110863
2000.000000 0.125198
2001.000000 0.069517
2002.000000 0.059844
2003.000000 0.054256
2004.000000 0.034981
2005.000000 0.140936
2006.000000 0.145507
2007.000000 0.133354
2008.000000 0.176682
2009.000000 0.202076
2010.000000 0.144954
2011.000000 0.210153
2012.000000 0.109149
2013.000000 0.160894
2014.000000 0.054440
2015.000000 0.079678
2016.000000 0.137593
2017.000000 0.170656
2018.000000 0.082724
2019.000000 0.096770
2020.000000 0.159120
2021.000000 0.125573
2022.000000 0.042831
2023.000000 0.085561
2024.000000 0.028906
2025.000000 0.067573
2026.000000 0.041392
2027.000000 0.101531
2028.000000 0.081920
2029.000000 0.053450
2030.000000 0.002990
2031.000000 0.042585
2032.000000 0.069052
2033.000000 0.203405
2034.000000 0.215266
2035.000000 0.143592
2036.000000 0.158040
2037.000000 0.149373
2038.000000 0.077899
2039.000000 0.146719
2040.000000 0.122253
2041.000000 0.128953
2042.000000 0.101621
2043.000000 0.140250
2044.000000 0.052799
2045.000000 0.099527
2046.000000 0.214108
2047.000000 0.186155
2048.000000 0.136311
2049.000000 0.098670
2050.000000 0.099558
2051.000000 0.141760
2052.000000 0.069675
2053.000000 0.037742
2054.000000 0.128662
2055.000000 0.158961
2056.000000 0.060184
2057.000000 0.069209
2058.000000 0.134537
2059.000000 0.092615
2060.000000 0.014742
2061.000000 0.056833
2062.000000 0.078192
2063.000000 0.115279
2064.000000 0.061196
2065.000000 0.034022
2066.000000 0.004566
2067.000000 0.143215
2068.000000 0.118338
2069.000000 0.045086
2070.000000 0.067087
2071.000000 0.108054
2072.000000 0.134292
2073.000000 0.039393
2074.000000 0.116557
2075.000000 0.114362
2076.000000 0.118789
2077.000000 0.099963
2078.000000 0.100544
2079.000000 0.183057
2080.000000 0.126315
2081.000000 0.111602
2082.000000 0.110782
2083.000000 0.091401
2084.000000 0.078630
2085.000000 0.123878
2086.000000 0.088215
2087.000000 0.117396
2088.000000 0.078077
2089.000000 0.140869
2090.000000 0.063537
2091.000000 0.053717
2092.000000 0.056407
2093.000000 0.119082
2094.000000 0.067415
2095.000000 0.078805
2096.000000 0.020925
2097.000000 0.046379
2098.000000 0.031618
2099.000000 0.124007
2100.000000 0.072001
2101.000000 0.074422
2102.000000 0.080044
2103.000000 0.171429
2104.000000 0.117574
2105.000000 0.043484
2106.000000 0.032755
2107.000000 0.053374
2108.000000 0.038696
2109.000000 0.101184
2110.000000 0.045550
2111.000000 0.056760
2112.000000 0.013098
2113.000000 0.130654
2114.000000 0.150066
2115.000000 0.042080
2116.000000 0.162519
2117.000000 0.024437
2118.000000 0.131412
2119.000000 0.116059
2120.000000 0.122484
2121.000000 0.088826
2122.000000 0.027914
2123.000000 0.071841
2124.000000 0.039318
2125.000000 0.080382
2126.000000 0.049241
2127.000000 0.090541
2128.000000 0.101432
2129.000000 0.055737
2130.000000 0.193198
2131.000000 0.026241
2132.000000 0.048909
2133.000000 0.118002
2134.000000 0.024120
2135.000000 0.138456
2136.000000 0.232662
2137.000000 0.026487
2138.000000 0.118444
2139.000000 0.153912
2140.000000 0.079184
2141.000000 0.113472
2142.000000 0.084731
2143.000000 0.096030
2144.000000 0.183464
2145.000000 0.003849
2146.000000 0.022501
2147.000000 0.088757
2148.000000 0.121715
2149.000000 0.080305
2150.000000 0.125519
2151.000000 0.087261
2152.000000 0.038531
2153.000000 0.267865
2154.000000 0.069041
2155.000000 0.136010
2156.000000 0.193172
2157.000000 0.138890
2158.000000 0.128510
2159.000000 0.227988
2160.000000 0.121215
2161.000000 0.153844
2162.000000 0.036549
2163.000000 0.097521
2164.000000 0.089370
2165.000000 0.044611
2166.000000 0.039714
2167.000000 0.056305
2168.000000 0.204944
2169.000000 0.137719
2170.000000 0.049424
2171.000000 0.095539
2172.000000 0.026116
2173.000000 0.056502
2174.000000 0.141615
2175.000000 0.051481
2176.000000 0.046245
2177.000000 0.081050
2178.000000 0.056834
2179.000000 0.065177
2180.000000 0.091997
2181.000000 0.110558
2182.000000 0.138010
2183.000000 0.079250
2184.000000 0.122942
2185.000000 0.087271
2186.000000 0.019251
2187.000000 0.143462
2188.000000 0.055213
2189.000000 0.128609
2190.000000 0.079979
2191.000000 0.136834
2192.000000 0.056378
2193.000000 0.041543
2194.000000 0.062636
2195.000000 0.011104
2196.000000 0.037865
2197.000000 0.088229
2198.000000 0.143601
2199.000000 0.115582
2200.000000 0.176542
2201.000000 0.045664
2202.000000 0.087598
2203.000000 0.094724
2204.000000 0.046034
2205.000000 0.112626
2206.000000 0.148757
2207.000000 0.146166
2208.000000 0.097806
2209.000000 0.101695
2210.000000 0.112464
2211.000000 0.013385
2212.000000 0.116714
2213.000000 0.050850
2214.000000 0.054523
2215.000000 0.204797
2216.000000 0.103478
2217.000000 0.067320
2218.000000 0.031614
2219.000000 0.070599
2220.000000 0.128903
2221.000000 0.128242
2222.000000 0.033722
2223.000000 0.101226
2224.000000 0.132444
2225.000000 0.071396
2226.000000 0.014561
2227.000000 0.077966
2228.000000 0.151825
2229.000000 0.032221
2230.000000 0.018451
2231.000000 0.057763
2232.000000 0.094652
2233.000000 0.092546
2234.000000 0.105004
2235.000000 0.175327
2236.000000 0.125399
2237.000000 0.192929
2238.000000 0.241202
2239.000000 0.152364
2240.000000 0.144896
2241.000000 0.072158
2242.000000 0.101773
2243.000000 0.101128
2244.000000 0.184271
2245.000000 0.123632
2246.000000 0.069043
2247.000000 0.129474
2248.000000 0.061718
2249.000000 0.036892
2250.000000 0.083118
2251.000000 0.047558
2252.000000 0.173153
2253.000000 0.027995
2254.000000 0.127019
2255.000000 0.103051
2256.000000 0.009164
2257.000000 0.132600
2258.000000 0.056305
2259.000000 0.142664
2260.000000 0.129769
2261.000000 0.139848
2262.000000 0.179923
2263.000000 0.053303
2264.000000 0.028952
2265.000000 0.055599
2266.000000 0.067839
2267.000000 0.196806
2268.000000 0.128934
2269.000000 0.114612
2270.000000 0.182726
2271.000000 0.139950
2272.000000 0.061287
2273.000000 0.081111
2274.000000 0.078064
2275.000000 0.155672
2276.000000 0.098793
2277.000000 0.165411
2278.000000 0.177745
2279.000000 0.170958
2280.000000 0.100507
2281.000000 0.077869
2282.000000 0.160465
2283.000000 0.050970
2284.000000 0.075070
2285.000000 0.062283
2286.000000 0.143650
2287.000000 0.094455
2288.000000 0.097353
2289.000000 0.171459
2290.000000 0.135730
2291.000000 0.063974
2292.000000 0.194832
2293.000000 0.094239
2294.000000 0.038731
2295.000000 0.281158
2296.000000 0.044088
2297.000000 0.113846
2298.000000 0.249688
2299.000000 0.146629
2300.000000 0.040007
2301.000000 0.100717
2302.000000 0.116963
2303.000000 0.078109
2304.000000 0.070464
2305.000000 0.060134
2306.000000 0.116103
2307.000000 0.057559
2308.000000 0.074797
2309.000000 0.114908
2310.000000 0.134568
2311.000000 0.107352
2312.000000 0.164536
2313.000000 0.160447
2314.000000 0.154406
2315.000000 0.089007
2316.000000 0.090107
2317.000000 0.137326
2318.000000 0.067921
2319.000000 0.165178
2320.000000 0.094230
2321.000000 0.048489
2322.000000 0.153307
2323.000000 0.139795
2324.000000 0.121347
2325.000000 0.116966
2326.000000 0.065604
2327.000000 0.009868
2328.000000 0.111715
2329.000000 0.038330
2330.000000 0.027726
2331.000000 0.128792
2332.000000 0.242618
2333.000000 0.037047
2334.000000 0.117358
2335.000000 0.160815
2336.000000 0.029875
2337.000000 0.058630
2338.000000 0.195807
2339.000000 0.210604
2340.000000 0.040760
2341.000000 0.064792
2342.000000 0.124158
2343.000000 0.034178
2344.000000 0.034144
2345.000000 0.020030
2346.000000 0.052915
2347.000000 0.137923
2348.000000 0.204520
2349.000000 0.188088
2350.000000 0.108230
2351.000000 0.084290
2352.000000 0.097108
2353.000000 0.089558
2354.000000 0.251932
2355.000000 0.145654
2356.000000 0.085403
2357.000000 0.088157
2358.000000 0.035108
2359.000000 0.061337
2360.000000 0.054571
2361.000000 0.117597
2362.000000 0.029247
2363.000000 0.038973
2364.000000 0.071244
2365.000000 0.049367
2366.000000 0.101695
2367.000000 0.060114
2368.000000 0.134959
2369.000000 0.109952
2370.000000 0.104858
2371.000000 0.068217
2372.000000 0.103078
2373.000000 0.042577
2374.000000 0.072620
2375.000000 0.156571
2376.000000 0.083155
2377.000000 0.121565
2378.000000 0.121186
2379.000000 0.094836
2380.000000 0.057618
2381.000000 0.138231
2382.000000 0.054575
2383.000000 0.228671
2384.000000 0.158810
2385.000000 0.236829
2386.000000 0.177839
2387.000000 0.078331
2388.000000 0.106995
2389.000000 0.031248
2390.000000 0.220912
2391.000000 0.036839
2392.000000 0.239538
2393.000000 0.027002
2394.000000 0.048701
2395.000000 0.126579
2396.000000 0.086376
2397.000000 0.042212
2398.000000 0.082061
2399.000000 0.103466
2400.000000 0.195455
2401.000000 0.252403
2402.000000 0.239230
2403.000000 0.120102
2404.000000 0.114277
2405.000000 0.010825
2406.000000 0.138922
2407.000000 0.150161
2408.000000 0.094666
2409.000000 0.014257
2410.000000 0.226956
2411.000000 0.119799
2412.000000 0.078813
2413.000000 0.070566
2414.000000 0.110199
2415.000000 0.051684
2416.000000 0.026762
2417.000000 0.066780
2418.000000 0.033372
2419.000000 0.156241
2420.000000 0.139136
2421.000000 0.076070
2422.000000 0.014815
2423.000000 0.145179
2424.000000 0.123802
2425.000000 0.123141
2426.000000 0.081131
2427.000000 0.116587
2428.000000 0.018519
2429.000000 0.173183
2430.000000 0.109950
2431.000000 0.079803
2432.000000 0.148976
2433.000000 0.163432
2434.000000 0.177197
2435.000000 0.037292
2436.000000 0.080217
2437.000000 0.113803
2438.000000 0.078886
2439.000000 0.057046
2440.000000 0.182687
2441.000000 0.168979
2442.000000 0.102981
2443.000000 0.137846
2444.000000 0.161750
2445.000000 0.084938
2446.000000 0.079588
2447.000000 0.063024
2448.000000 0.185700
2449.000000 0.141245
2450.000000 0.131046
2451.000000 0.193019
2452.000000 0.186269
2453.000000 0.160211
2454.000000 0.059215
2455.000000 0.088109
2456.000000 0.106874
2457.000000 0.198589
2458.000000 0.203008
2459.000000 0.214827
2460.000000 0.108661
2461.000000 0.201838
2462.000000 0.174527
2463.000000 0.101592
2464.000000 0.173662
2465.000000 0.079446
2466.000000 0.053822
2467.000000 0.027984
2468.000000 0.043797
2469.000000 0.004304
2470.000000 0.067314
2471.000000 0.092800
2472.000000 0.106907
2473.000000 0.075959
2474.000000 0.080901
2475.000000 0.139563
2476.000000 0.180823
2477.000000 0.080455
2478.000000 0.045613
2479.000000 0.163465
2480.000000 0.117105
2481.000000 0.136466
2482.000000 0.201385
2483.000000 0.139988
2484.000000 0.070660
2485.000000 0.102787
2486.000000 0.147867
2487.000000 0.247345
2488.000000 0.108541
2489.000000 0.136090
2490.000000 0.159037
2491.000000 0.109063
2492.000000 0.073460
2493.000000 0.116269
2494.000000 0.117756
2495.000000 0.073181
2496.000000 0.108505
2497.000000 0.119733
2498.000000 0.065425
2499.000000 0.116144
2500.000000 0.191964
2501.000000 0.092051
2502.000000 0.121225
2503.000000 0.178586
2504.000000 0.205595
2505.000000 0.014747
2506.000000 0.094205
2507.000000 0.049595
2508.000000 0.182530
2509.000000 0.315968
2510.000000 0.239816
2511.000000 0.189813
2512.000000 0.089385
2513.000000 0.165948
2514.000000 0.098435
2515.000000 0.144462
2516.000000 0.098266
2517.000000 0.085523
2518.000000 0.096242
2519.000000 0.100680
2520.000000 0.018850
2521.000000 0.098749
2522.000000 0.086232
2523.000000 0.036648
2524.000000 0.029980
2525.000000 0.145530
2526.000000 0.124530
2527.000000 0.129234
2528.000000 0.163383
2529.000000 0.052983
2530.000000 0.051248
2531.000000 0.274071
2532.000000 0.124354
2533.000000 0.085285
2534.000000 0.105556
2535.000000 0.183092
2536.000000 0.294034
2537.000000 0.179943
2538.000000 0.041700
2539.000000 0.010025
2540.000000 0.100524
2541.000000 0.155122
2542.000000 0.166922
2543.000000 0.207075
2544.000000 0.147002
2545.000000 0.149968
2546.000000 0.099716
2547.000000 0.057079
2548.000000 0.061482
2549.000000 0.173991
2550.000000 0.026269
2551.000000 0.195452
2552.000000 0.090323
2553.000000 0.105894
2554.000000 0.083597
2555.000000 0.178832
2556.000000 0.123691
2557.000000 0.036898
2558.000000 0.106977
2559.000000 0.165920
2560.000000 0.022397
2561.000000 0.052950
2562.000000 0.102019
2563.000000 0.050227
2564.000000 0.135988
2565.000000 0.174946
2566.000000 0.106525
2567.000000 0.116239
2568.000000 0.193267
2569.000000 0.123571
2570.000000 0.146836
2571.000000 0.158064
2572.000000 0.042569
2573.000000 0.036236
2574.000000 0.071969
2575.000000 0.103631
2576.000000 0.163359
2577.000000 0.063735
2578.000000 0.171346
2579.000000 0.175821
2580.000000 0.097225
2581.000000 0.060865
2582.000000 0.145604
2583.000000 0.156226
2584.000000 0.145729
2585.000000 0.122140
2586.000000 0.105000
2587.000000 0.076623
2588.000000 0.136525
2589.000000 0.085909
2590.000000 0.159649
2591.000000 0.054550
2592.000000 0.209767
2593.000000 0.040212
2594.000000 0.137026
2595.000000 0.254244
2596.000000 0.201670
2597.000000 0.096073
2598.000000 0.108982
2599.000000 0.244540
2600.000000 0.104400
2601.000000 0.140525
2602.000000 0.053040
2603.000000 0.067461
2604.000000 0.178154
2605.000000 0.169446
2606.000000 0.099771
2607.000000 0.085673
2608.000000 0.086596
2609.000000 0.159014
2610.000000 0.150821
2611.000000 0.111351
2612.000000 0.052779
2613.000000 0.105193
2614.000000 0.168272
2615.000000 0.098327
2616.000000 0.134406
2617.000000 0.048849
2618.000000 0.047632
2619.000000 0.095124
2620.000000 0.050187
2621.000000 0.092727
2622.000000 0.103358
2623.000000 0.026808
2624.000000 0.100083
2625.000000 0.086878
2626.000000 0.120299
2627.000000 0.024245
2628.000000 0.123290
2629.000000 0.201401
2630.000000 0.227135
2631.000000 0.191179
2632.000000 0.124602
2633.000000 0.177508
2634.000000 0.035436
2635.000000 0.007655
2636.000000 0.039607
2637.000000 0.111124
2638.000000 0.068553
2639.000000 0.110434
2640.000000 0.065087
2641.000000 0.136996
2642.000000 0.062938
2643.000000 0.067917
2644.000000 0.016031
2645.000000 0.027205
2646.000000 0.096111
2647.000000 0.053698
2648.000000 0.256389
2649.000000 0.261271
2650.000000 0.129792
2651.000000 0.105643
2652.000000 0.031360
2653.000000 0.081834
2654.000000 0.127496
2655.000000 0.238375
2656.000000 0.185020
2657.000000 0.176312
2658.000000 0.084143
2659.000000 0.026427
2660.000000 0.048542
2661.000000 0.068803
2662.000000 0.060340
2663.000000 0.069321
2664.000000 0.200311
2665.000000 0.318879
2666.000000 0.118904
2667.000000 0.056446
2668.000000 0.140018
2669.000000 0.118458
2670.000000 0.100915
2671.000000 0.064812
2672.000000 0.059478
2673.000000 0.102608
2674.000000 0.062739
2675.000000 0.099392
2676.000000 0.099981
2677.000000 0.194721
2678.000000 0.034883
2679.000000 0.158145
2680.000000 0.137700
2681.000000 0.081348
2682.000000 0.093063
2683.000000 0.068843
2684.000000 0.155514
2685.000000 0.132282
2686.000000 0.224323
2687.000000 0.072341
2688.000000 0.072152
2689.000000 0.140653
2690.000000 0.133521
2691.000000 0.055029
2692.000000 0.069658
2693.000000 0.046873
2694.000000 0.097976
2695.000000 0.008417
2696.000000 0.027710
2697.000000 0.146716
2698.000000 0.132459
2699.000000 0.155761
2700.000000 0.140719
2701.000000 0.222084
2702.000000 0.192379
2703.000000 0.093486
2704.000000 0.158611
2705.000000 0.216596
2706.000000 0.325467
2707.000000 0.139622
2708.000000 0.114794
2709.000000 0.216650
2710.000000 0.164407
2711.000000 0.129572
2712.000000 0.190807
2713.000000 0.115978
2714.000000 0.060561
2715.000000 0.096711
2716.000000 0.036718
2717.000000 0.011330
2718.000000 0.127527
2719.000000 0.219244
2720.000000 0.093492
2721.000000 0.089441
2722.000000 0.140862
2723.000000 0.177172
2724.000000 0.226165
2725.000000 0.222763
2726.000000 0.078831
2727.000000 0.084640
2728.000000 0.183495
2729.000000 0.103503
2730.000000 0.202098
2731.000000 0.092386
2732.000000 0.264868
2733.000000 0.229590
2734.000000 0.265362
2735.000000 0.184159
2736.000000 0.075413
2737.000000 0.088469
2738.000000 0.119322
2739.000000 0.148360
2740.000000 0.127315
2741.000000 0.006245
2742.000000 0.097739
2743.000000 0.032626
2744.000000 0.078632
2745.000000 0.054770
2746.000000 0.136118
2747.000000 0.131551
2748.000000 0.099323
2749.000000 0.081816
2750.000000 0.119115
2751.000000 0.176041
2752.000000 0.136682
2753.000000 0.090809
2754.000000 0.085571
2755.000000 0.059264
2756.000000 0.058762
2757.000000 0.152889
2758.000000 0.114554
2759.000000 0.077089
2760.000000 0.034078
2761.000000 0.052361
2762.000000 0.093823
2763.000000 0.114091
2764.000000 0.062000
2765.000000 0.128886
2766.000000 0.039041
2767.000000 0.106654
2768.000000 0.147330
2769.000000 0.083811
2770.000000 0.117784
2771.000000 0.139692
2772.000000 0.083855
2773.000000 0.082210
2774.000000 0.154311
2775.000000 0.121321
2776.000000 0.158566
2777.000000 0.075031
2778.000000 0.174837
2779.000000 0.104632
2780.000000 0.047261
2781.000000 0.118182
2782.000000 0.158055
2783.000000 0.083017
2784.000000 0.118754
2785.000000 0.111181
2786.000000 0.117266
2787.000000 0.050481
2788.000000 0.090795
2789.000000 0.090252
2790.000000 0.087070
2791.000000 0.077354
2792.000000 0.227913
2793.000000 0.266357
2794.000000 0.221237
2795.000000 0.108162
2796.000000 0.146979
2797.000000 0.182890
2798.000000 0.146251
2799.000000 0.109440
2800.000000 0.184040
2801.000000 0.196623
2802.000000 0.126112
2803.000000 0.357513
2804.000000 0.089662
2805.000000 0.036796
2806.000000 0.135915
2807.000000 0.116884
2808.000000 0.037915
2809.000000 0.061391
2810.000000 0.025110
2811.000000 0.097906
2812.000000 0.082014
2813.000000 0.112267
2814.000000 0.087297
2815.000000 0.072322
2816.000000 0.130453
2817.000000 0.085045
2818.000000 0.046344
2819.000000 0.104775
2820.000000 0.098863
2821.000000 0.060098
2822.000000 0.156609
2823.000000 0.064935
2824.000000 0.173672
2825.000000 0.264159
2826.000000 0.227621
2827.000000 0.212450
2828.000000 0.183681
2829.000000 0.219987
2830.000000 0.150935
2831.000000 0.136198
2832.000000 0.070454
2833.000000 0.101168
2834.000000 0.017421
2835.000000 0.028248
2836.000000 0.082728
2837.000000 0.129459
2838.000000 0.152012
2839.000000 0.348001
2840.000000 0.150786
2841.000000 0.307076
2842.000000 0.194663
2843.000000 0.076245
2844.000000 0.010158
2845.000000 0.110436
2846.000000 0.154546
2847.000000 0.059622
2848.000000 0.035451
2849.000000 0.091859
2850.000000 0.064436
2851.000000 0.145040
2852.000000 0.075392
2853.000000 0.104480
2854.000000 0.217157
2855.000000 0.039875
2856.000000 0.186087
2857.000000 0.165592
2858.000000 0.044889
2859.000000 0.101353
2860.000000 0.276882
2861.000000 0.121196
2862.000000 0.081844
2863.000000 0.055757
2864.000000 0.119786
2865.000000 0.131559
2866.000000 0.067671
2867.000000 0.055182
2868.000000 0.105045
2869.000000 0.154115
2870.000000 0.110439
2871.000000 0.084404
2872.000000 0.023890
2873.000000 0.146895
2874.000000 0.136426
2875.000000 0.155008
2876.000000 0.158347
2877.000000 0.139954
2878.000000 0.182208
2879.000000 0.279166
2880.000000 0.150079
2881.000000 0.208548
2882.000000 0.195768
2883.000000 0.108889
2884.000000 0.115824
2885.000000 0.110728
2886.000000 0.122690
2887.000000 0.184570
2888.000000 0.059694
2889.000000 0.061640
2890.000000 0.151666
2891.000000 0.046471
2892.000000 0.053307
2893.000000 0.005533
2894.000000 0.124991
2895.000000 0.016287
2896.000000 0.177082
2897.000000 0.040586
2898.000000 0.188411
2899.000000 0.127042
2900.000000 0.133081
2901.000000 0.064662
2902.000000 0.134026
2903.000000 0.094370
2904.000000 0.056190
2905.000000 0.224004
2906.000000 0.207649
2907.000000 0.171603
2908.000000 0.078209
2909.000000 0.213220
2910.000000 0.238661
2911.000000 0.207274
2912.000000 0.069482
2913.000000 0.066890
2914.000000 0.155396
2915.000000 0.104657
2916.000000 0.021289
2917.000000 0.100973
2918.000000 0.116529
2919.000000 0.151977
2920.000000 0.170479
2921.000000 0.129032
2922.000000 0.138678
2923.000000 0.250614
2924.000000 0.137399
2925.000000 0.160743
2926.000000 0.208157
2927.000000 0.119675
2928.000000 0.204401
2929.000000 0.109394
2930.000000 0.107446
2931.000000 0.053506
2932.000000 0.038176
2933.000000 0.059656
2934.000000 0.142176
2935.000000 0.060521
2936.000000 0.089825
2937.000000 0.067516
2938.000000 0.073890
2939.000000 0.099055
2940.000000 0.081961
2941.000000 0.080200
2942.000000 0.039570
2943.000000 0.109559
2944.000000 0.059914
2945.000000 0.141569
2946.000000 0.098606
2947.000000 0.109340
2948.000000 0.125499
2949.000000 0.090419
2950.000000 0.111991
2951.000000 0.127385
2952.000000 0.043398
2953.000000 0.037105
2954.000000 0.128594
2955.000000 0.086543
2956.000000 0.185145
2957.000000 0.117893
2958.000000 0.068831
2959.000000 0.059846
2960.000000 0.052319
2961.000000 0.137381
2962.000000 0.067113
2963.000000 0.013425
2964.000000 0.139166
2965.000000 0.060393
2966.000000 0.096382
2967.000000 0.079532
2968.000000 0.049429
2969.000000 0.082410
2970.000000 0.042275
2971.000000 0.116663
2972.000000 0.126771
2973.000000 0.093874
2974.000000 0.009558
2975.000000 0.043881
2976.000000 0.136981
2977.000000 0.068590
2978.000000 0.170020
2979.000000 0.192128
2980.000000 0.079278
2981.000000 0.115248
2982.000000 0.003711
2983.000000 0.111674
2984.000000 0.084868
2985.000000 0.183434
2986.000000 0.167719
2987.000000 0.122295
2988.000000 0.188994
2989.000000 0.178376
2990.000000 0.192580
2991.000000 0.134668
2992.000000 0.222908
2993.000000 0.097876
2994.000000 0.204489
2995.000000 0.090038
2996.000000 0.121656
2997.000000 0.173492
2998.000000 0.078384
2999.000000 0.083533
3000.000000 0.159410
