10.000000 0.192421
20.000000 0.331575
30.000000 0.037839
40.000000 0.217464
50.000000 0.398426
60.000000 0.128415
70.000000 0.131702
80.000000 0.052971
90.000000 0.232812
100.000000 0.040232
110.000000 0.234256
120.000000 0.221215
130.000000 0.276471
140.000000 0.263061
150.000000 0.131066
160.000000 0.017404
170.000000 0.421605
180.000000 0.101517
190.000000 0.173989
200.000000 0.193045
210.000000 0.289680
220.000000 0.154582
230.000000 0.155376
240.000000 0.241930
250.000000 0.021402
260.000000 0.286871
270.000000 0.142771
280.000000 0.212984
290.000000 0.086593
300.000000 0.196716
310.000000 0.210251
320.000000 0.193221
330.000000 0.147840
340.000000 0.142062
350.000000 0.203627
360.000000 0.234133
370.000000 0.200059
380.000000 0.009260
390.000000 0.283129
400.000000 0.036574
410.000000 0.292114
420.000000 0.209707
430.000000 0.227967
440.000000 0.294271
450.000000 0.026286
460.000000 0.224075
470.000000 0.224688
480.000000 0.199222
490.000000 0.341785
500.000000 0.132150
510.000000 0.265457
520.000000 0.388167
530.000000 0.145047
540.000000 0.045075
550.000000 0.274702
560.000000 0.164828
570.000000 0.396422
580.000000 0.066861
590.000000 0.401090
600.000000 0.207403
610.000000 0.101885
620.000000 0.190881
630.000000 0.239136
640.000000 0.098311
650.000000 0.080175
660.000000 0.189376
670.000000 0.197678
680.000000 0.052805
690.000000 0.062472
700.000000 0.121820
710.000000 0.154758
720.000000 0.192313
730.000000 0.316069
740.000000 0.116716
750.000000 0.065579
760.000000 0.097517
770.000000 0.421793
780.000000 0.125440
790.000000 0.213805
800.000000 0.204100
810.000000 0.182253
820.000000 0.003009
830.000000 0.198273
840.000000 0.145710
850.000000 0.085110
860.000000 0.266036
870.000000 0.158215
880.000000 0.109054
890.000000 0.370118
900.000000 0.225403
910.000000 0.399982
920.000000 0.015960
930.000000 0.042268
940.000000 0.168020
950.000000 0.197025
960.000000 0.296465
970.000000 0.104144
980.000000 0.102731
990.000000 0.101670
1000.000000 0.323012
