10.000000 0.285292
20.000000 0.747360
30.000000 0.719242
40.000000 0.669375
50.000000 0.860463
60.000000 0.520631
70.000000 0.986822
80.000000 0.865885
90.000000 0.795187
100.000000 0.235182
110.000000 0.769761
120.000000 0.845334
130.000000 0.758176
140.000000 0.977536
150.000000 0.897975
160.000000 0.729017
170.000000 0.704617
180.000000 0.851634
190.000000 0.538127
200.000000 0.597589
210.000000 0.944351
220.000000 0.846678
230.000000 0.817642
240.000000 0.953383
250.000000 0.980090
260.000000 0.944545
270.000000 0.968189
280.000000 0.973728
290.000000 0.873563
300.000000 0.948714
310.000000 0.958259
320.000000 0.963385
330.000000 0.842439
340.000000 0.169700
350.000000 0.841249
360.000000 0.638467
370.000000 0.766796
380.000000 0.821133
390.000000 0.722017
400.000000 0.976900
410.000000 0.387904
420.000000 0.787207
430.000000 0.896355
440.000000 0.754438
450.000000 0.949835
460.000000 0.893581
470.000000 0.720412
480.000000 0.890018
490.000000 0.918654
500.000000 0.932509
510.000000 0.886583
520.000000 0.370637
530.000000 0.914507
540.000000 0.822314
550.000000 0.966444
560.000000 0.947906
570.000000 0.976085
580.000000 0.942679
590.000000 0.932824
600.000000 0.646175
610.000000 0.860169
620.000000 0.969058
630.000000 0.959252
640.000000 0.817773
650.000000 0.512292
660.000000 0.969814
670.000000 0.941406
680.000000 0.820548
690.000000 0.960709
700.000000 0.912058
710.000000 0.426481
720.000000 0.973050
730.000000 0.973625
740.000000 0.949592
750.000000 0.931540
760.000000 0.973129
770.000000 0.964190
780.000000 0.767549
790.000000 0.578725
800.000000 0.474205
810.000000 0.928896
820.000000 0.910441
830.000000 0.970205
840.000000 0.949455
850.000000 0.821834
860.000000 0.892814
870.000000 0.966218
880.000000 0.963679
890.000000 0.518290
900.000000 0.832052
910.000000 0.972979
920.000000 0.951249
930.000000 0.931461
940.000000 0.493816
950.000000 0.917464
960.000000 0.571868
970.000000 0.965535
980.000000 0.938721
990.000000 0.962565
1000.000000 0.732303
