0.000000 0.230553
1.000000 0.149305
2.000000 0.261238
3.000000 0.185441
4.000000 0.331382
5.000000 0.147389
6.000000 0.101920
7.000000 0.036516
8.000000 0.229090
9.000000 0.098930
10.000000 0.268526
11.000000 0.264537
12.000000 0.058525
13.000000 0.263392
14.000000 0.121970
15.000000 0.286700
16.000000 0.003018
17.000000 0.491469
18.000000 0.453962
19.000000 0.266047
20.000000 0.107804
21.000000 0.474414
22.000000 0.193070
23.000000 0.226268
24.000000 0.196248
25.000000 0.323911
26.000000 0.311355
27.000000 0.012861
28.000000 0.228487
29.000000 0.215243
30.000000 0.466659
31.000000 0.173572
32.000000 0.268901
33.000000 0.400979
34.000000 0.043675
35.000000 0.199848
36.000000 0.286805
37.000000 0.271362
38.000000 0.128914
39.000000 0.275059
40.000000 0.197761
41.000000 0.175350
42.000000 0.057423
43.000000 0.055745
44.000000 0.282721
45.000000 0.268283
46.000000 0.375121
47.000000 0.175028
48.000000 0.155733
49.000000 0.175209
50.000000 0.188391
51.000000 0.146942
52.000000 0.135226
53.000000 0.126878
54.000000 0.248180
55.000000 0.091032
56.000000 0.234325
57.000000 0.028387
58.000000 0.503999
59.000000 0.436162
60.000000 0.183417
61.000000 0.262295
62.000000 0.359027
63.000000 0.215524
64.000000 0.200490
65.000000 0.180261
66.000000 0.323266
67.000000 0.126265
68.000000 0.323917
69.000000 0.224818
70.000000 0.184780
71.000000 0.335264
72.000000 0.081449
73.000000 0.254615
74.000000 0.066905
75.000000 0.315190
76.000000 0.200977
77.000000 0.183261
78.000000 0.009027
79.000000 0.282598
80.000000 0.362166
81.000000 0.065403
82.000000 0.455730
83.000000 0.220488
84.000000 0.214232
85.000000 0.265808
86.000000 0.124078
87.000000 0.274988
88.000000 0.241336
89.000000 0.039981
90.000000 0.200329
91.000000 0.055492
92.000000 0.099143
93.000000 0.091418
94.000000 0.291489
95.000000 0.334576
96.000000 0.126524
97.000000 0.372587
98.000000 0.291015
99.000000 0.211362
100.000000 0.177726
101.000000 0.224533
102.000000 0.365864
103.000000 0.338764
104.000000 0.126074
105.000000 0.201261
106.000000 0.207917
107.000000 0.156105
108.000000 0.263919
109.000000 0.349043
110.000000 0.266541
111.000000 0.139635
112.000000 0.351006
113.000000 0.141425
114.000000 0.052324
115.000000 0.255758
116.000000 0.316106
117.000000 0.021783
118.000000 0.066937
119.000000 0.475992
120.000000 0.132173
121.000000 0.039463
122.000000 0.124568
123.000000 0.231326
124.000000 0.100359
125.000000 0.193942
126.000000 0.267836
127.000000 0.202738
128.000000 0.287891
129.000000 0.230569
130.000000 0.222914
131.000000 0.230271
132.000000 0.486379
133.000000 0.158704
134.000000 0.229830
135.000000 0.137652
136.000000 0.216236
137.000000 0.402533
138.000000 0.173629
139.000000 0.299802
140.000000 0.136592
141.000000 0.039874
142.000000 0.122571
143.000000 0.144057
144.000000 0.164572
145.000000 0.215796
146.000000 0.066154
147.000000 0.353401
148.000000 0.444363
149.000000 0.044041
150.000000 0.366715
151.000000 0.242702
152.000000 0.113209
153.000000 0.048691
154.000000 0.100115
155.000000 0.171771
156.000000 0.156261
157.000000 0.192755
158.000000 0.462547
159.000000 0.030930
160.000000 0.372328
161.000000 0.230501
162.000000 0.198072
163.000000 0.044647
164.000000 0.129398
165.000000 0.211950
166.000000 0.212144
167.000000 0.114202
168.000000 0.248155
169.000000 0.403646
170.000000 0.217294
171.000000 0.329748
172.000000 0.361382
173.000000 0.212328
174.000000 0.089108
175.000000 0.222337
176.000000 0.094892
177.000000 0.339246
178.000000 0.295311
179.000000 0.604254
180.000000 0.310035
181.000000 0.324724
182.000000 0.252668
183.000000 0.310720
184.000000 0.144609
185.000000 0.184408
186.000000 0.279877
187.000000 0.237996
188.000000 0.071151
189.000000 0.456850
190.000000 0.299950
191.000000 0.325547
192.000000 0.387864
193.000000 0.453684
194.000000 0.289610
195.000000 0.164430
196.000000 0.042659
197.000000 0.243919
198.000000 0.215659
199.000000 0.310909
200.000000 0.310011
201.000000 0.239995
202.000000 0.198930
203.000000 0.085399
204.000000 0.295092
205.000000 0.210882
206.000000 0.195167
207.000000 0.367487
208.000000 0.214010
209.000000 0.444887
210.000000 0.276735
211.000000 0.115813
212.000000 0.316077
213.000000 0.087595
214.000000 0.247045
215.000000 0.120505
216.000000 0.109940
217.000000 0.388018
218.000000 0.335204
219.000000 0.158842
220.000000 0.234767
221.000000 0.156100
222.000000 0.159310
223.000000 0.260907
224.000000 0.193319
225.000000 0.141361
226.000000 0.487966
227.000000 0.207817
228.000000 0.045476
229.000000 0.211436
230.000000 0.282483
231.000000 0.208966
232.000000 0.159231
233.000000 0.244598
234.000000 0.306899
235.000000 0.047102
236.000000 0.046031
237.000000 0.116295
238.000000 0.341662
239.000000 0.265976
240.000000 0.067926
241.000000 0.170003
242.000000 0.304342
243.000000 0.084642
244.000000 0.274874
245.000000 0.244504
246.000000 0.154152
247.000000 0.064909
248.000000 0.358535
249.000000 0.178489
250.000000 0.251146
251.000000 0.283759
252.000000 0.167899
253.000000 0.132957
254.000000 0.175705
255.000000 0.375557
256.000000 0.177344
257.000000 0.198121
258.000000 0.067509
259.000000 0.350969
260.000000 0.199507
261.000000 0.299672
262.000000 0.267369
263.000000 0.427006
264.000000 0.201883
265.000000 0.073057
266.000000 0.349422
267.000000 0.164047
268.000000 0.413304
269.000000 0.198210
270.000000 0.175352
271.000000 0.264190
272.000000 0.322367
273.000000 0.265767
274.000000 0.287764
275.000000 0.265885
276.000000 0.308584
277.000000 0.134761
278.000000 0.435690
279.000000 0.075013
280.000000 0.140364
281.000000 0.293431
282.000000 0.108883
283.000000 0.246646
284.000000 0.219208
285.000000 0.446166
286.000000 0.234161
287.000000 0.411113
288.000000 0.269424
289.000000 0.243000
290.000000 0.183777
291.000000 0.209804
292.000000 0.060801
293.000000 0.325535
294.000000 0.066737
295.000000 0.265834
296.000000 0.088642
297.000000 0.057072
298.000000 0.056773
299.000000 0.216784
300.000000 0.157477
301.000000 0.582345
302.000000 0.256870
303.000000 0.230766
304.000000 0.400233
305.000000 0.362925
306.000000 0.044295
307.000000 0.153731
308.000000 0.407902
309.000000 0.030673
310.000000 0.035150
311.000000 0.428640
312.000000 0.368547
313.000000 0.045611
314.000000 0.292217
315.000000 0.161041
316.000000 0.176406
317.000000 0.415811
318.000000 0.226942
319.000000 0.177395
320.000000 0.391209
321.000000 0.154470
322.000000 0.345695
323.000000 0.220613
324.000000 0.117833
325.000000 0.194245
326.000000 0.324178
327.000000 0.257717
328.000000 0.158199
329.000000 0.320669
330.000000 0.279442
331.000000 0.300342
332.000000 0.226975
333.000000 0.170134
334.000000 0.173333
335.000000 0.067610
336.000000 0.029248
337.000000 0.236152
338.000000 0.373453
339.000000 0.079529
340.000000 0.286947
341.000000 0.175859
342.000000 0.339755
343.000000 0.092537
344.000000 0.192323
345.000000 0.125736
346.000000 0.073911
347.000000 0.407504
348.000000 0.184572
349.000000 0.114925
350.000000 0.286542
351.000000 0.055686
352.000000 0.273976
353.000000 0.197111
354.000000 0.214041
355.000000 0.094108
356.000000 0.079759
357.000000 0.106840
358.000000 0.177122
359.000000 0.035641
360.000000 0.264622
361.000000 0.091498
362.000000 0.073363
363.000000 0.317150
364.000000 0.259166
365.000000 0.201924
366.000000 0.204581
367.000000 0.241048
368.000000 0.362155
369.000000 0.414815
370.000000 0.278828
371.000000 0.308658
372.000000 0.091544
373.000000 0.155247
374.000000 0.340591
375.000000 0.153269
376.000000 0.189329
377.000000 0.263626
378.000000 0.112517
379.000000 0.260149
380.000000 0.149656
381.000000 0.381346
382.000000 0.225737
383.000000 0.337058
384.000000 0.095280
385.000000 0.238118
386.000000 0.463108
387.000000 0.191542
388.000000 0.314517
389.000000 0.181872
390.000000 0.223091
391.000000 0.119679
392.000000 0.143798
393.000000 0.301815
394.000000 0.383964
395.000000 0.263630
396.000000 0.047375
397.000000 0.102397
398.000000 0.255005
399.000000 0.196807
400.000000 0.310020
401.000000 0.245679
402.000000 0.398290
403.000000 0.262214
404.000000 0.158265
405.000000 0.244565
406.000000 0.453928
407.000000 0.134512
408.000000 0.273684
409.000000 0.065200
410.000000 0.078571
411.000000 0.058495
412.000000 0.347466
413.000000 0.132065
414.000000 0.123050
415.000000 0.330283
416.000000 0.280405
417.000000 0.023297
418.000000 0.139333
419.000000 0.439481
420.000000 0.325950
421.000000 0.236245
422.000000 0.079580
423.000000 0.244610
424.000000 0.202633
425.000000 0.228795
426.000000 0.054520
427.000000 0.210858
428.000000 0.171734
429.000000 0.245252
430.000000 0.171094
431.000000 0.169037
432.000000 0.224221
433.000000 0.172171
434.000000 0.249052
435.000000 0.184584
436.000000 0.240459
437.000000 0.348488
438.000000 0.285654
439.000000 0.098797
440.000000 0.266693
441.000000 0.165872
442.000000 0.412968
443.000000 0.318977
444.000000 0.060121
445.000000 0.466653
446.000000 0.269356
447.000000 0.299471
448.000000 0.078313
449.000000 0.482250
450.000000 0.285168
451.000000 0.163325
452.000000 0.163437
453.000000 0.287424
454.000000 0.531617
455.000000 0.388958
456.000000 0.332389
457.000000 0.074636
458.000000 0.363981
459.000000 0.163875
460.000000 0.162932
461.000000 0.286123
462.000000 0.308641
463.000000 0.359880
464.000000 0.156957
465.000000 0.141218
466.000000 0.032832
467.000000 0.085212
468.000000 0.309595
469.000000 0.158639
470.000000 0.105548
471.000000 0.208943
472.000000 0.351864
473.000000 0.217170
474.000000 0.133773
475.000000 0.086597
476.000000 0.262703
477.000000 0.096971
478.000000 0.203128
479.000000 0.290827
480.000000 0.260445
481.000000 0.155637
482.000000 0.242294
483.000000 0.030239
484.000000 0.311668
485.000000 0.187501
486.000000 0.142535
487.000000 0.256749
488.000000 0.267182
489.000000 0.174343
490.000000 0.231416
491.000000 0.287124
492.000000 0.194261
493.000000 0.348920
494.000000 0.161554
495.000000 0.083504
496.000000 0.154362
497.000000 0.111446
498.000000 0.347672
499.000000 0.510943
500.000000 0.292538
501.000000 0.371390
502.000000 0.160341
503.000000 0.127030
504.000000 0.174576
505.000000 0.088789
506.000000 0.141961
507.000000 0.351742
508.000000 0.220387
509.000000 0.234640
510.000000 0.364216
511.000000 0.440738
512.000000 0.271209
513.000000 0.233488
514.000000 0.275522
515.000000 0.210856
516.000000 0.188566
517.000000 0.434840
518.000000 0.225492
519.000000 0.320936
520.000000 0.244405
521.000000 0.181542
522.000000 0.401677
523.000000 0.118986
524.000000 0.182466
525.000000 0.123034
526.000000 0.175104
527.000000 0.242729
528.000000 0.281653
529.000000 0.325514
530.000000 0.279937
531.000000 0.089531
532.000000 0.328751
533.000000 0.333558
534.000000 0.155975
535.000000 0.382325
536.000000 0.447465
537.000000 0.310374
538.000000 0.137401
539.000000 0.422967
540.000000 0.123591
541.000000 0.186995
542.000000 0.108143
543.000000 0.123935
544.000000 0.182505
545.000000 0.313763
546.000000 0.233667
547.000000 0.215123
548.000000 0.336488
549.000000 0.283078
550.000000 0.427673
551.000000 0.025583
552.000000 0.311326
553.000000 0.115901
554.000000 0.261786
555.000000 0.270207
556.000000 0.112782
557.000000 0.213443
558.000000 0.388778
559.000000 0.238078
560.000000 0.042024
561.000000 0.289552
562.000000 0.182461
563.000000 0.074813
564.000000 0.116187
565.000000 0.242924
566.000000 0.054384
567.000000 0.135377
568.000000 0.394922
569.000000 0.141804
570.000000 0.133602
571.000000 0.279392
572.000000 0.301122
573.000000 0.242334
574.000000 0.054395
575.000000 0.223025
576.000000 0.314171
577.000000 0.287625
578.000000 0.140062
579.000000 0.079979
580.000000 0.104799
581.000000 0.131765
582.000000 0.192067
583.000000 0.351189
584.000000 0.169758
585.000000 0.086065
586.000000 0.244926
587.000000 0.117757
588.000000 0.194034
589.000000 0.239586
590.000000 0.406153
591.000000 0.249653
592.000000 0.126190
593.000000 0.313967
594.000000 0.147359
595.000000 0.100709
596.000000 0.358458
597.000000 0.200696
598.000000 0.136591
599.000000 0.357151
600.000000 0.135955
601.000000 0.074386
602.000000 0.183712
603.000000 0.079628
604.000000 0.363347
605.000000 0.222134
606.000000 0.384571
607.000000 0.175688
608.000000 0.348648
609.000000 0.306416
610.000000 0.145781
611.000000 0.372640
612.000000 0.464773
613.000000 0.036291
614.000000 0.314997
615.000000 0.241816
616.000000 0.176772
617.000000 0.084802
618.000000 0.157894
619.000000 0.085878
620.000000 0.235273
621.000000 0.332898
622.000000 0.311444
623.000000 0.336454
624.000000 0.409332
625.000000 0.410603
626.000000 0.117582
627.000000 0.219950
628.000000 0.267912
629.000000 0.296303
630.000000 0.424836
631.000000 0.363870
632.000000 0.218623
633.000000 0.297472
634.000000 0.208398
635.000000 0.091844
636.000000 0.321493
637.000000 0.354461
638.000000 0.206894
639.000000 0.111495
640.000000 0.375239
641.000000 0.201244
642.000000 0.095744
643.000000 0.066324
644.000000 0.103819
645.000000 0.220904
646.000000 0.237991
647.000000 0.147174
648.000000 0.215726
649.000000 0.168119
650.000000 0.022666
651.000000 0.130594
652.000000 0.187183
653.000000 0.081343
654.000000 0.427580
655.000000 0.261840
656.000000 0.178620
657.000000 0.372459
658.000000 0.157518
659.000000 0.066428
660.000000 0.315516
661.000000 0.027491
662.000000 0.048903
663.000000 0.190281
664.000000 0.079668
665.000000 0.136154
666.000000 0.181302
667.000000 0.171899
668.000000 0.144532
669.000000 0.227878
670.000000 0.127135
671.000000 0.236281
672.000000 0.323609
673.000000 0.185733
674.000000 0.164471
675.000000 0.182869
676.000000 0.164761
677.000000 0.276014
678.000000 0.503911
679.000000 0.110228
680.000000 0.123678
681.000000 0.144024
682.000000 0.249880
683.000000 0.189451
684.000000 0.202696
685.000000 0.496813
686.000000 0.113729
687.000000 0.035389
688.000000 0.195648
689.000000 0.100205
690.000000 0.419805
691.000000 0.105948
692.000000 0.251997
693.000000 0.317608
694.000000 0.154451
695.000000 0.184760
696.000000 0.350326
697.000000 0.006370
698.000000 0.313616
699.000000 0.479548
700.000000 0.089832
701.000000 0.257870
702.000000 0.477087
703.000000 0.284578
704.000000 0.065847
705.000000 0.078878
706.000000 0.076342
707.000000 0.206388
708.000000 0.238446
709.000000 0.098715
710.000000 0.097137
711.000000 0.182306
712.000000 0.255880
713.000000 0.044450
714.000000 0.586397
715.000000 0.313100
716.000000 0.243067
717.000000 0.159640
718.000000 0.201388
719.000000 0.396901
720.000000 0.440649
721.000000 0.084508
722.000000 0.125914
723.000000 0.272532
724.000000 0.225136
725.000000 0.202743
726.000000 0.245166
727.000000 0.242672
728.000000 0.393379
729.000000 0.185349
730.000000 0.115588
731.000000 0.421840
732.000000 0.063320
733.000000 0.031420
734.000000 0.265129
735.000000 0.276003
736.000000 0.203193
737.000000 0.124669
738.000000 0.240788
739.000000 0.143316
740.000000 0.351945
741.000000 0.371116
742.000000 0.239230
743.000000 0.118543
744.000000 0.284680
745.000000 0.122664
746.000000 0.171389
747.000000 0.218023
748.000000 0.321468
749.000000 0.178737
750.000000 0.197163
751.000000 0.335426
752.000000 0.154341
753.000000 0.140978
754.000000 0.306651
755.000000 0.391893
756.000000 0.303809
757.000000 0.251942
758.000000 0.230582
759.000000 0.170787
760.000000 0.201799
761.000000 0.082785
762.000000 0.425837
763.000000 0.182617
764.000000 0.372488
765.000000 0.127081
766.000000 0.156608
767.000000 0.112459
768.000000 0.089445
769.000000 0.169881
770.000000 0.155347
771.000000 0.380818
772.000000 0.181783
773.000000 0.512582
774.000000 0.251057
775.000000 0.305555
776.000000 0.472503
777.000000 0.057914
778.000000 0.165394
779.000000 0.018047
780.000000 0.128093
781.000000 0.120125
782.000000 0.320388
783.000000 0.121454
784.000000 0.205387
785.000000 0.145707
786.000000 0.397551
787.000000 0.130946
788.000000 0.034172
789.000000 0.139626
790.000000 0.305073
791.000000 0.084435
792.000000 0.114198
793.000000 0.360084
794.000000 0.236641
795.000000 0.059186
796.000000 0.253897
797.000000 0.435945
798.000000 0.164262
799.000000 0.257049
800.000000 0.306230
801.000000 0.050268
802.000000 0.071836
803.000000 0.442822
804.000000 0.397932
805.000000 0.249873
806.000000 0.356472
807.000000 0.213449
808.000000 0.195387
809.000000 0.192699
810.000000 0.041849
811.000000 0.208234
812.000000 0.178730
813.000000 0.009911
814.000000 0.202050
815.000000 0.162543
816.000000 0.143470
817.000000 0.118420
818.000000 0.113714
819.000000 0.135612
820.000000 0.125245
821.000000 0.072526
822.000000 0.178797
823.000000 0.162406
824.000000 0.036984
825.000000 0.205452
826.000000 0.112512
827.000000 0.096060
828.000000 0.213377
829.000000 0.036088
830.000000 0.223663
831.000000 0.133994
832.000000 0.188423
833.000000 0.335098
834.000000 0.252812
835.000000 0.358821
836.000000 0.298257
837.000000 0.222336
838.000000 0.200611
839.000000 0.153173
840.000000 0.205696
841.000000 0.221590
842.000000 0.215519
843.000000 0.381977
844.000000 0.156323
845.000000 0.308971
846.000000 0.188798
847.000000 0.195158
848.000000 0.102604
849.000000 0.097079
850.000000 0.014576
851.000000 0.075840
852.000000 0.171467
853.000000 0.434119
854.000000 0.215164
855.000000 0.113616
856.000000 0.382236
857.000000 0.307106
858.000000 0.243935
859.000000 0.071106
860.000000 0.216769
861.000000 0.304425
862.000000 0.349538
863.000000 0.267481
864.000000 0.161140
865.000000 0.162176
866.000000 0.374020
867.000000 0.069125
868.000000 0.394837
869.000000 0.219893
870.000000 0.072033
871.000000 0.168136
872.000000 0.263396
873.000000 0.242966
874.000000 0.223324
875.000000 0.191596
876.000000 0.279980
877.000000 0.292408
878.000000 0.124688
879.000000 0.105378
880.000000 0.374542
881.000000 0.380546
882.000000 0.350837
883.000000 0.219828
884.000000 0.241285
885.000000 0.253655
886.000000 0.300452
887.000000 0.129599
888.000000 0.399248
889.000000 0.291498
890.000000 0.226048
891.000000 0.290185
892.000000 0.112302
893.000000 0.107059
894.000000 0.073188
895.000000 0.293765
896.000000 0.201337
897.000000 0.123293
898.000000 0.130600
899.000000 0.249445
900.000000 0.299319
901.000000 0.145585
902.000000 0.342349
903.000000 0.163880
904.000000 0.114344
905.000000 0.213023
906.000000 0.302707
907.000000 0.210909
908.000000 0.342019
909.000000 0.044613
910.000000 0.478249
911.000000 0.391437
912.000000 0.163419
913.000000 0.179074
914.000000 0.359119
915.000000 0.088278
916.000000 0.298147
917.000000 0.661901
918.000000 0.179012
919.000000 0.259146
920.000000 0.260668
921.000000 0.119227
922.000000 0.124941
923.000000 0.226701
924.000000 0.225264
925.000000 0.271843
926.000000 0.246841
927.000000 0.038480
928.000000 0.403754
929.000000 0.116736
930.000000 0.046853
931.000000 0.123876
932.000000 0.582613
933.000000 0.099507
934.000000 0.342624
935.000000 0.293029
936.000000 0.230189
937.000000 0.168797
938.000000 0.106750
939.000000 0.191920
940.000000 0.389121
941.000000 0.327606
942.000000 0.174496
943.000000 0.563866
944.000000 0.274455
945.000000 0.152645
946.000000 0.310624
947.000000 0.192658
948.000000 0.397179
949.000000 0.231608
950.000000 0.358230
951.000000 0.231497
952.000000 0.077339
953.000000 0.245137
954.000000 0.300845
955.000000 0.213892
956.000000 0.046944
957.000000 0.338535
958.000000 0.330390
959.000000 0.114176
960.000000 0.240961
961.000000 0.115818
962.000000 0.249335
963.000000 0.119810
964.000000 0.138883
965.000000 0.244247
966.000000 0.112791
967.000000 0.169743
968.000000 0.155472
969.000000 0.189939
970.000000 0.141573
971.000000 0.172986
972.000000 0.056923
973.000000 0.366078
974.000000 0.224936
975.000000 0.224778
976.000000 0.434876
977.000000 0.149026
978.000000 0.138580
979.000000 0.090187
980.000000 0.085124
981.000000 0.203396
982.000000 0.245767
983.000000 0.296768
984.000000 0.211105
985.000000 0.161203
986.000000 0.087014
987.000000 0.214375
988.000000 0.205500
989.000000 0.210623
990.000000 0.025119
991.000000 0.172203
992.000000 0.275843
993.000000 0.510303
994.000000 0.488813
995.000000 0.159360
996.000000 0.142974
997.000000 0.282440
998.000000 0.325731
999.000000 0.396019
1000.000000 0.357449
1001.000000 0.523020
1002.000000 0.351547
1003.000000 0.265284
1004.000000 0.234672
1005.000000 0.542217
1006.000000 0.212647
1007.000000 0.101250
1008.000000 0.246874
1009.000000 0.298206
1010.000000 0.319191
1011.000000 0.223616
1012.000000 0.232407
1013.000000 0.231496
1014.000000 0.045124
1015.000000 0.191562
1016.000000 0.332498
1017.000000 0.273865
1018.000000 0.132216
1019.000000 0.289627
1020.000000 0.236570
1021.000000 0.114323
1022.000000 0.148094
1023.000000 0.373978
1024.000000 0.051998
1025.000000 0.129734
1026.000000 0.083333
1027.000000 0.229714
1028.000000 0.277468
1029.000000 0.248363
1030.000000 0.296848
1031.000000 0.356597
1032.000000 0.310761
1033.000000 0.220116
1034.000000 0.097192
1035.000000 0.286861
1036.000000 0.225885
1037.000000 0.195986
1038.000000 0.131835
1039.000000 0.338395
1040.000000 0.275056
1041.000000 0.231365
1042.000000 0.181844
1043.000000 0.285767
1044.000000 0.065466
1045.000000 0.189752
1046.000000 0.218040
1047.000000 0.096324
1048.000000 0.253740
1049.000000 0.076121
1050.000000 0.263711
1051.000000 0.256242
1052.000000 0.205220
1053.000000 0.053688
1054.000000 0.120508
1055.000000 0.231236
1056.000000 0.250681
1057.000000 0.343462
1058.000000 0.283358
1059.000000 0.097309
1060.000000 0.088448
1061.000000 0.204237
1062.000000 0.175932
1063.000000 0.452819
1064.000000 0.233096
1065.000000 0.256847
1066.000000 0.066393
1067.000000 0.353375
1068.000000 0.147435
1069.000000 0.225897
1070.000000 0.100949
1071.000000 0.180196
1072.000000 0.081153
1073.000000 0.336538
1074.000000 0.147624
1075.000000 0.144929
1076.000000 0.022454
1077.000000 0.204767
1078.000000 0.108829
1079.000000 0.104633
1080.000000 0.209815
1081.000000 0.174461
1082.000000 0.096017
1083.000000 0.256854
1084.000000 0.116100
1085.000000 0.255077
1086.000000 0.231658
1087.000000 0.090640
1088.000000 0.178179
1089.000000 0.272609
1090.000000 0.268772
1091.000000 0.134128
1092.000000 0.104133
1093.000000 0.106300
1094.000000 0.236573
1095.000000 0.127837
1096.000000 0.099201
1097.000000 0.137662
1098.000000 0.241837
1099.000000 0.054862
1100.000000 0.080545
1101.000000 0.241613
1102.000000 0.081625
1103.000000 0.220303
1104.000000 0.237096
1105.000000 0.114275
1106.000000 0.125025
1107.000000 0.142642
1108.000000 0.103417
1109.000000 0.262473
1110.000000 0.328497
1111.000000 0.038895
1112.000000 0.416620
1113.000000 0.246626
1114.000000 0.078275
1115.000000 0.237931
1116.000000 0.256648
1117.000000 0.117133
1118.000000 0.216287
1119.000000 0.127307
1120.000000 0.135872
1121.000000 0.017843
1122.000000 0.076011
1123.000000 0.181094
1124.000000 0.166286
1125.000000 0.390340
1126.000000 0.135059
1127.000000 0.169180
1128.000000 0.274708
1129.000000 0.062185
1130.000000 0.363941
1131.000000 0.211522
1132.000000 0.130177
1133.000000 0.512111
1134.000000 0.299954
1135.000000 0.229087
1136.000000 0.357489
1137.000000 0.388188
1138.000000 0.077708
1139.000000 0.146929
1140.000000 0.353913
1141.000000 0.138912
1142.000000 0.275524
1143.000000 0.302957
1144.000000 0.284462
1145.000000 0.102369
1146.000000 0.239559
1147.000000 0.217997
1148.000000 0.353337
1149.000000 0.086355
1150.000000 0.049612
1151.000000 0.357097
1152.000000 0.087698
1153.000000 0.290165
1154.000000 0.171454
1155.000000 0.065046
1156.000000 0.254640
1157.000000 0.578088
1158.000000 0.039019
1159.000000 0.173179
1160.000000 0.285702
1161.000000 0.240090
1162.000000 0.164058
1163.000000 0.107073
1164.000000 0.225877
1165.000000 0.307758
1166.000000 0.183057
1167.000000 0.341780
1168.000000 0.338090
1169.000000 0.368800
1170.000000 0.191409
1171.000000 0.303883
1172.000000 0.393042
1173.000000 0.147081
1174.000000 0.176669
1175.000000 0.201686
1176.000000 0.247894
1177.000000 0.060766
1178.000000 0.279222
1179.000000 0.263604
1180.000000 0.108541
1181.000000 0.241934
1182.000000 0.155470
1183.000000 0.240851
1184.000000 0.270137
1185.000000 0.346068
1186.000000 0.271977
1187.000000 0.147819
1188.000000 0.206954
1189.000000 0.334733
1190.000000 0.272077
1191.000000 0.158276
1192.000000 0.093661
1193.000000 0.381148
1194.000000 0.202155
1195.000000 0.102015
1196.000000 0.188542
1197.000000 0.193896
1198.000000 0.172307
1199.000000 0.216761
1200.000000 0.079132
1201.000000 0.293777
1202.000000 0.079193
1203.000000 0.160658
1204.000000 0.115017
1205.000000 0.338051
1206.000000 0.443246
1207.000000 0.213591
1208.000000 0.055299
1209.000000 0.164398
1210.000000 0.242686
1211.000000 0.338421
1212.000000 0.258999
1213.000000 0.066220
1214.000000 0.277748
1215.000000 0.196096
1216.000000 0.065893
1217.000000 0.277039
1218.000000 0.188995
1219.000000 0.195220
1220.000000 0.142886
1221.000000 0.196458
1222.000000 0.333306
1223.000000 0.121969
1224.000000 0.112505
1225.000000 0.308739
1226.000000 0.215894
1227.000000 0.338455
1228.000000 0.500205
1229.000000 0.305360
1230.000000 0.094854
1231.000000 0.451139
1232.000000 0.085598
1233.000000 0.370419
1234.000000 0.155985
1235.000000 0.214968
1236.000000 0.093972
1237.000000 0.390550
1238.000000 0.060708
1239.000000 0.511917
1240.000000 0.233927
1241.000000 0.229013
1242.000000 0.215648
1243.000000 0.304434
1244.000000 0.285797
1245.000000 0.205468
1246.000000 0.208850
1247.000000 0.368117
1248.000000 0.429651
1249.000000 0.368471
1250.000000 0.169558
1251.000000 0.513913
1252.000000 0.343491
1253.000000 0.292886
1254.000000 0.073441
1255.000000 0.453632
1256.000000 0.282362
1257.000000 0.420527
1258.000000 0.214135
1259.000000 0.311661
1260.000000 0.269506
1261.000000 0.161534
1262.000000 0.099021
1263.000000 0.189582
1264.000000 0.085751
1265.000000 0.253215
1266.000000 0.361172
1267.000000 0.044507
1268.000000 0.209400
1269.000000 0.084507
1270.000000 0.250513
1271.000000 0.228899
1272.000000 0.352247
1273.000000 0.146892
1274.000000 0.249895
1275.000000 0.204169
1276.000000 0.408573
1277.000000 0.085121
1278.000000 0.250813
1279.000000 0.463028
1280.000000 0.108592
1281.000000 0.160285
1282.000000 0.391774
1283.000000 0.362905
1284.000000 0.204649
1285.000000 0.141551
1286.000000 0.292950
1287.000000 0.388365
1288.000000 0.266664
1289.000000 0.446196
1290.000000 0.049292
1291.000000 0.342685
1292.000000 0.210967
1293.000000 0.211455
1294.000000 0.195538
1295.000000 0.286976
1296.000000 0.448769
1297.000000 0.236214
1298.000000 0.258920
1299.000000 0.161866
1300.000000 0.473310
1301.000000 0.312494
1302.000000 0.184302
1303.000000 0.387644
1304.000000 0.163666
1305.000000 0.033721
1306.000000 0.344105
1307.000000 0.096875
1308.000000 0.208623
1309.000000 0.145577
1310.000000 0.199245
1311.000000 0.228879
1312.000000 0.143937
1313.000000 0.100916
1314.000000 0.303581
1315.000000 0.197261
1316.000000 0.283180
1317.000000 0.555365
1318.000000 0.078185
1319.000000 0.358009
1320.000000 0.518287
1321.000000 0.086676
1322.000000 0.092552
1323.000000 0.158181
1324.000000 0.196022
1325.000000 0.309822
1326.000000 0.414047
1327.000000 0.051312
1328.000000 0.045752
1329.000000 0.026498
1330.000000 0.200320
1331.000000 0.112668
1332.000000 0.111930
1333.000000 0.161684
1334.000000 0.353395
1335.000000 0.378302
1336.000000 0.211190
1337.000000 0.086928
1338.000000 0.181059
1339.000000 0.153840
1340.000000 0.108173
1341.000000 0.057334
1342.000000 0.237240
1343.000000 0.286542
1344.000000 0.415105
1345.000000 0.171461
1346.000000 0.221995
1347.000000 0.173562
1348.000000 0.290573
1349.000000 0.135851
1350.000000 0.227071
1351.000000 0.252905
1352.000000 0.165660
1353.000000 0.244155
1354.000000 0.157454
1355.000000 0.113079
1356.000000 0.294363
1357.000000 0.128061
1358.000000 0.128681
1359.000000 0.258723
1360.000000 0.130770
1361.000000 0.187549
1362.000000 0.083608
1363.000000 0.471915
1364.000000 0.408884
1365.000000 0.203352
1366.000000 0.125139
1367.000000 0.154256
1368.000000 0.133946
1369.000000 0.313031
1370.000000 0.275841
1371.000000 0.293834
1372.000000 0.262121
1373.000000 0.080644
1374.000000 0.061349
1375.000000 0.283226
1376.000000 0.139827
1377.000000 0.202621
1378.000000 0.374308
1379.000000 0.176569
1380.000000 0.236711
1381.000000 0.698729
1382.000000 0.250552
1383.000000 0.296665
1384.000000 0.114433
1385.000000 0.116973
1386.000000 0.141580
1387.000000 0.240653
1388.000000 0.150176
1389.000000 0.248559
1390.000000 0.087574
1391.000000 0.263328
1392.000000 0.245315
1393.000000 0.162972
1394.000000 0.214596
1395.000000 0.406990
1396.000000 0.239892
1397.000000 0.161492
1398.000000 0.293613
1399.000000 0.292068
1400.000000 0.206042
1401.000000 0.214104
1402.000000 0.177969
1403.000000 0.058988
1404.000000 0.111759
1405.000000 0.268187
1406.000000 0.187085
1407.000000 0.185855
1408.000000 0.085298
1409.000000 0.679164
1410.000000 0.352380
1411.000000 0.109218
1412.000000 0.343051
1413.000000 0.116683
1414.000000 0.381085
1415.000000 0.222338
1416.000000 0.249427
1417.000000 0.054603
1418.000000 0.288069
1419.000000 0.517174
1420.000000 0.189829
1421.000000 0.113084
1422.000000 0.260901
1423.000000 0.177910
1424.000000 0.430259
1425.000000 0.151620
1426.000000 0.182610
1427.000000 0.219138
1428.000000 0.169606
1429.000000 0.243553
1430.000000 0.098088
1431.000000 0.278906
1432.000000 0.095961
1433.000000 0.370103
1434.000000 0.115758
1435.000000 0.126210
1436.000000 0.179812
1437.000000 0.194290
1438.000000 0.597845
1439.000000 0.288098
1440.000000 0.131254
1441.000000 0.270587
1442.000000 0.237809
1443.000000 0.540162
1444.000000 0.107879
1445.000000 0.214280
1446.000000 0.405056
1447.000000 0.323241
1448.000000 0.112641
1449.000000 0.226715
1450.000000 0.226219
1451.000000 0.155073
1452.000000 0.279530
1453.000000 0.309909
1454.000000 0.034048
1455.000000 0.058250
1456.000000 0.208098
1457.000000 0.439163
1458.000000 0.063784
1459.000000 0.228500
1460.000000 0.395480
1461.000000 0.258129
1462.000000 0.080138
1463.000000 0.306491
1464.000000 0.268767
1465.000000 0.043170
1466.000000 0.087564
1467.000000 0.336522
1468.000000 0.049220
1469.000000 0.192893
1470.000000 0.287870
1471.000000 0.181874
1472.000000 0.205548
1473.000000 0.078736
1474.000000 0.178115
1475.000000 0.260451
1476.000000 0.082353
1477.000000 0.399561
1478.000000 0.368415
1479.000000 0.232504
1480.000000 0.351245
1481.000000 0.113633
1482.000000 0.157429
1483.000000 0.392064
1484.000000 0.431474
1485.000000 0.075189
1486.000000 0.259600
1487.000000 0.156873
1488.000000 0.346397
1489.000000 0.120128
1490.000000 0.154516
1491.000000 0.139182
1492.000000 0.157637
1493.000000 0.364338
1494.000000 0.158359
1495.000000 0.279211
1496.000000 0.178494
1497.000000 0.090056
1498.000000 0.317203
1499.000000 0.458239
1500.000000 0.358115
1501.000000 0.289439
1502.000000 0.293486
1503.000000 0.199865
1504.000000 0.275221
1505.000000 0.267388
1506.000000 0.413016
1507.000000 0.559871
1508.000000 0.231878
1509.000000 0.259031
1510.000000 0.195895
1511.000000 0.293652
1512.000000 0.064307
1513.000000 0.081492
1514.000000 0.298828
1515.000000 0.358039
1516.000000 0.157996
1517.000000 0.092261
1518.000000 0.377434
1519.000000 0.055771
1520.000000 0.202334
1521.000000 0.149773
1522.000000 0.096832
1523.000000 0.381485
1524.000000 0.108876
1525.000000 0.106480
1526.000000 0.130084
1527.000000 0.215579
1528.000000 0.163915
1529.000000 0.148553
1530.000000 0.171612
1531.000000 0.289064
1532.000000 0.259919
1533.000000 0.239414
1534.000000 0.254648
1535.000000 0.219274
1536.000000 0.341483
1537.000000 0.355732
1538.000000 0.309476
1539.000000 0.214373
1540.000000 0.215477
1541.000000 0.203973
1542.000000 0.204500
1543.000000 0.039550
1544.000000 0.158021
1545.000000 0.169999
1546.000000 0.046967
1547.000000 0.094445
1548.000000 0.531967
1549.000000 0.226944
1550.000000 0.255546
1551.000000 0.236702
1552.000000 0.233431
1553.000000 0.237308
1554.000000 0.160047
1555.000000 0.319532
1556.000000 0.346195
1557.000000 0.279796
1558.000000 0.223711
1559.000000 0.138935
1560.000000 0.580948
1561.000000 0.257987
1562.000000 0.424756
1563.000000 0.050452
1564.000000 0.245687
1565.000000 0.430147
1566.000000 0.121732
1567.000000 0.218931
1568.000000 0.292705
1569.000000 0.391557
1570.000000 0.238028
1571.000000 0.292124
1572.000000 0.121566
1573.000000 0.394522
1574.000000 0.303293
1575.000000 0.162165
1576.000000 0.307167
1577.000000 0.230720
1578.000000 0.129893
1579.000000 0.119857
1580.000000 0.308551
1581.000000 0.079471
1582.000000 0.313725
1583.000000 0.379897
1584.000000 0.188439
1585.000000 0.277716
1586.000000 0.157486
1587.000000 0.201217
1588.000000 0.467954
1589.000000 0.240361
1590.000000 0.442930
1591.000000 0.110999
1592.000000 0.169177
1593.000000 0.201058
1594.000000 0.351917
1595.000000 0.135559
1596.000000 0.285373
1597.000000 0.124941
1598.000000 0.343286
1599.000000 0.332668
1600.000000 0.292342
1601.000000 0.227159
1602.000000 0.227013
1603.000000 0.048693
1604.000000 0.408726
1605.000000 0.317510
1606.000000 0.271256
1607.000000 0.485013
1608.000000 0.079318
1609.000000 0.093041
1610.000000 0.282114
1611.000000 0.276904
1612.000000 0.295821
1613.000000 0.184002
1614.000000 0.028346
1615.000000 0.134244
1616.000000 0.201445
1617.000000 0.389301
1618.000000 0.365639
1619.000000 0.143936
1620.000000 0.208160
1621.000000 0.458053
1622.000000 0.373526
1623.000000 0.050275
1624.000000 0.215665
1625.000000 0.245499
1626.000000 0.261338
1627.000000 0.051285
1628.000000 0.189332
1629.000000 0.150896
1630.000000 0.169382
1631.000000 0.432935
1632.000000 0.368105
1633.000000 0.067527
1634.000000 0.217083
1635.000000 0.143549
1636.000000 0.523995
1637.000000 0.259984
1638.000000 0.116325
1639.000000 0.143483
1640.000000 0.259317
1641.000000 0.157772
1642.000000 0.002382
1643.000000 0.233564
1644.000000 0.260998
1645.000000 0.286561
1646.000000 0.163681
1647.000000 0.032584
1648.000000 0.224875
1649.000000 0.180257
1650.000000 0.299600
1651.000000 0.084033
1652.000000 0.279227
1653.000000 0.538074
1654.000000 0.157771
1655.000000 0.305917
1656.000000 0.335430
1657.000000 0.292128
1658.000000 0.223792
1659.000000 0.095289
1660.000000 0.337980
1661.000000 0.192471
1662.000000 0.294786
1663.000000 0.322600
1664.000000 0.270552
1665.000000 0.119946
1666.000000 0.297847
1667.000000 0.089150
1668.000000 0.191158
1669.000000 0.437068
1670.000000 0.111113
1671.000000 0.305272
1672.000000 0.065760
1673.000000 0.400050
1674.000000 0.436509
1675.000000 0.404937
1676.000000 0.199396
1677.000000 0.063778
1678.000000 0.227366
1679.000000 0.203720
1680.000000 0.299287
1681.000000 0.174328
1682.000000 0.168560
1683.000000 0.176333
1684.000000 0.217160
1685.000000 0.449545
1686.000000 0.323065
1687.000000 0.154110
1688.000000 0.299384
1689.000000 0.346662
1690.000000 0.368651
1691.000000 0.120141
1692.000000 0.118795
1693.000000 0.386200
1694.000000 0.145963
1695.000000 0.231195
1696.000000 0.189966
1697.000000 0.276575
1698.000000 0.012115
1699.000000 0.146954
1700.000000 0.141620
1701.000000 0.072239
1702.000000 0.132774
1703.000000 0.148572
1704.000000 0.201625
1705.000000 0.205764
1706.000000 0.375660
1707.000000 0.246820
1708.000000 0.300470
1709.000000 0.091667
1710.000000 0.149660
1711.000000 0.069460
1712.000000 0.222999
1713.000000 0.198032
1714.000000 0.086306
1715.000000 0.396319
1716.000000 0.130516
1717.000000 0.128712
1718.000000 0.264850
1719.000000 0.177263
1720.000000 0.342912
1721.000000 0.198991
1722.000000 0.240699
1723.000000 0.322298
1724.000000 0.297514
1725.000000 0.156046
1726.000000 0.204698
1727.000000 0.178765
1728.000000 0.257945
1729.000000 0.244571
1730.000000 0.276235
1731.000000 0.477840
1732.000000 0.123115
1733.000000 0.321270
1734.000000 0.386342
1735.000000 0.290323
1736.000000 0.251458
1737.000000 0.229905
1738.000000 0.453975
1739.000000 0.271694
1740.000000 0.366518
1741.000000 0.216101
1742.000000 0.105545
1743.000000 0.293148
1744.000000 0.104715
1745.000000 0.289376
1746.000000 0.388632
1747.000000 0.201808
1748.000000 0.447929
1749.000000 0.295323
1750.000000 0.207347
1751.000000 0.209883
1752.000000 0.186747
1753.000000 0.278142
1754.000000 0.237439
1755.000000 0.299642
1756.000000 0.277122
1757.000000 0.253659
1758.000000 0.186299
1759.000000 0.051003
1760.000000 0.133956
1761.000000 0.307946
1762.000000 0.418551
1763.000000 0.365236
1764.000000 0.061462
1765.000000 0.197558
1766.000000 0.203444
1767.000000 0.257847
1768.000000 0.201589
1769.000000 0.184406
1770.000000 0.197572
1771.000000 0.165750
1772.000000 0.292596
1773.000000 0.217481
1774.000000 0.208756
1775.000000 0.221418
1776.000000 0.232292
1777.000000 0.315983
1778.000000 0.116174
1779.000000 0.199470
1780.000000 0.297151
1781.000000 0.166559
1782.000000 0.369707
1783.000000 0.120293
1784.000000 0.420623
1785.000000 0.434733
1786.000000 0.398430
1787.000000 0.397970
1788.000000 0.110103
1789.000000 0.228622
1790.000000 0.161218
1791.000000 0.099790
1792.000000 0.168034
1793.000000 0.138170
1794.000000 0.062358
1795.000000 0.191417
1796.000000 0.263560
1797.000000 0.117558
1798.000000 0.245658
1799.000000 0.162367
1800.000000 0.154458
1801.000000 0.328164
1802.000000 0.200033
1803.000000 0.201183
1804.000000 0.246686
1805.000000 0.276395
1806.000000 0.160323
1807.000000 0.220204
1808.000000 0.273714
1809.000000 0.053590
1810.000000 0.048490
1811.000000 0.023253
1812.000000 0.173415
1813.000000 0.279948
1814.000000 0.269941
1815.000000 0.289106
1816.000000 0.121049
1817.000000 0.283750
1818.000000 0.131667
1819.000000 0.299616
1820.000000 0.162070
1821.000000 0.246347
1822.000000 0.223042
1823.000000 0.365785
1824.000000 0.262466
1825.000000 0.212235
1826.000000 0.137663
1827.000000 0.343842
1828.000000 0.411122
1829.000000 0.212427
1830.000000 0.120964
1831.000000 0.169891
1832.000000 0.222105
1833.000000 0.310542
1834.000000 0.137814
1835.000000 0.235385
1836.000000 0.133929
1837.000000 0.360484
1838.000000 0.085040
1839.000000 0.327555
1840.000000 0.123385
1841.000000 0.190210
1842.000000 0.163847
1843.000000 0.449139
1844.000000 0.192118
1845.000000 0.361995
1846.000000 0.059776
1847.000000 0.320568
1848.000000 0.354286
1849.000000 0.289126
1850.000000 0.471060
1851.000000 0.068729
1852.000000 0.144384
1853.000000 0.179760
1854.000000 0.178825
1855.000000 0.322644
1856.000000 0.030831
1857.000000 0.128323
1858.000000 0.198547
1859.000000 0.222342
1860.000000 0.504921
1861.000000 0.215061
1862.000000 0.479231
1863.000000 0.136266
1864.000000 0.274914
1865.000000 0.525613
1866.000000 0.335629
1867.000000 0.268273
1868.000000 0.249755
1869.000000 0.091499
1870.000000 0.127651
1871.000000 0.057324
1872.000000 0.117336
1873.000000 0.111488
1874.000000 0.028398
1875.000000 0.329144
1876.000000 0.196574
1877.000000 0.436923
1878.000000 0.202647
1879.000000 0.158880
1880.000000 0.265926
1881.000000 0.102234
1882.000000 0.212668
1883.000000 0.211102
1884.000000 0.156013
1885.000000 0.093409
1886.000000 0.233266
1887.000000 0.173415
1888.000000 0.599414
1889.000000 0.165222
1890.000000 0.064952
1891.000000 0.174967
1892.000000 0.137174
1893.000000 0.117214
1894.000000 0.309556
1895.000000 0.290336
1896.000000 0.144611
1897.000000 0.304983
1898.000000 0.167784
1899.000000 0.096777
1900.000000 0.318411
1901.000000 0.208659
1902.000000 0.286930
1903.000000 0.101784
1904.000000 0.305366
1905.000000 0.215899
1906.000000 0.317695
1907.000000 0.127122
1908.000000 0.265053
1909.000000 0.258050
1910.000000 0.210294
1911.000000 0.218063
1912.000000 0.188759
1913.000000 0.222933
1914.000000 0.025645
1915.000000 0.253049
1916.000000 0.279236
1917.000000 0.142275
1918.000000 0.026029
1919.000000 0.171343
1920.000000 0.142259
1921.000000 0.103991
1922.000000 0.237629
1923.000000 0.210767
1924.000000 0.430309
1925.000000 0.068455
1926.000000 0.226555
1927.000000 0.157510
1928.000000 0.262134
1929.000000 0.259435
1930.000000 0.141917
1931.000000 0.403063
1932.000000 0.068263
1933.000000 0.015822
1934.000000 0.426491
1935.000000 0.437556
1936.000000 0.274104
1937.000000 0.493004
1938.000000 0.282597
1939.000000 0.254120
1940.000000 0.258638
1941.000000 0.200231
1942.000000 0.107606
1943.000000 0.289221
1944.000000 0.161668
1945.000000 0.323693
1946.000000 0.043827
1947.000000 0.251636
1948.000000 0.213870
1949.000000 0.059980
1950.000000 0.033868
1951.000000 0.282059
1952.000000 0.129759
1953.000000 0.309361
1954.000000 0.183118
1955.000000 0.269913
1956.000000 0.128545
1957.000000 0.177336
1958.000000 0.234789
1959.000000 0.121841
1960.000000 0.095335
1961.000000 0.149495
1962.000000 0.076987
1963.000000 0.162405
1964.000000 0.170118
1965.000000 0.153129
1966.000000 0.400705
1967.000000 0.030181
1968.000000 0.093775
1969.000000 0.295530
1970.000000 0.106906
1971.000000 0.418111
1972.000000 0.068600
1973.000000 0.295580
1974.000000 0.044120
1975.000000 0.238323
1976.000000 0.343009
1977.000000 0.304169
1978.000000 0.146197
1979.000000 0.061663
1980.000000 0.254658
1981.000000 0.282861
1982.000000 0.280377
1983.000000 0.109963
1984.000000 0.343941
1985.000000 0.039825
1986.000000 0.147512
1987.000000 0.186984
1988.000000 0.123488
1989.000000 0.066046
1990.000000 0.273029
1991.000000 0.185889
1992.000000 0.125556
1993.000000 0.239626
1994.000000 0.451871
1995.000000 0.354021
1996.000000 0.280163
1997.000000 0.442573
1998.000000 0.283892
1999.000000 0.214775
2000.000000 0.075019
2001.000000 0.290527
2002.000000 0.124909
2003.000000 0.294202
2004.000000 0.110474
2005.000000 0.127227
2006.000000 0.161544
2007.000000 0.170237
2008.000000 0.251695
2009.000000 0.441325
2010.000000 0.241087
2011.000000 0.227936
2012.000000 0.202366
2013.000000 0.139106
2014.000000 0.202820
2015.000000 0.168823
2016.000000 0.200871
2017.000000 0.451845
2018.000000 0.298333
2019.000000 0.242864
2020.000000 0.390641
2021.000000 0.246066
2022.000000 0.134898
2023.000000 0.138201
2024.000000 0.173379
2025.000000 0.194232
2026.000000 0.182538
2027.000000 0.078111
2028.000000 0.119020
2029.000000 0.161337
2030.000000 0.340543
2031.000000 0.365225
2032.000000 0.243503
2033.000000 0.184956
2034.000000 0.193191
2035.000000 0.523765
2036.000000 0.094728
2037.000000 0.202578
2038.000000 0.123017
2039.000000 0.104059
2040.000000 0.215976
2041.000000 0.303426
2042.000000 0.231152
2043.000000 0.334759
2044.000000 0.008127
2045.000000 0.205671
2046.000000 0.201325
2047.000000 0.282879
2048.000000 0.274095
2049.000000 0.113961
2050.000000 0.275549
2051.000000 0.271277
2052.000000 0.123775
2053.000000 0.139971
2054.000000 0.179232
2055.000000 0.201851
2056.000000 0.207559
2057.000000 0.065259
2058.000000 0.280403
2059.000000 0.063735
2060.000000 0.089579
2061.000000 0.291009
2062.000000 0.256111
2063.000000 0.291812
2064.000000 0.335719
2065.000000 0.252030
2066.000000 0.383562
2067.000000 0.154834
2068.000000 0.463400
2069.000000 0.049472
2070.000000 0.349408
2071.000000 0.167102
2072.000000 0.082697
2073.000000 0.279760
2074.000000 0.197983
2075.000000 0.425179
2076.000000 0.220952
2077.000000 0.290114
2078.000000 0.347547
2079.000000 0.118591
2080.000000 0.236457
2081.000000 0.190806
2082.000000 0.365216
2083.000000 0.089746
2084.000000 0.121866
2085.000000 0.168469
2086.000000 0.158441
2087.000000 0.234936
2088.000000 0.402026
2089.000000 0.157991
2090.000000 0.424664
2091.000000 0.120049
2092.000000 0.357906
2093.000000 0.327452
2094.000000 0.227825
2095.000000 0.312462
2096.000000 0.156506
2097.000000 0.117594
2098.000000 0.089078
2099.000000 0.263719
2100.000000 0.448974
2101.000000 0.392488
2102.000000 0.292349
2103.000000 0.138069
2104.000000 0.373870
2105.000000 0.289422
2106.000000 0.326193
2107.000000 0.081036
2108.000000 0.334440
2109.000000 0.176105
2110.000000 0.107520
2111.000000 0.260548
2112.000000 0.483835
2113.000000 0.172910
2114.000000 0.497192
2115.000000 0.437093
2116.000000 0.263036
2117.000000 0.210885
2118.000000 0.304612
2119.000000 0.362775
2120.000000 0.020866
2121.000000 0.150747
2122.000000 0.176059
2123.000000 0.076419
2124.000000 0.405465
2125.000000 0.284363
2126.000000 0.218318
2127.000000 0.130091
2128.000000 0.244069
2129.000000 0.310158
2130.000000 0.253947
2131.000000 0.380188
2132.000000 0.352150
2133.000000 0.054047
2134.000000 0.211155
2135.000000 0.051119
2136.000000 0.156729
2137.000000 0.347754
2138.000000 0.410118
2139.000000 0.134293
2140.000000 0.089783
2141.000000 0.395732
2142.000000 0.309131
2143.000000 0.056341
2144.000000 0.229780
2145.000000 0.143672
2146.000000 0.215182
2147.000000 0.019199
2148.000000 0.142375
2149.000000 0.271905
2150.000000 0.335434
2151.000000 0.055551
2152.000000 0.388951
2153.000000 0.127869
2154.000000 0.173445
2155.000000 0.504655
2156.000000 0.499284
2157.000000 0.214054
2158.000000 0.170112
2159.000000 0.413340
2160.000000 0.191958
2161.000000 0.174881
2162.000000 0.294386
2163.000000 0.253827
2164.000000 0.301211
2165.000000 0.137761
2166.000000 0.209534
2167.000000 0.023169
2168.000000 0.217579
2169.000000 0.200744
2170.000000 0.482283
2171.000000 0.288490
2172.000000 0.311526
2173.000000 0.261736
2174.000000 0.176523
2175.000000 0.112717
2176.000000 0.105618
2177.000000 0.233158
2178.000000 0.324099
2179.000000 0.246445
2180.000000 0.268747
2181.000000 0.076778
2182.000000 0.318121
2183.000000 0.202538
2184.000000 0.301904
2185.000000 0.160535
2186.000000 0.230213
2187.000000 0.131654
2188.000000 0.040218
2189.000000 0.157912
2190.000000 0.120279
2191.000000 0.244127
2192.000000 0.288927
2193.000000 0.131024
2194.000000 0.225272
2195.000000 0.324640
2196.000000 0.107030
2197.000000 0.159732
2198.000000 0.247529
2199.000000 0.307483
2200.000000 0.164794
2201.000000 0.440554
2202.000000 0.212324
2203.000000 0.377064
2204.000000 0.238641
2205.000000 0.055179
2206.000000 0.147833
2207.000000 0.098828
2208.000000 0.304463
2209.000000 0.345914
2210.000000 0.166278
2211.000000 0.141589
2212.000000 0.192808
2213.000000 0.030708
2214.000000 0.219303
2215.000000 0.147333
2216.000000 0.103708
2217.000000 0.208936
2218.000000 0.176651
2219.000000 0.212452
2220.000000 0.093469
2221.000000 0.433880
2222.000000 0.025191
2223.000000 0.056818
2224.000000 0.310776
2225.000000 0.269890
2226.000000 0.297203
2227.000000 0.210297
2228.000000 0.285656
2229.000000 0.196411
2230.000000 0.050065
2231.000000 0.322463
2232.000000 0.116854
2233.000000 0.494662
2234.000000 0.165454
2235.000000 0.279546
2236.000000 0.204463
2237.000000 0.205923
2238.000000 0.468159
2239.000000 0.198848
2240.000000 0.262443
2241.000000 0.177493
2242.000000 0.130429
2243.000000 0.346576
2244.000000 0.244143
2245.000000 0.230908
2246.000000 0.207618
2247.000000 0.387374
2248.000000 0.257250
2249.000000 0.123973
2250.000000 0.083385
2251.000000 0.128502
2252.000000 0.156142
2253.000000 0.107776
2254.000000 0.356481
2255.000000 0.213857
2256.000000 0.300749
2257.000000 0.447297
2258.000000 0.221631
2259.000000 0.407536
2260.000000 0.138793
2261.000000 0.270775
2262.000000 0.428359
2263.000000 0.247054
2264.000000 0.083642
2265.000000 0.053974
2266.000000 0.080013
2267.000000 0.286359
2268.000000 0.482319
2269.000000 0.017697
2270.000000 0.293827
2271.000000 0.396606
2272.000000 0.175173
2273.000000 0.111397
2274.000000 0.165764
2275.000000 0.244018
2276.000000 0.282760
2277.000000 0.183053
2278.000000 0.064213
2279.000000 0.201452
2280.000000 0.204507
2281.000000 0.212616
2282.000000 0.297536
2283.000000 0.174518
2284.000000 0.112263
2285.000000 0.173714
2286.000000 0.309466
2287.000000 0.094719
2288.000000 0.264329
2289.000000 0.358636
2290.000000 0.218982
2291.000000 0.084012
2292.000000 0.061126
2293.000000 0.239097
2294.000000 0.122050
2295.000000 0.158285
2296.000000 0.220578
2297.000000 0.474652
2298.000000 0.341595
2299.000000 0.183959
2300.000000 0.052790
2301.000000 0.314992
2302.000000 0.110574
2303.000000 0.196688
2304.000000 0.225056
2305.000000 0.252155
2306.000000 0.480498
2307.000000 0.334858
2308.000000 0.288257
2309.000000 0.139694
2310.000000 0.242455
2311.000000 0.180721
2312.000000 0.157849
2313.000000 0.189292
2314.000000 0.319506
2315.000000 0.413192
2316.000000 0.161917
2317.000000 0.284769
2318.000000 0.156062
2319.000000 0.459678
2320.000000 0.106890
2321.000000 0.255278
2322.000000 0.384360
2323.000000 0.366056
2324.000000 0.302362
2325.000000 0.445879
2326.000000 0.363621
2327.000000 0.190706
2328.000000 0.104528
2329.000000 0.175946
2330.000000 0.388229
2331.000000 0.223662
2332.000000 0.110598
2333.000000 0.143077
2334.000000 0.125537
2335.000000 0.290318
2336.000000 0.058591
2337.000000 0.091490
2338.000000 0.273264
2339.000000 0.159622
2340.000000 0.067890
2341.000000 0.243344
2342.000000 0.092660
2343.000000 0.390019
2344.000000 0.212512
2345.000000 0.518522
2346.000000 0.206485
2347.000000 0.138203
2348.000000 0.246636
2349.000000 0.073520
2350.000000 0.251634
2351.000000 0.277946
2352.000000 0.213183
2353.000000 0.370694
2354.000000 0.092785
2355.000000 0.107833
2356.000000 0.221819
2357.000000 0.212263
2358.000000 0.122830
2359.000000 0.237103
2360.000000 0.033018
2361.000000 0.119105
2362.000000 0.263689
2363.000000 0.162550
2364.000000 0.192919
2365.000000 0.090959
2366.000000 0.148085
2367.000000 0.205446
2368.000000 0.161507
2369.000000 0.176602
2370.000000 0.123879
2371.000000 0.125703
2372.000000 0.205164
2373.000000 0.355841
2374.000000 0.303929
2375.000000 0.322022
2376.000000 0.174827
2377.000000 0.185246
2378.000000 0.232030
2379.000000 0.191934
2380.000000 0.274333
2381.000000 0.119344
2382.000000 0.130027
2383.000000 0.255523
2384.000000 0.244770
2385.000000 0.168530
2386.000000 0.147424
2387.000000 0.359813
2388.000000 0.314340
2389.000000 0.283535
2390.000000 0.050343
2391.000000 0.436272
2392.000000 0.315736
2393.000000 0.241606
2394.000000 0.303778
2395.000000 0.286269
2396.000000 0.103092
2397.000000 0.162841
2398.000000 0.065890
2399.000000 0.057850
2400.000000 0.200606
2401.000000 0.274626
2402.000000 0.268278
2403.000000 0.127817
2404.000000 0.057401
2405.000000 0.117516
2406.000000 0.337313
2407.000000 0.226483
2408.000000 0.189974
2409.000000 0.230723
2410.000000 0.127948
2411.000000 0.285882
2412.000000 0.091714
2413.000000 0.529026
2414.000000 0.301498
2415.000000 0.182887
2416.000000 0.070336
2417.000000 0.177493
2418.000000 0.148601
2419.000000 0.239238
2420.000000 0.200551
2421.000000 0.306534
2422.000000 0.059726
2423.000000 0.109426
2424.000000 0.064820
2425.000000 0.076745
2426.000000 0.065144
2427.000000 0.247291
2428.000000 0.359185
2429.000000 0.135424
2430.000000 0.352751
2431.000000 0.135731
2432.000000 0.122573
2433.000000 0.186776
2434.000000 0.174780
2435.000000 0.360029
2436.000000 0.036361
2437.000000 0.166850
2438.000000 0.137654
2439.000000 0.126883
2440.000000 0.087288
2441.000000 0.235178
2442.000000 0.285455
2443.000000 0.161131
2444.000000 0.238734
2445.000000 0.433666
2446.000000 0.125476
2447.000000 0.360572
2448.000000 0.059743
2449.000000 0.372163
2450.000000 0.216026
2451.000000 0.380402
2452.000000 0.036736
2453.000000 0.176405
2454.000000 0.174347
2455.000000 0.365987
2456.000000 0.191132
2457.000000 0.096929
2458.000000 0.320772
2459.000000 0.060720
2460.000000 0.291747
2461.000000 0.072615
2462.000000 0.339216
2463.000000 0.528764
2464.000000 0.284622
2465.000000 0.057697
2466.000000 0.322004
2467.000000 0.238461
2468.000000 0.094709
2469.000000 0.235489
2470.000000 0.505113
2471.000000 0.071660
2472.000000 0.218587
2473.000000 0.275327
2474.000000 0.169418
2475.000000 0.256448
2476.000000 0.185019
2477.000000 0.044777
2478.000000 0.265722
2479.000000 0.184704
2480.000000 0.389474
2481.000000 0.512202
2482.000000 0.121342
2483.000000 0.150544
2484.000000 0.258304
2485.000000 0.396632
2486.000000 0.173950
2487.000000 0.204354
2488.000000 0.166179
2489.000000 0.729892
2490.000000 0.135240
2491.000000 0.096416
2492.000000 0.267758
2493.000000 0.132013
2494.000000 0.114133
2495.000000 0.170130
2496.000000 0.188396
2497.000000 0.084600
2498.000000 0.379679
2499.000000 0.232135
2500.000000 0.481167
2501.000000 0.208404
2502.000000 0.303073
2503.000000 0.180700
2504.000000 0.214569
2505.000000 0.225142
2506.000000 0.206207
2507.000000 0.233472
2508.000000 0.404616
2509.000000 0.090976
2510.000000 0.204769
2511.000000 0.249941
2512.000000 0.274437
2513.000000 0.469509
2514.000000 0.503454
2515.000000 0.127740
2516.000000 0.210716
2517.000000 0.127028
2518.000000 0.059613
2519.000000 0.214366
2520.000000 0.318228
2521.000000 0.301329
2522.000000 0.491783
2523.000000 0.133131
2524.000000 0.295799
2525.000000 0.287769
2526.000000 0.086318
2527.000000 0.230662
2528.000000 0.361439
2529.000000 0.109443
2530.000000 0.137358
2531.000000 0.132315
2532.000000 0.044260
2533.000000 0.279388
2534.000000 0.286432
2535.000000 0.375699
2536.000000 0.369466
2537.000000 0.077078
2538.000000 0.199598
2539.000000 0.381667
2540.000000 0.116942
2541.000000 0.117883
2542.000000 0.275668
2543.000000 0.152908
2544.000000 0.177696
2545.000000 0.071110
2546.000000 0.086000
2547.000000 0.115216
2548.000000 0.248461
2549.000000 0.153637
2550.000000 0.187073
2551.000000 0.238977
2552.000000 0.217819
2553.000000 0.305480
2554.000000 0.172304
2555.000000 0.208424
2556.000000 0.297788
2557.000000 0.159234
2558.000000 0.402547
2559.000000 0.281852
2560.000000 0.175609
2561.000000 0.097447
2562.000000 0.459100
2563.000000 0.235195
2564.000000 0.146524
2565.000000 0.294213
2566.000000 0.128095
2567.000000 0.219878
2568.000000 0.173639
2569.000000 0.164142
2570.000000 0.346785
2571.000000 0.311397
2572.000000 0.240928
2573.000000 0.150913
2574.000000 0.075007
2575.000000 0.155528
2576.000000 0.167312
2577.000000 0.109953
2578.000000 0.337928
2579.000000 0.376470
2580.000000 0.230891
2581.000000 0.156197
2582.000000 0.380551
2583.000000 0.060148
2584.000000 0.157365
2585.000000 0.409252
2586.000000 0.212330
2587.000000 0.327477
2588.000000 0.243695
2589.000000 0.275387
2590.000000 0.068439
2591.000000 0.063522
2592.000000 0.306259
2593.000000 0.220387
2594.000000 0.397198
2595.000000 0.082429
2596.000000 0.181724
2597.000000 0.221048
2598.000000 0.398214
2599.000000 0.303061
2600.000000 0.120170
2601.000000 0.323571
2602.000000 0.336195
2603.000000 0.188019
2604.000000 0.150978
2605.000000 0.345571
2606.000000 0.215781
2607.000000 0.335487
2608.000000 0.246568
2609.000000 0.422297
2610.000000 0.211370
2611.000000 0.118737
2612.000000 0.193939
2613.000000 0.304865
2614.000000 0.112043
2615.000000 0.406565
2616.000000 0.262792
2617.000000 0.229689
2618.000000 0.125109
2619.000000 0.192455
2620.000000 0.217363
2621.000000 0.093437
2622.000000 0.177524
2623.000000 0.361947
2624.000000 0.009399
2625.000000 0.259235
2626.000000 0.420538
2627.000000 0.355031
2628.000000 0.275147
2629.000000 0.173142
2630.000000 0.277062
2631.000000 0.173331
2632.000000 0.131469
2633.000000 0.130360
2634.000000 0.389037
2635.000000 0.152150
2636.000000 0.297817
2637.000000 0.330408
2638.000000 0.319106
2639.000000 0.260464
2640.000000 0.067027
2641.000000 0.102781
2642.000000 0.245068
2643.000000 0.377539
2644.000000 0.134227
2645.000000 0.208962
2646.000000 0.295104
2647.000000 0.293182
2648.000000 0.331095
2649.000000 0.154185
2650.000000 0.099503
2651.000000 0.221992
2652.000000 0.508116
2653.000000 0.270061
2654.000000 0.335878
2655.000000 0.160721
2656.000000 0.279639
2657.000000 0.306694
2658.000000 0.182270
2659.000000 0.306268
2660.000000 0.243515
2661.000000 0.361958
2662.000000 0.407927
2663.000000 0.129992
2664.000000 0.135899
2665.000000 0.192274
2666.000000 0.199263
2667.000000 0.311541
2668.000000 0.145832
2669.000000 0.105813
2670.000000 0.202660
2671.000000 0.250998
2672.000000 0.080090
2673.000000 0.143847
2674.000000 0.217900
2675.000000 0.232918
2676.000000 0.294749
2677.000000 0.065186
2678.000000 0.149068
2679.000000 0.196417
2680.000000 0.122940
2681.000000 0.169488
2682.000000 0.135519
2683.000000 0.362422
2684.000000 0.400764
2685.000000 0.130158
2686.000000 0.210110
2687.000000 0.267382
2688.000000 0.077497
2689.000000 0.188630
2690.000000 0.210734
2691.000000 0.217700
2692.000000 0.235889
2693.000000 0.224284
2694.000000 0.275366
2695.000000 0.118507
2696.000000 0.100928
2697.000000 0.374711
2698.000000 0.209779
2699.000000 0.407372
2700.000000 0.030006
2701.000000 0.081069
2702.000000 0.257117
2703.000000 0.181388
2704.000000 0.111484
2705.000000 0.185397
2706.000000 0.276272
2707.000000 0.500389
2708.000000 0.282061
2709.000000 0.465157
2710.000000 0.296830
2711.000000 0.138560
2712.000000 0.159781
2713.000000 0.128000
2714.000000 0.079105
2715.000000 0.172108
2716.000000 0.166427
2717.000000 0.052812
2718.000000 0.176666
2719.000000 0.103564
2720.000000 0.496234
2721.000000 0.219536
2722.000000 0.070212
2723.000000 0.115162
2724.000000 0.029259
2725.000000 0.050061
2726.000000 0.241604
2727.000000 0.137821
2728.000000 0.227679
2729.000000 0.432939
2730.000000 0.146500
2731.000000 0.091370
2732.000000 0.246335
2733.000000 0.138379
2734.000000 0.135498
2735.000000 0.201340
2736.000000 0.420640
2737.000000 0.079309
2738.000000 0.408641
2739.000000 0.067550
2740.000000 0.196160
2741.000000 0.245769
2742.000000 0.181280
2743.000000 0.177375
2744.000000 0.115529
2745.000000 0.260979
2746.000000 0.325506
2747.000000 0.134225
2748.000000 0.176551
2749.000000 0.296561
2750.000000 0.114438
2751.000000 0.139519
2752.000000 0.127128
2753.000000 0.424547
2754.000000 0.068794
2755.000000 0.282305
2756.000000 0.442301
2757.000000 0.262262
2758.000000 0.147175
2759.000000 0.152414
2760.000000 0.203746
2761.000000 0.531202
2762.000000 0.170191
2763.000000 0.331449
2764.000000 0.161060
2765.000000 0.395358
2766.000000 0.331171
2767.000000 0.327593
2768.000000 0.263609
2769.000000 0.189684
2770.000000 0.516954
2771.000000 0.084720
2772.000000 0.338347
2773.000000 0.524860
2774.000000 0.209285
2775.000000 0.050565
2776.000000 0.166367
2777.000000 0.208873
2778.000000 0.309779
2779.000000 0.173967
2780.000000 0.128661
2781.000000 0.390094
2782.000000 0.218182
2783.000000 0.277503
2784.000000 0.246927
2785.000000 0.396637
2786.000000 0.115114
2787.000000 0.307961
2788.000000 0.038049
2789.000000 0.290645
2790.000000 0.306072
2791.000000 0.206143
2792.000000 0.360070
2793.000000 0.065117
2794.000000 0.302211
2795.000000 0.310762
2796.000000 0.126048
2797.000000 0.287158
2798.000000 0.224190
2799.000000 0.054392
2800.000000 0.222190
2801.000000 0.073392
2802.000000 0.067807
2803.000000 0.281419
2804.000000 0.231844
2805.000000 0.334823
2806.000000 0.085908
2807.000000 0.100773
2808.000000 0.253415
2809.000000 0.007338
2810.000000 0.242056
2811.000000 0.235420
2812.000000 0.198442
2813.000000 0.377528
2814.000000 0.157959
2815.000000 0.322706
2816.000000 0.122398
2817.000000 0.207609
2818.000000 0.296521
2819.000000 0.206050
2820.000000 0.207685
2821.000000 0.083987
2822.000000 0.279575
2823.000000 0.161670
2824.000000 0.232164
2825.000000 0.097971
2826.000000 0.289582
2827.000000 0.261241
2828.000000 0.096057
2829.000000 0.307670
2830.000000 0.220016
2831.000000 0.179024
2832.000000 0.251211
2833.000000 0.157391
2834.000000 0.233990
2835.000000 0.152346
2836.000000 0.095893
2837.000000 0.308008
2838.000000 0.174131
2839.000000 0.205569
2840.000000 0.095907
2841.000000 0.185266
2842.000000 0.218380
2843.000000 0.220596
2844.000000 0.163416
2845.000000 0.215808
2846.000000 0.253545
2847.000000 0.299873
2848.000000 0.125441
2849.000000 0.148192
2850.000000 0.194303
2851.000000 0.250165
2852.000000 0.177002
2853.000000 0.103350
2854.000000 0.359713
2855.000000 0.160622
2856.000000 0.355029
2857.000000 0.235971
2858.000000 0.256930
2859.000000 0.294124
2860.000000 0.222000
2861.000000 0.287048
2862.000000 0.173600
2863.000000 0.319825
2864.000000 0.205013
2865.000000 0.255983
2866.000000 0.271590
2867.000000 0.113326
2868.000000 0.034141
2869.000000 0.272145
2870.000000 0.158432
2871.000000 0.087850
2872.000000 0.285372
2873.000000 0.155411
2874.000000 0.216049
2875.000000 0.456915
2876.000000 0.232894
2877.000000 0.065649
2878.000000 0.232618
2879.000000 0.233887
2880.000000 0.361474
2881.000000 0.195835
2882.000000 0.080743
2883.000000 0.143465
2884.000000 0.357265
2885.000000 0.392032
2886.000000 0.218441
2887.000000 0.081845
2888.000000 0.212602
2889.000000 0.351635
2890.000000 0.349947
2891.000000 0.034785
2892.000000 0.084621
2893.000000 0.234648
2894.000000 0.415894
2895.000000 0.318436
2896.000000 0.238588
2897.000000 0.028755
2898.000000 0.265341
2899.000000 0.161618
2900.000000 0.193061
2901.000000 0.261057
2902.000000 0.097794
2903.000000 0.288840
2904.000000 0.060975
2905.000000 0.492263
2906.000000 0.084073
2907.000000 0.295735
2908.000000 0.210581
2909.000000 0.222192
2910.000000 0.248928
2911.000000 0.080112
2912.000000 0.308590
2913.000000 0.200667
2914.000000 0.134799
2915.000000 0.074576
2916.000000 0.056566
2917.000000 0.173205
2918.000000 0.298663
2919.000000 0.118451
2920.000000 0.126903
2921.000000 0.198588
2922.000000 0.231678
2923.000000 0.236324
2924.000000 0.255144
2925.000000 0.203745
2926.000000 0.084010
2927.000000 0.208479
2928.000000 0.302093
2929.000000 0.560356
2930.000000 0.191835
2931.000000 0.206794
2932.000000 0.435201
2933.000000 0.089452
2934.000000 0.092790
2935.000000 0.251996
2936.000000 0.095093
2937.000000 0.255017
2938.000000 0.310921
2939.000000 0.325664
2940.000000 0.084358
2941.000000 0.321111
2942.000000 0.230689
2943.000000 0.302215
2944.000000 0.392316
2945.000000 0.142808
2946.000000 0.129624
2947.000000 0.262287
2948.000000 0.205222
2949.000000 0.180408
2950.000000 0.406517
2951.000000 0.493663
2952.000000 0.234362
2953.000000 0.173451
2954.000000 0.185421
2955.000000 0.384165
2956.000000 0.092252
2957.000000 0.111916
2958.000000 0.424420
2959.000000 0.201096
2960.000000 0.112880
2961.000000 0.247733
2962.000000 0.238785
2963.000000 0.193728
2964.000000 0.281645
2965.000000 0.166346
2966.000000 0.176471
2967.000000 0.173299
2968.000000 0.304434
2969.000000 0.165896
2970.000000 0.266164
2971.000000 0.085931
2972.000000 0.097292
2973.000000 0.347323
2974.000000 0.124678
2975.000000 0.024501
2976.000000 0.231523
2977.000000 0.064162
2978.000000 0.396272
2979.000000 0.480484
2980.000000 0.298947
2981.000000 0.234936
2982.000000 0.100315
2983.000000 0.267013
2984.000000 0.264138
2985.000000 0.072192
2986.000000 0.321554
2987.000000 0.075385
2988.000000 0.040822
2989.000000 0.275709
2990.000000 0.257451
2991.000000 0.367161
2992.000000 0.117612
2993.000000 0.427006
2994.000000 0.414300
2995.000000 0.231398
2996.000000 0.266431
2997.000000 0.244418
2998.000000 0.210060
2999.000000 0.155997
3000.000000 0.083998
