10.000000 0.369170
20.000000 0.235301
30.000000 0.532147
40.000000 0.187752
50.000000 0.183911
60.000000 0.206222
70.000000 0.440818
80.000000 0.218316
90.000000 0.147264
100.000000 0.203377
110.000000 0.268134
120.000000 0.174789
130.000000 0.068920
140.000000 0.267136
150.000000 0.299952
160.000000 0.285061
170.000000 0.345535
180.000000 0.221445
190.000000 0.438889
200.000000 0.276911
210.000000 0.290234
220.000000 0.333792
230.000000 0.352145
240.000000 0.083899
250.000000 0.079219
260.000000 0.298417
270.000000 0.320715
280.000000 0.236291
290.000000 0.298134
300.000000 0.168973
310.000000 0.466322
320.000000 0.233242
330.000000 0.346411
340.000000 0.150528
350.000000 0.289077
360.000000 0.326278
370.000000 0.133567
380.000000 0.100833
390.000000 0.142136
400.000000 0.184178
410.000000 0.295451
420.000000 0.504243
430.000000 0.204882
440.000000 0.074522
450.000000 0.507044
460.000000 0.048242
470.000000 0.124203
480.000000 0.387695
490.000000 0.106067
500.000000 0.374736
510.000000 0.493854
520.000000 0.280905
530.000000 0.195282
540.000000 0.410183
550.000000 0.442946
560.000000 0.163903
570.000000 0.100251
580.000000 0.177841
590.000000 0.357953
600.000000 0.070225
610.000000 0.189949
620.000000 0.502453
630.000000 0.036744
640.000000 0.108766
650.000000 0.078847
660.000000 0.167598
670.000000 0.232100
680.000000 0.386312
690.000000 0.222406
700.000000 0.356908
710.000000 0.416429
720.000000 0.505774
730.000000 0.151096
740.000000 0.183934
750.000000 0.280556
760.000000 0.298476
770.000000 0.123970
780.000000 0.157424
790.000000 0.118836
800.000000 0.073665
810.000000 0.405752
820.000000 0.029437
830.000000 0.209890
840.000000 0.212378
850.000000 0.325558
860.000000 0.495294
870.000000 0.341612
880.000000 0.167707
890.000000 0.062752
900.000000 0.403899
910.000000 0.052887
920.000000 0.093153
930.000000 0.826244
940.000000 0.178115
950.000000 0.197984
960.000000 0.264701
970.000000 0.107061
980.000000 0.409318
990.000000 0.523532
1000.000000 0.058574
