0.000000 0.038260
1.000000 0.047604
2.000000 0.012203
3.000000 0.053458
4.000000 0.028046
5.000000 0.049180
6.000000 0.076279
7.000000 0.024925
8.000000 0.032189
9.000000 0.052891
10.000000 0.017077
11.000000 0.019898
12.000000 0.057559
13.000000 0.049632
14.000000 0.041023
15.000000 0.045701
16.000000 0.063450
17.000000 0.019497
18.000000 0.062053
19.000000 0.025167
20.000000 0.016466
21.000000 0.022258
22.000000 0.005046
23.000000 0.057729
24.000000 0.094007
25.000000 0.009040
26.000000 0.074565
27.000000 0.066204
28.000000 0.013393
29.000000 0.101472
30.000000 0.069276
31.000000 0.042235
32.000000 0.035480
33.000000 0.079224
34.000000 0.041307
35.000000 0.049432
36.000000 0.083600
37.000000 0.028194
38.000000 0.035306
39.000000 0.056655
40.000000 0.141627
41.000000 0.072829
42.000000 0.029201
43.000000 0.076819
44.000000 0.137621
45.000000 0.106229
46.000000 0.073609
47.000000 0.062620
48.000000 0.113081
49.000000 0.099184
50.000000 0.072156
51.000000 0.042703
52.000000 0.095308
53.000000 0.029411
54.000000 0.068076
55.000000 0.046256
56.000000 0.026533
57.000000 0.062518
58.000000 0.045312
59.000000 0.075018
60.000000 0.010815
61.000000 0.009252
62.000000 0.108886
63.000000 0.068294
64.000000 0.020213
65.000000 0.080260
66.000000 0.153670
67.000000 0.040756
68.000000 0.051874
69.000000 0.035986
70.000000 0.047059
71.000000 0.029708
72.000000 0.023245
73.000000 0.084801
74.000000 0.089731
75.000000 0.024509
76.000000 0.016615
77.000000 0.019111
78.000000 0.126635
79.000000 0.042070
80.000000 0.088794
81.000000 0.039403
82.000000 0.043738
83.000000 0.062024
84.000000 0.120249
85.000000 0.049445
86.000000 0.034276
87.000000 0.050369
88.000000 0.070672
89.000000 0.075009
90.000000 0.083661
91.000000 0.031501
92.000000 0.041703
93.000000 0.100065
94.000000 0.018015
95.000000 0.043060
96.000000 0.032291
97.000000 0.017371
98.000000 0.062768
99.000000 0.061377
100.000000 0.035624
101.000000 0.043101
102.000000 0.062170
103.000000 0.068163
104.000000 0.032228
105.000000 0.038741
106.000000 0.078012
107.000000 0.056613
108.000000 0.026051
109.000000 0.020942
110.000000 0.073116
111.000000 0.050368
112.000000 0.118874
113.000000 0.079837
114.000000 0.071662
115.000000 0.069559
116.000000 0.027379
117.000000 0.032112
118.000000 0.067234
119.000000 0.039006
120.000000 0.048415
121.000000 0.089096
122.000000 0.087343
123.000000 0.083741
124.000000 0.053018
125.000000 0.068664
126.000000 0.044209
127.000000 0.033612
128.000000 0.031380
129.000000 0.048343
130.000000 0.071204
131.000000 0.030020
132.000000 0.054916
133.000000 0.036160
134.000000 0.019615
135.000000 0.056589
136.000000 0.051987
137.000000 0.067543
138.000000 0.055713
139.000000 0.030451
140.000000 0.029653
141.000000 0.020865
142.000000 0.065977
143.000000 0.073887
144.000000 0.052738
145.000000 0.063835
146.000000 0.058866
147.000000 0.019912
148.000000 0.039486
149.000000 0.100436
150.000000 0.024337
151.000000 0.090799
152.000000 0.052942
153.000000 0.047892
154.000000 0.109815
155.000000 0.103175
156.000000 0.025126
157.000000 0.037200
158.000000 0.064783
159.000000 0.060118
160.000000 0.040502
161.000000 0.047192
162.000000 0.033352
163.000000 0.019095
164.000000 0.053082
165.000000 0.043355
166.000000 0.050403
167.000000 0.102650
168.000000 0.032983
169.000000 0.039767
170.000000 0.036325
171.000000 0.054256
172.000000 0.025875
173.000000 0.091379
174.000000 0.001662
175.000000 0.091721
176.000000 0.030687
177.000000 0.072520
178.000000 0.038590
179.000000 0.074269
180.000000 0.064465
181.000000 0.129801
182.000000 0.070424
183.000000 0.040487
184.000000 0.002344
185.000000 0.091881
186.000000 0.044655
187.000000 0.070106
188.000000 0.067027
189.000000 0.091666
190.000000 0.053529
191.000000 0.026225
192.000000 0.081699
193.000000 0.051917
194.000000 0.041280
195.000000 0.036166
196.000000 0.085116
197.000000 0.132947
198.000000 0.083851
199.000000 0.017234
200.000000 0.046044
201.000000 0.042514
202.000000 0.110780
203.000000 0.040490
204.000000 0.028824
205.000000 0.045306
206.000000 0.050002
207.000000 0.069383
208.000000 0.029246
209.000000 0.028110
210.000000 0.039733
211.000000 0.076816
212.000000 0.057972
213.000000 0.051780
214.000000 0.030585
215.000000 0.057038
216.000000 0.081000
217.000000 0.092717
218.000000 0.102484
219.000000 0.128865
220.000000 0.049318
221.000000 0.083864
222.000000 0.042745
223.000000 0.081535
224.000000 0.044633
225.000000 0.050026
226.000000 0.044317
227.000000 0.066771
228.000000 0.046796
229.000000 0.008322
230.000000 0.100049
231.000000 0.017597
232.000000 0.037922
233.000000 0.033130
234.000000 0.076635
235.000000 0.031342
236.000000 0.084639
237.000000 0.077044
238.000000 0.043593
239.000000 0.017353
240.000000 0.019974
241.000000 0.121303
242.000000 0.090698
243.000000 0.014639
244.000000 0.047651
245.000000 0.038649
246.000000 0.030878
247.000000 0.061058
248.000000 0.093827
249.000000 0.036303
250.000000 0.031863
251.000000 0.072970
252.000000 0.048188
253.000000 0.043555
254.000000 0.092896
255.000000 0.043239
256.000000 0.067982
257.000000 0.087439
258.000000 0.094211
259.000000 0.038927
260.000000 0.126836
261.000000 0.076451
262.000000 0.034202
263.000000 0.077484
264.000000 0.029566
265.000000 0.067017
266.000000 0.038135
267.000000 0.078755
268.000000 0.092899
269.000000 0.097729
270.000000 0.048063
271.000000 0.087287
272.000000 0.055893
273.000000 0.029519
274.000000 0.067045
275.000000 0.070787
276.000000 0.083084
277.000000 0.047544
278.000000 0.033691
279.000000 0.014188
280.000000 0.048871
281.000000 0.026095
282.000000 0.041455
283.000000 0.121034
284.000000 0.046079
285.000000 0.025899
286.000000 0.074998
287.000000 0.050684
288.000000 0.072317
289.000000 0.013117
290.000000 0.035049
291.000000 0.103668
292.000000 0.063740
293.000000 0.031047
294.000000 0.054875
295.000000 0.052190
296.000000 0.060708
297.000000 0.064141
298.000000 0.043348
299.000000 0.038314
300.000000 0.067199
301.000000 0.073352
302.000000 0.074593
303.000000 0.040920
304.000000 0.026009
305.000000 0.074805
306.000000 0.065651
307.000000 0.030773
308.000000 0.054247
309.000000 0.053184
310.000000 0.028021
311.000000 0.049004
312.000000 0.083084
313.000000 0.065636
314.000000 0.014038
315.000000 0.037883
316.000000 0.064978
317.000000 0.026476
318.000000 0.092566
319.000000 0.022298
320.000000 0.102605
321.000000 0.093166
322.000000 0.040936
323.000000 0.033447
324.000000 0.144909
325.000000 0.086912
326.000000 0.022013
327.000000 0.016964
328.000000 0.010774
329.000000 0.068299
330.000000 0.057581
331.000000 0.048207
332.000000 0.080443
333.000000 0.048691
334.000000 0.058111
335.000000 0.068426
336.000000 0.019974
337.000000 0.083703
338.000000 0.039167
339.000000 0.074605
340.000000 0.055468
341.000000 0.093039
342.000000 0.039496
343.000000 0.027916
344.000000 0.041450
345.000000 0.074795
346.000000 0.044679
347.000000 0.088224
348.000000 0.051830
349.000000 0.115191
350.000000 0.087306
351.000000 0.020420
352.000000 0.030912
353.000000 0.045677
354.000000 0.055641
355.000000 0.048009
356.000000 0.028619
357.000000 0.037696
358.000000 0.036831
359.000000 0.047310
360.000000 0.075344
361.000000 0.129377
362.000000 0.047293
363.000000 0.037852
364.000000 0.098653
365.000000 0.067469
366.000000 0.026629
367.000000 0.064297
368.000000 0.053982
369.000000 0.082412
370.000000 0.030432
371.000000 0.056985
372.000000 0.088670
373.000000 0.117138
374.000000 0.013685
375.000000 0.009466
376.000000 0.035311
377.000000 0.034342
378.000000 0.100543
379.000000 0.041798
380.000000 0.104765
381.000000 0.088828
382.000000 0.057317
383.000000 0.057893
384.000000 0.053394
385.000000 0.046855
386.000000 0.039216
387.000000 0.055948
388.000000 0.115690
389.000000 0.136548
390.000000 0.029551
391.000000 0.037120
392.000000 0.044183
393.000000 0.039853
394.000000 0.056434
395.000000 0.080363
396.000000 0.087586
397.000000 0.041796
398.000000 0.032636
399.000000 0.080632
400.000000 0.097205
401.000000 0.089022
402.000000 0.056711
403.000000 0.055017
404.000000 0.033520
405.000000 0.067094
406.000000 0.063650
407.000000 0.008627
408.000000 0.038322
409.000000 0.040651
410.000000 0.082711
411.000000 0.043626
412.000000 0.075935
413.000000 0.108023
414.000000 0.073600
415.000000 0.037432
416.000000 0.002550
417.000000 0.085352
418.000000 0.064341
419.000000 0.046280
420.000000 0.085173
421.000000 0.012938
422.000000 0.049353
423.000000 0.069295
424.000000 0.006993
425.000000 0.084965
426.000000 0.034783
427.000000 0.058611
428.000000 0.136889
429.000000 0.019834
430.000000 0.047478
431.000000 0.047583
432.000000 0.048989
433.000000 0.055974
434.000000 0.063749
435.000000 0.039363
436.000000 0.077048
437.000000 0.061481
438.000000 0.068228
439.000000 0.062984
440.000000 0.027059
441.000000 0.122325
442.000000 0.068324
443.000000 0.039555
444.000000 0.110324
445.000000 0.055246
446.000000 0.049631
447.000000 0.087920
448.000000 0.094580
449.000000 0.050203
450.000000 0.058629
451.000000 0.024438
452.000000 0.008483
453.000000 0.026032
454.000000 0.035962
455.000000 0.058142
456.000000 0.053060
457.000000 0.038677
458.000000 0.019712
459.000000 0.010972
460.000000 0.057306
461.000000 0.077353
462.000000 0.059220
463.000000 0.037085
464.000000 0.066392
465.000000 0.036332
466.000000 0.007120
467.000000 0.030077
468.000000 0.043564
469.000000 0.042163
470.000000 0.015795
471.000000 0.125249
472.000000 0.014143
473.000000 0.064817
474.000000 0.067932
475.000000 0.071463
476.000000 0.028430
477.000000 0.063925
478.000000 0.031762
479.000000 0.074815
480.000000 0.092994
481.000000 0.074876
482.000000 0.026101
483.000000 0.074887
484.000000 0.069156
485.000000 0.054465
486.000000 0.118802
487.000000 0.041975
488.000000 0.020871
489.000000 0.032426
490.000000 0.078286
491.000000 0.068334
492.000000 0.055511
493.000000 0.124100
494.000000 0.059119
495.000000 0.041481
496.000000 0.047945
497.000000 0.057001
498.000000 0.053516
499.000000 0.021598
500.000000 0.064073
501.000000 0.109686
502.000000 0.019493
503.000000 0.040335
504.000000 0.022492
505.000000 0.103941
506.000000 0.051143
507.000000 0.026924
508.000000 0.059856
509.000000 0.052575
510.000000 0.039326
511.000000 0.050697
512.000000 0.100657
513.000000 0.080637
514.000000 0.063771
515.000000 0.065705
516.000000 0.138156
517.000000 0.048738
518.000000 0.029496
519.000000 0.027220
520.000000 0.122348
521.000000 0.031358
522.000000 0.069523
523.000000 0.081107
524.000000 0.075090
525.000000 0.036715
526.000000 0.073291
527.000000 0.007140
528.000000 0.100249
529.000000 0.071078
530.000000 0.042894
531.000000 0.029662
532.000000 0.143444
533.000000 0.052201
534.000000 0.043048
535.000000 0.095457
536.000000 0.042064
537.000000 0.066162
538.000000 0.091261
539.000000 0.064179
540.000000 0.066348
541.000000 0.065543
542.000000 0.096777
543.000000 0.064310
544.000000 0.084415
545.000000 0.039365
546.000000 0.067641
547.000000 0.052352
548.000000 0.047231
549.000000 0.125464
550.000000 0.077110
551.000000 0.042547
552.000000 0.028853
553.000000 0.086628
554.000000 0.058634
555.000000 0.026348
556.000000 0.056037
557.000000 0.087936
558.000000 0.069780
559.000000 0.072997
560.000000 0.099803
561.000000 0.087350
562.000000 0.035777
563.000000 0.090833
564.000000 0.062317
565.000000 0.039460
566.000000 0.042532
567.000000 0.030080
568.000000 0.040898
569.000000 0.024847
570.000000 0.066495
571.000000 0.054687
572.000000 0.066562
573.000000 0.066632
574.000000 0.041414
575.000000 0.126773
576.000000 0.078593
577.000000 0.096330
578.000000 0.062363
579.000000 0.023283
580.000000 0.023073
581.000000 0.110782
582.000000 0.044153
583.000000 0.123259
584.000000 0.078330
585.000000 0.010987
586.000000 0.062947
587.000000 0.021366
588.000000 0.030449
589.000000 0.028383
590.000000 0.117946
591.000000 0.056241
592.000000 0.114590
593.000000 0.096018
594.000000 0.113095
595.000000 0.028353
596.000000 0.095338
597.000000 0.020205
598.000000 0.041884
599.000000 0.078549
600.000000 0.094184
601.000000 0.086265
602.000000 0.082573
603.000000 0.027771
604.000000 0.017448
605.000000 0.036801
606.000000 0.135207
607.000000 0.037771
608.000000 0.062237
609.000000 0.096090
610.000000 0.097772
611.000000 0.116869
612.000000 0.048522
613.000000 0.091103
614.000000 0.089528
615.000000 0.013453
616.000000 0.054075
617.000000 0.036881
618.000000 0.035240
619.000000 0.087446
620.000000 0.054662
621.000000 0.168527
622.000000 0.083296
623.000000 0.046138
624.000000 0.026015
625.000000 0.025205
626.000000 0.005924
627.000000 0.050489
628.000000 0.025436
629.000000 0.055932
630.000000 0.083824
631.000000 0.022092
632.000000 0.022102
633.000000 0.009590
634.000000 0.016388
635.000000 0.043851
636.000000 0.019796
637.000000 0.029032
638.000000 0.047695
639.000000 0.060682
640.000000 0.057164
641.000000 0.066160
642.000000 0.081717
643.000000 0.049697
644.000000 0.021072
645.000000 0.081153
646.000000 0.020605
647.000000 0.035806
648.000000 0.068686
649.000000 0.018179
650.000000 0.078279
651.000000 0.049910
652.000000 0.052220
653.000000 0.037561
654.000000 0.094712
655.000000 0.069163
656.000000 0.019136
657.000000 0.035511
658.000000 0.016662
659.000000 0.050699
660.000000 0.090492
661.000000 0.043131
662.000000 0.108634
663.000000 0.031205
664.000000 0.102451
665.000000 0.057000
666.000000 0.064008
667.000000 0.059806
668.000000 0.036447
669.000000 0.070178
670.000000 0.079370
671.000000 0.097931
672.000000 0.115721
673.000000 0.112159
674.000000 0.064787
675.000000 0.053450
676.000000 0.120028
677.000000 0.066151
678.000000 0.111554
679.000000 0.015041
680.000000 0.025318
681.000000 0.081806
682.000000 0.058509
683.000000 0.057837
684.000000 0.028927
685.000000 0.093712
686.000000 0.083983
687.000000 0.063911
688.000000 0.062553
689.000000 0.056341
690.000000 0.094179
691.000000 0.018963
692.000000 0.048148
693.000000 0.055848
694.000000 0.051280
695.000000 0.116050
696.000000 0.103330
697.000000 0.019798
698.000000 0.070025
699.000000 0.094378
700.000000 0.103712
701.000000 0.028462
702.000000 0.081814
703.000000 0.055142
704.000000 0.039043
705.000000 0.042495
706.000000 0.131984
707.000000 0.083807
708.000000 0.044632
709.000000 0.065164
710.000000 0.018470
711.000000 0.075018
712.000000 0.073394
713.000000 0.052570
714.000000 0.097510
715.000000 0.151366
716.000000 0.094493
717.000000 0.110592
718.000000 0.029267
719.000000 0.090423
720.000000 0.010969
721.000000 0.035582
722.000000 0.015459
723.000000 0.069113
724.000000 0.059623
725.000000 0.049637
726.000000 0.027961
727.000000 0.081641
728.000000 0.039751
729.000000 0.073366
730.000000 0.058771
731.000000 0.027640
732.000000 0.118417
733.000000 0.107352
734.000000 0.089285
735.000000 0.065565
736.000000 0.057115
737.000000 0.067371
738.000000 0.054362
739.000000 0.014801
740.000000 0.077852
741.000000 0.015369
742.000000 0.079401
743.000000 0.047565
744.000000 0.056146
745.000000 0.038593
746.000000 0.121529
747.000000 0.022724
748.000000 0.034072
749.000000 0.091495
750.000000 0.032540
751.000000 0.060378
752.000000 0.045914
753.000000 0.112922
754.000000 0.054492
755.000000 0.040547
756.000000 0.056434
757.000000 0.053750
758.000000 0.050308
759.000000 0.081911
760.000000 0.117207
761.000000 0.119003
762.000000 0.066702
763.000000 0.104910
764.000000 0.051986
765.000000 0.069446
766.000000 0.079048
767.000000 0.075478
768.000000 0.053912
769.000000 0.069158
770.000000 0.066440
771.000000 0.047486
772.000000 0.031524
773.000000 0.087426
774.000000 0.047900
775.000000 0.086537
776.000000 0.115108
777.000000 0.054919
778.000000 0.090205
779.000000 0.048537
780.000000 0.037109
781.000000 0.042169
782.000000 0.054617
783.000000 0.006827
784.000000 0.058142
785.000000 0.125534
786.000000 0.128821
787.000000 0.117649
788.000000 0.037418
789.000000 0.046281
790.000000 0.035500
791.000000 0.079444
792.000000 0.038454
793.000000 0.060285
794.000000 0.037593
795.000000 0.025708
796.000000 0.023532
797.000000 0.072145
798.000000 0.045286
799.000000 0.060788
800.000000 0.096951
801.000000 0.018097
802.000000 0.042070
803.000000 0.062138
804.000000 0.071634
805.000000 0.041883
806.000000 0.074612
807.000000 0.070002
808.000000 0.066505
809.000000 0.053778
810.000000 0.016141
811.000000 0.071594
812.000000 0.082856
813.000000 0.044584
814.000000 0.069247
815.000000 0.021669
816.000000 0.068682
817.000000 0.064822
818.000000 0.056941
819.000000 0.067466
820.000000 0.074683
821.000000 0.127988
822.000000 0.024547
823.000000 0.066824
824.000000 0.059325
825.000000 0.045301
826.000000 0.040256
827.000000 0.052858
828.000000 0.005464
829.000000 0.015996
830.000000 0.085646
831.000000 0.034658
832.000000 0.066004
833.000000 0.093602
834.000000 0.066145
835.000000 0.103371
836.000000 0.081047
837.000000 0.099700
838.000000 0.136723
839.000000 0.038612
840.000000 0.038926
841.000000 0.030315
842.000000 0.070755
843.000000 0.071306
844.000000 0.095247
845.000000 0.046281
846.000000 0.080065
847.000000 0.065218
848.000000 0.019929
849.000000 0.048499
850.000000 0.037299
851.000000 0.043763
852.000000 0.118278
853.000000 0.112844
854.000000 0.032784
855.000000 0.085436
856.000000 0.092894
857.000000 0.083701
858.000000 0.058014
859.000000 0.022751
860.000000 0.047540
861.000000 0.055043
862.000000 0.058336
863.000000 0.013476
864.000000 0.053001
865.000000 0.080635
866.000000 0.048359
867.000000 0.079867
868.000000 0.040920
869.000000 0.095528
870.000000 0.028757
871.000000 0.089491
872.000000 0.106417
873.000000 0.088368
874.000000 0.027358
875.000000 0.028838
876.000000 0.076045
877.000000 0.039317
878.000000 0.027810
879.000000 0.027714
880.000000 0.059215
881.000000 0.035817
882.000000 0.010174
883.000000 0.067506
884.000000 0.010796
885.000000 0.070452
886.000000 0.065118
887.000000 0.131443
888.000000 0.065132
889.000000 0.013954
890.000000 0.047314
891.000000 0.057791
892.000000 0.095103
893.000000 0.023426
894.000000 0.030054
895.000000 0.057443
896.000000 0.048804
897.000000 0.036385
898.000000 0.015087
899.000000 0.024405
900.000000 0.055734
901.000000 0.068896
902.000000 0.077369
903.000000 0.067052
904.000000 0.063346
905.000000 0.084481
906.000000 0.018803
907.000000 0.068525
908.000000 0.011791
909.000000 0.033064
910.000000 0.125118
911.000000 0.040048
912.000000 0.044761
913.000000 0.056341
914.000000 0.043531
915.000000 0.047640
916.000000 0.056472
917.000000 0.052760
918.000000 0.107378
919.000000 0.045941
920.000000 0.010854
921.000000 0.014679
922.000000 0.093254
923.000000 0.023629
924.000000 0.065523
925.000000 0.121431
926.000000 0.128819
927.000000 0.046300
928.000000 0.132961
929.000000 0.049922
930.000000 0.097503
931.000000 0.038468
932.000000 0.066055
933.000000 0.055199
934.000000 0.038719
935.000000 0.029994
936.000000 0.081689
937.000000 0.081362
938.000000 0.031290
939.000000 0.067405
940.000000 0.075081
941.000000 0.034009
942.000000 0.073942
943.000000 0.015754
944.000000 0.050113
945.000000 0.013280
946.000000 0.081565
947.000000 0.042889
948.000000 0.081685
949.000000 0.060541
950.000000 0.059608
951.000000 0.059149
952.000000 0.073663
953.000000 0.094401
954.000000 0.073060
955.000000 0.029090
956.000000 0.050236
957.000000 0.028232
958.000000 0.036562
959.000000 0.009231
960.000000 0.064080
961.000000 0.103002
962.000000 0.048062
963.000000 0.050646
964.000000 0.092096
965.000000 0.049541
966.000000 0.027159
967.000000 0.031157
968.000000 0.062826
969.000000 0.073397
970.000000 0.028262
971.000000 0.033718
972.000000 0.060005
973.000000 0.119580
974.000000 0.061747
975.000000 0.063356
976.000000 0.115856
977.000000 0.033028
978.000000 0.068087
979.000000 0.103319
980.000000 0.013079
981.000000 0.057286
982.000000 0.093652
983.000000 0.074940
984.000000 0.058713
985.000000 0.053663
986.000000 0.027747
987.000000 0.126950
988.000000 0.030791
989.000000 0.009054
990.000000 0.055251
991.000000 0.108981
992.000000 0.076413
993.000000 0.082721
994.000000 0.081786
995.000000 0.108483
996.000000 0.051444
997.000000 0.093356
998.000000 0.070619
999.000000 0.063084
1000.000000 0.056924
1001.000000 0.035320
1002.000000 0.058415
1003.000000 0.058991
1004.000000 0.031565
1005.000000 0.068796
1006.000000 0.044475
1007.000000 0.050027
1008.000000 0.077742
1009.000000 0.023381
1010.000000 0.007434
1011.000000 0.063955
1012.000000 0.037306
1013.000000 0.083632
1014.000000 0.015463
1015.000000 0.111676
1016.000000 0.035204
1017.000000 0.019382
1018.000000 0.066378
1019.000000 0.052946
1020.000000 0.125799
1021.000000 0.144522
1022.000000 0.051692
1023.000000 0.048340
1024.000000 0.030923
1025.000000 0.028543
1026.000000 0.030217
1027.000000 0.065829
1028.000000 0.029547
1029.000000 0.047578
1030.000000 0.063625
1031.000000 0.076459
1032.000000 0.094012
1033.000000 0.052072
1034.000000 0.056139
1035.000000 0.059109
1036.000000 0.052775
1037.000000 0.086698
1038.000000 0.045449
1039.000000 0.055515
1040.000000 0.056847
1041.000000 0.143711
1042.000000 0.062094
1043.000000 0.054218
1044.000000 0.057603
1045.000000 0.024318
1046.000000 0.030721
1047.000000 0.125820
1048.000000 0.041991
1049.000000 0.111080
1050.000000 0.070155
1051.000000 0.047160
1052.000000 0.032170
1053.000000 0.077771
1054.000000 0.032441
1055.000000 0.041881
1056.000000 0.082913
1057.000000 0.070595
1058.000000 0.081618
1059.000000 0.070749
1060.000000 0.034071
1061.000000 0.129815
1062.000000 0.073018
1063.000000 0.063775
1064.000000 0.042426
1065.000000 0.074978
1066.000000 0.084598
1067.000000 0.042085
1068.000000 0.041549
1069.000000 0.032210
1070.000000 0.037214
1071.000000 0.036283
1072.000000 0.181172
1073.000000 0.009556
1074.000000 0.022909
1075.000000 0.051439
1076.000000 0.032568
1077.000000 0.035119
1078.000000 0.061889
1079.000000 0.045184
1080.000000 0.053155
1081.000000 0.057876
1082.000000 0.155101
1083.000000 0.020149
1084.000000 0.060814
1085.000000 0.065313
1086.000000 0.049297
1087.000000 0.074447
1088.000000 0.088243
1089.000000 0.026288
1090.000000 0.046503
1091.000000 0.032797
1092.000000 0.059664
1093.000000 0.077645
1094.000000 0.052709
1095.000000 0.054127
1096.000000 0.038565
1097.000000 0.103055
1098.000000 0.035268
1099.000000 0.018615
1100.000000 0.047844
1101.000000 0.039024
1102.000000 0.059996
1103.000000 0.080961
1104.000000 0.036774
1105.000000 0.033171
1106.000000 0.082042
1107.000000 0.041420
1108.000000 0.095198
1109.000000 0.037313
1110.000000 0.073165
1111.000000 0.080554
1112.000000 0.026419
1113.000000 0.124645
1114.000000 0.119278
1115.000000 0.062022
1116.000000 0.095717
1117.000000 0.024325
1118.000000 0.038096
1119.000000 0.028007
1120.000000 0.090129
1121.000000 0.104565
1122.000000 0.057037
1123.000000 0.047688
1124.000000 0.034142
1125.000000 0.059429
1126.000000 0.062385
1127.000000 0.025710
1128.000000 0.026070
1129.000000 0.014048
1130.000000 0.039725
1131.000000 0.044265
1132.000000 0.057931
1133.000000 0.073746
1134.000000 0.032225
1135.000000 0.033280
1136.000000 0.098619
1137.000000 0.053642
1138.000000 0.018113
1139.000000 0.073755
1140.000000 0.039916
1141.000000 0.105559
1142.000000 0.037685
1143.000000 0.037263
1144.000000 0.080045
1145.000000 0.051989
1146.000000 0.069146
1147.000000 0.061146
1148.000000 0.038219
1149.000000 0.061552
1150.000000 0.086346
1151.000000 0.048135
1152.000000 0.015618
1153.000000 0.077387
1154.000000 0.033920
1155.000000 0.046831
1156.000000 0.109060
1157.000000 0.120260
1158.000000 0.029593
1159.000000 0.036053
1160.000000 0.098209
1161.000000 0.091717
1162.000000 0.015080
1163.000000 0.068727
1164.000000 0.095273
1165.000000 0.021613
1166.000000 0.075310
1167.000000 0.076014
1168.000000 0.049337
1169.000000 0.048256
1170.000000 0.094540
1171.000000 0.089836
1172.000000 0.056078
1173.000000 0.046978
1174.000000 0.074341
1175.000000 0.080366
1176.000000 0.010660
1177.000000 0.076247
1178.000000 0.030092
1179.000000 0.052017
1180.000000 0.065980
1181.000000 0.030841
1182.000000 0.065065
1183.000000 0.101419
1184.000000 0.040360
1185.000000 0.062759
1186.000000 0.068577
1187.000000 0.124411
1188.000000 0.092474
1189.000000 0.073898
1190.000000 0.072312
1191.000000 0.004558
1192.000000 0.072741
1193.000000 0.043949
1194.000000 0.049077
1195.000000 0.059769
1196.000000 0.041774
1197.000000 0.024628
1198.000000 0.078544
1199.000000 0.064321
1200.000000 0.024840
1201.000000 0.097371
1202.000000 0.085166
1203.000000 0.038289
1204.000000 0.075289
1205.000000 0.098674
1206.000000 0.053937
1207.000000 0.024118
1208.000000 0.121215
1209.000000 0.038041
1210.000000 0.054401
1211.000000 0.047051
1212.000000 0.049364
1213.000000 0.106453
1214.000000 0.112120
1215.000000 0.030657
1216.000000 0.061679
1217.000000 0.018299
1218.000000 0.036095
1219.000000 0.069186
1220.000000 0.075851
1221.000000 0.089990
1222.000000 0.053231
1223.000000 0.070558
1224.000000 0.092334
1225.000000 0.042903
1226.000000 0.010504
1227.000000 0.072144
1228.000000 0.041812
1229.000000 0.119661
1230.000000 0.059814
1231.000000 0.118576
1232.000000 0.036997
1233.000000 0.062758
1234.000000 0.046169
1235.000000 0.051895
1236.000000 0.072847
1237.000000 0.047699
1238.000000 0.071194
1239.000000 0.023022
1240.000000 0.080388
1241.000000 0.028402
1242.000000 0.030492
1243.000000 0.034039
1244.000000 0.052358
1245.000000 0.111589
1246.000000 0.078663
1247.000000 0.055985
1248.000000 0.117602
1249.000000 0.062949
1250.000000 0.095710
1251.000000 0.062810
1252.000000 0.100305
1253.000000 0.063409
1254.000000 0.035306
1255.000000 0.050286
1256.000000 0.053647
1257.000000 0.032088
1258.000000 0.015089
1259.000000 0.067701
1260.000000 0.086948
1261.000000 0.061139
1262.000000 0.072259
1263.000000 0.006256
1264.000000 0.016405
1265.000000 0.032455
1266.000000 0.047516
1267.000000 0.091077
1268.000000 0.096487
1269.000000 0.071057
1270.000000 0.054860
1271.000000 0.050700
1272.000000 0.036187
1273.000000 0.045998
1274.000000 0.072060
1275.000000 0.019215
1276.000000 0.029622
1277.000000 0.046536
1278.000000 0.033444
1279.000000 0.034639
1280.000000 0.028781
1281.000000 0.055777
1282.000000 0.041888
1283.000000 0.103458
1284.000000 0.105643
1285.000000 0.022644
1286.000000 0.076288
1287.000000 0.026389
1288.000000 0.103148
1289.000000 0.015193
1290.000000 0.036223
1291.000000 0.089191
1292.000000 0.050556
1293.000000 0.096720
1294.000000 0.031930
1295.000000 0.101709
1296.000000 0.019212
1297.000000 0.081553
1298.000000 0.025258
1299.000000 0.033294
1300.000000 0.052175
1301.000000 0.033798
1302.000000 0.032526
1303.000000 0.052356
1304.000000 0.061289
1305.000000 0.034782
1306.000000 0.067859
1307.000000 0.036214
1308.000000 0.112690
1309.000000 0.067804
1310.000000 0.041251
1311.000000 0.076697
1312.000000 0.120440
1313.000000 0.014332
1314.000000 0.059216
1315.000000 0.019546
1316.000000 0.040567
1317.000000 0.010897
1318.000000 0.047504
1319.000000 0.087120
1320.000000 0.067068
1321.000000 0.037083
1322.000000 0.078034
1323.000000 0.097149
1324.000000 0.075904
1325.000000 0.081964
1326.000000 0.035564
1327.000000 0.062680
1328.000000 0.061038
1329.000000 0.039359
1330.000000 0.084499
1331.000000 0.044368
1332.000000 0.015902
1333.000000 0.034766
1334.000000 0.102908
1335.000000 0.034559
1336.000000 0.107333
1337.000000 0.021245
1338.000000 0.054711
1339.000000 0.072258
1340.000000 0.095266
1341.000000 0.066204
1342.000000 0.027488
1343.000000 0.012631
1344.000000 0.056418
1345.000000 0.041706
1346.000000 0.090995
1347.000000 0.066236
1348.000000 0.042023
1349.000000 0.068145
1350.000000 0.055809
1351.000000 0.074390
1352.000000 0.068332
1353.000000 0.046653
1354.000000 0.055280
1355.000000 0.071777
1356.000000 0.067840
1357.000000 0.105035
1358.000000 0.060664
1359.000000 0.130567
1360.000000 0.024679
1361.000000 0.019991
1362.000000 0.069036
1363.000000 0.067524
1364.000000 0.029483
1365.000000 0.046957
1366.000000 0.064894
1367.000000 0.084316
1368.000000 0.025084
1369.000000 0.073158
1370.000000 0.066996
1371.000000 0.112727
1372.000000 0.039419
1373.000000 0.054370
1374.000000 0.134136
1375.000000 0.039458
1376.000000 0.108466
1377.000000 0.036299
1378.000000 0.031619
1379.000000 0.024847
1380.000000 0.037832
1381.000000 0.045015
1382.000000 0.055845
1383.000000 0.077151
1384.000000 0.046487
1385.000000 0.077884
1386.000000 0.072677
1387.000000 0.080524
1388.000000 0.041495
1389.000000 0.029562
1390.000000 0.015467
1391.000000 0.016128
1392.000000 0.072710
1393.000000 0.056717
1394.000000 0.038622
1395.000000 0.122726
1396.000000 0.069170
1397.000000 0.105659
1398.000000 0.063869
1399.000000 0.068695
1400.000000 0.114195
1401.000000 0.024321
1402.000000 0.017303
1403.000000 0.042071
1404.000000 0.065675
1405.000000 0.074679
1406.000000 0.060955
1407.000000 0.042304
1408.000000 0.052299
1409.000000 0.116562
1410.000000 0.059053
1411.000000 0.058549
1412.000000 0.029739
1413.000000 0.037209
1414.000000 0.045224
1415.000000 0.052374
1416.000000 0.051776
1417.000000 0.093359
1418.000000 0.094229
1419.000000 0.037187
1420.000000 0.083826
1421.000000 0.074391
1422.000000 0.087672
1423.000000 0.094916
1424.000000 0.026793
1425.000000 0.040605
1426.000000 0.072150
1427.000000 0.088875
1428.000000 0.099332
1429.000000 0.047754
1430.000000 0.069859
1431.000000 0.072366
1432.000000 0.079111
1433.000000 0.045087
1434.000000 0.024364
1435.000000 0.072771
1436.000000 0.080598
1437.000000 0.113124
1438.000000 0.056934
1439.000000 0.037096
1440.000000 0.108272
1441.000000 0.044403
1442.000000 0.097426
1443.000000 0.038529
1444.000000 0.076581
1445.000000 0.074383
1446.000000 0.014053
1447.000000 0.055504
1448.000000 0.069382
1449.000000 0.036085
1450.000000 0.064272
1451.000000 0.001088
1452.000000 0.056087
1453.000000 0.057831
1454.000000 0.018971
1455.000000 0.052410
1456.000000 0.045010
1457.000000 0.073101
1458.000000 0.012555
1459.000000 0.055423
1460.000000 0.019147
1461.000000 0.035445
1462.000000 0.084242
1463.000000 0.144909
1464.000000 0.123666
1465.000000 0.080390
1466.000000 0.065873
1467.000000 0.038962
1468.000000 0.080581
1469.000000 0.044693
1470.000000 0.069641
1471.000000 0.078418
1472.000000 0.075531
1473.000000 0.019797
1474.000000 0.071390
1475.000000 0.098282
1476.000000 0.024422
1477.000000 0.103238
1478.000000 0.059086
1479.000000 0.147002
1480.000000 0.087585
1481.000000 0.077888
1482.000000 0.039602
1483.000000 0.067165
1484.000000 0.071440
1485.000000 0.015892
1486.000000 0.045610
1487.000000 0.094025
1488.000000 0.012264
1489.000000 0.078428
1490.000000 0.033026
1491.000000 0.024531
1492.000000 0.015247
1493.000000 0.046367
1494.000000 0.079964
1495.000000 0.047181
1496.000000 0.057036
1497.000000 0.038699
1498.000000 0.019238
1499.000000 0.111376
1500.000000 0.063507
1501.000000 0.034058
1502.000000 0.034752
1503.000000 0.028318
1504.000000 0.037136
1505.000000 0.025656
1506.000000 0.031378
1507.000000 0.068774
1508.000000 0.018861
1509.000000 0.111964
1510.000000 0.134011
1511.000000 0.061928
1512.000000 0.062886
1513.000000 0.018994
1514.000000 0.078117
1515.000000 0.041996
1516.000000 0.061021
1517.000000 0.029241
1518.000000 0.060902
1519.000000 0.067522
1520.000000 0.060717
1521.000000 0.044407
1522.000000 0.040708
1523.000000 0.026953
1524.000000 0.074247
1525.000000 0.103334
1526.000000 0.036399
1527.000000 0.007539
1528.000000 0.044126
1529.000000 0.076319
1530.000000 0.071063
1531.000000 0.106494
1532.000000 0.009647
1533.000000 0.011204
1534.000000 0.066060
1535.000000 0.072978
1536.000000 0.051492
1537.000000 0.041471
1538.000000 0.078673
1539.000000 0.057792
1540.000000 0.080738
1541.000000 0.038345
1542.000000 0.043523
1543.000000 0.044612
1544.000000 0.048804
1545.000000 0.073416
1546.000000 0.123149
1547.000000 0.061743
1548.000000 0.045124
1549.000000 0.038849
1550.000000 0.041872
1551.000000 0.100982
1552.000000 0.066260
1553.000000 0.017672
1554.000000 0.099622
1555.000000 0.075318
1556.000000 0.079555
1557.000000 0.061240
1558.000000 0.041468
1559.000000 0.060970
1560.000000 0.044745
1561.000000 0.119802
1562.000000 0.091282
1563.000000 0.048436
1564.000000 0.039440
1565.000000 0.054743
1566.000000 0.074942
1567.000000 0.036252
1568.000000 0.048976
1569.000000 0.123215
1570.000000 0.050962
1571.000000 0.040581
1572.000000 0.012062
1573.000000 0.035326
1574.000000 0.117274
1575.000000 0.071022
1576.000000 0.039361
1577.000000 0.070237
1578.000000 0.090716
1579.000000 0.049427
1580.000000 0.061543
1581.000000 0.040846
1582.000000 0.042750
1583.000000 0.026443
1584.000000 0.127413
1585.000000 0.054613
1586.000000 0.025060
1587.000000 0.061856
1588.000000 0.005753
1589.000000 0.039831
1590.000000 0.087179
1591.000000 0.078058
1592.000000 0.002342
1593.000000 0.052759
1594.000000 0.097851
1595.000000 0.014374
1596.000000 0.054995
1597.000000 0.028953
1598.000000 0.017183
1599.000000 0.082749
1600.000000 0.066500
1601.000000 0.107526
1602.000000 0.024829
1603.000000 0.035520
1604.000000 0.092422
1605.000000 0.081069
1606.000000 0.082352
1607.000000 0.069413
1608.000000 0.031923
1609.000000 0.020729
1610.000000 0.069271
1611.000000 0.089232
1612.000000 0.086444
1613.000000 0.060443
1614.000000 0.029729
1615.000000 0.071680
1616.000000 0.095681
1617.000000 0.086436
1618.000000 0.090311
1619.000000 0.077885
1620.000000 0.100175
1621.000000 0.054327
1622.000000 0.061346
1623.000000 0.068986
1624.000000 0.087697
1625.000000 0.130291
1626.000000 0.095364
1627.000000 0.058984
1628.000000 0.041503
1629.000000 0.018749
1630.000000 0.078496
1631.000000 0.062410
1632.000000 0.042752
1633.000000 0.044940
1634.000000 0.051969
1635.000000 0.019831
1636.000000 0.054141
1637.000000 0.070750
1638.000000 0.045551
1639.000000 0.026548
1640.000000 0.103773
1641.000000 0.068789
1642.000000 0.059402
1643.000000 0.044118
1644.000000 0.075954
1645.000000 0.045253
1646.000000 0.031371
1647.000000 0.040695
1648.000000 0.026501
1649.000000 0.059820
1650.000000 0.028185
1651.000000 0.069537
1652.000000 0.111579
1653.000000 0.053851
1654.000000 0.020781
1655.000000 0.139197
1656.000000 0.032882
1657.000000 0.094243
1658.000000 0.113265
1659.000000 0.044881
1660.000000 0.112675
1661.000000 0.072015
1662.000000 0.071635
1663.000000 0.096906
1664.000000 0.000328
1665.000000 0.081247
1666.000000 0.021418
1667.000000 0.075328
1668.000000 0.015216
1669.000000 0.037013
1670.000000 0.077573
1671.000000 0.035223
1672.000000 0.038673
1673.000000 0.051435
1674.000000 0.068469
1675.000000 0.051545
1676.000000 0.052723
1677.000000 0.092727
1678.000000 0.016401
1679.000000 0.028274
1680.000000 0.133601
1681.000000 0.015816
1682.000000 0.067744
1683.000000 0.080715
1684.000000 0.046008
1685.000000 0.102404
1686.000000 0.068447
1687.000000 0.048082
1688.000000 0.076225
1689.000000 0.066546
1690.000000 0.064100
1691.000000 0.083046
1692.000000 0.053550
1693.000000 0.024034
1694.000000 0.035010
1695.000000 0.025387
1696.000000 0.063657
1697.000000 0.019853
1698.000000 0.057718
1699.000000 0.045001
1700.000000 0.048894
1701.000000 0.046080
1702.000000 0.057140
1703.000000 0.051177
1704.000000 0.002172
1705.000000 0.070697
1706.000000 0.057618
1707.000000 0.039524
1708.000000 0.105259
1709.000000 0.111500
1710.000000 0.043035
1711.000000 0.116269
1712.000000 0.046594
1713.000000 0.069781
1714.000000 0.067825
1715.000000 0.074549
1716.000000 0.035318
1717.000000 0.059229
1718.000000 0.050136
1719.000000 0.049214
1720.000000 0.067252
1721.000000 0.066866
1722.000000 0.100914
1723.000000 0.020494
1724.000000 0.086142
1725.000000 0.080427
1726.000000 0.067278
1727.000000 0.094044
1728.000000 0.064613
1729.000000 0.079564
1730.000000 0.056213
1731.000000 0.059605
1732.000000 0.054139
1733.000000 0.028844
1734.000000 0.038289
1735.000000 0.048342
1736.000000 0.098789
1737.000000 0.092798
1738.000000 0.067232
1739.000000 0.042359
1740.000000 0.039571
1741.000000 0.082085
1742.000000 0.042427
1743.000000 0.034964
1744.000000 0.118482
1745.000000 0.045697
1746.000000 0.059877
1747.000000 0.039225
1748.000000 0.034091
1749.000000 0.031924
1750.000000 0.066091
1751.000000 0.002846
1752.000000 0.079589
1753.000000 0.024768
1754.000000 0.111202
1755.000000 0.067572
1756.000000 0.060615
1757.000000 0.079996
1758.000000 0.045663
1759.000000 0.039130
1760.000000 0.033655
1761.000000 0.106809
1762.000000 0.096267
1763.000000 0.053906
1764.000000 0.034641
1765.000000 0.065819
1766.000000 0.060211
1767.000000 0.037741
1768.000000 0.017489
1769.000000 0.059430
1770.000000 0.057447
1771.000000 0.083269
1772.000000 0.043079
1773.000000 0.013965
1774.000000 0.047327
1775.000000 0.042483
1776.000000 0.033413
1777.000000 0.101780
1778.000000 0.068476
1779.000000 0.095871
1780.000000 0.042845
1781.000000 0.024155
1782.000000 0.058660
1783.000000 0.095298
1784.000000 0.065297
1785.000000 0.036174
1786.000000 0.061191
1787.000000 0.132031
1788.000000 0.015187
1789.000000 0.038930
1790.000000 0.140926
1791.000000 0.015309
1792.000000 0.107236
1793.000000 0.082957
1794.000000 0.064848
1795.000000 0.050569
1796.000000 0.039960
1797.000000 0.060257
1798.000000 0.060698
1799.000000 0.057965
1800.000000 0.062011
1801.000000 0.055623
1802.000000 0.067302
1803.000000 0.044947
1804.000000 0.019297
1805.000000 0.032651
1806.000000 0.084928
1807.000000 0.053638
1808.000000 0.051368
1809.000000 0.075714
1810.000000 0.142707
1811.000000 0.029530
1812.000000 0.043268
1813.000000 0.101386
1814.000000 0.084169
1815.000000 0.081434
1816.000000 0.062050
1817.000000 0.044741
1818.000000 0.035385
1819.000000 0.019335
1820.000000 0.043311
1821.000000 0.118159
1822.000000 0.053496
1823.000000 0.065378
1824.000000 0.051274
1825.000000 0.056440
1826.000000 0.017968
1827.000000 0.056439
1828.000000 0.030265
1829.000000 0.045164
1830.000000 0.130621
1831.000000 0.027957
1832.000000 0.036761
1833.000000 0.028466
1834.000000 0.041192
1835.000000 0.034264
1836.000000 0.049653
1837.000000 0.055038
1838.000000 0.033355
1839.000000 0.036107
1840.000000 0.081093
1841.000000 0.084179
1842.000000 0.103072
1843.000000 0.087045
1844.000000 0.156304
1845.000000 0.099594
1846.000000 0.019118
1847.000000 0.022876
1848.000000 0.031454
1849.000000 0.094583
1850.000000 0.064356
1851.000000 0.015807
1852.000000 0.039460
1853.000000 0.074202
1854.000000 0.088748
1855.000000 0.034414
1856.000000 0.048000
1857.000000 0.056658
1858.000000 0.088272
1859.000000 0.055029
1860.000000 0.115619
1861.000000 0.052867
1862.000000 0.057853
1863.000000 0.126756
1864.000000 0.075860
1865.000000 0.058005
1866.000000 0.053035
1867.000000 0.075429
1868.000000 0.032049
1869.000000 0.075399
1870.000000 0.032090
1871.000000 0.053563
1872.000000 0.075762
1873.000000 0.071929
1874.000000 0.044287
1875.000000 0.057605
1876.000000 0.039687
1877.000000 0.078191
1878.000000 0.077285
1879.000000 0.011857
1880.000000 0.079746
1881.000000 0.059467
1882.000000 0.041326
1883.000000 0.039400
1884.000000 0.042567
1885.000000 0.089074
1886.000000 0.068324
1887.000000 0.078542
1888.000000 0.058020
1889.000000 0.020287
1890.000000 0.035839
1891.000000 0.029146
1892.000000 0.100160
1893.000000 0.041206
1894.000000 0.114879
1895.000000 0.082866
1896.000000 0.027376
1897.000000 0.023555
1898.000000 0.091042
1899.000000 0.034472
1900.000000 0.049657
1901.000000 0.035541
1902.000000 0.068253
1903.000000 0.097905
1904.000000 0.039016
1905.000000 0.094397
1906.000000 0.040944
1907.000000 0.024206
1908.000000 0.016546
1909.000000 0.050706
1910.000000 0.051711
1911.000000 0.103314
1912.000000 0.015061
1913.000000 0.031033
1914.000000 0.027419
1915.000000 0.102056
1916.000000 0.022408
1917.000000 0.039523
1918.000000 0.023165
1919.000000 0.108708
1920.000000 0.107945
1921.000000 0.032191
1922.000000 0.039087
1923.000000 0.052289
1924.000000 0.110835
1925.000000 0.042342
1926.000000 0.076708
1927.000000 0.031860
1928.000000 0.049555
1929.000000 0.039826
1930.000000 0.079131
1931.000000 0.024195
1932.000000 0.045786
1933.000000 0.059485
1934.000000 0.036029
1935.000000 0.069408
1936.000000 0.048657
1937.000000 0.085065
1938.000000 0.064192
1939.000000 0.064993
1940.000000 0.090633
1941.000000 0.079298
1942.000000 0.086675
1943.000000 0.037862
1944.000000 0.032285
1945.000000 0.041660
1946.000000 0.095550
1947.000000 0.067147
1948.000000 0.015184
1949.000000 0.041473
1950.000000 0.027918
1951.000000 0.038056
1952.000000 0.027871
1953.000000 0.057557
1954.000000 0.100263
1955.000000 0.034746
1956.000000 0.037841
1957.000000 0.015227
1958.000000 0.055370
1959.000000 0.019377
1960.000000 0.020412
1961.000000 0.075129
1962.000000 0.103194
1963.000000 0.048450
1964.000000 0.130554
1965.000000 0.089459
1966.000000 0.043856
1967.000000 0.152612
1968.000000 0.046116
1969.000000 0.099535
1970.000000 0.015781
1971.000000 0.039044
1972.000000 0.081455
1973.000000 0.048523
1974.000000 0.104180
1975.000000 0.107971
1976.000000 0.051484
1977.000000 0.070985
1978.000000 0.050327
1979.000000 0.020637
1980.000000 0.033729
1981.000000 0.024374
1982.000000 0.049277
1983.000000 0.074399
1984.000000 0.026132
1985.000000 0.067272
1986.000000 0.059652
1987.000000 0.022965
1988.000000 0.073100
1989.000000 0.048159
1990.000000 0.020862
1991.000000 0.053247
1992.000000 0.072667
1993.000000 0.041235
1994.000000 0.112530
1995.000000 0.024999
1996.000000 0.062400
1997.000000 0.092928
1998.000000 0.080114
1999.000000 0.082652
2000.000000 0.049657
2001.000000 0.036150
2002.000000 0.069886
2003.000000 0.025342
2004.000000 0.089364
2005.000000 0.061541
2006.000000 0.138418
2007.000000 0.094060
2008.000000 0.049727
2009.000000 0.083989
2010.000000 0.009706
2011.000000 0.060433
2012.000000 0.051219
2013.000000 0.093908
2014.000000 0.095643
2015.000000 0.061472
2016.000000 0.071032
2017.000000 0.073801
2018.000000 0.055868
2019.000000 0.024639
2020.000000 0.055614
2021.000000 0.057730
2022.000000 0.057916
2023.000000 0.044987
2024.000000 0.033286
2025.000000 0.054988
2026.000000 0.032085
2027.000000 0.088498
2028.000000 0.086956
2029.000000 0.138245
2030.000000 0.131949
2031.000000 0.032120
2032.000000 0.009106
2033.000000 0.043555
2034.000000 0.086636
2035.000000 0.056131
2036.000000 0.109277
2037.000000 0.086420
2038.000000 0.101674
2039.000000 0.061573
2040.000000 0.046694
2041.000000 0.055649
2042.000000 0.080182
2043.000000 0.128311
2044.000000 0.053484
2045.000000 0.034865
2046.000000 0.026958
2047.000000 0.018566
2048.000000 0.035274
2049.000000 0.062641
2050.000000 0.045817
2051.000000 0.065758
2052.000000 0.064589
2053.000000 0.081284
2054.000000 0.004514
2055.000000 0.157179
2056.000000 0.059274
2057.000000 0.072908
2058.000000 0.083839
2059.000000 0.063659
2060.000000 0.048308
2061.000000 0.021480
2062.000000 0.056319
2063.000000 0.076179
2064.000000 0.019200
2065.000000 0.046118
2066.000000 0.019015
2067.000000 0.005909
2068.000000 0.066998
2069.000000 0.033617
2070.000000 0.033438
2071.000000 0.108239
2072.000000 0.027202
2073.000000 0.072080
2074.000000 0.016933
2075.000000 0.069405
2076.000000 0.031603
2077.000000 0.035426
2078.000000 0.041167
2079.000000 0.030649
2080.000000 0.017185
2081.000000 0.050334
2082.000000 0.114808
2083.000000 0.057939
2084.000000 0.060766
2085.000000 0.030470
2086.000000 0.097638
2087.000000 0.047568
2088.000000 0.050590
2089.000000 0.046348
2090.000000 0.039364
2091.000000 0.022184
2092.000000 0.035368
2093.000000 0.029172
2094.000000 0.085872
2095.000000 0.023938
2096.000000 0.014724
2097.000000 0.069577
2098.000000 0.043926
2099.000000 0.045265
2100.000000 0.045398
2101.000000 0.039468
2102.000000 0.086681
2103.000000 0.069866
2104.000000 0.106448
2105.000000 0.041946
2106.000000 0.027390
2107.000000 0.107072
2108.000000 0.134340
2109.000000 0.032741
2110.000000 0.037941
2111.000000 0.065356
2112.000000 0.068722
2113.000000 0.028145
2114.000000 0.033633
2115.000000 0.022695
2116.000000 0.046205
2117.000000 0.025998
2118.000000 0.051146
2119.000000 0.075137
2120.000000 0.018138
2121.000000 0.039482
2122.000000 0.073810
2123.000000 0.011012
2124.000000 0.034552
2125.000000 0.112565
2126.000000 0.025865
2127.000000 0.050894
2128.000000 0.134911
2129.000000 0.051985
2130.000000 0.034118
2131.000000 0.040034
2132.000000 0.036716
2133.000000 0.025310
2134.000000 0.103342
2135.000000 0.007367
2136.000000 0.047207
2137.000000 0.101747
2138.000000 0.053211
2139.000000 0.047061
2140.000000 0.040879
2141.000000 0.038842
2142.000000 0.017316
2143.000000 0.058853
2144.000000 0.062270
2145.000000 0.058730
2146.000000 0.059292
2147.000000 0.001823
2148.000000 0.069345
2149.000000 0.051757
2150.000000 0.023796
2151.000000 0.064293
2152.000000 0.024898
2153.000000 0.037485
2154.000000 0.073006
2155.000000 0.087098
2156.000000 0.045830
2157.000000 0.071244
2158.000000 0.019981
2159.000000 0.106412
2160.000000 0.123293
2161.000000 0.030914
2162.000000 0.113796
2163.000000 0.066812
2164.000000 0.051205
2165.000000 0.049307
2166.000000 0.042210
2167.000000 0.051130
2168.000000 0.035760
2169.000000 0.033528
2170.000000 0.117830
2171.000000 0.061898
2172.000000 0.045718
2173.000000 0.077271
2174.000000 0.017947
2175.000000 0.026888
2176.000000 0.077910
2177.000000 0.013903
2178.000000 0.074109
2179.000000 0.022065
2180.000000 0.025960
2181.000000 0.029524
2182.000000 0.075812
2183.000000 0.009931
2184.000000 0.073278
2185.000000 0.043304
2186.000000 0.060346
2187.000000 0.015751
2188.000000 0.077853
2189.000000 0.029276
2190.000000 0.077338
2191.000000 0.063405
2192.000000 0.079738
2193.000000 0.088705
2194.000000 0.056352
2195.000000 0.105586
2196.000000 0.044762
2197.000000 0.046372
2198.000000 0.034658
2199.000000 0.065239
2200.000000 0.076426
2201.000000 0.042139
2202.000000 0.092532
2203.000000 0.057392
2204.000000 0.045451
2205.000000 0.035379
2206.000000 0.064189
2207.000000 0.098907
2208.000000 0.055819
2209.000000 0.045386
2210.000000 0.069279
2211.000000 0.073850
2212.000000 0.035315
2213.000000 0.098424
2214.000000 0.118093
2215.000000 0.053996
2216.000000 0.082008
2217.000000 0.036317
2218.000000 0.042793
2219.000000 0.094674
2220.000000 0.038866
2221.000000 0.029241
2222.000000 0.080480
2223.000000 0.013984
2224.000000 0.042050
2225.000000 0.053473
2226.000000 0.064234
2227.000000 0.030994
2228.000000 0.131195
2229.000000 0.044819
2230.000000 0.045619
2231.000000 0.033811
2232.000000 0.043122
2233.000000 0.099769
2234.000000 0.041093
2235.000000 0.032473
2236.000000 0.062878
2237.000000 0.076765
2238.000000 0.067887
2239.000000 0.055868
2240.000000 0.035173
2241.000000 0.058553
2242.000000 0.011775
2243.000000 0.058749
2244.000000 0.044097
2245.000000 0.052457
2246.000000 0.052145
2247.000000 0.041114
2248.000000 0.062855
2249.000000 0.027668
2250.000000 0.064935
2251.000000 0.034839
2252.000000 0.010196
2253.000000 0.025908
2254.000000 0.015981
2255.000000 0.067715
2256.000000 0.015745
2257.000000 0.101059
2258.000000 0.044697
2259.000000 0.115517
2260.000000 0.046159
2261.000000 0.060819
2262.000000 0.054105
2263.000000 0.026996
2264.000000 0.077331
2265.000000 0.106063
2266.000000 0.044835
2267.000000 0.094741
2268.000000 0.062689
2269.000000 0.079950
2270.000000 0.097366
2271.000000 0.061268
2272.000000 0.064974
2273.000000 0.022224
2274.000000 0.037653
2275.000000 0.097999
2276.000000 0.055131
2277.000000 0.068858
2278.000000 0.058166
2279.000000 0.065920
2280.000000 0.057931
2281.000000 0.042785
2282.000000 0.066429
2283.000000 0.029468
2284.000000 0.036995
2285.000000 0.091350
2286.000000 0.086626
2287.000000 0.007084
2288.000000 0.028891
2289.000000 0.051703
2290.000000 0.058420
2291.000000 0.040026
2292.000000 0.040031
2293.000000 0.025851
2294.000000 0.062613
2295.000000 0.129904
2296.000000 0.035211
2297.000000 0.074545
2298.000000 0.048757
2299.000000 0.070556
2300.000000 0.087129
2301.000000 0.036385
2302.000000 0.051871
2303.000000 0.077621
2304.000000 0.025132
2305.000000 0.042745
2306.000000 0.067595
2307.000000 0.077288
2308.000000 0.124071
2309.000000 0.058861
2310.000000 0.090673
2311.000000 0.055159
2312.000000 0.073092
2313.000000 0.062724
2314.000000 0.073031
2315.000000 0.024690
2316.000000 0.042350
2317.000000 0.024900
2318.000000 0.089357
2319.000000 0.095402
2320.000000 0.056526
2321.000000 0.096881
2322.000000 0.038530
2323.000000 0.056962
2324.000000 0.109255
2325.000000 0.069726
2326.000000 0.133104
2327.000000 0.045389
2328.000000 0.081591
2329.000000 0.046638
2330.000000 0.098665
2331.000000 0.077322
2332.000000 0.039581
2333.000000 0.107177
2334.000000 0.072164
2335.000000 0.073254
2336.000000 0.059453
2337.000000 0.048006
2338.000000 0.046348
2339.000000 0.041782
2340.000000 0.096349
2341.000000 0.030115
2342.000000 0.058053
2343.000000 0.091361
2344.000000 0.035850
2345.000000 0.095079
2346.000000 0.014945
2347.000000 0.089512
2348.000000 0.031198
2349.000000 0.071706
2350.000000 0.036339
2351.000000 0.058830
2352.000000 0.069449
2353.000000 0.079560
2354.000000 0.029334
2355.000000 0.004425
2356.000000 0.068650
2357.000000 0.082277
2358.000000 0.052889
2359.000000 0.094146
2360.000000 0.071197
2361.000000 0.032369
2362.000000 0.063159
2363.000000 0.052250
2364.000000 0.050674
2365.000000 0.172775
2366.000000 0.054817
2367.000000 0.014581
2368.000000 0.022003
2369.000000 0.050151
2370.000000 0.075071
2371.000000 0.060253
2372.000000 0.076927
2373.000000 0.062964
2374.000000 0.070311
2375.000000 0.020249
2376.000000 0.061424
2377.000000 0.067867
2378.000000 0.020980
2379.000000 0.019710
2380.000000 0.038687
2381.000000 0.101014
2382.000000 0.025232
2383.000000 0.020907
2384.000000 0.065594
2385.000000 0.054132
2386.000000 0.029382
2387.000000 0.131991
2388.000000 0.054569
2389.000000 0.065399
2390.000000 0.058821
2391.000000 0.043003
2392.000000 0.074591
2393.000000 0.047363
2394.000000 0.054249
2395.000000 0.016071
2396.000000 0.019768
2397.000000 0.048962
2398.000000 0.017878
2399.000000 0.035215
2400.000000 0.031376
2401.000000 0.058109
2402.000000 0.075269
2403.000000 0.061169
2404.000000 0.033862
2405.000000 0.020130
2406.000000 0.042898
2407.000000 0.002298
2408.000000 0.046156
2409.000000 0.044421
2410.000000 0.137685
2411.000000 0.048735
2412.000000 0.025763
2413.000000 0.023981
2414.000000 0.012259
2415.000000 0.044523
2416.000000 0.093469
2417.000000 0.097975
2418.000000 0.064642
2419.000000 0.041928
2420.000000 0.093197
2421.000000 0.109355
2422.000000 0.026443
2423.000000 0.080362
2424.000000 0.031405
2425.000000 0.112826
2426.000000 0.012401
2427.000000 0.017413
2428.000000 0.083664
2429.000000 0.048250
2430.000000 0.011591
2431.000000 0.131001
2432.000000 0.081687
2433.000000 0.103157
2434.000000 0.014726
2435.000000 0.059146
2436.000000 0.077943
2437.000000 0.029425
2438.000000 0.082757
2439.000000 0.015074
2440.000000 0.029255
2441.000000 0.038988
2442.000000 0.070990
2443.000000 0.014053
2444.000000 0.086940
2445.000000 0.039703
2446.000000 0.034233
2447.000000 0.055837
2448.000000 0.040645
2449.000000 0.039964
2450.000000 0.057679
2451.000000 0.031733
2452.000000 0.062982
2453.000000 0.077660
2454.000000 0.008992
2455.000000 0.062964
2456.000000 0.017574
2457.000000 0.030643
2458.000000 0.052811
2459.000000 0.048763
2460.000000 0.042618
2461.000000 0.092226
2462.000000 0.015843
2463.000000 0.065695
2464.000000 0.053782
2465.000000 0.049938
2466.000000 0.043378
2467.000000 0.126040
2468.000000 0.057847
2469.000000 0.087747
2470.000000 0.073077
2471.000000 0.030694
2472.000000 0.058167
2473.000000 0.030876
2474.000000 0.051994
2475.000000 0.023967
2476.000000 0.069852
2477.000000 0.070909
2478.000000 0.023925
2479.000000 0.086696
2480.000000 0.058680
2481.000000 0.054220
2482.000000 0.030386
2483.000000 0.073934
2484.000000 0.037851
2485.000000 0.039202
2486.000000 0.016571
2487.000000 0.115654
2488.000000 0.044469
2489.000000 0.039105
2490.000000 0.068014
2491.000000 0.016405
2492.000000 0.022530
2493.000000 0.068431
2494.000000 0.107263
2495.000000 0.053906
2496.000000 0.046946
2497.000000 0.014803
2498.000000 0.110374
2499.000000 0.029254
2500.000000 0.029978
2501.000000 0.015439
2502.000000 0.056114
2503.000000 0.050215
2504.000000 0.026174
2505.000000 0.059995
2506.000000 0.006541
2507.000000 0.028030
2508.000000 0.066119
2509.000000 0.052749
2510.000000 0.007514
2511.000000 0.021664
2512.000000 0.047832
2513.000000 0.036556
2514.000000 0.053194
2515.000000 0.087791
2516.000000 0.056463
2517.000000 0.056043
2518.000000 0.087420
2519.000000 0.054667
2520.000000 0.072100
2521.000000 0.048860
2522.000000 0.046858
2523.000000 0.032207
2524.000000 0.070109
2525.000000 0.074213
2526.000000 0.086617
2527.000000 0.057490
2528.000000 0.003814
2529.000000 0.056145
2530.000000 0.015306
2531.000000 0.030592
2532.000000 0.150491
2533.000000 0.019430
2534.000000 0.077068
2535.000000 0.022814
2536.000000 0.060832
2537.000000 0.071045
2538.000000 0.114869
2539.000000 0.087022
2540.000000 0.040227
2541.000000 0.100370
2542.000000 0.070407
2543.000000 0.074757
2544.000000 0.092019
2545.000000 0.019601
2546.000000 0.093344
2547.000000 0.058178
2548.000000 0.051181
2549.000000 0.133481
2550.000000 0.115398
2551.000000 0.030869
2552.000000 0.115157
2553.000000 0.024238
2554.000000 0.028676
2555.000000 0.045913
2556.000000 0.031613
2557.000000 0.053008
2558.000000 0.069928
2559.000000 0.056404
2560.000000 0.057852
2561.000000 0.055316
2562.000000 0.040146
2563.000000 0.122103
2564.000000 0.019134
2565.000000 0.040962
2566.000000 0.071703
2567.000000 0.103344
2568.000000 0.077843
2569.000000 0.067368
2570.000000 0.027314
2571.000000 0.024219
2572.000000 0.072423
2573.000000 0.079104
2574.000000 0.026959
2575.000000 0.036945
2576.000000 0.036886
2577.000000 0.081227
2578.000000 0.018568
2579.000000 0.086861
2580.000000 0.034559
2581.000000 0.091226
2582.000000 0.022067
2583.000000 0.060968
2584.000000 0.072341
2585.000000 0.073272
2586.000000 0.052154
2587.000000 0.077351
2588.000000 0.107127
2589.000000 0.024363
2590.000000 0.081316
2591.000000 0.051060
2592.000000 0.069786
2593.000000 0.037758
2594.000000 0.047366
2595.000000 0.044228
2596.000000 0.074717
2597.000000 0.118204
2598.000000 0.046960
2599.000000 0.020067
2600.000000 0.039894
2601.000000 0.042279
2602.000000 0.100702
2603.000000 0.125318
2604.000000 0.075989
2605.000000 0.021436
2606.000000 0.007457
2607.000000 0.037168
2608.000000 0.035229
2609.000000 0.102813
2610.000000 0.092926
2611.000000 0.084971
2612.000000 0.032209
2613.000000 0.093127
2614.000000 0.061399
2615.000000 0.055025
2616.000000 0.100749
2617.000000 0.041367
2618.000000 0.073897
2619.000000 0.091199
2620.000000 0.181247
2621.000000 0.071074
2622.000000 0.079633
2623.000000 0.053091
2624.000000 0.035973
2625.000000 0.072458
2626.000000 0.031355
2627.000000 0.118576
2628.000000 0.036146
2629.000000 0.158773
2630.000000 0.075177
2631.000000 0.046522
2632.000000 0.036694
2633.000000 0.064762
2634.000000 0.077556
2635.000000 0.052395
2636.000000 0.085365
2637.000000 0.013844
2638.000000 0.090568
2639.000000 0.015777
2640.000000 0.049266
2641.000000 0.034648
2642.000000 0.020822
2643.000000 0.041613
2644.000000 0.032810
2645.000000 0.032032
2646.000000 0.067648
2647.000000 0.057573
2648.000000 0.053052
2649.000000 0.098493
2650.000000 0.042803
2651.000000 0.089219
2652.000000 0.079081
2653.000000 0.053902
2654.000000 0.060788
2655.000000 0.021951
2656.000000 0.101020
2657.000000 0.037942
2658.000000 0.037362
2659.000000 0.072664
2660.000000 0.032209
2661.000000 0.059592
2662.000000 0.083149
2663.000000 0.010114
2664.000000 0.024719
2665.000000 0.035302
2666.000000 0.073850
2667.000000 0.080279
2668.000000 0.037374
2669.000000 0.038732
2670.000000 0.077838
2671.000000 0.031172
2672.000000 0.052161
2673.000000 0.043839
2674.000000 0.123423
2675.000000 0.021765
2676.000000 0.042420
2677.000000 0.067289
2678.000000 0.079413
2679.000000 0.055417
2680.000000 0.034075
2681.000000 0.039761
2682.000000 0.088148
2683.000000 0.087683
2684.000000 0.053154
2685.000000 0.057835
2686.000000 0.088578
2687.000000 0.063821
2688.000000 0.030652
2689.000000 0.115982
2690.000000 0.055587
2691.000000 0.034104
2692.000000 0.012181
2693.000000 0.046910
2694.000000 0.010519
2695.000000 0.017156
2696.000000 0.079275
2697.000000 0.030041
2698.000000 0.087363
2699.000000 0.065096
2700.000000 0.070854
2701.000000 0.038820
2702.000000 0.088840
2703.000000 0.038901
2704.000000 0.075826
2705.000000 0.090385
2706.000000 0.017713
2707.000000 0.008326
2708.000000 0.022048
2709.000000 0.089870
2710.000000 0.076487
2711.000000 0.067931
2712.000000 0.047982
2713.000000 0.068375
2714.000000 0.035687
2715.000000 0.020771
2716.000000 0.009124
2717.000000 0.048315
2718.000000 0.016686
2719.000000 0.065066
2720.000000 0.138121
2721.000000 0.058769
2722.000000 0.072810
2723.000000 0.015595
2724.000000 0.059320
2725.000000 0.113482
2726.000000 0.100490
2727.000000 0.094743
2728.000000 0.082560
2729.000000 0.088761
2730.000000 0.074938
2731.000000 0.063175
2732.000000 0.064065
2733.000000 0.041584
2734.000000 0.059195
2735.000000 0.041644
2736.000000 0.036640
2737.000000 0.063847
2738.000000 0.112648
2739.000000 0.136121
2740.000000 0.088455
2741.000000 0.039895
2742.000000 0.057780
2743.000000 0.092802
2744.000000 0.114722
2745.000000 0.014133
2746.000000 0.075221
2747.000000 0.056753
2748.000000 0.014555
2749.000000 0.065862
2750.000000 0.022281
2751.000000 0.084757
2752.000000 0.001098
2753.000000 0.028431
2754.000000 0.022146
2755.000000 0.053396
2756.000000 0.058569
2757.000000 0.075399
2758.000000 0.107533
2759.000000 0.053017
2760.000000 0.067094
2761.000000 0.035249
2762.000000 0.060703
2763.000000 0.087477
2764.000000 0.055790
2765.000000 0.076984
2766.000000 0.076507
2767.000000 0.043426
2768.000000 0.118205
2769.000000 0.009292
2770.000000 0.067694
2771.000000 0.057876
2772.000000 0.102452
2773.000000 0.056000
2774.000000 0.068723
2775.000000 0.059631
2776.000000 0.110608
2777.000000 0.050520
2778.000000 0.064665
2779.000000 0.059986
2780.000000 0.050969
2781.000000 0.148690
2782.000000 0.042214
2783.000000 0.072246
2784.000000 0.065570
2785.000000 0.048729
2786.000000 0.114213
2787.000000 0.053279
2788.000000 0.093412
2789.000000 0.028846
2790.000000 0.093293
2791.000000 0.111047
2792.000000 0.085336
2793.000000 0.035738
2794.000000 0.046203
2795.000000 0.032701
2796.000000 0.116243
2797.000000 0.088219
2798.000000 0.020120
2799.000000 0.033204
2800.000000 0.018404
2801.000000 0.061652
2802.000000 0.042840
2803.000000 0.032333
2804.000000 0.063394
2805.000000 0.061945
2806.000000 0.122732
2807.000000 0.049556
2808.000000 0.047348
2809.000000 0.039861
2810.000000 0.038300
2811.000000 0.073024
2812.000000 0.029195
2813.000000 0.040718
2814.000000 0.051569
2815.000000 0.038398
2816.000000 0.091638
2817.000000 0.041675
2818.000000 0.052377
2819.000000 0.050661
2820.000000 0.067542
2821.000000 0.047187
2822.000000 0.170347
2823.000000 0.043759
2824.000000 0.088563
2825.000000 0.008397
2826.000000 0.032064
2827.000000 0.021429
2828.000000 0.036743
2829.000000 0.011862
2830.000000 0.043256
2831.000000 0.017783
2832.000000 0.155455
2833.000000 0.035969
2834.000000 0.077005
2835.000000 0.086322
2836.000000 0.134128
2837.000000 0.089011
2838.000000 0.097215
2839.000000 0.082224
2840.000000 0.034363
2841.000000 0.058029
2842.000000 0.019833
2843.000000 0.058369
2844.000000 0.056758
2845.000000 0.081313
2846.000000 0.026076
2847.000000 0.021408
2848.000000 0.078318
2849.000000 0.109419
2850.000000 0.004390
2851.000000 0.027819
2852.000000 0.021949
2853.000000 0.059325
2854.000000 0.098715
2855.000000 0.043915
2856.000000 0.024034
2857.000000 0.044614
2858.000000 0.092804
2859.000000 0.043735
2860.000000 0.034161
2861.000000 0.083166
2862.000000 0.068043
2863.000000 0.054939
2864.000000 0.016275
2865.000000 0.078536
2866.000000 0.120170
2867.000000 0.069023
2868.000000 0.019899
2869.000000 0.033164
2870.000000 0.077013
2871.000000 0.023154
2872.000000 0.044037
2873.000000 0.042854
2874.000000 0.075629
2875.000000 0.023493
2876.000000 0.081418
2877.000000 0.055636
2878.000000 0.032419
2879.000000 0.062563
2880.000000 0.066715
2881.000000 0.017312
2882.000000 0.029904
2883.000000 0.059950
2884.000000 0.093323
2885.000000 0.132751
2886.000000 0.022912
2887.000000 0.049632
2888.000000 0.011849
2889.000000 0.090124
2890.000000 0.019556
2891.000000 0.050677
2892.000000 0.091829
2893.000000 0.060731
2894.000000 0.030166
2895.000000 0.033908
2896.000000 0.105540
2897.000000 0.063116
2898.000000 0.026216
2899.000000 0.033087
2900.000000 0.061032
2901.000000 0.009891
2902.000000 0.016399
2903.000000 0.051875
2904.000000 0.096921
2905.000000 0.039948
2906.000000 0.031490
2907.000000 0.114572
2908.000000 0.059497
2909.000000 0.036454
2910.000000 0.107106
2911.000000 0.022105
2912.000000 0.030183
2913.000000 0.018350
2914.000000 0.024167
2915.000000 0.074985
2916.000000 0.067164
2917.000000 0.026214
2918.000000 0.077420
2919.000000 0.072938
2920.000000 0.071274
2921.000000 0.045691
2922.000000 0.090624
2923.000000 0.092319
2924.000000 0.062290
2925.000000 0.033549
2926.000000 0.031224
2927.000000 0.057399
2928.000000 0.089788
2929.000000 0.051848
2930.000000 0.042283
2931.000000 0.040181
2932.000000 0.044801
2933.000000 0.034502
2934.000000 0.108326
2935.000000 0.078704
2936.000000 0.067155
2937.000000 0.027245
2938.000000 0.076997
2939.000000 0.056005
2940.000000 0.023415
2941.000000 0.036636
2942.000000 0.046203
2943.000000 0.098839
2944.000000 0.110009
2945.000000 0.026952
2946.000000 0.092555
2947.000000 0.043693
2948.000000 0.021925
2949.000000 0.009027
2950.000000 0.082569
2951.000000 0.023355
2952.000000 0.032193
2953.000000 0.009785
2954.000000 0.097252
2955.000000 0.058463
2956.000000 0.063457
2957.000000 0.064105
2958.000000 0.104090
2959.000000 0.020804
2960.000000 0.025598
2961.000000 0.065572
2962.000000 0.121324
2963.000000 0.133018
2964.000000 0.075423
2965.000000 0.108102
2966.000000 0.039922
2967.000000 0.049555
2968.000000 0.020224
2969.000000 0.107363
2970.000000 0.040106
2971.000000 0.106986
2972.000000 0.098987
2973.000000 0.027267
2974.000000 0.055785
2975.000000 0.074837
2976.000000 0.045906
2977.000000 0.045684
2978.000000 0.027523
2979.000000 0.090418
2980.000000 0.046799
2981.000000 0.097362
2982.000000 0.028730
2983.000000 0.087639
2984.000000 0.036058
2985.000000 0.052393
2986.000000 0.087706
2987.000000 0.044073
2988.000000 0.134037
2989.000000 0.092705
2990.000000 0.087139
2991.000000 0.065002
2992.000000 0.080291
2993.000000 0.067201
2994.000000 0.118970
2995.000000 0.032661
2996.000000 0.050703
2997.000000 0.066206
2998.000000 0.106428
2999.000000 0.020479
3000.000000 0.086636
