0.000000 0.045889
1.000000 0.068205
2.000000 0.105910
3.000000 0.097764
4.000000 0.087232
5.000000 0.114557
6.000000 0.098848
7.000000 0.180973
8.000000 0.038658
9.000000 0.135452
10.000000 0.165368
11.000000 0.094573
12.000000 0.141956
13.000000 0.196729
14.000000 0.038499
15.000000 0.183050
16.000000 0.077892
17.000000 0.092577
18.000000 0.100831
19.000000 0.123127
20.000000 0.074262
21.000000 0.081857
22.000000 0.047495
23.000000 0.088211
24.000000 0.077048
25.000000 0.033556
26.000000 0.048226
27.000000 0.109294
28.000000 0.097659
29.000000 0.055720
30.000000 0.023298
31.000000 0.102798
32.000000 0.041146
33.000000 0.044472
34.000000 0.024400
35.000000 0.053880
36.000000 0.096085
37.000000 0.023689
38.000000 0.153819
39.000000 0.129978
40.000000 0.178572
41.000000 0.111626
42.000000 0.032705
43.000000 0.059212
44.000000 0.130678
45.000000 0.155897
46.000000 0.012179
47.000000 0.090948
48.000000 0.039001
49.000000 0.037937
50.000000 0.118024
51.000000 0.180141
52.000000 0.081057
53.000000 0.067298
54.000000 0.049166
55.000000 0.099841
56.000000 0.127070
57.000000 0.102869
58.000000 0.177793
59.000000 0.020691
60.000000 0.155360
61.000000 0.176655
62.000000 0.103111
63.000000 0.140535
64.000000 0.144699
65.000000 0.059259
66.000000 0.090649
67.000000 0.101322
68.000000 0.079885
69.000000 0.022204
70.000000 0.092693
71.000000 0.067348
72.000000 0.137433
73.000000 0.014244
74.000000 0.056013
75.000000 0.126154
76.000000 0.023766
77.000000 0.107602
78.000000 0.044718
79.000000 0.094277
80.000000 0.029942
81.000000 0.114734
82.000000 0.118745
83.000000 0.103721
84.000000 0.221888
85.000000 0.065694
86.000000 0.049207
87.000000 0.155857
88.000000 0.168692
89.000000 0.103450
90.000000 0.222991
91.000000 0.078221
92.000000 0.081862
93.000000 0.106589
94.000000 0.091183
95.000000 0.054998
96.000000 0.127593
97.000000 0.077001
98.000000 0.036912
99.000000 0.064148
100.000000 0.182782
101.000000 0.215303
102.000000 0.086106
103.000000 0.130644
104.000000 0.125086
105.000000 0.044313
106.000000 0.078098
107.000000 0.046958
108.000000 0.112855
109.000000 0.057996
110.000000 0.085674
111.000000 0.194131
112.000000 0.148952
113.000000 0.188382
114.000000 0.131711
115.000000 0.087397
116.000000 0.007163
117.000000 0.083937
118.000000 0.199095
119.000000 0.011360
120.000000 0.069787
121.000000 0.123987
122.000000 0.236837
123.000000 0.043022
124.000000 0.230385
125.000000 0.135883
126.000000 0.088332
127.000000 0.051732
128.000000 0.242537
129.000000 0.137564
130.000000 0.231190
131.000000 0.123475
132.000000 0.059595
133.000000 0.094871
134.000000 0.162137
135.000000 0.173764
136.000000 0.029040
137.000000 0.086621
138.000000 0.082431
139.000000 0.148338
140.000000 0.105478
141.000000 0.155351
142.000000 0.053523
143.000000 0.147414
144.000000 0.127902
145.000000 0.192418
146.000000 0.053258
147.000000 0.083508
148.000000 0.059731
149.000000 0.108222
150.000000 0.053115
151.000000 0.081420
152.000000 0.086641
153.000000 0.098330
154.000000 0.109501
155.000000 0.070786
156.000000 0.083059
157.000000 0.140261
158.000000 0.109577
159.000000 0.071666
160.000000 0.170539
161.000000 0.081893
162.000000 0.085432
163.000000 0.084083
164.000000 0.202375
165.000000 0.261579
166.000000 0.046862
167.000000 0.050042
168.000000 0.096252
169.000000 0.019980
170.000000 0.117569
171.000000 0.124035
172.000000 0.062261
173.000000 0.023269
174.000000 0.130877
175.000000 0.116863
176.000000 0.105727
177.000000 0.126123
178.000000 0.144424
179.000000 0.085618
180.000000 0.103052
181.000000 0.070045
182.000000 0.016804
183.000000 0.046673
184.000000 0.055453
185.000000 0.006884
186.000000 0.137082
187.000000 0.054882
188.000000 0.008615
189.000000 0.020567
190.000000 0.078845
191.000000 0.051877
192.000000 0.148236
193.000000 0.112928
194.000000 0.063718
195.000000 0.056013
196.000000 0.172607
197.000000 0.133981
198.000000 0.092922
199.000000 0.017122
200.000000 0.145450
201.000000 0.130946
202.000000 0.071297
203.000000 0.118625
204.000000 0.109348
205.000000 0.042195
206.000000 0.126807
207.000000 0.065981
208.000000 0.100650
209.000000 0.173269
210.000000 0.112938
211.000000 0.155019
212.000000 0.269607
213.000000 0.008752
214.000000 0.028695
215.000000 0.107467
216.000000 0.031743
217.000000 0.126943
218.000000 0.075613
219.000000 0.086617
220.000000 0.145573
221.000000 0.104529
222.000000 0.111571
223.000000 0.084735
224.000000 0.019566
225.000000 0.034778
226.000000 0.028203
227.000000 0.065787
228.000000 0.070738
229.000000 0.055334
230.000000 0.086882
231.000000 0.046855
232.000000 0.010766
233.000000 0.139837
234.000000 0.017378
235.000000 0.083302
236.000000 0.034539
237.000000 0.104085
238.000000 0.142661
239.000000 0.049936
240.000000 0.095204
241.000000 0.072442
242.000000 0.062321
243.000000 0.034816
244.000000 0.098699
245.000000 0.018241
246.000000 0.073398
247.000000 0.059497
248.000000 0.079472
249.000000 0.080071
250.000000 0.048212
251.000000 0.127875
252.000000 0.050728
253.000000 0.087354
254.000000 0.112808
255.000000 0.087893
256.000000 0.092484
257.000000 0.046210
258.000000 0.035583
259.000000 0.001249
260.000000 0.048795
261.000000 0.072368
262.000000 0.064903
263.000000 0.051377
264.000000 0.088783
265.000000 0.212655
266.000000 0.151779
267.000000 0.220254
268.000000 0.016314
269.000000 0.131518
270.000000 0.209089
271.000000 0.154895
272.000000 0.098106
273.000000 0.028757
274.000000 0.049271
275.000000 0.161204
276.000000 0.111298
277.000000 0.154457
278.000000 0.032340
279.000000 0.150038
280.000000 0.167900
281.000000 0.069083
282.000000 0.140476
283.000000 0.104934
284.000000 0.166574
285.000000 0.165495
286.000000 0.130305
287.000000 0.020709
288.000000 0.050530
289.000000 0.091077
290.000000 0.072905
291.000000 0.093431
292.000000 0.062293
293.000000 0.022158
294.000000 0.043815
295.000000 0.190249
296.000000 0.081524
297.000000 0.123554
298.000000 0.093884
299.000000 0.044219
300.000000 0.075355
301.000000 0.048511
302.000000 0.104717
303.000000 0.106095
304.000000 0.080635
305.000000 0.131012
306.000000 0.064506
307.000000 0.087770
308.000000 0.133594
309.000000 0.020538
310.000000 0.258068
311.000000 0.059157
312.000000 0.077949
313.000000 0.119826
314.000000 0.038776
315.000000 0.038531
316.000000 0.090213
317.000000 0.123143
318.000000 0.045733
319.000000 0.019876
320.000000 0.115501
321.000000 0.094225
322.000000 0.043340
323.000000 0.058465
324.000000 0.138325
325.000000 0.071643
326.000000 0.057944
327.000000 0.112004
328.000000 0.112407
329.000000 0.077738
330.000000 0.131938
331.000000 0.095106
332.000000 0.177472
333.000000 0.171543
334.000000 0.123667
335.000000 0.086644
336.000000 0.099235
337.000000 0.042372
338.000000 0.003831
339.000000 0.070935
340.000000 0.146885
341.000000 0.138335
342.000000 0.131811
343.000000 0.104391
344.000000 0.148213
345.000000 0.068366
346.000000 0.041915
347.000000 0.152243
348.000000 0.088406
349.000000 0.189625
350.000000 0.248157
351.000000 0.092171
352.000000 0.053166
353.000000 0.137465
354.000000 0.040740
355.000000 0.118390
356.000000 0.051388
357.000000 0.045079
358.000000 0.055747
359.000000 0.077365
360.000000 0.050029
361.000000 0.072737
362.000000 0.008251
363.000000 0.080379
364.000000 0.044910
365.000000 0.019133
366.000000 0.036039
367.000000 0.097070
368.000000 0.070645
369.000000 0.106258
370.000000 0.060318
371.000000 0.132098
372.000000 0.082438
373.000000 0.115332
374.000000 0.112295
375.000000 0.096970
376.000000 0.145311
377.000000 0.112741
378.000000 0.209362
379.000000 0.098599
380.000000 0.103828
381.000000 0.064797
382.000000 0.112713
383.000000 0.121662
384.000000 0.111349
385.000000 0.050183
386.000000 0.153856
387.000000 0.095857
388.000000 0.150306
389.000000 0.119515
390.000000 0.091614
391.000000 0.070373
392.000000 0.092103
393.000000 0.041914
394.000000 0.091753
395.000000 0.062103
396.000000 0.124745
397.000000 0.020577
398.000000 0.084763
399.000000 0.051302
400.000000 0.074163
401.000000 0.110576
402.000000 0.174596
403.000000 0.085572
404.000000 0.196823
405.000000 0.100034
406.000000 0.112430
407.000000 0.152028
408.000000 0.057817
409.000000 0.048485
410.000000 0.170622
411.000000 0.050697
412.000000 0.108394
413.000000 0.059504
414.000000 0.041835
415.000000 0.112355
416.000000 0.021506
417.000000 0.194569
418.000000 0.062436
419.000000 0.019254
420.000000 0.097774
421.000000 0.121923
422.000000 0.056637
423.000000 0.132085
424.000000 0.074765
425.000000 0.155545
426.000000 0.134203
427.000000 0.153063
428.000000 0.168412
429.000000 0.049935
430.000000 0.149610
431.000000 0.025823
432.000000 0.123732
433.000000 0.099410
434.000000 0.117150
435.000000 0.192544
436.000000 0.083652
437.000000 0.044926
438.000000 0.221950
439.000000 0.026907
440.000000 0.162793
441.000000 0.021135
442.000000 0.082202
443.000000 0.097537
444.000000 0.032399
445.000000 0.040661
446.000000 0.139709
447.000000 0.055897
448.000000 0.087311
449.000000 0.157445
450.000000 0.110116
451.000000 0.074762
452.000000 0.095598
453.000000 0.150786
454.000000 0.132609
455.000000 0.039527
456.000000 0.179106
457.000000 0.072046
458.000000 0.066207
459.000000 0.053815
460.000000 0.233787
461.000000 0.063341
462.000000 0.021076
463.000000 0.109413
464.000000 0.080642
465.000000 0.105032
466.000000 0.193051
467.000000 0.071050
468.000000 0.090928
469.000000 0.147840
470.000000 0.080914
471.000000 0.178065
472.000000 0.069665
473.000000 0.029604
474.000000 0.143401
475.000000 0.051423
476.000000 0.069758
477.000000 0.063842
478.000000 0.064583
479.000000 0.101490
480.000000 0.159616
481.000000 0.095278
482.000000 0.186324
483.000000 0.092814
484.000000 0.104410
485.000000 0.083524
486.000000 0.205121
487.000000 0.126718
488.000000 0.120856
489.000000 0.113100
490.000000 0.054227
491.000000 0.068467
492.000000 0.095371
493.000000 0.123066
494.000000 0.153995
495.000000 0.152000
496.000000 0.170977
497.000000 0.121152
498.000000 0.112864
499.000000 0.079950
500.000000 0.076095
501.000000 0.016881
502.000000 0.094170
503.000000 0.059925
504.000000 0.094602
505.000000 0.110673
506.000000 0.076454
507.000000 0.229933
508.000000 0.148673
509.000000 0.005500
510.000000 0.210725
511.000000 0.092725
512.000000 0.047668
513.000000 0.161872
514.000000 0.093449
515.000000 0.082600
516.000000 0.050251
517.000000 0.127867
518.000000 0.158959
519.000000 0.041988
520.000000 0.150681
521.000000 0.079127
522.000000 0.046445
523.000000 0.060644
524.000000 0.003655
525.000000 0.113126
526.000000 0.060618
527.000000 0.123516
528.000000 0.188521
529.000000 0.051858
530.000000 0.080361
531.000000 0.067210
532.000000 0.114713
533.000000 0.027732
534.000000 0.102002
535.000000 0.103395
536.000000 0.123736
537.000000 0.113041
538.000000 0.113139
539.000000 0.018196
540.000000 0.117914
541.000000 0.090476
542.000000 0.110030
543.000000 0.043997
544.000000 0.019011
545.000000 0.142090
546.000000 0.126571
547.000000 0.101250
548.000000 0.147318
549.000000 0.145744
550.000000 0.153680
551.000000 0.067277
552.000000 0.145409
553.000000 0.057583
554.000000 0.177041
555.000000 0.267378
556.000000 0.178649
557.000000 0.075093
558.000000 0.078750
559.000000 0.153450
560.000000 0.107182
561.000000 0.099638
562.000000 0.077088
563.000000 0.115733
564.000000 0.087261
565.000000 0.151754
566.000000 0.055919
567.000000 0.111845
568.000000 0.023771
569.000000 0.068078
570.000000 0.144880
571.000000 0.089836
572.000000 0.163583
573.000000 0.206198
574.000000 0.085677
575.000000 0.105158
576.000000 0.143390
577.000000 0.183302
578.000000 0.075767
579.000000 0.064539
580.000000 0.052931
581.000000 0.134771
582.000000 0.114026
583.000000 0.129750
584.000000 0.187439
585.000000 0.112205
586.000000 0.213290
587.000000 0.052935
588.000000 0.067288
589.000000 0.102333
590.000000 0.062521
591.000000 0.055056
592.000000 0.109174
593.000000 0.011493
594.000000 0.132339
595.000000 0.075388
596.000000 0.112221
597.000000 0.052887
598.000000 0.047545
599.000000 0.056919
600.000000 0.070682
601.000000 0.062747
602.000000 0.089844
603.000000 0.122339
604.000000 0.163321
605.000000 0.071264
606.000000 0.097485
607.000000 0.067067
608.000000 0.071449
609.000000 0.084547
610.000000 0.093691
611.000000 0.014420
612.000000 0.029650
613.000000 0.056285
614.000000 0.083989
615.000000 0.134244
616.000000 0.109780
617.000000 0.162257
618.000000 0.167133
619.000000 0.051111
620.000000 0.061410
621.000000 0.135528
622.000000 0.103602
623.000000 0.072157
624.000000 0.100524
625.000000 0.135426
626.000000 0.172323
627.000000 0.147022
628.000000 0.082189
629.000000 0.074139
630.000000 0.053367
631.000000 0.061214
632.000000 0.038623
633.000000 0.156645
634.000000 0.122148
635.000000 0.020754
636.000000 0.040565
637.000000 0.125646
638.000000 0.192451
639.000000 0.120601
640.000000 0.115305
641.000000 0.073606
642.000000 0.099873
643.000000 0.111245
644.000000 0.197895
645.000000 0.089299
646.000000 0.066910
647.000000 0.197703
648.000000 0.143993
649.000000 0.052989
650.000000 0.120895
651.000000 0.160799
652.000000 0.156631
653.000000 0.045100
654.000000 0.052845
655.000000 0.098818
656.000000 0.038137
657.000000 0.156692
658.000000 0.043144
659.000000 0.155791
660.000000 0.165288
661.000000 0.156523
662.000000 0.069757
663.000000 0.073984
664.000000 0.118746
665.000000 0.107410
666.000000 0.065333
667.000000 0.163068
668.000000 0.169988
669.000000 0.078942
670.000000 0.123538
671.000000 0.148695
672.000000 0.042696
673.000000 0.161512
674.000000 0.164781
675.000000 0.107260
676.000000 0.119410
677.000000 0.122135
678.000000 0.085773
679.000000 0.054690
680.000000 0.102953
681.000000 0.091408
682.000000 0.111028
683.000000 0.144908
684.000000 0.108867
685.000000 0.124281
686.000000 0.140202
687.000000 0.094008
688.000000 0.002303
689.000000 0.208294
690.000000 0.027220
691.000000 0.073577
692.000000 0.053010
693.000000 0.048215
694.000000 0.047469
695.000000 0.088644
696.000000 0.057802
697.000000 0.087708
698.000000 0.138784
699.000000 0.078649
700.000000 0.076143
701.000000 0.077601
702.000000 0.049091
703.000000 0.053832
704.000000 0.046146
705.000000 0.064363
706.000000 0.031399
707.000000 0.056563
708.000000 0.058920
709.000000 0.096278
710.000000 0.063442
711.000000 0.127543
712.000000 0.131197
713.000000 0.038632
714.000000 0.117638
715.000000 0.096351
716.000000 0.260981
717.000000 0.053633
718.000000 0.105105
719.000000 0.103110
720.000000 0.004989
721.000000 0.046448
722.000000 0.069814
723.000000 0.023426
724.000000 0.092518
725.000000 0.132497
726.000000 0.101421
727.000000 0.045567
728.000000 0.036762
729.000000 0.107230
730.000000 0.151052
731.000000 0.155495
732.000000 0.102240
733.000000 0.176622
734.000000 0.107835
735.000000 0.059676
736.000000 0.066828
737.000000 0.036954
738.000000 0.197542
739.000000 0.091501
740.000000 0.122343
741.000000 0.152954
742.000000 0.045609
743.000000 0.060222
744.000000 0.064622
745.000000 0.185494
746.000000 0.058656
747.000000 0.089530
748.000000 0.114708
749.000000 0.108216
750.000000 0.068494
751.000000 0.223202
752.000000 0.082856
753.000000 0.145777
754.000000 0.083680
755.000000 0.079866
756.000000 0.106816
757.000000 0.088740
758.000000 0.027291
759.000000 0.145732
760.000000 0.148395
761.000000 0.048822
762.000000 0.135629
763.000000 0.086725
764.000000 0.085579
765.000000 0.038017
766.000000 0.112677
767.000000 0.090810
768.000000 0.062514
769.000000 0.098908
770.000000 0.074018
771.000000 0.133525
772.000000 0.153125
773.000000 0.078491
774.000000 0.135554
775.000000 0.067395
776.000000 0.058828
777.000000 0.063046
778.000000 0.136247
779.000000 0.057665
780.000000 0.055275
781.000000 0.103310
782.000000 0.112719
783.000000 0.147937
784.000000 0.075378
785.000000 0.118194
786.000000 0.110594
787.000000 0.034316
788.000000 0.060273
789.000000 0.180840
790.000000 0.074388
791.000000 0.099794
792.000000 0.062870
793.000000 0.047088
794.000000 0.083331
795.000000 0.095796
796.000000 0.122486
797.000000 0.044496
798.000000 0.094550
799.000000 0.096180
800.000000 0.112970
801.000000 0.109788
802.000000 0.204292
803.000000 0.111592
804.000000 0.041778
805.000000 0.125627
806.000000 0.200117
807.000000 0.068388
808.000000 0.029339
809.000000 0.056827
810.000000 0.119625
811.000000 0.153341
812.000000 0.159406
813.000000 0.073357
814.000000 0.025713
815.000000 0.155368
816.000000 0.103205
817.000000 0.047710
818.000000 0.144281
819.000000 0.034385
820.000000 0.217905
821.000000 0.113005
822.000000 0.119399
823.000000 0.098668
824.000000 0.098737
825.000000 0.059699
826.000000 0.038491
827.000000 0.025253
828.000000 0.177469
829.000000 0.063435
830.000000 0.051835
831.000000 0.186429
832.000000 0.085008
833.000000 0.152209
834.000000 0.097595
835.000000 0.074100
836.000000 0.091921
837.000000 0.063445
838.000000 0.074094
839.000000 0.110570
840.000000 0.085433
841.000000 0.177073
842.000000 0.059884
843.000000 0.107743
844.000000 0.033439
845.000000 0.147278
846.000000 0.070334
847.000000 0.111233
848.000000 0.074537
849.000000 0.070993
850.000000 0.124870
851.000000 0.022597
852.000000 0.208216
853.000000 0.048420
854.000000 0.020094
855.000000 0.187018
856.000000 0.154661
857.000000 0.108931
858.000000 0.091260
859.000000 0.042038
860.000000 0.108123
861.000000 0.060988
862.000000 0.155388
863.000000 0.045929
864.000000 0.019040
865.000000 0.044756
866.000000 0.159368
867.000000 0.208827
868.000000 0.145582
869.000000 0.068060
870.000000 0.178805
871.000000 0.028933
872.000000 0.111767
873.000000 0.135303
874.000000 0.086474
875.000000 0.060494
876.000000 0.259908
877.000000 0.192603
878.000000 0.174752
879.000000 0.119661
880.000000 0.122378
881.000000 0.158637
882.000000 0.135030
883.000000 0.042647
884.000000 0.094237
885.000000 0.013217
886.000000 0.017212
887.000000 0.132315
888.000000 0.105551
889.000000 0.135330
890.000000 0.128412
891.000000 0.119865
892.000000 0.102581
893.000000 0.052680
894.000000 0.031387
895.000000 0.072945
896.000000 0.073595
897.000000 0.106463
898.000000 0.139557
899.000000 0.024543
900.000000 0.078972
901.000000 0.199639
902.000000 0.091401
903.000000 0.074836
904.000000 0.106152
905.000000 0.067653
906.000000 0.088000
907.000000 0.140614
908.000000 0.057918
909.000000 0.092016
910.000000 0.150776
911.000000 0.114318
912.000000 0.151173
913.000000 0.072137
914.000000 0.069558
915.000000 0.029526
916.000000 0.160347
917.000000 0.084335
918.000000 0.109667
919.000000 0.046374
920.000000 0.065498
921.000000 0.123315
922.000000 0.113499
923.000000 0.052305
924.000000 0.192360
925.000000 0.119844
926.000000 0.051401
927.000000 0.024170
928.000000 0.162632
929.000000 0.165386
930.000000 0.066921
931.000000 0.088806
932.000000 0.049213
933.000000 0.054357
934.000000 0.110257
935.000000 0.075683
936.000000 0.129226
937.000000 0.170281
938.000000 0.133471
939.000000 0.098521
940.000000 0.122262
941.000000 0.117243
942.000000 0.135944
943.000000 0.231797
944.000000 0.054452
945.000000 0.123357
946.000000 0.039974
947.000000 0.135868
948.000000 0.110373
949.000000 0.048141
950.000000 0.038176
951.000000 0.133564
952.000000 0.023007
953.000000 0.116425
954.000000 0.079605
955.000000 0.216213
956.000000 0.076293
957.000000 0.116795
958.000000 0.136359
959.000000 0.105951
960.000000 0.165681
961.000000 0.066346
962.000000 0.236191
963.000000 0.163434
964.000000 0.047683
965.000000 0.147841
966.000000 0.042721
967.000000 0.123448
968.000000 0.032338
969.000000 0.099683
970.000000 0.063793
971.000000 0.135395
972.000000 0.105902
973.000000 0.068805
974.000000 0.042849
975.000000 0.082609
976.000000 0.038154
977.000000 0.073499
978.000000 0.083150
979.000000 0.187454
980.000000 0.112273
981.000000 0.107691
982.000000 0.083813
983.000000 0.213968
984.000000 0.160246
985.000000 0.187113
986.000000 0.111043
987.000000 0.057678
988.000000 0.184032
989.000000 0.032597
990.000000 0.081279
991.000000 0.049170
992.000000 0.105843
993.000000 0.084062
994.000000 0.053553
995.000000 0.116933
996.000000 0.085052
997.000000 0.133823
998.000000 0.122934
999.000000 0.243179
1000.000000 0.125478
1001.000000 0.113949
1002.000000 0.196700
1003.000000 0.032028
1004.000000 0.182972
1005.000000 0.161134
1006.000000 0.111415
1007.000000 0.171064
1008.000000 0.037992
1009.000000 0.093035
1010.000000 0.050947
1011.000000 0.049176
1012.000000 0.065079
1013.000000 0.044666
1014.000000 0.053701
1015.000000 0.094627
1016.000000 0.129030
1017.000000 0.044744
1018.000000 0.157994
1019.000000 0.151187
1020.000000 0.059838
1021.000000 0.046522
1022.000000 0.086066
1023.000000 0.075128
1024.000000 0.036233
1025.000000 0.133737
1026.000000 0.166159
1027.000000 0.148292
1028.000000 0.089700
1029.000000 0.083312
1030.000000 0.071497
1031.000000 0.105489
1032.000000 0.149185
1033.000000 0.177285
1034.000000 0.027475
1035.000000 0.134979
1036.000000 0.277439
1037.000000 0.114405
1038.000000 0.090671
1039.000000 0.059890
1040.000000 0.204189
1041.000000 0.077555
1042.000000 0.105311
1043.000000 0.080099
1044.000000 0.138677
1045.000000 0.072596
1046.000000 0.106682
1047.000000 0.127299
1048.000000 0.064197
1049.000000 0.054127
1050.000000 0.101033
1051.000000 0.123224
1052.000000 0.020493
1053.000000 0.104228
1054.000000 0.110568
1055.000000 0.071628
1056.000000 0.018272
1057.000000 0.100454
1058.000000 0.067530
1059.000000 0.129380
1060.000000 0.199015
1061.000000 0.086660
1062.000000 0.053422
1063.000000 0.126668
1064.000000 0.126318
1065.000000 0.092925
1066.000000 0.181012
1067.000000 0.112084
1068.000000 0.078391
1069.000000 0.138764
1070.000000 0.019775
1071.000000 0.109407
1072.000000 0.150153
1073.000000 0.150011
1074.000000 0.099452
1075.000000 0.125036
1076.000000 0.112672
1077.000000 0.122546
1078.000000 0.018895
1079.000000 0.086689
1080.000000 0.140835
1081.000000 0.124173
1082.000000 0.116871
1083.000000 0.105499
1084.000000 0.113444
1085.000000 0.016465
1086.000000 0.158786
1087.000000 0.139563
1088.000000 0.072282
1089.000000 0.073553
1090.000000 0.038868
1091.000000 0.167025
1092.000000 0.025921
1093.000000 0.121861
1094.000000 0.135704
1095.000000 0.089819
1096.000000 0.037760
1097.000000 0.164519
1098.000000 0.054100
1099.000000 0.062956
1100.000000 0.113690
1101.000000 0.102694
1102.000000 0.200281
1103.000000 0.210827
1104.000000 0.129913
1105.000000 0.074051
1106.000000 0.152215
1107.000000 0.155228
1108.000000 0.143242
1109.000000 0.065204
1110.000000 0.060684
1111.000000 0.132824
1112.000000 0.072599
1113.000000 0.148910
1114.000000 0.056035
1115.000000 0.043031
1116.000000 0.092475
1117.000000 0.072140
1118.000000 0.314495
1119.000000 0.068659
1120.000000 0.221024
1121.000000 0.079359
1122.000000 0.079496
1123.000000 0.106082
1124.000000 0.102337
1125.000000 0.081793
1126.000000 0.170282
1127.000000 0.032970
1128.000000 0.072192
1129.000000 0.071814
1130.000000 0.038417
1131.000000 0.070495
1132.000000 0.152063
1133.000000 0.024177
1134.000000 0.066711
1135.000000 0.128313
1136.000000 0.046794
1137.000000 0.139771
1138.000000 0.093643
1139.000000 0.036205
1140.000000 0.189640
1141.000000 0.011437
1142.000000 0.134312
1143.000000 0.134804
1144.000000 0.105065
1145.000000 0.114651
1146.000000 0.109191
1147.000000 0.086278
1148.000000 0.072629
1149.000000 0.194928
1150.000000 0.102246
1151.000000 0.177071
1152.000000 0.170168
1153.000000 0.070052
1154.000000 0.234646
1155.000000 0.083735
1156.000000 0.121246
1157.000000 0.126078
1158.000000 0.172105
1159.000000 0.105446
1160.000000 0.092858
1161.000000 0.089820
1162.000000 0.138757
1163.000000 0.199870
1164.000000 0.104748
1165.000000 0.024775
1166.000000 0.211271
1167.000000 0.156382
1168.000000 0.094572
1169.000000 0.173248
1170.000000 0.174183
1171.000000 0.101243
1172.000000 0.071786
1173.000000 0.017782
1174.000000 0.050674
1175.000000 0.071602
1176.000000 0.166331
1177.000000 0.172963
1178.000000 0.064615
1179.000000 0.058849
1180.000000 0.076025
1181.000000 0.079183
1182.000000 0.039666
1183.000000 0.115415
1184.000000 0.109881
1185.000000 0.149166
1186.000000 0.103286
1187.000000 0.178998
1188.000000 0.114406
1189.000000 0.082182
1190.000000 0.146769
1191.000000 0.077157
1192.000000 0.083390
1193.000000 0.026774
1194.000000 0.054313
1195.000000 0.102545
1196.000000 0.118951
1197.000000 0.084329
1198.000000 0.135783
1199.000000 0.069855
1200.000000 0.051952
1201.000000 0.050661
1202.000000 0.192064
1203.000000 0.183397
1204.000000 0.138734
1205.000000 0.144654
1206.000000 0.064603
1207.000000 0.149575
1208.000000 0.043180
1209.000000 0.129489
1210.000000 0.107187
1211.000000 0.075109
1212.000000 0.177746
1213.000000 0.094849
1214.000000 0.033817
1215.000000 0.147258
1216.000000 0.055139
1217.000000 0.117930
1218.000000 0.066905
1219.000000 0.166340
1220.000000 0.018911
1221.000000 0.039262
1222.000000 0.080801
1223.000000 0.105886
1224.000000 0.184588
1225.000000 0.128173
1226.000000 0.044428
1227.000000 0.118312
1228.000000 0.108037
1229.000000 0.136512
1230.000000 0.115566
1231.000000 0.084291
1232.000000 0.131273
1233.000000 0.048335
1234.000000 0.030340
1235.000000 0.221749
1236.000000 0.054333
1237.000000 0.009592
1238.000000 0.041032
1239.000000 0.054248
1240.000000 0.103818
1241.000000 0.048282
1242.000000 0.067048
1243.000000 0.072896
1244.000000 0.080201
1245.000000 0.037031
1246.000000 0.066678
1247.000000 0.043420
1248.000000 0.103556
1249.000000 0.039406
1250.000000 0.020661
1251.000000 0.149066
1252.000000 0.026051
1253.000000 0.101441
1254.000000 0.133703
1255.000000 0.129861
1256.000000 0.031743
1257.000000 0.095589
1258.000000 0.082195
1259.000000 0.049698
1260.000000 0.154005
1261.000000 0.100504
1262.000000 0.046981
1263.000000 0.066528
1264.000000 0.088451
1265.000000 0.175676
1266.000000 0.006142
1267.000000 0.090672
1268.000000 0.182944
1269.000000 0.117759
1270.000000 0.048713
1271.000000 0.159618
1272.000000 0.217861
1273.000000 0.047811
1274.000000 0.156197
1275.000000 0.207712
1276.000000 0.127104
1277.000000 0.141746
1278.000000 0.204344
1279.000000 0.103490
1280.000000 0.136133
1281.000000 0.181562
1282.000000 0.099006
1283.000000 0.181179
1284.000000 0.010881
1285.000000 0.060927
1286.000000 0.210510
1287.000000 0.056447
1288.000000 0.126498
1289.000000 0.167264
1290.000000 0.039757
1291.000000 0.035197
1292.000000 0.089107
1293.000000 0.052617
1294.000000 0.101998
1295.000000 0.128569
1296.000000 0.070589
1297.000000 0.151985
1298.000000 0.067980
1299.000000 0.201150
1300.000000 0.178204
1301.000000 0.177086
1302.000000 0.143820
1303.000000 0.159828
1304.000000 0.139834
1305.000000 0.079729
1306.000000 0.126733
1307.000000 0.145073
1308.000000 0.110471
1309.000000 0.058217
1310.000000 0.090264
1311.000000 0.131606
1312.000000 0.083498
1313.000000 0.083523
1314.000000 0.050765
1315.000000 0.144826
1316.000000 0.142851
1317.000000 0.043799
1318.000000 0.136603
1319.000000 0.039542
1320.000000 0.097001
1321.000000 0.016584
1322.000000 0.124080
1323.000000 0.073122
1324.000000 0.097067
1325.000000 0.074770
1326.000000 0.020563
1327.000000 0.065728
1328.000000 0.059517
1329.000000 0.111341
1330.000000 0.058029
1331.000000 0.071649
1332.000000 0.112546
1333.000000 0.026890
1334.000000 0.012819
1335.000000 0.022563
1336.000000 0.110694
1337.000000 0.028032
1338.000000 0.100392
1339.000000 0.155011
1340.000000 0.037089
1341.000000 0.110700
1342.000000 0.063478
1343.000000 0.197518
1344.000000 0.115671
1345.000000 0.069651
1346.000000 0.154836
1347.000000 0.149598
1348.000000 0.063335
1349.000000 0.230564
1350.000000 0.136450
1351.000000 0.151969
1352.000000 0.127219
1353.000000 0.136161
1354.000000 0.195638
1355.000000 0.259800
1356.000000 0.131164
1357.000000 0.071241
1358.000000 0.108397
1359.000000 0.113944
1360.000000 0.065650
1361.000000 0.180088
1362.000000 0.096295
1363.000000 0.005844
1364.000000 0.036099
1365.000000 0.029940
1366.000000 0.031008
1367.000000 0.105422
1368.000000 0.092349
1369.000000 0.151757
1370.000000 0.070688
1371.000000 0.032981
1372.000000 0.090582
1373.000000 0.087400
1374.000000 0.156037
1375.000000 0.125145
1376.000000 0.031685
1377.000000 0.031228
1378.000000 0.111348
1379.000000 0.159388
1380.000000 0.285615
1381.000000 0.014007
1382.000000 0.079744
1383.000000 0.122938
1384.000000 0.100209
1385.000000 0.009070
1386.000000 0.096115
1387.000000 0.146419
1388.000000 0.183252
1389.000000 0.054028
1390.000000 0.130140
1391.000000 0.099235
1392.000000 0.074406
1393.000000 0.107422
1394.000000 0.187872
1395.000000 0.179879
1396.000000 0.130971
1397.000000 0.048851
1398.000000 0.054002
1399.000000 0.128975
1400.000000 0.056630
1401.000000 0.148861
1402.000000 0.024541
1403.000000 0.093296
1404.000000 0.030888
1405.000000 0.077071
1406.000000 0.168692
1407.000000 0.079606
1408.000000 0.066591
1409.000000 0.064098
1410.000000 0.104990
1411.000000 0.176031
1412.000000 0.052514
1413.000000 0.017446
1414.000000 0.153923
1415.000000 0.078580
1416.000000 0.062840
1417.000000 0.021344
1418.000000 0.049264
1419.000000 0.090489
1420.000000 0.075267
1421.000000 0.134136
1422.000000 0.211270
1423.000000 0.079138
1424.000000 0.062652
1425.000000 0.127085
1426.000000 0.166768
1427.000000 0.148677
1428.000000 0.051138
1429.000000 0.026046
1430.000000 0.054467
1431.000000 0.170948
1432.000000 0.145651
1433.000000 0.125403
1434.000000 0.136249
1435.000000 0.038230
1436.000000 0.080020
1437.000000 0.127922
1438.000000 0.114465
1439.000000 0.108685
1440.000000 0.167748
1441.000000 0.048365
1442.000000 0.125093
1443.000000 0.107807
1444.000000 0.164679
1445.000000 0.151674
1446.000000 0.085109
1447.000000 0.137019
1448.000000 0.127537
1449.000000 0.062750
1450.000000 0.016545
1451.000000 0.145847
1452.000000 0.111779
1453.000000 0.150137
1454.000000 0.142181
1455.000000 0.130990
1456.000000 0.036183
1457.000000 0.063735
1458.000000 0.033098
1459.000000 0.061151
1460.000000 0.148519
1461.000000 0.128923
1462.000000 0.162748
1463.000000 0.078552
1464.000000 0.106455
1465.000000 0.030910
1466.000000 0.062312
1467.000000 0.133517
1468.000000 0.030121
1469.000000 0.091257
1470.000000 0.051693
1471.000000 0.093681
1472.000000 0.133618
1473.000000 0.027698
1474.000000 0.078672
1475.000000 0.131393
1476.000000 0.097986
1477.000000 0.067315
1478.000000 0.083976
1479.000000 0.066486
1480.000000 0.128688
1481.000000 0.053108
1482.000000 0.048715
1483.000000 0.110812
1484.000000 0.047330
1485.000000 0.091264
1486.000000 0.109065
1487.000000 0.108987
1488.000000 0.052959
1489.000000 0.077182
1490.000000 0.106393
1491.000000 0.279415
1492.000000 0.105877
1493.000000 0.032277
1494.000000 0.061523
1495.000000 0.080816
1496.000000 0.073061
1497.000000 0.037329
1498.000000 0.057572
1499.000000 0.209758
1500.000000 0.052188
1501.000000 0.097531
1502.000000 0.116188
1503.000000 0.075911
1504.000000 0.058110
1505.000000 0.177180
1506.000000 0.109714
1507.000000 0.153003
1508.000000 0.165809
1509.000000 0.072112
1510.000000 0.101998
1511.000000 0.060839
1512.000000 0.138696
1513.000000 0.096258
1514.000000 0.090254
1515.000000 0.078789
1516.000000 0.090692
1517.000000 0.072820
1518.000000 0.193684
1519.000000 0.119087
1520.000000 0.064643
1521.000000 0.067444
1522.000000 0.100462
1523.000000 0.022838
1524.000000 0.154731
1525.000000 0.068247
1526.000000 0.056575
1527.000000 0.085748
1528.000000 0.172950
1529.000000 0.165379
1530.000000 0.172798
1531.000000 0.089987
1532.000000 0.115626
1533.000000 0.072553
1534.000000 0.043912
1535.000000 0.124169
1536.000000 0.054534
1537.000000 0.028146
1538.000000 0.072247
1539.000000 0.180934
1540.000000 0.023961
1541.000000 0.123409
1542.000000 0.073561
1543.000000 0.103474
1544.000000 0.090505
1545.000000 0.085402
1546.000000 0.199160
1547.000000 0.148192
1548.000000 0.083078
1549.000000 0.150730
1550.000000 0.043886
1551.000000 0.058210
1552.000000 0.127680
1553.000000 0.040868
1554.000000 0.088325
1555.000000 0.214799
1556.000000 0.072823
1557.000000 0.113061
1558.000000 0.063350
1559.000000 0.085224
1560.000000 0.114546
1561.000000 0.064440
1562.000000 0.080257
1563.000000 0.053422
1564.000000 0.068148
1565.000000 0.065182
1566.000000 0.100687
1567.000000 0.034696
1568.000000 0.046953
1569.000000 0.091001
1570.000000 0.086214
1571.000000 0.078172
1572.000000 0.025034
1573.000000 0.126965
1574.000000 0.051179
1575.000000 0.094900
1576.000000 0.120024
1577.000000 0.065921
1578.000000 0.082468
1579.000000 0.082846
1580.000000 0.050149
1581.000000 0.087999
1582.000000 0.133553
1583.000000 0.011036
1584.000000 0.092776
1585.000000 0.218569
1586.000000 0.163305
1587.000000 0.118249
1588.000000 0.053260
1589.000000 0.107561
1590.000000 0.067362
1591.000000 0.110620
1592.000000 0.053719
1593.000000 0.096621
1594.000000 0.087513
1595.000000 0.164184
1596.000000 0.126273
1597.000000 0.143472
1598.000000 0.188417
1599.000000 0.028848
1600.000000 0.113193
1601.000000 0.048454
1602.000000 0.095589
1603.000000 0.232265
1604.000000 0.112841
1605.000000 0.087022
1606.000000 0.022198
1607.000000 0.145542
1608.000000 0.100366
1609.000000 0.157657
1610.000000 0.036694
1611.000000 0.064738
1612.000000 0.022107
1613.000000 0.085347
1614.000000 0.103682
1615.000000 0.011863
1616.000000 0.101881
1617.000000 0.111369
1618.000000 0.037787
1619.000000 0.042317
1620.000000 0.252189
1621.000000 0.100381
1622.000000 0.211388
1623.000000 0.144275
1624.000000 0.086720
1625.000000 0.116705
1626.000000 0.108512
1627.000000 0.018052
1628.000000 0.070899
1629.000000 0.078798
1630.000000 0.186355
1631.000000 0.187374
1632.000000 0.064697
1633.000000 0.033890
1634.000000 0.127829
1635.000000 0.160825
1636.000000 0.028345
1637.000000 0.062661
1638.000000 0.082924
1639.000000 0.154758
1640.000000 0.055156
1641.000000 0.081125
1642.000000 0.064927
1643.000000 0.031925
1644.000000 0.059711
1645.000000 0.132197
1646.000000 0.038353
1647.000000 0.100275
1648.000000 0.059199
1649.000000 0.048454
1650.000000 0.155135
1651.000000 0.091226
1652.000000 0.066262
1653.000000 0.068720
1654.000000 0.089187
1655.000000 0.090507
1656.000000 0.173788
1657.000000 0.021322
1658.000000 0.146944
1659.000000 0.030005
1660.000000 0.107870
1661.000000 0.071258
1662.000000 0.209124
1663.000000 0.100834
1664.000000 0.071340
1665.000000 0.096213
1666.000000 0.167689
1667.000000 0.055482
1668.000000 0.089211
1669.000000 0.080338
1670.000000 0.187435
1671.000000 0.130227
1672.000000 0.071013
1673.000000 0.081728
1674.000000 0.050212
1675.000000 0.045779
1676.000000 0.038436
1677.000000 0.018611
1678.000000 0.128097
1679.000000 0.090184
1680.000000 0.088909
1681.000000 0.029737
1682.000000 0.166967
1683.000000 0.028733
1684.000000 0.140669
1685.000000 0.108105
1686.000000 0.158741
1687.000000 0.108419
1688.000000 0.114767
1689.000000 0.070539
1690.000000 0.104577
1691.000000 0.150314
1692.000000 0.105665
1693.000000 0.100666
1694.000000 0.025729
1695.000000 0.010356
1696.000000 0.034151
1697.000000 0.072547
1698.000000 0.128880
1699.000000 0.134703
1700.000000 0.211683
1701.000000 0.100544
1702.000000 0.153951
1703.000000 0.015430
1704.000000 0.112149
1705.000000 0.108527
1706.000000 0.076773
1707.000000 0.028947
1708.000000 0.009019
1709.000000 0.179055
1710.000000 0.050330
1711.000000 0.123968
1712.000000 0.089985
1713.000000 0.096416
1714.000000 0.041710
1715.000000 0.053751
1716.000000 0.150353
1717.000000 0.109853
1718.000000 0.202320
1719.000000 0.074803
1720.000000 0.073716
1721.000000 0.045493
1722.000000 0.113374
1723.000000 0.080233
1724.000000 0.165717
1725.000000 0.112184
1726.000000 0.075188
1727.000000 0.071064
1728.000000 0.035859
1729.000000 0.156746
1730.000000 0.239510
1731.000000 0.078412
1732.000000 0.071811
1733.000000 0.134381
1734.000000 0.066865
1735.000000 0.142354
1736.000000 0.058920
1737.000000 0.049490
1738.000000 0.059135
1739.000000 0.046722
1740.000000 0.143904
1741.000000 0.080434
1742.000000 0.035288
1743.000000 0.089767
1744.000000 0.133534
1745.000000 0.187052
1746.000000 0.092029
1747.000000 0.103963
1748.000000 0.022371
1749.000000 0.083839
1750.000000 0.050564
1751.000000 0.051239
1752.000000 0.018045
1753.000000 0.181119
1754.000000 0.007252
1755.000000 0.087255
1756.000000 0.176344
1757.000000 0.119889
1758.000000 0.135326
1759.000000 0.052335
1760.000000 0.099919
1761.000000 0.062909
1762.000000 0.124893
1763.000000 0.104870
1764.000000 0.085675
1765.000000 0.059262
1766.000000 0.141796
1767.000000 0.147292
1768.000000 0.150508
1769.000000 0.069473
1770.000000 0.321687
1771.000000 0.113396
1772.000000 0.112390
1773.000000 0.029279
1774.000000 0.032953
1775.000000 0.192789
1776.000000 0.141316
1777.000000 0.156849
1778.000000 0.104936
1779.000000 0.086197
1780.000000 0.139147
1781.000000 0.079713
1782.000000 0.067427
1783.000000 0.103997
1784.000000 0.158313
1785.000000 0.127612
1786.000000 0.041253
1787.000000 0.078639
1788.000000 0.080766
1789.000000 0.073047
1790.000000 0.185257
1791.000000 0.105283
1792.000000 0.195399
1793.000000 0.051122
1794.000000 0.073731
1795.000000 0.157315
1796.000000 0.081989
1797.000000 0.010677
1798.000000 0.152791
1799.000000 0.099318
1800.000000 0.033361
1801.000000 0.036819
1802.000000 0.167968
1803.000000 0.130725
1804.000000 0.094443
1805.000000 0.026997
1806.000000 0.116221
1807.000000 0.118623
1808.000000 0.107967
1809.000000 0.010552
1810.000000 0.205521
1811.000000 0.114709
1812.000000 0.098449
1813.000000 0.145436
1814.000000 0.108918
1815.000000 0.044214
1816.000000 0.005826
1817.000000 0.101622
1818.000000 0.142497
1819.000000 0.112145
1820.000000 0.136107
1821.000000 0.043821
1822.000000 0.219334
1823.000000 0.120387
1824.000000 0.088791
1825.000000 0.223297
1826.000000 0.178798
1827.000000 0.084478
1828.000000 0.023214
1829.000000 0.102630
1830.000000 0.185774
1831.000000 0.113843
1832.000000 0.125062
1833.000000 0.092290
1834.000000 0.124337
1835.000000 0.160385
1836.000000 0.127023
1837.000000 0.105402
1838.000000 0.168430
1839.000000 0.139044
1840.000000 0.047904
1841.000000 0.036840
1842.000000 0.104022
1843.000000 0.216253
1844.000000 0.115845
1845.000000 0.061068
1846.000000 0.143466
1847.000000 0.001624
1848.000000 0.118445
1849.000000 0.151119
1850.000000 0.017306
1851.000000 0.077884
1852.000000 0.023369
1853.000000 0.033999
1854.000000 0.029216
1855.000000 0.067563
1856.000000 0.038471
1857.000000 0.041567
1858.000000 0.133310
1859.000000 0.245369
1860.000000 0.102928
1861.000000 0.023698
1862.000000 0.061024
1863.000000 0.076592
1864.000000 0.079195
1865.000000 0.056726
1866.000000 0.169568
1867.000000 0.078445
1868.000000 0.053709
1869.000000 0.097761
1870.000000 0.200464
1871.000000 0.005867
1872.000000 0.092360
1873.000000 0.160275
1874.000000 0.063335
1875.000000 0.163904
1876.000000 0.122214
1877.000000 0.207103
1878.000000 0.084302
1879.000000 0.045899
1880.000000 0.078116
1881.000000 0.048222
1882.000000 0.044457
1883.000000 0.068906
1884.000000 0.076201
1885.000000 0.136533
1886.000000 0.027529
1887.000000 0.053275
1888.000000 0.170320
1889.000000 0.184352
1890.000000 0.049444
1891.000000 0.046337
1892.000000 0.043527
1893.000000 0.159955
1894.000000 0.184650
1895.000000 0.004623
1896.000000 0.041810
1897.000000 0.059478
1898.000000 0.171246
1899.000000 0.109137
1900.000000 0.154248
1901.000000 0.091284
1902.000000 0.149499
1903.000000 0.097612
1904.000000 0.120139
1905.000000 0.060402
1906.000000 0.027763
1907.000000 0.071405
1908.000000 0.122825
1909.000000 0.101386
1910.000000 0.157718
1911.000000 0.142299
1912.000000 0.115639
1913.000000 0.073582
1914.000000 0.105085
1915.000000 0.118945
1916.000000 0.050710
1917.000000 0.094231
1918.000000 0.234768
1919.000000 0.220709
1920.000000 0.123663
1921.000000 0.083841
1922.000000 0.137714
1923.000000 0.063956
1924.000000 0.097050
1925.000000 0.032621
1926.000000 0.074642
1927.000000 0.078564
1928.000000 0.038925
1929.000000 0.063607
1930.000000 0.164215
1931.000000 0.077531
1932.000000 0.084297
1933.000000 0.141330
1934.000000 0.072216
1935.000000 0.098624
1936.000000 0.200506
1937.000000 0.142220
1938.000000 0.080604
1939.000000 0.097793
1940.000000 0.151333
1941.000000 0.064763
1942.000000 0.126420
1943.000000 0.038791
1944.000000 0.019430
1945.000000 0.079673
1946.000000 0.186976
1947.000000 0.062425
1948.000000 0.059547
1949.000000 0.134906
1950.000000 0.099507
1951.000000 0.110637
1952.000000 0.059610
1953.000000 0.064961
1954.000000 0.129948
1955.000000 0.055255
1956.000000 0.026056
1957.000000 0.110837
1958.000000 0.132229
1959.000000 0.037145
1960.000000 0.055757
1961.000000 0.019406
1962.000000 0.218507
1963.000000 0.105905
1964.000000 0.050205
1965.000000 0.133360
1966.000000 0.085287
1967.000000 0.021769
1968.000000 0.143370
1969.000000 0.034420
1970.000000 0.115807
1971.000000 0.125224
1972.000000 0.178895
1973.000000 0.037455
1974.000000 0.027474
1975.000000 0.046883
1976.000000 0.159757
1977.000000 0.083834
1978.000000 0.107959
1979.000000 0.029342
1980.000000 0.244927
1981.000000 0.092741
1982.000000 0.093127
1983.000000 0.059460
1984.000000 0.037452
1985.000000 0.097586
1986.000000 0.098219
1987.000000 0.119089
1988.000000 0.050231
1989.000000 0.134872
1990.000000 0.148137
1991.000000 0.136242
1992.000000 0.107324
1993.000000 0.105267
1994.000000 0.048856
1995.000000 0.106815
1996.000000 0.061986
1997.000000 0.044379
1998.000000 0.113967
1999.000000 0.070044
2000.000000 0.052023
2001.000000 0.129621
2002.000000 0.057297
2003.000000 0.172434
2004.000000 0.084921
2005.000000 0.096550
2006.000000 0.087328
2007.000000 0.191345
2008.000000 0.194820
2009.000000 0.130533
2010.000000 0.016918
2011.000000 0.170972
2012.000000 0.105058
2013.000000 0.089134
2014.000000 0.047891
2015.000000 0.224629
2016.000000 0.091821
2017.000000 0.077835
2018.000000 0.121195
2019.000000 0.192788
2020.000000 0.186428
2021.000000 0.124952
2022.000000 0.048632
2023.000000 0.017496
2024.000000 0.161711
2025.000000 0.054925
2026.000000 0.082768
2027.000000 0.114746
2028.000000 0.158186
2029.000000 0.046696
2030.000000 0.106572
2031.000000 0.082230
2032.000000 0.086794
2033.000000 0.063744
2034.000000 0.118160
2035.000000 0.109263
2036.000000 0.134286
2037.000000 0.045011
2038.000000 0.097857
2039.000000 0.173861
2040.000000 0.186400
2041.000000 0.093293
2042.000000 0.149367
2043.000000 0.050229
2044.000000 0.092109
2045.000000 0.084358
2046.000000 0.047998
2047.000000 0.157483
2048.000000 0.089220
2049.000000 0.097932
2050.000000 0.036014
2051.000000 0.128235
2052.000000 0.096526
2053.000000 0.152354
2054.000000 0.082350
2055.000000 0.117500
2056.000000 0.039490
2057.000000 0.096526
2058.000000 0.022535
2059.000000 0.111927
2060.000000 0.128043
2061.000000 0.029275
2062.000000 0.153143
2063.000000 0.128124
2064.000000 0.169874
2065.000000 0.085661
2066.000000 0.062757
2067.000000 0.045023
2068.000000 0.043337
2069.000000 0.049172
2070.000000 0.089873
2071.000000 0.044106
2072.000000 0.057099
2073.000000 0.094090
2074.000000 0.190366
2075.000000 0.193777
2076.000000 0.145360
2077.000000 0.158136
2078.000000 0.027027
2079.000000 0.052130
2080.000000 0.070366
2081.000000 0.149282
2082.000000 0.139263
2083.000000 0.085993
2084.000000 0.014468
2085.000000 0.109039
2086.000000 0.091000
2087.000000 0.089775
2088.000000 0.088716
2089.000000 0.094135
2090.000000 0.097657
2091.000000 0.164746
2092.000000 0.073015
2093.000000 0.072251
2094.000000 0.092136
2095.000000 0.159842
2096.000000 0.185470
2097.000000 0.112620
2098.000000 0.067010
2099.000000 0.164814
2100.000000 0.105080
2101.000000 0.028556
2102.000000 0.067550
2103.000000 0.056514
2104.000000 0.152301
2105.000000 0.105925
2106.000000 0.054001
2107.000000 0.017737
2108.000000 0.188774
2109.000000 0.081228
2110.000000 0.154008
2111.000000 0.084642
2112.000000 0.071355
2113.000000 0.071473
2114.000000 0.133474
2115.000000 0.109724
2116.000000 0.054856
2117.000000 0.041956
2118.000000 0.109315
2119.000000 0.130295
2120.000000 0.155894
2121.000000 0.124643
2122.000000 0.200916
2123.000000 0.049013
2124.000000 0.021911
2125.000000 0.073425
2126.000000 0.212077
2127.000000 0.062663
2128.000000 0.170834
2129.000000 0.049124
2130.000000 0.082097
2131.000000 0.147644
2132.000000 0.213755
2133.000000 0.077467
2134.000000 0.143457
2135.000000 0.036512
2136.000000 0.049301
2137.000000 0.115773
2138.000000 0.107868
2139.000000 0.149433
2140.000000 0.130859
2141.000000 0.070330
2142.000000 0.041262
2143.000000 0.036336
2144.000000 0.066356
2145.000000 0.146807
2146.000000 0.204497
2147.000000 0.111919
2148.000000 0.120953
2149.000000 0.068686
2150.000000 0.122498
2151.000000 0.066693
2152.000000 0.114120
2153.000000 0.133312
2154.000000 0.060650
2155.000000 0.025098
2156.000000 0.180844
2157.000000 0.116146
2158.000000 0.093801
2159.000000 0.128784
2160.000000 0.086715
2161.000000 0.126388
2162.000000 0.234936
2163.000000 0.236040
2164.000000 0.111124
2165.000000 0.208611
2166.000000 0.116723
2167.000000 0.043700
2168.000000 0.070189
2169.000000 0.041340
2170.000000 0.130933
2171.000000 0.088701
2172.000000 0.072621
2173.000000 0.061758
2174.000000 0.084171
2175.000000 0.074343
2176.000000 0.203014
2177.000000 0.070909
2178.000000 0.171500
2179.000000 0.160892
2180.000000 0.064419
2181.000000 0.067847
2182.000000 0.020065
2183.000000 0.079370
2184.000000 0.021182
2185.000000 0.032625
2186.000000 0.072850
2187.000000 0.101656
2188.000000 0.146621
2189.000000 0.077616
2190.000000 0.099040
2191.000000 0.091128
2192.000000 0.095593
2193.000000 0.159552
2194.000000 0.110959
2195.000000 0.127352
2196.000000 0.140335
2197.000000 0.063440
2198.000000 0.066217
2199.000000 0.008523
2200.000000 0.049768
2201.000000 0.006655
2202.000000 0.039720
2203.000000 0.128944
2204.000000 0.117389
2205.000000 0.179674
2206.000000 0.137803
2207.000000 0.089917
2208.000000 0.059831
2209.000000 0.065649
2210.000000 0.115038
2211.000000 0.025332
2212.000000 0.110158
2213.000000 0.180191
2214.000000 0.154090
2215.000000 0.165730
2216.000000 0.090364
2217.000000 0.123339
2218.000000 0.063937
2219.000000 0.084836
2220.000000 0.059713
2221.000000 0.178215
2222.000000 0.105219
2223.000000 0.036688
2224.000000 0.028330
2225.000000 0.196106
2226.000000 0.022241
2227.000000 0.145336
2228.000000 0.023955
2229.000000 0.080317
2230.000000 0.038388
2231.000000 0.194162
2232.000000 0.140403
2233.000000 0.205059
2234.000000 0.138344
2235.000000 0.030434
2236.000000 0.065470
2237.000000 0.086859
2238.000000 0.073881
2239.000000 0.103645
2240.000000 0.054783
2241.000000 0.203947
2242.000000 0.104784
2243.000000 0.058445
2244.000000 0.106824
2245.000000 0.030663
2246.000000 0.055110
2247.000000 0.066622
2248.000000 0.081939
2249.000000 0.106639
2250.000000 0.067938
2251.000000 0.177640
2252.000000 0.131331
2253.000000 0.149632
2254.000000 0.051082
2255.000000 0.028127
2256.000000 0.048238
2257.000000 0.125477
2258.000000 0.079377
2259.000000 0.130664
2260.000000 0.109711
2261.000000 0.115171
2262.000000 0.109298
2263.000000 0.081879
2264.000000 0.049519
2265.000000 0.042952
2266.000000 0.024437
2267.000000 0.101103
2268.000000 0.132193
2269.000000 0.060769
2270.000000 0.037790
2271.000000 0.112231
2272.000000 0.135094
2273.000000 0.231344
2274.000000 0.079596
2275.000000 0.156790
2276.000000 0.038198
2277.000000 0.078646
2278.000000 0.033877
2279.000000 0.065607
2280.000000 0.100038
2281.000000 0.097810
2282.000000 0.026396
2283.000000 0.045527
2284.000000 0.023668
2285.000000 0.057088
2286.000000 0.060566
2287.000000 0.020924
2288.000000 0.043005
2289.000000 0.075391
2290.000000 0.107499
2291.000000 0.103762
2292.000000 0.107842
2293.000000 0.049946
2294.000000 0.113321
2295.000000 0.012901
2296.000000 0.150705
2297.000000 0.180459
2298.000000 0.068508
2299.000000 0.093063
2300.000000 0.087453
2301.000000 0.087631
2302.000000 0.125133
2303.000000 0.014262
2304.000000 0.041191
2305.000000 0.034855
2306.000000 0.064465
2307.000000 0.026995
2308.000000 0.079349
2309.000000 0.015217
2310.000000 0.152464
2311.000000 0.237957
2312.000000 0.096451
2313.000000 0.073046
2314.000000 0.072516
2315.000000 0.100468
2316.000000 0.102016
2317.000000 0.082663
2318.000000 0.171879
2319.000000 0.108473
2320.000000 0.162094
2321.000000 0.120715
2322.000000 0.044200
2323.000000 0.105740
2324.000000 0.138571
2325.000000 0.056283
2326.000000 0.193823
2327.000000 0.103655
2328.000000 0.222490
2329.000000 0.146354
2330.000000 0.081540
2331.000000 0.032971
2332.000000 0.090965
2333.000000 0.094648
2334.000000 0.003356
2335.000000 0.093722
2336.000000 0.253348
2337.000000 0.152512
2338.000000 0.055412
2339.000000 0.310012
2340.000000 0.071547
2341.000000 0.111678
2342.000000 0.091985
2343.000000 0.046417
2344.000000 0.081968
2345.000000 0.171418
2346.000000 0.113027
2347.000000 0.055308
2348.000000 0.101855
2349.000000 0.190258
2350.000000 0.049522
2351.000000 0.056399
2352.000000 0.115088
2353.000000 0.112325
2354.000000 0.106091
2355.000000 0.078553
2356.000000 0.063054
2357.000000 0.027920
2358.000000 0.051135
2359.000000 0.132597
2360.000000 0.121111
2361.000000 0.161482
2362.000000 0.232404
2363.000000 0.062967
2364.000000 0.146037
2365.000000 0.099643
2366.000000 0.044081
2367.000000 0.089519
2368.000000 0.050214
2369.000000 0.145680
2370.000000 0.081774
2371.000000 0.093666
2372.000000 0.213627
2373.000000 0.067644
2374.000000 0.154004
2375.000000 0.147203
2376.000000 0.079810
2377.000000 0.084062
2378.000000 0.134079
2379.000000 0.141457
2380.000000 0.094223
2381.000000 0.032849
2382.000000 0.137124
2383.000000 0.069044
2384.000000 0.123137
2385.000000 0.137577
2386.000000 0.092248
2387.000000 0.141124
2388.000000 0.179906
2389.000000 0.108800
2390.000000 0.054346
2391.000000 0.043900
2392.000000 0.150915
2393.000000 0.079473
2394.000000 0.101206
2395.000000 0.119174
2396.000000 0.028527
2397.000000 0.172903
2398.000000 0.084698
2399.000000 0.116980
2400.000000 0.066915
2401.000000 0.078796
2402.000000 0.122246
2403.000000 0.055279
2404.000000 0.075189
2405.000000 0.069159
2406.000000 0.014691
2407.000000 0.074506
2408.000000 0.089209
2409.000000 0.099650
2410.000000 0.078207
2411.000000 0.010655
2412.000000 0.084841
2413.000000 0.085075
2414.000000 0.084440
2415.000000 0.065270
2416.000000 0.125876
2417.000000 0.182232
2418.000000 0.164216
2419.000000 0.033212
2420.000000 0.089222
2421.000000 0.059073
2422.000000 0.080551
2423.000000 0.134262
2424.000000 0.066928
2425.000000 0.091880
2426.000000 0.047875
2427.000000 0.066252
2428.000000 0.127058
2429.000000 0.091890
2430.000000 0.140448
2431.000000 0.163714
2432.000000 0.107489
2433.000000 0.104761
2434.000000 0.128791
2435.000000 0.052030
2436.000000 0.042412
2437.000000 0.074834
2438.000000 0.032903
2439.000000 0.182232
2440.000000 0.226795
2441.000000 0.104608
2442.000000 0.093859
2443.000000 0.195219
2444.000000 0.083245
2445.000000 0.079841
2446.000000 0.098847
2447.000000 0.110722
2448.000000 0.184474
2449.000000 0.113292
2450.000000 0.199643
2451.000000 0.090023
2452.000000 0.129637
2453.000000 0.051912
2454.000000 0.188938
2455.000000 0.066442
2456.000000 0.068663
2457.000000 0.063760
2458.000000 0.023777
2459.000000 0.216827
2460.000000 0.187341
2461.000000 0.039450
2462.000000 0.125536
2463.000000 0.053354
2464.000000 0.091685
2465.000000 0.102510
2466.000000 0.105232
2467.000000 0.070192
2468.000000 0.176926
2469.000000 0.072105
2470.000000 0.015893
2471.000000 0.046173
2472.000000 0.021237
2473.000000 0.163778
2474.000000 0.144261
2475.000000 0.081157
2476.000000 0.070354
2477.000000 0.138580
2478.000000 0.069221
2479.000000 0.051757
2480.000000 0.050788
2481.000000 0.080148
2482.000000 0.097151
2483.000000 0.082780
2484.000000 0.017032
2485.000000 0.030270
2486.000000 0.087621
2487.000000 0.127265
2488.000000 0.072266
2489.000000 0.022124
2490.000000 0.146881
2491.000000 0.003512
2492.000000 0.112968
2493.000000 0.074270
2494.000000 0.136393
2495.000000 0.021677
2496.000000 0.119046
2497.000000 0.069261
2498.000000 0.210743
2499.000000 0.098443
2500.000000 0.043964
2501.000000 0.101085
2502.000000 0.017751
2503.000000 0.030404
2504.000000 0.189467
2505.000000 0.111506
2506.000000 0.094682
2507.000000 0.212478
2508.000000 0.046520
2509.000000 0.053350
2510.000000 0.077004
2511.000000 0.160137
2512.000000 0.054035
2513.000000 0.177270
2514.000000 0.089321
2515.000000 0.015140
2516.000000 0.017017
2517.000000 0.051576
2518.000000 0.183849
2519.000000 0.069777
2520.000000 0.228503
2521.000000 0.045212
2522.000000 0.078172
2523.000000 0.035731
2524.000000 0.082624
2525.000000 0.098833
2526.000000 0.081699
2527.000000 0.102891
2528.000000 0.114501
2529.000000 0.104757
2530.000000 0.041915
2531.000000 0.039933
2532.000000 0.030917
2533.000000 0.128502
2534.000000 0.077514
2535.000000 0.188159
2536.000000 0.120992
2537.000000 0.048614
2538.000000 0.056050
2539.000000 0.062929
2540.000000 0.107764
2541.000000 0.038268
2542.000000 0.040609
2543.000000 0.127274
2544.000000 0.072105
2545.000000 0.012670
2546.000000 0.128083
2547.000000 0.026574
2548.000000 0.122987
2549.000000 0.261950
2550.000000 0.102480
2551.000000 0.059518
2552.000000 0.149931
2553.000000 0.217818
2554.000000 0.173381
2555.000000 0.209159
2556.000000 0.079221
2557.000000 0.087318
2558.000000 0.097937
2559.000000 0.101118
2560.000000 0.103618
2561.000000 0.122914
2562.000000 0.101473
2563.000000 0.042984
2564.000000 0.104930
2565.000000 0.127463
2566.000000 0.054252
2567.000000 0.095059
2568.000000 0.142460
2569.000000 0.078471
2570.000000 0.117079
2571.000000 0.074239
2572.000000 0.105714
2573.000000 0.081573
2574.000000 0.139759
2575.000000 0.156598
2576.000000 0.160272
2577.000000 0.090677
2578.000000 0.083265
2579.000000 0.175159
2580.000000 0.098731
2581.000000 0.068451
2582.000000 0.072142
2583.000000 0.111901
2584.000000 0.176675
2585.000000 0.069076
2586.000000 0.136063
2587.000000 0.074188
2588.000000 0.150873
2589.000000 0.085342
2590.000000 0.021817
2591.000000 0.122385
2592.000000 0.104570
2593.000000 0.209491
2594.000000 0.183673
2595.000000 0.050586
2596.000000 0.012570
2597.000000 0.159809
2598.000000 0.113704
2599.000000 0.073168
2600.000000 0.117463
2601.000000 0.159351
2602.000000 0.015289
2603.000000 0.153502
2604.000000 0.015380
2605.000000 0.121237
2606.000000 0.126616
2607.000000 0.103886
2608.000000 0.128616
2609.000000 0.026975
2610.000000 0.063950
2611.000000 0.067908
2612.000000 0.036178
2613.000000 0.255330
2614.000000 0.114345
2615.000000 0.088410
2616.000000 0.176301
2617.000000 0.130036
2618.000000 0.076166
2619.000000 0.048330
2620.000000 0.100369
2621.000000 0.183867
2622.000000 0.178201
2623.000000 0.126628
2624.000000 0.070295
2625.000000 0.071162
2626.000000 0.064815
2627.000000 0.132796
2628.000000 0.093244
2629.000000 0.125366
2630.000000 0.044353
2631.000000 0.035727
2632.000000 0.194411
2633.000000 0.092977
2634.000000 0.226662
2635.000000 0.058186
2636.000000 0.160571
2637.000000 0.119331
2638.000000 0.104823
2639.000000 0.058029
2640.000000 0.062897
2641.000000 0.084119
2642.000000 0.054857
2643.000000 0.107645
2644.000000 0.048661
2645.000000 0.094502
2646.000000 0.214766
2647.000000 0.191905
2648.000000 0.145260
2649.000000 0.100607
2650.000000 0.091240
2651.000000 0.100852
2652.000000 0.201262
2653.000000 0.153809
2654.000000 0.156019
2655.000000 0.034479
2656.000000 0.166814
2657.000000 0.123790
2658.000000 0.109148
2659.000000 0.149601
2660.000000 0.067243
2661.000000 0.104924
2662.000000 0.051839
2663.000000 0.031858
2664.000000 0.038791
2665.000000 0.178394
2666.000000 0.077380
2667.000000 0.071657
2668.000000 0.125412
2669.000000 0.057140
2670.000000 0.155613
2671.000000 0.004928
2672.000000 0.115320
2673.000000 0.036313
2674.000000 0.017543
2675.000000 0.132102
2676.000000 0.009546
2677.000000 0.056090
2678.000000 0.027988
2679.000000 0.123675
2680.000000 0.022867
2681.000000 0.105016
2682.000000 0.207027
2683.000000 0.132299
2684.000000 0.071740
2685.000000 0.092393
2686.000000 0.072942
2687.000000 0.075436
2688.000000 0.019336
2689.000000 0.054051
2690.000000 0.038463
2691.000000 0.094848
2692.000000 0.083968
2693.000000 0.213356
2694.000000 0.094213
2695.000000 0.181072
2696.000000 0.055076
2697.000000 0.097306
2698.000000 0.118742
2699.000000 0.068424
2700.000000 0.087504
2701.000000 0.056999
2702.000000 0.055978
2703.000000 0.036364
2704.000000 0.097922
2705.000000 0.074512
2706.000000 0.097955
2707.000000 0.127447
2708.000000 0.144204
2709.000000 0.126641
2710.000000 0.115967
2711.000000 0.127225
2712.000000 0.167101
2713.000000 0.094885
2714.000000 0.016270
2715.000000 0.084690
2716.000000 0.150387
2717.000000 0.031353
2718.000000 0.059991
2719.000000 0.073352
2720.000000 0.053051
2721.000000 0.116920
2722.000000 0.053819
2723.000000 0.061193
2724.000000 0.058810
2725.000000 0.044057
2726.000000 0.205774
2727.000000 0.074398
2728.000000 0.064281
2729.000000 0.080012
2730.000000 0.133335
2731.000000 0.022272
2732.000000 0.226262
2733.000000 0.094821
2734.000000 0.139350
2735.000000 0.125501
2736.000000 0.072776
2737.000000 0.082524
2738.000000 0.064644
2739.000000 0.038640
2740.000000 0.023748
2741.000000 0.186061
2742.000000 0.144319
2743.000000 0.091204
2744.000000 0.121001
2745.000000 0.071785
2746.000000 0.135346
2747.000000 0.057469
2748.000000 0.066892
2749.000000 0.077071
2750.000000 0.029524
2751.000000 0.137679
2752.000000 0.083328
2753.000000 0.084074
2754.000000 0.087903
2755.000000 0.079745
2756.000000 0.039131
2757.000000 0.048240
2758.000000 0.076226
2759.000000 0.033403
2760.000000 0.151171
2761.000000 0.022207
2762.000000 0.129853
2763.000000 0.114585
2764.000000 0.176451
2765.000000 0.248195
2766.000000 0.103132
2767.000000 0.060186
2768.000000 0.107363
2769.000000 0.123805
2770.000000 0.066659
2771.000000 0.141688
2772.000000 0.034091
2773.000000 0.074739
2774.000000 0.123201
2775.000000 0.080792
2776.000000 0.046921
2777.000000 0.123519
2778.000000 0.086996
2779.000000 0.104892
2780.000000 0.139920
2781.000000 0.038502
2782.000000 0.064624
2783.000000 0.148203
2784.000000 0.055970
2785.000000 0.068088
2786.000000 0.056863
2787.000000 0.050450
2788.000000 0.129551
2789.000000 0.168385
2790.000000 0.052497
2791.000000 0.058844
2792.000000 0.050258
2793.000000 0.116042
2794.000000 0.071139
2795.000000 0.057325
2796.000000 0.104647
2797.000000 0.026339
2798.000000 0.080614
2799.000000 0.100636
2800.000000 0.107069
2801.000000 0.096861
2802.000000 0.191242
2803.000000 0.084926
2804.000000 0.083944
2805.000000 0.200113
2806.000000 0.111208
2807.000000 0.075176
2808.000000 0.056011
2809.000000 0.072749
2810.000000 0.196614
2811.000000 0.036229
2812.000000 0.055506
2813.000000 0.038608
2814.000000 0.214406
2815.000000 0.027420
2816.000000 0.128647
2817.000000 0.060129
2818.000000 0.089394
2819.000000 0.072744
2820.000000 0.017329
2821.000000 0.072135
2822.000000 0.113295
2823.000000 0.107664
2824.000000 0.160705
2825.000000 0.159903
2826.000000 0.115005
2827.000000 0.153563
2828.000000 0.175255
2829.000000 0.184520
2830.000000 0.043043
2831.000000 0.046090
2832.000000 0.107783
2833.000000 0.065473
2834.000000 0.004222
2835.000000 0.065366
2836.000000 0.074041
2837.000000 0.151182
2838.000000 0.150217
2839.000000 0.068569
2840.000000 0.131097
2841.000000 0.080733
2842.000000 0.042432
2843.000000 0.121319
2844.000000 0.103906
2845.000000 0.224554
2846.000000 0.046547
2847.000000 0.123516
2848.000000 0.062375
2849.000000 0.188625
2850.000000 0.052796
2851.000000 0.115912
2852.000000 0.117189
2853.000000 0.041799
2854.000000 0.087943
2855.000000 0.121299
2856.000000 0.124168
2857.000000 0.045160
2858.000000 0.073980
2859.000000 0.053415
2860.000000 0.021658
2861.000000 0.096928
2862.000000 0.107221
2863.000000 0.230738
2864.000000 0.076737
2865.000000 0.063841
2866.000000 0.035857
2867.000000 0.125356
2868.000000 0.132954
2869.000000 0.078360
2870.000000 0.143846
2871.000000 0.112544
2872.000000 0.090091
2873.000000 0.155057
2874.000000 0.024101
2875.000000 0.086541
2876.000000 0.100126
2877.000000 0.090114
2878.000000 0.114275
2879.000000 0.030148
2880.000000 0.106590
2881.000000 0.086421
2882.000000 0.082057
2883.000000 0.141609
2884.000000 0.032571
2885.000000 0.070126
2886.000000 0.030354
2887.000000 0.097726
2888.000000 0.057394
2889.000000 0.093708
2890.000000 0.195400
2891.000000 0.200712
2892.000000 0.130808
2893.000000 0.107463
2894.000000 0.077197
2895.000000 0.078227
2896.000000 0.060426
2897.000000 0.045857
2898.000000 0.180427
2899.000000 0.156858
2900.000000 0.124187
2901.000000 0.206665
2902.000000 0.046060
2903.000000 0.120331
2904.000000 0.058632
2905.000000 0.159253
2906.000000 0.086502
2907.000000 0.088338
2908.000000 0.092140
2909.000000 0.155182
2910.000000 0.153087
2911.000000 0.033095
2912.000000 0.153050
2913.000000 0.119297
2914.000000 0.104141
2915.000000 0.089288
2916.000000 0.043244
2917.000000 0.044792
2918.000000 0.059203
2919.000000 0.189911
2920.000000 0.136569
2921.000000 0.123466
2922.000000 0.100219
2923.000000 0.066292
2924.000000 0.059190
2925.000000 0.123047
2926.000000 0.114147
2927.000000 0.043594
2928.000000 0.191467
2929.000000 0.060413
2930.000000 0.190170
2931.000000 0.043437
2932.000000 0.098504
2933.000000 0.181355
2934.000000 0.165492
2935.000000 0.083340
2936.000000 0.071345
2937.000000 0.038094
2938.000000 0.024900
2939.000000 0.118305
2940.000000 0.095671
2941.000000 0.048838
2942.000000 0.103903
2943.000000 0.085643
2944.000000 0.046694
2945.000000 0.009316
2946.000000 0.083204
2947.000000 0.211465
2948.000000 0.050692
2949.000000 0.120992
2950.000000 0.189971
2951.000000 0.146902
2952.000000 0.210132
2953.000000 0.156054
2954.000000 0.103866
2955.000000 0.201719
2956.000000 0.160670
2957.000000 0.150448
2958.000000 0.102491
2959.000000 0.203926
2960.000000 0.110536
2961.000000 0.073787
2962.000000 0.180887
2963.000000 0.022248
2964.000000 0.085696
2965.000000 0.094432
2966.000000 0.051899
2967.000000 0.134128
2968.000000 0.042210
2969.000000 0.051226
2970.000000 0.074901
2971.000000 0.044100
2972.000000 0.130313
2973.000000 0.157004
2974.000000 0.051840
2975.000000 0.071770
2976.000000 0.150413
2977.000000 0.119968
2978.000000 0.133956
2979.000000 0.110653
2980.000000 0.055547
2981.000000 0.092282
2982.000000 0.127974
2983.000000 0.110211
2984.000000 0.085018
2985.000000 0.052791
2986.000000 0.060492
2987.000000 0.041764
2988.000000 0.054679
2989.000000 0.095152
2990.000000 0.074892
2991.000000 0.039585
2992.000000 0.088656
2993.000000 0.097487
2994.000000 0.120760
2995.000000 0.123254
2996.000000 0.147422
2997.000000 0.148131
2998.000000 0.078958
2999.000000 0.103966
3000.000000 0.063127
