10.000000 0.118910
20.000000 0.318576
30.000000 0.238294
40.000000 0.096150
50.000000 0.225430
60.000000 0.248946
70.000000 0.107481
80.000000 0.089676
90.000000 0.329376
100.000000 0.283566
110.000000 0.177251
120.000000 0.130263
130.000000 0.065152
140.000000 0.178797
150.000000 0.136686
160.000000 0.057498
170.000000 0.253625
180.000000 0.188260
190.000000 0.143658
200.000000 0.150936
210.000000 0.177479
220.000000 0.525871
230.000000 0.251638
240.000000 0.221017
250.000000 0.158343
260.000000 0.094713
270.000000 0.056998
280.000000 0.149017
290.000000 0.181850
300.000000 0.335976
310.000000 0.154655
320.000000 0.286301
330.000000 0.150599
340.000000 0.190145
350.000000 0.151134
360.000000 0.132173
370.000000 0.083668
380.000000 0.068766
390.000000 0.217121
400.000000 0.085891
410.000000 0.105540
420.000000 0.056415
430.000000 0.120629
440.000000 0.207525
450.000000 0.165841
460.000000 0.104978
470.000000 0.102990
480.000000 0.240124
490.000000 0.263519
500.000000 0.244505
510.000000 0.196211
520.000000 0.131600
530.000000 0.217733
540.000000 0.186248
550.000000 0.244035
560.000000 0.398414
570.000000 0.161878
580.000000 0.344648
590.000000 0.168213
600.000000 0.356933
610.000000 0.352147
620.000000 0.156986
630.000000 0.123676
640.000000 0.174839
650.000000 0.236750
660.000000 0.155553
670.000000 0.128397
680.000000 0.411195
690.000000 0.129171
700.000000 0.260588
710.000000 0.270462
720.000000 0.234807
730.000000 0.272434
740.000000 0.322480
750.000000 0.384477
760.000000 0.318916
770.000000 0.137317
780.000000 0.295176
790.000000 0.200192
800.000000 0.296824
810.000000 0.115695
820.000000 0.614906
830.000000 0.250698
840.000000 0.100795
850.000000 0.330684
860.000000 0.174221
870.000000 0.325445
880.000000 0.196202
890.000000 0.250845
900.000000 0.206103
910.000000 0.346506
920.000000 0.094957
930.000000 0.083353
940.000000 0.226087
950.000000 0.163243
960.000000 0.513400
970.000000 0.382920
980.000000 0.290473
990.000000 0.149516
1000.000000 0.388107
