0.000000 0.072398
1.000000 0.044444
2.000000 0.088302
3.000000 0.131719
4.000000 0.126880
5.000000 0.128387
6.000000 0.163539
7.000000 0.100448
8.000000 0.030004
9.000000 0.077025
10.000000 0.069627
11.000000 0.086285
12.000000 0.055231
13.000000 0.065666
14.000000 0.165057
15.000000 0.131538
16.000000 0.016792
17.000000 0.096571
18.000000 0.157460
19.000000 0.097494
20.000000 0.011546
21.000000 0.049048
22.000000 0.037838
23.000000 0.022049
24.000000 0.091325
25.000000 0.102873
26.000000 0.097632
27.000000 0.152771
28.000000 0.072795
29.000000 0.124717
30.000000 0.123922
31.000000 0.171047
32.000000 0.089451
33.000000 0.020905
34.000000 0.065963
35.000000 0.063505
36.000000 0.023708
37.000000 0.157741
38.000000 0.253690
39.000000 0.081763
40.000000 0.047289
41.000000 0.146596
42.000000 0.036817
43.000000 0.097221
44.000000 0.009654
45.000000 0.045666
46.000000 0.185802
47.000000 0.087582
48.000000 0.049294
49.000000 0.092300
50.000000 0.062389
51.000000 0.140233
52.000000 0.067018
53.000000 0.075592
54.000000 0.056781
55.000000 0.218326
56.000000 0.025442
57.000000 0.056407
58.000000 0.079561
59.000000 0.114173
60.000000 0.068329
61.000000 0.109786
62.000000 0.038734
63.000000 0.047369
64.000000 0.209907
65.000000 0.028561
66.000000 0.094572
67.000000 0.042565
68.000000 0.114169
69.000000 0.057271
70.000000 0.045369
71.000000 0.149154
72.000000 0.131948
73.000000 0.108750
74.000000 0.085929
75.000000 0.053551
76.000000 0.079223
77.000000 0.102574
78.000000 0.097035
79.000000 0.068274
80.000000 0.171340
81.000000 0.158731
82.000000 0.087359
83.000000 0.109154
84.000000 0.144481
85.000000 0.045996
86.000000 0.068536
87.000000 0.092690
88.000000 0.104181
89.000000 0.153617
90.000000 0.238733
91.000000 0.098096
92.000000 0.064438
93.000000 0.141726
94.000000 0.039497
95.000000 0.055746
96.000000 0.215071
97.000000 0.063016
98.000000 0.135141
99.000000 0.032089
100.000000 0.093032
101.000000 0.086701
102.000000 0.106836
103.000000 0.013128
104.000000 0.136014
105.000000 0.145589
106.000000 0.201484
107.000000 0.113958
108.000000 0.180516
109.000000 0.028700
110.000000 0.066172
111.000000 0.051467
112.000000 0.147017
113.000000 0.176611
114.000000 0.146217
115.000000 0.074958
116.000000 0.068056
117.000000 0.053965
118.000000 0.173274
119.000000 0.025410
120.000000 0.053656
121.000000 0.026530
122.000000 0.011556
123.000000 0.019507
124.000000 0.079974
125.000000 0.039640
126.000000 0.007692
127.000000 0.094203
128.000000 0.148482
129.000000 0.153279
130.000000 0.061576
131.000000 0.049716
132.000000 0.129633
133.000000 0.132539
134.000000 0.066496
135.000000 0.119958
136.000000 0.040202
137.000000 0.124064
138.000000 0.103727
139.000000 0.113895
140.000000 0.069213
141.000000 0.052583
142.000000 0.009394
143.000000 0.149617
144.000000 0.113230
145.000000 0.155855
146.000000 0.137516
147.000000 0.122265
148.000000 0.035121
149.000000 0.017385
150.000000 0.081977
151.000000 0.114945
152.000000 0.147923
153.000000 0.143628
154.000000 0.141748
155.000000 0.063608
156.000000 0.076207
157.000000 0.074138
158.000000 0.046653
159.000000 0.169050
160.000000 0.122661
161.000000 0.103213
162.000000 0.096540
163.000000 0.078532
164.000000 0.082110
165.000000 0.191040
166.000000 0.102020
167.000000 0.079960
168.000000 0.036284
169.000000 0.069978
170.000000 0.079597
171.000000 0.187394
172.000000 0.014656
173.000000 0.164458
174.000000 0.125458
175.000000 0.187838
176.000000 0.061838
177.000000 0.036091
178.000000 0.053753
179.000000 0.091719
180.000000 0.104666
181.000000 0.096150
182.000000 0.035293
183.000000 0.071047
184.000000 0.153542
185.000000 0.092858
186.000000 0.161358
187.000000 0.109928
188.000000 0.161452
189.000000 0.094515
190.000000 0.027366
191.000000 0.122152
192.000000 0.065523
193.000000 0.076998
194.000000 0.127356
195.000000 0.173873
196.000000 0.174040
197.000000 0.078081
198.000000 0.092252
199.000000 0.043648
200.000000 0.129481
201.000000 0.102153
202.000000 0.176168
203.000000 0.098456
204.000000 0.191190
205.000000 0.025446
206.000000 0.094169
207.000000 0.154169
208.000000 0.129703
209.000000 0.052329
210.000000 0.076414
211.000000 0.043653
212.000000 0.094706
213.000000 0.102890
214.000000 0.134798
215.000000 0.060473
216.000000 0.019676
217.000000 0.076617
218.000000 0.105421
219.000000 0.109884
220.000000 0.051356
221.000000 0.207709
222.000000 0.071208
223.000000 0.134565
224.000000 0.105015
225.000000 0.108229
226.000000 0.110196
227.000000 0.072266
228.000000 0.111219
229.000000 0.088592
230.000000 0.125985
231.000000 0.087237
232.000000 0.087659
233.000000 0.050144
234.000000 0.072877
235.000000 0.039958
236.000000 0.040143
237.000000 0.219509
238.000000 0.110467
239.000000 0.045349
240.000000 0.059450
241.000000 0.110823
242.000000 0.102989
243.000000 0.034479
244.000000 0.125528
245.000000 0.155823
246.000000 0.056319
247.000000 0.043590
248.000000 0.049117
249.000000 0.074975
250.000000 0.086133
251.000000 0.079443
252.000000 0.041912
253.000000 0.127072
254.000000 0.064975
255.000000 0.218995
256.000000 0.108272
257.000000 0.017885
258.000000 0.119521
259.000000 0.030841
260.000000 0.075217
261.000000 0.052035
262.000000 0.187773
263.000000 0.108658
264.000000 0.176824
265.000000 0.149104
266.000000 0.209341
267.000000 0.069087
268.000000 0.108182
269.000000 0.084451
270.000000 0.134521
271.000000 0.028619
272.000000 0.122383
273.000000 0.084732
274.000000 0.067632
275.000000 0.104915
276.000000 0.158984
277.000000 0.048090
278.000000 0.102045
279.000000 0.172337
280.000000 0.136012
281.000000 0.092605
282.000000 0.179144
283.000000 0.115895
284.000000 0.019805
285.000000 0.044067
286.000000 0.145444
287.000000 0.169569
288.000000 0.210550
289.000000 0.070161
290.000000 0.125838
291.000000 0.043388
292.000000 0.053148
293.000000 0.130997
294.000000 0.100995
295.000000 0.092032
296.000000 0.045790
297.000000 0.057130
298.000000 0.082826
299.000000 0.162005
300.000000 0.130472
301.000000 0.055149
302.000000 0.060138
303.000000 0.044174
304.000000 0.107859
305.000000 0.084307
306.000000 0.126274
307.000000 0.099938
308.000000 0.020000
309.000000 0.095848
310.000000 0.116952
311.000000 0.077883
312.000000 0.107670
313.000000 0.056373
314.000000 0.040125
315.000000 0.104833
316.000000 0.128389
317.000000 0.057350
318.000000 0.099944
319.000000 0.058252
320.000000 0.045829
321.000000 0.059735
322.000000 0.020748
323.000000 0.052225
324.000000 0.084295
325.000000 0.113204
326.000000 0.157754
327.000000 0.040228
328.000000 0.090973
329.000000 0.102146
330.000000 0.067894
331.000000 0.020148
332.000000 0.022933
333.000000 0.099268
334.000000 0.111876
335.000000 0.112334
336.000000 0.103306
337.000000 0.055081
338.000000 0.088265
339.000000 0.198936
340.000000 0.092577
341.000000 0.097310
342.000000 0.045473
343.000000 0.130832
344.000000 0.039724
345.000000 0.126026
346.000000 0.117396
347.000000 0.110278
348.000000 0.028190
349.000000 0.028591
350.000000 0.065961
351.000000 0.143368
352.000000 0.094418
353.000000 0.077195
354.000000 0.039692
355.000000 0.051985
356.000000 0.056737
357.000000 0.101382
358.000000 0.113156
359.000000 0.214899
360.000000 0.173361
361.000000 0.055222
362.000000 0.076794
363.000000 0.147857
364.000000 0.102255
365.000000 0.178246
366.000000 0.091360
367.000000 0.155204
368.000000 0.127540
369.000000 0.037128
370.000000 0.193319
371.000000 0.202419
372.000000 0.167711
373.000000 0.109409
374.000000 0.146903
375.000000 0.190343
376.000000 0.061001
377.000000 0.017282
378.000000 0.077817
379.000000 0.153125
380.000000 0.211776
381.000000 0.092199
382.000000 0.152367
383.000000 0.102344
384.000000 0.066743
385.000000 0.143777
386.000000 0.202459
387.000000 0.093144
388.000000 0.030364
389.000000 0.264902
390.000000 0.124167
391.000000 0.002237
392.000000 0.094049
393.000000 0.205787
394.000000 0.240089
395.000000 0.099433
396.000000 0.097372
397.000000 0.103990
398.000000 0.001459
399.000000 0.105054
400.000000 0.231200
401.000000 0.030049
402.000000 0.050369
403.000000 0.037646
404.000000 0.257444
405.000000 0.120811
406.000000 0.034622
407.000000 0.058416
408.000000 0.058794
409.000000 0.107431
410.000000 0.179043
411.000000 0.053087
412.000000 0.074536
413.000000 0.035828
414.000000 0.019267
415.000000 0.107812
416.000000 0.072041
417.000000 0.103260
418.000000 0.114458
419.000000 0.062416
420.000000 0.078103
421.000000 0.140175
422.000000 0.054661
423.000000 0.123020
424.000000 0.066906
425.000000 0.064334
426.000000 0.072058
427.000000 0.074820
428.000000 0.111340
429.000000 0.171462
430.000000 0.130352
431.000000 0.028838
432.000000 0.147203
433.000000 0.064840
434.000000 0.031451
435.000000 0.054393
436.000000 0.116414
437.000000 0.197386
438.000000 0.101223
439.000000 0.134311
440.000000 0.138709
441.000000 0.116495
442.000000 0.077143
443.000000 0.088062
444.000000 0.064402
445.000000 0.178427
446.000000 0.121025
447.000000 0.087225
448.000000 0.086126
449.000000 0.071367
450.000000 0.157125
451.000000 0.213532
452.000000 0.124673
453.000000 0.047659
454.000000 0.081781
455.000000 0.020260
456.000000 0.135165
457.000000 0.208235
458.000000 0.133741
459.000000 0.050180
460.000000 0.201051
461.000000 0.117660
462.000000 0.053181
463.000000 0.099663
464.000000 0.117702
465.000000 0.111742
466.000000 0.055030
467.000000 0.092479
468.000000 0.057414
469.000000 0.012997
470.000000 0.027944
471.000000 0.108754
472.000000 0.128736
473.000000 0.048163
474.000000 0.022859
475.000000 0.214171
476.000000 0.097097
477.000000 0.043418
478.000000 0.149328
479.000000 0.042424
480.000000 0.060008
481.000000 0.198508
482.000000 0.081688
483.000000 0.039707
484.000000 0.134292
485.000000 0.260747
486.000000 0.145630
487.000000 0.131622
488.000000 0.116866
489.000000 0.169459
490.000000 0.057270
491.000000 0.162996
492.000000 0.077510
493.000000 0.126868
494.000000 0.078546
495.000000 0.203484
496.000000 0.162836
497.000000 0.068526
498.000000 0.130893
499.000000 0.141560
500.000000 0.124094
501.000000 0.085825
502.000000 0.095031
503.000000 0.132965
504.000000 0.052743
505.000000 0.139966
506.000000 0.193117
507.000000 0.047694
508.000000 0.081952
509.000000 0.088602
510.000000 0.110843
511.000000 0.145055
512.000000 0.050860
513.000000 0.053712
514.000000 0.017838
515.000000 0.086330
516.000000 0.071358
517.000000 0.062863
518.000000 0.100464
519.000000 0.080957
520.000000 0.025150
521.000000 0.087575
522.000000 0.090916
523.000000 0.057989
524.000000 0.165366
525.000000 0.175726
526.000000 0.135022
527.000000 0.116118
528.000000 0.205346
529.000000 0.096864
530.000000 0.077513
531.000000 0.140602
532.000000 0.074528
533.000000 0.214670
534.000000 0.077343
535.000000 0.051309
536.000000 0.168830
537.000000 0.111210
538.000000 0.085333
539.000000 0.030784
540.000000 0.110937
541.000000 0.082188
542.000000 0.245332
543.000000 0.039809
544.000000 0.049379
545.000000 0.056093
546.000000 0.117102
547.000000 0.073427
548.000000 0.119246
549.000000 0.115386
550.000000 0.239563
551.000000 0.067622
552.000000 0.162583
553.000000 0.073524
554.000000 0.131202
555.000000 0.063527
556.000000 0.134687
557.000000 0.113046
558.000000 0.080206
559.000000 0.045158
560.000000 0.066430
561.000000 0.101348
562.000000 0.039331
563.000000 0.053644
564.000000 0.086020
565.000000 0.133970
566.000000 0.110518
567.000000 0.192849
568.000000 0.118427
569.000000 0.168674
570.000000 0.153378
571.000000 0.036094
572.000000 0.004441
573.000000 0.182024
574.000000 0.047596
575.000000 0.125661
576.000000 0.087186
577.000000 0.093512
578.000000 0.037944
579.000000 0.166127
580.000000 0.096663
581.000000 0.079231
582.000000 0.075151
583.000000 0.105450
584.000000 0.077371
585.000000 0.106332
586.000000 0.046072
587.000000 0.276173
588.000000 0.102946
589.000000 0.054047
590.000000 0.150717
591.000000 0.142205
592.000000 0.070632
593.000000 0.079905
594.000000 0.021313
595.000000 0.018206
596.000000 0.105775
597.000000 0.135025
598.000000 0.127874
599.000000 0.163002
600.000000 0.144246
601.000000 0.212573
602.000000 0.070527
603.000000 0.114024
604.000000 0.113563
605.000000 0.098817
606.000000 0.046511
607.000000 0.101377
608.000000 0.042463
609.000000 0.178989
610.000000 0.071207
611.000000 0.120510
612.000000 0.095003
613.000000 0.095081
614.000000 0.136563
615.000000 0.150272
616.000000 0.193328
617.000000 0.050632
618.000000 0.055426
619.000000 0.070029
620.000000 0.056778
621.000000 0.047355
622.000000 0.067417
623.000000 0.098080
624.000000 0.050475
625.000000 0.071850
626.000000 0.031300
627.000000 0.040036
628.000000 0.127324
629.000000 0.052747
630.000000 0.063028
631.000000 0.053305
632.000000 0.133898
633.000000 0.056955
634.000000 0.056858
635.000000 0.052855
636.000000 0.065274
637.000000 0.034998
638.000000 0.108122
639.000000 0.094911
640.000000 0.059931
641.000000 0.108258
642.000000 0.024988
643.000000 0.061234
644.000000 0.069844
645.000000 0.217415
646.000000 0.074617
647.000000 0.124691
648.000000 0.110474
649.000000 0.054313
650.000000 0.122826
651.000000 0.122116
652.000000 0.157140
653.000000 0.149474
654.000000 0.183791
655.000000 0.066703
656.000000 0.088212
657.000000 0.089293
658.000000 0.053423
659.000000 0.042246
660.000000 0.060202
661.000000 0.094093
662.000000 0.110197
663.000000 0.035520
664.000000 0.004152
665.000000 0.072408
666.000000 0.111960
667.000000 0.158253
668.000000 0.057618
669.000000 0.106209
670.000000 0.152538
671.000000 0.105305
672.000000 0.287660
673.000000 0.083746
674.000000 0.116326
675.000000 0.076741
676.000000 0.052112
677.000000 0.179109
678.000000 0.033362
679.000000 0.081851
680.000000 0.101907
681.000000 0.051189
682.000000 0.116356
683.000000 0.140222
684.000000 0.127730
685.000000 0.128484
686.000000 0.205217
687.000000 0.105054
688.000000 0.056124
689.000000 0.112126
690.000000 0.117275
691.000000 0.169020
692.000000 0.023089
693.000000 0.127561
694.000000 0.127518
695.000000 0.080695
696.000000 0.060531
697.000000 0.219872
698.000000 0.067145
699.000000 0.146884
700.000000 0.086186
701.000000 0.173895
702.000000 0.080794
703.000000 0.075070
704.000000 0.117066
705.000000 0.035077
706.000000 0.064138
707.000000 0.100986
708.000000 0.009069
709.000000 0.022170
710.000000 0.110188
711.000000 0.163238
712.000000 0.036981
713.000000 0.108854
714.000000 0.117767
715.000000 0.096798
716.000000 0.140633
717.000000 0.119449
718.000000 0.086064
719.000000 0.029035
720.000000 0.116683
721.000000 0.039039
722.000000 0.251095
723.000000 0.065077
724.000000 0.090052
725.000000 0.017725
726.000000 0.115792
727.000000 0.095795
728.000000 0.112361
729.000000 0.061067
730.000000 0.019142
731.000000 0.143057
732.000000 0.054226
733.000000 0.088801
734.000000 0.265186
735.000000 0.063943
736.000000 0.142344
737.000000 0.107561
738.000000 0.087224
739.000000 0.138643
740.000000 0.183489
741.000000 0.140420
742.000000 0.040603
743.000000 0.158377
744.000000 0.070567
745.000000 0.171131
746.000000 0.042067
747.000000 0.158560
748.000000 0.071506
749.000000 0.074573
750.000000 0.102374
751.000000 0.100311
752.000000 0.064707
753.000000 0.068399
754.000000 0.080756
755.000000 0.056474
756.000000 0.103239
757.000000 0.123208
758.000000 0.066823
759.000000 0.065916
760.000000 0.081878
761.000000 0.027153
762.000000 0.129358
763.000000 0.015916
764.000000 0.145985
765.000000 0.097241
766.000000 0.111457
767.000000 0.210539
768.000000 0.045739
769.000000 0.116215
770.000000 0.140519
771.000000 0.082685
772.000000 0.072917
773.000000 0.082193
774.000000 0.150586
775.000000 0.018163
776.000000 0.153532
777.000000 0.163142
778.000000 0.063164
779.000000 0.023316
780.000000 0.078364
781.000000 0.116254
782.000000 0.101983
783.000000 0.056365
784.000000 0.064649
785.000000 0.040735
786.000000 0.199630
787.000000 0.034109
788.000000 0.095321
789.000000 0.218447
790.000000 0.114110
791.000000 0.161959
792.000000 0.066091
793.000000 0.053197
794.000000 0.119147
795.000000 0.052562
796.000000 0.050773
797.000000 0.010198
798.000000 0.089313
799.000000 0.094808
800.000000 0.086334
801.000000 0.045539
802.000000 0.135764
803.000000 0.034887
804.000000 0.036689
805.000000 0.126152
806.000000 0.074774
807.000000 0.073241
808.000000 0.100475
809.000000 0.068896
810.000000 0.209438
811.000000 0.025584
812.000000 0.140303
813.000000 0.056779
814.000000 0.148987
815.000000 0.059520
816.000000 0.007227
817.000000 0.196939
818.000000 0.185233
819.000000 0.174673
820.000000 0.194473
821.000000 0.028661
822.000000 0.096771
823.000000 0.107860
824.000000 0.026417
825.000000 0.088794
826.000000 0.109030
827.000000 0.067020
828.000000 0.126454
829.000000 0.098184
830.000000 0.064033
831.000000 0.114647
832.000000 0.182663
833.000000 0.093796
834.000000 0.110037
835.000000 0.093524
836.000000 0.116929
837.000000 0.129194
838.000000 0.059684
839.000000 0.095100
840.000000 0.054947
841.000000 0.039779
842.000000 0.313356
843.000000 0.081403
844.000000 0.143150
845.000000 0.143990
846.000000 0.122055
847.000000 0.087381
848.000000 0.054721
849.000000 0.126824
850.000000 0.069255
851.000000 0.114799
852.000000 0.069619
853.000000 0.082917
854.000000 0.087257
855.000000 0.101705
856.000000 0.037521
857.000000 0.119310
858.000000 0.129351
859.000000 0.128417
860.000000 0.155869
861.000000 0.119319
862.000000 0.173537
863.000000 0.023691
864.000000 0.077622
865.000000 0.029489
866.000000 0.272305
867.000000 0.085708
868.000000 0.217792
869.000000 0.051547
870.000000 0.092242
871.000000 0.120139
872.000000 0.116493
873.000000 0.081934
874.000000 0.054520
875.000000 0.031338
876.000000 0.085623
877.000000 0.085233
878.000000 0.103412
879.000000 0.102955
880.000000 0.200716
881.000000 0.138451
882.000000 0.030547
883.000000 0.035697
884.000000 0.153476
885.000000 0.013880
886.000000 0.139729
887.000000 0.129474
888.000000 0.115143
889.000000 0.130914
890.000000 0.197474
891.000000 0.145048
892.000000 0.047322
893.000000 0.177462
894.000000 0.032485
895.000000 0.048128
896.000000 0.041553
897.000000 0.077302
898.000000 0.180929
899.000000 0.079759
900.000000 0.179505
901.000000 0.085141
902.000000 0.072191
903.000000 0.148188
904.000000 0.090203
905.000000 0.105936
906.000000 0.021481
907.000000 0.065092
908.000000 0.063599
909.000000 0.181952
910.000000 0.176490
911.000000 0.150165
912.000000 0.196016
913.000000 0.098195
914.000000 0.043205
915.000000 0.066586
916.000000 0.172224
917.000000 0.075221
918.000000 0.063948
919.000000 0.196234
920.000000 0.136097
921.000000 0.074470
922.000000 0.097319
923.000000 0.212593
924.000000 0.097129
925.000000 0.039465
926.000000 0.022908
927.000000 0.077006
928.000000 0.177842
929.000000 0.063016
930.000000 0.078469
931.000000 0.061450
932.000000 0.126999
933.000000 0.131242
934.000000 0.101642
935.000000 0.166917
936.000000 0.085507
937.000000 0.108473
938.000000 0.091747
939.000000 0.084650
940.000000 0.030435
941.000000 0.091575
942.000000 0.114566
943.000000 0.031662
944.000000 0.096879
945.000000 0.214125
946.000000 0.127372
947.000000 0.137574
948.000000 0.126460
949.000000 0.056779
950.000000 0.056506
951.000000 0.065320
952.000000 0.190748
953.000000 0.040639
954.000000 0.063247
955.000000 0.043550
956.000000 0.036790
957.000000 0.164576
958.000000 0.131601
959.000000 0.106472
960.000000 0.100006
961.000000 0.217860
962.000000 0.117480
963.000000 0.201674
964.000000 0.035704
965.000000 0.132369
966.000000 0.148176
967.000000 0.050670
968.000000 0.150181
969.000000 0.126934
970.000000 0.119679
971.000000 0.084332
972.000000 0.113027
973.000000 0.077305
974.000000 0.081658
975.000000 0.076379
976.000000 0.037422
977.000000 0.123204
978.000000 0.160701
979.000000 0.041733
980.000000 0.164745
981.000000 0.151052
982.000000 0.146378
983.000000 0.118384
984.000000 0.079338
985.000000 0.024875
986.000000 0.141323
987.000000 0.114126
988.000000 0.056109
989.000000 0.077262
990.000000 0.164931
991.000000 0.046084
992.000000 0.106174
993.000000 0.075422
994.000000 0.164926
995.000000 0.116482
996.000000 0.140918
997.000000 0.059493
998.000000 0.144512
999.000000 0.078218
1000.000000 0.067532
1001.000000 0.044347
1002.000000 0.093860
1003.000000 0.118901
1004.000000 0.108106
1005.000000 0.185935
1006.000000 0.061603
1007.000000 0.108440
1008.000000 0.140985
1009.000000 0.120348
1010.000000 0.030196
1011.000000 0.121174
1012.000000 0.143175
1013.000000 0.093264
1014.000000 0.132827
1015.000000 0.086533
1016.000000 0.041063
1017.000000 0.121789
1018.000000 0.164175
1019.000000 0.086884
1020.000000 0.103748
1021.000000 0.037680
1022.000000 0.096727
1023.000000 0.067657
1024.000000 0.158622
1025.000000 0.065350
1026.000000 0.047850
1027.000000 0.086713
1028.000000 0.041656
1029.000000 0.031522
1030.000000 0.060850
1031.000000 0.161954
1032.000000 0.093089
1033.000000 0.057457
1034.000000 0.080599
1035.000000 0.096981
1036.000000 0.027166
1037.000000 0.018096
1038.000000 0.107163
1039.000000 0.148524
1040.000000 0.233741
1041.000000 0.146074
1042.000000 0.184561
1043.000000 0.062070
1044.000000 0.097344
1045.000000 0.147834
1046.000000 0.175703
1047.000000 0.102338
1048.000000 0.163629
1049.000000 0.167088
1050.000000 0.067568
1051.000000 0.082794
1052.000000 0.007138
1053.000000 0.169607
1054.000000 0.122457
1055.000000 0.037490
1056.000000 0.031734
1057.000000 0.093767
1058.000000 0.066505
1059.000000 0.073216
1060.000000 0.029133
1061.000000 0.139098
1062.000000 0.051344
1063.000000 0.211013
1064.000000 0.162929
1065.000000 0.137166
1066.000000 0.043297
1067.000000 0.013223
1068.000000 0.103037
1069.000000 0.151325
1070.000000 0.072983
1071.000000 0.152883
1072.000000 0.015741
1073.000000 0.148420
1074.000000 0.093961
1075.000000 0.064228
1076.000000 0.048921
1077.000000 0.090723
1078.000000 0.149402
1079.000000 0.068311
1080.000000 0.049512
1081.000000 0.097434
1082.000000 0.171548
1083.000000 0.123813
1084.000000 0.133644
1085.000000 0.069505
1086.000000 0.102757
1087.000000 0.076635
1088.000000 0.156198
1089.000000 0.103195
1090.000000 0.042721
1091.000000 0.203789
1092.000000 0.166447
1093.000000 0.116635
1094.000000 0.153175
1095.000000 0.148660
1096.000000 0.107702
1097.000000 0.195403
1098.000000 0.151564
1099.000000 0.082097
1100.000000 0.065802
1101.000000 0.112606
1102.000000 0.066172
1103.000000 0.157967
1104.000000 0.021910
1105.000000 0.183740
1106.000000 0.140422
1107.000000 0.158493
1108.000000 0.119712
1109.000000 0.122198
1110.000000 0.168096
1111.000000 0.063023
1112.000000 0.062196
1113.000000 0.064432
1114.000000 0.062347
1115.000000 0.149214
1116.000000 0.136060
1117.000000 0.114543
1118.000000 0.092271
1119.000000 0.079344
1120.000000 0.081015
1121.000000 0.107728
1122.000000 0.095606
1123.000000 0.259184
1124.000000 0.145987
1125.000000 0.094904
1126.000000 0.038124
1127.000000 0.064386
1128.000000 0.106874
1129.000000 0.091048
1130.000000 0.115405
1131.000000 0.065070
1132.000000 0.150218
1133.000000 0.046372
1134.000000 0.157578
1135.000000 0.061979
1136.000000 0.188620
1137.000000 0.014475
1138.000000 0.186480
1139.000000 0.104956
1140.000000 0.075531
1141.000000 0.078965
1142.000000 0.094751
1143.000000 0.022639
1144.000000 0.123444
1145.000000 0.125447
1146.000000 0.102651
1147.000000 0.144691
1148.000000 0.035741
1149.000000 0.064660
1150.000000 0.032538
1151.000000 0.141513
1152.000000 0.104035
1153.000000 0.030071
1154.000000 0.072516
1155.000000 0.029749
1156.000000 0.155966
1157.000000 0.072253
1158.000000 0.099733
1159.000000 0.033977
1160.000000 0.021313
1161.000000 0.135197
1162.000000 0.137617
1163.000000 0.114814
1164.000000 0.097831
1165.000000 0.081177
1166.000000 0.126382
1167.000000 0.119809
1168.000000 0.063367
1169.000000 0.066026
1170.000000 0.147952
1171.000000 0.026036
1172.000000 0.243930
1173.000000 0.125157
1174.000000 0.106048
1175.000000 0.207967
1176.000000 0.162781
1177.000000 0.129700
1178.000000 0.132012
1179.000000 0.086071
1180.000000 0.121349
1181.000000 0.164729
1182.000000 0.131917
1183.000000 0.060993
1184.000000 0.083730
1185.000000 0.131067
1186.000000 0.107888
1187.000000 0.096237
1188.000000 0.092230
1189.000000 0.066110
1190.000000 0.101834
1191.000000 0.078523
1192.000000 0.093161
1193.000000 0.060778
1194.000000 0.192851
1195.000000 0.111203
1196.000000 0.144192
1197.000000 0.098446
1198.000000 0.263678
1199.000000 0.075127
1200.000000 0.051622
1201.000000 0.129310
1202.000000 0.100720
1203.000000 0.140572
1204.000000 0.078391
1205.000000 0.127638
1206.000000 0.130806
1207.000000 0.022864
1208.000000 0.077729
1209.000000 0.086840
1210.000000 0.093308
1211.000000 0.164756
1212.000000 0.079664
1213.000000 0.109213
1214.000000 0.124069
1215.000000 0.216744
1216.000000 0.081924
1217.000000 0.069648
1218.000000 0.208798
1219.000000 0.096370
1220.000000 0.044488
1221.000000 0.108258
1222.000000 0.169825
1223.000000 0.074132
1224.000000 0.106300
1225.000000 0.032943
1226.000000 0.067844
1227.000000 0.072238
1228.000000 0.076774
1229.000000 0.027190
1230.000000 0.066264
1231.000000 0.169198
1232.000000 0.116627
1233.000000 0.092919
1234.000000 0.087807
1235.000000 0.161766
1236.000000 0.112004
1237.000000 0.056824
1238.000000 0.128213
1239.000000 0.156754
1240.000000 0.160604
1241.000000 0.117801
1242.000000 0.133882
1243.000000 0.126165
1244.000000 0.055878
1245.000000 0.102124
1246.000000 0.027020
1247.000000 0.098625
1248.000000 0.138941
1249.000000 0.109631
1250.000000 0.057382
1251.000000 0.158340
1252.000000 0.084778
1253.000000 0.198943
1254.000000 0.193813
1255.000000 0.042403
1256.000000 0.165196
1257.000000 0.021939
1258.000000 0.050559
1259.000000 0.082385
1260.000000 0.010326
1261.000000 0.043648
1262.000000 0.104426
1263.000000 0.086143
1264.000000 0.147523
1265.000000 0.091026
1266.000000 0.077981
1267.000000 0.111418
1268.000000 0.121141
1269.000000 0.002398
1270.000000 0.176088
1271.000000 0.032879
1272.000000 0.135918
1273.000000 0.144499
1274.000000 0.112813
1275.000000 0.123455
1276.000000 0.052865
1277.000000 0.134307
1278.000000 0.060265
1279.000000 0.058391
1280.000000 0.082295
1281.000000 0.093652
1282.000000 0.059244
1283.000000 0.138339
1284.000000 0.039987
1285.000000 0.133565
1286.000000 0.080809
1287.000000 0.018373
1288.000000 0.087836
1289.000000 0.071801
1290.000000 0.085810
1291.000000 0.063268
1292.000000 0.019707
1293.000000 0.204152
1294.000000 0.041522
1295.000000 0.078380
1296.000000 0.067615
1297.000000 0.110948
1298.000000 0.068166
1299.000000 0.144084
1300.000000 0.170506
1301.000000 0.170159
1302.000000 0.151441
1303.000000 0.041269
1304.000000 0.155918
1305.000000 0.053914
1306.000000 0.218584
1307.000000 0.055970
1308.000000 0.082509
1309.000000 0.160102
1310.000000 0.095049
1311.000000 0.060826
1312.000000 0.157443
1313.000000 0.041203
1314.000000 0.033490
1315.000000 0.053681
1316.000000 0.162911
1317.000000 0.072598
1318.000000 0.025516
1319.000000 0.130009
1320.000000 0.143689
1321.000000 0.163043
1322.000000 0.053124
1323.000000 0.090144
1324.000000 0.074990
1325.000000 0.130984
1326.000000 0.067370
1327.000000 0.078817
1328.000000 0.098395
1329.000000 0.063425
1330.000000 0.071526
1331.000000 0.126729
1332.000000 0.115622
1333.000000 0.144118
1334.000000 0.160322
1335.000000 0.076700
1336.000000 0.072166
1337.000000 0.037891
1338.000000 0.176809
1339.000000 0.049805
1340.000000 0.122140
1341.000000 0.095106
1342.000000 0.050452
1343.000000 0.102215
1344.000000 0.131344
1345.000000 0.148332
1346.000000 0.088967
1347.000000 0.229625
1348.000000 0.037617
1349.000000 0.122961
1350.000000 0.106958
1351.000000 0.098488
1352.000000 0.063619
1353.000000 0.041391
1354.000000 0.123387
1355.000000 0.091183
1356.000000 0.164941
1357.000000 0.113803
1358.000000 0.160771
1359.000000 0.032713
1360.000000 0.008860
1361.000000 0.049712
1362.000000 0.038226
1363.000000 0.063711
1364.000000 0.066907
1365.000000 0.102795
1366.000000 0.046718
1367.000000 0.091315
1368.000000 0.128652
1369.000000 0.155394
1370.000000 0.114993
1371.000000 0.110403
1372.000000 0.021342
1373.000000 0.038490
1374.000000 0.196986
1375.000000 0.087350
1376.000000 0.091103
1377.000000 0.130021
1378.000000 0.070389
1379.000000 0.212100
1380.000000 0.070561
1381.000000 0.105565
1382.000000 0.162429
1383.000000 0.128166
1384.000000 0.106631
1385.000000 0.117994
1386.000000 0.119586
1387.000000 0.014986
1388.000000 0.088825
1389.000000 0.016846
1390.000000 0.119546
1391.000000 0.157894
1392.000000 0.059684
1393.000000 0.135393
1394.000000 0.086933
1395.000000 0.142717
1396.000000 0.150789
1397.000000 0.157792
1398.000000 0.053531
1399.000000 0.046375
1400.000000 0.040234
1401.000000 0.165010
1402.000000 0.089873
1403.000000 0.162457
1404.000000 0.137269
1405.000000 0.106963
1406.000000 0.052914
1407.000000 0.021937
1408.000000 0.125474
1409.000000 0.077387
1410.000000 0.120764
1411.000000 0.054926
1412.000000 0.077161
1413.000000 0.094308
1414.000000 0.140750
1415.000000 0.036639
1416.000000 0.067354
1417.000000 0.029618
1418.000000 0.095071
1419.000000 0.048966
1420.000000 0.039440
1421.000000 0.127280
1422.000000 0.070989
1423.000000 0.092149
1424.000000 0.092071
1425.000000 0.040657
1426.000000 0.079400
1427.000000 0.047137
1428.000000 0.003014
1429.000000 0.135067
1430.000000 0.094424
1431.000000 0.067479
1432.000000 0.010828
1433.000000 0.195787
1434.000000 0.024811
1435.000000 0.178509
1436.000000 0.076177
1437.000000 0.087516
1438.000000 0.100577
1439.000000 0.187066
1440.000000 0.079882
1441.000000 0.045199
1442.000000 0.131772
1443.000000 0.054396
1444.000000 0.028303
1445.000000 0.126328
1446.000000 0.132069
1447.000000 0.105593
1448.000000 0.094711
1449.000000 0.079357
1450.000000 0.016440
1451.000000 0.068268
1452.000000 0.138422
1453.000000 0.043605
1454.000000 0.034629
1455.000000 0.089537
1456.000000 0.126067
1457.000000 0.068044
1458.000000 0.025593
1459.000000 0.076462
1460.000000 0.103929
1461.000000 0.167455
1462.000000 0.037945
1463.000000 0.117703
1464.000000 0.138445
1465.000000 0.054911
1466.000000 0.039133
1467.000000 0.090422
1468.000000 0.190731
1469.000000 0.078777
1470.000000 0.143094
1471.000000 0.131834
1472.000000 0.174676
1473.000000 0.053345
1474.000000 0.143886
1475.000000 0.173174
1476.000000 0.134019
1477.000000 0.159128
1478.000000 0.088965
1479.000000 0.095982
1480.000000 0.055443
1481.000000 0.071115
1482.000000 0.054562
1483.000000 0.118785
1484.000000 0.069030
1485.000000 0.045936
1486.000000 0.076280
1487.000000 0.064207
1488.000000 0.110982
1489.000000 0.112684
1490.000000 0.213667
1491.000000 0.064500
1492.000000 0.132084
1493.000000 0.108668
1494.000000 0.075721
1495.000000 0.287182
1496.000000 0.056570
1497.000000 0.015831
1498.000000 0.045530
1499.000000 0.029266
1500.000000 0.073629
1501.000000 0.048837
1502.000000 0.228897
1503.000000 0.038122
1504.000000 0.198992
1505.000000 0.049313
1506.000000 0.069334
1507.000000 0.081383
1508.000000 0.015873
1509.000000 0.127318
1510.000000 0.150154
1511.000000 0.052555
1512.000000 0.081802
1513.000000 0.185265
1514.000000 0.066979
1515.000000 0.094861
1516.000000 0.159674
1517.000000 0.066940
1518.000000 0.107807
1519.000000 0.177571
1520.000000 0.029303
1521.000000 0.089927
1522.000000 0.125866
1523.000000 0.048303
1524.000000 0.057631
1525.000000 0.023530
1526.000000 0.127734
1527.000000 0.045592
1528.000000 0.074980
1529.000000 0.046520
1530.000000 0.124821
1531.000000 0.112090
1532.000000 0.085316
1533.000000 0.131492
1534.000000 0.074400
1535.000000 0.057256
1536.000000 0.105042
1537.000000 0.191246
1538.000000 0.071022
1539.000000 0.064240
1540.000000 0.035525
1541.000000 0.153503
1542.000000 0.117094
1543.000000 0.200898
1544.000000 0.088854
1545.000000 0.127145
1546.000000 0.031315
1547.000000 0.094617
1548.000000 0.084873
1549.000000 0.163536
1550.000000 0.035837
1551.000000 0.180042
1552.000000 0.089656
1553.000000 0.083077
1554.000000 0.144052
1555.000000 0.083200
1556.000000 0.109345
1557.000000 0.119373
1558.000000 0.149911
1559.000000 0.115408
1560.000000 0.016190
1561.000000 0.013816
1562.000000 0.125047
1563.000000 0.118402
1564.000000 0.106807
1565.000000 0.214307
1566.000000 0.115148
1567.000000 0.222136
1568.000000 0.164337
1569.000000 0.064229
1570.000000 0.128355
1571.000000 0.026132
1572.000000 0.160255
1573.000000 0.026903
1574.000000 0.081594
1575.000000 0.042646
1576.000000 0.091891
1577.000000 0.082750
1578.000000 0.025814
1579.000000 0.055623
1580.000000 0.080083
1581.000000 0.017364
1582.000000 0.067367
1583.000000 0.093760
1584.000000 0.180021
1585.000000 0.108246
1586.000000 0.101252
1587.000000 0.037376
1588.000000 0.062540
1589.000000 0.065373
1590.000000 0.059201
1591.000000 0.042866
1592.000000 0.061880
1593.000000 0.055288
1594.000000 0.080390
1595.000000 0.215065
1596.000000 0.119439
1597.000000 0.077724
1598.000000 0.059218
1599.000000 0.101172
1600.000000 0.037835
1601.000000 0.189444
1602.000000 0.102778
1603.000000 0.021395
1604.000000 0.097534
1605.000000 0.071604
1606.000000 0.105628
1607.000000 0.132152
1608.000000 0.065217
1609.000000 0.070971
1610.000000 0.168468
1611.000000 0.055910
1612.000000 0.104254
1613.000000 0.121476
1614.000000 0.190520
1615.000000 0.091271
1616.000000 0.053449
1617.000000 0.170288
1618.000000 0.075205
1619.000000 0.137081
1620.000000 0.203202
1621.000000 0.047692
1622.000000 0.121244
1623.000000 0.169960
1624.000000 0.141823
1625.000000 0.146614
1626.000000 0.109511
1627.000000 0.051326
1628.000000 0.105630
1629.000000 0.076661
1630.000000 0.114861
1631.000000 0.103914
1632.000000 0.104959
1633.000000 0.042342
1634.000000 0.086454
1635.000000 0.055532
1636.000000 0.077885
1637.000000 0.092991
1638.000000 0.104887
1639.000000 0.130248
1640.000000 0.027315
1641.000000 0.097569
1642.000000 0.119020
1643.000000 0.073819
1644.000000 0.116246
1645.000000 0.162131
1646.000000 0.052959
1647.000000 0.092017
1648.000000 0.053073
1649.000000 0.046649
1650.000000 0.044396
1651.000000 0.027008
1652.000000 0.059154
1653.000000 0.031701
1654.000000 0.205716
1655.000000 0.038656
1656.000000 0.129519
1657.000000 0.076249
1658.000000 0.025159
1659.000000 0.055609
1660.000000 0.221430
1661.000000 0.096246
1662.000000 0.083508
1663.000000 0.116624
1664.000000 0.114741
1665.000000 0.142699
1666.000000 0.078960
1667.000000 0.098490
1668.000000 0.119777
1669.000000 0.063125
1670.000000 0.225885
1671.000000 0.025579
1672.000000 0.025241
1673.000000 0.132683
1674.000000 0.036931
1675.000000 0.110273
1676.000000 0.081725
1677.000000 0.105938
1678.000000 0.084681
1679.000000 0.089302
1680.000000 0.243694
1681.000000 0.062440
1682.000000 0.108093
1683.000000 0.005246
1684.000000 0.190789
1685.000000 0.092759
1686.000000 0.028941
1687.000000 0.024812
1688.000000 0.219550
1689.000000 0.104211
1690.000000 0.116597
1691.000000 0.170242
1692.000000 0.130817
1693.000000 0.056432
1694.000000 0.091771
1695.000000 0.128580
1696.000000 0.009409
1697.000000 0.148931
1698.000000 0.089790
1699.000000 0.091957
1700.000000 0.069080
1701.000000 0.114610
1702.000000 0.086273
1703.000000 0.052924
1704.000000 0.080249
1705.000000 0.048673
1706.000000 0.054971
1707.000000 0.094814
1708.000000 0.090266
1709.000000 0.031443
1710.000000 0.093537
1711.000000 0.043143
1712.000000 0.119826
1713.000000 0.051176
1714.000000 0.076696
1715.000000 0.136591
1716.000000 0.153010
1717.000000 0.116579
1718.000000 0.091314
1719.000000 0.122820
1720.000000 0.058093
1721.000000 0.082832
1722.000000 0.115582
1723.000000 0.046057
1724.000000 0.217241
1725.000000 0.130598
1726.000000 0.125311
1727.000000 0.112103
1728.000000 0.069112
1729.000000 0.118047
1730.000000 0.156539
1731.000000 0.116486
1732.000000 0.162723
1733.000000 0.126869
1734.000000 0.110724
1735.000000 0.109807
1736.000000 0.034079
1737.000000 0.026553
1738.000000 0.127842
1739.000000 0.187395
1740.000000 0.128256
1741.000000 0.029774
1742.000000 0.086343
1743.000000 0.145391
1744.000000 0.055983
1745.000000 0.114396
1746.000000 0.115336
1747.000000 0.115151
1748.000000 0.099544
1749.000000 0.105439
1750.000000 0.144597
1751.000000 0.016795
1752.000000 0.057163
1753.000000 0.087354
1754.000000 0.045852
1755.000000 0.106810
1756.000000 0.186076
1757.000000 0.043411
1758.000000 0.160348
1759.000000 0.062056
1760.000000 0.069169
1761.000000 0.163204
1762.000000 0.069156
1763.000000 0.057317
1764.000000 0.160669
1765.000000 0.108990
1766.000000 0.007808
1767.000000 0.218204
1768.000000 0.031724
1769.000000 0.051364
1770.000000 0.068165
1771.000000 0.071289
1772.000000 0.142726
1773.000000 0.001682
1774.000000 0.084476
1775.000000 0.159858
1776.000000 0.054195
1777.000000 0.089500
1778.000000 0.194630
1779.000000 0.114458
1780.000000 0.055847
1781.000000 0.191217
1782.000000 0.192142
1783.000000 0.060886
1784.000000 0.084359
1785.000000 0.112058
1786.000000 0.078449
1787.000000 0.044008
1788.000000 0.184302
1789.000000 0.126217
1790.000000 0.008085
1791.000000 0.058089
1792.000000 0.008406
1793.000000 0.051856
1794.000000 0.048089
1795.000000 0.136535
1796.000000 0.077610
1797.000000 0.137000
1798.000000 0.085288
1799.000000 0.029265
1800.000000 0.033771
1801.000000 0.084017
1802.000000 0.143024
1803.000000 0.095147
1804.000000 0.090666
1805.000000 0.123399
1806.000000 0.133166
1807.000000 0.082061
1808.000000 0.111570
1809.000000 0.127348
1810.000000 0.095613
1811.000000 0.062709
1812.000000 0.088805
1813.000000 0.039346
1814.000000 0.138928
1815.000000 0.096751
1816.000000 0.123808
1817.000000 0.071916
1818.000000 0.032247
1819.000000 0.124000
1820.000000 0.087436
1821.000000 0.170461
1822.000000 0.105279
1823.000000 0.117425
1824.000000 0.047497
1825.000000 0.097661
1826.000000 0.044164
1827.000000 0.095689
1828.000000 0.170807
1829.000000 0.075645
1830.000000 0.056650
1831.000000 0.171609
1832.000000 0.012254
1833.000000 0.066058
1834.000000 0.029205
1835.000000 0.162290
1836.000000 0.087470
1837.000000 0.121602
1838.000000 0.118284
1839.000000 0.186699
1840.000000 0.123864
1841.000000 0.028342
1842.000000 0.023692
1843.000000 0.094262
1844.000000 0.144400
1845.000000 0.121450
1846.000000 0.067928
1847.000000 0.075072
1848.000000 0.141614
1849.000000 0.102242
1850.000000 0.096308
1851.000000 0.035317
1852.000000 0.122175
1853.000000 0.095882
1854.000000 0.195492
1855.000000 0.209891
1856.000000 0.066585
1857.000000 0.142240
1858.000000 0.251297
1859.000000 0.221785
1860.000000 0.117594
1861.000000 0.131088
1862.000000 0.197583
1863.000000 0.116206
1864.000000 0.157802
1865.000000 0.054072
1866.000000 0.169028
1867.000000 0.102189
1868.000000 0.203588
1869.000000 0.068627
1870.000000 0.038333
1871.000000 0.127225
1872.000000 0.179073
1873.000000 0.123179
1874.000000 0.134162
1875.000000 0.076517
1876.000000 0.088345
1877.000000 0.157065
1878.000000 0.135807
1879.000000 0.097041
1880.000000 0.045518
1881.000000 0.169979
1882.000000 0.146828
1883.000000 0.052035
1884.000000 0.117589
1885.000000 0.073716
1886.000000 0.212535
1887.000000 0.105749
1888.000000 0.228570
1889.000000 0.107605
1890.000000 0.106610
1891.000000 0.172342
1892.000000 0.029540
1893.000000 0.222455
1894.000000 0.078838
1895.000000 0.067664
1896.000000 0.080704
1897.000000 0.038511
1898.000000 0.070020
1899.000000 0.041574
1900.000000 0.135879
1901.000000 0.119435
1902.000000 0.170587
1903.000000 0.026114
1904.000000 0.104190
1905.000000 0.135567
1906.000000 0.030105
1907.000000 0.084971
1908.000000 0.053636
1909.000000 0.047233
1910.000000 0.038699
1911.000000 0.058096
1912.000000 0.118811
1913.000000 0.032121
1914.000000 0.070920
1915.000000 0.130229
1916.000000 0.062689
1917.000000 0.105295
1918.000000 0.142494
1919.000000 0.151750
1920.000000 0.067324
1921.000000 0.089448
1922.000000 0.216398
1923.000000 0.101753
1924.000000 0.110269
1925.000000 0.109644
1926.000000 0.057024
1927.000000 0.027431
1928.000000 0.171952
1929.000000 0.118140
1930.000000 0.110154
1931.000000 0.137232
1932.000000 0.131966
1933.000000 0.113909
1934.000000 0.048457
1935.000000 0.206933
1936.000000 0.079979
1937.000000 0.069411
1938.000000 0.031572
1939.000000 0.094506
1940.000000 0.026391
1941.000000 0.138133
1942.000000 0.137366
1943.000000 0.137556
1944.000000 0.089186
1945.000000 0.031196
1946.000000 0.081524
1947.000000 0.051701
1948.000000 0.132207
1949.000000 0.043045
1950.000000 0.083849
1951.000000 0.095818
1952.000000 0.060097
1953.000000 0.086983
1954.000000 0.030787
1955.000000 0.107707
1956.000000 0.176010
1957.000000 0.134457
1958.000000 0.121936
1959.000000 0.011590
1960.000000 0.113989
1961.000000 0.178773
1962.000000 0.123643
1963.000000 0.098178
1964.000000 0.089407
1965.000000 0.181811
1966.000000 0.086241
1967.000000 0.183106
1968.000000 0.108269
1969.000000 0.121183
1970.000000 0.124856
1971.000000 0.117601
1972.000000 0.080400
1973.000000 0.118838
1974.000000 0.115342
1975.000000 0.091656
1976.000000 0.073770
1977.000000 0.058610
1978.000000 0.085845
1979.000000 0.099456
1980.000000 0.124240
1981.000000 0.094715
1982.000000 0.117553
1983.000000 0.162993
1984.000000 0.027997
1985.000000 0.020705
1986.000000 0.128711
1987.000000 0.143413
1988.000000 0.152159
1989.000000 0.093874
1990.000000 0.041941
1991.000000 0.105681
1992.000000 0.119542
1993.000000 0.057742
1994.000000 0.119997
1995.000000 0.010662
1996.000000 0.120467
1997.000000 0.165602
1998.000000 0.130033
1999.000000 0.083091
2000.000000 0.122549
2001.000000 0.087023
2002.000000 0.033056
2003.000000 0.076365
2004.000000 0.061760
2005.000000 0.168301
2006.000000 0.055678
2007.000000 0.142427
2008.000000 0.042516
2009.000000 0.052712
2010.000000 0.028696
2011.000000 0.033339
2012.000000 0.096173
2013.000000 0.029454
2014.000000 0.113327
2015.000000 0.135271
2016.000000 0.016495
2017.000000 0.053356
2018.000000 0.169442
2019.000000 0.064686
2020.000000 0.255500
2021.000000 0.079004
2022.000000 0.054814
2023.000000 0.035346
2024.000000 0.093256
2025.000000 0.052416
2026.000000 0.129264
2027.000000 0.130941
2028.000000 0.093624
2029.000000 0.062455
2030.000000 0.123540
2031.000000 0.117768
2032.000000 0.087739
2033.000000 0.081619
2034.000000 0.070520
2035.000000 0.052131
2036.000000 0.021318
2037.000000 0.056857
2038.000000 0.096402
2039.000000 0.207304
2040.000000 0.064528
2041.000000 0.099188
2042.000000 0.127241
2043.000000 0.192415
2044.000000 0.196097
2045.000000 0.137581
2046.000000 0.078389
2047.000000 0.042375
2048.000000 0.114951
2049.000000 0.238769
2050.000000 0.087574
2051.000000 0.029454
2052.000000 0.141588
2053.000000 0.148412
2054.000000 0.077596
2055.000000 0.038196
2056.000000 0.029629
2057.000000 0.122075
2058.000000 0.063030
2059.000000 0.191847
2060.000000 0.070711
2061.000000 0.083431
2062.000000 0.063147
2063.000000 0.140531
2064.000000 0.163420
2065.000000 0.045225
2066.000000 0.138331
2067.000000 0.047594
2068.000000 0.087545
2069.000000 0.073056
2070.000000 0.123877
2071.000000 0.265600
2072.000000 0.044917
2073.000000 0.057958
2074.000000 0.219692
2075.000000 0.190843
2076.000000 0.092765
2077.000000 0.113048
2078.000000 0.064902
2079.000000 0.067705
2080.000000 0.109316
2081.000000 0.097033
2082.000000 0.067207
2083.000000 0.052249
2084.000000 0.080303
2085.000000 0.084838
2086.000000 0.103548
2087.000000 0.130529
2088.000000 0.055986
2089.000000 0.023697
2090.000000 0.083860
2091.000000 0.156516
2092.000000 0.133170
2093.000000 0.052007
2094.000000 0.111258
2095.000000 0.114332
2096.000000 0.070363
2097.000000 0.045120
2098.000000 0.053268
2099.000000 0.102591
2100.000000 0.222973
2101.000000 0.099082
2102.000000 0.208916
2103.000000 0.037974
2104.000000 0.028779
2105.000000 0.099624
2106.000000 0.128553
2107.000000 0.128066
2108.000000 0.061095
2109.000000 0.079750
2110.000000 0.078655
2111.000000 0.049969
2112.000000 0.096297
2113.000000 0.047421
2114.000000 0.044166
2115.000000 0.149258
2116.000000 0.081974
2117.000000 0.083788
2118.000000 0.118711
2119.000000 0.203906
2120.000000 0.030841
2121.000000 0.094567
2122.000000 0.162762
2123.000000 0.038188
2124.000000 0.083059
2125.000000 0.133910
2126.000000 0.113720
2127.000000 0.045089
2128.000000 0.050363
2129.000000 0.129500
2130.000000 0.151694
2131.000000 0.047928
2132.000000 0.154798
2133.000000 0.210339
2134.000000 0.100091
2135.000000 0.040034
2136.000000 0.127830
2137.000000 0.096177
2138.000000 0.059121
2139.000000 0.108352
2140.000000 0.028597
2141.000000 0.018612
2142.000000 0.076003
2143.000000 0.133504
2144.000000 0.132314
2145.000000 0.031443
2146.000000 0.022918
2147.000000 0.038509
2148.000000 0.052786
2149.000000 0.128754
2150.000000 0.084246
2151.000000 0.096429
2152.000000 0.101967
2153.000000 0.139088
2154.000000 0.067147
2155.000000 0.086034
2156.000000 0.124198
2157.000000 0.060453
2158.000000 0.152553
2159.000000 0.085242
2160.000000 0.090650
2161.000000 0.170332
2162.000000 0.058608
2163.000000 0.094626
2164.000000 0.004680
2165.000000 0.089741
2166.000000 0.163508
2167.000000 0.052844
2168.000000 0.136070
2169.000000 0.033057
2170.000000 0.078844
2171.000000 0.112207
2172.000000 0.072600
2173.000000 0.129141
2174.000000 0.276202
2175.000000 0.056157
2176.000000 0.061948
2177.000000 0.055058
2178.000000 0.056597
2179.000000 0.140595
2180.000000 0.085213
2181.000000 0.105736
2182.000000 0.152670
2183.000000 0.198444
2184.000000 0.038562
2185.000000 0.059152
2186.000000 0.044109
2187.000000 0.027511
2188.000000 0.135536
2189.000000 0.114904
2190.000000 0.059520
2191.000000 0.108773
2192.000000 0.107625
2193.000000 0.131963
2194.000000 0.209348
2195.000000 0.144401
2196.000000 0.096297
2197.000000 0.103972
2198.000000 0.028865
2199.000000 0.049246
2200.000000 0.118183
2201.000000 0.112896
2202.000000 0.075807
2203.000000 0.084287
2204.000000 0.034385
2205.000000 0.192577
2206.000000 0.202160
2207.000000 0.099419
2208.000000 0.060977
2209.000000 0.135765
2210.000000 0.067791
2211.000000 0.041529
2212.000000 0.097649
2213.000000 0.070472
2214.000000 0.063545
2215.000000 0.140041
2216.000000 0.059138
2217.000000 0.071296
2218.000000 0.124008
2219.000000 0.088146
2220.000000 0.018637
2221.000000 0.127677
2222.000000 0.065889
2223.000000 0.025862
2224.000000 0.113953
2225.000000 0.056399
2226.000000 0.098511
2227.000000 0.067770
2228.000000 0.057360
2229.000000 0.109426
2230.000000 0.177445
2231.000000 0.113179
2232.000000 0.081512
2233.000000 0.137296
2234.000000 0.067064
2235.000000 0.117522
2236.000000 0.049656
2237.000000 0.189777
2238.000000 0.039349
2239.000000 0.184698
2240.000000 0.130413
2241.000000 0.059484
2242.000000 0.144836
2243.000000 0.088974
2244.000000 0.133863
2245.000000 0.141107
2246.000000 0.042082
2247.000000 0.118932
2248.000000 0.152078
2249.000000 0.159860
2250.000000 0.148065
2251.000000 0.094344
2252.000000 0.026039
2253.000000 0.093437
2254.000000 0.103002
2255.000000 0.089568
2256.000000 0.099160
2257.000000 0.138885
2258.000000 0.131346
2259.000000 0.099588
2260.000000 0.240013
2261.000000 0.060910
2262.000000 0.048221
2263.000000 0.088225
2264.000000 0.054948
2265.000000 0.053520
2266.000000 0.039727
2267.000000 0.038813
2268.000000 0.175144
2269.000000 0.084316
2270.000000 0.092969
2271.000000 0.138745
2272.000000 0.051186
2273.000000 0.177091
2274.000000 0.248786
2275.000000 0.048562
2276.000000 0.107632
2277.000000 0.110234
2278.000000 0.089993
2279.000000 0.091881
2280.000000 0.022688
2281.000000 0.116730
2282.000000 0.014459
2283.000000 0.094093
2284.000000 0.197452
2285.000000 0.039535
2286.000000 0.060512
2287.000000 0.115719
2288.000000 0.093808
2289.000000 0.129050
2290.000000 0.339999
2291.000000 0.175636
2292.000000 0.125273
2293.000000 0.057969
2294.000000 0.107525
2295.000000 0.102841
2296.000000 0.103355
2297.000000 0.073469
2298.000000 0.036142
2299.000000 0.139654
2300.000000 0.157853
2301.000000 0.073242
2302.000000 0.062063
2303.000000 0.075750
2304.000000 0.058570
2305.000000 0.136583
2306.000000 0.170422
2307.000000 0.042838
2308.000000 0.054649
2309.000000 0.087376
2310.000000 0.259602
2311.000000 0.123649
2312.000000 0.118444
2313.000000 0.070589
2314.000000 0.189725
2315.000000 0.031952
2316.000000 0.151215
2317.000000 0.061448
2318.000000 0.097129
2319.000000 0.100576
2320.000000 0.101577
2321.000000 0.063865
2322.000000 0.097540
2323.000000 0.075623
2324.000000 0.040470
2325.000000 0.065271
2326.000000 0.086962
2327.000000 0.062960
2328.000000 0.045861
2329.000000 0.013987
2330.000000 0.210806
2331.000000 0.058789
2332.000000 0.101185
2333.000000 0.100669
2334.000000 0.073776
2335.000000 0.033759
2336.000000 0.052763
2337.000000 0.120790
2338.000000 0.026889
2339.000000 0.086247
2340.000000 0.085574
2341.000000 0.177845
2342.000000 0.233675
2343.000000 0.084358
2344.000000 0.219536
2345.000000 0.108865
2346.000000 0.061307
2347.000000 0.172734
2348.000000 0.022569
2349.000000 0.026508
2350.000000 0.150551
2351.000000 0.100021
2352.000000 0.150839
2353.000000 0.122328
2354.000000 0.097220
2355.000000 0.054082
2356.000000 0.122157
2357.000000 0.151310
2358.000000 0.087045
2359.000000 0.060370
2360.000000 0.077922
2361.000000 0.147261
2362.000000 0.206067
2363.000000 0.114099
2364.000000 0.143476
2365.000000 0.239533
2366.000000 0.077151
2367.000000 0.217794
2368.000000 0.236013
2369.000000 0.142097
2370.000000 0.130415
2371.000000 0.103028
2372.000000 0.136146
2373.000000 0.052174
2374.000000 0.152225
2375.000000 0.084586
2376.000000 0.066758
2377.000000 0.156231
2378.000000 0.134838
2379.000000 0.167511
2380.000000 0.056520
2381.000000 0.101267
2382.000000 0.177788
2383.000000 0.039807
2384.000000 0.110191
2385.000000 0.178267
2386.000000 0.144565
2387.000000 0.206480
2388.000000 0.081906
2389.000000 0.068940
2390.000000 0.044825
2391.000000 0.095269
2392.000000 0.099035
2393.000000 0.218175
2394.000000 0.074456
2395.000000 0.062065
2396.000000 0.053184
2397.000000 0.157489
2398.000000 0.146195
2399.000000 0.055723
2400.000000 0.087722
2401.000000 0.099722
2402.000000 0.064012
2403.000000 0.136429
2404.000000 0.057430
2405.000000 0.148121
2406.000000 0.070967
2407.000000 0.078580
2408.000000 0.096512
2409.000000 0.133225
2410.000000 0.121360
2411.000000 0.113253
2412.000000 0.070447
2413.000000 0.058036
2414.000000 0.107576
2415.000000 0.088634
2416.000000 0.092397
2417.000000 0.099326
2418.000000 0.128796
2419.000000 0.080766
2420.000000 0.111052
2421.000000 0.092816
2422.000000 0.096146
2423.000000 0.098878
2424.000000 0.092701
2425.000000 0.089975
2426.000000 0.122230
2427.000000 0.115772
2428.000000 0.096099
2429.000000 0.040040
2430.000000 0.199161
2431.000000 0.040137
2432.000000 0.103077
2433.000000 0.073374
2434.000000 0.160658
2435.000000 0.039140
2436.000000 0.127773
2437.000000 0.177617
2438.000000 0.068627
2439.000000 0.076613
2440.000000 0.053310
2441.000000 0.111818
2442.000000 0.059203
2443.000000 0.029510
2444.000000 0.046527
2445.000000 0.148416
2446.000000 0.126398
2447.000000 0.193943
2448.000000 0.140421
2449.000000 0.065634
2450.000000 0.063836
2451.000000 0.097679
2452.000000 0.066176
2453.000000 0.077021
2454.000000 0.108294
2455.000000 0.119611
2456.000000 0.163049
2457.000000 0.076864
2458.000000 0.095244
2459.000000 0.064208
2460.000000 0.119422
2461.000000 0.070553
2462.000000 0.095068
2463.000000 0.133797
2464.000000 0.161141
2465.000000 0.083991
2466.000000 0.097528
2467.000000 0.060341
2468.000000 0.170134
2469.000000 0.156829
2470.000000 0.031680
2471.000000 0.189098
2472.000000 0.182599
2473.000000 0.144135
2474.000000 0.153907
2475.000000 0.094241
2476.000000 0.077547
2477.000000 0.136169
2478.000000 0.054535
2479.000000 0.056350
2480.000000 0.036336
2481.000000 0.098270
2482.000000 0.111284
2483.000000 0.094899
2484.000000 0.056020
2485.000000 0.032070
2486.000000 0.053637
2487.000000 0.057170
2488.000000 0.207457
2489.000000 0.090865
2490.000000 0.094650
2491.000000 0.112208
2492.000000 0.045844
2493.000000 0.058237
2494.000000 0.171658
2495.000000 0.071253
2496.000000 0.104279
2497.000000 0.097803
2498.000000 0.026446
2499.000000 0.018694
2500.000000 0.065807
2501.000000 0.068262
2502.000000 0.034336
2503.000000 0.036050
2504.000000 0.150068
2505.000000 0.153744
2506.000000 0.040956
2507.000000 0.107055
2508.000000 0.018419
2509.000000 0.199407
2510.000000 0.014294
2511.000000 0.113418
2512.000000 0.082183
2513.000000 0.024630
2514.000000 0.102355
2515.000000 0.052935
2516.000000 0.118759
2517.000000 0.128856
2518.000000 0.109414
2519.000000 0.127828
2520.000000 0.135785
2521.000000 0.141193
2522.000000 0.101677
2523.000000 0.165170
2524.000000 0.033257
2525.000000 0.220158
2526.000000 0.082312
2527.000000 0.087809
2528.000000 0.038021
2529.000000 0.124149
2530.000000 0.140311
2531.000000 0.139284
2532.000000 0.018925
2533.000000 0.114017
2534.000000 0.118303
2535.000000 0.158514
2536.000000 0.066982
2537.000000 0.071174
2538.000000 0.106158
2539.000000 0.077615
2540.000000 0.194503
2541.000000 0.135662
2542.000000 0.239199
2543.000000 0.046899
2544.000000 0.149894
2545.000000 0.099186
2546.000000 0.186423
2547.000000 0.086621
2548.000000 0.147279
2549.000000 0.033776
2550.000000 0.093786
2551.000000 0.116228
2552.000000 0.077369
2553.000000 0.137776
2554.000000 0.172872
2555.000000 0.137194
2556.000000 0.098964
2557.000000 0.188466
2558.000000 0.053064
2559.000000 0.059439
2560.000000 0.035866
2561.000000 0.173719
2562.000000 0.113751
2563.000000 0.067881
2564.000000 0.049992
2565.000000 0.154569
2566.000000 0.038589
2567.000000 0.140271
2568.000000 0.177671
2569.000000 0.147035
2570.000000 0.158300
2571.000000 0.034088
2572.000000 0.145444
2573.000000 0.091343
2574.000000 0.225876
2575.000000 0.167871
2576.000000 0.006254
2577.000000 0.081332
2578.000000 0.166324
2579.000000 0.211779
2580.000000 0.121458
2581.000000 0.072685
2582.000000 0.238754
2583.000000 0.091842
2584.000000 0.072704
2585.000000 0.128296
2586.000000 0.126344
2587.000000 0.075024
2588.000000 0.123283
2589.000000 0.133182
2590.000000 0.096864
2591.000000 0.073338
2592.000000 0.162559
2593.000000 0.101116
2594.000000 0.035880
2595.000000 0.069610
2596.000000 0.038541
2597.000000 0.020507
2598.000000 0.142702
2599.000000 0.183220
2600.000000 0.108485
2601.000000 0.010177
2602.000000 0.054573
2603.000000 0.013939
2604.000000 0.100113
2605.000000 0.182285
2606.000000 0.086994
2607.000000 0.058006
2608.000000 0.037599
2609.000000 0.089372
2610.000000 0.090546
2611.000000 0.096622
2612.000000 0.061860
2613.000000 0.002803
2614.000000 0.162740
2615.000000 0.102657
2616.000000 0.122976
2617.000000 0.048702
2618.000000 0.151741
2619.000000 0.096276
2620.000000 0.131599
2621.000000 0.161929
2622.000000 0.182231
2623.000000 0.252309
2624.000000 0.099658
2625.000000 0.054920
2626.000000 0.045799
2627.000000 0.200676
2628.000000 0.042944
2629.000000 0.163106
2630.000000 0.161272
2631.000000 0.065145
2632.000000 0.143440
2633.000000 0.042608
2634.000000 0.112132
2635.000000 0.134974
2636.000000 0.122374
2637.000000 0.124670
2638.000000 0.079161
2639.000000 0.148923
2640.000000 0.167566
2641.000000 0.080961
2642.000000 0.232813
2643.000000 0.157957
2644.000000 0.163637
2645.000000 0.042783
2646.000000 0.009496
2647.000000 0.100188
2648.000000 0.089045
2649.000000 0.039319
2650.000000 0.069866
2651.000000 0.029423
2652.000000 0.129127
2653.000000 0.161918
2654.000000 0.081947
2655.000000 0.097180
2656.000000 0.080030
2657.000000 0.131979
2658.000000 0.159785
2659.000000 0.101284
2660.000000 0.059879
2661.000000 0.075586
2662.000000 0.023112
2663.000000 0.056610
2664.000000 0.133697
2665.000000 0.066640
2666.000000 0.134819
2667.000000 0.213927
2668.000000 0.069728
2669.000000 0.186901
2670.000000 0.087080
2671.000000 0.165422
2672.000000 0.065586
2673.000000 0.195748
2674.000000 0.021308
2675.000000 0.127578
2676.000000 0.176254
2677.000000 0.132551
2678.000000 0.090018
2679.000000 0.079187
2680.000000 0.079930
2681.000000 0.151536
2682.000000 0.069427
2683.000000 0.136428
2684.000000 0.104955
2685.000000 0.047783
2686.000000 0.159485
2687.000000 0.185059
2688.000000 0.158888
2689.000000 0.104910
2690.000000 0.090656
2691.000000 0.068848
2692.000000 0.119657
2693.000000 0.033798
2694.000000 0.070225
2695.000000 0.086359
2696.000000 0.140099
2697.000000 0.202258
2698.000000 0.055889
2699.000000 0.112404
2700.000000 0.136060
2701.000000 0.074935
2702.000000 0.105850
2703.000000 0.120999
2704.000000 0.053439
2705.000000 0.143859
2706.000000 0.120621
2707.000000 0.060630
2708.000000 0.075509
2709.000000 0.059109
2710.000000 0.227051
2711.000000 0.075780
2712.000000 0.172622
2713.000000 0.187519
2714.000000 0.065738
2715.000000 0.063479
2716.000000 0.127481
2717.000000 0.132889
2718.000000 0.031792
2719.000000 0.093986
2720.000000 0.066565
2721.000000 0.020579
2722.000000 0.105552
2723.000000 0.091006
2724.000000 0.092539
2725.000000 0.170774
2726.000000 0.134051
2727.000000 0.051961
2728.000000 0.039683
2729.000000 0.067745
2730.000000 0.077838
2731.000000 0.173837
2732.000000 0.050060
2733.000000 0.135749
2734.000000 0.029975
2735.000000 0.153276
2736.000000 0.072074
2737.000000 0.215977
2738.000000 0.077655
2739.000000 0.141517
2740.000000 0.065896
2741.000000 0.212926
2742.000000 0.144410
2743.000000 0.134875
2744.000000 0.082290
2745.000000 0.043463
2746.000000 0.122482
2747.000000 0.035962
2748.000000 0.078274
2749.000000 0.076195
2750.000000 0.143235
2751.000000 0.025603
2752.000000 0.117017
2753.000000 0.194456
2754.000000 0.031269
2755.000000 0.058923
2756.000000 0.170544
2757.000000 0.032620
2758.000000 0.060716
2759.000000 0.055211
2760.000000 0.082443
2761.000000 0.171522
2762.000000 0.065619
2763.000000 0.095726
2764.000000 0.099615
2765.000000 0.112815
2766.000000 0.104193
2767.000000 0.075551
2768.000000 0.095024
2769.000000 0.070573
2770.000000 0.149450
2771.000000 0.029169
2772.000000 0.116526
2773.000000 0.149560
2774.000000 0.215528
2775.000000 0.134557
2776.000000 0.143773
2777.000000 0.073521
2778.000000 0.123483
2779.000000 0.194410
2780.000000 0.137672
2781.000000 0.091334
2782.000000 0.203049
2783.000000 0.179386
2784.000000 0.095467
2785.000000 0.100975
2786.000000 0.168049
2787.000000 0.134184
2788.000000 0.163008
2789.000000 0.041801
2790.000000 0.071132
2791.000000 0.129040
2792.000000 0.068999
2793.000000 0.044818
2794.000000 0.050374
2795.000000 0.148508
2796.000000 0.121603
2797.000000 0.073888
2798.000000 0.114643
2799.000000 0.183359
2800.000000 0.064496
2801.000000 0.272735
2802.000000 0.115353
2803.000000 0.086435
2804.000000 0.088997
2805.000000 0.092505
2806.000000 0.163236
2807.000000 0.124959
2808.000000 0.059215
2809.000000 0.113966
2810.000000 0.122698
2811.000000 0.020618
2812.000000 0.105483
2813.000000 0.100359
2814.000000 0.120289
2815.000000 0.142623
2816.000000 0.135595
2817.000000 0.148114
2818.000000 0.022366
2819.000000 0.070032
2820.000000 0.064958
2821.000000 0.065794
2822.000000 0.017819
2823.000000 0.030756
2824.000000 0.172162
2825.000000 0.151664
2826.000000 0.062868
2827.000000 0.112086
2828.000000 0.070603
2829.000000 0.212212
2830.000000 0.057864
2831.000000 0.094207
2832.000000 0.119734
2833.000000 0.099672
2834.000000 0.068121
2835.000000 0.136449
2836.000000 0.074679
2837.000000 0.087958
2838.000000 0.088297
2839.000000 0.106123
2840.000000 0.070485
2841.000000 0.090544
2842.000000 0.046504
2843.000000 0.074664
2844.000000 0.110969
2845.000000 0.076715
2846.000000 0.040176
2847.000000 0.102326
2848.000000 0.138602
2849.000000 0.048869
2850.000000 0.045320
2851.000000 0.074312
2852.000000 0.159886
2853.000000 0.056383
2854.000000 0.128274
2855.000000 0.150850
2856.000000 0.106106
2857.000000 0.203956
2858.000000 0.117120
2859.000000 0.153042
2860.000000 0.152760
2861.000000 0.102699
2862.000000 0.099788
2863.000000 0.146045
2864.000000 0.059337
2865.000000 0.035915
2866.000000 0.079308
2867.000000 0.126172
2868.000000 0.142126
2869.000000 0.124114
2870.000000 0.090327
2871.000000 0.104060
2872.000000 0.110240
2873.000000 0.119888
2874.000000 0.129703
2875.000000 0.074687
2876.000000 0.113367
2877.000000 0.068049
2878.000000 0.143957
2879.000000 0.046255
2880.000000 0.043088
2881.000000 0.072498
2882.000000 0.102721
2883.000000 0.022225
2884.000000 0.076045
2885.000000 0.034529
2886.000000 0.158175
2887.000000 0.178445
2888.000000 0.104617
2889.000000 0.068975
2890.000000 0.162022
2891.000000 0.122209
2892.000000 0.087224
2893.000000 0.151228
2894.000000 0.173804
2895.000000 0.134955
2896.000000 0.131765
2897.000000 0.078695
2898.000000 0.099230
2899.000000 0.087432
2900.000000 0.087160
2901.000000 0.069401
2902.000000 0.115486
2903.000000 0.129719
2904.000000 0.109467
2905.000000 0.063444
2906.000000 0.096313
2907.000000 0.052151
2908.000000 0.137509
2909.000000 0.131247
2910.000000 0.241440
2911.000000 0.075099
2912.000000 0.089817
2913.000000 0.115985
2914.000000 0.084106
2915.000000 0.099439
2916.000000 0.098120
2917.000000 0.086604
2918.000000 0.075248
2919.000000 0.120203
2920.000000 0.088408
2921.000000 0.026096
2922.000000 0.040175
2923.000000 0.043385
2924.000000 0.118876
2925.000000 0.041264
2926.000000 0.107700
2927.000000 0.049653
2928.000000 0.101424
2929.000000 0.179915
2930.000000 0.094875
2931.000000 0.082090
2932.000000 0.084862
2933.000000 0.067033
2934.000000 0.075142
2935.000000 0.210882
2936.000000 0.125379
2937.000000 0.199719
2938.000000 0.133828
2939.000000 0.063913
2940.000000 0.088655
2941.000000 0.022619
2942.000000 0.114088
2943.000000 0.051734
2944.000000 0.085815
2945.000000 0.105163
2946.000000 0.152071
2947.000000 0.042750
2948.000000 0.066763
2949.000000 0.101262
2950.000000 0.063102
2951.000000 0.041011
2952.000000 0.151436
2953.000000 0.127514
2954.000000 0.173497
2955.000000 0.119685
2956.000000 0.192464
2957.000000 0.102151
2958.000000 0.101205
2959.000000 0.058803
2960.000000 0.021554
2961.000000 0.091542
2962.000000 0.082613
2963.000000 0.153688
2964.000000 0.054158
2965.000000 0.079020
2966.000000 0.141937
2967.000000 0.130553
2968.000000 0.108406
2969.000000 0.140834
2970.000000 0.066916
2971.000000 0.092198
2972.000000 0.101660
2973.000000 0.099532
2974.000000 0.057868
2975.000000 0.066958
2976.000000 0.038407
2977.000000 0.011640
2978.000000 0.081732
2979.000000 0.073908
2980.000000 0.211875
2981.000000 0.062316
2982.000000 0.168230
2983.000000 0.052920
2984.000000 0.095075
2985.000000 0.078267
2986.000000 0.071827
2987.000000 0.094067
2988.000000 0.272372
2989.000000 0.050076
2990.000000 0.124505
2991.000000 0.053110
2992.000000 0.077021
2993.000000 0.155490
2994.000000 0.050054
2995.000000 0.052543
2996.000000 0.137463
2997.000000 0.084999
2998.000000 0.108128
2999.000000 0.087523
3000.000000 0.027863
