10.000000 0.034602
20.000000 0.154316
30.000000 0.165827
40.000000 0.027989
50.000000 0.106929
60.000000 0.040624
70.000000 0.137711
80.000000 0.070860
90.000000 0.209001
100.000000 0.108370
110.000000 0.088975
120.000000 0.072063
130.000000 0.060698
140.000000 0.103011
150.000000 0.078407
160.000000 0.226620
170.000000 0.058243
180.000000 0.261884
190.000000 0.124212
200.000000 0.024353
210.000000 0.074949
220.000000 0.154486
230.000000 0.088834
240.000000 0.078261
250.000000 0.133752
260.000000 0.045268
270.000000 0.080298
280.000000 0.110393
290.000000 0.184571
300.000000 0.019242
310.000000 0.058400
320.000000 0.089212
330.000000 0.025486
340.000000 0.010181
350.000000 0.090323
360.000000 0.054132
370.000000 0.032325
380.000000 0.089872
390.000000 0.066357
400.000000 0.040315
410.000000 0.113153
420.000000 0.047745
430.000000 0.076813
440.000000 0.085079
450.000000 0.063798
460.000000 0.042702
470.000000 0.025326
480.000000 0.068779
490.000000 0.051347
500.000000 0.068768
510.000000 0.057310
520.000000 0.107915
530.000000 0.089071
540.000000 0.121470
550.000000 0.103245
560.000000 0.141912
570.000000 0.056905
580.000000 0.163537
590.000000 0.102910
600.000000 0.059073
610.000000 0.058882
620.000000 0.075784
630.000000 0.129523
640.000000 0.051776
650.000000 0.129924
660.000000 0.078352
670.000000 0.129155
680.000000 0.124960
690.000000 0.178646
700.000000 0.106855
710.000000 0.132543
720.000000 0.125293
730.000000 0.070326
740.000000 0.081981
750.000000 0.092716
760.000000 0.105971
770.000000 0.104880
780.000000 0.111465
790.000000 0.042218
800.000000 0.081560
810.000000 0.018865
820.000000 0.105445
830.000000 0.023648
840.000000 0.057778
850.000000 0.040342
860.000000 0.053418
870.000000 0.076715
880.000000 0.043148
890.000000 0.083508
900.000000 0.131041
910.000000 0.098092
920.000000 0.007420
930.000000 0.076749
940.000000 0.064089
950.000000 0.029748
960.000000 0.127007
970.000000 0.047377
980.000000 0.158169
990.000000 0.099261
1000.000000 0.120044
