10.000000 0.452688
20.000000 0.799342
30.000000 0.737906
40.000000 0.680372
50.000000 0.785413
60.000000 0.765794
70.000000 0.697340
80.000000 0.730497
90.000000 0.832969
100.000000 0.830830
110.000000 0.880881
120.000000 0.858106
130.000000 0.827924
140.000000 0.796801
150.000000 0.879256
160.000000 0.843560
170.000000 0.804930
180.000000 0.864367
190.000000 0.799033
200.000000 0.900321
210.000000 0.883843
220.000000 0.845971
230.000000 0.818874
240.000000 0.895240
250.000000 0.787377
260.000000 0.885537
270.000000 0.815370
280.000000 0.804003
290.000000 0.747009
300.000000 0.828934
310.000000 0.872631
320.000000 0.864598
330.000000 0.840293
340.000000 0.868611
350.000000 0.849630
360.000000 0.879332
370.000000 0.860632
380.000000 0.809856
390.000000 0.727398
400.000000 0.633310
410.000000 0.453995
420.000000 0.734889
430.000000 0.841850
440.000000 0.747397
450.000000 0.872904
460.000000 0.808939
470.000000 0.841679
480.000000 0.674246
490.000000 0.868604
500.000000 0.790842
510.000000 0.678882
520.000000 0.804653
530.000000 0.819794
540.000000 0.885482
550.000000 0.882973
560.000000 0.745515
570.000000 0.648671
580.000000 0.749065
590.000000 0.840384
600.000000 0.890721
610.000000 0.887469
620.000000 0.764662
630.000000 0.797466
640.000000 0.831248
650.000000 0.798336
660.000000 0.880795
670.000000 0.840272
680.000000 0.849856
690.000000 0.836510
700.000000 0.841842
710.000000 0.885388
720.000000 0.867662
730.000000 0.800504
740.000000 0.733525
750.000000 0.787327
760.000000 0.819551
770.000000 0.738435
780.000000 0.687680
790.000000 0.777855
800.000000 0.820311
810.000000 0.824610
820.000000 0.826142
830.000000 0.776296
840.000000 0.741622
850.000000 0.617317
860.000000 0.523223
870.000000 0.838291
880.000000 0.783930
890.000000 0.871240
900.000000 0.764682
910.000000 0.658837
920.000000 0.746158
930.000000 0.876575
940.000000 0.798387
950.000000 0.796449
960.000000 0.916237
970.000000 0.809160
980.000000 0.855508
990.000000 0.852212
1000.000000 0.658820
