10.000000 0.181206
20.000000 0.059357
30.000000 0.079196
40.000000 0.114556
50.000000 0.065428
60.000000 0.038611
70.000000 0.168771
80.000000 0.182611
90.000000 0.054392
100.000000 0.265338
110.000000 0.218135
120.000000 0.160306
130.000000 0.156790
140.000000 0.249388
150.000000 0.055519
160.000000 0.134486
170.000000 0.136110
180.000000 0.058112
190.000000 0.224088
200.000000 0.230541
210.000000 0.091759
220.000000 0.112522
230.000000 0.138933
240.000000 0.152122
250.000000 0.108902
260.000000 0.090068
270.000000 0.069129
280.000000 0.178658
290.000000 0.101151
300.000000 0.116214
310.000000 0.148563
320.000000 0.194343
330.000000 0.111598
340.000000 0.132188
350.000000 0.108294
360.000000 0.173533
370.000000 0.076880
380.000000 0.099723
390.000000 0.103896
400.000000 0.148627
410.000000 0.165281
420.000000 0.142303
430.000000 0.284756
440.000000 0.103526
450.000000 0.143354
460.000000 0.119705
470.000000 0.082944
480.000000 0.169302
490.000000 0.117819
500.000000 0.089472
510.000000 0.142342
520.000000 0.129082
530.000000 0.129679
540.000000 0.252213
550.000000 0.124834
560.000000 0.097207
570.000000 0.072829
580.000000 0.007157
590.000000 0.038409
600.000000 0.105403
610.000000 0.102212
620.000000 0.153953
630.000000 0.030929
640.000000 0.033842
650.000000 0.061056
660.000000 0.119355
670.000000 0.130778
680.000000 0.171118
690.000000 0.178170
700.000000 0.041644
710.000000 0.084421
720.000000 0.159684
730.000000 0.012426
740.000000 0.230986
750.000000 0.106041
760.000000 0.308459
770.000000 0.201566
780.000000 0.057045
790.000000 0.105866
800.000000 0.196677
810.000000 0.012393
820.000000 0.179964
830.000000 0.137938
840.000000 0.209981
850.000000 0.057571
860.000000 0.078593
870.000000 0.208196
880.000000 0.103297
890.000000 0.196560
900.000000 0.086765
910.000000 0.220492
920.000000 0.100625
930.000000 0.195224
940.000000 0.086060
950.000000 0.047221
960.000000 0.020331
970.000000 0.083604
980.000000 0.148130
990.000000 0.037253
1000.000000 0.158466
