0.000000 0.154286
1.000000 0.135543
2.000000 0.056854
3.000000 0.186539
4.000000 0.101827
5.000000 0.204572
6.000000 0.220843
7.000000 0.126072
8.000000 0.187880
9.000000 0.190784
10.000000 0.460893
11.000000 0.486745
12.000000 0.150752
13.000000 0.101000
14.000000 0.096450
15.000000 0.382048
16.000000 0.320948
17.000000 0.229984
18.000000 0.214228
19.000000 0.264595
20.000000 0.069401
21.000000 0.073987
22.000000 0.095301
23.000000 0.220444
24.000000 0.324297
25.000000 0.226779
26.000000 0.328610
27.000000 0.211672
28.000000 0.512180
29.000000 0.122498
30.000000 0.233979
31.000000 0.379282
32.000000 0.361999
33.000000 0.257412
34.000000 0.064410
35.000000 0.293133
36.000000 0.250278
37.000000 0.182819
38.000000 0.335444
39.000000 0.238396
40.000000 0.098108
41.000000 0.270687
42.000000 0.105774
43.000000 0.179128
44.000000 0.227375
45.000000 0.119220
46.000000 0.178363
47.000000 0.264410
48.000000 0.129095
49.000000 0.084094
50.000000 0.221846
51.000000 0.311124
52.000000 0.261512
53.000000 0.337022
54.000000 0.116431
55.000000 0.252212
56.000000 0.522516
57.000000 0.134071
58.000000 0.249150
59.000000 0.390134
60.000000 0.334640
61.000000 0.252815
62.000000 0.152407
63.000000 0.098340
64.000000 0.095769
65.000000 0.278679
66.000000 0.059220
67.000000 0.199651
68.000000 0.206673
69.000000 0.423210
70.000000 0.200631
71.000000 0.240558
72.000000 0.264320
73.000000 0.713337
74.000000 0.251159
75.000000 0.357289
76.000000 0.364629
77.000000 0.270086
78.000000 0.217859
79.000000 0.113107
80.000000 0.212308
81.000000 0.283072
82.000000 0.209668
83.000000 0.162227
84.000000 0.223648
85.000000 0.361790
86.000000 0.215236
87.000000 0.193189
88.000000 0.497226
89.000000 0.115956
90.000000 0.052586
91.000000 0.306317
92.000000 0.151176
93.000000 0.219909
94.000000 0.003785
95.000000 0.072567
96.000000 0.260658
97.000000 0.227270
98.000000 0.264262
99.000000 0.148442
100.000000 0.138836
101.000000 0.358303
102.000000 0.369448
103.000000 0.125828
104.000000 0.103373
105.000000 0.045406
106.000000 0.189739
107.000000 0.147611
108.000000 0.423829
109.000000 0.209172
110.000000 0.123355
111.000000 0.336502
112.000000 0.239479
113.000000 0.229435
114.000000 0.093109
115.000000 0.113896
116.000000 0.246948
117.000000 0.153984
118.000000 0.116369
119.000000 0.261897
120.000000 0.379108
121.000000 0.265482
122.000000 0.261961
123.000000 0.252025
124.000000 0.285445
125.000000 0.171190
126.000000 0.106805
127.000000 0.140597
128.000000 0.050493
129.000000 0.070850
130.000000 0.448457
131.000000 0.294295
132.000000 0.288821
133.000000 0.369054
134.000000 0.188530
135.000000 0.161556
136.000000 0.168257
137.000000 0.265137
138.000000 0.085407
139.000000 0.134074
140.000000 0.211274
141.000000 0.128108
142.000000 0.241393
143.000000 0.244767
144.000000 0.242982
145.000000 0.141182
146.000000 0.109738
147.000000 0.156106
148.000000 0.385327
149.000000 0.185850
150.000000 0.205834
151.000000 0.205050
152.000000 0.277251
153.000000 0.194321
154.000000 0.278084
155.000000 0.159072
156.000000 0.161997
157.000000 0.113432
158.000000 0.268598
159.000000 0.047557
160.000000 0.113647
161.000000 0.138310
162.000000 0.389061
163.000000 0.360377
164.000000 0.180901
165.000000 0.164856
166.000000 0.078485
167.000000 0.204916
168.000000 0.195252
169.000000 0.167050
170.000000 0.151667
171.000000 0.018016
172.000000 0.290796
173.000000 0.172189
174.000000 0.234947
175.000000 0.299793
176.000000 0.258383
177.000000 0.322585
178.000000 0.234605
179.000000 0.214086
180.000000 0.066016
181.000000 0.212344
182.000000 0.155650
183.000000 0.199067
184.000000 0.099458
185.000000 0.314060
186.000000 0.293969
187.000000 0.076406
188.000000 0.149381
189.000000 0.092918
190.000000 0.207702
191.000000 0.052130
192.000000 0.197447
193.000000 0.150968
194.000000 0.033012
195.000000 0.254711
196.000000 0.186472
197.000000 0.461130
198.000000 0.002069
199.000000 0.119270
200.000000 0.207395
201.000000 0.078530
202.000000 0.194588
203.000000 0.093653
204.000000 0.315440
205.000000 0.177052
206.000000 0.228937
207.000000 0.241409
208.000000 0.317890
209.000000 0.147815
210.000000 0.162718
211.000000 0.107556
212.000000 0.060046
213.000000 0.411123
214.000000 0.017522
215.000000 0.129831
216.000000 0.162523
217.000000 0.332025
218.000000 0.301316
219.000000 0.243952
220.000000 0.339432
221.000000 0.249380
222.000000 0.017064
223.000000 0.357090
224.000000 0.047194
225.000000 0.144273
226.000000 0.206096
227.000000 0.218810
228.000000 0.197344
229.000000 0.299783
230.000000 0.112730
231.000000 0.085727
232.000000 0.249628
233.000000 0.284518
234.000000 0.381749
235.000000 0.201612
236.000000 0.190710
237.000000 0.085645
238.000000 0.372077
239.000000 0.241406
240.000000 0.227859
241.000000 0.330462
242.000000 0.258054
243.000000 0.125608
244.000000 0.281611
245.000000 0.376229
246.000000 0.269163
247.000000 0.061849
248.000000 0.333737
249.000000 0.069066
250.000000 0.215549
251.000000 0.314679
252.000000 0.103214
253.000000 0.171809
254.000000 0.167782
255.000000 0.122763
256.000000 0.241891
257.000000 0.246474
258.000000 0.322358
259.000000 0.181010
260.000000 0.236615
261.000000 0.496302
262.000000 0.360122
263.000000 0.321923
264.000000 0.067298
265.000000 0.234586
266.000000 0.227874
267.000000 0.056785
268.000000 0.093934
269.000000 0.243511
270.000000 0.336332
271.000000 0.092962
272.000000 0.170748
273.000000 0.202894
274.000000 0.241517
275.000000 0.207815
276.000000 0.141199
277.000000 0.048342
278.000000 0.334849
279.000000 0.245569
280.000000 0.065766
281.000000 0.164725
282.000000 0.351324
283.000000 0.219318
284.000000 0.173563
285.000000 0.171636
286.000000 0.449404
287.000000 0.161325
288.000000 0.299689
289.000000 0.316758
290.000000 0.165569
291.000000 0.340354
292.000000 0.148198
293.000000 0.355893
294.000000 0.062709
295.000000 0.212307
296.000000 0.372944
297.000000 0.110984
298.000000 0.155541
299.000000 0.106505
300.000000 0.310696
301.000000 0.104345
302.000000 0.315212
303.000000 0.096049
304.000000 0.179717
305.000000 0.224613
306.000000 0.230069
307.000000 0.245684
308.000000 0.301177
309.000000 0.338873
310.000000 0.049507
311.000000 0.209664
312.000000 0.098160
313.000000 0.151935
314.000000 0.235854
315.000000 0.117529
316.000000 0.005902
317.000000 0.144708
318.000000 0.063564
319.000000 0.384291
320.000000 0.388373
321.000000 0.187913
322.000000 0.135218
323.000000 0.120492
324.000000 0.236344
325.000000 0.466328
326.000000 0.265658
327.000000 0.166606
328.000000 0.165831
329.000000 0.368428
330.000000 0.255090
331.000000 0.350189
332.000000 0.153008
333.000000 0.133396
334.000000 0.390777
335.000000 0.192032
336.000000 0.275771
337.000000 0.032202
338.000000 0.158618
339.000000 0.226238
340.000000 0.017326
341.000000 0.130984
342.000000 0.026655
343.000000 0.398023
344.000000 0.195438
345.000000 0.123383
346.000000 0.126245
347.000000 0.089515
348.000000 0.053001
349.000000 0.272493
350.000000 0.100862
351.000000 0.376530
352.000000 0.269340
353.000000 0.272294
354.000000 0.417700
355.000000 0.214839
356.000000 0.203276
357.000000 0.187568
358.000000 0.214187
359.000000 0.091009
360.000000 0.104241
361.000000 0.263841
362.000000 0.205222
363.000000 0.228397
364.000000 0.189433
365.000000 0.220818
366.000000 0.451232
367.000000 0.134240
368.000000 0.265125
369.000000 0.204739
370.000000 0.078240
371.000000 0.372984
372.000000 0.246859
373.000000 0.106927
374.000000 0.076104
375.000000 0.231296
376.000000 0.146845
377.000000 0.323437
378.000000 0.244215
379.000000 0.237309
380.000000 0.216056
381.000000 0.118726
382.000000 0.087132
383.000000 0.143744
384.000000 0.274977
385.000000 0.086395
386.000000 0.299393
387.000000 0.248025
388.000000 0.096744
389.000000 0.208975
390.000000 0.283436
391.000000 0.071112
392.000000 0.425907
393.000000 0.281401
394.000000 0.405708
395.000000 0.218231
396.000000 0.439625
397.000000 0.106594
398.000000 0.139866
399.000000 0.334947
400.000000 0.287693
401.000000 0.340809
402.000000 0.135484
403.000000 0.179838
404.000000 0.369100
405.000000 0.143904
406.000000 0.170911
407.000000 0.464612
408.000000 0.082588
409.000000 0.318181
410.000000 0.212238
411.000000 0.307356
412.000000 0.286947
413.000000 0.344790
414.000000 0.371994
415.000000 0.305106
416.000000 0.148949
417.000000 0.059380
418.000000 0.148126
419.000000 0.136461
420.000000 0.151774
421.000000 0.172553
422.000000 0.104190
423.000000 0.252801
424.000000 0.274833
425.000000 0.121419
426.000000 0.104141
427.000000 0.164013
428.000000 0.309010
429.000000 0.130407
430.000000 0.191853
431.000000 0.307855
432.000000 0.177250
433.000000 0.288592
434.000000 0.207085
435.000000 0.234798
436.000000 0.287247
437.000000 0.271814
438.000000 0.111634
439.000000 0.151429
440.000000 0.284719
441.000000 0.380160
442.000000 0.259818
443.000000 0.098600
444.000000 0.266378
445.000000 0.278392
446.000000 0.242796
447.000000 0.197317
448.000000 0.062973
449.000000 0.275426
450.000000 0.301664
451.000000 0.069570
452.000000 0.369607
453.000000 0.258765
454.000000 0.446598
455.000000 0.197164
456.000000 0.157131
457.000000 0.335826
458.000000 0.136695
459.000000 0.325002
460.000000 0.055624
461.000000 0.652299
462.000000 0.402896
463.000000 0.178036
464.000000 0.431776
465.000000 0.449620
466.000000 0.345367
467.000000 0.307116
468.000000 0.256193
469.000000 0.483707
470.000000 0.329177
471.000000 0.132887
472.000000 0.236823
473.000000 0.068361
474.000000 0.043589
475.000000 0.095453
476.000000 0.178276
477.000000 0.038575
478.000000 0.189081
479.000000 0.454267
480.000000 0.102889
481.000000 0.133899
482.000000 0.084774
483.000000 0.348989
484.000000 0.251972
485.000000 0.094465
486.000000 0.170702
487.000000 0.106124
488.000000 0.199582
489.000000 0.257282
490.000000 0.153059
491.000000 0.427511
492.000000 0.311074
493.000000 0.178830
494.000000 0.066033
495.000000 0.186815
496.000000 0.283890
497.000000 0.403041
498.000000 0.251094
499.000000 0.291583
500.000000 0.096717
501.000000 0.036012
502.000000 0.453094
503.000000 0.301545
504.000000 0.036763
505.000000 0.323626
506.000000 0.139773
507.000000 0.212820
508.000000 0.452677
509.000000 0.210875
510.000000 0.087866
511.000000 0.200701
512.000000 0.221900
513.000000 0.057734
514.000000 0.081866
515.000000 0.204374
516.000000 0.173897
517.000000 0.150211
518.000000 0.053144
519.000000 0.337566
520.000000 0.185474
521.000000 0.124739
522.000000 0.345133
523.000000 0.060794
524.000000 0.299718
525.000000 0.142072
526.000000 0.153273
527.000000 0.411834
528.000000 0.231082
529.000000 0.245885
530.000000 0.284369
531.000000 0.220299
532.000000 0.169012
533.000000 0.371140
534.000000 0.092239
535.000000 0.360937
536.000000 0.324936
537.000000 0.318716
538.000000 0.175220
539.000000 0.346065
540.000000 0.381249
541.000000 0.116339
542.000000 0.139192
543.000000 0.141040
544.000000 0.059477
545.000000 0.220381
546.000000 0.209434
547.000000 0.076785
548.000000 0.075678
549.000000 0.206328
550.000000 0.215717
551.000000 0.268564
552.000000 0.390793
553.000000 0.386144
554.000000 0.119806
555.000000 0.261699
556.000000 0.160027
557.000000 0.185066
558.000000 0.160357
559.000000 0.418352
560.000000 0.228371
561.000000 0.260336
562.000000 0.359651
563.000000 0.354883
564.000000 0.283790
565.000000 0.203646
566.000000 0.202593
567.000000 0.159041
568.000000 0.119082
569.000000 0.276788
570.000000 0.409227
571.000000 0.027157
572.000000 0.224781
573.000000 0.023000
574.000000 0.169969
575.000000 0.098894
576.000000 0.195983
577.000000 0.213291
578.000000 0.202952
579.000000 0.165755
580.000000 0.201434
581.000000 0.121230
582.000000 0.020419
583.000000 0.147100
584.000000 0.304462
585.000000 0.173635
586.000000 0.305964
587.000000 0.150201
588.000000 0.188837
589.000000 0.135879
590.000000 0.227368
591.000000 0.289641
592.000000 0.195084
593.000000 0.255027
594.000000 0.210097
595.000000 0.139815
596.000000 0.161394
597.000000 0.476144
598.000000 0.042827
599.000000 0.171118
600.000000 0.060455
601.000000 0.318090
602.000000 0.199050
603.000000 0.130857
604.000000 0.159323
605.000000 0.343292
606.000000 0.127319
607.000000 0.024422
608.000000 0.086194
609.000000 0.183621
610.000000 0.240935
611.000000 0.197950
612.000000 0.469227
613.000000 0.169737
614.000000 0.248387
615.000000 0.289629
616.000000 0.109371
617.000000 0.415350
618.000000 0.110486
619.000000 0.301857
620.000000 0.219234
621.000000 0.381740
622.000000 0.061219
623.000000 0.378086
624.000000 0.523536
625.000000 0.319478
626.000000 0.197239
627.000000 0.105831
628.000000 0.237071
629.000000 0.522404
630.000000 0.414079
631.000000 0.216393
632.000000 0.539161
633.000000 0.028277
634.000000 0.114517
635.000000 0.227577
636.000000 0.390575
637.000000 0.614619
638.000000 0.205319
639.000000 0.325192
640.000000 0.204870
641.000000 0.127222
642.000000 0.176416
643.000000 0.176538
644.000000 0.147792
645.000000 0.294394
646.000000 0.116946
647.000000 0.216516
648.000000 0.325814
649.000000 0.189883
650.000000 0.213979
651.000000 0.218429
652.000000 0.269253
653.000000 0.119845
654.000000 0.140356
655.000000 0.428408
656.000000 0.194181
657.000000 0.342257
658.000000 0.201924
659.000000 0.176472
660.000000 0.133295
661.000000 0.318763
662.000000 0.234252
663.000000 0.112372
664.000000 0.373620
665.000000 0.064491
666.000000 0.364709
667.000000 0.425225
668.000000 0.183220
669.000000 0.218395
670.000000 0.223917
671.000000 0.168662
672.000000 0.242849
673.000000 0.435314
674.000000 0.310714
675.000000 0.359718
676.000000 0.359800
677.000000 0.221906
678.000000 0.390947
679.000000 0.277838
680.000000 0.451328
681.000000 0.052073
682.000000 0.314846
683.000000 0.066980
684.000000 0.281933
685.000000 0.179270
686.000000 0.224207
687.000000 0.180471
688.000000 0.310446
689.000000 0.129232
690.000000 0.347907
691.000000 0.322910
692.000000 0.136853
693.000000 0.148679
694.000000 0.413290
695.000000 0.078093
696.000000 0.217821
697.000000 0.167313
698.000000 0.149634
699.000000 0.239514
700.000000 0.078151
701.000000 0.247203
702.000000 0.116301
703.000000 0.211007
704.000000 0.165515
705.000000 0.438740
706.000000 0.235592
707.000000 0.035018
708.000000 0.125559
709.000000 0.244649
710.000000 0.016881
711.000000 0.269836
712.000000 0.129008
713.000000 0.032343
714.000000 0.421489
715.000000 0.233529
716.000000 0.142775
717.000000 0.370178
718.000000 0.208885
719.000000 0.318836
720.000000 0.281948
721.000000 0.058781
722.000000 0.086271
723.000000 0.156680
724.000000 0.422841
725.000000 0.133539
726.000000 0.210572
727.000000 0.230364
728.000000 0.039325
729.000000 0.073809
730.000000 0.172820
731.000000 0.119091
732.000000 0.140788
733.000000 0.139643
734.000000 0.243346
735.000000 0.168114
736.000000 0.149157
737.000000 0.298574
738.000000 0.326240
739.000000 0.168252
740.000000 0.154284
741.000000 0.138119
742.000000 0.168729
743.000000 0.185312
744.000000 0.265081
745.000000 0.255080
746.000000 0.166165
747.000000 0.272437
748.000000 0.111135
749.000000 0.291164
750.000000 0.233286
751.000000 0.119030
752.000000 0.197314
753.000000 0.302324
754.000000 0.272293
755.000000 0.081535
756.000000 0.237214
757.000000 0.268903
758.000000 0.074503
759.000000 0.105782
760.000000 0.165701
761.000000 0.281652
762.000000 0.101202
763.000000 0.071001
764.000000 0.294077
765.000000 0.114678
766.000000 0.176888
767.000000 0.253340
768.000000 0.169801
769.000000 0.312564
770.000000 0.344764
771.000000 0.313819
772.000000 0.128819
773.000000 0.184051
774.000000 0.287032
775.000000 0.095778
776.000000 0.393101
777.000000 0.081607
778.000000 0.051446
779.000000 0.299750
780.000000 0.100051
781.000000 0.385295
782.000000 0.168877
783.000000 0.119062
784.000000 0.219162
785.000000 0.182521
786.000000 0.067026
787.000000 0.340327
788.000000 0.008282
789.000000 0.282905
790.000000 0.282736
791.000000 0.125667
792.000000 0.199095
793.000000 0.209715
794.000000 0.455532
795.000000 0.349431
796.000000 0.326531
797.000000 0.210981
798.000000 0.268178
799.000000 0.226462
800.000000 0.374123
801.000000 0.431198
802.000000 0.302060
803.000000 0.170069
804.000000 0.159803
805.000000 0.213038
806.000000 0.265381
807.000000 0.352851
808.000000 0.476241
809.000000 0.229619
810.000000 0.179520
811.000000 0.246888
812.000000 0.240534
813.000000 0.111185
814.000000 0.164179
815.000000 0.145937
816.000000 0.254707
817.000000 0.235844
818.000000 0.336929
819.000000 0.176446
820.000000 0.239815
821.000000 0.145230
822.000000 0.431829
823.000000 0.232067
824.000000 0.226763
825.000000 0.135111
826.000000 0.062258
827.000000 0.299460
828.000000 0.242785
829.000000 0.292396
830.000000 0.341932
831.000000 0.145449
832.000000 0.171719
833.000000 0.301393
834.000000 0.068529
835.000000 0.106682
836.000000 0.181081
837.000000 0.352830
838.000000 0.150407
839.000000 0.319921
840.000000 0.347237
841.000000 0.305168
842.000000 0.088745
843.000000 0.285472
844.000000 0.165482
845.000000 0.446200
846.000000 0.513994
847.000000 0.445629
848.000000 0.100838
849.000000 0.139871
850.000000 0.319252
851.000000 0.194377
852.000000 0.353705
853.000000 0.131412
854.000000 0.294487
855.000000 0.156890
856.000000 0.370564
857.000000 0.227957
858.000000 0.591874
859.000000 0.092006
860.000000 0.250777
861.000000 0.206685
862.000000 0.228797
863.000000 0.541241
864.000000 0.342892
865.000000 0.175719
866.000000 0.363229
867.000000 0.260772
868.000000 0.176656
869.000000 0.273123
870.000000 0.190832
871.000000 0.372332
872.000000 0.142520
873.000000 0.016398
874.000000 0.091850
875.000000 0.293929
876.000000 0.154742
877.000000 0.214962
878.000000 0.475439
879.000000 0.013774
880.000000 0.203260
881.000000 0.260794
882.000000 0.049442
883.000000 0.402774
884.000000 0.211669
885.000000 0.341739
886.000000 0.105885
887.000000 0.299748
888.000000 0.372840
889.000000 0.091334
890.000000 0.414703
891.000000 0.480896
892.000000 0.301544
893.000000 0.097858
894.000000 0.404272
895.000000 0.141741
896.000000 0.541745
897.000000 0.396638
898.000000 0.276902
899.000000 0.147874
900.000000 0.189101
901.000000 0.242949
902.000000 0.049498
903.000000 0.231260
904.000000 0.353235
905.000000 0.286066
906.000000 0.210499
907.000000 0.231039
908.000000 0.157669
909.000000 0.227564
910.000000 0.212513
911.000000 0.188944
912.000000 0.105466
913.000000 0.221421
914.000000 0.084822
915.000000 0.264448
916.000000 0.240205
917.000000 0.203284
918.000000 0.224347
919.000000 0.165428
920.000000 0.225292
921.000000 0.083152
922.000000 0.223644
923.000000 0.308771
924.000000 0.351875
925.000000 0.182916
926.000000 0.043919
927.000000 0.494751
928.000000 0.080450
929.000000 0.207084
930.000000 0.111097
931.000000 0.120542
932.000000 0.352900
933.000000 0.281471
934.000000 0.338226
935.000000 0.427188
936.000000 0.244864
937.000000 0.175279
938.000000 0.237563
939.000000 0.193905
940.000000 0.070162
941.000000 0.261809
942.000000 0.266517
943.000000 0.249408
944.000000 0.505234
945.000000 0.462182
946.000000 0.171514
947.000000 0.275873
948.000000 0.123950
949.000000 0.367909
950.000000 0.179163
951.000000 0.132335
952.000000 0.213482
953.000000 0.284233
954.000000 0.300213
955.000000 0.159773
956.000000 0.155774
957.000000 0.230804
958.000000 0.337421
959.000000 0.100319
960.000000 0.300878
961.000000 0.226574
962.000000 0.383886
963.000000 0.252471
964.000000 0.157132
965.000000 0.070519
966.000000 0.235961
967.000000 0.100139
968.000000 0.252406
969.000000 0.229045
970.000000 0.183087
971.000000 0.083918
972.000000 0.220865
973.000000 0.261509
974.000000 0.210929
975.000000 0.432464
976.000000 0.208248
977.000000 0.181329
978.000000 0.160642
979.000000 0.116842
980.000000 0.040022
981.000000 0.326523
982.000000 0.227237
983.000000 0.216995
984.000000 0.020683
985.000000 0.303216
986.000000 0.272163
987.000000 0.297154
988.000000 0.311988
989.000000 0.208770
990.000000 0.386630
991.000000 0.229346
992.000000 0.108800
993.000000 0.370393
994.000000 0.163099
995.000000 0.328526
996.000000 0.310622
997.000000 0.157383
998.000000 0.140426
999.000000 0.348912
1000.000000 0.119579
1001.000000 0.055514
1002.000000 0.252886
1003.000000 0.134135
1004.000000 0.169248
1005.000000 0.339120
1006.000000 0.231393
1007.000000 0.095910
1008.000000 0.252616
1009.000000 0.022611
1010.000000 0.218316
1011.000000 0.248478
1012.000000 0.363533
1013.000000 0.063661
1014.000000 0.234688
1015.000000 0.449274
1016.000000 0.307766
1017.000000 0.384899
1018.000000 0.245832
1019.000000 0.112090
1020.000000 0.096629
1021.000000 0.156268
1022.000000 0.168375
1023.000000 0.381531
1024.000000 0.248056
1025.000000 0.235301
1026.000000 0.126472
1027.000000 0.093092
1028.000000 0.159737
1029.000000 0.188089
1030.000000 0.206221
1031.000000 0.307404
1032.000000 0.182159
1033.000000 0.176379
1034.000000 0.298484
1035.000000 0.239453
1036.000000 0.178801
1037.000000 0.168866
1038.000000 0.336221
1039.000000 0.228731
1040.000000 0.365418
1041.000000 0.330630
1042.000000 0.064336
1043.000000 0.025812
1044.000000 0.248958
1045.000000 0.399388
1046.000000 0.224380
1047.000000 0.237223
1048.000000 0.085706
1049.000000 0.065363
1050.000000 0.113260
1051.000000 0.122075
1052.000000 0.164944
1053.000000 0.148379
1054.000000 0.192809
1055.000000 0.473931
1056.000000 0.092714
1057.000000 0.257799
1058.000000 0.244135
1059.000000 0.264642
1060.000000 0.279325
1061.000000 0.315002
1062.000000 0.051839
1063.000000 0.207539
1064.000000 0.242134
1065.000000 0.230411
1066.000000 0.539836
1067.000000 0.191026
1068.000000 0.176281
1069.000000 0.160459
1070.000000 0.236111
1071.000000 0.199722
1072.000000 0.294455
1073.000000 0.067569
1074.000000 0.147381
1075.000000 0.081168
1076.000000 0.186375
1077.000000 0.265423
1078.000000 0.335713
1079.000000 0.286470
1080.000000 0.117567
1081.000000 0.157059
1082.000000 0.413765
1083.000000 0.491915
1084.000000 0.101041
1085.000000 0.080145
1086.000000 0.078393
1087.000000 0.232025
1088.000000 0.302793
1089.000000 0.065400
1090.000000 0.437134
1091.000000 0.151024
1092.000000 0.171816
1093.000000 0.132571
1094.000000 0.212785
1095.000000 0.164881
1096.000000 0.232472
1097.000000 0.079512
1098.000000 0.390561
1099.000000 0.260344
1100.000000 0.130043
1101.000000 0.324632
1102.000000 0.115017
1103.000000 0.206739
1104.000000 0.139035
1105.000000 0.114028
1106.000000 0.407927
1107.000000 0.210865
1108.000000 0.158760
1109.000000 0.315179
1110.000000 0.135952
1111.000000 0.142633
1112.000000 0.163277
1113.000000 0.243948
1114.000000 0.078621
1115.000000 0.157747
1116.000000 0.245918
1117.000000 0.262716
1118.000000 0.236938
1119.000000 0.083489
1120.000000 0.136998
1121.000000 0.119416
1122.000000 0.108816
1123.000000 0.153521
1124.000000 0.340891
1125.000000 0.181738
1126.000000 0.365518
1127.000000 0.163076
1128.000000 0.381066
1129.000000 0.360483
1130.000000 0.225016
1131.000000 0.358217
1132.000000 0.026175
1133.000000 0.207933
1134.000000 0.148983
1135.000000 0.213746
1136.000000 0.319720
1137.000000 0.156495
1138.000000 0.170114
1139.000000 0.019770
1140.000000 0.392441
1141.000000 0.208023
1142.000000 0.082413
1143.000000 0.057956
1144.000000 0.038863
1145.000000 0.310828
1146.000000 0.192725
1147.000000 0.136890
1148.000000 0.053107
1149.000000 0.145908
1150.000000 0.262768
1151.000000 0.296553
1152.000000 0.285978
1153.000000 0.280225
1154.000000 0.196789
1155.000000 0.281281
1156.000000 0.356048
1157.000000 0.310735
1158.000000 0.165606
1159.000000 0.464859
1160.000000 0.295418
1161.000000 0.270720
1162.000000 0.291094
1163.000000 0.145137
1164.000000 0.386702
1165.000000 0.215845
1166.000000 0.212340
1167.000000 0.066095
1168.000000 0.046239
1169.000000 0.353196
1170.000000 0.250335
1171.000000 0.279921
1172.000000 0.230942
1173.000000 0.180333
1174.000000 0.364983
1175.000000 0.338531
1176.000000 0.366648
1177.000000 0.102847
1178.000000 0.354421
1179.000000 0.106317
1180.000000 0.068482
1181.000000 0.304106
1182.000000 0.171991
1183.000000 0.294849
1184.000000 0.087887
1185.000000 0.290420
1186.000000 0.224981
1187.000000 0.150960
1188.000000 0.285601
1189.000000 0.330204
1190.000000 0.119044
1191.000000 0.229634
1192.000000 0.113499
1193.000000 0.086908
1194.000000 0.198257
1195.000000 0.172009
1196.000000 0.036017
1197.000000 0.153236
1198.000000 0.134977
1199.000000 0.127204
1200.000000 0.139303
1201.000000 0.149431
1202.000000 0.194696
1203.000000 0.064565
1204.000000 0.377047
1205.000000 0.253176
1206.000000 0.151606
1207.000000 0.434907
1208.000000 0.121033
1209.000000 0.362519
1210.000000 0.097866
1211.000000 0.129667
1212.000000 0.109938
1213.000000 0.119804
1214.000000 0.125049
1215.000000 0.233317
1216.000000 0.252051
1217.000000 0.320074
1218.000000 0.302522
1219.000000 0.271207
1220.000000 0.096985
1221.000000 0.162355
1222.000000 0.402724
1223.000000 0.182931
1224.000000 0.260312
1225.000000 0.293576
1226.000000 0.129770
1227.000000 0.189536
1228.000000 0.274714
1229.000000 0.191775
1230.000000 0.228796
1231.000000 0.161836
1232.000000 0.144258
1233.000000 0.206945
1234.000000 0.166108
1235.000000 0.082322
1236.000000 0.256826
1237.000000 0.288751
1238.000000 0.141578
1239.000000 0.030804
1240.000000 0.115713
1241.000000 0.061152
1242.000000 0.155417
1243.000000 0.142225
1244.000000 0.515121
1245.000000 0.263466
1246.000000 0.277342
1247.000000 0.212396
1248.000000 0.305140
1249.000000 0.427762
1250.000000 0.091649
1251.000000 0.133400
1252.000000 0.334468
1253.000000 0.196936
1254.000000 0.105823
1255.000000 0.185132
1256.000000 0.176003
1257.000000 0.321509
1258.000000 0.085681
1259.000000 0.366504
1260.000000 0.247192
1261.000000 0.449853
1262.000000 0.547037
1263.000000 0.364204
1264.000000 0.216466
1265.000000 0.237338
1266.000000 0.154190
1267.000000 0.425111
1268.000000 0.226372
1269.000000 0.261638
1270.000000 0.393308
1271.000000 0.198322
1272.000000 0.563934
1273.000000 0.279268
1274.000000 0.090474
1275.000000 0.290809
1276.000000 0.456330
1277.000000 0.340595
1278.000000 0.079523
1279.000000 0.105801
1280.000000 0.169517
1281.000000 0.147074
1282.000000 0.272027
1283.000000 0.270858
1284.000000 0.237042
1285.000000 0.283681
1286.000000 0.193146
1287.000000 0.090305
1288.000000 0.365212
1289.000000 0.215637
1290.000000 0.142605
1291.000000 0.129341
1292.000000 0.210709
1293.000000 0.106071
1294.000000 0.219647
1295.000000 0.336664
1296.000000 0.147403
1297.000000 0.124450
1298.000000 0.233107
1299.000000 0.083274
1300.000000 0.242960
1301.000000 0.358985
1302.000000 0.237636
1303.000000 0.186743
1304.000000 0.195152
1305.000000 0.411858
1306.000000 0.256259
1307.000000 0.386567
1308.000000 0.349987
1309.000000 0.171868
1310.000000 0.217412
1311.000000 0.441226
1312.000000 0.367715
1313.000000 0.194046
1314.000000 0.194992
1315.000000 0.140807
1316.000000 0.460823
1317.000000 0.323561
1318.000000 0.184750
1319.000000 0.143422
1320.000000 0.099684
1321.000000 0.316587
1322.000000 0.105663
1323.000000 0.143648
1324.000000 0.221504
1325.000000 0.139806
1326.000000 0.143283
1327.000000 0.235496
1328.000000 0.407464
1329.000000 0.053016
1330.000000 0.223821
1331.000000 0.285810
1332.000000 0.152226
1333.000000 0.411833
1334.000000 0.173994
1335.000000 0.181102
1336.000000 0.351846
1337.000000 0.130456
1338.000000 0.257078
1339.000000 0.318803
1340.000000 0.162713
1341.000000 0.354704
1342.000000 0.375055
1343.000000 0.157350
1344.000000 0.094672
1345.000000 0.113241
1346.000000 0.126560
1347.000000 0.289194
1348.000000 0.444198
1349.000000 0.109681
1350.000000 0.375585
1351.000000 0.200027
1352.000000 0.203544
1353.000000 0.446760
1354.000000 0.222323
1355.000000 0.293688
1356.000000 0.090200
1357.000000 0.088079
1358.000000 0.184501
1359.000000 0.092704
1360.000000 0.398399
1361.000000 0.436439
1362.000000 0.354885
1363.000000 0.067717
1364.000000 0.282430
1365.000000 0.152526
1366.000000 0.065738
1367.000000 0.153309
1368.000000 0.163917
1369.000000 0.106137
1370.000000 0.164394
1371.000000 0.193634
1372.000000 0.425612
1373.000000 0.428835
1374.000000 0.053890
1375.000000 0.152844
1376.000000 0.414439
1377.000000 0.387522
1378.000000 0.236914
1379.000000 0.186148
1380.000000 0.262628
1381.000000 0.135120
1382.000000 0.212217
1383.000000 0.116976
1384.000000 0.234761
1385.000000 0.056659
1386.000000 0.199887
1387.000000 0.382228
1388.000000 0.041562
1389.000000 0.167788
1390.000000 0.379478
1391.000000 0.079112
1392.000000 0.042002
1393.000000 0.284138
1394.000000 0.460078
1395.000000 0.070782
1396.000000 0.296602
1397.000000 0.056893
1398.000000 0.109291
1399.000000 0.181607
1400.000000 0.202910
1401.000000 0.140281
1402.000000 0.385986
1403.000000 0.130578
1404.000000 0.123432
1405.000000 0.075907
1406.000000 0.315783
1407.000000 0.256525
1408.000000 0.242216
1409.000000 0.090934
1410.000000 0.137035
1411.000000 0.436909
1412.000000 0.178913
1413.000000 0.213226
1414.000000 0.035188
1415.000000 0.125393
1416.000000 0.098085
1417.000000 0.305310
1418.000000 0.229583
1419.000000 0.159225
1420.000000 0.288587
1421.000000 0.138599
1422.000000 0.088509
1423.000000 0.253355
1424.000000 0.039529
1425.000000 0.249884
1426.000000 0.162362
1427.000000 0.490611
1428.000000 0.106865
1429.000000 0.447177
1430.000000 0.143706
1431.000000 0.258401
1432.000000 0.031714
1433.000000 0.214955
1434.000000 0.188022
1435.000000 0.264445
1436.000000 0.146886
1437.000000 0.548420
1438.000000 0.115659
1439.000000 0.200242
1440.000000 0.278992
1441.000000 0.243822
1442.000000 0.462025
1443.000000 0.214629
1444.000000 0.156045
1445.000000 0.042288
1446.000000 0.080734
1447.000000 0.157324
1448.000000 0.280081
1449.000000 0.362840
1450.000000 0.399071
1451.000000 0.163116
1452.000000 0.147731
1453.000000 0.270074
1454.000000 0.088966
1455.000000 0.460652
1456.000000 0.155017
1457.000000 0.393352
1458.000000 0.181584
1459.000000 0.270138
1460.000000 0.360036
1461.000000 0.135532
1462.000000 0.168840
1463.000000 0.099171
1464.000000 0.181552
1465.000000 0.148585
1466.000000 0.160521
1467.000000 0.300206
1468.000000 0.250092
1469.000000 0.104003
1470.000000 0.294648
1471.000000 0.150502
1472.000000 0.065908
1473.000000 0.019881
1474.000000 0.121987
1475.000000 0.098830
1476.000000 0.215625
1477.000000 0.182038
1478.000000 0.442095
1479.000000 0.204851
1480.000000 0.052012
1481.000000 0.350185
1482.000000 0.277572
1483.000000 0.212647
1484.000000 0.413159
1485.000000 0.210121
1486.000000 0.206247
1487.000000 0.159586
1488.000000 0.140744
1489.000000 0.183906
1490.000000 0.249029
1491.000000 0.280717
1492.000000 0.169260
1493.000000 0.184191
1494.000000 0.206377
1495.000000 0.433816
1496.000000 0.090263
1497.000000 0.172381
1498.000000 0.205855
1499.000000 0.285788
1500.000000 0.119139
1501.000000 0.097869
1502.000000 0.145879
1503.000000 0.078194
1504.000000 0.153803
1505.000000 0.243254
1506.000000 0.058113
1507.000000 0.506149
1508.000000 0.536488
1509.000000 0.230155
1510.000000 0.086292
1511.000000 0.338182
1512.000000 0.251538
1513.000000 0.256539
1514.000000 0.139646
1515.000000 0.212458
1516.000000 0.144495
1517.000000 0.197322
1518.000000 0.131820
1519.000000 0.248625
1520.000000 0.188135
1521.000000 0.199655
1522.000000 0.148127
1523.000000 0.072020
1524.000000 0.157562
1525.000000 0.175981
1526.000000 0.200215
1527.000000 0.076175
1528.000000 0.162881
1529.000000 0.072545
1530.000000 0.138145
1531.000000 0.066607
1532.000000 0.068429
1533.000000 0.158336
1534.000000 0.332560
1535.000000 0.282980
1536.000000 0.242770
1537.000000 0.281909
1538.000000 0.167500
1539.000000 0.103523
1540.000000 0.408507
1541.000000 0.216932
1542.000000 0.233849
1543.000000 0.208478
1544.000000 0.244067
1545.000000 0.219331
1546.000000 0.183772
1547.000000 0.269407
1548.000000 0.121732
1549.000000 0.123275
1550.000000 0.061923
1551.000000 0.478580
1552.000000 0.419372
1553.000000 0.234210
1554.000000 0.325420
1555.000000 0.280015
1556.000000 0.284248
1557.000000 0.147267
1558.000000 0.256939
1559.000000 0.177826
1560.000000 0.216883
1561.000000 0.337945
1562.000000 0.166655
1563.000000 0.283466
1564.000000 0.341408
1565.000000 0.092180
1566.000000 0.132968
1567.000000 0.099915
1568.000000 0.079991
1569.000000 0.207924
1570.000000 0.128291
1571.000000 0.222249
1572.000000 0.157691
1573.000000 0.277827
1574.000000 0.206900
1575.000000 0.277494
1576.000000 0.329394
1577.000000 0.103917
1578.000000 0.146595
1579.000000 0.262336
1580.000000 0.192739
1581.000000 0.355089
1582.000000 0.149822
1583.000000 0.318022
1584.000000 0.391399
1585.000000 0.445481
1586.000000 0.272200
1587.000000 0.300280
1588.000000 0.290585
1589.000000 0.328744
1590.000000 0.195176
1591.000000 0.187976
1592.000000 0.120222
1593.000000 0.150399
1594.000000 0.482341
1595.000000 0.117322
1596.000000 0.232761
1597.000000 0.225173
1598.000000 0.135744
1599.000000 0.197345
1600.000000 0.349118
1601.000000 0.138369
1602.000000 0.121865
1603.000000 0.216022
1604.000000 0.159393
1605.000000 0.073583
1606.000000 0.040050
1607.000000 0.235390
1608.000000 0.074868
1609.000000 0.362966
1610.000000 0.172078
1611.000000 0.122872
1612.000000 0.357710
1613.000000 0.229637
1614.000000 0.179621
1615.000000 0.100060
1616.000000 0.049705
1617.000000 0.081329
1618.000000 0.297430
1619.000000 0.175676
1620.000000 0.059135
1621.000000 0.246975
1622.000000 0.232866
1623.000000 0.289397
1624.000000 0.488816
1625.000000 0.265372
1626.000000 0.298980
1627.000000 0.303050
1628.000000 0.285748
1629.000000 0.364348
1630.000000 0.396541
1631.000000 0.140839
1632.000000 0.173405
1633.000000 0.131201
1634.000000 0.104821
1635.000000 0.240590
1636.000000 0.080979
1637.000000 0.224836
1638.000000 0.124266
1639.000000 0.477862
1640.000000 0.299732
1641.000000 0.218885
1642.000000 0.121961
1643.000000 0.258809
1644.000000 0.162921
1645.000000 0.399882
1646.000000 0.079191
1647.000000 0.384777
1648.000000 0.111006
1649.000000 0.233353
1650.000000 0.196991
1651.000000 0.228193
1652.000000 0.086994
1653.000000 0.366458
1654.000000 0.135021
1655.000000 0.185765
1656.000000 0.378819
1657.000000 0.347427
1658.000000 0.298451
1659.000000 0.103166
1660.000000 0.177632
1661.000000 0.144652
1662.000000 0.285283
1663.000000 0.275944
1664.000000 0.132678
1665.000000 0.363407
1666.000000 0.105486
1667.000000 0.108329
1668.000000 0.408904
1669.000000 0.573379
1670.000000 0.281527
1671.000000 0.239863
1672.000000 0.216342
1673.000000 0.133593
1674.000000 0.120755
1675.000000 0.262294
1676.000000 0.138563
1677.000000 0.149275
1678.000000 0.181915
1679.000000 0.330025
1680.000000 0.449284
1681.000000 0.321800
1682.000000 0.013724
1683.000000 0.067555
1684.000000 0.403873
1685.000000 0.064749
1686.000000 0.277166
1687.000000 0.107945
1688.000000 0.064973
1689.000000 0.164669
1690.000000 0.189307
1691.000000 0.392902
1692.000000 0.308366
1693.000000 0.525640
1694.000000 0.050869
1695.000000 0.049359
1696.000000 0.221243
1697.000000 0.104511
1698.000000 0.018620
1699.000000 0.196757
1700.000000 0.229562
1701.000000 0.308095
1702.000000 0.179152
1703.000000 0.436618
1704.000000 0.048754
1705.000000 0.062927
1706.000000 0.108947
1707.000000 0.160536
1708.000000 0.155668
1709.000000 0.105461
1710.000000 0.343348
1711.000000 0.266805
1712.000000 0.205327
1713.000000 0.190103
1714.000000 0.248756
1715.000000 0.244877
1716.000000 0.152939
1717.000000 0.067646
1718.000000 0.250461
1719.000000 0.157486
1720.000000 0.128007
1721.000000 0.144076
1722.000000 0.195760
1723.000000 0.105780
1724.000000 0.131659
1725.000000 0.330610
1726.000000 0.174080
1727.000000 0.264197
1728.000000 0.195999
1729.000000 0.035256
1730.000000 0.024699
1731.000000 0.103411
1732.000000 0.076540
1733.000000 0.362741
1734.000000 0.449678
1735.000000 0.270360
1736.000000 0.389981
1737.000000 0.290953
1738.000000 0.198155
1739.000000 0.128119
1740.000000 0.160651
1741.000000 0.408035
1742.000000 0.046601
1743.000000 0.270795
1744.000000 0.272097
1745.000000 0.346348
1746.000000 0.241989
1747.000000 0.022958
1748.000000 0.086008
1749.000000 0.165509
1750.000000 0.170052
1751.000000 0.325701
1752.000000 0.344575
1753.000000 0.050573
1754.000000 0.073468
1755.000000 0.265339
1756.000000 0.242777
1757.000000 0.216981
1758.000000 0.371253
1759.000000 0.233503
1760.000000 0.151160
1761.000000 0.219404
1762.000000 0.122563
1763.000000 0.355842
1764.000000 0.242009
1765.000000 0.274249
1766.000000 0.303151
1767.000000 0.255432
1768.000000 0.266279
1769.000000 0.141950
1770.000000 0.046377
1771.000000 0.055032
1772.000000 0.238834
1773.000000 0.148359
1774.000000 0.124905
1775.000000 0.210504
1776.000000 0.018533
1777.000000 0.362039
1778.000000 0.185899
1779.000000 0.222928
1780.000000 0.127380
1781.000000 0.255053
1782.000000 0.179523
1783.000000 0.242196
1784.000000 0.101113
1785.000000 0.154818
1786.000000 0.184262
1787.000000 0.422500
1788.000000 0.244383
1789.000000 0.067789
1790.000000 0.203877
1791.000000 0.070299
1792.000000 0.262322
1793.000000 0.079670
1794.000000 0.192002
1795.000000 0.178309
1796.000000 0.036035
1797.000000 0.126829
1798.000000 0.450534
1799.000000 0.325304
1800.000000 0.172761
1801.000000 0.024219
1802.000000 0.268299
1803.000000 0.201618
1804.000000 0.471700
1805.000000 0.292525
1806.000000 0.075316
1807.000000 0.276747
1808.000000 0.222203
1809.000000 0.351496
1810.000000 0.197029
1811.000000 0.331248
1812.000000 0.092054
1813.000000 0.233250
1814.000000 0.048373
1815.000000 0.185568
1816.000000 0.150651
1817.000000 0.436833
1818.000000 0.256713
1819.000000 0.143183
1820.000000 0.063814
1821.000000 0.318897
1822.000000 0.359234
1823.000000 0.073979
1824.000000 0.351441
1825.000000 0.391814
1826.000000 0.258265
1827.000000 0.295961
1828.000000 0.229972
1829.000000 0.094418
1830.000000 0.413948
1831.000000 0.092915
1832.000000 0.444145
1833.000000 0.302751
1834.000000 0.257276
1835.000000 0.382187
1836.000000 0.231538
1837.000000 0.389007
1838.000000 0.234095
1839.000000 0.002122
1840.000000 0.130851
1841.000000 0.186870
1842.000000 0.270627
1843.000000 0.086346
1844.000000 0.116131
1845.000000 0.051599
1846.000000 0.300261
1847.000000 0.177517
1848.000000 0.284886
1849.000000 0.130530
1850.000000 0.111681
1851.000000 0.194980
1852.000000 0.406070
1853.000000 0.084287
1854.000000 0.146182
1855.000000 0.165086
1856.000000 0.347351
1857.000000 0.234298
1858.000000 0.241610
1859.000000 0.028311
1860.000000 0.198134
1861.000000 0.351004
1862.000000 0.489135
1863.000000 0.264161
1864.000000 0.291980
1865.000000 0.110345
1866.000000 0.131867
1867.000000 0.203522
1868.000000 0.049347
1869.000000 0.346179
1870.000000 0.383842
1871.000000 0.155689
1872.000000 0.392297
1873.000000 0.180882
1874.000000 0.347210
1875.000000 0.236120
1876.000000 0.302106
1877.000000 0.208857
1878.000000 0.187851
1879.000000 0.177214
1880.000000 0.246438
1881.000000 0.146136
1882.000000 0.158857
1883.000000 0.233399
1884.000000 0.362720
1885.000000 0.271574
1886.000000 0.341689
1887.000000 0.350847
1888.000000 0.293733
1889.000000 0.266528
1890.000000 0.178453
1891.000000 0.092044
1892.000000 0.149903
1893.000000 0.231057
1894.000000 0.184540
1895.000000 0.132556
1896.000000 0.095332
1897.000000 0.372369
1898.000000 0.217221
1899.000000 0.063605
1900.000000 0.308023
1901.000000 0.109584
1902.000000 0.282674
1903.000000 0.154160
1904.000000 0.284617
1905.000000 0.084664
1906.000000 0.193463
1907.000000 0.151528
1908.000000 0.199225
1909.000000 0.349235
1910.000000 0.275719
1911.000000 0.182765
1912.000000 0.393730
1913.000000 0.196320
1914.000000 0.195489
1915.000000 0.312868
1916.000000 0.168700
1917.000000 0.168280
1918.000000 0.314659
1919.000000 0.282467
1920.000000 0.192981
1921.000000 0.067014
1922.000000 0.394602
1923.000000 0.270213
1924.000000 0.256530
1925.000000 0.191747
1926.000000 0.281899
1927.000000 0.078203
1928.000000 0.284084
1929.000000 0.056860
1930.000000 0.149917
1931.000000 0.149432
1932.000000 0.131813
1933.000000 0.069425
1934.000000 0.418946
1935.000000 0.374948
1936.000000 0.067502
1937.000000 0.298121
1938.000000 0.475475
1939.000000 0.140427
1940.000000 0.236546
1941.000000 0.059324
1942.000000 0.237439
1943.000000 0.442605
1944.000000 0.180344
1945.000000 0.246996
1946.000000 0.059887
1947.000000 0.203835
1948.000000 0.452710
1949.000000 0.233424
1950.000000 0.211812
1951.000000 0.204547
1952.000000 0.367744
1953.000000 0.284183
1954.000000 0.129101
1955.000000 0.395439
1956.000000 0.214619
1957.000000 0.017287
1958.000000 0.105801
1959.000000 0.261364
1960.000000 0.256048
1961.000000 0.253699
1962.000000 0.290237
1963.000000 0.280258
1964.000000 0.315538
1965.000000 0.050607
1966.000000 0.311700
1967.000000 0.232276
1968.000000 0.264327
1969.000000 0.326332
1970.000000 0.296374
1971.000000 0.183822
1972.000000 0.321589
1973.000000 0.266701
1974.000000 0.507833
1975.000000 0.293323
1976.000000 0.463066
1977.000000 0.376789
1978.000000 0.235967
1979.000000 0.190984
1980.000000 0.195987
1981.000000 0.091782
1982.000000 0.523094
1983.000000 0.224699
1984.000000 0.267999
1985.000000 0.317171
1986.000000 0.073490
1987.000000 0.146737
1988.000000 0.215377
1989.000000 0.185327
1990.000000 0.120912
1991.000000 0.472923
1992.000000 0.138777
1993.000000 0.353493
1994.000000 0.454787
1995.000000 0.342336
1996.000000 0.282960
1997.000000 0.298659
1998.000000 0.506933
1999.000000 0.294335
2000.000000 0.214343
2001.000000 0.159271
2002.000000 0.164022
2003.000000 0.284303
2004.000000 0.121775
2005.000000 0.186124
2006.000000 0.199328
2007.000000 0.261917
2008.000000 0.188099
2009.000000 0.119980
2010.000000 0.083102
2011.000000 0.120236
2012.000000 0.293819
2013.000000 0.138421
2014.000000 0.125798
2015.000000 0.091397
2016.000000 0.337523
2017.000000 0.202039
2018.000000 0.157692
2019.000000 0.097331
2020.000000 0.245215
2021.000000 0.250150
2022.000000 0.231675
2023.000000 0.076810
2024.000000 0.125489
2025.000000 0.308431
2026.000000 0.020430
2027.000000 0.102939
2028.000000 0.423396
2029.000000 0.281098
2030.000000 0.266597
2031.000000 0.321990
2032.000000 0.178223
2033.000000 0.014652
2034.000000 0.094604
2035.000000 0.064154
2036.000000 0.117011
2037.000000 0.071643
2038.000000 0.025242
2039.000000 0.238158
2040.000000 0.193212
2041.000000 0.225065
2042.000000 0.201671
2043.000000 0.136278
2044.000000 0.227166
2045.000000 0.213499
2046.000000 0.270758
2047.000000 0.114304
2048.000000 0.154199
2049.000000 0.028268
2050.000000 0.198846
2051.000000 0.074644
2052.000000 0.284039
2053.000000 0.182887
2054.000000 0.176662
2055.000000 0.429440
2056.000000 0.156973
2057.000000 0.115740
2058.000000 0.102856
2059.000000 0.261350
2060.000000 0.237885
2061.000000 0.346160
2062.000000 0.305688
2063.000000 0.127456
2064.000000 0.245423
2065.000000 0.335923
2066.000000 0.390200
2067.000000 0.216657
2068.000000 0.088812
2069.000000 0.048594
2070.000000 0.245238
2071.000000 0.145580
2072.000000 0.262490
2073.000000 0.235919
2074.000000 0.181951
2075.000000 0.202980
2076.000000 0.152870
2077.000000 0.342742
2078.000000 0.403937
2079.000000 0.226826
2080.000000 0.197189
2081.000000 0.232942
2082.000000 0.222986
2083.000000 0.194088
2084.000000 0.195068
2085.000000 0.094833
2086.000000 0.158641
2087.000000 0.121077
2088.000000 0.250661
2089.000000 0.128675
2090.000000 0.289455
2091.000000 0.247926
2092.000000 0.337487
2093.000000 0.290668
2094.000000 0.102399
2095.000000 0.395891
2096.000000 0.219055
2097.000000 0.244256
2098.000000 0.242387
2099.000000 0.332697
2100.000000 0.221977
2101.000000 0.208330
2102.000000 0.150048
2103.000000 0.153496
2104.000000 0.073613
2105.000000 0.130668
2106.000000 0.219429
2107.000000 0.281589
2108.000000 0.461273
2109.000000 0.327952
2110.000000 0.386271
2111.000000 0.265119
2112.000000 0.197020
2113.000000 0.095471
2114.000000 0.158447
2115.000000 0.108312
2116.000000 0.076944
2117.000000 0.160937
2118.000000 0.150800
2119.000000 0.390252
2120.000000 0.230735
2121.000000 0.473391
2122.000000 0.233935
2123.000000 0.310569
2124.000000 0.129452
2125.000000 0.140290
2126.000000 0.394783
2127.000000 0.452662
2128.000000 0.469272
2129.000000 0.240013
2130.000000 0.187713
2131.000000 0.146516
2132.000000 0.214368
2133.000000 0.253515
2134.000000 0.214291
2135.000000 0.080442
2136.000000 0.379433
2137.000000 0.283532
2138.000000 0.446619
2139.000000 0.126562
2140.000000 0.352037
2141.000000 0.394807
2142.000000 0.329331
2143.000000 0.198174
2144.000000 0.189371
2145.000000 0.149249
2146.000000 0.243036
2147.000000 0.109991
2148.000000 0.184355
2149.000000 0.250115
2150.000000 0.272254
2151.000000 0.267887
2152.000000 0.188003
2153.000000 0.324462
2154.000000 0.208529
2155.000000 0.257748
2156.000000 0.186458
2157.000000 0.296049
2158.000000 0.155448
2159.000000 0.568378
2160.000000 0.283081
2161.000000 0.179336
2162.000000 0.265417
2163.000000 0.153193
2164.000000 0.257075
2165.000000 0.201849
2166.000000 0.174161
2167.000000 0.081718
2168.000000 0.332029
2169.000000 0.140835
2170.000000 0.267495
2171.000000 0.342668
2172.000000 0.153076
2173.000000 0.283077
2174.000000 0.193492
2175.000000 0.135780
2176.000000 0.319261
2177.000000 0.169926
2178.000000 0.428729
2179.000000 0.047396
2180.000000 0.356276
2181.000000 0.363282
2182.000000 0.287706
2183.000000 0.562528
2184.000000 0.027695
2185.000000 0.227360
2186.000000 0.281805
2187.000000 0.189050
2188.000000 0.101787
2189.000000 0.335783
2190.000000 0.140015
2191.000000 0.181780
2192.000000 0.030850
2193.000000 0.081547
2194.000000 0.318809
2195.000000 0.316954
2196.000000 0.098195
2197.000000 0.350696
2198.000000 0.187386
2199.000000 0.160587
2200.000000 0.307452
2201.000000 0.171172
2202.000000 0.309609
2203.000000 0.087354
2204.000000 0.078781
2205.000000 0.212660
2206.000000 0.103170
2207.000000 0.072763
2208.000000 0.201512
2209.000000 0.092882
2210.000000 0.202797
2211.000000 0.184398
2212.000000 0.271967
2213.000000 0.118231
2214.000000 0.220527
2215.000000 0.062285
2216.000000 0.054043
2217.000000 0.380930
2218.000000 0.081902
2219.000000 0.103808
2220.000000 0.162427
2221.000000 0.338551
2222.000000 0.059835
2223.000000 0.235391
2224.000000 0.207102
2225.000000 0.257624
2226.000000 0.330993
2227.000000 0.137050
2228.000000 0.303547
2229.000000 0.226799
2230.000000 0.344175
2231.000000 0.171602
2232.000000 0.132782
2233.000000 0.383100
2234.000000 0.116109
2235.000000 0.154248
2236.000000 0.209149
2237.000000 0.086309
2238.000000 0.174985
2239.000000 0.355614
2240.000000 0.207600
2241.000000 0.256757
2242.000000 0.289099
2243.000000 0.284779
2244.000000 0.095670
2245.000000 0.212234
2246.000000 0.358729
2247.000000 0.053625
2248.000000 0.142577
2249.000000 0.083158
2250.000000 0.292960
2251.000000 0.176632
2252.000000 0.066453
2253.000000 0.207324
2254.000000 0.415008
2255.000000 0.261073
2256.000000 0.251751
2257.000000 0.156363
2258.000000 0.053115
2259.000000 0.269500
2260.000000 0.091407
2261.000000 0.226775
2262.000000 0.144317
2263.000000 0.176835
2264.000000 0.029912
2265.000000 0.207185
2266.000000 0.104485
2267.000000 0.218623
2268.000000 0.255332
2269.000000 0.222747
2270.000000 0.231010
2271.000000 0.451181
2272.000000 0.434851
2273.000000 0.324496
2274.000000 0.359720
2275.000000 0.502839
2276.000000 0.297253
2277.000000 0.302377
2278.000000 0.224444
2279.000000 0.275427
2280.000000 0.184988
2281.000000 0.110619
2282.000000 0.380186
2283.000000 0.240277
2284.000000 0.316825
2285.000000 0.340152
2286.000000 0.180637
2287.000000 0.365235
2288.000000 0.162382
2289.000000 0.300346
2290.000000 0.312763
2291.000000 0.170061
2292.000000 0.158092
2293.000000 0.355710
2294.000000 0.023114
2295.000000 0.162020
2296.000000 0.459821
2297.000000 0.085275
2298.000000 0.138784
2299.000000 0.283555
2300.000000 0.144984
2301.000000 0.272143
2302.000000 0.177368
2303.000000 0.174213
2304.000000 0.149107
2305.000000 0.308822
2306.000000 0.412408
2307.000000 0.187716
2308.000000 0.235991
2309.000000 0.025795
2310.000000 0.215918
2311.000000 0.158638
2312.000000 0.059461
2313.000000 0.198754
2314.000000 0.187786
2315.000000 0.254109
2316.000000 0.130209
2317.000000 0.280479
2318.000000 0.220836
2319.000000 0.380482
2320.000000 0.323332
2321.000000 0.117957
2322.000000 0.144068
2323.000000 0.149658
2324.000000 0.196447
2325.000000 0.179197
2326.000000 0.322879
2327.000000 0.123882
2328.000000 0.219591
2329.000000 0.312603
2330.000000 0.344537
2331.000000 0.173043
2332.000000 0.235981
2333.000000 0.147607
2334.000000 0.315588
2335.000000 0.199487
2336.000000 0.162896
2337.000000 0.161845
2338.000000 0.125290
2339.000000 0.247146
2340.000000 0.247153
2341.000000 0.240272
2342.000000 0.255466
2343.000000 0.336466
2344.000000 0.217644
2345.000000 0.082263
2346.000000 0.320762
2347.000000 0.109691
2348.000000 0.081299
2349.000000 0.091438
2350.000000 0.124983
2351.000000 0.228097
2352.000000 0.301046
2353.000000 0.382820
2354.000000 0.186486
2355.000000 0.175845
2356.000000 0.206642
2357.000000 0.270293
2358.000000 0.357790
2359.000000 0.299599
2360.000000 0.217987
2361.000000 0.476357
2362.000000 0.029654
2363.000000 0.290660
2364.000000 0.047609
2365.000000 0.063850
2366.000000 0.226240
2367.000000 0.099272
2368.000000 0.284756
2369.000000 0.241817
2370.000000 0.185965
2371.000000 0.060377
2372.000000 0.261980
2373.000000 0.361809
2374.000000 0.211901
2375.000000 0.258934
2376.000000 0.120621
2377.000000 0.296051
2378.000000 0.213613
2379.000000 0.338742
2380.000000 0.139550
2381.000000 0.134938
2382.000000 0.245984
2383.000000 0.375905
2384.000000 0.124914
2385.000000 0.260214
2386.000000 0.276420
2387.000000 0.244327
2388.000000 0.259268
2389.000000 0.130088
2390.000000 0.367314
2391.000000 0.192687
2392.000000 0.118640
2393.000000 0.339166
2394.000000 0.275214
2395.000000 0.174995
2396.000000 0.189244
2397.000000 0.371028
2398.000000 0.045170
2399.000000 0.281486
2400.000000 0.301946
2401.000000 0.358112
2402.000000 0.578811
2403.000000 0.084466
2404.000000 0.390165
2405.000000 0.075222
2406.000000 0.193005
2407.000000 0.126081
2408.000000 0.215627
2409.000000 0.227090
2410.000000 0.501262
2411.000000 0.180445
2412.000000 0.293080
2413.000000 0.326342
2414.000000 0.136306
2415.000000 0.121374
2416.000000 0.263033
2417.000000 0.220920
2418.000000 0.204946
2419.000000 0.067537
2420.000000 0.233767
2421.000000 0.297241
2422.000000 0.154116
2423.000000 0.018504
2424.000000 0.222418
2425.000000 0.097691
2426.000000 0.240252
2427.000000 0.159500
2428.000000 0.176920
2429.000000 0.397332
2430.000000 0.250873
2431.000000 0.141099
2432.000000 0.138488
2433.000000 0.296559
2434.000000 0.215654
2435.000000 0.170695
2436.000000 0.192121
2437.000000 0.100814
2438.000000 0.182974
2439.000000 0.249718
2440.000000 0.254248
2441.000000 0.405367
2442.000000 0.079651
2443.000000 0.232503
2444.000000 0.162545
2445.000000 0.259384
2446.000000 0.506948
2447.000000 0.081140
2448.000000 0.289292
2449.000000 0.144741
2450.000000 0.266574
2451.000000 0.022830
2452.000000 0.471883
2453.000000 0.038996
2454.000000 0.296725
2455.000000 0.157041
2456.000000 0.193317
2457.000000 0.286277
2458.000000 0.261556
2459.000000 0.420114
2460.000000 0.203110
2461.000000 0.074900
2462.000000 0.278837
2463.000000 0.323704
2464.000000 0.276123
2465.000000 0.419976
2466.000000 0.264794
2467.000000 0.119761
2468.000000 0.355518
2469.000000 0.457817
2470.000000 0.411448
2471.000000 0.153989
2472.000000 0.309086
2473.000000 0.312747
2474.000000 0.109995
2475.000000 0.184101
2476.000000 0.087409
2477.000000 0.090598
2478.000000 0.263585
2479.000000 0.207399
2480.000000 0.165701
2481.000000 0.183666
2482.000000 0.264748
2483.000000 0.249030
2484.000000 0.243945
2485.000000 0.439449
2486.000000 0.425601
2487.000000 0.325302
2488.000000 0.309329
2489.000000 0.387599
2490.000000 0.031825
2491.000000 0.274074
2492.000000 0.210861
2493.000000 0.236159
2494.000000 0.171936
2495.000000 0.194322
2496.000000 0.097442
2497.000000 0.175876
2498.000000 0.076459
2499.000000 0.157859
2500.000000 0.252997
2501.000000 0.038491
2502.000000 0.098085
2503.000000 0.228385
2504.000000 0.112806
2505.000000 0.412228
2506.000000 0.453948
2507.000000 0.188825
2508.000000 0.287497
2509.000000 0.059729
2510.000000 0.185051
2511.000000 0.050299
2512.000000 0.252483
2513.000000 0.052954
2514.000000 0.246755
2515.000000 0.186518
2516.000000 0.203945
2517.000000 0.586913
2518.000000 0.030678
2519.000000 0.122968
2520.000000 0.098702
2521.000000 0.177713
2522.000000 0.066283
2523.000000 0.081721
2524.000000 0.415735
2525.000000 0.236658
2526.000000 0.204842
2527.000000 0.266474
2528.000000 0.194250
2529.000000 0.083304
2530.000000 0.144285
2531.000000 0.020851
2532.000000 0.314490
2533.000000 0.040582
2534.000000 0.088332
2535.000000 0.140385
2536.000000 0.159886
2537.000000 0.048787
2538.000000 0.451812
2539.000000 0.444132
2540.000000 0.189902
2541.000000 0.254588
2542.000000 0.053727
2543.000000 0.237413
2544.000000 0.214877
2545.000000 0.371703
2546.000000 0.210338
2547.000000 0.034786
2548.000000 0.201312
2549.000000 0.293473
2550.000000 0.170725
2551.000000 0.151164
2552.000000 0.282056
2553.000000 0.233474
2554.000000 0.301357
2555.000000 0.146777
2556.000000 0.483937
2557.000000 0.304096
2558.000000 0.089962
2559.000000 0.099969
2560.000000 0.323233
2561.000000 0.130465
2562.000000 0.179119
2563.000000 0.113559
2564.000000 0.237929
2565.000000 0.038867
2566.000000 0.105207
2567.000000 0.382759
2568.000000 0.247033
2569.000000 0.244323
2570.000000 0.341161
2571.000000 0.549184
2572.000000 0.249201
2573.000000 0.037254
2574.000000 0.215431
2575.000000 0.262403
2576.000000 0.325454
2577.000000 0.335471
2578.000000 0.074300
2579.000000 0.178018
2580.000000 0.192932
2581.000000 0.151952
2582.000000 0.162547
2583.000000 0.288197
2584.000000 0.127925
2585.000000 0.066996
2586.000000 0.147569
2587.000000 0.178495
2588.000000 0.073985
2589.000000 0.166121
2590.000000 0.430944
2591.000000 0.046424
2592.000000 0.130971
2593.000000 0.303463
2594.000000 0.151458
2595.000000 0.307634
2596.000000 0.083852
2597.000000 0.491374
2598.000000 0.197412
2599.000000 0.434509
2600.000000 0.180143
2601.000000 0.197380
2602.000000 0.138467
2603.000000 0.218120
2604.000000 0.286293
2605.000000 0.273694
2606.000000 0.522979
2607.000000 0.108517
2608.000000 0.373055
2609.000000 0.382603
2610.000000 0.280866
2611.000000 0.142609
2612.000000 0.112273
2613.000000 0.009528
2614.000000 0.078552
2615.000000 0.319550
2616.000000 0.119588
2617.000000 0.226108
2618.000000 0.284955
2619.000000 0.549461
2620.000000 0.092881
2621.000000 0.209064
2622.000000 0.254274
2623.000000 0.454629
2624.000000 0.136851
2625.000000 0.232211
2626.000000 0.337835
2627.000000 0.106709
2628.000000 0.116069
2629.000000 0.138977
2630.000000 0.522617
2631.000000 0.369223
2632.000000 0.043239
2633.000000 0.196082
2634.000000 0.258696
2635.000000 0.232193
2636.000000 0.167164
2637.000000 0.121348
2638.000000 0.221409
2639.000000 0.147055
2640.000000 0.324322
2641.000000 0.190631
2642.000000 0.243816
2643.000000 0.182358
2644.000000 0.227502
2645.000000 0.009233
2646.000000 0.011489
2647.000000 0.183757
2648.000000 0.136544
2649.000000 0.313964
2650.000000 0.077664
2651.000000 0.192985
2652.000000 0.268021
2653.000000 0.329392
2654.000000 0.209113
2655.000000 0.579447
2656.000000 0.182206
2657.000000 0.149945
2658.000000 0.062179
2659.000000 0.138966
2660.000000 0.177275
2661.000000 0.193070
2662.000000 0.305117
2663.000000 0.136037
2664.000000 0.221386
2665.000000 0.398259
2666.000000 0.137825
2667.000000 0.132682
2668.000000 0.354740
2669.000000 0.237236
2670.000000 0.201465
2671.000000 0.005127
2672.000000 0.297326
2673.000000 0.198593
2674.000000 0.414637
2675.000000 0.187621
2676.000000 0.283109
2677.000000 0.211493
2678.000000 0.390701
2679.000000 0.114630
2680.000000 0.301302
2681.000000 0.131544
2682.000000 0.204273
2683.000000 0.216544
2684.000000 0.125405
2685.000000 0.370412
2686.000000 0.334066
2687.000000 0.134495
2688.000000 0.266761
2689.000000 0.026093
2690.000000 0.142977
2691.000000 0.231016
2692.000000 0.161310
2693.000000 0.059835
2694.000000 0.161136
2695.000000 0.317286
2696.000000 0.483377
2697.000000 0.229786
2698.000000 0.183914
2699.000000 0.328215
2700.000000 0.287975
2701.000000 0.143232
2702.000000 0.285493
2703.000000 0.469122
2704.000000 0.139974
2705.000000 0.377928
2706.000000 0.149054
2707.000000 0.034691
2708.000000 0.102332
2709.000000 0.057379
2710.000000 0.289285
2711.000000 0.223465
2712.000000 0.091469
2713.000000 0.218821
2714.000000 0.247386
2715.000000 0.041633
2716.000000 0.359964
2717.000000 0.249676
2718.000000 0.229153
2719.000000 0.209117
2720.000000 0.222485
2721.000000 0.256913
2722.000000 0.355925
2723.000000 0.141748
2724.000000 0.097595
2725.000000 0.056503
2726.000000 0.165721
2727.000000 0.179752
2728.000000 0.265322
2729.000000 0.257121
2730.000000 0.131466
2731.000000 0.343577
2732.000000 0.244263
2733.000000 0.178794
2734.000000 0.270519
2735.000000 0.044472
2736.000000 0.039379
2737.000000 0.124774
2738.000000 0.150394
2739.000000 0.234537
2740.000000 0.165092
2741.000000 0.310291
2742.000000 0.138732
2743.000000 0.275219
2744.000000 0.261992
2745.000000 0.188219
2746.000000 0.387075
2747.000000 0.259138
2748.000000 0.026547
2749.000000 0.185940
2750.000000 0.434096
2751.000000 0.143338
2752.000000 0.131721
2753.000000 0.111090
2754.000000 0.223576
2755.000000 0.269918
2756.000000 0.210075
2757.000000 0.145684
2758.000000 0.319486
2759.000000 0.123647
2760.000000 0.424917
2761.000000 0.197107
2762.000000 0.057676
2763.000000 0.070096
2764.000000 0.291661
2765.000000 0.152489
2766.000000 0.032913
2767.000000 0.385284
2768.000000 0.329597
2769.000000 0.067427
2770.000000 0.102678
2771.000000 0.240519
2772.000000 0.169683
2773.000000 0.241975
2774.000000 0.318372
2775.000000 0.178364
2776.000000 0.309060
2777.000000 0.175054
2778.000000 0.212302
2779.000000 0.184149
2780.000000 0.225485
2781.000000 0.170240
2782.000000 0.368108
2783.000000 0.176668
2784.000000 0.218791
2785.000000 0.130565
2786.000000 0.430673
2787.000000 0.221723
2788.000000 0.145761
2789.000000 0.184548
2790.000000 0.279836
2791.000000 0.348757
2792.000000 0.303580
2793.000000 0.328922
2794.000000 0.204688
2795.000000 0.186620
2796.000000 0.072220
2797.000000 0.047788
2798.000000 0.211668
2799.000000 0.211049
2800.000000 0.200042
2801.000000 0.246826
2802.000000 0.232322
2803.000000 0.468105
2804.000000 0.390905
2805.000000 0.320912
2806.000000 0.205624
2807.000000 0.302633
2808.000000 0.158789
2809.000000 0.183499
2810.000000 0.195926
2811.000000 0.453236
2812.000000 0.208289
2813.000000 0.095614
2814.000000 0.286072
2815.000000 0.179591
2816.000000 0.120649
2817.000000 0.012959
2818.000000 0.254946
2819.000000 0.232946
2820.000000 0.011021
2821.000000 0.300497
2822.000000 0.334163
2823.000000 0.212233
2824.000000 0.286482
2825.000000 0.223889
2826.000000 0.464796
2827.000000 0.048457
2828.000000 0.236694
2829.000000 0.327371
2830.000000 0.287316
2831.000000 0.078382
2832.000000 0.320000
2833.000000 0.170499
2834.000000 0.131759
2835.000000 0.520313
2836.000000 0.039659
2837.000000 0.217445
2838.000000 0.148947
2839.000000 0.214302
2840.000000 0.389211
2841.000000 0.367358
2842.000000 0.252135
2843.000000 0.254412
2844.000000 0.431598
2845.000000 0.203801
2846.000000 0.161744
2847.000000 0.310956
2848.000000 0.145384
2849.000000 0.337179
2850.000000 0.323179
2851.000000 0.338329
2852.000000 0.177235
2853.000000 0.103128
2854.000000 0.354129
2855.000000 0.397708
2856.000000 0.258807
2857.000000 0.281863
2858.000000 0.109300
2859.000000 0.045406
2860.000000 0.075477
2861.000000 0.193805
2862.000000 0.065546
2863.000000 0.301868
2864.000000 0.140363
2865.000000 0.254405
2866.000000 0.060720
2867.000000 0.082126
2868.000000 0.305474
2869.000000 0.099895
2870.000000 0.180212
2871.000000 0.173379
2872.000000 0.142340
2873.000000 0.255051
2874.000000 0.405405
2875.000000 0.211040
2876.000000 0.210628
2877.000000 0.193941
2878.000000 0.284659
2879.000000 0.040272
2880.000000 0.508895
2881.000000 0.189759
2882.000000 0.320223
2883.000000 0.259178
2884.000000 0.173706
2885.000000 0.392868
2886.000000 0.282558
2887.000000 0.102067
2888.000000 0.259810
2889.000000 0.130355
2890.000000 0.229962
2891.000000 0.230310
2892.000000 0.217984
2893.000000 0.538944
2894.000000 0.071027
2895.000000 0.439942
2896.000000 0.091802
2897.000000 0.188665
2898.000000 0.108566
2899.000000 0.330476
2900.000000 0.112734
2901.000000 0.378548
2902.000000 0.406969
2903.000000 0.086723
2904.000000 0.428027
2905.000000 0.130322
2906.000000 0.150810
2907.000000 0.126783
2908.000000 0.327736
2909.000000 0.353551
2910.000000 0.032552
2911.000000 0.068996
2912.000000 0.249774
2913.000000 0.178007
2914.000000 0.219348
2915.000000 0.059678
2916.000000 0.283260
2917.000000 0.234614
2918.000000 0.259658
2919.000000 0.278271
2920.000000 0.127595
2921.000000 0.127484
2922.000000 0.410927
2923.000000 0.300420
2924.000000 0.076759
2925.000000 0.208610
2926.000000 0.359765
2927.000000 0.191594
2928.000000 0.311072
2929.000000 0.315891
2930.000000 0.406287
2931.000000 0.050539
2932.000000 0.090587
2933.000000 0.142513
2934.000000 0.223637
2935.000000 0.209645
2936.000000 0.099651
2937.000000 0.151921
2938.000000 0.311132
2939.000000 0.185064
2940.000000 0.390433
2941.000000 0.243825
2942.000000 0.176341
2943.000000 0.081833
2944.000000 0.319992
2945.000000 0.219765
2946.000000 0.370006
2947.000000 0.266092
2948.000000 0.132177
2949.000000 0.499062
2950.000000 0.416677
2951.000000 0.240322
2952.000000 0.164549
2953.000000 0.422305
2954.000000 0.120651
2955.000000 0.388936
2956.000000 0.392621
2957.000000 0.105933
2958.000000 0.071834
2959.000000 0.281587
2960.000000 0.134613
2961.000000 0.091097
2962.000000 0.275854
2963.000000 0.171997
2964.000000 0.036195
2965.000000 0.181029
2966.000000 0.175402
2967.000000 0.102911
2968.000000 0.236495
2969.000000 0.118810
2970.000000 0.398478
2971.000000 0.167145
2972.000000 0.112135
2973.000000 0.195952
2974.000000 0.148792
2975.000000 0.242397
2976.000000 0.219702
2977.000000 0.101251
2978.000000 0.179850
2979.000000 0.143373
2980.000000 0.387729
2981.000000 0.424656
2982.000000 0.178032
2983.000000 0.279915
2984.000000 0.161603
2985.000000 0.153454
2986.000000 0.125473
2987.000000 0.212161
2988.000000 0.289941
2989.000000 0.043856
2990.000000 0.161331
2991.000000 0.169083
2992.000000 0.425806
2993.000000 0.046294
2994.000000 0.269309
2995.000000 0.324529
2996.000000 0.081622
2997.000000 0.248971
2998.000000 0.170272
2999.000000 0.181028
3000.000000 0.409312
