10.000000 0.407219
20.000000 0.151978
30.000000 0.142798
40.000000 0.179037
50.000000 0.357436
60.000000 0.203427
70.000000 0.302587
80.000000 0.105858
90.000000 0.153778
100.000000 0.371353
110.000000 0.270904
120.000000 0.304405
130.000000 0.455170
140.000000 0.461027
150.000000 0.620876
160.000000 0.660984
170.000000 0.537736
180.000000 0.579219
190.000000 0.449608
200.000000 0.543302
210.000000 0.582392
220.000000 0.653011
230.000000 0.429660
240.000000 0.475801
250.000000 0.356115
260.000000 0.679102
270.000000 0.543101
280.000000 0.465189
290.000000 0.545968
300.000000 0.533880
310.000000 0.613428
320.000000 0.561612
330.000000 0.705147
340.000000 0.657162
350.000000 0.528187
360.000000 0.676914
370.000000 0.656147
380.000000 0.644516
390.000000 0.628361
400.000000 0.548189
410.000000 0.589517
420.000000 0.531142
430.000000 0.220387
440.000000 0.164457
450.000000 0.188235
460.000000 0.148046
470.000000 0.271727
480.000000 0.197799
490.000000 0.502749
500.000000 0.425745
510.000000 0.157986
520.000000 0.559214
530.000000 0.577820
540.000000 0.565500
550.000000 0.493801
560.000000 0.314635
570.000000 0.152181
580.000000 0.428266
590.000000 0.523756
600.000000 0.617234
610.000000 0.548073
620.000000 0.511078
630.000000 0.464512
640.000000 0.468528
650.000000 0.399519
660.000000 0.539264
670.000000 0.291941
680.000000 0.588559
690.000000 0.640003
700.000000 0.480482
710.000000 0.226189
720.000000 0.206433
730.000000 0.263449
740.000000 0.495256
750.000000 0.279756
760.000000 0.407559
770.000000 0.562247
780.000000 0.531755
790.000000 0.628658
800.000000 0.368935
810.000000 0.502204
820.000000 0.541165
830.000000 0.397106
840.000000 0.397031
850.000000 0.574935
860.000000 0.455987
870.000000 0.505654
880.000000 0.535521
890.000000 0.554558
900.000000 0.498954
910.000000 0.470913
920.000000 0.214341
930.000000 0.544570
940.000000 0.305945
950.000000 0.258748
960.000000 0.467602
970.000000 0.729008
980.000000 0.453894
990.000000 0.215140
1000.000000 0.150956
