0.000000 0.149581
1.000000 0.100669
2.000000 0.107256
3.000000 0.143521
4.000000 0.054631
5.000000 0.019618
6.000000 0.066318
7.000000 0.080580
8.000000 0.039241
9.000000 0.180955
10.000000 0.117547
11.000000 0.149998
12.000000 0.115929
13.000000 0.073907
14.000000 0.171214
15.000000 0.075034
16.000000 0.063233
17.000000 0.147825
18.000000 0.138357
19.000000 0.124476
20.000000 0.113203
21.000000 0.149146
22.000000 0.362578
23.000000 0.091646
24.000000 0.285614
25.000000 0.044821
26.000000 0.225858
27.000000 0.164559
28.000000 0.196275
29.000000 0.094339
30.000000 0.145305
31.000000 0.056773
32.000000 0.145378
33.000000 0.124491
34.000000 0.162329
35.000000 0.047118
36.000000 0.023522
37.000000 0.112770
38.000000 0.182405
39.000000 0.159927
40.000000 0.113564
41.000000 0.180173
42.000000 0.027756
43.000000 0.104174
44.000000 0.051800
45.000000 0.080814
46.000000 0.081763
47.000000 0.175676
48.000000 0.270625
49.000000 0.166090
50.000000 0.076509
51.000000 0.207811
52.000000 0.220434
53.000000 0.089392
54.000000 0.102244
55.000000 0.045601
56.000000 0.177712
57.000000 0.115887
58.000000 0.023383
59.000000 0.093348
60.000000 0.230084
61.000000 0.033770
62.000000 0.142934
63.000000 0.096732
64.000000 0.182172
65.000000 0.061512
66.000000 0.054863
67.000000 0.165815
68.000000 0.142918
69.000000 0.127251
70.000000 0.215721
71.000000 0.113016
72.000000 0.052474
73.000000 0.023782
74.000000 0.111555
75.000000 0.210984
76.000000 0.193024
77.000000 0.213057
78.000000 0.159099
79.000000 0.142058
80.000000 0.041063
81.000000 0.234531
82.000000 0.132452
83.000000 0.078945
84.000000 0.036532
85.000000 0.062434
86.000000 0.305440
87.000000 0.127149
88.000000 0.138893
89.000000 0.095202
90.000000 0.199827
91.000000 0.166765
92.000000 0.087629
93.000000 0.107297
94.000000 0.063866
95.000000 0.058770
96.000000 0.116972
97.000000 0.206247
98.000000 0.208695
99.000000 0.141082
100.000000 0.055671
101.000000 0.108626
102.000000 0.048178
103.000000 0.021515
104.000000 0.160586
105.000000 0.085610
106.000000 0.153974
107.000000 0.071373
108.000000 0.256557
109.000000 0.071586
110.000000 0.147192
111.000000 0.113772
112.000000 0.096883
113.000000 0.070155
114.000000 0.124623
115.000000 0.253123
116.000000 0.141907
117.000000 0.225207
118.000000 0.218781
119.000000 0.181376
120.000000 0.264130
121.000000 0.076300
122.000000 0.086283
123.000000 0.070537
124.000000 0.079600
125.000000 0.035719
126.000000 0.128981
127.000000 0.075121
128.000000 0.069637
129.000000 0.302336
130.000000 0.073678
131.000000 0.044088
132.000000 0.108765
133.000000 0.121658
134.000000 0.082200
135.000000 0.226354
136.000000 0.097440
137.000000 0.025463
138.000000 0.225006
139.000000 0.022090
140.000000 0.133505
141.000000 0.136972
142.000000 0.156252
143.000000 0.286520
144.000000 0.179524
145.000000 0.247655
146.000000 0.271677
147.000000 0.080099
148.000000 0.151062
149.000000 0.138518
150.000000 0.101198
151.000000 0.066832
152.000000 0.137737
153.000000 0.057951
154.000000 0.101716
155.000000 0.240518
156.000000 0.051359
157.000000 0.073961
158.000000 0.190795
159.000000 0.122061
160.000000 0.067688
161.000000 0.118686
162.000000 0.016519
163.000000 0.122850
164.000000 0.078676
165.000000 0.248220
166.000000 0.036218
167.000000 0.099820
168.000000 0.095588
169.000000 0.103105
170.000000 0.089869
171.000000 0.183220
172.000000 0.049155
173.000000 0.145278
174.000000 0.178169
175.000000 0.115488
176.000000 0.214443
177.000000 0.101945
178.000000 0.078942
179.000000 0.121714
180.000000 0.080326
181.000000 0.036623
182.000000 0.046792
183.000000 0.124030
184.000000 0.132621
185.000000 0.096189
186.000000 0.150156
187.000000 0.087162
188.000000 0.112802
189.000000 0.150782
190.000000 0.062457
191.000000 0.260935
192.000000 0.125603
193.000000 0.124831
194.000000 0.200996
195.000000 0.195612
196.000000 0.205316
197.000000 0.138396
198.000000 0.131456
199.000000 0.160796
200.000000 0.094648
201.000000 0.085177
202.000000 0.239531
203.000000 0.086639
204.000000 0.231783
205.000000 0.054137
206.000000 0.190054
207.000000 0.123288
208.000000 0.036559
209.000000 0.228486
210.000000 0.150589
211.000000 0.170990
212.000000 0.230600
213.000000 0.141990
214.000000 0.106310
215.000000 0.342794
216.000000 0.006933
217.000000 0.100583
218.000000 0.118042
219.000000 0.135893
220.000000 0.151014
221.000000 0.152789
222.000000 0.126621
223.000000 0.148339
224.000000 0.126990
225.000000 0.229910
226.000000 0.069791
227.000000 0.115230
228.000000 0.143545
229.000000 0.122270
230.000000 0.226461
231.000000 0.242289
232.000000 0.069145
233.000000 0.189338
234.000000 0.048853
235.000000 0.199183
236.000000 0.031451
237.000000 0.068659
238.000000 0.127368
239.000000 0.243883
240.000000 0.083296
241.000000 0.103925
242.000000 0.060801
243.000000 0.121837
244.000000 0.110352
245.000000 0.040414
246.000000 0.072269
247.000000 0.125455
248.000000 0.119349
249.000000 0.148625
250.000000 0.220101
251.000000 0.081681
252.000000 0.036687
253.000000 0.062152
254.000000 0.089942
255.000000 0.068556
256.000000 0.228149
257.000000 0.070780
258.000000 0.220760
259.000000 0.236280
260.000000 0.211525
261.000000 0.056671
262.000000 0.018737
263.000000 0.238431
264.000000 0.085385
265.000000 0.142950
266.000000 0.136151
267.000000 0.084125
268.000000 0.098298
269.000000 0.078127
270.000000 0.288705
271.000000 0.033026
272.000000 0.185957
273.000000 0.102231
274.000000 0.140413
275.000000 0.144319
276.000000 0.104815
277.000000 0.043447
278.000000 0.212567
279.000000 0.216431
280.000000 0.072808
281.000000 0.205580
282.000000 0.183370
283.000000 0.181406
284.000000 0.182386
285.000000 0.134152
286.000000 0.112936
287.000000 0.198251
288.000000 0.169854
289.000000 0.112964
290.000000 0.079089
291.000000 0.130735
292.000000 0.082961
293.000000 0.098077
294.000000 0.088827
295.000000 0.021275
296.000000 0.130383
297.000000 0.165048
298.000000 0.082104
299.000000 0.094806
300.000000 0.155342
301.000000 0.112729
302.000000 0.170560
303.000000 0.137097
304.000000 0.108322
305.000000 0.141615
306.000000 0.111867
307.000000 0.137613
308.000000 0.095517
309.000000 0.151174
310.000000 0.061318
311.000000 0.074886
312.000000 0.057772
313.000000 0.083392
314.000000 0.069250
315.000000 0.187410
316.000000 0.053919
317.000000 0.112457
318.000000 0.078338
319.000000 0.059939
320.000000 0.076218
321.000000 0.138921
322.000000 0.173843
323.000000 0.150224
324.000000 0.203090
325.000000 0.152149
326.000000 0.033505
327.000000 0.121096
328.000000 0.026415
329.000000 0.137588
330.000000 0.093690
331.000000 0.219564
332.000000 0.084755
333.000000 0.150103
334.000000 0.155428
335.000000 0.054081
336.000000 0.113561
337.000000 0.113383
338.000000 0.043004
339.000000 0.181695
340.000000 0.182699
341.000000 0.176913
342.000000 0.116382
343.000000 0.026166
344.000000 0.123673
345.000000 0.119962
346.000000 0.171340
347.000000 0.216982
348.000000 0.177508
349.000000 0.063745
350.000000 0.129516
351.000000 0.049431
352.000000 0.220399
353.000000 0.263246
354.000000 0.215508
355.000000 0.038892
356.000000 0.046203
357.000000 0.039927
358.000000 0.066610
359.000000 0.172114
360.000000 0.133934
361.000000 0.159021
362.000000 0.106662
363.000000 0.077074
364.000000 0.220519
365.000000 0.115570
366.000000 0.039019
367.000000 0.160293
368.000000 0.111677
369.000000 0.134108
370.000000 0.088566
371.000000 0.084866
372.000000 0.083057
373.000000 0.192455
374.000000 0.063802
375.000000 0.154641
376.000000 0.136024
377.000000 0.132361
378.000000 0.137319
379.000000 0.054109
380.000000 0.213685
381.000000 0.244477
382.000000 0.051000
383.000000 0.179208
384.000000 0.091325
385.000000 0.154552
386.000000 0.167967
387.000000 0.132995
388.000000 0.060656
389.000000 0.269512
390.000000 0.158167
391.000000 0.212139
392.000000 0.023588
393.000000 0.065429
394.000000 0.149355
395.000000 0.016856
396.000000 0.115463
397.000000 0.171007
398.000000 0.085929
399.000000 0.079934
400.000000 0.148283
401.000000 0.140025
402.000000 0.123762
403.000000 0.096066
404.000000 0.272119
405.000000 0.048884
406.000000 0.307282
407.000000 0.102369
408.000000 0.077323
409.000000 0.222456
410.000000 0.223795
411.000000 0.176328
412.000000 0.052091
413.000000 0.223099
414.000000 0.158637
415.000000 0.052150
416.000000 0.114370
417.000000 0.229851
418.000000 0.165056
419.000000 0.122221
420.000000 0.114696
421.000000 0.170597
422.000000 0.110616
423.000000 0.042211
424.000000 0.177503
425.000000 0.143490
426.000000 0.180935
427.000000 0.244144
428.000000 0.207739
429.000000 0.077163
430.000000 0.110939
431.000000 0.084410
432.000000 0.034675
433.000000 0.194077
434.000000 0.197909
435.000000 0.150517
436.000000 0.119119
437.000000 0.191596
438.000000 0.069828
439.000000 0.014576
440.000000 0.065536
441.000000 0.178909
442.000000 0.006099
443.000000 0.226423
444.000000 0.204912
445.000000 0.094392
446.000000 0.140058
447.000000 0.093674
448.000000 0.193994
449.000000 0.216378
450.000000 0.143495
451.000000 0.120456
452.000000 0.165030
453.000000 0.041249
454.000000 0.168798
455.000000 0.110208
456.000000 0.119936
457.000000 0.126903
458.000000 0.071700
459.000000 0.113136
460.000000 0.147059
461.000000 0.120966
462.000000 0.072771
463.000000 0.079604
464.000000 0.079714
465.000000 0.094744
466.000000 0.029805
467.000000 0.112238
468.000000 0.112623
469.000000 0.134917
470.000000 0.205773
471.000000 0.078916
472.000000 0.125847
473.000000 0.084844
474.000000 0.155832
475.000000 0.012156
476.000000 0.034061
477.000000 0.058220
478.000000 0.101986
479.000000 0.093889
480.000000 0.121832
481.000000 0.067651
482.000000 0.130752
483.000000 0.175547
484.000000 0.239017
485.000000 0.067361
486.000000 0.057048
487.000000 0.117779
488.000000 0.223648
489.000000 0.091407
490.000000 0.103670
491.000000 0.079048
492.000000 0.173239
493.000000 0.169344
494.000000 0.123421
495.000000 0.104332
496.000000 0.246704
497.000000 0.149993
498.000000 0.169143
499.000000 0.216026
500.000000 0.058322
501.000000 0.065555
502.000000 0.059916
503.000000 0.099738
504.000000 0.168458
505.000000 0.206395
506.000000 0.208818
507.000000 0.142129
508.000000 0.177554
509.000000 0.184002
510.000000 0.120378
511.000000 0.234488
512.000000 0.165741
513.000000 0.061948
514.000000 0.258941
515.000000 0.120324
516.000000 0.203601
517.000000 0.144719
518.000000 0.108350
519.000000 0.210509
520.000000 0.143583
521.000000 0.043181
522.000000 0.025628
523.000000 0.145894
524.000000 0.078639
525.000000 0.131293
526.000000 0.172019
527.000000 0.161035
528.000000 0.119534
529.000000 0.102219
530.000000 0.114436
531.000000 0.094841
532.000000 0.163746
533.000000 0.086870
534.000000 0.103184
535.000000 0.132038
536.000000 0.044989
537.000000 0.253784
538.000000 0.294505
539.000000 0.165181
540.000000 0.172237
541.000000 0.147269
542.000000 0.033845
543.000000 0.031773
544.000000 0.190163
545.000000 0.035494
546.000000 0.111326
547.000000 0.138310
548.000000 0.041380
549.000000 0.203961
550.000000 0.113869
551.000000 0.138844
552.000000 0.216528
553.000000 0.098528
554.000000 0.203915
555.000000 0.126696
556.000000 0.108666
557.000000 0.081946
558.000000 0.255705
559.000000 0.101354
560.000000 0.051248
561.000000 0.096759
562.000000 0.127391
563.000000 0.163658
564.000000 0.119738
565.000000 0.167683
566.000000 0.160756
567.000000 0.196321
568.000000 0.233898
569.000000 0.142086
570.000000 0.262449
571.000000 0.194536
572.000000 0.181551
573.000000 0.150200
574.000000 0.074563
575.000000 0.140741
576.000000 0.068252
577.000000 0.017026
578.000000 0.187394
579.000000 0.149531
580.000000 0.109613
581.000000 0.170992
582.000000 0.032095
583.000000 0.161824
584.000000 0.117904
585.000000 0.214736
586.000000 0.249273
587.000000 0.098480
588.000000 0.053024
589.000000 0.049500
590.000000 0.174297
591.000000 0.195150
592.000000 0.112508
593.000000 0.054136
594.000000 0.102994
595.000000 0.064581
596.000000 0.100552
597.000000 0.107303
598.000000 0.084519
599.000000 0.177413
600.000000 0.128487
601.000000 0.042212
602.000000 0.094097
603.000000 0.219749
604.000000 0.168338
605.000000 0.189822
606.000000 0.166409
607.000000 0.156188
608.000000 0.076716
609.000000 0.154488
610.000000 0.049314
611.000000 0.056599
612.000000 0.083761
613.000000 0.102483
614.000000 0.121999
615.000000 0.037750
616.000000 0.278994
617.000000 0.135266
618.000000 0.183316
619.000000 0.071909
620.000000 0.138952
621.000000 0.123641
622.000000 0.225683
623.000000 0.097902
624.000000 0.186501
625.000000 0.090164
626.000000 0.040295
627.000000 0.086381
628.000000 0.174309
629.000000 0.087377
630.000000 0.066334
631.000000 0.048676
632.000000 0.109055
633.000000 0.141955
634.000000 0.115545
635.000000 0.224446
636.000000 0.124536
637.000000 0.071582
638.000000 0.147052
639.000000 0.111865
640.000000 0.106448
641.000000 0.105827
642.000000 0.103535
643.000000 0.196491
644.000000 0.092968
645.000000 0.137956
646.000000 0.207375
647.000000 0.104501
648.000000 0.159571
649.000000 0.175490
650.000000 0.066893
651.000000 0.043565
652.000000 0.040659
653.000000 0.100829
654.000000 0.293336
655.000000 0.072520
656.000000 0.251578
657.000000 0.166381
658.000000 0.200109
659.000000 0.091214
660.000000 0.176590
661.000000 0.091749
662.000000 0.248998
663.000000 0.206309
664.000000 0.169704
665.000000 0.036929
666.000000 0.061820
667.000000 0.169378
668.000000 0.170390
669.000000 0.111733
670.000000 0.199728
671.000000 0.033704
672.000000 0.037315
673.000000 0.060778
674.000000 0.255655
675.000000 0.079546
676.000000 0.235834
677.000000 0.105057
678.000000 0.233954
679.000000 0.092562
680.000000 0.084137
681.000000 0.075305
682.000000 0.055030
683.000000 0.174160
684.000000 0.256250
685.000000 0.228622
686.000000 0.141722
687.000000 0.115460
688.000000 0.174202
689.000000 0.075653
690.000000 0.086223
691.000000 0.150192
692.000000 0.144953
693.000000 0.090147
694.000000 0.187173
695.000000 0.257475
696.000000 0.029633
697.000000 0.085988
698.000000 0.082233
699.000000 0.356185
700.000000 0.092840
701.000000 0.145329
702.000000 0.165266
703.000000 0.129441
704.000000 0.035484
705.000000 0.057204
706.000000 0.124274
707.000000 0.060196
708.000000 0.120597
709.000000 0.025216
710.000000 0.102711
711.000000 0.065316
712.000000 0.202082
713.000000 0.118911
714.000000 0.213597
715.000000 0.115617
716.000000 0.143479
717.000000 0.216547
718.000000 0.113644
719.000000 0.100818
720.000000 0.069164
721.000000 0.019931
722.000000 0.134801
723.000000 0.048397
724.000000 0.092397
725.000000 0.172263
726.000000 0.084899
727.000000 0.128222
728.000000 0.053072
729.000000 0.116248
730.000000 0.077017
731.000000 0.162182
732.000000 0.088257
733.000000 0.096948
734.000000 0.110336
735.000000 0.102397
736.000000 0.092502
737.000000 0.121740
738.000000 0.060467
739.000000 0.157051
740.000000 0.155528
741.000000 0.130350
742.000000 0.303084
743.000000 0.136030
744.000000 0.161773
745.000000 0.095170
746.000000 0.203501
747.000000 0.107398
748.000000 0.105072
749.000000 0.112165
750.000000 0.176484
751.000000 0.214604
752.000000 0.205568
753.000000 0.069369
754.000000 0.120633
755.000000 0.040193
756.000000 0.162618
757.000000 0.157370
758.000000 0.065519
759.000000 0.121751
760.000000 0.109671
761.000000 0.091974
762.000000 0.170975
763.000000 0.078313
764.000000 0.101899
765.000000 0.126895
766.000000 0.124965
767.000000 0.109608
768.000000 0.068360
769.000000 0.120100
770.000000 0.123356
771.000000 0.103467
772.000000 0.166570
773.000000 0.060911
774.000000 0.189591
775.000000 0.168352
776.000000 0.049165
777.000000 0.064073
778.000000 0.233747
779.000000 0.060751
780.000000 0.073074
781.000000 0.163703
782.000000 0.335922
783.000000 0.173261
784.000000 0.184243
785.000000 0.134188
786.000000 0.167528
787.000000 0.072599
788.000000 0.159551
789.000000 0.139315
790.000000 0.096915
791.000000 0.220766
792.000000 0.082225
793.000000 0.122104
794.000000 0.205804
795.000000 0.077354
796.000000 0.253460
797.000000 0.082627
798.000000 0.094995
799.000000 0.130433
800.000000 0.036158
801.000000 0.145393
802.000000 0.037191
803.000000 0.118368
804.000000 0.050106
805.000000 0.019560
806.000000 0.103978
807.000000 0.068318
808.000000 0.152192
809.000000 0.124375
810.000000 0.202240
811.000000 0.200487
812.000000 0.144462
813.000000 0.210974
814.000000 0.143492
815.000000 0.079654
816.000000 0.074166
817.000000 0.107540
818.000000 0.083276
819.000000 0.184384
820.000000 0.266860
821.000000 0.147439
822.000000 0.121265
823.000000 0.189761
824.000000 0.098035
825.000000 0.370674
826.000000 0.153891
827.000000 0.252693
828.000000 0.319044
829.000000 0.131799
830.000000 0.100844
831.000000 0.257269
832.000000 0.182125
833.000000 0.225858
834.000000 0.205024
835.000000 0.082833
836.000000 0.064395
837.000000 0.043190
838.000000 0.217058
839.000000 0.141981
840.000000 0.124706
841.000000 0.065373
842.000000 0.196376
843.000000 0.074597
844.000000 0.105542
845.000000 0.126091
846.000000 0.067257
847.000000 0.061771
848.000000 0.054097
849.000000 0.220552
850.000000 0.260571
851.000000 0.017846
852.000000 0.075353
853.000000 0.072419
854.000000 0.145449
855.000000 0.120437
856.000000 0.122274
857.000000 0.158690
858.000000 0.006902
859.000000 0.043689
860.000000 0.058593
861.000000 0.145946
862.000000 0.137040
863.000000 0.167511
864.000000 0.202313
865.000000 0.131251
866.000000 0.067417
867.000000 0.107403
868.000000 0.260006
869.000000 0.074970
870.000000 0.073747
871.000000 0.117729
872.000000 0.075302
873.000000 0.014398
874.000000 0.094568
875.000000 0.112832
876.000000 0.139183
877.000000 0.218369
878.000000 0.094513
879.000000 0.143744
880.000000 0.289512
881.000000 0.312823
882.000000 0.071356
883.000000 0.182569
884.000000 0.013218
885.000000 0.215502
886.000000 0.126704
887.000000 0.152990
888.000000 0.157069
889.000000 0.103950
890.000000 0.136057
891.000000 0.059429
892.000000 0.232415
893.000000 0.072511
894.000000 0.066417
895.000000 0.044128
896.000000 0.164482
897.000000 0.119238
898.000000 0.123452
899.000000 0.119633
900.000000 0.200459
901.000000 0.090266
902.000000 0.206877
903.000000 0.165524
904.000000 0.177584
905.000000 0.096359
906.000000 0.083361
907.000000 0.111310
908.000000 0.267838
909.000000 0.040541
910.000000 0.194511
911.000000 0.204357
912.000000 0.119379
913.000000 0.068151
914.000000 0.203367
915.000000 0.100068
916.000000 0.154137
917.000000 0.041217
918.000000 0.073280
919.000000 0.080621
920.000000 0.058855
921.000000 0.114541
922.000000 0.112366
923.000000 0.191756
924.000000 0.141479
925.000000 0.047740
926.000000 0.218183
927.000000 0.108969
928.000000 0.243103
929.000000 0.183841
930.000000 0.066391
931.000000 0.195602
932.000000 0.126225
933.000000 0.069093
934.000000 0.086209
935.000000 0.100266
936.000000 0.131589
937.000000 0.240490
938.000000 0.172786
939.000000 0.183726
940.000000 0.112996
941.000000 0.083012
942.000000 0.074724
943.000000 0.161305
944.000000 0.031982
945.000000 0.069520
946.000000 0.107365
947.000000 0.065900
948.000000 0.068174
949.000000 0.088391
950.000000 0.105033
951.000000 0.162162
952.000000 0.134119
953.000000 0.098174
954.000000 0.224646
955.000000 0.090963
956.000000 0.083266
957.000000 0.045152
958.000000 0.144741
959.000000 0.045250
960.000000 0.169598
961.000000 0.081857
962.000000 0.071892
963.000000 0.043384
964.000000 0.126024
965.000000 0.134364
966.000000 0.065097
967.000000 0.057223
968.000000 0.087213
969.000000 0.108047
970.000000 0.048412
971.000000 0.103754
972.000000 0.117205
973.000000 0.224297
974.000000 0.112720
975.000000 0.056462
976.000000 0.164282
977.000000 0.086359
978.000000 0.258860
979.000000 0.107878
980.000000 0.041407
981.000000 0.100812
982.000000 0.140806
983.000000 0.071706
984.000000 0.255503
985.000000 0.317960
986.000000 0.066903
987.000000 0.058104
988.000000 0.121748
989.000000 0.156791
990.000000 0.165799
991.000000 0.108878
992.000000 0.237351
993.000000 0.184427
994.000000 0.040252
995.000000 0.075361
996.000000 0.148222
997.000000 0.123321
998.000000 0.163890
999.000000 0.038367
1000.000000 0.095796
1001.000000 0.107890
1002.000000 0.096238
1003.000000 0.034399
1004.000000 0.097230
1005.000000 0.176757
1006.000000 0.107167
1007.000000 0.063265
1008.000000 0.119046
1009.000000 0.124673
1010.000000 0.248573
1011.000000 0.087341
1012.000000 0.095577
1013.000000 0.119317
1014.000000 0.122429
1015.000000 0.251496
1016.000000 0.091494
1017.000000 0.080271
1018.000000 0.096706
1019.000000 0.152966
1020.000000 0.079478
1021.000000 0.294347
1022.000000 0.310441
1023.000000 0.181298
1024.000000 0.237126
1025.000000 0.012404
1026.000000 0.194926
1027.000000 0.098534
1028.000000 0.102090
1029.000000 0.139296
1030.000000 0.080655
1031.000000 0.130471
1032.000000 0.131546
1033.000000 0.047353
1034.000000 0.128214
1035.000000 0.111663
1036.000000 0.115021
1037.000000 0.039383
1038.000000 0.221068
1039.000000 0.032480
1040.000000 0.067258
1041.000000 0.204944
1042.000000 0.049933
1043.000000 0.101554
1044.000000 0.142499
1045.000000 0.119304
1046.000000 0.185127
1047.000000 0.258664
1048.000000 0.246730
1049.000000 0.246805
1050.000000 0.175417
1051.000000 0.086735
1052.000000 0.267478
1053.000000 0.212146
1054.000000 0.051977
1055.000000 0.168880
1056.000000 0.278589
1057.000000 0.188631
1058.000000 0.167445
1059.000000 0.153286
1060.000000 0.070999
1061.000000 0.070973
1062.000000 0.043934
1063.000000 0.087724
1064.000000 0.277741
1065.000000 0.070862
1066.000000 0.144877
1067.000000 0.060273
1068.000000 0.043752
1069.000000 0.115471
1070.000000 0.298872
1071.000000 0.105719
1072.000000 0.115701
1073.000000 0.170896
1074.000000 0.099900
1075.000000 0.190285
1076.000000 0.071725
1077.000000 0.051480
1078.000000 0.023408
1079.000000 0.267029
1080.000000 0.228953
1081.000000 0.083778
1082.000000 0.133423
1083.000000 0.128292
1084.000000 0.085797
1085.000000 0.135942
1086.000000 0.202124
1087.000000 0.158880
1088.000000 0.162825
1089.000000 0.087309
1090.000000 0.099025
1091.000000 0.130033
1092.000000 0.120261
1093.000000 0.152516
1094.000000 0.153145
1095.000000 0.179150
1096.000000 0.098872
1097.000000 0.070872
1098.000000 0.086565
1099.000000 0.083343
1100.000000 0.201416
1101.000000 0.057715
1102.000000 0.161497
1103.000000 0.147034
1104.000000 0.250233
1105.000000 0.021937
1106.000000 0.038903
1107.000000 0.098306
1108.000000 0.077610
1109.000000 0.178506
1110.000000 0.125155
1111.000000 0.032029
1112.000000 0.067718
1113.000000 0.113157
1114.000000 0.022917
1115.000000 0.117230
1116.000000 0.157008
1117.000000 0.111545
1118.000000 0.077374
1119.000000 0.051597
1120.000000 0.148850
1121.000000 0.244678
1122.000000 0.166811
1123.000000 0.125375
1124.000000 0.219827
1125.000000 0.221683
1126.000000 0.105588
1127.000000 0.146735
1128.000000 0.088532
1129.000000 0.196006
1130.000000 0.096428
1131.000000 0.067931
1132.000000 0.063734
1133.000000 0.271594
1134.000000 0.040612
1135.000000 0.072861
1136.000000 0.043319
1137.000000 0.128468
1138.000000 0.173946
1139.000000 0.106757
1140.000000 0.166755
1141.000000 0.204354
1142.000000 0.144307
1143.000000 0.102073
1144.000000 0.197019
1145.000000 0.176454
1146.000000 0.082509
1147.000000 0.191714
1148.000000 0.090877
1149.000000 0.189769
1150.000000 0.108368
1151.000000 0.181540
1152.000000 0.077854
1153.000000 0.197596
1154.000000 0.092975
1155.000000 0.093375
1156.000000 0.176051
1157.000000 0.264391
1158.000000 0.094537
1159.000000 0.114417
1160.000000 0.206827
1161.000000 0.165696
1162.000000 0.218606
1163.000000 0.151629
1164.000000 0.122472
1165.000000 0.067718
1166.000000 0.169922
1167.000000 0.181230
1168.000000 0.156936
1169.000000 0.159540
1170.000000 0.066761
1171.000000 0.066343
1172.000000 0.097593
1173.000000 0.058933
1174.000000 0.072927
1175.000000 0.274071
1176.000000 0.043350
1177.000000 0.117155
1178.000000 0.169794
1179.000000 0.197563
1180.000000 0.229933
1181.000000 0.096562
1182.000000 0.195983
1183.000000 0.252392
1184.000000 0.126500
1185.000000 0.221161
1186.000000 0.021848
1187.000000 0.332553
1188.000000 0.238252
1189.000000 0.215122
1190.000000 0.131756
1191.000000 0.067092
1192.000000 0.146044
1193.000000 0.147309
1194.000000 0.151489
1195.000000 0.190222
1196.000000 0.213354
1197.000000 0.102942
1198.000000 0.039924
1199.000000 0.063064
1200.000000 0.124912
1201.000000 0.239100
1202.000000 0.183391
1203.000000 0.191261
1204.000000 0.132869
1205.000000 0.173023
1206.000000 0.026760
1207.000000 0.222315
1208.000000 0.120906
1209.000000 0.156226
1210.000000 0.136010
1211.000000 0.139841
1212.000000 0.110464
1213.000000 0.101536
1214.000000 0.042575
1215.000000 0.283702
1216.000000 0.136837
1217.000000 0.111910
1218.000000 0.074676
1219.000000 0.242182
1220.000000 0.081659
1221.000000 0.251020
1222.000000 0.060062
1223.000000 0.069372
1224.000000 0.141149
1225.000000 0.166850
1226.000000 0.056314
1227.000000 0.046317
1228.000000 0.140494
1229.000000 0.239831
1230.000000 0.127453
1231.000000 0.078776
1232.000000 0.056610
1233.000000 0.157735
1234.000000 0.067170
1235.000000 0.115115
1236.000000 0.227619
1237.000000 0.227587
1238.000000 0.062385
1239.000000 0.154901
1240.000000 0.112801
1241.000000 0.141891
1242.000000 0.166372
1243.000000 0.105257
1244.000000 0.123606
1245.000000 0.080808
1246.000000 0.169725
1247.000000 0.184042
1248.000000 0.120952
1249.000000 0.064043
1250.000000 0.152610
1251.000000 0.142013
1252.000000 0.232527
1253.000000 0.064108
1254.000000 0.145935
1255.000000 0.039330
1256.000000 0.183199
1257.000000 0.084159
1258.000000 0.034400
1259.000000 0.124083
1260.000000 0.178799
1261.000000 0.097958
1262.000000 0.135868
1263.000000 0.059731
1264.000000 0.292566
1265.000000 0.057047
1266.000000 0.131739
1267.000000 0.105975
1268.000000 0.193239
1269.000000 0.149118
1270.000000 0.090817
1271.000000 0.100422
1272.000000 0.224131
1273.000000 0.186959
1274.000000 0.064241
1275.000000 0.082676
1276.000000 0.125230
1277.000000 0.163210
1278.000000 0.138685
1279.000000 0.263851
1280.000000 0.131310
1281.000000 0.122890
1282.000000 0.096105
1283.000000 0.099525
1284.000000 0.124943
1285.000000 0.035133
1286.000000 0.068167
1287.000000 0.118715
1288.000000 0.030242
1289.000000 0.037218
1290.000000 0.061536
1291.000000 0.095051
1292.000000 0.076692
1293.000000 0.182762
1294.000000 0.385279
1295.000000 0.313901
1296.000000 0.059031
1297.000000 0.091190
1298.000000 0.124393
1299.000000 0.071957
1300.000000 0.136070
1301.000000 0.185800
1302.000000 0.097608
1303.000000 0.095012
1304.000000 0.068962
1305.000000 0.175370
1306.000000 0.087376
1307.000000 0.191552
1308.000000 0.192235
1309.000000 0.210326
1310.000000 0.200642
1311.000000 0.113502
1312.000000 0.102397
1313.000000 0.196490
1314.000000 0.081482
1315.000000 0.017265
1316.000000 0.095292
1317.000000 0.162698
1318.000000 0.078745
1319.000000 0.191799
1320.000000 0.152571
1321.000000 0.241277
1322.000000 0.100290
1323.000000 0.090452
1324.000000 0.074733
1325.000000 0.099873
1326.000000 0.206072
1327.000000 0.036230
1328.000000 0.193371
1329.000000 0.141201
1330.000000 0.121693
1331.000000 0.171982
1332.000000 0.059841
1333.000000 0.115918
1334.000000 0.124693
1335.000000 0.128641
1336.000000 0.015390
1337.000000 0.071269
1338.000000 0.121200
1339.000000 0.095222
1340.000000 0.216931
1341.000000 0.114871
1342.000000 0.141445
1343.000000 0.140030
1344.000000 0.192348
1345.000000 0.167776
1346.000000 0.114307
1347.000000 0.169968
1348.000000 0.069507
1349.000000 0.105591
1350.000000 0.205019
1351.000000 0.227792
1352.000000 0.036399
1353.000000 0.105265
1354.000000 0.126887
1355.000000 0.132856
1356.000000 0.163407
1357.000000 0.144493
1358.000000 0.247327
1359.000000 0.126069
1360.000000 0.075959
1361.000000 0.119963
1362.000000 0.105639
1363.000000 0.153030
1364.000000 0.047054
1365.000000 0.118019
1366.000000 0.230456
1367.000000 0.070354
1368.000000 0.086854
1369.000000 0.030322
1370.000000 0.141340
1371.000000 0.029112
1372.000000 0.093731
1373.000000 0.096825
1374.000000 0.140658
1375.000000 0.117802
1376.000000 0.093549
1377.000000 0.097274
1378.000000 0.065301
1379.000000 0.007545
1380.000000 0.050825
1381.000000 0.040829
1382.000000 0.029802
1383.000000 0.067119
1384.000000 0.148344
1385.000000 0.153094
1386.000000 0.145813
1387.000000 0.105616
1388.000000 0.150753
1389.000000 0.150684
1390.000000 0.101569
1391.000000 0.416559
1392.000000 0.087038
1393.000000 0.216665
1394.000000 0.269784
1395.000000 0.200489
1396.000000 0.128406
1397.000000 0.110558
1398.000000 0.109720
1399.000000 0.044475
1400.000000 0.012394
1401.000000 0.224575
1402.000000 0.046851
1403.000000 0.032899
1404.000000 0.317440
1405.000000 0.053942
1406.000000 0.067791
1407.000000 0.028592
1408.000000 0.062159
1409.000000 0.100372
1410.000000 0.107341
1411.000000 0.139759
1412.000000 0.217342
1413.000000 0.117818
1414.000000 0.205707
1415.000000 0.189272
1416.000000 0.036806
1417.000000 0.071340
1418.000000 0.050972
1419.000000 0.082390
1420.000000 0.064714
1421.000000 0.127644
1422.000000 0.098722
1423.000000 0.091101
1424.000000 0.123643
1425.000000 0.038415
1426.000000 0.223903
1427.000000 0.075894
1428.000000 0.197951
1429.000000 0.162643
1430.000000 0.081775
1431.000000 0.092137
1432.000000 0.138194
1433.000000 0.108464
1434.000000 0.070280
1435.000000 0.069941
1436.000000 0.136337
1437.000000 0.147719
1438.000000 0.144778
1439.000000 0.165659
1440.000000 0.173470
1441.000000 0.187869
1442.000000 0.171634
1443.000000 0.055091
1444.000000 0.099507
1445.000000 0.127393
1446.000000 0.074735
1447.000000 0.191725
1448.000000 0.095703
1449.000000 0.016346
1450.000000 0.072313
1451.000000 0.089544
1452.000000 0.124976
1453.000000 0.263620
1454.000000 0.141215
1455.000000 0.019642
1456.000000 0.136757
1457.000000 0.116899
1458.000000 0.141221
1459.000000 0.181760
1460.000000 0.113703
1461.000000 0.105552
1462.000000 0.192526
1463.000000 0.067321
1464.000000 0.078448
1465.000000 0.124598
1466.000000 0.134241
1467.000000 0.145039
1468.000000 0.043146
1469.000000 0.131421
1470.000000 0.086429
1471.000000 0.123046
1472.000000 0.123874
1473.000000 0.114428
1474.000000 0.222365
1475.000000 0.079736
1476.000000 0.136188
1477.000000 0.074803
1478.000000 0.126146
1479.000000 0.124774
1480.000000 0.058945
1481.000000 0.021981
1482.000000 0.085832
1483.000000 0.131416
1484.000000 0.106646
1485.000000 0.032214
1486.000000 0.071242
1487.000000 0.112803
1488.000000 0.071511
1489.000000 0.149376
1490.000000 0.066841
1491.000000 0.180250
1492.000000 0.152439
1493.000000 0.164261
1494.000000 0.289997
1495.000000 0.098702
1496.000000 0.179268
1497.000000 0.013274
1498.000000 0.132966
1499.000000 0.160016
1500.000000 0.159819
1501.000000 0.074954
1502.000000 0.139235
1503.000000 0.187540
1504.000000 0.134526
1505.000000 0.195867
1506.000000 0.186014
1507.000000 0.139275
1508.000000 0.099223
1509.000000 0.085336
1510.000000 0.251145
1511.000000 0.117338
1512.000000 0.108954
1513.000000 0.083722
1514.000000 0.017337
1515.000000 0.090720
1516.000000 0.162443
1517.000000 0.125402
1518.000000 0.041589
1519.000000 0.134647
1520.000000 0.019841
1521.000000 0.204002
1522.000000 0.086668
1523.000000 0.226942
1524.000000 0.130119
1525.000000 0.024233
1526.000000 0.157680
1527.000000 0.185096
1528.000000 0.050083
1529.000000 0.039981
1530.000000 0.086364
1531.000000 0.035619
1532.000000 0.039932
1533.000000 0.210515
1534.000000 0.069836
1535.000000 0.056121
1536.000000 0.174187
1537.000000 0.047224
1538.000000 0.034335
1539.000000 0.113791
1540.000000 0.156272
1541.000000 0.008398
1542.000000 0.139149
1543.000000 0.057776
1544.000000 0.092421
1545.000000 0.101113
1546.000000 0.190089
1547.000000 0.153996
1548.000000 0.097627
1549.000000 0.061412
1550.000000 0.033258
1551.000000 0.089260
1552.000000 0.127916
1553.000000 0.031540
1554.000000 0.223445
1555.000000 0.059887
1556.000000 0.105600
1557.000000 0.166069
1558.000000 0.076883
1559.000000 0.050587
1560.000000 0.190921
1561.000000 0.144872
1562.000000 0.137396
1563.000000 0.054565
1564.000000 0.038569
1565.000000 0.077448
1566.000000 0.172674
1567.000000 0.025549
1568.000000 0.215907
1569.000000 0.201247
1570.000000 0.155990
1571.000000 0.068655
1572.000000 0.187610
1573.000000 0.099195
1574.000000 0.079534
1575.000000 0.021256
1576.000000 0.016091
1577.000000 0.139947
1578.000000 0.151645
1579.000000 0.058821
1580.000000 0.058597
1581.000000 0.060574
1582.000000 0.112628
1583.000000 0.041460
1584.000000 0.177397
1585.000000 0.274496
1586.000000 0.076094
1587.000000 0.129708
1588.000000 0.166401
1589.000000 0.137675
1590.000000 0.164680
1591.000000 0.071350
1592.000000 0.147520
1593.000000 0.218818
1594.000000 0.059471
1595.000000 0.066901
1596.000000 0.129016
1597.000000 0.068761
1598.000000 0.270645
1599.000000 0.186743
1600.000000 0.151045
1601.000000 0.114062
1602.000000 0.210130
1603.000000 0.098780
1604.000000 0.210344
1605.000000 0.074931
1606.000000 0.083548
1607.000000 0.070910
1608.000000 0.098310
1609.000000 0.166097
1610.000000 0.155300
1611.000000 0.149628
1612.000000 0.099467
1613.000000 0.136802
1614.000000 0.104435
1615.000000 0.151080
1616.000000 0.140755
1617.000000 0.107709
1618.000000 0.231180
1619.000000 0.077661
1620.000000 0.094439
1621.000000 0.066889
1622.000000 0.167061
1623.000000 0.151035
1624.000000 0.060600
1625.000000 0.160835
1626.000000 0.147125
1627.000000 0.083578
1628.000000 0.096074
1629.000000 0.108802
1630.000000 0.053476
1631.000000 0.152992
1632.000000 0.110680
1633.000000 0.140465
1634.000000 0.176615
1635.000000 0.134849
1636.000000 0.080597
1637.000000 0.205831
1638.000000 0.122188
1639.000000 0.103166
1640.000000 0.081057
1641.000000 0.140898
1642.000000 0.038783
1643.000000 0.074061
1644.000000 0.021695
1645.000000 0.189737
1646.000000 0.108819
1647.000000 0.068085
1648.000000 0.032688
1649.000000 0.179885
1650.000000 0.133086
1651.000000 0.133444
1652.000000 0.233799
1653.000000 0.184603
1654.000000 0.095847
1655.000000 0.049631
1656.000000 0.108032
1657.000000 0.115076
1658.000000 0.098452
1659.000000 0.065947
1660.000000 0.053258
1661.000000 0.278843
1662.000000 0.067946
1663.000000 0.068873
1664.000000 0.016265
1665.000000 0.130186
1666.000000 0.125189
1667.000000 0.196260
1668.000000 0.134955
1669.000000 0.119139
1670.000000 0.089577
1671.000000 0.287124
1672.000000 0.151392
1673.000000 0.096248
1674.000000 0.132072
1675.000000 0.074618
1676.000000 0.116629
1677.000000 0.097235
1678.000000 0.023706
1679.000000 0.067287
1680.000000 0.156368
1681.000000 0.128978
1682.000000 0.151407
1683.000000 0.150333
1684.000000 0.077052
1685.000000 0.069360
1686.000000 0.035157
1687.000000 0.135532
1688.000000 0.130254
1689.000000 0.095448
1690.000000 0.163744
1691.000000 0.190200
1692.000000 0.046721
1693.000000 0.130205
1694.000000 0.126926
1695.000000 0.252774
1696.000000 0.085351
1697.000000 0.098054
1698.000000 0.089717
1699.000000 0.154177
1700.000000 0.071930
1701.000000 0.132838
1702.000000 0.074347
1703.000000 0.140825
1704.000000 0.251583
1705.000000 0.055567
1706.000000 0.077359
1707.000000 0.060785
1708.000000 0.102019
1709.000000 0.091210
1710.000000 0.093587
1711.000000 0.155815
1712.000000 0.073997
1713.000000 0.039933
1714.000000 0.143832
1715.000000 0.117545
1716.000000 0.098830
1717.000000 0.093337
1718.000000 0.122685
1719.000000 0.267788
1720.000000 0.155164
1721.000000 0.267701
1722.000000 0.247570
1723.000000 0.113356
1724.000000 0.095145
1725.000000 0.123872
1726.000000 0.232773
1727.000000 0.070273
1728.000000 0.111050
1729.000000 0.145547
1730.000000 0.193269
1731.000000 0.092511
1732.000000 0.038983
1733.000000 0.103982
1734.000000 0.077020
1735.000000 0.123876
1736.000000 0.088564
1737.000000 0.233716
1738.000000 0.219428
1739.000000 0.098646
1740.000000 0.178365
1741.000000 0.026327
1742.000000 0.161450
1743.000000 0.153895
1744.000000 0.199978
1745.000000 0.128708
1746.000000 0.137070
1747.000000 0.150465
1748.000000 0.028692
1749.000000 0.295471
1750.000000 0.077786
1751.000000 0.213088
1752.000000 0.065701
1753.000000 0.057046
1754.000000 0.154573
1755.000000 0.149649
1756.000000 0.081958
1757.000000 0.114925
1758.000000 0.041339
1759.000000 0.059175
1760.000000 0.086795
1761.000000 0.122174
1762.000000 0.096138
1763.000000 0.184536
1764.000000 0.124817
1765.000000 0.232789
1766.000000 0.094668
1767.000000 0.128510
1768.000000 0.096272
1769.000000 0.131602
1770.000000 0.115198
1771.000000 0.180565
1772.000000 0.132231
1773.000000 0.110603
1774.000000 0.097136
1775.000000 0.145553
1776.000000 0.048338
1777.000000 0.023939
1778.000000 0.144121
1779.000000 0.151441
1780.000000 0.172950
1781.000000 0.173118
1782.000000 0.204155
1783.000000 0.015972
1784.000000 0.237799
1785.000000 0.121853
1786.000000 0.102702
1787.000000 0.127162
1788.000000 0.140272
1789.000000 0.055420
1790.000000 0.111136
1791.000000 0.190567
1792.000000 0.087806
1793.000000 0.134493
1794.000000 0.156710
1795.000000 0.206170
1796.000000 0.098491
1797.000000 0.106221
1798.000000 0.212063
1799.000000 0.216849
1800.000000 0.106901
1801.000000 0.101002
1802.000000 0.109603
1803.000000 0.149328
1804.000000 0.115971
1805.000000 0.170713
1806.000000 0.124102
1807.000000 0.245874
1808.000000 0.043134
1809.000000 0.276967
1810.000000 0.069904
1811.000000 0.258287
1812.000000 0.154705
1813.000000 0.059283
1814.000000 0.181003
1815.000000 0.123086
1816.000000 0.061252
1817.000000 0.186189
1818.000000 0.067301
1819.000000 0.128778
1820.000000 0.143306
1821.000000 0.047688
1822.000000 0.175718
1823.000000 0.163283
1824.000000 0.214776
1825.000000 0.079106
1826.000000 0.121241
1827.000000 0.034840
1828.000000 0.079862
1829.000000 0.142857
1830.000000 0.243641
1831.000000 0.133372
1832.000000 0.145368
1833.000000 0.234044
1834.000000 0.150934
1835.000000 0.069000
1836.000000 0.156680
1837.000000 0.101724
1838.000000 0.141050
1839.000000 0.122549
1840.000000 0.185934
1841.000000 0.066609
1842.000000 0.087477
1843.000000 0.184452
1844.000000 0.264808
1845.000000 0.045126
1846.000000 0.220415
1847.000000 0.236495
1848.000000 0.117420
1849.000000 0.205403
1850.000000 0.168557
1851.000000 0.069052
1852.000000 0.113855
1853.000000 0.186771
1854.000000 0.064149
1855.000000 0.035246
1856.000000 0.167333
1857.000000 0.119298
1858.000000 0.181396
1859.000000 0.075784
1860.000000 0.171017
1861.000000 0.061989
1862.000000 0.207562
1863.000000 0.103138
1864.000000 0.137221
1865.000000 0.082578
1866.000000 0.045660
1867.000000 0.051459
1868.000000 0.190179
1869.000000 0.119133
1870.000000 0.048730
1871.000000 0.161681
1872.000000 0.072252
1873.000000 0.267991
1874.000000 0.108055
1875.000000 0.080005
1876.000000 0.119386
1877.000000 0.097797
1878.000000 0.124715
1879.000000 0.165499
1880.000000 0.225649
1881.000000 0.170897
1882.000000 0.080268
1883.000000 0.067468
1884.000000 0.140326
1885.000000 0.085613
1886.000000 0.260027
1887.000000 0.023315
1888.000000 0.261707
1889.000000 0.068707
1890.000000 0.013112
1891.000000 0.115351
1892.000000 0.164847
1893.000000 0.158677
1894.000000 0.079101
1895.000000 0.181911
1896.000000 0.176276
1897.000000 0.172881
1898.000000 0.149950
1899.000000 0.091071
1900.000000 0.173509
1901.000000 0.057235
1902.000000 0.161767
1903.000000 0.174558
1904.000000 0.151263
1905.000000 0.061133
1906.000000 0.133600
1907.000000 0.062164
1908.000000 0.041930
1909.000000 0.106687
1910.000000 0.055622
1911.000000 0.204452
1912.000000 0.115853
1913.000000 0.201198
1914.000000 0.185617
1915.000000 0.090328
1916.000000 0.056153
1917.000000 0.079656
1918.000000 0.050535
1919.000000 0.074737
1920.000000 0.218964
1921.000000 0.099099
1922.000000 0.090817
1923.000000 0.209688
1924.000000 0.189232
1925.000000 0.089512
1926.000000 0.194218
1927.000000 0.279138
1928.000000 0.222041
1929.000000 0.164569
1930.000000 0.205535
1931.000000 0.114011
1932.000000 0.113613
1933.000000 0.170112
1934.000000 0.129597
1935.000000 0.066081
1936.000000 0.227746
1937.000000 0.191338
1938.000000 0.107052
1939.000000 0.174213
1940.000000 0.111071
1941.000000 0.089427
1942.000000 0.085041
1943.000000 0.246911
1944.000000 0.012608
1945.000000 0.195310
1946.000000 0.109456
1947.000000 0.064813
1948.000000 0.049712
1949.000000 0.162416
1950.000000 0.106504
1951.000000 0.027964
1952.000000 0.236303
1953.000000 0.184703
1954.000000 0.139337
1955.000000 0.054028
1956.000000 0.188899
1957.000000 0.139372
1958.000000 0.110239
1959.000000 0.202706
1960.000000 0.087829
1961.000000 0.130090
1962.000000 0.124907
1963.000000 0.128254
1964.000000 0.125671
1965.000000 0.111572
1966.000000 0.044537
1967.000000 0.064397
1968.000000 0.187504
1969.000000 0.077261
1970.000000 0.079862
1971.000000 0.017391
1972.000000 0.202337
1973.000000 0.097512
1974.000000 0.179792
1975.000000 0.196391
1976.000000 0.086841
1977.000000 0.136904
1978.000000 0.090105
1979.000000 0.176949
1980.000000 0.060252
1981.000000 0.117477
1982.000000 0.122760
1983.000000 0.070486
1984.000000 0.187885
1985.000000 0.334413
1986.000000 0.180359
1987.000000 0.071443
1988.000000 0.085711
1989.000000 0.101817
1990.000000 0.055515
1991.000000 0.157367
1992.000000 0.210247
1993.000000 0.037852
1994.000000 0.160558
1995.000000 0.055104
1996.000000 0.235625
1997.000000 0.093986
1998.000000 0.224046
1999.000000 0.172712
2000.000000 0.069139
2001.000000 0.348234
2002.000000 0.165412
2003.000000 0.168978
2004.000000 0.283747
2005.000000 0.025203
2006.000000 0.191380
2007.000000 0.047737
2008.000000 0.119796
2009.000000 0.143909
2010.000000 0.062702
2011.000000 0.064857
2012.000000 0.167631
2013.000000 0.159538
2014.000000 0.134044
2015.000000 0.190584
2016.000000 0.085944
2017.000000 0.074190
2018.000000 0.167468
2019.000000 0.028180
2020.000000 0.065276
2021.000000 0.204011
2022.000000 0.053214
2023.000000 0.153585
2024.000000 0.142428
2025.000000 0.169978
2026.000000 0.085803
2027.000000 0.403435
2028.000000 0.126560
2029.000000 0.133351
2030.000000 0.051537
2031.000000 0.095769
2032.000000 0.023553
2033.000000 0.006308
2034.000000 0.134138
2035.000000 0.177951
2036.000000 0.113137
2037.000000 0.125041
2038.000000 0.225506
2039.000000 0.082252
2040.000000 0.110041
2041.000000 0.051589
2042.000000 0.118179
2043.000000 0.029617
2044.000000 0.156167
2045.000000 0.143011
2046.000000 0.146038
2047.000000 0.084125
2048.000000 0.179713
2049.000000 0.134575
2050.000000 0.126375
2051.000000 0.193380
2052.000000 0.190411
2053.000000 0.081740
2054.000000 0.060803
2055.000000 0.070198
2056.000000 0.150063
2057.000000 0.132717
2058.000000 0.074805
2059.000000 0.069770
2060.000000 0.290607
2061.000000 0.054015
2062.000000 0.136784
2063.000000 0.224545
2064.000000 0.124084
2065.000000 0.128295
2066.000000 0.130476
2067.000000 0.111633
2068.000000 0.168134
2069.000000 0.029748
2070.000000 0.196913
2071.000000 0.122914
2072.000000 0.064325
2073.000000 0.149670
2074.000000 0.058582
2075.000000 0.212815
2076.000000 0.191382
2077.000000 0.127449
2078.000000 0.133618
2079.000000 0.101514
2080.000000 0.120005
2081.000000 0.141165
2082.000000 0.176724
2083.000000 0.270489
2084.000000 0.021113
2085.000000 0.095967
2086.000000 0.158638
2087.000000 0.151750
2088.000000 0.218519
2089.000000 0.100229
2090.000000 0.078922
2091.000000 0.227804
2092.000000 0.119145
2093.000000 0.065320
2094.000000 0.186955
2095.000000 0.078692
2096.000000 0.115343
2097.000000 0.239585
2098.000000 0.083968
2099.000000 0.077227
2100.000000 0.208134
2101.000000 0.235838
2102.000000 0.164926
2103.000000 0.101442
2104.000000 0.221621
2105.000000 0.079142
2106.000000 0.080879
2107.000000 0.098655
2108.000000 0.088331
2109.000000 0.171019
2110.000000 0.234800
2111.000000 0.058311
2112.000000 0.101695
2113.000000 0.226038
2114.000000 0.215009
2115.000000 0.023608
2116.000000 0.207617
2117.000000 0.034438
2118.000000 0.078453
2119.000000 0.035344
2120.000000 0.038388
2121.000000 0.289677
2122.000000 0.125579
2123.000000 0.186346
2124.000000 0.162055
2125.000000 0.198642
2126.000000 0.155936
2127.000000 0.087001
2128.000000 0.216029
2129.000000 0.320784
2130.000000 0.377623
2131.000000 0.219811
2132.000000 0.098195
2133.000000 0.072053
2134.000000 0.019816
2135.000000 0.250128
2136.000000 0.149644
2137.000000 0.283441
2138.000000 0.254036
2139.000000 0.148339
2140.000000 0.116548
2141.000000 0.038144
2142.000000 0.066307
2143.000000 0.084511
2144.000000 0.076752
2145.000000 0.195812
2146.000000 0.192419
2147.000000 0.041122
2148.000000 0.175633
2149.000000 0.045591
2150.000000 0.079420
2151.000000 0.062537
2152.000000 0.221174
2153.000000 0.050111
2154.000000 0.101984
2155.000000 0.143158
2156.000000 0.106596
2157.000000 0.164961
2158.000000 0.137653
2159.000000 0.059240
2160.000000 0.169092
2161.000000 0.069035
2162.000000 0.038131
2163.000000 0.160341
2164.000000 0.109843
2165.000000 0.055254
2166.000000 0.168260
2167.000000 0.131326
2168.000000 0.145805
2169.000000 0.129842
2170.000000 0.169665
2171.000000 0.154070
2172.000000 0.053934
2173.000000 0.193841
2174.000000 0.119959
2175.000000 0.104328
2176.000000 0.191391
2177.000000 0.149871
2178.000000 0.095119
2179.000000 0.112551
2180.000000 0.324252
2181.000000 0.188071
2182.000000 0.167747
2183.000000 0.057848
2184.000000 0.201270
2185.000000 0.072337
2186.000000 0.049252
2187.000000 0.104310
2188.000000 0.158298
2189.000000 0.123111
2190.000000 0.167569
2191.000000 0.233209
2192.000000 0.197876
2193.000000 0.034256
2194.000000 0.213724
2195.000000 0.130026
2196.000000 0.103452
2197.000000 0.183362
2198.000000 0.114762
2199.000000 0.060456
2200.000000 0.225547
2201.000000 0.259309
2202.000000 0.069528
2203.000000 0.159789
2204.000000 0.053870
2205.000000 0.209105
2206.000000 0.128764
2207.000000 0.098541
2208.000000 0.089351
2209.000000 0.128855
2210.000000 0.060825
2211.000000 0.081182
2212.000000 0.220878
2213.000000 0.017587
2214.000000 0.149731
2215.000000 0.046999
2216.000000 0.309705
2217.000000 0.069594
2218.000000 0.159941
2219.000000 0.155658
2220.000000 0.168803
2221.000000 0.138948
2222.000000 0.113636
2223.000000 0.043139
2224.000000 0.111546
2225.000000 0.203923
2226.000000 0.223911
2227.000000 0.176290
2228.000000 0.058142
2229.000000 0.124601
2230.000000 0.137424
2231.000000 0.079593
2232.000000 0.192843
2233.000000 0.177409
2234.000000 0.103061
2235.000000 0.034467
2236.000000 0.188413
2237.000000 0.191091
2238.000000 0.142394
2239.000000 0.151509
2240.000000 0.157936
2241.000000 0.080347
2242.000000 0.205140
2243.000000 0.088324
2244.000000 0.223636
2245.000000 0.065913
2246.000000 0.130572
2247.000000 0.197011
2248.000000 0.035052
2249.000000 0.110860
2250.000000 0.122294
2251.000000 0.091403
2252.000000 0.176663
2253.000000 0.046242
2254.000000 0.218280
2255.000000 0.191940
2256.000000 0.122756
2257.000000 0.017505
2258.000000 0.156846
2259.000000 0.050876
2260.000000 0.260278
2261.000000 0.102185
2262.000000 0.127506
2263.000000 0.172845
2264.000000 0.092166
2265.000000 0.163865
2266.000000 0.139978
2267.000000 0.065974
2268.000000 0.103338
2269.000000 0.177891
2270.000000 0.185559
2271.000000 0.106115
2272.000000 0.093699
2273.000000 0.129924
2274.000000 0.019501
2275.000000 0.108014
2276.000000 0.098998
2277.000000 0.088926
2278.000000 0.073375
2279.000000 0.072789
2280.000000 0.094576
2281.000000 0.071938
2282.000000 0.127472
2283.000000 0.037856
2284.000000 0.231390
2285.000000 0.231338
2286.000000 0.134719
2287.000000 0.149879
2288.000000 0.254799
2289.000000 0.137179
2290.000000 0.121962
2291.000000 0.191010
2292.000000 0.055019
2293.000000 0.125021
2294.000000 0.094625
2295.000000 0.200374
2296.000000 0.223049
2297.000000 0.222890
2298.000000 0.200259
2299.000000 0.113733
2300.000000 0.158889
2301.000000 0.182160
2302.000000 0.102044
2303.000000 0.200355
2304.000000 0.082248
2305.000000 0.053918
2306.000000 0.219806
2307.000000 0.101367
2308.000000 0.309233
2309.000000 0.109930
2310.000000 0.203695
2311.000000 0.101092
2312.000000 0.161701
2313.000000 0.075865
2314.000000 0.044451
2315.000000 0.267292
2316.000000 0.118466
2317.000000 0.201787
2318.000000 0.128950
2319.000000 0.304046
2320.000000 0.187012
2321.000000 0.104033
2322.000000 0.066359
2323.000000 0.324054
2324.000000 0.084683
2325.000000 0.120001
2326.000000 0.348541
2327.000000 0.093344
2328.000000 0.226184
2329.000000 0.137351
2330.000000 0.183531
2331.000000 0.026076
2332.000000 0.180826
2333.000000 0.008927
2334.000000 0.142688
2335.000000 0.109561
2336.000000 0.133027
2337.000000 0.099552
2338.000000 0.099262
2339.000000 0.050326
2340.000000 0.201555
2341.000000 0.049358
2342.000000 0.095756
2343.000000 0.115346
2344.000000 0.095562
2345.000000 0.159435
2346.000000 0.229135
2347.000000 0.182365
2348.000000 0.170837
2349.000000 0.136877
2350.000000 0.010321
2351.000000 0.162159
2352.000000 0.122562
2353.000000 0.155326
2354.000000 0.045861
2355.000000 0.215886
2356.000000 0.138812
2357.000000 0.181092
2358.000000 0.226104
2359.000000 0.121907
2360.000000 0.126019
2361.000000 0.118038
2362.000000 0.045120
2363.000000 0.190567
2364.000000 0.149872
2365.000000 0.248736
2366.000000 0.088025
2367.000000 0.162488
2368.000000 0.140346
2369.000000 0.164717
2370.000000 0.160248
2371.000000 0.011640
2372.000000 0.140063
2373.000000 0.085868
2374.000000 0.099348
2375.000000 0.080491
2376.000000 0.099052
2377.000000 0.050233
2378.000000 0.010057
2379.000000 0.053190
2380.000000 0.068025
2381.000000 0.069068
2382.000000 0.106012
2383.000000 0.182390
2384.000000 0.016412
2385.000000 0.037210
2386.000000 0.061781
2387.000000 0.164789
2388.000000 0.085434
2389.000000 0.144445
2390.000000 0.135511
2391.000000 0.188475
2392.000000 0.028015
2393.000000 0.101882
2394.000000 0.013154
2395.000000 0.148767
2396.000000 0.146686
2397.000000 0.074412
2398.000000 0.112249
2399.000000 0.227009
2400.000000 0.089987
2401.000000 0.171468
2402.000000 0.132070
2403.000000 0.092841
2404.000000 0.159182
2405.000000 0.168619
2406.000000 0.118481
2407.000000 0.200034
2408.000000 0.050265
2409.000000 0.044787
2410.000000 0.093376
2411.000000 0.084443
2412.000000 0.096883
2413.000000 0.110198
2414.000000 0.279127
2415.000000 0.210025
2416.000000 0.084118
2417.000000 0.230776
2418.000000 0.144280
2419.000000 0.156355
2420.000000 0.139997
2421.000000 0.098304
2422.000000 0.214685
2423.000000 0.138059
2424.000000 0.066305
2425.000000 0.083623
2426.000000 0.079164
2427.000000 0.028504
2428.000000 0.252510
2429.000000 0.206493
2430.000000 0.251204
2431.000000 0.257634
2432.000000 0.121779
2433.000000 0.121608
2434.000000 0.168414
2435.000000 0.055724
2436.000000 0.054800
2437.000000 0.128529
2438.000000 0.174977
2439.000000 0.065369
2440.000000 0.117284
2441.000000 0.130898
2442.000000 0.200634
2443.000000 0.091744
2444.000000 0.093843
2445.000000 0.119426
2446.000000 0.106815
2447.000000 0.116423
2448.000000 0.170301
2449.000000 0.119943
2450.000000 0.065792
2451.000000 0.127802
2452.000000 0.047484
2453.000000 0.231897
2454.000000 0.054308
2455.000000 0.187812
2456.000000 0.133885
2457.000000 0.036790
2458.000000 0.115527
2459.000000 0.106835
2460.000000 0.188420
2461.000000 0.219674
2462.000000 0.153666
2463.000000 0.020881
2464.000000 0.146075
2465.000000 0.079338
2466.000000 0.077518
2467.000000 0.109172
2468.000000 0.287018
2469.000000 0.074672
2470.000000 0.045832
2471.000000 0.082189
2472.000000 0.035043
2473.000000 0.059237
2474.000000 0.028876
2475.000000 0.112796
2476.000000 0.104229
2477.000000 0.151432
2478.000000 0.027642
2479.000000 0.067048
2480.000000 0.096289
2481.000000 0.034987
2482.000000 0.113977
2483.000000 0.140482
2484.000000 0.207002
2485.000000 0.229394
2486.000000 0.177428
2487.000000 0.017952
2488.000000 0.097657
2489.000000 0.097424
2490.000000 0.067898
2491.000000 0.164080
2492.000000 0.150028
2493.000000 0.212283
2494.000000 0.042278
2495.000000 0.064863
2496.000000 0.220976
2497.000000 0.145856
2498.000000 0.014324
2499.000000 0.094460
2500.000000 0.122333
2501.000000 0.202629
2502.000000 0.112204
2503.000000 0.191152
2504.000000 0.065392
2505.000000 0.116815
2506.000000 0.169135
2507.000000 0.203114
2508.000000 0.135281
2509.000000 0.084864
2510.000000 0.138642
2511.000000 0.077024
2512.000000 0.198444
2513.000000 0.094611
2514.000000 0.131400
2515.000000 0.150078
2516.000000 0.099629
2517.000000 0.077395
2518.000000 0.041589
2519.000000 0.187556
2520.000000 0.134977
2521.000000 0.127566
2522.000000 0.227877
2523.000000 0.096067
2524.000000 0.212107
2525.000000 0.022397
2526.000000 0.145153
2527.000000 0.145389
2528.000000 0.093342
2529.000000 0.081464
2530.000000 0.164762
2531.000000 0.240567
2532.000000 0.087299
2533.000000 0.073916
2534.000000 0.133739
2535.000000 0.072565
2536.000000 0.201390
2537.000000 0.184226
2538.000000 0.092743
2539.000000 0.151961
2540.000000 0.144292
2541.000000 0.116240
2542.000000 0.137098
2543.000000 0.160998
2544.000000 0.104641
2545.000000 0.133682
2546.000000 0.065676
2547.000000 0.228232
2548.000000 0.086702
2549.000000 0.142027
2550.000000 0.134192
2551.000000 0.169795
2552.000000 0.140801
2553.000000 0.062740
2554.000000 0.100618
2555.000000 0.074972
2556.000000 0.036293
2557.000000 0.143895
2558.000000 0.204594
2559.000000 0.121764
2560.000000 0.110355
2561.000000 0.105867
2562.000000 0.141851
2563.000000 0.224182
2564.000000 0.070904
2565.000000 0.065881
2566.000000 0.143273
2567.000000 0.068241
2568.000000 0.116975
2569.000000 0.105196
2570.000000 0.047591
2571.000000 0.160722
2572.000000 0.111041
2573.000000 0.111858
2574.000000 0.070166
2575.000000 0.078009
2576.000000 0.081422
2577.000000 0.191623
2578.000000 0.076885
2579.000000 0.152616
2580.000000 0.188890
2581.000000 0.168593
2582.000000 0.086182
2583.000000 0.099249
2584.000000 0.244725
2585.000000 0.096900
2586.000000 0.080025
2587.000000 0.149180
2588.000000 0.012212
2589.000000 0.114111
2590.000000 0.071591
2591.000000 0.229029
2592.000000 0.046259
2593.000000 0.073468
2594.000000 0.097753
2595.000000 0.147077
2596.000000 0.129095
2597.000000 0.084334
2598.000000 0.229939
2599.000000 0.306655
2600.000000 0.079876
2601.000000 0.095050
2602.000000 0.078095
2603.000000 0.099394
2604.000000 0.128095
2605.000000 0.130606
2606.000000 0.151826
2607.000000 0.278907
2608.000000 0.106354
2609.000000 0.052098
2610.000000 0.178578
2611.000000 0.223141
2612.000000 0.095947
2613.000000 0.033076
2614.000000 0.058513
2615.000000 0.039243
2616.000000 0.161562
2617.000000 0.270485
2618.000000 0.107032
2619.000000 0.100963
2620.000000 0.094704
2621.000000 0.066090
2622.000000 0.028461
2623.000000 0.034726
2624.000000 0.098723
2625.000000 0.009270
2626.000000 0.168140
2627.000000 0.055609
2628.000000 0.053717
2629.000000 0.027772
2630.000000 0.185927
2631.000000 0.269077
2632.000000 0.120436
2633.000000 0.141337
2634.000000 0.056515
2635.000000 0.249420
2636.000000 0.071420
2637.000000 0.080276
2638.000000 0.032292
2639.000000 0.033680
2640.000000 0.081493
2641.000000 0.194430
2642.000000 0.203708
2643.000000 0.140862
2644.000000 0.140133
2645.000000 0.142471
2646.000000 0.018214
2647.000000 0.114857
2648.000000 0.117328
2649.000000 0.198178
2650.000000 0.076131
2651.000000 0.089707
2652.000000 0.213744
2653.000000 0.086030
2654.000000 0.091604
2655.000000 0.192845
2656.000000 0.104735
2657.000000 0.073949
2658.000000 0.178463
2659.000000 0.125798
2660.000000 0.159343
2661.000000 0.207290
2662.000000 0.041667
2663.000000 0.042532
2664.000000 0.129249
2665.000000 0.238156
2666.000000 0.086471
2667.000000 0.204708
2668.000000 0.121865
2669.000000 0.183357
2670.000000 0.046011
2671.000000 0.133612
2672.000000 0.194344
2673.000000 0.063505
2674.000000 0.135456
2675.000000 0.117576
2676.000000 0.134722
2677.000000 0.061442
2678.000000 0.140018
2679.000000 0.105009
2680.000000 0.163003
2681.000000 0.066533
2682.000000 0.180643
2683.000000 0.152604
2684.000000 0.215974
2685.000000 0.091075
2686.000000 0.237692
2687.000000 0.098164
2688.000000 0.142640
2689.000000 0.028569
2690.000000 0.096291
2691.000000 0.217780
2692.000000 0.211091
2693.000000 0.117267
2694.000000 0.133218
2695.000000 0.083385
2696.000000 0.187228
2697.000000 0.129958
2698.000000 0.078928
2699.000000 0.023823
2700.000000 0.237689
2701.000000 0.201673
2702.000000 0.104595
2703.000000 0.059348
2704.000000 0.071500
2705.000000 0.027723
2706.000000 0.186205
2707.000000 0.144452
2708.000000 0.295940
2709.000000 0.099969
2710.000000 0.052613
2711.000000 0.054922
2712.000000 0.091414
2713.000000 0.180009
2714.000000 0.148668
2715.000000 0.104383
2716.000000 0.174367
2717.000000 0.170268
2718.000000 0.117775
2719.000000 0.148967
2720.000000 0.084913
2721.000000 0.119733
2722.000000 0.188335
2723.000000 0.152948
2724.000000 0.364587
2725.000000 0.265193
2726.000000 0.059051
2727.000000 0.092090
2728.000000 0.079003
2729.000000 0.162349
2730.000000 0.025207
2731.000000 0.103493
2732.000000 0.074901
2733.000000 0.130979
2734.000000 0.032472
2735.000000 0.110168
2736.000000 0.180207
2737.000000 0.219774
2738.000000 0.076936
2739.000000 0.131215
2740.000000 0.252178
2741.000000 0.165433
2742.000000 0.151091
2743.000000 0.216449
2744.000000 0.062041
2745.000000 0.078646
2746.000000 0.186776
2747.000000 0.104740
2748.000000 0.234073
2749.000000 0.208548
2750.000000 0.166326
2751.000000 0.188428
2752.000000 0.154975
2753.000000 0.084259
2754.000000 0.189501
2755.000000 0.113794
2756.000000 0.149093
2757.000000 0.135651
2758.000000 0.168596
2759.000000 0.160078
2760.000000 0.117738
2761.000000 0.150483
2762.000000 0.129527
2763.000000 0.107541
2764.000000 0.134688
2765.000000 0.076828
2766.000000 0.174223
2767.000000 0.070379
2768.000000 0.147326
2769.000000 0.099782
2770.000000 0.121249
2771.000000 0.145919
2772.000000 0.078252
2773.000000 0.114393
2774.000000 0.097260
2775.000000 0.092820
2776.000000 0.144807
2777.000000 0.228293
2778.000000 0.079704
2779.000000 0.070325
2780.000000 0.172538
2781.000000 0.239246
2782.000000 0.210795
2783.000000 0.041310
2784.000000 0.040666
2785.000000 0.070084
2786.000000 0.165620
2787.000000 0.188663
2788.000000 0.120273
2789.000000 0.246456
2790.000000 0.203415
2791.000000 0.154008
2792.000000 0.197078
2793.000000 0.108545
2794.000000 0.135938
2795.000000 0.064477
2796.000000 0.168427
2797.000000 0.111945
2798.000000 0.153211
2799.000000 0.099385
2800.000000 0.103361
2801.000000 0.107794
2802.000000 0.210493
2803.000000 0.039677
2804.000000 0.241993
2805.000000 0.094250
2806.000000 0.288742
2807.000000 0.073265
2808.000000 0.209394
2809.000000 0.113846
2810.000000 0.176621
2811.000000 0.077191
2812.000000 0.177181
2813.000000 0.153421
2814.000000 0.103059
2815.000000 0.266337
2816.000000 0.224509
2817.000000 0.111925
2818.000000 0.081975
2819.000000 0.190183
2820.000000 0.092923
2821.000000 0.128537
2822.000000 0.087530
2823.000000 0.240950
2824.000000 0.086570
2825.000000 0.042544
2826.000000 0.077462
2827.000000 0.141501
2828.000000 0.009329
2829.000000 0.134393
2830.000000 0.070061
2831.000000 0.126959
2832.000000 0.183600
2833.000000 0.153951
2834.000000 0.224998
2835.000000 0.059594
2836.000000 0.093903
2837.000000 0.168474
2838.000000 0.369766
2839.000000 0.129166
2840.000000 0.113212
2841.000000 0.085593
2842.000000 0.201906
2843.000000 0.082780
2844.000000 0.042675
2845.000000 0.163895
2846.000000 0.094140
2847.000000 0.168140
2848.000000 0.149041
2849.000000 0.062491
2850.000000 0.160315
2851.000000 0.129087
2852.000000 0.240949
2853.000000 0.129623
2854.000000 0.138883
2855.000000 0.034244
2856.000000 0.092782
2857.000000 0.188854
2858.000000 0.095656
2859.000000 0.099719
2860.000000 0.101195
2861.000000 0.133660
2862.000000 0.139308
2863.000000 0.139159
2864.000000 0.039305
2865.000000 0.194999
2866.000000 0.278456
2867.000000 0.078473
2868.000000 0.043114
2869.000000 0.093090
2870.000000 0.181681
2871.000000 0.141703
2872.000000 0.060588
2873.000000 0.162208
2874.000000 0.027824
2875.000000 0.072685
2876.000000 0.259554
2877.000000 0.177823
2878.000000 0.133651
2879.000000 0.061625
2880.000000 0.103337
2881.000000 0.089625
2882.000000 0.239967
2883.000000 0.340957
2884.000000 0.112552
2885.000000 0.138009
2886.000000 0.146706
2887.000000 0.090405
2888.000000 0.072620
2889.000000 0.100061
2890.000000 0.067506
2891.000000 0.052123
2892.000000 0.188642
2893.000000 0.124936
2894.000000 0.107968
2895.000000 0.006736
2896.000000 0.261229
2897.000000 0.070182
2898.000000 0.083932
2899.000000 0.106293
2900.000000 0.140622
2901.000000 0.044557
2902.000000 0.074377
2903.000000 0.208061
2904.000000 0.078512
2905.000000 0.101238
2906.000000 0.178588
2907.000000 0.143875
2908.000000 0.125230
2909.000000 0.132247
2910.000000 0.192325
2911.000000 0.190080
2912.000000 0.139250
2913.000000 0.058947
2914.000000 0.167181
2915.000000 0.010285
2916.000000 0.210843
2917.000000 0.120379
2918.000000 0.202319
2919.000000 0.070615
2920.000000 0.067144
2921.000000 0.168463
2922.000000 0.190512
2923.000000 0.267675
2924.000000 0.139467
2925.000000 0.055238
2926.000000 0.242673
2927.000000 0.113864
2928.000000 0.108731
2929.000000 0.126903
2930.000000 0.388647
2931.000000 0.181768
2932.000000 0.022345
2933.000000 0.189474
2934.000000 0.101738
2935.000000 0.151661
2936.000000 0.140179
2937.000000 0.134444
2938.000000 0.055666
2939.000000 0.126425
2940.000000 0.085175
2941.000000 0.143134
2942.000000 0.126652
2943.000000 0.116874
2944.000000 0.160097
2945.000000 0.081462
2946.000000 0.089269
2947.000000 0.122687
2948.000000 0.124918
2949.000000 0.007230
2950.000000 0.199799
2951.000000 0.132501
2952.000000 0.038759
2953.000000 0.179183
2954.000000 0.049662
2955.000000 0.191117
2956.000000 0.208125
2957.000000 0.111826
2958.000000 0.098655
2959.000000 0.109959
2960.000000 0.119816
2961.000000 0.168321
2962.000000 0.069428
2963.000000 0.133473
2964.000000 0.144631
2965.000000 0.135645
2966.000000 0.132010
2967.000000 0.137021
2968.000000 0.153117
2969.000000 0.251233
2970.000000 0.218016
2971.000000 0.097745
2972.000000 0.152801
2973.000000 0.088530
2974.000000 0.105303
2975.000000 0.149258
2976.000000 0.168556
2977.000000 0.029454
2978.000000 0.056016
2979.000000 0.196475
2980.000000 0.183335
2981.000000 0.089998
2982.000000 0.222051
2983.000000 0.101818
2984.000000 0.093325
2985.000000 0.152190
2986.000000 0.063440
2987.000000 0.207188
2988.000000 0.271662
2989.000000 0.196447
2990.000000 0.223029
2991.000000 0.231905
2992.000000 0.066094
2993.000000 0.082307
2994.000000 0.153463
2995.000000 0.119445
2996.000000 0.131551
2997.000000 0.147783
2998.000000 0.066786
2999.000000 0.196763
3000.000000 0.101657
