10.000000 0.284838
20.000000 0.149634
30.000000 0.341572
40.000000 0.171483
50.000000 0.152064
60.000000 0.228650
70.000000 0.112681
80.000000 0.278188
90.000000 0.216204
100.000000 0.231633
110.000000 0.132488
120.000000 0.183396
130.000000 0.235684
140.000000 0.051013
150.000000 0.207581
160.000000 0.289033
170.000000 0.094620
180.000000 0.107122
190.000000 0.107215
200.000000 0.159579
210.000000 0.044780
220.000000 0.038016
230.000000 0.127738
240.000000 0.249300
250.000000 0.233811
260.000000 0.264061
270.000000 0.121607
280.000000 0.276622
290.000000 0.265099
300.000000 0.151730
310.000000 0.132570
320.000000 0.129819
330.000000 0.147067
340.000000 0.132067
350.000000 0.104501
360.000000 0.019380
370.000000 0.149376
380.000000 0.115483
390.000000 0.097978
400.000000 0.103187
410.000000 0.046242
420.000000 0.228855
430.000000 0.237325
440.000000 0.194532
450.000000 0.195965
460.000000 0.096232
470.000000 0.180879
480.000000 0.112084
490.000000 0.235461
500.000000 0.177995
510.000000 0.169306
520.000000 0.088889
530.000000 0.128943
540.000000 0.036301
550.000000 0.110165
560.000000 0.274956
570.000000 0.150436
580.000000 0.051075
590.000000 0.222700
600.000000 0.154891
610.000000 0.114702
620.000000 0.085653
630.000000 0.101907
640.000000 0.100785
650.000000 0.275194
660.000000 0.144106
670.000000 0.127347
680.000000 0.213730
690.000000 0.099035
700.000000 0.204417
710.000000 0.129312
720.000000 0.334507
730.000000 0.260803
740.000000 0.205662
750.000000 0.173708
760.000000 0.350220
770.000000 0.252965
780.000000 0.138622
790.000000 0.132400
800.000000 0.065855
810.000000 0.304402
820.000000 0.044200
830.000000 0.188348
840.000000 0.123551
850.000000 0.126366
860.000000 0.143366
870.000000 0.287243
880.000000 0.140617
890.000000 0.146694
900.000000 0.117041
910.000000 0.252150
920.000000 0.192963
930.000000 0.107462
940.000000 0.108110
950.000000 0.044590
960.000000 0.379918
970.000000 0.269928
980.000000 0.170266
990.000000 0.194639
1000.000000 0.043215
