10.000000 0.127217
20.000000 0.092221
30.000000 0.095826
40.000000 0.178983
50.000000 0.110125
60.000000 0.086565
70.000000 0.247620
80.000000 0.224181
90.000000 0.096500
100.000000 0.088552
110.000000 0.079423
120.000000 0.029097
130.000000 0.148212
140.000000 0.067910
150.000000 0.025943
160.000000 0.032778
170.000000 0.072644
180.000000 0.159842
190.000000 0.060226
200.000000 0.011246
210.000000 0.232758
220.000000 0.224424
230.000000 0.036197
240.000000 0.236894
250.000000 0.071194
260.000000 0.107296
270.000000 0.241694
280.000000 0.115933
290.000000 0.099591
300.000000 0.172785
310.000000 0.137311
320.000000 0.146568
330.000000 0.099737
340.000000 0.050404
350.000000 0.112680
360.000000 0.139245
370.000000 0.272666
380.000000 0.062710
390.000000 0.086678
400.000000 0.205420
410.000000 0.035484
420.000000 0.102458
430.000000 0.040261
440.000000 0.034330
450.000000 0.142082
460.000000 0.139656
470.000000 0.055115
480.000000 0.189899
490.000000 0.139954
500.000000 0.045952
510.000000 0.233904
520.000000 0.044972
530.000000 0.196558
540.000000 0.076181
550.000000 0.200427
560.000000 0.047738
570.000000 0.139103
580.000000 0.153434
590.000000 0.039499
600.000000 0.113051
610.000000 0.209823
620.000000 0.146727
630.000000 0.118574
640.000000 0.169052
650.000000 0.062445
660.000000 0.174803
670.000000 0.157008
680.000000 0.114539
690.000000 0.023498
700.000000 0.082933
710.000000 0.138748
720.000000 0.118518
730.000000 0.218171
740.000000 0.072673
750.000000 0.134323
760.000000 0.069283
770.000000 0.180780
780.000000 0.150436
790.000000 0.196477
800.000000 0.157449
810.000000 0.040316
820.000000 0.056725
830.000000 0.083687
840.000000 0.249670
850.000000 0.028511
860.000000 0.107441
870.000000 0.138160
880.000000 0.215435
890.000000 0.127525
900.000000 0.188672
910.000000 0.143585
920.000000 0.122693
930.000000 0.088519
940.000000 0.133290
950.000000 0.211660
960.000000 0.125036
970.000000 0.141852
980.000000 0.109145
990.000000 0.252951
1000.000000 0.142693
