0.000000 0.336540
1.000000 0.241659
2.000000 0.046852
3.000000 0.069120
4.000000 0.143685
5.000000 0.215875
6.000000 0.021753
7.000000 0.134932
8.000000 0.165469
9.000000 0.279712
10.000000 0.214960
11.000000 0.247756
12.000000 0.065906
13.000000 0.167246
14.000000 0.189960
15.000000 0.244402
16.000000 0.209350
17.000000 0.133955
18.000000 0.124222
19.000000 0.232445
20.000000 0.233856
21.000000 0.175654
22.000000 0.259443
23.000000 0.116508
24.000000 0.161608
25.000000 0.098105
26.000000 0.034211
27.000000 0.309033
28.000000 0.201907
29.000000 0.191334
30.000000 0.135929
31.000000 0.283624
32.000000 0.302032
33.000000 0.091216
34.000000 0.205564
35.000000 0.296777
36.000000 0.049780
37.000000 0.129647
38.000000 0.210133
39.000000 0.139930
40.000000 0.178829
41.000000 0.148130
42.000000 0.114013
43.000000 0.190049
44.000000 0.247629
45.000000 0.166597
46.000000 0.321763
47.000000 0.322603
48.000000 0.081455
49.000000 0.061424
50.000000 0.225474
51.000000 0.097113
52.000000 0.137054
53.000000 0.141911
54.000000 0.392385
55.000000 0.187699
56.000000 0.321299
57.000000 0.259339
58.000000 0.151357
59.000000 0.148774
60.000000 0.083017
61.000000 0.182031
62.000000 0.189189
63.000000 0.157571
64.000000 0.157166
65.000000 0.122364
66.000000 0.131912
67.000000 0.247554
68.000000 0.219490
69.000000 0.070681
70.000000 0.040132
71.000000 0.132135
72.000000 0.239877
73.000000 0.107791
74.000000 0.094936
75.000000 0.117153
76.000000 0.159374
77.000000 0.200999
78.000000 0.045351
79.000000 0.112493
80.000000 0.208307
81.000000 0.080037
82.000000 0.238825
83.000000 0.265078
84.000000 0.159829
85.000000 0.268072
86.000000 0.350117
87.000000 0.071981
88.000000 0.183882
89.000000 0.088272
90.000000 0.218944
91.000000 0.189336
92.000000 0.333892
93.000000 0.339360
94.000000 0.295366
95.000000 0.126503
96.000000 0.178192
97.000000 0.316176
98.000000 0.179790
99.000000 0.291769
100.000000 0.154588
101.000000 0.038388
102.000000 0.187131
103.000000 0.148244
104.000000 0.144279
105.000000 0.291982
106.000000 0.224351
107.000000 0.274422
108.000000 0.327354
109.000000 0.264833
110.000000 0.301910
111.000000 0.157041
112.000000 0.242828
113.000000 0.226559
114.000000 0.121315
115.000000 0.111157
116.000000 0.115791
117.000000 0.367214
118.000000 0.201952
119.000000 0.191877
120.000000 0.101612
121.000000 0.262763
122.000000 0.155127
123.000000 0.033366
124.000000 0.263456
125.000000 0.314667
126.000000 0.147295
127.000000 0.058494
128.000000 0.182853
129.000000 0.113631
130.000000 0.191281
131.000000 0.132461
132.000000 0.233764
133.000000 0.037886
134.000000 0.159924
135.000000 0.228030
136.000000 0.094225
137.000000 0.001640
138.000000 0.188092
139.000000 0.269455
140.000000 0.334127
141.000000 0.157081
142.000000 0.014337
143.000000 0.097511
144.000000 0.324909
145.000000 0.153736
146.000000 0.195891
147.000000 0.118379
148.000000 0.113025
149.000000 0.151028
150.000000 0.079771
151.000000 0.163841
152.000000 0.382836
153.000000 0.243817
154.000000 0.036392
155.000000 0.255137
156.000000 0.119018
157.000000 0.057666
158.000000 0.225203
159.000000 0.158639
160.000000 0.314286
161.000000 0.124334
162.000000 0.177993
163.000000 0.173066
164.000000 0.139420
165.000000 0.257477
166.000000 0.211250
167.000000 0.235324
168.000000 0.228268
169.000000 0.113153
170.000000 0.079804
171.000000 0.202175
172.000000 0.347686
173.000000 0.239578
174.000000 0.092831
175.000000 0.225597
176.000000 0.175021
177.000000 0.341210
178.000000 0.122821
179.000000 0.205415
180.000000 0.095044
181.000000 0.033450
182.000000 0.167954
183.000000 0.017000
184.000000 0.191587
185.000000 0.220445
186.000000 0.162947
187.000000 0.149138
188.000000 0.061731
189.000000 0.065545
190.000000 0.090090
191.000000 0.026504
192.000000 0.092311
193.000000 0.088466
194.000000 0.334890
195.000000 0.125240
196.000000 0.190978
197.000000 0.370287
198.000000 0.275780
199.000000 0.049670
200.000000 0.177787
201.000000 0.237413
202.000000 0.187317
203.000000 0.232265
204.000000 0.068495
205.000000 0.111067
206.000000 0.178559
207.000000 0.015611
208.000000 0.218881
209.000000 0.057825
210.000000 0.064059
211.000000 0.265138
212.000000 0.153637
213.000000 0.186737
214.000000 0.135708
215.000000 0.086662
216.000000 0.344971
217.000000 0.035262
218.000000 0.181035
219.000000 0.201496
220.000000 0.030999
221.000000 0.223668
222.000000 0.235581
223.000000 0.048921
224.000000 0.291463
225.000000 0.082704
226.000000 0.160666
227.000000 0.215830
228.000000 0.076821
229.000000 0.106920
230.000000 0.132072
231.000000 0.148957
232.000000 0.073913
233.000000 0.128704
234.000000 0.115895
235.000000 0.149360
236.000000 0.170555
237.000000 0.089337
238.000000 0.203543
239.000000 0.092873
240.000000 0.178367
241.000000 0.097405
242.000000 0.149558
243.000000 0.082574
244.000000 0.051433
245.000000 0.176820
246.000000 0.087213
247.000000 0.111505
248.000000 0.321055
249.000000 0.134342
250.000000 0.130320
251.000000 0.179921
252.000000 0.106227
253.000000 0.200869
254.000000 0.196928
255.000000 0.285410
256.000000 0.103413
257.000000 0.211444
258.000000 0.069734
259.000000 0.317391
260.000000 0.187593
261.000000 0.336134
262.000000 0.100311
263.000000 0.196074
264.000000 0.316481
265.000000 0.102230
266.000000 0.051383
267.000000 0.167806
268.000000 0.237032
269.000000 0.252491
270.000000 0.168790
271.000000 0.138899
272.000000 0.247195
273.000000 0.145238
274.000000 0.186485
275.000000 0.183433
276.000000 0.120274
277.000000 0.148715
278.000000 0.069430
279.000000 0.226775
280.000000 0.268047
281.000000 0.127261
282.000000 0.263117
283.000000 0.124330
284.000000 0.258021
285.000000 0.017096
286.000000 0.178323
287.000000 0.112044
288.000000 0.095808
289.000000 0.059773
290.000000 0.153955
291.000000 0.199865
292.000000 0.066922
293.000000 0.091287
294.000000 0.259564
295.000000 0.224756
296.000000 0.217081
297.000000 0.242764
298.000000 0.059445
299.000000 0.018968
300.000000 0.304911
301.000000 0.281069
302.000000 0.176834
303.000000 0.283216
304.000000 0.210961
305.000000 0.166406
306.000000 0.188294
307.000000 0.113892
308.000000 0.190816
309.000000 0.299147
310.000000 0.062358
311.000000 0.162489
312.000000 0.325936
313.000000 0.185095
314.000000 0.150770
315.000000 0.251078
316.000000 0.209869
317.000000 0.118589
318.000000 0.162383
319.000000 0.211312
320.000000 0.121909
321.000000 0.195646
322.000000 0.325153
323.000000 0.129295
324.000000 0.189124
325.000000 0.235943
326.000000 0.178881
327.000000 0.242184
328.000000 0.034716
329.000000 0.224420
330.000000 0.086509
331.000000 0.316512
332.000000 0.130046
333.000000 0.259999
334.000000 0.102398
335.000000 0.104108
336.000000 0.332652
337.000000 0.284744
338.000000 0.188538
339.000000 0.127380
340.000000 0.092796
341.000000 0.054942
342.000000 0.094528
343.000000 0.039953
344.000000 0.151217
345.000000 0.203793
346.000000 0.160972
347.000000 0.294544
348.000000 0.239184
349.000000 0.265033
350.000000 0.159039
351.000000 0.139541
352.000000 0.181215
353.000000 0.391293
354.000000 0.026105
355.000000 0.090425
356.000000 0.185511
357.000000 0.277760
358.000000 0.140680
359.000000 0.221629
360.000000 0.066681
361.000000 0.134659
362.000000 0.082772
363.000000 0.070579
364.000000 0.152912
365.000000 0.073614
366.000000 0.196411
367.000000 0.050585
368.000000 0.216333
369.000000 0.194401
370.000000 0.167032
371.000000 0.138685
372.000000 0.302279
373.000000 0.141843
374.000000 0.257072
375.000000 0.196795
376.000000 0.155505
377.000000 0.038248
378.000000 0.297572
379.000000 0.140011
380.000000 0.108679
381.000000 0.236022
382.000000 0.140072
383.000000 0.095753
384.000000 0.189483
385.000000 0.044704
386.000000 0.069776
387.000000 0.290537
388.000000 0.133073
389.000000 0.251671
390.000000 0.212313
391.000000 0.077424
392.000000 0.307943
393.000000 0.189067
394.000000 0.182609
395.000000 0.106194
396.000000 0.218118
397.000000 0.171160
398.000000 0.177170
399.000000 0.042186
400.000000 0.090241
401.000000 0.204869
402.000000 0.201949
403.000000 0.097170
404.000000 0.148475
405.000000 0.126453
406.000000 0.128946
407.000000 0.314836
408.000000 0.147657
409.000000 0.262786
410.000000 0.270521
411.000000 0.277996
412.000000 0.152776
413.000000 0.137658
414.000000 0.115717
415.000000 0.120669
416.000000 0.109312
417.000000 0.010563
418.000000 0.270922
419.000000 0.200619
420.000000 0.100881
421.000000 0.246863
422.000000 0.212284
423.000000 0.091602
424.000000 0.305719
425.000000 0.351739
426.000000 0.167116
427.000000 0.061777
428.000000 0.204870
429.000000 0.225122
430.000000 0.157424
431.000000 0.227111
432.000000 0.074925
433.000000 0.079053
434.000000 0.119742
435.000000 0.133121
436.000000 0.177383
437.000000 0.136082
438.000000 0.242916
439.000000 0.210202
440.000000 0.334773
441.000000 0.303038
442.000000 0.225873
443.000000 0.281083
444.000000 0.106677
445.000000 0.082897
446.000000 0.105718
447.000000 0.217426
448.000000 0.234422
449.000000 0.085050
450.000000 0.045995
451.000000 0.109747
452.000000 0.152216
453.000000 0.188141
454.000000 0.142829
455.000000 0.157047
456.000000 0.221110
457.000000 0.094739
458.000000 0.231942
459.000000 0.236848
460.000000 0.290628
461.000000 0.131519
462.000000 0.206510
463.000000 0.107416
464.000000 0.310196
465.000000 0.210688
466.000000 0.161515
467.000000 0.208784
468.000000 0.248798
469.000000 0.075554
470.000000 0.089281
471.000000 0.167117
472.000000 0.181353
473.000000 0.122946
474.000000 0.236022
475.000000 0.065539
476.000000 0.223274
477.000000 0.355196
478.000000 0.087303
479.000000 0.198528
480.000000 0.131808
481.000000 0.251669
482.000000 0.094398
483.000000 0.238505
484.000000 0.232965
485.000000 0.263198
486.000000 0.048503
487.000000 0.080995
488.000000 0.097345
489.000000 0.179492
490.000000 0.082967
491.000000 0.245369
492.000000 0.248308
493.000000 0.159829
494.000000 0.081270
495.000000 0.185041
496.000000 0.275190
497.000000 0.415068
498.000000 0.161930
499.000000 0.142924
500.000000 0.227462
501.000000 0.195840
502.000000 0.205453
503.000000 0.180041
504.000000 0.187514
505.000000 0.207894
506.000000 0.054306
507.000000 0.277349
508.000000 0.208275
509.000000 0.246335
510.000000 0.080927
511.000000 0.236706
512.000000 0.111487
513.000000 0.300870
514.000000 0.138038
515.000000 0.173623
516.000000 0.175074
517.000000 0.254302
518.000000 0.370978
519.000000 0.043049
520.000000 0.254539
521.000000 0.292478
522.000000 0.044842
523.000000 0.143659
524.000000 0.145206
525.000000 0.208803
526.000000 0.083235
527.000000 0.197569
528.000000 0.287700
529.000000 0.243807
530.000000 0.180142
531.000000 0.075526
532.000000 0.152056
533.000000 0.074224
534.000000 0.145344
535.000000 0.221591
536.000000 0.328895
537.000000 0.031795
538.000000 0.054252
539.000000 0.211744
540.000000 0.320767
541.000000 0.026634
542.000000 0.111153
543.000000 0.243565
544.000000 0.334963
545.000000 0.247371
546.000000 0.072632
547.000000 0.309345
548.000000 0.251196
549.000000 0.231116
550.000000 0.180770
551.000000 0.224796
552.000000 0.272065
553.000000 0.206693
554.000000 0.176134
555.000000 0.155716
556.000000 0.247689
557.000000 0.084080
558.000000 0.213569
559.000000 0.176023
560.000000 0.193244
561.000000 0.189902
562.000000 0.047820
563.000000 0.221493
564.000000 0.137483
565.000000 0.192102
566.000000 0.109803
567.000000 0.132967
568.000000 0.302346
569.000000 0.225472
570.000000 0.056942
571.000000 0.234523
572.000000 0.066216
573.000000 0.133353
574.000000 0.141485
575.000000 0.187484
576.000000 0.121729
577.000000 0.336528
578.000000 0.106115
579.000000 0.071297
580.000000 0.164146
581.000000 0.138831
582.000000 0.160324
583.000000 0.046553
584.000000 0.270941
585.000000 0.212567
586.000000 0.047758
587.000000 0.263506
588.000000 0.311528
589.000000 0.111526
590.000000 0.312162
591.000000 0.235037
592.000000 0.107949
593.000000 0.069986
594.000000 0.151737
595.000000 0.142474
596.000000 0.261449
597.000000 0.237157
598.000000 0.240852
599.000000 0.256959
600.000000 0.065180
601.000000 0.028024
602.000000 0.305156
603.000000 0.300082
604.000000 0.244229
605.000000 0.036617
606.000000 0.290480
607.000000 0.116583
608.000000 0.127733
609.000000 0.157238
610.000000 0.259240
611.000000 0.323987
612.000000 0.217086
613.000000 0.362349
614.000000 0.095146
615.000000 0.070150
616.000000 0.079700
617.000000 0.169587
618.000000 0.139033
619.000000 0.113403
620.000000 0.040001
621.000000 0.074272
622.000000 0.150176
623.000000 0.175202
624.000000 0.275362
625.000000 0.359990
626.000000 0.019922
627.000000 0.212746
628.000000 0.196797
629.000000 0.167095
630.000000 0.162184
631.000000 0.105337
632.000000 0.352759
633.000000 0.341129
634.000000 0.246676
635.000000 0.224422
636.000000 0.178394
637.000000 0.184439
638.000000 0.169681
639.000000 0.263264
640.000000 0.239353
641.000000 0.224286
642.000000 0.216493
643.000000 0.279974
644.000000 0.232374
645.000000 0.312035
646.000000 0.297702
647.000000 0.120715
648.000000 0.044231
649.000000 0.157727
650.000000 0.113916
651.000000 0.224433
652.000000 0.126769
653.000000 0.209883
654.000000 0.148272
655.000000 0.065499
656.000000 0.308347
657.000000 0.249474
658.000000 0.193395
659.000000 0.335799
660.000000 0.122027
661.000000 0.089968
662.000000 0.272852
663.000000 0.244713
664.000000 0.258873
665.000000 0.123365
666.000000 0.173284
667.000000 0.219954
668.000000 0.273671
669.000000 0.054448
670.000000 0.095965
671.000000 0.212212
672.000000 0.090593
673.000000 0.137603
674.000000 0.345747
675.000000 0.114394
676.000000 0.057149
677.000000 0.040741
678.000000 0.294222
679.000000 0.199285
680.000000 0.176692
681.000000 0.112502
682.000000 0.031488
683.000000 0.075846
684.000000 0.069822
685.000000 0.070273
686.000000 0.043566
687.000000 0.160258
688.000000 0.101057
689.000000 0.064865
690.000000 0.226655
691.000000 0.235374
692.000000 0.101635
693.000000 0.234119
694.000000 0.183102
695.000000 0.038250
696.000000 0.100304
697.000000 0.115495
698.000000 0.212919
699.000000 0.111135
700.000000 0.149881
701.000000 0.313138
702.000000 0.034129
703.000000 0.131337
704.000000 0.151086
705.000000 0.280341
706.000000 0.117201
707.000000 0.314798
708.000000 0.316725
709.000000 0.022111
710.000000 0.299269
711.000000 0.241110
712.000000 0.145930
713.000000 0.265835
714.000000 0.332954
715.000000 0.185687
716.000000 0.074083
717.000000 0.064874
718.000000 0.066814
719.000000 0.081481
720.000000 0.109166
721.000000 0.193104
722.000000 0.126774
723.000000 0.111911
724.000000 0.123284
725.000000 0.107612
726.000000 0.281820
727.000000 0.141659
728.000000 0.068831
729.000000 0.154777
730.000000 0.122570
731.000000 0.240069
732.000000 0.170957
733.000000 0.150850
734.000000 0.166246
735.000000 0.168636
736.000000 0.263238
737.000000 0.091869
738.000000 0.193321
739.000000 0.191105
740.000000 0.186237
741.000000 0.186895
742.000000 0.287606
743.000000 0.195914
744.000000 0.057650
745.000000 0.126858
746.000000 0.090250
747.000000 0.309846
748.000000 0.224534
749.000000 0.259451
750.000000 0.325019
751.000000 0.140076
752.000000 0.213280
753.000000 0.103737
754.000000 0.135128
755.000000 0.069640
756.000000 0.223760
757.000000 0.178236
758.000000 0.141978
759.000000 0.066507
760.000000 0.032875
761.000000 0.195062
762.000000 0.068745
763.000000 0.238074
764.000000 0.168084
765.000000 0.052930
766.000000 0.158161
767.000000 0.173254
768.000000 0.165498
769.000000 0.192244
770.000000 0.363084
771.000000 0.209443
772.000000 0.084593
773.000000 0.157004
774.000000 0.206934
775.000000 0.265498
776.000000 0.041107
777.000000 0.221869
778.000000 0.210214
779.000000 0.139662
780.000000 0.124062
781.000000 0.129443
782.000000 0.329216
783.000000 0.135729
784.000000 0.177676
785.000000 0.129432
786.000000 0.290598
787.000000 0.211914
788.000000 0.144665
789.000000 0.333343
790.000000 0.116773
791.000000 0.197688
792.000000 0.172270
793.000000 0.149793
794.000000 0.395580
795.000000 0.166026
796.000000 0.284744
797.000000 0.195898
798.000000 0.039593
799.000000 0.243848
800.000000 0.273171
801.000000 0.142266
802.000000 0.148566
803.000000 0.214148
804.000000 0.111202
805.000000 0.304704
806.000000 0.099730
807.000000 0.133864
808.000000 0.253674
809.000000 0.067496
810.000000 0.120023
811.000000 0.325677
812.000000 0.291463
813.000000 0.120605
814.000000 0.228524
815.000000 0.065571
816.000000 0.067503
817.000000 0.167802
818.000000 0.200995
819.000000 0.128969
820.000000 0.031889
821.000000 0.333085
822.000000 0.185359
823.000000 0.222706
824.000000 0.248420
825.000000 0.139239
826.000000 0.181840
827.000000 0.146594
828.000000 0.009032
829.000000 0.097694
830.000000 0.137170
831.000000 0.157255
832.000000 0.098471
833.000000 0.255275
834.000000 0.127372
835.000000 0.340570
836.000000 0.274881
837.000000 0.155856
838.000000 0.177135
839.000000 0.050561
840.000000 0.097710
841.000000 0.111902
842.000000 0.101033
843.000000 0.147867
844.000000 0.152143
845.000000 0.140652
846.000000 0.182494
847.000000 0.233061
848.000000 0.129639
849.000000 0.244277
850.000000 0.088690
851.000000 0.259354
852.000000 0.184297
853.000000 0.365267
854.000000 0.115414
855.000000 0.077895
856.000000 0.201488
857.000000 0.167802
858.000000 0.261770
859.000000 0.199400
860.000000 0.203921
861.000000 0.131303
862.000000 0.257107
863.000000 0.250120
864.000000 0.178462
865.000000 0.032374
866.000000 0.210565
867.000000 0.026764
868.000000 0.342616
869.000000 0.198826
870.000000 0.045101
871.000000 0.046975
872.000000 0.190267
873.000000 0.042524
874.000000 0.028346
875.000000 0.357828
876.000000 0.192444
877.000000 0.206895
878.000000 0.126822
879.000000 0.296498
880.000000 0.143257
881.000000 0.059659
882.000000 0.151348
883.000000 0.131501
884.000000 0.114783
885.000000 0.058411
886.000000 0.058034
887.000000 0.334900
888.000000 0.123554
889.000000 0.281142
890.000000 0.206330
891.000000 0.147371
892.000000 0.025739
893.000000 0.231354
894.000000 0.131565
895.000000 0.041405
896.000000 0.216136
897.000000 0.285185
898.000000 0.243432
899.000000 0.095402
900.000000 0.118022
901.000000 0.253344
902.000000 0.094895
903.000000 0.094094
904.000000 0.054232
905.000000 0.097966
906.000000 0.313095
907.000000 0.159888
908.000000 0.243683
909.000000 0.203790
910.000000 0.085845
911.000000 0.129499
912.000000 0.124878
913.000000 0.123092
914.000000 0.267239
915.000000 0.262129
916.000000 0.163170
917.000000 0.249601
918.000000 0.144182
919.000000 0.143410
920.000000 0.128800
921.000000 0.223061
922.000000 0.340556
923.000000 0.164848
924.000000 0.136345
925.000000 0.194674
926.000000 0.211865
927.000000 0.303578
928.000000 0.267927
929.000000 0.267766
930.000000 0.239484
931.000000 0.161646
932.000000 0.033713
933.000000 0.120212
934.000000 0.276748
935.000000 0.146393
936.000000 0.045211
937.000000 0.206663
938.000000 0.167115
939.000000 0.070556
940.000000 0.243759
941.000000 0.135139
942.000000 0.135187
943.000000 0.253661
944.000000 0.169243
945.000000 0.222165
946.000000 0.112380
947.000000 0.208820
948.000000 0.078858
949.000000 0.150634
950.000000 0.132005
951.000000 0.065996
952.000000 0.215911
953.000000 0.070539
954.000000 0.257403
955.000000 0.041538
956.000000 0.131125
957.000000 0.357821
958.000000 0.129060
959.000000 0.364420
960.000000 0.210973
961.000000 0.250193
962.000000 0.230474
963.000000 0.238626
964.000000 0.246827
965.000000 0.231021
966.000000 0.070350
967.000000 0.235982
968.000000 0.119829
969.000000 0.203559
970.000000 0.210021
971.000000 0.210692
972.000000 0.225673
973.000000 0.303601
974.000000 0.062350
975.000000 0.296255
976.000000 0.158629
977.000000 0.154443
978.000000 0.071875
979.000000 0.154571
980.000000 0.260939
981.000000 0.277166
982.000000 0.145367
983.000000 0.296458
984.000000 0.240302
985.000000 0.041568
986.000000 0.349640
987.000000 0.206932
988.000000 0.043968
989.000000 0.065904
990.000000 0.234271
991.000000 0.133955
992.000000 0.175417
993.000000 0.129900
994.000000 0.326504
995.000000 0.102393
996.000000 0.172876
997.000000 0.249284
998.000000 0.289760
999.000000 0.209119
1000.000000 0.174330
1001.000000 0.213383
1002.000000 0.206692
1003.000000 0.210712
1004.000000 0.258386
1005.000000 0.048931
1006.000000 0.189032
1007.000000 0.102881
1008.000000 0.151528
1009.000000 0.128403
1010.000000 0.203120
1011.000000 0.177543
1012.000000 0.218014
1013.000000 0.188318
1014.000000 0.354926
1015.000000 0.284845
1016.000000 0.292540
1017.000000 0.149573
1018.000000 0.074258
1019.000000 0.203369
1020.000000 0.147091
1021.000000 0.341161
1022.000000 0.177577
1023.000000 0.269256
1024.000000 0.100454
1025.000000 0.115455
1026.000000 0.241754
1027.000000 0.241969
1028.000000 0.145124
1029.000000 0.192124
1030.000000 0.141762
1031.000000 0.158974
1032.000000 0.289010
1033.000000 0.131225
1034.000000 0.144435
1035.000000 0.174460
1036.000000 0.162259
1037.000000 0.153682
1038.000000 0.186347
1039.000000 0.063766
1040.000000 0.176016
1041.000000 0.099749
1042.000000 0.116701
1043.000000 0.133186
1044.000000 0.093750
1045.000000 0.213274
1046.000000 0.209894
1047.000000 0.191602
1048.000000 0.338790
1049.000000 0.177911
1050.000000 0.179564
1051.000000 0.159563
1052.000000 0.245486
1053.000000 0.233220
1054.000000 0.110393
1055.000000 0.088558
1056.000000 0.184698
1057.000000 0.147830
1058.000000 0.274964
1059.000000 0.226080
1060.000000 0.225761
1061.000000 0.151738
1062.000000 0.108738
1063.000000 0.134246
1064.000000 0.314900
1065.000000 0.355946
1066.000000 0.117307
1067.000000 0.248081
1068.000000 0.196743
1069.000000 0.108108
1070.000000 0.269699
1071.000000 0.087902
1072.000000 0.260947
1073.000000 0.225537
1074.000000 0.139353
1075.000000 0.022416
1076.000000 0.121478
1077.000000 0.218676
1078.000000 0.193357
1079.000000 0.133191
1080.000000 0.093961
1081.000000 0.395784
1082.000000 0.240380
1083.000000 0.269801
1084.000000 0.244188
1085.000000 0.257749
1086.000000 0.209204
1087.000000 0.200080
1088.000000 0.052298
1089.000000 0.244693
1090.000000 0.047368
1091.000000 0.333624
1092.000000 0.156440
1093.000000 0.219758
1094.000000 0.177730
1095.000000 0.140050
1096.000000 0.149308
1097.000000 0.102037
1098.000000 0.224501
1099.000000 0.131075
1100.000000 0.185104
1101.000000 0.163785
1102.000000 0.241370
1103.000000 0.153729
1104.000000 0.203250
1105.000000 0.194105
1106.000000 0.150619
1107.000000 0.200169
1108.000000 0.193845
1109.000000 0.236402
1110.000000 0.263573
1111.000000 0.041527
1112.000000 0.257771
1113.000000 0.117293
1114.000000 0.190431
1115.000000 0.100485
1116.000000 0.165473
1117.000000 0.168116
1118.000000 0.124724
1119.000000 0.143735
1120.000000 0.205973
1121.000000 0.328513
1122.000000 0.133726
1123.000000 0.217395
1124.000000 0.182132
1125.000000 0.251358
1126.000000 0.321062
1127.000000 0.048727
1128.000000 0.009956
1129.000000 0.192584
1130.000000 0.333364
1131.000000 0.175976
1132.000000 0.087086
1133.000000 0.293992
1134.000000 0.186056
1135.000000 0.180468
1136.000000 0.128124
1137.000000 0.333847
1138.000000 0.336977
1139.000000 0.317973
1140.000000 0.160785
1141.000000 0.162632
1142.000000 0.249689
1143.000000 0.165727
1144.000000 0.343851
1145.000000 0.124346
1146.000000 0.063326
1147.000000 0.218310
1148.000000 0.051637
1149.000000 0.169306
1150.000000 0.188002
1151.000000 0.142370
1152.000000 0.118656
1153.000000 0.134981
1154.000000 0.153536
1155.000000 0.148815
1156.000000 0.197985
1157.000000 0.115345
1158.000000 0.102241
1159.000000 0.186330
1160.000000 0.291898
1161.000000 0.108594
1162.000000 0.280172
1163.000000 0.242444
1164.000000 0.116811
1165.000000 0.130388
1166.000000 0.021019
1167.000000 0.146998
1168.000000 0.141573
1169.000000 0.073229
1170.000000 0.156121
1171.000000 0.269137
1172.000000 0.219871
1173.000000 0.066082
1174.000000 0.275096
1175.000000 0.142511
1176.000000 0.244562
1177.000000 0.150045
1178.000000 0.223231
1179.000000 0.381257
1180.000000 0.213085
1181.000000 0.176762
1182.000000 0.196503
1183.000000 0.078459
1184.000000 0.107741
1185.000000 0.322481
1186.000000 0.072341
1187.000000 0.298169
1188.000000 0.136793
1189.000000 0.062133
1190.000000 0.145158
1191.000000 0.230293
1192.000000 0.211394
1193.000000 0.107665
1194.000000 0.153838
1195.000000 0.306502
1196.000000 0.133718
1197.000000 0.223742
1198.000000 0.165786
1199.000000 0.178464
1200.000000 0.252083
1201.000000 0.275129
1202.000000 0.281859
1203.000000 0.079432
1204.000000 0.468469
1205.000000 0.131539
1206.000000 0.315315
1207.000000 0.138577
1208.000000 0.061578
1209.000000 0.214358
1210.000000 0.178587
1211.000000 0.074201
1212.000000 0.143427
1213.000000 0.196849
1214.000000 0.157986
1215.000000 0.218832
1216.000000 0.133554
1217.000000 0.231343
1218.000000 0.203953
1219.000000 0.104152
1220.000000 0.130822
1221.000000 0.232103
1222.000000 0.142830
1223.000000 0.149559
1224.000000 0.089497
1225.000000 0.141602
1226.000000 0.114266
1227.000000 0.192879
1228.000000 0.285000
1229.000000 0.095702
1230.000000 0.304053
1231.000000 0.122787
1232.000000 0.119610
1233.000000 0.304723
1234.000000 0.137652
1235.000000 0.222842
1236.000000 0.037355
1237.000000 0.133675
1238.000000 0.131700
1239.000000 0.291956
1240.000000 0.091113
1241.000000 0.267917
1242.000000 0.168680
1243.000000 0.142124
1244.000000 0.262056
1245.000000 0.237111
1246.000000 0.201940
1247.000000 0.288188
1248.000000 0.294955
1249.000000 0.125232
1250.000000 0.124069
1251.000000 0.170530
1252.000000 0.063434
1253.000000 0.271307
1254.000000 0.283785
1255.000000 0.130469
1256.000000 0.128066
1257.000000 0.337085
1258.000000 0.026425
1259.000000 0.044203
1260.000000 0.170993
1261.000000 0.033124
1262.000000 0.263176
1263.000000 0.128934
1264.000000 0.131793
1265.000000 0.106349
1266.000000 0.187418
1267.000000 0.159139
1268.000000 0.103054
1269.000000 0.376184
1270.000000 0.132033
1271.000000 0.253766
1272.000000 0.158513
1273.000000 0.302427
1274.000000 0.181700
1275.000000 0.281052
1276.000000 0.121470
1277.000000 0.129888
1278.000000 0.184281
1279.000000 0.030794
1280.000000 0.019190
1281.000000 0.215892
1282.000000 0.238816
1283.000000 0.065604
1284.000000 0.244261
1285.000000 0.340995
1286.000000 0.289464
1287.000000 0.091082
1288.000000 0.202129
1289.000000 0.053241
1290.000000 0.187139
1291.000000 0.168106
1292.000000 0.217797
1293.000000 0.047965
1294.000000 0.121762
1295.000000 0.243828
1296.000000 0.158985
1297.000000 0.086647
1298.000000 0.083050
1299.000000 0.004479
1300.000000 0.265706
1301.000000 0.208036
1302.000000 0.105416
1303.000000 0.119800
1304.000000 0.159984
1305.000000 0.400962
1306.000000 0.425559
1307.000000 0.205198
1308.000000 0.191331
1309.000000 0.189009
1310.000000 0.335296
1311.000000 0.217629
1312.000000 0.085014
1313.000000 0.171884
1314.000000 0.116686
1315.000000 0.128132
1316.000000 0.170994
1317.000000 0.075767
1318.000000 0.195963
1319.000000 0.079695
1320.000000 0.104530
1321.000000 0.276326
1322.000000 0.221994
1323.000000 0.097342
1324.000000 0.115223
1325.000000 0.215491
1326.000000 0.047978
1327.000000 0.068057
1328.000000 0.150865
1329.000000 0.121569
1330.000000 0.195918
1331.000000 0.131554
1332.000000 0.036754
1333.000000 0.178853
1334.000000 0.068856
1335.000000 0.150329
1336.000000 0.031853
1337.000000 0.091651
1338.000000 0.098473
1339.000000 0.213002
1340.000000 0.059470
1341.000000 0.124508
1342.000000 0.107825
1343.000000 0.149246
1344.000000 0.076399
1345.000000 0.212001
1346.000000 0.113221
1347.000000 0.233648
1348.000000 0.046552
1349.000000 0.084815
1350.000000 0.178279
1351.000000 0.200148
1352.000000 0.162062
1353.000000 0.043180
1354.000000 0.306330
1355.000000 0.220576
1356.000000 0.313609
1357.000000 0.162897
1358.000000 0.219519
1359.000000 0.242327
1360.000000 0.444422
1361.000000 0.138123
1362.000000 0.338214
1363.000000 0.315909
1364.000000 0.237899
1365.000000 0.156801
1366.000000 0.163342
1367.000000 0.060916
1368.000000 0.239755
1369.000000 0.257704
1370.000000 0.259824
1371.000000 0.183920
1372.000000 0.258632
1373.000000 0.154458
1374.000000 0.125222
1375.000000 0.099937
1376.000000 0.128106
1377.000000 0.135416
1378.000000 0.071594
1379.000000 0.137939
1380.000000 0.106364
1381.000000 0.341103
1382.000000 0.115151
1383.000000 0.134145
1384.000000 0.310971
1385.000000 0.107095
1386.000000 0.104702
1387.000000 0.220577
1388.000000 0.249099
1389.000000 0.204242
1390.000000 0.176255
1391.000000 0.241706
1392.000000 0.196101
1393.000000 0.187654
1394.000000 0.106098
1395.000000 0.040802
1396.000000 0.103916
1397.000000 0.043224
1398.000000 0.220954
1399.000000 0.273534
1400.000000 0.104713
1401.000000 0.183749
1402.000000 0.225304
1403.000000 0.289985
1404.000000 0.066123
1405.000000 0.099657
1406.000000 0.267249
1407.000000 0.317655
1408.000000 0.289840
1409.000000 0.338192
1410.000000 0.172020
1411.000000 0.260607
1412.000000 0.086992
1413.000000 0.354180
1414.000000 0.187807
1415.000000 0.213867
1416.000000 0.187509
1417.000000 0.125702
1418.000000 0.159872
1419.000000 0.135815
1420.000000 0.217788
1421.000000 0.012410
1422.000000 0.188880
1423.000000 0.141247
1424.000000 0.066247
1425.000000 0.221479
1426.000000 0.080814
1427.000000 0.237571
1428.000000 0.224219
1429.000000 0.082658
1430.000000 0.104506
1431.000000 0.138596
1432.000000 0.235325
1433.000000 0.238030
1434.000000 0.065628
1435.000000 0.148799
1436.000000 0.180372
1437.000000 0.310249
1438.000000 0.284638
1439.000000 0.153847
1440.000000 0.221286
1441.000000 0.212280
1442.000000 0.099989
1443.000000 0.151903
1444.000000 0.142091
1445.000000 0.201230
1446.000000 0.188912
1447.000000 0.185246
1448.000000 0.289061
1449.000000 0.207572
1450.000000 0.218786
1451.000000 0.310149
1452.000000 0.090651
1453.000000 0.166403
1454.000000 0.206413
1455.000000 0.400707
1456.000000 0.227339
1457.000000 0.331120
1458.000000 0.184885
1459.000000 0.134429
1460.000000 0.396119
1461.000000 0.218028
1462.000000 0.055962
1463.000000 0.162438
1464.000000 0.165574
1465.000000 0.272561
1466.000000 0.213015
1467.000000 0.194777
1468.000000 0.252159
1469.000000 0.256659
1470.000000 0.050062
1471.000000 0.297826
1472.000000 0.053078
1473.000000 0.134433
1474.000000 0.055741
1475.000000 0.210460
1476.000000 0.160020
1477.000000 0.097252
1478.000000 0.156926
1479.000000 0.152560
1480.000000 0.070287
1481.000000 0.152172
1482.000000 0.078033
1483.000000 0.091273
1484.000000 0.114841
1485.000000 0.321639
1486.000000 0.242550
1487.000000 0.198249
1488.000000 0.191818
1489.000000 0.147194
1490.000000 0.136892
1491.000000 0.336745
1492.000000 0.197263
1493.000000 0.117644
1494.000000 0.117497
1495.000000 0.084754
1496.000000 0.241752
1497.000000 0.136210
1498.000000 0.239253
1499.000000 0.176613
1500.000000 0.058604
1501.000000 0.167736
1502.000000 0.095189
1503.000000 0.085462
1504.000000 0.176669
1505.000000 0.134283
1506.000000 0.217200
1507.000000 0.270931
1508.000000 0.202187
1509.000000 0.113855
1510.000000 0.159936
1511.000000 0.225432
1512.000000 0.164394
1513.000000 0.154891
1514.000000 0.295710
1515.000000 0.294374
1516.000000 0.084886
1517.000000 0.214835
1518.000000 0.331877
1519.000000 0.325565
1520.000000 0.061452
1521.000000 0.176361
1522.000000 0.110715
1523.000000 0.216972
1524.000000 0.256969
1525.000000 0.158133
1526.000000 0.148569
1527.000000 0.160302
1528.000000 0.139007
1529.000000 0.241381
1530.000000 0.241105
1531.000000 0.138145
1532.000000 0.077377
1533.000000 0.081159
1534.000000 0.159694
1535.000000 0.254946
1536.000000 0.168737
1537.000000 0.243498
1538.000000 0.094357
1539.000000 0.126923
1540.000000 0.060263
1541.000000 0.306454
1542.000000 0.048332
1543.000000 0.216898
1544.000000 0.247460
1545.000000 0.263271
1546.000000 0.151131
1547.000000 0.218785
1548.000000 0.058370
1549.000000 0.273184
1550.000000 0.282664
1551.000000 0.133666
1552.000000 0.261731
1553.000000 0.285426
1554.000000 0.211696
1555.000000 0.210271
1556.000000 0.240385
1557.000000 0.205497
1558.000000 0.175367
1559.000000 0.135733
1560.000000 0.155803
1561.000000 0.314343
1562.000000 0.141621
1563.000000 0.168650
1564.000000 0.105974
1565.000000 0.167683
1566.000000 0.193673
1567.000000 0.177187
1568.000000 0.237519
1569.000000 0.069338
1570.000000 0.279009
1571.000000 0.181787
1572.000000 0.162220
1573.000000 0.063578
1574.000000 0.361443
1575.000000 0.162393
1576.000000 0.115322
1577.000000 0.202638
1578.000000 0.231975
1579.000000 0.352393
1580.000000 0.167910
1581.000000 0.229069
1582.000000 0.327702
1583.000000 0.171529
1584.000000 0.216801
1585.000000 0.097136
1586.000000 0.185863
1587.000000 0.138098
1588.000000 0.132220
1589.000000 0.304181
1590.000000 0.247437
1591.000000 0.164221
1592.000000 0.200460
1593.000000 0.215259
1594.000000 0.262514
1595.000000 0.171911
1596.000000 0.193937
1597.000000 0.031899
1598.000000 0.159242
1599.000000 0.031175
1600.000000 0.129043
1601.000000 0.104680
1602.000000 0.293532
1603.000000 0.066112
1604.000000 0.345319
1605.000000 0.127600
1606.000000 0.182450
1607.000000 0.098166
1608.000000 0.137741
1609.000000 0.123831
1610.000000 0.102939
1611.000000 0.127660
1612.000000 0.168134
1613.000000 0.072880
1614.000000 0.163130
1615.000000 0.109911
1616.000000 0.340854
1617.000000 0.086026
1618.000000 0.309159
1619.000000 0.176369
1620.000000 0.148242
1621.000000 0.129415
1622.000000 0.267115
1623.000000 0.135169
1624.000000 0.112717
1625.000000 0.208738
1626.000000 0.297295
1627.000000 0.137332
1628.000000 0.081266
1629.000000 0.147974
1630.000000 0.148620
1631.000000 0.224342
1632.000000 0.157644
1633.000000 0.103777
1634.000000 0.237327
1635.000000 0.054129
1636.000000 0.231174
1637.000000 0.196351
1638.000000 0.215346
1639.000000 0.086375
1640.000000 0.164078
1641.000000 0.187607
1642.000000 0.301637
1643.000000 0.320648
1644.000000 0.095511
1645.000000 0.097196
1646.000000 0.179455
1647.000000 0.150135
1648.000000 0.208215
1649.000000 0.073465
1650.000000 0.110089
1651.000000 0.226404
1652.000000 0.297805
1653.000000 0.189760
1654.000000 0.313851
1655.000000 0.245917
1656.000000 0.089116
1657.000000 0.089599
1658.000000 0.356300
1659.000000 0.152027
1660.000000 0.272503
1661.000000 0.234936
1662.000000 0.155058
1663.000000 0.297269
1664.000000 0.239216
1665.000000 0.204550
1666.000000 0.138714
1667.000000 0.350117
1668.000000 0.171255
1669.000000 0.101540
1670.000000 0.096729
1671.000000 0.411283
1672.000000 0.266019
1673.000000 0.354993
1674.000000 0.114320
1675.000000 0.211634
1676.000000 0.215864
1677.000000 0.305945
1678.000000 0.194473
1679.000000 0.256287
1680.000000 0.110578
1681.000000 0.111987
1682.000000 0.125082
1683.000000 0.408627
1684.000000 0.134339
1685.000000 0.199411
1686.000000 0.073972
1687.000000 0.170802
1688.000000 0.109242
1689.000000 0.093884
1690.000000 0.019264
1691.000000 0.162801
1692.000000 0.060665
1693.000000 0.009401
1694.000000 0.070770
1695.000000 0.262809
1696.000000 0.126512
1697.000000 0.076260
1698.000000 0.351664
1699.000000 0.341243
1700.000000 0.289424
1701.000000 0.287689
1702.000000 0.218847
1703.000000 0.081096
1704.000000 0.186269
1705.000000 0.104771
1706.000000 0.199555
1707.000000 0.119767
1708.000000 0.197083
1709.000000 0.113379
1710.000000 0.069170
1711.000000 0.245403
1712.000000 0.127314
1713.000000 0.257487
1714.000000 0.237346
1715.000000 0.025935
1716.000000 0.154346
1717.000000 0.176564
1718.000000 0.289098
1719.000000 0.078131
1720.000000 0.114182
1721.000000 0.054174
1722.000000 0.078100
1723.000000 0.230224
1724.000000 0.270723
1725.000000 0.099404
1726.000000 0.106419
1727.000000 0.269009
1728.000000 0.101817
1729.000000 0.154450
1730.000000 0.243921
1731.000000 0.286628
1732.000000 0.213068
1733.000000 0.041457
1734.000000 0.190380
1735.000000 0.103684
1736.000000 0.069802
1737.000000 0.148383
1738.000000 0.109559
1739.000000 0.140527
1740.000000 0.145156
1741.000000 0.168523
1742.000000 0.059432
1743.000000 0.067036
1744.000000 0.058472
1745.000000 0.303736
1746.000000 0.194203
1747.000000 0.212567
1748.000000 0.175452
1749.000000 0.163973
1750.000000 0.162773
1751.000000 0.055466
1752.000000 0.262640
1753.000000 0.166407
1754.000000 0.051648
1755.000000 0.225982
1756.000000 0.188930
1757.000000 0.266251
1758.000000 0.130709
1759.000000 0.174637
1760.000000 0.156166
1761.000000 0.267920
1762.000000 0.210621
1763.000000 0.238276
1764.000000 0.179890
1765.000000 0.204396
1766.000000 0.105863
1767.000000 0.216539
1768.000000 0.175870
1769.000000 0.167246
1770.000000 0.111424
1771.000000 0.190422
1772.000000 0.235748
1773.000000 0.092826
1774.000000 0.325087
1775.000000 0.302150
1776.000000 0.119997
1777.000000 0.134528
1778.000000 0.136678
1779.000000 0.269649
1780.000000 0.125566
1781.000000 0.269557
1782.000000 0.247486
1783.000000 0.195537
1784.000000 0.101126
1785.000000 0.103439
1786.000000 0.188318
1787.000000 0.259098
1788.000000 0.175777
1789.000000 0.163994
1790.000000 0.110575
1791.000000 0.092577
1792.000000 0.122610
1793.000000 0.138040
1794.000000 0.112334
1795.000000 0.118792
1796.000000 0.079738
1797.000000 0.174639
1798.000000 0.233754
1799.000000 0.234849
1800.000000 0.090682
1801.000000 0.225324
1802.000000 0.214792
1803.000000 0.170657
1804.000000 0.112885
1805.000000 0.331670
1806.000000 0.203250
1807.000000 0.187377
1808.000000 0.141578
1809.000000 0.093355
1810.000000 0.075581
1811.000000 0.107186
1812.000000 0.150828
1813.000000 0.159466
1814.000000 0.183319
1815.000000 0.046985
1816.000000 0.178402
1817.000000 0.320993
1818.000000 0.133280
1819.000000 0.133417
1820.000000 0.287404
1821.000000 0.276651
1822.000000 0.168693
1823.000000 0.077043
1824.000000 0.213004
1825.000000 0.242320
1826.000000 0.088197
1827.000000 0.329518
1828.000000 0.221287
1829.000000 0.135965
1830.000000 0.090652
1831.000000 0.368970
1832.000000 0.208148
1833.000000 0.298254
1834.000000 0.212390
1835.000000 0.345148
1836.000000 0.203729
1837.000000 0.058418
1838.000000 0.418053
1839.000000 0.265992
1840.000000 0.169905
1841.000000 0.275546
1842.000000 0.075328
1843.000000 0.135019
1844.000000 0.285464
1845.000000 0.108509
1846.000000 0.241988
1847.000000 0.284271
1848.000000 0.044016
1849.000000 0.078323
1850.000000 0.132820
1851.000000 0.150289
1852.000000 0.210811
1853.000000 0.228654
1854.000000 0.084100
1855.000000 0.396703
1856.000000 0.081774
1857.000000 0.136610
1858.000000 0.210503
1859.000000 0.032942
1860.000000 0.119904
1861.000000 0.107140
1862.000000 0.283014
1863.000000 0.112042
1864.000000 0.142089
1865.000000 0.056078
1866.000000 0.220129
1867.000000 0.052232
1868.000000 0.159334
1869.000000 0.165985
1870.000000 0.228857
1871.000000 0.104288
1872.000000 0.248592
1873.000000 0.205143
1874.000000 0.163385
1875.000000 0.252287
1876.000000 0.309610
1877.000000 0.178042
1878.000000 0.291168
1879.000000 0.163673
1880.000000 0.123080
1881.000000 0.262928
1882.000000 0.036467
1883.000000 0.187450
1884.000000 0.242401
1885.000000 0.202339
1886.000000 0.138927
1887.000000 0.083026
1888.000000 0.324997
1889.000000 0.186105
1890.000000 0.200382
1891.000000 0.123455
1892.000000 0.217989
1893.000000 0.341667
1894.000000 0.041634
1895.000000 0.308949
1896.000000 0.162345
1897.000000 0.309507
1898.000000 0.062673
1899.000000 0.175830
1900.000000 0.360206
1901.000000 0.244714
1902.000000 0.202513
1903.000000 0.087195
1904.000000 0.299929
1905.000000 0.337686
1906.000000 0.235954
1907.000000 0.016959
1908.000000 0.295986
1909.000000 0.020030
1910.000000 0.161346
1911.000000 0.129034
1912.000000 0.246636
1913.000000 0.181409
1914.000000 0.263755
1915.000000 0.063627
1916.000000 0.207010
1917.000000 0.062040
1918.000000 0.175790
1919.000000 0.316731
1920.000000 0.035214
1921.000000 0.187524
1922.000000 0.041134
1923.000000 0.125878
1924.000000 0.093635
1925.000000 0.084103
1926.000000 0.177264
1927.000000 0.117103
1928.000000 0.020251
1929.000000 0.149502
1930.000000 0.207878
1931.000000 0.242685
1932.000000 0.273709
1933.000000 0.250498
1934.000000 0.325991
1935.000000 0.235577
1936.000000 0.220098
1937.000000 0.136018
1938.000000 0.146156
1939.000000 0.121875
1940.000000 0.033899
1941.000000 0.022885
1942.000000 0.142241
1943.000000 0.160773
1944.000000 0.246635
1945.000000 0.033083
1946.000000 0.164859
1947.000000 0.131871
1948.000000 0.098982
1949.000000 0.234591
1950.000000 0.143876
1951.000000 0.238709
1952.000000 0.143420
1953.000000 0.145084
1954.000000 0.064766
1955.000000 0.117222
1956.000000 0.080399
1957.000000 0.297086
1958.000000 0.289697
1959.000000 0.431737
1960.000000 0.088629
1961.000000 0.185781
1962.000000 0.390463
1963.000000 0.346198
1964.000000 0.182529
1965.000000 0.126789
1966.000000 0.048688
1967.000000 0.131311
1968.000000 0.140048
1969.000000 0.162108
1970.000000 0.173002
1971.000000 0.181727
1972.000000 0.203810
1973.000000 0.048575
1974.000000 0.114062
1975.000000 0.225617
1976.000000 0.130094
1977.000000 0.094430
1978.000000 0.283000
1979.000000 0.144135
1980.000000 0.091644
1981.000000 0.196233
1982.000000 0.093098
1983.000000 0.026248
1984.000000 0.100080
1985.000000 0.202949
1986.000000 0.077796
1987.000000 0.294189
1988.000000 0.199341
1989.000000 0.166473
1990.000000 0.147841
1991.000000 0.308885
1992.000000 0.257159
1993.000000 0.111878
1994.000000 0.257925
1995.000000 0.160245
1996.000000 0.060170
1997.000000 0.272461
1998.000000 0.140584
1999.000000 0.123635
2000.000000 0.163233
2001.000000 0.125448
2002.000000 0.130257
2003.000000 0.130215
2004.000000 0.113040
2005.000000 0.120718
2006.000000 0.318519
2007.000000 0.025323
2008.000000 0.182749
2009.000000 0.133520
2010.000000 0.247534
2011.000000 0.187269
2012.000000 0.098546
2013.000000 0.080796
2014.000000 0.190256
2015.000000 0.232528
2016.000000 0.059604
2017.000000 0.076699
2018.000000 0.293898
2019.000000 0.237021
2020.000000 0.239297
2021.000000 0.167221
2022.000000 0.145264
2023.000000 0.158769
2024.000000 0.145412
2025.000000 0.100536
2026.000000 0.209316
2027.000000 0.120605
2028.000000 0.100028
2029.000000 0.115306
2030.000000 0.140020
2031.000000 0.035960
2032.000000 0.207898
2033.000000 0.216768
2034.000000 0.023250
2035.000000 0.248657
2036.000000 0.343321
2037.000000 0.125547
2038.000000 0.088871
2039.000000 0.179353
2040.000000 0.151322
2041.000000 0.198911
2042.000000 0.240531
2043.000000 0.261160
2044.000000 0.035932
2045.000000 0.175437
2046.000000 0.139417
2047.000000 0.271408
2048.000000 0.053341
2049.000000 0.623942
2050.000000 0.099459
2051.000000 0.147281
2052.000000 0.128375
2053.000000 0.188627
2054.000000 0.226470
2055.000000 0.053206
2056.000000 0.120978
2057.000000 0.164750
2058.000000 0.229925
2059.000000 0.222550
2060.000000 0.156135
2061.000000 0.046454
2062.000000 0.220118
2063.000000 0.136954
2064.000000 0.172682
2065.000000 0.174691
2066.000000 0.125233
2067.000000 0.187044
2068.000000 0.103602
2069.000000 0.097867
2070.000000 0.069250
2071.000000 0.119092
2072.000000 0.085074
2073.000000 0.094774
2074.000000 0.022070
2075.000000 0.195316
2076.000000 0.197011
2077.000000 0.205164
2078.000000 0.073704
2079.000000 0.056930
2080.000000 0.067340
2081.000000 0.336624
2082.000000 0.201571
2083.000000 0.139581
2084.000000 0.378190
2085.000000 0.190912
2086.000000 0.179346
2087.000000 0.079069
2088.000000 0.363721
2089.000000 0.104308
2090.000000 0.283900
2091.000000 0.079900
2092.000000 0.315300
2093.000000 0.258582
2094.000000 0.055761
2095.000000 0.265414
2096.000000 0.272469
2097.000000 0.154266
2098.000000 0.181720
2099.000000 0.171443
2100.000000 0.331410
2101.000000 0.146619
2102.000000 0.256075
2103.000000 0.255407
2104.000000 0.113915
2105.000000 0.080709
2106.000000 0.191447
2107.000000 0.130824
2108.000000 0.264772
2109.000000 0.234733
2110.000000 0.230876
2111.000000 0.286479
2112.000000 0.094995
2113.000000 0.226974
2114.000000 0.104112
2115.000000 0.140186
2116.000000 0.168128
2117.000000 0.143734
2118.000000 0.062877
2119.000000 0.095240
2120.000000 0.157873
2121.000000 0.303226
2122.000000 0.322975
2123.000000 0.140538
2124.000000 0.042543
2125.000000 0.222720
2126.000000 0.131872
2127.000000 0.192159
2128.000000 0.205686
2129.000000 0.066571
2130.000000 0.138786
2131.000000 0.045164
2132.000000 0.119066
2133.000000 0.230984
2134.000000 0.134418
2135.000000 0.109161
2136.000000 0.208767
2137.000000 0.155565
2138.000000 0.261906
2139.000000 0.216185
2140.000000 0.316919
2141.000000 0.254355
2142.000000 0.266739
2143.000000 0.040050
2144.000000 0.085730
2145.000000 0.147156
2146.000000 0.162200
2147.000000 0.174849
2148.000000 0.323271
2149.000000 0.087609
2150.000000 0.019057
2151.000000 0.104945
2152.000000 0.076907
2153.000000 0.210996
2154.000000 0.156233
2155.000000 0.175370
2156.000000 0.045830
2157.000000 0.326862
2158.000000 0.321402
2159.000000 0.279804
2160.000000 0.209612
2161.000000 0.404324
2162.000000 0.082656
2163.000000 0.078135
2164.000000 0.189372
2165.000000 0.293529
2166.000000 0.266930
2167.000000 0.169449
2168.000000 0.175219
2169.000000 0.047487
2170.000000 0.198537
2171.000000 0.145994
2172.000000 0.257583
2173.000000 0.206608
2174.000000 0.242289
2175.000000 0.205869
2176.000000 0.072247
2177.000000 0.125631
2178.000000 0.270231
2179.000000 0.320588
2180.000000 0.334002
2181.000000 0.104707
2182.000000 0.230235
2183.000000 0.183921
2184.000000 0.104879
2185.000000 0.270689
2186.000000 0.178177
2187.000000 0.306112
2188.000000 0.104920
2189.000000 0.213291
2190.000000 0.214502
2191.000000 0.097901
2192.000000 0.137867
2193.000000 0.108269
2194.000000 0.024200
2195.000000 0.083500
2196.000000 0.230738
2197.000000 0.332731
2198.000000 0.109374
2199.000000 0.235641
2200.000000 0.178837
2201.000000 0.112064
2202.000000 0.235746
2203.000000 0.235525
2204.000000 0.182407
2205.000000 0.153623
2206.000000 0.299186
2207.000000 0.226256
2208.000000 0.109562
2209.000000 0.103823
2210.000000 0.240050
2211.000000 0.220012
2212.000000 0.063441
2213.000000 0.152402
2214.000000 0.183181
2215.000000 0.162097
2216.000000 0.095094
2217.000000 0.040879
2218.000000 0.167500
2219.000000 0.015733
2220.000000 0.255448
2221.000000 0.215781
2222.000000 0.159539
2223.000000 0.094045
2224.000000 0.177959
2225.000000 0.156185
2226.000000 0.130107
2227.000000 0.134426
2228.000000 0.215790
2229.000000 0.233089
2230.000000 0.123486
2231.000000 0.120219
2232.000000 0.183794
2233.000000 0.166778
2234.000000 0.188154
2235.000000 0.255758
2236.000000 0.057339
2237.000000 0.231845
2238.000000 0.445635
2239.000000 0.056947
2240.000000 0.185895
2241.000000 0.167689
2242.000000 0.196222
2243.000000 0.174064
2244.000000 0.108592
2245.000000 0.219876
2246.000000 0.128399
2247.000000 0.132092
2248.000000 0.025657
2249.000000 0.115367
2250.000000 0.173037
2251.000000 0.207009
2252.000000 0.148033
2253.000000 0.109365
2254.000000 0.380967
2255.000000 0.157008
2256.000000 0.142699
2257.000000 0.351573
2258.000000 0.230301
2259.000000 0.171255
2260.000000 0.285671
2261.000000 0.222709
2262.000000 0.210391
2263.000000 0.211668
2264.000000 0.149928
2265.000000 0.181144
2266.000000 0.220429
2267.000000 0.261393
2268.000000 0.138122
2269.000000 0.167773
2270.000000 0.089728
2271.000000 0.203518
2272.000000 0.129603
2273.000000 0.168719
2274.000000 0.044472
2275.000000 0.182635
2276.000000 0.218247
2277.000000 0.281056
2278.000000 0.226832
2279.000000 0.308404
2280.000000 0.286450
2281.000000 0.261713
2282.000000 0.231184
2283.000000 0.087362
2284.000000 0.122701
2285.000000 0.150528
2286.000000 0.263164
2287.000000 0.265273
2288.000000 0.303666
2289.000000 0.254849
2290.000000 0.085376
2291.000000 0.246386
2292.000000 0.260201
2293.000000 0.227397
2294.000000 0.149400
2295.000000 0.027477
2296.000000 0.282695
2297.000000 0.212577
2298.000000 0.114758
2299.000000 0.109486
2300.000000 0.055908
2301.000000 0.051262
2302.000000 0.231449
2303.000000 0.158221
2304.000000 0.152348
2305.000000 0.057455
2306.000000 0.111471
2307.000000 0.270519
2308.000000 0.287556
2309.000000 0.130729
2310.000000 0.287331
2311.000000 0.207447
2312.000000 0.050677
2313.000000 0.192548
2314.000000 0.252909
2315.000000 0.162430
2316.000000 0.141351
2317.000000 0.219283
2318.000000 0.212090
2319.000000 0.204234
2320.000000 0.187361
2321.000000 0.124223
2322.000000 0.178134
2323.000000 0.089332
2324.000000 0.369818
2325.000000 0.102799
2326.000000 0.129950
2327.000000 0.230107
2328.000000 0.132743
2329.000000 0.301881
2330.000000 0.137852
2331.000000 0.227471
2332.000000 0.090524
2333.000000 0.194754
2334.000000 0.335269
2335.000000 0.278281
2336.000000 0.351616
2337.000000 0.135053
2338.000000 0.234605
2339.000000 0.251776
2340.000000 0.331366
2341.000000 0.149566
2342.000000 0.226119
2343.000000 0.165592
2344.000000 0.055844
2345.000000 0.227943
2346.000000 0.309065
2347.000000 0.091041
2348.000000 0.112454
2349.000000 0.119243
2350.000000 0.141818
2351.000000 0.132224
2352.000000 0.049464
2353.000000 0.383619
2354.000000 0.181422
2355.000000 0.180811
2356.000000 0.217644
2357.000000 0.081562
2358.000000 0.250729
2359.000000 0.366564
2360.000000 0.130280
2361.000000 0.209502
2362.000000 0.189890
2363.000000 0.167463
2364.000000 0.070752
2365.000000 0.257288
2366.000000 0.316065
2367.000000 0.295790
2368.000000 0.256007
2369.000000 0.304381
2370.000000 0.076157
2371.000000 0.127502
2372.000000 0.100064
2373.000000 0.449432
2374.000000 0.125053
2375.000000 0.060849
2376.000000 0.082417
2377.000000 0.127063
2378.000000 0.230861
2379.000000 0.283545
2380.000000 0.154218
2381.000000 0.288911
2382.000000 0.192702
2383.000000 0.087952
2384.000000 0.253878
2385.000000 0.174620
2386.000000 0.108808
2387.000000 0.210986
2388.000000 0.279575
2389.000000 0.145108
2390.000000 0.172918
2391.000000 0.212668
2392.000000 0.079843
2393.000000 0.213933
2394.000000 0.305839
2395.000000 0.066846
2396.000000 0.079816
2397.000000 0.119864
2398.000000 0.154977
2399.000000 0.302851
2400.000000 0.190867
2401.000000 0.193535
2402.000000 0.055828
2403.000000 0.175121
2404.000000 0.241490
2405.000000 0.119765
2406.000000 0.257065
2407.000000 0.338665
2408.000000 0.101899
2409.000000 0.199276
2410.000000 0.121870
2411.000000 0.098106
2412.000000 0.101073
2413.000000 0.129277
2414.000000 0.153601
2415.000000 0.236938
2416.000000 0.153122
2417.000000 0.067097
2418.000000 0.114865
2419.000000 0.320530
2420.000000 0.023373
2421.000000 0.126996
2422.000000 0.362806
2423.000000 0.146736
2424.000000 0.183434
2425.000000 0.188578
2426.000000 0.170418
2427.000000 0.269477
2428.000000 0.122003
2429.000000 0.303970
2430.000000 0.064738
2431.000000 0.174055
2432.000000 0.239604
2433.000000 0.164721
2434.000000 0.109328
2435.000000 0.099831
2436.000000 0.309579
2437.000000 0.150389
2438.000000 0.255669
2439.000000 0.241867
2440.000000 0.224894
2441.000000 0.370856
2442.000000 0.261194
2443.000000 0.249806
2444.000000 0.264243
2445.000000 0.416352
2446.000000 0.231546
2447.000000 0.138812
2448.000000 0.177941
2449.000000 0.212388
2450.000000 0.072496
2451.000000 0.147569
2452.000000 0.197951
2453.000000 0.061611
2454.000000 0.138912
2455.000000 0.211960
2456.000000 0.110411
2457.000000 0.138880
2458.000000 0.185839
2459.000000 0.157334
2460.000000 0.066461
2461.000000 0.061311
2462.000000 0.063740
2463.000000 0.158344
2464.000000 0.341342
2465.000000 0.237411
2466.000000 0.083353
2467.000000 0.127031
2468.000000 0.194265
2469.000000 0.263100
2470.000000 0.124451
2471.000000 0.156653
2472.000000 0.049417
2473.000000 0.136672
2474.000000 0.101843
2475.000000 0.032587
2476.000000 0.062755
2477.000000 0.231657
2478.000000 0.223591
2479.000000 0.147837
2480.000000 0.082008
2481.000000 0.147044
2482.000000 0.188558
2483.000000 0.193753
2484.000000 0.101704
2485.000000 0.162239
2486.000000 0.188960
2487.000000 0.085834
2488.000000 0.298539
2489.000000 0.208380
2490.000000 0.229596
2491.000000 0.197264
2492.000000 0.501562
2493.000000 0.126395
2494.000000 0.199473
2495.000000 0.180331
2496.000000 0.257122
2497.000000 0.113032
2498.000000 0.119505
2499.000000 0.125012
2500.000000 0.050882
2501.000000 0.207439
2502.000000 0.124695
2503.000000 0.151285
2504.000000 0.138070
2505.000000 0.236251
2506.000000 0.327053
2507.000000 0.253242
2508.000000 0.168055
2509.000000 0.134297
2510.000000 0.247849
2511.000000 0.123479
2512.000000 0.180551
2513.000000 0.260812
2514.000000 0.202320
2515.000000 0.154304
2516.000000 0.239282
2517.000000 0.262530
2518.000000 0.208348
2519.000000 0.153169
2520.000000 0.312839
2521.000000 0.163067
2522.000000 0.155409
2523.000000 0.186163
2524.000000 0.166239
2525.000000 0.211017
2526.000000 0.072808
2527.000000 0.221909
2528.000000 0.263572
2529.000000 0.055284
2530.000000 0.197664
2531.000000 0.160956
2532.000000 0.217621
2533.000000 0.265948
2534.000000 0.012643
2535.000000 0.174625
2536.000000 0.245994
2537.000000 0.076474
2538.000000 0.142124
2539.000000 0.303873
2540.000000 0.069240
2541.000000 0.192210
2542.000000 0.139838
2543.000000 0.123721
2544.000000 0.232908
2545.000000 0.081861
2546.000000 0.114227
2547.000000 0.115256
2548.000000 0.200549
2549.000000 0.207830
2550.000000 0.197736
2551.000000 0.314278
2552.000000 0.116405
2553.000000 0.163633
2554.000000 0.025427
2555.000000 0.180187
2556.000000 0.140547
2557.000000 0.228810
2558.000000 0.165133
2559.000000 0.155654
2560.000000 0.125232
2561.000000 0.400830
2562.000000 0.208198
2563.000000 0.112210
2564.000000 0.281897
2565.000000 0.110957
2566.000000 0.269403
2567.000000 0.262971
2568.000000 0.174834
2569.000000 0.096784
2570.000000 0.087253
2571.000000 0.092809
2572.000000 0.157689
2573.000000 0.220446
2574.000000 0.105722
2575.000000 0.049942
2576.000000 0.165224
2577.000000 0.165167
2578.000000 0.246825
2579.000000 0.298220
2580.000000 0.158832
2581.000000 0.244640
2582.000000 0.139160
2583.000000 0.112209
2584.000000 0.158342
2585.000000 0.121239
2586.000000 0.071637
2587.000000 0.288310
2588.000000 0.209967
2589.000000 0.133755
2590.000000 0.232783
2591.000000 0.074528
2592.000000 0.151886
2593.000000 0.158275
2594.000000 0.122919
2595.000000 0.186712
2596.000000 0.225858
2597.000000 0.137818
2598.000000 0.138540
2599.000000 0.040943
2600.000000 0.139142
2601.000000 0.173555
2602.000000 0.287225
2603.000000 0.113785
2604.000000 0.223037
2605.000000 0.114268
2606.000000 0.210472
2607.000000 0.171389
2608.000000 0.237117
2609.000000 0.139774
2610.000000 0.250773
2611.000000 0.099010
2612.000000 0.025043
2613.000000 0.120840
2614.000000 0.095370
2615.000000 0.304577
2616.000000 0.253712
2617.000000 0.343685
2618.000000 0.336330
2619.000000 0.247823
2620.000000 0.191244
2621.000000 0.166147
2622.000000 0.083517
2623.000000 0.150547
2624.000000 0.227448
2625.000000 0.090740
2626.000000 0.202485
2627.000000 0.192505
2628.000000 0.066394
2629.000000 0.057367
2630.000000 0.114352
2631.000000 0.075219
2632.000000 0.159349
2633.000000 0.264502
2634.000000 0.196900
2635.000000 0.081718
2636.000000 0.295017
2637.000000 0.104207
2638.000000 0.249632
2639.000000 0.187247
2640.000000 0.199451
2641.000000 0.084362
2642.000000 0.217793
2643.000000 0.057528
2644.000000 0.071228
2645.000000 0.241244
2646.000000 0.210714
2647.000000 0.254062
2648.000000 0.066473
2649.000000 0.142620
2650.000000 0.211574
2651.000000 0.289083
2652.000000 0.086268
2653.000000 0.093019
2654.000000 0.161391
2655.000000 0.292571
2656.000000 0.142738
2657.000000 0.260533
2658.000000 0.299978
2659.000000 0.296412
2660.000000 0.061042
2661.000000 0.105025
2662.000000 0.159942
2663.000000 0.454359
2664.000000 0.305833
2665.000000 0.199756
2666.000000 0.209725
2667.000000 0.201601
2668.000000 0.253247
2669.000000 0.296582
2670.000000 0.219406
2671.000000 0.150612
2672.000000 0.154915
2673.000000 0.227947
2674.000000 0.146308
2675.000000 0.112916
2676.000000 0.166804
2677.000000 0.140799
2678.000000 0.195996
2679.000000 0.210631
2680.000000 0.118866
2681.000000 0.113285
2682.000000 0.185341
2683.000000 0.210966
2684.000000 0.105670
2685.000000 0.184385
2686.000000 0.229176
2687.000000 0.349473
2688.000000 0.129793
2689.000000 0.353215
2690.000000 0.194612
2691.000000 0.152201
2692.000000 0.136881
2693.000000 0.182548
2694.000000 0.151716
2695.000000 0.322017
2696.000000 0.083754
2697.000000 0.263024
2698.000000 0.273440
2699.000000 0.114450
2700.000000 0.146885
2701.000000 0.100183
2702.000000 0.225708
2703.000000 0.214293
2704.000000 0.239450
2705.000000 0.102605
2706.000000 0.275553
2707.000000 0.122562
2708.000000 0.161376
2709.000000 0.113403
2710.000000 0.060254
2711.000000 0.091839
2712.000000 0.155430
2713.000000 0.183702
2714.000000 0.166815
2715.000000 0.175397
2716.000000 0.256303
2717.000000 0.101820
2718.000000 0.171750
2719.000000 0.112118
2720.000000 0.223539
2721.000000 0.015304
2722.000000 0.152072
2723.000000 0.080310
2724.000000 0.187475
2725.000000 0.078435
2726.000000 0.115197
2727.000000 0.216834
2728.000000 0.108555
2729.000000 0.249128
2730.000000 0.181841
2731.000000 0.208019
2732.000000 0.207363
2733.000000 0.147082
2734.000000 0.177138
2735.000000 0.219584
2736.000000 0.287910
2737.000000 0.058647
2738.000000 0.139092
2739.000000 0.197208
2740.000000 0.205902
2741.000000 0.287420
2742.000000 0.192610
2743.000000 0.274680
2744.000000 0.154211
2745.000000 0.230166
2746.000000 0.081567
2747.000000 0.117096
2748.000000 0.203829
2749.000000 0.111392
2750.000000 0.211109
2751.000000 0.217868
2752.000000 0.075554
2753.000000 0.056421
2754.000000 0.268027
2755.000000 0.170960
2756.000000 0.091479
2757.000000 0.093709
2758.000000 0.043062
2759.000000 0.070606
2760.000000 0.096684
2761.000000 0.069536
2762.000000 0.299673
2763.000000 0.188005
2764.000000 0.172420
2765.000000 0.144010
2766.000000 0.046601
2767.000000 0.197296
2768.000000 0.191928
2769.000000 0.202079
2770.000000 0.151783
2771.000000 0.039876
2772.000000 0.160965
2773.000000 0.172723
2774.000000 0.128139
2775.000000 0.300738
2776.000000 0.185037
2777.000000 0.205377
2778.000000 0.144823
2779.000000 0.307206
2780.000000 0.267416
2781.000000 0.262176
2782.000000 0.132522
2783.000000 0.232864
2784.000000 0.102791
2785.000000 0.041456
2786.000000 0.042294
2787.000000 0.073544
2788.000000 0.180408
2789.000000 0.318196
2790.000000 0.130718
2791.000000 0.226374
2792.000000 0.114985
2793.000000 0.075282
2794.000000 0.149167
2795.000000 0.184469
2796.000000 0.144222
2797.000000 0.207894
2798.000000 0.095333
2799.000000 0.079004
2800.000000 0.087915
2801.000000 0.073331
2802.000000 0.255423
2803.000000 0.227457
2804.000000 0.143476
2805.000000 0.327001
2806.000000 0.049595
2807.000000 0.124197
2808.000000 0.258307
2809.000000 0.209204
2810.000000 0.104564
2811.000000 0.112274
2812.000000 0.265498
2813.000000 0.276564
2814.000000 0.179121
2815.000000 0.153426
2816.000000 0.280083
2817.000000 0.203988
2818.000000 0.162854
2819.000000 0.194817
2820.000000 0.170403
2821.000000 0.177312
2822.000000 0.130014
2823.000000 0.319116
2824.000000 0.207653
2825.000000 0.160543
2826.000000 0.217984
2827.000000 0.231328
2828.000000 0.230770
2829.000000 0.218249
2830.000000 0.300627
2831.000000 0.196838
2832.000000 0.078113
2833.000000 0.235920
2834.000000 0.181844
2835.000000 0.381142
2836.000000 0.194479
2837.000000 0.267650
2838.000000 0.157947
2839.000000 0.241718
2840.000000 0.208898
2841.000000 0.132563
2842.000000 0.293220
2843.000000 0.218712
2844.000000 0.283023
2845.000000 0.086998
2846.000000 0.050841
2847.000000 0.255732
2848.000000 0.227663
2849.000000 0.286153
2850.000000 0.183452
2851.000000 0.136504
2852.000000 0.187643
2853.000000 0.075096
2854.000000 0.236911
2855.000000 0.119331
2856.000000 0.291102
2857.000000 0.123969
2858.000000 0.103571
2859.000000 0.155181
2860.000000 0.082859
2861.000000 0.085289
2862.000000 0.228316
2863.000000 0.342084
2864.000000 0.197725
2865.000000 0.309921
2866.000000 0.196476
2867.000000 0.141790
2868.000000 0.183324
2869.000000 0.239943
2870.000000 0.233230
2871.000000 0.101796
2872.000000 0.206697
2873.000000 0.220840
2874.000000 0.083967
2875.000000 0.241170
2876.000000 0.089441
2877.000000 0.179233
2878.000000 0.129476
2879.000000 0.302633
2880.000000 0.105720
2881.000000 0.226975
2882.000000 0.142636
2883.000000 0.088206
2884.000000 0.365235
2885.000000 0.195834
2886.000000 0.088341
2887.000000 0.060259
2888.000000 0.208295
2889.000000 0.256000
2890.000000 0.115812
2891.000000 0.140991
2892.000000 0.050880
2893.000000 0.214451
2894.000000 0.096252
2895.000000 0.128630
2896.000000 0.323307
2897.000000 0.209534
2898.000000 0.369288
2899.000000 0.315906
2900.000000 0.091704
2901.000000 0.245802
2902.000000 0.078785
2903.000000 0.174879
2904.000000 0.046861
2905.000000 0.196139
2906.000000 0.162191
2907.000000 0.192913
2908.000000 0.147745
2909.000000 0.213328
2910.000000 0.183523
2911.000000 0.166508
2912.000000 0.221687
2913.000000 0.112048
2914.000000 0.238886
2915.000000 0.151393
2916.000000 0.170060
2917.000000 0.314213
2918.000000 0.358204
2919.000000 0.101202
2920.000000 0.059054
2921.000000 0.265982
2922.000000 0.210036
2923.000000 0.152006
2924.000000 0.058401
2925.000000 0.083771
2926.000000 0.187394
2927.000000 0.158797
2928.000000 0.050422
2929.000000 0.222339
2930.000000 0.104849
2931.000000 0.016538
2932.000000 0.131863
2933.000000 0.158418
2934.000000 0.030982
2935.000000 0.076673
2936.000000 0.047318
2937.000000 0.123601
2938.000000 0.102987
2939.000000 0.242569
2940.000000 0.136396
2941.000000 0.185014
2942.000000 0.205447
2943.000000 0.180465
2944.000000 0.194755
2945.000000 0.168571
2946.000000 0.110353
2947.000000 0.153066
2948.000000 0.219989
2949.000000 0.186282
2950.000000 0.262344
2951.000000 0.185952
2952.000000 0.304910
2953.000000 0.123483
2954.000000 0.245263
2955.000000 0.100232
2956.000000 0.209413
2957.000000 0.326307
2958.000000 0.063485
2959.000000 0.084658
2960.000000 0.147226
2961.000000 0.140811
2962.000000 0.244436
2963.000000 0.409482
2964.000000 0.142509
2965.000000 0.216438
2966.000000 0.377692
2967.000000 0.174073
2968.000000 0.177851
2969.000000 0.269214
2970.000000 0.068928
2971.000000 0.188073
2972.000000 0.112985
2973.000000 0.198460
2974.000000 0.113087
2975.000000 0.212311
2976.000000 0.221186
2977.000000 0.300850
2978.000000 0.182566
2979.000000 0.112165
2980.000000 0.264042
2981.000000 0.072135
2982.000000 0.227058
2983.000000 0.193533
2984.000000 0.242054
2985.000000 0.257993
2986.000000 0.216386
2987.000000 0.289621
2988.000000 0.203518
2989.000000 0.104005
2990.000000 0.226759
2991.000000 0.220801
2992.000000 0.353210
2993.000000 0.110183
2994.000000 0.075318
2995.000000 0.101551
2996.000000 0.170288
2997.000000 0.074919
2998.000000 0.221324
2999.000000 0.267537
3000.000000 0.136216
