10.000000 0.364899
20.000000 0.103821
30.000000 0.131785
40.000000 0.212402
50.000000 0.237273
60.000000 0.220802
70.000000 0.374706
80.000000 0.087172
90.000000 0.252285
100.000000 0.123429
110.000000 0.467362
120.000000 0.233006
130.000000 0.397976
140.000000 0.171790
150.000000 0.521730
160.000000 0.236401
170.000000 0.129705
180.000000 0.178245
190.000000 0.249091
200.000000 0.046382
210.000000 0.240050
220.000000 0.079088
230.000000 0.363651
240.000000 0.139753
250.000000 0.364684
260.000000 0.267931
270.000000 0.476509
280.000000 0.166100
290.000000 0.083109
300.000000 0.251227
310.000000 0.183423
320.000000 0.094189
330.000000 0.171560
340.000000 0.174045
350.000000 0.208229
360.000000 0.066795
370.000000 0.181424
380.000000 0.183911
390.000000 0.405707
400.000000 0.231903
410.000000 0.433736
420.000000 0.475071
430.000000 0.162529
440.000000 0.098561
450.000000 0.360239
460.000000 0.158531
470.000000 0.346872
480.000000 0.119545
490.000000 0.045447
500.000000 0.148741
510.000000 0.117037
520.000000 0.212409
530.000000 0.199871
540.000000 0.102620
550.000000 0.400851
560.000000 0.223989
570.000000 0.110607
580.000000 0.074338
590.000000 0.151149
600.000000 0.074517
610.000000 0.383928
620.000000 0.168831
630.000000 0.405475
640.000000 0.281521
650.000000 0.472436
660.000000 0.190045
670.000000 0.142603
680.000000 0.106983
690.000000 0.092115
700.000000 0.308814
710.000000 0.233486
720.000000 0.074783
730.000000 0.095253
740.000000 0.246100
750.000000 0.175988
760.000000 0.148646
770.000000 0.254007
780.000000 0.405082
790.000000 0.242912
800.000000 0.284327
810.000000 0.127022
820.000000 0.254968
830.000000 0.055514
840.000000 0.243336
850.000000 0.238592
860.000000 0.123341
870.000000 0.046389
880.000000 0.101537
890.000000 0.406971
900.000000 0.174999
910.000000 0.030988
920.000000 0.434899
930.000000 0.388641
940.000000 0.322056
950.000000 0.125809
960.000000 0.454957
970.000000 0.321507
980.000000 0.281939
990.000000 0.103736
1000.000000 0.361390
