10.000000 0.336677
20.000000 0.172749
30.000000 0.174403
40.000000 0.258289
50.000000 0.214172
60.000000 0.090428
70.000000 0.187652
80.000000 0.245750
90.000000 0.170117
100.000000 0.058829
110.000000 0.358625
120.000000 0.248919
130.000000 0.129508
140.000000 0.122145
150.000000 0.223632
160.000000 0.413010
170.000000 0.278286
180.000000 0.011424
190.000000 0.088713
200.000000 0.327651
210.000000 0.256240
220.000000 0.260721
230.000000 0.356747
240.000000 0.111745
250.000000 0.293617
260.000000 0.288608
270.000000 0.280587
280.000000 0.076952
290.000000 0.162429
300.000000 0.029845
310.000000 0.363404
320.000000 0.322263
330.000000 0.177799
340.000000 0.166617
350.000000 0.296875
360.000000 0.176743
370.000000 0.134039
380.000000 0.118259
390.000000 0.195006
400.000000 0.074042
410.000000 0.112736
420.000000 0.320916
430.000000 0.263462
440.000000 0.177108
450.000000 0.209047
460.000000 0.304059
470.000000 0.495137
480.000000 0.165323
490.000000 0.095260
500.000000 0.214442
510.000000 0.421465
520.000000 0.061927
530.000000 0.080583
540.000000 0.020696
550.000000 0.207542
560.000000 0.330821
570.000000 0.154676
580.000000 0.256541
590.000000 0.195538
600.000000 0.175577
610.000000 0.261659
620.000000 0.241347
630.000000 0.211614
640.000000 0.148152
650.000000 0.375615
660.000000 0.222343
670.000000 0.098492
680.000000 0.095685
690.000000 0.304727
700.000000 0.231606
710.000000 0.273390
720.000000 0.353013
730.000000 0.499716
740.000000 0.303196
750.000000 0.397043
760.000000 0.263965
770.000000 0.202613
780.000000 0.433933
790.000000 0.228684
800.000000 0.444401
810.000000 0.321205
820.000000 0.093628
830.000000 0.088834
840.000000 0.248112
850.000000 0.238232
860.000000 0.279380
870.000000 0.007338
880.000000 0.084441
890.000000 0.237201
900.000000 0.098585
910.000000 0.331619
920.000000 0.124221
930.000000 0.185106
940.000000 0.361380
950.000000 0.490136
960.000000 0.166833
970.000000 0.240685
980.000000 0.212067
990.000000 0.127982
1000.000000 0.064550
