0.000000 0.239480
1.000000 0.189216
2.000000 0.034874
3.000000 0.248275
4.000000 0.052585
5.000000 0.135408
6.000000 0.196806
7.000000 0.032064
8.000000 0.096792
9.000000 0.108371
10.000000 0.234795
11.000000 0.095983
12.000000 0.025789
13.000000 0.154640
14.000000 0.042265
15.000000 0.066958
16.000000 0.144143
17.000000 0.067306
18.000000 0.148090
19.000000 0.085278
20.000000 0.059441
21.000000 0.122903
22.000000 0.120334
23.000000 0.162158
24.000000 0.122338
25.000000 0.141957
26.000000 0.076273
27.000000 0.248251
28.000000 0.157165
29.000000 0.086746
30.000000 0.101998
31.000000 0.099522
32.000000 0.057644
33.000000 0.097854
34.000000 0.013654
35.000000 0.081699
36.000000 0.111332
37.000000 0.169641
38.000000 0.062444
39.000000 0.134920
40.000000 0.121966
41.000000 0.244705
42.000000 0.060830
43.000000 0.122573
44.000000 0.225493
45.000000 0.077868
46.000000 0.131796
47.000000 0.133282
48.000000 0.139797
49.000000 0.096247
50.000000 0.097686
51.000000 0.197406
52.000000 0.053137
53.000000 0.099604
54.000000 0.185786
55.000000 0.058241
56.000000 0.044634
57.000000 0.036278
58.000000 0.221423
59.000000 0.184912
60.000000 0.030120
61.000000 0.263335
62.000000 0.046742
63.000000 0.149217
64.000000 0.116679
65.000000 0.150394
66.000000 0.065995
67.000000 0.068743
68.000000 0.129720
69.000000 0.119842
70.000000 0.105538
71.000000 0.130099
72.000000 0.233978
73.000000 0.054167
74.000000 0.050521
75.000000 0.190029
76.000000 0.213242
77.000000 0.126291
78.000000 0.122074
79.000000 0.083712
80.000000 0.223150
81.000000 0.080176
82.000000 0.102255
83.000000 0.146410
84.000000 0.109799
85.000000 0.244537
86.000000 0.126081
87.000000 0.112686
88.000000 0.218358
89.000000 0.126691
90.000000 0.059568
91.000000 0.079273
92.000000 0.025491
93.000000 0.279866
94.000000 0.120092
95.000000 0.179569
96.000000 0.075827
97.000000 0.115160
98.000000 0.159958
99.000000 0.065283
100.000000 0.126448
101.000000 0.072506
102.000000 0.168330
103.000000 0.073514
104.000000 0.069209
105.000000 0.116482
106.000000 0.236503
107.000000 0.024157
108.000000 0.092477
109.000000 0.086769
110.000000 0.251608
111.000000 0.113304
112.000000 0.299814
113.000000 0.126583
114.000000 0.263726
115.000000 0.179313
116.000000 0.140644
117.000000 0.129987
118.000000 0.058152
119.000000 0.319290
120.000000 0.101163
121.000000 0.096162
122.000000 0.080328
123.000000 0.082399
124.000000 0.141230
125.000000 0.185397
126.000000 0.158811
127.000000 0.091921
128.000000 0.208017
129.000000 0.030653
130.000000 0.147804
131.000000 0.125892
132.000000 0.173326
133.000000 0.049405
134.000000 0.085989
135.000000 0.067527
136.000000 0.233381
137.000000 0.157736
138.000000 0.127398
139.000000 0.111062
140.000000 0.017556
141.000000 0.179660
142.000000 0.090102
143.000000 0.128062
144.000000 0.010553
145.000000 0.214788
146.000000 0.100577
147.000000 0.019758
148.000000 0.135794
149.000000 0.172906
150.000000 0.045451
151.000000 0.052384
152.000000 0.141579
153.000000 0.055150
154.000000 0.176911
155.000000 0.206619
156.000000 0.289357
157.000000 0.097299
158.000000 0.019081
159.000000 0.074473
160.000000 0.310447
161.000000 0.137442
162.000000 0.170720
163.000000 0.163834
164.000000 0.098850
165.000000 0.108603
166.000000 0.322926
167.000000 0.073367
168.000000 0.091926
169.000000 0.356436
170.000000 0.185902
171.000000 0.326793
172.000000 0.141493
173.000000 0.085769
174.000000 0.020935
175.000000 0.144754
176.000000 0.185717
177.000000 0.082855
178.000000 0.065404
179.000000 0.156843
180.000000 0.037283
181.000000 0.195225
182.000000 0.215265
183.000000 0.130659
184.000000 0.099787
185.000000 0.245436
186.000000 0.108387
187.000000 0.076699
188.000000 0.177898
189.000000 0.243570
190.000000 0.206856
191.000000 0.154637
192.000000 0.231200
193.000000 0.155460
194.000000 0.053140
195.000000 0.296786
196.000000 0.179269
197.000000 0.248355
198.000000 0.230059
199.000000 0.122279
200.000000 0.113802
201.000000 0.121660
202.000000 0.147786
203.000000 0.101822
204.000000 0.158282
205.000000 0.155630
206.000000 0.256301
207.000000 0.151352
208.000000 0.080179
209.000000 0.069510
210.000000 0.110031
211.000000 0.074065
212.000000 0.100970
213.000000 0.044180
214.000000 0.076992
215.000000 0.132354
216.000000 0.096573
217.000000 0.108031
218.000000 0.128740
219.000000 0.143969
220.000000 0.092662
221.000000 0.110301
222.000000 0.073838
223.000000 0.164995
224.000000 0.076822
225.000000 0.248056
226.000000 0.162254
227.000000 0.226067
228.000000 0.154305
229.000000 0.184028
230.000000 0.046823
231.000000 0.065114
232.000000 0.119316
233.000000 0.082434
234.000000 0.153508
235.000000 0.159352
236.000000 0.117610
237.000000 0.089407
238.000000 0.118597
239.000000 0.128073
240.000000 0.052409
241.000000 0.284443
242.000000 0.150931
243.000000 0.257892
244.000000 0.180176
245.000000 0.137602
246.000000 0.098014
247.000000 0.148672
248.000000 0.124004
249.000000 0.138150
250.000000 0.157982
251.000000 0.123659
252.000000 0.110149
253.000000 0.003899
254.000000 0.038398
255.000000 0.144601
256.000000 0.043562
257.000000 0.092418
258.000000 0.120193
259.000000 0.134675
260.000000 0.112982
261.000000 0.106816
262.000000 0.054764
263.000000 0.125447
264.000000 0.215465
265.000000 0.024180
266.000000 0.081233
267.000000 0.102114
268.000000 0.136166
269.000000 0.095984
270.000000 0.232453
271.000000 0.082900
272.000000 0.245551
273.000000 0.267712
274.000000 0.236145
275.000000 0.213925
276.000000 0.171164
277.000000 0.084199
278.000000 0.131524
279.000000 0.124680
280.000000 0.101285
281.000000 0.224621
282.000000 0.094787
283.000000 0.009149
284.000000 0.118212
285.000000 0.087165
286.000000 0.204509
287.000000 0.112497
288.000000 0.099484
289.000000 0.182119
290.000000 0.021030
291.000000 0.135901
292.000000 0.141036
293.000000 0.187744
294.000000 0.027323
295.000000 0.171251
296.000000 0.113549
297.000000 0.085297
298.000000 0.127382
299.000000 0.202083
300.000000 0.166856
301.000000 0.233207
302.000000 0.161752
303.000000 0.145689
304.000000 0.106822
305.000000 0.104258
306.000000 0.227450
307.000000 0.017937
308.000000 0.296938
309.000000 0.026968
310.000000 0.111761
311.000000 0.181819
312.000000 0.123595
313.000000 0.056580
314.000000 0.068994
315.000000 0.131762
316.000000 0.119437
317.000000 0.073154
318.000000 0.158711
319.000000 0.227339
320.000000 0.070032
321.000000 0.187168
322.000000 0.068489
323.000000 0.077639
324.000000 0.118195
325.000000 0.138362
326.000000 0.147472
327.000000 0.135679
328.000000 0.172885
329.000000 0.107159
330.000000 0.028436
331.000000 0.155100
332.000000 0.143909
333.000000 0.104268
334.000000 0.100585
335.000000 0.070609
336.000000 0.200902
337.000000 0.056793
338.000000 0.125721
339.000000 0.142451
340.000000 0.070601
341.000000 0.206644
342.000000 0.133867
343.000000 0.088877
344.000000 0.125383
345.000000 0.106274
346.000000 0.123185
347.000000 0.097082
348.000000 0.080489
349.000000 0.068692
350.000000 0.263517
351.000000 0.282560
352.000000 0.177273
353.000000 0.110409
354.000000 0.014868
355.000000 0.101049
356.000000 0.095016
357.000000 0.265162
358.000000 0.150160
359.000000 0.032089
360.000000 0.020189
361.000000 0.200064
362.000000 0.109452
363.000000 0.271393
364.000000 0.123482
365.000000 0.053144
366.000000 0.131527
367.000000 0.245249
368.000000 0.089355
369.000000 0.186922
370.000000 0.091835
371.000000 0.074581
372.000000 0.197790
373.000000 0.197698
374.000000 0.139245
375.000000 0.164279
376.000000 0.200669
377.000000 0.173657
378.000000 0.233043
379.000000 0.105825
380.000000 0.219943
381.000000 0.130619
382.000000 0.190229
383.000000 0.252360
384.000000 0.092893
385.000000 0.088095
386.000000 0.175334
387.000000 0.165826
388.000000 0.185047
389.000000 0.064302
390.000000 0.056449
391.000000 0.043669
392.000000 0.185270
393.000000 0.093704
394.000000 0.094650
395.000000 0.211155
396.000000 0.170862
397.000000 0.169331
398.000000 0.150146
399.000000 0.113760
400.000000 0.127540
401.000000 0.097334
402.000000 0.056384
403.000000 0.122395
404.000000 0.077309
405.000000 0.140947
406.000000 0.096327
407.000000 0.059826
408.000000 0.035748
409.000000 0.085159
410.000000 0.282366
411.000000 0.082036
412.000000 0.110377
413.000000 0.147880
414.000000 0.152163
415.000000 0.134306
416.000000 0.115695
417.000000 0.093528
418.000000 0.080170
419.000000 0.200498
420.000000 0.192864
421.000000 0.101909
422.000000 0.120647
423.000000 0.040903
424.000000 0.090667
425.000000 0.017933
426.000000 0.236459
427.000000 0.208518
428.000000 0.165399
429.000000 0.059793
430.000000 0.246535
431.000000 0.012598
432.000000 0.167893
433.000000 0.135856
434.000000 0.070432
435.000000 0.101159
436.000000 0.233680
437.000000 0.300053
438.000000 0.115950
439.000000 0.190765
440.000000 0.096458
441.000000 0.086138
442.000000 0.026801
443.000000 0.082068
444.000000 0.084209
445.000000 0.066287
446.000000 0.045192
447.000000 0.243547
448.000000 0.234657
449.000000 0.097719
450.000000 0.048123
451.000000 0.102884
452.000000 0.074512
453.000000 0.153157
454.000000 0.119705
455.000000 0.189767
456.000000 0.262493
457.000000 0.127096
458.000000 0.071774
459.000000 0.009099
460.000000 0.125141
461.000000 0.123125
462.000000 0.084183
463.000000 0.093933
464.000000 0.107594
465.000000 0.054270
466.000000 0.045513
467.000000 0.022814
468.000000 0.054946
469.000000 0.082446
470.000000 0.030279
471.000000 0.105013
472.000000 0.031929
473.000000 0.077646
474.000000 0.112384
475.000000 0.187597
476.000000 0.112089
477.000000 0.063464
478.000000 0.128417
479.000000 0.154262
480.000000 0.044033
481.000000 0.034581
482.000000 0.054929
483.000000 0.095130
484.000000 0.232955
485.000000 0.153795
486.000000 0.074746
487.000000 0.045295
488.000000 0.071907
489.000000 0.158242
490.000000 0.177314
491.000000 0.111760
492.000000 0.009543
493.000000 0.211590
494.000000 0.222008
495.000000 0.043582
496.000000 0.166189
497.000000 0.161513
498.000000 0.069103
499.000000 0.022929
500.000000 0.036769
501.000000 0.055303
502.000000 0.109532
503.000000 0.114985
504.000000 0.161740
505.000000 0.115689
506.000000 0.113416
507.000000 0.129354
508.000000 0.059567
509.000000 0.137078
510.000000 0.099816
511.000000 0.092637
512.000000 0.214459
513.000000 0.066261
514.000000 0.172807
515.000000 0.019080
516.000000 0.103068
517.000000 0.149969
518.000000 0.054844
519.000000 0.039077
520.000000 0.069792
521.000000 0.155281
522.000000 0.121356
523.000000 0.141279
524.000000 0.103146
525.000000 0.053570
526.000000 0.119981
527.000000 0.096625
528.000000 0.069828
529.000000 0.190446
530.000000 0.112217
531.000000 0.156582
532.000000 0.067077
533.000000 0.180343
534.000000 0.052695
535.000000 0.213089
536.000000 0.196089
537.000000 0.197808
538.000000 0.138815
539.000000 0.061018
540.000000 0.057863
541.000000 0.103212
542.000000 0.133643
543.000000 0.175101
544.000000 0.125152
545.000000 0.213188
546.000000 0.046851
547.000000 0.088609
548.000000 0.145136
549.000000 0.019947
550.000000 0.062808
551.000000 0.077002
552.000000 0.140444
553.000000 0.106699
554.000000 0.172301
555.000000 0.157210
556.000000 0.094316
557.000000 0.166973
558.000000 0.226835
559.000000 0.162956
560.000000 0.048363
561.000000 0.251659
562.000000 0.140858
563.000000 0.230639
564.000000 0.150376
565.000000 0.081287
566.000000 0.196313
567.000000 0.046745
568.000000 0.095765
569.000000 0.079203
570.000000 0.062918
571.000000 0.172560
572.000000 0.240716
573.000000 0.061182
574.000000 0.216740
575.000000 0.051258
576.000000 0.076993
577.000000 0.143053
578.000000 0.290931
579.000000 0.179684
580.000000 0.189430
581.000000 0.139756
582.000000 0.093066
583.000000 0.103570
584.000000 0.087273
585.000000 0.103203
586.000000 0.125234
587.000000 0.093892
588.000000 0.173621
589.000000 0.109474
590.000000 0.080366
591.000000 0.073739
592.000000 0.094581
593.000000 0.064328
594.000000 0.104718
595.000000 0.075864
596.000000 0.086174
597.000000 0.160023
598.000000 0.062509
599.000000 0.062973
600.000000 0.096506
601.000000 0.196367
602.000000 0.126912
603.000000 0.155665
604.000000 0.174932
605.000000 0.066634
606.000000 0.148143
607.000000 0.100585
608.000000 0.097732
609.000000 0.183517
610.000000 0.055104
611.000000 0.061501
612.000000 0.191012
613.000000 0.077006
614.000000 0.129909
615.000000 0.104756
616.000000 0.154254
617.000000 0.104475
618.000000 0.035941
619.000000 0.050933
620.000000 0.106618
621.000000 0.059921
622.000000 0.142617
623.000000 0.178196
624.000000 0.126841
625.000000 0.062730
626.000000 0.073611
627.000000 0.201642
628.000000 0.034010
629.000000 0.064645
630.000000 0.059398
631.000000 0.078839
632.000000 0.176613
633.000000 0.091647
634.000000 0.066035
635.000000 0.063281
636.000000 0.101211
637.000000 0.192159
638.000000 0.249539
639.000000 0.163899
640.000000 0.146285
641.000000 0.161793
642.000000 0.054066
643.000000 0.089488
644.000000 0.092781
645.000000 0.153609
646.000000 0.056111
647.000000 0.058177
648.000000 0.087759
649.000000 0.146215
650.000000 0.061107
651.000000 0.206015
652.000000 0.198926
653.000000 0.186744
654.000000 0.068409
655.000000 0.156858
656.000000 0.083397
657.000000 0.070497
658.000000 0.295710
659.000000 0.190716
660.000000 0.004195
661.000000 0.069369
662.000000 0.145981
663.000000 0.071089
664.000000 0.043095
665.000000 0.219498
666.000000 0.093552
667.000000 0.070968
668.000000 0.054047
669.000000 0.159347
670.000000 0.040823
671.000000 0.073975
672.000000 0.131933
673.000000 0.079144
674.000000 0.059921
675.000000 0.195820
676.000000 0.192550
677.000000 0.265630
678.000000 0.266953
679.000000 0.124840
680.000000 0.256438
681.000000 0.200093
682.000000 0.149778
683.000000 0.076184
684.000000 0.189139
685.000000 0.161562
686.000000 0.038414
687.000000 0.028460
688.000000 0.175830
689.000000 0.078326
690.000000 0.092327
691.000000 0.164359
692.000000 0.037657
693.000000 0.106022
694.000000 0.069884
695.000000 0.165605
696.000000 0.120126
697.000000 0.132674
698.000000 0.176448
699.000000 0.307195
700.000000 0.031125
701.000000 0.270211
702.000000 0.125941
703.000000 0.217835
704.000000 0.138356
705.000000 0.114101
706.000000 0.270193
707.000000 0.116143
708.000000 0.160522
709.000000 0.033078
710.000000 0.114424
711.000000 0.168881
712.000000 0.195535
713.000000 0.252535
714.000000 0.074286
715.000000 0.134258
716.000000 0.138898
717.000000 0.117699
718.000000 0.136407
719.000000 0.067046
720.000000 0.189111
721.000000 0.036062
722.000000 0.172147
723.000000 0.173302
724.000000 0.147430
725.000000 0.049267
726.000000 0.132271
727.000000 0.127667
728.000000 0.036043
729.000000 0.195071
730.000000 0.080969
731.000000 0.178768
732.000000 0.127962
733.000000 0.122599
734.000000 0.124291
735.000000 0.293572
736.000000 0.054684
737.000000 0.070880
738.000000 0.140425
739.000000 0.270355
740.000000 0.094171
741.000000 0.097493
742.000000 0.150021
743.000000 0.201076
744.000000 0.180660
745.000000 0.206627
746.000000 0.084853
747.000000 0.185014
748.000000 0.099535
749.000000 0.029422
750.000000 0.090149
751.000000 0.261811
752.000000 0.195024
753.000000 0.194651
754.000000 0.272900
755.000000 0.218455
756.000000 0.198471
757.000000 0.164589
758.000000 0.165411
759.000000 0.250281
760.000000 0.191859
761.000000 0.205880
762.000000 0.031894
763.000000 0.277842
764.000000 0.018086
765.000000 0.113780
766.000000 0.063472
767.000000 0.017046
768.000000 0.035771
769.000000 0.083879
770.000000 0.116577
771.000000 0.073859
772.000000 0.142020
773.000000 0.166062
774.000000 0.122325
775.000000 0.224619
776.000000 0.083261
777.000000 0.153785
778.000000 0.134187
779.000000 0.172354
780.000000 0.039383
781.000000 0.181150
782.000000 0.185425
783.000000 0.118094
784.000000 0.127303
785.000000 0.142235
786.000000 0.082507
787.000000 0.231201
788.000000 0.118281
789.000000 0.068464
790.000000 0.074430
791.000000 0.094833
792.000000 0.065963
793.000000 0.265960
794.000000 0.085028
795.000000 0.143012
796.000000 0.150230
797.000000 0.089842
798.000000 0.177334
799.000000 0.121976
800.000000 0.157835
801.000000 0.116178
802.000000 0.269951
803.000000 0.137815
804.000000 0.207700
805.000000 0.095716
806.000000 0.304914
807.000000 0.192222
808.000000 0.145158
809.000000 0.034086
810.000000 0.146425
811.000000 0.159275
812.000000 0.230643
813.000000 0.078122
814.000000 0.081283
815.000000 0.132380
816.000000 0.303893
817.000000 0.191700
818.000000 0.040415
819.000000 0.086470
820.000000 0.225497
821.000000 0.121664
822.000000 0.128380
823.000000 0.022411
824.000000 0.082649
825.000000 0.165760
826.000000 0.123238
827.000000 0.302952
828.000000 0.167298
829.000000 0.039135
830.000000 0.136205
831.000000 0.159540
832.000000 0.067977
833.000000 0.113405
834.000000 0.123830
835.000000 0.071049
836.000000 0.076023
837.000000 0.069648
838.000000 0.027275
839.000000 0.167175
840.000000 0.145862
841.000000 0.077512
842.000000 0.161450
843.000000 0.146077
844.000000 0.074219
845.000000 0.029626
846.000000 0.152183
847.000000 0.168143
848.000000 0.086860
849.000000 0.099749
850.000000 0.165425
851.000000 0.131992
852.000000 0.117700
853.000000 0.078536
854.000000 0.079245
855.000000 0.049416
856.000000 0.057097
857.000000 0.074894
858.000000 0.145244
859.000000 0.185947
860.000000 0.024167
861.000000 0.179881
862.000000 0.094686
863.000000 0.071390
864.000000 0.096449
865.000000 0.107072
866.000000 0.091267
867.000000 0.216335
868.000000 0.160946
869.000000 0.081928
870.000000 0.096886
871.000000 0.060376
872.000000 0.116158
873.000000 0.229135
874.000000 0.076323
875.000000 0.191531
876.000000 0.075960
877.000000 0.060836
878.000000 0.290989
879.000000 0.111302
880.000000 0.341161
881.000000 0.162833
882.000000 0.103859
883.000000 0.155540
884.000000 0.185518
885.000000 0.254258
886.000000 0.202680
887.000000 0.262163
888.000000 0.224125
889.000000 0.158304
890.000000 0.123685
891.000000 0.189694
892.000000 0.150593
893.000000 0.195461
894.000000 0.163570
895.000000 0.165509
896.000000 0.124859
897.000000 0.131861
898.000000 0.057372
899.000000 0.357345
900.000000 0.163389
901.000000 0.057213
902.000000 0.040788
903.000000 0.077605
904.000000 0.226801
905.000000 0.247377
906.000000 0.094324
907.000000 0.115968
908.000000 0.051287
909.000000 0.132804
910.000000 0.088353
911.000000 0.270660
912.000000 0.148152
913.000000 0.049080
914.000000 0.116010
915.000000 0.163786
916.000000 0.092941
917.000000 0.041444
918.000000 0.259575
919.000000 0.173597
920.000000 0.040264
921.000000 0.062569
922.000000 0.085023
923.000000 0.153384
924.000000 0.180915
925.000000 0.157859
926.000000 0.035586
927.000000 0.033864
928.000000 0.178516
929.000000 0.049123
930.000000 0.144574
931.000000 0.027207
932.000000 0.105802
933.000000 0.130730
934.000000 0.033814
935.000000 0.144150
936.000000 0.223249
937.000000 0.210652
938.000000 0.144039
939.000000 0.095599
940.000000 0.042762
941.000000 0.055894
942.000000 0.041004
943.000000 0.101497
944.000000 0.088908
945.000000 0.071203
946.000000 0.083858
947.000000 0.100760
948.000000 0.169695
949.000000 0.145099
950.000000 0.102324
951.000000 0.186904
952.000000 0.058013
953.000000 0.214191
954.000000 0.215420
955.000000 0.053645
956.000000 0.167211
957.000000 0.129392
958.000000 0.076134
959.000000 0.216201
960.000000 0.220402
961.000000 0.160326
962.000000 0.043404
963.000000 0.178302
964.000000 0.295919
965.000000 0.258349
966.000000 0.148315
967.000000 0.176965
968.000000 0.181797
969.000000 0.150739
970.000000 0.166530
971.000000 0.074698
972.000000 0.146327
973.000000 0.027066
974.000000 0.126310
975.000000 0.112944
976.000000 0.172832
977.000000 0.062493
978.000000 0.122554
979.000000 0.113611
980.000000 0.052298
981.000000 0.033150
982.000000 0.140268
983.000000 0.100445
984.000000 0.109438
985.000000 0.053671
986.000000 0.040273
987.000000 0.018965
988.000000 0.085692
989.000000 0.077489
990.000000 0.089389
991.000000 0.107192
992.000000 0.021778
993.000000 0.085557
994.000000 0.177240
995.000000 0.110669
996.000000 0.075813
997.000000 0.069676
998.000000 0.030318
999.000000 0.128493
1000.000000 0.155089
1001.000000 0.105276
1002.000000 0.125876
1003.000000 0.075284
1004.000000 0.127928
1005.000000 0.025445
1006.000000 0.163276
1007.000000 0.075560
1008.000000 0.022446
1009.000000 0.059345
1010.000000 0.013059
1011.000000 0.151170
1012.000000 0.075184
1013.000000 0.118744
1014.000000 0.161215
1015.000000 0.210405
1016.000000 0.058728
1017.000000 0.075455
1018.000000 0.196820
1019.000000 0.237201
1020.000000 0.063385
1021.000000 0.114931
1022.000000 0.087787
1023.000000 0.128959
1024.000000 0.175105
1025.000000 0.202839
1026.000000 0.057302
1027.000000 0.189358
1028.000000 0.085272
1029.000000 0.190603
1030.000000 0.274549
1031.000000 0.185159
1032.000000 0.249111
1033.000000 0.194243
1034.000000 0.218078
1035.000000 0.107450
1036.000000 0.131009
1037.000000 0.119930
1038.000000 0.269281
1039.000000 0.160232
1040.000000 0.166281
1041.000000 0.116124
1042.000000 0.003024
1043.000000 0.167537
1044.000000 0.178202
1045.000000 0.092935
1046.000000 0.131752
1047.000000 0.202666
1048.000000 0.167345
1049.000000 0.140136
1050.000000 0.238479
1051.000000 0.056758
1052.000000 0.136200
1053.000000 0.067118
1054.000000 0.104414
1055.000000 0.270567
1056.000000 0.063477
1057.000000 0.030411
1058.000000 0.144701
1059.000000 0.196945
1060.000000 0.055429
1061.000000 0.156827
1062.000000 0.164489
1063.000000 0.273188
1064.000000 0.364940
1065.000000 0.257140
1066.000000 0.161472
1067.000000 0.344877
1068.000000 0.157395
1069.000000 0.051475
1070.000000 0.047884
1071.000000 0.086274
1072.000000 0.095770
1073.000000 0.102332
1074.000000 0.101877
1075.000000 0.084975
1076.000000 0.120393
1077.000000 0.007543
1078.000000 0.027713
1079.000000 0.069934
1080.000000 0.226580
1081.000000 0.031513
1082.000000 0.037709
1083.000000 0.081896
1084.000000 0.137418
1085.000000 0.120532
1086.000000 0.161354
1087.000000 0.296406
1088.000000 0.135652
1089.000000 0.064165
1090.000000 0.051172
1091.000000 0.171987
1092.000000 0.150803
1093.000000 0.063495
1094.000000 0.153510
1095.000000 0.148728
1096.000000 0.035355
1097.000000 0.237043
1098.000000 0.154324
1099.000000 0.088517
1100.000000 0.175732
1101.000000 0.084317
1102.000000 0.042101
1103.000000 0.178034
1104.000000 0.091882
1105.000000 0.104917
1106.000000 0.133182
1107.000000 0.045880
1108.000000 0.028090
1109.000000 0.055595
1110.000000 0.040601
1111.000000 0.100519
1112.000000 0.177871
1113.000000 0.150774
1114.000000 0.016728
1115.000000 0.071179
1116.000000 0.271846
1117.000000 0.040511
1118.000000 0.162578
1119.000000 0.129987
1120.000000 0.172326
1121.000000 0.189784
1122.000000 0.117265
1123.000000 0.062433
1124.000000 0.167415
1125.000000 0.194758
1126.000000 0.167421
1127.000000 0.079223
1128.000000 0.259065
1129.000000 0.304868
1130.000000 0.041043
1131.000000 0.044270
1132.000000 0.113421
1133.000000 0.035898
1134.000000 0.058671
1135.000000 0.184111
1136.000000 0.206670
1137.000000 0.095998
1138.000000 0.152506
1139.000000 0.194465
1140.000000 0.104601
1141.000000 0.056504
1142.000000 0.073746
1143.000000 0.123298
1144.000000 0.247556
1145.000000 0.078138
1146.000000 0.160891
1147.000000 0.037832
1148.000000 0.175501
1149.000000 0.242872
1150.000000 0.236777
1151.000000 0.159392
1152.000000 0.304105
1153.000000 0.131848
1154.000000 0.076112
1155.000000 0.131469
1156.000000 0.134770
1157.000000 0.133387
1158.000000 0.091110
1159.000000 0.102262
1160.000000 0.117922
1161.000000 0.045656
1162.000000 0.066282
1163.000000 0.018798
1164.000000 0.088077
1165.000000 0.171976
1166.000000 0.094885
1167.000000 0.101047
1168.000000 0.208617
1169.000000 0.081015
1170.000000 0.256654
1171.000000 0.073340
1172.000000 0.173592
1173.000000 0.173958
1174.000000 0.254283
1175.000000 0.091573
1176.000000 0.069065
1177.000000 0.243595
1178.000000 0.188164
1179.000000 0.212295
1180.000000 0.023945
1181.000000 0.219041
1182.000000 0.279395
1183.000000 0.248641
1184.000000 0.051205
1185.000000 0.105225
1186.000000 0.053127
1187.000000 0.077467
1188.000000 0.148049
1189.000000 0.079461
1190.000000 0.155370
1191.000000 0.186764
1192.000000 0.082643
1193.000000 0.079680
1194.000000 0.218542
1195.000000 0.131342
1196.000000 0.096556
1197.000000 0.130654
1198.000000 0.098312
1199.000000 0.092572
1200.000000 0.161550
1201.000000 0.087130
1202.000000 0.033167
1203.000000 0.145440
1204.000000 0.113288
1205.000000 0.183945
1206.000000 0.068329
1207.000000 0.138742
1208.000000 0.169409
1209.000000 0.165434
1210.000000 0.040507
1211.000000 0.122142
1212.000000 0.173754
1213.000000 0.226860
1214.000000 0.175183
1215.000000 0.110286
1216.000000 0.122820
1217.000000 0.046837
1218.000000 0.134130
1219.000000 0.242913
1220.000000 0.107516
1221.000000 0.128827
1222.000000 0.203868
1223.000000 0.145581
1224.000000 0.085406
1225.000000 0.162884
1226.000000 0.061922
1227.000000 0.046129
1228.000000 0.237033
1229.000000 0.225101
1230.000000 0.204509
1231.000000 0.185454
1232.000000 0.063812
1233.000000 0.103142
1234.000000 0.045407
1235.000000 0.119379
1236.000000 0.058386
1237.000000 0.060953
1238.000000 0.095981
1239.000000 0.083233
1240.000000 0.142724
1241.000000 0.209368
1242.000000 0.127926
1243.000000 0.123072
1244.000000 0.168747
1245.000000 0.150996
1246.000000 0.084258
1247.000000 0.035538
1248.000000 0.132136
1249.000000 0.068586
1250.000000 0.271643
1251.000000 0.142917
1252.000000 0.190996
1253.000000 0.240261
1254.000000 0.258909
1255.000000 0.163374
1256.000000 0.068453
1257.000000 0.091481
1258.000000 0.122479
1259.000000 0.196872
1260.000000 0.151062
1261.000000 0.194413
1262.000000 0.043734
1263.000000 0.270231
1264.000000 0.163814
1265.000000 0.030364
1266.000000 0.168133
1267.000000 0.080454
1268.000000 0.168394
1269.000000 0.192601
1270.000000 0.016406
1271.000000 0.156913
1272.000000 0.133443
1273.000000 0.095583
1274.000000 0.177766
1275.000000 0.055419
1276.000000 0.114404
1277.000000 0.218718
1278.000000 0.154758
1279.000000 0.121799
1280.000000 0.036892
1281.000000 0.158766
1282.000000 0.224249
1283.000000 0.174899
1284.000000 0.039553
1285.000000 0.136095
1286.000000 0.278888
1287.000000 0.146493
1288.000000 0.225325
1289.000000 0.066652
1290.000000 0.191687
1291.000000 0.119564
1292.000000 0.181069
1293.000000 0.195625
1294.000000 0.208659
1295.000000 0.206851
1296.000000 0.071310
1297.000000 0.121146
1298.000000 0.231190
1299.000000 0.330923
1300.000000 0.142791
1301.000000 0.228453
1302.000000 0.130158
1303.000000 0.201915
1304.000000 0.061854
1305.000000 0.165822
1306.000000 0.059081
1307.000000 0.089538
1308.000000 0.031941
1309.000000 0.127306
1310.000000 0.062244
1311.000000 0.111271
1312.000000 0.138902
1313.000000 0.093064
1314.000000 0.051069
1315.000000 0.329260
1316.000000 0.095213
1317.000000 0.068026
1318.000000 0.097184
1319.000000 0.110987
1320.000000 0.048140
1321.000000 0.147245
1322.000000 0.080278
1323.000000 0.130952
1324.000000 0.110319
1325.000000 0.114164
1326.000000 0.078990
1327.000000 0.171715
1328.000000 0.150839
1329.000000 0.116006
1330.000000 0.157751
1331.000000 0.024020
1332.000000 0.052267
1333.000000 0.164949
1334.000000 0.165500
1335.000000 0.111114
1336.000000 0.178344
1337.000000 0.050625
1338.000000 0.161217
1339.000000 0.081657
1340.000000 0.107730
1341.000000 0.114277
1342.000000 0.097386
1343.000000 0.116678
1344.000000 0.020061
1345.000000 0.134090
1346.000000 0.042997
1347.000000 0.147954
1348.000000 0.172780
1349.000000 0.017413
1350.000000 0.134126
1351.000000 0.155712
1352.000000 0.261783
1353.000000 0.068536
1354.000000 0.272260
1355.000000 0.137090
1356.000000 0.262052
1357.000000 0.233506
1358.000000 0.097074
1359.000000 0.085079
1360.000000 0.224817
1361.000000 0.236441
1362.000000 0.115349
1363.000000 0.093007
1364.000000 0.065415
1365.000000 0.146846
1366.000000 0.114150
1367.000000 0.122440
1368.000000 0.126789
1369.000000 0.063104
1370.000000 0.104521
1371.000000 0.160078
1372.000000 0.158114
1373.000000 0.249851
1374.000000 0.063131
1375.000000 0.032488
1376.000000 0.163505
1377.000000 0.069801
1378.000000 0.175036
1379.000000 0.269581
1380.000000 0.071154
1381.000000 0.233450
1382.000000 0.038843
1383.000000 0.285175
1384.000000 0.197344
1385.000000 0.029724
1386.000000 0.044886
1387.000000 0.174508
1388.000000 0.091308
1389.000000 0.092343
1390.000000 0.135970
1391.000000 0.165377
1392.000000 0.029099
1393.000000 0.174786
1394.000000 0.061959
1395.000000 0.120321
1396.000000 0.303339
1397.000000 0.093759
1398.000000 0.119375
1399.000000 0.146011
1400.000000 0.073992
1401.000000 0.146733
1402.000000 0.245408
1403.000000 0.263705
1404.000000 0.077496
1405.000000 0.209533
1406.000000 0.148649
1407.000000 0.070516
1408.000000 0.130089
1409.000000 0.089585
1410.000000 0.137162
1411.000000 0.107520
1412.000000 0.139147
1413.000000 0.089765
1414.000000 0.227102
1415.000000 0.164316
1416.000000 0.146489
1417.000000 0.135928
1418.000000 0.011348
1419.000000 0.198645
1420.000000 0.127066
1421.000000 0.068027
1422.000000 0.201320
1423.000000 0.176075
1424.000000 0.114287
1425.000000 0.072406
1426.000000 0.129949
1427.000000 0.040179
1428.000000 0.150037
1429.000000 0.053449
1430.000000 0.187679
1431.000000 0.009417
1432.000000 0.137052
1433.000000 0.168134
1434.000000 0.073610
1435.000000 0.251542
1436.000000 0.169993
1437.000000 0.019840
1438.000000 0.032800
1439.000000 0.046238
1440.000000 0.073351
1441.000000 0.065761
1442.000000 0.144864
1443.000000 0.257069
1444.000000 0.164172
1445.000000 0.191271
1446.000000 0.122765
1447.000000 0.152705
1448.000000 0.061346
1449.000000 0.136518
1450.000000 0.143288
1451.000000 0.032910
1452.000000 0.173322
1453.000000 0.094545
1454.000000 0.196606
1455.000000 0.078577
1456.000000 0.212120
1457.000000 0.040317
1458.000000 0.086683
1459.000000 0.120165
1460.000000 0.002573
1461.000000 0.066713
1462.000000 0.171073
1463.000000 0.245381
1464.000000 0.132684
1465.000000 0.061251
1466.000000 0.141719
1467.000000 0.227829
1468.000000 0.293090
1469.000000 0.188837
1470.000000 0.124812
1471.000000 0.174587
1472.000000 0.109822
1473.000000 0.073274
1474.000000 0.196140
1475.000000 0.151867
1476.000000 0.147184
1477.000000 0.104619
1478.000000 0.141225
1479.000000 0.087663
1480.000000 0.038987
1481.000000 0.031551
1482.000000 0.223682
1483.000000 0.041654
1484.000000 0.136371
1485.000000 0.196268
1486.000000 0.106365
1487.000000 0.239806
1488.000000 0.197261
1489.000000 0.209435
1490.000000 0.153206
1491.000000 0.123114
1492.000000 0.104792
1493.000000 0.118474
1494.000000 0.085556
1495.000000 0.055808
1496.000000 0.162486
1497.000000 0.031451
1498.000000 0.044593
1499.000000 0.179810
1500.000000 0.149190
1501.000000 0.133075
1502.000000 0.189711
1503.000000 0.247691
1504.000000 0.130803
1505.000000 0.164042
1506.000000 0.037525
1507.000000 0.035168
1508.000000 0.220137
1509.000000 0.005520
1510.000000 0.243977
1511.000000 0.165959
1512.000000 0.300337
1513.000000 0.104685
1514.000000 0.264379
1515.000000 0.196428
1516.000000 0.166352
1517.000000 0.044738
1518.000000 0.107009
1519.000000 0.174658
1520.000000 0.037168
1521.000000 0.234540
1522.000000 0.143858
1523.000000 0.084123
1524.000000 0.099331
1525.000000 0.107895
1526.000000 0.153863
1527.000000 0.118138
1528.000000 0.072750
1529.000000 0.124533
1530.000000 0.057736
1531.000000 0.172474
1532.000000 0.049836
1533.000000 0.140389
1534.000000 0.145250
1535.000000 0.187078
1536.000000 0.140846
1537.000000 0.089619
1538.000000 0.135803
1539.000000 0.070525
1540.000000 0.233983
1541.000000 0.025266
1542.000000 0.092460
1543.000000 0.088403
1544.000000 0.104811
1545.000000 0.097835
1546.000000 0.183863
1547.000000 0.056494
1548.000000 0.170706
1549.000000 0.021745
1550.000000 0.101949
1551.000000 0.011204
1552.000000 0.148174
1553.000000 0.011183
1554.000000 0.122787
1555.000000 0.062510
1556.000000 0.133377
1557.000000 0.077983
1558.000000 0.150042
1559.000000 0.068017
1560.000000 0.090390
1561.000000 0.008406
1562.000000 0.090281
1563.000000 0.135731
1564.000000 0.085057
1565.000000 0.141241
1566.000000 0.111739
1567.000000 0.151455
1568.000000 0.157932
1569.000000 0.118735
1570.000000 0.066250
1571.000000 0.153730
1572.000000 0.172132
1573.000000 0.122535
1574.000000 0.170825
1575.000000 0.067783
1576.000000 0.065358
1577.000000 0.037856
1578.000000 0.103322
1579.000000 0.130918
1580.000000 0.068983
1581.000000 0.226677
1582.000000 0.050985
1583.000000 0.159481
1584.000000 0.113966
1585.000000 0.074727
1586.000000 0.024561
1587.000000 0.314435
1588.000000 0.145109
1589.000000 0.078539
1590.000000 0.243500
1591.000000 0.039565
1592.000000 0.142678
1593.000000 0.165948
1594.000000 0.084805
1595.000000 0.056794
1596.000000 0.204087
1597.000000 0.069699
1598.000000 0.101731
1599.000000 0.170011
1600.000000 0.203653
1601.000000 0.098064
1602.000000 0.078200
1603.000000 0.039698
1604.000000 0.192345
1605.000000 0.040069
1606.000000 0.158739
1607.000000 0.214581
1608.000000 0.114941
1609.000000 0.188794
1610.000000 0.080927
1611.000000 0.049392
1612.000000 0.287754
1613.000000 0.285106
1614.000000 0.118407
1615.000000 0.041091
1616.000000 0.156523
1617.000000 0.033783
1618.000000 0.046723
1619.000000 0.208471
1620.000000 0.157028
1621.000000 0.229721
1622.000000 0.026635
1623.000000 0.134246
1624.000000 0.096906
1625.000000 0.057435
1626.000000 0.108055
1627.000000 0.105317
1628.000000 0.221024
1629.000000 0.139242
1630.000000 0.133372
1631.000000 0.145959
1632.000000 0.204945
1633.000000 0.170345
1634.000000 0.137777
1635.000000 0.097126
1636.000000 0.086535
1637.000000 0.158738
1638.000000 0.179110
1639.000000 0.115953
1640.000000 0.132646
1641.000000 0.069360
1642.000000 0.143014
1643.000000 0.116439
1644.000000 0.039398
1645.000000 0.166774
1646.000000 0.149005
1647.000000 0.389686
1648.000000 0.038075
1649.000000 0.137630
1650.000000 0.035315
1651.000000 0.045156
1652.000000 0.192737
1653.000000 0.194330
1654.000000 0.171575
1655.000000 0.153576
1656.000000 0.152157
1657.000000 0.058931
1658.000000 0.108001
1659.000000 0.086049
1660.000000 0.181799
1661.000000 0.222997
1662.000000 0.124395
1663.000000 0.044341
1664.000000 0.067161
1665.000000 0.093099
1666.000000 0.091390
1667.000000 0.133577
1668.000000 0.047525
1669.000000 0.195735
1670.000000 0.110716
1671.000000 0.007863
1672.000000 0.094813
1673.000000 0.116534
1674.000000 0.088879
1675.000000 0.037735
1676.000000 0.038937
1677.000000 0.063503
1678.000000 0.111635
1679.000000 0.191905
1680.000000 0.020546
1681.000000 0.117401
1682.000000 0.113484
1683.000000 0.071757
1684.000000 0.138248
1685.000000 0.145822
1686.000000 0.226354
1687.000000 0.102747
1688.000000 0.097085
1689.000000 0.101885
1690.000000 0.058895
1691.000000 0.067072
1692.000000 0.071380
1693.000000 0.068231
1694.000000 0.082986
1695.000000 0.118234
1696.000000 0.109781
1697.000000 0.045563
1698.000000 0.117797
1699.000000 0.117624
1700.000000 0.214393
1701.000000 0.155530
1702.000000 0.141082
1703.000000 0.099813
1704.000000 0.107965
1705.000000 0.184260
1706.000000 0.120949
1707.000000 0.174711
1708.000000 0.090670
1709.000000 0.114345
1710.000000 0.191404
1711.000000 0.140377
1712.000000 0.282739
1713.000000 0.092154
1714.000000 0.089200
1715.000000 0.075569
1716.000000 0.064038
1717.000000 0.257839
1718.000000 0.205678
1719.000000 0.307425
1720.000000 0.220165
1721.000000 0.042817
1722.000000 0.079924
1723.000000 0.109818
1724.000000 0.249824
1725.000000 0.173435
1726.000000 0.060158
1727.000000 0.068682
1728.000000 0.137600
1729.000000 0.041701
1730.000000 0.065423
1731.000000 0.131332
1732.000000 0.198967
1733.000000 0.156560
1734.000000 0.075785
1735.000000 0.123749
1736.000000 0.151906
1737.000000 0.304784
1738.000000 0.091324
1739.000000 0.081568
1740.000000 0.150294
1741.000000 0.057435
1742.000000 0.180024
1743.000000 0.166976
1744.000000 0.175930
1745.000000 0.118899
1746.000000 0.146693
1747.000000 0.135981
1748.000000 0.191765
1749.000000 0.082767
1750.000000 0.207487
1751.000000 0.094367
1752.000000 0.213199
1753.000000 0.231997
1754.000000 0.090559
1755.000000 0.124353
1756.000000 0.099968
1757.000000 0.078623
1758.000000 0.103984
1759.000000 0.126246
1760.000000 0.176761
1761.000000 0.054568
1762.000000 0.156695
1763.000000 0.059682
1764.000000 0.079884
1765.000000 0.138886
1766.000000 0.043799
1767.000000 0.113571
1768.000000 0.192294
1769.000000 0.051384
1770.000000 0.100357
1771.000000 0.216528
1772.000000 0.254250
1773.000000 0.188112
1774.000000 0.097648
1775.000000 0.181280
1776.000000 0.100936
1777.000000 0.119008
1778.000000 0.328618
1779.000000 0.156409
1780.000000 0.151113
1781.000000 0.197778
1782.000000 0.029827
1783.000000 0.040467
1784.000000 0.092175
1785.000000 0.111031
1786.000000 0.139626
1787.000000 0.210496
1788.000000 0.167272
1789.000000 0.095812
1790.000000 0.046289
1791.000000 0.259091
1792.000000 0.068882
1793.000000 0.077580
1794.000000 0.066327
1795.000000 0.086783
1796.000000 0.132562
1797.000000 0.137232
1798.000000 0.201218
1799.000000 0.110171
1800.000000 0.129873
1801.000000 0.060708
1802.000000 0.075595
1803.000000 0.101805
1804.000000 0.182725
1805.000000 0.173950
1806.000000 0.184846
1807.000000 0.228629
1808.000000 0.126646
1809.000000 0.171457
1810.000000 0.232239
1811.000000 0.090288
1812.000000 0.232892
1813.000000 0.105415
1814.000000 0.098682
1815.000000 0.129671
1816.000000 0.145284
1817.000000 0.195808
1818.000000 0.170051
1819.000000 0.135825
1820.000000 0.285269
1821.000000 0.167315
1822.000000 0.113222
1823.000000 0.238571
1824.000000 0.094317
1825.000000 0.160455
1826.000000 0.244443
1827.000000 0.127303
1828.000000 0.120839
1829.000000 0.063672
1830.000000 0.036548
1831.000000 0.105460
1832.000000 0.155698
1833.000000 0.162130
1834.000000 0.069978
1835.000000 0.172774
1836.000000 0.245282
1837.000000 0.061919
1838.000000 0.125868
1839.000000 0.090195
1840.000000 0.063939
1841.000000 0.086997
1842.000000 0.112259
1843.000000 0.050473
1844.000000 0.180755
1845.000000 0.049506
1846.000000 0.202794
1847.000000 0.200991
1848.000000 0.032844
1849.000000 0.107124
1850.000000 0.131782
1851.000000 0.228850
1852.000000 0.070693
1853.000000 0.187966
1854.000000 0.187784
1855.000000 0.075648
1856.000000 0.197033
1857.000000 0.069823
1858.000000 0.147191
1859.000000 0.155047
1860.000000 0.199475
1861.000000 0.094950
1862.000000 0.059984
1863.000000 0.074531
1864.000000 0.072087
1865.000000 0.025850
1866.000000 0.149892
1867.000000 0.221576
1868.000000 0.248376
1869.000000 0.084225
1870.000000 0.066679
1871.000000 0.178047
1872.000000 0.102338
1873.000000 0.096645
1874.000000 0.120051
1875.000000 0.085420
1876.000000 0.127878
1877.000000 0.138330
1878.000000 0.102148
1879.000000 0.103225
1880.000000 0.166918
1881.000000 0.066411
1882.000000 0.178807
1883.000000 0.172392
1884.000000 0.112617
1885.000000 0.121423
1886.000000 0.257459
1887.000000 0.038510
1888.000000 0.115464
1889.000000 0.125684
1890.000000 0.081311
1891.000000 0.137940
1892.000000 0.176992
1893.000000 0.056046
1894.000000 0.094172
1895.000000 0.151983
1896.000000 0.095565
1897.000000 0.114602
1898.000000 0.144435
1899.000000 0.166497
1900.000000 0.155903
1901.000000 0.064991
1902.000000 0.039840
1903.000000 0.065900
1904.000000 0.288305
1905.000000 0.192141
1906.000000 0.094289
1907.000000 0.012314
1908.000000 0.161811
1909.000000 0.076688
1910.000000 0.116535
1911.000000 0.056527
1912.000000 0.057952
1913.000000 0.095836
1914.000000 0.072478
1915.000000 0.037990
1916.000000 0.159083
1917.000000 0.064528
1918.000000 0.086910
1919.000000 0.097426
1920.000000 0.167952
1921.000000 0.144423
1922.000000 0.131986
1923.000000 0.224906
1924.000000 0.098373
1925.000000 0.135065
1926.000000 0.127676
1927.000000 0.048054
1928.000000 0.159907
1929.000000 0.049632
1930.000000 0.034772
1931.000000 0.099896
1932.000000 0.201867
1933.000000 0.188190
1934.000000 0.066427
1935.000000 0.013035
1936.000000 0.183070
1937.000000 0.114850
1938.000000 0.159985
1939.000000 0.217349
1940.000000 0.127863
1941.000000 0.105821
1942.000000 0.198703
1943.000000 0.232122
1944.000000 0.118440
1945.000000 0.045398
1946.000000 0.086854
1947.000000 0.205250
1948.000000 0.050288
1949.000000 0.110210
1950.000000 0.256045
1951.000000 0.185483
1952.000000 0.306014
1953.000000 0.046061
1954.000000 0.119814
1955.000000 0.053952
1956.000000 0.091695
1957.000000 0.125932
1958.000000 0.216162
1959.000000 0.100826
1960.000000 0.203378
1961.000000 0.077162
1962.000000 0.025610
1963.000000 0.046772
1964.000000 0.229095
1965.000000 0.298097
1966.000000 0.131878
1967.000000 0.049020
1968.000000 0.108273
1969.000000 0.197859
1970.000000 0.146440
1971.000000 0.162741
1972.000000 0.126372
1973.000000 0.183773
1974.000000 0.106845
1975.000000 0.075835
1976.000000 0.086640
1977.000000 0.187654
1978.000000 0.221458
1979.000000 0.176868
1980.000000 0.156277
1981.000000 0.232579
1982.000000 0.074470
1983.000000 0.148073
1984.000000 0.255784
1985.000000 0.123685
1986.000000 0.116093
1987.000000 0.078028
1988.000000 0.027573
1989.000000 0.220241
1990.000000 0.132629
1991.000000 0.140809
1992.000000 0.061177
1993.000000 0.083411
1994.000000 0.161201
1995.000000 0.061500
1996.000000 0.049688
1997.000000 0.033338
1998.000000 0.168535
1999.000000 0.037157
2000.000000 0.146898
2001.000000 0.181691
2002.000000 0.048323
2003.000000 0.043095
2004.000000 0.195119
2005.000000 0.137821
2006.000000 0.140697
2007.000000 0.058255
2008.000000 0.021480
2009.000000 0.109159
2010.000000 0.120956
2011.000000 0.131962
2012.000000 0.114244
2013.000000 0.047419
2014.000000 0.178744
2015.000000 0.170525
2016.000000 0.143651
2017.000000 0.081636
2018.000000 0.163174
2019.000000 0.119471
2020.000000 0.244451
2021.000000 0.145313
2022.000000 0.061177
2023.000000 0.213139
2024.000000 0.055976
2025.000000 0.170286
2026.000000 0.077742
2027.000000 0.238320
2028.000000 0.117946
2029.000000 0.105989
2030.000000 0.095695
2031.000000 0.123111
2032.000000 0.219667
2033.000000 0.056466
2034.000000 0.115313
2035.000000 0.234026
2036.000000 0.034565
2037.000000 0.258006
2038.000000 0.186705
2039.000000 0.207064
2040.000000 0.164181
2041.000000 0.113227
2042.000000 0.143288
2043.000000 0.183376
2044.000000 0.097755
2045.000000 0.034178
2046.000000 0.174776
2047.000000 0.120719
2048.000000 0.077698
2049.000000 0.294941
2050.000000 0.101448
2051.000000 0.158970
2052.000000 0.250268
2053.000000 0.083251
2054.000000 0.141692
2055.000000 0.102547
2056.000000 0.087735
2057.000000 0.206851
2058.000000 0.140092
2059.000000 0.238839
2060.000000 0.110645
2061.000000 0.060953
2062.000000 0.109638
2063.000000 0.210681
2064.000000 0.152545
2065.000000 0.197904
2066.000000 0.074074
2067.000000 0.121071
2068.000000 0.335811
2069.000000 0.106566
2070.000000 0.204017
2071.000000 0.066001
2072.000000 0.072551
2073.000000 0.021471
2074.000000 0.105108
2075.000000 0.072888
2076.000000 0.180973
2077.000000 0.216518
2078.000000 0.204748
2079.000000 0.106936
2080.000000 0.118308
2081.000000 0.195638
2082.000000 0.091529
2083.000000 0.083214
2084.000000 0.060288
2085.000000 0.085768
2086.000000 0.054523
2087.000000 0.241935
2088.000000 0.166625
2089.000000 0.091960
2090.000000 0.050556
2091.000000 0.171307
2092.000000 0.182387
2093.000000 0.219132
2094.000000 0.209758
2095.000000 0.161654
2096.000000 0.233658
2097.000000 0.169221
2098.000000 0.186763
2099.000000 0.078750
2100.000000 0.158922
2101.000000 0.238947
2102.000000 0.153051
2103.000000 0.018692
2104.000000 0.180586
2105.000000 0.175346
2106.000000 0.053150
2107.000000 0.062645
2108.000000 0.194948
2109.000000 0.045990
2110.000000 0.289362
2111.000000 0.215420
2112.000000 0.122152
2113.000000 0.192257
2114.000000 0.143190
2115.000000 0.180659
2116.000000 0.018824
2117.000000 0.133022
2118.000000 0.059357
2119.000000 0.138700
2120.000000 0.155961
2121.000000 0.156081
2122.000000 0.230750
2123.000000 0.094335
2124.000000 0.018774
2125.000000 0.145663
2126.000000 0.111855
2127.000000 0.012302
2128.000000 0.044155
2129.000000 0.035920
2130.000000 0.081946
2131.000000 0.100143
2132.000000 0.145318
2133.000000 0.259815
2134.000000 0.105476
2135.000000 0.094914
2136.000000 0.194810
2137.000000 0.103636
2138.000000 0.184757
2139.000000 0.122949
2140.000000 0.109632
2141.000000 0.093233
2142.000000 0.109848
2143.000000 0.084183
2144.000000 0.111340
2145.000000 0.078870
2146.000000 0.079144
2147.000000 0.051524
2148.000000 0.092806
2149.000000 0.226346
2150.000000 0.044397
2151.000000 0.090168
2152.000000 0.162997
2153.000000 0.187486
2154.000000 0.032201
2155.000000 0.125871
2156.000000 0.119024
2157.000000 0.054020
2158.000000 0.089983
2159.000000 0.236387
2160.000000 0.160630
2161.000000 0.122360
2162.000000 0.142781
2163.000000 0.124340
2164.000000 0.062273
2165.000000 0.137674
2166.000000 0.209479
2167.000000 0.041724
2168.000000 0.143463
2169.000000 0.225362
2170.000000 0.109151
2171.000000 0.175301
2172.000000 0.031252
2173.000000 0.057108
2174.000000 0.040117
2175.000000 0.173404
2176.000000 0.227507
2177.000000 0.134537
2178.000000 0.141986
2179.000000 0.186585
2180.000000 0.029833
2181.000000 0.062611
2182.000000 0.197242
2183.000000 0.119168
2184.000000 0.038852
2185.000000 0.048443
2186.000000 0.279221
2187.000000 0.185857
2188.000000 0.158203
2189.000000 0.099481
2190.000000 0.069497
2191.000000 0.274994
2192.000000 0.060287
2193.000000 0.186642
2194.000000 0.110240
2195.000000 0.343984
2196.000000 0.124335
2197.000000 0.098380
2198.000000 0.047186
2199.000000 0.091368
2200.000000 0.099277
2201.000000 0.127823
2202.000000 0.262735
2203.000000 0.107930
2204.000000 0.059667
2205.000000 0.104911
2206.000000 0.057913
2207.000000 0.148910
2208.000000 0.070532
2209.000000 0.050970
2210.000000 0.130782
2211.000000 0.204654
2212.000000 0.111497
2213.000000 0.114266
2214.000000 0.216839
2215.000000 0.049307
2216.000000 0.150256
2217.000000 0.155332
2218.000000 0.200947
2219.000000 0.061285
2220.000000 0.077752
2221.000000 0.159536
2222.000000 0.086089
2223.000000 0.102422
2224.000000 0.238824
2225.000000 0.083558
2226.000000 0.130398
2227.000000 0.091490
2228.000000 0.183507
2229.000000 0.232306
2230.000000 0.165371
2231.000000 0.205580
2232.000000 0.032481
2233.000000 0.073289
2234.000000 0.156859
2235.000000 0.086465
2236.000000 0.200991
2237.000000 0.184157
2238.000000 0.132149
2239.000000 0.092976
2240.000000 0.131739
2241.000000 0.224565
2242.000000 0.105604
2243.000000 0.118133
2244.000000 0.301647
2245.000000 0.238561
2246.000000 0.090019
2247.000000 0.169288
2248.000000 0.140452
2249.000000 0.034369
2250.000000 0.059220
2251.000000 0.036499
2252.000000 0.210918
2253.000000 0.091216
2254.000000 0.146460
2255.000000 0.050998
2256.000000 0.023576
2257.000000 0.073416
2258.000000 0.074567
2259.000000 0.155244
2260.000000 0.132912
2261.000000 0.080913
2262.000000 0.093166
2263.000000 0.023592
2264.000000 0.105238
2265.000000 0.227548
2266.000000 0.090662
2267.000000 0.127855
2268.000000 0.030389
2269.000000 0.086236
2270.000000 0.150153
2271.000000 0.016672
2272.000000 0.138114
2273.000000 0.156876
2274.000000 0.068841
2275.000000 0.112523
2276.000000 0.166104
2277.000000 0.053790
2278.000000 0.277044
2279.000000 0.155285
2280.000000 0.068888
2281.000000 0.184327
2282.000000 0.163715
2283.000000 0.128603
2284.000000 0.116040
2285.000000 0.052281
2286.000000 0.128231
2287.000000 0.052513
2288.000000 0.166449
2289.000000 0.196959
2290.000000 0.240171
2291.000000 0.076047
2292.000000 0.080201
2293.000000 0.127614
2294.000000 0.400890
2295.000000 0.216993
2296.000000 0.155670
2297.000000 0.112152
2298.000000 0.201324
2299.000000 0.139318
2300.000000 0.186058
2301.000000 0.119046
2302.000000 0.120764
2303.000000 0.184796
2304.000000 0.070730
2305.000000 0.207018
2306.000000 0.192824
2307.000000 0.231080
2308.000000 0.138710
2309.000000 0.058220
2310.000000 0.016274
2311.000000 0.057745
2312.000000 0.095033
2313.000000 0.186419
2314.000000 0.135173
2315.000000 0.146849
2316.000000 0.228535
2317.000000 0.213283
2318.000000 0.096388
2319.000000 0.109330
2320.000000 0.191270
2321.000000 0.188485
2322.000000 0.143798
2323.000000 0.351255
2324.000000 0.193157
2325.000000 0.268177
2326.000000 0.163473
2327.000000 0.213516
2328.000000 0.091462
2329.000000 0.052255
2330.000000 0.077296
2331.000000 0.143685
2332.000000 0.213561
2333.000000 0.322462
2334.000000 0.149635
2335.000000 0.035382
2336.000000 0.184365
2337.000000 0.110287
2338.000000 0.097034
2339.000000 0.088594
2340.000000 0.163100
2341.000000 0.166664
2342.000000 0.139610
2343.000000 0.084096
2344.000000 0.017802
2345.000000 0.142202
2346.000000 0.217975
2347.000000 0.022011
2348.000000 0.088701
2349.000000 0.018905
2350.000000 0.099410
2351.000000 0.186106
2352.000000 0.169793
2353.000000 0.204202
2354.000000 0.043681
2355.000000 0.200607
2356.000000 0.103120
2357.000000 0.132035
2358.000000 0.127649
2359.000000 0.101648
2360.000000 0.111567
2361.000000 0.090856
2362.000000 0.118065
2363.000000 0.092840
2364.000000 0.082934
2365.000000 0.098006
2366.000000 0.168641
2367.000000 0.178181
2368.000000 0.095114
2369.000000 0.103573
2370.000000 0.059298
2371.000000 0.101006
2372.000000 0.197959
2373.000000 0.051369
2374.000000 0.118253
2375.000000 0.286147
2376.000000 0.133512
2377.000000 0.113440
2378.000000 0.201920
2379.000000 0.025359
2380.000000 0.090530
2381.000000 0.227025
2382.000000 0.179807
2383.000000 0.087206
2384.000000 0.083160
2385.000000 0.149392
2386.000000 0.029663
2387.000000 0.105765
2388.000000 0.153031
2389.000000 0.048096
2390.000000 0.090643
2391.000000 0.116519
2392.000000 0.215949
2393.000000 0.133491
2394.000000 0.196781
2395.000000 0.056408
2396.000000 0.174137
2397.000000 0.031598
2398.000000 0.225404
2399.000000 0.263742
2400.000000 0.229475
2401.000000 0.137711
2402.000000 0.129992
2403.000000 0.133277
2404.000000 0.050134
2405.000000 0.158482
2406.000000 0.215193
2407.000000 0.151144
2408.000000 0.191822
2409.000000 0.103209
2410.000000 0.097585
2411.000000 0.047178
2412.000000 0.149007
2413.000000 0.077189
2414.000000 0.101119
2415.000000 0.072894
2416.000000 0.077393
2417.000000 0.189149
2418.000000 0.122554
2419.000000 0.072360
2420.000000 0.173854
2421.000000 0.092526
2422.000000 0.084733
2423.000000 0.140843
2424.000000 0.108425
2425.000000 0.232015
2426.000000 0.154667
2427.000000 0.140886
2428.000000 0.074666
2429.000000 0.153967
2430.000000 0.172558
2431.000000 0.073196
2432.000000 0.150895
2433.000000 0.068134
2434.000000 0.038489
2435.000000 0.083580
2436.000000 0.037641
2437.000000 0.243117
2438.000000 0.142093
2439.000000 0.045544
2440.000000 0.037794
2441.000000 0.046815
2442.000000 0.235100
2443.000000 0.155012
2444.000000 0.219394
2445.000000 0.036274
2446.000000 0.138741
2447.000000 0.050764
2448.000000 0.109289
2449.000000 0.051011
2450.000000 0.068428
2451.000000 0.148181
2452.000000 0.301125
2453.000000 0.009111
2454.000000 0.059677
2455.000000 0.089134
2456.000000 0.142244
2457.000000 0.042352
2458.000000 0.084883
2459.000000 0.239016
2460.000000 0.082611
2461.000000 0.113969
2462.000000 0.298332
2463.000000 0.072555
2464.000000 0.124572
2465.000000 0.109326
2466.000000 0.091993
2467.000000 0.120051
2468.000000 0.278010
2469.000000 0.044638
2470.000000 0.184327
2471.000000 0.144084
2472.000000 0.209002
2473.000000 0.045113
2474.000000 0.153231
2475.000000 0.125561
2476.000000 0.122473
2477.000000 0.032659
2478.000000 0.261107
2479.000000 0.125648
2480.000000 0.105257
2481.000000 0.196255
2482.000000 0.044399
2483.000000 0.144079
2484.000000 0.245028
2485.000000 0.045362
2486.000000 0.102625
2487.000000 0.109592
2488.000000 0.224117
2489.000000 0.056784
2490.000000 0.141272
2491.000000 0.170441
2492.000000 0.186814
2493.000000 0.150183
2494.000000 0.157937
2495.000000 0.046618
2496.000000 0.121899
2497.000000 0.113307
2498.000000 0.082030
2499.000000 0.104743
2500.000000 0.080776
2501.000000 0.129398
2502.000000 0.161673
2503.000000 0.144450
2504.000000 0.034133
2505.000000 0.195579
2506.000000 0.064686
2507.000000 0.085966
2508.000000 0.077342
2509.000000 0.145538
2510.000000 0.073434
2511.000000 0.088849
2512.000000 0.096951
2513.000000 0.148731
2514.000000 0.054284
2515.000000 0.138205
2516.000000 0.155484
2517.000000 0.045614
2518.000000 0.302912
2519.000000 0.133809
2520.000000 0.154379
2521.000000 0.178417
2522.000000 0.006689
2523.000000 0.170548
2524.000000 0.117912
2525.000000 0.048114
2526.000000 0.051591
2527.000000 0.115716
2528.000000 0.038583
2529.000000 0.086979
2530.000000 0.123034
2531.000000 0.143767
2532.000000 0.045250
2533.000000 0.203163
2534.000000 0.154556
2535.000000 0.114055
2536.000000 0.164461
2537.000000 0.150811
2538.000000 0.174806
2539.000000 0.125636
2540.000000 0.314246
2541.000000 0.148279
2542.000000 0.087976
2543.000000 0.184935
2544.000000 0.096281
2545.000000 0.195462
2546.000000 0.115584
2547.000000 0.223997
2548.000000 0.111608
2549.000000 0.134416
2550.000000 0.110063
2551.000000 0.202096
2552.000000 0.024124
2553.000000 0.079446
2554.000000 0.062929
2555.000000 0.015989
2556.000000 0.067319
2557.000000 0.061007
2558.000000 0.049094
2559.000000 0.164226
2560.000000 0.277681
2561.000000 0.118421
2562.000000 0.176970
2563.000000 0.094511
2564.000000 0.193517
2565.000000 0.109107
2566.000000 0.233889
2567.000000 0.242221
2568.000000 0.100457
2569.000000 0.007940
2570.000000 0.135725
2571.000000 0.171945
2572.000000 0.026476
2573.000000 0.173633
2574.000000 0.304825
2575.000000 0.125488
2576.000000 0.054714
2577.000000 0.080665
2578.000000 0.077477
2579.000000 0.061238
2580.000000 0.180388
2581.000000 0.164058
2582.000000 0.083180
2583.000000 0.092840
2584.000000 0.034480
2585.000000 0.067776
2586.000000 0.172967
2587.000000 0.193004
2588.000000 0.105273
2589.000000 0.250349
2590.000000 0.123289
2591.000000 0.050605
2592.000000 0.055080
2593.000000 0.090312
2594.000000 0.044214
2595.000000 0.217473
2596.000000 0.062829
2597.000000 0.129653
2598.000000 0.097095
2599.000000 0.081696
2600.000000 0.049273
2601.000000 0.248563
2602.000000 0.076136
2603.000000 0.293091
2604.000000 0.190035
2605.000000 0.196097
2606.000000 0.166675
2607.000000 0.162472
2608.000000 0.237078
2609.000000 0.019637
2610.000000 0.136309
2611.000000 0.113800
2612.000000 0.209662
2613.000000 0.116379
2614.000000 0.118880
2615.000000 0.209982
2616.000000 0.095769
2617.000000 0.015187
2618.000000 0.129590
2619.000000 0.237618
2620.000000 0.056974
2621.000000 0.080771
2622.000000 0.177223
2623.000000 0.121325
2624.000000 0.125562
2625.000000 0.108616
2626.000000 0.131381
2627.000000 0.059746
2628.000000 0.112211
2629.000000 0.188348
2630.000000 0.295294
2631.000000 0.115361
2632.000000 0.054010
2633.000000 0.103086
2634.000000 0.043459
2635.000000 0.221602
2636.000000 0.071252
2637.000000 0.134180
2638.000000 0.155297
2639.000000 0.025638
2640.000000 0.061434
2641.000000 0.034284
2642.000000 0.109277
2643.000000 0.093930
2644.000000 0.071076
2645.000000 0.061908
2646.000000 0.154222
2647.000000 0.052108
2648.000000 0.177586
2649.000000 0.067232
2650.000000 0.150012
2651.000000 0.185886
2652.000000 0.245788
2653.000000 0.137962
2654.000000 0.072969
2655.000000 0.067434
2656.000000 0.160098
2657.000000 0.027749
2658.000000 0.079094
2659.000000 0.147433
2660.000000 0.185164
2661.000000 0.194240
2662.000000 0.214721
2663.000000 0.110821
2664.000000 0.028907
2665.000000 0.162616
2666.000000 0.088948
2667.000000 0.114704
2668.000000 0.080947
2669.000000 0.050132
2670.000000 0.261561
2671.000000 0.154614
2672.000000 0.079623
2673.000000 0.192338
2674.000000 0.130787
2675.000000 0.113616
2676.000000 0.053861
2677.000000 0.084312
2678.000000 0.077428
2679.000000 0.157579
2680.000000 0.046021
2681.000000 0.114428
2682.000000 0.169753
2683.000000 0.195930
2684.000000 0.169741
2685.000000 0.015115
2686.000000 0.268409
2687.000000 0.129759
2688.000000 0.054395
2689.000000 0.083889
2690.000000 0.138905
2691.000000 0.035028
2692.000000 0.042059
2693.000000 0.086710
2694.000000 0.182934
2695.000000 0.042875
2696.000000 0.195754
2697.000000 0.215669
2698.000000 0.054680
2699.000000 0.190028
2700.000000 0.055507
2701.000000 0.071007
2702.000000 0.076311
2703.000000 0.340066
2704.000000 0.151919
2705.000000 0.085650
2706.000000 0.175300
2707.000000 0.097540
2708.000000 0.114625
2709.000000 0.042517
2710.000000 0.203517
2711.000000 0.244074
2712.000000 0.149676
2713.000000 0.088441
2714.000000 0.083147
2715.000000 0.019119
2716.000000 0.092777
2717.000000 0.086373
2718.000000 0.108612
2719.000000 0.050995
2720.000000 0.176820
2721.000000 0.037615
2722.000000 0.028441
2723.000000 0.083799
2724.000000 0.239125
2725.000000 0.088356
2726.000000 0.064435
2727.000000 0.142924
2728.000000 0.153634
2729.000000 0.094175
2730.000000 0.037614
2731.000000 0.050261
2732.000000 0.025797
2733.000000 0.019700
2734.000000 0.146059
2735.000000 0.095865
2736.000000 0.074119
2737.000000 0.072960
2738.000000 0.127060
2739.000000 0.158556
2740.000000 0.046977
2741.000000 0.138630
2742.000000 0.102851
2743.000000 0.139030
2744.000000 0.132929
2745.000000 0.089735
2746.000000 0.173809
2747.000000 0.035649
2748.000000 0.156552
2749.000000 0.071919
2750.000000 0.081947
2751.000000 0.174696
2752.000000 0.054068
2753.000000 0.273055
2754.000000 0.054083
2755.000000 0.050325
2756.000000 0.140437
2757.000000 0.251299
2758.000000 0.023047
2759.000000 0.048031
2760.000000 0.069313
2761.000000 0.270038
2762.000000 0.119588
2763.000000 0.138423
2764.000000 0.198146
2765.000000 0.139150
2766.000000 0.155329
2767.000000 0.062432
2768.000000 0.086889
2769.000000 0.247335
2770.000000 0.073911
2771.000000 0.129960
2772.000000 0.047047
2773.000000 0.049578
2774.000000 0.092819
2775.000000 0.281592
2776.000000 0.182853
2777.000000 0.016404
2778.000000 0.139452
2779.000000 0.248209
2780.000000 0.203711
2781.000000 0.101990
2782.000000 0.031976
2783.000000 0.176915
2784.000000 0.200451
2785.000000 0.092887
2786.000000 0.042922
2787.000000 0.281228
2788.000000 0.157764
2789.000000 0.231236
2790.000000 0.188449
2791.000000 0.006037
2792.000000 0.120119
2793.000000 0.241595
2794.000000 0.065008
2795.000000 0.151216
2796.000000 0.105224
2797.000000 0.123050
2798.000000 0.033312
2799.000000 0.223794
2800.000000 0.234133
2801.000000 0.140467
2802.000000 0.142195
2803.000000 0.041663
2804.000000 0.038864
2805.000000 0.227287
2806.000000 0.053480
2807.000000 0.299659
2808.000000 0.175123
2809.000000 0.261035
2810.000000 0.171300
2811.000000 0.103976
2812.000000 0.088379
2813.000000 0.059927
2814.000000 0.154085
2815.000000 0.137764
2816.000000 0.159035
2817.000000 0.131012
2818.000000 0.167905
2819.000000 0.104659
2820.000000 0.128176
2821.000000 0.090002
2822.000000 0.151199
2823.000000 0.093712
2824.000000 0.193861
2825.000000 0.079487
2826.000000 0.081246
2827.000000 0.061389
2828.000000 0.081607
2829.000000 0.093009
2830.000000 0.176884
2831.000000 0.134925
2832.000000 0.137255
2833.000000 0.187318
2834.000000 0.210147
2835.000000 0.154897
2836.000000 0.110821
2837.000000 0.137453
2838.000000 0.098912
2839.000000 0.121868
2840.000000 0.131382
2841.000000 0.163406
2842.000000 0.103728
2843.000000 0.144281
2844.000000 0.130902
2845.000000 0.099275
2846.000000 0.142163
2847.000000 0.055671
2848.000000 0.154981
2849.000000 0.035399
2850.000000 0.038281
2851.000000 0.136426
2852.000000 0.198358
2853.000000 0.151779
2854.000000 0.151793
2855.000000 0.104669
2856.000000 0.054802
2857.000000 0.072692
2858.000000 0.170536
2859.000000 0.175884
2860.000000 0.230520
2861.000000 0.093078
2862.000000 0.112825
2863.000000 0.018680
2864.000000 0.321317
2865.000000 0.088731
2866.000000 0.147667
2867.000000 0.221939
2868.000000 0.258880
2869.000000 0.020705
2870.000000 0.123477
2871.000000 0.152619
2872.000000 0.034136
2873.000000 0.031593
2874.000000 0.188669
2875.000000 0.333458
2876.000000 0.110612
2877.000000 0.122210
2878.000000 0.282431
2879.000000 0.139224
2880.000000 0.069872
2881.000000 0.051329
2882.000000 0.254219
2883.000000 0.211032
2884.000000 0.101161
2885.000000 0.251590
2886.000000 0.085584
2887.000000 0.112364
2888.000000 0.067299
2889.000000 0.186960
2890.000000 0.125852
2891.000000 0.160847
2892.000000 0.119976
2893.000000 0.116353
2894.000000 0.226659
2895.000000 0.031850
2896.000000 0.091842
2897.000000 0.147058
2898.000000 0.079822
2899.000000 0.064393
2900.000000 0.035118
2901.000000 0.231645
2902.000000 0.183390
2903.000000 0.091210
2904.000000 0.168318
2905.000000 0.174480
2906.000000 0.046768
2907.000000 0.025427
2908.000000 0.034316
2909.000000 0.085100
2910.000000 0.113402
2911.000000 0.069285
2912.000000 0.252866
2913.000000 0.182219
2914.000000 0.055659
2915.000000 0.098583
2916.000000 0.086219
2917.000000 0.031463
2918.000000 0.081636
2919.000000 0.226679
2920.000000 0.111624
2921.000000 0.035008
2922.000000 0.094925
2923.000000 0.249484
2924.000000 0.167857
2925.000000 0.113623
2926.000000 0.027011
2927.000000 0.180563
2928.000000 0.160304
2929.000000 0.105765
2930.000000 0.147369
2931.000000 0.080256
2932.000000 0.112268
2933.000000 0.195604
2934.000000 0.063880
2935.000000 0.088576
2936.000000 0.090018
2937.000000 0.245570
2938.000000 0.103132
2939.000000 0.217197
2940.000000 0.073045
2941.000000 0.148774
2942.000000 0.097318
2943.000000 0.087067
2944.000000 0.061661
2945.000000 0.016801
2946.000000 0.163451
2947.000000 0.088094
2948.000000 0.220420
2949.000000 0.266412
2950.000000 0.202080
2951.000000 0.086667
2952.000000 0.114490
2953.000000 0.097626
2954.000000 0.141179
2955.000000 0.163404
2956.000000 0.044246
2957.000000 0.168458
2958.000000 0.170195
2959.000000 0.215352
2960.000000 0.227968
2961.000000 0.105662
2962.000000 0.163116
2963.000000 0.197701
2964.000000 0.155089
2965.000000 0.102171
2966.000000 0.263920
2967.000000 0.088372
2968.000000 0.138222
2969.000000 0.232040
2970.000000 0.121217
2971.000000 0.252947
2972.000000 0.142784
2973.000000 0.135761
2974.000000 0.078079
2975.000000 0.114345
2976.000000 0.108965
2977.000000 0.080888
2978.000000 0.039201
2979.000000 0.141397
2980.000000 0.081492
2981.000000 0.073514
2982.000000 0.127903
2983.000000 0.242842
2984.000000 0.216817
2985.000000 0.214338
2986.000000 0.094426
2987.000000 0.061167
2988.000000 0.076669
2989.000000 0.080877
2990.000000 0.166035
2991.000000 0.021903
2992.000000 0.162927
2993.000000 0.060226
2994.000000 0.165378
2995.000000 0.096223
2996.000000 0.050377
2997.000000 0.148665
2998.000000 0.077035
2999.000000 0.110906
3000.000000 0.047815
