0.000000 0.291765
1.000000 0.243906
2.000000 0.181819
3.000000 0.136957
4.000000 0.080376
5.000000 0.112905
6.000000 0.120503
7.000000 0.052515
8.000000 0.033342
9.000000 0.202534
10.000000 0.117211
11.000000 0.042285
12.000000 0.063519
13.000000 0.228060
14.000000 0.189322
15.000000 0.144096
16.000000 0.153672
17.000000 0.123714
18.000000 0.232620
19.000000 0.163926
20.000000 0.043258
21.000000 0.286561
22.000000 0.166479
23.000000 0.280972
24.000000 0.106564
25.000000 0.056667
26.000000 0.154394
27.000000 0.081288
28.000000 0.168597
29.000000 0.192063
30.000000 0.234491
31.000000 0.108838
32.000000 0.199991
33.000000 0.237644
34.000000 0.284532
35.000000 0.171861
36.000000 0.148187
37.000000 0.246222
38.000000 0.046890
39.000000 0.169089
40.000000 0.211833
41.000000 0.074462
42.000000 0.159641
43.000000 0.062486
44.000000 0.226130
45.000000 0.051115
46.000000 0.120600
47.000000 0.162890
48.000000 0.156181
49.000000 0.015437
50.000000 0.154479
51.000000 0.102879
52.000000 0.096543
53.000000 0.199377
54.000000 0.180921
55.000000 0.208143
56.000000 0.063312
57.000000 0.091082
58.000000 0.115169
59.000000 0.050727
60.000000 0.266064
61.000000 0.157342
62.000000 0.163742
63.000000 0.117723
64.000000 0.044353
65.000000 0.158176
66.000000 0.104586
67.000000 0.169076
68.000000 0.219632
69.000000 0.231107
70.000000 0.129758
71.000000 0.091804
72.000000 0.205360
73.000000 0.241607
74.000000 0.112650
75.000000 0.123387
76.000000 0.152454
77.000000 0.165286
78.000000 0.317206
79.000000 0.110074
80.000000 0.205786
81.000000 0.092489
82.000000 0.063787
83.000000 0.169438
84.000000 0.176654
85.000000 0.258596
86.000000 0.158903
87.000000 0.161817
88.000000 0.113020
89.000000 0.153585
90.000000 0.193387
91.000000 0.280233
92.000000 0.311495
93.000000 0.153001
94.000000 0.217702
95.000000 0.172339
96.000000 0.141105
97.000000 0.064749
98.000000 0.144122
99.000000 0.068692
100.000000 0.097354
101.000000 0.151126
102.000000 0.138001
103.000000 0.123445
104.000000 0.099055
105.000000 0.195272
106.000000 0.082386
107.000000 0.104189
108.000000 0.047508
109.000000 0.141736
110.000000 0.253896
111.000000 0.166875
112.000000 0.235379
113.000000 0.118661
114.000000 0.131443
115.000000 0.100221
116.000000 0.138888
117.000000 0.139867
118.000000 0.015201
119.000000 0.143155
120.000000 0.204399
121.000000 0.168081
122.000000 0.068925
123.000000 0.164027
124.000000 0.303388
125.000000 0.171189
126.000000 0.131313
127.000000 0.128994
128.000000 0.054036
129.000000 0.259449
130.000000 0.234262
131.000000 0.129810
132.000000 0.171026
133.000000 0.118333
134.000000 0.067187
135.000000 0.181238
136.000000 0.063006
137.000000 0.111077
138.000000 0.247944
139.000000 0.150984
140.000000 0.208584
141.000000 0.041753
142.000000 0.146427
143.000000 0.083721
144.000000 0.087328
145.000000 0.184764
146.000000 0.149030
147.000000 0.095486
148.000000 0.165156
149.000000 0.195803
150.000000 0.277035
151.000000 0.158207
152.000000 0.025283
153.000000 0.179591
154.000000 0.130072
155.000000 0.138021
156.000000 0.186077
157.000000 0.130066
158.000000 0.058981
159.000000 0.224352
160.000000 0.060017
161.000000 0.161244
162.000000 0.172166
163.000000 0.119380
164.000000 0.080102
165.000000 0.236710
166.000000 0.227549
167.000000 0.177273
168.000000 0.140159
169.000000 0.151623
170.000000 0.210201
171.000000 0.063049
172.000000 0.129940
173.000000 0.087736
174.000000 0.203148
175.000000 0.123046
176.000000 0.136590
177.000000 0.045715
178.000000 0.139463
179.000000 0.135041
180.000000 0.116143
181.000000 0.212502
182.000000 0.134207
183.000000 0.201447
184.000000 0.212156
185.000000 0.121093
186.000000 0.156037
187.000000 0.183101
188.000000 0.095997
189.000000 0.141290
190.000000 0.063086
191.000000 0.132813
192.000000 0.207339
193.000000 0.188048
194.000000 0.095451
195.000000 0.097642
196.000000 0.164803
197.000000 0.086730
198.000000 0.144655
199.000000 0.069228
200.000000 0.243096
201.000000 0.156093
202.000000 0.132526
203.000000 0.056388
204.000000 0.093090
205.000000 0.301627
206.000000 0.077205
207.000000 0.091523
208.000000 0.157536
209.000000 0.050192
210.000000 0.096268
211.000000 0.137623
212.000000 0.282016
213.000000 0.229595
214.000000 0.125407
215.000000 0.171355
216.000000 0.297309
217.000000 0.155174
218.000000 0.170967
219.000000 0.158954
220.000000 0.221813
221.000000 0.206580
222.000000 0.069163
223.000000 0.163893
224.000000 0.177009
225.000000 0.008975
226.000000 0.224155
227.000000 0.134196
228.000000 0.261472
229.000000 0.183183
230.000000 0.222335
231.000000 0.109146
232.000000 0.202392
233.000000 0.215503
234.000000 0.162964
235.000000 0.101781
236.000000 0.161638
237.000000 0.175984
238.000000 0.053574
239.000000 0.042054
240.000000 0.093248
241.000000 0.117629
242.000000 0.023065
243.000000 0.078653
244.000000 0.123477
245.000000 0.154288
246.000000 0.155776
247.000000 0.095098
248.000000 0.255549
249.000000 0.147008
250.000000 0.075156
251.000000 0.121762
252.000000 0.139482
253.000000 0.136228
254.000000 0.240988
255.000000 0.161326
256.000000 0.094662
257.000000 0.160321
258.000000 0.231543
259.000000 0.281547
260.000000 0.223124
261.000000 0.070221
262.000000 0.125985
263.000000 0.079551
264.000000 0.153023
265.000000 0.183584
266.000000 0.204783
267.000000 0.143430
268.000000 0.092341
269.000000 0.239259
270.000000 0.115655
271.000000 0.057524
272.000000 0.332422
273.000000 0.163117
274.000000 0.151635
275.000000 0.232858
276.000000 0.162376
277.000000 0.113197
278.000000 0.016912
279.000000 0.128384
280.000000 0.241681
281.000000 0.103584
282.000000 0.153379
283.000000 0.019947
284.000000 0.254807
285.000000 0.244642
286.000000 0.194702
287.000000 0.182478
288.000000 0.035544
289.000000 0.138708
290.000000 0.047724
291.000000 0.173073
292.000000 0.242741
293.000000 0.041499
294.000000 0.089847
295.000000 0.067176
296.000000 0.107343
297.000000 0.140418
298.000000 0.285868
299.000000 0.181968
300.000000 0.238513
301.000000 0.146929
302.000000 0.196287
303.000000 0.213712
304.000000 0.259176
305.000000 0.275402
306.000000 0.139283
307.000000 0.125240
308.000000 0.175603
309.000000 0.168572
310.000000 0.234693
311.000000 0.084443
312.000000 0.286156
313.000000 0.148185
314.000000 0.063267
315.000000 0.085341
316.000000 0.124075
317.000000 0.110096
318.000000 0.227745
319.000000 0.292547
320.000000 0.247036
321.000000 0.295228
322.000000 0.327050
323.000000 0.236360
324.000000 0.334983
325.000000 0.279933
326.000000 0.263280
327.000000 0.323635
328.000000 0.094291
329.000000 0.159508
330.000000 0.180600
331.000000 0.169152
332.000000 0.153517
333.000000 0.143931
334.000000 0.195028
335.000000 0.133976
336.000000 0.287212
337.000000 0.135192
338.000000 0.092898
339.000000 0.174659
340.000000 0.034719
341.000000 0.240607
342.000000 0.279418
343.000000 0.157007
344.000000 0.189749
345.000000 0.033773
346.000000 0.101351
347.000000 0.099585
348.000000 0.150589
349.000000 0.100890
350.000000 0.265189
351.000000 0.216277
352.000000 0.175089
353.000000 0.156130
354.000000 0.100566
355.000000 0.106134
356.000000 0.270525
357.000000 0.126883
358.000000 0.278593
359.000000 0.041990
360.000000 0.169182
361.000000 0.163501
362.000000 0.247791
363.000000 0.169794
364.000000 0.191518
365.000000 0.236191
366.000000 0.150998
367.000000 0.128778
368.000000 0.135326
369.000000 0.112279
370.000000 0.134268
371.000000 0.026294
372.000000 0.122049
373.000000 0.104991
374.000000 0.141497
375.000000 0.009290
376.000000 0.103273
377.000000 0.230180
378.000000 0.129054
379.000000 0.157825
380.000000 0.103056
381.000000 0.073189
382.000000 0.203598
383.000000 0.200538
384.000000 0.131683
385.000000 0.109339
386.000000 0.190476
387.000000 0.181708
388.000000 0.030491
389.000000 0.102090
390.000000 0.265770
391.000000 0.052549
392.000000 0.071592
393.000000 0.098584
394.000000 0.237163
395.000000 0.165220
396.000000 0.304494
397.000000 0.326629
398.000000 0.193538
399.000000 0.051956
400.000000 0.154658
401.000000 0.141246
402.000000 0.160624
403.000000 0.087990
404.000000 0.121098
405.000000 0.175056
406.000000 0.174342
407.000000 0.081147
408.000000 0.179421
409.000000 0.119173
410.000000 0.212595
411.000000 0.153889
412.000000 0.032699
413.000000 0.060335
414.000000 0.167250
415.000000 0.139722
416.000000 0.333671
417.000000 0.106452
418.000000 0.201842
419.000000 0.035469
420.000000 0.029350
421.000000 0.164204
422.000000 0.068966
423.000000 0.189428
424.000000 0.117685
425.000000 0.071532
426.000000 0.186143
427.000000 0.193588
428.000000 0.068280
429.000000 0.276946
430.000000 0.120882
431.000000 0.089525
432.000000 0.027996
433.000000 0.138602
434.000000 0.180776
435.000000 0.131618
436.000000 0.047285
437.000000 0.038504
438.000000 0.209718
439.000000 0.084257
440.000000 0.128666
441.000000 0.174896
442.000000 0.162436
443.000000 0.097431
444.000000 0.139132
445.000000 0.138640
446.000000 0.141650
447.000000 0.060221
448.000000 0.037002
449.000000 0.052685
450.000000 0.132837
451.000000 0.226469
452.000000 0.094736
453.000000 0.204522
454.000000 0.072967
455.000000 0.015727
456.000000 0.021130
457.000000 0.194996
458.000000 0.139154
459.000000 0.167117
460.000000 0.155277
461.000000 0.037611
462.000000 0.095890
463.000000 0.082632
464.000000 0.239777
465.000000 0.170561
466.000000 0.148584
467.000000 0.056645
468.000000 0.249510
469.000000 0.104078
470.000000 0.261572
471.000000 0.186134
472.000000 0.114714
473.000000 0.169079
474.000000 0.186339
475.000000 0.247410
476.000000 0.168974
477.000000 0.188760
478.000000 0.183615
479.000000 0.052755
480.000000 0.169759
481.000000 0.077519
482.000000 0.137767
483.000000 0.012417
484.000000 0.040039
485.000000 0.316828
486.000000 0.192112
487.000000 0.113106
488.000000 0.148831
489.000000 0.103697
490.000000 0.074176
491.000000 0.143062
492.000000 0.221095
493.000000 0.193523
494.000000 0.214361
495.000000 0.121966
496.000000 0.147903
497.000000 0.123929
498.000000 0.099705
499.000000 0.073065
500.000000 0.196302
501.000000 0.120845
502.000000 0.107033
503.000000 0.096012
504.000000 0.120678
505.000000 0.074780
506.000000 0.147817
507.000000 0.008681
508.000000 0.237960
509.000000 0.180554
510.000000 0.185449
511.000000 0.158941
512.000000 0.144384
513.000000 0.154525
514.000000 0.221154
515.000000 0.152945
516.000000 0.221231
517.000000 0.221629
518.000000 0.293911
519.000000 0.092262
520.000000 0.069192
521.000000 0.107646
522.000000 0.194619
523.000000 0.125586
524.000000 0.154803
525.000000 0.127516
526.000000 0.095894
527.000000 0.107446
528.000000 0.203387
529.000000 0.184191
530.000000 0.111240
531.000000 0.171043
532.000000 0.209303
533.000000 0.162747
534.000000 0.294439
535.000000 0.179290
536.000000 0.164614
537.000000 0.094828
538.000000 0.160450
539.000000 0.174722
540.000000 0.188056
541.000000 0.128952
542.000000 0.019026
543.000000 0.167248
544.000000 0.115904
545.000000 0.122842
546.000000 0.224225
547.000000 0.239438
548.000000 0.107977
549.000000 0.120502
550.000000 0.154013
551.000000 0.344386
552.000000 0.132831
553.000000 0.121811
554.000000 0.124441
555.000000 0.220105
556.000000 0.124465
557.000000 0.103195
558.000000 0.146088
559.000000 0.112243
560.000000 0.174000
561.000000 0.262972
562.000000 0.283541
563.000000 0.234945
564.000000 0.224542
565.000000 0.111857
566.000000 0.135151
567.000000 0.197520
568.000000 0.276514
569.000000 0.127155
570.000000 0.144635
571.000000 0.198243
572.000000 0.184261
573.000000 0.161930
574.000000 0.148415
575.000000 0.212439
576.000000 0.047540
577.000000 0.051104
578.000000 0.109048
579.000000 0.121358
580.000000 0.036583
581.000000 0.188177
582.000000 0.076713
583.000000 0.046195
584.000000 0.181103
585.000000 0.113505
586.000000 0.178713
587.000000 0.072565
588.000000 0.130722
589.000000 0.181370
590.000000 0.063169
591.000000 0.121233
592.000000 0.250737
593.000000 0.100913
594.000000 0.241886
595.000000 0.054458
596.000000 0.047618
597.000000 0.015903
598.000000 0.068258
599.000000 0.090205
600.000000 0.064954
601.000000 0.284026
602.000000 0.100674
603.000000 0.063250
604.000000 0.125021
605.000000 0.104437
606.000000 0.289660
607.000000 0.148463
608.000000 0.206449
609.000000 0.148563
610.000000 0.219608
611.000000 0.230773
612.000000 0.244220
613.000000 0.225220
614.000000 0.220218
615.000000 0.220629
616.000000 0.198923
617.000000 0.232739
618.000000 0.233773
619.000000 0.222263
620.000000 0.178369
621.000000 0.222297
622.000000 0.162727
623.000000 0.151029
624.000000 0.157538
625.000000 0.124012
626.000000 0.152010
627.000000 0.194568
628.000000 0.177633
629.000000 0.088826
630.000000 0.234316
631.000000 0.125762
632.000000 0.248206
633.000000 0.114687
634.000000 0.022196
635.000000 0.200816
636.000000 0.171869
637.000000 0.225030
638.000000 0.242381
639.000000 0.256853
640.000000 0.078755
641.000000 0.229276
642.000000 0.237124
643.000000 0.294212
644.000000 0.260704
645.000000 0.236008
646.000000 0.242572
647.000000 0.192530
648.000000 0.068407
649.000000 0.192798
650.000000 0.201003
651.000000 0.126773
652.000000 0.114446
653.000000 0.343824
654.000000 0.092990
655.000000 0.146480
656.000000 0.135279
657.000000 0.172332
658.000000 0.209748
659.000000 0.136518
660.000000 0.345302
661.000000 0.170969
662.000000 0.107491
663.000000 0.201029
664.000000 0.120663
665.000000 0.246753
666.000000 0.258811
667.000000 0.110124
668.000000 0.104043
669.000000 0.100143
670.000000 0.317167
671.000000 0.124427
672.000000 0.129059
673.000000 0.093684
674.000000 0.087575
675.000000 0.094773
676.000000 0.204063
677.000000 0.267658
678.000000 0.233892
679.000000 0.128851
680.000000 0.224121
681.000000 0.139865
682.000000 0.146098
683.000000 0.256010
684.000000 0.300747
685.000000 0.182629
686.000000 0.235685
687.000000 0.205625
688.000000 0.070393
689.000000 0.125529
690.000000 0.195496
691.000000 0.331558
692.000000 0.241720
693.000000 0.293285
694.000000 0.131538
695.000000 0.080166
696.000000 0.251267
697.000000 0.204052
698.000000 0.155788
699.000000 0.250785
700.000000 0.134498
701.000000 0.133285
702.000000 0.106389
703.000000 0.068313
704.000000 0.085748
705.000000 0.175926
706.000000 0.146110
707.000000 0.129179
708.000000 0.061091
709.000000 0.110636
710.000000 0.256676
711.000000 0.345635
712.000000 0.149722
713.000000 0.122364
714.000000 0.300600
715.000000 0.237299
716.000000 0.342534
717.000000 0.229587
718.000000 0.266461
719.000000 0.258976
720.000000 0.081615
721.000000 0.378168
722.000000 0.169367
723.000000 0.208708
724.000000 0.166761
725.000000 0.224129
726.000000 0.168442
727.000000 0.177229
728.000000 0.129996
729.000000 0.098650
730.000000 0.095500
731.000000 0.048888
732.000000 0.142918
733.000000 0.201664
734.000000 0.131790
735.000000 0.262715
736.000000 0.167097
737.000000 0.268699
738.000000 0.230667
739.000000 0.337869
740.000000 0.221216
741.000000 0.205630
742.000000 0.108506
743.000000 0.089509
744.000000 0.116237
745.000000 0.197716
746.000000 0.107694
747.000000 0.152348
748.000000 0.120906
749.000000 0.222880
750.000000 0.156047
751.000000 0.097242
752.000000 0.163957
753.000000 0.120739
754.000000 0.239083
755.000000 0.125592
756.000000 0.240330
757.000000 0.117116
758.000000 0.123373
759.000000 0.138437
760.000000 0.199458
761.000000 0.152040
762.000000 0.256092
763.000000 0.098232
764.000000 0.188106
765.000000 0.165071
766.000000 0.118853
767.000000 0.125323
768.000000 0.112403
769.000000 0.190727
770.000000 0.160343
771.000000 0.164269
772.000000 0.195543
773.000000 0.152222
774.000000 0.077245
775.000000 0.119436
776.000000 0.289619
777.000000 0.201749
778.000000 0.151362
779.000000 0.045123
780.000000 0.138825
781.000000 0.175983
782.000000 0.271381
783.000000 0.338712
784.000000 0.215461
785.000000 0.116300
786.000000 0.213281
787.000000 0.218105
788.000000 0.195752
789.000000 0.311765
790.000000 0.147297
791.000000 0.293405
792.000000 0.115439
793.000000 0.103452
794.000000 0.278660
795.000000 0.338710
796.000000 0.177239
797.000000 0.100217
798.000000 0.079036
799.000000 0.135672
800.000000 0.039238
801.000000 0.108919
802.000000 0.114376
803.000000 0.054265
804.000000 0.090403
805.000000 0.124707
806.000000 0.076816
807.000000 0.027049
808.000000 0.100829
809.000000 0.234079
810.000000 0.223004
811.000000 0.208917
812.000000 0.084296
813.000000 0.066408
814.000000 0.131981
815.000000 0.219868
816.000000 0.197809
817.000000 0.194908
818.000000 0.081556
819.000000 0.161859
820.000000 0.201368
821.000000 0.155114
822.000000 0.214473
823.000000 0.215201
824.000000 0.225605
825.000000 0.134805
826.000000 0.103731
827.000000 0.288956
828.000000 0.097461
829.000000 0.230954
830.000000 0.232454
831.000000 0.110015
832.000000 0.267850
833.000000 0.092248
834.000000 0.136172
835.000000 0.149076
836.000000 0.233016
837.000000 0.184352
838.000000 0.083902
839.000000 0.049429
840.000000 0.392935
841.000000 0.237208
842.000000 0.168477
843.000000 0.280337
844.000000 0.113807
845.000000 0.274726
846.000000 0.065767
847.000000 0.090005
848.000000 0.080447
849.000000 0.167312
850.000000 0.113196
851.000000 0.074976
852.000000 0.107406
853.000000 0.226370
854.000000 0.080752
855.000000 0.157812
856.000000 0.330607
857.000000 0.180890
858.000000 0.176343
859.000000 0.274953
860.000000 0.088348
861.000000 0.192762
862.000000 0.199658
863.000000 0.177420
864.000000 0.147789
865.000000 0.172435
866.000000 0.177746
867.000000 0.218297
868.000000 0.240457
869.000000 0.150706
870.000000 0.280847
871.000000 0.236041
872.000000 0.233633
873.000000 0.070369
874.000000 0.228827
875.000000 0.085161
876.000000 0.082811
877.000000 0.093251
878.000000 0.203983
879.000000 0.120172
880.000000 0.183065
881.000000 0.259298
882.000000 0.232019
883.000000 0.320383
884.000000 0.241668
885.000000 0.226547
886.000000 0.177974
887.000000 0.274069
888.000000 0.198370
889.000000 0.193427
890.000000 0.141328
891.000000 0.120050
892.000000 0.164596
893.000000 0.293887
894.000000 0.132957
895.000000 0.208524
896.000000 0.108685
897.000000 0.200330
898.000000 0.216612
899.000000 0.261637
900.000000 0.075559
901.000000 0.020890
902.000000 0.258690
903.000000 0.176268
904.000000 0.289920
905.000000 0.188623
906.000000 0.278161
907.000000 0.257657
908.000000 0.068114
909.000000 0.221115
910.000000 0.109198
911.000000 0.209694
912.000000 0.076886
913.000000 0.140250
914.000000 0.276191
915.000000 0.145225
916.000000 0.218692
917.000000 0.203928
918.000000 0.138068
919.000000 0.191169
920.000000 0.223438
921.000000 0.152592
922.000000 0.105012
923.000000 0.176238
924.000000 0.200075
925.000000 0.061296
926.000000 0.161520
927.000000 0.217274
928.000000 0.317836
929.000000 0.205172
930.000000 0.130412
931.000000 0.137383
932.000000 0.070451
933.000000 0.074043
934.000000 0.047894
935.000000 0.119797
936.000000 0.091094
937.000000 0.033673
938.000000 0.174983
939.000000 0.182620
940.000000 0.221183
941.000000 0.171167
942.000000 0.221978
943.000000 0.394595
944.000000 0.318518
945.000000 0.303482
946.000000 0.206953
947.000000 0.264639
948.000000 0.132177
949.000000 0.105627
950.000000 0.118120
951.000000 0.154720
952.000000 0.162295
953.000000 0.134474
954.000000 0.159547
955.000000 0.204141
956.000000 0.192399
957.000000 0.079778
958.000000 0.122676
959.000000 0.181302
960.000000 0.307458
961.000000 0.161457
962.000000 0.175057
963.000000 0.321617
964.000000 0.211443
965.000000 0.079169
966.000000 0.145216
967.000000 0.159144
968.000000 0.215827
969.000000 0.141211
970.000000 0.282610
971.000000 0.273679
972.000000 0.071865
973.000000 0.180287
974.000000 0.041447
975.000000 0.084781
976.000000 0.138195
977.000000 0.265220
978.000000 0.135715
979.000000 0.030392
980.000000 0.071437
981.000000 0.173808
982.000000 0.246318
983.000000 0.256232
984.000000 0.144945
985.000000 0.185091
986.000000 0.080819
987.000000 0.189732
988.000000 0.133204
989.000000 0.137867
990.000000 0.211928
991.000000 0.103378
992.000000 0.162122
993.000000 0.204018
994.000000 0.025310
995.000000 0.305694
996.000000 0.240719
997.000000 0.303233
998.000000 0.121765
999.000000 0.210074
1000.000000 0.088783
1001.000000 0.099880
1002.000000 0.163927
1003.000000 0.200953
1004.000000 0.237426
1005.000000 0.121517
1006.000000 0.229035
1007.000000 0.034637
1008.000000 0.154621
1009.000000 0.081648
1010.000000 0.070713
1011.000000 0.223940
1012.000000 0.125142
1013.000000 0.176328
1014.000000 0.191482
1015.000000 0.252869
1016.000000 0.062679
1017.000000 0.202376
1018.000000 0.105469
1019.000000 0.224392
1020.000000 0.160324
1021.000000 0.060257
1022.000000 0.149817
1023.000000 0.183491
1024.000000 0.069736
1025.000000 0.377937
1026.000000 0.110501
1027.000000 0.064963
1028.000000 0.236832
1029.000000 0.196613
1030.000000 0.131931
1031.000000 0.100572
1032.000000 0.093939
1033.000000 0.246488
1034.000000 0.189534
1035.000000 0.121339
1036.000000 0.276314
1037.000000 0.221930
1038.000000 0.230442
1039.000000 0.184048
1040.000000 0.104416
1041.000000 0.073957
1042.000000 0.039387
1043.000000 0.065483
1044.000000 0.120834
1045.000000 0.142909
1046.000000 0.096991
1047.000000 0.065847
1048.000000 0.221363
1049.000000 0.098345
1050.000000 0.062055
1051.000000 0.165019
1052.000000 0.268273
1053.000000 0.354909
1054.000000 0.290805
1055.000000 0.044261
1056.000000 0.163694
1057.000000 0.274933
1058.000000 0.241405
1059.000000 0.126330
1060.000000 0.182031
1061.000000 0.207908
1062.000000 0.253087
1063.000000 0.247868
1064.000000 0.315549
1065.000000 0.156745
1066.000000 0.178390
1067.000000 0.256480
1068.000000 0.163654
1069.000000 0.171916
1070.000000 0.173848
1071.000000 0.012401
1072.000000 0.244896
1073.000000 0.167649
1074.000000 0.049465
1075.000000 0.269431
1076.000000 0.150024
1077.000000 0.047286
1078.000000 0.114324
1079.000000 0.179806
1080.000000 0.216351
1081.000000 0.180656
1082.000000 0.070878
1083.000000 0.052416
1084.000000 0.187596
1085.000000 0.035261
1086.000000 0.050093
1087.000000 0.219525
1088.000000 0.161800
1089.000000 0.058774
1090.000000 0.168001
1091.000000 0.218078
1092.000000 0.243975
1093.000000 0.183661
1094.000000 0.123380
1095.000000 0.073234
1096.000000 0.041538
1097.000000 0.088837
1098.000000 0.185377
1099.000000 0.243137
1100.000000 0.236719
1101.000000 0.164252
1102.000000 0.360355
1103.000000 0.025098
1104.000000 0.126317
1105.000000 0.088190
1106.000000 0.097834
1107.000000 0.124705
1108.000000 0.222097
1109.000000 0.111115
1110.000000 0.185712
1111.000000 0.141373
1112.000000 0.159296
1113.000000 0.228497
1114.000000 0.183955
1115.000000 0.055114
1116.000000 0.152345
1117.000000 0.161640
1118.000000 0.150475
1119.000000 0.240531
1120.000000 0.100593
1121.000000 0.187068
1122.000000 0.117072
1123.000000 0.062794
1124.000000 0.279715
1125.000000 0.158425
1126.000000 0.065384
1127.000000 0.327603
1128.000000 0.120384
1129.000000 0.089831
1130.000000 0.127272
1131.000000 0.154236
1132.000000 0.245437
1133.000000 0.190613
1134.000000 0.181737
1135.000000 0.224329
1136.000000 0.014808
1137.000000 0.151311
1138.000000 0.186989
1139.000000 0.234961
1140.000000 0.118360
1141.000000 0.263861
1142.000000 0.013681
1143.000000 0.278939
1144.000000 0.214268
1145.000000 0.186671
1146.000000 0.189484
1147.000000 0.225702
1148.000000 0.091374
1149.000000 0.191176
1150.000000 0.202883
1151.000000 0.232442
1152.000000 0.213526
1153.000000 0.100194
1154.000000 0.148443
1155.000000 0.292123
1156.000000 0.240951
1157.000000 0.081829
1158.000000 0.062077
1159.000000 0.084016
1160.000000 0.064645
1161.000000 0.161856
1162.000000 0.102574
1163.000000 0.066132
1164.000000 0.200132
1165.000000 0.195181
1166.000000 0.194385
1167.000000 0.130521
1168.000000 0.166842
1169.000000 0.231760
1170.000000 0.263558
1171.000000 0.196273
1172.000000 0.171152
1173.000000 0.083092
1174.000000 0.029779
1175.000000 0.138495
1176.000000 0.160495
1177.000000 0.172355
1178.000000 0.152529
1179.000000 0.080637
1180.000000 0.160199
1181.000000 0.319663
1182.000000 0.092766
1183.000000 0.048867
1184.000000 0.206539
1185.000000 0.192331
1186.000000 0.188770
1187.000000 0.157282
1188.000000 0.026129
1189.000000 0.250733
1190.000000 0.175449
1191.000000 0.220658
1192.000000 0.047344
1193.000000 0.139591
1194.000000 0.094495
1195.000000 0.071315
1196.000000 0.139924
1197.000000 0.182893
1198.000000 0.144275
1199.000000 0.272826
1200.000000 0.145129
1201.000000 0.125583
1202.000000 0.152327
1203.000000 0.073972
1204.000000 0.164589
1205.000000 0.172076
1206.000000 0.162540
1207.000000 0.064989
1208.000000 0.187278
1209.000000 0.243050
1210.000000 0.354403
1211.000000 0.124697
1212.000000 0.126564
1213.000000 0.322811
1214.000000 0.330654
1215.000000 0.157483
1216.000000 0.232068
1217.000000 0.073500
1218.000000 0.117360
1219.000000 0.302095
1220.000000 0.244932
1221.000000 0.203411
1222.000000 0.147068
1223.000000 0.126351
1224.000000 0.155537
1225.000000 0.145756
1226.000000 0.276333
1227.000000 0.164162
1228.000000 0.093824
1229.000000 0.150143
1230.000000 0.259946
1231.000000 0.134619
1232.000000 0.160213
1233.000000 0.068320
1234.000000 0.084069
1235.000000 0.139521
1236.000000 0.242015
1237.000000 0.088030
1238.000000 0.052101
1239.000000 0.126514
1240.000000 0.164256
1241.000000 0.145704
1242.000000 0.188019
1243.000000 0.095065
1244.000000 0.207227
1245.000000 0.196656
1246.000000 0.263051
1247.000000 0.186392
1248.000000 0.106937
1249.000000 0.073457
1250.000000 0.143923
1251.000000 0.086838
1252.000000 0.194911
1253.000000 0.244476
1254.000000 0.246153
1255.000000 0.325886
1256.000000 0.114364
1257.000000 0.036273
1258.000000 0.056252
1259.000000 0.052921
1260.000000 0.281834
1261.000000 0.244633
1262.000000 0.113551
1263.000000 0.250219
1264.000000 0.170659
1265.000000 0.113016
1266.000000 0.188465
1267.000000 0.107976
1268.000000 0.110323
1269.000000 0.051541
1270.000000 0.109942
1271.000000 0.039461
1272.000000 0.204675
1273.000000 0.152124
1274.000000 0.183187
1275.000000 0.324463
1276.000000 0.308923
1277.000000 0.141546
1278.000000 0.197388
1279.000000 0.267538
1280.000000 0.169054
1281.000000 0.046765
1282.000000 0.089049
1283.000000 0.257754
1284.000000 0.092981
1285.000000 0.054763
1286.000000 0.052956
1287.000000 0.146543
1288.000000 0.115933
1289.000000 0.114678
1290.000000 0.157529
1291.000000 0.097235
1292.000000 0.287468
1293.000000 0.116595
1294.000000 0.094002
1295.000000 0.208218
1296.000000 0.164914
1297.000000 0.131957
1298.000000 0.143168
1299.000000 0.079915
1300.000000 0.145540
1301.000000 0.224612
1302.000000 0.185015
1303.000000 0.105313
1304.000000 0.262323
1305.000000 0.179625
1306.000000 0.320035
1307.000000 0.157169
1308.000000 0.183362
1309.000000 0.142961
1310.000000 0.247772
1311.000000 0.019258
1312.000000 0.157178
1313.000000 0.079266
1314.000000 0.088620
1315.000000 0.131033
1316.000000 0.203116
1317.000000 0.036400
1318.000000 0.106093
1319.000000 0.226933
1320.000000 0.067787
1321.000000 0.085857
1322.000000 0.141306
1323.000000 0.135581
1324.000000 0.226055
1325.000000 0.163958
1326.000000 0.250564
1327.000000 0.268601
1328.000000 0.116753
1329.000000 0.171411
1330.000000 0.230768
1331.000000 0.118180
1332.000000 0.310924
1333.000000 0.212995
1334.000000 0.146460
1335.000000 0.140044
1336.000000 0.239936
1337.000000 0.171830
1338.000000 0.113752
1339.000000 0.228358
1340.000000 0.185900
1341.000000 0.070629
1342.000000 0.108754
1343.000000 0.217098
1344.000000 0.149764
1345.000000 0.330165
1346.000000 0.082446
1347.000000 0.175398
1348.000000 0.134952
1349.000000 0.191442
1350.000000 0.232162
1351.000000 0.102788
1352.000000 0.207165
1353.000000 0.304136
1354.000000 0.185980
1355.000000 0.205210
1356.000000 0.209825
1357.000000 0.065667
1358.000000 0.106137
1359.000000 0.168749
1360.000000 0.183642
1361.000000 0.073494
1362.000000 0.024814
1363.000000 0.069978
1364.000000 0.089380
1365.000000 0.164810
1366.000000 0.163938
1367.000000 0.217661
1368.000000 0.067316
1369.000000 0.136078
1370.000000 0.192220
1371.000000 0.169238
1372.000000 0.188132
1373.000000 0.103029
1374.000000 0.123376
1375.000000 0.153473
1376.000000 0.104773
1377.000000 0.176694
1378.000000 0.239148
1379.000000 0.086774
1380.000000 0.145599
1381.000000 0.100551
1382.000000 0.302304
1383.000000 0.177470
1384.000000 0.222092
1385.000000 0.077716
1386.000000 0.060540
1387.000000 0.258013
1388.000000 0.165194
1389.000000 0.071890
1390.000000 0.145059
1391.000000 0.123567
1392.000000 0.128999
1393.000000 0.063052
1394.000000 0.079277
1395.000000 0.073776
1396.000000 0.049995
1397.000000 0.102389
1398.000000 0.078850
1399.000000 0.116630
1400.000000 0.095740
1401.000000 0.125185
1402.000000 0.080073
1403.000000 0.188913
1404.000000 0.182377
1405.000000 0.113347
1406.000000 0.218963
1407.000000 0.157046
1408.000000 0.125638
1409.000000 0.034436
1410.000000 0.220497
1411.000000 0.089597
1412.000000 0.139476
1413.000000 0.125219
1414.000000 0.105124
1415.000000 0.140104
1416.000000 0.237798
1417.000000 0.256928
1418.000000 0.175618
1419.000000 0.088022
1420.000000 0.155240
1421.000000 0.162508
1422.000000 0.164220
1423.000000 0.150780
1424.000000 0.060253
1425.000000 0.233414
1426.000000 0.243779
1427.000000 0.164238
1428.000000 0.145770
1429.000000 0.179719
1430.000000 0.033176
1431.000000 0.166019
1432.000000 0.137181
1433.000000 0.110366
1434.000000 0.017468
1435.000000 0.146524
1436.000000 0.205760
1437.000000 0.219608
1438.000000 0.175224
1439.000000 0.179313
1440.000000 0.223778
1441.000000 0.137148
1442.000000 0.201922
1443.000000 0.157375
1444.000000 0.070391
1445.000000 0.219218
1446.000000 0.167215
1447.000000 0.216990
1448.000000 0.106754
1449.000000 0.037166
1450.000000 0.032063
1451.000000 0.263916
1452.000000 0.140879
1453.000000 0.174382
1454.000000 0.213258
1455.000000 0.257981
1456.000000 0.181365
1457.000000 0.157254
1458.000000 0.071641
1459.000000 0.279122
1460.000000 0.302565
1461.000000 0.176771
1462.000000 0.192041
1463.000000 0.111182
1464.000000 0.165150
1465.000000 0.168458
1466.000000 0.184396
1467.000000 0.171244
1468.000000 0.139996
1469.000000 0.168405
1470.000000 0.080528
1471.000000 0.123122
1472.000000 0.118797
1473.000000 0.095455
1474.000000 0.219215
1475.000000 0.207237
1476.000000 0.167697
1477.000000 0.304840
1478.000000 0.260337
1479.000000 0.239147
1480.000000 0.207403
1481.000000 0.107193
1482.000000 0.198749
1483.000000 0.095165
1484.000000 0.137849
1485.000000 0.060972
1486.000000 0.023836
1487.000000 0.080681
1488.000000 0.045300
1489.000000 0.148206
1490.000000 0.180443
1491.000000 0.206147
1492.000000 0.136723
1493.000000 0.159878
1494.000000 0.258218
1495.000000 0.195504
1496.000000 0.223341
1497.000000 0.185003
1498.000000 0.232706
1499.000000 0.152048
1500.000000 0.125610
1501.000000 0.126767
1502.000000 0.130817
1503.000000 0.148703
1504.000000 0.058663
1505.000000 0.148029
1506.000000 0.065058
1507.000000 0.206412
1508.000000 0.090832
1509.000000 0.129768
1510.000000 0.149283
1511.000000 0.208997
1512.000000 0.088705
1513.000000 0.091153
1514.000000 0.055735
1515.000000 0.162804
1516.000000 0.110145
1517.000000 0.189411
1518.000000 0.199659
1519.000000 0.187651
1520.000000 0.136738
1521.000000 0.149464
1522.000000 0.093804
1523.000000 0.172857
1524.000000 0.202739
1525.000000 0.110882
1526.000000 0.089625
1527.000000 0.338320
1528.000000 0.283684
1529.000000 0.199111
1530.000000 0.143525
1531.000000 0.122089
1532.000000 0.172618
1533.000000 0.264643
1534.000000 0.144995
1535.000000 0.241718
1536.000000 0.228910
1537.000000 0.085970
1538.000000 0.146570
1539.000000 0.233077
1540.000000 0.235154
1541.000000 0.133781
1542.000000 0.119328
1543.000000 0.243738
1544.000000 0.195395
1545.000000 0.175877
1546.000000 0.024118
1547.000000 0.223347
1548.000000 0.106726
1549.000000 0.110073
1550.000000 0.245691
1551.000000 0.054942
1552.000000 0.159064
1553.000000 0.162719
1554.000000 0.130051
1555.000000 0.121411
1556.000000 0.181717
1557.000000 0.137703
1558.000000 0.227276
1559.000000 0.109281
1560.000000 0.171989
1561.000000 0.194961
1562.000000 0.155418
1563.000000 0.265189
1564.000000 0.131603
1565.000000 0.269760
1566.000000 0.070875
1567.000000 0.191618
1568.000000 0.175910
1569.000000 0.120395
1570.000000 0.097151
1571.000000 0.244705
1572.000000 0.209566
1573.000000 0.221561
1574.000000 0.329553
1575.000000 0.065256
1576.000000 0.080856
1577.000000 0.308875
1578.000000 0.039325
1579.000000 0.142222
1580.000000 0.062195
1581.000000 0.144949
1582.000000 0.207095
1583.000000 0.135465
1584.000000 0.230507
1585.000000 0.273703
1586.000000 0.262020
1587.000000 0.169087
1588.000000 0.210632
1589.000000 0.142597
1590.000000 0.118998
1591.000000 0.264769
1592.000000 0.147421
1593.000000 0.133859
1594.000000 0.071344
1595.000000 0.017043
1596.000000 0.027582
1597.000000 0.112709
1598.000000 0.065597
1599.000000 0.134246
1600.000000 0.251998
1601.000000 0.139121
1602.000000 0.087960
1603.000000 0.117751
1604.000000 0.140540
1605.000000 0.069105
1606.000000 0.154153
1607.000000 0.102776
1608.000000 0.111527
1609.000000 0.187652
1610.000000 0.037827
1611.000000 0.032587
1612.000000 0.057898
1613.000000 0.072614
1614.000000 0.206053
1615.000000 0.156209
1616.000000 0.245383
1617.000000 0.295187
1618.000000 0.117749
1619.000000 0.033303
1620.000000 0.123728
1621.000000 0.117408
1622.000000 0.191087
1623.000000 0.121565
1624.000000 0.167165
1625.000000 0.109294
1626.000000 0.259794
1627.000000 0.049598
1628.000000 0.063537
1629.000000 0.159730
1630.000000 0.076066
1631.000000 0.099327
1632.000000 0.118017
1633.000000 0.188316
1634.000000 0.171605
1635.000000 0.112605
1636.000000 0.219196
1637.000000 0.201044
1638.000000 0.146489
1639.000000 0.117188
1640.000000 0.130367
1641.000000 0.178645
1642.000000 0.073248
1643.000000 0.129216
1644.000000 0.186763
1645.000000 0.038628
1646.000000 0.190750
1647.000000 0.223206
1648.000000 0.110986
1649.000000 0.084459
1650.000000 0.297816
1651.000000 0.126347
1652.000000 0.174341
1653.000000 0.150211
1654.000000 0.105517
1655.000000 0.267473
1656.000000 0.049165
1657.000000 0.209173
1658.000000 0.124508
1659.000000 0.128422
1660.000000 0.188371
1661.000000 0.212847
1662.000000 0.080598
1663.000000 0.179001
1664.000000 0.062483
1665.000000 0.130390
1666.000000 0.050351
1667.000000 0.128193
1668.000000 0.189590
1669.000000 0.179055
1670.000000 0.178723
1671.000000 0.146635
1672.000000 0.103282
1673.000000 0.066767
1674.000000 0.196228
1675.000000 0.091088
1676.000000 0.141846
1677.000000 0.162716
1678.000000 0.292880
1679.000000 0.091619
1680.000000 0.092325
1681.000000 0.151877
1682.000000 0.032154
1683.000000 0.204934
1684.000000 0.097463
1685.000000 0.193712
1686.000000 0.124482
1687.000000 0.162888
1688.000000 0.159426
1689.000000 0.167389
1690.000000 0.047095
1691.000000 0.106369
1692.000000 0.184980
1693.000000 0.210034
1694.000000 0.087097
1695.000000 0.208218
1696.000000 0.144514
1697.000000 0.159330
1698.000000 0.197492
1699.000000 0.273924
1700.000000 0.150228
1701.000000 0.191840
1702.000000 0.145311
1703.000000 0.137258
1704.000000 0.162746
1705.000000 0.118114
1706.000000 0.086417
1707.000000 0.204533
1708.000000 0.204770
1709.000000 0.133216
1710.000000 0.093684
1711.000000 0.099489
1712.000000 0.157986
1713.000000 0.197661
1714.000000 0.110512
1715.000000 0.081723
1716.000000 0.165988
1717.000000 0.115836
1718.000000 0.080812
1719.000000 0.161512
1720.000000 0.142735
1721.000000 0.217417
1722.000000 0.158117
1723.000000 0.065992
1724.000000 0.050961
1725.000000 0.103526
1726.000000 0.168647
1727.000000 0.039050
1728.000000 0.132118
1729.000000 0.048622
1730.000000 0.249029
1731.000000 0.289888
1732.000000 0.171150
1733.000000 0.138536
1734.000000 0.284995
1735.000000 0.157718
1736.000000 0.224925
1737.000000 0.207232
1738.000000 0.251543
1739.000000 0.224984
1740.000000 0.150715
1741.000000 0.165197
1742.000000 0.134554
1743.000000 0.145619
1744.000000 0.199504
1745.000000 0.073161
1746.000000 0.099250
1747.000000 0.264011
1748.000000 0.160943
1749.000000 0.100530
1750.000000 0.185331
1751.000000 0.105609
1752.000000 0.139464
1753.000000 0.069132
1754.000000 0.266259
1755.000000 0.049216
1756.000000 0.078559
1757.000000 0.237047
1758.000000 0.206641
1759.000000 0.067088
1760.000000 0.124247
1761.000000 0.240748
1762.000000 0.172088
1763.000000 0.174473
1764.000000 0.263765
1765.000000 0.025343
1766.000000 0.078802
1767.000000 0.167845
1768.000000 0.177497
1769.000000 0.267387
1770.000000 0.245722
1771.000000 0.179889
1772.000000 0.084894
1773.000000 0.164675
1774.000000 0.119908
1775.000000 0.208117
1776.000000 0.179042
1777.000000 0.115905
1778.000000 0.199546
1779.000000 0.103403
1780.000000 0.175074
1781.000000 0.207886
1782.000000 0.265755
1783.000000 0.069531
1784.000000 0.158573
1785.000000 0.034840
1786.000000 0.036517
1787.000000 0.081475
1788.000000 0.142877
1789.000000 0.285018
1790.000000 0.061978
1791.000000 0.089236
1792.000000 0.154186
1793.000000 0.191178
1794.000000 0.050045
1795.000000 0.127183
1796.000000 0.206084
1797.000000 0.216072
1798.000000 0.223116
1799.000000 0.130445
1800.000000 0.177912
1801.000000 0.161188
1802.000000 0.263137
1803.000000 0.168003
1804.000000 0.150555
1805.000000 0.097895
1806.000000 0.152013
1807.000000 0.191026
1808.000000 0.041825
1809.000000 0.135208
1810.000000 0.200452
1811.000000 0.187060
1812.000000 0.180416
1813.000000 0.200903
1814.000000 0.062802
1815.000000 0.172451
1816.000000 0.108075
1817.000000 0.054277
1818.000000 0.259066
1819.000000 0.160017
1820.000000 0.114745
1821.000000 0.318014
1822.000000 0.189575
1823.000000 0.020019
1824.000000 0.233149
1825.000000 0.109622
1826.000000 0.231442
1827.000000 0.060820
1828.000000 0.055133
1829.000000 0.332378
1830.000000 0.049781
1831.000000 0.105034
1832.000000 0.079284
1833.000000 0.116073
1834.000000 0.084171
1835.000000 0.027653
1836.000000 0.120505
1837.000000 0.244470
1838.000000 0.131574
1839.000000 0.076697
1840.000000 0.118123
1841.000000 0.144881
1842.000000 0.092354
1843.000000 0.051126
1844.000000 0.120508
1845.000000 0.081159
1846.000000 0.214431
1847.000000 0.161573
1848.000000 0.080427
1849.000000 0.148579
1850.000000 0.081979
1851.000000 0.155954
1852.000000 0.101008
1853.000000 0.063745
1854.000000 0.234937
1855.000000 0.066042
1856.000000 0.068070
1857.000000 0.178960
1858.000000 0.119997
1859.000000 0.151643
1860.000000 0.104983
1861.000000 0.141327
1862.000000 0.200808
1863.000000 0.051910
1864.000000 0.092598
1865.000000 0.194792
1866.000000 0.190178
1867.000000 0.119892
1868.000000 0.339120
1869.000000 0.099279
1870.000000 0.103617
1871.000000 0.106430
1872.000000 0.127081
1873.000000 0.168993
1874.000000 0.145110
1875.000000 0.203022
1876.000000 0.192116
1877.000000 0.062661
1878.000000 0.058671
1879.000000 0.112152
1880.000000 0.078787
1881.000000 0.181046
1882.000000 0.224777
1883.000000 0.332086
1884.000000 0.154994
1885.000000 0.097484
1886.000000 0.029664
1887.000000 0.064564
1888.000000 0.217686
1889.000000 0.144916
1890.000000 0.307549
1891.000000 0.169439
1892.000000 0.115359
1893.000000 0.087831
1894.000000 0.241515
1895.000000 0.125718
1896.000000 0.087917
1897.000000 0.082238
1898.000000 0.053344
1899.000000 0.157551
1900.000000 0.108409
1901.000000 0.176232
1902.000000 0.113022
1903.000000 0.118630
1904.000000 0.193716
1905.000000 0.077279
1906.000000 0.102989
1907.000000 0.228159
1908.000000 0.047687
1909.000000 0.092467
1910.000000 0.086973
1911.000000 0.110468
1912.000000 0.150321
1913.000000 0.166234
1914.000000 0.129228
1915.000000 0.151490
1916.000000 0.199495
1917.000000 0.161492
1918.000000 0.096063
1919.000000 0.060554
1920.000000 0.163989
1921.000000 0.144622
1922.000000 0.065043
1923.000000 0.176967
1924.000000 0.170725
1925.000000 0.074045
1926.000000 0.071954
1927.000000 0.035229
1928.000000 0.081128
1929.000000 0.074142
1930.000000 0.178934
1931.000000 0.141245
1932.000000 0.115112
1933.000000 0.020299
1934.000000 0.193687
1935.000000 0.177677
1936.000000 0.164939
1937.000000 0.051130
1938.000000 0.073373
1939.000000 0.055779
1940.000000 0.099257
1941.000000 0.176061
1942.000000 0.109707
1943.000000 0.088985
1944.000000 0.187398
1945.000000 0.245203
1946.000000 0.203625
1947.000000 0.125943
1948.000000 0.380767
1949.000000 0.028889
1950.000000 0.233885
1951.000000 0.041878
1952.000000 0.118835
1953.000000 0.160053
1954.000000 0.067386
1955.000000 0.150646
1956.000000 0.075187
1957.000000 0.129077
1958.000000 0.152458
1959.000000 0.064464
1960.000000 0.111871
1961.000000 0.137862
1962.000000 0.140696
1963.000000 0.261328
1964.000000 0.250030
1965.000000 0.165595
1966.000000 0.149364
1967.000000 0.218629
1968.000000 0.229887
1969.000000 0.098432
1970.000000 0.133861
1971.000000 0.165420
1972.000000 0.136681
1973.000000 0.161688
1974.000000 0.249120
1975.000000 0.262227
1976.000000 0.161100
1977.000000 0.121127
1978.000000 0.199858
1979.000000 0.070763
1980.000000 0.067868
1981.000000 0.074470
1982.000000 0.225785
1983.000000 0.279019
1984.000000 0.166307
1985.000000 0.083997
1986.000000 0.219245
1987.000000 0.132071
1988.000000 0.148889
1989.000000 0.114190
1990.000000 0.182390
1991.000000 0.035804
1992.000000 0.034925
1993.000000 0.209366
1994.000000 0.137826
1995.000000 0.248968
1996.000000 0.150941
1997.000000 0.093440
1998.000000 0.162757
1999.000000 0.136341
2000.000000 0.325786
2001.000000 0.249095
2002.000000 0.180960
2003.000000 0.248178
2004.000000 0.241576
2005.000000 0.058095
2006.000000 0.191733
2007.000000 0.174643
2008.000000 0.152280
2009.000000 0.184676
2010.000000 0.254506
2011.000000 0.302263
2012.000000 0.204148
2013.000000 0.164284
2014.000000 0.057158
2015.000000 0.164074
2016.000000 0.403458
2017.000000 0.119393
2018.000000 0.139065
2019.000000 0.109764
2020.000000 0.062919
2021.000000 0.196366
2022.000000 0.212776
2023.000000 0.112931
2024.000000 0.279268
2025.000000 0.090884
2026.000000 0.085313
2027.000000 0.245955
2028.000000 0.144463
2029.000000 0.066299
2030.000000 0.197300
2031.000000 0.151180
2032.000000 0.036666
2033.000000 0.158509
2034.000000 0.154951
2035.000000 0.172546
2036.000000 0.127808
2037.000000 0.128502
2038.000000 0.221067
2039.000000 0.252825
2040.000000 0.073285
2041.000000 0.143416
2042.000000 0.118878
2043.000000 0.151385
2044.000000 0.101346
2045.000000 0.081639
2046.000000 0.097945
2047.000000 0.102438
2048.000000 0.150845
2049.000000 0.100396
2050.000000 0.023727
2051.000000 0.116879
2052.000000 0.126914
2053.000000 0.116266
2054.000000 0.194990
2055.000000 0.222987
2056.000000 0.096499
2057.000000 0.230889
2058.000000 0.286298
2059.000000 0.195936
2060.000000 0.215043
2061.000000 0.113807
2062.000000 0.165977
2063.000000 0.053307
2064.000000 0.073903
2065.000000 0.077324
2066.000000 0.202116
2067.000000 0.081794
2068.000000 0.095781
2069.000000 0.241872
2070.000000 0.044365
2071.000000 0.166740
2072.000000 0.157503
2073.000000 0.237346
2074.000000 0.130027
2075.000000 0.138179
2076.000000 0.145512
2077.000000 0.135290
2078.000000 0.174736
2079.000000 0.209043
2080.000000 0.135685
2081.000000 0.134768
2082.000000 0.084486
2083.000000 0.059894
2084.000000 0.161038
2085.000000 0.169814
2086.000000 0.120340
2087.000000 0.114951
2088.000000 0.247018
2089.000000 0.219544
2090.000000 0.226921
2091.000000 0.139108
2092.000000 0.114906
2093.000000 0.186876
2094.000000 0.257743
2095.000000 0.029811
2096.000000 0.206597
2097.000000 0.241445
2098.000000 0.196607
2099.000000 0.164444
2100.000000 0.092566
2101.000000 0.162745
2102.000000 0.226616
2103.000000 0.090638
2104.000000 0.194596
2105.000000 0.195269
2106.000000 0.226397
2107.000000 0.325643
2108.000000 0.197566
2109.000000 0.288917
2110.000000 0.315855
2111.000000 0.312332
2112.000000 0.274009
2113.000000 0.086446
2114.000000 0.281589
2115.000000 0.156624
2116.000000 0.128054
2117.000000 0.171295
2118.000000 0.097130
2119.000000 0.182288
2120.000000 0.154886
2121.000000 0.270661
2122.000000 0.041264
2123.000000 0.069720
2124.000000 0.163485
2125.000000 0.085532
2126.000000 0.079306
2127.000000 0.014932
2128.000000 0.067535
2129.000000 0.063352
2130.000000 0.165935
2131.000000 0.138358
2132.000000 0.251935
2133.000000 0.230140
2134.000000 0.202792
2135.000000 0.282325
2136.000000 0.120197
2137.000000 0.232815
2138.000000 0.067857
2139.000000 0.119220
2140.000000 0.167307
2141.000000 0.067087
2142.000000 0.074252
2143.000000 0.139979
2144.000000 0.181019
2145.000000 0.165871
2146.000000 0.128907
2147.000000 0.189762
2148.000000 0.042529
2149.000000 0.181006
2150.000000 0.162293
2151.000000 0.279026
2152.000000 0.174535
2153.000000 0.264807
2154.000000 0.060263
2155.000000 0.309180
2156.000000 0.232457
2157.000000 0.152678
2158.000000 0.066641
2159.000000 0.047675
2160.000000 0.053173
2161.000000 0.153954
2162.000000 0.244973
2163.000000 0.098304
2164.000000 0.162532
2165.000000 0.115796
2166.000000 0.184165
2167.000000 0.117061
2168.000000 0.048477
2169.000000 0.093955
2170.000000 0.194112
2171.000000 0.211496
2172.000000 0.141660
2173.000000 0.224455
2174.000000 0.159112
2175.000000 0.182094
2176.000000 0.206230
2177.000000 0.102891
2178.000000 0.180842
2179.000000 0.276964
2180.000000 0.165988
2181.000000 0.122647
2182.000000 0.181154
2183.000000 0.110209
2184.000000 0.274418
2185.000000 0.165664
2186.000000 0.142984
2187.000000 0.184184
2188.000000 0.156431
2189.000000 0.133925
2190.000000 0.100015
2191.000000 0.257039
2192.000000 0.323721
2193.000000 0.266420
2194.000000 0.185048
2195.000000 0.219978
2196.000000 0.267191
2197.000000 0.215754
2198.000000 0.297507
2199.000000 0.053735
2200.000000 0.113608
2201.000000 0.101113
2202.000000 0.132670
2203.000000 0.132447
2204.000000 0.016429
2205.000000 0.027117
2206.000000 0.076880
2207.000000 0.227230
2208.000000 0.192009
2209.000000 0.268332
2210.000000 0.158050
2211.000000 0.178009
2212.000000 0.248378
2213.000000 0.072201
2214.000000 0.125158
2215.000000 0.192217
2216.000000 0.257426
2217.000000 0.215545
2218.000000 0.337506
2219.000000 0.147568
2220.000000 0.087784
2221.000000 0.100646
2222.000000 0.113813
2223.000000 0.075015
2224.000000 0.148303
2225.000000 0.307332
2226.000000 0.082664
2227.000000 0.169949
2228.000000 0.244051
2229.000000 0.312454
2230.000000 0.259304
2231.000000 0.251043
2232.000000 0.188466
2233.000000 0.091960
2234.000000 0.229382
2235.000000 0.105334
2236.000000 0.221946
2237.000000 0.157930
2238.000000 0.103933
2239.000000 0.056673
2240.000000 0.152440
2241.000000 0.140252
2242.000000 0.219750
2243.000000 0.146691
2244.000000 0.121338
2245.000000 0.135264
2246.000000 0.292422
2247.000000 0.294074
2248.000000 0.220720
2249.000000 0.215292
2250.000000 0.296872
2251.000000 0.159980
2252.000000 0.175175
2253.000000 0.269596
2254.000000 0.171913
2255.000000 0.118764
2256.000000 0.082693
2257.000000 0.170149
2258.000000 0.235207
2259.000000 0.203185
2260.000000 0.125530
2261.000000 0.199193
2262.000000 0.142458
2263.000000 0.256131
2264.000000 0.240560
2265.000000 0.145279
2266.000000 0.122081
2267.000000 0.067690
2268.000000 0.086774
2269.000000 0.202034
2270.000000 0.293490
2271.000000 0.295066
2272.000000 0.270551
2273.000000 0.335279
2274.000000 0.340250
2275.000000 0.081232
2276.000000 0.178473
2277.000000 0.126768
2278.000000 0.029526
2279.000000 0.058148
2280.000000 0.151952
2281.000000 0.097244
2282.000000 0.192509
2283.000000 0.131698
2284.000000 0.131401
2285.000000 0.262441
2286.000000 0.122926
2287.000000 0.103340
2288.000000 0.054354
2289.000000 0.158705
2290.000000 0.183976
2291.000000 0.094141
2292.000000 0.132508
2293.000000 0.146369
2294.000000 0.189987
2295.000000 0.144376
2296.000000 0.151756
2297.000000 0.234119
2298.000000 0.231515
2299.000000 0.372538
2300.000000 0.183934
2301.000000 0.277322
2302.000000 0.240997
2303.000000 0.255771
2304.000000 0.335828
2305.000000 0.204663
2306.000000 0.283598
2307.000000 0.240853
2308.000000 0.158220
2309.000000 0.196117
2310.000000 0.096738
2311.000000 0.226981
2312.000000 0.252639
2313.000000 0.301978
2314.000000 0.181219
2315.000000 0.170347
2316.000000 0.226863
2317.000000 0.105890
2318.000000 0.215279
2319.000000 0.135465
2320.000000 0.271994
2321.000000 0.145135
2322.000000 0.202456
2323.000000 0.136828
2324.000000 0.185690
2325.000000 0.241884
2326.000000 0.225044
2327.000000 0.152612
2328.000000 0.208896
2329.000000 0.106408
2330.000000 0.180286
2331.000000 0.234519
2332.000000 0.181643
2333.000000 0.243202
2334.000000 0.109604
2335.000000 0.237275
2336.000000 0.191974
2337.000000 0.207284
2338.000000 0.291626
2339.000000 0.194714
2340.000000 0.118148
2341.000000 0.222354
2342.000000 0.200563
2343.000000 0.203853
2344.000000 0.209011
2345.000000 0.097244
2346.000000 0.097533
2347.000000 0.073175
2348.000000 0.096661
2349.000000 0.241553
2350.000000 0.125487
2351.000000 0.146482
2352.000000 0.070650
2353.000000 0.051846
2354.000000 0.100066
2355.000000 0.212349
2356.000000 0.258786
2357.000000 0.143102
2358.000000 0.258118
2359.000000 0.172053
2360.000000 0.123293
2361.000000 0.082974
2362.000000 0.055773
2363.000000 0.176344
2364.000000 0.104020
2365.000000 0.016852
2366.000000 0.108105
2367.000000 0.027440
2368.000000 0.157280
2369.000000 0.254154
2370.000000 0.171879
2371.000000 0.200994
2372.000000 0.210784
2373.000000 0.159412
2374.000000 0.171513
2375.000000 0.104080
2376.000000 0.106968
2377.000000 0.114848
2378.000000 0.100412
2379.000000 0.212011
2380.000000 0.111803
2381.000000 0.024774
2382.000000 0.089282
2383.000000 0.114185
2384.000000 0.240337
2385.000000 0.148992
2386.000000 0.066798
2387.000000 0.119435
2388.000000 0.304161
2389.000000 0.243043
2390.000000 0.068930
2391.000000 0.248943
2392.000000 0.204160
2393.000000 0.237189
2394.000000 0.131401
2395.000000 0.233005
2396.000000 0.158411
2397.000000 0.169805
2398.000000 0.347263
2399.000000 0.162809
2400.000000 0.088439
2401.000000 0.248498
2402.000000 0.081704
2403.000000 0.168449
2404.000000 0.113307
2405.000000 0.148176
2406.000000 0.153729
2407.000000 0.185520
2408.000000 0.087981
2409.000000 0.097413
2410.000000 0.066009
2411.000000 0.058001
2412.000000 0.235503
2413.000000 0.117368
2414.000000 0.105013
2415.000000 0.120864
2416.000000 0.112455
2417.000000 0.194838
2418.000000 0.056128
2419.000000 0.103021
2420.000000 0.104128
2421.000000 0.096604
2422.000000 0.138164
2423.000000 0.207357
2424.000000 0.078267
2425.000000 0.150548
2426.000000 0.275097
2427.000000 0.103047
2428.000000 0.056950
2429.000000 0.181723
2430.000000 0.226543
2431.000000 0.267423
2432.000000 0.165194
2433.000000 0.151191
2434.000000 0.123005
2435.000000 0.247918
2436.000000 0.102042
2437.000000 0.128227
2438.000000 0.183912
2439.000000 0.179696
2440.000000 0.041431
2441.000000 0.230207
2442.000000 0.099798
2443.000000 0.123320
2444.000000 0.140253
2445.000000 0.181544
2446.000000 0.085467
2447.000000 0.161928
2448.000000 0.164675
2449.000000 0.098732
2450.000000 0.062793
2451.000000 0.085412
2452.000000 0.048996
2453.000000 0.104606
2454.000000 0.092423
2455.000000 0.185781
2456.000000 0.234281
2457.000000 0.134745
2458.000000 0.256386
2459.000000 0.193837
2460.000000 0.182858
2461.000000 0.317755
2462.000000 0.130946
2463.000000 0.199897
2464.000000 0.115272
2465.000000 0.250508
2466.000000 0.132854
2467.000000 0.117766
2468.000000 0.180723
2469.000000 0.226527
2470.000000 0.080424
2471.000000 0.051874
2472.000000 0.098541
2473.000000 0.175475
2474.000000 0.173178
2475.000000 0.190504
2476.000000 0.278884
2477.000000 0.137179
2478.000000 0.156746
2479.000000 0.157225
2480.000000 0.257380
2481.000000 0.141657
2482.000000 0.160050
2483.000000 0.216467
2484.000000 0.305854
2485.000000 0.242717
2486.000000 0.073985
2487.000000 0.141538
2488.000000 0.204701
2489.000000 0.178784
2490.000000 0.144865
2491.000000 0.144246
2492.000000 0.046411
2493.000000 0.185570
2494.000000 0.247150
2495.000000 0.061610
2496.000000 0.160041
2497.000000 0.027477
2498.000000 0.143545
2499.000000 0.228128
2500.000000 0.094193
2501.000000 0.152273
2502.000000 0.170745
2503.000000 0.068816
2504.000000 0.045813
2505.000000 0.059248
2506.000000 0.229643
2507.000000 0.115656
2508.000000 0.062973
2509.000000 0.143168
2510.000000 0.084249
2511.000000 0.171833
2512.000000 0.058721
2513.000000 0.207494
2514.000000 0.426595
2515.000000 0.263767
2516.000000 0.271568
2517.000000 0.079087
2518.000000 0.244047
2519.000000 0.286913
2520.000000 0.220269
2521.000000 0.215489
2522.000000 0.259720
2523.000000 0.140747
2524.000000 0.316745
2525.000000 0.218206
2526.000000 0.239364
2527.000000 0.150927
2528.000000 0.306395
2529.000000 0.214790
2530.000000 0.160265
2531.000000 0.118851
2532.000000 0.169488
2533.000000 0.301705
2534.000000 0.124655
2535.000000 0.195097
2536.000000 0.269273
2537.000000 0.223956
2538.000000 0.150986
2539.000000 0.157781
2540.000000 0.046776
2541.000000 0.239554
2542.000000 0.128817
2543.000000 0.093404
2544.000000 0.099200
2545.000000 0.156820
2546.000000 0.047320
2547.000000 0.163691
2548.000000 0.299960
2549.000000 0.245516
2550.000000 0.226102
2551.000000 0.261951
2552.000000 0.152068
2553.000000 0.189590
2554.000000 0.131175
2555.000000 0.112308
2556.000000 0.030542
2557.000000 0.231463
2558.000000 0.279611
2559.000000 0.120523
2560.000000 0.107782
2561.000000 0.192415
2562.000000 0.203924
2563.000000 0.271680
2564.000000 0.291289
2565.000000 0.301970
2566.000000 0.148729
2567.000000 0.209533
2568.000000 0.166228
2569.000000 0.101998
2570.000000 0.179289
2571.000000 0.168177
2572.000000 0.225343
2573.000000 0.158965
2574.000000 0.214150
2575.000000 0.332484
2576.000000 0.238934
2577.000000 0.086522
2578.000000 0.245597
2579.000000 0.169541
2580.000000 0.049868
2581.000000 0.216018
2582.000000 0.180703
2583.000000 0.283193
2584.000000 0.092966
2585.000000 0.080413
2586.000000 0.255613
2587.000000 0.213517
2588.000000 0.150138
2589.000000 0.191548
2590.000000 0.044193
2591.000000 0.165845
2592.000000 0.205314
2593.000000 0.065080
2594.000000 0.233876
2595.000000 0.367571
2596.000000 0.151717
2597.000000 0.129375
2598.000000 0.139228
2599.000000 0.118777
2600.000000 0.145595
2601.000000 0.089601
2602.000000 0.221333
2603.000000 0.219459
2604.000000 0.186178
2605.000000 0.167881
2606.000000 0.122672
2607.000000 0.224407
2608.000000 0.251101
2609.000000 0.284028
2610.000000 0.239162
2611.000000 0.196005
2612.000000 0.148779
2613.000000 0.101395
2614.000000 0.114363
2615.000000 0.311714
2616.000000 0.095240
2617.000000 0.388241
2618.000000 0.263127
2619.000000 0.187598
2620.000000 0.248954
2621.000000 0.296364
2622.000000 0.264565
2623.000000 0.186533
2624.000000 0.207209
2625.000000 0.083217
2626.000000 0.012146
2627.000000 0.112587
2628.000000 0.136653
2629.000000 0.244338
2630.000000 0.114053
2631.000000 0.131729
2632.000000 0.221058
2633.000000 0.043730
2634.000000 0.208132
2635.000000 0.129689
2636.000000 0.058040
2637.000000 0.194717
2638.000000 0.188869
2639.000000 0.243155
2640.000000 0.208240
2641.000000 0.339660
2642.000000 0.131962
2643.000000 0.165848
2644.000000 0.134045
2645.000000 0.220792
2646.000000 0.123223
2647.000000 0.220203
2648.000000 0.028303
2649.000000 0.130568
2650.000000 0.110015
2651.000000 0.092596
2652.000000 0.117492
2653.000000 0.042363
2654.000000 0.160244
2655.000000 0.070525
2656.000000 0.105880
2657.000000 0.187524
2658.000000 0.204734
2659.000000 0.142164
2660.000000 0.201705
2661.000000 0.205342
2662.000000 0.270497
2663.000000 0.145279
2664.000000 0.054811
2665.000000 0.175258
2666.000000 0.127296
2667.000000 0.087337
2668.000000 0.051982
2669.000000 0.050432
2670.000000 0.160704
2671.000000 0.125370
2672.000000 0.145830
2673.000000 0.094686
2674.000000 0.223088
2675.000000 0.062878
2676.000000 0.082180
2677.000000 0.096648
2678.000000 0.196090
2679.000000 0.157501
2680.000000 0.200906
2681.000000 0.106636
2682.000000 0.150993
2683.000000 0.235658
2684.000000 0.213177
2685.000000 0.179078
2686.000000 0.099303
2687.000000 0.135287
2688.000000 0.195483
2689.000000 0.102411
2690.000000 0.078725
2691.000000 0.187708
2692.000000 0.202135
2693.000000 0.097730
2694.000000 0.230337
2695.000000 0.190903
2696.000000 0.267691
2697.000000 0.204079
2698.000000 0.160678
2699.000000 0.304887
2700.000000 0.119800
2701.000000 0.055406
2702.000000 0.085580
2703.000000 0.118005
2704.000000 0.119258
2705.000000 0.171606
2706.000000 0.194574
2707.000000 0.106925
2708.000000 0.079774
2709.000000 0.134757
2710.000000 0.133846
2711.000000 0.236245
2712.000000 0.088264
2713.000000 0.029106
2714.000000 0.060524
2715.000000 0.103784
2716.000000 0.029245
2717.000000 0.122220
2718.000000 0.190435
2719.000000 0.136303
2720.000000 0.100944
2721.000000 0.118237
2722.000000 0.026186
2723.000000 0.131131
2724.000000 0.259352
2725.000000 0.099872
2726.000000 0.238064
2727.000000 0.192238
2728.000000 0.138225
2729.000000 0.195794
2730.000000 0.119607
2731.000000 0.196182
2732.000000 0.115702
2733.000000 0.081598
2734.000000 0.187327
2735.000000 0.205998
2736.000000 0.100479
2737.000000 0.227563
2738.000000 0.154634
2739.000000 0.279519
2740.000000 0.224235
2741.000000 0.326974
2742.000000 0.315990
2743.000000 0.247282
2744.000000 0.143895
2745.000000 0.152080
2746.000000 0.187355
2747.000000 0.111591
2748.000000 0.179267
2749.000000 0.191185
2750.000000 0.189259
2751.000000 0.263094
2752.000000 0.105146
2753.000000 0.122777
2754.000000 0.219705
2755.000000 0.077811
2756.000000 0.110540
2757.000000 0.058795
2758.000000 0.120144
2759.000000 0.141589
2760.000000 0.087492
2761.000000 0.033725
2762.000000 0.216944
2763.000000 0.140978
2764.000000 0.171584
2765.000000 0.113698
2766.000000 0.092574
2767.000000 0.131765
2768.000000 0.313591
2769.000000 0.126605
2770.000000 0.188247
2771.000000 0.052449
2772.000000 0.197560
2773.000000 0.050439
2774.000000 0.237716
2775.000000 0.076827
2776.000000 0.167746
2777.000000 0.165159
2778.000000 0.140337
2779.000000 0.096681
2780.000000 0.119780
2781.000000 0.066376
2782.000000 0.063513
2783.000000 0.029534
2784.000000 0.179585
2785.000000 0.105363
2786.000000 0.121616
2787.000000 0.231999
2788.000000 0.186328
2789.000000 0.156283
2790.000000 0.177930
2791.000000 0.091153
2792.000000 0.123701
2793.000000 0.079014
2794.000000 0.093849
2795.000000 0.076304
2796.000000 0.240854
2797.000000 0.144850
2798.000000 0.299099
2799.000000 0.325664
2800.000000 0.104795
2801.000000 0.287265
2802.000000 0.084834
2803.000000 0.130360
2804.000000 0.214478
2805.000000 0.128745
2806.000000 0.203536
2807.000000 0.210301
2808.000000 0.233019
2809.000000 0.072320
2810.000000 0.297505
2811.000000 0.195878
2812.000000 0.139989
2813.000000 0.137267
2814.000000 0.095953
2815.000000 0.069667
2816.000000 0.184662
2817.000000 0.156179
2818.000000 0.296343
2819.000000 0.142352
2820.000000 0.063223
2821.000000 0.209732
2822.000000 0.238649
2823.000000 0.132658
2824.000000 0.187097
2825.000000 0.185484
2826.000000 0.234735
2827.000000 0.211887
2828.000000 0.025911
2829.000000 0.105360
2830.000000 0.179659
2831.000000 0.217378
2832.000000 0.097600
2833.000000 0.162476
2834.000000 0.097716
2835.000000 0.211564
2836.000000 0.190869
2837.000000 0.061200
2838.000000 0.093279
2839.000000 0.067366
2840.000000 0.079001
2841.000000 0.110621
2842.000000 0.055943
2843.000000 0.141914
2844.000000 0.162799
2845.000000 0.104895
2846.000000 0.091049
2847.000000 0.177136
2848.000000 0.101886
2849.000000 0.128270
2850.000000 0.200217
2851.000000 0.213190
2852.000000 0.076970
2853.000000 0.122776
2854.000000 0.120332
2855.000000 0.062633
2856.000000 0.199521
2857.000000 0.232424
2858.000000 0.027091
2859.000000 0.149410
2860.000000 0.117530
2861.000000 0.148527
2862.000000 0.145853
2863.000000 0.100631
2864.000000 0.168141
2865.000000 0.112846
2866.000000 0.263297
2867.000000 0.110097
2868.000000 0.043789
2869.000000 0.148668
2870.000000 0.208134
2871.000000 0.102870
2872.000000 0.146407
2873.000000 0.082034
2874.000000 0.046248
2875.000000 0.175823
2876.000000 0.196150
2877.000000 0.068759
2878.000000 0.228236
2879.000000 0.084082
2880.000000 0.072871
2881.000000 0.073511
2882.000000 0.284057
2883.000000 0.106890
2884.000000 0.174002
2885.000000 0.086136
2886.000000 0.205551
2887.000000 0.158499
2888.000000 0.270839
2889.000000 0.214061
2890.000000 0.099481
2891.000000 0.180723
2892.000000 0.202282
2893.000000 0.316955
2894.000000 0.180473
2895.000000 0.066060
2896.000000 0.177598
2897.000000 0.104429
2898.000000 0.113937
2899.000000 0.104617
2900.000000 0.032548
2901.000000 0.071107
2902.000000 0.023470
2903.000000 0.148500
2904.000000 0.105717
2905.000000 0.128678
2906.000000 0.170734
2907.000000 0.204124
2908.000000 0.175129
2909.000000 0.047928
2910.000000 0.037958
2911.000000 0.148218
2912.000000 0.213929
2913.000000 0.228790
2914.000000 0.161203
2915.000000 0.251141
2916.000000 0.329003
2917.000000 0.322062
2918.000000 0.163294
2919.000000 0.252237
2920.000000 0.274523
2921.000000 0.303539
2922.000000 0.285765
2923.000000 0.191033
2924.000000 0.281491
2925.000000 0.176271
2926.000000 0.292163
2927.000000 0.224081
2928.000000 0.283301
2929.000000 0.152214
2930.000000 0.207742
2931.000000 0.137259
2932.000000 0.197435
2933.000000 0.103717
2934.000000 0.191667
2935.000000 0.113168
2936.000000 0.195009
2937.000000 0.201436
2938.000000 0.311252
2939.000000 0.151378
2940.000000 0.157425
2941.000000 0.106246
2942.000000 0.187536
2943.000000 0.108160
2944.000000 0.157120
2945.000000 0.051991
2946.000000 0.058257
2947.000000 0.137342
2948.000000 0.072740
2949.000000 0.104359
2950.000000 0.120299
2951.000000 0.152675
2952.000000 0.172330
2953.000000 0.173384
2954.000000 0.036629
2955.000000 0.144260
2956.000000 0.171876
2957.000000 0.174423
2958.000000 0.096494
2959.000000 0.012138
2960.000000 0.092957
2961.000000 0.136428
2962.000000 0.072311
2963.000000 0.074119
2964.000000 0.061419
2965.000000 0.111214
2966.000000 0.043546
2967.000000 0.115655
2968.000000 0.184147
2969.000000 0.117060
2970.000000 0.107636
2971.000000 0.061086
2972.000000 0.158050
2973.000000 0.091071
2974.000000 0.184783
2975.000000 0.226703
2976.000000 0.137312
2977.000000 0.048294
2978.000000 0.098888
2979.000000 0.173328
2980.000000 0.194803
2981.000000 0.054028
2982.000000 0.191707
2983.000000 0.034714
2984.000000 0.236585
2985.000000 0.164187
2986.000000 0.167685
2987.000000 0.101438
2988.000000 0.132969
2989.000000 0.161705
2990.000000 0.195592
2991.000000 0.214123
2992.000000 0.203211
2993.000000 0.098960
2994.000000 0.224118
2995.000000 0.025029
2996.000000 0.163389
2997.000000 0.196967
2998.000000 0.108722
2999.000000 0.160488
3000.000000 0.117138
