0.000000 0.137564
1.000000 0.032942
2.000000 0.091641
3.000000 0.137148
4.000000 0.089390
5.000000 0.086483
6.000000 0.047022
7.000000 0.049351
8.000000 0.119092
9.000000 0.047917
10.000000 0.087187
11.000000 0.116829
12.000000 0.083880
13.000000 0.077385
14.000000 0.102015
15.000000 0.093262
16.000000 0.106469
17.000000 0.087088
18.000000 0.051556
19.000000 0.081345
20.000000 0.067083
21.000000 0.159884
22.000000 0.112716
23.000000 0.042833
24.000000 0.061196
25.000000 0.060933
26.000000 0.142101
27.000000 0.128978
28.000000 0.064287
29.000000 0.161006
30.000000 0.113719
31.000000 0.145311
32.000000 0.137249
33.000000 0.099765
34.000000 0.132400
35.000000 0.052090
36.000000 0.099341
37.000000 0.085752
38.000000 0.038320
39.000000 0.029689
40.000000 0.061456
41.000000 0.062453
42.000000 0.025446
43.000000 0.012513
44.000000 0.077953
45.000000 0.079711
46.000000 0.050287
47.000000 0.056557
48.000000 0.057473
49.000000 0.135982
50.000000 0.178330
51.000000 0.020500
52.000000 0.039930
53.000000 0.092943
54.000000 0.038197
55.000000 0.045903
56.000000 0.047132
57.000000 0.105836
58.000000 0.084494
59.000000 0.076736
60.000000 0.017122
61.000000 0.100275
62.000000 0.059630
63.000000 0.115144
64.000000 0.065001
65.000000 0.029605
66.000000 0.041877
67.000000 0.078508
68.000000 0.105043
69.000000 0.114890
70.000000 0.067087
71.000000 0.089040
72.000000 0.035781
73.000000 0.103436
74.000000 0.095879
75.000000 0.119699
76.000000 0.048399
77.000000 0.062066
78.000000 0.080063
79.000000 0.067087
80.000000 0.042409
81.000000 0.118392
82.000000 0.084835
83.000000 0.072002
84.000000 0.113916
85.000000 0.030621
86.000000 0.091944
87.000000 0.026666
88.000000 0.071220
89.000000 0.111933
90.000000 0.084140
91.000000 0.092372
92.000000 0.050136
93.000000 0.068881
94.000000 0.089950
95.000000 0.115397
96.000000 0.167877
97.000000 0.037706
98.000000 0.041011
99.000000 0.083520
100.000000 0.180979
101.000000 0.016341
102.000000 0.114832
103.000000 0.070606
104.000000 0.109137
105.000000 0.100298
106.000000 0.076850
107.000000 0.182025
108.000000 0.035811
109.000000 0.043216
110.000000 0.043393
111.000000 0.117634
112.000000 0.150173
113.000000 0.099125
114.000000 0.010785
115.000000 0.145980
116.000000 0.094310
117.000000 0.030520
118.000000 0.151881
119.000000 0.126189
120.000000 0.001609
121.000000 0.077632
122.000000 0.041537
123.000000 0.066614
124.000000 0.124959
125.000000 0.075836
126.000000 0.112955
127.000000 0.139261
128.000000 0.036650
129.000000 0.066529
130.000000 0.217636
131.000000 0.156902
132.000000 0.115766
133.000000 0.088640
134.000000 0.080772
135.000000 0.068077
136.000000 0.170262
137.000000 0.066156
138.000000 0.028764
139.000000 0.034336
140.000000 0.116023
141.000000 0.049950
142.000000 0.109515
143.000000 0.043600
144.000000 0.140418
145.000000 0.139936
146.000000 0.119552
147.000000 0.099868
148.000000 0.121314
149.000000 0.066696
150.000000 0.077047
151.000000 0.013163
152.000000 0.155276
153.000000 0.083016
154.000000 0.052819
155.000000 0.097259
156.000000 0.106115
157.000000 0.044493
158.000000 0.073998
159.000000 0.034665
160.000000 0.075883
161.000000 0.102159
162.000000 0.059645
163.000000 0.039588
164.000000 0.116606
165.000000 0.055733
166.000000 0.124453
167.000000 0.085652
168.000000 0.092514
169.000000 0.047543
170.000000 0.041071
171.000000 0.029723
172.000000 0.140756
173.000000 0.042860
174.000000 0.084680
175.000000 0.053294
176.000000 0.048916
177.000000 0.089225
178.000000 0.088082
179.000000 0.038657
180.000000 0.068550
181.000000 0.025588
182.000000 0.060602
183.000000 0.027712
184.000000 0.081546
185.000000 0.123030
186.000000 0.069202
187.000000 0.060222
188.000000 0.032522
189.000000 0.122818
190.000000 0.035001
191.000000 0.076896
192.000000 0.082930
193.000000 0.122629
194.000000 0.143179
195.000000 0.077653
196.000000 0.140651
197.000000 0.072298
198.000000 0.046903
199.000000 0.082541
200.000000 0.108160
201.000000 0.132114
202.000000 0.065716
203.000000 0.147875
204.000000 0.110750
205.000000 0.067628
206.000000 0.080254
207.000000 0.069289
208.000000 0.073032
209.000000 0.064083
210.000000 0.043184
211.000000 0.051104
212.000000 0.132132
213.000000 0.171202
214.000000 0.087153
215.000000 0.051531
216.000000 0.040391
217.000000 0.108875
218.000000 0.086391
219.000000 0.118474
220.000000 0.038987
221.000000 0.087408
222.000000 0.090773
223.000000 0.013245
224.000000 0.089171
225.000000 0.146798
226.000000 0.137223
227.000000 0.115864
228.000000 0.096504
229.000000 0.145486
230.000000 0.106546
231.000000 0.183567
232.000000 0.100671
233.000000 0.076281
234.000000 0.066039
235.000000 0.071758
236.000000 0.069479
237.000000 0.095013
238.000000 0.051670
239.000000 0.110584
240.000000 0.159850
241.000000 0.109001
242.000000 0.118293
243.000000 0.049216
244.000000 0.094030
245.000000 0.064262
246.000000 0.065072
247.000000 0.047917
248.000000 0.020967
249.000000 0.119541
250.000000 0.030533
251.000000 0.077170
252.000000 0.034677
253.000000 0.085052
254.000000 0.074963
255.000000 0.072780
256.000000 0.106250
257.000000 0.122878
258.000000 0.022797
259.000000 0.030722
260.000000 0.161920
261.000000 0.134934
262.000000 0.015219
263.000000 0.049656
264.000000 0.098975
265.000000 0.073360
266.000000 0.123896
267.000000 0.092935
268.000000 0.049678
269.000000 0.091869
270.000000 0.127231
271.000000 0.163573
272.000000 0.049180
273.000000 0.024921
274.000000 0.176438
275.000000 0.150646
276.000000 0.051741
277.000000 0.095847
278.000000 0.052601
279.000000 0.037635
280.000000 0.069706
281.000000 0.075842
282.000000 0.099660
283.000000 0.102455
284.000000 0.171437
285.000000 0.091749
286.000000 0.175442
287.000000 0.106948
288.000000 0.094438
289.000000 0.144825
290.000000 0.160344
291.000000 0.103985
292.000000 0.011015
293.000000 0.004185
294.000000 0.064158
295.000000 0.121175
296.000000 0.156905
297.000000 0.054943
298.000000 0.051183
299.000000 0.009520
300.000000 0.158632
301.000000 0.072094
302.000000 0.074890
303.000000 0.104449
304.000000 0.019992
305.000000 0.135152
306.000000 0.036466
307.000000 0.039794
308.000000 0.021559
309.000000 0.065962
310.000000 0.061775
311.000000 0.122947
312.000000 0.004218
313.000000 0.033361
314.000000 0.021516
315.000000 0.077407
316.000000 0.124116
317.000000 0.063866
318.000000 0.046618
319.000000 0.123354
320.000000 0.161398
321.000000 0.204947
322.000000 0.039509
323.000000 0.118707
324.000000 0.237916
325.000000 0.080478
326.000000 0.062392
327.000000 0.063783
328.000000 0.039727
329.000000 0.023185
330.000000 0.064166
331.000000 0.130481
332.000000 0.099325
333.000000 0.064194
334.000000 0.069013
335.000000 0.028299
336.000000 0.123508
337.000000 0.097474
338.000000 0.118155
339.000000 0.058446
340.000000 0.069266
341.000000 0.077599
342.000000 0.122534
343.000000 0.091850
344.000000 0.097988
345.000000 0.023882
346.000000 0.100880
347.000000 0.023259
348.000000 0.048309
349.000000 0.090441
350.000000 0.064919
351.000000 0.032351
352.000000 0.081948
353.000000 0.090617
354.000000 0.074336
355.000000 0.067989
356.000000 0.166788
357.000000 0.032259
358.000000 0.048580
359.000000 0.018770
360.000000 0.105477
361.000000 0.026950
362.000000 0.104993
363.000000 0.119426
364.000000 0.159278
365.000000 0.066039
366.000000 0.069978
367.000000 0.005730
368.000000 0.026143
369.000000 0.023609
370.000000 0.032366
371.000000 0.096356
372.000000 0.115168
373.000000 0.149191
374.000000 0.151472
375.000000 0.110553
376.000000 0.083126
377.000000 0.018077
378.000000 0.090377
379.000000 0.083641
380.000000 0.072613
381.000000 0.155933
382.000000 0.086294
383.000000 0.070336
384.000000 0.100072
385.000000 0.123088
386.000000 0.134443
387.000000 0.079522
388.000000 0.144334
389.000000 0.106117
390.000000 0.109635
391.000000 0.138413
392.000000 0.072825
393.000000 0.032743
394.000000 0.056680
395.000000 0.113980
396.000000 0.062320
397.000000 0.133057
398.000000 0.154116
399.000000 0.079280
400.000000 0.060994
401.000000 0.127127
402.000000 0.083951
403.000000 0.143214
404.000000 0.084841
405.000000 0.103580
406.000000 0.035496
407.000000 0.079448
408.000000 0.022065
409.000000 0.069992
410.000000 0.097383
411.000000 0.088191
412.000000 0.118788
413.000000 0.032054
414.000000 0.057469
415.000000 0.029005
416.000000 0.056846
417.000000 0.090418
418.000000 0.186595
419.000000 0.077296
420.000000 0.057645
421.000000 0.046461
422.000000 0.173309
423.000000 0.207336
424.000000 0.048560
425.000000 0.013931
426.000000 0.046470
427.000000 0.066959
428.000000 0.032907
429.000000 0.044080
430.000000 0.194469
431.000000 0.106037
432.000000 0.128601
433.000000 0.043566
434.000000 0.045869
435.000000 0.073509
436.000000 0.120459
437.000000 0.062998
438.000000 0.167076
439.000000 0.116626
440.000000 0.066600
441.000000 0.073961
442.000000 0.040419
443.000000 0.094309
444.000000 0.021764
445.000000 0.059062
446.000000 0.058464
447.000000 0.141025
448.000000 0.020827
449.000000 0.035718
450.000000 0.084949
451.000000 0.149237
452.000000 0.018200
453.000000 0.102295
454.000000 0.128058
455.000000 0.037904
456.000000 0.139060
457.000000 0.049661
458.000000 0.032646
459.000000 0.053517
460.000000 0.071277
461.000000 0.017536
462.000000 0.039685
463.000000 0.036527
464.000000 0.068390
465.000000 0.054609
466.000000 0.045296
467.000000 0.030549
468.000000 0.091247
469.000000 0.061164
470.000000 0.123063
471.000000 0.012176
472.000000 0.057161
473.000000 0.010443
474.000000 0.046504
475.000000 0.077653
476.000000 0.043980
477.000000 0.143441
478.000000 0.139783
479.000000 0.057347
480.000000 0.084447
481.000000 0.004057
482.000000 0.139464
483.000000 0.111977
484.000000 0.122565
485.000000 0.083715
486.000000 0.089244
487.000000 0.107371
488.000000 0.021818
489.000000 0.084755
490.000000 0.073396
491.000000 0.116376
492.000000 0.189942
493.000000 0.092675
494.000000 0.152103
495.000000 0.129551
496.000000 0.067775
497.000000 0.149080
498.000000 0.143020
499.000000 0.064300
500.000000 0.057517
501.000000 0.138788
502.000000 0.055452
503.000000 0.086456
504.000000 0.083870
505.000000 0.060303
506.000000 0.076398
507.000000 0.065607
508.000000 0.098823
509.000000 0.055165
510.000000 0.073427
511.000000 0.049028
512.000000 0.140975
513.000000 0.063335
514.000000 0.126393
515.000000 0.126713
516.000000 0.053626
517.000000 0.142302
518.000000 0.040807
519.000000 0.067294
520.000000 0.085786
521.000000 0.048186
522.000000 0.084708
523.000000 0.082960
524.000000 0.061140
525.000000 0.056489
526.000000 0.105218
527.000000 0.027858
528.000000 0.087398
529.000000 0.035348
530.000000 0.063651
531.000000 0.118420
532.000000 0.141360
533.000000 0.049240
534.000000 0.072024
535.000000 0.101390
536.000000 0.105720
537.000000 0.115578
538.000000 0.032564
539.000000 0.086375
540.000000 0.142763
541.000000 0.059506
542.000000 0.019505
543.000000 0.140783
544.000000 0.080359
545.000000 0.209898
546.000000 0.021616
547.000000 0.099557
548.000000 0.076577
549.000000 0.019267
550.000000 0.077493
551.000000 0.057374
552.000000 0.140653
553.000000 0.040798
554.000000 0.101555
555.000000 0.072475
556.000000 0.149947
557.000000 0.048172
558.000000 0.057701
559.000000 0.115133
560.000000 0.081845
561.000000 0.033037
562.000000 0.026382
563.000000 0.057361
564.000000 0.097387
565.000000 0.073670
566.000000 0.214507
567.000000 0.096757
568.000000 0.090454
569.000000 0.088627
570.000000 0.100787
571.000000 0.138179
572.000000 0.093716
573.000000 0.094279
574.000000 0.068738
575.000000 0.115789
576.000000 0.136182
577.000000 0.062597
578.000000 0.040932
579.000000 0.127590
580.000000 0.137031
581.000000 0.033095
582.000000 0.027595
583.000000 0.084927
584.000000 0.033704
585.000000 0.054199
586.000000 0.065341
587.000000 0.059116
588.000000 0.054563
589.000000 0.043645
590.000000 0.046298
591.000000 0.175086
592.000000 0.131711
593.000000 0.029634
594.000000 0.046870
595.000000 0.056701
596.000000 0.070600
597.000000 0.114706
598.000000 0.131349
599.000000 0.106441
600.000000 0.053789
601.000000 0.029609
602.000000 0.111878
603.000000 0.159101
604.000000 0.043601
605.000000 0.078348
606.000000 0.091482
607.000000 0.060048
608.000000 0.125959
609.000000 0.079781
610.000000 0.088274
611.000000 0.116304
612.000000 0.040027
613.000000 0.107296
614.000000 0.042784
615.000000 0.095369
616.000000 0.080535
617.000000 0.045172
618.000000 0.143518
619.000000 0.069713
620.000000 0.051179
621.000000 0.086152
622.000000 0.120628
623.000000 0.029985
624.000000 0.022175
625.000000 0.046354
626.000000 0.146306
627.000000 0.030774
628.000000 0.049476
629.000000 0.078886
630.000000 0.095824
631.000000 0.028169
632.000000 0.070533
633.000000 0.017173
634.000000 0.057331
635.000000 0.024826
636.000000 0.085404
637.000000 0.027099
638.000000 0.024409
639.000000 0.043161
640.000000 0.087570
641.000000 0.060284
642.000000 0.170162
643.000000 0.072508
644.000000 0.083246
645.000000 0.131657
646.000000 0.024539
647.000000 0.158215
648.000000 0.137416
649.000000 0.083959
650.000000 0.064697
651.000000 0.065574
652.000000 0.101154
653.000000 0.040937
654.000000 0.140463
655.000000 0.132775
656.000000 0.082458
657.000000 0.091673
658.000000 0.167555
659.000000 0.039954
660.000000 0.018288
661.000000 0.117758
662.000000 0.082663
663.000000 0.038401
664.000000 0.067276
665.000000 0.073248
666.000000 0.067630
667.000000 0.107558
668.000000 0.021131
669.000000 0.131414
670.000000 0.053180
671.000000 0.183645
672.000000 0.086048
673.000000 0.096623
674.000000 0.041754
675.000000 0.097096
676.000000 0.114365
677.000000 0.119813
678.000000 0.051157
679.000000 0.052610
680.000000 0.071308
681.000000 0.073589
682.000000 0.112179
683.000000 0.096675
684.000000 0.034858
685.000000 0.114163
686.000000 0.121632
687.000000 0.111487
688.000000 0.039154
689.000000 0.020505
690.000000 0.133515
691.000000 0.064878
692.000000 0.047432
693.000000 0.053247
694.000000 0.012193
695.000000 0.085296
696.000000 0.061750
697.000000 0.051163
698.000000 0.136260
699.000000 0.085226
700.000000 0.144919
701.000000 0.157504
702.000000 0.119922
703.000000 0.079627
704.000000 0.129573
705.000000 0.121278
706.000000 0.166458
707.000000 0.025205
708.000000 0.039615
709.000000 0.107888
710.000000 0.115360
711.000000 0.077200
712.000000 0.088594
713.000000 0.094371
714.000000 0.048946
715.000000 0.159927
716.000000 0.076547
717.000000 0.061875
718.000000 0.040419
719.000000 0.059678
720.000000 0.024761
721.000000 0.065243
722.000000 0.100510
723.000000 0.049481
724.000000 0.096499
725.000000 0.122493
726.000000 0.096578
727.000000 0.031966
728.000000 0.138776
729.000000 0.075487
730.000000 0.080779
731.000000 0.084158
732.000000 0.057880
733.000000 0.203538
734.000000 0.045855
735.000000 0.085167
736.000000 0.098839
737.000000 0.114227
738.000000 0.040399
739.000000 0.012381
740.000000 0.119164
741.000000 0.058346
742.000000 0.023951
743.000000 0.159935
744.000000 0.069341
745.000000 0.084080
746.000000 0.071743
747.000000 0.107159
748.000000 0.100253
749.000000 0.089961
750.000000 0.078716
751.000000 0.057912
752.000000 0.039558
753.000000 0.133900
754.000000 0.044632
755.000000 0.059734
756.000000 0.111850
757.000000 0.051977
758.000000 0.057867
759.000000 0.105855
760.000000 0.075152
761.000000 0.110193
762.000000 0.033664
763.000000 0.126366
764.000000 0.119617
765.000000 0.073465
766.000000 0.185057
767.000000 0.148017
768.000000 0.112823
769.000000 0.102026
770.000000 0.030148
771.000000 0.136152
772.000000 0.085636
773.000000 0.079914
774.000000 0.079357
775.000000 0.191609
776.000000 0.104312
777.000000 0.018533
778.000000 0.005467
779.000000 0.127156
780.000000 0.034045
781.000000 0.046143
782.000000 0.028160
783.000000 0.087354
784.000000 0.058014
785.000000 0.081353
786.000000 0.079238
787.000000 0.111645
788.000000 0.050543
789.000000 0.103726
790.000000 0.093513
791.000000 0.142627
792.000000 0.057079
793.000000 0.105204
794.000000 0.067601
795.000000 0.061558
796.000000 0.083965
797.000000 0.129937
798.000000 0.164020
799.000000 0.081382
800.000000 0.073339
801.000000 0.027671
802.000000 0.035969
803.000000 0.024391
804.000000 0.186632
805.000000 0.054113
806.000000 0.017710
807.000000 0.041930
808.000000 0.051642
809.000000 0.123011
810.000000 0.024545
811.000000 0.160971
812.000000 0.084472
813.000000 0.093965
814.000000 0.064043
815.000000 0.067718
816.000000 0.028332
817.000000 0.134683
818.000000 0.027917
819.000000 0.162115
820.000000 0.094696
821.000000 0.104882
822.000000 0.143295
823.000000 0.130789
824.000000 0.025567
825.000000 0.042952
826.000000 0.175750
827.000000 0.018246
828.000000 0.108940
829.000000 0.126079
830.000000 0.109846
831.000000 0.028951
832.000000 0.071729
833.000000 0.153856
834.000000 0.102215
835.000000 0.059325
836.000000 0.060123
837.000000 0.167921
838.000000 0.089071
839.000000 0.003872
840.000000 0.130487
841.000000 0.080144
842.000000 0.117885
843.000000 0.088280
844.000000 0.062047
845.000000 0.065288
846.000000 0.111714
847.000000 0.107078
848.000000 0.128359
849.000000 0.109223
850.000000 0.091938
851.000000 0.108082
852.000000 0.067929
853.000000 0.051084
854.000000 0.100861
855.000000 0.029773
856.000000 0.015388
857.000000 0.095046
858.000000 0.140663
859.000000 0.061736
860.000000 0.071074
861.000000 0.088007
862.000000 0.120898
863.000000 0.052620
864.000000 0.039632
865.000000 0.026216
866.000000 0.050119
867.000000 0.021344
868.000000 0.137018
869.000000 0.028677
870.000000 0.041761
871.000000 0.120677
872.000000 0.015919
873.000000 0.059422
874.000000 0.045756
875.000000 0.156651
876.000000 0.172061
877.000000 0.120708
878.000000 0.189782
879.000000 0.058252
880.000000 0.065027
881.000000 0.045465
882.000000 0.080291
883.000000 0.068592
884.000000 0.068932
885.000000 0.036757
886.000000 0.093194
887.000000 0.059714
888.000000 0.080369
889.000000 0.023936
890.000000 0.030551
891.000000 0.056424
892.000000 0.024839
893.000000 0.093225
894.000000 0.092346
895.000000 0.043750
896.000000 0.065281
897.000000 0.131364
898.000000 0.042621
899.000000 0.081883
900.000000 0.050318
901.000000 0.075794
902.000000 0.039466
903.000000 0.046763
904.000000 0.063026
905.000000 0.048405
906.000000 0.036720
907.000000 0.035373
908.000000 0.017549
909.000000 0.103405
910.000000 0.063806
911.000000 0.102592
912.000000 0.180143
913.000000 0.039355
914.000000 0.170969
915.000000 0.021032
916.000000 0.102764
917.000000 0.067803
918.000000 0.059321
919.000000 0.048880
920.000000 0.005376
921.000000 0.068208
922.000000 0.064632
923.000000 0.133223
924.000000 0.081475
925.000000 0.024692
926.000000 0.078661
927.000000 0.060487
928.000000 0.028982
929.000000 0.012846
930.000000 0.049726
931.000000 0.062141
932.000000 0.075488
933.000000 0.131882
934.000000 0.058116
935.000000 0.057475
936.000000 0.099491
937.000000 0.065068
938.000000 0.136828
939.000000 0.119349
940.000000 0.149573
941.000000 0.085639
942.000000 0.025954
943.000000 0.066510
944.000000 0.054450
945.000000 0.057783
946.000000 0.068670
947.000000 0.113499
948.000000 0.086789
949.000000 0.069403
950.000000 0.011796
951.000000 0.049172
952.000000 0.032130
953.000000 0.082207
954.000000 0.117684
955.000000 0.059836
956.000000 0.097620
957.000000 0.021985
958.000000 0.158238
959.000000 0.017235
960.000000 0.073941
961.000000 0.138360
962.000000 0.092074
963.000000 0.078957
964.000000 0.073565
965.000000 0.094454
966.000000 0.156707
967.000000 0.157549
968.000000 0.092224
969.000000 0.060303
970.000000 0.072044
971.000000 0.022027
972.000000 0.034641
973.000000 0.067501
974.000000 0.088655
975.000000 0.054185
976.000000 0.046979
977.000000 0.076930
978.000000 0.080449
979.000000 0.049961
980.000000 0.070170
981.000000 0.058746
982.000000 0.110756
983.000000 0.064104
984.000000 0.126462
985.000000 0.047053
986.000000 0.057748
987.000000 0.011924
988.000000 0.188566
989.000000 0.050066
990.000000 0.037780
991.000000 0.058540
992.000000 0.192643
993.000000 0.097003
994.000000 0.055310
995.000000 0.049459
996.000000 0.087277
997.000000 0.053693
998.000000 0.079377
999.000000 0.073137
1000.000000 0.036194
1001.000000 0.171594
1002.000000 0.111244
1003.000000 0.187067
1004.000000 0.183888
1005.000000 0.014836
1006.000000 0.021389
1007.000000 0.060654
1008.000000 0.099128
1009.000000 0.101979
1010.000000 0.092033
1011.000000 0.094996
1012.000000 0.057899
1013.000000 0.100220
1014.000000 0.043970
1015.000000 0.128490
1016.000000 0.172238
1017.000000 0.041775
1018.000000 0.163181
1019.000000 0.036111
1020.000000 0.081535
1021.000000 0.084700
1022.000000 0.019851
1023.000000 0.101061
1024.000000 0.017173
1025.000000 0.083805
1026.000000 0.097763
1027.000000 0.050023
1028.000000 0.094930
1029.000000 0.087177
1030.000000 0.082121
1031.000000 0.217060
1032.000000 0.039754
1033.000000 0.068519
1034.000000 0.075138
1035.000000 0.034953
1036.000000 0.114048
1037.000000 0.052140
1038.000000 0.066411
1039.000000 0.060618
1040.000000 0.043549
1041.000000 0.112010
1042.000000 0.094840
1043.000000 0.074691
1044.000000 0.055805
1045.000000 0.028597
1046.000000 0.175913
1047.000000 0.141299
1048.000000 0.111837
1049.000000 0.225451
1050.000000 0.048378
1051.000000 0.139115
1052.000000 0.134801
1053.000000 0.058990
1054.000000 0.153053
1055.000000 0.085992
1056.000000 0.076030
1057.000000 0.068072
1058.000000 0.021098
1059.000000 0.125408
1060.000000 0.080525
1061.000000 0.129940
1062.000000 0.060761
1063.000000 0.062026
1064.000000 0.021245
1065.000000 0.094965
1066.000000 0.112944
1067.000000 0.052853
1068.000000 0.116552
1069.000000 0.054603
1070.000000 0.085549
1071.000000 0.131486
1072.000000 0.081884
1073.000000 0.054910
1074.000000 0.046626
1075.000000 0.029544
1076.000000 0.057931
1077.000000 0.057932
1078.000000 0.067817
1079.000000 0.094198
1080.000000 0.070091
1081.000000 0.115222
1082.000000 0.034605
1083.000000 0.063534
1084.000000 0.137301
1085.000000 0.048211
1086.000000 0.055374
1087.000000 0.130652
1088.000000 0.188269
1089.000000 0.079658
1090.000000 0.054035
1091.000000 0.079622
1092.000000 0.233968
1093.000000 0.028400
1094.000000 0.027594
1095.000000 0.121030
1096.000000 0.126574
1097.000000 0.031930
1098.000000 0.165611
1099.000000 0.093546
1100.000000 0.041856
1101.000000 0.050381
1102.000000 0.152459
1103.000000 0.088382
1104.000000 0.063490
1105.000000 0.103369
1106.000000 0.163518
1107.000000 0.181737
1108.000000 0.152260
1109.000000 0.051175
1110.000000 0.130366
1111.000000 0.123008
1112.000000 0.144219
1113.000000 0.079624
1114.000000 0.054172
1115.000000 0.080262
1116.000000 0.100231
1117.000000 0.054856
1118.000000 0.028470
1119.000000 0.159626
1120.000000 0.122525
1121.000000 0.078866
1122.000000 0.032141
1123.000000 0.050612
1124.000000 0.072398
1125.000000 0.064395
1126.000000 0.054342
1127.000000 0.091182
1128.000000 0.051168
1129.000000 0.040822
1130.000000 0.024833
1131.000000 0.066179
1132.000000 0.069715
1133.000000 0.117670
1134.000000 0.083796
1135.000000 0.149867
1136.000000 0.089595
1137.000000 0.122634
1138.000000 0.031592
1139.000000 0.045385
1140.000000 0.019206
1141.000000 0.035319
1142.000000 0.084186
1143.000000 0.060862
1144.000000 0.064536
1145.000000 0.039557
1146.000000 0.030105
1147.000000 0.060199
1148.000000 0.096387
1149.000000 0.017636
1150.000000 0.108480
1151.000000 0.046171
1152.000000 0.080176
1153.000000 0.016755
1154.000000 0.069892
1155.000000 0.083874
1156.000000 0.109296
1157.000000 0.088102
1158.000000 0.012084
1159.000000 0.069877
1160.000000 0.155545
1161.000000 0.041027
1162.000000 0.050000
1163.000000 0.149213
1164.000000 0.050966
1165.000000 0.097610
1166.000000 0.012839
1167.000000 0.205969
1168.000000 0.063534
1169.000000 0.045160
1170.000000 0.013068
1171.000000 0.047512
1172.000000 0.085217
1173.000000 0.039033
1174.000000 0.057424
1175.000000 0.093967
1176.000000 0.042750
1177.000000 0.179499
1178.000000 0.070127
1179.000000 0.103575
1180.000000 0.054616
1181.000000 0.033593
1182.000000 0.111639
1183.000000 0.026683
1184.000000 0.138107
1185.000000 0.045232
1186.000000 0.097379
1187.000000 0.076531
1188.000000 0.053366
1189.000000 0.063000
1190.000000 0.019505
1191.000000 0.154321
1192.000000 0.059581
1193.000000 0.107893
1194.000000 0.040238
1195.000000 0.038730
1196.000000 0.070903
1197.000000 0.046367
1198.000000 0.023037
1199.000000 0.045548
1200.000000 0.181364
1201.000000 0.110678
1202.000000 0.077520
1203.000000 0.084360
1204.000000 0.133913
1205.000000 0.077463
1206.000000 0.031796
1207.000000 0.112420
1208.000000 0.103036
1209.000000 0.105504
1210.000000 0.135199
1211.000000 0.055771
1212.000000 0.076547
1213.000000 0.070030
1214.000000 0.028514
1215.000000 0.081585
1216.000000 0.029762
1217.000000 0.082152
1218.000000 0.038084
1219.000000 0.033796
1220.000000 0.053218
1221.000000 0.081342
1222.000000 0.065531
1223.000000 0.089969
1224.000000 0.157939
1225.000000 0.085122
1226.000000 0.025135
1227.000000 0.072454
1228.000000 0.058756
1229.000000 0.095835
1230.000000 0.121899
1231.000000 0.175078
1232.000000 0.037419
1233.000000 0.121712
1234.000000 0.120395
1235.000000 0.121479
1236.000000 0.102977
1237.000000 0.118043
1238.000000 0.040603
1239.000000 0.166919
1240.000000 0.059829
1241.000000 0.109402
1242.000000 0.075363
1243.000000 0.036386
1244.000000 0.103027
1245.000000 0.024202
1246.000000 0.156507
1247.000000 0.095519
1248.000000 0.092766
1249.000000 0.050338
1250.000000 0.013813
1251.000000 0.059561
1252.000000 0.043322
1253.000000 0.079016
1254.000000 0.151621
1255.000000 0.099756
1256.000000 0.077482
1257.000000 0.056625
1258.000000 0.036752
1259.000000 0.148862
1260.000000 0.025641
1261.000000 0.104499
1262.000000 0.060094
1263.000000 0.158278
1264.000000 0.066212
1265.000000 0.113115
1266.000000 0.055949
1267.000000 0.138027
1268.000000 0.040558
1269.000000 0.163200
1270.000000 0.046496
1271.000000 0.079089
1272.000000 0.086206
1273.000000 0.044425
1274.000000 0.151477
1275.000000 0.123776
1276.000000 0.035736
1277.000000 0.084379
1278.000000 0.096960
1279.000000 0.045873
1280.000000 0.048768
1281.000000 0.087050
1282.000000 0.057948
1283.000000 0.021782
1284.000000 0.122084
1285.000000 0.104667
1286.000000 0.079931
1287.000000 0.207581
1288.000000 0.069438
1289.000000 0.076571
1290.000000 0.100038
1291.000000 0.079266
1292.000000 0.051400
1293.000000 0.038628
1294.000000 0.126519
1295.000000 0.048655
1296.000000 0.018936
1297.000000 0.084863
1298.000000 0.047172
1299.000000 0.061106
1300.000000 0.042562
1301.000000 0.149706
1302.000000 0.072506
1303.000000 0.087896
1304.000000 0.093954
1305.000000 0.050590
1306.000000 0.029827
1307.000000 0.181249
1308.000000 0.147066
1309.000000 0.036905
1310.000000 0.071181
1311.000000 0.029704
1312.000000 0.014508
1313.000000 0.083207
1314.000000 0.085147
1315.000000 0.072741
1316.000000 0.088046
1317.000000 0.086518
1318.000000 0.102970
1319.000000 0.105481
1320.000000 0.051162
1321.000000 0.130722
1322.000000 0.074226
1323.000000 0.050516
1324.000000 0.079221
1325.000000 0.009709
1326.000000 0.067991
1327.000000 0.059909
1328.000000 0.117752
1329.000000 0.017370
1330.000000 0.158822
1331.000000 0.146693
1332.000000 0.115318
1333.000000 0.181765
1334.000000 0.020991
1335.000000 0.115993
1336.000000 0.071726
1337.000000 0.088478
1338.000000 0.107205
1339.000000 0.122736
1340.000000 0.084176
1341.000000 0.134419
1342.000000 0.061260
1343.000000 0.062597
1344.000000 0.040845
1345.000000 0.086262
1346.000000 0.081195
1347.000000 0.121266
1348.000000 0.116759
1349.000000 0.077327
1350.000000 0.109594
1351.000000 0.063915
1352.000000 0.039581
1353.000000 0.140584
1354.000000 0.110513
1355.000000 0.083723
1356.000000 0.155898
1357.000000 0.090291
1358.000000 0.085973
1359.000000 0.121826
1360.000000 0.104848
1361.000000 0.160972
1362.000000 0.113363
1363.000000 0.161980
1364.000000 0.094459
1365.000000 0.142960
1366.000000 0.151891
1367.000000 0.051862
1368.000000 0.100198
1369.000000 0.061426
1370.000000 0.044578
1371.000000 0.093739
1372.000000 0.069717
1373.000000 0.063480
1374.000000 0.022652
1375.000000 0.107334
1376.000000 0.066305
1377.000000 0.128616
1378.000000 0.017922
1379.000000 0.105975
1380.000000 0.039209
1381.000000 0.070659
1382.000000 0.127390
1383.000000 0.130267
1384.000000 0.112631
1385.000000 0.112298
1386.000000 0.141403
1387.000000 0.105292
1388.000000 0.146242
1389.000000 0.051778
1390.000000 0.128885
1391.000000 0.071620
1392.000000 0.036835
1393.000000 0.145277
1394.000000 0.092612
1395.000000 0.043525
1396.000000 0.030462
1397.000000 0.093842
1398.000000 0.207521
1399.000000 0.096516
1400.000000 0.095823
1401.000000 0.052790
1402.000000 0.037031
1403.000000 0.159346
1404.000000 0.065248
1405.000000 0.135493
1406.000000 0.081011
1407.000000 0.043564
1408.000000 0.034336
1409.000000 0.053608
1410.000000 0.054861
1411.000000 0.098904
1412.000000 0.126701
1413.000000 0.046692
1414.000000 0.153679
1415.000000 0.108424
1416.000000 0.053647
1417.000000 0.088091
1418.000000 0.075947
1419.000000 0.136369
1420.000000 0.111239
1421.000000 0.115459
1422.000000 0.089102
1423.000000 0.098559
1424.000000 0.136989
1425.000000 0.104654
1426.000000 0.047265
1427.000000 0.053443
1428.000000 0.133112
1429.000000 0.134767
1430.000000 0.066125
1431.000000 0.031875
1432.000000 0.094164
1433.000000 0.025895
1434.000000 0.072938
1435.000000 0.119598
1436.000000 0.108894
1437.000000 0.012964
1438.000000 0.118190
1439.000000 0.075906
1440.000000 0.049842
1441.000000 0.045340
1442.000000 0.114188
1443.000000 0.033094
1444.000000 0.129879
1445.000000 0.063487
1446.000000 0.080999
1447.000000 0.191388
1448.000000 0.025884
1449.000000 0.103969
1450.000000 0.050523
1451.000000 0.030057
1452.000000 0.023610
1453.000000 0.107170
1454.000000 0.063877
1455.000000 0.177258
1456.000000 0.132221
1457.000000 0.026475
1458.000000 0.075752
1459.000000 0.059760
1460.000000 0.065026
1461.000000 0.159715
1462.000000 0.070466
1463.000000 0.098451
1464.000000 0.038184
1465.000000 0.090943
1466.000000 0.108672
1467.000000 0.069936
1468.000000 0.075348
1469.000000 0.125516
1470.000000 0.057025
1471.000000 0.119860
1472.000000 0.118725
1473.000000 0.071955
1474.000000 0.002397
1475.000000 0.061311
1476.000000 0.123891
1477.000000 0.023013
1478.000000 0.061862
1479.000000 0.075650
1480.000000 0.009873
1481.000000 0.079459
1482.000000 0.044369
1483.000000 0.084951
1484.000000 0.130529
1485.000000 0.111568
1486.000000 0.033514
1487.000000 0.086372
1488.000000 0.041011
1489.000000 0.045342
1490.000000 0.105516
1491.000000 0.118955
1492.000000 0.079225
1493.000000 0.051667
1494.000000 0.121188
1495.000000 0.121665
1496.000000 0.131365
1497.000000 0.104111
1498.000000 0.117657
1499.000000 0.144612
1500.000000 0.089178
1501.000000 0.103718
1502.000000 0.164772
1503.000000 0.020847
1504.000000 0.099201
1505.000000 0.045472
1506.000000 0.113634
1507.000000 0.133685
1508.000000 0.098768
1509.000000 0.120793
1510.000000 0.059789
1511.000000 0.080243
1512.000000 0.022581
1513.000000 0.022025
1514.000000 0.081123
1515.000000 0.083888
1516.000000 0.099123
1517.000000 0.037163
1518.000000 0.127756
1519.000000 0.107180
1520.000000 0.066405
1521.000000 0.074988
1522.000000 0.017918
1523.000000 0.041926
1524.000000 0.167967
1525.000000 0.077363
1526.000000 0.021173
1527.000000 0.086252
1528.000000 0.088552
1529.000000 0.027799
1530.000000 0.034297
1531.000000 0.053795
1532.000000 0.050248
1533.000000 0.030341
1534.000000 0.053430
1535.000000 0.089191
1536.000000 0.011645
1537.000000 0.058375
1538.000000 0.095021
1539.000000 0.069730
1540.000000 0.165204
1541.000000 0.102895
1542.000000 0.097907
1543.000000 0.072188
1544.000000 0.017468
1545.000000 0.049106
1546.000000 0.104856
1547.000000 0.008472
1548.000000 0.072527
1549.000000 0.030840
1550.000000 0.135522
1551.000000 0.062586
1552.000000 0.102633
1553.000000 0.081483
1554.000000 0.045467
1555.000000 0.049868
1556.000000 0.063356
1557.000000 0.015057
1558.000000 0.027182
1559.000000 0.119766
1560.000000 0.073934
1561.000000 0.021677
1562.000000 0.142051
1563.000000 0.045298
1564.000000 0.063943
1565.000000 0.081273
1566.000000 0.096468
1567.000000 0.007826
1568.000000 0.053962
1569.000000 0.019701
1570.000000 0.094071
1571.000000 0.059474
1572.000000 0.054811
1573.000000 0.089212
1574.000000 0.031159
1575.000000 0.055194
1576.000000 0.026802
1577.000000 0.030694
1578.000000 0.025458
1579.000000 0.055834
1580.000000 0.043894
1581.000000 0.123641
1582.000000 0.139548
1583.000000 0.080632
1584.000000 0.041556
1585.000000 0.022944
1586.000000 0.064758
1587.000000 0.204840
1588.000000 0.094597
1589.000000 0.106055
1590.000000 0.103634
1591.000000 0.094655
1592.000000 0.099653
1593.000000 0.207423
1594.000000 0.071859
1595.000000 0.055049
1596.000000 0.104470
1597.000000 0.087181
1598.000000 0.085207
1599.000000 0.101884
1600.000000 0.041934
1601.000000 0.029343
1602.000000 0.084548
1603.000000 0.138699
1604.000000 0.077660
1605.000000 0.119715
1606.000000 0.034919
1607.000000 0.149914
1608.000000 0.066237
1609.000000 0.162125
1610.000000 0.200943
1611.000000 0.083600
1612.000000 0.019102
1613.000000 0.061324
1614.000000 0.094133
1615.000000 0.130134
1616.000000 0.072776
1617.000000 0.044683
1618.000000 0.071643
1619.000000 0.012082
1620.000000 0.071559
1621.000000 0.198305
1622.000000 0.081002
1623.000000 0.123949
1624.000000 0.075873
1625.000000 0.037822
1626.000000 0.088828
1627.000000 0.029417
1628.000000 0.022748
1629.000000 0.074692
1630.000000 0.170119
1631.000000 0.064319
1632.000000 0.021745
1633.000000 0.086794
1634.000000 0.191532
1635.000000 0.043804
1636.000000 0.153976
1637.000000 0.035607
1638.000000 0.123236
1639.000000 0.050230
1640.000000 0.067382
1641.000000 0.099750
1642.000000 0.027693
1643.000000 0.082063
1644.000000 0.167014
1645.000000 0.104545
1646.000000 0.181820
1647.000000 0.206342
1648.000000 0.102751
1649.000000 0.025832
1650.000000 0.070594
1651.000000 0.060024
1652.000000 0.066975
1653.000000 0.050221
1654.000000 0.106944
1655.000000 0.116889
1656.000000 0.060979
1657.000000 0.091420
1658.000000 0.080094
1659.000000 0.105472
1660.000000 0.039413
1661.000000 0.064173
1662.000000 0.029272
1663.000000 0.066273
1664.000000 0.088523
1665.000000 0.100558
1666.000000 0.026560
1667.000000 0.076832
1668.000000 0.044404
1669.000000 0.048562
1670.000000 0.066607
1671.000000 0.099688
1672.000000 0.113408
1673.000000 0.089670
1674.000000 0.029745
1675.000000 0.067108
1676.000000 0.095620
1677.000000 0.106222
1678.000000 0.050826
1679.000000 0.132558
1680.000000 0.118281
1681.000000 0.109628
1682.000000 0.086597
1683.000000 0.065763
1684.000000 0.058467
1685.000000 0.173600
1686.000000 0.030596
1687.000000 0.018148
1688.000000 0.012942
1689.000000 0.128200
1690.000000 0.200101
1691.000000 0.118576
1692.000000 0.038499
1693.000000 0.096731
1694.000000 0.127083
1695.000000 0.026244
1696.000000 0.208355
1697.000000 0.036663
1698.000000 0.073557
1699.000000 0.026372
1700.000000 0.054651
1701.000000 0.092564
1702.000000 0.029542
1703.000000 0.024629
1704.000000 0.076434
1705.000000 0.008139
1706.000000 0.030541
1707.000000 0.142902
1708.000000 0.150489
1709.000000 0.063422
1710.000000 0.070989
1711.000000 0.059364
1712.000000 0.098382
1713.000000 0.031279
1714.000000 0.045264
1715.000000 0.124068
1716.000000 0.058406
1717.000000 0.096052
1718.000000 0.160038
1719.000000 0.094098
1720.000000 0.147855
1721.000000 0.153903
1722.000000 0.080770
1723.000000 0.090610
1724.000000 0.115564
1725.000000 0.131220
1726.000000 0.143057
1727.000000 0.045201
1728.000000 0.076314
1729.000000 0.016599
1730.000000 0.104157
1731.000000 0.026075
1732.000000 0.059922
1733.000000 0.044009
1734.000000 0.032922
1735.000000 0.075320
1736.000000 0.131394
1737.000000 0.057515
1738.000000 0.148959
1739.000000 0.144244
1740.000000 0.094421
1741.000000 0.089809
1742.000000 0.074342
1743.000000 0.075636
1744.000000 0.072030
1745.000000 0.088121
1746.000000 0.002842
1747.000000 0.159699
1748.000000 0.062002
1749.000000 0.106919
1750.000000 0.107857
1751.000000 0.084061
1752.000000 0.092419
1753.000000 0.022508
1754.000000 0.033334
1755.000000 0.044889
1756.000000 0.080617
1757.000000 0.149901
1758.000000 0.030491
1759.000000 0.235938
1760.000000 0.254998
1761.000000 0.142348
1762.000000 0.116703
1763.000000 0.035211
1764.000000 0.023630
1765.000000 0.064241
1766.000000 0.122989
1767.000000 0.069739
1768.000000 0.151100
1769.000000 0.148950
1770.000000 0.063813
1771.000000 0.083526
1772.000000 0.042528
1773.000000 0.040437
1774.000000 0.097756
1775.000000 0.045293
1776.000000 0.014532
1777.000000 0.118146
1778.000000 0.058110
1779.000000 0.043038
1780.000000 0.026176
1781.000000 0.105373
1782.000000 0.112277
1783.000000 0.073233
1784.000000 0.107106
1785.000000 0.112906
1786.000000 0.196707
1787.000000 0.166852
1788.000000 0.037992
1789.000000 0.173038
1790.000000 0.051786
1791.000000 0.121624
1792.000000 0.042541
1793.000000 0.120455
1794.000000 0.150993
1795.000000 0.034229
1796.000000 0.032795
1797.000000 0.094312
1798.000000 0.102445
1799.000000 0.093714
1800.000000 0.132143
1801.000000 0.091311
1802.000000 0.045261
1803.000000 0.113307
1804.000000 0.074821
1805.000000 0.064726
1806.000000 0.106269
1807.000000 0.125376
1808.000000 0.123794
1809.000000 0.129251
1810.000000 0.082731
1811.000000 0.069986
1812.000000 0.065903
1813.000000 0.113322
1814.000000 0.074901
1815.000000 0.020546
1816.000000 0.154080
1817.000000 0.179110
1818.000000 0.138000
1819.000000 0.037157
1820.000000 0.026436
1821.000000 0.043009
1822.000000 0.058302
1823.000000 0.122135
1824.000000 0.053135
1825.000000 0.042595
1826.000000 0.061811
1827.000000 0.162861
1828.000000 0.128368
1829.000000 0.094940
1830.000000 0.051901
1831.000000 0.012011
1832.000000 0.015258
1833.000000 0.176336
1834.000000 0.095613
1835.000000 0.044944
1836.000000 0.083361
1837.000000 0.042795
1838.000000 0.082117
1839.000000 0.057596
1840.000000 0.057200
1841.000000 0.067822
1842.000000 0.082774
1843.000000 0.068208
1844.000000 0.085283
1845.000000 0.053566
1846.000000 0.057978
1847.000000 0.087077
1848.000000 0.025362
1849.000000 0.058022
1850.000000 0.130490
1851.000000 0.053337
1852.000000 0.099848
1853.000000 0.112306
1854.000000 0.090178
1855.000000 0.126577
1856.000000 0.029639
1857.000000 0.083456
1858.000000 0.062086
1859.000000 0.185737
1860.000000 0.031408
1861.000000 0.047486
1862.000000 0.103669
1863.000000 0.053371
1864.000000 0.066339
1865.000000 0.103287
1866.000000 0.063486
1867.000000 0.099725
1868.000000 0.190234
1869.000000 0.052354
1870.000000 0.040814
1871.000000 0.101462
1872.000000 0.152324
1873.000000 0.128117
1874.000000 0.045781
1875.000000 0.112257
1876.000000 0.031041
1877.000000 0.076398
1878.000000 0.026410
1879.000000 0.146320
1880.000000 0.044280
1881.000000 0.097114
1882.000000 0.120635
1883.000000 0.138237
1884.000000 0.057294
1885.000000 0.059917
1886.000000 0.035006
1887.000000 0.113765
1888.000000 0.057488
1889.000000 0.041244
1890.000000 0.095508
1891.000000 0.170107
1892.000000 0.063122
1893.000000 0.112709
1894.000000 0.077301
1895.000000 0.048425
1896.000000 0.054283
1897.000000 0.112705
1898.000000 0.023617
1899.000000 0.103097
1900.000000 0.038109
1901.000000 0.093284
1902.000000 0.102783
1903.000000 0.146216
1904.000000 0.065699
1905.000000 0.074635
1906.000000 0.124871
1907.000000 0.055813
1908.000000 0.045826
1909.000000 0.055598
1910.000000 0.048919
1911.000000 0.068128
1912.000000 0.111727
1913.000000 0.072213
1914.000000 0.107450
1915.000000 0.204503
1916.000000 0.060379
1917.000000 0.035735
1918.000000 0.083229
1919.000000 0.048117
1920.000000 0.080956
1921.000000 0.033103
1922.000000 0.055548
1923.000000 0.099704
1924.000000 0.062208
1925.000000 0.120326
1926.000000 0.125348
1927.000000 0.049328
1928.000000 0.060742
1929.000000 0.105567
1930.000000 0.018152
1931.000000 0.073620
1932.000000 0.139566
1933.000000 0.062262
1934.000000 0.128293
1935.000000 0.047236
1936.000000 0.080711
1937.000000 0.098108
1938.000000 0.092731
1939.000000 0.055529
1940.000000 0.123793
1941.000000 0.052943
1942.000000 0.151296
1943.000000 0.088026
1944.000000 0.126614
1945.000000 0.072032
1946.000000 0.100051
1947.000000 0.109692
1948.000000 0.108412
1949.000000 0.110090
1950.000000 0.073853
1951.000000 0.037652
1952.000000 0.140899
1953.000000 0.075373
1954.000000 0.058851
1955.000000 0.069469
1956.000000 0.169420
1957.000000 0.071816
1958.000000 0.069463
1959.000000 0.084798
1960.000000 0.041736
1961.000000 0.054200
1962.000000 0.087348
1963.000000 0.102582
1964.000000 0.048559
1965.000000 0.057341
1966.000000 0.142729
1967.000000 0.025692
1968.000000 0.033669
1969.000000 0.057637
1970.000000 0.095532
1971.000000 0.090811
1972.000000 0.093769
1973.000000 0.063317
1974.000000 0.089575
1975.000000 0.126376
1976.000000 0.113973
1977.000000 0.078324
1978.000000 0.098059
1979.000000 0.106535
1980.000000 0.104801
1981.000000 0.184358
1982.000000 0.022437
1983.000000 0.044473
1984.000000 0.067800
1985.000000 0.120425
1986.000000 0.157710
1987.000000 0.039731
1988.000000 0.128304
1989.000000 0.138991
1990.000000 0.120986
1991.000000 0.134553
1992.000000 0.050076
1993.000000 0.083660
1994.000000 0.073744
1995.000000 0.125389
1996.000000 0.071748
1997.000000 0.066732
1998.000000 0.096469
1999.000000 0.089878
2000.000000 0.057044
2001.000000 0.066455
2002.000000 0.080257
2003.000000 0.010698
2004.000000 0.054521
2005.000000 0.154065
2006.000000 0.059957
2007.000000 0.133830
2008.000000 0.037872
2009.000000 0.013610
2010.000000 0.133252
2011.000000 0.140396
2012.000000 0.059966
2013.000000 0.044784
2014.000000 0.090762
2015.000000 0.036198
2016.000000 0.024218
2017.000000 0.088862
2018.000000 0.121620
2019.000000 0.082351
2020.000000 0.058519
2021.000000 0.014810
2022.000000 0.062421
2023.000000 0.085822
2024.000000 0.028021
2025.000000 0.032658
2026.000000 0.079368
2027.000000 0.036316
2028.000000 0.034200
2029.000000 0.059707
2030.000000 0.071992
2031.000000 0.150473
2032.000000 0.179482
2033.000000 0.088167
2034.000000 0.130538
2035.000000 0.079961
2036.000000 0.117904
2037.000000 0.070405
2038.000000 0.127878
2039.000000 0.053192
2040.000000 0.017132
2041.000000 0.069442
2042.000000 0.053651
2043.000000 0.015645
2044.000000 0.105009
2045.000000 0.109154
2046.000000 0.100779
2047.000000 0.062007
2048.000000 0.130007
2049.000000 0.041106
2050.000000 0.025837
2051.000000 0.033314
2052.000000 0.018311
2053.000000 0.070969
2054.000000 0.103789
2055.000000 0.047035
2056.000000 0.066753
2057.000000 0.174300
2058.000000 0.099099
2059.000000 0.111268
2060.000000 0.091609
2061.000000 0.089326
2062.000000 0.043365
2063.000000 0.081433
2064.000000 0.053770
2065.000000 0.092482
2066.000000 0.050742
2067.000000 0.067323
2068.000000 0.042387
2069.000000 0.061307
2070.000000 0.052814
2071.000000 0.065608
2072.000000 0.076556
2073.000000 0.036423
2074.000000 0.085416
2075.000000 0.009851
2076.000000 0.010464
2077.000000 0.179706
2078.000000 0.070254
2079.000000 0.113219
2080.000000 0.124753
2081.000000 0.035312
2082.000000 0.110449
2083.000000 0.067163
2084.000000 0.060828
2085.000000 0.112692
2086.000000 0.008311
2087.000000 0.089143
2088.000000 0.102946
2089.000000 0.082096
2090.000000 0.068055
2091.000000 0.141518
2092.000000 0.083334
2093.000000 0.128065
2094.000000 0.132845
2095.000000 0.008411
2096.000000 0.034357
2097.000000 0.046863
2098.000000 0.079426
2099.000000 0.074839
2100.000000 0.153138
2101.000000 0.032959
2102.000000 0.061365
2103.000000 0.081863
2104.000000 0.155373
2105.000000 0.040846
2106.000000 0.057916
2107.000000 0.064394
2108.000000 0.039624
2109.000000 0.065104
2110.000000 0.092485
2111.000000 0.058615
2112.000000 0.076351
2113.000000 0.070586
2114.000000 0.047991
2115.000000 0.097192
2116.000000 0.103692
2117.000000 0.103935
2118.000000 0.042555
2119.000000 0.121275
2120.000000 0.050797
2121.000000 0.092799
2122.000000 0.105895
2123.000000 0.135761
2124.000000 0.042200
2125.000000 0.041848
2126.000000 0.109669
2127.000000 0.035020
2128.000000 0.096367
2129.000000 0.149040
2130.000000 0.066358
2131.000000 0.048844
2132.000000 0.087276
2133.000000 0.130493
2134.000000 0.125730
2135.000000 0.045776
2136.000000 0.026708
2137.000000 0.066751
2138.000000 0.039677
2139.000000 0.050962
2140.000000 0.038243
2141.000000 0.069536
2142.000000 0.030205
2143.000000 0.095648
2144.000000 0.091769
2145.000000 0.186307
2146.000000 0.170045
2147.000000 0.138211
2148.000000 0.032469
2149.000000 0.098370
2150.000000 0.038765
2151.000000 0.024957
2152.000000 0.108402
2153.000000 0.065373
2154.000000 0.103090
2155.000000 0.035176
2156.000000 0.058072
2157.000000 0.118839
2158.000000 0.098011
2159.000000 0.034355
2160.000000 0.019083
2161.000000 0.028107
2162.000000 0.142532
2163.000000 0.080779
2164.000000 0.079686
2165.000000 0.086493
2166.000000 0.015835
2167.000000 0.019988
2168.000000 0.083505
2169.000000 0.093012
2170.000000 0.076871
2171.000000 0.076904
2172.000000 0.032178
2173.000000 0.048422
2174.000000 0.083627
2175.000000 0.228186
2176.000000 0.037116
2177.000000 0.122782
2178.000000 0.124344
2179.000000 0.062240
2180.000000 0.016171
2181.000000 0.036018
2182.000000 0.148140
2183.000000 0.064862
2184.000000 0.095895
2185.000000 0.165375
2186.000000 0.034516
2187.000000 0.140543
2188.000000 0.066493
2189.000000 0.013722
2190.000000 0.018437
2191.000000 0.077628
2192.000000 0.046203
2193.000000 0.010247
2194.000000 0.068888
2195.000000 0.100537
2196.000000 0.054488
2197.000000 0.158868
2198.000000 0.064379
2199.000000 0.067741
2200.000000 0.052916
2201.000000 0.054716
2202.000000 0.008353
2203.000000 0.100785
2204.000000 0.074566
2205.000000 0.043705
2206.000000 0.062457
2207.000000 0.087515
2208.000000 0.125480
2209.000000 0.040124
2210.000000 0.045212
2211.000000 0.123053
2212.000000 0.110696
2213.000000 0.117868
2214.000000 0.138617
2215.000000 0.107811
2216.000000 0.049343
2217.000000 0.097238
2218.000000 0.075731
2219.000000 0.161251
2220.000000 0.148193
2221.000000 0.059505
2222.000000 0.047406
2223.000000 0.017201
2224.000000 0.117128
2225.000000 0.006186
2226.000000 0.069707
2227.000000 0.021420
2228.000000 0.115616
2229.000000 0.056614
2230.000000 0.093455
2231.000000 0.053178
2232.000000 0.042401
2233.000000 0.062469
2234.000000 0.047023
2235.000000 0.075407
2236.000000 0.085900
2237.000000 0.129188
2238.000000 0.102053
2239.000000 0.030801
2240.000000 0.122428
2241.000000 0.018849
2242.000000 0.025205
2243.000000 0.025635
2244.000000 0.072870
2245.000000 0.102207
2246.000000 0.051920
2247.000000 0.057482
2248.000000 0.132132
2249.000000 0.047130
2250.000000 0.118355
2251.000000 0.082122
2252.000000 0.071398
2253.000000 0.107225
2254.000000 0.034847
2255.000000 0.186981
2256.000000 0.103294
2257.000000 0.135553
2258.000000 0.116477
2259.000000 0.052703
2260.000000 0.030161
2261.000000 0.099277
2262.000000 0.124236
2263.000000 0.056920
2264.000000 0.100102
2265.000000 0.104474
2266.000000 0.136743
2267.000000 0.033112
2268.000000 0.135643
2269.000000 0.140294
2270.000000 0.053379
2271.000000 0.073221
2272.000000 0.103388
2273.000000 0.079432
2274.000000 0.060763
2275.000000 0.066397
2276.000000 0.021254
2277.000000 0.133269
2278.000000 0.100461
2279.000000 0.111339
2280.000000 0.022936
2281.000000 0.039653
2282.000000 0.145553
2283.000000 0.072241
2284.000000 0.100343
2285.000000 0.055131
2286.000000 0.016881
2287.000000 0.034628
2288.000000 0.117150
2289.000000 0.166106
2290.000000 0.122760
2291.000000 0.016382
2292.000000 0.142740
2293.000000 0.099191
2294.000000 0.114898
2295.000000 0.044905
2296.000000 0.073494
2297.000000 0.017000
2298.000000 0.065401
2299.000000 0.037574
2300.000000 0.080094
2301.000000 0.046400
2302.000000 0.111624
2303.000000 0.081981
2304.000000 0.026364
2305.000000 0.059322
2306.000000 0.117176
2307.000000 0.067531
2308.000000 0.073704
2309.000000 0.103160
2310.000000 0.108613
2311.000000 0.029889
2312.000000 0.086522
2313.000000 0.108009
2314.000000 0.091450
2315.000000 0.041339
2316.000000 0.055668
2317.000000 0.105332
2318.000000 0.145569
2319.000000 0.155475
2320.000000 0.050849
2321.000000 0.009888
2322.000000 0.107487
2323.000000 0.063777
2324.000000 0.050142
2325.000000 0.023935
2326.000000 0.068515
2327.000000 0.127607
2328.000000 0.120997
2329.000000 0.055153
2330.000000 0.013145
2331.000000 0.065919
2332.000000 0.047216
2333.000000 0.056580
2334.000000 0.072873
2335.000000 0.024078
2336.000000 0.016772
2337.000000 0.102764
2338.000000 0.107467
2339.000000 0.187925
2340.000000 0.064973
2341.000000 0.129881
2342.000000 0.016712
2343.000000 0.037140
2344.000000 0.164116
2345.000000 0.016281
2346.000000 0.073925
2347.000000 0.067362
2348.000000 0.066035
2349.000000 0.139765
2350.000000 0.110932
2351.000000 0.118193
2352.000000 0.223112
2353.000000 0.067575
2354.000000 0.062079
2355.000000 0.045270
2356.000000 0.076444
2357.000000 0.062081
2358.000000 0.077380
2359.000000 0.032586
2360.000000 0.120479
2361.000000 0.072638
2362.000000 0.129890
2363.000000 0.060205
2364.000000 0.047849
2365.000000 0.089083
2366.000000 0.069872
2367.000000 0.046511
2368.000000 0.088375
2369.000000 0.147605
2370.000000 0.170250
2371.000000 0.010585
2372.000000 0.112519
2373.000000 0.130465
2374.000000 0.133631
2375.000000 0.077521
2376.000000 0.020717
2377.000000 0.077523
2378.000000 0.078688
2379.000000 0.022444
2380.000000 0.146352
2381.000000 0.097394
2382.000000 0.137383
2383.000000 0.133096
2384.000000 0.218053
2385.000000 0.064707
2386.000000 0.081418
2387.000000 0.101254
2388.000000 0.041404
2389.000000 0.084103
2390.000000 0.046739
2391.000000 0.066255
2392.000000 0.004411
2393.000000 0.086954
2394.000000 0.046331
2395.000000 0.143855
2396.000000 0.026953
2397.000000 0.119931
2398.000000 0.105338
2399.000000 0.104963
2400.000000 0.050183
2401.000000 0.077783
2402.000000 0.090256
2403.000000 0.072335
2404.000000 0.092473
2405.000000 0.060148
2406.000000 0.109455
2407.000000 0.126408
2408.000000 0.092253
2409.000000 0.038930
2410.000000 0.032733
2411.000000 0.055509
2412.000000 0.099051
2413.000000 0.082079
2414.000000 0.070219
2415.000000 0.055997
2416.000000 0.085083
2417.000000 0.073471
2418.000000 0.099835
2419.000000 0.076147
2420.000000 0.096239
2421.000000 0.063042
2422.000000 0.066916
2423.000000 0.046116
2424.000000 0.090271
2425.000000 0.017239
2426.000000 0.070961
2427.000000 0.082381
2428.000000 0.039388
2429.000000 0.103640
2430.000000 0.022447
2431.000000 0.059114
2432.000000 0.226484
2433.000000 0.107629
2434.000000 0.077598
2435.000000 0.169680
2436.000000 0.090236
2437.000000 0.143776
2438.000000 0.030242
2439.000000 0.076775
2440.000000 0.060489
2441.000000 0.036001
2442.000000 0.085311
2443.000000 0.068379
2444.000000 0.040407
2445.000000 0.080734
2446.000000 0.106484
2447.000000 0.060824
2448.000000 0.212889
2449.000000 0.098435
2450.000000 0.089775
2451.000000 0.080706
2452.000000 0.080523
2453.000000 0.014179
2454.000000 0.129938
2455.000000 0.031912
2456.000000 0.036237
2457.000000 0.022139
2458.000000 0.022591
2459.000000 0.035024
2460.000000 0.101675
2461.000000 0.098157
2462.000000 0.055709
2463.000000 0.092268
2464.000000 0.127390
2465.000000 0.070155
2466.000000 0.128573
2467.000000 0.062636
2468.000000 0.059232
2469.000000 0.109915
2470.000000 0.052906
2471.000000 0.093378
2472.000000 0.061267
2473.000000 0.079077
2474.000000 0.044018
2475.000000 0.070846
2476.000000 0.127172
2477.000000 0.076356
2478.000000 0.227550
2479.000000 0.020325
2480.000000 0.020949
2481.000000 0.006398
2482.000000 0.029199
2483.000000 0.086700
2484.000000 0.092287
2485.000000 0.062751
2486.000000 0.135899
2487.000000 0.044321
2488.000000 0.142013
2489.000000 0.035631
2490.000000 0.101597
2491.000000 0.039300
2492.000000 0.060145
2493.000000 0.035959
2494.000000 0.028948
2495.000000 0.060789
2496.000000 0.100088
2497.000000 0.088877
2498.000000 0.086184
2499.000000 0.036516
2500.000000 0.094064
2501.000000 0.118020
2502.000000 0.013605
2503.000000 0.084336
2504.000000 0.086476
2505.000000 0.142215
2506.000000 0.129615
2507.000000 0.091497
2508.000000 0.073602
2509.000000 0.170842
2510.000000 0.077853
2511.000000 0.042088
2512.000000 0.085559
2513.000000 0.080797
2514.000000 0.104723
2515.000000 0.072746
2516.000000 0.013207
2517.000000 0.038315
2518.000000 0.148529
2519.000000 0.104093
2520.000000 0.129797
2521.000000 0.095909
2522.000000 0.050403
2523.000000 0.126696
2524.000000 0.017988
2525.000000 0.145380
2526.000000 0.062445
2527.000000 0.099492
2528.000000 0.100482
2529.000000 0.067238
2530.000000 0.057102
2531.000000 0.032116
2532.000000 0.101388
2533.000000 0.041190
2534.000000 0.110367
2535.000000 0.074136
2536.000000 0.109122
2537.000000 0.077856
2538.000000 0.023249
2539.000000 0.041224
2540.000000 0.002910
2541.000000 0.106919
2542.000000 0.112913
2543.000000 0.040983
2544.000000 0.013536
2545.000000 0.108628
2546.000000 0.046132
2547.000000 0.079210
2548.000000 0.125721
2549.000000 0.115495
2550.000000 0.040346
2551.000000 0.048844
2552.000000 0.175390
2553.000000 0.123478
2554.000000 0.035101
2555.000000 0.046661
2556.000000 0.057382
2557.000000 0.109953
2558.000000 0.174806
2559.000000 0.064516
2560.000000 0.148451
2561.000000 0.040814
2562.000000 0.032742
2563.000000 0.055960
2564.000000 0.081986
2565.000000 0.121681
2566.000000 0.128795
2567.000000 0.059804
2568.000000 0.122660
2569.000000 0.103342
2570.000000 0.112526
2571.000000 0.045860
2572.000000 0.009522
2573.000000 0.110640
2574.000000 0.018299
2575.000000 0.103639
2576.000000 0.115525
2577.000000 0.068002
2578.000000 0.181536
2579.000000 0.116194
2580.000000 0.130699
2581.000000 0.077100
2582.000000 0.082413
2583.000000 0.009044
2584.000000 0.021717
2585.000000 0.040311
2586.000000 0.080918
2587.000000 0.081287
2588.000000 0.066579
2589.000000 0.028792
2590.000000 0.032764
2591.000000 0.072593
2592.000000 0.037921
2593.000000 0.041753
2594.000000 0.141283
2595.000000 0.043006
2596.000000 0.096214
2597.000000 0.020182
2598.000000 0.147698
2599.000000 0.043432
2600.000000 0.017572
2601.000000 0.032024
2602.000000 0.119466
2603.000000 0.060318
2604.000000 0.098119
2605.000000 0.005526
2606.000000 0.143118
2607.000000 0.094264
2608.000000 0.092559
2609.000000 0.052820
2610.000000 0.189888
2611.000000 0.102048
2612.000000 0.021910
2613.000000 0.016905
2614.000000 0.055118
2615.000000 0.009498
2616.000000 0.027934
2617.000000 0.103148
2618.000000 0.087188
2619.000000 0.105821
2620.000000 0.112344
2621.000000 0.032312
2622.000000 0.047534
2623.000000 0.119943
2624.000000 0.087085
2625.000000 0.075587
2626.000000 0.085334
2627.000000 0.042065
2628.000000 0.038179
2629.000000 0.048363
2630.000000 0.021765
2631.000000 0.079843
2632.000000 0.100172
2633.000000 0.052092
2634.000000 0.157912
2635.000000 0.120346
2636.000000 0.083270
2637.000000 0.143582
2638.000000 0.085151
2639.000000 0.066865
2640.000000 0.084118
2641.000000 0.040522
2642.000000 0.100192
2643.000000 0.051102
2644.000000 0.058350
2645.000000 0.044822
2646.000000 0.096841
2647.000000 0.066102
2648.000000 0.039620
2649.000000 0.047608
2650.000000 0.030820
2651.000000 0.084470
2652.000000 0.059767
2653.000000 0.130076
2654.000000 0.104679
2655.000000 0.192206
2656.000000 0.080852
2657.000000 0.088209
2658.000000 0.005466
2659.000000 0.050438
2660.000000 0.104021
2661.000000 0.084661
2662.000000 0.080593
2663.000000 0.187683
2664.000000 0.083557
2665.000000 0.046267
2666.000000 0.013267
2667.000000 0.133502
2668.000000 0.034097
2669.000000 0.157761
2670.000000 0.025692
2671.000000 0.044733
2672.000000 0.078626
2673.000000 0.105026
2674.000000 0.018456
2675.000000 0.014287
2676.000000 0.137682
2677.000000 0.163422
2678.000000 0.080502
2679.000000 0.006068
2680.000000 0.036703
2681.000000 0.061132
2682.000000 0.089400
2683.000000 0.100513
2684.000000 0.059869
2685.000000 0.051073
2686.000000 0.028663
2687.000000 0.080744
2688.000000 0.050468
2689.000000 0.061189
2690.000000 0.049343
2691.000000 0.085861
2692.000000 0.029479
2693.000000 0.036398
2694.000000 0.034895
2695.000000 0.071857
2696.000000 0.077583
2697.000000 0.031848
2698.000000 0.029489
2699.000000 0.139423
2700.000000 0.041828
2701.000000 0.165393
2702.000000 0.079691
2703.000000 0.063416
2704.000000 0.174302
2705.000000 0.004860
2706.000000 0.066160
2707.000000 0.061961
2708.000000 0.023074
2709.000000 0.090532
2710.000000 0.035982
2711.000000 0.172745
2712.000000 0.166031
2713.000000 0.061711
2714.000000 0.015393
2715.000000 0.096820
2716.000000 0.053084
2717.000000 0.040099
2718.000000 0.091734
2719.000000 0.006727
2720.000000 0.071353
2721.000000 0.040844
2722.000000 0.126936
2723.000000 0.085545
2724.000000 0.049236
2725.000000 0.055334
2726.000000 0.094547
2727.000000 0.008338
2728.000000 0.087189
2729.000000 0.061546
2730.000000 0.217155
2731.000000 0.107547
2732.000000 0.069753
2733.000000 0.070149
2734.000000 0.064322
2735.000000 0.079255
2736.000000 0.136710
2737.000000 0.097627
2738.000000 0.107669
2739.000000 0.096585
2740.000000 0.062880
2741.000000 0.161943
2742.000000 0.072581
2743.000000 0.138376
2744.000000 0.083673
2745.000000 0.037613
2746.000000 0.042035
2747.000000 0.062202
2748.000000 0.095706
2749.000000 0.102591
2750.000000 0.066981
2751.000000 0.020537
2752.000000 0.044795
2753.000000 0.093210
2754.000000 0.019030
2755.000000 0.115148
2756.000000 0.063988
2757.000000 0.070465
2758.000000 0.103085
2759.000000 0.036475
2760.000000 0.080173
2761.000000 0.040832
2762.000000 0.042141
2763.000000 0.166624
2764.000000 0.068205
2765.000000 0.081703
2766.000000 0.041925
2767.000000 0.094566
2768.000000 0.070572
2769.000000 0.056025
2770.000000 0.087370
2771.000000 0.069177
2772.000000 0.116993
2773.000000 0.026365
2774.000000 0.050077
2775.000000 0.108237
2776.000000 0.083834
2777.000000 0.113692
2778.000000 0.094762
2779.000000 0.153312
2780.000000 0.126607
2781.000000 0.064952
2782.000000 0.024297
2783.000000 0.156365
2784.000000 0.053716
2785.000000 0.078462
2786.000000 0.053950
2787.000000 0.113501
2788.000000 0.060120
2789.000000 0.046377
2790.000000 0.041869
2791.000000 0.018246
2792.000000 0.037095
2793.000000 0.041319
2794.000000 0.096738
2795.000000 0.071353
2796.000000 0.091039
2797.000000 0.066908
2798.000000 0.060983
2799.000000 0.050592
2800.000000 0.103630
2801.000000 0.132033
2802.000000 0.076980
2803.000000 0.056662
2804.000000 0.052478
2805.000000 0.101424
2806.000000 0.023582
2807.000000 0.050339
2808.000000 0.094579
2809.000000 0.074406
2810.000000 0.066041
2811.000000 0.089877
2812.000000 0.081398
2813.000000 0.047559
2814.000000 0.034028
2815.000000 0.060794
2816.000000 0.238760
2817.000000 0.089591
2818.000000 0.085877
2819.000000 0.129238
2820.000000 0.069988
2821.000000 0.107976
2822.000000 0.056923
2823.000000 0.109605
2824.000000 0.147446
2825.000000 0.073558
2826.000000 0.106952
2827.000000 0.064862
2828.000000 0.090364
2829.000000 0.028513
2830.000000 0.021261
2831.000000 0.088213
2832.000000 0.064858
2833.000000 0.087196
2834.000000 0.065455
2835.000000 0.017961
2836.000000 0.023083
2837.000000 0.036773
2838.000000 0.032663
2839.000000 0.070175
2840.000000 0.145117
2841.000000 0.130747
2842.000000 0.049514
2843.000000 0.057506
2844.000000 0.164896
2845.000000 0.046506
2846.000000 0.040333
2847.000000 0.155154
2848.000000 0.035187
2849.000000 0.028347
2850.000000 0.108618
2851.000000 0.038953
2852.000000 0.193607
2853.000000 0.050282
2854.000000 0.123040
2855.000000 0.061003
2856.000000 0.067529
2857.000000 0.076596
2858.000000 0.075888
2859.000000 0.090187
2860.000000 0.047711
2861.000000 0.037285
2862.000000 0.174502
2863.000000 0.046672
2864.000000 0.034359
2865.000000 0.052683
2866.000000 0.050816
2867.000000 0.085934
2868.000000 0.144849
2869.000000 0.066670
2870.000000 0.073158
2871.000000 0.083991
2872.000000 0.096889
2873.000000 0.101771
2874.000000 0.064291
2875.000000 0.031640
2876.000000 0.093882
2877.000000 0.100229
2878.000000 0.159724
2879.000000 0.049770
2880.000000 0.171062
2881.000000 0.116394
2882.000000 0.091322
2883.000000 0.039766
2884.000000 0.041324
2885.000000 0.010914
2886.000000 0.067934
2887.000000 0.077731
2888.000000 0.077533
2889.000000 0.024411
2890.000000 0.024866
2891.000000 0.085410
2892.000000 0.046756
2893.000000 0.049554
2894.000000 0.095620
2895.000000 0.015965
2896.000000 0.053372
2897.000000 0.076070
2898.000000 0.040200
2899.000000 0.092519
2900.000000 0.213298
2901.000000 0.081238
2902.000000 0.044155
2903.000000 0.046697
2904.000000 0.074169
2905.000000 0.024312
2906.000000 0.061309
2907.000000 0.072721
2908.000000 0.025447
2909.000000 0.077997
2910.000000 0.069074
2911.000000 0.068072
2912.000000 0.168565
2913.000000 0.002942
2914.000000 0.093046
2915.000000 0.060886
2916.000000 0.049346
2917.000000 0.127512
2918.000000 0.085456
2919.000000 0.087126
2920.000000 0.104487
2921.000000 0.098671
2922.000000 0.116584
2923.000000 0.094418
2924.000000 0.066658
2925.000000 0.068661
2926.000000 0.099669
2927.000000 0.156335
2928.000000 0.062070
2929.000000 0.082094
2930.000000 0.165080
2931.000000 0.150573
2932.000000 0.125488
2933.000000 0.143215
2934.000000 0.057817
2935.000000 0.111810
2936.000000 0.111091
2937.000000 0.063896
2938.000000 0.135960
2939.000000 0.070093
2940.000000 0.050784
2941.000000 0.079544
2942.000000 0.070505
2943.000000 0.171687
2944.000000 0.072394
2945.000000 0.080350
2946.000000 0.073762
2947.000000 0.042908
2948.000000 0.167325
2949.000000 0.057625
2950.000000 0.129585
2951.000000 0.128676
2952.000000 0.103753
2953.000000 0.041510
2954.000000 0.038491
2955.000000 0.098762
2956.000000 0.014149
2957.000000 0.107699
2958.000000 0.088897
2959.000000 0.156720
2960.000000 0.003697
2961.000000 0.057438
2962.000000 0.085571
2963.000000 0.029478
2964.000000 0.042805
2965.000000 0.022141
2966.000000 0.163964
2967.000000 0.069102
2968.000000 0.056147
2969.000000 0.169498
2970.000000 0.100816
2971.000000 0.144204
2972.000000 0.043453
2973.000000 0.018696
2974.000000 0.076817
2975.000000 0.043903
2976.000000 0.048335
2977.000000 0.103601
2978.000000 0.095711
2979.000000 0.049653
2980.000000 0.068137
2981.000000 0.076105
2982.000000 0.075505
2983.000000 0.144653
2984.000000 0.120253
2985.000000 0.096223
2986.000000 0.058301
2987.000000 0.125640
2988.000000 0.068402
2989.000000 0.075917
2990.000000 0.092118
2991.000000 0.102388
2992.000000 0.091292
2993.000000 0.122153
2994.000000 0.069853
2995.000000 0.161251
2996.000000 0.073785
2997.000000 0.125753
2998.000000 0.101294
2999.000000 0.167325
3000.000000 0.034758
