10.000000 0.791707
20.000000 0.843249
30.000000 0.799587
40.000000 0.837826
50.000000 0.798608
60.000000 0.824159
70.000000 0.807862
80.000000 0.828576
90.000000 0.754149
100.000000 0.822209
110.000000 0.816981
120.000000 0.842593
130.000000 0.816013
140.000000 0.807363
150.000000 0.833808
160.000000 0.848410
170.000000 0.823795
180.000000 0.727874
190.000000 0.795819
200.000000 0.770111
210.000000 0.846216
220.000000 0.798350
230.000000 0.835376
240.000000 0.887764
250.000000 0.867173
260.000000 0.745154
270.000000 0.787051
280.000000 0.768968
290.000000 0.794675
300.000000 0.751577
310.000000 0.811318
320.000000 0.724645
330.000000 0.778360
340.000000 0.816912
350.000000 0.802223
360.000000 0.838829
370.000000 0.833411
380.000000 0.833098
390.000000 0.806217
400.000000 0.826226
410.000000 0.844505
420.000000 0.802373
430.000000 0.786649
440.000000 0.866122
450.000000 0.786340
460.000000 0.845467
470.000000 0.769435
480.000000 0.817416
490.000000 0.762104
500.000000 0.824699
510.000000 0.773451
520.000000 0.736673
530.000000 0.774131
540.000000 0.781956
550.000000 0.774253
560.000000 0.837376
570.000000 0.796685
580.000000 0.816967
590.000000 0.851664
600.000000 0.754652
610.000000 0.824287
620.000000 0.831940
630.000000 0.804648
640.000000 0.764894
650.000000 0.781494
660.000000 0.788575
670.000000 0.762527
680.000000 0.858935
690.000000 0.824786
700.000000 0.808817
710.000000 0.843961
720.000000 0.845618
730.000000 0.797266
740.000000 0.802442
750.000000 0.799755
760.000000 0.851328
770.000000 0.817093
780.000000 0.825704
790.000000 0.772330
800.000000 0.808774
810.000000 0.781152
820.000000 0.804080
830.000000 0.876045
840.000000 0.874651
850.000000 0.787592
860.000000 0.782734
870.000000 0.806153
880.000000 0.791466
890.000000 0.826873
900.000000 0.810929
910.000000 0.805133
920.000000 0.772036
930.000000 0.791768
940.000000 0.829009
950.000000 0.839686
960.000000 0.824318
970.000000 0.784825
980.000000 0.807928
990.000000 0.811609
1000.000000 0.813255
