10.000000 0.262409
20.000000 0.311798
30.000000 0.325454
40.000000 0.233895
50.000000 0.231684
60.000000 0.268765
70.000000 0.230081
80.000000 0.259912
90.000000 0.219735
100.000000 0.269398
110.000000 0.235797
120.000000 0.080401
130.000000 0.115356
140.000000 0.392291
150.000000 0.179259
160.000000 0.093282
170.000000 0.174578
180.000000 0.269753
190.000000 0.433151
200.000000 0.055019
210.000000 0.075146
220.000000 0.335127
230.000000 0.184373
240.000000 0.315496
250.000000 0.446829
260.000000 0.583152
270.000000 0.269222
280.000000 0.401748
290.000000 0.303742
300.000000 0.286533
310.000000 0.315848
320.000000 0.409874
330.000000 0.148815
340.000000 0.099755
350.000000 0.180354
360.000000 0.090541
370.000000 0.258091
380.000000 0.319394
390.000000 0.098732
400.000000 0.554814
410.000000 0.249942
420.000000 0.349497
430.000000 0.447078
440.000000 0.364467
450.000000 0.479438
460.000000 0.245930
470.000000 0.352364
480.000000 0.137748
490.000000 0.351501
500.000000 0.510019
510.000000 0.350080
520.000000 0.303522
530.000000 0.306524
540.000000 0.357904
550.000000 0.537603
560.000000 0.257529
570.000000 0.034116
580.000000 0.157445
590.000000 0.452465
600.000000 0.414322
610.000000 0.361005
620.000000 0.435360
630.000000 0.338519
640.000000 0.415414
650.000000 0.404934
660.000000 0.289076
670.000000 0.183517
680.000000 0.134342
690.000000 0.303939
700.000000 0.268000
710.000000 0.333609
720.000000 0.383183
730.000000 0.461300
740.000000 0.304023
750.000000 0.408360
760.000000 0.519591
770.000000 0.120576
780.000000 0.347688
790.000000 0.442514
800.000000 0.374480
810.000000 0.305515
820.000000 0.157857
830.000000 0.324511
840.000000 0.331076
850.000000 0.212117
860.000000 0.350383
870.000000 0.351274
880.000000 0.181457
890.000000 0.069100
900.000000 0.133596
910.000000 0.254372
920.000000 0.332070
930.000000 0.347915
940.000000 0.239975
950.000000 0.224428
960.000000 0.146250
970.000000 0.279792
980.000000 0.419711
990.000000 0.332183
1000.000000 0.332373
