10.000000 0.189065
20.000000 0.887007
30.000000 0.847424
40.000000 0.966812
50.000000 0.885925
60.000000 0.491564
70.000000 1.000000
80.000000 1.000000
90.000000 1.000000
100.000000 1.000000
110.000000 0.999986
120.000000 0.883258
130.000000 0.999140
140.000000 1.000000
150.000000 1.000000
160.000000 1.000000
170.000000 0.951258
180.000000 1.000000
190.000000 1.000000
200.000000 1.000000
210.000000 1.000000
220.000000 0.904271
230.000000 1.000000
240.000000 1.000000
250.000000 1.000000
260.000000 1.000000
270.000000 1.000000
280.000000 0.945183
290.000000 0.875097
300.000000 1.000000
310.000000 1.000000
320.000000 1.000000
330.000000 1.000000
340.000000 1.000000
350.000000 1.000000
360.000000 1.000000
370.000000 1.000000
380.000000 1.000000
390.000000 1.000000
400.000000 1.000000
410.000000 1.000000
420.000000 1.000000
430.000000 1.000000
440.000000 1.000000
450.000000 0.313666
460.000000 0.994385
470.000000 1.000000
480.000000 1.000000
490.000000 1.000000
500.000000 1.000000
510.000000 1.000000
520.000000 1.000000
530.000000 1.000000
540.000000 0.386323
550.000000 1.000000
560.000000 1.000000
570.000000 1.000000
580.000000 1.000000
590.000000 1.000000
600.000000 1.000000
610.000000 1.000000
620.000000 1.000000
630.000000 1.000000
640.000000 0.970061
650.000000 1.000000
660.000000 1.000000
670.000000 1.000000
680.000000 1.000000
690.000000 0.275231
700.000000 1.000000
710.000000 1.000000
720.000000 1.000000
730.000000 1.000000
740.000000 1.000000
750.000000 1.000000
760.000000 0.372250
770.000000 0.593457
780.000000 0.595957
790.000000 0.511113
800.000000 0.568782
810.000000 0.613860
820.000000 0.221222
830.000000 0.569174
840.000000 0.365143
850.000000 1.000000
860.000000 0.972347
870.000000 0.900877
880.000000 1.000000
890.000000 1.000000
900.000000 1.000000
910.000000 1.000000
920.000000 1.000000
930.000000 1.000000
940.000000 1.000000
950.000000 1.000000
960.000000 1.000000
970.000000 0.989701
980.000000 1.000000
990.000000 0.250585
1000.000000 1.000000
