10.000000 0.079258
20.000000 0.189227
30.000000 0.106981
40.000000 0.027987
50.000000 0.055538
60.000000 0.058271
70.000000 0.191883
80.000000 0.063491
90.000000 0.083374
100.000000 0.164160
110.000000 0.174512
120.000000 0.098382
130.000000 0.061351
140.000000 0.271464
150.000000 0.086297
160.000000 0.033338
170.000000 0.303293
180.000000 0.254695
190.000000 0.106799
200.000000 0.208332
210.000000 0.241793
220.000000 0.072517
230.000000 0.074020
240.000000 0.113325
250.000000 0.145030
260.000000 0.062302
270.000000 0.074701
280.000000 0.101373
290.000000 0.076408
300.000000 0.160872
310.000000 0.177063
320.000000 0.146397
330.000000 0.147128
340.000000 0.207807
350.000000 0.129327
360.000000 0.111318
370.000000 0.114566
380.000000 0.078216
390.000000 0.122991
400.000000 0.114864
410.000000 0.164157
420.000000 0.114043
430.000000 0.242334
440.000000 0.190302
450.000000 0.026483
460.000000 0.068340
470.000000 0.214278
480.000000 0.125721
490.000000 0.177884
500.000000 0.059777
510.000000 0.074981
520.000000 0.097806
530.000000 0.075694
540.000000 0.075633
550.000000 0.036492
560.000000 0.026251
570.000000 0.092797
580.000000 0.132416
590.000000 0.164852
600.000000 0.065553
610.000000 0.037293
620.000000 0.158007
630.000000 0.012580
640.000000 0.038838
650.000000 0.096113
660.000000 0.094678
670.000000 0.122610
680.000000 0.191901
690.000000 0.114544
700.000000 0.199321
710.000000 0.079520
720.000000 0.116681
730.000000 0.058975
740.000000 0.181767
750.000000 0.118200
760.000000 0.087607
770.000000 0.163313
780.000000 0.050200
790.000000 0.113701
800.000000 0.087621
810.000000 0.181448
820.000000 0.126911
830.000000 0.108072
840.000000 0.034171
850.000000 0.069488
860.000000 0.127070
870.000000 0.038624
880.000000 0.122604
890.000000 0.089006
900.000000 0.059385
910.000000 0.201181
920.000000 0.129052
930.000000 0.082718
940.000000 0.105436
950.000000 0.086672
960.000000 0.166319
970.000000 0.180366
980.000000 0.155912
990.000000 0.189925
1000.000000 0.148514
