0.000000 0.175992
1.000000 0.105052
2.000000 0.167044
3.000000 0.169718
4.000000 0.052049
5.000000 0.183839
6.000000 0.165056
7.000000 0.081888
8.000000 0.087314
9.000000 0.110642
10.000000 0.175316
11.000000 0.132286
12.000000 0.147819
13.000000 0.113236
14.000000 0.076783
15.000000 0.100672
16.000000 0.047948
17.000000 0.179629
18.000000 0.234094
19.000000 0.166445
20.000000 0.141221
21.000000 0.115125
22.000000 0.116220
23.000000 0.136126
24.000000 0.090355
25.000000 0.115802
26.000000 0.033988
27.000000 0.093547
28.000000 0.054066
29.000000 0.086185
30.000000 0.161889
31.000000 0.239958
32.000000 0.130006
33.000000 0.078277
34.000000 0.105152
35.000000 0.097117
36.000000 0.064128
37.000000 0.079567
38.000000 0.042356
39.000000 0.201828
40.000000 0.190731
41.000000 0.222768
42.000000 0.103111
43.000000 0.214046
44.000000 0.116011
45.000000 0.157621
46.000000 0.169323
47.000000 0.138844
48.000000 0.173795
49.000000 0.024835
50.000000 0.148654
51.000000 0.064042
52.000000 0.128171
53.000000 0.119068
54.000000 0.167006
55.000000 0.093714
56.000000 0.125618
57.000000 0.130811
58.000000 0.276659
59.000000 0.174733
60.000000 0.084193
61.000000 0.058406
62.000000 0.189267
63.000000 0.075111
64.000000 0.105894
65.000000 0.124432
66.000000 0.071580
67.000000 0.132880
68.000000 0.154042
69.000000 0.333232
70.000000 0.079851
71.000000 0.153460
72.000000 0.115092
73.000000 0.183661
74.000000 0.208408
75.000000 0.121036
76.000000 0.126301
77.000000 0.287936
78.000000 0.160880
79.000000 0.102476
80.000000 0.103191
81.000000 0.053880
82.000000 0.044284
83.000000 0.064519
84.000000 0.188313
85.000000 0.099482
86.000000 0.081074
87.000000 0.058803
88.000000 0.011677
89.000000 0.067465
90.000000 0.022842
91.000000 0.112546
92.000000 0.071754
93.000000 0.119935
94.000000 0.363653
95.000000 0.083988
96.000000 0.192193
97.000000 0.144335
98.000000 0.143951
99.000000 0.091274
100.000000 0.205299
101.000000 0.126708
102.000000 0.150039
103.000000 0.208492
104.000000 0.044613
105.000000 0.065254
106.000000 0.080694
107.000000 0.268080
108.000000 0.105997
109.000000 0.134436
110.000000 0.085617
111.000000 0.107549
112.000000 0.110205
113.000000 0.069999
114.000000 0.159321
115.000000 0.088216
116.000000 0.039795
117.000000 0.207082
118.000000 0.097784
119.000000 0.198394
120.000000 0.243808
121.000000 0.155616
122.000000 0.266288
123.000000 0.200984
124.000000 0.081522
125.000000 0.176911
126.000000 0.107250
127.000000 0.084584
128.000000 0.021194
129.000000 0.124023
130.000000 0.157283
131.000000 0.090751
132.000000 0.151094
133.000000 0.088156
134.000000 0.081455
135.000000 0.063330
136.000000 0.058820
137.000000 0.140289
138.000000 0.129250
139.000000 0.258357
140.000000 0.158116
141.000000 0.167133
142.000000 0.239058
143.000000 0.026181
144.000000 0.145068
145.000000 0.049674
146.000000 0.152929
147.000000 0.125448
148.000000 0.068516
149.000000 0.124667
150.000000 0.049366
151.000000 0.121600
152.000000 0.125112
153.000000 0.116263
154.000000 0.133477
155.000000 0.028749
156.000000 0.148596
157.000000 0.159323
158.000000 0.053896
159.000000 0.205665
160.000000 0.191070
161.000000 0.211080
162.000000 0.182204
163.000000 0.042757
164.000000 0.192651
165.000000 0.413996
166.000000 0.101078
167.000000 0.115576
168.000000 0.208755
169.000000 0.218219
170.000000 0.106890
171.000000 0.154065
172.000000 0.060739
173.000000 0.064791
174.000000 0.066226
175.000000 0.041335
176.000000 0.036323
177.000000 0.245946
178.000000 0.160967
179.000000 0.156488
180.000000 0.101851
181.000000 0.134186
182.000000 0.161529
183.000000 0.101578
184.000000 0.069766
185.000000 0.157384
186.000000 0.106647
187.000000 0.107487
188.000000 0.059488
189.000000 0.106576
190.000000 0.331969
191.000000 0.314715
192.000000 0.050363
193.000000 0.100310
194.000000 0.140259
195.000000 0.058659
196.000000 0.107832
197.000000 0.164051
198.000000 0.163775
199.000000 0.043022
200.000000 0.134791
201.000000 0.202250
202.000000 0.138536
203.000000 0.145464
204.000000 0.119515
205.000000 0.160021
206.000000 0.042051
207.000000 0.152020
208.000000 0.052099
209.000000 0.107436
210.000000 0.070679
211.000000 0.197216
212.000000 0.059096
213.000000 0.106573
214.000000 0.239470
215.000000 0.174374
216.000000 0.086364
217.000000 0.215455
218.000000 0.054036
219.000000 0.121843
220.000000 0.056052
221.000000 0.205037
222.000000 0.255116
223.000000 0.029005
224.000000 0.076188
225.000000 0.117309
226.000000 0.143831
227.000000 0.126550
228.000000 0.166181
229.000000 0.185686
230.000000 0.223535
231.000000 0.063169
232.000000 0.072320
233.000000 0.045491
234.000000 0.304509
235.000000 0.153991
236.000000 0.101560
237.000000 0.066160
238.000000 0.093899
239.000000 0.206286
240.000000 0.084488
241.000000 0.125367
242.000000 0.077352
243.000000 0.184153
244.000000 0.165097
245.000000 0.011784
246.000000 0.063101
247.000000 0.300646
248.000000 0.074709
249.000000 0.219830
250.000000 0.138944
251.000000 0.072820
252.000000 0.139681
253.000000 0.125573
254.000000 0.099109
255.000000 0.114903
256.000000 0.240022
257.000000 0.148077
258.000000 0.101676
259.000000 0.151849
260.000000 0.203039
261.000000 0.047452
262.000000 0.147999
263.000000 0.193544
264.000000 0.093424
265.000000 0.065966
266.000000 0.077268
267.000000 0.217209
268.000000 0.064527
269.000000 0.117851
270.000000 0.124801
271.000000 0.088136
272.000000 0.126219
273.000000 0.211195
274.000000 0.033233
275.000000 0.196786
276.000000 0.029615
277.000000 0.226147
278.000000 0.027448
279.000000 0.030469
280.000000 0.095857
281.000000 0.120491
282.000000 0.010010
283.000000 0.068757
284.000000 0.081697
285.000000 0.144827
286.000000 0.050622
287.000000 0.138841
288.000000 0.084830
289.000000 0.124887
290.000000 0.114959
291.000000 0.155210
292.000000 0.127711
293.000000 0.077317
294.000000 0.158107
295.000000 0.144430
296.000000 0.091268
297.000000 0.067273
298.000000 0.159717
299.000000 0.277984
300.000000 0.195568
301.000000 0.103240
302.000000 0.206535
303.000000 0.387935
304.000000 0.072185
305.000000 0.267982
306.000000 0.014793
307.000000 0.043416
308.000000 0.204056
309.000000 0.291753
310.000000 0.095439
311.000000 0.103985
312.000000 0.146789
313.000000 0.233286
314.000000 0.152896
315.000000 0.044066
316.000000 0.113019
317.000000 0.150443
318.000000 0.091852
319.000000 0.117365
320.000000 0.138030
321.000000 0.129741
322.000000 0.160457
323.000000 0.155086
324.000000 0.012848
325.000000 0.049241
326.000000 0.132460
327.000000 0.149263
328.000000 0.131299
329.000000 0.114664
330.000000 0.066426
331.000000 0.138381
332.000000 0.159339
333.000000 0.106816
334.000000 0.039969
335.000000 0.062107
336.000000 0.078934
337.000000 0.215632
338.000000 0.118317
339.000000 0.097248
340.000000 0.206554
341.000000 0.156642
342.000000 0.168751
343.000000 0.067594
344.000000 0.115321
345.000000 0.126809
346.000000 0.101513
347.000000 0.080747
348.000000 0.054345
349.000000 0.107753
350.000000 0.140222
351.000000 0.238358
352.000000 0.258021
353.000000 0.074257
354.000000 0.160057
355.000000 0.107553
356.000000 0.033197
357.000000 0.080926
358.000000 0.123041
359.000000 0.135827
360.000000 0.038151
361.000000 0.167195
362.000000 0.071685
363.000000 0.054284
364.000000 0.075871
365.000000 0.073782
366.000000 0.097761
367.000000 0.058384
368.000000 0.278890
369.000000 0.053338
370.000000 0.108990
371.000000 0.152309
372.000000 0.320653
373.000000 0.053231
374.000000 0.024354
375.000000 0.181709
376.000000 0.129700
377.000000 0.172420
378.000000 0.088913
379.000000 0.056505
380.000000 0.239784
381.000000 0.107201
382.000000 0.107289
383.000000 0.053193
384.000000 0.149548
385.000000 0.234007
386.000000 0.160295
387.000000 0.077284
388.000000 0.169652
389.000000 0.079966
390.000000 0.063296
391.000000 0.157330
392.000000 0.156444
393.000000 0.068579
394.000000 0.091657
395.000000 0.151202
396.000000 0.172071
397.000000 0.071891
398.000000 0.088445
399.000000 0.152181
400.000000 0.120629
401.000000 0.031000
402.000000 0.056039
403.000000 0.047610
404.000000 0.120258
405.000000 0.160123
406.000000 0.103943
407.000000 0.251676
408.000000 0.165328
409.000000 0.127318
410.000000 0.217199
411.000000 0.191099
412.000000 0.255356
413.000000 0.100251
414.000000 0.187725
415.000000 0.098877
416.000000 0.074570
417.000000 0.117029
418.000000 0.173791
419.000000 0.268031
420.000000 0.237112
421.000000 0.205272
422.000000 0.161064
423.000000 0.130547
424.000000 0.126614
425.000000 0.095384
426.000000 0.176550
427.000000 0.243213
428.000000 0.133746
429.000000 0.081093
430.000000 0.149697
431.000000 0.286944
432.000000 0.107082
433.000000 0.092323
434.000000 0.135466
435.000000 0.035376
436.000000 0.076701
437.000000 0.192846
438.000000 0.068601
439.000000 0.077513
440.000000 0.144926
441.000000 0.053528
442.000000 0.185788
443.000000 0.174094
444.000000 0.195759
445.000000 0.107061
446.000000 0.052449
447.000000 0.062344
448.000000 0.083452
449.000000 0.082455
450.000000 0.052604
451.000000 0.115803
452.000000 0.119187
453.000000 0.031486
454.000000 0.115613
455.000000 0.140021
456.000000 0.042494
457.000000 0.142858
458.000000 0.010429
459.000000 0.162126
460.000000 0.057299
461.000000 0.045866
462.000000 0.060178
463.000000 0.178724
464.000000 0.059327
465.000000 0.146850
466.000000 0.185934
467.000000 0.176054
468.000000 0.027886
469.000000 0.089435
470.000000 0.140481
471.000000 0.214274
472.000000 0.083548
473.000000 0.145386
474.000000 0.080009
475.000000 0.112815
476.000000 0.168050
477.000000 0.165550
478.000000 0.185315
479.000000 0.117218
480.000000 0.044898
481.000000 0.114414
482.000000 0.038430
483.000000 0.090858
484.000000 0.119382
485.000000 0.177797
486.000000 0.177868
487.000000 0.092077
488.000000 0.162402
489.000000 0.057981
490.000000 0.039592
491.000000 0.328769
492.000000 0.014511
493.000000 0.158823
494.000000 0.218805
495.000000 0.254845
496.000000 0.108430
497.000000 0.127376
498.000000 0.177893
499.000000 0.120153
500.000000 0.226914
501.000000 0.087776
502.000000 0.267416
503.000000 0.041753
504.000000 0.164850
505.000000 0.096973
506.000000 0.247415
507.000000 0.080179
508.000000 0.083633
509.000000 0.106945
510.000000 0.149332
511.000000 0.162260
512.000000 0.057496
513.000000 0.104854
514.000000 0.115249
515.000000 0.075090
516.000000 0.119718
517.000000 0.224370
518.000000 0.143818
519.000000 0.199866
520.000000 0.044462
521.000000 0.093751
522.000000 0.198795
523.000000 0.169915
524.000000 0.089711
525.000000 0.151116
526.000000 0.074072
527.000000 0.136492
528.000000 0.158746
529.000000 0.149019
530.000000 0.172096
531.000000 0.152675
532.000000 0.227157
533.000000 0.112732
534.000000 0.149410
535.000000 0.054415
536.000000 0.186825
537.000000 0.247757
538.000000 0.117246
539.000000 0.152020
540.000000 0.143807
541.000000 0.045830
542.000000 0.125028
543.000000 0.139030
544.000000 0.185475
545.000000 0.017905
546.000000 0.082020
547.000000 0.130936
548.000000 0.043895
549.000000 0.139572
550.000000 0.147733
551.000000 0.148614
552.000000 0.100143
553.000000 0.245674
554.000000 0.079113
555.000000 0.190805
556.000000 0.220872
557.000000 0.251687
558.000000 0.107590
559.000000 0.163207
560.000000 0.100088
561.000000 0.095426
562.000000 0.100381
563.000000 0.188294
564.000000 0.242867
565.000000 0.073244
566.000000 0.080536
567.000000 0.223025
568.000000 0.055408
569.000000 0.201861
570.000000 0.153996
571.000000 0.102093
572.000000 0.192496
573.000000 0.203713
574.000000 0.135559
575.000000 0.098350
576.000000 0.275308
577.000000 0.155999
578.000000 0.231376
579.000000 0.159392
580.000000 0.099490
581.000000 0.092122
582.000000 0.082869
583.000000 0.094013
584.000000 0.150268
585.000000 0.057444
586.000000 0.143849
587.000000 0.227175
588.000000 0.051776
589.000000 0.101425
590.000000 0.171538
591.000000 0.072529
592.000000 0.125844
593.000000 0.070296
594.000000 0.101282
595.000000 0.097401
596.000000 0.059595
597.000000 0.076945
598.000000 0.101798
599.000000 0.146232
600.000000 0.239583
601.000000 0.204171
602.000000 0.159988
603.000000 0.041653
604.000000 0.105921
605.000000 0.059353
606.000000 0.113237
607.000000 0.039200
608.000000 0.179071
609.000000 0.100373
610.000000 0.120297
611.000000 0.169559
612.000000 0.186108
613.000000 0.231032
614.000000 0.113198
615.000000 0.146999
616.000000 0.086703
617.000000 0.145429
618.000000 0.105293
619.000000 0.159253
620.000000 0.131880
621.000000 0.092749
622.000000 0.158423
623.000000 0.077835
624.000000 0.024603
625.000000 0.062121
626.000000 0.085694
627.000000 0.059786
628.000000 0.230841
629.000000 0.076341
630.000000 0.086514
631.000000 0.083825
632.000000 0.188431
633.000000 0.156729
634.000000 0.062412
635.000000 0.178131
636.000000 0.131462
637.000000 0.087248
638.000000 0.227546
639.000000 0.150226
640.000000 0.182015
641.000000 0.134300
642.000000 0.081628
643.000000 0.114619
644.000000 0.131534
645.000000 0.054009
646.000000 0.177695
647.000000 0.056851
648.000000 0.142352
649.000000 0.109432
650.000000 0.016145
651.000000 0.033428
652.000000 0.099601
653.000000 0.055947
654.000000 0.265939
655.000000 0.208890
656.000000 0.166561
657.000000 0.274634
658.000000 0.257634
659.000000 0.045821
660.000000 0.043070
661.000000 0.093448
662.000000 0.158276
663.000000 0.127110
664.000000 0.089783
665.000000 0.079990
666.000000 0.180795
667.000000 0.268476
668.000000 0.019312
669.000000 0.114964
670.000000 0.120603
671.000000 0.066931
672.000000 0.156355
673.000000 0.206531
674.000000 0.154214
675.000000 0.123338
676.000000 0.040184
677.000000 0.129294
678.000000 0.138933
679.000000 0.123474
680.000000 0.165806
681.000000 0.117860
682.000000 0.185770
683.000000 0.139501
684.000000 0.184914
685.000000 0.101952
686.000000 0.184917
687.000000 0.095151
688.000000 0.272936
689.000000 0.167953
690.000000 0.068235
691.000000 0.155628
692.000000 0.244792
693.000000 0.078561
694.000000 0.103295
695.000000 0.169873
696.000000 0.159827
697.000000 0.190336
698.000000 0.251348
699.000000 0.186844
700.000000 0.138852
701.000000 0.156034
702.000000 0.078228
703.000000 0.097757
704.000000 0.139420
705.000000 0.017034
706.000000 0.071049
707.000000 0.063106
708.000000 0.018502
709.000000 0.176066
710.000000 0.069779
711.000000 0.095456
712.000000 0.128317
713.000000 0.034574
714.000000 0.232142
715.000000 0.239776
716.000000 0.145829
717.000000 0.051304
718.000000 0.039808
719.000000 0.091063
720.000000 0.102535
721.000000 0.046564
722.000000 0.298025
723.000000 0.063664
724.000000 0.112069
725.000000 0.233196
726.000000 0.170331
727.000000 0.182912
728.000000 0.216225
729.000000 0.196568
730.000000 0.150805
731.000000 0.128782
732.000000 0.255714
733.000000 0.216014
734.000000 0.131268
735.000000 0.029322
736.000000 0.060062
737.000000 0.103588
738.000000 0.107415
739.000000 0.156348
740.000000 0.023784
741.000000 0.049991
742.000000 0.037819
743.000000 0.156575
744.000000 0.017350
745.000000 0.060325
746.000000 0.232421
747.000000 0.246535
748.000000 0.066304
749.000000 0.091511
750.000000 0.027067
751.000000 0.125793
752.000000 0.103683
753.000000 0.236750
754.000000 0.068338
755.000000 0.185396
756.000000 0.160371
757.000000 0.068617
758.000000 0.061658
759.000000 0.132223
760.000000 0.043938
761.000000 0.101931
762.000000 0.138121
763.000000 0.054786
764.000000 0.211748
765.000000 0.128888
766.000000 0.169627
767.000000 0.193092
768.000000 0.244098
769.000000 0.046004
770.000000 0.125890
771.000000 0.206849
772.000000 0.081256
773.000000 0.073595
774.000000 0.115030
775.000000 0.196537
776.000000 0.127827
777.000000 0.052030
778.000000 0.268147
779.000000 0.174651
780.000000 0.309613
781.000000 0.150438
782.000000 0.192271
783.000000 0.239742
784.000000 0.148364
785.000000 0.135682
786.000000 0.095747
787.000000 0.190133
788.000000 0.107943
789.000000 0.164138
790.000000 0.155917
791.000000 0.122278
792.000000 0.104197
793.000000 0.188590
794.000000 0.090674
795.000000 0.015085
796.000000 0.058392
797.000000 0.176196
798.000000 0.178206
799.000000 0.037890
800.000000 0.024246
801.000000 0.098699
802.000000 0.053678
803.000000 0.165085
804.000000 0.214599
805.000000 0.125570
806.000000 0.176207
807.000000 0.118087
808.000000 0.180397
809.000000 0.161318
810.000000 0.278419
811.000000 0.141839
812.000000 0.070221
813.000000 0.055728
814.000000 0.068396
815.000000 0.048134
816.000000 0.032800
817.000000 0.079105
818.000000 0.103113
819.000000 0.170185
820.000000 0.175079
821.000000 0.100905
822.000000 0.042883
823.000000 0.039682
824.000000 0.051113
825.000000 0.134735
826.000000 0.293650
827.000000 0.060565
828.000000 0.021436
829.000000 0.089643
830.000000 0.121139
831.000000 0.151157
832.000000 0.176547
833.000000 0.165835
834.000000 0.155765
835.000000 0.080944
836.000000 0.119344
837.000000 0.160383
838.000000 0.030809
839.000000 0.076721
840.000000 0.198975
841.000000 0.088726
842.000000 0.044450
843.000000 0.058478
844.000000 0.215374
845.000000 0.142953
846.000000 0.086760
847.000000 0.243872
848.000000 0.146447
849.000000 0.153269
850.000000 0.086893
851.000000 0.141819
852.000000 0.073863
853.000000 0.089198
854.000000 0.123195
855.000000 0.238180
856.000000 0.161597
857.000000 0.063716
858.000000 0.103216
859.000000 0.093790
860.000000 0.037300
861.000000 0.314003
862.000000 0.140681
863.000000 0.137690
864.000000 0.036725
865.000000 0.177296
866.000000 0.072369
867.000000 0.020679
868.000000 0.125959
869.000000 0.133955
870.000000 0.145652
871.000000 0.084369
872.000000 0.168757
873.000000 0.215242
874.000000 0.106820
875.000000 0.131114
876.000000 0.112940
877.000000 0.136609
878.000000 0.101204
879.000000 0.079250
880.000000 0.172782
881.000000 0.163151
882.000000 0.118728
883.000000 0.120996
884.000000 0.018481
885.000000 0.165125
886.000000 0.110433
887.000000 0.066059
888.000000 0.139629
889.000000 0.180823
890.000000 0.173094
891.000000 0.067280
892.000000 0.093906
893.000000 0.124400
894.000000 0.097783
895.000000 0.036579
896.000000 0.158039
897.000000 0.177433
898.000000 0.155448
899.000000 0.137266
900.000000 0.110981
901.000000 0.101710
902.000000 0.122110
903.000000 0.038447
904.000000 0.101365
905.000000 0.175475
906.000000 0.126749
907.000000 0.033257
908.000000 0.162410
909.000000 0.059454
910.000000 0.170029
911.000000 0.043900
912.000000 0.082880
913.000000 0.101829
914.000000 0.231858
915.000000 0.223929
916.000000 0.149949
917.000000 0.153241
918.000000 0.148118
919.000000 0.169410
920.000000 0.008709
921.000000 0.199585
922.000000 0.088722
923.000000 0.108441
924.000000 0.048499
925.000000 0.086775
926.000000 0.024059
927.000000 0.262315
928.000000 0.142134
929.000000 0.082409
930.000000 0.169256
931.000000 0.046391
932.000000 0.159629
933.000000 0.084096
934.000000 0.240347
935.000000 0.184103
936.000000 0.134020
937.000000 0.124460
938.000000 0.010046
939.000000 0.112563
940.000000 0.051094
941.000000 0.167519
942.000000 0.116382
943.000000 0.098654
944.000000 0.103523
945.000000 0.199193
946.000000 0.168485
947.000000 0.108537
948.000000 0.244763
949.000000 0.208672
950.000000 0.088408
951.000000 0.179119
952.000000 0.167060
953.000000 0.042290
954.000000 0.104113
955.000000 0.092623
956.000000 0.163747
957.000000 0.051368
958.000000 0.169196
959.000000 0.159326
960.000000 0.104301
961.000000 0.234051
962.000000 0.075658
963.000000 0.031076
964.000000 0.190701
965.000000 0.137939
966.000000 0.205815
967.000000 0.100500
968.000000 0.151811
969.000000 0.162862
970.000000 0.143114
971.000000 0.175552
972.000000 0.163357
973.000000 0.238831
974.000000 0.080258
975.000000 0.064856
976.000000 0.113192
977.000000 0.134560
978.000000 0.128287
979.000000 0.072458
980.000000 0.105369
981.000000 0.082981
982.000000 0.153274
983.000000 0.063772
984.000000 0.156288
985.000000 0.179734
986.000000 0.038293
987.000000 0.045253
988.000000 0.169175
989.000000 0.037986
990.000000 0.126818
991.000000 0.169070
992.000000 0.157658
993.000000 0.062190
994.000000 0.048334
995.000000 0.141739
996.000000 0.055441
997.000000 0.053891
998.000000 0.070070
999.000000 0.113382
1000.000000 0.160487
1001.000000 0.104631
1002.000000 0.119817
1003.000000 0.170200
1004.000000 0.242578
1005.000000 0.102988
1006.000000 0.106212
1007.000000 0.057285
1008.000000 0.099005
1009.000000 0.081838
1010.000000 0.006333
1011.000000 0.075062
1012.000000 0.079334
1013.000000 0.227783
1014.000000 0.228811
1015.000000 0.132499
1016.000000 0.125928
1017.000000 0.169374
1018.000000 0.199052
1019.000000 0.126537
1020.000000 0.086764
1021.000000 0.045575
1022.000000 0.199617
1023.000000 0.034632
1024.000000 0.077412
1025.000000 0.131644
1026.000000 0.065183
1027.000000 0.154962
1028.000000 0.086976
1029.000000 0.255273
1030.000000 0.020958
1031.000000 0.040393
1032.000000 0.062649
1033.000000 0.121099
1034.000000 0.249318
1035.000000 0.070003
1036.000000 0.154554
1037.000000 0.162080
1038.000000 0.105202
1039.000000 0.047775
1040.000000 0.098372
1041.000000 0.144626
1042.000000 0.038353
1043.000000 0.091459
1044.000000 0.224048
1045.000000 0.060873
1046.000000 0.105042
1047.000000 0.025297
1048.000000 0.069023
1049.000000 0.107320
1050.000000 0.136197
1051.000000 0.064422
1052.000000 0.258844
1053.000000 0.271520
1054.000000 0.250923
1055.000000 0.040923
1056.000000 0.245846
1057.000000 0.126476
1058.000000 0.079945
1059.000000 0.232931
1060.000000 0.064984
1061.000000 0.199141
1062.000000 0.060672
1063.000000 0.104295
1064.000000 0.228964
1065.000000 0.216640
1066.000000 0.055530
1067.000000 0.187272
1068.000000 0.113092
1069.000000 0.084924
1070.000000 0.217230
1071.000000 0.112143
1072.000000 0.202077
1073.000000 0.175108
1074.000000 0.153401
1075.000000 0.192784
1076.000000 0.127665
1077.000000 0.077733
1078.000000 0.065291
1079.000000 0.064781
1080.000000 0.119249
1081.000000 0.133876
1082.000000 0.093998
1083.000000 0.155182
1084.000000 0.110520
1085.000000 0.195272
1086.000000 0.202019
1087.000000 0.146810
1088.000000 0.124412
1089.000000 0.151006
1090.000000 0.069667
1091.000000 0.117473
1092.000000 0.085558
1093.000000 0.016911
1094.000000 0.247608
1095.000000 0.089735
1096.000000 0.040305
1097.000000 0.115742
1098.000000 0.070325
1099.000000 0.112889
1100.000000 0.090868
1101.000000 0.041766
1102.000000 0.029554
1103.000000 0.195985
1104.000000 0.247908
1105.000000 0.156675
1106.000000 0.135012
1107.000000 0.136211
1108.000000 0.100790
1109.000000 0.027652
1110.000000 0.023339
1111.000000 0.188542
1112.000000 0.044907
1113.000000 0.190530
1114.000000 0.207756
1115.000000 0.142110
1116.000000 0.017522
1117.000000 0.227595
1118.000000 0.186901
1119.000000 0.113680
1120.000000 0.159459
1121.000000 0.031247
1122.000000 0.147525
1123.000000 0.242886
1124.000000 0.087437
1125.000000 0.220625
1126.000000 0.109168
1127.000000 0.161744
1128.000000 0.061405
1129.000000 0.116022
1130.000000 0.234308
1131.000000 0.061897
1132.000000 0.161500
1133.000000 0.098255
1134.000000 0.181535
1135.000000 0.239625
1136.000000 0.189182
1137.000000 0.112833
1138.000000 0.070514
1139.000000 0.119418
1140.000000 0.169159
1141.000000 0.053030
1142.000000 0.123945
1143.000000 0.073004
1144.000000 0.034911
1145.000000 0.318475
1146.000000 0.193238
1147.000000 0.028467
1148.000000 0.039463
1149.000000 0.029027
1150.000000 0.085579
1151.000000 0.052104
1152.000000 0.158151
1153.000000 0.038951
1154.000000 0.116253
1155.000000 0.061799
1156.000000 0.026672
1157.000000 0.193549
1158.000000 0.025192
1159.000000 0.040549
1160.000000 0.198443
1161.000000 0.187884
1162.000000 0.053637
1163.000000 0.108701
1164.000000 0.179139
1165.000000 0.116131
1166.000000 0.209609
1167.000000 0.090296
1168.000000 0.239675
1169.000000 0.084107
1170.000000 0.284439
1171.000000 0.118315
1172.000000 0.062577
1173.000000 0.057129
1174.000000 0.248946
1175.000000 0.141825
1176.000000 0.213571
1177.000000 0.136544
1178.000000 0.125285
1179.000000 0.033899
1180.000000 0.113344
1181.000000 0.143980
1182.000000 0.185965
1183.000000 0.177643
1184.000000 0.197005
1185.000000 0.165299
1186.000000 0.294087
1187.000000 0.071502
1188.000000 0.237059
1189.000000 0.199709
1190.000000 0.063971
1191.000000 0.152188
1192.000000 0.262029
1193.000000 0.269631
1194.000000 0.141436
1195.000000 0.231124
1196.000000 0.111628
1197.000000 0.092808
1198.000000 0.246099
1199.000000 0.239251
1200.000000 0.152860
1201.000000 0.033558
1202.000000 0.130052
1203.000000 0.093455
1204.000000 0.030115
1205.000000 0.067844
1206.000000 0.149233
1207.000000 0.078268
1208.000000 0.086826
1209.000000 0.049381
1210.000000 0.083034
1211.000000 0.036914
1212.000000 0.135972
1213.000000 0.155946
1214.000000 0.036919
1215.000000 0.132547
1216.000000 0.140745
1217.000000 0.063332
1218.000000 0.267362
1219.000000 0.274721
1220.000000 0.107296
1221.000000 0.153950
1222.000000 0.127003
1223.000000 0.054997
1224.000000 0.122211
1225.000000 0.075252
1226.000000 0.152788
1227.000000 0.230963
1228.000000 0.151136
1229.000000 0.105525
1230.000000 0.140325
1231.000000 0.099496
1232.000000 0.173788
1233.000000 0.004932
1234.000000 0.056105
1235.000000 0.055576
1236.000000 0.126613
1237.000000 0.085875
1238.000000 0.112115
1239.000000 0.035703
1240.000000 0.178336
1241.000000 0.088489
1242.000000 0.071646
1243.000000 0.085858
1244.000000 0.118285
1245.000000 0.228492
1246.000000 0.039872
1247.000000 0.118918
1248.000000 0.091358
1249.000000 0.163060
1250.000000 0.180553
1251.000000 0.058972
1252.000000 0.142958
1253.000000 0.089082
1254.000000 0.149871
1255.000000 0.146164
1256.000000 0.118011
1257.000000 0.192550
1258.000000 0.119319
1259.000000 0.108654
1260.000000 0.149233
1261.000000 0.093198
1262.000000 0.135863
1263.000000 0.033101
1264.000000 0.007907
1265.000000 0.036175
1266.000000 0.205217
1267.000000 0.148322
1268.000000 0.099518
1269.000000 0.092163
1270.000000 0.254103
1271.000000 0.019302
1272.000000 0.091338
1273.000000 0.241320
1274.000000 0.177429
1275.000000 0.093227
1276.000000 0.066730
1277.000000 0.092898
1278.000000 0.219553
1279.000000 0.069821
1280.000000 0.120720
1281.000000 0.222906
1282.000000 0.125161
1283.000000 0.058047
1284.000000 0.109721
1285.000000 0.212530
1286.000000 0.139571
1287.000000 0.063228
1288.000000 0.124042
1289.000000 0.108777
1290.000000 0.091845
1291.000000 0.165596
1292.000000 0.136714
1293.000000 0.103511
1294.000000 0.189867
1295.000000 0.021415
1296.000000 0.067158
1297.000000 0.030625
1298.000000 0.104310
1299.000000 0.137134
1300.000000 0.258945
1301.000000 0.036571
1302.000000 0.092070
1303.000000 0.264046
1304.000000 0.116229
1305.000000 0.218959
1306.000000 0.274625
1307.000000 0.033561
1308.000000 0.089445
1309.000000 0.226479
1310.000000 0.116543
1311.000000 0.107561
1312.000000 0.068830
1313.000000 0.189957
1314.000000 0.090547
1315.000000 0.296530
1316.000000 0.173688
1317.000000 0.221767
1318.000000 0.142363
1319.000000 0.085882
1320.000000 0.156176
1321.000000 0.037410
1322.000000 0.110082
1323.000000 0.195614
1324.000000 0.219497
1325.000000 0.141215
1326.000000 0.159227
1327.000000 0.086677
1328.000000 0.048310
1329.000000 0.127772
1330.000000 0.043370
1331.000000 0.082667
1332.000000 0.146137
1333.000000 0.057561
1334.000000 0.098323
1335.000000 0.169510
1336.000000 0.151188
1337.000000 0.019822
1338.000000 0.154718
1339.000000 0.064828
1340.000000 0.054320
1341.000000 0.169584
1342.000000 0.180413
1343.000000 0.058011
1344.000000 0.075996
1345.000000 0.120850
1346.000000 0.107277
1347.000000 0.201519
1348.000000 0.165842
1349.000000 0.212949
1350.000000 0.183862
1351.000000 0.107744
1352.000000 0.117619
1353.000000 0.222995
1354.000000 0.054843
1355.000000 0.078116
1356.000000 0.183733
1357.000000 0.095328
1358.000000 0.050124
1359.000000 0.112716
1360.000000 0.200166
1361.000000 0.122320
1362.000000 0.201447
1363.000000 0.162916
1364.000000 0.147920
1365.000000 0.235112
1366.000000 0.063178
1367.000000 0.032627
1368.000000 0.252738
1369.000000 0.154428
1370.000000 0.258458
1371.000000 0.035747
1372.000000 0.134157
1373.000000 0.055631
1374.000000 0.106603
1375.000000 0.226175
1376.000000 0.096961
1377.000000 0.199682
1378.000000 0.137957
1379.000000 0.091934
1380.000000 0.198820
1381.000000 0.140754
1382.000000 0.112329
1383.000000 0.052229
1384.000000 0.098624
1385.000000 0.157160
1386.000000 0.097957
1387.000000 0.078160
1388.000000 0.116958
1389.000000 0.160415
1390.000000 0.067552
1391.000000 0.129276
1392.000000 0.093193
1393.000000 0.231999
1394.000000 0.225395
1395.000000 0.018954
1396.000000 0.118864
1397.000000 0.127019
1398.000000 0.111102
1399.000000 0.176822
1400.000000 0.068059
1401.000000 0.140066
1402.000000 0.228211
1403.000000 0.010789
1404.000000 0.198420
1405.000000 0.134854
1406.000000 0.114124
1407.000000 0.149924
1408.000000 0.190307
1409.000000 0.021101
1410.000000 0.192179
1411.000000 0.016609
1412.000000 0.146918
1413.000000 0.199960
1414.000000 0.151260
1415.000000 0.107240
1416.000000 0.141362
1417.000000 0.205707
1418.000000 0.231049
1419.000000 0.103542
1420.000000 0.176823
1421.000000 0.183275
1422.000000 0.122633
1423.000000 0.046272
1424.000000 0.143571
1425.000000 0.179785
1426.000000 0.040643
1427.000000 0.112629
1428.000000 0.028091
1429.000000 0.057136
1430.000000 0.108426
1431.000000 0.145399
1432.000000 0.099736
1433.000000 0.185859
1434.000000 0.125495
1435.000000 0.200272
1436.000000 0.176469
1437.000000 0.225912
1438.000000 0.224045
1439.000000 0.183782
1440.000000 0.054567
1441.000000 0.186708
1442.000000 0.358698
1443.000000 0.111926
1444.000000 0.062797
1445.000000 0.093827
1446.000000 0.183926
1447.000000 0.155957
1448.000000 0.032693
1449.000000 0.207223
1450.000000 0.061875
1451.000000 0.044934
1452.000000 0.142954
1453.000000 0.084037
1454.000000 0.081868
1455.000000 0.176206
1456.000000 0.084219
1457.000000 0.089020
1458.000000 0.158363
1459.000000 0.121608
1460.000000 0.150810
1461.000000 0.106469
1462.000000 0.155562
1463.000000 0.056619
1464.000000 0.102538
1465.000000 0.132086
1466.000000 0.044908
1467.000000 0.149216
1468.000000 0.151796
1469.000000 0.133152
1470.000000 0.089503
1471.000000 0.051304
1472.000000 0.114811
1473.000000 0.175459
1474.000000 0.035414
1475.000000 0.254310
1476.000000 0.214797
1477.000000 0.079263
1478.000000 0.079239
1479.000000 0.039526
1480.000000 0.062229
1481.000000 0.117511
1482.000000 0.298192
1483.000000 0.179040
1484.000000 0.127050
1485.000000 0.209043
1486.000000 0.093570
1487.000000 0.136052
1488.000000 0.078601
1489.000000 0.153416
1490.000000 0.136256
1491.000000 0.222448
1492.000000 0.039527
1493.000000 0.053674
1494.000000 0.111705
1495.000000 0.102802
1496.000000 0.111015
1497.000000 0.098307
1498.000000 0.098693
1499.000000 0.221477
1500.000000 0.077031
1501.000000 0.217537
1502.000000 0.067683
1503.000000 0.207785
1504.000000 0.090288
1505.000000 0.108360
1506.000000 0.105461
1507.000000 0.076955
1508.000000 0.098054
1509.000000 0.067661
1510.000000 0.072385
1511.000000 0.119389
1512.000000 0.207912
1513.000000 0.145887
1514.000000 0.101329
1515.000000 0.159782
1516.000000 0.150061
1517.000000 0.335787
1518.000000 0.085255
1519.000000 0.187142
1520.000000 0.062836
1521.000000 0.112628
1522.000000 0.092584
1523.000000 0.063329
1524.000000 0.156634
1525.000000 0.196401
1526.000000 0.233183
1527.000000 0.122735
1528.000000 0.140708
1529.000000 0.297605
1530.000000 0.085500
1531.000000 0.234917
1532.000000 0.314748
1533.000000 0.127315
1534.000000 0.109210
1535.000000 0.153242
1536.000000 0.142412
1537.000000 0.160723
1538.000000 0.238599
1539.000000 0.152570
1540.000000 0.202593
1541.000000 0.204369
1542.000000 0.089085
1543.000000 0.038504
1544.000000 0.033565
1545.000000 0.176808
1546.000000 0.071184
1547.000000 0.110865
1548.000000 0.165164
1549.000000 0.132280
1550.000000 0.183003
1551.000000 0.170759
1552.000000 0.184750
1553.000000 0.115841
1554.000000 0.182592
1555.000000 0.086954
1556.000000 0.197589
1557.000000 0.155699
1558.000000 0.108221
1559.000000 0.176505
1560.000000 0.195686
1561.000000 0.025718
1562.000000 0.045262
1563.000000 0.080871
1564.000000 0.016091
1565.000000 0.122303
1566.000000 0.123648
1567.000000 0.146128
1568.000000 0.154046
1569.000000 0.061476
1570.000000 0.193197
1571.000000 0.065956
1572.000000 0.130476
1573.000000 0.095143
1574.000000 0.138680
1575.000000 0.113597
1576.000000 0.256805
1577.000000 0.095509
1578.000000 0.260156
1579.000000 0.202998
1580.000000 0.075319
1581.000000 0.162617
1582.000000 0.177120
1583.000000 0.199351
1584.000000 0.144769
1585.000000 0.176499
1586.000000 0.257889
1587.000000 0.281560
1588.000000 0.025953
1589.000000 0.184895
1590.000000 0.149389
1591.000000 0.072534
1592.000000 0.158462
1593.000000 0.213107
1594.000000 0.036324
1595.000000 0.062500
1596.000000 0.102826
1597.000000 0.077169
1598.000000 0.115872
1599.000000 0.169107
1600.000000 0.110271
1601.000000 0.039373
1602.000000 0.073686
1603.000000 0.152537
1604.000000 0.066749
1605.000000 0.077451
1606.000000 0.068254
1607.000000 0.052065
1608.000000 0.123261
1609.000000 0.019530
1610.000000 0.183973
1611.000000 0.171740
1612.000000 0.083111
1613.000000 0.254563
1614.000000 0.061978
1615.000000 0.152439
1616.000000 0.197592
1617.000000 0.140695
1618.000000 0.087803
1619.000000 0.198759
1620.000000 0.151765
1621.000000 0.203787
1622.000000 0.200045
1623.000000 0.050076
1624.000000 0.111172
1625.000000 0.125658
1626.000000 0.201133
1627.000000 0.055624
1628.000000 0.020049
1629.000000 0.114048
1630.000000 0.083505
1631.000000 0.156797
1632.000000 0.090548
1633.000000 0.238283
1634.000000 0.026788
1635.000000 0.145341
1636.000000 0.231074
1637.000000 0.138440
1638.000000 0.102028
1639.000000 0.211512
1640.000000 0.156108
1641.000000 0.062702
1642.000000 0.028934
1643.000000 0.066354
1644.000000 0.246241
1645.000000 0.091190
1646.000000 0.088132
1647.000000 0.173858
1648.000000 0.013888
1649.000000 0.062746
1650.000000 0.201886
1651.000000 0.069021
1652.000000 0.183790
1653.000000 0.214423
1654.000000 0.087057
1655.000000 0.117587
1656.000000 0.234248
1657.000000 0.092990
1658.000000 0.044792
1659.000000 0.096670
1660.000000 0.170241
1661.000000 0.129087
1662.000000 0.178691
1663.000000 0.118688
1664.000000 0.103178
1665.000000 0.085139
1666.000000 0.141976
1667.000000 0.018065
1668.000000 0.235609
1669.000000 0.166820
1670.000000 0.162202
1671.000000 0.031324
1672.000000 0.041477
1673.000000 0.214769
1674.000000 0.117458
1675.000000 0.058716
1676.000000 0.121039
1677.000000 0.018856
1678.000000 0.100429
1679.000000 0.223308
1680.000000 0.257730
1681.000000 0.149703
1682.000000 0.098058
1683.000000 0.132645
1684.000000 0.103577
1685.000000 0.165674
1686.000000 0.142486
1687.000000 0.221511
1688.000000 0.172773
1689.000000 0.152296
1690.000000 0.083750
1691.000000 0.156259
1692.000000 0.117629
1693.000000 0.145014
1694.000000 0.146834
1695.000000 0.150082
1696.000000 0.103372
1697.000000 0.055104
1698.000000 0.244542
1699.000000 0.094224
1700.000000 0.013040
1701.000000 0.058538
1702.000000 0.077012
1703.000000 0.251223
1704.000000 0.098431
1705.000000 0.070076
1706.000000 0.302465
1707.000000 0.120689
1708.000000 0.123209
1709.000000 0.105292
1710.000000 0.237370
1711.000000 0.147574
1712.000000 0.027527
1713.000000 0.100647
1714.000000 0.138034
1715.000000 0.102577
1716.000000 0.087972
1717.000000 0.079334
1718.000000 0.158845
1719.000000 0.078538
1720.000000 0.044724
1721.000000 0.092209
1722.000000 0.114511
1723.000000 0.059066
1724.000000 0.118903
1725.000000 0.180435
1726.000000 0.292664
1727.000000 0.097864
1728.000000 0.221342
1729.000000 0.148679
1730.000000 0.219891
1731.000000 0.091245
1732.000000 0.092629
1733.000000 0.209051
1734.000000 0.049997
1735.000000 0.060734
1736.000000 0.184824
1737.000000 0.084822
1738.000000 0.227994
1739.000000 0.237152
1740.000000 0.191119
1741.000000 0.064833
1742.000000 0.135808
1743.000000 0.102500
1744.000000 0.105785
1745.000000 0.063765
1746.000000 0.004457
1747.000000 0.158974
1748.000000 0.036626
1749.000000 0.242443
1750.000000 0.015881
1751.000000 0.060872
1752.000000 0.227296
1753.000000 0.214571
1754.000000 0.092982
1755.000000 0.021485
1756.000000 0.079027
1757.000000 0.236942
1758.000000 0.091212
1759.000000 0.136961
1760.000000 0.343281
1761.000000 0.114033
1762.000000 0.035361
1763.000000 0.131449
1764.000000 0.205233
1765.000000 0.171854
1766.000000 0.235318
1767.000000 0.157338
1768.000000 0.024191
1769.000000 0.220035
1770.000000 0.067181
1771.000000 0.080162
1772.000000 0.051148
1773.000000 0.081119
1774.000000 0.077105
1775.000000 0.043775
1776.000000 0.056189
1777.000000 0.043003
1778.000000 0.041141
1779.000000 0.219764
1780.000000 0.114461
1781.000000 0.081779
1782.000000 0.123331
1783.000000 0.137935
1784.000000 0.032183
1785.000000 0.046101
1786.000000 0.104535
1787.000000 0.117008
1788.000000 0.065840
1789.000000 0.130146
1790.000000 0.136788
1791.000000 0.183728
1792.000000 0.150456
1793.000000 0.136433
1794.000000 0.188586
1795.000000 0.020211
1796.000000 0.225702
1797.000000 0.022251
1798.000000 0.108509
1799.000000 0.121026
1800.000000 0.068216
1801.000000 0.087481
1802.000000 0.078836
1803.000000 0.003205
1804.000000 0.060095
1805.000000 0.242786
1806.000000 0.038587
1807.000000 0.175031
1808.000000 0.066490
1809.000000 0.185943
1810.000000 0.161064
1811.000000 0.134786
1812.000000 0.224559
1813.000000 0.080486
1814.000000 0.161546
1815.000000 0.116590
1816.000000 0.088877
1817.000000 0.178912
1818.000000 0.099769
1819.000000 0.061636
1820.000000 0.217523
1821.000000 0.217379
1822.000000 0.227270
1823.000000 0.223751
1824.000000 0.035115
1825.000000 0.128095
1826.000000 0.111400
1827.000000 0.157374
1828.000000 0.066090
1829.000000 0.192645
1830.000000 0.141597
1831.000000 0.180767
1832.000000 0.009277
1833.000000 0.116334
1834.000000 0.172663
1835.000000 0.037258
1836.000000 0.051424
1837.000000 0.158536
1838.000000 0.250464
1839.000000 0.121182
1840.000000 0.282163
1841.000000 0.107484
1842.000000 0.038810
1843.000000 0.113465
1844.000000 0.064741
1845.000000 0.127620
1846.000000 0.146722
1847.000000 0.265882
1848.000000 0.202194
1849.000000 0.072225
1850.000000 0.046280
1851.000000 0.182807
1852.000000 0.195872
1853.000000 0.056656
1854.000000 0.169096
1855.000000 0.091704
1856.000000 0.132332
1857.000000 0.263212
1858.000000 0.088317
1859.000000 0.189065
1860.000000 0.184651
1861.000000 0.181107
1862.000000 0.195577
1863.000000 0.132823
1864.000000 0.096964
1865.000000 0.031579
1866.000000 0.069804
1867.000000 0.152329
1868.000000 0.193805
1869.000000 0.019289
1870.000000 0.080132
1871.000000 0.089984
1872.000000 0.044239
1873.000000 0.110945
1874.000000 0.221799
1875.000000 0.081646
1876.000000 0.157954
1877.000000 0.114543
1878.000000 0.081967
1879.000000 0.132605
1880.000000 0.237577
1881.000000 0.070262
1882.000000 0.025756
1883.000000 0.057997
1884.000000 0.096485
1885.000000 0.164573
1886.000000 0.221790
1887.000000 0.067604
1888.000000 0.046704
1889.000000 0.285034
1890.000000 0.060009
1891.000000 0.016248
1892.000000 0.130516
1893.000000 0.130433
1894.000000 0.151235
1895.000000 0.186782
1896.000000 0.109337
1897.000000 0.116222
1898.000000 0.147133
1899.000000 0.115835
1900.000000 0.221701
1901.000000 0.131927
1902.000000 0.130657
1903.000000 0.234595
1904.000000 0.183730
1905.000000 0.348580
1906.000000 0.322667
1907.000000 0.212924
1908.000000 0.117271
1909.000000 0.092374
1910.000000 0.200378
1911.000000 0.165162
1912.000000 0.051205
1913.000000 0.182168
1914.000000 0.117156
1915.000000 0.120994
1916.000000 0.095503
1917.000000 0.110460
1918.000000 0.199414
1919.000000 0.302363
1920.000000 0.065191
1921.000000 0.061712
1922.000000 0.167698
1923.000000 0.156723
1924.000000 0.229357
1925.000000 0.034123
1926.000000 0.156254
1927.000000 0.210507
1928.000000 0.162752
1929.000000 0.048349
1930.000000 0.058247
1931.000000 0.213887
1932.000000 0.186886
1933.000000 0.252164
1934.000000 0.125923
1935.000000 0.101142
1936.000000 0.131111
1937.000000 0.133198
1938.000000 0.080830
1939.000000 0.295987
1940.000000 0.104469
1941.000000 0.025360
1942.000000 0.212302
1943.000000 0.077622
1944.000000 0.110895
1945.000000 0.104348
1946.000000 0.087701
1947.000000 0.132191
1948.000000 0.200947
1949.000000 0.246895
1950.000000 0.086250
1951.000000 0.266536
1952.000000 0.219390
1953.000000 0.158683
1954.000000 0.160943
1955.000000 0.213089
1956.000000 0.060502
1957.000000 0.145026
1958.000000 0.138544
1959.000000 0.137688
1960.000000 0.159227
1961.000000 0.009144
1962.000000 0.056020
1963.000000 0.321374
1964.000000 0.172849
1965.000000 0.080063
1966.000000 0.158760
1967.000000 0.067881
1968.000000 0.078301
1969.000000 0.262838
1970.000000 0.088738
1971.000000 0.188840
1972.000000 0.105562
1973.000000 0.166411
1974.000000 0.134651
1975.000000 0.155784
1976.000000 0.305034
1977.000000 0.160577
1978.000000 0.244972
1979.000000 0.072757
1980.000000 0.136226
1981.000000 0.074534
1982.000000 0.192542
1983.000000 0.210945
1984.000000 0.048858
1985.000000 0.192912
1986.000000 0.066017
1987.000000 0.244030
1988.000000 0.184148
1989.000000 0.121180
1990.000000 0.179817
1991.000000 0.164410
1992.000000 0.194917
1993.000000 0.056582
1994.000000 0.126367
1995.000000 0.069219
1996.000000 0.029169
1997.000000 0.165183
1998.000000 0.147916
1999.000000 0.114865
2000.000000 0.138729
2001.000000 0.140172
2002.000000 0.044041
2003.000000 0.123897
2004.000000 0.038212
2005.000000 0.068053
2006.000000 0.212210
2007.000000 0.085496
2008.000000 0.056474
2009.000000 0.133177
2010.000000 0.194870
2011.000000 0.125165
2012.000000 0.111043
2013.000000 0.085795
2014.000000 0.180723
2015.000000 0.125025
2016.000000 0.140805
2017.000000 0.070670
2018.000000 0.162151
2019.000000 0.134548
2020.000000 0.077778
2021.000000 0.069394
2022.000000 0.206696
2023.000000 0.202861
2024.000000 0.051334
2025.000000 0.129094
2026.000000 0.189480
2027.000000 0.128713
2028.000000 0.171573
2029.000000 0.077983
2030.000000 0.045371
2031.000000 0.131486
2032.000000 0.107569
2033.000000 0.152617
2034.000000 0.031614
2035.000000 0.297719
2036.000000 0.124524
2037.000000 0.166727
2038.000000 0.142415
2039.000000 0.072700
2040.000000 0.137642
2041.000000 0.084768
2042.000000 0.162447
2043.000000 0.105152
2044.000000 0.226631
2045.000000 0.295632
2046.000000 0.247442
2047.000000 0.147283
2048.000000 0.138982
2049.000000 0.191426
2050.000000 0.164144
2051.000000 0.023234
2052.000000 0.174964
2053.000000 0.056574
2054.000000 0.250893
2055.000000 0.149185
2056.000000 0.120289
2057.000000 0.040168
2058.000000 0.119780
2059.000000 0.048821
2060.000000 0.074446
2061.000000 0.036457
2062.000000 0.074880
2063.000000 0.097730
2064.000000 0.171086
2065.000000 0.166706
2066.000000 0.131108
2067.000000 0.099979
2068.000000 0.096983
2069.000000 0.085961
2070.000000 0.064011
2071.000000 0.036935
2072.000000 0.058476
2073.000000 0.302355
2074.000000 0.350924
2075.000000 0.073168
2076.000000 0.120025
2077.000000 0.031479
2078.000000 0.009098
2079.000000 0.229331
2080.000000 0.178965
2081.000000 0.083677
2082.000000 0.048128
2083.000000 0.093276
2084.000000 0.091873
2085.000000 0.083517
2086.000000 0.019535
2087.000000 0.102869
2088.000000 0.100443
2089.000000 0.122728
2090.000000 0.202239
2091.000000 0.191744
2092.000000 0.101462
2093.000000 0.139964
2094.000000 0.099988
2095.000000 0.272692
2096.000000 0.181408
2097.000000 0.038077
2098.000000 0.263728
2099.000000 0.181373
2100.000000 0.115247
2101.000000 0.118102
2102.000000 0.115921
2103.000000 0.038034
2104.000000 0.147777
2105.000000 0.190605
2106.000000 0.137303
2107.000000 0.099312
2108.000000 0.083340
2109.000000 0.117940
2110.000000 0.191917
2111.000000 0.134440
2112.000000 0.181039
2113.000000 0.005520
2114.000000 0.093034
2115.000000 0.186365
2116.000000 0.154161
2117.000000 0.059761
2118.000000 0.139237
2119.000000 0.072676
2120.000000 0.126443
2121.000000 0.056808
2122.000000 0.064000
2123.000000 0.143079
2124.000000 0.284582
2125.000000 0.090061
2126.000000 0.216503
2127.000000 0.202317
2128.000000 0.315891
2129.000000 0.051941
2130.000000 0.169586
2131.000000 0.134163
2132.000000 0.229345
2133.000000 0.162907
2134.000000 0.147174
2135.000000 0.103593
2136.000000 0.300945
2137.000000 0.050274
2138.000000 0.025495
2139.000000 0.045095
2140.000000 0.093728
2141.000000 0.153947
2142.000000 0.217273
2143.000000 0.095204
2144.000000 0.144491
2145.000000 0.108494
2146.000000 0.031932
2147.000000 0.119902
2148.000000 0.180016
2149.000000 0.319420
2150.000000 0.160002
2151.000000 0.198345
2152.000000 0.172333
2153.000000 0.193206
2154.000000 0.073849
2155.000000 0.132257
2156.000000 0.032587
2157.000000 0.091142
2158.000000 0.312634
2159.000000 0.119903
2160.000000 0.133439
2161.000000 0.073849
2162.000000 0.270600
2163.000000 0.182822
2164.000000 0.178794
2165.000000 0.195008
2166.000000 0.076661
2167.000000 0.218431
2168.000000 0.044572
2169.000000 0.078453
2170.000000 0.069805
2171.000000 0.187155
2172.000000 0.117031
2173.000000 0.092442
2174.000000 0.039117
2175.000000 0.155868
2176.000000 0.097320
2177.000000 0.197143
2178.000000 0.068444
2179.000000 0.092045
2180.000000 0.205010
2181.000000 0.072727
2182.000000 0.108271
2183.000000 0.109102
2184.000000 0.096584
2185.000000 0.121531
2186.000000 0.109384
2187.000000 0.206048
2188.000000 0.143712
2189.000000 0.156465
2190.000000 0.023977
2191.000000 0.166734
2192.000000 0.136632
2193.000000 0.261957
2194.000000 0.226600
2195.000000 0.375249
2196.000000 0.163120
2197.000000 0.123279
2198.000000 0.211207
2199.000000 0.104104
2200.000000 0.131325
2201.000000 0.139117
2202.000000 0.150867
2203.000000 0.100759
2204.000000 0.145094
2205.000000 0.139283
2206.000000 0.048834
2207.000000 0.140583
2208.000000 0.141431
2209.000000 0.213926
2210.000000 0.013967
2211.000000 0.050006
2212.000000 0.142900
2213.000000 0.077852
2214.000000 0.124297
2215.000000 0.037548
2216.000000 0.105832
2217.000000 0.133821
2218.000000 0.071613
2219.000000 0.070465
2220.000000 0.193057
2221.000000 0.033505
2222.000000 0.076969
2223.000000 0.165029
2224.000000 0.109069
2225.000000 0.004393
2226.000000 0.073245
2227.000000 0.147794
2228.000000 0.052176
2229.000000 0.023514
2230.000000 0.226607
2231.000000 0.257654
2232.000000 0.258982
2233.000000 0.105533
2234.000000 0.069707
2235.000000 0.047147
2236.000000 0.036440
2237.000000 0.032454
2238.000000 0.245839
2239.000000 0.100900
2240.000000 0.089491
2241.000000 0.111471
2242.000000 0.282974
2243.000000 0.039099
2244.000000 0.046740
2245.000000 0.205071
2246.000000 0.168256
2247.000000 0.147903
2248.000000 0.143739
2249.000000 0.113276
2250.000000 0.181099
2251.000000 0.163844
2252.000000 0.103815
2253.000000 0.007599
2254.000000 0.080923
2255.000000 0.194157
2256.000000 0.063695
2257.000000 0.183046
2258.000000 0.046372
2259.000000 0.196084
2260.000000 0.103373
2261.000000 0.062259
2262.000000 0.239059
2263.000000 0.134454
2264.000000 0.035511
2265.000000 0.064943
2266.000000 0.134259
2267.000000 0.163964
2268.000000 0.224555
2269.000000 0.106452
2270.000000 0.128998
2271.000000 0.059392
2272.000000 0.146867
2273.000000 0.163959
2274.000000 0.131465
2275.000000 0.096030
2276.000000 0.099307
2277.000000 0.212462
2278.000000 0.165025
2279.000000 0.041638
2280.000000 0.159791
2281.000000 0.118259
2282.000000 0.083956
2283.000000 0.178790
2284.000000 0.023443
2285.000000 0.056226
2286.000000 0.021045
2287.000000 0.142730
2288.000000 0.176945
2289.000000 0.216607
2290.000000 0.271933
2291.000000 0.152330
2292.000000 0.173402
2293.000000 0.047207
2294.000000 0.144383
2295.000000 0.210337
2296.000000 0.123299
2297.000000 0.106332
2298.000000 0.157750
2299.000000 0.123839
2300.000000 0.205452
2301.000000 0.054135
2302.000000 0.125458
2303.000000 0.137782
2304.000000 0.106148
2305.000000 0.214700
2306.000000 0.108146
2307.000000 0.137086
2308.000000 0.091948
2309.000000 0.193502
2310.000000 0.040871
2311.000000 0.058020
2312.000000 0.075435
2313.000000 0.068904
2314.000000 0.070417
2315.000000 0.055669
2316.000000 0.113272
2317.000000 0.095663
2318.000000 0.150446
2319.000000 0.110946
2320.000000 0.151266
2321.000000 0.225895
2322.000000 0.087560
2323.000000 0.219462
2324.000000 0.051621
2325.000000 0.054416
2326.000000 0.091261
2327.000000 0.091259
2328.000000 0.128618
2329.000000 0.205846
2330.000000 0.178375
2331.000000 0.236341
2332.000000 0.262450
2333.000000 0.079491
2334.000000 0.068389
2335.000000 0.058346
2336.000000 0.116570
2337.000000 0.085427
2338.000000 0.083046
2339.000000 0.101114
2340.000000 0.076838
2341.000000 0.058583
2342.000000 0.099472
2343.000000 0.100598
2344.000000 0.229756
2345.000000 0.023438
2346.000000 0.119960
2347.000000 0.164989
2348.000000 0.020279
2349.000000 0.135319
2350.000000 0.142662
2351.000000 0.031683
2352.000000 0.088400
2353.000000 0.108835
2354.000000 0.251803
2355.000000 0.043994
2356.000000 0.066464
2357.000000 0.288077
2358.000000 0.133885
2359.000000 0.141112
2360.000000 0.193757
2361.000000 0.089776
2362.000000 0.099902
2363.000000 0.167848
2364.000000 0.048276
2365.000000 0.050762
2366.000000 0.115183
2367.000000 0.316408
2368.000000 0.059435
2369.000000 0.199036
2370.000000 0.271244
2371.000000 0.128947
2372.000000 0.017914
2373.000000 0.166124
2374.000000 0.129983
2375.000000 0.029929
2376.000000 0.100460
2377.000000 0.064012
2378.000000 0.132488
2379.000000 0.064144
2380.000000 0.150441
2381.000000 0.039629
2382.000000 0.125157
2383.000000 0.176410
2384.000000 0.167652
2385.000000 0.041627
2386.000000 0.062969
2387.000000 0.147224
2388.000000 0.257038
2389.000000 0.197934
2390.000000 0.098200
2391.000000 0.146981
2392.000000 0.193107
2393.000000 0.142691
2394.000000 0.166366
2395.000000 0.059561
2396.000000 0.236979
2397.000000 0.147973
2398.000000 0.219550
2399.000000 0.097779
2400.000000 0.034652
2401.000000 0.295862
2402.000000 0.149361
2403.000000 0.072293
2404.000000 0.056627
2405.000000 0.204074
2406.000000 0.198513
2407.000000 0.040681
2408.000000 0.015188
2409.000000 0.178175
2410.000000 0.130043
2411.000000 0.089394
2412.000000 0.067517
2413.000000 0.042844
2414.000000 0.134732
2415.000000 0.165451
2416.000000 0.101331
2417.000000 0.097499
2418.000000 0.169221
2419.000000 0.187200
2420.000000 0.072769
2421.000000 0.079421
2422.000000 0.112476
2423.000000 0.025659
2424.000000 0.061088
2425.000000 0.097114
2426.000000 0.328250
2427.000000 0.129361
2428.000000 0.054726
2429.000000 0.199521
2430.000000 0.029663
2431.000000 0.080159
2432.000000 0.122241
2433.000000 0.024241
2434.000000 0.137037
2435.000000 0.045606
2436.000000 0.186306
2437.000000 0.129987
2438.000000 0.077151
2439.000000 0.209523
2440.000000 0.061011
2441.000000 0.059582
2442.000000 0.127276
2443.000000 0.218958
2444.000000 0.121602
2445.000000 0.162743
2446.000000 0.121686
2447.000000 0.154689
2448.000000 0.116080
2449.000000 0.111058
2450.000000 0.198563
2451.000000 0.195027
2452.000000 0.072661
2453.000000 0.163253
2454.000000 0.218397
2455.000000 0.048903
2456.000000 0.020957
2457.000000 0.105713
2458.000000 0.197319
2459.000000 0.217072
2460.000000 0.154066
2461.000000 0.064119
2462.000000 0.147750
2463.000000 0.123999
2464.000000 0.029275
2465.000000 0.099836
2466.000000 0.243734
2467.000000 0.172131
2468.000000 0.156689
2469.000000 0.077607
2470.000000 0.150902
2471.000000 0.103408
2472.000000 0.245808
2473.000000 0.040195
2474.000000 0.093999
2475.000000 0.068208
2476.000000 0.104745
2477.000000 0.140398
2478.000000 0.158315
2479.000000 0.261002
2480.000000 0.052999
2481.000000 0.313794
2482.000000 0.188860
2483.000000 0.141051
2484.000000 0.034299
2485.000000 0.177031
2486.000000 0.284293
2487.000000 0.039388
2488.000000 0.050223
2489.000000 0.051221
2490.000000 0.116605
2491.000000 0.191534
2492.000000 0.163417
2493.000000 0.147960
2494.000000 0.045709
2495.000000 0.117307
2496.000000 0.197006
2497.000000 0.191915
2498.000000 0.178011
2499.000000 0.121055
2500.000000 0.034543
2501.000000 0.083668
2502.000000 0.159907
2503.000000 0.233275
2504.000000 0.142997
2505.000000 0.051117
2506.000000 0.145321
2507.000000 0.166392
2508.000000 0.019905
2509.000000 0.101958
2510.000000 0.040385
2511.000000 0.071097
2512.000000 0.139326
2513.000000 0.201470
2514.000000 0.065125
2515.000000 0.158018
2516.000000 0.312005
2517.000000 0.090569
2518.000000 0.241538
2519.000000 0.070480
2520.000000 0.075848
2521.000000 0.153024
2522.000000 0.141351
2523.000000 0.051996
2524.000000 0.106705
2525.000000 0.043607
2526.000000 0.199220
2527.000000 0.043332
2528.000000 0.051459
2529.000000 0.084012
2530.000000 0.129636
2531.000000 0.256384
2532.000000 0.085159
2533.000000 0.112428
2534.000000 0.070856
2535.000000 0.146769
2536.000000 0.107450
2537.000000 0.115551
2538.000000 0.083709
2539.000000 0.127494
2540.000000 0.079983
2541.000000 0.020105
2542.000000 0.298463
2543.000000 0.191631
2544.000000 0.087435
2545.000000 0.165561
2546.000000 0.110085
2547.000000 0.224081
2548.000000 0.212310
2549.000000 0.155946
2550.000000 0.051499
2551.000000 0.099608
2552.000000 0.113252
2553.000000 0.145598
2554.000000 0.087467
2555.000000 0.135709
2556.000000 0.126131
2557.000000 0.153077
2558.000000 0.106695
2559.000000 0.150008
2560.000000 0.117983
2561.000000 0.080994
2562.000000 0.093814
2563.000000 0.131914
2564.000000 0.143202
2565.000000 0.256907
2566.000000 0.214631
2567.000000 0.128462
2568.000000 0.025065
2569.000000 0.123963
2570.000000 0.203513
2571.000000 0.211879
2572.000000 0.108890
2573.000000 0.146878
2574.000000 0.096207
2575.000000 0.023761
2576.000000 0.086247
2577.000000 0.132794
2578.000000 0.164728
2579.000000 0.032933
2580.000000 0.167831
2581.000000 0.119035
2582.000000 0.180304
2583.000000 0.140198
2584.000000 0.066185
2585.000000 0.045009
2586.000000 0.118266
2587.000000 0.159902
2588.000000 0.059254
2589.000000 0.112923
2590.000000 0.054421
2591.000000 0.013835
2592.000000 0.156656
2593.000000 0.056549
2594.000000 0.094351
2595.000000 0.141675
2596.000000 0.113764
2597.000000 0.058488
2598.000000 0.063072
2599.000000 0.129792
2600.000000 0.101832
2601.000000 0.254741
2602.000000 0.136323
2603.000000 0.078503
2604.000000 0.167965
2605.000000 0.151000
2606.000000 0.092562
2607.000000 0.217229
2608.000000 0.282826
2609.000000 0.030991
2610.000000 0.036570
2611.000000 0.192898
2612.000000 0.157845
2613.000000 0.139474
2614.000000 0.166156
2615.000000 0.119844
2616.000000 0.047490
2617.000000 0.125309
2618.000000 0.097678
2619.000000 0.296334
2620.000000 0.220630
2621.000000 0.089447
2622.000000 0.123147
2623.000000 0.092763
2624.000000 0.166893
2625.000000 0.088111
2626.000000 0.170049
2627.000000 0.090874
2628.000000 0.142517
2629.000000 0.086324
2630.000000 0.115422
2631.000000 0.128751
2632.000000 0.060945
2633.000000 0.247403
2634.000000 0.304345
2635.000000 0.107581
2636.000000 0.148549
2637.000000 0.097068
2638.000000 0.104809
2639.000000 0.056213
2640.000000 0.086609
2641.000000 0.103448
2642.000000 0.147642
2643.000000 0.056510
2644.000000 0.109275
2645.000000 0.037532
2646.000000 0.057416
2647.000000 0.199227
2648.000000 0.144142
2649.000000 0.144885
2650.000000 0.060782
2651.000000 0.119627
2652.000000 0.022476
2653.000000 0.144778
2654.000000 0.115984
2655.000000 0.155679
2656.000000 0.232245
2657.000000 0.036467
2658.000000 0.027558
2659.000000 0.178395
2660.000000 0.070101
2661.000000 0.171074
2662.000000 0.080167
2663.000000 0.098987
2664.000000 0.131406
2665.000000 0.195768
2666.000000 0.005377
2667.000000 0.023047
2668.000000 0.056259
2669.000000 0.129502
2670.000000 0.129531
2671.000000 0.223925
2672.000000 0.173171
2673.000000 0.096990
2674.000000 0.127248
2675.000000 0.156727
2676.000000 0.114009
2677.000000 0.142025
2678.000000 0.088886
2679.000000 0.099440
2680.000000 0.071661
2681.000000 0.133260
2682.000000 0.087964
2683.000000 0.093254
2684.000000 0.261312
2685.000000 0.185783
2686.000000 0.042193
2687.000000 0.130175
2688.000000 0.155775
2689.000000 0.172424
2690.000000 0.080130
2691.000000 0.079095
2692.000000 0.146701
2693.000000 0.062422
2694.000000 0.035351
2695.000000 0.097372
2696.000000 0.001418
2697.000000 0.173901
2698.000000 0.044748
2699.000000 0.192775
2700.000000 0.132560
2701.000000 0.109188
2702.000000 0.160481
2703.000000 0.208249
2704.000000 0.041935
2705.000000 0.173652
2706.000000 0.075723
2707.000000 0.274235
2708.000000 0.096245
2709.000000 0.038601
2710.000000 0.136085
2711.000000 0.118624
2712.000000 0.112296
2713.000000 0.157411
2714.000000 0.090788
2715.000000 0.152700
2716.000000 0.181071
2717.000000 0.097368
2718.000000 0.160938
2719.000000 0.111203
2720.000000 0.072170
2721.000000 0.272946
2722.000000 0.129164
2723.000000 0.172530
2724.000000 0.129754
2725.000000 0.072182
2726.000000 0.145691
2727.000000 0.092189
2728.000000 0.181421
2729.000000 0.240545
2730.000000 0.225114
2731.000000 0.206474
2732.000000 0.207568
2733.000000 0.151635
2734.000000 0.145885
2735.000000 0.062818
2736.000000 0.110206
2737.000000 0.168899
2738.000000 0.248716
2739.000000 0.070132
2740.000000 0.121241
2741.000000 0.043912
2742.000000 0.129367
2743.000000 0.143382
2744.000000 0.019223
2745.000000 0.076022
2746.000000 0.209880
2747.000000 0.103959
2748.000000 0.244067
2749.000000 0.172004
2750.000000 0.224626
2751.000000 0.070967
2752.000000 0.216340
2753.000000 0.121918
2754.000000 0.161543
2755.000000 0.157337
2756.000000 0.168950
2757.000000 0.067822
2758.000000 0.202793
2759.000000 0.174652
2760.000000 0.139978
2761.000000 0.105591
2762.000000 0.104994
2763.000000 0.259153
2764.000000 0.193928
2765.000000 0.141595
2766.000000 0.021752
2767.000000 0.073723
2768.000000 0.132239
2769.000000 0.107738
2770.000000 0.049932
2771.000000 0.077433
2772.000000 0.128457
2773.000000 0.167217
2774.000000 0.104135
2775.000000 0.230308
2776.000000 0.100777
2777.000000 0.118135
2778.000000 0.102619
2779.000000 0.111120
2780.000000 0.094921
2781.000000 0.046110
2782.000000 0.139763
2783.000000 0.085867
2784.000000 0.158731
2785.000000 0.207120
2786.000000 0.088430
2787.000000 0.086093
2788.000000 0.112997
2789.000000 0.168309
2790.000000 0.064806
2791.000000 0.138211
2792.000000 0.220228
2793.000000 0.051743
2794.000000 0.071197
2795.000000 0.097265
2796.000000 0.141523
2797.000000 0.175194
2798.000000 0.167117
2799.000000 0.222261
2800.000000 0.104755
2801.000000 0.160487
2802.000000 0.278508
2803.000000 0.198842
2804.000000 0.090335
2805.000000 0.075479
2806.000000 0.055432
2807.000000 0.257529
2808.000000 0.114984
2809.000000 0.050620
2810.000000 0.084290
2811.000000 0.149412
2812.000000 0.067600
2813.000000 0.070556
2814.000000 0.038563
2815.000000 0.144729
2816.000000 0.248878
2817.000000 0.080654
2818.000000 0.127946
2819.000000 0.105486
2820.000000 0.064406
2821.000000 0.089919
2822.000000 0.150675
2823.000000 0.094013
2824.000000 0.098315
2825.000000 0.185377
2826.000000 0.056190
2827.000000 0.068287
2828.000000 0.123845
2829.000000 0.194693
2830.000000 0.170868
2831.000000 0.079011
2832.000000 0.104584
2833.000000 0.083229
2834.000000 0.109555
2835.000000 0.126776
2836.000000 0.107921
2837.000000 0.185476
2838.000000 0.076566
2839.000000 0.113905
2840.000000 0.159527
2841.000000 0.243935
2842.000000 0.268970
2843.000000 0.061859
2844.000000 0.275379
2845.000000 0.212391
2846.000000 0.146300
2847.000000 0.061203
2848.000000 0.165739
2849.000000 0.078111
2850.000000 0.108892
2851.000000 0.136638
2852.000000 0.184608
2853.000000 0.200727
2854.000000 0.209137
2855.000000 0.222536
2856.000000 0.117630
2857.000000 0.009341
2858.000000 0.152587
2859.000000 0.152739
2860.000000 0.078783
2861.000000 0.128931
2862.000000 0.127086
2863.000000 0.072836
2864.000000 0.257410
2865.000000 0.078833
2866.000000 0.060537
2867.000000 0.214446
2868.000000 0.229926
2869.000000 0.029437
2870.000000 0.108192
2871.000000 0.202015
2872.000000 0.026986
2873.000000 0.090746
2874.000000 0.048645
2875.000000 0.058366
2876.000000 0.223939
2877.000000 0.133205
2878.000000 0.119994
2879.000000 0.054064
2880.000000 0.151211
2881.000000 0.099324
2882.000000 0.203150
2883.000000 0.038755
2884.000000 0.123067
2885.000000 0.057835
2886.000000 0.111859
2887.000000 0.211744
2888.000000 0.091894
2889.000000 0.111065
2890.000000 0.085427
2891.000000 0.101707
2892.000000 0.228649
2893.000000 0.124244
2894.000000 0.179051
2895.000000 0.104225
2896.000000 0.078411
2897.000000 0.099645
2898.000000 0.220433
2899.000000 0.107569
2900.000000 0.100856
2901.000000 0.157091
2902.000000 0.163345
2903.000000 0.052697
2904.000000 0.068377
2905.000000 0.122537
2906.000000 0.161359
2907.000000 0.102583
2908.000000 0.030485
2909.000000 0.307947
2910.000000 0.023436
2911.000000 0.157550
2912.000000 0.144500
2913.000000 0.110529
2914.000000 0.110704
2915.000000 0.049660
2916.000000 0.137649
2917.000000 0.147743
2918.000000 0.075811
2919.000000 0.041206
2920.000000 0.162154
2921.000000 0.035862
2922.000000 0.151965
2923.000000 0.133633
2924.000000 0.201613
2925.000000 0.202533
2926.000000 0.131953
2927.000000 0.067389
2928.000000 0.133434
2929.000000 0.157178
2930.000000 0.085964
2931.000000 0.151440
2932.000000 0.118480
2933.000000 0.230654
2934.000000 0.116894
2935.000000 0.171642
2936.000000 0.046358
2937.000000 0.113384
2938.000000 0.062606
2939.000000 0.258571
2940.000000 0.077287
2941.000000 0.134547
2942.000000 0.117180
2943.000000 0.173933
2944.000000 0.025190
2945.000000 0.021598
2946.000000 0.101076
2947.000000 0.091967
2948.000000 0.111383
2949.000000 0.206669
2950.000000 0.109048
2951.000000 0.109979
2952.000000 0.081872
2953.000000 0.071407
2954.000000 0.078699
2955.000000 0.033419
2956.000000 0.093541
2957.000000 0.139814
2958.000000 0.073124
2959.000000 0.054812
2960.000000 0.053650
2961.000000 0.105939
2962.000000 0.092417
2963.000000 0.134126
2964.000000 0.121195
2965.000000 0.140195
2966.000000 0.088217
2967.000000 0.084880
2968.000000 0.077913
2969.000000 0.121971
2970.000000 0.023831
2971.000000 0.044987
2972.000000 0.119308
2973.000000 0.063655
2974.000000 0.098674
2975.000000 0.127153
2976.000000 0.183807
2977.000000 0.111850
2978.000000 0.074808
2979.000000 0.123836
2980.000000 0.123393
2981.000000 0.115068
2982.000000 0.194772
2983.000000 0.057133
2984.000000 0.173415
2985.000000 0.085235
2986.000000 0.150539
2987.000000 0.046216
2988.000000 0.037944
2989.000000 0.170641
2990.000000 0.048604
2991.000000 0.202318
2992.000000 0.044241
2993.000000 0.127172
2994.000000 0.059049
2995.000000 0.079813
2996.000000 0.132158
2997.000000 0.174683
2998.000000 0.129766
2999.000000 0.168077
3000.000000 0.122967
