0.000000 0.225633
1.000000 0.117814
2.000000 0.320579
3.000000 0.140230
4.000000 0.217722
5.000000 0.331997
6.000000 0.316546
7.000000 0.235478
8.000000 0.215645
9.000000 0.240953
10.000000 0.203807
11.000000 0.358262
12.000000 0.283844
13.000000 0.226650
14.000000 0.358974
15.000000 0.126171
16.000000 0.340895
17.000000 0.092054
18.000000 0.256378
19.000000 0.034453
20.000000 0.255565
21.000000 0.261433
22.000000 0.097382
23.000000 0.053107
24.000000 0.071147
25.000000 0.065400
26.000000 0.171994
27.000000 0.064216
28.000000 0.006558
29.000000 0.041692
30.000000 0.125382
31.000000 0.044442
32.000000 0.311111
33.000000 0.186505
34.000000 0.391179
35.000000 0.168050
36.000000 0.136953
37.000000 0.367762
38.000000 0.293893
39.000000 0.198710
40.000000 0.190099
41.000000 0.184124
42.000000 0.204764
43.000000 0.282522
44.000000 0.174080
45.000000 0.146445
46.000000 0.039520
47.000000 0.271709
48.000000 0.423320
49.000000 0.169445
50.000000 0.292499
51.000000 0.090079
52.000000 0.068930
53.000000 0.236014
54.000000 0.100430
55.000000 0.210992
56.000000 0.040687
57.000000 0.195757
58.000000 0.030189
59.000000 0.043703
60.000000 0.387476
61.000000 0.295211
62.000000 0.125292
63.000000 0.176786
64.000000 0.178531
65.000000 0.179796
66.000000 0.303291
67.000000 0.271129
68.000000 0.085507
69.000000 0.058426
70.000000 0.366904
71.000000 0.219644
72.000000 0.385373
73.000000 0.343822
74.000000 0.271345
75.000000 0.188925
76.000000 0.330874
77.000000 0.164601
78.000000 0.162689
79.000000 0.402911
80.000000 0.074361
81.000000 0.067062
82.000000 0.112312
83.000000 0.099446
84.000000 0.224420
85.000000 0.247796
86.000000 0.146283
87.000000 0.157201
88.000000 0.289312
89.000000 0.159248
90.000000 0.199060
91.000000 0.313941
92.000000 0.230240
93.000000 0.165518
94.000000 0.251237
95.000000 0.124526
96.000000 0.274035
97.000000 0.221502
98.000000 0.162655
99.000000 0.426149
100.000000 0.277427
101.000000 0.422839
102.000000 0.257350
103.000000 0.422247
104.000000 0.104043
105.000000 0.206642
106.000000 0.217749
107.000000 0.144930
108.000000 0.202801
109.000000 0.223002
110.000000 0.194777
111.000000 0.223363
112.000000 0.077535
113.000000 0.320801
114.000000 0.271308
115.000000 0.266757
116.000000 0.156211
117.000000 0.210775
118.000000 0.351302
119.000000 0.064273
120.000000 0.191931
121.000000 0.127931
122.000000 0.318302
123.000000 0.273082
124.000000 0.298671
125.000000 0.191666
126.000000 0.252733
127.000000 0.253879
128.000000 0.305913
129.000000 0.226878
130.000000 0.311347
131.000000 0.415593
132.000000 0.159097
133.000000 0.265250
134.000000 0.204349
135.000000 0.175069
136.000000 0.204016
137.000000 0.171337
138.000000 0.246536
139.000000 0.243863
140.000000 0.156446
141.000000 0.247506
142.000000 0.115362
143.000000 0.314811
144.000000 0.135771
145.000000 0.370444
146.000000 0.215277
147.000000 0.328906
148.000000 0.313118
149.000000 0.070317
150.000000 0.105527
151.000000 0.297310
152.000000 0.123902
153.000000 0.315191
154.000000 0.095390
155.000000 0.185432
156.000000 0.155060
157.000000 0.418939
158.000000 0.326960
159.000000 0.301042
160.000000 0.241237
161.000000 0.213974
162.000000 0.165841
163.000000 0.143096
164.000000 0.205354
165.000000 0.040242
166.000000 0.025012
167.000000 0.165815
168.000000 0.025932
169.000000 0.097274
170.000000 0.241606
171.000000 0.212554
172.000000 0.263070
173.000000 0.345809
174.000000 0.133981
175.000000 0.193330
176.000000 0.244870
177.000000 0.113991
178.000000 0.218524
179.000000 0.328880
180.000000 0.139587
181.000000 0.208012
182.000000 0.105321
183.000000 0.408255
184.000000 0.180215
185.000000 0.307830
186.000000 0.121898
187.000000 0.295504
188.000000 0.213239
189.000000 0.237072
190.000000 0.165114
191.000000 0.303998
192.000000 0.254614
193.000000 0.328770
194.000000 0.177591
195.000000 0.285281
196.000000 0.234624
197.000000 0.319244
198.000000 0.212297
199.000000 0.192483
200.000000 0.192719
201.000000 0.247523
202.000000 0.405900
203.000000 0.349207
204.000000 0.108063
205.000000 0.099285
206.000000 0.298901
207.000000 0.227364
208.000000 0.282218
209.000000 0.142575
210.000000 0.262832
211.000000 0.212461
212.000000 0.279077
213.000000 0.179827
214.000000 0.327353
215.000000 0.155595
216.000000 0.247661
217.000000 0.256830
218.000000 0.166587
219.000000 0.252193
220.000000 0.120991
221.000000 0.304652
222.000000 0.220858
223.000000 0.358580
224.000000 0.263353
225.000000 0.113351
226.000000 0.175390
227.000000 0.220239
228.000000 0.223423
229.000000 0.115455
230.000000 0.289253
231.000000 0.137042
232.000000 0.361752
233.000000 0.218314
234.000000 0.057412
235.000000 0.150133
236.000000 0.252859
237.000000 0.160913
238.000000 0.328652
239.000000 0.135515
240.000000 0.092434
241.000000 0.431802
242.000000 0.218550
243.000000 0.139275
244.000000 0.220655
245.000000 0.162748
246.000000 0.173533
247.000000 0.318790
248.000000 0.199812
249.000000 0.188375
250.000000 0.260949
251.000000 0.264453
252.000000 0.139158
253.000000 0.318364
254.000000 0.305273
255.000000 0.166615
256.000000 0.375115
257.000000 0.120900
258.000000 0.254318
259.000000 0.459291
260.000000 0.113721
261.000000 0.004373
262.000000 0.107416
263.000000 0.242803
264.000000 0.096931
265.000000 0.112380
266.000000 0.210351
267.000000 0.222689
268.000000 0.305908
269.000000 0.173614
270.000000 0.218874
271.000000 0.341952
272.000000 0.171116
273.000000 0.194426
274.000000 0.324988
275.000000 0.111174
276.000000 0.150068
277.000000 0.183083
278.000000 0.108315
279.000000 0.350628
280.000000 0.113204
281.000000 0.119145
282.000000 0.114137
283.000000 0.274445
284.000000 0.309049
285.000000 0.410428
286.000000 0.143191
287.000000 0.220782
288.000000 0.223087
289.000000 0.215467
290.000000 0.212592
291.000000 0.194077
292.000000 0.250784
293.000000 0.254437
294.000000 0.172499
295.000000 0.045232
296.000000 0.305965
297.000000 0.169983
298.000000 0.335397
299.000000 0.246379
300.000000 0.022682
301.000000 0.142242
302.000000 0.083646
303.000000 0.151936
304.000000 0.163598
305.000000 0.322485
306.000000 0.068152
307.000000 0.161368
308.000000 0.297039
309.000000 0.227591
310.000000 0.157363
311.000000 0.216151
312.000000 0.441156
313.000000 0.119253
314.000000 0.357509
315.000000 0.383233
316.000000 0.245079
317.000000 0.137473
318.000000 0.173989
319.000000 0.073471
320.000000 0.081831
321.000000 0.220687
322.000000 0.178499
323.000000 0.227255
324.000000 0.208018
325.000000 0.046696
326.000000 0.056964
327.000000 0.107973
328.000000 0.101462
329.000000 0.096409
330.000000 0.020965
331.000000 0.143474
332.000000 0.167202
333.000000 0.270372
334.000000 0.110405
335.000000 0.184035
336.000000 0.230318
337.000000 0.200860
338.000000 0.157872
339.000000 0.201076
340.000000 0.281447
341.000000 0.233272
342.000000 0.353395
343.000000 0.323349
344.000000 0.267451
345.000000 0.344711
346.000000 0.349105
347.000000 0.197435
348.000000 0.230707
349.000000 0.184504
350.000000 0.275299
351.000000 0.176354
352.000000 0.343593
353.000000 0.328214
354.000000 0.345133
355.000000 0.133809
356.000000 0.165490
357.000000 0.188204
358.000000 0.272674
359.000000 0.144058
360.000000 0.262711
361.000000 0.290510
362.000000 0.124173
363.000000 0.277997
364.000000 0.132485
365.000000 0.272678
366.000000 0.245021
367.000000 0.248253
368.000000 0.050601
369.000000 0.199718
370.000000 0.293921
371.000000 0.099509
372.000000 0.225607
373.000000 0.172386
374.000000 0.131388
375.000000 0.222105
376.000000 0.321014
377.000000 0.147739
378.000000 0.063380
379.000000 0.025460
380.000000 0.198355
381.000000 0.064043
382.000000 0.131115
383.000000 0.182983
384.000000 0.059731
385.000000 0.431473
386.000000 0.255737
387.000000 0.210228
388.000000 0.192038
389.000000 0.254511
390.000000 0.180552
391.000000 0.253629
392.000000 0.206582
393.000000 0.161132
394.000000 0.309035
395.000000 0.195044
396.000000 0.189540
397.000000 0.232605
398.000000 0.221217
399.000000 0.185466
400.000000 0.301282
401.000000 0.318715
402.000000 0.318691
403.000000 0.211888
404.000000 0.155271
405.000000 0.100010
406.000000 0.373394
407.000000 0.135697
408.000000 0.387964
409.000000 0.395296
410.000000 0.352683
411.000000 0.239052
412.000000 0.101585
413.000000 0.383690
414.000000 0.285333
415.000000 0.179737
416.000000 0.208802
417.000000 0.374451
418.000000 0.116234
419.000000 0.268841
420.000000 0.172157
421.000000 0.054189
422.000000 0.441888
423.000000 0.200670
424.000000 0.182286
425.000000 0.337451
426.000000 0.257491
427.000000 0.070899
428.000000 0.290321
429.000000 0.323299
430.000000 0.336481
431.000000 0.272804
432.000000 0.301848
433.000000 0.181631
434.000000 0.223486
435.000000 0.215504
436.000000 0.359768
437.000000 0.216131
438.000000 0.258609
439.000000 0.259754
440.000000 0.267997
441.000000 0.087608
442.000000 0.291473
443.000000 0.315986
444.000000 0.291568
445.000000 0.060416
446.000000 0.224774
447.000000 0.076133
448.000000 0.055270
449.000000 0.334859
450.000000 0.334315
451.000000 0.158854
452.000000 0.009199
453.000000 0.205761
454.000000 0.135831
455.000000 0.478535
456.000000 0.236029
457.000000 0.186372
458.000000 0.257094
459.000000 0.187909
460.000000 0.125716
461.000000 0.344160
462.000000 0.191373
463.000000 0.378986
464.000000 0.211627
465.000000 0.445008
466.000000 0.119734
467.000000 0.335661
468.000000 0.073392
469.000000 0.301954
470.000000 0.317620
471.000000 0.053815
472.000000 0.251190
473.000000 0.280720
474.000000 0.340832
475.000000 0.166452
476.000000 0.251258
477.000000 0.167588
478.000000 0.416825
479.000000 0.193189
480.000000 0.108261
481.000000 0.172481
482.000000 0.280908
483.000000 0.219856
484.000000 0.144482
485.000000 0.251551
486.000000 0.124676
487.000000 0.159123
488.000000 0.265287
489.000000 0.184996
490.000000 0.386289
491.000000 0.135488
492.000000 0.286070
493.000000 0.133984
494.000000 0.179961
495.000000 0.208698
496.000000 0.028776
497.000000 0.236065
498.000000 0.300068
499.000000 0.332764
500.000000 0.339919
501.000000 0.237701
502.000000 0.079390
503.000000 0.120381
504.000000 0.153676
505.000000 0.011036
506.000000 0.277800
507.000000 0.214384
508.000000 0.179496
509.000000 0.175479
510.000000 0.247168
511.000000 0.103677
512.000000 0.278776
513.000000 0.318879
514.000000 0.117772
515.000000 0.304500
516.000000 0.099560
517.000000 0.202994
518.000000 0.311394
519.000000 0.212547
520.000000 0.073481
521.000000 0.387702
522.000000 0.142919
523.000000 0.330014
524.000000 0.221707
525.000000 0.113655
526.000000 0.015470
527.000000 0.363601
528.000000 0.200623
529.000000 0.315017
530.000000 0.176846
531.000000 0.205624
532.000000 0.197055
533.000000 0.336979
534.000000 0.166775
535.000000 0.275691
536.000000 0.406078
537.000000 0.079765
538.000000 0.201094
539.000000 0.211978
540.000000 0.307002
541.000000 0.272714
542.000000 0.101030
543.000000 0.068206
544.000000 0.071602
545.000000 0.103109
546.000000 0.125091
547.000000 0.218395
548.000000 0.266947
549.000000 0.152676
550.000000 0.230855
551.000000 0.128340
552.000000 0.158036
553.000000 0.111133
554.000000 0.136827
555.000000 0.145557
556.000000 0.100285
557.000000 0.230763
558.000000 0.085783
559.000000 0.202719
560.000000 0.101856
561.000000 0.228035
562.000000 0.405207
563.000000 0.220721
564.000000 0.254050
565.000000 0.193184
566.000000 0.237810
567.000000 0.475166
568.000000 0.216159
569.000000 0.201003
570.000000 0.378936
571.000000 0.211766
572.000000 0.299950
573.000000 0.327937
574.000000 0.159570
575.000000 0.266032
576.000000 0.224552
577.000000 0.164916
578.000000 0.088516
579.000000 0.331765
580.000000 0.206997
581.000000 0.301596
582.000000 0.360230
583.000000 0.314023
584.000000 0.241175
585.000000 0.129155
586.000000 0.373708
587.000000 0.157702
588.000000 0.186663
589.000000 0.208032
590.000000 0.108028
591.000000 0.030205
592.000000 0.092837
593.000000 0.329233
594.000000 0.262482
595.000000 0.180815
596.000000 0.275901
597.000000 0.304597
598.000000 0.067314
599.000000 0.211644
600.000000 0.322203
601.000000 0.379756
602.000000 0.398506
603.000000 0.142720
604.000000 0.179357
605.000000 0.271745
606.000000 0.295620
607.000000 0.289699
608.000000 0.041725
609.000000 0.340008
610.000000 0.298896
611.000000 0.279974
612.000000 0.342825
613.000000 0.060652
614.000000 0.051544
615.000000 0.284508
616.000000 0.174723
617.000000 0.299489
618.000000 0.180978
619.000000 0.344532
620.000000 0.205302
621.000000 0.139753
622.000000 0.247253
623.000000 0.202825
624.000000 0.105152
625.000000 0.264943
626.000000 0.092231
627.000000 0.058325
628.000000 0.349877
629.000000 0.120076
630.000000 0.195819
631.000000 0.139141
632.000000 0.441634
633.000000 0.369050
634.000000 0.044920
635.000000 0.198351
636.000000 0.171375
637.000000 0.214097
638.000000 0.224822
639.000000 0.150967
640.000000 0.237170
641.000000 0.058927
642.000000 0.223096
643.000000 0.256304
644.000000 0.167714
645.000000 0.318910
646.000000 0.261035
647.000000 0.124180
648.000000 0.127752
649.000000 0.161813
650.000000 0.271859
651.000000 0.409578
652.000000 0.187539
653.000000 0.277681
654.000000 0.293902
655.000000 0.346749
656.000000 0.377346
657.000000 0.254761
658.000000 0.112896
659.000000 0.334658
660.000000 0.017311
661.000000 0.239990
662.000000 0.312651
663.000000 0.312631
664.000000 0.118802
665.000000 0.261948
666.000000 0.185661
667.000000 0.290673
668.000000 0.323837
669.000000 0.225535
670.000000 0.245187
671.000000 0.296451
672.000000 0.250283
673.000000 0.276188
674.000000 0.251934
675.000000 0.126039
676.000000 0.229449
677.000000 0.302771
678.000000 0.147453
679.000000 0.266620
680.000000 0.330253
681.000000 0.408140
682.000000 0.159998
683.000000 0.062613
684.000000 0.271407
685.000000 0.193292
686.000000 0.265547
687.000000 0.016310
688.000000 0.351002
689.000000 0.055180
690.000000 0.314179
691.000000 0.235111
692.000000 0.289549
693.000000 0.114985
694.000000 0.246995
695.000000 0.279832
696.000000 0.162885
697.000000 0.285644
698.000000 0.139203
699.000000 0.109833
700.000000 0.127399
701.000000 0.187842
702.000000 0.338011
703.000000 0.100925
704.000000 0.340313
705.000000 0.178054
706.000000 0.283858
707.000000 0.219763
708.000000 0.050318
709.000000 0.221074
710.000000 0.149732
711.000000 0.178710
712.000000 0.232197
713.000000 0.150472
714.000000 0.404057
715.000000 0.360874
716.000000 0.174355
717.000000 0.271214
718.000000 0.096333
719.000000 0.278696
720.000000 0.296240
721.000000 0.141878
722.000000 0.246804
723.000000 0.183977
724.000000 0.195795
725.000000 0.116754
726.000000 0.127247
727.000000 0.126983
728.000000 0.137250
729.000000 0.246113
730.000000 0.113268
731.000000 0.058215
732.000000 0.069302
733.000000 0.130128
734.000000 0.253175
735.000000 0.090442
736.000000 0.201080
737.000000 0.203246
738.000000 0.305738
739.000000 0.331956
740.000000 0.221778
741.000000 0.244088
742.000000 0.131842
743.000000 0.298570
744.000000 0.251905
745.000000 0.117885
746.000000 0.208895
747.000000 0.226982
748.000000 0.164509
749.000000 0.169601
750.000000 0.269396
751.000000 0.395966
752.000000 0.106925
753.000000 0.059168
754.000000 0.147196
755.000000 0.316553
756.000000 0.159533
757.000000 0.121659
758.000000 0.302678
759.000000 0.139335
760.000000 0.208362
761.000000 0.373783
762.000000 0.070530
763.000000 0.129950
764.000000 0.361225
765.000000 0.083685
766.000000 0.099449
767.000000 0.220440
768.000000 0.347608
769.000000 0.272820
770.000000 0.271994
771.000000 0.260844
772.000000 0.229830
773.000000 0.427314
774.000000 0.310418
775.000000 0.155455
776.000000 0.388887
777.000000 0.060867
778.000000 0.381173
779.000000 0.123780
780.000000 0.341052
781.000000 0.174821
782.000000 0.231405
783.000000 0.093186
784.000000 0.269383
785.000000 0.146284
786.000000 0.134199
787.000000 0.196559
788.000000 0.054214
789.000000 0.073656
790.000000 0.174087
791.000000 0.224421
792.000000 0.209951
793.000000 0.157281
794.000000 0.302309
795.000000 0.451237
796.000000 0.178853
797.000000 0.326282
798.000000 0.245031
799.000000 0.161075
800.000000 0.280763
801.000000 0.168567
802.000000 0.245479
803.000000 0.309829
804.000000 0.214117
805.000000 0.332444
806.000000 0.419670
807.000000 0.334757
808.000000 0.291243
809.000000 0.327593
810.000000 0.240450
811.000000 0.185233
812.000000 0.132710
813.000000 0.285351
814.000000 0.150084
815.000000 0.357131
816.000000 0.119780
817.000000 0.203839
818.000000 0.211379
819.000000 0.186893
820.000000 0.401040
821.000000 0.190346
822.000000 0.184701
823.000000 0.193943
824.000000 0.231774
825.000000 0.185341
826.000000 0.184445
827.000000 0.185157
828.000000 0.254428
829.000000 0.179261
830.000000 0.122116
831.000000 0.223015
832.000000 0.164158
833.000000 0.210072
834.000000 0.267437
835.000000 0.245721
836.000000 0.013260
837.000000 0.244906
838.000000 0.042440
839.000000 0.186739
840.000000 0.334594
841.000000 0.312565
842.000000 0.314149
843.000000 0.404580
844.000000 0.243508
845.000000 0.103006
846.000000 0.162727
847.000000 0.279901
848.000000 0.368208
849.000000 0.290303
850.000000 0.348913
851.000000 0.134928
852.000000 0.307223
853.000000 0.266898
854.000000 0.085471
855.000000 0.160941
856.000000 0.199386
857.000000 0.286274
858.000000 0.131781
859.000000 0.392004
860.000000 0.336196
861.000000 0.238288
862.000000 0.186628
863.000000 0.233553
864.000000 0.329559
865.000000 0.258757
866.000000 0.212337
867.000000 0.286063
868.000000 0.203453
869.000000 0.246863
870.000000 0.387806
871.000000 0.271269
872.000000 0.200232
873.000000 0.124151
874.000000 0.305545
875.000000 0.236903
876.000000 0.145081
877.000000 0.144154
878.000000 0.174713
879.000000 0.034608
880.000000 0.091323
881.000000 0.200164
882.000000 0.396838
883.000000 0.478739
884.000000 0.268520
885.000000 0.237677
886.000000 0.383128
887.000000 0.194352
888.000000 0.135610
889.000000 0.310098
890.000000 0.134519
891.000000 0.306890
892.000000 0.221210
893.000000 0.220904
894.000000 0.190806
895.000000 0.256699
896.000000 0.230128
897.000000 0.248855
898.000000 0.176674
899.000000 0.238395
900.000000 0.159741
901.000000 0.184674
902.000000 0.112179
903.000000 0.113632
904.000000 0.305014
905.000000 0.273946
906.000000 0.157144
907.000000 0.284838
908.000000 0.374918
909.000000 0.215445
910.000000 0.230006
911.000000 0.328121
912.000000 0.120170
913.000000 0.376475
914.000000 0.253405
915.000000 0.145260
916.000000 0.213871
917.000000 0.265339
918.000000 0.294723
919.000000 0.167968
920.000000 0.246165
921.000000 0.169584
922.000000 0.098758
923.000000 0.195843
924.000000 0.355712
925.000000 0.371141
926.000000 0.206397
927.000000 0.240894
928.000000 0.257813
929.000000 0.122576
930.000000 0.454876
931.000000 0.217989
932.000000 0.415391
933.000000 0.147252
934.000000 0.266283
935.000000 0.245846
936.000000 0.285741
937.000000 0.147394
938.000000 0.084570
939.000000 0.264324
940.000000 0.147714
941.000000 0.198639
942.000000 0.285358
943.000000 0.146476
944.000000 0.228030
945.000000 0.198097
946.000000 0.100964
947.000000 0.227719
948.000000 0.175030
949.000000 0.311783
950.000000 0.381341
951.000000 0.272115
952.000000 0.185324
953.000000 0.051440
954.000000 0.180932
955.000000 0.326341
956.000000 0.226852
957.000000 0.270026
958.000000 0.175891
959.000000 0.283435
960.000000 0.320692
961.000000 0.277771
962.000000 0.324547
963.000000 0.312567
964.000000 0.073451
965.000000 0.055395
966.000000 0.268568
967.000000 0.158395
968.000000 0.352983
969.000000 0.343634
970.000000 0.184065
971.000000 0.102346
972.000000 0.275770
973.000000 0.310157
974.000000 0.081929
975.000000 0.272059
976.000000 0.312204
977.000000 0.304169
978.000000 0.251990
979.000000 0.365235
980.000000 0.248775
981.000000 0.218364
982.000000 0.226103
983.000000 0.277854
984.000000 0.275625
985.000000 0.039075
986.000000 0.185475
987.000000 0.245957
988.000000 0.238191
989.000000 0.078352
990.000000 0.254111
991.000000 0.208397
992.000000 0.148853
993.000000 0.135899
994.000000 0.347823
995.000000 0.206665
996.000000 0.365737
997.000000 0.147909
998.000000 0.034611
999.000000 0.292631
1000.000000 0.202998
1001.000000 0.249269
1002.000000 0.165545
1003.000000 0.267567
1004.000000 0.245743
1005.000000 0.304031
1006.000000 0.124446
1007.000000 0.282025
1008.000000 0.175596
1009.000000 0.028170
1010.000000 0.135084
1011.000000 0.240442
1012.000000 0.257075
1013.000000 0.170977
1014.000000 0.080187
1015.000000 0.270513
1016.000000 0.188443
1017.000000 0.206056
1018.000000 0.139043
1019.000000 0.335993
1020.000000 0.251531
1021.000000 0.301725
1022.000000 0.218848
1023.000000 0.415696
1024.000000 0.175544
1025.000000 0.205531
1026.000000 0.077303
1027.000000 0.220793
1028.000000 0.288345
1029.000000 0.136756
1030.000000 0.219309
1031.000000 0.299052
1032.000000 0.349109
1033.000000 0.250919
1034.000000 0.298422
1035.000000 0.006663
1036.000000 0.356036
1037.000000 0.188354
1038.000000 0.318570
1039.000000 0.288885
1040.000000 0.201969
1041.000000 0.173200
1042.000000 0.205492
1043.000000 0.209306
1044.000000 0.152564
1045.000000 0.304825
1046.000000 0.346809
1047.000000 0.129552
1048.000000 0.194475
1049.000000 0.148425
1050.000000 0.282498
1051.000000 0.238127
1052.000000 0.342809
1053.000000 0.133608
1054.000000 0.128133
1055.000000 0.188625
1056.000000 0.285307
1057.000000 0.091023
1058.000000 0.325397
1059.000000 0.305078
1060.000000 0.175515
1061.000000 0.062886
1062.000000 0.163462
1063.000000 0.207660
1064.000000 0.044477
1065.000000 0.265541
1066.000000 0.148700
1067.000000 0.081732
1068.000000 0.300758
1069.000000 0.187187
1070.000000 0.194719
1071.000000 0.087140
1072.000000 0.301174
1073.000000 0.395204
1074.000000 0.249703
1075.000000 0.174321
1076.000000 0.264785
1077.000000 0.230719
1078.000000 0.177386
1079.000000 0.261610
1080.000000 0.147130
1081.000000 0.258223
1082.000000 0.268467
1083.000000 0.294973
1084.000000 0.048690
1085.000000 0.188384
1086.000000 0.092737
1087.000000 0.085480
1088.000000 0.282537
1089.000000 0.321710
1090.000000 0.112415
1091.000000 0.274507
1092.000000 0.249500
1093.000000 0.207208
1094.000000 0.064574
1095.000000 0.210917
1096.000000 0.260720
1097.000000 0.292268
1098.000000 0.175326
1099.000000 0.275208
1100.000000 0.140507
1101.000000 0.336026
1102.000000 0.261726
1103.000000 0.191843
1104.000000 0.263151
1105.000000 0.311833
1106.000000 0.211014
1107.000000 0.292039
1108.000000 0.312205
1109.000000 0.159747
1110.000000 0.215171
1111.000000 0.270955
1112.000000 0.437989
1113.000000 0.231200
1114.000000 0.401096
1115.000000 0.403279
1116.000000 0.195123
1117.000000 0.239010
1118.000000 0.229107
1119.000000 0.436586
1120.000000 0.225499
1121.000000 0.167719
1122.000000 0.269345
1123.000000 0.394551
1124.000000 0.262530
1125.000000 0.201499
1126.000000 0.231145
1127.000000 0.198389
1128.000000 0.154585
1129.000000 0.304618
1130.000000 0.274505
1131.000000 0.104520
1132.000000 0.181321
1133.000000 0.197572
1134.000000 0.104087
1135.000000 0.276660
1136.000000 0.234176
1137.000000 0.059158
1138.000000 0.189890
1139.000000 0.258761
1140.000000 0.111522
1141.000000 0.349416
1142.000000 0.289542
1143.000000 0.292266
1144.000000 0.288515
1145.000000 0.265345
1146.000000 0.286737
1147.000000 0.324836
1148.000000 0.048744
1149.000000 0.183751
1150.000000 0.181861
1151.000000 0.240363
1152.000000 0.107384
1153.000000 0.074652
1154.000000 0.088225
1155.000000 0.193566
1156.000000 0.140525
1157.000000 0.170770
1158.000000 0.190057
1159.000000 0.315500
1160.000000 0.166944
1161.000000 0.210585
1162.000000 0.300723
1163.000000 0.334891
1164.000000 0.218145
1165.000000 0.138455
1166.000000 0.166864
1167.000000 0.349308
1168.000000 0.275156
1169.000000 0.472133
1170.000000 0.340643
1171.000000 0.330045
1172.000000 0.041696
1173.000000 0.303484
1174.000000 0.110782
1175.000000 0.430061
1176.000000 0.294443
1177.000000 0.214227
1178.000000 0.137356
1179.000000 0.290218
1180.000000 0.304846
1181.000000 0.303061
1182.000000 0.208485
1183.000000 0.234890
1184.000000 0.314060
1185.000000 0.198150
1186.000000 0.244764
1187.000000 0.233930
1188.000000 0.213957
1189.000000 0.279922
1190.000000 0.041789
1191.000000 0.240531
1192.000000 0.139657
1193.000000 0.432608
1194.000000 0.127821
1195.000000 0.264511
1196.000000 0.082599
1197.000000 0.307953
1198.000000 0.209704
1199.000000 0.244577
1200.000000 0.177115
1201.000000 0.112475
1202.000000 0.138538
1203.000000 0.211757
1204.000000 0.258924
1205.000000 0.270555
1206.000000 0.428958
1207.000000 0.296554
1208.000000 0.225546
1209.000000 0.154914
1210.000000 0.229941
1211.000000 0.290319
1212.000000 0.171939
1213.000000 0.390789
1214.000000 0.211307
1215.000000 0.201884
1216.000000 0.162118
1217.000000 0.243141
1218.000000 0.139632
1219.000000 0.069480
1220.000000 0.132110
1221.000000 0.291432
1222.000000 0.091766
1223.000000 0.402929
1224.000000 0.296508
1225.000000 0.185447
1226.000000 0.277077
1227.000000 0.104251
1228.000000 0.194079
1229.000000 0.195170
1230.000000 0.117168
1231.000000 0.172247
1232.000000 0.182253
1233.000000 0.198775
1234.000000 0.214979
1235.000000 0.190194
1236.000000 0.261159
1237.000000 0.135695
1238.000000 0.149748
1239.000000 0.320784
1240.000000 0.097129
1241.000000 0.263086
1242.000000 0.148562
1243.000000 0.230639
1244.000000 0.245594
1245.000000 0.312126
1246.000000 0.178880
1247.000000 0.324763
1248.000000 0.250684
1249.000000 0.269536
1250.000000 0.292636
1251.000000 0.453456
1252.000000 0.233638
1253.000000 0.136063
1254.000000 0.340960
1255.000000 0.046552
1256.000000 0.022837
1257.000000 0.307957
1258.000000 0.121494
1259.000000 0.343169
1260.000000 0.325165
1261.000000 0.077246
1262.000000 0.102354
1263.000000 0.085442
1264.000000 0.190430
1265.000000 0.306444
1266.000000 0.106352
1267.000000 0.301724
1268.000000 0.283395
1269.000000 0.127351
1270.000000 0.331731
1271.000000 0.319552
1272.000000 0.210179
1273.000000 0.269416
1274.000000 0.329103
1275.000000 0.270987
1276.000000 0.232496
1277.000000 0.131879
1278.000000 0.233471
1279.000000 0.210164
1280.000000 0.409883
1281.000000 0.238072
1282.000000 0.212091
1283.000000 0.402891
1284.000000 0.173187
1285.000000 0.173873
1286.000000 0.042872
1287.000000 0.078048
1288.000000 0.159642
1289.000000 0.113464
1290.000000 0.181609
1291.000000 0.209979
1292.000000 0.244395
1293.000000 0.258541
1294.000000 0.220486
1295.000000 0.373977
1296.000000 0.154073
1297.000000 0.211687
1298.000000 0.248457
1299.000000 0.221538
1300.000000 0.082320
1301.000000 0.106469
1302.000000 0.119859
1303.000000 0.160731
1304.000000 0.256287
1305.000000 0.301932
1306.000000 0.289695
1307.000000 0.171850
1308.000000 0.180726
1309.000000 0.200413
1310.000000 0.230155
1311.000000 0.154393
1312.000000 0.030673
1313.000000 0.228508
1314.000000 0.209421
1315.000000 0.126690
1316.000000 0.197279
1317.000000 0.239143
1318.000000 0.065707
1319.000000 0.123397
1320.000000 0.178902
1321.000000 0.419579
1322.000000 0.089085
1323.000000 0.368332
1324.000000 0.197108
1325.000000 0.313386
1326.000000 0.301690
1327.000000 0.355902
1328.000000 0.346389
1329.000000 0.173880
1330.000000 0.039746
1331.000000 0.189792
1332.000000 0.241020
1333.000000 0.299190
1334.000000 0.148387
1335.000000 0.276580
1336.000000 0.179405
1337.000000 0.102243
1338.000000 0.310010
1339.000000 0.191588
1340.000000 0.081674
1341.000000 0.200318
1342.000000 0.306991
1343.000000 0.262350
1344.000000 0.221519
1345.000000 0.240794
1346.000000 0.168381
1347.000000 0.196839
1348.000000 0.291330
1349.000000 0.265156
1350.000000 0.324718
1351.000000 0.193761
1352.000000 0.293956
1353.000000 0.252523
1354.000000 0.215024
1355.000000 0.178306
1356.000000 0.273265
1357.000000 0.185794
1358.000000 0.132709
1359.000000 0.126306
1360.000000 0.268931
1361.000000 0.156765
1362.000000 0.251437
1363.000000 0.201768
1364.000000 0.111249
1365.000000 0.294453
1366.000000 0.295004
1367.000000 0.118926
1368.000000 0.170857
1369.000000 0.178969
1370.000000 0.181800
1371.000000 0.289000
1372.000000 0.290248
1373.000000 0.178019
1374.000000 0.040772
1375.000000 0.223124
1376.000000 0.182380
1377.000000 0.312090
1378.000000 0.216789
1379.000000 0.139083
1380.000000 0.128156
1381.000000 0.169508
1382.000000 0.219805
1383.000000 0.194676
1384.000000 0.269717
1385.000000 0.174657
1386.000000 0.129878
1387.000000 0.227452
1388.000000 0.332076
1389.000000 0.316969
1390.000000 0.198866
1391.000000 0.348915
1392.000000 0.286097
1393.000000 0.320652
1394.000000 0.233843
1395.000000 0.215302
1396.000000 0.237573
1397.000000 0.150416
1398.000000 0.163207
1399.000000 0.253437
1400.000000 0.280957
1401.000000 0.131996
1402.000000 0.192016
1403.000000 0.447885
1404.000000 0.319985
1405.000000 0.170739
1406.000000 0.195956
1407.000000 0.285930
1408.000000 0.193793
1409.000000 0.329775
1410.000000 0.214585
1411.000000 0.124000
1412.000000 0.041292
1413.000000 0.223834
1414.000000 0.161438
1415.000000 0.232304
1416.000000 0.164661
1417.000000 0.254106
1418.000000 0.164462
1419.000000 0.181670
1420.000000 0.259151
1421.000000 0.230866
1422.000000 0.325048
1423.000000 0.247577
1424.000000 0.224080
1425.000000 0.382063
1426.000000 0.200085
1427.000000 0.274851
1428.000000 0.239280
1429.000000 0.186072
1430.000000 0.184571
1431.000000 0.111055
1432.000000 0.155123
1433.000000 0.112199
1434.000000 0.257331
1435.000000 0.259694
1436.000000 0.301674
1437.000000 0.220295
1438.000000 0.247504
1439.000000 0.277809
1440.000000 0.264334
1441.000000 0.214601
1442.000000 0.280006
1443.000000 0.059522
1444.000000 0.139730
1445.000000 0.200866
1446.000000 0.245736
1447.000000 0.086552
1448.000000 0.073914
1449.000000 0.169478
1450.000000 0.148136
1451.000000 0.319801
1452.000000 0.383162
1453.000000 0.415080
1454.000000 0.122954
1455.000000 0.272721
1456.000000 0.350599
1457.000000 0.273698
1458.000000 0.295367
1459.000000 0.162565
1460.000000 0.107299
1461.000000 0.243148
1462.000000 0.291783
1463.000000 0.160960
1464.000000 0.127881
1465.000000 0.327104
1466.000000 0.412697
1467.000000 0.296076
1468.000000 0.168940
1469.000000 0.241814
1470.000000 0.277480
1471.000000 0.302648
1472.000000 0.257559
1473.000000 0.145262
1474.000000 0.150216
1475.000000 0.242696
1476.000000 0.124138
1477.000000 0.366542
1478.000000 0.251338
1479.000000 0.238131
1480.000000 0.249515
1481.000000 0.183467
1482.000000 0.270612
1483.000000 0.279340
1484.000000 0.235255
1485.000000 0.239630
1486.000000 0.226938
1487.000000 0.183396
1488.000000 0.055130
1489.000000 0.192001
1490.000000 0.044065
1491.000000 0.316800
1492.000000 0.249409
1493.000000 0.143781
1494.000000 0.127058
1495.000000 0.042632
1496.000000 0.190029
1497.000000 0.181599
1498.000000 0.223480
1499.000000 0.083444
1500.000000 0.097917
1501.000000 0.137816
1502.000000 0.204381
1503.000000 0.033590
1504.000000 0.155835
1505.000000 0.148868
1506.000000 0.236554
1507.000000 0.197499
1508.000000 0.320470
1509.000000 0.253939
1510.000000 0.293083
1511.000000 0.086522
1512.000000 0.372649
1513.000000 0.486995
1514.000000 0.199623
1515.000000 0.181906
1516.000000 0.237730
1517.000000 0.131194
1518.000000 0.210812
1519.000000 0.084088
1520.000000 0.143149
1521.000000 0.328380
1522.000000 0.218463
1523.000000 0.162338
1524.000000 0.342476
1525.000000 0.198939
1526.000000 0.313412
1527.000000 0.249097
1528.000000 0.220418
1529.000000 0.296419
1530.000000 0.194909
1531.000000 0.269145
1532.000000 0.312672
1533.000000 0.045654
1534.000000 0.091331
1535.000000 0.321351
1536.000000 0.068558
1537.000000 0.330140
1538.000000 0.182019
1539.000000 0.306608
1540.000000 0.290944
1541.000000 0.166212
1542.000000 0.341318
1543.000000 0.247614
1544.000000 0.264164
1545.000000 0.143261
1546.000000 0.377134
1547.000000 0.242080
1548.000000 0.220875
1549.000000 0.251660
1550.000000 0.280275
1551.000000 0.123323
1552.000000 0.212560
1553.000000 0.182268
1554.000000 0.316851
1555.000000 0.104972
1556.000000 0.112611
1557.000000 0.036276
1558.000000 0.094410
1559.000000 0.263048
1560.000000 0.344911
1561.000000 0.391344
1562.000000 0.152092
1563.000000 0.299989
1564.000000 0.286296
1565.000000 0.254996
1566.000000 0.099421
1567.000000 0.224805
1568.000000 0.201357
1569.000000 0.159869
1570.000000 0.378112
1571.000000 0.264355
1572.000000 0.148998
1573.000000 0.162825
1574.000000 0.246912
1575.000000 0.169346
1576.000000 0.148827
1577.000000 0.294877
1578.000000 0.123774
1579.000000 0.233293
1580.000000 0.129407
1581.000000 0.101395
1582.000000 0.187255
1583.000000 0.211743
1584.000000 0.153015
1585.000000 0.052734
1586.000000 0.120950
1587.000000 0.188245
1588.000000 0.205978
1589.000000 0.268683
1590.000000 0.351717
1591.000000 0.083056
1592.000000 0.143257
1593.000000 0.350818
1594.000000 0.241169
1595.000000 0.375468
1596.000000 0.295534
1597.000000 0.096959
1598.000000 0.261739
1599.000000 0.050763
1600.000000 0.500281
1601.000000 0.243168
1602.000000 0.096919
1603.000000 0.060480
1604.000000 0.123256
1605.000000 0.229270
1606.000000 0.124595
1607.000000 0.293011
1608.000000 0.448348
1609.000000 0.407863
1610.000000 0.221841
1611.000000 0.092299
1612.000000 0.074510
1613.000000 0.129231
1614.000000 0.195140
1615.000000 0.292072
1616.000000 0.136557
1617.000000 0.191693
1618.000000 0.230582
1619.000000 0.258573
1620.000000 0.113191
1621.000000 0.123735
1622.000000 0.257632
1623.000000 0.243711
1624.000000 0.302285
1625.000000 0.099476
1626.000000 0.119350
1627.000000 0.193125
1628.000000 0.128760
1629.000000 0.110510
1630.000000 0.408371
1631.000000 0.200317
1632.000000 0.239472
1633.000000 0.343133
1634.000000 0.169234
1635.000000 0.158058
1636.000000 0.117008
1637.000000 0.093873
1638.000000 0.086028
1639.000000 0.086512
1640.000000 0.210727
1641.000000 0.288371
1642.000000 0.157884
1643.000000 0.279675
1644.000000 0.383795
1645.000000 0.344672
1646.000000 0.160163
1647.000000 0.200939
1648.000000 0.235363
1649.000000 0.255689
1650.000000 0.165469
1651.000000 0.470474
1652.000000 0.250393
1653.000000 0.257458
1654.000000 0.259524
1655.000000 0.018130
1656.000000 0.086134
1657.000000 0.190127
1658.000000 0.195574
1659.000000 0.109504
1660.000000 0.205332
1661.000000 0.246324
1662.000000 0.256230
1663.000000 0.311138
1664.000000 0.154512
1665.000000 0.194819
1666.000000 0.167994
1667.000000 0.329916
1668.000000 0.365865
1669.000000 0.381150
1670.000000 0.201390
1671.000000 0.217352
1672.000000 0.274019
1673.000000 0.116192
1674.000000 0.229477
1675.000000 0.196344
1676.000000 0.297549
1677.000000 0.094944
1678.000000 0.109072
1679.000000 0.228719
1680.000000 0.229148
1681.000000 0.389261
1682.000000 0.148767
1683.000000 0.378542
1684.000000 0.371476
1685.000000 0.122901
1686.000000 0.163634
1687.000000 0.006007
1688.000000 0.316148
1689.000000 0.179947
1690.000000 0.214038
1691.000000 0.146630
1692.000000 0.194260
1693.000000 0.141181
1694.000000 0.276204
1695.000000 0.200614
1696.000000 0.187702
1697.000000 0.344007
1698.000000 0.240148
1699.000000 0.116873
1700.000000 0.252151
1701.000000 0.219321
1702.000000 0.217824
1703.000000 0.245625
1704.000000 0.142609
1705.000000 0.243421
1706.000000 0.205838
1707.000000 0.102262
1708.000000 0.101294
1709.000000 0.320068
1710.000000 0.312666
1711.000000 0.289365
1712.000000 0.162838
1713.000000 0.336132
1714.000000 0.137483
1715.000000 0.202650
1716.000000 0.231706
1717.000000 0.191255
1718.000000 0.058231
1719.000000 0.299978
1720.000000 0.268564
1721.000000 0.351326
1722.000000 0.303940
1723.000000 0.293290
1724.000000 0.125436
1725.000000 0.287817
1726.000000 0.046123
1727.000000 0.152675
1728.000000 0.235550
1729.000000 0.146692
1730.000000 0.185830
1731.000000 0.227757
1732.000000 0.117502
1733.000000 0.199774
1734.000000 0.126175
1735.000000 0.217608
1736.000000 0.352615
1737.000000 0.244903
1738.000000 0.149641
1739.000000 0.134113
1740.000000 0.040314
1741.000000 0.226130
1742.000000 0.251533
1743.000000 0.244320
1744.000000 0.410356
1745.000000 0.393096
1746.000000 0.218255
1747.000000 0.277103
1748.000000 0.248841
1749.000000 0.258254
1750.000000 0.259125
1751.000000 0.218823
1752.000000 0.387459
1753.000000 0.319149
1754.000000 0.247531
1755.000000 0.235163
1756.000000 0.205472
1757.000000 0.305889
1758.000000 0.123119
1759.000000 0.195314
1760.000000 0.080893
1761.000000 0.268854
1762.000000 0.202419
1763.000000 0.171993
1764.000000 0.294768
1765.000000 0.242279
1766.000000 0.142045
1767.000000 0.325398
1768.000000 0.113277
1769.000000 0.394991
1770.000000 0.096886
1771.000000 0.267286
1772.000000 0.093134
1773.000000 0.240972
1774.000000 0.236893
1775.000000 0.316491
1776.000000 0.220519
1777.000000 0.314767
1778.000000 0.109747
1779.000000 0.179970
1780.000000 0.092542
1781.000000 0.173740
1782.000000 0.282636
1783.000000 0.298111
1784.000000 0.283496
1785.000000 0.239600
1786.000000 0.189052
1787.000000 0.362668
1788.000000 0.308919
1789.000000 0.231073
1790.000000 0.212088
1791.000000 0.158723
1792.000000 0.245651
1793.000000 0.216126
1794.000000 0.137901
1795.000000 0.196712
1796.000000 0.167842
1797.000000 0.229708
1798.000000 0.245861
1799.000000 0.261925
1800.000000 0.296407
1801.000000 0.388687
1802.000000 0.143338
1803.000000 0.137382
1804.000000 0.227151
1805.000000 0.143905
1806.000000 0.354783
1807.000000 0.107610
1808.000000 0.353004
1809.000000 0.232572
1810.000000 0.220774
1811.000000 0.236718
1812.000000 0.171579
1813.000000 0.276041
1814.000000 0.200511
1815.000000 0.169849
1816.000000 0.292125
1817.000000 0.055957
1818.000000 0.326162
1819.000000 0.033182
1820.000000 0.177492
1821.000000 0.275384
1822.000000 0.293417
1823.000000 0.169536
1824.000000 0.274059
1825.000000 0.296704
1826.000000 0.260109
1827.000000 0.089190
1828.000000 0.233121
1829.000000 0.153593
1830.000000 0.100011
1831.000000 0.158543
1832.000000 0.316743
1833.000000 0.310828
1834.000000 0.235433
1835.000000 0.105054
1836.000000 0.054767
1837.000000 0.205987
1838.000000 0.390233
1839.000000 0.303635
1840.000000 0.355595
1841.000000 0.268497
1842.000000 0.028469
1843.000000 0.277150
1844.000000 0.305573
1845.000000 0.036798
1846.000000 0.271281
1847.000000 0.104882
1848.000000 0.297642
1849.000000 0.205474
1850.000000 0.170671
1851.000000 0.079314
1852.000000 0.177816
1853.000000 0.169833
1854.000000 0.174882
1855.000000 0.242883
1856.000000 0.259478
1857.000000 0.185772
1858.000000 0.191926
1859.000000 0.132006
1860.000000 0.350115
1861.000000 0.317510
1862.000000 0.206588
1863.000000 0.323799
1864.000000 0.080545
1865.000000 0.287089
1866.000000 0.286661
1867.000000 0.297663
1868.000000 0.110686
1869.000000 0.216380
1870.000000 0.310208
1871.000000 0.178118
1872.000000 0.186621
1873.000000 0.186832
1874.000000 0.070802
1875.000000 0.418428
1876.000000 0.128419
1877.000000 0.162751
1878.000000 0.292437
1879.000000 0.124762
1880.000000 0.209966
1881.000000 0.339760
1882.000000 0.260567
1883.000000 0.233736
1884.000000 0.258693
1885.000000 0.225872
1886.000000 0.159840
1887.000000 0.155037
1888.000000 0.235042
1889.000000 0.279590
1890.000000 0.208281
1891.000000 0.383799
1892.000000 0.050742
1893.000000 0.251610
1894.000000 0.311628
1895.000000 0.414907
1896.000000 0.350023
1897.000000 0.157888
1898.000000 0.222645
1899.000000 0.175798
1900.000000 0.341124
1901.000000 0.257307
1902.000000 0.269228
1903.000000 0.374974
1904.000000 0.098814
1905.000000 0.143799
1906.000000 0.261331
1907.000000 0.262111
1908.000000 0.380528
1909.000000 0.215625
1910.000000 0.140948
1911.000000 0.302782
1912.000000 0.022678
1913.000000 0.233011
1914.000000 0.073984
1915.000000 0.122873
1916.000000 0.230037
1917.000000 0.275369
1918.000000 0.186127
1919.000000 0.108556
1920.000000 0.243757
1921.000000 0.223355
1922.000000 0.212239
1923.000000 0.262108
1924.000000 0.276807
1925.000000 0.376716
1926.000000 0.144979
1927.000000 0.241132
1928.000000 0.210198
1929.000000 0.080709
1930.000000 0.223919
1931.000000 0.193081
1932.000000 0.385661
1933.000000 0.207292
1934.000000 0.238595
1935.000000 0.177479
1936.000000 0.161611
1937.000000 0.137769
1938.000000 0.190682
1939.000000 0.283503
1940.000000 0.117173
1941.000000 0.128452
1942.000000 0.233612
1943.000000 0.261817
1944.000000 0.218933
1945.000000 0.199570
1946.000000 0.276153
1947.000000 0.395228
1948.000000 0.327601
1949.000000 0.164583
1950.000000 0.169996
1951.000000 0.151011
1952.000000 0.036278
1953.000000 0.254025
1954.000000 0.417677
1955.000000 0.238987
1956.000000 0.231697
1957.000000 0.233238
1958.000000 0.208883
1959.000000 0.327489
1960.000000 0.278305
1961.000000 0.313474
1962.000000 0.083952
1963.000000 0.185745
1964.000000 0.239658
1965.000000 0.230691
1966.000000 0.130565
1967.000000 0.219387
1968.000000 0.231551
1969.000000 0.442220
1970.000000 0.353016
1971.000000 0.105245
1972.000000 0.303744
1973.000000 0.178910
1974.000000 0.399515
1975.000000 0.373786
1976.000000 0.298570
1977.000000 0.297832
1978.000000 0.287174
1979.000000 0.375865
1980.000000 0.224089
1981.000000 0.073484
1982.000000 0.191110
1983.000000 0.328982
1984.000000 0.346171
1985.000000 0.340298
1986.000000 0.172749
1987.000000 0.170057
1988.000000 0.085458
1989.000000 0.338921
1990.000000 0.080705
1991.000000 0.071218
1992.000000 0.090710
1993.000000 0.414104
1994.000000 0.124820
1995.000000 0.053947
1996.000000 0.203700
1997.000000 0.135840
1998.000000 0.024834
1999.000000 0.228209
2000.000000 0.271223
2001.000000 0.043202
2002.000000 0.121111
2003.000000 0.088144
2004.000000 0.145965
2005.000000 0.159204
2006.000000 0.295654
2007.000000 0.151153
2008.000000 0.438112
2009.000000 0.171777
2010.000000 0.293587
2011.000000 0.242026
2012.000000 0.291622
2013.000000 0.141787
2014.000000 0.213751
2015.000000 0.175833
2016.000000 0.051483
2017.000000 0.087358
2018.000000 0.074862
2019.000000 0.123997
2020.000000 0.168161
2021.000000 0.221403
2022.000000 0.279282
2023.000000 0.314793
2024.000000 0.224492
2025.000000 0.236169
2026.000000 0.276084
2027.000000 0.001119
2028.000000 0.110955
2029.000000 0.127283
2030.000000 0.082599
2031.000000 0.334188
2032.000000 0.101726
2033.000000 0.233791
2034.000000 0.198577
2035.000000 0.218785
2036.000000 0.166539
2037.000000 0.188065
2038.000000 0.353336
2039.000000 0.177445
2040.000000 0.225490
2041.000000 0.242567
2042.000000 0.151828
2043.000000 0.257856
2044.000000 0.207211
2045.000000 0.158697
2046.000000 0.216954
2047.000000 0.197659
2048.000000 0.209758
2049.000000 0.188797
2050.000000 0.084429
2051.000000 0.112291
2052.000000 0.136795
2053.000000 0.053475
2054.000000 0.068083
2055.000000 0.108581
2056.000000 0.093099
2057.000000 0.272083
2058.000000 0.169479
2059.000000 0.163474
2060.000000 0.240325
2061.000000 0.319852
2062.000000 0.350299
2063.000000 0.181380
2064.000000 0.279156
2065.000000 0.227301
2066.000000 0.305216
2067.000000 0.401885
2068.000000 0.289485
2069.000000 0.140158
2070.000000 0.143763
2071.000000 0.200851
2072.000000 0.127602
2073.000000 0.137462
2074.000000 0.250372
2075.000000 0.220825
2076.000000 0.178674
2077.000000 0.398847
2078.000000 0.137869
2079.000000 0.358472
2080.000000 0.271386
2081.000000 0.216525
2082.000000 0.051822
2083.000000 0.301634
2084.000000 0.332680
2085.000000 0.126092
2086.000000 0.217930
2087.000000 0.206916
2088.000000 0.259994
2089.000000 0.219835
2090.000000 0.178357
2091.000000 0.211572
2092.000000 0.316947
2093.000000 0.281607
2094.000000 0.366171
2095.000000 0.237167
2096.000000 0.178664
2097.000000 0.092482
2098.000000 0.313947
2099.000000 0.103963
2100.000000 0.336560
2101.000000 0.210212
2102.000000 0.297412
2103.000000 0.333725
2104.000000 0.375217
2105.000000 0.339729
2106.000000 0.217176
2107.000000 0.337939
2108.000000 0.193481
2109.000000 0.304936
2110.000000 0.158814
2111.000000 0.168352
2112.000000 0.116470
2113.000000 0.166613
2114.000000 0.059153
2115.000000 0.128777
2116.000000 0.335470
2117.000000 0.331602
2118.000000 0.384247
2119.000000 0.160404
2120.000000 0.221790
2121.000000 0.312549
2122.000000 0.135490
2123.000000 0.181859
2124.000000 0.148729
2125.000000 0.216419
2126.000000 0.330979
2127.000000 0.237393
2128.000000 0.323702
2129.000000 0.315040
2130.000000 0.272467
2131.000000 0.350947
2132.000000 0.138497
2133.000000 0.304133
2134.000000 0.233301
2135.000000 0.196360
2136.000000 0.105139
2137.000000 0.111856
2138.000000 0.222848
2139.000000 0.228302
2140.000000 0.198101
2141.000000 0.346267
2142.000000 0.349205
2143.000000 0.199053
2144.000000 0.146604
2145.000000 0.202888
2146.000000 0.197571
2147.000000 0.157710
2148.000000 0.213379
2149.000000 0.204445
2150.000000 0.116770
2151.000000 0.265581
2152.000000 0.253380
2153.000000 0.360911
2154.000000 0.113792
2155.000000 0.301626
2156.000000 0.241870
2157.000000 0.184196
2158.000000 0.290265
2159.000000 0.132658
2160.000000 0.208010
2161.000000 0.378247
2162.000000 0.213601
2163.000000 0.193329
2164.000000 0.166777
2165.000000 0.177689
2166.000000 0.311225
2167.000000 0.305405
2168.000000 0.237149
2169.000000 0.244655
2170.000000 0.129586
2171.000000 0.341737
2172.000000 0.361230
2173.000000 0.238843
2174.000000 0.369853
2175.000000 0.067609
2176.000000 0.253690
2177.000000 0.249521
2178.000000 0.091968
2179.000000 0.209416
2180.000000 0.305586
2181.000000 0.195008
2182.000000 0.165013
2183.000000 0.207432
2184.000000 0.301014
2185.000000 0.176832
2186.000000 0.295066
2187.000000 0.139833
2188.000000 0.234187
2189.000000 0.149664
2190.000000 0.195677
2191.000000 0.041913
2192.000000 0.096858
2193.000000 0.108898
2194.000000 0.265432
2195.000000 0.327736
2196.000000 0.047713
2197.000000 0.346416
2198.000000 0.058400
2199.000000 0.119729
2200.000000 0.278516
2201.000000 0.165048
2202.000000 0.204592
2203.000000 0.157591
2204.000000 0.068209
2205.000000 0.173185
2206.000000 0.185951
2207.000000 0.242393
2208.000000 0.226905
2209.000000 0.042821
2210.000000 0.156405
2211.000000 0.349863
2212.000000 0.284199
2213.000000 0.254125
2214.000000 0.246845
2215.000000 0.195352
2216.000000 0.045633
2217.000000 0.220951
2218.000000 0.212535
2219.000000 0.237596
2220.000000 0.264672
2221.000000 0.141385
2222.000000 0.222564
2223.000000 0.211086
2224.000000 0.178583
2225.000000 0.293371
2226.000000 0.067753
2227.000000 0.346284
2228.000000 0.230850
2229.000000 0.017007
2230.000000 0.096229
2231.000000 0.291081
2232.000000 0.179624
2233.000000 0.219489
2234.000000 0.270540
2235.000000 0.343384
2236.000000 0.252676
2237.000000 0.203484
2238.000000 0.333129
2239.000000 0.224720
2240.000000 0.345896
2241.000000 0.293196
2242.000000 0.298643
2243.000000 0.284525
2244.000000 0.437657
2245.000000 0.227366
2246.000000 0.257601
2247.000000 0.300324
2248.000000 0.192078
2249.000000 0.196213
2250.000000 0.328940
2251.000000 0.071870
2252.000000 0.031694
2253.000000 0.046989
2254.000000 0.338801
2255.000000 0.152908
2256.000000 0.043118
2257.000000 0.232783
2258.000000 0.129224
2259.000000 0.256206
2260.000000 0.159338
2261.000000 0.183046
2262.000000 0.202253
2263.000000 0.053847
2264.000000 0.275322
2265.000000 0.319304
2266.000000 0.213068
2267.000000 0.276505
2268.000000 0.160092
2269.000000 0.392307
2270.000000 0.227559
2271.000000 0.188356
2272.000000 0.263598
2273.000000 0.146126
2274.000000 0.233542
2275.000000 0.249126
2276.000000 0.234069
2277.000000 0.246342
2278.000000 0.426110
2279.000000 0.213675
2280.000000 0.254510
2281.000000 0.281585
2282.000000 0.330307
2283.000000 0.397056
2284.000000 0.259587
2285.000000 0.240255
2286.000000 0.060510
2287.000000 0.268103
2288.000000 0.284426
2289.000000 0.076108
2290.000000 0.216256
2291.000000 0.356566
2292.000000 0.277554
2293.000000 0.283363
2294.000000 0.179507
2295.000000 0.267476
2296.000000 0.272655
2297.000000 0.423510
2298.000000 0.276725
2299.000000 0.078831
2300.000000 0.278997
2301.000000 0.210733
2302.000000 0.157377
2303.000000 0.209276
2304.000000 0.188867
2305.000000 0.244604
2306.000000 0.170031
2307.000000 0.382754
2308.000000 0.185388
2309.000000 0.357174
2310.000000 0.168384
2311.000000 0.167014
2312.000000 0.178804
2313.000000 0.308910
2314.000000 0.020002
2315.000000 0.198816
2316.000000 0.190020
2317.000000 0.267422
2318.000000 0.283463
2319.000000 0.255854
2320.000000 0.273911
2321.000000 0.272901
2322.000000 0.261244
2323.000000 0.224827
2324.000000 0.289499
2325.000000 0.159963
2326.000000 0.113542
2327.000000 0.161604
2328.000000 0.440608
2329.000000 0.133944
2330.000000 0.108523
2331.000000 0.238191
2332.000000 0.315278
2333.000000 0.206432
2334.000000 0.332920
2335.000000 0.217136
2336.000000 0.282464
2337.000000 0.204825
2338.000000 0.250921
2339.000000 0.350014
2340.000000 0.183001
2341.000000 0.231741
2342.000000 0.221018
2343.000000 0.158057
2344.000000 0.259911
2345.000000 0.227063
2346.000000 0.200580
2347.000000 0.327352
2348.000000 0.206461
2349.000000 0.153975
2350.000000 0.145636
2351.000000 0.288794
2352.000000 0.158056
2353.000000 0.209907
2354.000000 0.301521
2355.000000 0.237258
2356.000000 0.135092
2357.000000 0.085139
2358.000000 0.184904
2359.000000 0.267005
2360.000000 0.189662
2361.000000 0.071793
2362.000000 0.117557
2363.000000 0.337956
2364.000000 0.165067
2365.000000 0.223173
2366.000000 0.298602
2367.000000 0.267553
2368.000000 0.126888
2369.000000 0.273449
2370.000000 0.263088
2371.000000 0.231764
2372.000000 0.329494
2373.000000 0.267034
2374.000000 0.241240
2375.000000 0.194991
2376.000000 0.214126
2377.000000 0.051173
2378.000000 0.168029
2379.000000 0.315639
2380.000000 0.366791
2381.000000 0.105697
2382.000000 0.352843
2383.000000 0.198556
2384.000000 0.193912
2385.000000 0.185070
2386.000000 0.089577
2387.000000 0.083037
2388.000000 0.168529
2389.000000 0.267304
2390.000000 0.200583
2391.000000 0.266783
2392.000000 0.239141
2393.000000 0.297496
2394.000000 0.256690
2395.000000 0.302003
2396.000000 0.103369
2397.000000 0.071900
2398.000000 0.203280
2399.000000 0.293248
2400.000000 0.267586
2401.000000 0.150401
2402.000000 0.275463
2403.000000 0.227930
2404.000000 0.369869
2405.000000 0.069219
2406.000000 0.304956
2407.000000 0.230577
2408.000000 0.166511
2409.000000 0.079937
2410.000000 0.238927
2411.000000 0.199145
2412.000000 0.196501
2413.000000 0.219440
2414.000000 0.132711
2415.000000 0.319833
2416.000000 0.375272
2417.000000 0.114263
2418.000000 0.264685
2419.000000 0.275534
2420.000000 0.297804
2421.000000 0.309374
2422.000000 0.118893
2423.000000 0.212493
2424.000000 0.535121
2425.000000 0.209763
2426.000000 0.325202
2427.000000 0.074788
2428.000000 0.435919
2429.000000 0.311045
2430.000000 0.251151
2431.000000 0.430039
2432.000000 0.197922
2433.000000 0.111353
2434.000000 0.351914
2435.000000 0.292795
2436.000000 0.168108
2437.000000 0.310129
2438.000000 0.266053
2439.000000 0.137839
2440.000000 0.287072
2441.000000 0.172969
2442.000000 0.209661
2443.000000 0.283604
2444.000000 0.199287
2445.000000 0.274623
2446.000000 0.207277
2447.000000 0.373456
2448.000000 0.203423
2449.000000 0.284509
2450.000000 0.312717
2451.000000 0.259823
2452.000000 0.230644
2453.000000 0.174205
2454.000000 0.227197
2455.000000 0.225783
2456.000000 0.102550
2457.000000 0.310621
2458.000000 0.147703
2459.000000 0.319188
2460.000000 0.233099
2461.000000 0.195152
2462.000000 0.068157
2463.000000 0.186930
2464.000000 0.206782
2465.000000 0.115126
2466.000000 0.373746
2467.000000 0.165252
2468.000000 0.177643
2469.000000 0.174389
2470.000000 0.125274
2471.000000 0.237731
2472.000000 0.129603
2473.000000 0.335370
2474.000000 0.187300
2475.000000 0.185653
2476.000000 0.254207
2477.000000 0.088814
2478.000000 0.226511
2479.000000 0.122847
2480.000000 0.172011
2481.000000 0.145001
2482.000000 0.285457
2483.000000 0.251737
2484.000000 0.243370
2485.000000 0.300141
2486.000000 0.152536
2487.000000 0.208920
2488.000000 0.086432
2489.000000 0.263366
2490.000000 0.316759
2491.000000 0.231414
2492.000000 0.258082
2493.000000 0.178745
2494.000000 0.396725
2495.000000 0.240403
2496.000000 0.227821
2497.000000 0.231255
2498.000000 0.145360
2499.000000 0.273672
2500.000000 0.218187
2501.000000 0.176591
2502.000000 0.296852
2503.000000 0.193879
2504.000000 0.184013
2505.000000 0.302635
2506.000000 0.166114
2507.000000 0.110397
2508.000000 0.244000
2509.000000 0.364516
2510.000000 0.173419
2511.000000 0.394220
2512.000000 0.254803
2513.000000 0.060260
2514.000000 0.117493
2515.000000 0.108818
2516.000000 0.215409
2517.000000 0.270708
2518.000000 0.328560
2519.000000 0.275434
2520.000000 0.320725
2521.000000 0.248842
2522.000000 0.091004
2523.000000 0.237678
2524.000000 0.188724
2525.000000 0.319074
2526.000000 0.041694
2527.000000 0.341644
2528.000000 0.219278
2529.000000 0.234966
2530.000000 0.366384
2531.000000 0.258486
2532.000000 0.195294
2533.000000 0.209154
2534.000000 0.194063
2535.000000 0.215575
2536.000000 0.163485
2537.000000 0.303593
2538.000000 0.240865
2539.000000 0.081740
2540.000000 0.152049
2541.000000 0.226073
2542.000000 0.283710
2543.000000 0.243025
2544.000000 0.183579
2545.000000 0.167715
2546.000000 0.266387
2547.000000 0.255276
2548.000000 0.110640
2549.000000 0.302130
2550.000000 0.077191
2551.000000 0.174270
2552.000000 0.235507
2553.000000 0.012543
2554.000000 0.095091
2555.000000 0.221235
2556.000000 0.178295
2557.000000 0.173344
2558.000000 0.303938
2559.000000 0.252633
2560.000000 0.052903
2561.000000 0.218227
2562.000000 0.268365
2563.000000 0.200431
2564.000000 0.224458
2565.000000 0.296349
2566.000000 0.218683
2567.000000 0.256704
2568.000000 0.300889
2569.000000 0.335027
2570.000000 0.201812
2571.000000 0.236459
2572.000000 0.312914
2573.000000 0.175268
2574.000000 0.168306
2575.000000 0.277938
2576.000000 0.325486
2577.000000 0.182192
2578.000000 0.191978
2579.000000 0.142043
2580.000000 0.316093
2581.000000 0.184572
2582.000000 0.404955
2583.000000 0.263658
2584.000000 0.276125
2585.000000 0.238738
2586.000000 0.040124
2587.000000 0.327970
2588.000000 0.292315
2589.000000 0.362728
2590.000000 0.211694
2591.000000 0.196258
2592.000000 0.155206
2593.000000 0.305288
2594.000000 0.278416
2595.000000 0.167817
2596.000000 0.255871
2597.000000 0.224998
2598.000000 0.296816
2599.000000 0.370095
2600.000000 0.288606
2601.000000 0.253195
2602.000000 0.192732
2603.000000 0.283131
2604.000000 0.294222
2605.000000 0.266096
2606.000000 0.253665
2607.000000 0.442346
2608.000000 0.106301
2609.000000 0.306447
2610.000000 0.113738
2611.000000 0.208655
2612.000000 0.141960
2613.000000 0.217654
2614.000000 0.388080
2615.000000 0.140772
2616.000000 0.256319
2617.000000 0.126985
2618.000000 0.367881
2619.000000 0.232873
2620.000000 0.352684
2621.000000 0.413769
2622.000000 0.186781
2623.000000 0.317050
2624.000000 0.285548
2625.000000 0.165373
2626.000000 0.197501
2627.000000 0.112009
2628.000000 0.156445
2629.000000 0.224331
2630.000000 0.158032
2631.000000 0.328132
2632.000000 0.306321
2633.000000 0.117642
2634.000000 0.236997
2635.000000 0.308179
2636.000000 0.048364
2637.000000 0.131940
2638.000000 0.215480
2639.000000 0.201039
2640.000000 0.205150
2641.000000 0.331687
2642.000000 0.229308
2643.000000 0.181767
2644.000000 0.179249
2645.000000 0.212559
2646.000000 0.098558
2647.000000 0.446748
2648.000000 0.112195
2649.000000 0.224729
2650.000000 0.286035
2651.000000 0.398912
2652.000000 0.240729
2653.000000 0.342735
2654.000000 0.060213
2655.000000 0.131547
2656.000000 0.309897
2657.000000 0.143849
2658.000000 0.222692
2659.000000 0.286631
2660.000000 0.431324
2661.000000 0.320329
2662.000000 0.290782
2663.000000 0.221671
2664.000000 0.262790
2665.000000 0.272723
2666.000000 0.138287
2667.000000 0.142944
2668.000000 0.208012
2669.000000 0.227167
2670.000000 0.244299
2671.000000 0.246439
2672.000000 0.201070
2673.000000 0.157992
2674.000000 0.209977
2675.000000 0.159559
2676.000000 0.299145
2677.000000 0.095466
2678.000000 0.194789
2679.000000 0.181728
2680.000000 0.246664
2681.000000 0.170675
2682.000000 0.213970
2683.000000 0.376970
2684.000000 0.221788
2685.000000 0.259345
2686.000000 0.179768
2687.000000 0.394697
2688.000000 0.209384
2689.000000 0.392054
2690.000000 0.333393
2691.000000 0.188657
2692.000000 0.196225
2693.000000 0.361879
2694.000000 0.195407
2695.000000 0.336976
2696.000000 0.165228
2697.000000 0.422901
2698.000000 0.099870
2699.000000 0.176447
2700.000000 0.173392
2701.000000 0.235190
2702.000000 0.050434
2703.000000 0.305903
2704.000000 0.060422
2705.000000 0.293306
2706.000000 0.330983
2707.000000 0.149669
2708.000000 0.256574
2709.000000 0.295880
2710.000000 0.028252
2711.000000 0.222232
2712.000000 0.185181
2713.000000 0.102030
2714.000000 0.163091
2715.000000 0.200609
2716.000000 0.214595
2717.000000 0.188748
2718.000000 0.208861
2719.000000 0.207676
2720.000000 0.274409
2721.000000 0.127050
2722.000000 0.198288
2723.000000 0.200468
2724.000000 0.088388
2725.000000 0.163858
2726.000000 0.087686
2727.000000 0.133683
2728.000000 0.187126
2729.000000 0.047301
2730.000000 0.235002
2731.000000 0.336998
2732.000000 0.291895
2733.000000 0.200008
2734.000000 0.219474
2735.000000 0.173377
2736.000000 0.212130
2737.000000 0.284877
2738.000000 0.088801
2739.000000 0.215168
2740.000000 0.141403
2741.000000 0.278809
2742.000000 0.191267
2743.000000 0.146040
2744.000000 0.239396
2745.000000 0.269398
2746.000000 0.263050
2747.000000 0.242712
2748.000000 0.185349
2749.000000 0.162736
2750.000000 0.209767
2751.000000 0.214976
2752.000000 0.111014
2753.000000 0.116911
2754.000000 0.262395
2755.000000 0.210702
2756.000000 0.167775
2757.000000 0.225729
2758.000000 0.316776
2759.000000 0.218372
2760.000000 0.140068
2761.000000 0.316105
2762.000000 0.209888
2763.000000 0.252677
2764.000000 0.177485
2765.000000 0.335779
2766.000000 0.230634
2767.000000 0.160861
2768.000000 0.268431
2769.000000 0.230937
2770.000000 0.230951
2771.000000 0.237853
2772.000000 0.065260
2773.000000 0.193469
2774.000000 0.219266
2775.000000 0.311605
2776.000000 0.191495
2777.000000 0.211488
2778.000000 0.134745
2779.000000 0.016468
2780.000000 0.304924
2781.000000 0.241345
2782.000000 0.107411
2783.000000 0.315540
2784.000000 0.114419
2785.000000 0.300505
2786.000000 0.115397
2787.000000 0.157157
2788.000000 0.215768
2789.000000 0.203187
2790.000000 0.379007
2791.000000 0.157409
2792.000000 0.154396
2793.000000 0.221787
2794.000000 0.218983
2795.000000 0.375838
2796.000000 0.253590
2797.000000 0.091258
2798.000000 0.074940
2799.000000 0.172278
2800.000000 0.196110
2801.000000 0.265044
2802.000000 0.375256
2803.000000 0.032729
2804.000000 0.286120
2805.000000 0.109001
2806.000000 0.134035
2807.000000 0.224268
2808.000000 0.282647
2809.000000 0.218049
2810.000000 0.359949
2811.000000 0.189879
2812.000000 0.293625
2813.000000 0.257450
2814.000000 0.180218
2815.000000 0.289886
2816.000000 0.306421
2817.000000 0.093233
2818.000000 0.213059
2819.000000 0.335480
2820.000000 0.216170
2821.000000 0.272125
2822.000000 0.141366
2823.000000 0.128908
2824.000000 0.278666
2825.000000 0.230205
2826.000000 0.173078
2827.000000 0.113341
2828.000000 0.146095
2829.000000 0.138485
2830.000000 0.167397
2831.000000 0.220152
2832.000000 0.200652
2833.000000 0.291939
2834.000000 0.120125
2835.000000 0.204904
2836.000000 0.348516
2837.000000 0.205999
2838.000000 0.085673
2839.000000 0.231995
2840.000000 0.032256
2841.000000 0.206071
2842.000000 0.236871
2843.000000 0.193998
2844.000000 0.177272
2845.000000 0.158577
2846.000000 0.156094
2847.000000 0.076617
2848.000000 0.393872
2849.000000 0.338425
2850.000000 0.304783
2851.000000 0.204110
2852.000000 0.116632
2853.000000 0.405959
2854.000000 0.217188
2855.000000 0.308575
2856.000000 0.160089
2857.000000 0.256196
2858.000000 0.055999
2859.000000 0.046805
2860.000000 0.234010
2861.000000 0.295282
2862.000000 0.309090
2863.000000 0.297669
2864.000000 0.047305
2865.000000 0.271602
2866.000000 0.260183
2867.000000 0.154387
2868.000000 0.385278
2869.000000 0.187377
2870.000000 0.166398
2871.000000 0.160573
2872.000000 0.125144
2873.000000 0.226220
2874.000000 0.145944
2875.000000 0.264251
2876.000000 0.241609
2877.000000 0.165938
2878.000000 0.335448
2879.000000 0.343354
2880.000000 0.316167
2881.000000 0.122270
2882.000000 0.205841
2883.000000 0.070200
2884.000000 0.364418
2885.000000 0.303683
2886.000000 0.144357
2887.000000 0.152299
2888.000000 0.292922
2889.000000 0.245033
2890.000000 0.233446
2891.000000 0.239030
2892.000000 0.206279
2893.000000 0.271782
2894.000000 0.243754
2895.000000 0.177843
2896.000000 0.206604
2897.000000 0.227275
2898.000000 0.319425
2899.000000 0.341577
2900.000000 0.172001
2901.000000 0.230615
2902.000000 0.102572
2903.000000 0.081447
2904.000000 0.254463
2905.000000 0.295545
2906.000000 0.119752
2907.000000 0.163006
2908.000000 0.257792
2909.000000 0.132071
2910.000000 0.165082
2911.000000 0.270483
2912.000000 0.104152
2913.000000 0.030161
2914.000000 0.078446
2915.000000 0.117392
2916.000000 0.208920
2917.000000 0.085745
2918.000000 0.079331
2919.000000 0.070620
2920.000000 0.333384
2921.000000 0.270966
2922.000000 0.281012
2923.000000 0.253290
2924.000000 0.083241
2925.000000 0.390453
2926.000000 0.176591
2927.000000 0.169534
2928.000000 0.205110
2929.000000 0.364428
2930.000000 0.258238
2931.000000 0.247543
2932.000000 0.227851
2933.000000 0.116704
2934.000000 0.281582
2935.000000 0.193751
2936.000000 0.164156
2937.000000 0.112209
2938.000000 0.304517
2939.000000 0.069850
2940.000000 0.245598
2941.000000 0.334612
2942.000000 0.196148
2943.000000 0.112168
2944.000000 0.259065
2945.000000 0.193065
2946.000000 0.225091
2947.000000 0.294765
2948.000000 0.340883
2949.000000 0.229532
2950.000000 0.168114
2951.000000 0.297159
2952.000000 0.288335
2953.000000 0.084355
2954.000000 0.159102
2955.000000 0.295308
2956.000000 0.364781
2957.000000 0.202518
2958.000000 0.212428
2959.000000 0.229201
2960.000000 0.189825
2961.000000 0.268247
2962.000000 0.184719
2963.000000 0.233723
2964.000000 0.233837
2965.000000 0.308190
2966.000000 0.373394
2967.000000 0.043295
2968.000000 0.320839
2969.000000 0.129282
2970.000000 0.272907
2971.000000 0.257511
2972.000000 0.186776
2973.000000 0.146182
2974.000000 0.103391
2975.000000 0.345612
2976.000000 0.163593
2977.000000 0.213524
2978.000000 0.336565
2979.000000 0.186929
2980.000000 0.326030
2981.000000 0.129806
2982.000000 0.236731
2983.000000 0.346764
2984.000000 0.281665
2985.000000 0.216967
2986.000000 0.184201
2987.000000 0.328395
2988.000000 0.267015
2989.000000 0.341048
2990.000000 0.280208
2991.000000 0.276251
2992.000000 0.132910
2993.000000 0.277569
2994.000000 0.267142
2995.000000 0.270275
2996.000000 0.138936
2997.000000 0.146412
2998.000000 0.121279
2999.000000 0.209841
3000.000000 0.069366
