0.000000 0.133106
1.000000 0.184997
2.000000 0.071128
3.000000 0.168702
4.000000 0.057270
5.000000 0.175775
6.000000 0.052876
7.000000 0.153583
8.000000 0.050724
9.000000 0.211287
10.000000 0.043900
11.000000 0.100922
12.000000 0.135980
13.000000 0.096062
14.000000 0.096537
15.000000 0.186612
16.000000 0.127665
17.000000 0.079792
18.000000 0.101642
19.000000 0.163025
20.000000 0.071454
21.000000 0.274885
22.000000 0.138152
23.000000 0.130133
24.000000 0.071312
25.000000 0.098556
26.000000 0.063495
27.000000 0.051923
28.000000 0.092186
29.000000 0.054797
30.000000 0.116974
31.000000 0.136342
32.000000 0.213302
33.000000 0.071538
34.000000 0.194377
35.000000 0.141441
36.000000 0.043596
37.000000 0.185860
38.000000 0.108731
39.000000 0.070363
40.000000 0.044194
41.000000 0.107607
42.000000 0.109296
43.000000 0.112270
44.000000 0.054892
45.000000 0.102315
46.000000 0.024634
47.000000 0.082949
48.000000 0.272520
49.000000 0.051082
50.000000 0.074071
51.000000 0.130221
52.000000 0.032226
53.000000 0.034406
54.000000 0.060854
55.000000 0.065277
56.000000 0.062915
57.000000 0.108204
58.000000 0.038520
59.000000 0.054304
60.000000 0.116253
61.000000 0.065143
62.000000 0.076463
63.000000 0.090016
64.000000 0.119321
65.000000 0.079486
66.000000 0.179223
67.000000 0.114224
68.000000 0.151156
69.000000 0.051807
70.000000 0.092672
71.000000 0.058055
72.000000 0.090378
73.000000 0.106594
74.000000 0.044066
75.000000 0.044624
76.000000 0.185684
77.000000 0.092454
78.000000 0.132433
79.000000 0.033532
80.000000 0.162432
81.000000 0.109130
82.000000 0.053661
83.000000 0.128938
84.000000 0.071649
85.000000 0.090671
86.000000 0.089910
87.000000 0.137022
88.000000 0.120249
89.000000 0.054409
90.000000 0.059675
91.000000 0.099478
92.000000 0.068101
93.000000 0.061263
94.000000 0.078031
95.000000 0.085402
96.000000 0.045994
97.000000 0.167980
98.000000 0.059178
99.000000 0.104496
100.000000 0.078636
101.000000 0.138645
102.000000 0.106025
103.000000 0.176009
104.000000 0.106928
105.000000 0.053656
106.000000 0.133226
107.000000 0.100577
108.000000 0.095243
109.000000 0.052593
110.000000 0.073432
111.000000 0.022946
112.000000 0.106196
113.000000 0.200571
114.000000 0.150851
115.000000 0.021462
116.000000 0.023209
117.000000 0.098423
118.000000 0.138279
119.000000 0.084897
120.000000 0.165434
121.000000 0.063405
122.000000 0.132610
123.000000 0.173859
124.000000 0.120064
125.000000 0.049300
126.000000 0.121577
127.000000 0.061759
128.000000 0.039150
129.000000 0.109717
130.000000 0.281940
131.000000 0.079477
132.000000 0.164364
133.000000 0.075046
134.000000 0.052297
135.000000 0.094655
136.000000 0.089682
137.000000 0.129082
138.000000 0.107751
139.000000 0.084786
140.000000 0.076625
141.000000 0.039760
142.000000 0.023170
143.000000 0.006706
144.000000 0.032894
145.000000 0.047086
146.000000 0.049182
147.000000 0.129701
148.000000 0.189683
149.000000 0.036474
150.000000 0.048924
151.000000 0.054804
152.000000 0.086903
153.000000 0.123976
154.000000 0.034920
155.000000 0.050456
156.000000 0.140146
157.000000 0.025284
158.000000 0.040566
159.000000 0.103013
160.000000 0.111711
161.000000 0.113692
162.000000 0.057335
163.000000 0.147335
164.000000 0.114527
165.000000 0.078004
166.000000 0.172489
167.000000 0.127357
168.000000 0.115900
169.000000 0.091181
170.000000 0.127545
171.000000 0.137463
172.000000 0.070235
173.000000 0.226831
174.000000 0.072116
175.000000 0.023705
176.000000 0.052100
177.000000 0.045269
178.000000 0.080142
179.000000 0.083238
180.000000 0.072052
181.000000 0.064293
182.000000 0.115119
183.000000 0.169244
184.000000 0.056255
185.000000 0.094755
186.000000 0.061304
187.000000 0.120911
188.000000 0.120093
189.000000 0.083425
190.000000 0.122545
191.000000 0.106714
192.000000 0.115815
193.000000 0.157520
194.000000 0.114643
195.000000 0.115761
196.000000 0.049673
197.000000 0.056705
198.000000 0.003734
199.000000 0.059046
200.000000 0.170506
201.000000 0.091074
202.000000 0.099951
203.000000 0.301747
204.000000 0.049526
205.000000 0.032575
206.000000 0.064184
207.000000 0.109826
208.000000 0.139044
209.000000 0.093142
210.000000 0.101451
211.000000 0.054871
212.000000 0.266996
213.000000 0.052448
214.000000 0.069809
215.000000 0.129529
216.000000 0.167397
217.000000 0.020468
218.000000 0.111434
219.000000 0.194946
220.000000 0.109441
221.000000 0.096206
222.000000 0.242277
223.000000 0.048255
224.000000 0.051369
225.000000 0.053774
226.000000 0.067146
227.000000 0.049225
228.000000 0.083671
229.000000 0.102151
230.000000 0.110940
231.000000 0.112767
232.000000 0.035131
233.000000 0.070140
234.000000 0.089350
235.000000 0.049108
236.000000 0.014578
237.000000 0.060691
238.000000 0.032653
239.000000 0.121992
240.000000 0.060000
241.000000 0.231357
242.000000 0.017698
243.000000 0.071398
244.000000 0.083687
245.000000 0.004644
246.000000 0.026279
247.000000 0.083528
248.000000 0.099802
249.000000 0.034528
250.000000 0.056377
251.000000 0.156330
252.000000 0.067078
253.000000 0.177528
254.000000 0.079737
255.000000 0.059840
256.000000 0.114131
257.000000 0.099142
258.000000 0.068764
259.000000 0.108974
260.000000 0.015014
261.000000 0.107016
262.000000 0.027398
263.000000 0.033921
264.000000 0.127134
265.000000 0.056555
266.000000 0.055619
267.000000 0.142864
268.000000 0.117164
269.000000 0.074405
270.000000 0.059362
271.000000 0.221903
272.000000 0.143060
273.000000 0.104467
274.000000 0.035955
275.000000 0.112442
276.000000 0.172598
277.000000 0.117573
278.000000 0.187303
279.000000 0.060122
280.000000 0.102398
281.000000 0.284158
282.000000 0.110128
283.000000 0.131995
284.000000 0.066597
285.000000 0.090949
286.000000 0.200417
287.000000 0.146253
288.000000 0.096115
289.000000 0.092029
290.000000 0.040844
291.000000 0.144609
292.000000 0.157105
293.000000 0.112723
294.000000 0.184204
295.000000 0.093800
296.000000 0.161484
297.000000 0.015465
298.000000 0.063840
299.000000 0.105164
300.000000 0.014833
301.000000 0.105574
302.000000 0.027126
303.000000 0.163683
304.000000 0.071775
305.000000 0.128257
306.000000 0.060564
307.000000 0.028009
308.000000 0.102449
309.000000 0.076200
310.000000 0.078151
311.000000 0.099068
312.000000 0.155173
313.000000 0.110061
314.000000 0.104099
315.000000 0.064920
316.000000 0.124454
317.000000 0.134844
318.000000 0.077713
319.000000 0.192636
320.000000 0.145017
321.000000 0.133522
322.000000 0.069050
323.000000 0.178942
324.000000 0.028974
325.000000 0.029518
326.000000 0.062857
327.000000 0.135477
328.000000 0.192828
329.000000 0.107559
330.000000 0.083351
331.000000 0.067669
332.000000 0.074785
333.000000 0.127390
334.000000 0.045853
335.000000 0.047977
336.000000 0.041556
337.000000 0.095402
338.000000 0.080244
339.000000 0.253802
340.000000 0.124407
341.000000 0.070297
342.000000 0.116988
343.000000 0.063958
344.000000 0.133166
345.000000 0.104515
346.000000 0.068326
347.000000 0.044619
348.000000 0.080444
349.000000 0.101330
350.000000 0.088828
351.000000 0.054985
352.000000 0.032721
353.000000 0.135312
354.000000 0.049532
355.000000 0.162741
356.000000 0.191231
357.000000 0.006228
358.000000 0.166812
359.000000 0.107094
360.000000 0.109247
361.000000 0.087494
362.000000 0.041356
363.000000 0.187673
364.000000 0.141378
365.000000 0.117100
366.000000 0.108049
367.000000 0.026159
368.000000 0.057863
369.000000 0.061117
370.000000 0.022240
371.000000 0.033782
372.000000 0.066902
373.000000 0.077219
374.000000 0.135764
375.000000 0.116388
376.000000 0.142265
377.000000 0.071138
378.000000 0.087574
379.000000 0.088567
380.000000 0.052278
381.000000 0.136827
382.000000 0.217608
383.000000 0.150761
384.000000 0.125924
385.000000 0.159613
386.000000 0.089600
387.000000 0.035199
388.000000 0.073915
389.000000 0.056772
390.000000 0.012804
391.000000 0.103918
392.000000 0.022265
393.000000 0.050946
394.000000 0.045551
395.000000 0.065203
396.000000 0.094805
397.000000 0.126267
398.000000 0.081536
399.000000 0.138337
400.000000 0.303798
401.000000 0.016063
402.000000 0.238220
403.000000 0.154316
404.000000 0.041080
405.000000 0.112264
406.000000 0.068824
407.000000 0.069052
408.000000 0.069926
409.000000 0.073143
410.000000 0.067779
411.000000 0.182030
412.000000 0.076961
413.000000 0.065433
414.000000 0.247547
415.000000 0.054080
416.000000 0.075586
417.000000 0.043777
418.000000 0.064062
419.000000 0.212409
420.000000 0.153530
421.000000 0.202167
422.000000 0.201321
423.000000 0.161164
424.000000 0.111342
425.000000 0.243058
426.000000 0.016863
427.000000 0.078976
428.000000 0.157957
429.000000 0.061975
430.000000 0.091892
431.000000 0.094684
432.000000 0.093824
433.000000 0.048204
434.000000 0.188438
435.000000 0.066950
436.000000 0.023029
437.000000 0.073835
438.000000 0.149331
439.000000 0.079452
440.000000 0.019954
441.000000 0.158410
442.000000 0.100300
443.000000 0.055067
444.000000 0.025889
445.000000 0.117658
446.000000 0.069937
447.000000 0.037477
448.000000 0.043072
449.000000 0.077535
450.000000 0.193320
451.000000 0.032737
452.000000 0.088650
453.000000 0.077889
454.000000 0.099969
455.000000 0.094164
456.000000 0.052906
457.000000 0.028568
458.000000 0.118007
459.000000 0.047920
460.000000 0.183296
461.000000 0.049769
462.000000 0.127727
463.000000 0.100362
464.000000 0.069958
465.000000 0.130943
466.000000 0.163823
467.000000 0.062814
468.000000 0.066173
469.000000 0.135368
470.000000 0.045483
471.000000 0.175876
472.000000 0.114500
473.000000 0.019841
474.000000 0.128146
475.000000 0.068598
476.000000 0.142532
477.000000 0.143260
478.000000 0.131859
479.000000 0.219403
480.000000 0.096821
481.000000 0.091689
482.000000 0.048681
483.000000 0.047070
484.000000 0.094180
485.000000 0.092285
486.000000 0.125132
487.000000 0.089390
488.000000 0.028730
489.000000 0.050047
490.000000 0.085181
491.000000 0.077456
492.000000 0.086959
493.000000 0.015802
494.000000 0.110082
495.000000 0.079891
496.000000 0.057775
497.000000 0.075235
498.000000 0.095326
499.000000 0.116596
500.000000 0.051436
501.000000 0.061252
502.000000 0.041056
503.000000 0.223598
504.000000 0.170975
505.000000 0.094810
506.000000 0.133146
507.000000 0.148505
508.000000 0.149479
509.000000 0.100632
510.000000 0.118988
511.000000 0.120527
512.000000 0.064641
513.000000 0.056885
514.000000 0.129088
515.000000 0.183270
516.000000 0.156593
517.000000 0.229619
518.000000 0.057502
519.000000 0.025415
520.000000 0.188214
521.000000 0.069553
522.000000 0.087523
523.000000 0.080080
524.000000 0.160566
525.000000 0.211531
526.000000 0.080547
527.000000 0.075371
528.000000 0.023972
529.000000 0.135337
530.000000 0.142389
531.000000 0.050945
532.000000 0.030984
533.000000 0.118342
534.000000 0.082375
535.000000 0.084136
536.000000 0.142548
537.000000 0.108302
538.000000 0.157540
539.000000 0.225052
540.000000 0.111869
541.000000 0.234742
542.000000 0.138081
543.000000 0.038595
544.000000 0.085557
545.000000 0.009409
546.000000 0.090990
547.000000 0.065264
548.000000 0.200359
549.000000 0.188427
550.000000 0.126212
551.000000 0.126251
552.000000 0.024884
553.000000 0.172089
554.000000 0.192892
555.000000 0.115349
556.000000 0.014291
557.000000 0.053381
558.000000 0.106039
559.000000 0.178657
560.000000 0.195262
561.000000 0.096393
562.000000 0.102019
563.000000 0.032283
564.000000 0.138041
565.000000 0.110012
566.000000 0.071501
567.000000 0.161639
568.000000 0.024397
569.000000 0.035806
570.000000 0.203898
571.000000 0.145813
572.000000 0.097514
573.000000 0.175273
574.000000 0.063720
575.000000 0.166256
576.000000 0.075040
577.000000 0.131512
578.000000 0.127912
579.000000 0.139042
580.000000 0.093414
581.000000 0.251212
582.000000 0.110220
583.000000 0.107852
584.000000 0.055697
585.000000 0.122006
586.000000 0.142178
587.000000 0.085946
588.000000 0.112218
589.000000 0.123795
590.000000 0.042889
591.000000 0.116181
592.000000 0.157897
593.000000 0.072840
594.000000 0.095258
595.000000 0.032784
596.000000 0.091727
597.000000 0.136747
598.000000 0.085872
599.000000 0.058935
600.000000 0.077055
601.000000 0.129844
602.000000 0.081983
603.000000 0.055389
604.000000 0.102586
605.000000 0.014525
606.000000 0.103944
607.000000 0.067463
608.000000 0.112523
609.000000 0.101608
610.000000 0.130598
611.000000 0.114859
612.000000 0.197675
613.000000 0.060480
614.000000 0.106462
615.000000 0.076478
616.000000 0.097268
617.000000 0.061729
618.000000 0.159033
619.000000 0.050053
620.000000 0.054303
621.000000 0.132180
622.000000 0.099960
623.000000 0.052868
624.000000 0.051089
625.000000 0.070357
626.000000 0.036784
627.000000 0.086892
628.000000 0.101044
629.000000 0.051332
630.000000 0.061772
631.000000 0.051366
632.000000 0.128142
633.000000 0.024729
634.000000 0.187645
635.000000 0.046748
636.000000 0.073185
637.000000 0.113180
638.000000 0.050087
639.000000 0.248183
640.000000 0.161771
641.000000 0.035669
642.000000 0.113731
643.000000 0.112668
644.000000 0.102333
645.000000 0.045462
646.000000 0.158614
647.000000 0.024538
648.000000 0.077773
649.000000 0.009722
650.000000 0.147445
651.000000 0.089094
652.000000 0.053916
653.000000 0.013916
654.000000 0.073273
655.000000 0.068185
656.000000 0.130689
657.000000 0.009151
658.000000 0.107564
659.000000 0.063531
660.000000 0.161976
661.000000 0.086015
662.000000 0.154742
663.000000 0.085432
664.000000 0.167029
665.000000 0.164326
666.000000 0.079313
667.000000 0.160567
668.000000 0.036374
669.000000 0.121769
670.000000 0.125244
671.000000 0.117519
672.000000 0.059704
673.000000 0.114159
674.000000 0.081660
675.000000 0.141917
676.000000 0.039746
677.000000 0.066151
678.000000 0.186235
679.000000 0.078524
680.000000 0.130724
681.000000 0.058315
682.000000 0.039642
683.000000 0.235074
684.000000 0.070910
685.000000 0.047013
686.000000 0.070699
687.000000 0.114604
688.000000 0.121380
689.000000 0.149604
690.000000 0.089317
691.000000 0.095770
692.000000 0.004379
693.000000 0.070445
694.000000 0.054697
695.000000 0.060236
696.000000 0.068547
697.000000 0.078637
698.000000 0.039759
699.000000 0.048768
700.000000 0.090406
701.000000 0.144561
702.000000 0.116464
703.000000 0.098961
704.000000 0.116537
705.000000 0.106231
706.000000 0.227289
707.000000 0.064773
708.000000 0.025501
709.000000 0.147492
710.000000 0.092058
711.000000 0.062692
712.000000 0.138095
713.000000 0.128006
714.000000 0.026993
715.000000 0.137875
716.000000 0.125845
717.000000 0.076604
718.000000 0.115720
719.000000 0.088299
720.000000 0.181696
721.000000 0.104777
722.000000 0.091610
723.000000 0.099478
724.000000 0.044364
725.000000 0.141678
726.000000 0.067130
727.000000 0.132036
728.000000 0.132143
729.000000 0.118363
730.000000 0.066450
731.000000 0.071383
732.000000 0.074987
733.000000 0.114405
734.000000 0.168968
735.000000 0.073461
736.000000 0.060168
737.000000 0.137882
738.000000 0.164286
739.000000 0.142386
740.000000 0.092949
741.000000 0.020604
742.000000 0.095637
743.000000 0.110899
744.000000 0.022707
745.000000 0.074187
746.000000 0.106517
747.000000 0.019009
748.000000 0.007531
749.000000 0.132018
750.000000 0.060757
751.000000 0.054049
752.000000 0.128802
753.000000 0.166626
754.000000 0.099856
755.000000 0.034046
756.000000 0.110065
757.000000 0.076243
758.000000 0.087915
759.000000 0.041403
760.000000 0.038867
761.000000 0.004579
762.000000 0.137105
763.000000 0.064283
764.000000 0.223184
765.000000 0.081494
766.000000 0.164338
767.000000 0.064892
768.000000 0.088593
769.000000 0.103677
770.000000 0.126724
771.000000 0.109358
772.000000 0.058791
773.000000 0.039784
774.000000 0.063730
775.000000 0.106461
776.000000 0.180661
777.000000 0.067071
778.000000 0.154677
779.000000 0.064420
780.000000 0.086442
781.000000 0.070183
782.000000 0.016867
783.000000 0.099941
784.000000 0.049260
785.000000 0.200748
786.000000 0.073795
787.000000 0.170275
788.000000 0.066842
789.000000 0.115799
790.000000 0.145565
791.000000 0.153837
792.000000 0.099870
793.000000 0.101817
794.000000 0.013406
795.000000 0.109002
796.000000 0.055740
797.000000 0.046766
798.000000 0.068933
799.000000 0.076978
800.000000 0.020910
801.000000 0.052119
802.000000 0.132023
803.000000 0.095956
804.000000 0.140546
805.000000 0.083143
806.000000 0.160265
807.000000 0.193002
808.000000 0.075934
809.000000 0.014071
810.000000 0.109761
811.000000 0.055571
812.000000 0.117679
813.000000 0.054069
814.000000 0.098262
815.000000 0.141521
816.000000 0.166626
817.000000 0.054588
818.000000 0.051230
819.000000 0.111421
820.000000 0.071546
821.000000 0.097183
822.000000 0.096046
823.000000 0.075175
824.000000 0.065146
825.000000 0.105072
826.000000 0.084669
827.000000 0.093083
828.000000 0.134567
829.000000 0.076099
830.000000 0.161915
831.000000 0.031921
832.000000 0.074745
833.000000 0.036871
834.000000 0.056625
835.000000 0.081789
836.000000 0.199559
837.000000 0.035755
838.000000 0.057150
839.000000 0.044764
840.000000 0.109829
841.000000 0.064097
842.000000 0.077772
843.000000 0.127161
844.000000 0.050354
845.000000 0.071451
846.000000 0.116442
847.000000 0.123854
848.000000 0.182019
849.000000 0.130398
850.000000 0.080816
851.000000 0.130846
852.000000 0.101674
853.000000 0.148612
854.000000 0.122711
855.000000 0.132392
856.000000 0.061158
857.000000 0.052698
858.000000 0.063778
859.000000 0.208614
860.000000 0.165291
861.000000 0.075465
862.000000 0.088051
863.000000 0.076258
864.000000 0.055728
865.000000 0.114306
866.000000 0.130952
867.000000 0.180115
868.000000 0.154995
869.000000 0.056751
870.000000 0.185674
871.000000 0.086504
872.000000 0.034374
873.000000 0.074425
874.000000 0.062078
875.000000 0.093881
876.000000 0.051151
877.000000 0.055465
878.000000 0.173096
879.000000 0.092527
880.000000 0.094095
881.000000 0.141121
882.000000 0.076866
883.000000 0.088927
884.000000 0.082211
885.000000 0.171569
886.000000 0.125861
887.000000 0.100567
888.000000 0.086673
889.000000 0.097882
890.000000 0.144594
891.000000 0.100787
892.000000 0.098577
893.000000 0.106549
894.000000 0.092446
895.000000 0.096961
896.000000 0.041686
897.000000 0.081959
898.000000 0.004042
899.000000 0.057930
900.000000 0.084903
901.000000 0.038217
902.000000 0.094937
903.000000 0.084612
904.000000 0.161177
905.000000 0.103865
906.000000 0.155841
907.000000 0.071262
908.000000 0.067049
909.000000 0.144460
910.000000 0.123144
911.000000 0.139634
912.000000 0.025404
913.000000 0.124670
914.000000 0.060500
915.000000 0.065423
916.000000 0.084725
917.000000 0.028515
918.000000 0.045805
919.000000 0.153137
920.000000 0.122888
921.000000 0.074002
922.000000 0.079441
923.000000 0.068789
924.000000 0.116554
925.000000 0.098670
926.000000 0.063575
927.000000 0.162069
928.000000 0.025578
929.000000 0.160107
930.000000 0.161096
931.000000 0.131253
932.000000 0.127058
933.000000 0.032249
934.000000 0.118186
935.000000 0.069943
936.000000 0.024614
937.000000 0.151921
938.000000 0.125274
939.000000 0.115775
940.000000 0.013767
941.000000 0.081459
942.000000 0.119334
943.000000 0.154173
944.000000 0.025142
945.000000 0.095714
946.000000 0.195441
947.000000 0.022806
948.000000 0.084359
949.000000 0.042339
950.000000 0.045785
951.000000 0.148907
952.000000 0.053001
953.000000 0.126978
954.000000 0.103476
955.000000 0.060244
956.000000 0.040583
957.000000 0.153956
958.000000 0.043308
959.000000 0.091297
960.000000 0.135844
961.000000 0.079640
962.000000 0.195685
963.000000 0.147461
964.000000 0.081528
965.000000 0.159468
966.000000 0.063178
967.000000 0.042464
968.000000 0.059903
969.000000 0.075874
970.000000 0.140183
971.000000 0.031672
972.000000 0.114177
973.000000 0.039744
974.000000 0.161258
975.000000 0.113817
976.000000 0.070174
977.000000 0.073518
978.000000 0.076110
979.000000 0.044942
980.000000 0.102801
981.000000 0.065437
982.000000 0.107869
983.000000 0.182960
984.000000 0.093210
985.000000 0.035447
986.000000 0.160641
987.000000 0.046531
988.000000 0.054098
989.000000 0.109986
990.000000 0.070653
991.000000 0.068346
992.000000 0.070050
993.000000 0.085061
994.000000 0.055669
995.000000 0.052712
996.000000 0.048329
997.000000 0.034855
998.000000 0.140365
999.000000 0.152372
1000.000000 0.100690
1001.000000 0.072315
1002.000000 0.147745
1003.000000 0.121152
1004.000000 0.029572
1005.000000 0.059440
1006.000000 0.141752
1007.000000 0.043322
1008.000000 0.176863
1009.000000 0.043524
1010.000000 0.086229
1011.000000 0.081323
1012.000000 0.031730
1013.000000 0.052605
1014.000000 0.132173
1015.000000 0.071505
1016.000000 0.100215
1017.000000 0.149448
1018.000000 0.134288
1019.000000 0.122076
1020.000000 0.176109
1021.000000 0.106742
1022.000000 0.089886
1023.000000 0.198763
1024.000000 0.091939
1025.000000 0.194794
1026.000000 0.047594
1027.000000 0.109033
1028.000000 0.084591
1029.000000 0.107086
1030.000000 0.056503
1031.000000 0.111945
1032.000000 0.087522
1033.000000 0.149515
1034.000000 0.055650
1035.000000 0.136243
1036.000000 0.056679
1037.000000 0.117666
1038.000000 0.105166
1039.000000 0.050205
1040.000000 0.130070
1041.000000 0.034833
1042.000000 0.130600
1043.000000 0.253774
1044.000000 0.165753
1045.000000 0.069027
1046.000000 0.122268
1047.000000 0.020287
1048.000000 0.055730
1049.000000 0.059839
1050.000000 0.116066
1051.000000 0.046205
1052.000000 0.027868
1053.000000 0.064489
1054.000000 0.120256
1055.000000 0.047872
1056.000000 0.034518
1057.000000 0.132382
1058.000000 0.181584
1059.000000 0.137485
1060.000000 0.091519
1061.000000 0.162164
1062.000000 0.102306
1063.000000 0.091608
1064.000000 0.076081
1065.000000 0.029585
1066.000000 0.161279
1067.000000 0.044298
1068.000000 0.080947
1069.000000 0.071469
1070.000000 0.013980
1071.000000 0.071343
1072.000000 0.079433
1073.000000 0.179866
1074.000000 0.076355
1075.000000 0.075285
1076.000000 0.072042
1077.000000 0.038847
1078.000000 0.182934
1079.000000 0.134330
1080.000000 0.060558
1081.000000 0.083925
1082.000000 0.183141
1083.000000 0.205846
1084.000000 0.039671
1085.000000 0.063143
1086.000000 0.108172
1087.000000 0.077223
1088.000000 0.054549
1089.000000 0.062457
1090.000000 0.060202
1091.000000 0.030765
1092.000000 0.162230
1093.000000 0.050971
1094.000000 0.030197
1095.000000 0.107352
1096.000000 0.140698
1097.000000 0.073887
1098.000000 0.112191
1099.000000 0.112754
1100.000000 0.158498
1101.000000 0.130322
1102.000000 0.081574
1103.000000 0.184207
1104.000000 0.106710
1105.000000 0.166635
1106.000000 0.136391
1107.000000 0.139970
1108.000000 0.042741
1109.000000 0.120886
1110.000000 0.232474
1111.000000 0.109622
1112.000000 0.124211
1113.000000 0.074164
1114.000000 0.134393
1115.000000 0.073891
1116.000000 0.143857
1117.000000 0.078266
1118.000000 0.152414
1119.000000 0.121411
1120.000000 0.092903
1121.000000 0.035289
1122.000000 0.233635
1123.000000 0.182071
1124.000000 0.080562
1125.000000 0.073343
1126.000000 0.111634
1127.000000 0.063298
1128.000000 0.173010
1129.000000 0.040426
1130.000000 0.045864
1131.000000 0.050293
1132.000000 0.072612
1133.000000 0.163200
1134.000000 0.073118
1135.000000 0.105339
1136.000000 0.053034
1137.000000 0.159872
1138.000000 0.069693
1139.000000 0.119708
1140.000000 0.045442
1141.000000 0.089478
1142.000000 0.093674
1143.000000 0.067745
1144.000000 0.071373
1145.000000 0.106469
1146.000000 0.246426
1147.000000 0.089580
1148.000000 0.065687
1149.000000 0.111445
1150.000000 0.066708
1151.000000 0.064513
1152.000000 0.106244
1153.000000 0.080387
1154.000000 0.166570
1155.000000 0.122693
1156.000000 0.187038
1157.000000 0.072351
1158.000000 0.134194
1159.000000 0.299528
1160.000000 0.009915
1161.000000 0.042181
1162.000000 0.046046
1163.000000 0.036403
1164.000000 0.136845
1165.000000 0.086283
1166.000000 0.086545
1167.000000 0.166811
1168.000000 0.107628
1169.000000 0.067558
1170.000000 0.239208
1171.000000 0.051692
1172.000000 0.060103
1173.000000 0.030443
1174.000000 0.089689
1175.000000 0.119789
1176.000000 0.078497
1177.000000 0.084047
1178.000000 0.050408
1179.000000 0.018660
1180.000000 0.084148
1181.000000 0.019495
1182.000000 0.148125
1183.000000 0.198860
1184.000000 0.049195
1185.000000 0.166363
1186.000000 0.117131
1187.000000 0.169361
1188.000000 0.117656
1189.000000 0.170804
1190.000000 0.084205
1191.000000 0.126544
1192.000000 0.085456
1193.000000 0.145836
1194.000000 0.090203
1195.000000 0.050889
1196.000000 0.051696
1197.000000 0.071391
1198.000000 0.069568
1199.000000 0.082349
1200.000000 0.125274
1201.000000 0.070836
1202.000000 0.035771
1203.000000 0.086484
1204.000000 0.043823
1205.000000 0.030476
1206.000000 0.095793
1207.000000 0.066998
1208.000000 0.121053
1209.000000 0.006861
1210.000000 0.091579
1211.000000 0.186769
1212.000000 0.132468
1213.000000 0.122531
1214.000000 0.111854
1215.000000 0.090709
1216.000000 0.073121
1217.000000 0.113116
1218.000000 0.143048
1219.000000 0.027088
1220.000000 0.076058
1221.000000 0.100530
1222.000000 0.060506
1223.000000 0.069470
1224.000000 0.158576
1225.000000 0.118012
1226.000000 0.077219
1227.000000 0.156297
1228.000000 0.025694
1229.000000 0.102530
1230.000000 0.098461
1231.000000 0.242328
1232.000000 0.068525
1233.000000 0.238747
1234.000000 0.244640
1235.000000 0.057594
1236.000000 0.077147
1237.000000 0.129438
1238.000000 0.089807
1239.000000 0.110861
1240.000000 0.134744
1241.000000 0.091191
1242.000000 0.083545
1243.000000 0.021454
1244.000000 0.056354
1245.000000 0.029211
1246.000000 0.217487
1247.000000 0.105930
1248.000000 0.151275
1249.000000 0.033496
1250.000000 0.042099
1251.000000 0.063247
1252.000000 0.094948
1253.000000 0.093015
1254.000000 0.042074
1255.000000 0.166682
1256.000000 0.078131
1257.000000 0.117731
1258.000000 0.077326
1259.000000 0.104922
1260.000000 0.095022
1261.000000 0.161752
1262.000000 0.064310
1263.000000 0.223592
1264.000000 0.092421
1265.000000 0.132858
1266.000000 0.085386
1267.000000 0.127281
1268.000000 0.054786
1269.000000 0.126950
1270.000000 0.113569
1271.000000 0.089350
1272.000000 0.137877
1273.000000 0.034058
1274.000000 0.042846
1275.000000 0.179081
1276.000000 0.075307
1277.000000 0.153827
1278.000000 0.135721
1279.000000 0.075158
1280.000000 0.071451
1281.000000 0.048412
1282.000000 0.007745
1283.000000 0.087747
1284.000000 0.131584
1285.000000 0.107067
1286.000000 0.110120
1287.000000 0.028859
1288.000000 0.017299
1289.000000 0.172721
1290.000000 0.128493
1291.000000 0.154077
1292.000000 0.038175
1293.000000 0.081659
1294.000000 0.080574
1295.000000 0.114593
1296.000000 0.098200
1297.000000 0.145390
1298.000000 0.073668
1299.000000 0.035714
1300.000000 0.088361
1301.000000 0.077528
1302.000000 0.113274
1303.000000 0.073555
1304.000000 0.137996
1305.000000 0.092219
1306.000000 0.062347
1307.000000 0.121762
1308.000000 0.048915
1309.000000 0.164751
1310.000000 0.126790
1311.000000 0.251852
1312.000000 0.077384
1313.000000 0.098241
1314.000000 0.103660
1315.000000 0.089212
1316.000000 0.107934
1317.000000 0.130317
1318.000000 0.132542
1319.000000 0.180808
1320.000000 0.114495
1321.000000 0.144094
1322.000000 0.141890
1323.000000 0.028729
1324.000000 0.214210
1325.000000 0.061648
1326.000000 0.121289
1327.000000 0.165186
1328.000000 0.147029
1329.000000 0.056121
1330.000000 0.175926
1331.000000 0.077640
1332.000000 0.136110
1333.000000 0.043127
1334.000000 0.128829
1335.000000 0.145027
1336.000000 0.023980
1337.000000 0.036527
1338.000000 0.037691
1339.000000 0.028065
1340.000000 0.111181
1341.000000 0.057870
1342.000000 0.076841
1343.000000 0.194628
1344.000000 0.102563
1345.000000 0.110664
1346.000000 0.107900
1347.000000 0.174805
1348.000000 0.119399
1349.000000 0.101596
1350.000000 0.112858
1351.000000 0.025372
1352.000000 0.091471
1353.000000 0.091383
1354.000000 0.044661
1355.000000 0.077953
1356.000000 0.178098
1357.000000 0.063797
1358.000000 0.025677
1359.000000 0.070360
1360.000000 0.040288
1361.000000 0.221259
1362.000000 0.049608
1363.000000 0.096408
1364.000000 0.037173
1365.000000 0.081456
1366.000000 0.031040
1367.000000 0.126460
1368.000000 0.217192
1369.000000 0.154780
1370.000000 0.058993
1371.000000 0.191796
1372.000000 0.043349
1373.000000 0.172508
1374.000000 0.154881
1375.000000 0.061861
1376.000000 0.163639
1377.000000 0.061765
1378.000000 0.109627
1379.000000 0.034887
1380.000000 0.072592
1381.000000 0.225983
1382.000000 0.072900
1383.000000 0.104266
1384.000000 0.121284
1385.000000 0.186738
1386.000000 0.050125
1387.000000 0.037209
1388.000000 0.071622
1389.000000 0.073939
1390.000000 0.135885
1391.000000 0.055874
1392.000000 0.181722
1393.000000 0.013569
1394.000000 0.112101
1395.000000 0.067400
1396.000000 0.048782
1397.000000 0.013552
1398.000000 0.070423
1399.000000 0.095464
1400.000000 0.209876
1401.000000 0.093258
1402.000000 0.126201
1403.000000 0.008137
1404.000000 0.145804
1405.000000 0.136933
1406.000000 0.089876
1407.000000 0.030601
1408.000000 0.080196
1409.000000 0.086751
1410.000000 0.209982
1411.000000 0.095837
1412.000000 0.051513
1413.000000 0.071648
1414.000000 0.124015
1415.000000 0.145299
1416.000000 0.173198
1417.000000 0.039036
1418.000000 0.115526
1419.000000 0.104517
1420.000000 0.088216
1421.000000 0.091227
1422.000000 0.155678
1423.000000 0.051809
1424.000000 0.054067
1425.000000 0.130335
1426.000000 0.097947
1427.000000 0.158669
1428.000000 0.035722
1429.000000 0.018361
1430.000000 0.287366
1431.000000 0.111509
1432.000000 0.162972
1433.000000 0.198587
1434.000000 0.086076
1435.000000 0.085568
1436.000000 0.066691
1437.000000 0.266587
1438.000000 0.014174
1439.000000 0.069600
1440.000000 0.080160
1441.000000 0.042171
1442.000000 0.100933
1443.000000 0.171529
1444.000000 0.084781
1445.000000 0.086397
1446.000000 0.028848
1447.000000 0.065606
1448.000000 0.112969
1449.000000 0.094109
1450.000000 0.104223
1451.000000 0.068317
1452.000000 0.170248
1453.000000 0.045218
1454.000000 0.083752
1455.000000 0.067950
1456.000000 0.134926
1457.000000 0.139942
1458.000000 0.223430
1459.000000 0.173911
1460.000000 0.026365
1461.000000 0.051344
1462.000000 0.127464
1463.000000 0.079863
1464.000000 0.038015
1465.000000 0.124517
1466.000000 0.116629
1467.000000 0.143845
1468.000000 0.176403
1469.000000 0.235069
1470.000000 0.041214
1471.000000 0.130109
1472.000000 0.127444
1473.000000 0.059803
1474.000000 0.182661
1475.000000 0.118540
1476.000000 0.108686
1477.000000 0.122727
1478.000000 0.130273
1479.000000 0.047732
1480.000000 0.103602
1481.000000 0.180639
1482.000000 0.183061
1483.000000 0.093338
1484.000000 0.114787
1485.000000 0.126186
1486.000000 0.007434
1487.000000 0.188947
1488.000000 0.053080
1489.000000 0.187613
1490.000000 0.091764
1491.000000 0.100364
1492.000000 0.062065
1493.000000 0.113655
1494.000000 0.086189
1495.000000 0.087092
1496.000000 0.023508
1497.000000 0.242063
1498.000000 0.098298
1499.000000 0.126185
1500.000000 0.014317
1501.000000 0.037413
1502.000000 0.055412
1503.000000 0.103712
1504.000000 0.059414
1505.000000 0.256753
1506.000000 0.072723
1507.000000 0.079595
1508.000000 0.096875
1509.000000 0.139862
1510.000000 0.119029
1511.000000 0.090307
1512.000000 0.076356
1513.000000 0.093761
1514.000000 0.090125
1515.000000 0.105794
1516.000000 0.132273
1517.000000 0.079962
1518.000000 0.038728
1519.000000 0.095794
1520.000000 0.191644
1521.000000 0.136257
1522.000000 0.181953
1523.000000 0.031381
1524.000000 0.096203
1525.000000 0.103125
1526.000000 0.142709
1527.000000 0.120450
1528.000000 0.076638
1529.000000 0.145634
1530.000000 0.014720
1531.000000 0.066313
1532.000000 0.144501
1533.000000 0.091318
1534.000000 0.080799
1535.000000 0.002577
1536.000000 0.114663
1537.000000 0.093297
1538.000000 0.132385
1539.000000 0.100619
1540.000000 0.069271
1541.000000 0.019880
1542.000000 0.038466
1543.000000 0.099296
1544.000000 0.117907
1545.000000 0.139400
1546.000000 0.198154
1547.000000 0.039751
1548.000000 0.150407
1549.000000 0.137246
1550.000000 0.190879
1551.000000 0.065952
1552.000000 0.021428
1553.000000 0.080227
1554.000000 0.072083
1555.000000 0.071333
1556.000000 0.049431
1557.000000 0.040303
1558.000000 0.125425
1559.000000 0.088312
1560.000000 0.116036
1561.000000 0.113668
1562.000000 0.107452
1563.000000 0.076200
1564.000000 0.096946
1565.000000 0.120219
1566.000000 0.133242
1567.000000 0.100199
1568.000000 0.137764
1569.000000 0.122242
1570.000000 0.139701
1571.000000 0.082697
1572.000000 0.034206
1573.000000 0.115103
1574.000000 0.097154
1575.000000 0.027649
1576.000000 0.111536
1577.000000 0.098377
1578.000000 0.061147
1579.000000 0.039841
1580.000000 0.128332
1581.000000 0.169907
1582.000000 0.020554
1583.000000 0.111036
1584.000000 0.124461
1585.000000 0.086639
1586.000000 0.047566
1587.000000 0.200952
1588.000000 0.133393
1589.000000 0.191216
1590.000000 0.041727
1591.000000 0.153168
1592.000000 0.094635
1593.000000 0.028005
1594.000000 0.054594
1595.000000 0.068218
1596.000000 0.062560
1597.000000 0.031763
1598.000000 0.088581
1599.000000 0.124079
1600.000000 0.126446
1601.000000 0.133937
1602.000000 0.139197
1603.000000 0.007775
1604.000000 0.104499
1605.000000 0.072924
1606.000000 0.060929
1607.000000 0.089505
1608.000000 0.170037
1609.000000 0.046439
1610.000000 0.042078
1611.000000 0.035148
1612.000000 0.022809
1613.000000 0.091731
1614.000000 0.064991
1615.000000 0.090880
1616.000000 0.015427
1617.000000 0.199936
1618.000000 0.077730
1619.000000 0.162283
1620.000000 0.223892
1621.000000 0.025545
1622.000000 0.046464
1623.000000 0.079887
1624.000000 0.107647
1625.000000 0.124257
1626.000000 0.044949
1627.000000 0.082863
1628.000000 0.140457
1629.000000 0.025976
1630.000000 0.191319
1631.000000 0.261922
1632.000000 0.038884
1633.000000 0.014533
1634.000000 0.040309
1635.000000 0.052813
1636.000000 0.028710
1637.000000 0.123509
1638.000000 0.029093
1639.000000 0.006033
1640.000000 0.020898
1641.000000 0.067045
1642.000000 0.057222
1643.000000 0.169017
1644.000000 0.111510
1645.000000 0.066224
1646.000000 0.048462
1647.000000 0.129980
1648.000000 0.270515
1649.000000 0.128028
1650.000000 0.097418
1651.000000 0.097641
1652.000000 0.103888
1653.000000 0.078672
1654.000000 0.052308
1655.000000 0.073107
1656.000000 0.037037
1657.000000 0.075389
1658.000000 0.179237
1659.000000 0.059513
1660.000000 0.060782
1661.000000 0.104914
1662.000000 0.066435
1663.000000 0.086325
1664.000000 0.080346
1665.000000 0.055941
1666.000000 0.127922
1667.000000 0.043516
1668.000000 0.213610
1669.000000 0.130943
1670.000000 0.143195
1671.000000 0.119363
1672.000000 0.091929
1673.000000 0.022362
1674.000000 0.106453
1675.000000 0.172973
1676.000000 0.122820
1677.000000 0.080178
1678.000000 0.065763
1679.000000 0.030679
1680.000000 0.216839
1681.000000 0.095804
1682.000000 0.098737
1683.000000 0.092678
1684.000000 0.024985
1685.000000 0.148930
1686.000000 0.062527
1687.000000 0.137382
1688.000000 0.072002
1689.000000 0.095908
1690.000000 0.148312
1691.000000 0.022454
1692.000000 0.148956
1693.000000 0.086916
1694.000000 0.125906
1695.000000 0.127885
1696.000000 0.220223
1697.000000 0.021962
1698.000000 0.091114
1699.000000 0.055022
1700.000000 0.047227
1701.000000 0.078547
1702.000000 0.093960
1703.000000 0.182923
1704.000000 0.134339
1705.000000 0.098218
1706.000000 0.016162
1707.000000 0.115216
1708.000000 0.121184
1709.000000 0.037659
1710.000000 0.013813
1711.000000 0.046687
1712.000000 0.145406
1713.000000 0.098034
1714.000000 0.168457
1715.000000 0.195656
1716.000000 0.080949
1717.000000 0.155110
1718.000000 0.128518
1719.000000 0.067012
1720.000000 0.063882
1721.000000 0.169298
1722.000000 0.091901
1723.000000 0.106234
1724.000000 0.081095
1725.000000 0.064905
1726.000000 0.161557
1727.000000 0.170318
1728.000000 0.171835
1729.000000 0.058300
1730.000000 0.169257
1731.000000 0.053104
1732.000000 0.109946
1733.000000 0.151190
1734.000000 0.129890
1735.000000 0.049238
1736.000000 0.096339
1737.000000 0.101975
1738.000000 0.065724
1739.000000 0.081277
1740.000000 0.114246
1741.000000 0.185407
1742.000000 0.127994
1743.000000 0.116014
1744.000000 0.128068
1745.000000 0.132933
1746.000000 0.164305
1747.000000 0.175173
1748.000000 0.138649
1749.000000 0.123677
1750.000000 0.103886
1751.000000 0.116318
1752.000000 0.051060
1753.000000 0.080510
1754.000000 0.106693
1755.000000 0.046677
1756.000000 0.023546
1757.000000 0.085938
1758.000000 0.020288
1759.000000 0.150994
1760.000000 0.168244
1761.000000 0.158900
1762.000000 0.153955
1763.000000 0.080792
1764.000000 0.143657
1765.000000 0.141540
1766.000000 0.094116
1767.000000 0.159084
1768.000000 0.108876
1769.000000 0.104923
1770.000000 0.011602
1771.000000 0.064322
1772.000000 0.145620
1773.000000 0.158406
1774.000000 0.087542
1775.000000 0.094309
1776.000000 0.125186
1777.000000 0.190550
1778.000000 0.137528
1779.000000 0.076446
1780.000000 0.200878
1781.000000 0.120694
1782.000000 0.040809
1783.000000 0.214231
1784.000000 0.171817
1785.000000 0.105808
1786.000000 0.152573
1787.000000 0.082743
1788.000000 0.030936
1789.000000 0.225379
1790.000000 0.067420
1791.000000 0.062452
1792.000000 0.150415
1793.000000 0.054566
1794.000000 0.100187
1795.000000 0.086195
1796.000000 0.043076
1797.000000 0.030512
1798.000000 0.088526
1799.000000 0.091899
1800.000000 0.102628
1801.000000 0.121899
1802.000000 0.168475
1803.000000 0.094564
1804.000000 0.050994
1805.000000 0.119745
1806.000000 0.094201
1807.000000 0.031311
1808.000000 0.152420
1809.000000 0.127536
1810.000000 0.101688
1811.000000 0.110506
1812.000000 0.089503
1813.000000 0.045039
1814.000000 0.069651
1815.000000 0.124219
1816.000000 0.158493
1817.000000 0.244941
1818.000000 0.082658
1819.000000 0.084430
1820.000000 0.224132
1821.000000 0.081140
1822.000000 0.134174
1823.000000 0.026114
1824.000000 0.011215
1825.000000 0.211143
1826.000000 0.104914
1827.000000 0.248160
1828.000000 0.105699
1829.000000 0.071539
1830.000000 0.209411
1831.000000 0.085941
1832.000000 0.103181
1833.000000 0.122567
1834.000000 0.171144
1835.000000 0.079409
1836.000000 0.088032
1837.000000 0.159294
1838.000000 0.148965
1839.000000 0.077884
1840.000000 0.091390
1841.000000 0.149907
1842.000000 0.127420
1843.000000 0.147106
1844.000000 0.053409
1845.000000 0.169503
1846.000000 0.154885
1847.000000 0.165014
1848.000000 0.066918
1849.000000 0.227840
1850.000000 0.131431
1851.000000 0.125030
1852.000000 0.098342
1853.000000 0.075655
1854.000000 0.094426
1855.000000 0.168173
1856.000000 0.086886
1857.000000 0.048220
1858.000000 0.083060
1859.000000 0.104838
1860.000000 0.062510
1861.000000 0.103469
1862.000000 0.027278
1863.000000 0.047050
1864.000000 0.180525
1865.000000 0.105818
1866.000000 0.051147
1867.000000 0.091950
1868.000000 0.018888
1869.000000 0.196515
1870.000000 0.011100
1871.000000 0.096457
1872.000000 0.111158
1873.000000 0.005089
1874.000000 0.110832
1875.000000 0.087694
1876.000000 0.037417
1877.000000 0.071458
1878.000000 0.075431
1879.000000 0.158875
1880.000000 0.098248
1881.000000 0.055477
1882.000000 0.123556
1883.000000 0.028672
1884.000000 0.102540
1885.000000 0.238428
1886.000000 0.116749
1887.000000 0.158488
1888.000000 0.077245
1889.000000 0.103094
1890.000000 0.092655
1891.000000 0.062821
1892.000000 0.191003
1893.000000 0.122960
1894.000000 0.063249
1895.000000 0.011158
1896.000000 0.093980
1897.000000 0.081211
1898.000000 0.068500
1899.000000 0.080748
1900.000000 0.088960
1901.000000 0.123230
1902.000000 0.049194
1903.000000 0.022195
1904.000000 0.170081
1905.000000 0.104176
1906.000000 0.207584
1907.000000 0.055683
1908.000000 0.116834
1909.000000 0.096632
1910.000000 0.138836
1911.000000 0.057338
1912.000000 0.171114
1913.000000 0.090001
1914.000000 0.074809
1915.000000 0.092521
1916.000000 0.004649
1917.000000 0.211526
1918.000000 0.084640
1919.000000 0.066512
1920.000000 0.120659
1921.000000 0.040130
1922.000000 0.198084
1923.000000 0.186846
1924.000000 0.117815
1925.000000 0.081081
1926.000000 0.109894
1927.000000 0.119583
1928.000000 0.169348
1929.000000 0.067814
1930.000000 0.045044
1931.000000 0.145945
1932.000000 0.046123
1933.000000 0.092819
1934.000000 0.104433
1935.000000 0.124706
1936.000000 0.086943
1937.000000 0.159137
1938.000000 0.161482
1939.000000 0.113246
1940.000000 0.066261
1941.000000 0.064973
1942.000000 0.096623
1943.000000 0.133797
1944.000000 0.080952
1945.000000 0.171471
1946.000000 0.020744
1947.000000 0.032816
1948.000000 0.049334
1949.000000 0.136744
1950.000000 0.112051
1951.000000 0.131693
1952.000000 0.020607
1953.000000 0.078773
1954.000000 0.083406
1955.000000 0.052662
1956.000000 0.155744
1957.000000 0.135622
1958.000000 0.149228
1959.000000 0.091178
1960.000000 0.077275
1961.000000 0.076142
1962.000000 0.088560
1963.000000 0.045698
1964.000000 0.056778
1965.000000 0.109732
1966.000000 0.037786
1967.000000 0.103015
1968.000000 0.016598
1969.000000 0.145465
1970.000000 0.091149
1971.000000 0.100095
1972.000000 0.174344
1973.000000 0.079553
1974.000000 0.102110
1975.000000 0.099355
1976.000000 0.090472
1977.000000 0.075520
1978.000000 0.174118
1979.000000 0.078144
1980.000000 0.055195
1981.000000 0.143738
1982.000000 0.132505
1983.000000 0.041111
1984.000000 0.092649
1985.000000 0.160355
1986.000000 0.177905
1987.000000 0.103850
1988.000000 0.123917
1989.000000 0.111614
1990.000000 0.067209
1991.000000 0.096308
1992.000000 0.051888
1993.000000 0.091974
1994.000000 0.073201
1995.000000 0.053590
1996.000000 0.096766
1997.000000 0.029597
1998.000000 0.112963
1999.000000 0.122459
2000.000000 0.102206
2001.000000 0.114162
2002.000000 0.109575
2003.000000 0.105586
2004.000000 0.109406
2005.000000 0.140804
2006.000000 0.058539
2007.000000 0.046554
2008.000000 0.130542
2009.000000 0.099191
2010.000000 0.092205
2011.000000 0.123565
2012.000000 0.030582
2013.000000 0.084358
2014.000000 0.055559
2015.000000 0.037198
2016.000000 0.163217
2017.000000 0.121663
2018.000000 0.065188
2019.000000 0.068642
2020.000000 0.048387
2021.000000 0.067962
2022.000000 0.251148
2023.000000 0.140112
2024.000000 0.031487
2025.000000 0.127206
2026.000000 0.065916
2027.000000 0.088730
2028.000000 0.133148
2029.000000 0.047372
2030.000000 0.031804
2031.000000 0.146403
2032.000000 0.081218
2033.000000 0.079835
2034.000000 0.167709
2035.000000 0.069654
2036.000000 0.022778
2037.000000 0.087791
2038.000000 0.248313
2039.000000 0.105830
2040.000000 0.040968
2041.000000 0.100386
2042.000000 0.066368
2043.000000 0.048137
2044.000000 0.173325
2045.000000 0.024437
2046.000000 0.122020
2047.000000 0.114003
2048.000000 0.112238
2049.000000 0.041137
2050.000000 0.157763
2051.000000 0.081638
2052.000000 0.066958
2053.000000 0.163974
2054.000000 0.158834
2055.000000 0.054763
2056.000000 0.117855
2057.000000 0.095667
2058.000000 0.069772
2059.000000 0.043632
2060.000000 0.091880
2061.000000 0.120502
2062.000000 0.196820
2063.000000 0.131274
2064.000000 0.167567
2065.000000 0.077040
2066.000000 0.150248
2067.000000 0.059088
2068.000000 0.117074
2069.000000 0.044649
2070.000000 0.150390
2071.000000 0.058083
2072.000000 0.001368
2073.000000 0.188346
2074.000000 0.023995
2075.000000 0.049065
2076.000000 0.172101
2077.000000 0.063620
2078.000000 0.058420
2079.000000 0.047392
2080.000000 0.192556
2081.000000 0.068567
2082.000000 0.095162
2083.000000 0.140208
2084.000000 0.026184
2085.000000 0.140226
2086.000000 0.143069
2087.000000 0.064557
2088.000000 0.067206
2089.000000 0.083806
2090.000000 0.043479
2091.000000 0.094950
2092.000000 0.141171
2093.000000 0.068251
2094.000000 0.237465
2095.000000 0.054723
2096.000000 0.059015
2097.000000 0.084526
2098.000000 0.064284
2099.000000 0.149977
2100.000000 0.060227
2101.000000 0.092400
2102.000000 0.138023
2103.000000 0.060331
2104.000000 0.076673
2105.000000 0.146371
2106.000000 0.093641
2107.000000 0.145757
2108.000000 0.168318
2109.000000 0.068438
2110.000000 0.224525
2111.000000 0.108123
2112.000000 0.064360
2113.000000 0.201495
2114.000000 0.183652
2115.000000 0.035821
2116.000000 0.107376
2117.000000 0.104992
2118.000000 0.137192
2119.000000 0.136357
2120.000000 0.027648
2121.000000 0.076768
2122.000000 0.013764
2123.000000 0.154136
2124.000000 0.071479
2125.000000 0.137571
2126.000000 0.077676
2127.000000 0.130725
2128.000000 0.086429
2129.000000 0.057939
2130.000000 0.100680
2131.000000 0.014139
2132.000000 0.048199
2133.000000 0.124080
2134.000000 0.097412
2135.000000 0.088956
2136.000000 0.097059
2137.000000 0.043716
2138.000000 0.091364
2139.000000 0.202120
2140.000000 0.090131
2141.000000 0.094344
2142.000000 0.038479
2143.000000 0.070005
2144.000000 0.081729
2145.000000 0.187061
2146.000000 0.093729
2147.000000 0.110565
2148.000000 0.041040
2149.000000 0.044831
2150.000000 0.153306
2151.000000 0.052015
2152.000000 0.019830
2153.000000 0.130997
2154.000000 0.202601
2155.000000 0.076344
2156.000000 0.118165
2157.000000 0.012475
2158.000000 0.145373
2159.000000 0.066902
2160.000000 0.099831
2161.000000 0.040837
2162.000000 0.130143
2163.000000 0.237628
2164.000000 0.059202
2165.000000 0.022551
2166.000000 0.115840
2167.000000 0.090508
2168.000000 0.119617
2169.000000 0.052336
2170.000000 0.048089
2171.000000 0.154576
2172.000000 0.143506
2173.000000 0.053094
2174.000000 0.085414
2175.000000 0.173062
2176.000000 0.131331
2177.000000 0.200851
2178.000000 0.129511
2179.000000 0.069625
2180.000000 0.144009
2181.000000 0.053836
2182.000000 0.078014
2183.000000 0.073277
2184.000000 0.104975
2185.000000 0.086605
2186.000000 0.032799
2187.000000 0.097126
2188.000000 0.137220
2189.000000 0.074476
2190.000000 0.021176
2191.000000 0.081578
2192.000000 0.115274
2193.000000 0.143436
2194.000000 0.139459
2195.000000 0.010554
2196.000000 0.068619
2197.000000 0.107237
2198.000000 0.029984
2199.000000 0.044412
2200.000000 0.101474
2201.000000 0.084081
2202.000000 0.126965
2203.000000 0.151810
2204.000000 0.086627
2205.000000 0.084130
2206.000000 0.067772
2207.000000 0.046371
2208.000000 0.064487
2209.000000 0.145075
2210.000000 0.085579
2211.000000 0.011603
2212.000000 0.052210
2213.000000 0.117487
2214.000000 0.086974
2215.000000 0.067353
2216.000000 0.096377
2217.000000 0.189408
2218.000000 0.046142
2219.000000 0.082109
2220.000000 0.022950
2221.000000 0.080331
2222.000000 0.075008
2223.000000 0.142006
2224.000000 0.107957
2225.000000 0.092688
2226.000000 0.149323
2227.000000 0.042646
2228.000000 0.027876
2229.000000 0.214244
2230.000000 0.060185
2231.000000 0.091619
2232.000000 0.054682
2233.000000 0.106370
2234.000000 0.082651
2235.000000 0.123056
2236.000000 0.058195
2237.000000 0.051680
2238.000000 0.184534
2239.000000 0.071828
2240.000000 0.155881
2241.000000 0.040180
2242.000000 0.156894
2243.000000 0.160415
2244.000000 0.043468
2245.000000 0.136664
2246.000000 0.108744
2247.000000 0.112587
2248.000000 0.172341
2249.000000 0.162130
2250.000000 0.109150
2251.000000 0.101259
2252.000000 0.096577
2253.000000 0.094883
2254.000000 0.107226
2255.000000 0.179602
2256.000000 0.048841
2257.000000 0.154113
2258.000000 0.137814
2259.000000 0.083186
2260.000000 0.112795
2261.000000 0.094986
2262.000000 0.264094
2263.000000 0.061236
2264.000000 0.053027
2265.000000 0.252042
2266.000000 0.027241
2267.000000 0.148355
2268.000000 0.079892
2269.000000 0.237580
2270.000000 0.174640
2271.000000 0.140879
2272.000000 0.026151
2273.000000 0.024240
2274.000000 0.075769
2275.000000 0.019911
2276.000000 0.114284
2277.000000 0.058480
2278.000000 0.084842
2279.000000 0.076925
2280.000000 0.134951
2281.000000 0.047973
2282.000000 0.061390
2283.000000 0.094942
2284.000000 0.116880
2285.000000 0.138263
2286.000000 0.061240
2287.000000 0.062428
2288.000000 0.089827
2289.000000 0.115942
2290.000000 0.099098
2291.000000 0.160030
2292.000000 0.210938
2293.000000 0.042851
2294.000000 0.181510
2295.000000 0.081154
2296.000000 0.077117
2297.000000 0.070240
2298.000000 0.070260
2299.000000 0.013826
2300.000000 0.039027
2301.000000 0.088866
2302.000000 0.094031
2303.000000 0.069435
2304.000000 0.066696
2305.000000 0.022452
2306.000000 0.050435
2307.000000 0.089216
2308.000000 0.165643
2309.000000 0.124299
2310.000000 0.238101
2311.000000 0.053384
2312.000000 0.098470
2313.000000 0.078016
2314.000000 0.081124
2315.000000 0.059367
2316.000000 0.067072
2317.000000 0.052953
2318.000000 0.190465
2319.000000 0.095699
2320.000000 0.095541
2321.000000 0.130822
2322.000000 0.043443
2323.000000 0.050760
2324.000000 0.113867
2325.000000 0.126211
2326.000000 0.102640
2327.000000 0.070685
2328.000000 0.147243
2329.000000 0.061215
2330.000000 0.125594
2331.000000 0.036620
2332.000000 0.067097
2333.000000 0.056344
2334.000000 0.166652
2335.000000 0.053918
2336.000000 0.143674
2337.000000 0.017005
2338.000000 0.047137
2339.000000 0.134997
2340.000000 0.073766
2341.000000 0.125454
2342.000000 0.093845
2343.000000 0.082457
2344.000000 0.087690
2345.000000 0.215693
2346.000000 0.239352
2347.000000 0.146230
2348.000000 0.086543
2349.000000 0.106447
2350.000000 0.146219
2351.000000 0.109049
2352.000000 0.032149
2353.000000 0.135345
2354.000000 0.147229
2355.000000 0.075336
2356.000000 0.123727
2357.000000 0.235298
2358.000000 0.106188
2359.000000 0.171078
2360.000000 0.224654
2361.000000 0.180130
2362.000000 0.010458
2363.000000 0.120488
2364.000000 0.076325
2365.000000 0.090062
2366.000000 0.099834
2367.000000 0.061589
2368.000000 0.165029
2369.000000 0.159466
2370.000000 0.092338
2371.000000 0.142200
2372.000000 0.060716
2373.000000 0.094168
2374.000000 0.186597
2375.000000 0.145242
2376.000000 0.141997
2377.000000 0.052649
2378.000000 0.130913
2379.000000 0.191493
2380.000000 0.064836
2381.000000 0.153043
2382.000000 0.130890
2383.000000 0.026450
2384.000000 0.082748
2385.000000 0.105118
2386.000000 0.015757
2387.000000 0.103969
2388.000000 0.072887
2389.000000 0.101466
2390.000000 0.162983
2391.000000 0.054123
2392.000000 0.142550
2393.000000 0.055163
2394.000000 0.056901
2395.000000 0.108674
2396.000000 0.156622
2397.000000 0.135215
2398.000000 0.069448
2399.000000 0.162229
2400.000000 0.068364
2401.000000 0.061808
2402.000000 0.022154
2403.000000 0.028803
2404.000000 0.085180
2405.000000 0.081292
2406.000000 0.026739
2407.000000 0.060352
2408.000000 0.056387
2409.000000 0.073551
2410.000000 0.157813
2411.000000 0.054266
2412.000000 0.091280
2413.000000 0.030242
2414.000000 0.192098
2415.000000 0.140329
2416.000000 0.089764
2417.000000 0.107361
2418.000000 0.109061
2419.000000 0.100313
2420.000000 0.132818
2421.000000 0.054260
2422.000000 0.082135
2423.000000 0.163488
2424.000000 0.147065
2425.000000 0.167522
2426.000000 0.076790
2427.000000 0.054512
2428.000000 0.054399
2429.000000 0.052049
2430.000000 0.068480
2431.000000 0.145058
2432.000000 0.116421
2433.000000 0.085180
2434.000000 0.159388
2435.000000 0.146508
2436.000000 0.060360
2437.000000 0.166215
2438.000000 0.025646
2439.000000 0.050598
2440.000000 0.122054
2441.000000 0.100881
2442.000000 0.148422
2443.000000 0.220176
2444.000000 0.080512
2445.000000 0.045435
2446.000000 0.142886
2447.000000 0.083691
2448.000000 0.109729
2449.000000 0.165005
2450.000000 0.045563
2451.000000 0.101943
2452.000000 0.019950
2453.000000 0.114323
2454.000000 0.079529
2455.000000 0.028173
2456.000000 0.024378
2457.000000 0.096208
2458.000000 0.056551
2459.000000 0.087753
2460.000000 0.155275
2461.000000 0.084471
2462.000000 0.013005
2463.000000 0.070611
2464.000000 0.089434
2465.000000 0.085953
2466.000000 0.066374
2467.000000 0.038849
2468.000000 0.023313
2469.000000 0.025353
2470.000000 0.141253
2471.000000 0.099997
2472.000000 0.122039
2473.000000 0.102595
2474.000000 0.043048
2475.000000 0.122692
2476.000000 0.106522
2477.000000 0.072770
2478.000000 0.167792
2479.000000 0.051725
2480.000000 0.142147
2481.000000 0.109197
2482.000000 0.140170
2483.000000 0.144736
2484.000000 0.155900
2485.000000 0.099777
2486.000000 0.139830
2487.000000 0.183419
2488.000000 0.186489
2489.000000 0.200551
2490.000000 0.109904
2491.000000 0.148463
2492.000000 0.198060
2493.000000 0.148278
2494.000000 0.039325
2495.000000 0.111083
2496.000000 0.154517
2497.000000 0.058472
2498.000000 0.081789
2499.000000 0.034910
2500.000000 0.028822
2501.000000 0.039365
2502.000000 0.248604
2503.000000 0.172975
2504.000000 0.099317
2505.000000 0.111992
2506.000000 0.099005
2507.000000 0.078837
2508.000000 0.267268
2509.000000 0.047327
2510.000000 0.169605
2511.000000 0.044324
2512.000000 0.003761
2513.000000 0.072842
2514.000000 0.192881
2515.000000 0.157751
2516.000000 0.165526
2517.000000 0.136013
2518.000000 0.059083
2519.000000 0.104849
2520.000000 0.041141
2521.000000 0.003026
2522.000000 0.078232
2523.000000 0.040328
2524.000000 0.091978
2525.000000 0.167869
2526.000000 0.140640
2527.000000 0.102979
2528.000000 0.100233
2529.000000 0.049086
2530.000000 0.097399
2531.000000 0.069779
2532.000000 0.059216
2533.000000 0.093361
2534.000000 0.081578
2535.000000 0.093600
2536.000000 0.058757
2537.000000 0.094165
2538.000000 0.052324
2539.000000 0.071809
2540.000000 0.038953
2541.000000 0.038570
2542.000000 0.079584
2543.000000 0.105746
2544.000000 0.111033
2545.000000 0.130615
2546.000000 0.120882
2547.000000 0.063038
2548.000000 0.150123
2549.000000 0.096063
2550.000000 0.252744
2551.000000 0.089444
2552.000000 0.204413
2553.000000 0.050712
2554.000000 0.057972
2555.000000 0.142753
2556.000000 0.019635
2557.000000 0.031110
2558.000000 0.052171
2559.000000 0.039686
2560.000000 0.177589
2561.000000 0.194905
2562.000000 0.090147
2563.000000 0.107105
2564.000000 0.127619
2565.000000 0.049106
2566.000000 0.099556
2567.000000 0.054590
2568.000000 0.200883
2569.000000 0.113106
2570.000000 0.197796
2571.000000 0.008822
2572.000000 0.122051
2573.000000 0.034613
2574.000000 0.152209
2575.000000 0.146586
2576.000000 0.040692
2577.000000 0.141230
2578.000000 0.057664
2579.000000 0.099206
2580.000000 0.005241
2581.000000 0.120809
2582.000000 0.049607
2583.000000 0.140364
2584.000000 0.110682
2585.000000 0.214143
2586.000000 0.185966
2587.000000 0.080108
2588.000000 0.116487
2589.000000 0.008379
2590.000000 0.209072
2591.000000 0.109251
2592.000000 0.052246
2593.000000 0.108092
2594.000000 0.283979
2595.000000 0.094416
2596.000000 0.089142
2597.000000 0.119119
2598.000000 0.107580
2599.000000 0.076668
2600.000000 0.097332
2601.000000 0.044126
2602.000000 0.196839
2603.000000 0.040915
2604.000000 0.104730
2605.000000 0.140767
2606.000000 0.080888
2607.000000 0.072109
2608.000000 0.054221
2609.000000 0.209152
2610.000000 0.098971
2611.000000 0.088692
2612.000000 0.037213
2613.000000 0.020567
2614.000000 0.121536
2615.000000 0.100690
2616.000000 0.038259
2617.000000 0.150429
2618.000000 0.104764
2619.000000 0.122711
2620.000000 0.143393
2621.000000 0.083235
2622.000000 0.064955
2623.000000 0.201599
2624.000000 0.133844
2625.000000 0.041026
2626.000000 0.136802
2627.000000 0.098229
2628.000000 0.077876
2629.000000 0.155919
2630.000000 0.179962
2631.000000 0.051328
2632.000000 0.026621
2633.000000 0.131597
2634.000000 0.067511
2635.000000 0.063855
2636.000000 0.061719
2637.000000 0.045181
2638.000000 0.158901
2639.000000 0.075326
2640.000000 0.081388
2641.000000 0.289555
2642.000000 0.101792
2643.000000 0.156765
2644.000000 0.116536
2645.000000 0.115429
2646.000000 0.151651
2647.000000 0.058291
2648.000000 0.050870
2649.000000 0.119868
2650.000000 0.128077
2651.000000 0.140402
2652.000000 0.137473
2653.000000 0.024072
2654.000000 0.064180
2655.000000 0.065205
2656.000000 0.076888
2657.000000 0.034071
2658.000000 0.026725
2659.000000 0.094394
2660.000000 0.035704
2661.000000 0.011541
2662.000000 0.077898
2663.000000 0.065965
2664.000000 0.153600
2665.000000 0.062393
2666.000000 0.184003
2667.000000 0.029488
2668.000000 0.106869
2669.000000 0.090374
2670.000000 0.077620
2671.000000 0.175690
2672.000000 0.080833
2673.000000 0.019916
2674.000000 0.278102
2675.000000 0.127730
2676.000000 0.082861
2677.000000 0.011285
2678.000000 0.134770
2679.000000 0.092432
2680.000000 0.195104
2681.000000 0.245174
2682.000000 0.072548
2683.000000 0.084706
2684.000000 0.052568
2685.000000 0.073486
2686.000000 0.129582
2687.000000 0.114993
2688.000000 0.110973
2689.000000 0.084259
2690.000000 0.005305
2691.000000 0.115401
2692.000000 0.100336
2693.000000 0.026294
2694.000000 0.062791
2695.000000 0.048357
2696.000000 0.082091
2697.000000 0.027294
2698.000000 0.066008
2699.000000 0.186945
2700.000000 0.071535
2701.000000 0.072291
2702.000000 0.161746
2703.000000 0.094224
2704.000000 0.099355
2705.000000 0.080498
2706.000000 0.282764
2707.000000 0.128125
2708.000000 0.107426
2709.000000 0.057372
2710.000000 0.080420
2711.000000 0.179646
2712.000000 0.139793
2713.000000 0.076731
2714.000000 0.015492
2715.000000 0.012085
2716.000000 0.080960
2717.000000 0.065169
2718.000000 0.053575
2719.000000 0.124643
2720.000000 0.161469
2721.000000 0.117822
2722.000000 0.122690
2723.000000 0.053061
2724.000000 0.132679
2725.000000 0.068280
2726.000000 0.057321
2727.000000 0.093103
2728.000000 0.079966
2729.000000 0.086752
2730.000000 0.063609
2731.000000 0.154211
2732.000000 0.049668
2733.000000 0.041354
2734.000000 0.135246
2735.000000 0.068422
2736.000000 0.061906
2737.000000 0.126164
2738.000000 0.127678
2739.000000 0.178556
2740.000000 0.066753
2741.000000 0.079996
2742.000000 0.098875
2743.000000 0.149106
2744.000000 0.177225
2745.000000 0.120987
2746.000000 0.184365
2747.000000 0.131112
2748.000000 0.146568
2749.000000 0.081815
2750.000000 0.100746
2751.000000 0.125497
2752.000000 0.080413
2753.000000 0.102531
2754.000000 0.086992
2755.000000 0.183861
2756.000000 0.112570
2757.000000 0.153484
2758.000000 0.088448
2759.000000 0.074837
2760.000000 0.017207
2761.000000 0.060940
2762.000000 0.017508
2763.000000 0.025181
2764.000000 0.095970
2765.000000 0.033409
2766.000000 0.067981
2767.000000 0.096002
2768.000000 0.037038
2769.000000 0.230470
2770.000000 0.203591
2771.000000 0.134988
2772.000000 0.081741
2773.000000 0.099639
2774.000000 0.173702
2775.000000 0.053013
2776.000000 0.112389
2777.000000 0.044003
2778.000000 0.051370
2779.000000 0.042298
2780.000000 0.064347
2781.000000 0.110021
2782.000000 0.059503
2783.000000 0.032568
2784.000000 0.130103
2785.000000 0.111851
2786.000000 0.106143
2787.000000 0.051866
2788.000000 0.090455
2789.000000 0.027927
2790.000000 0.113714
2791.000000 0.059692
2792.000000 0.189364
2793.000000 0.112746
2794.000000 0.113633
2795.000000 0.126905
2796.000000 0.088754
2797.000000 0.140823
2798.000000 0.142663
2799.000000 0.080184
2800.000000 0.112043
2801.000000 0.110059
2802.000000 0.068379
2803.000000 0.098784
2804.000000 0.018943
2805.000000 0.145633
2806.000000 0.046015
2807.000000 0.045598
2808.000000 0.058992
2809.000000 0.062027
2810.000000 0.070160
2811.000000 0.069785
2812.000000 0.103958
2813.000000 0.068562
2814.000000 0.173813
2815.000000 0.009634
2816.000000 0.011424
2817.000000 0.036949
2818.000000 0.124315
2819.000000 0.268190
2820.000000 0.219839
2821.000000 0.149356
2822.000000 0.086948
2823.000000 0.066150
2824.000000 0.059535
2825.000000 0.139033
2826.000000 0.067040
2827.000000 0.200703
2828.000000 0.068666
2829.000000 0.074107
2830.000000 0.056802
2831.000000 0.106315
2832.000000 0.086875
2833.000000 0.074253
2834.000000 0.085373
2835.000000 0.099675
2836.000000 0.035193
2837.000000 0.083445
2838.000000 0.122883
2839.000000 0.067847
2840.000000 0.094496
2841.000000 0.022906
2842.000000 0.070010
2843.000000 0.062416
2844.000000 0.135905
2845.000000 0.071113
2846.000000 0.106866
2847.000000 0.127793
2848.000000 0.042279
2849.000000 0.014182
2850.000000 0.129554
2851.000000 0.061737
2852.000000 0.071681
2853.000000 0.084806
2854.000000 0.144888
2855.000000 0.100117
2856.000000 0.050782
2857.000000 0.043311
2858.000000 0.174270
2859.000000 0.136833
2860.000000 0.181673
2861.000000 0.122785
2862.000000 0.146460
2863.000000 0.047688
2864.000000 0.103192
2865.000000 0.080603
2866.000000 0.124168
2867.000000 0.128597
2868.000000 0.095080
2869.000000 0.097991
2870.000000 0.120451
2871.000000 0.050671
2872.000000 0.057615
2873.000000 0.139439
2874.000000 0.057138
2875.000000 0.083521
2876.000000 0.105282
2877.000000 0.066812
2878.000000 0.089728
2879.000000 0.173609
2880.000000 0.127619
2881.000000 0.022601
2882.000000 0.067344
2883.000000 0.122134
2884.000000 0.134093
2885.000000 0.033460
2886.000000 0.163852
2887.000000 0.218145
2888.000000 0.069503
2889.000000 0.134219
2890.000000 0.142880
2891.000000 0.126936
2892.000000 0.087432
2893.000000 0.015534
2894.000000 0.021773
2895.000000 0.118839
2896.000000 0.259307
2897.000000 0.078639
2898.000000 0.157373
2899.000000 0.112646
2900.000000 0.174631
2901.000000 0.064998
2902.000000 0.011591
2903.000000 0.042749
2904.000000 0.086295
2905.000000 0.190560
2906.000000 0.196951
2907.000000 0.084368
2908.000000 0.182778
2909.000000 0.147134
2910.000000 0.152588
2911.000000 0.147073
2912.000000 0.061415
2913.000000 0.153333
2914.000000 0.064120
2915.000000 0.083159
2916.000000 0.065059
2917.000000 0.044900
2918.000000 0.033607
2919.000000 0.041476
2920.000000 0.026515
2921.000000 0.076570
2922.000000 0.077044
2923.000000 0.046101
2924.000000 0.164277
2925.000000 0.128483
2926.000000 0.133756
2927.000000 0.143553
2928.000000 0.012854
2929.000000 0.131572
2930.000000 0.088317
2931.000000 0.076574
2932.000000 0.060436
2933.000000 0.065662
2934.000000 0.071799
2935.000000 0.076170
2936.000000 0.032041
2937.000000 0.050404
2938.000000 0.085716
2939.000000 0.144061
2940.000000 0.177418
2941.000000 0.059667
2942.000000 0.100207
2943.000000 0.093554
2944.000000 0.150065
2945.000000 0.106437
2946.000000 0.105719
2947.000000 0.069863
2948.000000 0.077321
2949.000000 0.107757
2950.000000 0.194037
2951.000000 0.079085
2952.000000 0.123281
2953.000000 0.023176
2954.000000 0.022679
2955.000000 0.029539
2956.000000 0.163705
2957.000000 0.083512
2958.000000 0.123379
2959.000000 0.111456
2960.000000 0.107714
2961.000000 0.145139
2962.000000 0.057574
2963.000000 0.126386
2964.000000 0.048191
2965.000000 0.099145
2966.000000 0.102307
2967.000000 0.068997
2968.000000 0.122553
2969.000000 0.053190
2970.000000 0.160759
2971.000000 0.202771
2972.000000 0.195443
2973.000000 0.049036
2974.000000 0.087408
2975.000000 0.182214
2976.000000 0.050351
2977.000000 0.043560
2978.000000 0.033491
2979.000000 0.057705
2980.000000 0.041090
2981.000000 0.007911
2982.000000 0.146331
2983.000000 0.128840
2984.000000 0.068992
2985.000000 0.061943
2986.000000 0.058335
2987.000000 0.076216
2988.000000 0.065745
2989.000000 0.144055
2990.000000 0.070456
2991.000000 0.025192
2992.000000 0.059765
2993.000000 0.063704
2994.000000 0.170891
2995.000000 0.084443
2996.000000 0.045600
2997.000000 0.073553
2998.000000 0.170616
2999.000000 0.121902
3000.000000 0.079179
