10.000000 0.168249
20.000000 0.136105
30.000000 0.129602
40.000000 0.144502
50.000000 0.164542
60.000000 0.074261
70.000000 0.113712
80.000000 0.120509
90.000000 0.038100
100.000000 0.122230
110.000000 0.198801
120.000000 0.041674
130.000000 0.110908
140.000000 0.136925
150.000000 0.039985
160.000000 0.085622
170.000000 0.115594
180.000000 0.124252
190.000000 0.188178
200.000000 0.109864
210.000000 0.157970
220.000000 0.091535
230.000000 0.143183
240.000000 0.055469
250.000000 0.115089
260.000000 0.111806
270.000000 0.085608
280.000000 0.083367
290.000000 0.126292
300.000000 0.075393
310.000000 0.144460
320.000000 0.118846
330.000000 0.125140
340.000000 0.137918
350.000000 0.120720
360.000000 0.227084
370.000000 0.230986
380.000000 0.105366
390.000000 0.052888
400.000000 0.212654
410.000000 0.070105
420.000000 0.108360
430.000000 0.048305
440.000000 0.125778
450.000000 0.075901
460.000000 0.149439
470.000000 0.081699
480.000000 0.102387
490.000000 0.166122
500.000000 0.213199
510.000000 0.254280
520.000000 0.151245
530.000000 0.134826
540.000000 0.069978
550.000000 0.075423
560.000000 0.229417
570.000000 0.204466
580.000000 0.124464
590.000000 0.092171
600.000000 0.225090
610.000000 0.192733
620.000000 0.070172
630.000000 0.143239
640.000000 0.264675
650.000000 0.144771
660.000000 0.356047
670.000000 0.073088
680.000000 0.207520
690.000000 0.046620
700.000000 0.274440
710.000000 0.238878
720.000000 0.130892
730.000000 0.191951
740.000000 0.139998
750.000000 0.215988
760.000000 0.207099
770.000000 0.087695
780.000000 0.116359
790.000000 0.193301
800.000000 0.190001
810.000000 0.228957
820.000000 0.198788
830.000000 0.053935
840.000000 0.026175
850.000000 0.156811
860.000000 0.233493
870.000000 0.095182
880.000000 0.124645
890.000000 0.155514
900.000000 0.064014
910.000000 0.120912
920.000000 0.201902
930.000000 0.132247
940.000000 0.170440
950.000000 0.149370
960.000000 0.117590
970.000000 0.248002
980.000000 0.142080
990.000000 0.101496
1000.000000 0.151231
