10.000000 0.319001
20.000000 0.585633
30.000000 0.404655
40.000000 0.519043
50.000000 0.292486
60.000000 0.606335
70.000000 0.192663
80.000000 0.343424
90.000000 0.334550
100.000000 0.306995
110.000000 0.073678
120.000000 0.368529
130.000000 0.040255
140.000000 0.197382
150.000000 0.455005
160.000000 0.282301
170.000000 0.335299
180.000000 0.160156
190.000000 0.695606
200.000000 0.262418
210.000000 0.267365
220.000000 0.270512
230.000000 0.404996
240.000000 0.124841
250.000000 0.070801
260.000000 0.267333
270.000000 0.260273
280.000000 0.188631
290.000000 0.300293
300.000000 0.075784
310.000000 0.290749
320.000000 0.233902
330.000000 0.139759
340.000000 0.140616
350.000000 0.448987
360.000000 0.194931
370.000000 0.182518
380.000000 0.112875
390.000000 0.145722
400.000000 0.202036
410.000000 0.322120
420.000000 0.116180
430.000000 0.475906
440.000000 0.175579
450.000000 0.358687
460.000000 0.349078
470.000000 0.300859
480.000000 0.263982
490.000000 0.243285
500.000000 0.358969
510.000000 0.171101
520.000000 0.186124
530.000000 0.042403
540.000000 0.116465
550.000000 0.148893
560.000000 0.465829
570.000000 0.209112
580.000000 0.463268
590.000000 0.459092
600.000000 0.573111
610.000000 0.267319
620.000000 0.386667
630.000000 0.151928
640.000000 0.578296
650.000000 0.201683
660.000000 0.122839
670.000000 0.372742
680.000000 0.558071
690.000000 0.471349
700.000000 0.226902
710.000000 0.613803
720.000000 0.190638
730.000000 0.047857
740.000000 0.307564
750.000000 0.380045
760.000000 0.263076
770.000000 0.553415
780.000000 0.218667
790.000000 0.187061
800.000000 0.519541
810.000000 0.194496
820.000000 0.374119
830.000000 0.210739
840.000000 0.067871
850.000000 0.438845
860.000000 0.321993
870.000000 0.447563
880.000000 0.479857
890.000000 0.294442
900.000000 0.438317
910.000000 0.476922
920.000000 0.225280
930.000000 0.194605
940.000000 0.304075
950.000000 0.502991
960.000000 0.172817
970.000000 0.077353
980.000000 0.301476
990.000000 0.164336
1000.000000 0.385411
