0.000000 0.197612
1.000000 0.385014
2.000000 0.317011
3.000000 0.381027
4.000000 0.075338
5.000000 0.365757
6.000000 0.155066
7.000000 0.114166
8.000000 0.430458
9.000000 0.206087
10.000000 0.183196
11.000000 0.052992
12.000000 0.460033
13.000000 0.068393
14.000000 0.323321
15.000000 0.041081
16.000000 0.346188
17.000000 0.289279
18.000000 0.083779
19.000000 0.325283
20.000000 0.116896
21.000000 0.431230
22.000000 0.362222
23.000000 0.107016
24.000000 0.269890
25.000000 0.182391
26.000000 0.282258
27.000000 0.449668
28.000000 0.220952
29.000000 0.188055
30.000000 0.101642
31.000000 0.142091
32.000000 0.125042
33.000000 0.047634
34.000000 0.166136
35.000000 0.137326
36.000000 0.136281
37.000000 0.389039
38.000000 0.234917
39.000000 0.307705
40.000000 0.200618
41.000000 0.347491
42.000000 0.276315
43.000000 0.376428
44.000000 0.284392
45.000000 0.166680
46.000000 0.316989
47.000000 0.115616
48.000000 0.073379
49.000000 0.357787
50.000000 0.084023
51.000000 0.237401
52.000000 0.082157
53.000000 0.387152
54.000000 0.414243
55.000000 0.227378
56.000000 0.264926
57.000000 0.224768
58.000000 0.161222
59.000000 0.195728
60.000000 0.026398
61.000000 0.228024
62.000000 0.134277
63.000000 0.149250
64.000000 0.462790
65.000000 0.114637
66.000000 0.368137
67.000000 0.109598
68.000000 0.229150
69.000000 0.171554
70.000000 0.108499
71.000000 0.161256
72.000000 0.237513
73.000000 0.047145
74.000000 0.270821
75.000000 0.092303
76.000000 0.315065
77.000000 0.050595
78.000000 0.411983
79.000000 0.293148
80.000000 0.133755
81.000000 0.212293
82.000000 0.298252
83.000000 0.288052
84.000000 0.310945
85.000000 0.239114
86.000000 0.241871
87.000000 0.137511
88.000000 0.325874
89.000000 0.290371
90.000000 0.043458
91.000000 0.132981
92.000000 0.104669
93.000000 0.142085
94.000000 0.438638
95.000000 0.204101
96.000000 0.356488
97.000000 0.233277
98.000000 0.097342
99.000000 0.078026
100.000000 0.158964
101.000000 0.463146
102.000000 0.390347
103.000000 0.028224
104.000000 0.087889
105.000000 0.351032
106.000000 0.245665
107.000000 0.251993
108.000000 0.120230
109.000000 0.315080
110.000000 0.492086
111.000000 0.083199
112.000000 0.044816
113.000000 0.229556
114.000000 0.237346
115.000000 0.238232
116.000000 0.395423
117.000000 0.364932
118.000000 0.186823
119.000000 0.147996
120.000000 0.224743
121.000000 0.148186
122.000000 0.121068
123.000000 0.127257
124.000000 0.308178
125.000000 0.385061
126.000000 0.249637
127.000000 0.087889
128.000000 0.490486
129.000000 0.254701
130.000000 0.168224
131.000000 0.163086
132.000000 0.395412
133.000000 0.087030
134.000000 0.323259
135.000000 0.131736
136.000000 0.256836
137.000000 0.131647
138.000000 0.083258
139.000000 0.570062
140.000000 0.299150
141.000000 0.395444
142.000000 0.331366
143.000000 0.229210
144.000000 0.086151
145.000000 0.141680
146.000000 0.067928
147.000000 0.161101
148.000000 0.224735
149.000000 0.226650
150.000000 0.209815
151.000000 0.090920
152.000000 0.114472
153.000000 0.299717
154.000000 0.415050
155.000000 0.040062
156.000000 0.138190
157.000000 0.195241
158.000000 0.191534
159.000000 0.178977
160.000000 0.156964
161.000000 0.217561
162.000000 0.209123
163.000000 0.392662
164.000000 0.150133
165.000000 0.467542
166.000000 0.229734
167.000000 0.202078
168.000000 0.129548
169.000000 0.177867
170.000000 0.297101
171.000000 0.329804
172.000000 0.131895
173.000000 0.212016
174.000000 0.178548
175.000000 0.127078
176.000000 0.400567
177.000000 0.327729
178.000000 0.130026
179.000000 0.156793
180.000000 0.214724
181.000000 0.253395
182.000000 0.180084
183.000000 0.118033
184.000000 0.177816
185.000000 0.159792
186.000000 0.075312
187.000000 0.380571
188.000000 0.443353
189.000000 0.056764
190.000000 0.339780
191.000000 0.231939
192.000000 0.317531
193.000000 0.175426
194.000000 0.198153
195.000000 0.243054
196.000000 0.270075
197.000000 0.183823
198.000000 0.154048
199.000000 0.294091
200.000000 0.200122
201.000000 0.235045
202.000000 0.120105
203.000000 0.160399
204.000000 0.319873
205.000000 0.139593
206.000000 0.125854
207.000000 0.307096
208.000000 0.251049
209.000000 0.178958
210.000000 0.150611
211.000000 0.132830
212.000000 0.143313
213.000000 0.236273
214.000000 0.171099
215.000000 0.364272
216.000000 0.092179
217.000000 0.203428
218.000000 0.414698
219.000000 0.180097
220.000000 0.144050
221.000000 0.073491
222.000000 0.423072
223.000000 0.363032
224.000000 0.249154
225.000000 0.097338
226.000000 0.529067
227.000000 0.245850
228.000000 0.283434
229.000000 0.128592
230.000000 0.155504
231.000000 0.300741
232.000000 0.350091
233.000000 0.121248
234.000000 0.195969
235.000000 0.316231
236.000000 0.318515
237.000000 0.128966
238.000000 0.368991
239.000000 0.129860
240.000000 0.201152
241.000000 0.008326
242.000000 0.216676
243.000000 0.169406
244.000000 0.233865
245.000000 0.363555
246.000000 0.216090
247.000000 0.313874
248.000000 0.216083
249.000000 0.295619
250.000000 0.090720
251.000000 0.263692
252.000000 0.396674
253.000000 0.208885
254.000000 0.074764
255.000000 0.167226
256.000000 0.145456
257.000000 0.360409
258.000000 0.191861
259.000000 0.302395
260.000000 0.308607
261.000000 0.074304
262.000000 0.134945
263.000000 0.174979
264.000000 0.059729
265.000000 0.043602
266.000000 0.204460
267.000000 0.150149
268.000000 0.505193
269.000000 0.196726
270.000000 0.096460
271.000000 0.283901
272.000000 0.226594
273.000000 0.154356
274.000000 0.103298
275.000000 0.044658
276.000000 0.198573
277.000000 0.317462
278.000000 0.208278
279.000000 0.095385
280.000000 0.183327
281.000000 0.176000
282.000000 0.115021
283.000000 0.301723
284.000000 0.071735
285.000000 0.273753
286.000000 0.462802
287.000000 0.175171
288.000000 0.311893
289.000000 0.288974
290.000000 0.306232
291.000000 0.079852
292.000000 0.179701
293.000000 0.075438
294.000000 0.068319
295.000000 0.338361
296.000000 0.232291
297.000000 0.162988
298.000000 0.331141
299.000000 0.240252
300.000000 0.201902
301.000000 0.259469
302.000000 0.244249
303.000000 0.234673
304.000000 0.122194
305.000000 0.124804
306.000000 0.465268
307.000000 0.161894
308.000000 0.100635
309.000000 0.148813
310.000000 0.155146
311.000000 0.092520
312.000000 0.336900
313.000000 0.073186
314.000000 0.197931
315.000000 0.170186
316.000000 0.328055
317.000000 0.315149
318.000000 0.097388
319.000000 0.154620
320.000000 0.255130
321.000000 0.079942
322.000000 0.245212
323.000000 0.204705
324.000000 0.010667
325.000000 0.224321
326.000000 0.293649
327.000000 0.177257
328.000000 0.064611
329.000000 0.172827
330.000000 0.155929
331.000000 0.047959
332.000000 0.339204
333.000000 0.206931
334.000000 0.204851
335.000000 0.212950
336.000000 0.252975
337.000000 0.214446
338.000000 0.227370
339.000000 0.148789
340.000000 0.228914
341.000000 0.218776
342.000000 0.190039
343.000000 0.232566
344.000000 0.095507
345.000000 0.151464
346.000000 0.260749
347.000000 0.239407
348.000000 0.317656
349.000000 0.075868
350.000000 0.247819
351.000000 0.256576
352.000000 0.304609
353.000000 0.193649
354.000000 0.442705
355.000000 0.159232
356.000000 0.252450
357.000000 0.302589
358.000000 0.164702
359.000000 0.181847
360.000000 0.259761
361.000000 0.153674
362.000000 0.322975
363.000000 0.107305
364.000000 0.245449
365.000000 0.131055
366.000000 0.281327
367.000000 0.217897
368.000000 0.148868
369.000000 0.205967
370.000000 0.112350
371.000000 0.437748
372.000000 0.231696
373.000000 0.204107
374.000000 0.031947
375.000000 0.402021
376.000000 0.124941
377.000000 0.201899
378.000000 0.284745
379.000000 0.247018
380.000000 0.270880
381.000000 0.236417
382.000000 0.163701
383.000000 0.213699
384.000000 0.374628
385.000000 0.171821
386.000000 0.156778
387.000000 0.327848
388.000000 0.293522
389.000000 0.191985
390.000000 0.258627
391.000000 0.519083
392.000000 0.062450
393.000000 0.164754
394.000000 0.324734
395.000000 0.379611
396.000000 0.136284
397.000000 0.444607
398.000000 0.204353
399.000000 0.063720
400.000000 0.331437
401.000000 0.423438
402.000000 0.280730
403.000000 0.234047
404.000000 0.168197
405.000000 0.082501
406.000000 0.214854
407.000000 0.326984
408.000000 0.019420
409.000000 0.152919
410.000000 0.204533
411.000000 0.322548
412.000000 0.416911
413.000000 0.206453
414.000000 0.259613
415.000000 0.198632
416.000000 0.036283
417.000000 0.158715
418.000000 0.160167
419.000000 0.149210
420.000000 0.051046
421.000000 0.034206
422.000000 0.220376
423.000000 0.159247
424.000000 0.218756
425.000000 0.021826
426.000000 0.100489
427.000000 0.302293
428.000000 0.436072
429.000000 0.142641
430.000000 0.050455
431.000000 0.330603
432.000000 0.244131
433.000000 0.228927
434.000000 0.143847
435.000000 0.076277
436.000000 0.082934
437.000000 0.127704
438.000000 0.030333
439.000000 0.149530
440.000000 0.057851
441.000000 0.300865
442.000000 0.154104
443.000000 0.290869
444.000000 0.285265
445.000000 0.352539
446.000000 0.445673
447.000000 0.160506
448.000000 0.296184
449.000000 0.438243
450.000000 0.225262
451.000000 0.130243
452.000000 0.131298
453.000000 0.267655
454.000000 0.420888
455.000000 0.160677
456.000000 0.060228
457.000000 0.123477
458.000000 0.130797
459.000000 0.132662
460.000000 0.192753
461.000000 0.116155
462.000000 0.352776
463.000000 0.170253
464.000000 0.223369
465.000000 0.503185
466.000000 0.160177
467.000000 0.450963
468.000000 0.447447
469.000000 0.162106
470.000000 0.405458
471.000000 0.292801
472.000000 0.255561
473.000000 0.255193
474.000000 0.113258
475.000000 0.183209
476.000000 0.284083
477.000000 0.328248
478.000000 0.161229
479.000000 0.133862
480.000000 0.164233
481.000000 0.491804
482.000000 0.315431
483.000000 0.252544
484.000000 0.285796
485.000000 0.191093
486.000000 0.094398
487.000000 0.234982
488.000000 0.198963
489.000000 0.176433
490.000000 0.308661
491.000000 0.078729
492.000000 0.114797
493.000000 0.174552
494.000000 0.137975
495.000000 0.153106
496.000000 0.145877
497.000000 0.139597
498.000000 0.376257
499.000000 0.194727
500.000000 0.253137
501.000000 0.278676
502.000000 0.101746
503.000000 0.052373
504.000000 0.194813
505.000000 0.146235
506.000000 0.097573
507.000000 0.240121
508.000000 0.138326
509.000000 0.026400
510.000000 0.249319
511.000000 0.435864
512.000000 0.117521
513.000000 0.049244
514.000000 0.147499
515.000000 0.051938
516.000000 0.453685
517.000000 0.264033
518.000000 0.385318
519.000000 0.308405
520.000000 0.050320
521.000000 0.067364
522.000000 0.440025
523.000000 0.135061
524.000000 0.294082
525.000000 0.289332
526.000000 0.174717
527.000000 0.132369
528.000000 0.206379
529.000000 0.114064
530.000000 0.149457
531.000000 0.190142
532.000000 0.209076
533.000000 0.300618
534.000000 0.030501
535.000000 0.300564
536.000000 0.078798
537.000000 0.102341
538.000000 0.168699
539.000000 0.123655
540.000000 0.079810
541.000000 0.062514
542.000000 0.323492
543.000000 0.223814
544.000000 0.207359
545.000000 0.267970
546.000000 0.202409
547.000000 0.175415
548.000000 0.254440
549.000000 0.217420
550.000000 0.322325
551.000000 0.134521
552.000000 0.335642
553.000000 0.225381
554.000000 0.038058
555.000000 0.173629
556.000000 0.313424
557.000000 0.216469
558.000000 0.222324
559.000000 0.135476
560.000000 0.222861
561.000000 0.110613
562.000000 0.108198
563.000000 0.191654
564.000000 0.148614
565.000000 0.478952
566.000000 0.124967
567.000000 0.497023
568.000000 0.189813
569.000000 0.280088
570.000000 0.064346
571.000000 0.207761
572.000000 0.178174
573.000000 0.243056
574.000000 0.262641
575.000000 0.246457
576.000000 0.045443
577.000000 0.322302
578.000000 0.243033
579.000000 0.244453
580.000000 0.055922
581.000000 0.269015
582.000000 0.290232
583.000000 0.111189
584.000000 0.242172
585.000000 0.171047
586.000000 0.296537
587.000000 0.272615
588.000000 0.103043
589.000000 0.239333
590.000000 0.129219
591.000000 0.298811
592.000000 0.241088
593.000000 0.429445
594.000000 0.258512
595.000000 0.112228
596.000000 0.190211
597.000000 0.032339
598.000000 0.285626
599.000000 0.534979
600.000000 0.308548
601.000000 0.361493
602.000000 0.129260
603.000000 0.345387
604.000000 0.508820
605.000000 0.119700
606.000000 0.219824
607.000000 0.224497
608.000000 0.232929
609.000000 0.069675
610.000000 0.049777
611.000000 0.497746
612.000000 0.117519
613.000000 0.259602
614.000000 0.247420
615.000000 0.360720
616.000000 0.135288
617.000000 0.121933
618.000000 0.151099
619.000000 0.122058
620.000000 0.154533
621.000000 0.278688
622.000000 0.561620
623.000000 0.064919
624.000000 0.089973
625.000000 0.298981
626.000000 0.228786
627.000000 0.089818
628.000000 0.077163
629.000000 0.125874
630.000000 0.285338
631.000000 0.189762
632.000000 0.354473
633.000000 0.064678
634.000000 0.037634
635.000000 0.258787
636.000000 0.340957
637.000000 0.214431
638.000000 0.287254
639.000000 0.136430
640.000000 0.120043
641.000000 0.300153
642.000000 0.557550
643.000000 0.288616
644.000000 0.232638
645.000000 0.146807
646.000000 0.068499
647.000000 0.140925
648.000000 0.180456
649.000000 0.021935
650.000000 0.140329
651.000000 0.045698
652.000000 0.181246
653.000000 0.229491
654.000000 0.119216
655.000000 0.309272
656.000000 0.293926
657.000000 0.240668
658.000000 0.174373
659.000000 0.417711
660.000000 0.233340
661.000000 0.326455
662.000000 0.348100
663.000000 0.238070
664.000000 0.220383
665.000000 0.122055
666.000000 0.181634
667.000000 0.346349
668.000000 0.058330
669.000000 0.112456
670.000000 0.170838
671.000000 0.351093
672.000000 0.322281
673.000000 0.079173
674.000000 0.144930
675.000000 0.208548
676.000000 0.364674
677.000000 0.350969
678.000000 0.144720
679.000000 0.181126
680.000000 0.326866
681.000000 0.177973
682.000000 0.188435
683.000000 0.186196
684.000000 0.070360
685.000000 0.028120
686.000000 0.329325
687.000000 0.354571
688.000000 0.248152
689.000000 0.249644
690.000000 0.357247
691.000000 0.196396
692.000000 0.113499
693.000000 0.184457
694.000000 0.253394
695.000000 0.245827
696.000000 0.352644
697.000000 0.133345
698.000000 0.323890
699.000000 0.250753
700.000000 0.245959
701.000000 0.246544
702.000000 0.219831
703.000000 0.583572
704.000000 0.368013
705.000000 0.229403
706.000000 0.196807
707.000000 0.306785
708.000000 0.300648
709.000000 0.228315
710.000000 0.144546
711.000000 0.047475
712.000000 0.105251
713.000000 0.201286
714.000000 0.032522
715.000000 0.246544
716.000000 0.174075
717.000000 0.218092
718.000000 0.126711
719.000000 0.270763
720.000000 0.406976
721.000000 0.274846
722.000000 0.318319
723.000000 0.218445
724.000000 0.181771
725.000000 0.211180
726.000000 0.215567
727.000000 0.019524
728.000000 0.135730
729.000000 0.361444
730.000000 0.299023
731.000000 0.276658
732.000000 0.427797
733.000000 0.196519
734.000000 0.354520
735.000000 0.113525
736.000000 0.050448
737.000000 0.074425
738.000000 0.246314
739.000000 0.325502
740.000000 0.199592
741.000000 0.087216
742.000000 0.248002
743.000000 0.055502
744.000000 0.386140
745.000000 0.323247
746.000000 0.623073
747.000000 0.164116
748.000000 0.209096
749.000000 0.073269
750.000000 0.294031
751.000000 0.416924
752.000000 0.238518
753.000000 0.357600
754.000000 0.301812
755.000000 0.127137
756.000000 0.381245
757.000000 0.355948
758.000000 0.164992
759.000000 0.129387
760.000000 0.228685
761.000000 0.241670
762.000000 0.273306
763.000000 0.036718
764.000000 0.321713
765.000000 0.385773
766.000000 0.126454
767.000000 0.138689
768.000000 0.104977
769.000000 0.229641
770.000000 0.242347
771.000000 0.593195
772.000000 0.303018
773.000000 0.018789
774.000000 0.088783
775.000000 0.323702
776.000000 0.151841
777.000000 0.294438
778.000000 0.320621
779.000000 0.205543
780.000000 0.421606
781.000000 0.061964
782.000000 0.226504
783.000000 0.049188
784.000000 0.117278
785.000000 0.202975
786.000000 0.205965
787.000000 0.080821
788.000000 0.168601
789.000000 0.170357
790.000000 0.246195
791.000000 0.224828
792.000000 0.313023
793.000000 0.094117
794.000000 0.329685
795.000000 0.373013
796.000000 0.336019
797.000000 0.312102
798.000000 0.254383
799.000000 0.530975
800.000000 0.108566
801.000000 0.189545
802.000000 0.202606
803.000000 0.189917
804.000000 0.273410
805.000000 0.079863
806.000000 0.347593
807.000000 0.237415
808.000000 0.243995
809.000000 0.197564
810.000000 0.270315
811.000000 0.242316
812.000000 0.381951
813.000000 0.045244
814.000000 0.200530
815.000000 0.215838
816.000000 0.433288
817.000000 0.174946
818.000000 0.281850
819.000000 0.193722
820.000000 0.159472
821.000000 0.067568
822.000000 0.098681
823.000000 0.284568
824.000000 0.351450
825.000000 0.161495
826.000000 0.176894
827.000000 0.056932
828.000000 0.347308
829.000000 0.177330
830.000000 0.311343
831.000000 0.344587
832.000000 0.463657
833.000000 0.224123
834.000000 0.272539
835.000000 0.199462
836.000000 0.368279
837.000000 0.211322
838.000000 0.295270
839.000000 0.506336
840.000000 0.274156
841.000000 0.184698
842.000000 0.098492
843.000000 0.018015
844.000000 0.275277
845.000000 0.312928
846.000000 0.268424
847.000000 0.453270
848.000000 0.027395
849.000000 0.190307
850.000000 0.211698
851.000000 0.123267
852.000000 0.436260
853.000000 0.488748
854.000000 0.292637
855.000000 0.244216
856.000000 0.144057
857.000000 0.282372
858.000000 0.245642
859.000000 0.184265
860.000000 0.127097
861.000000 0.317499
862.000000 0.091807
863.000000 0.265998
864.000000 0.154713
865.000000 0.209248
866.000000 0.160199
867.000000 0.037811
868.000000 0.319751
869.000000 0.183021
870.000000 0.129409
871.000000 0.214353
872.000000 0.167992
873.000000 0.221802
874.000000 0.110301
875.000000 0.102790
876.000000 0.059024
877.000000 0.050836
878.000000 0.216840
879.000000 0.137242
880.000000 0.216171
881.000000 0.145212
882.000000 0.111708
883.000000 0.207795
884.000000 0.112740
885.000000 0.574798
886.000000 0.489740
887.000000 0.139050
888.000000 0.331618
889.000000 0.160433
890.000000 0.248278
891.000000 0.418353
892.000000 0.197422
893.000000 0.229443
894.000000 0.197495
895.000000 0.146124
896.000000 0.303096
897.000000 0.237221
898.000000 0.298502
899.000000 0.380266
900.000000 0.079122
901.000000 0.232340
902.000000 0.325132
903.000000 0.279545
904.000000 0.074280
905.000000 0.263207
906.000000 0.136782
907.000000 0.061050
908.000000 0.354015
909.000000 0.245842
910.000000 0.352880
911.000000 0.125125
912.000000 0.206423
913.000000 0.228650
914.000000 0.334720
915.000000 0.045120
916.000000 0.181530
917.000000 0.302108
918.000000 0.167167
919.000000 0.332007
920.000000 0.103436
921.000000 0.282246
922.000000 0.422697
923.000000 0.121588
924.000000 0.218438
925.000000 0.096299
926.000000 0.353407
927.000000 0.296387
928.000000 0.045486
929.000000 0.070429
930.000000 0.207035
931.000000 0.471922
932.000000 0.337107
933.000000 0.123878
934.000000 0.096364
935.000000 0.385702
936.000000 0.433201
937.000000 0.148276
938.000000 0.262961
939.000000 0.404092
940.000000 0.500820
941.000000 0.042870
942.000000 0.242697
943.000000 0.418568
944.000000 0.186182
945.000000 0.253715
946.000000 0.119215
947.000000 0.266447
948.000000 0.255127
949.000000 0.288884
950.000000 0.199172
951.000000 0.136646
952.000000 0.151035
953.000000 0.390585
954.000000 0.314635
955.000000 0.114665
956.000000 0.113668
957.000000 0.151150
958.000000 0.115570
959.000000 0.303629
960.000000 0.419819
961.000000 0.159132
962.000000 0.369759
963.000000 0.214390
964.000000 0.212369
965.000000 0.230551
966.000000 0.159487
967.000000 0.242169
968.000000 0.140723
969.000000 0.321923
970.000000 0.258329
971.000000 0.202164
972.000000 0.089618
973.000000 0.307752
974.000000 0.277900
975.000000 0.096875
976.000000 0.329262
977.000000 0.166742
978.000000 0.191228
979.000000 0.166539
980.000000 0.143288
981.000000 0.193049
982.000000 0.415359
983.000000 0.026611
984.000000 0.321943
985.000000 0.143508
986.000000 0.243523
987.000000 0.158007
988.000000 0.280224
989.000000 0.285744
990.000000 0.282042
991.000000 0.393553
992.000000 0.111190
993.000000 0.091038
994.000000 0.323906
995.000000 0.102426
996.000000 0.354446
997.000000 0.159019
998.000000 0.140749
999.000000 0.120209
1000.000000 0.148359
1001.000000 0.305527
1002.000000 0.354603
1003.000000 0.178863
1004.000000 0.162284
1005.000000 0.365570
1006.000000 0.171923
1007.000000 0.052352
1008.000000 0.326422
1009.000000 0.190846
1010.000000 0.365246
1011.000000 0.051424
1012.000000 0.076727
1013.000000 0.212856
1014.000000 0.307608
1015.000000 0.199665
1016.000000 0.178981
1017.000000 0.181114
1018.000000 0.179269
1019.000000 0.246398
1020.000000 0.198923
1021.000000 0.430875
1022.000000 0.109590
1023.000000 0.391988
1024.000000 0.281013
1025.000000 0.233711
1026.000000 0.200058
1027.000000 0.330617
1028.000000 0.215500
1029.000000 0.286601
1030.000000 0.098592
1031.000000 0.122881
1032.000000 0.084430
1033.000000 0.082466
1034.000000 0.008298
1035.000000 0.258074
1036.000000 0.164826
1037.000000 0.256950
1038.000000 0.302546
1039.000000 0.107936
1040.000000 0.185299
1041.000000 0.256246
1042.000000 0.265339
1043.000000 0.177508
1044.000000 0.199284
1045.000000 0.214339
1046.000000 0.012117
1047.000000 0.183493
1048.000000 0.267130
1049.000000 0.151921
1050.000000 0.108049
1051.000000 0.181788
1052.000000 0.136176
1053.000000 0.184587
1054.000000 0.142795
1055.000000 0.180387
1056.000000 0.223251
1057.000000 0.447003
1058.000000 0.278284
1059.000000 0.231526
1060.000000 0.323233
1061.000000 0.287216
1062.000000 0.267316
1063.000000 0.162199
1064.000000 0.135901
1065.000000 0.065975
1066.000000 0.373022
1067.000000 0.136864
1068.000000 0.328928
1069.000000 0.260685
1070.000000 0.059595
1071.000000 0.346057
1072.000000 0.251687
1073.000000 0.238040
1074.000000 0.328776
1075.000000 0.085524
1076.000000 0.222061
1077.000000 0.342586
1078.000000 0.031713
1079.000000 0.284979
1080.000000 0.074249
1081.000000 0.400515
1082.000000 0.270007
1083.000000 0.428234
1084.000000 0.203108
1085.000000 0.114339
1086.000000 0.267962
1087.000000 0.316310
1088.000000 0.221442
1089.000000 0.037485
1090.000000 0.392065
1091.000000 0.252206
1092.000000 0.349193
1093.000000 0.152485
1094.000000 0.264657
1095.000000 0.163017
1096.000000 0.071146
1097.000000 0.126422
1098.000000 0.189347
1099.000000 0.269981
1100.000000 0.265980
1101.000000 0.148849
1102.000000 0.103884
1103.000000 0.085434
1104.000000 0.185717
1105.000000 0.208197
1106.000000 0.094985
1107.000000 0.198252
1108.000000 0.069464
1109.000000 0.046360
1110.000000 0.260598
1111.000000 0.307176
1112.000000 0.381934
1113.000000 0.100839
1114.000000 0.163523
1115.000000 0.269332
1116.000000 0.330341
1117.000000 0.227202
1118.000000 0.137885
1119.000000 0.346672
1120.000000 0.187815
1121.000000 0.429201
1122.000000 0.215603
1123.000000 0.266187
1124.000000 0.187361
1125.000000 0.230626
1126.000000 0.033474
1127.000000 0.097705
1128.000000 0.070900
1129.000000 0.152580
1130.000000 0.337461
1131.000000 0.188597
1132.000000 0.068662
1133.000000 0.236370
1134.000000 0.218757
1135.000000 0.387661
1136.000000 0.227210
1137.000000 0.127199
1138.000000 0.397174
1139.000000 0.542723
1140.000000 0.206619
1141.000000 0.213316
1142.000000 0.174359
1143.000000 0.305802
1144.000000 0.193865
1145.000000 0.291653
1146.000000 0.322847
1147.000000 0.209471
1148.000000 0.181337
1149.000000 0.314621
1150.000000 0.300894
1151.000000 0.324135
1152.000000 0.199907
1153.000000 0.140317
1154.000000 0.240144
1155.000000 0.027926
1156.000000 0.371382
1157.000000 0.073607
1158.000000 0.077070
1159.000000 0.285643
1160.000000 0.325892
1161.000000 0.288040
1162.000000 0.215774
1163.000000 0.273187
1164.000000 0.280329
1165.000000 0.131887
1166.000000 0.227048
1167.000000 0.133462
1168.000000 0.322551
1169.000000 0.226282
1170.000000 0.288526
1171.000000 0.120079
1172.000000 0.228707
1173.000000 0.330169
1174.000000 0.035141
1175.000000 0.259820
1176.000000 0.199162
1177.000000 0.064685
1178.000000 0.163267
1179.000000 0.207719
1180.000000 0.154748
1181.000000 0.162071
1182.000000 0.605399
1183.000000 0.098211
1184.000000 0.126190
1185.000000 0.224540
1186.000000 0.174641
1187.000000 0.071069
1188.000000 0.057287
1189.000000 0.121671
1190.000000 0.096535
1191.000000 0.172309
1192.000000 0.137272
1193.000000 0.137595
1194.000000 0.076281
1195.000000 0.216762
1196.000000 0.259492
1197.000000 0.138424
1198.000000 0.163517
1199.000000 0.216820
1200.000000 0.188760
1201.000000 0.325123
1202.000000 0.180978
1203.000000 0.013363
1204.000000 0.289851
1205.000000 0.108692
1206.000000 0.092943
1207.000000 0.048420
1208.000000 0.071526
1209.000000 0.531199
1210.000000 0.451138
1211.000000 0.150048
1212.000000 0.270727
1213.000000 0.157754
1214.000000 0.441268
1215.000000 0.480316
1216.000000 0.184711
1217.000000 0.176006
1218.000000 0.184809
1219.000000 0.042894
1220.000000 0.170256
1221.000000 0.175956
1222.000000 0.144923
1223.000000 0.051061
1224.000000 0.361421
1225.000000 0.165433
1226.000000 0.286782
1227.000000 0.296364
1228.000000 0.206357
1229.000000 0.166961
1230.000000 0.388429
1231.000000 0.143657
1232.000000 0.138564
1233.000000 0.336088
1234.000000 0.159645
1235.000000 0.150477
1236.000000 0.239371
1237.000000 0.138800
1238.000000 0.221077
1239.000000 0.379458
1240.000000 0.180193
1241.000000 0.241912
1242.000000 0.233347
1243.000000 0.066128
1244.000000 0.348778
1245.000000 0.227474
1246.000000 0.060677
1247.000000 0.267637
1248.000000 0.289320
1249.000000 0.411368
1250.000000 0.277861
1251.000000 0.318541
1252.000000 0.472302
1253.000000 0.138150
1254.000000 0.011972
1255.000000 0.183774
1256.000000 0.180142
1257.000000 0.041567
1258.000000 0.268508
1259.000000 0.232299
1260.000000 0.158566
1261.000000 0.303681
1262.000000 0.381554
1263.000000 0.396880
1264.000000 0.332094
1265.000000 0.230354
1266.000000 0.448057
1267.000000 0.127998
1268.000000 0.355507
1269.000000 0.208641
1270.000000 0.245721
1271.000000 0.306956
1272.000000 0.509687
1273.000000 0.033063
1274.000000 0.137064
1275.000000 0.300736
1276.000000 0.165965
1277.000000 0.279207
1278.000000 0.082357
1279.000000 0.025255
1280.000000 0.073846
1281.000000 0.116114
1282.000000 0.222670
1283.000000 0.269352
1284.000000 0.254894
1285.000000 0.206671
1286.000000 0.305417
1287.000000 0.090863
1288.000000 0.225715
1289.000000 0.103072
1290.000000 0.305333
1291.000000 0.207441
1292.000000 0.190932
1293.000000 0.148309
1294.000000 0.501946
1295.000000 0.052280
1296.000000 0.209115
1297.000000 0.352422
1298.000000 0.305882
1299.000000 0.154809
1300.000000 0.081209
1301.000000 0.223464
1302.000000 0.238903
1303.000000 0.282592
1304.000000 0.215030
1305.000000 0.220946
1306.000000 0.298456
1307.000000 0.305862
1308.000000 0.206531
1309.000000 0.179462
1310.000000 0.329401
1311.000000 0.378573
1312.000000 0.226477
1313.000000 0.311607
1314.000000 0.280660
1315.000000 0.027845
1316.000000 0.214333
1317.000000 0.062685
1318.000000 0.240902
1319.000000 0.174814
1320.000000 0.290186
1321.000000 0.045698
1322.000000 0.172017
1323.000000 0.196395
1324.000000 0.159882
1325.000000 0.139248
1326.000000 0.119565
1327.000000 0.113814
1328.000000 0.191242
1329.000000 0.192252
1330.000000 0.336727
1331.000000 0.105927
1332.000000 0.172175
1333.000000 0.259153
1334.000000 0.207829
1335.000000 0.264648
1336.000000 0.130499
1337.000000 0.054913
1338.000000 0.118116
1339.000000 0.147063
1340.000000 0.223686
1341.000000 0.209088
1342.000000 0.172689
1343.000000 0.094201
1344.000000 0.073750
1345.000000 0.195282
1346.000000 0.275102
1347.000000 0.066745
1348.000000 0.231183
1349.000000 0.590159
1350.000000 0.323815
1351.000000 0.422908
1352.000000 0.227884
1353.000000 0.258826
1354.000000 0.042947
1355.000000 0.282274
1356.000000 0.138220
1357.000000 0.442713
1358.000000 0.333489
1359.000000 0.079482
1360.000000 0.260391
1361.000000 0.201208
1362.000000 0.322371
1363.000000 0.294479
1364.000000 0.369105
1365.000000 0.441014
1366.000000 0.158493
1367.000000 0.277812
1368.000000 0.268745
1369.000000 0.326700
1370.000000 0.186789
1371.000000 0.312566
1372.000000 0.304328
1373.000000 0.095208
1374.000000 0.153370
1375.000000 0.272759
1376.000000 0.292093
1377.000000 0.294629
1378.000000 0.112633
1379.000000 0.144643
1380.000000 0.126544
1381.000000 0.283857
1382.000000 0.292591
1383.000000 0.211611
1384.000000 0.072982
1385.000000 0.130185
1386.000000 0.146026
1387.000000 0.170896
1388.000000 0.138571
1389.000000 0.319966
1390.000000 0.080952
1391.000000 0.387708
1392.000000 0.109056
1393.000000 0.174534
1394.000000 0.115142
1395.000000 0.244074
1396.000000 0.098765
1397.000000 0.186239
1398.000000 0.376020
1399.000000 0.160985
1400.000000 0.304827
1401.000000 0.101333
1402.000000 0.455616
1403.000000 0.169936
1404.000000 0.189262
1405.000000 0.526019
1406.000000 0.214830
1407.000000 0.343079
1408.000000 0.361157
1409.000000 0.236629
1410.000000 0.091808
1411.000000 0.295423
1412.000000 0.122799
1413.000000 0.034499
1414.000000 0.303151
1415.000000 0.088976
1416.000000 0.160486
1417.000000 0.405035
1418.000000 0.168156
1419.000000 0.411791
1420.000000 0.186221
1421.000000 0.046644
1422.000000 0.184226
1423.000000 0.165864
1424.000000 0.216921
1425.000000 0.306316
1426.000000 0.123448
1427.000000 0.303988
1428.000000 0.151028
1429.000000 0.590809
1430.000000 0.075845
1431.000000 0.477775
1432.000000 0.283809
1433.000000 0.089568
1434.000000 0.298429
1435.000000 0.243063
1436.000000 0.166474
1437.000000 0.082092
1438.000000 0.130888
1439.000000 0.242380
1440.000000 0.099110
1441.000000 0.393178
1442.000000 0.087878
1443.000000 0.160885
1444.000000 0.130313
1445.000000 0.175266
1446.000000 0.353023
1447.000000 0.251947
1448.000000 0.230376
1449.000000 0.217912
1450.000000 0.066596
1451.000000 0.237695
1452.000000 0.052545
1453.000000 0.057166
1454.000000 0.184596
1455.000000 0.070839
1456.000000 0.080724
1457.000000 0.299542
1458.000000 0.233233
1459.000000 0.255579
1460.000000 0.147940
1461.000000 0.131047
1462.000000 0.223551
1463.000000 0.085789
1464.000000 0.066351
1465.000000 0.101982
1466.000000 0.058039
1467.000000 0.192951
1468.000000 0.136634
1469.000000 0.108671
1470.000000 0.347907
1471.000000 0.029461
1472.000000 0.215383
1473.000000 0.223608
1474.000000 0.165096
1475.000000 0.093201
1476.000000 0.310547
1477.000000 0.081116
1478.000000 0.162031
1479.000000 0.167723
1480.000000 0.178565
1481.000000 0.023754
1482.000000 0.334249
1483.000000 0.024641
1484.000000 0.295341
1485.000000 0.403161
1486.000000 0.307490
1487.000000 0.215864
1488.000000 0.195032
1489.000000 0.226367
1490.000000 0.205090
1491.000000 0.222353
1492.000000 0.080116
1493.000000 0.314865
1494.000000 0.341600
1495.000000 0.195832
1496.000000 0.025341
1497.000000 0.157703
1498.000000 0.133455
1499.000000 0.212541
1500.000000 0.356215
1501.000000 0.147292
1502.000000 0.245946
1503.000000 0.301786
1504.000000 0.044042
1505.000000 0.204128
1506.000000 0.348959
1507.000000 0.060015
1508.000000 0.256128
1509.000000 0.403672
1510.000000 0.215271
1511.000000 0.345621
1512.000000 0.160628
1513.000000 0.083471
1514.000000 0.135911
1515.000000 0.330124
1516.000000 0.322831
1517.000000 0.312505
1518.000000 0.121419
1519.000000 0.067664
1520.000000 0.109143
1521.000000 0.109399
1522.000000 0.232975
1523.000000 0.185204
1524.000000 0.206486
1525.000000 0.154727
1526.000000 0.446772
1527.000000 0.083380
1528.000000 0.322671
1529.000000 0.234510
1530.000000 0.321930
1531.000000 0.389469
1532.000000 0.240555
1533.000000 0.184449
1534.000000 0.223441
1535.000000 0.226118
1536.000000 0.274320
1537.000000 0.403491
1538.000000 0.175475
1539.000000 0.179827
1540.000000 0.442235
1541.000000 0.032400
1542.000000 0.174522
1543.000000 0.299423
1544.000000 0.173798
1545.000000 0.197779
1546.000000 0.134185
1547.000000 0.294013
1548.000000 0.133226
1549.000000 0.100962
1550.000000 0.296361
1551.000000 0.221666
1552.000000 0.326721
1553.000000 0.086148
1554.000000 0.325537
1555.000000 0.194940
1556.000000 0.284205
1557.000000 0.077080
1558.000000 0.076437
1559.000000 0.388554
1560.000000 0.211107
1561.000000 0.246488
1562.000000 0.120405
1563.000000 0.262990
1564.000000 0.339597
1565.000000 0.113879
1566.000000 0.087135
1567.000000 0.147572
1568.000000 0.270681
1569.000000 0.088935
1570.000000 0.272558
1571.000000 0.105405
1572.000000 0.089395
1573.000000 0.267153
1574.000000 0.236633
1575.000000 0.105576
1576.000000 0.219301
1577.000000 0.146471
1578.000000 0.081765
1579.000000 0.347897
1580.000000 0.008356
1581.000000 0.191879
1582.000000 0.065469
1583.000000 0.142909
1584.000000 0.199861
1585.000000 0.181084
1586.000000 0.443543
1587.000000 0.254109
1588.000000 0.143328
1589.000000 0.144699
1590.000000 0.133352
1591.000000 0.219599
1592.000000 0.272181
1593.000000 0.109549
1594.000000 0.136280
1595.000000 0.311985
1596.000000 0.256913
1597.000000 0.101874
1598.000000 0.360901
1599.000000 0.308048
1600.000000 0.155293
1601.000000 0.251039
1602.000000 0.093687
1603.000000 0.223123
1604.000000 0.222207
1605.000000 0.134399
1606.000000 0.190615
1607.000000 0.380765
1608.000000 0.042688
1609.000000 0.226443
1610.000000 0.193465
1611.000000 0.102442
1612.000000 0.080137
1613.000000 0.352883
1614.000000 0.300678
1615.000000 0.251106
1616.000000 0.232168
1617.000000 0.189223
1618.000000 0.313678
1619.000000 0.159759
1620.000000 0.207362
1621.000000 0.084222
1622.000000 0.255846
1623.000000 0.303699
1624.000000 0.327075
1625.000000 0.373223
1626.000000 0.437536
1627.000000 0.070331
1628.000000 0.236444
1629.000000 0.140231
1630.000000 0.116482
1631.000000 0.254394
1632.000000 0.116033
1633.000000 0.189995
1634.000000 0.296965
1635.000000 0.110693
1636.000000 0.444160
1637.000000 0.388272
1638.000000 0.250867
1639.000000 0.295921
1640.000000 0.101419
1641.000000 0.387720
1642.000000 0.164320
1643.000000 0.165660
1644.000000 0.352612
1645.000000 0.145889
1646.000000 0.043852
1647.000000 0.447421
1648.000000 0.298775
1649.000000 0.127792
1650.000000 0.287171
1651.000000 0.039761
1652.000000 0.268860
1653.000000 0.321729
1654.000000 0.302889
1655.000000 0.258163
1656.000000 0.170393
1657.000000 0.266660
1658.000000 0.519624
1659.000000 0.282865
1660.000000 0.272969
1661.000000 0.169919
1662.000000 0.221274
1663.000000 0.332582
1664.000000 0.290201
1665.000000 0.063080
1666.000000 0.229704
1667.000000 0.310168
1668.000000 0.258494
1669.000000 0.154464
1670.000000 0.101705
1671.000000 0.109760
1672.000000 0.039757
1673.000000 0.163434
1674.000000 0.188533
1675.000000 0.088187
1676.000000 0.150347
1677.000000 0.370554
1678.000000 0.166396
1679.000000 0.234559
1680.000000 0.119544
1681.000000 0.238512
1682.000000 0.312583
1683.000000 0.111879
1684.000000 0.091670
1685.000000 0.086753
1686.000000 0.347908
1687.000000 0.090351
1688.000000 0.174445
1689.000000 0.376834
1690.000000 0.121469
1691.000000 0.127822
1692.000000 0.040160
1693.000000 0.057621
1694.000000 0.221598
1695.000000 0.217912
1696.000000 0.216902
1697.000000 0.397488
1698.000000 0.188391
1699.000000 0.261651
1700.000000 0.013809
1701.000000 0.231463
1702.000000 0.056962
1703.000000 0.075062
1704.000000 0.216977
1705.000000 0.269356
1706.000000 0.211904
1707.000000 0.152433
1708.000000 0.144113
1709.000000 0.199564
1710.000000 0.182430
1711.000000 0.300948
1712.000000 0.228446
1713.000000 0.108546
1714.000000 0.122278
1715.000000 0.094296
1716.000000 0.270381
1717.000000 0.028705
1718.000000 0.381208
1719.000000 0.138800
1720.000000 0.493076
1721.000000 0.201385
1722.000000 0.305490
1723.000000 0.291062
1724.000000 0.493238
1725.000000 0.163094
1726.000000 0.176132
1727.000000 0.124729
1728.000000 0.288318
1729.000000 0.417648
1730.000000 0.293289
1731.000000 0.014328
1732.000000 0.052698
1733.000000 0.252263
1734.000000 0.370518
1735.000000 0.187246
1736.000000 0.306190
1737.000000 0.094155
1738.000000 0.189518
1739.000000 0.370717
1740.000000 0.200269
1741.000000 0.392234
1742.000000 0.152826
1743.000000 0.226047
1744.000000 0.154479
1745.000000 0.083486
1746.000000 0.152092
1747.000000 0.379039
1748.000000 0.285313
1749.000000 0.271500
1750.000000 0.103369
1751.000000 0.185693
1752.000000 0.039610
1753.000000 0.144027
1754.000000 0.221938
1755.000000 0.196724
1756.000000 0.263407
1757.000000 0.363299
1758.000000 0.191382
1759.000000 0.300646
1760.000000 0.225299
1761.000000 0.320983
1762.000000 0.233861
1763.000000 0.172414
1764.000000 0.115253
1765.000000 0.286528
1766.000000 0.487402
1767.000000 0.138242
1768.000000 0.243013
1769.000000 0.350219
1770.000000 0.290117
1771.000000 0.161387
1772.000000 0.076497
1773.000000 0.283924
1774.000000 0.241204
1775.000000 0.284619
1776.000000 0.257673
1777.000000 0.297383
1778.000000 0.263111
1779.000000 0.085947
1780.000000 0.430676
1781.000000 0.096373
1782.000000 0.245949
1783.000000 0.253060
1784.000000 0.327458
1785.000000 0.186469
1786.000000 0.131811
1787.000000 0.114050
1788.000000 0.264514
1789.000000 0.244087
1790.000000 0.125648
1791.000000 0.424766
1792.000000 0.194591
1793.000000 0.244078
1794.000000 0.123665
1795.000000 0.085749
1796.000000 0.278386
1797.000000 0.122811
1798.000000 0.290933
1799.000000 0.148317
1800.000000 0.093652
1801.000000 0.215857
1802.000000 0.194155
1803.000000 0.234928
1804.000000 0.062855
1805.000000 0.147742
1806.000000 0.097179
1807.000000 0.115332
1808.000000 0.178875
1809.000000 0.285067
1810.000000 0.197536
1811.000000 0.161506
1812.000000 0.104350
1813.000000 0.264074
1814.000000 0.132968
1815.000000 0.250914
1816.000000 0.173927
1817.000000 0.053442
1818.000000 0.085978
1819.000000 0.112141
1820.000000 0.085194
1821.000000 0.434930
1822.000000 0.233012
1823.000000 0.111280
1824.000000 0.381176
1825.000000 0.364784
1826.000000 0.436317
1827.000000 0.327620
1828.000000 0.479360
1829.000000 0.139255
1830.000000 0.048125
1831.000000 0.170522
1832.000000 0.264820
1833.000000 0.151261
1834.000000 0.314128
1835.000000 0.351043
1836.000000 0.130013
1837.000000 0.166180
1838.000000 0.086630
1839.000000 0.155795
1840.000000 0.099115
1841.000000 0.179716
1842.000000 0.276367
1843.000000 0.407830
1844.000000 0.180469
1845.000000 0.428564
1846.000000 0.454060
1847.000000 0.315014
1848.000000 0.184467
1849.000000 0.033898
1850.000000 0.195343
1851.000000 0.296908
1852.000000 0.303672
1853.000000 0.073302
1854.000000 0.300858
1855.000000 0.511292
1856.000000 0.439039
1857.000000 0.134439
1858.000000 0.182836
1859.000000 0.159670
1860.000000 0.060741
1861.000000 0.313096
1862.000000 0.109620
1863.000000 0.300121
1864.000000 0.069849
1865.000000 0.290539
1866.000000 0.355577
1867.000000 0.244893
1868.000000 0.267935
1869.000000 0.148047
1870.000000 0.228208
1871.000000 0.447986
1872.000000 0.048426
1873.000000 0.012331
1874.000000 0.286640
1875.000000 0.282315
1876.000000 0.166484
1877.000000 0.076656
1878.000000 0.122177
1879.000000 0.317487
1880.000000 0.116471
1881.000000 0.447639
1882.000000 0.060350
1883.000000 0.445662
1884.000000 0.132996
1885.000000 0.043355
1886.000000 0.253735
1887.000000 0.248157
1888.000000 0.480659
1889.000000 0.215116
1890.000000 0.171721
1891.000000 0.121029
1892.000000 0.041957
1893.000000 0.335723
1894.000000 0.330691
1895.000000 0.282344
1896.000000 0.164921
1897.000000 0.266818
1898.000000 0.290109
1899.000000 0.258151
1900.000000 0.305079
1901.000000 0.235592
1902.000000 0.321311
1903.000000 0.149434
1904.000000 0.346568
1905.000000 0.143203
1906.000000 0.284217
1907.000000 0.281901
1908.000000 0.204220
1909.000000 0.206332
1910.000000 0.159802
1911.000000 0.338241
1912.000000 0.261014
1913.000000 0.299331
1914.000000 0.228909
1915.000000 0.119616
1916.000000 0.179764
1917.000000 0.333328
1918.000000 0.184776
1919.000000 0.371406
1920.000000 0.310898
1921.000000 0.095141
1922.000000 0.194743
1923.000000 0.215746
1924.000000 0.183858
1925.000000 0.267390
1926.000000 0.097353
1927.000000 0.161717
1928.000000 0.249596
1929.000000 0.170919
1930.000000 0.301020
1931.000000 0.222493
1932.000000 0.307270
1933.000000 0.264196
1934.000000 0.192333
1935.000000 0.195167
1936.000000 0.380644
1937.000000 0.323787
1938.000000 0.189581
1939.000000 0.330677
1940.000000 0.427528
1941.000000 0.232520
1942.000000 0.295205
1943.000000 0.212815
1944.000000 0.376588
1945.000000 0.082458
1946.000000 0.093894
1947.000000 0.063731
1948.000000 0.042529
1949.000000 0.132403
1950.000000 0.333046
1951.000000 0.281085
1952.000000 0.213036
1953.000000 0.390335
1954.000000 0.192344
1955.000000 0.223737
1956.000000 0.144371
1957.000000 0.156319
1958.000000 0.160836
1959.000000 0.225426
1960.000000 0.158309
1961.000000 0.215235
1962.000000 0.156257
1963.000000 0.235340
1964.000000 0.094803
1965.000000 0.092383
1966.000000 0.538568
1967.000000 0.310506
1968.000000 0.089239
1969.000000 0.111260
1970.000000 0.119935
1971.000000 0.244722
1972.000000 0.151387
1973.000000 0.076390
1974.000000 0.004759
1975.000000 0.190358
1976.000000 0.145366
1977.000000 0.369306
1978.000000 0.276328
1979.000000 0.362365
1980.000000 0.326930
1981.000000 0.293770
1982.000000 0.277268
1983.000000 0.205631
1984.000000 0.289854
1985.000000 0.069149
1986.000000 0.324478
1987.000000 0.096406
1988.000000 0.248617
1989.000000 0.100589
1990.000000 0.259890
1991.000000 0.232961
1992.000000 0.485262
1993.000000 0.490820
1994.000000 0.393493
1995.000000 0.241239
1996.000000 0.107537
1997.000000 0.256075
1998.000000 0.265355
1999.000000 0.105545
2000.000000 0.265638
2001.000000 0.196814
2002.000000 0.177150
2003.000000 0.238005
2004.000000 0.207136
2005.000000 0.234177
2006.000000 0.303820
2007.000000 0.213086
2008.000000 0.254366
2009.000000 0.313367
2010.000000 0.230254
2011.000000 0.275579
2012.000000 0.187836
2013.000000 0.094041
2014.000000 0.034598
2015.000000 0.091302
2016.000000 0.394629
2017.000000 0.332918
2018.000000 0.119159
2019.000000 0.341635
2020.000000 0.189347
2021.000000 0.196026
2022.000000 0.395102
2023.000000 0.157634
2024.000000 0.114125
2025.000000 0.122371
2026.000000 0.006722
2027.000000 0.085386
2028.000000 0.227961
2029.000000 0.307504
2030.000000 0.068101
2031.000000 0.208936
2032.000000 0.122796
2033.000000 0.324803
2034.000000 0.141196
2035.000000 0.194419
2036.000000 0.080259
2037.000000 0.191360
2038.000000 0.251073
2039.000000 0.143922
2040.000000 0.186682
2041.000000 0.100785
2042.000000 0.227169
2043.000000 0.452679
2044.000000 0.055497
2045.000000 0.431091
2046.000000 0.196258
2047.000000 0.133962
2048.000000 0.130871
2049.000000 0.161098
2050.000000 0.097101
2051.000000 0.223638
2052.000000 0.195952
2053.000000 0.039915
2054.000000 0.132356
2055.000000 0.278764
2056.000000 0.366724
2057.000000 0.086607
2058.000000 0.404860
2059.000000 0.246881
2060.000000 0.489297
2061.000000 0.175760
2062.000000 0.025888
2063.000000 0.037801
2064.000000 0.217447
2065.000000 0.103790
2066.000000 0.319588
2067.000000 0.065548
2068.000000 0.106168
2069.000000 0.149953
2070.000000 0.271113
2071.000000 0.210356
2072.000000 0.164603
2073.000000 0.309404
2074.000000 0.181006
2075.000000 0.345230
2076.000000 0.358024
2077.000000 0.274727
2078.000000 0.428738
2079.000000 0.343992
2080.000000 0.374858
2081.000000 0.204994
2082.000000 0.229083
2083.000000 0.498544
2084.000000 0.116996
2085.000000 0.231025
2086.000000 0.181302
2087.000000 0.083211
2088.000000 0.452400
2089.000000 0.173505
2090.000000 0.222891
2091.000000 0.157714
2092.000000 0.096708
2093.000000 0.376220
2094.000000 0.213630
2095.000000 0.091519
2096.000000 0.192794
2097.000000 0.217535
2098.000000 0.174503
2099.000000 0.380335
2100.000000 0.352011
2101.000000 0.097438
2102.000000 0.214001
2103.000000 0.127742
2104.000000 0.140318
2105.000000 0.153762
2106.000000 0.135641
2107.000000 0.183682
2108.000000 0.451448
2109.000000 0.410604
2110.000000 0.138587
2111.000000 0.293710
2112.000000 0.290439
2113.000000 0.114679
2114.000000 0.265914
2115.000000 0.219294
2116.000000 0.103786
2117.000000 0.229954
2118.000000 0.198265
2119.000000 0.299906
2120.000000 0.089971
2121.000000 0.108923
2122.000000 0.298422
2123.000000 0.229366
2124.000000 0.154993
2125.000000 0.163169
2126.000000 0.339800
2127.000000 0.268195
2128.000000 0.205701
2129.000000 0.312300
2130.000000 0.344779
2131.000000 0.044157
2132.000000 0.210786
2133.000000 0.082952
2134.000000 0.210842
2135.000000 0.365209
2136.000000 0.129528
2137.000000 0.271539
2138.000000 0.078147
2139.000000 0.113165
2140.000000 0.413497
2141.000000 0.274456
2142.000000 0.130503
2143.000000 0.207705
2144.000000 0.049048
2145.000000 0.411912
2146.000000 0.226813
2147.000000 0.334583
2148.000000 0.376345
2149.000000 0.267521
2150.000000 0.087970
2151.000000 0.334805
2152.000000 0.213822
2153.000000 0.200467
2154.000000 0.247625
2155.000000 0.119332
2156.000000 0.237788
2157.000000 0.168775
2158.000000 0.155705
2159.000000 0.206090
2160.000000 0.280492
2161.000000 0.261865
2162.000000 0.212184
2163.000000 0.139049
2164.000000 0.094089
2165.000000 0.280504
2166.000000 0.295357
2167.000000 0.111274
2168.000000 0.214240
2169.000000 0.225057
2170.000000 0.244765
2171.000000 0.018930
2172.000000 0.126706
2173.000000 0.169701
2174.000000 0.090262
2175.000000 0.212330
2176.000000 0.376567
2177.000000 0.268504
2178.000000 0.055810
2179.000000 0.113968
2180.000000 0.337816
2181.000000 0.258356
2182.000000 0.102867
2183.000000 0.121845
2184.000000 0.465413
2185.000000 0.164120
2186.000000 0.228306
2187.000000 0.071437
2188.000000 0.096354
2189.000000 0.217443
2190.000000 0.252382
2191.000000 0.056145
2192.000000 0.296943
2193.000000 0.182648
2194.000000 0.023353
2195.000000 0.459676
2196.000000 0.152367
2197.000000 0.270875
2198.000000 0.355908
2199.000000 0.206881
2200.000000 0.180243
2201.000000 0.253484
2202.000000 0.151169
2203.000000 0.454476
2204.000000 0.127399
2205.000000 0.141258
2206.000000 0.251488
2207.000000 0.359968
2208.000000 0.344651
2209.000000 0.396509
2210.000000 0.142969
2211.000000 0.147741
2212.000000 0.323920
2213.000000 0.252984
2214.000000 0.168604
2215.000000 0.230356
2216.000000 0.222973
2217.000000 0.324849
2218.000000 0.297540
2219.000000 0.124953
2220.000000 0.176973
2221.000000 0.299855
2222.000000 0.288076
2223.000000 0.149184
2224.000000 0.357669
2225.000000 0.149600
2226.000000 0.453850
2227.000000 0.239929
2228.000000 0.104042
2229.000000 0.062094
2230.000000 0.120721
2231.000000 0.280038
2232.000000 0.130005
2233.000000 0.111064
2234.000000 0.214398
2235.000000 0.168405
2236.000000 0.162571
2237.000000 0.054825
2238.000000 0.207648
2239.000000 0.285572
2240.000000 0.373163
2241.000000 0.155290
2242.000000 0.347153
2243.000000 0.035148
2244.000000 0.278803
2245.000000 0.259644
2246.000000 0.220906
2247.000000 0.298150
2248.000000 0.193162
2249.000000 0.081612
2250.000000 0.057610
2251.000000 0.237749
2252.000000 0.287318
2253.000000 0.301995
2254.000000 0.228279
2255.000000 0.301856
2256.000000 0.254746
2257.000000 0.197104
2258.000000 0.218107
2259.000000 0.336239
2260.000000 0.014079
2261.000000 0.304907
2262.000000 0.092400
2263.000000 0.404952
2264.000000 0.350487
2265.000000 0.074212
2266.000000 0.473934
2267.000000 0.306675
2268.000000 0.389280
2269.000000 0.122004
2270.000000 0.403095
2271.000000 0.262264
2272.000000 0.337297
2273.000000 0.261566
2274.000000 0.229295
2275.000000 0.277157
2276.000000 0.086969
2277.000000 0.228207
2278.000000 0.265779
2279.000000 0.097446
2280.000000 0.400981
2281.000000 0.195469
2282.000000 0.190897
2283.000000 0.272438
2284.000000 0.244687
2285.000000 0.358152
2286.000000 0.293664
2287.000000 0.200309
2288.000000 0.183572
2289.000000 0.283836
2290.000000 0.093197
2291.000000 0.325008
2292.000000 0.369110
2293.000000 0.176878
2294.000000 0.109156
2295.000000 0.314481
2296.000000 0.220246
2297.000000 0.184052
2298.000000 0.368276
2299.000000 0.469187
2300.000000 0.246682
2301.000000 0.235391
2302.000000 0.416223
2303.000000 0.283344
2304.000000 0.274906
2305.000000 0.293523
2306.000000 0.383283
2307.000000 0.246688
2308.000000 0.101067
2309.000000 0.270179
2310.000000 0.401298
2311.000000 0.068175
2312.000000 0.082003
2313.000000 0.095200
2314.000000 0.350066
2315.000000 0.166601
2316.000000 0.181594
2317.000000 0.211663
2318.000000 0.374659
2319.000000 0.420637
2320.000000 0.113311
2321.000000 0.199341
2322.000000 0.192241
2323.000000 0.170373
2324.000000 0.111879
2325.000000 0.374955
2326.000000 0.143275
2327.000000 0.069718
2328.000000 0.289273
2329.000000 0.103262
2330.000000 0.394340
2331.000000 0.194501
2332.000000 0.191356
2333.000000 0.099638
2334.000000 0.067387
2335.000000 0.109978
2336.000000 0.339301
2337.000000 0.220057
2338.000000 0.147421
2339.000000 0.228425
2340.000000 0.189532
2341.000000 0.142027
2342.000000 0.128160
2343.000000 0.086058
2344.000000 0.153651
2345.000000 0.495970
2346.000000 0.063367
2347.000000 0.226569
2348.000000 0.218506
2349.000000 0.194329
2350.000000 0.139494
2351.000000 0.175315
2352.000000 0.368656
2353.000000 0.270818
2354.000000 0.434782
2355.000000 0.080786
2356.000000 0.196755
2357.000000 0.326394
2358.000000 0.132762
2359.000000 0.253676
2360.000000 0.158389
2361.000000 0.219390
2362.000000 0.157564
2363.000000 0.098971
2364.000000 0.321429
2365.000000 0.080799
2366.000000 0.117801
2367.000000 0.253022
2368.000000 0.263321
2369.000000 0.412962
2370.000000 0.099792
2371.000000 0.315263
2372.000000 0.188162
2373.000000 0.414911
2374.000000 0.361108
2375.000000 0.165403
2376.000000 0.054244
2377.000000 0.413206
2378.000000 0.084480
2379.000000 0.169212
2380.000000 0.116262
2381.000000 0.139552
2382.000000 0.267559
2383.000000 0.115889
2384.000000 0.529080
2385.000000 0.018742
2386.000000 0.121268
2387.000000 0.138098
2388.000000 0.132205
2389.000000 0.275746
2390.000000 0.141419
2391.000000 0.277015
2392.000000 0.236523
2393.000000 0.325030
2394.000000 0.224722
2395.000000 0.290684
2396.000000 0.186525
2397.000000 0.085877
2398.000000 0.156713
2399.000000 0.069874
2400.000000 0.341568
2401.000000 0.148088
2402.000000 0.282975
2403.000000 0.294119
2404.000000 0.305109
2405.000000 0.570095
2406.000000 0.382475
2407.000000 0.402506
2408.000000 0.241264
2409.000000 0.199632
2410.000000 0.152177
2411.000000 0.287414
2412.000000 0.188696
2413.000000 0.164932
2414.000000 0.109030
2415.000000 0.201066
2416.000000 0.254570
2417.000000 0.167666
2418.000000 0.091595
2419.000000 0.276882
2420.000000 0.169190
2421.000000 0.202762
2422.000000 0.220574
2423.000000 0.147795
2424.000000 0.179706
2425.000000 0.354920
2426.000000 0.183122
2427.000000 0.334445
2428.000000 0.232897
2429.000000 0.185283
2430.000000 0.115441
2431.000000 0.057886
2432.000000 0.500260
2433.000000 0.244938
2434.000000 0.165154
2435.000000 0.298785
2436.000000 0.359875
2437.000000 0.241563
2438.000000 0.286765
2439.000000 0.195186
2440.000000 0.088114
2441.000000 0.194164
2442.000000 0.194334
2443.000000 0.194776
2444.000000 0.369109
2445.000000 0.345019
2446.000000 0.443971
2447.000000 0.085903
2448.000000 0.396138
2449.000000 0.108861
2450.000000 0.202288
2451.000000 0.116121
2452.000000 0.020937
2453.000000 0.204789
2454.000000 0.234498
2455.000000 0.308857
2456.000000 0.291289
2457.000000 0.150586
2458.000000 0.060970
2459.000000 0.330788
2460.000000 0.126551
2461.000000 0.272093
2462.000000 0.190202
2463.000000 0.380034
2464.000000 0.112043
2465.000000 0.119229
2466.000000 0.021328
2467.000000 0.214375
2468.000000 0.335257
2469.000000 0.289666
2470.000000 0.193120
2471.000000 0.336365
2472.000000 0.380667
2473.000000 0.092284
2474.000000 0.120820
2475.000000 0.407235
2476.000000 0.454446
2477.000000 0.028688
2478.000000 0.102789
2479.000000 0.237205
2480.000000 0.436585
2481.000000 0.102480
2482.000000 0.116196
2483.000000 0.304363
2484.000000 0.325564
2485.000000 0.140918
2486.000000 0.239557
2487.000000 0.366627
2488.000000 0.085733
2489.000000 0.130099
2490.000000 0.128340
2491.000000 0.313106
2492.000000 0.095435
2493.000000 0.207112
2494.000000 0.196550
2495.000000 0.138500
2496.000000 0.212573
2497.000000 0.508395
2498.000000 0.257729
2499.000000 0.388492
2500.000000 0.169562
2501.000000 0.221131
2502.000000 0.219795
2503.000000 0.155897
2504.000000 0.117703
2505.000000 0.362696
2506.000000 0.029011
2507.000000 0.388243
2508.000000 0.086181
2509.000000 0.077070
2510.000000 0.275475
2511.000000 0.098010
2512.000000 0.232050
2513.000000 0.074267
2514.000000 0.346136
2515.000000 0.301487
2516.000000 0.100678
2517.000000 0.286891
2518.000000 0.121776
2519.000000 0.173027
2520.000000 0.267595
2521.000000 0.053847
2522.000000 0.088963
2523.000000 0.114991
2524.000000 0.151226
2525.000000 0.221054
2526.000000 0.101592
2527.000000 0.296672
2528.000000 0.254698
2529.000000 0.263552
2530.000000 0.127509
2531.000000 0.223341
2532.000000 0.256569
2533.000000 0.309621
2534.000000 0.216461
2535.000000 0.214667
2536.000000 0.457325
2537.000000 0.151394
2538.000000 0.143650
2539.000000 0.350796
2540.000000 0.198238
2541.000000 0.236311
2542.000000 0.348608
2543.000000 0.049052
2544.000000 0.166620
2545.000000 0.035808
2546.000000 0.145490
2547.000000 0.365747
2548.000000 0.441982
2549.000000 0.295544
2550.000000 0.220060
2551.000000 0.015199
2552.000000 0.266011
2553.000000 0.075276
2554.000000 0.372771
2555.000000 0.308189
2556.000000 0.174490
2557.000000 0.285182
2558.000000 0.176723
2559.000000 0.502035
2560.000000 0.244450
2561.000000 0.183251
2562.000000 0.105892
2563.000000 0.187429
2564.000000 0.113746
2565.000000 0.030111
2566.000000 0.110767
2567.000000 0.126716
2568.000000 0.172037
2569.000000 0.081333
2570.000000 0.619587
2571.000000 0.304847
2572.000000 0.150580
2573.000000 0.116100
2574.000000 0.265744
2575.000000 0.020557
2576.000000 0.232221
2577.000000 0.158412
2578.000000 0.407399
2579.000000 0.063639
2580.000000 0.350701
2581.000000 0.114956
2582.000000 0.406462
2583.000000 0.357537
2584.000000 0.313686
2585.000000 0.098673
2586.000000 0.315889
2587.000000 0.262270
2588.000000 0.173784
2589.000000 0.224116
2590.000000 0.168689
2591.000000 0.198121
2592.000000 0.368018
2593.000000 0.238417
2594.000000 0.274668
2595.000000 0.024542
2596.000000 0.211418
2597.000000 0.217252
2598.000000 0.278592
2599.000000 0.301166
2600.000000 0.092898
2601.000000 0.174037
2602.000000 0.269866
2603.000000 0.151217
2604.000000 0.097415
2605.000000 0.487666
2606.000000 0.012176
2607.000000 0.209831
2608.000000 0.246315
2609.000000 0.186595
2610.000000 0.506776
2611.000000 0.134566
2612.000000 0.253552
2613.000000 0.440549
2614.000000 0.249636
2615.000000 0.309895
2616.000000 0.289909
2617.000000 0.131090
2618.000000 0.281768
2619.000000 0.140713
2620.000000 0.126307
2621.000000 0.067765
2622.000000 0.089113
2623.000000 0.212525
2624.000000 0.484148
2625.000000 0.322993
2626.000000 0.061749
2627.000000 0.184802
2628.000000 0.084171
2629.000000 0.180512
2630.000000 0.174848
2631.000000 0.455060
2632.000000 0.381506
2633.000000 0.213594
2634.000000 0.346309
2635.000000 0.026772
2636.000000 0.255041
2637.000000 0.223340
2638.000000 0.119908
2639.000000 0.291594
2640.000000 0.208139
2641.000000 0.142793
2642.000000 0.174903
2643.000000 0.444244
2644.000000 0.160213
2645.000000 0.242112
2646.000000 0.342460
2647.000000 0.345693
2648.000000 0.182556
2649.000000 0.116891
2650.000000 0.359709
2651.000000 0.124640
2652.000000 0.141313
2653.000000 0.149175
2654.000000 0.091823
2655.000000 0.389844
2656.000000 0.085402
2657.000000 0.458804
2658.000000 0.205383
2659.000000 0.194504
2660.000000 0.210999
2661.000000 0.169919
2662.000000 0.172080
2663.000000 0.068446
2664.000000 0.276617
2665.000000 0.187590
2666.000000 0.195331
2667.000000 0.361647
2668.000000 0.372561
2669.000000 0.338746
2670.000000 0.511486
2671.000000 0.206700
2672.000000 0.076028
2673.000000 0.265556
2674.000000 0.252433
2675.000000 0.335337
2676.000000 0.157382
2677.000000 0.030008
2678.000000 0.201239
2679.000000 0.343775
2680.000000 0.152982
2681.000000 0.283023
2682.000000 0.224936
2683.000000 0.030612
2684.000000 0.161392
2685.000000 0.274980
2686.000000 0.577911
2687.000000 0.208413
2688.000000 0.185078
2689.000000 0.315347
2690.000000 0.127917
2691.000000 0.598021
2692.000000 0.231085
2693.000000 0.392787
2694.000000 0.267711
2695.000000 0.200564
2696.000000 0.318738
2697.000000 0.177687
2698.000000 0.337974
2699.000000 0.160631
2700.000000 0.048565
2701.000000 0.289033
2702.000000 0.322504
2703.000000 0.179402
2704.000000 0.223809
2705.000000 0.316661
2706.000000 0.140645
2707.000000 0.245029
2708.000000 0.294888
2709.000000 0.388575
2710.000000 0.306304
2711.000000 0.204742
2712.000000 0.289911
2713.000000 0.246644
2714.000000 0.351464
2715.000000 0.218607
2716.000000 0.473381
2717.000000 0.223631
2718.000000 0.143751
2719.000000 0.163669
2720.000000 0.424319
2721.000000 0.457286
2722.000000 0.143754
2723.000000 0.288821
2724.000000 0.339450
2725.000000 0.229954
2726.000000 0.185065
2727.000000 0.158464
2728.000000 0.154503
2729.000000 0.253547
2730.000000 0.122560
2731.000000 0.089036
2732.000000 0.261416
2733.000000 0.352550
2734.000000 0.158185
2735.000000 0.217416
2736.000000 0.535788
2737.000000 0.108483
2738.000000 0.535921
2739.000000 0.377825
2740.000000 0.320642
2741.000000 0.222918
2742.000000 0.289762
2743.000000 0.099341
2744.000000 0.298957
2745.000000 0.322141
2746.000000 0.447870
2747.000000 0.326166
2748.000000 0.374348
2749.000000 0.033215
2750.000000 0.230346
2751.000000 0.197948
2752.000000 0.124842
2753.000000 0.159770
2754.000000 0.157198
2755.000000 0.344783
2756.000000 0.228439
2757.000000 0.269526
2758.000000 0.212359
2759.000000 0.273796
2760.000000 0.316419
2761.000000 0.376023
2762.000000 0.275556
2763.000000 0.047051
2764.000000 0.315494
2765.000000 0.187139
2766.000000 0.220551
2767.000000 0.338559
2768.000000 0.037519
2769.000000 0.055624
2770.000000 0.144293
2771.000000 0.329550
2772.000000 0.099285
2773.000000 0.123210
2774.000000 0.283293
2775.000000 0.112026
2776.000000 0.205442
2777.000000 0.181647
2778.000000 0.299113
2779.000000 0.175329
2780.000000 0.250913
2781.000000 0.256845
2782.000000 0.229803
2783.000000 0.170288
2784.000000 0.130165
2785.000000 0.279128
2786.000000 0.262904
2787.000000 0.217060
2788.000000 0.369037
2789.000000 0.350096
2790.000000 0.112719
2791.000000 0.322532
2792.000000 0.365185
2793.000000 0.158442
2794.000000 0.349389
2795.000000 0.106350
2796.000000 0.168435
2797.000000 0.067464
2798.000000 0.045888
2799.000000 0.215039
2800.000000 0.292171
2801.000000 0.153273
2802.000000 0.093910
2803.000000 0.340206
2804.000000 0.056807
2805.000000 0.216215
2806.000000 0.531315
2807.000000 0.201920
2808.000000 0.231328
2809.000000 0.061509
2810.000000 0.187839
2811.000000 0.045091
2812.000000 0.462212
2813.000000 0.173584
2814.000000 0.246420
2815.000000 0.220233
2816.000000 0.312312
2817.000000 0.383938
2818.000000 0.148832
2819.000000 0.192867
2820.000000 0.244212
2821.000000 0.151309
2822.000000 0.249565
2823.000000 0.106663
2824.000000 0.403745
2825.000000 0.189944
2826.000000 0.163532
2827.000000 0.328061
2828.000000 0.199076
2829.000000 0.045699
2830.000000 0.184568
2831.000000 0.197621
2832.000000 0.261849
2833.000000 0.050825
2834.000000 0.374104
2835.000000 0.179500
2836.000000 0.333652
2837.000000 0.264100
2838.000000 0.318215
2839.000000 0.233537
2840.000000 0.343933
2841.000000 0.281038
2842.000000 0.120821
2843.000000 0.596731
2844.000000 0.186790
2845.000000 0.232389
2846.000000 0.069743
2847.000000 0.261299
2848.000000 0.262102
2849.000000 0.415925
2850.000000 0.356014
2851.000000 0.076404
2852.000000 0.194873
2853.000000 0.311478
2854.000000 0.095466
2855.000000 0.211817
2856.000000 0.450713
2857.000000 0.383000
2858.000000 0.045673
2859.000000 0.171729
2860.000000 0.162383
2861.000000 0.201514
2862.000000 0.255332
2863.000000 0.164389
2864.000000 0.065642
2865.000000 0.129349
2866.000000 0.133009
2867.000000 0.362250
2868.000000 0.036261
2869.000000 0.114910
2870.000000 0.295410
2871.000000 0.339239
2872.000000 0.135727
2873.000000 0.116452
2874.000000 0.282943
2875.000000 0.108489
2876.000000 0.254345
2877.000000 0.177893
2878.000000 0.266233
2879.000000 0.068515
2880.000000 0.210371
2881.000000 0.215898
2882.000000 0.145172
2883.000000 0.149122
2884.000000 0.077119
2885.000000 0.341679
2886.000000 0.177975
2887.000000 0.139541
2888.000000 0.340619
2889.000000 0.135930
2890.000000 0.201105
2891.000000 0.350333
2892.000000 0.198596
2893.000000 0.440444
2894.000000 0.228677
2895.000000 0.357228
2896.000000 0.090259
2897.000000 0.274647
2898.000000 0.134054
2899.000000 0.294369
2900.000000 0.038045
2901.000000 0.107444
2902.000000 0.111250
2903.000000 0.285703
2904.000000 0.305135
2905.000000 0.114444
2906.000000 0.314393
2907.000000 0.129114
2908.000000 0.278034
2909.000000 0.007627
2910.000000 0.223807
2911.000000 0.290750
2912.000000 0.253143
2913.000000 0.146407
2914.000000 0.152842
2915.000000 0.133130
2916.000000 0.210459
2917.000000 0.032724
2918.000000 0.117796
2919.000000 0.302783
2920.000000 0.235200
2921.000000 0.434799
2922.000000 0.298173
2923.000000 0.317553
2924.000000 0.213486
2925.000000 0.178927
2926.000000 0.083875
2927.000000 0.305967
2928.000000 0.127624
2929.000000 0.039275
2930.000000 0.294378
2931.000000 0.464285
2932.000000 0.405853
2933.000000 0.169863
2934.000000 0.272669
2935.000000 0.161009
2936.000000 0.261264
2937.000000 0.124806
2938.000000 0.120313
2939.000000 0.202369
2940.000000 0.406335
2941.000000 0.165639
2942.000000 0.109018
2943.000000 0.251754
2944.000000 0.220496
2945.000000 0.247060
2946.000000 0.171748
2947.000000 0.165817
2948.000000 0.222869
2949.000000 0.203367
2950.000000 0.307496
2951.000000 0.036700
2952.000000 0.238169
2953.000000 0.305608
2954.000000 0.136199
2955.000000 0.279459
2956.000000 0.049428
2957.000000 0.399068
2958.000000 0.420238
2959.000000 0.377165
2960.000000 0.166976
2961.000000 0.103878
2962.000000 0.183774
2963.000000 0.324113
2964.000000 0.214854
2965.000000 0.302215
2966.000000 0.404067
2967.000000 0.089495
2968.000000 0.129773
2969.000000 0.326855
2970.000000 0.248376
2971.000000 0.165744
2972.000000 0.241901
2973.000000 0.275316
2974.000000 0.157322
2975.000000 0.436607
2976.000000 0.174463
2977.000000 0.233334
2978.000000 0.119871
2979.000000 0.165421
2980.000000 0.150347
2981.000000 0.197111
2982.000000 0.007740
2983.000000 0.205867
2984.000000 0.375402
2985.000000 0.128040
2986.000000 0.347821
2987.000000 0.191951
2988.000000 0.170596
2989.000000 0.395079
2990.000000 0.545738
2991.000000 0.393565
2992.000000 0.052785
2993.000000 0.224198
2994.000000 0.113802
2995.000000 0.134347
2996.000000 0.146717
2997.000000 0.180254
2998.000000 0.200425
2999.000000 0.352805
3000.000000 0.139283
