10.000000 0.305893
20.000000 0.268927
30.000000 0.287874
40.000000 0.312363
50.000000 0.346141
60.000000 0.354873
70.000000 0.298502
80.000000 0.327494
90.000000 0.331264
100.000000 0.321985
110.000000 0.358591
120.000000 0.311936
130.000000 0.313223
140.000000 0.318073
150.000000 0.323948
160.000000 0.320530
170.000000 0.308267
180.000000 0.315329
190.000000 0.358811
200.000000 0.371028
210.000000 0.300807
220.000000 0.333110
230.000000 0.290049
240.000000 0.283949
250.000000 0.289103
260.000000 0.342699
270.000000 0.329746
280.000000 0.305031
290.000000 0.317633
300.000000 0.295297
310.000000 0.334708
320.000000 0.288615
330.000000 0.274464
340.000000 0.312192
350.000000 0.352114
360.000000 0.308917
370.000000 0.294744
380.000000 0.330574
390.000000 0.302283
400.000000 0.294854
410.000000 0.282036
420.000000 0.386225
430.000000 0.336251
440.000000 0.291872
450.000000 0.342149
460.000000 0.369784
470.000000 0.330039
480.000000 0.305910
490.000000 0.353470
500.000000 0.313632
510.000000 0.315765
520.000000 0.361681
530.000000 0.339910
540.000000 0.346672
550.000000 0.308818
560.000000 0.323380
570.000000 0.343941
580.000000 0.287295
590.000000 0.272384
600.000000 0.339096
610.000000 0.338954
620.000000 0.263836
630.000000 0.299473
640.000000 0.339852
650.000000 0.342259
660.000000 0.294193
670.000000 0.347595
680.000000 0.301847
690.000000 0.336929
700.000000 0.316882
710.000000 0.288088
720.000000 0.325566
730.000000 0.329292
740.000000 0.268793
750.000000 0.294782
760.000000 0.363453
770.000000 0.279649
780.000000 0.291269
790.000000 0.299161
800.000000 0.293146
810.000000 0.334889
820.000000 0.300228
830.000000 0.310021
840.000000 0.296148
850.000000 0.336697
860.000000 0.317008
870.000000 0.331032
880.000000 0.294035
890.000000 0.281621
900.000000 0.356244
910.000000 0.347501
920.000000 0.341044
930.000000 0.327467
940.000000 0.273764
950.000000 0.313421
960.000000 0.340242
970.000000 0.258814
980.000000 0.301303
990.000000 0.350499
1000.000000 0.301287
