0.000000 0.047332
1.000000 0.069623
2.000000 0.092158
3.000000 0.028458
4.000000 0.063180
5.000000 0.020613
6.000000 0.051561
7.000000 0.026949
8.000000 0.021945
9.000000 0.025842
10.000000 0.048198
11.000000 0.028646
12.000000 0.053881
13.000000 0.042321
14.000000 0.043214
15.000000 0.078541
16.000000 0.034939
17.000000 0.052394
18.000000 0.021023
19.000000 0.038348
20.000000 0.071379
21.000000 0.059858
22.000000 0.040490
23.000000 0.014483
24.000000 0.027360
25.000000 0.069081
26.000000 0.024009
27.000000 0.050970
28.000000 0.008994
29.000000 0.065939
30.000000 0.075210
31.000000 0.028983
32.000000 0.024819
33.000000 0.045668
34.000000 0.029903
35.000000 0.111078
36.000000 0.084812
37.000000 0.120590
38.000000 0.057448
39.000000 0.041121
40.000000 0.080320
41.000000 0.011071
42.000000 0.059355
43.000000 0.024696
44.000000 0.005532
45.000000 0.032253
46.000000 0.066154
47.000000 0.013724
48.000000 0.109497
49.000000 0.047992
50.000000 0.042929
51.000000 0.029074
52.000000 0.028390
53.000000 0.050853
54.000000 0.104857
55.000000 0.036213
56.000000 0.026630
57.000000 0.009153
58.000000 0.016303
59.000000 0.039727
60.000000 0.036948
61.000000 0.041936
62.000000 0.071059
63.000000 0.053858
64.000000 0.031871
65.000000 0.083487
66.000000 0.032648
67.000000 0.022532
68.000000 0.045560
69.000000 0.055423
70.000000 0.023351
71.000000 0.052672
72.000000 0.017127
73.000000 0.028962
74.000000 0.009974
75.000000 0.074730
76.000000 0.004506
77.000000 0.039458
78.000000 0.073748
79.000000 0.057158
80.000000 0.046606
81.000000 0.027513
82.000000 0.032131
83.000000 0.052770
84.000000 0.032132
85.000000 0.070877
86.000000 0.054505
87.000000 0.042906
88.000000 0.082650
89.000000 0.048890
90.000000 0.022335
91.000000 0.014731
92.000000 0.037690
93.000000 0.017674
94.000000 0.063730
95.000000 0.067650
96.000000 0.020064
97.000000 0.059697
98.000000 0.022158
99.000000 0.020765
100.000000 0.029494
101.000000 0.071106
102.000000 0.063894
103.000000 0.038116
104.000000 0.026803
105.000000 0.066622
106.000000 0.039061
107.000000 0.078945
108.000000 0.048428
109.000000 0.025744
110.000000 0.073356
111.000000 0.015161
112.000000 0.097650
113.000000 0.027104
114.000000 0.033983
115.000000 0.081969
116.000000 0.061297
117.000000 0.088490
118.000000 0.015285
119.000000 0.015773
120.000000 0.024982
121.000000 0.017257
122.000000 0.040227
123.000000 0.016019
124.000000 0.039647
125.000000 0.082373
126.000000 0.014583
127.000000 0.076524
128.000000 0.014108
129.000000 0.077636
130.000000 0.050546
131.000000 0.041441
132.000000 0.094774
133.000000 0.120517
134.000000 0.068830
135.000000 0.057184
136.000000 0.047048
137.000000 0.034917
138.000000 0.075892
139.000000 0.021280
140.000000 0.072053
141.000000 0.078735
142.000000 0.043560
143.000000 0.045458
144.000000 0.076875
145.000000 0.034060
146.000000 0.060541
147.000000 0.066774
148.000000 0.078254
149.000000 0.059613
150.000000 0.084430
151.000000 0.041047
152.000000 0.048937
153.000000 0.049824
154.000000 0.028376
155.000000 0.050375
156.000000 0.060985
157.000000 0.073341
158.000000 0.011919
159.000000 0.018792
160.000000 0.035100
161.000000 0.043850
162.000000 0.017369
163.000000 0.078686
164.000000 0.059976
165.000000 0.035774
166.000000 0.030347
167.000000 0.028977
168.000000 0.112017
169.000000 0.074539
170.000000 0.007333
171.000000 0.069638
172.000000 0.014228
173.000000 0.066533
174.000000 0.043366
175.000000 0.035656
176.000000 0.023208
177.000000 0.031581
178.000000 0.071240
179.000000 0.016146
180.000000 0.024537
181.000000 0.032470
182.000000 0.046759
183.000000 0.039964
184.000000 0.018575
185.000000 0.019412
186.000000 0.042383
187.000000 0.078303
188.000000 0.048143
189.000000 0.058536
190.000000 0.012047
191.000000 0.069757
192.000000 0.049737
193.000000 0.093119
194.000000 0.041765
195.000000 0.018174
196.000000 0.030047
197.000000 0.040128
198.000000 0.038423
199.000000 0.064059
200.000000 0.010571
201.000000 0.052531
202.000000 0.052747
203.000000 0.026060
204.000000 0.053969
205.000000 0.046601
206.000000 0.031609
207.000000 0.042748
208.000000 0.036250
209.000000 0.012545
210.000000 0.066259
211.000000 0.039429
212.000000 0.052158
213.000000 0.066664
214.000000 0.035134
215.000000 0.083791
216.000000 0.027803
217.000000 0.038368
218.000000 0.063621
219.000000 0.061389
220.000000 0.030141
221.000000 0.051288
222.000000 0.044457
223.000000 0.008415
224.000000 0.017588
225.000000 0.037839
226.000000 0.045378
227.000000 0.069060
228.000000 0.025261
229.000000 0.056387
230.000000 0.039848
231.000000 0.020087
232.000000 0.048716
233.000000 0.020912
234.000000 0.019437
235.000000 0.012236
236.000000 0.027859
237.000000 0.063265
238.000000 0.040411
239.000000 0.054332
240.000000 0.035321
241.000000 0.049276
242.000000 0.040804
243.000000 0.112530
244.000000 0.039029
245.000000 0.018706
246.000000 0.030242
247.000000 0.065529
248.000000 0.057045
249.000000 0.032177
250.000000 0.072934
251.000000 0.042613
252.000000 0.017991
253.000000 0.033817
254.000000 0.018247
255.000000 0.073203
256.000000 0.033514
257.000000 0.051771
258.000000 0.021772
259.000000 0.018342
260.000000 0.047967
261.000000 0.081794
262.000000 0.081555
263.000000 0.014185
264.000000 0.022068
265.000000 0.017329
266.000000 0.029649
267.000000 0.048018
268.000000 0.066408
269.000000 0.030143
270.000000 0.048474
271.000000 0.009812
272.000000 0.092374
273.000000 0.007210
274.000000 0.079081
275.000000 0.017546
276.000000 0.067806
277.000000 0.032183
278.000000 0.009315
279.000000 0.006380
280.000000 0.026406
281.000000 0.051986
282.000000 0.029850
283.000000 0.042483
284.000000 0.071445
285.000000 0.057654
286.000000 0.022527
287.000000 0.011937
288.000000 0.044320
289.000000 0.044558
290.000000 0.092608
291.000000 0.041659
292.000000 0.051614
293.000000 0.033345
294.000000 0.018348
295.000000 0.041645
296.000000 0.069379
297.000000 0.075371
298.000000 0.029260
299.000000 0.070866
300.000000 0.026605
301.000000 0.050301
302.000000 0.041193
303.000000 0.028153
304.000000 0.045647
305.000000 0.108757
306.000000 0.009632
307.000000 0.058028
308.000000 0.015166
309.000000 0.059194
310.000000 0.060325
311.000000 0.045267
312.000000 0.073805
313.000000 0.052525
314.000000 0.029717
315.000000 0.054091
316.000000 0.038777
317.000000 0.026364
318.000000 0.032899
319.000000 0.035378
320.000000 0.107951
321.000000 0.044226
322.000000 0.065279
323.000000 0.034787
324.000000 0.068308
325.000000 0.031959
326.000000 0.032485
327.000000 0.066226
328.000000 0.036581
329.000000 0.069208
330.000000 0.039118
331.000000 0.030088
332.000000 0.040261
333.000000 0.098765
334.000000 0.037622
335.000000 0.062344
336.000000 0.049940
337.000000 0.033293
338.000000 0.051247
339.000000 0.068326
340.000000 0.046081
341.000000 0.026329
342.000000 0.020555
343.000000 0.039732
344.000000 0.077293
345.000000 0.081496
346.000000 0.063545
347.000000 0.089054
348.000000 0.097848
349.000000 0.028599
350.000000 0.059863
351.000000 0.043625
352.000000 0.051510
353.000000 0.049301
354.000000 0.064661
355.000000 0.087719
356.000000 0.022958
357.000000 0.062692
358.000000 0.052446
359.000000 0.078865
360.000000 0.009867
361.000000 0.052871
362.000000 0.034539
363.000000 0.044869
364.000000 0.034082
365.000000 0.058425
366.000000 0.074503
367.000000 0.033619
368.000000 0.041163
369.000000 0.031902
370.000000 0.032792
371.000000 0.045414
372.000000 0.040091
373.000000 0.045741
374.000000 0.049665
375.000000 0.057883
376.000000 0.101999
377.000000 0.075385
378.000000 0.001328
379.000000 0.022715
380.000000 0.051453
381.000000 0.021263
382.000000 0.033991
383.000000 0.088103
384.000000 0.032509
385.000000 0.057412
386.000000 0.094229
387.000000 0.033405
388.000000 0.031371
389.000000 0.014397
390.000000 0.028864
391.000000 0.024140
392.000000 0.003639
393.000000 0.018332
394.000000 0.016214
395.000000 0.059410
396.000000 0.013744
397.000000 0.086088
398.000000 0.051822
399.000000 0.006293
400.000000 0.073758
401.000000 0.056097
402.000000 0.036715
403.000000 0.060147
404.000000 0.016236
405.000000 0.052221
406.000000 0.037441
407.000000 0.034700
408.000000 0.053704
409.000000 0.033612
410.000000 0.055508
411.000000 0.077859
412.000000 0.075741
413.000000 0.017727
414.000000 0.072163
415.000000 0.049786
416.000000 0.038819
417.000000 0.093687
418.000000 0.046304
419.000000 0.032318
420.000000 0.047801
421.000000 0.035071
422.000000 0.010897
423.000000 0.026613
424.000000 0.009164
425.000000 0.045777
426.000000 0.049982
427.000000 0.023924
428.000000 0.055575
429.000000 0.022350
430.000000 0.115661
431.000000 0.082823
432.000000 0.019375
433.000000 0.036536
434.000000 0.052359
435.000000 0.035244
436.000000 0.015592
437.000000 0.071025
438.000000 0.036569
439.000000 0.004843
440.000000 0.040335
441.000000 0.066567
442.000000 0.050666
443.000000 0.053818
444.000000 0.032369
445.000000 0.037296
446.000000 0.047428
447.000000 0.102086
448.000000 0.041785
449.000000 0.038602
450.000000 0.031668
451.000000 0.035326
452.000000 0.033197
453.000000 0.080720
454.000000 0.025253
455.000000 0.094994
456.000000 0.040331
457.000000 0.031216
458.000000 0.048981
459.000000 0.035630
460.000000 0.029730
461.000000 0.037773
462.000000 0.047900
463.000000 0.100453
464.000000 0.020739
465.000000 0.056750
466.000000 0.003724
467.000000 0.019177
468.000000 0.013522
469.000000 0.069774
470.000000 0.056567
471.000000 0.041747
472.000000 0.078385
473.000000 0.053335
474.000000 0.103691
475.000000 0.067647
476.000000 0.043183
477.000000 0.029794
478.000000 0.036612
479.000000 0.038169
480.000000 0.017242
481.000000 0.049603
482.000000 0.043375
483.000000 0.098313
484.000000 0.032503
485.000000 0.061947
486.000000 0.024566
487.000000 0.061551
488.000000 0.033763
489.000000 0.036069
490.000000 0.011245
491.000000 0.036559
492.000000 0.004927
493.000000 0.046308
494.000000 0.053306
495.000000 0.020894
496.000000 0.037297
497.000000 0.070539
498.000000 0.090851
499.000000 0.056501
500.000000 0.061826
501.000000 0.018612
502.000000 0.008233
503.000000 0.039198
504.000000 0.024636
505.000000 0.032537
506.000000 0.046954
507.000000 0.043553
508.000000 0.007158
509.000000 0.056647
510.000000 0.031944
511.000000 0.061614
512.000000 0.029425
513.000000 0.074418
514.000000 0.063822
515.000000 0.093910
516.000000 0.055997
517.000000 0.065528
518.000000 0.016322
519.000000 0.044328
520.000000 0.020624
521.000000 0.034531
522.000000 0.081743
523.000000 0.063151
524.000000 0.011963
525.000000 0.019283
526.000000 0.058915
527.000000 0.018192
528.000000 0.044960
529.000000 0.026306
530.000000 0.085494
531.000000 0.053890
532.000000 0.007637
533.000000 0.046449
534.000000 0.056416
535.000000 0.103813
536.000000 0.005840
537.000000 0.016666
538.000000 0.015481
539.000000 0.074098
540.000000 0.071823
541.000000 0.020976
542.000000 0.051619
543.000000 0.019994
544.000000 0.053791
545.000000 0.010229
546.000000 0.106137
547.000000 0.026281
548.000000 0.017321
549.000000 0.031410
550.000000 0.018775
551.000000 0.089000
552.000000 0.052546
553.000000 0.048096
554.000000 0.049159
555.000000 0.026425
556.000000 0.031640
557.000000 0.035740
558.000000 0.062478
559.000000 0.022222
560.000000 0.050791
561.000000 0.030613
562.000000 0.088817
563.000000 0.069823
564.000000 0.013281
565.000000 0.056518
566.000000 0.059109
567.000000 0.064108
568.000000 0.041907
569.000000 0.082340
570.000000 0.040931
571.000000 0.043630
572.000000 0.011089
573.000000 0.018823
574.000000 0.032975
575.000000 0.041269
576.000000 0.071248
577.000000 0.006027
578.000000 0.049867
579.000000 0.022824
580.000000 0.075037
581.000000 0.059575
582.000000 0.066223
583.000000 0.088026
584.000000 0.031417
585.000000 0.047664
586.000000 0.049360
587.000000 0.091736
588.000000 0.025684
589.000000 0.044022
590.000000 0.053055
591.000000 0.039630
592.000000 0.032041
593.000000 0.047635
594.000000 0.039355
595.000000 0.052540
596.000000 0.011492
597.000000 0.039734
598.000000 0.040630
599.000000 0.139311
600.000000 0.048244
601.000000 0.039246
602.000000 0.049917
603.000000 0.042321
604.000000 0.020560
605.000000 0.033361
606.000000 0.039485
607.000000 0.031721
608.000000 0.030846
609.000000 0.007155
610.000000 0.006041
611.000000 0.058385
612.000000 0.088840
613.000000 0.059944
614.000000 0.056609
615.000000 0.012531
616.000000 0.033363
617.000000 0.051979
618.000000 0.055269
619.000000 0.038265
620.000000 0.027874
621.000000 0.036232
622.000000 0.013049
623.000000 0.013981
624.000000 0.033364
625.000000 0.050250
626.000000 0.003418
627.000000 0.020344
628.000000 0.055784
629.000000 0.069222
630.000000 0.076290
631.000000 0.085182
632.000000 0.058632
633.000000 0.098894
634.000000 0.045252
635.000000 0.056543
636.000000 0.028750
637.000000 0.067806
638.000000 0.074522
639.000000 0.030981
640.000000 0.048784
641.000000 0.027013
642.000000 0.035026
643.000000 0.056176
644.000000 0.044334
645.000000 0.026758
646.000000 0.052415
647.000000 0.056608
648.000000 0.027801
649.000000 0.045829
650.000000 0.064313
651.000000 0.008523
652.000000 0.122596
653.000000 0.021135
654.000000 0.072791
655.000000 0.026991
656.000000 0.032320
657.000000 0.041998
658.000000 0.027012
659.000000 0.035429
660.000000 0.067856
661.000000 0.010110
662.000000 0.020055
663.000000 0.034030
664.000000 0.004707
665.000000 0.055847
666.000000 0.085276
667.000000 0.038564
668.000000 0.061661
669.000000 0.105606
670.000000 0.030257
671.000000 0.030107
672.000000 0.076706
673.000000 0.024979
674.000000 0.015774
675.000000 0.036674
676.000000 0.070960
677.000000 0.050229
678.000000 0.019823
679.000000 0.023009
680.000000 0.009748
681.000000 0.064596
682.000000 0.044838
683.000000 0.073435
684.000000 0.076713
685.000000 0.060703
686.000000 0.046214
687.000000 0.041359
688.000000 0.018642
689.000000 0.026681
690.000000 0.066001
691.000000 0.059520
692.000000 0.118998
693.000000 0.055092
694.000000 0.021917
695.000000 0.059370
696.000000 0.044514
697.000000 0.084796
698.000000 0.065811
699.000000 0.059566
700.000000 0.041827
701.000000 0.051478
702.000000 0.063993
703.000000 0.015628
704.000000 0.072529
705.000000 0.074829
706.000000 0.053511
707.000000 0.048776
708.000000 0.082489
709.000000 0.036089
710.000000 0.017547
711.000000 0.043793
712.000000 0.016172
713.000000 0.055543
714.000000 0.053574
715.000000 0.019243
716.000000 0.038859
717.000000 0.031752
718.000000 0.041794
719.000000 0.062402
720.000000 0.052572
721.000000 0.056364
722.000000 0.057118
723.000000 0.079313
724.000000 0.099999
725.000000 0.075457
726.000000 0.073866
727.000000 0.046872
728.000000 0.007043
729.000000 0.036036
730.000000 0.037729
731.000000 0.059845
732.000000 0.015976
733.000000 0.065096
734.000000 0.050258
735.000000 0.033963
736.000000 0.070972
737.000000 0.070789
738.000000 0.065151
739.000000 0.016221
740.000000 0.005407
741.000000 0.056239
742.000000 0.051033
743.000000 0.019143
744.000000 0.089144
745.000000 0.022514
746.000000 0.053094
747.000000 0.045016
748.000000 0.088399
749.000000 0.086216
750.000000 0.018954
751.000000 0.034860
752.000000 0.044383
753.000000 0.036925
754.000000 0.010956
755.000000 0.013024
756.000000 0.071343
757.000000 0.018124
758.000000 0.039273
759.000000 0.085824
760.000000 0.076455
761.000000 0.011776
762.000000 0.052905
763.000000 0.107819
764.000000 0.044211
765.000000 0.040982
766.000000 0.107277
767.000000 0.004008
768.000000 0.071041
769.000000 0.066609
770.000000 0.058392
771.000000 0.048960
772.000000 0.030721
773.000000 0.041736
774.000000 0.032702
775.000000 0.051714
776.000000 0.010976
777.000000 0.057384
778.000000 0.036642
779.000000 0.020957
780.000000 0.029929
781.000000 0.061778
782.000000 0.019062
783.000000 0.033913
784.000000 0.061051
785.000000 0.015220
786.000000 0.024248
787.000000 0.036721
788.000000 0.097552
789.000000 0.109174
790.000000 0.019302
791.000000 0.010993
792.000000 0.021303
793.000000 0.040627
794.000000 0.018794
795.000000 0.017919
796.000000 0.085693
797.000000 0.073097
798.000000 0.067804
799.000000 0.011857
800.000000 0.041374
801.000000 0.076491
802.000000 0.029314
803.000000 0.032534
804.000000 0.021093
805.000000 0.027310
806.000000 0.062033
807.000000 0.030155
808.000000 0.070816
809.000000 0.053229
810.000000 0.072674
811.000000 0.019736
812.000000 0.026361
813.000000 0.010128
814.000000 0.013048
815.000000 0.065828
816.000000 0.026145
817.000000 0.031300
818.000000 0.017670
819.000000 0.022165
820.000000 0.007399
821.000000 0.030496
822.000000 0.005868
823.000000 0.058948
824.000000 0.029841
825.000000 0.035918
826.000000 0.040765
827.000000 0.068779
828.000000 0.067925
829.000000 0.022562
830.000000 0.045461
831.000000 0.039819
832.000000 0.044089
833.000000 0.032795
834.000000 0.061477
835.000000 0.074010
836.000000 0.066666
837.000000 0.068058
838.000000 0.051986
839.000000 0.045632
840.000000 0.054346
841.000000 0.054437
842.000000 0.019730
843.000000 0.007899
844.000000 0.028986
845.000000 0.028285
846.000000 0.034773
847.000000 0.075513
848.000000 0.032840
849.000000 0.004413
850.000000 0.069880
851.000000 0.047627
852.000000 0.096758
853.000000 0.064464
854.000000 0.092263
855.000000 0.052580
856.000000 0.028052
857.000000 0.031783
858.000000 0.021401
859.000000 0.030207
860.000000 0.082019
861.000000 0.036668
862.000000 0.046365
863.000000 0.021070
864.000000 0.025889
865.000000 0.058377
866.000000 0.043579
867.000000 0.035197
868.000000 0.109100
869.000000 0.064342
870.000000 0.060803
871.000000 0.115242
872.000000 0.047562
873.000000 0.038795
874.000000 0.078906
875.000000 0.049385
876.000000 0.070952
877.000000 0.026564
878.000000 0.037348
879.000000 0.023646
880.000000 0.087149
881.000000 0.087140
882.000000 0.058705
883.000000 0.052615
884.000000 0.019861
885.000000 0.053709
886.000000 0.046591
887.000000 0.075627
888.000000 0.038813
889.000000 0.039291
890.000000 0.031551
891.000000 0.059271
892.000000 0.027784
893.000000 0.044651
894.000000 0.034057
895.000000 0.028776
896.000000 0.038495
897.000000 0.068702
898.000000 0.020560
899.000000 0.036387
900.000000 0.026445
901.000000 0.042845
902.000000 0.104679
903.000000 0.035916
904.000000 0.045761
905.000000 0.036935
906.000000 0.023956
907.000000 0.060849
908.000000 0.056115
909.000000 0.046939
910.000000 0.034753
911.000000 0.035228
912.000000 0.046225
913.000000 0.061888
914.000000 0.070413
915.000000 0.036005
916.000000 0.028410
917.000000 0.050268
918.000000 0.043962
919.000000 0.021397
920.000000 0.045083
921.000000 0.039869
922.000000 0.015600
923.000000 0.064213
924.000000 0.048625
925.000000 0.055467
926.000000 0.055243
927.000000 0.025560
928.000000 0.024264
929.000000 0.017375
930.000000 0.085220
931.000000 0.038406
932.000000 0.044444
933.000000 0.036333
934.000000 0.055658
935.000000 0.056318
936.000000 0.074155
937.000000 0.016213
938.000000 0.077807
939.000000 0.050011
940.000000 0.062258
941.000000 0.056598
942.000000 0.041651
943.000000 0.087949
944.000000 0.040984
945.000000 0.016013
946.000000 0.054204
947.000000 0.035908
948.000000 0.041090
949.000000 0.031624
950.000000 0.050594
951.000000 0.054088
952.000000 0.048900
953.000000 0.051685
954.000000 0.050076
955.000000 0.025458
956.000000 0.036877
957.000000 0.044117
958.000000 0.025540
959.000000 0.033171
960.000000 0.050878
961.000000 0.073603
962.000000 0.084505
963.000000 0.039282
964.000000 0.024753
965.000000 0.056008
966.000000 0.031369
967.000000 0.057295
968.000000 0.023283
969.000000 0.028546
970.000000 0.056320
971.000000 0.059395
972.000000 0.017585
973.000000 0.075118
974.000000 0.073391
975.000000 0.041941
976.000000 0.037664
977.000000 0.080069
978.000000 0.041490
979.000000 0.066758
980.000000 0.040835
981.000000 0.021623
982.000000 0.076556
983.000000 0.066353
984.000000 0.024671
985.000000 0.044163
986.000000 0.025538
987.000000 0.097245
988.000000 0.043674
989.000000 0.022368
990.000000 0.030691
991.000000 0.047339
992.000000 0.042716
993.000000 0.040184
994.000000 0.016592
995.000000 0.010440
996.000000 0.037289
997.000000 0.074772
998.000000 0.040592
999.000000 0.050130
1000.000000 0.040754
1001.000000 0.069040
1002.000000 0.094120
1003.000000 0.025919
1004.000000 0.043586
1005.000000 0.037213
1006.000000 0.040735
1007.000000 0.068063
1008.000000 0.054925
1009.000000 0.023596
1010.000000 0.029722
1011.000000 0.037451
1012.000000 0.066278
1013.000000 0.048982
1014.000000 0.083134
1015.000000 0.064833
1016.000000 0.021366
1017.000000 0.040480
1018.000000 0.077336
1019.000000 0.040402
1020.000000 0.071801
1021.000000 0.040404
1022.000000 0.052368
1023.000000 0.090722
1024.000000 0.052878
1025.000000 0.021882
1026.000000 0.010659
1027.000000 0.113268
1028.000000 0.019478
1029.000000 0.022249
1030.000000 0.045707
1031.000000 0.040662
1032.000000 0.033754
1033.000000 0.030927
1034.000000 0.069253
1035.000000 0.030319
1036.000000 0.052377
1037.000000 0.022736
1038.000000 0.077055
1039.000000 0.054509
1040.000000 0.044900
1041.000000 0.046603
1042.000000 0.012386
1043.000000 0.037931
1044.000000 0.011479
1045.000000 0.044692
1046.000000 0.076315
1047.000000 0.063198
1048.000000 0.038349
1049.000000 0.053709
1050.000000 0.006272
1051.000000 0.015751
1052.000000 0.019346
1053.000000 0.024218
1054.000000 0.004576
1055.000000 0.028825
1056.000000 0.015196
1057.000000 0.031671
1058.000000 0.008857
1059.000000 0.065914
1060.000000 0.019155
1061.000000 0.012468
1062.000000 0.133236
1063.000000 0.068431
1064.000000 0.023896
1065.000000 0.069009
1066.000000 0.020859
1067.000000 0.050873
1068.000000 0.040611
1069.000000 0.036412
1070.000000 0.098564
1071.000000 0.060708
1072.000000 0.097081
1073.000000 0.039114
1074.000000 0.049970
1075.000000 0.015289
1076.000000 0.053822
1077.000000 0.084016
1078.000000 0.064544
1079.000000 0.019567
1080.000000 0.017067
1081.000000 0.023130
1082.000000 0.063215
1083.000000 0.024604
1084.000000 0.081939
1085.000000 0.051409
1086.000000 0.032615
1087.000000 0.056379
1088.000000 0.037849
1089.000000 0.031808
1090.000000 0.008376
1091.000000 0.048611
1092.000000 0.095670
1093.000000 0.080760
1094.000000 0.054409
1095.000000 0.054667
1096.000000 0.043177
1097.000000 0.075959
1098.000000 0.055106
1099.000000 0.021863
1100.000000 0.076469
1101.000000 0.069183
1102.000000 0.042937
1103.000000 0.035847
1104.000000 0.087117
1105.000000 0.019326
1106.000000 0.035225
1107.000000 0.022690
1108.000000 0.051851
1109.000000 0.035432
1110.000000 0.033566
1111.000000 0.016792
1112.000000 0.028227
1113.000000 0.074340
1114.000000 0.020941
1115.000000 0.034794
1116.000000 0.029816
1117.000000 0.043145
1118.000000 0.055366
1119.000000 0.036390
1120.000000 0.045035
1121.000000 0.017930
1122.000000 0.038019
1123.000000 0.080143
1124.000000 0.039213
1125.000000 0.019106
1126.000000 0.070039
1127.000000 0.031505
1128.000000 0.081068
1129.000000 0.016235
1130.000000 0.048498
1131.000000 0.041795
1132.000000 0.037546
1133.000000 0.029728
1134.000000 0.044237
1135.000000 0.088287
1136.000000 0.046297
1137.000000 0.033404
1138.000000 0.073997
1139.000000 0.050346
1140.000000 0.010261
1141.000000 0.010685
1142.000000 0.097797
1143.000000 0.076282
1144.000000 0.041109
1145.000000 0.057762
1146.000000 0.074151
1147.000000 0.028718
1148.000000 0.042414
1149.000000 0.038188
1150.000000 0.035468
1151.000000 0.064167
1152.000000 0.090188
1153.000000 0.088375
1154.000000 0.066075
1155.000000 0.053488
1156.000000 0.037501
1157.000000 0.017654
1158.000000 0.082992
1159.000000 0.072946
1160.000000 0.060425
1161.000000 0.070602
1162.000000 0.024024
1163.000000 0.109747
1164.000000 0.033656
1165.000000 0.079188
1166.000000 0.095950
1167.000000 0.063849
1168.000000 0.023747
1169.000000 0.036446
1170.000000 0.008863
1171.000000 0.056051
1172.000000 0.039358
1173.000000 0.017770
1174.000000 0.020287
1175.000000 0.073615
1176.000000 0.023999
1177.000000 0.048866
1178.000000 0.037281
1179.000000 0.061929
1180.000000 0.015807
1181.000000 0.049575
1182.000000 0.057566
1183.000000 0.046129
1184.000000 0.020028
1185.000000 0.018243
1186.000000 0.068019
1187.000000 0.065517
1188.000000 0.087816
1189.000000 0.003166
1190.000000 0.029980
1191.000000 0.036464
1192.000000 0.071538
1193.000000 0.045047
1194.000000 0.046321
1195.000000 0.035802
1196.000000 0.022691
1197.000000 0.035258
1198.000000 0.053551
1199.000000 0.047125
1200.000000 0.072728
1201.000000 0.021347
1202.000000 0.039488
1203.000000 0.039309
1204.000000 0.052601
1205.000000 0.039386
1206.000000 0.004411
1207.000000 0.029598
1208.000000 0.058597
1209.000000 0.061455
1210.000000 0.006082
1211.000000 0.060203
1212.000000 0.071980
1213.000000 0.055774
1214.000000 0.009519
1215.000000 0.007710
1216.000000 0.063355
1217.000000 0.083746
1218.000000 0.049226
1219.000000 0.049074
1220.000000 0.046541
1221.000000 0.019844
1222.000000 0.037611
1223.000000 0.043988
1224.000000 0.047899
1225.000000 0.062175
1226.000000 0.054850
1227.000000 0.069795
1228.000000 0.054835
1229.000000 0.014861
1230.000000 0.053148
1231.000000 0.095454
1232.000000 0.015203
1233.000000 0.060367
1234.000000 0.082835
1235.000000 0.034430
1236.000000 0.036319
1237.000000 0.048679
1238.000000 0.034217
1239.000000 0.044167
1240.000000 0.052747
1241.000000 0.049645
1242.000000 0.039186
1243.000000 0.085683
1244.000000 0.045044
1245.000000 0.031800
1246.000000 0.021254
1247.000000 0.056998
1248.000000 0.027016
1249.000000 0.044694
1250.000000 0.029814
1251.000000 0.043283
1252.000000 0.079368
1253.000000 0.047914
1254.000000 0.025190
1255.000000 0.053565
1256.000000 0.032278
1257.000000 0.034419
1258.000000 0.049862
1259.000000 0.054854
1260.000000 0.057689
1261.000000 0.071341
1262.000000 0.027614
1263.000000 0.017682
1264.000000 0.021212
1265.000000 0.038564
1266.000000 0.056170
1267.000000 0.026862
1268.000000 0.081964
1269.000000 0.030062
1270.000000 0.114908
1271.000000 0.008508
1272.000000 0.027764
1273.000000 0.080841
1274.000000 0.014091
1275.000000 0.101013
1276.000000 0.031146
1277.000000 0.054904
1278.000000 0.041247
1279.000000 0.072691
1280.000000 0.012764
1281.000000 0.055154
1282.000000 0.032167
1283.000000 0.041090
1284.000000 0.013706
1285.000000 0.072365
1286.000000 0.115142
1287.000000 0.019135
1288.000000 0.061493
1289.000000 0.033316
1290.000000 0.047952
1291.000000 0.081239
1292.000000 0.044762
1293.000000 0.076569
1294.000000 0.068124
1295.000000 0.095882
1296.000000 0.039214
1297.000000 0.036744
1298.000000 0.099695
1299.000000 0.040992
1300.000000 0.052044
1301.000000 0.047523
1302.000000 0.035808
1303.000000 0.055014
1304.000000 0.052437
1305.000000 0.085290
1306.000000 0.034143
1307.000000 0.036703
1308.000000 0.072111
1309.000000 0.041840
1310.000000 0.029262
1311.000000 0.053329
1312.000000 0.057415
1313.000000 0.025807
1314.000000 0.043597
1315.000000 0.047586
1316.000000 0.090001
1317.000000 0.012860
1318.000000 0.041970
1319.000000 0.025289
1320.000000 0.052907
1321.000000 0.047492
1322.000000 0.036781
1323.000000 0.065077
1324.000000 0.031235
1325.000000 0.095989
1326.000000 0.014717
1327.000000 0.074621
1328.000000 0.038791
1329.000000 0.079978
1330.000000 0.072139
1331.000000 0.038145
1332.000000 0.039866
1333.000000 0.041981
1334.000000 0.055490
1335.000000 0.045689
1336.000000 0.014674
1337.000000 0.089366
1338.000000 0.046843
1339.000000 0.067320
1340.000000 0.040153
1341.000000 0.025510
1342.000000 0.031856
1343.000000 0.065127
1344.000000 0.037580
1345.000000 0.085740
1346.000000 0.058024
1347.000000 0.027083
1348.000000 0.037600
1349.000000 0.049855
1350.000000 0.026554
1351.000000 0.060801
1352.000000 0.057007
1353.000000 0.055822
1354.000000 0.082093
1355.000000 0.038544
1356.000000 0.035154
1357.000000 0.028541
1358.000000 0.024471
1359.000000 0.059007
1360.000000 0.042352
1361.000000 0.012404
1362.000000 0.047621
1363.000000 0.076431
1364.000000 0.028728
1365.000000 0.096412
1366.000000 0.052707
1367.000000 0.055289
1368.000000 0.041941
1369.000000 0.031461
1370.000000 0.052089
1371.000000 0.049469
1372.000000 0.035692
1373.000000 0.049622
1374.000000 0.033453
1375.000000 0.028475
1376.000000 0.017425
1377.000000 0.043671
1378.000000 0.020977
1379.000000 0.001535
1380.000000 0.090460
1381.000000 0.016611
1382.000000 0.008098
1383.000000 0.025763
1384.000000 0.055877
1385.000000 0.024753
1386.000000 0.050896
1387.000000 0.015745
1388.000000 0.050247
1389.000000 0.057044
1390.000000 0.045636
1391.000000 0.108768
1392.000000 0.020605
1393.000000 0.020092
1394.000000 0.120983
1395.000000 0.019396
1396.000000 0.049440
1397.000000 0.061528
1398.000000 0.073571
1399.000000 0.034763
1400.000000 0.061068
1401.000000 0.019299
1402.000000 0.091735
1403.000000 0.061889
1404.000000 0.020497
1405.000000 0.051140
1406.000000 0.042883
1407.000000 0.027970
1408.000000 0.009830
1409.000000 0.026200
1410.000000 0.043127
1411.000000 0.052013
1412.000000 0.034295
1413.000000 0.038004
1414.000000 0.025735
1415.000000 0.037747
1416.000000 0.046235
1417.000000 0.027472
1418.000000 0.070503
1419.000000 0.039616
1420.000000 0.045265
1421.000000 0.038126
1422.000000 0.044193
1423.000000 0.034294
1424.000000 0.028723
1425.000000 0.073730
1426.000000 0.056632
1427.000000 0.043579
1428.000000 0.050952
1429.000000 0.014944
1430.000000 0.020719
1431.000000 0.048222
1432.000000 0.028633
1433.000000 0.077938
1434.000000 0.023578
1435.000000 0.047369
1436.000000 0.089979
1437.000000 0.026911
1438.000000 0.010678
1439.000000 0.012002
1440.000000 0.057684
1441.000000 0.074581
1442.000000 0.058831
1443.000000 0.032975
1444.000000 0.041329
1445.000000 0.081890
1446.000000 0.081394
1447.000000 0.041548
1448.000000 0.053213
1449.000000 0.034441
1450.000000 0.081197
1451.000000 0.059510
1452.000000 0.074188
1453.000000 0.014867
1454.000000 0.030501
1455.000000 0.009383
1456.000000 0.017631
1457.000000 0.027063
1458.000000 0.045114
1459.000000 0.048933
1460.000000 0.050973
1461.000000 0.031972
1462.000000 0.043988
1463.000000 0.051397
1464.000000 0.043948
1465.000000 0.036613
1466.000000 0.024929
1467.000000 0.029771
1468.000000 0.029577
1469.000000 0.054481
1470.000000 0.054963
1471.000000 0.063564
1472.000000 0.019585
1473.000000 0.058359
1474.000000 0.081445
1475.000000 0.130284
1476.000000 0.017998
1477.000000 0.036553
1478.000000 0.037646
1479.000000 0.060189
1480.000000 0.096142
1481.000000 0.023967
1482.000000 0.026915
1483.000000 0.041464
1484.000000 0.042019
1485.000000 0.019500
1486.000000 0.084026
1487.000000 0.026434
1488.000000 0.099018
1489.000000 0.043403
1490.000000 0.072989
1491.000000 0.030754
1492.000000 0.040536
1493.000000 0.032665
1494.000000 0.024147
1495.000000 0.048885
1496.000000 0.013874
1497.000000 0.024279
1498.000000 0.071098
1499.000000 0.053111
1500.000000 0.070304
1501.000000 0.046043
1502.000000 0.017139
1503.000000 0.109249
1504.000000 0.019704
1505.000000 0.039192
1506.000000 0.036844
1507.000000 0.038765
1508.000000 0.028264
1509.000000 0.099899
1510.000000 0.037733
1511.000000 0.012056
1512.000000 0.036136
1513.000000 0.015936
1514.000000 0.011563
1515.000000 0.065813
1516.000000 0.053531
1517.000000 0.082794
1518.000000 0.071172
1519.000000 0.019847
1520.000000 0.043384
1521.000000 0.062766
1522.000000 0.038467
1523.000000 0.035164
1524.000000 0.063692
1525.000000 0.056105
1526.000000 0.008490
1527.000000 0.074690
1528.000000 0.033543
1529.000000 0.066483
1530.000000 0.065788
1531.000000 0.043867
1532.000000 0.019506
1533.000000 0.050693
1534.000000 0.065459
1535.000000 0.064836
1536.000000 0.045711
1537.000000 0.024081
1538.000000 0.004852
1539.000000 0.055792
1540.000000 0.031654
1541.000000 0.047087
1542.000000 0.019994
1543.000000 0.054720
1544.000000 0.043857
1545.000000 0.015086
1546.000000 0.036903
1547.000000 0.022457
1548.000000 0.030703
1549.000000 0.014143
1550.000000 0.072077
1551.000000 0.022238
1552.000000 0.062143
1553.000000 0.072581
1554.000000 0.075141
1555.000000 0.023432
1556.000000 0.076205
1557.000000 0.081576
1558.000000 0.067752
1559.000000 0.070551
1560.000000 0.062658
1561.000000 0.034765
1562.000000 0.073863
1563.000000 0.042753
1564.000000 0.056383
1565.000000 0.053564
1566.000000 0.035240
1567.000000 0.032850
1568.000000 0.011466
1569.000000 0.042253
1570.000000 0.053489
1571.000000 0.084304
1572.000000 0.056645
1573.000000 0.017127
1574.000000 0.070187
1575.000000 0.039481
1576.000000 0.041603
1577.000000 0.027827
1578.000000 0.005952
1579.000000 0.046224
1580.000000 0.044763
1581.000000 0.067133
1582.000000 0.043475
1583.000000 0.022279
1584.000000 0.090944
1585.000000 0.038199
1586.000000 0.034381
1587.000000 0.015263
1588.000000 0.073211
1589.000000 0.050280
1590.000000 0.041447
1591.000000 0.011722
1592.000000 0.018271
1593.000000 0.040385
1594.000000 0.041615
1595.000000 0.033500
1596.000000 0.054837
1597.000000 0.069270
1598.000000 0.018265
1599.000000 0.024316
1600.000000 0.024576
1601.000000 0.019631
1602.000000 0.103804
1603.000000 0.054951
1604.000000 0.020770
1605.000000 0.042683
1606.000000 0.002219
1607.000000 0.047400
1608.000000 0.054069
1609.000000 0.052344
1610.000000 0.025949
1611.000000 0.020757
1612.000000 0.002619
1613.000000 0.017475
1614.000000 0.013369
1615.000000 0.037782
1616.000000 0.121821
1617.000000 0.043850
1618.000000 0.081797
1619.000000 0.030645
1620.000000 0.037548
1621.000000 0.024077
1622.000000 0.019316
1623.000000 0.025149
1624.000000 0.029952
1625.000000 0.025048
1626.000000 0.010229
1627.000000 0.008035
1628.000000 0.024554
1629.000000 0.060041
1630.000000 0.070057
1631.000000 0.071899
1632.000000 0.012601
1633.000000 0.034812
1634.000000 0.018887
1635.000000 0.067760
1636.000000 0.013136
1637.000000 0.070478
1638.000000 0.067137
1639.000000 0.051986
1640.000000 0.049380
1641.000000 0.037780
1642.000000 0.067087
1643.000000 0.074448
1644.000000 0.036421
1645.000000 0.033005
1646.000000 0.057066
1647.000000 0.029568
1648.000000 0.065647
1649.000000 0.022235
1650.000000 0.015013
1651.000000 0.034958
1652.000000 0.047444
1653.000000 0.050390
1654.000000 0.041108
1655.000000 0.035807
1656.000000 0.070160
1657.000000 0.084825
1658.000000 0.085821
1659.000000 0.081497
1660.000000 0.027008
1661.000000 0.032227
1662.000000 0.038922
1663.000000 0.040311
1664.000000 0.012731
1665.000000 0.093961
1666.000000 0.115286
1667.000000 0.045203
1668.000000 0.027161
1669.000000 0.013494
1670.000000 0.069325
1671.000000 0.051980
1672.000000 0.040346
1673.000000 0.017150
1674.000000 0.025227
1675.000000 0.023934
1676.000000 0.061128
1677.000000 0.025467
1678.000000 0.046298
1679.000000 0.046910
1680.000000 0.044317
1681.000000 0.008607
1682.000000 0.026956
1683.000000 0.063092
1684.000000 0.062429
1685.000000 0.102465
1686.000000 0.049922
1687.000000 0.082476
1688.000000 0.094443
1689.000000 0.073299
1690.000000 0.043726
1691.000000 0.041014
1692.000000 0.038430
1693.000000 0.071770
1694.000000 0.028943
1695.000000 0.014183
1696.000000 0.067617
1697.000000 0.042071
1698.000000 0.024012
1699.000000 0.031077
1700.000000 0.031704
1701.000000 0.051283
1702.000000 0.031741
1703.000000 0.068585
1704.000000 0.045260
1705.000000 0.069500
1706.000000 0.033447
1707.000000 0.070443
1708.000000 0.099646
1709.000000 0.033543
1710.000000 0.053666
1711.000000 0.066421
1712.000000 0.022149
1713.000000 0.039163
1714.000000 0.080300
1715.000000 0.036116
1716.000000 0.011402
1717.000000 0.027139
1718.000000 0.049286
1719.000000 0.036669
1720.000000 0.031461
1721.000000 0.061764
1722.000000 0.078082
1723.000000 0.063730
1724.000000 0.031585
1725.000000 0.058315
1726.000000 0.062485
1727.000000 0.075015
1728.000000 0.022486
1729.000000 0.021954
1730.000000 0.042674
1731.000000 0.069412
1732.000000 0.034631
1733.000000 0.058245
1734.000000 0.095277
1735.000000 0.010187
1736.000000 0.014134
1737.000000 0.036698
1738.000000 0.032252
1739.000000 0.073210
1740.000000 0.036869
1741.000000 0.068365
1742.000000 0.051657
1743.000000 0.048897
1744.000000 0.022268
1745.000000 0.075860
1746.000000 0.002992
1747.000000 0.050780
1748.000000 0.077989
1749.000000 0.026440
1750.000000 0.050048
1751.000000 0.024537
1752.000000 0.037927
1753.000000 0.031747
1754.000000 0.063927
1755.000000 0.025073
1756.000000 0.033212
1757.000000 0.080992
1758.000000 0.000135
1759.000000 0.054589
1760.000000 0.046183
1761.000000 0.042396
1762.000000 0.076961
1763.000000 0.046699
1764.000000 0.122575
1765.000000 0.039596
1766.000000 0.072366
1767.000000 0.059742
1768.000000 0.055554
1769.000000 0.018802
1770.000000 0.084110
1771.000000 0.050205
1772.000000 0.031246
1773.000000 0.038398
1774.000000 0.034171
1775.000000 0.005084
1776.000000 0.026896
1777.000000 0.069357
1778.000000 0.027263
1779.000000 0.037271
1780.000000 0.048435
1781.000000 0.091061
1782.000000 0.061850
1783.000000 0.095663
1784.000000 0.032988
1785.000000 0.073584
1786.000000 0.015627
1787.000000 0.049265
1788.000000 0.032438
1789.000000 0.085493
1790.000000 0.079274
1791.000000 0.017111
1792.000000 0.056246
1793.000000 0.070850
1794.000000 0.069551
1795.000000 0.019171
1796.000000 0.086542
1797.000000 0.035685
1798.000000 0.049177
1799.000000 0.056624
1800.000000 0.070615
1801.000000 0.029906
1802.000000 0.013805
1803.000000 0.053341
1804.000000 0.029256
1805.000000 0.027322
1806.000000 0.019403
1807.000000 0.072369
1808.000000 0.033877
1809.000000 0.059451
1810.000000 0.034596
1811.000000 0.033804
1812.000000 0.030884
1813.000000 0.082927
1814.000000 0.029034
1815.000000 0.053161
1816.000000 0.051720
1817.000000 0.029333
1818.000000 0.012689
1819.000000 0.023931
1820.000000 0.069735
1821.000000 0.036436
1822.000000 0.040458
1823.000000 0.052441
1824.000000 0.063599
1825.000000 0.034423
1826.000000 0.037077
1827.000000 0.084278
1828.000000 0.052599
1829.000000 0.022597
1830.000000 0.006520
1831.000000 0.026152
1832.000000 0.057012
1833.000000 0.050282
1834.000000 0.025866
1835.000000 0.009087
1836.000000 0.039982
1837.000000 0.047903
1838.000000 0.043086
1839.000000 0.043670
1840.000000 0.031755
1841.000000 0.057560
1842.000000 0.017481
1843.000000 0.039117
1844.000000 0.020106
1845.000000 0.035104
1846.000000 0.063199
1847.000000 0.019397
1848.000000 0.028233
1849.000000 0.036890
1850.000000 0.065907
1851.000000 0.023972
1852.000000 0.035157
1853.000000 0.027990
1854.000000 0.029907
1855.000000 0.031400
1856.000000 0.024844
1857.000000 0.071533
1858.000000 0.101625
1859.000000 0.078307
1860.000000 0.065441
1861.000000 0.037998
1862.000000 0.039599
1863.000000 0.103591
1864.000000 0.074114
1865.000000 0.086755
1866.000000 0.065098
1867.000000 0.087509
1868.000000 0.016416
1869.000000 0.059280
1870.000000 0.073607
1871.000000 0.063577
1872.000000 0.031012
1873.000000 0.027276
1874.000000 0.013406
1875.000000 0.055264
1876.000000 0.054207
1877.000000 0.076708
1878.000000 0.034469
1879.000000 0.052094
1880.000000 0.024455
1881.000000 0.044790
1882.000000 0.024375
1883.000000 0.047449
1884.000000 0.060354
1885.000000 0.033237
1886.000000 0.032201
1887.000000 0.026234
1888.000000 0.030790
1889.000000 0.085712
1890.000000 0.061496
1891.000000 0.042267
1892.000000 0.011793
1893.000000 0.039622
1894.000000 0.044629
1895.000000 0.028333
1896.000000 0.024155
1897.000000 0.017418
1898.000000 0.089036
1899.000000 0.046231
1900.000000 0.061701
1901.000000 0.010949
1902.000000 0.051342
1903.000000 0.087161
1904.000000 0.046176
1905.000000 0.081815
1906.000000 0.074822
1907.000000 0.090089
1908.000000 0.033664
1909.000000 0.015490
1910.000000 0.011695
1911.000000 0.025623
1912.000000 0.057731
1913.000000 0.035810
1914.000000 0.012321
1915.000000 0.013496
1916.000000 0.046483
1917.000000 0.029879
1918.000000 0.033872
1919.000000 0.008814
1920.000000 0.054948
1921.000000 0.044071
1922.000000 0.074590
1923.000000 0.051357
1924.000000 0.089849
1925.000000 0.019446
1926.000000 0.041849
1927.000000 0.067165
1928.000000 0.052749
1929.000000 0.049431
1930.000000 0.049174
1931.000000 0.017969
1932.000000 0.060692
1933.000000 0.064072
1934.000000 0.048541
1935.000000 0.031739
1936.000000 0.032678
1937.000000 0.050478
1938.000000 0.031663
1939.000000 0.022742
1940.000000 0.037399
1941.000000 0.041508
1942.000000 0.031945
1943.000000 0.052073
1944.000000 0.046612
1945.000000 0.114666
1946.000000 0.077155
1947.000000 0.032256
1948.000000 0.044650
1949.000000 0.053224
1950.000000 0.111858
1951.000000 0.082558
1952.000000 0.070736
1953.000000 0.066884
1954.000000 0.029960
1955.000000 0.041004
1956.000000 0.076135
1957.000000 0.056338
1958.000000 0.020633
1959.000000 0.055511
1960.000000 0.019261
1961.000000 0.025309
1962.000000 0.057489
1963.000000 0.044589
1964.000000 0.079544
1965.000000 0.027264
1966.000000 0.036246
1967.000000 0.073677
1968.000000 0.051731
1969.000000 0.023312
1970.000000 0.052749
1971.000000 0.037773
1972.000000 0.031778
1973.000000 0.025014
1974.000000 0.025882
1975.000000 0.030151
1976.000000 0.034648
1977.000000 0.001484
1978.000000 0.018718
1979.000000 0.033663
1980.000000 0.050226
1981.000000 0.014819
1982.000000 0.026390
1983.000000 0.030568
1984.000000 0.052179
1985.000000 0.043620
1986.000000 0.075971
1987.000000 0.058352
1988.000000 0.037055
1989.000000 0.024363
1990.000000 0.025262
1991.000000 0.056488
1992.000000 0.044697
1993.000000 0.037320
1994.000000 0.018191
1995.000000 0.061738
1996.000000 0.058345
1997.000000 0.020298
1998.000000 0.048668
1999.000000 0.018678
2000.000000 0.066213
2001.000000 0.019396
2002.000000 0.055269
2003.000000 0.074866
2004.000000 0.007748
2005.000000 0.044385
2006.000000 0.042929
2007.000000 0.024582
2008.000000 0.023476
2009.000000 0.084383
2010.000000 0.030026
2011.000000 0.011534
2012.000000 0.033666
2013.000000 0.060776
2014.000000 0.114752
2015.000000 0.065840
2016.000000 0.044480
2017.000000 0.018362
2018.000000 0.032344
2019.000000 0.021571
2020.000000 0.072518
2021.000000 0.031398
2022.000000 0.058636
2023.000000 0.069591
2024.000000 0.063644
2025.000000 0.081728
2026.000000 0.099296
2027.000000 0.079418
2028.000000 0.079200
2029.000000 0.018839
2030.000000 0.049747
2031.000000 0.047580
2032.000000 0.014670
2033.000000 0.038391
2034.000000 0.046918
2035.000000 0.033236
2036.000000 0.027825
2037.000000 0.069319
2038.000000 0.091252
2039.000000 0.053042
2040.000000 0.086840
2041.000000 0.058868
2042.000000 0.063616
2043.000000 0.028647
2044.000000 0.035844
2045.000000 0.043359
2046.000000 0.016978
2047.000000 0.023088
2048.000000 0.063557
2049.000000 0.035158
2050.000000 0.083673
2051.000000 0.036300
2052.000000 0.023453
2053.000000 0.078221
2054.000000 0.059011
2055.000000 0.004771
2056.000000 0.042409
2057.000000 0.095687
2058.000000 0.030762
2059.000000 0.090022
2060.000000 0.031636
2061.000000 0.010505
2062.000000 0.028528
2063.000000 0.060509
2064.000000 0.101367
2065.000000 0.101507
2066.000000 0.005102
2067.000000 0.022776
2068.000000 0.028184
2069.000000 0.038415
2070.000000 0.068953
2071.000000 0.046485
2072.000000 0.064830
2073.000000 0.052015
2074.000000 0.054123
2075.000000 0.027953
2076.000000 0.021173
2077.000000 0.041969
2078.000000 0.026733
2079.000000 0.026548
2080.000000 0.084575
2081.000000 0.062620
2082.000000 0.033480
2083.000000 0.054636
2084.000000 0.026595
2085.000000 0.025502
2086.000000 0.033528
2087.000000 0.031908
2088.000000 0.055978
2089.000000 0.034280
2090.000000 0.023178
2091.000000 0.006191
2092.000000 0.100976
2093.000000 0.049276
2094.000000 0.057291
2095.000000 0.102961
2096.000000 0.042997
2097.000000 0.079396
2098.000000 0.085185
2099.000000 0.032620
2100.000000 0.026766
2101.000000 0.082694
2102.000000 0.030827
2103.000000 0.032016
2104.000000 0.001389
2105.000000 0.038526
2106.000000 0.026295
2107.000000 0.045303
2108.000000 0.044189
2109.000000 0.017649
2110.000000 0.016104
2111.000000 0.053671
2112.000000 0.049107
2113.000000 0.031143
2114.000000 0.032071
2115.000000 0.050657
2116.000000 0.016435
2117.000000 0.101725
2118.000000 0.034584
2119.000000 0.087059
2120.000000 0.061053
2121.000000 0.040903
2122.000000 0.047041
2123.000000 0.036358
2124.000000 0.061426
2125.000000 0.038501
2126.000000 0.056247
2127.000000 0.054897
2128.000000 0.022343
2129.000000 0.034753
2130.000000 0.045221
2131.000000 0.045034
2132.000000 0.062065
2133.000000 0.025854
2134.000000 0.071705
2135.000000 0.031834
2136.000000 0.066831
2137.000000 0.045900
2138.000000 0.048815
2139.000000 0.027457
2140.000000 0.024889
2141.000000 0.048856
2142.000000 0.017342
2143.000000 0.073326
2144.000000 0.026114
2145.000000 0.037958
2146.000000 0.041517
2147.000000 0.043903
2148.000000 0.056300
2149.000000 0.022046
2150.000000 0.020654
2151.000000 0.050295
2152.000000 0.015706
2153.000000 0.061488
2154.000000 0.088914
2155.000000 0.069069
2156.000000 0.005377
2157.000000 0.040108
2158.000000 0.042565
2159.000000 0.039922
2160.000000 0.035910
2161.000000 0.049697
2162.000000 0.045011
2163.000000 0.112650
2164.000000 0.047103
2165.000000 0.023620
2166.000000 0.100879
2167.000000 0.014019
2168.000000 0.049685
2169.000000 0.030768
2170.000000 0.016157
2171.000000 0.047508
2172.000000 0.050971
2173.000000 0.024906
2174.000000 0.034883
2175.000000 0.015787
2176.000000 0.061555
2177.000000 0.082299
2178.000000 0.043583
2179.000000 0.040904
2180.000000 0.045857
2181.000000 0.025734
2182.000000 0.032281
2183.000000 0.027773
2184.000000 0.004944
2185.000000 0.091209
2186.000000 0.079715
2187.000000 0.045168
2188.000000 0.025005
2189.000000 0.054725
2190.000000 0.037395
2191.000000 0.021712
2192.000000 0.024570
2193.000000 0.064302
2194.000000 0.057095
2195.000000 0.063900
2196.000000 0.061145
2197.000000 0.026950
2198.000000 0.079750
2199.000000 0.021678
2200.000000 0.027036
2201.000000 0.050603
2202.000000 0.083913
2203.000000 0.080191
2204.000000 0.070466
2205.000000 0.035720
2206.000000 0.077315
2207.000000 0.040175
2208.000000 0.031423
2209.000000 0.064647
2210.000000 0.029712
2211.000000 0.035523
2212.000000 0.067022
2213.000000 0.126251
2214.000000 0.081193
2215.000000 0.034197
2216.000000 0.027593
2217.000000 0.059343
2218.000000 0.059418
2219.000000 0.034070
2220.000000 0.074996
2221.000000 0.034372
2222.000000 0.054525
2223.000000 0.040390
2224.000000 0.045936
2225.000000 0.075404
2226.000000 0.089956
2227.000000 0.046124
2228.000000 0.081263
2229.000000 0.033360
2230.000000 0.075147
2231.000000 0.015679
2232.000000 0.029162
2233.000000 0.027312
2234.000000 0.047343
2235.000000 0.030138
2236.000000 0.007147
2237.000000 0.066118
2238.000000 0.024307
2239.000000 0.093789
2240.000000 0.076094
2241.000000 0.072070
2242.000000 0.036346
2243.000000 0.004374
2244.000000 0.067061
2245.000000 0.007965
2246.000000 0.043851
2247.000000 0.014920
2248.000000 0.055830
2249.000000 0.068243
2250.000000 0.047688
2251.000000 0.045831
2252.000000 0.053463
2253.000000 0.027786
2254.000000 0.089823
2255.000000 0.048406
2256.000000 0.085740
2257.000000 0.044554
2258.000000 0.074406
2259.000000 0.024363
2260.000000 0.063451
2261.000000 0.028807
2262.000000 0.038847
2263.000000 0.050797
2264.000000 0.146026
2265.000000 0.023826
2266.000000 0.077354
2267.000000 0.064298
2268.000000 0.006946
2269.000000 0.063201
2270.000000 0.047251
2271.000000 0.078494
2272.000000 0.040901
2273.000000 0.037633
2274.000000 0.021602
2275.000000 0.036217
2276.000000 0.020345
2277.000000 0.067185
2278.000000 0.008169
2279.000000 0.029195
2280.000000 0.045763
2281.000000 0.017705
2282.000000 0.089750
2283.000000 0.005251
2284.000000 0.055552
2285.000000 0.059534
2286.000000 0.022442
2287.000000 0.012514
2288.000000 0.052625
2289.000000 0.051223
2290.000000 0.063858
2291.000000 0.058329
2292.000000 0.060741
2293.000000 0.071799
2294.000000 0.073723
2295.000000 0.023021
2296.000000 0.033630
2297.000000 0.017368
2298.000000 0.015211
2299.000000 0.015564
2300.000000 0.061847
2301.000000 0.053570
2302.000000 0.030520
2303.000000 0.017717
2304.000000 0.063537
2305.000000 0.058848
2306.000000 0.022382
2307.000000 0.038379
2308.000000 0.028865
2309.000000 0.040603
2310.000000 0.052856
2311.000000 0.008361
2312.000000 0.028881
2313.000000 0.043852
2314.000000 0.034646
2315.000000 0.055617
2316.000000 0.037800
2317.000000 0.059399
2318.000000 0.020899
2319.000000 0.070928
2320.000000 0.051114
2321.000000 0.051412
2322.000000 0.024288
2323.000000 0.089431
2324.000000 0.035739
2325.000000 0.054089
2326.000000 0.042505
2327.000000 0.077319
2328.000000 0.048175
2329.000000 0.036422
2330.000000 0.049359
2331.000000 0.085530
2332.000000 0.025137
2333.000000 0.037006
2334.000000 0.026874
2335.000000 0.054722
2336.000000 0.038287
2337.000000 0.027050
2338.000000 0.068178
2339.000000 0.027387
2340.000000 0.009506
2341.000000 0.041970
2342.000000 0.098048
2343.000000 0.061825
2344.000000 0.038704
2345.000000 0.046900
2346.000000 0.026216
2347.000000 0.007996
2348.000000 0.093001
2349.000000 0.049433
2350.000000 0.039511
2351.000000 0.033905
2352.000000 0.051992
2353.000000 0.100592
2354.000000 0.025624
2355.000000 0.055227
2356.000000 0.008720
2357.000000 0.054876
2358.000000 0.076141
2359.000000 0.025569
2360.000000 0.030325
2361.000000 0.044794
2362.000000 0.048820
2363.000000 0.026950
2364.000000 0.045719
2365.000000 0.022620
2366.000000 0.027363
2367.000000 0.046825
2368.000000 0.066861
2369.000000 0.123120
2370.000000 0.112440
2371.000000 0.025162
2372.000000 0.048624
2373.000000 0.051676
2374.000000 0.030527
2375.000000 0.042896
2376.000000 0.076425
2377.000000 0.053992
2378.000000 0.019628
2379.000000 0.039846
2380.000000 0.033152
2381.000000 0.022473
2382.000000 0.009932
2383.000000 0.058592
2384.000000 0.052341
2385.000000 0.039589
2386.000000 0.045066
2387.000000 0.062760
2388.000000 0.122450
2389.000000 0.065672
2390.000000 0.039164
2391.000000 0.050653
2392.000000 0.070507
2393.000000 0.021847
2394.000000 0.031737
2395.000000 0.061884
2396.000000 0.052356
2397.000000 0.064083
2398.000000 0.010458
2399.000000 0.045972
2400.000000 0.043820
2401.000000 0.031444
2402.000000 0.029853
2403.000000 0.106781
2404.000000 0.068616
2405.000000 0.065599
2406.000000 0.066436
2407.000000 0.022982
2408.000000 0.052888
2409.000000 0.056386
2410.000000 0.072625
2411.000000 0.042196
2412.000000 0.029650
2413.000000 0.069689
2414.000000 0.014470
2415.000000 0.016064
2416.000000 0.027143
2417.000000 0.069096
2418.000000 0.062580
2419.000000 0.058215
2420.000000 0.064366
2421.000000 0.095475
2422.000000 0.087813
2423.000000 0.018803
2424.000000 0.046883
2425.000000 0.011061
2426.000000 0.075420
2427.000000 0.053845
2428.000000 0.066475
2429.000000 0.016136
2430.000000 0.027172
2431.000000 0.015037
2432.000000 0.042011
2433.000000 0.079610
2434.000000 0.080572
2435.000000 0.031388
2436.000000 0.017208
2437.000000 0.029993
2438.000000 0.044197
2439.000000 0.019977
2440.000000 0.100161
2441.000000 0.047886
2442.000000 0.035337
2443.000000 0.077370
2444.000000 0.048002
2445.000000 0.006715
2446.000000 0.018419
2447.000000 0.062637
2448.000000 0.018351
2449.000000 0.038175
2450.000000 0.028948
2451.000000 0.043587
2452.000000 0.059368
2453.000000 0.005056
2454.000000 0.033280
2455.000000 0.008623
2456.000000 0.069433
2457.000000 0.054549
2458.000000 0.153926
2459.000000 0.059677
2460.000000 0.062570
2461.000000 0.085650
2462.000000 0.025986
2463.000000 0.007217
2464.000000 0.019523
2465.000000 0.024603
2466.000000 0.032138
2467.000000 0.049112
2468.000000 0.072221
2469.000000 0.019688
2470.000000 0.018477
2471.000000 0.035612
2472.000000 0.024048
2473.000000 0.021502
2474.000000 0.017922
2475.000000 0.045435
2476.000000 0.061247
2477.000000 0.043994
2478.000000 0.012898
2479.000000 0.076400
2480.000000 0.071151
2481.000000 0.067224
2482.000000 0.034795
2483.000000 0.016982
2484.000000 0.046836
2485.000000 0.058912
2486.000000 0.052222
2487.000000 0.080294
2488.000000 0.036218
2489.000000 0.042840
2490.000000 0.057760
2491.000000 0.026408
2492.000000 0.033893
2493.000000 0.007485
2494.000000 0.057804
2495.000000 0.049070
2496.000000 0.045104
2497.000000 0.044500
2498.000000 0.017675
2499.000000 0.042002
2500.000000 0.026890
2501.000000 0.047095
2502.000000 0.028224
2503.000000 0.023573
2504.000000 0.023158
2505.000000 0.061169
2506.000000 0.026880
2507.000000 0.034727
2508.000000 0.031357
2509.000000 0.034538
2510.000000 0.040198
2511.000000 0.042688
2512.000000 0.048180
2513.000000 0.037405
2514.000000 0.021839
2515.000000 0.056137
2516.000000 0.016136
2517.000000 0.026928
2518.000000 0.064001
2519.000000 0.071273
2520.000000 0.049204
2521.000000 0.038951
2522.000000 0.012114
2523.000000 0.046586
2524.000000 0.054388
2525.000000 0.079300
2526.000000 0.079194
2527.000000 0.025860
2528.000000 0.004472
2529.000000 0.023683
2530.000000 0.046701
2531.000000 0.046023
2532.000000 0.015356
2533.000000 0.032105
2534.000000 0.044689
2535.000000 0.070909
2536.000000 0.098650
2537.000000 0.044793
2538.000000 0.062424
2539.000000 0.026508
2540.000000 0.018980
2541.000000 0.074275
2542.000000 0.061300
2543.000000 0.039535
2544.000000 0.017470
2545.000000 0.051238
2546.000000 0.029777
2547.000000 0.084275
2548.000000 0.024232
2549.000000 0.041806
2550.000000 0.073511
2551.000000 0.028796
2552.000000 0.070403
2553.000000 0.031770
2554.000000 0.048307
2555.000000 0.042386
2556.000000 0.031528
2557.000000 0.008773
2558.000000 0.042061
2559.000000 0.031969
2560.000000 0.017137
2561.000000 0.027177
2562.000000 0.028428
2563.000000 0.039467
2564.000000 0.011428
2565.000000 0.085197
2566.000000 0.045536
2567.000000 0.005687
2568.000000 0.017356
2569.000000 0.023994
2570.000000 0.019612
2571.000000 0.031896
2572.000000 0.024561
2573.000000 0.061792
2574.000000 0.052270
2575.000000 0.001583
2576.000000 0.036911
2577.000000 0.061629
2578.000000 0.072113
2579.000000 0.035152
2580.000000 0.016119
2581.000000 0.008667
2582.000000 0.032112
2583.000000 0.038876
2584.000000 0.044038
2585.000000 0.007133
2586.000000 0.055873
2587.000000 0.037154
2588.000000 0.051095
2589.000000 0.023796
2590.000000 0.014167
2591.000000 0.071505
2592.000000 0.076829
2593.000000 0.016673
2594.000000 0.057220
2595.000000 0.116061
2596.000000 0.031408
2597.000000 0.119250
2598.000000 0.094466
2599.000000 0.079901
2600.000000 0.034247
2601.000000 0.079041
2602.000000 0.079788
2603.000000 0.042355
2604.000000 0.034442
2605.000000 0.050810
2606.000000 0.046738
2607.000000 0.008778
2608.000000 0.003659
2609.000000 0.080620
2610.000000 0.001619
2611.000000 0.008791
2612.000000 0.010612
2613.000000 0.043475
2614.000000 0.015268
2615.000000 0.033358
2616.000000 0.027641
2617.000000 0.045098
2618.000000 0.016252
2619.000000 0.076823
2620.000000 0.058657
2621.000000 0.102389
2622.000000 0.035426
2623.000000 0.064004
2624.000000 0.043328
2625.000000 0.059159
2626.000000 0.089381
2627.000000 0.011326
2628.000000 0.040887
2629.000000 0.055218
2630.000000 0.066175
2631.000000 0.024084
2632.000000 0.022764
2633.000000 0.120861
2634.000000 0.050355
2635.000000 0.051585
2636.000000 0.028181
2637.000000 0.108191
2638.000000 0.005895
2639.000000 0.021976
2640.000000 0.078993
2641.000000 0.044204
2642.000000 0.039626
2643.000000 0.020655
2644.000000 0.076469
2645.000000 0.066494
2646.000000 0.057868
2647.000000 0.021637
2648.000000 0.078519
2649.000000 0.058884
2650.000000 0.038197
2651.000000 0.046453
2652.000000 0.028273
2653.000000 0.052536
2654.000000 0.008485
2655.000000 0.046690
2656.000000 0.012190
2657.000000 0.017741
2658.000000 0.045361
2659.000000 0.047621
2660.000000 0.065800
2661.000000 0.038272
2662.000000 0.063797
2663.000000 0.038695
2664.000000 0.062063
2665.000000 0.024557
2666.000000 0.020138
2667.000000 0.094991
2668.000000 0.042460
2669.000000 0.013542
2670.000000 0.085022
2671.000000 0.007805
2672.000000 0.047958
2673.000000 0.031344
2674.000000 0.083888
2675.000000 0.016740
2676.000000 0.050841
2677.000000 0.036231
2678.000000 0.008423
2679.000000 0.040433
2680.000000 0.043666
2681.000000 0.053171
2682.000000 0.044942
2683.000000 0.055354
2684.000000 0.066583
2685.000000 0.010632
2686.000000 0.030945
2687.000000 0.028880
2688.000000 0.079589
2689.000000 0.066586
2690.000000 0.024501
2691.000000 0.074917
2692.000000 0.063240
2693.000000 0.034225
2694.000000 0.044941
2695.000000 0.020483
2696.000000 0.094455
2697.000000 0.026253
2698.000000 0.029851
2699.000000 0.016464
2700.000000 0.051429
2701.000000 0.038638
2702.000000 0.041032
2703.000000 0.067506
2704.000000 0.024365
2705.000000 0.013592
2706.000000 0.069815
2707.000000 0.035018
2708.000000 0.058783
2709.000000 0.060407
2710.000000 0.077998
2711.000000 0.061392
2712.000000 0.058491
2713.000000 0.064135
2714.000000 0.042340
2715.000000 0.028764
2716.000000 0.039870
2717.000000 0.082900
2718.000000 0.042684
2719.000000 0.005723
2720.000000 0.038745
2721.000000 0.059121
2722.000000 0.058328
2723.000000 0.046410
2724.000000 0.062665
2725.000000 0.042407
2726.000000 0.039442
2727.000000 0.065063
2728.000000 0.063902
2729.000000 0.030836
2730.000000 0.028099
2731.000000 0.025089
2732.000000 0.038498
2733.000000 0.057400
2734.000000 0.050511
2735.000000 0.021082
2736.000000 0.028239
2737.000000 0.067394
2738.000000 0.055582
2739.000000 0.027357
2740.000000 0.023135
2741.000000 0.025393
2742.000000 0.063824
2743.000000 0.028342
2744.000000 0.069050
2745.000000 0.047123
2746.000000 0.059441
2747.000000 0.019224
2748.000000 0.031533
2749.000000 0.049281
2750.000000 0.053804
2751.000000 0.012217
2752.000000 0.051973
2753.000000 0.009820
2754.000000 0.049205
2755.000000 0.031494
2756.000000 0.053420
2757.000000 0.049487
2758.000000 0.024241
2759.000000 0.045403
2760.000000 0.061833
2761.000000 0.015280
2762.000000 0.031457
2763.000000 0.010648
2764.000000 0.029744
2765.000000 0.046796
2766.000000 0.003993
2767.000000 0.047627
2768.000000 0.057657
2769.000000 0.068355
2770.000000 0.073450
2771.000000 0.018408
2772.000000 0.018507
2773.000000 0.074872
2774.000000 0.032706
2775.000000 0.066445
2776.000000 0.030880
2777.000000 0.036675
2778.000000 0.034065
2779.000000 0.031171
2780.000000 0.021747
2781.000000 0.074862
2782.000000 0.068306
2783.000000 0.030024
2784.000000 0.050395
2785.000000 0.073876
2786.000000 0.043255
2787.000000 0.035688
2788.000000 0.052486
2789.000000 0.052954
2790.000000 0.032477
2791.000000 0.021725
2792.000000 0.050203
2793.000000 0.075596
2794.000000 0.040798
2795.000000 0.094165
2796.000000 0.036959
2797.000000 0.014746
2798.000000 0.019692
2799.000000 0.046274
2800.000000 0.052212
2801.000000 0.070980
2802.000000 0.014933
2803.000000 0.054706
2804.000000 0.027767
2805.000000 0.042892
2806.000000 0.045006
2807.000000 0.058992
2808.000000 0.048220
2809.000000 0.047079
2810.000000 0.038611
2811.000000 0.038642
2812.000000 0.037554
2813.000000 0.025117
2814.000000 0.093465
2815.000000 0.032379
2816.000000 0.062563
2817.000000 0.053454
2818.000000 0.030161
2819.000000 0.060333
2820.000000 0.025125
2821.000000 0.063605
2822.000000 0.028515
2823.000000 0.070746
2824.000000 0.072762
2825.000000 0.017778
2826.000000 0.065365
2827.000000 0.043869
2828.000000 0.023328
2829.000000 0.013670
2830.000000 0.103976
2831.000000 0.051296
2832.000000 0.041248
2833.000000 0.057459
2834.000000 0.049611
2835.000000 0.083551
2836.000000 0.053046
2837.000000 0.036508
2838.000000 0.027677
2839.000000 0.022273
2840.000000 0.025808
2841.000000 0.057812
2842.000000 0.023444
2843.000000 0.010966
2844.000000 0.021110
2845.000000 0.006534
2846.000000 0.071453
2847.000000 0.047635
2848.000000 0.039290
2849.000000 0.031467
2850.000000 0.039304
2851.000000 0.033335
2852.000000 0.046497
2853.000000 0.027671
2854.000000 0.034522
2855.000000 0.079043
2856.000000 0.041835
2857.000000 0.030683
2858.000000 0.067210
2859.000000 0.029677
2860.000000 0.028778
2861.000000 0.029366
2862.000000 0.074552
2863.000000 0.058139
2864.000000 0.046369
2865.000000 0.040798
2866.000000 0.054089
2867.000000 0.034936
2868.000000 0.038522
2869.000000 0.051040
2870.000000 0.026030
2871.000000 0.057827
2872.000000 0.065174
2873.000000 0.019725
2874.000000 0.014802
2875.000000 0.044011
2876.000000 0.049322
2877.000000 0.033771
2878.000000 0.026832
2879.000000 0.065957
2880.000000 0.061086
2881.000000 0.033823
2882.000000 0.010742
2883.000000 0.035673
2884.000000 0.030429
2885.000000 0.045172
2886.000000 0.090259
2887.000000 0.057823
2888.000000 0.019552
2889.000000 0.056866
2890.000000 0.015985
2891.000000 0.070179
2892.000000 0.042400
2893.000000 0.052111
2894.000000 0.060823
2895.000000 0.042297
2896.000000 0.027263
2897.000000 0.075487
2898.000000 0.038278
2899.000000 0.072999
2900.000000 0.055135
2901.000000 0.067181
2902.000000 0.035221
2903.000000 0.042124
2904.000000 0.058596
2905.000000 0.042620
2906.000000 0.028121
2907.000000 0.094319
2908.000000 0.053140
2909.000000 0.043711
2910.000000 0.009513
2911.000000 0.063425
2912.000000 0.041038
2913.000000 0.040632
2914.000000 0.046491
2915.000000 0.107332
2916.000000 0.040017
2917.000000 0.036494
2918.000000 0.024505
2919.000000 0.035808
2920.000000 0.049526
2921.000000 0.049647
2922.000000 0.062830
2923.000000 0.039990
2924.000000 0.081270
2925.000000 0.029822
2926.000000 0.019899
2927.000000 0.019228
2928.000000 0.036228
2929.000000 0.066573
2930.000000 0.011085
2931.000000 0.041765
2932.000000 0.016048
2933.000000 0.051250
2934.000000 0.066167
2935.000000 0.060021
2936.000000 0.056246
2937.000000 0.083278
2938.000000 0.012131
2939.000000 0.048695
2940.000000 0.041175
2941.000000 0.019519
2942.000000 0.068181
2943.000000 0.033167
2944.000000 0.019229
2945.000000 0.030859
2946.000000 0.026501
2947.000000 0.029694
2948.000000 0.033724
2949.000000 0.061706
2950.000000 0.014391
2951.000000 0.028036
2952.000000 0.056882
2953.000000 0.060334
2954.000000 0.012404
2955.000000 0.019910
2956.000000 0.045878
2957.000000 0.018455
2958.000000 0.094130
2959.000000 0.037656
2960.000000 0.045711
2961.000000 0.041868
2962.000000 0.045535
2963.000000 0.032838
2964.000000 0.044468
2965.000000 0.048487
2966.000000 0.058502
2967.000000 0.086681
2968.000000 0.071138
2969.000000 0.074216
2970.000000 0.050760
2971.000000 0.053095
2972.000000 0.035647
2973.000000 0.048022
2974.000000 0.042132
2975.000000 0.051668
2976.000000 0.031861
2977.000000 0.034583
2978.000000 0.009562
2979.000000 0.013223
2980.000000 0.011557
2981.000000 0.016025
2982.000000 0.017098
2983.000000 0.017235
2984.000000 0.038081
2985.000000 0.015892
2986.000000 0.027236
2987.000000 0.061192
2988.000000 0.015996
2989.000000 0.073802
2990.000000 0.006521
2991.000000 0.056898
2992.000000 0.065195
2993.000000 0.066518
2994.000000 0.052806
2995.000000 0.027740
2996.000000 0.016927
2997.000000 0.030060
2998.000000 0.023868
2999.000000 0.083378
3000.000000 0.054601
