0.000000 0.218522
1.000000 0.231007
2.000000 0.326253
3.000000 0.066591
4.000000 0.087997
5.000000 0.153155
6.000000 0.166157
7.000000 0.157297
8.000000 0.146461
9.000000 0.048533
10.000000 0.086025
11.000000 0.127254
12.000000 0.094073
13.000000 0.179620
14.000000 0.088060
15.000000 0.155623
16.000000 0.148424
17.000000 0.152008
18.000000 0.144266
19.000000 0.271192
20.000000 0.091435
21.000000 0.152245
22.000000 0.021119
23.000000 0.207292
24.000000 0.059191
25.000000 0.182246
26.000000 0.318314
27.000000 0.099813
28.000000 0.028730
29.000000 0.187054
30.000000 0.033436
31.000000 0.074481
32.000000 0.049539
33.000000 0.217241
34.000000 0.119006
35.000000 0.229933
36.000000 0.124641
37.000000 0.186549
38.000000 0.208092
39.000000 0.211688
40.000000 0.068896
41.000000 0.185636
42.000000 0.059821
43.000000 0.096422
44.000000 0.027171
45.000000 0.185530
46.000000 0.172516
47.000000 0.117972
48.000000 0.173342
49.000000 0.122878
50.000000 0.116358
51.000000 0.084896
52.000000 0.143442
53.000000 0.145089
54.000000 0.009763
55.000000 0.207747
56.000000 0.049151
57.000000 0.213666
58.000000 0.149068
59.000000 0.007383
60.000000 0.071089
61.000000 0.093257
62.000000 0.054210
63.000000 0.199679
64.000000 0.245943
65.000000 0.177364
66.000000 0.228108
67.000000 0.331864
68.000000 0.163881
69.000000 0.072992
70.000000 0.155983
71.000000 0.099954
72.000000 0.123833
73.000000 0.225818
74.000000 0.094049
75.000000 0.105168
76.000000 0.249483
77.000000 0.147555
78.000000 0.202249
79.000000 0.170983
80.000000 0.230398
81.000000 0.114861
82.000000 0.087194
83.000000 0.127734
84.000000 0.086230
85.000000 0.218118
86.000000 0.152154
87.000000 0.118177
88.000000 0.284042
89.000000 0.128633
90.000000 0.190850
91.000000 0.045253
92.000000 0.049833
93.000000 0.225374
94.000000 0.151819
95.000000 0.100679
96.000000 0.082725
97.000000 0.155282
98.000000 0.163979
99.000000 0.093183
100.000000 0.022445
101.000000 0.067162
102.000000 0.054341
103.000000 0.204465
104.000000 0.221732
105.000000 0.166982
106.000000 0.313511
107.000000 0.262865
108.000000 0.378619
109.000000 0.168909
110.000000 0.237258
111.000000 0.220108
112.000000 0.091871
113.000000 0.054099
114.000000 0.098076
115.000000 0.202831
116.000000 0.102380
117.000000 0.162817
118.000000 0.068105
119.000000 0.239433
120.000000 0.227311
121.000000 0.208396
122.000000 0.067857
123.000000 0.171708
124.000000 0.196678
125.000000 0.169911
126.000000 0.047511
127.000000 0.044221
128.000000 0.028762
129.000000 0.089883
130.000000 0.106821
131.000000 0.143771
132.000000 0.068948
133.000000 0.161743
134.000000 0.157213
135.000000 0.062182
136.000000 0.054252
137.000000 0.055129
138.000000 0.091824
139.000000 0.033782
140.000000 0.046757
141.000000 0.094461
142.000000 0.151332
143.000000 0.077596
144.000000 0.030890
145.000000 0.038106
146.000000 0.112368
147.000000 0.117858
148.000000 0.167183
149.000000 0.038272
150.000000 0.136611
151.000000 0.124036
152.000000 0.047884
153.000000 0.119339
154.000000 0.103714
155.000000 0.128766
156.000000 0.152627
157.000000 0.136863
158.000000 0.097453
159.000000 0.083805
160.000000 0.128850
161.000000 0.164419
162.000000 0.295120
163.000000 0.082757
164.000000 0.114560
165.000000 0.059890
166.000000 0.143315
167.000000 0.253653
168.000000 0.034650
169.000000 0.213465
170.000000 0.170869
171.000000 0.231254
172.000000 0.080895
173.000000 0.044742
174.000000 0.099199
175.000000 0.180872
176.000000 0.139898
177.000000 0.134155
178.000000 0.282680
179.000000 0.170534
180.000000 0.055704
181.000000 0.183276
182.000000 0.147952
183.000000 0.057732
184.000000 0.059479
185.000000 0.162142
186.000000 0.155928
187.000000 0.161814
188.000000 0.142447
189.000000 0.302604
190.000000 0.129042
191.000000 0.152569
192.000000 0.188051
193.000000 0.113472
194.000000 0.048511
195.000000 0.045831
196.000000 0.045852
197.000000 0.035388
198.000000 0.285504
199.000000 0.122460
200.000000 0.257200
201.000000 0.069772
202.000000 0.205975
203.000000 0.127036
204.000000 0.130195
205.000000 0.057472
206.000000 0.074516
207.000000 0.160959
208.000000 0.124865
209.000000 0.158016
210.000000 0.091994
211.000000 0.173266
212.000000 0.115030
213.000000 0.148607
214.000000 0.192894
215.000000 0.040064
216.000000 0.028364
217.000000 0.074486
218.000000 0.093269
219.000000 0.107318
220.000000 0.070328
221.000000 0.179603
222.000000 0.097547
223.000000 0.140840
224.000000 0.193738
225.000000 0.144452
226.000000 0.126638
227.000000 0.252576
228.000000 0.179878
229.000000 0.117216
230.000000 0.141549
231.000000 0.105757
232.000000 0.146595
233.000000 0.202104
234.000000 0.160656
235.000000 0.217173
236.000000 0.229256
237.000000 0.170959
238.000000 0.099337
239.000000 0.143041
240.000000 0.140552
241.000000 0.035830
242.000000 0.085028
243.000000 0.078711
244.000000 0.143317
245.000000 0.274216
246.000000 0.126665
247.000000 0.126028
248.000000 0.049622
249.000000 0.108975
250.000000 0.047764
251.000000 0.212420
252.000000 0.245324
253.000000 0.098767
254.000000 0.178212
255.000000 0.265172
256.000000 0.262421
257.000000 0.126028
258.000000 0.106537
259.000000 0.094678
260.000000 0.071153
261.000000 0.194462
262.000000 0.098730
263.000000 0.121513
264.000000 0.189019
265.000000 0.126830
266.000000 0.083314
267.000000 0.049677
268.000000 0.114964
269.000000 0.128724
270.000000 0.047299
271.000000 0.096407
272.000000 0.176902
273.000000 0.154263
274.000000 0.100739
275.000000 0.031483
276.000000 0.075361
277.000000 0.230952
278.000000 0.079690
279.000000 0.195429
280.000000 0.266636
281.000000 0.122404
282.000000 0.184815
283.000000 0.063100
284.000000 0.140354
285.000000 0.139459
286.000000 0.217411
287.000000 0.073142
288.000000 0.179422
289.000000 0.261298
290.000000 0.163274
291.000000 0.092266
292.000000 0.066953
293.000000 0.280867
294.000000 0.224059
295.000000 0.057768
296.000000 0.187702
297.000000 0.123033
298.000000 0.191225
299.000000 0.026336
300.000000 0.095274
301.000000 0.153172
302.000000 0.121592
303.000000 0.092435
304.000000 0.097862
305.000000 0.154686
306.000000 0.254694
307.000000 0.085675
308.000000 0.089087
309.000000 0.084131
310.000000 0.066932
311.000000 0.048566
312.000000 0.098350
313.000000 0.215190
314.000000 0.188871
315.000000 0.134591
316.000000 0.040096
317.000000 0.107983
318.000000 0.129271
319.000000 0.151710
320.000000 0.107219
321.000000 0.123593
322.000000 0.083285
323.000000 0.220170
324.000000 0.126579
325.000000 0.195234
326.000000 0.212380
327.000000 0.099525
328.000000 0.062249
329.000000 0.117184
330.000000 0.076654
331.000000 0.130682
332.000000 0.138847
333.000000 0.101854
334.000000 0.116480
335.000000 0.086294
336.000000 0.166986
337.000000 0.136859
338.000000 0.195680
339.000000 0.043251
340.000000 0.118100
341.000000 0.219660
342.000000 0.249255
343.000000 0.145122
344.000000 0.131439
345.000000 0.149797
346.000000 0.158600
347.000000 0.163898
348.000000 0.085185
349.000000 0.068721
350.000000 0.138464
351.000000 0.157761
352.000000 0.203825
353.000000 0.118769
354.000000 0.168135
355.000000 0.135975
356.000000 0.182464
357.000000 0.035998
358.000000 0.036023
359.000000 0.121737
360.000000 0.131726
361.000000 0.164317
362.000000 0.062702
363.000000 0.120897
364.000000 0.145974
365.000000 0.121288
366.000000 0.064891
367.000000 0.152461
368.000000 0.102542
369.000000 0.132650
370.000000 0.139586
371.000000 0.163465
372.000000 0.105129
373.000000 0.068204
374.000000 0.047404
375.000000 0.193854
376.000000 0.120128
377.000000 0.078783
378.000000 0.074345
379.000000 0.121834
380.000000 0.172466
381.000000 0.051140
382.000000 0.102260
383.000000 0.037225
384.000000 0.206927
385.000000 0.184843
386.000000 0.202151
387.000000 0.145357
388.000000 0.105837
389.000000 0.100842
390.000000 0.084199
391.000000 0.211040
392.000000 0.152086
393.000000 0.068945
394.000000 0.154648
395.000000 0.155135
396.000000 0.123538
397.000000 0.023463
398.000000 0.154495
399.000000 0.088504
400.000000 0.154827
401.000000 0.185620
402.000000 0.250099
403.000000 0.043147
404.000000 0.172698
405.000000 0.163293
406.000000 0.073633
407.000000 0.198243
408.000000 0.093446
409.000000 0.209830
410.000000 0.058485
411.000000 0.174906
412.000000 0.175548
413.000000 0.143291
414.000000 0.091882
415.000000 0.068807
416.000000 0.098667
417.000000 0.012119
418.000000 0.084422
419.000000 0.192062
420.000000 0.019058
421.000000 0.292219
422.000000 0.172820
423.000000 0.126674
424.000000 0.102307
425.000000 0.216652
426.000000 0.041249
427.000000 0.058770
428.000000 0.210247
429.000000 0.191923
430.000000 0.202435
431.000000 0.070598
432.000000 0.056001
433.000000 0.031225
434.000000 0.093539
435.000000 0.033710
436.000000 0.082303
437.000000 0.182278
438.000000 0.140666
439.000000 0.209134
440.000000 0.176072
441.000000 0.091845
442.000000 0.207731
443.000000 0.090453
444.000000 0.101491
445.000000 0.103757
446.000000 0.181328
447.000000 0.199041
448.000000 0.094748
449.000000 0.078372
450.000000 0.079614
451.000000 0.091078
452.000000 0.185887
453.000000 0.150902
454.000000 0.266487
455.000000 0.399032
456.000000 0.083766
457.000000 0.117772
458.000000 0.202617
459.000000 0.254112
460.000000 0.298682
461.000000 0.171674
462.000000 0.079383
463.000000 0.158793
464.000000 0.137311
465.000000 0.244949
466.000000 0.072455
467.000000 0.113822
468.000000 0.075098
469.000000 0.077690
470.000000 0.190365
471.000000 0.245190
472.000000 0.079036
473.000000 0.079865
474.000000 0.059560
475.000000 0.014113
476.000000 0.058149
477.000000 0.042283
478.000000 0.084721
479.000000 0.136841
480.000000 0.123906
481.000000 0.354033
482.000000 0.226849
483.000000 0.143603
484.000000 0.201009
485.000000 0.156276
486.000000 0.047751
487.000000 0.032596
488.000000 0.041454
489.000000 0.185545
490.000000 0.225606
491.000000 0.189161
492.000000 0.264696
493.000000 0.101772
494.000000 0.078620
495.000000 0.169313
496.000000 0.098604
497.000000 0.080519
498.000000 0.136153
499.000000 0.063265
500.000000 0.055147
501.000000 0.178801
502.000000 0.125397
503.000000 0.159361
504.000000 0.077968
505.000000 0.173681
506.000000 0.232502
507.000000 0.094637
508.000000 0.055680
509.000000 0.058731
510.000000 0.029410
511.000000 0.147349
512.000000 0.079521
513.000000 0.021671
514.000000 0.009787
515.000000 0.085528
516.000000 0.064768
517.000000 0.083799
518.000000 0.109087
519.000000 0.065173
520.000000 0.126506
521.000000 0.165534
522.000000 0.195155
523.000000 0.271844
524.000000 0.099792
525.000000 0.175602
526.000000 0.148820
527.000000 0.135859
528.000000 0.172562
529.000000 0.094475
530.000000 0.050554
531.000000 0.201244
532.000000 0.303391
533.000000 0.383123
534.000000 0.220740
535.000000 0.198956
536.000000 0.133968
537.000000 0.094026
538.000000 0.089337
539.000000 0.128052
540.000000 0.106389
541.000000 0.099109
542.000000 0.050154
543.000000 0.126531
544.000000 0.165770
545.000000 0.138749
546.000000 0.046974
547.000000 0.163788
548.000000 0.120990
549.000000 0.134186
550.000000 0.237126
551.000000 0.103169
552.000000 0.149974
553.000000 0.037475
554.000000 0.042118
555.000000 0.099450
556.000000 0.122582
557.000000 0.091734
558.000000 0.192527
559.000000 0.098719
560.000000 0.210115
561.000000 0.196902
562.000000 0.155472
563.000000 0.186143
564.000000 0.119505
565.000000 0.114412
566.000000 0.082779
567.000000 0.142801
568.000000 0.169376
569.000000 0.108498
570.000000 0.171117
571.000000 0.122061
572.000000 0.013314
573.000000 0.078384
574.000000 0.252964
575.000000 0.232351
576.000000 0.184129
577.000000 0.153039
578.000000 0.097542
579.000000 0.215595
580.000000 0.042132
581.000000 0.110234
582.000000 0.083183
583.000000 0.132161
584.000000 0.195268
585.000000 0.209148
586.000000 0.195952
587.000000 0.075260
588.000000 0.040802
589.000000 0.090754
590.000000 0.073769
591.000000 0.237015
592.000000 0.188440
593.000000 0.035404
594.000000 0.081338
595.000000 0.074107
596.000000 0.057510
597.000000 0.079929
598.000000 0.134209
599.000000 0.116172
600.000000 0.056047
601.000000 0.241719
602.000000 0.283017
603.000000 0.308709
604.000000 0.201637
605.000000 0.153391
606.000000 0.185339
607.000000 0.165327
608.000000 0.122242
609.000000 0.179941
610.000000 0.113038
611.000000 0.106785
612.000000 0.233186
613.000000 0.131393
614.000000 0.220255
615.000000 0.202455
616.000000 0.155869
617.000000 0.227599
618.000000 0.234891
619.000000 0.103780
620.000000 0.015565
621.000000 0.336664
622.000000 0.367688
623.000000 0.109144
624.000000 0.049144
625.000000 0.123609
626.000000 0.245168
627.000000 0.123445
628.000000 0.234863
629.000000 0.079791
630.000000 0.145081
631.000000 0.141264
632.000000 0.123822
633.000000 0.019894
634.000000 0.142301
635.000000 0.178065
636.000000 0.069169
637.000000 0.036440
638.000000 0.105940
639.000000 0.105324
640.000000 0.025828
641.000000 0.159982
642.000000 0.118742
643.000000 0.098885
644.000000 0.047313
645.000000 0.169585
646.000000 0.141835
647.000000 0.140630
648.000000 0.291052
649.000000 0.268077
650.000000 0.232251
651.000000 0.056284
652.000000 0.248959
653.000000 0.067353
654.000000 0.097729
655.000000 0.201468
656.000000 0.161524
657.000000 0.065477
658.000000 0.056239
659.000000 0.209409
660.000000 0.102038
661.000000 0.083616
662.000000 0.075003
663.000000 0.246775
664.000000 0.228735
665.000000 0.232901
666.000000 0.138236
667.000000 0.248779
668.000000 0.423447
669.000000 0.105211
670.000000 0.047600
671.000000 0.118737
672.000000 0.089304
673.000000 0.071942
674.000000 0.193557
675.000000 0.109241
676.000000 0.107308
677.000000 0.120803
678.000000 0.154468
679.000000 0.158811
680.000000 0.124377
681.000000 0.053722
682.000000 0.239506
683.000000 0.126254
684.000000 0.073662
685.000000 0.224136
686.000000 0.060169
687.000000 0.143549
688.000000 0.100187
689.000000 0.139127
690.000000 0.112788
691.000000 0.030493
692.000000 0.162360
693.000000 0.081618
694.000000 0.055668
695.000000 0.099421
696.000000 0.135404
697.000000 0.222700
698.000000 0.217045
699.000000 0.035713
700.000000 0.049788
701.000000 0.123486
702.000000 0.199392
703.000000 0.299917
704.000000 0.174274
705.000000 0.186335
706.000000 0.159829
707.000000 0.117438
708.000000 0.108934
709.000000 0.151190
710.000000 0.137655
711.000000 0.229153
712.000000 0.157652
713.000000 0.131974
714.000000 0.179721
715.000000 0.107086
716.000000 0.126431
717.000000 0.095266
718.000000 0.141705
719.000000 0.145022
720.000000 0.232776
721.000000 0.177839
722.000000 0.143274
723.000000 0.059202
724.000000 0.127392
725.000000 0.067437
726.000000 0.056180
727.000000 0.136461
728.000000 0.210993
729.000000 0.095046
730.000000 0.045050
731.000000 0.215503
732.000000 0.371609
733.000000 0.112111
734.000000 0.109490
735.000000 0.362303
736.000000 0.248512
737.000000 0.146319
738.000000 0.042970
739.000000 0.120446
740.000000 0.076451
741.000000 0.121442
742.000000 0.175433
743.000000 0.076131
744.000000 0.055051
745.000000 0.089986
746.000000 0.214261
747.000000 0.143422
748.000000 0.089024
749.000000 0.106119
750.000000 0.213078
751.000000 0.140883
752.000000 0.107957
753.000000 0.079013
754.000000 0.172157
755.000000 0.076978
756.000000 0.155969
757.000000 0.084185
758.000000 0.080363
759.000000 0.295400
760.000000 0.090618
761.000000 0.035871
762.000000 0.018633
763.000000 0.101488
764.000000 0.226911
765.000000 0.201662
766.000000 0.131586
767.000000 0.191629
768.000000 0.052690
769.000000 0.049729
770.000000 0.240478
771.000000 0.093133
772.000000 0.019077
773.000000 0.234614
774.000000 0.133282
775.000000 0.114389
776.000000 0.138182
777.000000 0.005684
778.000000 0.202720
779.000000 0.200754
780.000000 0.138282
781.000000 0.089764
782.000000 0.095744
783.000000 0.228295
784.000000 0.087569
785.000000 0.256354
786.000000 0.220901
787.000000 0.185470
788.000000 0.021015
789.000000 0.252141
790.000000 0.148101
791.000000 0.049891
792.000000 0.134621
793.000000 0.221343
794.000000 0.133429
795.000000 0.104684
796.000000 0.169903
797.000000 0.064773
798.000000 0.057558
799.000000 0.129928
800.000000 0.209093
801.000000 0.209857
802.000000 0.067405
803.000000 0.191570
804.000000 0.098907
805.000000 0.065336
806.000000 0.080695
807.000000 0.132244
808.000000 0.273595
809.000000 0.242146
810.000000 0.249062
811.000000 0.157482
812.000000 0.172851
813.000000 0.128091
814.000000 0.267920
815.000000 0.078398
816.000000 0.159539
817.000000 0.116299
818.000000 0.186746
819.000000 0.048947
820.000000 0.039070
821.000000 0.184423
822.000000 0.083373
823.000000 0.149181
824.000000 0.180382
825.000000 0.158964
826.000000 0.160458
827.000000 0.132906
828.000000 0.261072
829.000000 0.183231
830.000000 0.199066
831.000000 0.214943
832.000000 0.060406
833.000000 0.163554
834.000000 0.279590
835.000000 0.090566
836.000000 0.083481
837.000000 0.178891
838.000000 0.137257
839.000000 0.181512
840.000000 0.093694
841.000000 0.284365
842.000000 0.251777
843.000000 0.128815
844.000000 0.067290
845.000000 0.087559
846.000000 0.171669
847.000000 0.112263
848.000000 0.094279
849.000000 0.165162
850.000000 0.167266
851.000000 0.033038
852.000000 0.156305
853.000000 0.097026
854.000000 0.106725
855.000000 0.049496
856.000000 0.177552
857.000000 0.064916
858.000000 0.200852
859.000000 0.102426
860.000000 0.178887
861.000000 0.074473
862.000000 0.098975
863.000000 0.107163
864.000000 0.043381
865.000000 0.180671
866.000000 0.170114
867.000000 0.130908
868.000000 0.199271
869.000000 0.240313
870.000000 0.093936
871.000000 0.100333
872.000000 0.112247
873.000000 0.186190
874.000000 0.083608
875.000000 0.103985
876.000000 0.049029
877.000000 0.029205
878.000000 0.124493
879.000000 0.072317
880.000000 0.168435
881.000000 0.129655
882.000000 0.219657
883.000000 0.103150
884.000000 0.063745
885.000000 0.279530
886.000000 0.207486
887.000000 0.095579
888.000000 0.220989
889.000000 0.094308
890.000000 0.073677
891.000000 0.192036
892.000000 0.113097
893.000000 0.117271
894.000000 0.111635
895.000000 0.161004
896.000000 0.154384
897.000000 0.132283
898.000000 0.133356
899.000000 0.111998
900.000000 0.143518
901.000000 0.131217
902.000000 0.152247
903.000000 0.199818
904.000000 0.220148
905.000000 0.094283
906.000000 0.082964
907.000000 0.145744
908.000000 0.028617
909.000000 0.056572
910.000000 0.192126
911.000000 0.105279
912.000000 0.165850
913.000000 0.123458
914.000000 0.086495
915.000000 0.162767
916.000000 0.188140
917.000000 0.147894
918.000000 0.156444
919.000000 0.153399
920.000000 0.023526
921.000000 0.251025
922.000000 0.159731
923.000000 0.162295
924.000000 0.195233
925.000000 0.151309
926.000000 0.063660
927.000000 0.191293
928.000000 0.225186
929.000000 0.071461
930.000000 0.061073
931.000000 0.133024
932.000000 0.161444
933.000000 0.075095
934.000000 0.117555
935.000000 0.188659
936.000000 0.057625
937.000000 0.070242
938.000000 0.339568
939.000000 0.164029
940.000000 0.160624
941.000000 0.253498
942.000000 0.109209
943.000000 0.057429
944.000000 0.178955
945.000000 0.045903
946.000000 0.097429
947.000000 0.053456
948.000000 0.107122
949.000000 0.099109
950.000000 0.234445
951.000000 0.261852
952.000000 0.213928
953.000000 0.166058
954.000000 0.120158
955.000000 0.078425
956.000000 0.131514
957.000000 0.106354
958.000000 0.226094
959.000000 0.229527
960.000000 0.242947
961.000000 0.154303
962.000000 0.175138
963.000000 0.118672
964.000000 0.240713
965.000000 0.155708
966.000000 0.225744
967.000000 0.214020
968.000000 0.099664
969.000000 0.102183
970.000000 0.151343
971.000000 0.193460
972.000000 0.031848
973.000000 0.236736
974.000000 0.130579
975.000000 0.197494
976.000000 0.108263
977.000000 0.145020
978.000000 0.060219
979.000000 0.188238
980.000000 0.128783
981.000000 0.258673
982.000000 0.077560
983.000000 0.240269
984.000000 0.211101
985.000000 0.019453
986.000000 0.159708
987.000000 0.122577
988.000000 0.248261
989.000000 0.133044
990.000000 0.269538
991.000000 0.186013
992.000000 0.200871
993.000000 0.195315
994.000000 0.136169
995.000000 0.095983
996.000000 0.128545
997.000000 0.111913
998.000000 0.084163
999.000000 0.181642
1000.000000 0.087056
1001.000000 0.090032
1002.000000 0.213707
1003.000000 0.261034
1004.000000 0.367921
1005.000000 0.115283
1006.000000 0.087821
1007.000000 0.042816
1008.000000 0.221077
1009.000000 0.125756
1010.000000 0.269212
1011.000000 0.248624
1012.000000 0.230309
1013.000000 0.126625
1014.000000 0.212532
1015.000000 0.136850
1016.000000 0.122351
1017.000000 0.095524
1018.000000 0.222803
1019.000000 0.271347
1020.000000 0.126253
1021.000000 0.095701
1022.000000 0.154441
1023.000000 0.204269
1024.000000 0.159554
1025.000000 0.140717
1026.000000 0.102793
1027.000000 0.223669
1028.000000 0.303722
1029.000000 0.047786
1030.000000 0.061231
1031.000000 0.106804
1032.000000 0.165418
1033.000000 0.192023
1034.000000 0.154382
1035.000000 0.124014
1036.000000 0.075239
1037.000000 0.094757
1038.000000 0.088751
1039.000000 0.149696
1040.000000 0.170623
1041.000000 0.120863
1042.000000 0.063649
1043.000000 0.174791
1044.000000 0.248085
1045.000000 0.088269
1046.000000 0.229218
1047.000000 0.130569
1048.000000 0.088851
1049.000000 0.079558
1050.000000 0.214900
1051.000000 0.055071
1052.000000 0.187645
1053.000000 0.212832
1054.000000 0.178289
1055.000000 0.129853
1056.000000 0.104826
1057.000000 0.031996
1058.000000 0.011158
1059.000000 0.087971
1060.000000 0.179754
1061.000000 0.146825
1062.000000 0.055078
1063.000000 0.021712
1064.000000 0.022957
1065.000000 0.135736
1066.000000 0.239045
1067.000000 0.205909
1068.000000 0.184429
1069.000000 0.076189
1070.000000 0.122187
1071.000000 0.148649
1072.000000 0.160403
1073.000000 0.147441
1074.000000 0.272080
1075.000000 0.111007
1076.000000 0.233018
1077.000000 0.304573
1078.000000 0.115130
1079.000000 0.037927
1080.000000 0.313597
1081.000000 0.070705
1082.000000 0.200952
1083.000000 0.033921
1084.000000 0.143257
1085.000000 0.175538
1086.000000 0.108865
1087.000000 0.138730
1088.000000 0.038437
1089.000000 0.155857
1090.000000 0.048875
1091.000000 0.112385
1092.000000 0.187496
1093.000000 0.280956
1094.000000 0.089466
1095.000000 0.049540
1096.000000 0.161930
1097.000000 0.219620
1098.000000 0.262910
1099.000000 0.079357
1100.000000 0.051931
1101.000000 0.095187
1102.000000 0.093913
1103.000000 0.121362
1104.000000 0.166280
1105.000000 0.118165
1106.000000 0.116558
1107.000000 0.095599
1108.000000 0.058485
1109.000000 0.176240
1110.000000 0.127941
1111.000000 0.076847
1112.000000 0.263356
1113.000000 0.125005
1114.000000 0.081275
1115.000000 0.097313
1116.000000 0.177526
1117.000000 0.076526
1118.000000 0.212850
1119.000000 0.107029
1120.000000 0.120362
1121.000000 0.210811
1122.000000 0.171065
1123.000000 0.114181
1124.000000 0.110842
1125.000000 0.214467
1126.000000 0.114352
1127.000000 0.080682
1128.000000 0.176038
1129.000000 0.037667
1130.000000 0.115561
1131.000000 0.170635
1132.000000 0.066323
1133.000000 0.079545
1134.000000 0.126363
1135.000000 0.096552
1136.000000 0.169991
1137.000000 0.184994
1138.000000 0.298047
1139.000000 0.047415
1140.000000 0.056437
1141.000000 0.171479
1142.000000 0.132807
1143.000000 0.151212
1144.000000 0.398050
1145.000000 0.276927
1146.000000 0.130969
1147.000000 0.073932
1148.000000 0.075932
1149.000000 0.098866
1150.000000 0.094500
1151.000000 0.064543
1152.000000 0.069282
1153.000000 0.201849
1154.000000 0.075202
1155.000000 0.117185
1156.000000 0.120268
1157.000000 0.156867
1158.000000 0.074918
1159.000000 0.118701
1160.000000 0.174344
1161.000000 0.129014
1162.000000 0.280395
1163.000000 0.199570
1164.000000 0.114045
1165.000000 0.074189
1166.000000 0.052365
1167.000000 0.048624
1168.000000 0.191121
1169.000000 0.316527
1170.000000 0.319993
1171.000000 0.154996
1172.000000 0.030257
1173.000000 0.155343
1174.000000 0.083408
1175.000000 0.178574
1176.000000 0.348358
1177.000000 0.271197
1178.000000 0.165814
1179.000000 0.257869
1180.000000 0.235945
1181.000000 0.081114
1182.000000 0.257363
1183.000000 0.227589
1184.000000 0.238777
1185.000000 0.099120
1186.000000 0.033382
1187.000000 0.122594
1188.000000 0.086254
1189.000000 0.181251
1190.000000 0.060458
1191.000000 0.155526
1192.000000 0.027536
1193.000000 0.048238
1194.000000 0.085081
1195.000000 0.105803
1196.000000 0.147654
1197.000000 0.264160
1198.000000 0.102430
1199.000000 0.092739
1200.000000 0.146756
1201.000000 0.090987
1202.000000 0.059588
1203.000000 0.279122
1204.000000 0.066307
1205.000000 0.013655
1206.000000 0.165499
1207.000000 0.291764
1208.000000 0.212829
1209.000000 0.098086
1210.000000 0.255578
1211.000000 0.262270
1212.000000 0.107821
1213.000000 0.072958
1214.000000 0.109069
1215.000000 0.046075
1216.000000 0.083472
1217.000000 0.172816
1218.000000 0.148759
1219.000000 0.032264
1220.000000 0.140192
1221.000000 0.074210
1222.000000 0.063731
1223.000000 0.087224
1224.000000 0.192516
1225.000000 0.155267
1226.000000 0.071927
1227.000000 0.159245
1228.000000 0.298402
1229.000000 0.100949
1230.000000 0.123931
1231.000000 0.168355
1232.000000 0.088171
1233.000000 0.095099
1234.000000 0.132669
1235.000000 0.190210
1236.000000 0.153369
1237.000000 0.070791
1238.000000 0.052029
1239.000000 0.035144
1240.000000 0.190546
1241.000000 0.090364
1242.000000 0.153978
1243.000000 0.266110
1244.000000 0.206986
1245.000000 0.309810
1246.000000 0.231616
1247.000000 0.217796
1248.000000 0.291708
1249.000000 0.208963
1250.000000 0.027208
1251.000000 0.251455
1252.000000 0.159419
1253.000000 0.046917
1254.000000 0.090509
1255.000000 0.106366
1256.000000 0.232033
1257.000000 0.106341
1258.000000 0.137047
1259.000000 0.086718
1260.000000 0.086103
1261.000000 0.087712
1262.000000 0.249253
1263.000000 0.048885
1264.000000 0.068386
1265.000000 0.266077
1266.000000 0.032088
1267.000000 0.097851
1268.000000 0.051074
1269.000000 0.039953
1270.000000 0.084274
1271.000000 0.105800
1272.000000 0.031559
1273.000000 0.139135
1274.000000 0.130974
1275.000000 0.087619
1276.000000 0.270814
1277.000000 0.248876
1278.000000 0.103004
1279.000000 0.154932
1280.000000 0.041620
1281.000000 0.286027
1282.000000 0.214958
1283.000000 0.353809
1284.000000 0.106948
1285.000000 0.133053
1286.000000 0.054577
1287.000000 0.052562
1288.000000 0.167382
1289.000000 0.060432
1290.000000 0.050446
1291.000000 0.167939
1292.000000 0.293092
1293.000000 0.276542
1294.000000 0.082797
1295.000000 0.060308
1296.000000 0.102471
1297.000000 0.106152
1298.000000 0.093191
1299.000000 0.039078
1300.000000 0.171273
1301.000000 0.204143
1302.000000 0.171866
1303.000000 0.147679
1304.000000 0.123285
1305.000000 0.200589
1306.000000 0.140512
1307.000000 0.107871
1308.000000 0.038420
1309.000000 0.081784
1310.000000 0.120578
1311.000000 0.148042
1312.000000 0.111295
1313.000000 0.116580
1314.000000 0.064310
1315.000000 0.016722
1316.000000 0.157166
1317.000000 0.131641
1318.000000 0.202602
1319.000000 0.062058
1320.000000 0.062840
1321.000000 0.139574
1322.000000 0.128184
1323.000000 0.091217
1324.000000 0.145304
1325.000000 0.080038
1326.000000 0.074978
1327.000000 0.087753
1328.000000 0.089208
1329.000000 0.167240
1330.000000 0.140859
1331.000000 0.115615
1332.000000 0.237909
1333.000000 0.062779
1334.000000 0.093739
1335.000000 0.241147
1336.000000 0.066343
1337.000000 0.207063
1338.000000 0.200826
1339.000000 0.224958
1340.000000 0.309169
1341.000000 0.131959
1342.000000 0.014254
1343.000000 0.077185
1344.000000 0.129056
1345.000000 0.259573
1346.000000 0.162853
1347.000000 0.071757
1348.000000 0.087269
1349.000000 0.042138
1350.000000 0.027923
1351.000000 0.139410
1352.000000 0.158008
1353.000000 0.166436
1354.000000 0.065760
1355.000000 0.244017
1356.000000 0.148720
1357.000000 0.166917
1358.000000 0.106130
1359.000000 0.136492
1360.000000 0.182590
1361.000000 0.272374
1362.000000 0.204146
1363.000000 0.120634
1364.000000 0.123975
1365.000000 0.148350
1366.000000 0.069697
1367.000000 0.275321
1368.000000 0.162549
1369.000000 0.040864
1370.000000 0.138135
1371.000000 0.232830
1372.000000 0.104058
1373.000000 0.136513
1374.000000 0.177362
1375.000000 0.065251
1376.000000 0.101959
1377.000000 0.058620
1378.000000 0.275181
1379.000000 0.173292
1380.000000 0.076500
1381.000000 0.211491
1382.000000 0.276045
1383.000000 0.154376
1384.000000 0.191361
1385.000000 0.227688
1386.000000 0.174698
1387.000000 0.169838
1388.000000 0.096822
1389.000000 0.165765
1390.000000 0.059418
1391.000000 0.269245
1392.000000 0.243403
1393.000000 0.263467
1394.000000 0.285510
1395.000000 0.173773
1396.000000 0.143330
1397.000000 0.136489
1398.000000 0.045377
1399.000000 0.052109
1400.000000 0.273045
1401.000000 0.137596
1402.000000 0.103036
1403.000000 0.057280
1404.000000 0.064880
1405.000000 0.039613
1406.000000 0.116551
1407.000000 0.235440
1408.000000 0.042707
1409.000000 0.057245
1410.000000 0.169274
1411.000000 0.093114
1412.000000 0.159478
1413.000000 0.225698
1414.000000 0.105048
1415.000000 0.093562
1416.000000 0.153858
1417.000000 0.102748
1418.000000 0.145655
1419.000000 0.084516
1420.000000 0.134685
1421.000000 0.162100
1422.000000 0.138360
1423.000000 0.138019
1424.000000 0.106619
1425.000000 0.177037
1426.000000 0.111873
1427.000000 0.170412
1428.000000 0.076111
1429.000000 0.034907
1430.000000 0.090650
1431.000000 0.096647
1432.000000 0.193332
1433.000000 0.265166
1434.000000 0.227746
1435.000000 0.139293
1436.000000 0.196917
1437.000000 0.356321
1438.000000 0.119072
1439.000000 0.166933
1440.000000 0.149366
1441.000000 0.073006
1442.000000 0.064287
1443.000000 0.133211
1444.000000 0.040184
1445.000000 0.065231
1446.000000 0.083967
1447.000000 0.133850
1448.000000 0.228856
1449.000000 0.145544
1450.000000 0.135319
1451.000000 0.232586
1452.000000 0.201466
1453.000000 0.014628
1454.000000 0.014108
1455.000000 0.106337
1456.000000 0.120181
1457.000000 0.045074
1458.000000 0.059485
1459.000000 0.134683
1460.000000 0.233853
1461.000000 0.162588
1462.000000 0.130735
1463.000000 0.257392
1464.000000 0.048611
1465.000000 0.058243
1466.000000 0.135570
1467.000000 0.052939
1468.000000 0.052930
1469.000000 0.315647
1470.000000 0.230345
1471.000000 0.204437
1472.000000 0.060349
1473.000000 0.157363
1474.000000 0.104260
1475.000000 0.237464
1476.000000 0.052429
1477.000000 0.234839
1478.000000 0.051942
1479.000000 0.131319
1480.000000 0.027840
1481.000000 0.030514
1482.000000 0.134530
1483.000000 0.054654
1484.000000 0.139675
1485.000000 0.083706
1486.000000 0.096601
1487.000000 0.089647
1488.000000 0.141702
1489.000000 0.184583
1490.000000 0.259118
1491.000000 0.122699
1492.000000 0.186262
1493.000000 0.175531
1494.000000 0.096638
1495.000000 0.223338
1496.000000 0.162365
1497.000000 0.200510
1498.000000 0.035448
1499.000000 0.196637
1500.000000 0.114120
1501.000000 0.200465
1502.000000 0.264699
1503.000000 0.391474
1504.000000 0.071316
1505.000000 0.056540
1506.000000 0.202517
1507.000000 0.128379
1508.000000 0.069311
1509.000000 0.197144
1510.000000 0.127023
1511.000000 0.189756
1512.000000 0.117177
1513.000000 0.044792
1514.000000 0.228266
1515.000000 0.084032
1516.000000 0.080403
1517.000000 0.089309
1518.000000 0.023841
1519.000000 0.238314
1520.000000 0.046572
1521.000000 0.101042
1522.000000 0.157576
1523.000000 0.101884
1524.000000 0.322557
1525.000000 0.113934
1526.000000 0.085661
1527.000000 0.129804
1528.000000 0.154407
1529.000000 0.041542
1530.000000 0.148609
1531.000000 0.205684
1532.000000 0.242682
1533.000000 0.121944
1534.000000 0.020658
1535.000000 0.163740
1536.000000 0.064832
1537.000000 0.099067
1538.000000 0.118748
1539.000000 0.261856
1540.000000 0.105176
1541.000000 0.138118
1542.000000 0.122929
1543.000000 0.219554
1544.000000 0.157426
1545.000000 0.246427
1546.000000 0.151435
1547.000000 0.136817
1548.000000 0.202274
1549.000000 0.164333
1550.000000 0.094018
1551.000000 0.245281
1552.000000 0.179153
1553.000000 0.143430
1554.000000 0.155621
1555.000000 0.125277
1556.000000 0.221541
1557.000000 0.050781
1558.000000 0.052905
1559.000000 0.062786
1560.000000 0.054491
1561.000000 0.030822
1562.000000 0.112388
1563.000000 0.257964
1564.000000 0.237737
1565.000000 0.324522
1566.000000 0.182519
1567.000000 0.016804
1568.000000 0.191844
1569.000000 0.133518
1570.000000 0.186874
1571.000000 0.181444
1572.000000 0.194333
1573.000000 0.174957
1574.000000 0.197756
1575.000000 0.139118
1576.000000 0.326846
1577.000000 0.297175
1578.000000 0.236866
1579.000000 0.090008
1580.000000 0.167849
1581.000000 0.042025
1582.000000 0.071299
1583.000000 0.162703
1584.000000 0.139638
1585.000000 0.175906
1586.000000 0.079969
1587.000000 0.313142
1588.000000 0.251334
1589.000000 0.177959
1590.000000 0.228441
1591.000000 0.178817
1592.000000 0.086194
1593.000000 0.113594
1594.000000 0.323590
1595.000000 0.115928
1596.000000 0.044134
1597.000000 0.154422
1598.000000 0.227712
1599.000000 0.371511
1600.000000 0.167380
1601.000000 0.107819
1602.000000 0.160450
1603.000000 0.329932
1604.000000 0.129139
1605.000000 0.088388
1606.000000 0.185712
1607.000000 0.079958
1608.000000 0.161737
1609.000000 0.170598
1610.000000 0.008801
1611.000000 0.186212
1612.000000 0.144372
1613.000000 0.042750
1614.000000 0.100893
1615.000000 0.141912
1616.000000 0.165168
1617.000000 0.015036
1618.000000 0.116596
1619.000000 0.140246
1620.000000 0.301909
1621.000000 0.175563
1622.000000 0.219252
1623.000000 0.145055
1624.000000 0.084356
1625.000000 0.093526
1626.000000 0.165855
1627.000000 0.094731
1628.000000 0.102064
1629.000000 0.139320
1630.000000 0.098479
1631.000000 0.202950
1632.000000 0.305551
1633.000000 0.042528
1634.000000 0.133068
1635.000000 0.101411
1636.000000 0.034720
1637.000000 0.117129
1638.000000 0.198245
1639.000000 0.144425
1640.000000 0.186871
1641.000000 0.203648
1642.000000 0.065228
1643.000000 0.017951
1644.000000 0.219547
1645.000000 0.224743
1646.000000 0.074306
1647.000000 0.115146
1648.000000 0.086718
1649.000000 0.109873
1650.000000 0.109928
1651.000000 0.103013
1652.000000 0.270555
1653.000000 0.064014
1654.000000 0.106763
1655.000000 0.121226
1656.000000 0.169959
1657.000000 0.116763
1658.000000 0.192582
1659.000000 0.192071
1660.000000 0.104173
1661.000000 0.054630
1662.000000 0.106476
1663.000000 0.162783
1664.000000 0.224517
1665.000000 0.124524
1666.000000 0.082796
1667.000000 0.064795
1668.000000 0.081239
1669.000000 0.132979
1670.000000 0.136618
1671.000000 0.212737
1672.000000 0.129517
1673.000000 0.058224
1674.000000 0.086627
1675.000000 0.093412
1676.000000 0.091854
1677.000000 0.104527
1678.000000 0.121785
1679.000000 0.186888
1680.000000 0.250120
1681.000000 0.138674
1682.000000 0.186655
1683.000000 0.105976
1684.000000 0.197113
1685.000000 0.148256
1686.000000 0.152756
1687.000000 0.128008
1688.000000 0.136999
1689.000000 0.146015
1690.000000 0.276236
1691.000000 0.348592
1692.000000 0.300530
1693.000000 0.062235
1694.000000 0.212985
1695.000000 0.094582
1696.000000 0.146030
1697.000000 0.044039
1698.000000 0.110541
1699.000000 0.067013
1700.000000 0.108580
1701.000000 0.139463
1702.000000 0.268929
1703.000000 0.061921
1704.000000 0.180882
1705.000000 0.148091
1706.000000 0.114696
1707.000000 0.115016
1708.000000 0.056173
1709.000000 0.157317
1710.000000 0.088006
1711.000000 0.194016
1712.000000 0.313638
1713.000000 0.065681
1714.000000 0.212250
1715.000000 0.124823
1716.000000 0.205661
1717.000000 0.053013
1718.000000 0.097910
1719.000000 0.127522
1720.000000 0.151701
1721.000000 0.117254
1722.000000 0.126201
1723.000000 0.024820
1724.000000 0.231214
1725.000000 0.049090
1726.000000 0.240867
1727.000000 0.123014
1728.000000 0.129581
1729.000000 0.192654
1730.000000 0.285572
1731.000000 0.176309
1732.000000 0.156403
1733.000000 0.102149
1734.000000 0.024065
1735.000000 0.091829
1736.000000 0.063371
1737.000000 0.210068
1738.000000 0.050675
1739.000000 0.111090
1740.000000 0.187124
1741.000000 0.243709
1742.000000 0.050859
1743.000000 0.038716
1744.000000 0.134045
1745.000000 0.162759
1746.000000 0.174018
1747.000000 0.116512
1748.000000 0.016613
1749.000000 0.092121
1750.000000 0.095204
1751.000000 0.147589
1752.000000 0.079238
1753.000000 0.087848
1754.000000 0.083583
1755.000000 0.108489
1756.000000 0.223477
1757.000000 0.196255
1758.000000 0.197819
1759.000000 0.176148
1760.000000 0.088247
1761.000000 0.129690
1762.000000 0.158432
1763.000000 0.138072
1764.000000 0.023170
1765.000000 0.088988
1766.000000 0.188663
1767.000000 0.061359
1768.000000 0.141263
1769.000000 0.196744
1770.000000 0.197956
1771.000000 0.267471
1772.000000 0.228843
1773.000000 0.074973
1774.000000 0.118519
1775.000000 0.048281
1776.000000 0.195549
1777.000000 0.223216
1778.000000 0.055233
1779.000000 0.109502
1780.000000 0.067538
1781.000000 0.039602
1782.000000 0.300550
1783.000000 0.104027
1784.000000 0.070848
1785.000000 0.069367
1786.000000 0.176830
1787.000000 0.156835
1788.000000 0.348652
1789.000000 0.176303
1790.000000 0.049333
1791.000000 0.135280
1792.000000 0.210987
1793.000000 0.204437
1794.000000 0.218497
1795.000000 0.139538
1796.000000 0.203203
1797.000000 0.153262
1798.000000 0.393896
1799.000000 0.111126
1800.000000 0.048614
1801.000000 0.084053
1802.000000 0.299123
1803.000000 0.069029
1804.000000 0.050050
1805.000000 0.088123
1806.000000 0.158039
1807.000000 0.222418
1808.000000 0.004792
1809.000000 0.047254
1810.000000 0.108760
1811.000000 0.039546
1812.000000 0.194545
1813.000000 0.142886
1814.000000 0.008647
1815.000000 0.032972
1816.000000 0.071731
1817.000000 0.187917
1818.000000 0.024508
1819.000000 0.237742
1820.000000 0.135988
1821.000000 0.127488
1822.000000 0.134859
1823.000000 0.154010
1824.000000 0.034837
1825.000000 0.117309
1826.000000 0.086252
1827.000000 0.124196
1828.000000 0.171870
1829.000000 0.122259
1830.000000 0.227429
1831.000000 0.140484
1832.000000 0.245440
1833.000000 0.079714
1834.000000 0.167913
1835.000000 0.284221
1836.000000 0.183813
1837.000000 0.148157
1838.000000 0.055515
1839.000000 0.076600
1840.000000 0.257386
1841.000000 0.170538
1842.000000 0.075806
1843.000000 0.040799
1844.000000 0.152760
1845.000000 0.081998
1846.000000 0.085673
1847.000000 0.267901
1848.000000 0.086313
1849.000000 0.215259
1850.000000 0.034854
1851.000000 0.055071
1852.000000 0.119300
1853.000000 0.262945
1854.000000 0.052715
1855.000000 0.105999
1856.000000 0.232655
1857.000000 0.159051
1858.000000 0.122607
1859.000000 0.244920
1860.000000 0.183283
1861.000000 0.042145
1862.000000 0.162925
1863.000000 0.167736
1864.000000 0.273123
1865.000000 0.184467
1866.000000 0.136750
1867.000000 0.170907
1868.000000 0.158411
1869.000000 0.061377
1870.000000 0.178221
1871.000000 0.041546
1872.000000 0.113703
1873.000000 0.096503
1874.000000 0.261928
1875.000000 0.200083
1876.000000 0.074478
1877.000000 0.073962
1878.000000 0.159522
1879.000000 0.119159
1880.000000 0.167394
1881.000000 0.171370
1882.000000 0.201978
1883.000000 0.316389
1884.000000 0.110328
1885.000000 0.148085
1886.000000 0.237813
1887.000000 0.338034
1888.000000 0.088307
1889.000000 0.286334
1890.000000 0.264976
1891.000000 0.176793
1892.000000 0.028017
1893.000000 0.297256
1894.000000 0.181816
1895.000000 0.062683
1896.000000 0.196912
1897.000000 0.133089
1898.000000 0.038382
1899.000000 0.210773
1900.000000 0.082728
1901.000000 0.104594
1902.000000 0.010067
1903.000000 0.038854
1904.000000 0.120868
1905.000000 0.093213
1906.000000 0.085999
1907.000000 0.128072
1908.000000 0.071680
1909.000000 0.097530
1910.000000 0.240561
1911.000000 0.199189
1912.000000 0.154707
1913.000000 0.242237
1914.000000 0.182300
1915.000000 0.276692
1916.000000 0.211928
1917.000000 0.161166
1918.000000 0.040171
1919.000000 0.118867
1920.000000 0.116134
1921.000000 0.087494
1922.000000 0.172217
1923.000000 0.142591
1924.000000 0.351046
1925.000000 0.095128
1926.000000 0.035414
1927.000000 0.134555
1928.000000 0.170974
1929.000000 0.145642
1930.000000 0.088165
1931.000000 0.188565
1932.000000 0.187210
1933.000000 0.400795
1934.000000 0.224340
1935.000000 0.139971
1936.000000 0.149545
1937.000000 0.204513
1938.000000 0.128158
1939.000000 0.209399
1940.000000 0.117036
1941.000000 0.031656
1942.000000 0.166448
1943.000000 0.028950
1944.000000 0.192185
1945.000000 0.130472
1946.000000 0.187305
1947.000000 0.224981
1948.000000 0.089676
1949.000000 0.125465
1950.000000 0.153662
1951.000000 0.088036
1952.000000 0.110257
1953.000000 0.124980
1954.000000 0.117692
1955.000000 0.046924
1956.000000 0.107944
1957.000000 0.180296
1958.000000 0.195311
1959.000000 0.122426
1960.000000 0.064904
1961.000000 0.217964
1962.000000 0.103835
1963.000000 0.139346
1964.000000 0.246872
1965.000000 0.056136
1966.000000 0.065239
1967.000000 0.269843
1968.000000 0.078237
1969.000000 0.158636
1970.000000 0.141933
1971.000000 0.092215
1972.000000 0.086521
1973.000000 0.188962
1974.000000 0.141010
1975.000000 0.108005
1976.000000 0.101888
1977.000000 0.253438
1978.000000 0.176788
1979.000000 0.037380
1980.000000 0.176654
1981.000000 0.240798
1982.000000 0.070300
1983.000000 0.110495
1984.000000 0.097959
1985.000000 0.138582
1986.000000 0.059176
1987.000000 0.154680
1988.000000 0.119781
1989.000000 0.111140
1990.000000 0.064105
1991.000000 0.023567
1992.000000 0.269307
1993.000000 0.245465
1994.000000 0.332971
1995.000000 0.079503
1996.000000 0.102264
1997.000000 0.113041
1998.000000 0.069695
1999.000000 0.143396
2000.000000 0.170970
2001.000000 0.016187
2002.000000 0.145546
2003.000000 0.017653
2004.000000 0.201966
2005.000000 0.285181
2006.000000 0.286974
2007.000000 0.277694
2008.000000 0.305111
2009.000000 0.134788
2010.000000 0.097639
2011.000000 0.211954
2012.000000 0.134532
2013.000000 0.112782
2014.000000 0.026668
2015.000000 0.216051
2016.000000 0.122360
2017.000000 0.136067
2018.000000 0.085990
2019.000000 0.238123
2020.000000 0.177663
2021.000000 0.229867
2022.000000 0.186723
2023.000000 0.262657
2024.000000 0.102924
2025.000000 0.100413
2026.000000 0.334676
2027.000000 0.315741
2028.000000 0.312260
2029.000000 0.230286
2030.000000 0.207157
2031.000000 0.113271
2032.000000 0.122993
2033.000000 0.069604
2034.000000 0.161709
2035.000000 0.116500
2036.000000 0.110287
2037.000000 0.288704
2038.000000 0.090021
2039.000000 0.186661
2040.000000 0.040160
2041.000000 0.091809
2042.000000 0.122611
2043.000000 0.159685
2044.000000 0.210682
2045.000000 0.230031
2046.000000 0.131365
2047.000000 0.188802
2048.000000 0.262471
2049.000000 0.243036
2050.000000 0.084360
2051.000000 0.078642
2052.000000 0.288287
2053.000000 0.302895
2054.000000 0.115729
2055.000000 0.172160
2056.000000 0.319057
2057.000000 0.075598
2058.000000 0.235970
2059.000000 0.166188
2060.000000 0.040271
2061.000000 0.231764
2062.000000 0.100000
2063.000000 0.136558
2064.000000 0.221581
2065.000000 0.124154
2066.000000 0.041834
2067.000000 0.392647
2068.000000 0.036354
2069.000000 0.335586
2070.000000 0.122927
2071.000000 0.116988
2072.000000 0.126750
2073.000000 0.024105
2074.000000 0.203036
2075.000000 0.173725
2076.000000 0.207224
2077.000000 0.032453
2078.000000 0.104380
2079.000000 0.189235
2080.000000 0.340342
2081.000000 0.148880
2082.000000 0.125591
2083.000000 0.126663
2084.000000 0.153015
2085.000000 0.104454
2086.000000 0.202619
2087.000000 0.129020
2088.000000 0.164197
2089.000000 0.211220
2090.000000 0.173276
2091.000000 0.089181
2092.000000 0.101811
2093.000000 0.178036
2094.000000 0.114201
2095.000000 0.035963
2096.000000 0.074566
2097.000000 0.085822
2098.000000 0.037601
2099.000000 0.098010
2100.000000 0.137993
2101.000000 0.109677
2102.000000 0.151818
2103.000000 0.149469
2104.000000 0.221562
2105.000000 0.115851
2106.000000 0.159561
2107.000000 0.203874
2108.000000 0.151456
2109.000000 0.110464
2110.000000 0.031333
2111.000000 0.033425
2112.000000 0.089218
2113.000000 0.284125
2114.000000 0.189740
2115.000000 0.166367
2116.000000 0.145114
2117.000000 0.116811
2118.000000 0.238826
2119.000000 0.150988
2120.000000 0.010013
2121.000000 0.099821
2122.000000 0.059025
2123.000000 0.145228
2124.000000 0.129286
2125.000000 0.127322
2126.000000 0.161706
2127.000000 0.101031
2128.000000 0.281537
2129.000000 0.295723
2130.000000 0.109867
2131.000000 0.107099
2132.000000 0.090617
2133.000000 0.073509
2134.000000 0.105230
2135.000000 0.209616
2136.000000 0.092719
2137.000000 0.082093
2138.000000 0.192040
2139.000000 0.205927
2140.000000 0.189282
2141.000000 0.062929
2142.000000 0.160699
2143.000000 0.260599
2144.000000 0.058536
2145.000000 0.094018
2146.000000 0.095892
2147.000000 0.187973
2148.000000 0.227410
2149.000000 0.135039
2150.000000 0.242391
2151.000000 0.122314
2152.000000 0.171698
2153.000000 0.049888
2154.000000 0.086854
2155.000000 0.140862
2156.000000 0.069044
2157.000000 0.136056
2158.000000 0.103576
2159.000000 0.101215
2160.000000 0.075585
2161.000000 0.085522
2162.000000 0.237045
2163.000000 0.292561
2164.000000 0.121477
2165.000000 0.215519
2166.000000 0.155886
2167.000000 0.089333
2168.000000 0.114053
2169.000000 0.334753
2170.000000 0.135480
2171.000000 0.066392
2172.000000 0.113143
2173.000000 0.150062
2174.000000 0.205370
2175.000000 0.112063
2176.000000 0.068973
2177.000000 0.126240
2178.000000 0.192219
2179.000000 0.104518
2180.000000 0.140001
2181.000000 0.206025
2182.000000 0.060827
2183.000000 0.164502
2184.000000 0.099149
2185.000000 0.112403
2186.000000 0.097463
2187.000000 0.089114
2188.000000 0.046853
2189.000000 0.192791
2190.000000 0.081866
2191.000000 0.189644
2192.000000 0.142682
2193.000000 0.054507
2194.000000 0.130063
2195.000000 0.047133
2196.000000 0.143816
2197.000000 0.230982
2198.000000 0.210918
2199.000000 0.132152
2200.000000 0.285539
2201.000000 0.179025
2202.000000 0.167552
2203.000000 0.147632
2204.000000 0.068882
2205.000000 0.085883
2206.000000 0.175981
2207.000000 0.188725
2208.000000 0.140424
2209.000000 0.169703
2210.000000 0.288513
2211.000000 0.175686
2212.000000 0.177601
2213.000000 0.172064
2214.000000 0.124494
2215.000000 0.018484
2216.000000 0.163331
2217.000000 0.143371
2218.000000 0.046916
2219.000000 0.168024
2220.000000 0.226098
2221.000000 0.035880
2222.000000 0.055619
2223.000000 0.171840
2224.000000 0.130193
2225.000000 0.271013
2226.000000 0.023320
2227.000000 0.112950
2228.000000 0.146441
2229.000000 0.070216
2230.000000 0.031236
2231.000000 0.118810
2232.000000 0.110284
2233.000000 0.189564
2234.000000 0.049540
2235.000000 0.216716
2236.000000 0.028439
2237.000000 0.092661
2238.000000 0.113292
2239.000000 0.207290
2240.000000 0.184737
2241.000000 0.334887
2242.000000 0.200789
2243.000000 0.210601
2244.000000 0.219671
2245.000000 0.196452
2246.000000 0.108817
2247.000000 0.070628
2248.000000 0.056613
2249.000000 0.088660
2250.000000 0.128119
2251.000000 0.209283
2252.000000 0.256976
2253.000000 0.334696
2254.000000 0.139492
2255.000000 0.154049
2256.000000 0.125221
2257.000000 0.051485
2258.000000 0.084177
2259.000000 0.203793
2260.000000 0.070165
2261.000000 0.087740
2262.000000 0.091897
2263.000000 0.109530
2264.000000 0.064761
2265.000000 0.120542
2266.000000 0.133821
2267.000000 0.064911
2268.000000 0.216081
2269.000000 0.098696
2270.000000 0.019083
2271.000000 0.057901
2272.000000 0.172589
2273.000000 0.267089
2274.000000 0.113251
2275.000000 0.023223
2276.000000 0.179660
2277.000000 0.356722
2278.000000 0.128765
2279.000000 0.063033
2280.000000 0.234780
2281.000000 0.214649
2282.000000 0.250383
2283.000000 0.136371
2284.000000 0.178202
2285.000000 0.083048
2286.000000 0.173071
2287.000000 0.093706
2288.000000 0.006855
2289.000000 0.261855
2290.000000 0.066704
2291.000000 0.051050
2292.000000 0.116782
2293.000000 0.154468
2294.000000 0.180020
2295.000000 0.114406
2296.000000 0.133980
2297.000000 0.058124
2298.000000 0.195236
2299.000000 0.198380
2300.000000 0.272183
2301.000000 0.196224
2302.000000 0.137807
2303.000000 0.164744
2304.000000 0.079183
2305.000000 0.223523
2306.000000 0.049975
2307.000000 0.050498
2308.000000 0.162735
2309.000000 0.107618
2310.000000 0.130752
2311.000000 0.150140
2312.000000 0.222941
2313.000000 0.191973
2314.000000 0.149301
2315.000000 0.168626
2316.000000 0.205745
2317.000000 0.171470
2318.000000 0.104310
2319.000000 0.151538
2320.000000 0.317383
2321.000000 0.109729
2322.000000 0.150587
2323.000000 0.153083
2324.000000 0.292655
2325.000000 0.197577
2326.000000 0.059615
2327.000000 0.150985
2328.000000 0.187689
2329.000000 0.076667
2330.000000 0.073627
2331.000000 0.167503
2332.000000 0.086762
2333.000000 0.078041
2334.000000 0.276725
2335.000000 0.249266
2336.000000 0.252372
2337.000000 0.063327
2338.000000 0.148268
2339.000000 0.194603
2340.000000 0.143800
2341.000000 0.116650
2342.000000 0.132270
2343.000000 0.262733
2344.000000 0.276647
2345.000000 0.205203
2346.000000 0.234466
2347.000000 0.184446
2348.000000 0.217555
2349.000000 0.160743
2350.000000 0.175396
2351.000000 0.033777
2352.000000 0.091237
2353.000000 0.059270
2354.000000 0.134543
2355.000000 0.112392
2356.000000 0.181131
2357.000000 0.060793
2358.000000 0.141224
2359.000000 0.081346
2360.000000 0.086963
2361.000000 0.110986
2362.000000 0.165856
2363.000000 0.065718
2364.000000 0.119670
2365.000000 0.157356
2366.000000 0.165060
2367.000000 0.042212
2368.000000 0.141063
2369.000000 0.220631
2370.000000 0.146836
2371.000000 0.237000
2372.000000 0.013279
2373.000000 0.167947
2374.000000 0.156838
2375.000000 0.227180
2376.000000 0.268994
2377.000000 0.147399
2378.000000 0.165856
2379.000000 0.115208
2380.000000 0.055908
2381.000000 0.148034
2382.000000 0.095429
2383.000000 0.110085
2384.000000 0.034879
2385.000000 0.117517
2386.000000 0.107426
2387.000000 0.120928
2388.000000 0.134437
2389.000000 0.191256
2390.000000 0.195867
2391.000000 0.119021
2392.000000 0.166725
2393.000000 0.095574
2394.000000 0.087330
2395.000000 0.040553
2396.000000 0.037752
2397.000000 0.094238
2398.000000 0.200719
2399.000000 0.316441
2400.000000 0.150655
2401.000000 0.032284
2402.000000 0.169005
2403.000000 0.092360
2404.000000 0.226008
2405.000000 0.078581
2406.000000 0.033368
2407.000000 0.024447
2408.000000 0.129613
2409.000000 0.215053
2410.000000 0.241502
2411.000000 0.079069
2412.000000 0.114744
2413.000000 0.073502
2414.000000 0.057232
2415.000000 0.146135
2416.000000 0.182361
2417.000000 0.120079
2418.000000 0.146287
2419.000000 0.108684
2420.000000 0.126770
2421.000000 0.363010
2422.000000 0.065989
2423.000000 0.134412
2424.000000 0.171953
2425.000000 0.094085
2426.000000 0.073912
2427.000000 0.074027
2428.000000 0.153482
2429.000000 0.124369
2430.000000 0.145167
2431.000000 0.049062
2432.000000 0.081230
2433.000000 0.026224
2434.000000 0.141876
2435.000000 0.281389
2436.000000 0.197647
2437.000000 0.263491
2438.000000 0.172102
2439.000000 0.129001
2440.000000 0.106934
2441.000000 0.049680
2442.000000 0.076611
2443.000000 0.175466
2444.000000 0.085757
2445.000000 0.196607
2446.000000 0.062473
2447.000000 0.221398
2448.000000 0.175119
2449.000000 0.109686
2450.000000 0.197867
2451.000000 0.118368
2452.000000 0.173450
2453.000000 0.028019
2454.000000 0.199400
2455.000000 0.151803
2456.000000 0.083641
2457.000000 0.050635
2458.000000 0.076963
2459.000000 0.235276
2460.000000 0.068548
2461.000000 0.045697
2462.000000 0.133868
2463.000000 0.152922
2464.000000 0.236931
2465.000000 0.187796
2466.000000 0.137331
2467.000000 0.084595
2468.000000 0.123943
2469.000000 0.167501
2470.000000 0.140395
2471.000000 0.171234
2472.000000 0.217920
2473.000000 0.210222
2474.000000 0.305425
2475.000000 0.214990
2476.000000 0.115899
2477.000000 0.268290
2478.000000 0.039757
2479.000000 0.130397
2480.000000 0.085776
2481.000000 0.099863
2482.000000 0.249464
2483.000000 0.092139
2484.000000 0.325281
2485.000000 0.030580
2486.000000 0.037614
2487.000000 0.051157
2488.000000 0.075995
2489.000000 0.022450
2490.000000 0.117914
2491.000000 0.038866
2492.000000 0.077159
2493.000000 0.149633
2494.000000 0.119790
2495.000000 0.193898
2496.000000 0.276741
2497.000000 0.135444
2498.000000 0.100970
2499.000000 0.074173
2500.000000 0.080502
2501.000000 0.049324
2502.000000 0.115243
2503.000000 0.133778
2504.000000 0.027827
2505.000000 0.089640
2506.000000 0.066849
2507.000000 0.072204
2508.000000 0.137999
2509.000000 0.027850
2510.000000 0.088585
2511.000000 0.125870
2512.000000 0.183390
2513.000000 0.065084
2514.000000 0.053821
2515.000000 0.099534
2516.000000 0.051977
2517.000000 0.160301
2518.000000 0.078830
2519.000000 0.106826
2520.000000 0.222176
2521.000000 0.208833
2522.000000 0.171197
2523.000000 0.188002
2524.000000 0.297800
2525.000000 0.184139
2526.000000 0.202717
2527.000000 0.223302
2528.000000 0.164220
2529.000000 0.038047
2530.000000 0.082441
2531.000000 0.069164
2532.000000 0.079689
2533.000000 0.270486
2534.000000 0.143075
2535.000000 0.064168
2536.000000 0.208058
2537.000000 0.137403
2538.000000 0.207417
2539.000000 0.165808
2540.000000 0.120639
2541.000000 0.125862
2542.000000 0.167438
2543.000000 0.038563
2544.000000 0.152830
2545.000000 0.049467
2546.000000 0.303500
2547.000000 0.161124
2548.000000 0.039608
2549.000000 0.196487
2550.000000 0.020833
2551.000000 0.072880
2552.000000 0.145677
2553.000000 0.249700
2554.000000 0.131787
2555.000000 0.120196
2556.000000 0.133785
2557.000000 0.242267
2558.000000 0.106238
2559.000000 0.068060
2560.000000 0.064956
2561.000000 0.118456
2562.000000 0.003430
2563.000000 0.083883
2564.000000 0.124538
2565.000000 0.165335
2566.000000 0.152245
2567.000000 0.168016
2568.000000 0.122799
2569.000000 0.115313
2570.000000 0.165536
2571.000000 0.034820
2572.000000 0.027572
2573.000000 0.076354
2574.000000 0.138580
2575.000000 0.106752
2576.000000 0.098835
2577.000000 0.160287
2578.000000 0.055263
2579.000000 0.120907
2580.000000 0.119900
2581.000000 0.163492
2582.000000 0.201887
2583.000000 0.079440
2584.000000 0.281737
2585.000000 0.268732
2586.000000 0.156245
2587.000000 0.167013
2588.000000 0.069572
2589.000000 0.146554
2590.000000 0.025804
2591.000000 0.053222
2592.000000 0.027302
2593.000000 0.064408
2594.000000 0.070218
2595.000000 0.214163
2596.000000 0.120395
2597.000000 0.292729
2598.000000 0.129203
2599.000000 0.084898
2600.000000 0.154247
2601.000000 0.091263
2602.000000 0.087540
2603.000000 0.117431
2604.000000 0.067878
2605.000000 0.137346
2606.000000 0.185563
2607.000000 0.223485
2608.000000 0.074040
2609.000000 0.157239
2610.000000 0.088695
2611.000000 0.359304
2612.000000 0.099275
2613.000000 0.205597
2614.000000 0.124900
2615.000000 0.214149
2616.000000 0.023008
2617.000000 0.118275
2618.000000 0.063430
2619.000000 0.183048
2620.000000 0.035485
2621.000000 0.149962
2622.000000 0.155181
2623.000000 0.098701
2624.000000 0.070205
2625.000000 0.256491
2626.000000 0.085046
2627.000000 0.021347
2628.000000 0.189912
2629.000000 0.195228
2630.000000 0.073639
2631.000000 0.042487
2632.000000 0.172654
2633.000000 0.110840
2634.000000 0.109318
2635.000000 0.072270
2636.000000 0.188913
2637.000000 0.294527
2638.000000 0.135599
2639.000000 0.176093
2640.000000 0.053888
2641.000000 0.135684
2642.000000 0.094676
2643.000000 0.205921
2644.000000 0.171917
2645.000000 0.258263
2646.000000 0.182067
2647.000000 0.148195
2648.000000 0.143089
2649.000000 0.223860
2650.000000 0.058305
2651.000000 0.120416
2652.000000 0.087916
2653.000000 0.137016
2654.000000 0.111763
2655.000000 0.054361
2656.000000 0.015476
2657.000000 0.178879
2658.000000 0.192877
2659.000000 0.230102
2660.000000 0.107725
2661.000000 0.081331
2662.000000 0.179718
2663.000000 0.084139
2664.000000 0.138597
2665.000000 0.108404
2666.000000 0.073257
2667.000000 0.173961
2668.000000 0.301853
2669.000000 0.290310
2670.000000 0.176770
2671.000000 0.187881
2672.000000 0.052467
2673.000000 0.187288
2674.000000 0.201400
2675.000000 0.193498
2676.000000 0.084390
2677.000000 0.095640
2678.000000 0.207134
2679.000000 0.216232
2680.000000 0.310436
2681.000000 0.174813
2682.000000 0.093311
2683.000000 0.116572
2684.000000 0.059090
2685.000000 0.149697
2686.000000 0.209359
2687.000000 0.072186
2688.000000 0.072405
2689.000000 0.084313
2690.000000 0.066813
2691.000000 0.222745
2692.000000 0.144426
2693.000000 0.326646
2694.000000 0.209245
2695.000000 0.280573
2696.000000 0.176432
2697.000000 0.164127
2698.000000 0.297537
2699.000000 0.143057
2700.000000 0.073683
2701.000000 0.248016
2702.000000 0.307555
2703.000000 0.199429
2704.000000 0.018225
2705.000000 0.172828
2706.000000 0.282863
2707.000000 0.109887
2708.000000 0.088341
2709.000000 0.080970
2710.000000 0.116603
2711.000000 0.161073
2712.000000 0.171460
2713.000000 0.204338
2714.000000 0.056290
2715.000000 0.033925
2716.000000 0.202507
2717.000000 0.123009
2718.000000 0.128562
2719.000000 0.155540
2720.000000 0.051839
2721.000000 0.051143
2722.000000 0.142689
2723.000000 0.113110
2724.000000 0.172599
2725.000000 0.044696
2726.000000 0.089387
2727.000000 0.073092
2728.000000 0.034514
2729.000000 0.068864
2730.000000 0.130549
2731.000000 0.094743
2732.000000 0.034868
2733.000000 0.125996
2734.000000 0.187495
2735.000000 0.082252
2736.000000 0.020963
2737.000000 0.154228
2738.000000 0.093450
2739.000000 0.054902
2740.000000 0.107699
2741.000000 0.234238
2742.000000 0.171803
2743.000000 0.241204
2744.000000 0.191257
2745.000000 0.077768
2746.000000 0.107165
2747.000000 0.168721
2748.000000 0.185294
2749.000000 0.184534
2750.000000 0.086221
2751.000000 0.113392
2752.000000 0.135312
2753.000000 0.183171
2754.000000 0.114052
2755.000000 0.135331
2756.000000 0.102160
2757.000000 0.211110
2758.000000 0.111445
2759.000000 0.012697
2760.000000 0.015388
2761.000000 0.022530
2762.000000 0.275131
2763.000000 0.106518
2764.000000 0.038862
2765.000000 0.131031
2766.000000 0.217017
2767.000000 0.211788
2768.000000 0.074045
2769.000000 0.046859
2770.000000 0.217422
2771.000000 0.264800
2772.000000 0.252398
2773.000000 0.149878
2774.000000 0.254177
2775.000000 0.072840
2776.000000 0.170559
2777.000000 0.227057
2778.000000 0.258424
2779.000000 0.303040
2780.000000 0.115101
2781.000000 0.217507
2782.000000 0.252599
2783.000000 0.250371
2784.000000 0.038221
2785.000000 0.155866
2786.000000 0.145909
2787.000000 0.118276
2788.000000 0.123443
2789.000000 0.222617
2790.000000 0.326844
2791.000000 0.185009
2792.000000 0.226281
2793.000000 0.285275
2794.000000 0.222640
2795.000000 0.233614
2796.000000 0.140875
2797.000000 0.134499
2798.000000 0.122401
2799.000000 0.119282
2800.000000 0.076835
2801.000000 0.118103
2802.000000 0.124892
2803.000000 0.059522
2804.000000 0.076017
2805.000000 0.077211
2806.000000 0.115017
2807.000000 0.040417
2808.000000 0.178334
2809.000000 0.229738
2810.000000 0.134522
2811.000000 0.208741
2812.000000 0.167425
2813.000000 0.074532
2814.000000 0.046552
2815.000000 0.122780
2816.000000 0.147900
2817.000000 0.029484
2818.000000 0.078875
2819.000000 0.149505
2820.000000 0.087557
2821.000000 0.110303
2822.000000 0.165916
2823.000000 0.220809
2824.000000 0.119400
2825.000000 0.134804
2826.000000 0.303354
2827.000000 0.241310
2828.000000 0.192243
2829.000000 0.057825
2830.000000 0.140954
2831.000000 0.102734
2832.000000 0.201411
2833.000000 0.087800
2834.000000 0.124752
2835.000000 0.138040
2836.000000 0.213270
2837.000000 0.155656
2838.000000 0.068216
2839.000000 0.112629
2840.000000 0.183932
2841.000000 0.017809
2842.000000 0.139568
2843.000000 0.138284
2844.000000 0.013391
2845.000000 0.252885
2846.000000 0.176627
2847.000000 0.137126
2848.000000 0.030176
2849.000000 0.180688
2850.000000 0.312226
2851.000000 0.174180
2852.000000 0.268333
2853.000000 0.096675
2854.000000 0.139155
2855.000000 0.074946
2856.000000 0.103623
2857.000000 0.190824
2858.000000 0.224335
2859.000000 0.183514
2860.000000 0.066147
2861.000000 0.126306
2862.000000 0.271840
2863.000000 0.071155
2864.000000 0.085749
2865.000000 0.136137
2866.000000 0.153245
2867.000000 0.263021
2868.000000 0.147012
2869.000000 0.267721
2870.000000 0.090588
2871.000000 0.144426
2872.000000 0.041966
2873.000000 0.101028
2874.000000 0.227205
2875.000000 0.040347
2876.000000 0.225660
2877.000000 0.118716
2878.000000 0.106655
2879.000000 0.142877
2880.000000 0.112953
2881.000000 0.296946
2882.000000 0.250520
2883.000000 0.092949
2884.000000 0.047904
2885.000000 0.162014
2886.000000 0.084818
2887.000000 0.230360
2888.000000 0.237154
2889.000000 0.157666
2890.000000 0.087253
2891.000000 0.069930
2892.000000 0.061483
2893.000000 0.097177
2894.000000 0.111391
2895.000000 0.060669
2896.000000 0.166207
2897.000000 0.087835
2898.000000 0.091453
2899.000000 0.246327
2900.000000 0.260906
2901.000000 0.343958
2902.000000 0.341251
2903.000000 0.217760
2904.000000 0.059382
2905.000000 0.230702
2906.000000 0.031234
2907.000000 0.175811
2908.000000 0.163436
2909.000000 0.115220
2910.000000 0.126286
2911.000000 0.112720
2912.000000 0.064904
2913.000000 0.259524
2914.000000 0.095677
2915.000000 0.109727
2916.000000 0.269689
2917.000000 0.026256
2918.000000 0.157640
2919.000000 0.163725
2920.000000 0.132396
2921.000000 0.221977
2922.000000 0.071371
2923.000000 0.012717
2924.000000 0.132683
2925.000000 0.032404
2926.000000 0.108985
2927.000000 0.133856
2928.000000 0.175195
2929.000000 0.226382
2930.000000 0.176026
2931.000000 0.087753
2932.000000 0.131615
2933.000000 0.102813
2934.000000 0.239528
2935.000000 0.227063
2936.000000 0.083889
2937.000000 0.172892
2938.000000 0.110499
2939.000000 0.177249
2940.000000 0.121357
2941.000000 0.123646
2942.000000 0.128801
2943.000000 0.104095
2944.000000 0.024241
2945.000000 0.046095
2946.000000 0.054051
2947.000000 0.078379
2948.000000 0.290223
2949.000000 0.122400
2950.000000 0.060871
2951.000000 0.162396
2952.000000 0.036241
2953.000000 0.088111
2954.000000 0.077309
2955.000000 0.190749
2956.000000 0.046533
2957.000000 0.148838
2958.000000 0.059339
2959.000000 0.042263
2960.000000 0.091267
2961.000000 0.158108
2962.000000 0.208495
2963.000000 0.014690
2964.000000 0.183406
2965.000000 0.034403
2966.000000 0.117507
2967.000000 0.082340
2968.000000 0.131950
2969.000000 0.071741
2970.000000 0.119503
2971.000000 0.107105
2972.000000 0.313501
2973.000000 0.030888
2974.000000 0.112057
2975.000000 0.054029
2976.000000 0.038283
2977.000000 0.099528
2978.000000 0.067092
2979.000000 0.206134
2980.000000 0.102883
2981.000000 0.168952
2982.000000 0.289610
2983.000000 0.209725
2984.000000 0.220875
2985.000000 0.133839
2986.000000 0.182337
2987.000000 0.369117
2988.000000 0.233908
2989.000000 0.137476
2990.000000 0.094166
2991.000000 0.238608
2992.000000 0.311371
2993.000000 0.151578
2994.000000 0.252645
2995.000000 0.192979
2996.000000 0.408439
2997.000000 0.243317
2998.000000 0.196482
2999.000000 0.076547
3000.000000 0.116923
