10.000000 0.139486
20.000000 0.047236
30.000000 0.050203
40.000000 0.026374
50.000000 0.160400
60.000000 0.151464
70.000000 0.077524
80.000000 0.046089
90.000000 0.187023
100.000000 0.093265
110.000000 0.088586
120.000000 0.096236
130.000000 0.062187
140.000000 0.113126
150.000000 0.142300
160.000000 0.121862
170.000000 0.080230
180.000000 0.084173
190.000000 0.094265
200.000000 0.108727
210.000000 0.278243
220.000000 0.092939
230.000000 0.217252
240.000000 0.225160
250.000000 0.189451
260.000000 0.114728
270.000000 0.134442
280.000000 0.236282
290.000000 0.114868
300.000000 0.071614
310.000000 0.069874
320.000000 0.146755
330.000000 0.089942
340.000000 0.088220
350.000000 0.095600
360.000000 0.026435
370.000000 0.101923
380.000000 0.124947
390.000000 0.170815
400.000000 0.140505
410.000000 0.119075
420.000000 0.102644
430.000000 0.059804
440.000000 0.162119
450.000000 0.054019
460.000000 0.153011
470.000000 0.037879
480.000000 0.072235
490.000000 0.167406
500.000000 0.209628
510.000000 0.276087
520.000000 0.077581
530.000000 0.145516
540.000000 0.177176
550.000000 0.121371
560.000000 0.077791
570.000000 0.072508
580.000000 0.112095
590.000000 0.166106
600.000000 0.261956
610.000000 0.112559
620.000000 0.230554
630.000000 0.178368
640.000000 0.113199
650.000000 0.218377
660.000000 0.138045
670.000000 0.135011
680.000000 0.226251
690.000000 0.017746
700.000000 0.054343
710.000000 0.093060
720.000000 0.071069
730.000000 0.155248
740.000000 0.150904
750.000000 0.196523
760.000000 0.134941
770.000000 0.162801
780.000000 0.051347
790.000000 0.128220
800.000000 0.173239
810.000000 0.053404
820.000000 0.289722
830.000000 0.131977
840.000000 0.172636
850.000000 0.127406
860.000000 0.197789
870.000000 0.121196
880.000000 0.143059
890.000000 0.129362
900.000000 0.141455
910.000000 0.122037
920.000000 0.033016
930.000000 0.186234
940.000000 0.215463
950.000000 0.213611
960.000000 0.120851
970.000000 0.079503
980.000000 0.098295
990.000000 0.121232
1000.000000 0.101508
