0.000000 0.063737
1.000000 0.012744
2.000000 0.081070
3.000000 0.051521
4.000000 0.106211
5.000000 0.108521
6.000000 0.010671
7.000000 0.121515
8.000000 0.075051
9.000000 0.026255
10.000000 0.264123
11.000000 0.186955
12.000000 0.088501
13.000000 0.213005
14.000000 0.068883
15.000000 0.016450
16.000000 0.102984
17.000000 0.052936
18.000000 0.018076
19.000000 0.178454
20.000000 0.187342
21.000000 0.103064
22.000000 0.105518
23.000000 0.189503
24.000000 0.250408
25.000000 0.096466
26.000000 0.170756
27.000000 0.046061
28.000000 0.100732
29.000000 0.198286
30.000000 0.039667
31.000000 0.217829
32.000000 0.104735
33.000000 0.182740
34.000000 0.093612
35.000000 0.174613
36.000000 0.178863
37.000000 0.010438
38.000000 0.195943
39.000000 0.026359
40.000000 0.114042
41.000000 0.257862
42.000000 0.109171
43.000000 0.009984
44.000000 0.066579
45.000000 0.170654
46.000000 0.133122
47.000000 0.186006
48.000000 0.099893
49.000000 0.178935
50.000000 0.118875
51.000000 0.136291
52.000000 0.161117
53.000000 0.103465
54.000000 0.177580
55.000000 0.058970
56.000000 0.125809
57.000000 0.159287
58.000000 0.020604
59.000000 0.259042
60.000000 0.167175
61.000000 0.258616
62.000000 0.321165
63.000000 0.178074
64.000000 0.178058
65.000000 0.129717
66.000000 0.086992
67.000000 0.048907
68.000000 0.140824
69.000000 0.201367
70.000000 0.096020
71.000000 0.184632
72.000000 0.179765
73.000000 0.166329
74.000000 0.127872
75.000000 0.162320
76.000000 0.121385
77.000000 0.101993
78.000000 0.107660
79.000000 0.116218
80.000000 0.185909
81.000000 0.119724
82.000000 0.200918
83.000000 0.143579
84.000000 0.145938
85.000000 0.086720
86.000000 0.032590
87.000000 0.148490
88.000000 0.150464
89.000000 0.093239
90.000000 0.136199
91.000000 0.264743
92.000000 0.109211
93.000000 0.100928
94.000000 0.018721
95.000000 0.078606
96.000000 0.132862
97.000000 0.064396
98.000000 0.141509
99.000000 0.314303
100.000000 0.048888
101.000000 0.077693
102.000000 0.089467
103.000000 0.223564
104.000000 0.095177
105.000000 0.118935
106.000000 0.108974
107.000000 0.125847
108.000000 0.243931
109.000000 0.104089
110.000000 0.122071
111.000000 0.037705
112.000000 0.064903
113.000000 0.137337
114.000000 0.022721
115.000000 0.029874
116.000000 0.077900
117.000000 0.052900
118.000000 0.139332
119.000000 0.192007
120.000000 0.091285
121.000000 0.156108
122.000000 0.248275
123.000000 0.179788
124.000000 0.399398
125.000000 0.080802
126.000000 0.111322
127.000000 0.204225
128.000000 0.125679
129.000000 0.279206
130.000000 0.058341
131.000000 0.076240
132.000000 0.141406
133.000000 0.029268
134.000000 0.151385
135.000000 0.179420
136.000000 0.068698
137.000000 0.088125
138.000000 0.096277
139.000000 0.106079
140.000000 0.161872
141.000000 0.284349
142.000000 0.177903
143.000000 0.020356
144.000000 0.120337
145.000000 0.192170
146.000000 0.040972
147.000000 0.092569
148.000000 0.114664
149.000000 0.133607
150.000000 0.211826
151.000000 0.136284
152.000000 0.262447
153.000000 0.250620
154.000000 0.279471
155.000000 0.116610
156.000000 0.132258
157.000000 0.021156
158.000000 0.018838
159.000000 0.104704
160.000000 0.170891
161.000000 0.116390
162.000000 0.170112
163.000000 0.042981
164.000000 0.191340
165.000000 0.234365
166.000000 0.172461
167.000000 0.149122
168.000000 0.127978
169.000000 0.122531
170.000000 0.090323
171.000000 0.256283
172.000000 0.156842
173.000000 0.204191
174.000000 0.076975
175.000000 0.077812
176.000000 0.003445
177.000000 0.049143
178.000000 0.119376
179.000000 0.067745
180.000000 0.120954
181.000000 0.186750
182.000000 0.042404
183.000000 0.069720
184.000000 0.112528
185.000000 0.150491
186.000000 0.114426
187.000000 0.048376
188.000000 0.090647
189.000000 0.123879
190.000000 0.161129
191.000000 0.084802
192.000000 0.096934
193.000000 0.123320
194.000000 0.089954
195.000000 0.113800
196.000000 0.164253
197.000000 0.068121
198.000000 0.096917
199.000000 0.185342
200.000000 0.103288
201.000000 0.058202
202.000000 0.236263
203.000000 0.306825
204.000000 0.142855
205.000000 0.090161
206.000000 0.241595
207.000000 0.152630
208.000000 0.073886
209.000000 0.315026
210.000000 0.061114
211.000000 0.086862
212.000000 0.059298
213.000000 0.120661
214.000000 0.079618
215.000000 0.076529
216.000000 0.152219
217.000000 0.116386
218.000000 0.138992
219.000000 0.093595
220.000000 0.087570
221.000000 0.093008
222.000000 0.153237
223.000000 0.158128
224.000000 0.131595
225.000000 0.275600
226.000000 0.045519
227.000000 0.026111
228.000000 0.101625
229.000000 0.156313
230.000000 0.138200
231.000000 0.034006
232.000000 0.083338
233.000000 0.156925
234.000000 0.097583
235.000000 0.077675
236.000000 0.257701
237.000000 0.042533
238.000000 0.215570
239.000000 0.159600
240.000000 0.083002
241.000000 0.188216
242.000000 0.114195
243.000000 0.113287
244.000000 0.075947
245.000000 0.151050
246.000000 0.077111
247.000000 0.177372
248.000000 0.245937
249.000000 0.248563
250.000000 0.126643
251.000000 0.175331
252.000000 0.261787
253.000000 0.031908
254.000000 0.178946
255.000000 0.093474
256.000000 0.129735
257.000000 0.101673
258.000000 0.041876
259.000000 0.303239
260.000000 0.076554
261.000000 0.086037
262.000000 0.080541
263.000000 0.094497
264.000000 0.074483
265.000000 0.192326
266.000000 0.185236
267.000000 0.046147
268.000000 0.050435
269.000000 0.073823
270.000000 0.069810
271.000000 0.133201
272.000000 0.176842
273.000000 0.199263
274.000000 0.039546
275.000000 0.189962
276.000000 0.077269
277.000000 0.214589
278.000000 0.103540
279.000000 0.175939
280.000000 0.134673
281.000000 0.280189
282.000000 0.105728
283.000000 0.233647
284.000000 0.114571
285.000000 0.140332
286.000000 0.098885
287.000000 0.198230
288.000000 0.233346
289.000000 0.262317
290.000000 0.166911
291.000000 0.117343
292.000000 0.017452
293.000000 0.016667
294.000000 0.138385
295.000000 0.095577
296.000000 0.120640
297.000000 0.121444
298.000000 0.297631
299.000000 0.151648
300.000000 0.191085
301.000000 0.111020
302.000000 0.030688
303.000000 0.129267
304.000000 0.222508
305.000000 0.021861
306.000000 0.253989
307.000000 0.193117
308.000000 0.090946
309.000000 0.134035
310.000000 0.180997
311.000000 0.099315
312.000000 0.161884
313.000000 0.139999
314.000000 0.029874
315.000000 0.018727
316.000000 0.227932
317.000000 0.148838
318.000000 0.104730
319.000000 0.231678
320.000000 0.105411
321.000000 0.124519
322.000000 0.104411
323.000000 0.052666
324.000000 0.126545
325.000000 0.028223
326.000000 0.204536
327.000000 0.101790
328.000000 0.127986
329.000000 0.067354
330.000000 0.061760
331.000000 0.112506
332.000000 0.146585
333.000000 0.037456
334.000000 0.089740
335.000000 0.177524
336.000000 0.063009
337.000000 0.075123
338.000000 0.125017
339.000000 0.128818
340.000000 0.052250
341.000000 0.163231
342.000000 0.074256
343.000000 0.020398
344.000000 0.195891
345.000000 0.110884
346.000000 0.109905
347.000000 0.099470
348.000000 0.086677
349.000000 0.066589
350.000000 0.219116
351.000000 0.209959
352.000000 0.206649
353.000000 0.086561
354.000000 0.021375
355.000000 0.132786
356.000000 0.168309
357.000000 0.093210
358.000000 0.165267
359.000000 0.130838
360.000000 0.137004
361.000000 0.044906
362.000000 0.025473
363.000000 0.024189
364.000000 0.104742
365.000000 0.147587
366.000000 0.120948
367.000000 0.120053
368.000000 0.123376
369.000000 0.027987
370.000000 0.171565
371.000000 0.093562
372.000000 0.125800
373.000000 0.083864
374.000000 0.117579
375.000000 0.051787
376.000000 0.057450
377.000000 0.229570
378.000000 0.086763
379.000000 0.185039
380.000000 0.061521
381.000000 0.086234
382.000000 0.062658
383.000000 0.108008
384.000000 0.059917
385.000000 0.152893
386.000000 0.111771
387.000000 0.093591
388.000000 0.104172
389.000000 0.297924
390.000000 0.109570
391.000000 0.259021
392.000000 0.053409
393.000000 0.129466
394.000000 0.132800
395.000000 0.157285
396.000000 0.053703
397.000000 0.093515
398.000000 0.205053
399.000000 0.110208
400.000000 0.053757
401.000000 0.257134
402.000000 0.057182
403.000000 0.158978
404.000000 0.204499
405.000000 0.143984
406.000000 0.112462
407.000000 0.144008
408.000000 0.223102
409.000000 0.104355
410.000000 0.147314
411.000000 0.053474
412.000000 0.181997
413.000000 0.157139
414.000000 0.155865
415.000000 0.104179
416.000000 0.023469
417.000000 0.166114
418.000000 0.009330
419.000000 0.097582
420.000000 0.149894
421.000000 0.092959
422.000000 0.109040
423.000000 0.033526
424.000000 0.060651
425.000000 0.074049
426.000000 0.061586
427.000000 0.094885
428.000000 0.086741
429.000000 0.195318
430.000000 0.042341
431.000000 0.055368
432.000000 0.028344
433.000000 0.082230
434.000000 0.171797
435.000000 0.158938
436.000000 0.219807
437.000000 0.161594
438.000000 0.116403
439.000000 0.087079
440.000000 0.052166
441.000000 0.149069
442.000000 0.150197
443.000000 0.068067
444.000000 0.047650
445.000000 0.179312
446.000000 0.193938
447.000000 0.154105
448.000000 0.134369
449.000000 0.064351
450.000000 0.052323
451.000000 0.178487
452.000000 0.034417
453.000000 0.172764
454.000000 0.110613
455.000000 0.122460
456.000000 0.047556
457.000000 0.037743
458.000000 0.183362
459.000000 0.071702
460.000000 0.117573
461.000000 0.094512
462.000000 0.146675
463.000000 0.115861
464.000000 0.083466
465.000000 0.197152
466.000000 0.011246
467.000000 0.156254
468.000000 0.124029
469.000000 0.094117
470.000000 0.031522
471.000000 0.185241
472.000000 0.115687
473.000000 0.188740
474.000000 0.138931
475.000000 0.155645
476.000000 0.130418
477.000000 0.091067
478.000000 0.201564
479.000000 0.304404
480.000000 0.060769
481.000000 0.198651
482.000000 0.184235
483.000000 0.229623
484.000000 0.042360
485.000000 0.181667
486.000000 0.095449
487.000000 0.074176
488.000000 0.079254
489.000000 0.143320
490.000000 0.095791
491.000000 0.195761
492.000000 0.247682
493.000000 0.083054
494.000000 0.118800
495.000000 0.024280
496.000000 0.173546
497.000000 0.111465
498.000000 0.300536
499.000000 0.189739
500.000000 0.176764
501.000000 0.301204
502.000000 0.149331
503.000000 0.071597
504.000000 0.215686
505.000000 0.015313
506.000000 0.237383
507.000000 0.084415
508.000000 0.105766
509.000000 0.215363
510.000000 0.089711
511.000000 0.078680
512.000000 0.134451
513.000000 0.207717
514.000000 0.070143
515.000000 0.136200
516.000000 0.107404
517.000000 0.170659
518.000000 0.248866
519.000000 0.096380
520.000000 0.195668
521.000000 0.153769
522.000000 0.015205
523.000000 0.119625
524.000000 0.134643
525.000000 0.011865
526.000000 0.192494
527.000000 0.112391
528.000000 0.195466
529.000000 0.145103
530.000000 0.130530
531.000000 0.185234
532.000000 0.136655
533.000000 0.092725
534.000000 0.208996
535.000000 0.176257
536.000000 0.235098
537.000000 0.118540
538.000000 0.198509
539.000000 0.140833
540.000000 0.115958
541.000000 0.007883
542.000000 0.052962
543.000000 0.124675
544.000000 0.053691
545.000000 0.168702
546.000000 0.031023
547.000000 0.068162
548.000000 0.207307
549.000000 0.219695
550.000000 0.201090
551.000000 0.002493
552.000000 0.145118
553.000000 0.149883
554.000000 0.083118
555.000000 0.083936
556.000000 0.206200
557.000000 0.105990
558.000000 0.137181
559.000000 0.288382
560.000000 0.165597
561.000000 0.220735
562.000000 0.280761
563.000000 0.220440
564.000000 0.179814
565.000000 0.159804
566.000000 0.165911
567.000000 0.198744
568.000000 0.068269
569.000000 0.099811
570.000000 0.296583
571.000000 0.141026
572.000000 0.043732
573.000000 0.131175
574.000000 0.057130
575.000000 0.290717
576.000000 0.286378
577.000000 0.233822
578.000000 0.234912
579.000000 0.224683
580.000000 0.142370
581.000000 0.061879
582.000000 0.169646
583.000000 0.155425
584.000000 0.102495
585.000000 0.034314
586.000000 0.126080
587.000000 0.088481
588.000000 0.223835
589.000000 0.136195
590.000000 0.194116
591.000000 0.144484
592.000000 0.228078
593.000000 0.144435
594.000000 0.168421
595.000000 0.054322
596.000000 0.077628
597.000000 0.057180
598.000000 0.083302
599.000000 0.322824
600.000000 0.174341
601.000000 0.199890
602.000000 0.109381
603.000000 0.080484
604.000000 0.090260
605.000000 0.132565
606.000000 0.033685
607.000000 0.121623
608.000000 0.261682
609.000000 0.233258
610.000000 0.119534
611.000000 0.018733
612.000000 0.121118
613.000000 0.041415
614.000000 0.161812
615.000000 0.063760
616.000000 0.191368
617.000000 0.177512
618.000000 0.019398
619.000000 0.106199
620.000000 0.086380
621.000000 0.053079
622.000000 0.063500
623.000000 0.258014
624.000000 0.099479
625.000000 0.094817
626.000000 0.055574
627.000000 0.086056
628.000000 0.096437
629.000000 0.149830
630.000000 0.054432
631.000000 0.120533
632.000000 0.076516
633.000000 0.003983
634.000000 0.139213
635.000000 0.074943
636.000000 0.074898
637.000000 0.288739
638.000000 0.281407
639.000000 0.081160
640.000000 0.033511
641.000000 0.081366
642.000000 0.241033
643.000000 0.049300
644.000000 0.107050
645.000000 0.028928
646.000000 0.251290
647.000000 0.184100
648.000000 0.090197
649.000000 0.135356
650.000000 0.061919
651.000000 0.046173
652.000000 0.078012
653.000000 0.112353
654.000000 0.076517
655.000000 0.066207
656.000000 0.136555
657.000000 0.246994
658.000000 0.009193
659.000000 0.081205
660.000000 0.084171
661.000000 0.161671
662.000000 0.153440
663.000000 0.034379
664.000000 0.155493
665.000000 0.253560
666.000000 0.089722
667.000000 0.097573
668.000000 0.070471
669.000000 0.115414
670.000000 0.086250
671.000000 0.054041
672.000000 0.148615
673.000000 0.117274
674.000000 0.149845
675.000000 0.258692
676.000000 0.128881
677.000000 0.172051
678.000000 0.033814
679.000000 0.273110
680.000000 0.159534
681.000000 0.072715
682.000000 0.107001
683.000000 0.041062
684.000000 0.134351
685.000000 0.120783
686.000000 0.096770
687.000000 0.136087
688.000000 0.075327
689.000000 0.064019
690.000000 0.051187
691.000000 0.126225
692.000000 0.072239
693.000000 0.086546
694.000000 0.085981
695.000000 0.118965
696.000000 0.198266
697.000000 0.229666
698.000000 0.094103
699.000000 0.057571
700.000000 0.077755
701.000000 0.123379
702.000000 0.085173
703.000000 0.180857
704.000000 0.146824
705.000000 0.145575
706.000000 0.057081
707.000000 0.175589
708.000000 0.036342
709.000000 0.126456
710.000000 0.022368
711.000000 0.111740
712.000000 0.174302
713.000000 0.288589
714.000000 0.047141
715.000000 0.040241
716.000000 0.212271
717.000000 0.231053
718.000000 0.081057
719.000000 0.081032
720.000000 0.044144
721.000000 0.088191
722.000000 0.025597
723.000000 0.365116
724.000000 0.256075
725.000000 0.043689
726.000000 0.173294
727.000000 0.111754
728.000000 0.090805
729.000000 0.226664
730.000000 0.058028
731.000000 0.200004
732.000000 0.089139
733.000000 0.069491
734.000000 0.179768
735.000000 0.069460
736.000000 0.049348
737.000000 0.331883
738.000000 0.276205
739.000000 0.134794
740.000000 0.063890
741.000000 0.210377
742.000000 0.154063
743.000000 0.073089
744.000000 0.262649
745.000000 0.018710
746.000000 0.158746
747.000000 0.250312
748.000000 0.101338
749.000000 0.166150
750.000000 0.137917
751.000000 0.149122
752.000000 0.156453
753.000000 0.083775
754.000000 0.152156
755.000000 0.055378
756.000000 0.131328
757.000000 0.203220
758.000000 0.055375
759.000000 0.056112
760.000000 0.060792
761.000000 0.026822
762.000000 0.261988
763.000000 0.162861
764.000000 0.076586
765.000000 0.013212
766.000000 0.083313
767.000000 0.038563
768.000000 0.066234
769.000000 0.106797
770.000000 0.022769
771.000000 0.180875
772.000000 0.137439
773.000000 0.068306
774.000000 0.073039
775.000000 0.074608
776.000000 0.098012
777.000000 0.095725
778.000000 0.251351
779.000000 0.028741
780.000000 0.081644
781.000000 0.057841
782.000000 0.118120
783.000000 0.198958
784.000000 0.170569
785.000000 0.067709
786.000000 0.203732
787.000000 0.108100
788.000000 0.212641
789.000000 0.121608
790.000000 0.171914
791.000000 0.103049
792.000000 0.044752
793.000000 0.026760
794.000000 0.205139
795.000000 0.117704
796.000000 0.075723
797.000000 0.092115
798.000000 0.229398
799.000000 0.134700
800.000000 0.145306
801.000000 0.110975
802.000000 0.090485
803.000000 0.057544
804.000000 0.100661
805.000000 0.143250
806.000000 0.057757
807.000000 0.117175
808.000000 0.235601
809.000000 0.033918
810.000000 0.218428
811.000000 0.077645
812.000000 0.191586
813.000000 0.091914
814.000000 0.109762
815.000000 0.043212
816.000000 0.063978
817.000000 0.115846
818.000000 0.086960
819.000000 0.050768
820.000000 0.112083
821.000000 0.182169
822.000000 0.024053
823.000000 0.122377
824.000000 0.049302
825.000000 0.177410
826.000000 0.096915
827.000000 0.119474
828.000000 0.069649
829.000000 0.144548
830.000000 0.059575
831.000000 0.238192
832.000000 0.125510
833.000000 0.068475
834.000000 0.087814
835.000000 0.152590
836.000000 0.135478
837.000000 0.186437
838.000000 0.074977
839.000000 0.242605
840.000000 0.112465
841.000000 0.109538
842.000000 0.009409
843.000000 0.229045
844.000000 0.098361
845.000000 0.056402
846.000000 0.161727
847.000000 0.132470
848.000000 0.028347
849.000000 0.098890
850.000000 0.200894
851.000000 0.142600
852.000000 0.180427
853.000000 0.114293
854.000000 0.143174
855.000000 0.138224
856.000000 0.034922
857.000000 0.043358
858.000000 0.139160
859.000000 0.158833
860.000000 0.153522
861.000000 0.095253
862.000000 0.050948
863.000000 0.094371
864.000000 0.015117
865.000000 0.202407
866.000000 0.188621
867.000000 0.053401
868.000000 0.107156
869.000000 0.219875
870.000000 0.248523
871.000000 0.115083
872.000000 0.134999
873.000000 0.172807
874.000000 0.164555
875.000000 0.087103
876.000000 0.104652
877.000000 0.054102
878.000000 0.131988
879.000000 0.079498
880.000000 0.095002
881.000000 0.078265
882.000000 0.197791
883.000000 0.124626
884.000000 0.224676
885.000000 0.087498
886.000000 0.078236
887.000000 0.135001
888.000000 0.134792
889.000000 0.071093
890.000000 0.077810
891.000000 0.122571
892.000000 0.128697
893.000000 0.178227
894.000000 0.218285
895.000000 0.096411
896.000000 0.067865
897.000000 0.092643
898.000000 0.121968
899.000000 0.078080
900.000000 0.048836
901.000000 0.221590
902.000000 0.141947
903.000000 0.101151
904.000000 0.095361
905.000000 0.241450
906.000000 0.028986
907.000000 0.032447
908.000000 0.077097
909.000000 0.094805
910.000000 0.147471
911.000000 0.110646
912.000000 0.141232
913.000000 0.131626
914.000000 0.092176
915.000000 0.078587
916.000000 0.201607
917.000000 0.143186
918.000000 0.198949
919.000000 0.217602
920.000000 0.106267
921.000000 0.212344
922.000000 0.173580
923.000000 0.143102
924.000000 0.143551
925.000000 0.107979
926.000000 0.094900
927.000000 0.109776
928.000000 0.134199
929.000000 0.055971
930.000000 0.026396
931.000000 0.053891
932.000000 0.119748
933.000000 0.098319
934.000000 0.080932
935.000000 0.057826
936.000000 0.069635
937.000000 0.119332
938.000000 0.188345
939.000000 0.096526
940.000000 0.116520
941.000000 0.135451
942.000000 0.174581
943.000000 0.221529
944.000000 0.039229
945.000000 0.114033
946.000000 0.126205
947.000000 0.159108
948.000000 0.164060
949.000000 0.098556
950.000000 0.124566
951.000000 0.050666
952.000000 0.205475
953.000000 0.114107
954.000000 0.112273
955.000000 0.130147
956.000000 0.066419
957.000000 0.109485
958.000000 0.175391
959.000000 0.157899
960.000000 0.155320
961.000000 0.116401
962.000000 0.187744
963.000000 0.221202
964.000000 0.097123
965.000000 0.203976
966.000000 0.157323
967.000000 0.089021
968.000000 0.187683
969.000000 0.138348
970.000000 0.116024
971.000000 0.176791
972.000000 0.035689
973.000000 0.089931
974.000000 0.255426
975.000000 0.184940
976.000000 0.104817
977.000000 0.230208
978.000000 0.156129
979.000000 0.248539
980.000000 0.183330
981.000000 0.169741
982.000000 0.053781
983.000000 0.172105
984.000000 0.080083
985.000000 0.117767
986.000000 0.144760
987.000000 0.057783
988.000000 0.094537
989.000000 0.029784
990.000000 0.100055
991.000000 0.204936
992.000000 0.153339
993.000000 0.119369
994.000000 0.119157
995.000000 0.068201
996.000000 0.045818
997.000000 0.225437
998.000000 0.105482
999.000000 0.196860
1000.000000 0.121254
1001.000000 0.072505
1002.000000 0.122867
1003.000000 0.208676
1004.000000 0.126840
1005.000000 0.113625
1006.000000 0.101803
1007.000000 0.105082
1008.000000 0.260056
1009.000000 0.191056
1010.000000 0.090792
1011.000000 0.082044
1012.000000 0.027950
1013.000000 0.077076
1014.000000 0.360551
1015.000000 0.104664
1016.000000 0.180395
1017.000000 0.088564
1018.000000 0.150171
1019.000000 0.323678
1020.000000 0.069847
1021.000000 0.239457
1022.000000 0.060820
1023.000000 0.200078
1024.000000 0.172057
1025.000000 0.154514
1026.000000 0.237713
1027.000000 0.132063
1028.000000 0.111691
1029.000000 0.278208
1030.000000 0.100447
1031.000000 0.147959
1032.000000 0.179883
1033.000000 0.126987
1034.000000 0.150104
1035.000000 0.124659
1036.000000 0.030876
1037.000000 0.051569
1038.000000 0.102255
1039.000000 0.104068
1040.000000 0.254649
1041.000000 0.046225
1042.000000 0.050665
1043.000000 0.091200
1044.000000 0.130374
1045.000000 0.062833
1046.000000 0.192582
1047.000000 0.111643
1048.000000 0.140906
1049.000000 0.280843
1050.000000 0.256840
1051.000000 0.156293
1052.000000 0.112064
1053.000000 0.048667
1054.000000 0.076883
1055.000000 0.191519
1056.000000 0.212105
1057.000000 0.050845
1058.000000 0.079838
1059.000000 0.164838
1060.000000 0.133497
1061.000000 0.187121
1062.000000 0.289625
1063.000000 0.154321
1064.000000 0.303144
1065.000000 0.097187
1066.000000 0.079788
1067.000000 0.025822
1068.000000 0.169990
1069.000000 0.101629
1070.000000 0.090124
1071.000000 0.130293
1072.000000 0.114418
1073.000000 0.090411
1074.000000 0.238379
1075.000000 0.063907
1076.000000 0.030687
1077.000000 0.053097
1078.000000 0.145871
1079.000000 0.204602
1080.000000 0.140008
1081.000000 0.064163
1082.000000 0.130568
1083.000000 0.119519
1084.000000 0.076148
1085.000000 0.243709
1086.000000 0.097068
1087.000000 0.102538
1088.000000 0.089298
1089.000000 0.380506
1090.000000 0.221552
1091.000000 0.154172
1092.000000 0.170337
1093.000000 0.093749
1094.000000 0.202491
1095.000000 0.181255
1096.000000 0.228804
1097.000000 0.085399
1098.000000 0.096844
1099.000000 0.181129
1100.000000 0.121401
1101.000000 0.096334
1102.000000 0.098510
1103.000000 0.120430
1104.000000 0.143156
1105.000000 0.186036
1106.000000 0.128978
1107.000000 0.085484
1108.000000 0.111855
1109.000000 0.162455
1110.000000 0.081877
1111.000000 0.111676
1112.000000 0.189344
1113.000000 0.129109
1114.000000 0.156561
1115.000000 0.106186
1116.000000 0.254804
1117.000000 0.201434
1118.000000 0.099418
1119.000000 0.108417
1120.000000 0.054146
1121.000000 0.221178
1122.000000 0.048502
1123.000000 0.090226
1124.000000 0.185879
1125.000000 0.143248
1126.000000 0.141972
1127.000000 0.149688
1128.000000 0.169703
1129.000000 0.146535
1130.000000 0.149636
1131.000000 0.084729
1132.000000 0.191248
1133.000000 0.329063
1134.000000 0.137584
1135.000000 0.119425
1136.000000 0.150158
1137.000000 0.133944
1138.000000 0.221441
1139.000000 0.126030
1140.000000 0.224921
1141.000000 0.057250
1142.000000 0.113536
1143.000000 0.088496
1144.000000 0.265867
1145.000000 0.153096
1146.000000 0.107188
1147.000000 0.105562
1148.000000 0.205988
1149.000000 0.091401
1150.000000 0.093157
1151.000000 0.083774
1152.000000 0.084161
1153.000000 0.196920
1154.000000 0.164497
1155.000000 0.088929
1156.000000 0.090682
1157.000000 0.170624
1158.000000 0.188593
1159.000000 0.140676
1160.000000 0.117640
1161.000000 0.159258
1162.000000 0.157663
1163.000000 0.111872
1164.000000 0.070932
1165.000000 0.030954
1166.000000 0.146339
1167.000000 0.188470
1168.000000 0.033838
1169.000000 0.122809
1170.000000 0.146541
1171.000000 0.170463
1172.000000 0.257870
1173.000000 0.044896
1174.000000 0.113176
1175.000000 0.078252
1176.000000 0.030576
1177.000000 0.157831
1178.000000 0.032482
1179.000000 0.087697
1180.000000 0.046741
1181.000000 0.095425
1182.000000 0.049107
1183.000000 0.111754
1184.000000 0.148993
1185.000000 0.117233
1186.000000 0.030852
1187.000000 0.117809
1188.000000 0.197320
1189.000000 0.106779
1190.000000 0.088788
1191.000000 0.074937
1192.000000 0.176010
1193.000000 0.050515
1194.000000 0.069511
1195.000000 0.088957
1196.000000 0.087711
1197.000000 0.020288
1198.000000 0.126812
1199.000000 0.103740
1200.000000 0.124554
1201.000000 0.029093
1202.000000 0.068081
1203.000000 0.120603
1204.000000 0.108711
1205.000000 0.160846
1206.000000 0.099123
1207.000000 0.138486
1208.000000 0.219648
1209.000000 0.196212
1210.000000 0.185911
1211.000000 0.056853
1212.000000 0.059411
1213.000000 0.049386
1214.000000 0.030715
1215.000000 0.051688
1216.000000 0.226254
1217.000000 0.208501
1218.000000 0.074184
1219.000000 0.130030
1220.000000 0.120267
1221.000000 0.080852
1222.000000 0.148399
1223.000000 0.165238
1224.000000 0.017883
1225.000000 0.122785
1226.000000 0.072113
1227.000000 0.113548
1228.000000 0.222007
1229.000000 0.069317
1230.000000 0.142748
1231.000000 0.338477
1232.000000 0.127723
1233.000000 0.139484
1234.000000 0.253391
1235.000000 0.051315
1236.000000 0.166480
1237.000000 0.088317
1238.000000 0.244304
1239.000000 0.113533
1240.000000 0.114567
1241.000000 0.145659
1242.000000 0.220686
1243.000000 0.045389
1244.000000 0.085343
1245.000000 0.096525
1246.000000 0.058176
1247.000000 0.071568
1248.000000 0.243612
1249.000000 0.067094
1250.000000 0.063838
1251.000000 0.119123
1252.000000 0.139335
1253.000000 0.112252
1254.000000 0.103510
1255.000000 0.134393
1256.000000 0.091758
1257.000000 0.374161
1258.000000 0.052194
1259.000000 0.227644
1260.000000 0.075396
1261.000000 0.069204
1262.000000 0.079901
1263.000000 0.107517
1264.000000 0.150750
1265.000000 0.056234
1266.000000 0.163577
1267.000000 0.112661
1268.000000 0.176373
1269.000000 0.176162
1270.000000 0.077190
1271.000000 0.281967
1272.000000 0.033299
1273.000000 0.190553
1274.000000 0.110216
1275.000000 0.267683
1276.000000 0.104412
1277.000000 0.113516
1278.000000 0.064778
1279.000000 0.177704
1280.000000 0.160088
1281.000000 0.180133
1282.000000 0.091521
1283.000000 0.128625
1284.000000 0.128426
1285.000000 0.133291
1286.000000 0.183963
1287.000000 0.125845
1288.000000 0.219917
1289.000000 0.050259
1290.000000 0.152572
1291.000000 0.064845
1292.000000 0.020857
1293.000000 0.098255
1294.000000 0.220769
1295.000000 0.204014
1296.000000 0.172837
1297.000000 0.105472
1298.000000 0.025088
1299.000000 0.190990
1300.000000 0.053543
1301.000000 0.242828
1302.000000 0.146709
1303.000000 0.165915
1304.000000 0.061330
1305.000000 0.138673
1306.000000 0.152006
1307.000000 0.164358
1308.000000 0.173150
1309.000000 0.274369
1310.000000 0.029458
1311.000000 0.109155
1312.000000 0.155434
1313.000000 0.189805
1314.000000 0.087543
1315.000000 0.104310
1316.000000 0.080877
1317.000000 0.250452
1318.000000 0.142734
1319.000000 0.228472
1320.000000 0.322592
1321.000000 0.102433
1322.000000 0.132829
1323.000000 0.122141
1324.000000 0.130669
1325.000000 0.155240
1326.000000 0.168048
1327.000000 0.107805
1328.000000 0.155165
1329.000000 0.245251
1330.000000 0.272592
1331.000000 0.193325
1332.000000 0.152851
1333.000000 0.211237
1334.000000 0.212602
1335.000000 0.189882
1336.000000 0.036189
1337.000000 0.163372
1338.000000 0.086718
1339.000000 0.111922
1340.000000 0.166250
1341.000000 0.073216
1342.000000 0.061627
1343.000000 0.038884
1344.000000 0.153805
1345.000000 0.208976
1346.000000 0.166680
1347.000000 0.179943
1348.000000 0.168829
1349.000000 0.129752
1350.000000 0.143236
1351.000000 0.138791
1352.000000 0.023975
1353.000000 0.264206
1354.000000 0.134930
1355.000000 0.069561
1356.000000 0.192366
1357.000000 0.111977
1358.000000 0.064261
1359.000000 0.128997
1360.000000 0.075361
1361.000000 0.124507
1362.000000 0.088316
1363.000000 0.187725
1364.000000 0.324070
1365.000000 0.097738
1366.000000 0.087568
1367.000000 0.014724
1368.000000 0.125532
1369.000000 0.174582
1370.000000 0.206240
1371.000000 0.043722
1372.000000 0.043328
1373.000000 0.100479
1374.000000 0.166521
1375.000000 0.124275
1376.000000 0.081823
1377.000000 0.101234
1378.000000 0.172486
1379.000000 0.152757
1380.000000 0.177045
1381.000000 0.096819
1382.000000 0.118511
1383.000000 0.104543
1384.000000 0.184530
1385.000000 0.070979
1386.000000 0.253274
1387.000000 0.096331
1388.000000 0.157555
1389.000000 0.332461
1390.000000 0.096557
1391.000000 0.200156
1392.000000 0.091683
1393.000000 0.091621
1394.000000 0.251223
1395.000000 0.158369
1396.000000 0.178426
1397.000000 0.123748
1398.000000 0.144078
1399.000000 0.066323
1400.000000 0.368672
1401.000000 0.037197
1402.000000 0.052685
1403.000000 0.061091
1404.000000 0.162911
1405.000000 0.070223
1406.000000 0.072022
1407.000000 0.074326
1408.000000 0.087734
1409.000000 0.022660
1410.000000 0.220191
1411.000000 0.073366
1412.000000 0.243548
1413.000000 0.027766
1414.000000 0.188597
1415.000000 0.130534
1416.000000 0.076250
1417.000000 0.094130
1418.000000 0.204689
1419.000000 0.073217
1420.000000 0.090894
1421.000000 0.054101
1422.000000 0.027579
1423.000000 0.098845
1424.000000 0.106268
1425.000000 0.183876
1426.000000 0.076058
1427.000000 0.026545
1428.000000 0.170203
1429.000000 0.111911
1430.000000 0.062402
1431.000000 0.071556
1432.000000 0.090862
1433.000000 0.064907
1434.000000 0.230893
1435.000000 0.144027
1436.000000 0.029173
1437.000000 0.238272
1438.000000 0.271752
1439.000000 0.174424
1440.000000 0.088526
1441.000000 0.182696
1442.000000 0.102064
1443.000000 0.076742
1444.000000 0.210382
1445.000000 0.122567
1446.000000 0.113961
1447.000000 0.230902
1448.000000 0.221211
1449.000000 0.017680
1450.000000 0.161552
1451.000000 0.180329
1452.000000 0.225531
1453.000000 0.028611
1454.000000 0.157132
1455.000000 0.232203
1456.000000 0.019178
1457.000000 0.195933
1458.000000 0.084991
1459.000000 0.029739
1460.000000 0.106922
1461.000000 0.053610
1462.000000 0.207209
1463.000000 0.060137
1464.000000 0.172202
1465.000000 0.176303
1466.000000 0.157500
1467.000000 0.166012
1468.000000 0.114414
1469.000000 0.176268
1470.000000 0.025331
1471.000000 0.099960
1472.000000 0.044319
1473.000000 0.163390
1474.000000 0.086053
1475.000000 0.067369
1476.000000 0.239220
1477.000000 0.317314
1478.000000 0.174396
1479.000000 0.024517
1480.000000 0.001736
1481.000000 0.155111
1482.000000 0.191160
1483.000000 0.087539
1484.000000 0.025473
1485.000000 0.187298
1486.000000 0.055012
1487.000000 0.079620
1488.000000 0.180603
1489.000000 0.214922
1490.000000 0.311060
1491.000000 0.071902
1492.000000 0.011863
1493.000000 0.200606
1494.000000 0.139008
1495.000000 0.066880
1496.000000 0.153013
1497.000000 0.093893
1498.000000 0.065153
1499.000000 0.164982
1500.000000 0.043545
1501.000000 0.111150
1502.000000 0.098164
1503.000000 0.184661
1504.000000 0.032242
1505.000000 0.173192
1506.000000 0.198181
1507.000000 0.089620
1508.000000 0.172787
1509.000000 0.206444
1510.000000 0.090767
1511.000000 0.091967
1512.000000 0.141423
1513.000000 0.140584
1514.000000 0.239735
1515.000000 0.038578
1516.000000 0.182652
1517.000000 0.180006
1518.000000 0.065074
1519.000000 0.108714
1520.000000 0.209776
1521.000000 0.060063
1522.000000 0.084732
1523.000000 0.156466
1524.000000 0.098889
1525.000000 0.163108
1526.000000 0.046357
1527.000000 0.181583
1528.000000 0.160793
1529.000000 0.062271
1530.000000 0.196023
1531.000000 0.078615
1532.000000 0.039608
1533.000000 0.131754
1534.000000 0.093946
1535.000000 0.145899
1536.000000 0.064726
1537.000000 0.127626
1538.000000 0.027501
1539.000000 0.146720
1540.000000 0.149142
1541.000000 0.119579
1542.000000 0.110419
1543.000000 0.052436
1544.000000 0.114501
1545.000000 0.214886
1546.000000 0.201952
1547.000000 0.156839
1548.000000 0.144398
1549.000000 0.109783
1550.000000 0.220910
1551.000000 0.242982
1552.000000 0.135487
1553.000000 0.145217
1554.000000 0.071785
1555.000000 0.094130
1556.000000 0.088378
1557.000000 0.108008
1558.000000 0.077639
1559.000000 0.194946
1560.000000 0.256703
1561.000000 0.052993
1562.000000 0.108691
1563.000000 0.026343
1564.000000 0.207512
1565.000000 0.215262
1566.000000 0.050051
1567.000000 0.033289
1568.000000 0.164347
1569.000000 0.167594
1570.000000 0.115932
1571.000000 0.093102
1572.000000 0.111865
1573.000000 0.109856
1574.000000 0.198664
1575.000000 0.051262
1576.000000 0.056687
1577.000000 0.181813
1578.000000 0.124638
1579.000000 0.125759
1580.000000 0.060008
1581.000000 0.083880
1582.000000 0.261337
1583.000000 0.233250
1584.000000 0.016867
1585.000000 0.069028
1586.000000 0.091260
1587.000000 0.084489
1588.000000 0.301467
1589.000000 0.127299
1590.000000 0.032837
1591.000000 0.198031
1592.000000 0.110050
1593.000000 0.016091
1594.000000 0.153660
1595.000000 0.165598
1596.000000 0.095147
1597.000000 0.059215
1598.000000 0.160665
1599.000000 0.038270
1600.000000 0.211493
1601.000000 0.102804
1602.000000 0.198977
1603.000000 0.226016
1604.000000 0.134929
1605.000000 0.116546
1606.000000 0.031690
1607.000000 0.104409
1608.000000 0.172192
1609.000000 0.039170
1610.000000 0.041180
1611.000000 0.047904
1612.000000 0.275979
1613.000000 0.123466
1614.000000 0.239986
1615.000000 0.025939
1616.000000 0.105959
1617.000000 0.049910
1618.000000 0.123330
1619.000000 0.140527
1620.000000 0.158330
1621.000000 0.098972
1622.000000 0.092827
1623.000000 0.079654
1624.000000 0.083203
1625.000000 0.146044
1626.000000 0.131072
1627.000000 0.095557
1628.000000 0.057550
1629.000000 0.173480
1630.000000 0.090223
1631.000000 0.069061
1632.000000 0.142192
1633.000000 0.163990
1634.000000 0.197596
1635.000000 0.099956
1636.000000 0.061808
1637.000000 0.129832
1638.000000 0.036775
1639.000000 0.071907
1640.000000 0.048823
1641.000000 0.071679
1642.000000 0.076076
1643.000000 0.138117
1644.000000 0.112945
1645.000000 0.093341
1646.000000 0.146121
1647.000000 0.233343
1648.000000 0.038056
1649.000000 0.187682
1650.000000 0.071634
1651.000000 0.080725
1652.000000 0.062334
1653.000000 0.075418
1654.000000 0.041855
1655.000000 0.126690
1656.000000 0.122879
1657.000000 0.123560
1658.000000 0.169130
1659.000000 0.173145
1660.000000 0.070590
1661.000000 0.101198
1662.000000 0.049157
1663.000000 0.145716
1664.000000 0.132865
1665.000000 0.069905
1666.000000 0.214249
1667.000000 0.081767
1668.000000 0.110037
1669.000000 0.091988
1670.000000 0.093598
1671.000000 0.134456
1672.000000 0.161804
1673.000000 0.223592
1674.000000 0.114994
1675.000000 0.039215
1676.000000 0.215928
1677.000000 0.070951
1678.000000 0.016263
1679.000000 0.144480
1680.000000 0.059748
1681.000000 0.111919
1682.000000 0.166921
1683.000000 0.114325
1684.000000 0.164615
1685.000000 0.042789
1686.000000 0.201848
1687.000000 0.247905
1688.000000 0.247856
1689.000000 0.111870
1690.000000 0.113602
1691.000000 0.113086
1692.000000 0.171609
1693.000000 0.076484
1694.000000 0.174147
1695.000000 0.110649
1696.000000 0.033182
1697.000000 0.166248
1698.000000 0.224442
1699.000000 0.064129
1700.000000 0.047645
1701.000000 0.088561
1702.000000 0.168305
1703.000000 0.325505
1704.000000 0.210805
1705.000000 0.102885
1706.000000 0.272783
1707.000000 0.086677
1708.000000 0.128719
1709.000000 0.241486
1710.000000 0.039423
1711.000000 0.069000
1712.000000 0.052529
1713.000000 0.146992
1714.000000 0.083434
1715.000000 0.022678
1716.000000 0.018245
1717.000000 0.148263
1718.000000 0.098265
1719.000000 0.131660
1720.000000 0.309063
1721.000000 0.207497
1722.000000 0.016613
1723.000000 0.148036
1724.000000 0.193817
1725.000000 0.095359
1726.000000 0.108090
1727.000000 0.252576
1728.000000 0.053617
1729.000000 0.118015
1730.000000 0.150867
1731.000000 0.098209
1732.000000 0.055375
1733.000000 0.056448
1734.000000 0.055788
1735.000000 0.180554
1736.000000 0.047384
1737.000000 0.178781
1738.000000 0.135877
1739.000000 0.143024
1740.000000 0.348347
1741.000000 0.142581
1742.000000 0.036666
1743.000000 0.171147
1744.000000 0.197347
1745.000000 0.176430
1746.000000 0.233595
1747.000000 0.065369
1748.000000 0.037278
1749.000000 0.217098
1750.000000 0.167734
1751.000000 0.191651
1752.000000 0.032718
1753.000000 0.078210
1754.000000 0.194195
1755.000000 0.042256
1756.000000 0.117658
1757.000000 0.180737
1758.000000 0.207182
1759.000000 0.159378
1760.000000 0.069198
1761.000000 0.217380
1762.000000 0.109333
1763.000000 0.086811
1764.000000 0.063055
1765.000000 0.102694
1766.000000 0.075205
1767.000000 0.086759
1768.000000 0.180475
1769.000000 0.139930
1770.000000 0.055754
1771.000000 0.131782
1772.000000 0.020435
1773.000000 0.193694
1774.000000 0.154775
1775.000000 0.076438
1776.000000 0.023700
1777.000000 0.081672
1778.000000 0.141385
1779.000000 0.147202
1780.000000 0.161374
1781.000000 0.135402
1782.000000 0.149056
1783.000000 0.051566
1784.000000 0.068287
1785.000000 0.094359
1786.000000 0.101311
1787.000000 0.049109
1788.000000 0.156187
1789.000000 0.069181
1790.000000 0.029606
1791.000000 0.070493
1792.000000 0.064092
1793.000000 0.056223
1794.000000 0.091689
1795.000000 0.119757
1796.000000 0.057709
1797.000000 0.072883
1798.000000 0.169199
1799.000000 0.117403
1800.000000 0.163478
1801.000000 0.208153
1802.000000 0.118061
1803.000000 0.099580
1804.000000 0.174198
1805.000000 0.265959
1806.000000 0.037649
1807.000000 0.089944
1808.000000 0.196161
1809.000000 0.049721
1810.000000 0.145129
1811.000000 0.027766
1812.000000 0.284694
1813.000000 0.027678
1814.000000 0.138548
1815.000000 0.096368
1816.000000 0.137412
1817.000000 0.101768
1818.000000 0.156547
1819.000000 0.225368
1820.000000 0.192805
1821.000000 0.103890
1822.000000 0.034218
1823.000000 0.041855
1824.000000 0.012000
1825.000000 0.077309
1826.000000 0.098283
1827.000000 0.079665
1828.000000 0.088017
1829.000000 0.115555
1830.000000 0.057959
1831.000000 0.051953
1832.000000 0.102726
1833.000000 0.235949
1834.000000 0.201096
1835.000000 0.083526
1836.000000 0.144215
1837.000000 0.306420
1838.000000 0.202278
1839.000000 0.309798
1840.000000 0.069570
1841.000000 0.156596
1842.000000 0.074371
1843.000000 0.115295
1844.000000 0.138884
1845.000000 0.112173
1846.000000 0.172031
1847.000000 0.223383
1848.000000 0.123358
1849.000000 0.144562
1850.000000 0.276088
1851.000000 0.135518
1852.000000 0.194017
1853.000000 0.093294
1854.000000 0.149584
1855.000000 0.144692
1856.000000 0.150669
1857.000000 0.201104
1858.000000 0.111217
1859.000000 0.071273
1860.000000 0.250550
1861.000000 0.046468
1862.000000 0.063633
1863.000000 0.086475
1864.000000 0.258599
1865.000000 0.028833
1866.000000 0.185287
1867.000000 0.151053
1868.000000 0.016104
1869.000000 0.033553
1870.000000 0.187288
1871.000000 0.178300
1872.000000 0.044974
1873.000000 0.107079
1874.000000 0.117645
1875.000000 0.089564
1876.000000 0.063662
1877.000000 0.183430
1878.000000 0.136205
1879.000000 0.185656
1880.000000 0.053400
1881.000000 0.109487
1882.000000 0.091279
1883.000000 0.068133
1884.000000 0.233580
1885.000000 0.060359
1886.000000 0.107457
1887.000000 0.180478
1888.000000 0.215575
1889.000000 0.111473
1890.000000 0.090685
1891.000000 0.234045
1892.000000 0.096083
1893.000000 0.026762
1894.000000 0.133321
1895.000000 0.057166
1896.000000 0.016040
1897.000000 0.135639
1898.000000 0.080990
1899.000000 0.203789
1900.000000 0.133570
1901.000000 0.224086
1902.000000 0.097371
1903.000000 0.203169
1904.000000 0.096182
1905.000000 0.147691
1906.000000 0.177822
1907.000000 0.060345
1908.000000 0.189341
1909.000000 0.050323
1910.000000 0.087770
1911.000000 0.140472
1912.000000 0.087639
1913.000000 0.035085
1914.000000 0.028087
1915.000000 0.184847
1916.000000 0.098955
1917.000000 0.207421
1918.000000 0.049384
1919.000000 0.008146
1920.000000 0.051644
1921.000000 0.126825
1922.000000 0.145421
1923.000000 0.187115
1924.000000 0.101510
1925.000000 0.095166
1926.000000 0.117580
1927.000000 0.038213
1928.000000 0.196326
1929.000000 0.016962
1930.000000 0.109188
1931.000000 0.244380
1932.000000 0.103816
1933.000000 0.165884
1934.000000 0.098499
1935.000000 0.135696
1936.000000 0.100494
1937.000000 0.104022
1938.000000 0.122045
1939.000000 0.013946
1940.000000 0.168720
1941.000000 0.208807
1942.000000 0.127750
1943.000000 0.215842
1944.000000 0.169968
1945.000000 0.109317
1946.000000 0.178167
1947.000000 0.085971
1948.000000 0.078469
1949.000000 0.175345
1950.000000 0.087401
1951.000000 0.154110
1952.000000 0.149708
1953.000000 0.229161
1954.000000 0.071175
1955.000000 0.123457
1956.000000 0.160327
1957.000000 0.042839
1958.000000 0.123646
1959.000000 0.088406
1960.000000 0.143983
1961.000000 0.086472
1962.000000 0.090730
1963.000000 0.189896
1964.000000 0.112997
1965.000000 0.059008
1966.000000 0.064153
1967.000000 0.120777
1968.000000 0.215991
1969.000000 0.066767
1970.000000 0.146632
1971.000000 0.090172
1972.000000 0.191232
1973.000000 0.098356
1974.000000 0.028865
1975.000000 0.154895
1976.000000 0.075130
1977.000000 0.119694
1978.000000 0.221278
1979.000000 0.202802
1980.000000 0.168525
1981.000000 0.158657
1982.000000 0.107544
1983.000000 0.160949
1984.000000 0.021910
1985.000000 0.210070
1986.000000 0.090021
1987.000000 0.035977
1988.000000 0.198233
1989.000000 0.098380
1990.000000 0.157678
1991.000000 0.165678
1992.000000 0.149051
1993.000000 0.061553
1994.000000 0.181651
1995.000000 0.149944
1996.000000 0.071068
1997.000000 0.096645
1998.000000 0.048788
1999.000000 0.059393
2000.000000 0.089918
2001.000000 0.223670
2002.000000 0.065125
2003.000000 0.282051
2004.000000 0.151444
2005.000000 0.175772
2006.000000 0.125799
2007.000000 0.044910
2008.000000 0.101207
2009.000000 0.120129
2010.000000 0.071926
2011.000000 0.034477
2012.000000 0.089852
2013.000000 0.092106
2014.000000 0.190870
2015.000000 0.044665
2016.000000 0.190547
2017.000000 0.314762
2018.000000 0.154029
2019.000000 0.153382
2020.000000 0.044629
2021.000000 0.106642
2022.000000 0.145207
2023.000000 0.103401
2024.000000 0.079705
2025.000000 0.058148
2026.000000 0.076298
2027.000000 0.122648
2028.000000 0.077346
2029.000000 0.175120
2030.000000 0.060224
2031.000000 0.028905
2032.000000 0.207241
2033.000000 0.346660
2034.000000 0.121113
2035.000000 0.076897
2036.000000 0.167186
2037.000000 0.017877
2038.000000 0.224798
2039.000000 0.094808
2040.000000 0.039286
2041.000000 0.150669
2042.000000 0.119010
2043.000000 0.202685
2044.000000 0.081487
2045.000000 0.100720
2046.000000 0.095138
2047.000000 0.016052
2048.000000 0.261420
2049.000000 0.205583
2050.000000 0.126829
2051.000000 0.112014
2052.000000 0.090755
2053.000000 0.109264
2054.000000 0.333450
2055.000000 0.087051
2056.000000 0.302661
2057.000000 0.091356
2058.000000 0.166131
2059.000000 0.325845
2060.000000 0.036793
2061.000000 0.055364
2062.000000 0.097892
2063.000000 0.012569
2064.000000 0.101950
2065.000000 0.016865
2066.000000 0.090575
2067.000000 0.096164
2068.000000 0.270360
2069.000000 0.081524
2070.000000 0.046214
2071.000000 0.182505
2072.000000 0.106164
2073.000000 0.135046
2074.000000 0.066928
2075.000000 0.071645
2076.000000 0.019315
2077.000000 0.031037
2078.000000 0.088529
2079.000000 0.042297
2080.000000 0.145498
2081.000000 0.083651
2082.000000 0.121688
2083.000000 0.086525
2084.000000 0.150553
2085.000000 0.001267
2086.000000 0.084422
2087.000000 0.075276
2088.000000 0.096800
2089.000000 0.153188
2090.000000 0.117842
2091.000000 0.107316
2092.000000 0.057171
2093.000000 0.143725
2094.000000 0.174586
2095.000000 0.186729
2096.000000 0.144340
2097.000000 0.069053
2098.000000 0.061723
2099.000000 0.171391
2100.000000 0.030130
2101.000000 0.088803
2102.000000 0.142096
2103.000000 0.155682
2104.000000 0.029373
2105.000000 0.037547
2106.000000 0.036498
2107.000000 0.123740
2108.000000 0.020210
2109.000000 0.119219
2110.000000 0.168244
2111.000000 0.045581
2112.000000 0.043312
2113.000000 0.127220
2114.000000 0.078633
2115.000000 0.049916
2116.000000 0.117337
2117.000000 0.058144
2118.000000 0.100831
2119.000000 0.263337
2120.000000 0.168226
2121.000000 0.127368
2122.000000 0.123450
2123.000000 0.090005
2124.000000 0.127257
2125.000000 0.066922
2126.000000 0.130223
2127.000000 0.090665
2128.000000 0.188331
2129.000000 0.032773
2130.000000 0.080916
2131.000000 0.140024
2132.000000 0.094177
2133.000000 0.054144
2134.000000 0.018816
2135.000000 0.061314
2136.000000 0.013190
2137.000000 0.230783
2138.000000 0.233034
2139.000000 0.105928
2140.000000 0.037435
2141.000000 0.058629
2142.000000 0.056073
2143.000000 0.068298
2144.000000 0.074507
2145.000000 0.290274
2146.000000 0.192988
2147.000000 0.154343
2148.000000 0.034986
2149.000000 0.045982
2150.000000 0.121845
2151.000000 0.201805
2152.000000 0.209010
2153.000000 0.096998
2154.000000 0.260649
2155.000000 0.087033
2156.000000 0.223400
2157.000000 0.066281
2158.000000 0.205508
2159.000000 0.137571
2160.000000 0.092630
2161.000000 0.053621
2162.000000 0.137248
2163.000000 0.135631
2164.000000 0.054296
2165.000000 0.185411
2166.000000 0.045330
2167.000000 0.135847
2168.000000 0.093717
2169.000000 0.119443
2170.000000 0.087888
2171.000000 0.231541
2172.000000 0.108609
2173.000000 0.110536
2174.000000 0.081640
2175.000000 0.102056
2176.000000 0.103884
2177.000000 0.135931
2178.000000 0.239832
2179.000000 0.139502
2180.000000 0.053014
2181.000000 0.114029
2182.000000 0.034731
2183.000000 0.098124
2184.000000 0.024635
2185.000000 0.325867
2186.000000 0.227560
2187.000000 0.164157
2188.000000 0.078895
2189.000000 0.059862
2190.000000 0.065588
2191.000000 0.125822
2192.000000 0.213425
2193.000000 0.044529
2194.000000 0.047967
2195.000000 0.041253
2196.000000 0.241945
2197.000000 0.279613
2198.000000 0.061394
2199.000000 0.030323
2200.000000 0.227394
2201.000000 0.029978
2202.000000 0.153930
2203.000000 0.105362
2204.000000 0.131150
2205.000000 0.120045
2206.000000 0.096578
2207.000000 0.067822
2208.000000 0.022546
2209.000000 0.152911
2210.000000 0.137937
2211.000000 0.126273
2212.000000 0.149673
2213.000000 0.076025
2214.000000 0.220177
2215.000000 0.125879
2216.000000 0.049495
2217.000000 0.021481
2218.000000 0.203433
2219.000000 0.127572
2220.000000 0.206449
2221.000000 0.114866
2222.000000 0.171306
2223.000000 0.077740
2224.000000 0.260464
2225.000000 0.133251
2226.000000 0.191239
2227.000000 0.103562
2228.000000 0.124815
2229.000000 0.122502
2230.000000 0.063102
2231.000000 0.051765
2232.000000 0.192017
2233.000000 0.302249
2234.000000 0.095226
2235.000000 0.151013
2236.000000 0.098121
2237.000000 0.126931
2238.000000 0.163020
2239.000000 0.191818
2240.000000 0.144694
2241.000000 0.098763
2242.000000 0.085247
2243.000000 0.120215
2244.000000 0.100776
2245.000000 0.306876
2246.000000 0.194714
2247.000000 0.226387
2248.000000 0.104072
2249.000000 0.122510
2250.000000 0.053839
2251.000000 0.247543
2252.000000 0.109088
2253.000000 0.172199
2254.000000 0.122869
2255.000000 0.289142
2256.000000 0.096423
2257.000000 0.031273
2258.000000 0.128967
2259.000000 0.163213
2260.000000 0.076299
2261.000000 0.122405
2262.000000 0.164602
2263.000000 0.181709
2264.000000 0.241741
2265.000000 0.101971
2266.000000 0.215671
2267.000000 0.014797
2268.000000 0.158429
2269.000000 0.096175
2270.000000 0.103871
2271.000000 0.157107
2272.000000 0.107854
2273.000000 0.106578
2274.000000 0.121779
2275.000000 0.172225
2276.000000 0.039381
2277.000000 0.105948
2278.000000 0.152242
2279.000000 0.198959
2280.000000 0.140839
2281.000000 0.133343
2282.000000 0.070176
2283.000000 0.073150
2284.000000 0.085582
2285.000000 0.148247
2286.000000 0.110830
2287.000000 0.179768
2288.000000 0.048832
2289.000000 0.095285
2290.000000 0.072722
2291.000000 0.139040
2292.000000 0.079930
2293.000000 0.088568
2294.000000 0.094843
2295.000000 0.094015
2296.000000 0.039944
2297.000000 0.082453
2298.000000 0.160979
2299.000000 0.040881
2300.000000 0.221094
2301.000000 0.176947
2302.000000 0.096946
2303.000000 0.114278
2304.000000 0.082724
2305.000000 0.174772
2306.000000 0.066499
2307.000000 0.217093
2308.000000 0.164853
2309.000000 0.088779
2310.000000 0.064920
2311.000000 0.143413
2312.000000 0.109667
2313.000000 0.055755
2314.000000 0.101243
2315.000000 0.213811
2316.000000 0.057712
2317.000000 0.237011
2318.000000 0.109341
2319.000000 0.158600
2320.000000 0.120767
2321.000000 0.052852
2322.000000 0.096468
2323.000000 0.171546
2324.000000 0.086074
2325.000000 0.180391
2326.000000 0.213952
2327.000000 0.238169
2328.000000 0.191702
2329.000000 0.063750
2330.000000 0.121624
2331.000000 0.249936
2332.000000 0.120869
2333.000000 0.179872
2334.000000 0.197353
2335.000000 0.082534
2336.000000 0.130895
2337.000000 0.069350
2338.000000 0.177522
2339.000000 0.056846
2340.000000 0.087885
2341.000000 0.240052
2342.000000 0.204445
2343.000000 0.113390
2344.000000 0.141860
2345.000000 0.156952
2346.000000 0.084146
2347.000000 0.205212
2348.000000 0.229427
2349.000000 0.057385
2350.000000 0.141826
2351.000000 0.128656
2352.000000 0.090261
2353.000000 0.067778
2354.000000 0.203249
2355.000000 0.098721
2356.000000 0.131718
2357.000000 0.081828
2358.000000 0.170443
2359.000000 0.222374
2360.000000 0.070330
2361.000000 0.090443
2362.000000 0.094265
2363.000000 0.070048
2364.000000 0.063374
2365.000000 0.093334
2366.000000 0.180399
2367.000000 0.080793
2368.000000 0.162806
2369.000000 0.157168
2370.000000 0.016820
2371.000000 0.123565
2372.000000 0.112542
2373.000000 0.062622
2374.000000 0.136627
2375.000000 0.053926
2376.000000 0.040129
2377.000000 0.082289
2378.000000 0.155201
2379.000000 0.058112
2380.000000 0.098421
2381.000000 0.132242
2382.000000 0.048536
2383.000000 0.068890
2384.000000 0.158544
2385.000000 0.134680
2386.000000 0.121754
2387.000000 0.105839
2388.000000 0.135503
2389.000000 0.203774
2390.000000 0.161318
2391.000000 0.205582
2392.000000 0.110085
2393.000000 0.069839
2394.000000 0.142924
2395.000000 0.077976
2396.000000 0.121157
2397.000000 0.149074
2398.000000 0.221389
2399.000000 0.134518
2400.000000 0.263487
2401.000000 0.079605
2402.000000 0.010847
2403.000000 0.067138
2404.000000 0.110964
2405.000000 0.141942
2406.000000 0.089101
2407.000000 0.187883
2408.000000 0.128090
2409.000000 0.239066
2410.000000 0.048913
2411.000000 0.155665
2412.000000 0.142879
2413.000000 0.240261
2414.000000 0.076227
2415.000000 0.203577
2416.000000 0.059369
2417.000000 0.050739
2418.000000 0.102973
2419.000000 0.182531
2420.000000 0.074830
2421.000000 0.189299
2422.000000 0.045897
2423.000000 0.087626
2424.000000 0.034476
2425.000000 0.168243
2426.000000 0.039146
2427.000000 0.158835
2428.000000 0.025893
2429.000000 0.067738
2430.000000 0.127823
2431.000000 0.065776
2432.000000 0.083410
2433.000000 0.066239
2434.000000 0.054938
2435.000000 0.085163
2436.000000 0.088234
2437.000000 0.146381
2438.000000 0.119402
2439.000000 0.245197
2440.000000 0.080295
2441.000000 0.099983
2442.000000 0.184146
2443.000000 0.133544
2444.000000 0.218140
2445.000000 0.048272
2446.000000 0.063210
2447.000000 0.081392
2448.000000 0.059096
2449.000000 0.181984
2450.000000 0.202142
2451.000000 0.155095
2452.000000 0.220019
2453.000000 0.072107
2454.000000 0.143838
2455.000000 0.081986
2456.000000 0.077024
2457.000000 0.140650
2458.000000 0.327471
2459.000000 0.096437
2460.000000 0.043276
2461.000000 0.058824
2462.000000 0.119514
2463.000000 0.139753
2464.000000 0.044802
2465.000000 0.212174
2466.000000 0.035150
2467.000000 0.214915
2468.000000 0.208833
2469.000000 0.112306
2470.000000 0.056266
2471.000000 0.032298
2472.000000 0.187635
2473.000000 0.108279
2474.000000 0.047504
2475.000000 0.033516
2476.000000 0.093002
2477.000000 0.154062
2478.000000 0.227557
2479.000000 0.064236
2480.000000 0.109861
2481.000000 0.060958
2482.000000 0.112984
2483.000000 0.294092
2484.000000 0.235185
2485.000000 0.165258
2486.000000 0.107796
2487.000000 0.021350
2488.000000 0.097501
2489.000000 0.009227
2490.000000 0.250052
2491.000000 0.169803
2492.000000 0.097991
2493.000000 0.242911
2494.000000 0.074834
2495.000000 0.078071
2496.000000 0.212238
2497.000000 0.182337
2498.000000 0.183691
2499.000000 0.112371
2500.000000 0.095303
2501.000000 0.098893
2502.000000 0.203877
2503.000000 0.233268
2504.000000 0.049730
2505.000000 0.162253
2506.000000 0.104156
2507.000000 0.027478
2508.000000 0.179559
2509.000000 0.097754
2510.000000 0.200847
2511.000000 0.082395
2512.000000 0.125777
2513.000000 0.173414
2514.000000 0.051198
2515.000000 0.127318
2516.000000 0.060927
2517.000000 0.075181
2518.000000 0.186081
2519.000000 0.143115
2520.000000 0.073660
2521.000000 0.270439
2522.000000 0.129703
2523.000000 0.018147
2524.000000 0.144714
2525.000000 0.055766
2526.000000 0.081315
2527.000000 0.130256
2528.000000 0.096345
2529.000000 0.214142
2530.000000 0.129464
2531.000000 0.082086
2532.000000 0.080495
2533.000000 0.080318
2534.000000 0.119806
2535.000000 0.050477
2536.000000 0.299946
2537.000000 0.108805
2538.000000 0.133385
2539.000000 0.046269
2540.000000 0.091559
2541.000000 0.044599
2542.000000 0.118467
2543.000000 0.076274
2544.000000 0.218282
2545.000000 0.169423
2546.000000 0.132257
2547.000000 0.037346
2548.000000 0.059608
2549.000000 0.222253
2550.000000 0.139402
2551.000000 0.048338
2552.000000 0.134737
2553.000000 0.228932
2554.000000 0.240726
2555.000000 0.107004
2556.000000 0.062901
2557.000000 0.288171
2558.000000 0.131105
2559.000000 0.252183
2560.000000 0.075292
2561.000000 0.106216
2562.000000 0.100961
2563.000000 0.046182
2564.000000 0.106392
2565.000000 0.094391
2566.000000 0.139336
2567.000000 0.143252
2568.000000 0.108204
2569.000000 0.213911
2570.000000 0.148466
2571.000000 0.123674
2572.000000 0.173719
2573.000000 0.188412
2574.000000 0.194712
2575.000000 0.091854
2576.000000 0.144082
2577.000000 0.188891
2578.000000 0.110585
2579.000000 0.169564
2580.000000 0.196312
2581.000000 0.056756
2582.000000 0.105019
2583.000000 0.118681
2584.000000 0.206231
2585.000000 0.115174
2586.000000 0.064469
2587.000000 0.142486
2588.000000 0.021940
2589.000000 0.040436
2590.000000 0.246628
2591.000000 0.161152
2592.000000 0.116818
2593.000000 0.064655
2594.000000 0.213959
2595.000000 0.177472
2596.000000 0.069892
2597.000000 0.221629
2598.000000 0.044578
2599.000000 0.321604
2600.000000 0.129402
2601.000000 0.022505
2602.000000 0.095173
2603.000000 0.132003
2604.000000 0.097770
2605.000000 0.116712
2606.000000 0.115873
2607.000000 0.113038
2608.000000 0.045640
2609.000000 0.142315
2610.000000 0.086908
2611.000000 0.119940
2612.000000 0.217720
2613.000000 0.077307
2614.000000 0.073028
2615.000000 0.160162
2616.000000 0.107122
2617.000000 0.200211
2618.000000 0.207571
2619.000000 0.104030
2620.000000 0.148013
2621.000000 0.132282
2622.000000 0.129414
2623.000000 0.073427
2624.000000 0.156115
2625.000000 0.157401
2626.000000 0.138708
2627.000000 0.104055
2628.000000 0.147547
2629.000000 0.107743
2630.000000 0.135201
2631.000000 0.046126
2632.000000 0.165047
2633.000000 0.219714
2634.000000 0.128474
2635.000000 0.130390
2636.000000 0.063346
2637.000000 0.198151
2638.000000 0.034127
2639.000000 0.119820
2640.000000 0.141937
2641.000000 0.017986
2642.000000 0.065366
2643.000000 0.181710
2644.000000 0.150576
2645.000000 0.151037
2646.000000 0.211091
2647.000000 0.241494
2648.000000 0.133234
2649.000000 0.105871
2650.000000 0.058745
2651.000000 0.200473
2652.000000 0.172017
2653.000000 0.123423
2654.000000 0.314979
2655.000000 0.174098
2656.000000 0.214006
2657.000000 0.077218
2658.000000 0.090609
2659.000000 0.175201
2660.000000 0.024018
2661.000000 0.080307
2662.000000 0.108741
2663.000000 0.130917
2664.000000 0.224059
2665.000000 0.115328
2666.000000 0.025574
2667.000000 0.116913
2668.000000 0.037756
2669.000000 0.097551
2670.000000 0.145405
2671.000000 0.097413
2672.000000 0.176667
2673.000000 0.177998
2674.000000 0.153700
2675.000000 0.002270
2676.000000 0.256787
2677.000000 0.094574
2678.000000 0.278982
2679.000000 0.090372
2680.000000 0.076850
2681.000000 0.097601
2682.000000 0.119189
2683.000000 0.082294
2684.000000 0.244337
2685.000000 0.098746
2686.000000 0.160787
2687.000000 0.054285
2688.000000 0.054089
2689.000000 0.163244
2690.000000 0.234589
2691.000000 0.157711
2692.000000 0.018289
2693.000000 0.209314
2694.000000 0.160068
2695.000000 0.113448
2696.000000 0.030626
2697.000000 0.171897
2698.000000 0.158657
2699.000000 0.157146
2700.000000 0.018250
2701.000000 0.146378
2702.000000 0.197795
2703.000000 0.130853
2704.000000 0.290828
2705.000000 0.139037
2706.000000 0.070926
2707.000000 0.094994
2708.000000 0.109881
2709.000000 0.028785
2710.000000 0.125340
2711.000000 0.109526
2712.000000 0.208570
2713.000000 0.075882
2714.000000 0.039790
2715.000000 0.147701
2716.000000 0.106188
2717.000000 0.129551
2718.000000 0.085583
2719.000000 0.242192
2720.000000 0.264523
2721.000000 0.109099
2722.000000 0.094722
2723.000000 0.164302
2724.000000 0.166724
2725.000000 0.094795
2726.000000 0.122878
2727.000000 0.063090
2728.000000 0.239773
2729.000000 0.244428
2730.000000 0.034025
2731.000000 0.253340
2732.000000 0.115345
2733.000000 0.197858
2734.000000 0.081488
2735.000000 0.104471
2736.000000 0.266433
2737.000000 0.151616
2738.000000 0.330540
2739.000000 0.051664
2740.000000 0.222510
2741.000000 0.239899
2742.000000 0.134024
2743.000000 0.092445
2744.000000 0.129117
2745.000000 0.225198
2746.000000 0.113411
2747.000000 0.093033
2748.000000 0.173182
2749.000000 0.119532
2750.000000 0.158310
2751.000000 0.221462
2752.000000 0.086686
2753.000000 0.027964
2754.000000 0.199137
2755.000000 0.045115
2756.000000 0.319691
2757.000000 0.234983
2758.000000 0.045355
2759.000000 0.151733
2760.000000 0.065260
2761.000000 0.085164
2762.000000 0.112158
2763.000000 0.283968
2764.000000 0.194010
2765.000000 0.148002
2766.000000 0.098541
2767.000000 0.112491
2768.000000 0.178539
2769.000000 0.269115
2770.000000 0.048639
2771.000000 0.097134
2772.000000 0.128510
2773.000000 0.126418
2774.000000 0.070938
2775.000000 0.050772
2776.000000 0.125445
2777.000000 0.144934
2778.000000 0.075664
2779.000000 0.093166
2780.000000 0.186144
2781.000000 0.212661
2782.000000 0.050670
2783.000000 0.049749
2784.000000 0.146275
2785.000000 0.029838
2786.000000 0.106240
2787.000000 0.201378
2788.000000 0.086459
2789.000000 0.188868
2790.000000 0.195339
2791.000000 0.104807
2792.000000 0.251438
2793.000000 0.035498
2794.000000 0.042805
2795.000000 0.027009
2796.000000 0.085633
2797.000000 0.204289
2798.000000 0.104115
2799.000000 0.151725
2800.000000 0.097656
2801.000000 0.100745
2802.000000 0.111049
2803.000000 0.091604
2804.000000 0.124749
2805.000000 0.088881
2806.000000 0.095446
2807.000000 0.171050
2808.000000 0.112162
2809.000000 0.181276
2810.000000 0.185312
2811.000000 0.218522
2812.000000 0.031886
2813.000000 0.130900
2814.000000 0.125934
2815.000000 0.132523
2816.000000 0.155928
2817.000000 0.080432
2818.000000 0.085262
2819.000000 0.075820
2820.000000 0.143446
2821.000000 0.137916
2822.000000 0.121861
2823.000000 0.186556
2824.000000 0.136157
2825.000000 0.179434
2826.000000 0.154832
2827.000000 0.162082
2828.000000 0.040793
2829.000000 0.067438
2830.000000 0.158114
2831.000000 0.098774
2832.000000 0.099093
2833.000000 0.091734
2834.000000 0.124533
2835.000000 0.157069
2836.000000 0.203682
2837.000000 0.098131
2838.000000 0.099525
2839.000000 0.153871
2840.000000 0.120429
2841.000000 0.113250
2842.000000 0.143725
2843.000000 0.043838
2844.000000 0.176653
2845.000000 0.103156
2846.000000 0.014703
2847.000000 0.134078
2848.000000 0.093663
2849.000000 0.084838
2850.000000 0.091631
2851.000000 0.108907
2852.000000 0.149414
2853.000000 0.218789
2854.000000 0.107425
2855.000000 0.143188
2856.000000 0.298233
2857.000000 0.030578
2858.000000 0.013174
2859.000000 0.093602
2860.000000 0.125552
2861.000000 0.229356
2862.000000 0.098913
2863.000000 0.055704
2864.000000 0.170088
2865.000000 0.151189
2866.000000 0.119358
2867.000000 0.113890
2868.000000 0.300017
2869.000000 0.133032
2870.000000 0.173158
2871.000000 0.030216
2872.000000 0.161813
2873.000000 0.187887
2874.000000 0.069932
2875.000000 0.120899
2876.000000 0.216927
2877.000000 0.051099
2878.000000 0.081733
2879.000000 0.067284
2880.000000 0.167807
2881.000000 0.071346
2882.000000 0.131873
2883.000000 0.091454
2884.000000 0.114324
2885.000000 0.052337
2886.000000 0.156843
2887.000000 0.222655
2888.000000 0.160059
2889.000000 0.166161
2890.000000 0.205177
2891.000000 0.053680
2892.000000 0.133545
2893.000000 0.120319
2894.000000 0.104309
2895.000000 0.146387
2896.000000 0.069449
2897.000000 0.106902
2898.000000 0.130784
2899.000000 0.253912
2900.000000 0.218773
2901.000000 0.194463
2902.000000 0.190396
2903.000000 0.004974
2904.000000 0.074775
2905.000000 0.167795
2906.000000 0.046890
2907.000000 0.132565
2908.000000 0.040325
2909.000000 0.104314
2910.000000 0.083325
2911.000000 0.074873
2912.000000 0.048937
2913.000000 0.082139
2914.000000 0.200889
2915.000000 0.097252
2916.000000 0.081954
2917.000000 0.027674
2918.000000 0.030426
2919.000000 0.073422
2920.000000 0.073163
2921.000000 0.058862
2922.000000 0.134321
2923.000000 0.119841
2924.000000 0.144568
2925.000000 0.075369
2926.000000 0.103264
2927.000000 0.211535
2928.000000 0.222697
2929.000000 0.272672
2930.000000 0.138286
2931.000000 0.033420
2932.000000 0.111270
2933.000000 0.129057
2934.000000 0.045138
2935.000000 0.193179
2936.000000 0.150919
2937.000000 0.101418
2938.000000 0.355466
2939.000000 0.157082
2940.000000 0.104504
2941.000000 0.086134
2942.000000 0.153909
2943.000000 0.231643
2944.000000 0.145630
2945.000000 0.080334
2946.000000 0.228492
2947.000000 0.151033
2948.000000 0.170088
2949.000000 0.108760
2950.000000 0.127832
2951.000000 0.049594
2952.000000 0.031862
2953.000000 0.068370
2954.000000 0.190321
2955.000000 0.087317
2956.000000 0.179852
2957.000000 0.015494
2958.000000 0.132873
2959.000000 0.095991
2960.000000 0.263033
2961.000000 0.056591
2962.000000 0.184006
2963.000000 0.258880
2964.000000 0.158196
2965.000000 0.154440
2966.000000 0.158825
2967.000000 0.183143
2968.000000 0.063634
2969.000000 0.099168
2970.000000 0.206678
2971.000000 0.058996
2972.000000 0.088067
2973.000000 0.232135
2974.000000 0.057712
2975.000000 0.121035
2976.000000 0.152788
2977.000000 0.084624
2978.000000 0.051518
2979.000000 0.208674
2980.000000 0.079506
2981.000000 0.263133
2982.000000 0.154531
2983.000000 0.051533
2984.000000 0.143114
2985.000000 0.147419
2986.000000 0.221221
2987.000000 0.019969
2988.000000 0.059141
2989.000000 0.219057
2990.000000 0.047000
2991.000000 0.187820
2992.000000 0.195522
2993.000000 0.189154
2994.000000 0.083114
2995.000000 0.155448
2996.000000 0.155907
2997.000000 0.114446
2998.000000 0.111066
2999.000000 0.186176
3000.000000 0.187775
