10.000000 0.731000
20.000000 0.493906
30.000000 0.315465
40.000000 0.205083
50.000000 0.065080
60.000000 0.133343
70.000000 0.517808
80.000000 0.606508
90.000000 0.679923
100.000000 0.749412
110.000000 0.792272
120.000000 0.868901
130.000000 0.738166
140.000000 0.291006
150.000000 0.059324
160.000000 0.172941
170.000000 0.952785
180.000000 0.293612
190.000000 0.112317
200.000000 0.935354
210.000000 0.525445
220.000000 0.184048
230.000000 0.816906
240.000000 0.550053
250.000000 0.636168
260.000000 0.437264
270.000000 0.726641
280.000000 0.131183
290.000000 0.289259
300.000000 0.280607
310.000000 0.279445
320.000000 0.715344
330.000000 0.163301
340.000000 0.462514
350.000000 0.653598
360.000000 0.376846
370.000000 0.855778
380.000000 0.553192
390.000000 0.392701
400.000000 0.366189
410.000000 0.187056
420.000000 0.624499
430.000000 0.503247
440.000000 0.677373
450.000000 0.791214
460.000000 0.272058
470.000000 0.275339
480.000000 0.149086
490.000000 0.345416
500.000000 0.189184
510.000000 0.396908
520.000000 0.574203
530.000000 0.129785
540.000000 0.495180
550.000000 0.794984
560.000000 0.736036
570.000000 0.544746
580.000000 0.089044
590.000000 0.596175
600.000000 0.492073
610.000000 0.528577
620.000000 0.106698
630.000000 0.259182
640.000000 0.766672
650.000000 0.531447
660.000000 0.250324
670.000000 0.536460
680.000000 0.778036
690.000000 0.304139
700.000000 0.359756
710.000000 0.350833
720.000000 0.176155
730.000000 0.405393
740.000000 0.485217
750.000000 0.297557
760.000000 0.633088
770.000000 0.055744
780.000000 0.112630
790.000000 0.198418
800.000000 0.384857
810.000000 0.735843
820.000000 0.266298
830.000000 0.185913
840.000000 0.731907
850.000000 0.693761
860.000000 0.459803
870.000000 0.494162
880.000000 0.675040
890.000000 0.458726
900.000000 0.049690
910.000000 0.975350
920.000000 0.389425
930.000000 0.436590
940.000000 0.097470
950.000000 0.388777
960.000000 0.399163
970.000000 0.291940
980.000000 0.507546
990.000000 0.488670
1000.000000 0.947179
