10.000000 0.361106
20.000000 0.307592
30.000000 0.382271
40.000000 0.302976
50.000000 0.254607
60.000000 0.148231
70.000000 0.161039
80.000000 0.152897
90.000000 0.403061
100.000000 0.197270
110.000000 0.057076
120.000000 0.264992
130.000000 0.133749
140.000000 0.159350
150.000000 0.281469
160.000000 0.156987
170.000000 0.454563
180.000000 0.118724
190.000000 0.178518
200.000000 0.251902
210.000000 0.034360
220.000000 0.128920
230.000000 0.139685
240.000000 0.221576
250.000000 0.124093
260.000000 0.145083
270.000000 0.259165
280.000000 0.208740
290.000000 0.130227
300.000000 0.226033
310.000000 0.391863
320.000000 0.332131
330.000000 0.192782
340.000000 0.293375
350.000000 0.272285
360.000000 0.155724
370.000000 0.140524
380.000000 0.255416
390.000000 0.242065
400.000000 0.247290
410.000000 0.147070
420.000000 0.366866
430.000000 0.186053
440.000000 0.170100
450.000000 0.419376
460.000000 0.208436
470.000000 0.401844
480.000000 0.217320
490.000000 0.437937
500.000000 0.148657
510.000000 0.218373
520.000000 0.264529
530.000000 0.183517
540.000000 0.307211
550.000000 0.231947
560.000000 0.142275
570.000000 0.324273
580.000000 0.152324
590.000000 0.236861
600.000000 0.259056
610.000000 0.233869
620.000000 0.099208
630.000000 0.072507
640.000000 0.092397
650.000000 0.019545
660.000000 0.118752
670.000000 0.047767
680.000000 0.422768
690.000000 0.434677
700.000000 0.290195
710.000000 0.459314
720.000000 0.223146
730.000000 0.371221
740.000000 0.254785
750.000000 0.332741
760.000000 0.214127
770.000000 0.309303
780.000000 0.472626
790.000000 0.126125
800.000000 0.295829
810.000000 0.121034
820.000000 0.291444
830.000000 0.335795
840.000000 0.488844
850.000000 0.432827
860.000000 0.090939
870.000000 0.108403
880.000000 0.326976
890.000000 0.160357
900.000000 0.236291
910.000000 0.306093
920.000000 0.571276
930.000000 0.099822
940.000000 0.180481
950.000000 0.410561
960.000000 0.270659
970.000000 0.329872
980.000000 0.146874
990.000000 0.309705
1000.000000 0.285085
