0.000000 0.189406
1.000000 0.215062
2.000000 0.262371
3.000000 0.028021
4.000000 0.167637
5.000000 0.178920
6.000000 0.135966
7.000000 0.163948
8.000000 0.223676
9.000000 0.186679
10.000000 0.155569
11.000000 0.283450
12.000000 0.184939
13.000000 0.213338
14.000000 0.305959
15.000000 0.231414
16.000000 0.289256
17.000000 0.239877
18.000000 0.148309
19.000000 0.230552
20.000000 0.056420
21.000000 0.175062
22.000000 0.335737
23.000000 0.189913
24.000000 0.183024
25.000000 0.281932
26.000000 0.251286
27.000000 0.231604
28.000000 0.222293
29.000000 0.057374
30.000000 0.132530
31.000000 0.328475
32.000000 0.211609
33.000000 0.172678
34.000000 0.081213
35.000000 0.168027
36.000000 0.243500
37.000000 0.207698
38.000000 0.243652
39.000000 0.300905
40.000000 0.206331
41.000000 0.313805
42.000000 0.193831
43.000000 0.223027
44.000000 0.167716
45.000000 0.265483
46.000000 0.324542
47.000000 0.165646
48.000000 0.115414
49.000000 0.270866
50.000000 0.111350
51.000000 0.174784
52.000000 0.251017
53.000000 0.364320
54.000000 0.133582
55.000000 0.407158
56.000000 0.200443
57.000000 0.218431
58.000000 0.297154
59.000000 0.159396
60.000000 0.137262
61.000000 0.165864
62.000000 0.204619
63.000000 0.208465
64.000000 0.188541
65.000000 0.271407
66.000000 0.210515
67.000000 0.266492
68.000000 0.325426
69.000000 0.275285
70.000000 0.251074
71.000000 0.234017
72.000000 0.335233
73.000000 0.199701
74.000000 0.234379
75.000000 0.384537
76.000000 0.271937
77.000000 0.185315
78.000000 0.181457
79.000000 0.171941
80.000000 0.252024
81.000000 0.224767
82.000000 0.202846
83.000000 0.334266
84.000000 0.144562
85.000000 0.060493
86.000000 0.256481
87.000000 0.264754
88.000000 0.183220
89.000000 0.271168
90.000000 0.185491
91.000000 0.196380
92.000000 0.356941
93.000000 0.318110
94.000000 0.314841
95.000000 0.301413
96.000000 0.220734
97.000000 0.194655
98.000000 0.244667
99.000000 0.124056
100.000000 0.206204
101.000000 0.095153
102.000000 0.085593
103.000000 0.219563
104.000000 0.107109
105.000000 0.135669
106.000000 0.111046
107.000000 0.151529
108.000000 0.142744
109.000000 0.251781
110.000000 0.186054
111.000000 0.224729
112.000000 0.213855
113.000000 0.159200
114.000000 0.217008
115.000000 0.283993
116.000000 0.198550
117.000000 0.278729
118.000000 0.283658
119.000000 0.165357
120.000000 0.144039
121.000000 0.271496
122.000000 0.232045
123.000000 0.160922
124.000000 0.180234
125.000000 0.065136
126.000000 0.276645
127.000000 0.213668
128.000000 0.181137
129.000000 0.204859
130.000000 0.200969
131.000000 0.314795
132.000000 0.259872
133.000000 0.177685
134.000000 0.266222
135.000000 0.270215
136.000000 0.154428
137.000000 0.267958
138.000000 0.139953
139.000000 0.264924
140.000000 0.371845
141.000000 0.253566
142.000000 0.237877
143.000000 0.310962
144.000000 0.154277
145.000000 0.187799
146.000000 0.258262
147.000000 0.200911
148.000000 0.283217
149.000000 0.167156
150.000000 0.103978
151.000000 0.232209
152.000000 0.226744
153.000000 0.235690
154.000000 0.203047
155.000000 0.275963
156.000000 0.338091
157.000000 0.283248
158.000000 0.293525
159.000000 0.285828
160.000000 0.389925
161.000000 0.306853
162.000000 0.304724
163.000000 0.178406
164.000000 0.250672
165.000000 0.157066
166.000000 0.251914
167.000000 0.230823
168.000000 0.174862
169.000000 0.264219
170.000000 0.259738
171.000000 0.254643
172.000000 0.193733
173.000000 0.230839
174.000000 0.209797
175.000000 0.282391
176.000000 0.305450
177.000000 0.223034
178.000000 0.312163
179.000000 0.128159
180.000000 0.261233
181.000000 0.230881
182.000000 0.143546
183.000000 0.267756
184.000000 0.266251
185.000000 0.410058
186.000000 0.105155
187.000000 0.269647
188.000000 0.134440
189.000000 0.339775
190.000000 0.270085
191.000000 0.184611
192.000000 0.268995
193.000000 0.162266
194.000000 0.288772
195.000000 0.168157
196.000000 0.242280
197.000000 0.227227
198.000000 0.242577
199.000000 0.168493
200.000000 0.100596
201.000000 0.282242
202.000000 0.304714
203.000000 0.158241
204.000000 0.282167
205.000000 0.283172
206.000000 0.198548
207.000000 0.197280
208.000000 0.264612
209.000000 0.241042
210.000000 0.264173
211.000000 0.385642
212.000000 0.282852
213.000000 0.280877
214.000000 0.184426
215.000000 0.239474
216.000000 0.213048
217.000000 0.272811
218.000000 0.090875
219.000000 0.329816
220.000000 0.148173
221.000000 0.174436
222.000000 0.172416
223.000000 0.096865
224.000000 0.287763
225.000000 0.238912
226.000000 0.160354
227.000000 0.257047
228.000000 0.168325
229.000000 0.227310
230.000000 0.172488
231.000000 0.171873
232.000000 0.202905
233.000000 0.260534
234.000000 0.269127
235.000000 0.198954
236.000000 0.299688
237.000000 0.174131
238.000000 0.270942
239.000000 0.138451
240.000000 0.262661
241.000000 0.194777
242.000000 0.221870
243.000000 0.275720
244.000000 0.323036
245.000000 0.259557
246.000000 0.130095
247.000000 0.195145
248.000000 0.222919
249.000000 0.266024
250.000000 0.310650
251.000000 0.346888
252.000000 0.208106
253.000000 0.143952
254.000000 0.332814
255.000000 0.188910
256.000000 0.102011
257.000000 0.168346
258.000000 0.229777
259.000000 0.227686
260.000000 0.367984
261.000000 0.236709
262.000000 0.273728
263.000000 0.271353
264.000000 0.204428
265.000000 0.275598
266.000000 0.288613
267.000000 0.222482
268.000000 0.162894
269.000000 0.346546
270.000000 0.207753
271.000000 0.141767
272.000000 0.287450
273.000000 0.250325
274.000000 0.287709
275.000000 0.130908
276.000000 0.246411
277.000000 0.153002
278.000000 0.185923
279.000000 0.178666
280.000000 0.234229
281.000000 0.114032
282.000000 0.264316
283.000000 0.157783
284.000000 0.194993
285.000000 0.275293
286.000000 0.203009
287.000000 0.256847
288.000000 0.222885
289.000000 0.189783
290.000000 0.283802
291.000000 0.156467
292.000000 0.255564
293.000000 0.056993
294.000000 0.220264
295.000000 0.301524
296.000000 0.253590
297.000000 0.335445
298.000000 0.213071
299.000000 0.161696
300.000000 0.365729
301.000000 0.278466
302.000000 0.158848
303.000000 0.351978
304.000000 0.293000
305.000000 0.258760
306.000000 0.226931
307.000000 0.274324
308.000000 0.230926
309.000000 0.169658
310.000000 0.212031
311.000000 0.140618
312.000000 0.148795
313.000000 0.158114
314.000000 0.204489
315.000000 0.363592
316.000000 0.309733
317.000000 0.150114
318.000000 0.383668
319.000000 0.096064
320.000000 0.210533
321.000000 0.238353
322.000000 0.159247
323.000000 0.128322
324.000000 0.251409
325.000000 0.269465
326.000000 0.234566
327.000000 0.219132
328.000000 0.059881
329.000000 0.329379
330.000000 0.334801
331.000000 0.195731
332.000000 0.141720
333.000000 0.142473
334.000000 0.303056
335.000000 0.203478
336.000000 0.359322
337.000000 0.348945
338.000000 0.305935
339.000000 0.224571
340.000000 0.162776
341.000000 0.110945
342.000000 0.233920
343.000000 0.230694
344.000000 0.432058
345.000000 0.276011
346.000000 0.285405
347.000000 0.301664
348.000000 0.171629
349.000000 0.179453
350.000000 0.367922
351.000000 0.258643
352.000000 0.311598
353.000000 0.141696
354.000000 0.325911
355.000000 0.092569
356.000000 0.342234
357.000000 0.224467
358.000000 0.260082
359.000000 0.168205
360.000000 0.295619
361.000000 0.258293
362.000000 0.221393
363.000000 0.174063
364.000000 0.100496
365.000000 0.241904
366.000000 0.132217
367.000000 0.078616
368.000000 0.245984
369.000000 0.196290
370.000000 0.221373
371.000000 0.217785
372.000000 0.032333
373.000000 0.097365
374.000000 0.133490
375.000000 0.133036
376.000000 0.108042
377.000000 0.238440
378.000000 0.235310
379.000000 0.181684
380.000000 0.177859
381.000000 0.297871
382.000000 0.137538
383.000000 0.211893
384.000000 0.153242
385.000000 0.131874
386.000000 0.259487
387.000000 0.193760
388.000000 0.294941
389.000000 0.207226
390.000000 0.161900
391.000000 0.124273
392.000000 0.204395
393.000000 0.255720
394.000000 0.231110
395.000000 0.181978
396.000000 0.204975
397.000000 0.162232
398.000000 0.170568
399.000000 0.231125
400.000000 0.240431
401.000000 0.183801
402.000000 0.173924
403.000000 0.284947
404.000000 0.249091
405.000000 0.188338
406.000000 0.138149
407.000000 0.283055
408.000000 0.175716
409.000000 0.206467
410.000000 0.242390
411.000000 0.294370
412.000000 0.327207
413.000000 0.237775
414.000000 0.352652
415.000000 0.138864
416.000000 0.204134
417.000000 0.280238
418.000000 0.354569
419.000000 0.334051
420.000000 0.255797
421.000000 0.357999
422.000000 0.312361
423.000000 0.316249
424.000000 0.096025
425.000000 0.225143
426.000000 0.147465
427.000000 0.212186
428.000000 0.254245
429.000000 0.350290
430.000000 0.170016
431.000000 0.280691
432.000000 0.275056
433.000000 0.249242
434.000000 0.290047
435.000000 0.203129
436.000000 0.271593
437.000000 0.206824
438.000000 0.286836
439.000000 0.265636
440.000000 0.121994
441.000000 0.269709
442.000000 0.253169
443.000000 0.083440
444.000000 0.209547
445.000000 0.133193
446.000000 0.237559
447.000000 0.227039
448.000000 0.136317
449.000000 0.206414
450.000000 0.274741
451.000000 0.253629
452.000000 0.128163
453.000000 0.063655
454.000000 0.156142
455.000000 0.268226
456.000000 0.223842
457.000000 0.236239
458.000000 0.164104
459.000000 0.188950
460.000000 0.240951
461.000000 0.181045
462.000000 0.178000
463.000000 0.212306
464.000000 0.321642
465.000000 0.204682
466.000000 0.312706
467.000000 0.172950
468.000000 0.174284
469.000000 0.388878
470.000000 0.171324
471.000000 0.262321
472.000000 0.268956
473.000000 0.265143
474.000000 0.222563
475.000000 0.338143
476.000000 0.182811
477.000000 0.357028
478.000000 0.168754
479.000000 0.238780
480.000000 0.186840
481.000000 0.204647
482.000000 0.200557
483.000000 0.217845
484.000000 0.127490
485.000000 0.259340
486.000000 0.346036
487.000000 0.172646
488.000000 0.170036
489.000000 0.174682
490.000000 0.186617
491.000000 0.252040
492.000000 0.255170
493.000000 0.313615
494.000000 0.288143
495.000000 0.032661
496.000000 0.180249
497.000000 0.150039
498.000000 0.251313
499.000000 0.227728
500.000000 0.295671
501.000000 0.152818
502.000000 0.252484
503.000000 0.194166
504.000000 0.272725
505.000000 0.175394
506.000000 0.164345
507.000000 0.096104
508.000000 0.319598
509.000000 0.219801
510.000000 0.249905
511.000000 0.204342
512.000000 0.194724
513.000000 0.199712
514.000000 0.296158
515.000000 0.169317
516.000000 0.212913
517.000000 0.125758
518.000000 0.278744
519.000000 0.299734
520.000000 0.246869
521.000000 0.120534
522.000000 0.237090
523.000000 0.275530
524.000000 0.356266
525.000000 0.244897
526.000000 0.217008
527.000000 0.192727
528.000000 0.227983
529.000000 0.157012
530.000000 0.280052
531.000000 0.226131
532.000000 0.199028
533.000000 0.288541
534.000000 0.314161
535.000000 0.068881
536.000000 0.167765
537.000000 0.250605
538.000000 0.291074
539.000000 0.222002
540.000000 0.208343
541.000000 0.121076
542.000000 0.185438
543.000000 0.275977
544.000000 0.173811
545.000000 0.175648
546.000000 0.201062
547.000000 0.197538
548.000000 0.258648
549.000000 0.255430
550.000000 0.237220
551.000000 0.168770
552.000000 0.249174
553.000000 0.259644
554.000000 0.262075
555.000000 0.238387
556.000000 0.173996
557.000000 0.204553
558.000000 0.194256
559.000000 0.192752
560.000000 0.224620
561.000000 0.160652
562.000000 0.236039
563.000000 0.188258
564.000000 0.184609
565.000000 0.244523
566.000000 0.109140
567.000000 0.213883
568.000000 0.197324
569.000000 0.021554
570.000000 0.122935
571.000000 0.033120
572.000000 0.098028
573.000000 0.309814
574.000000 0.312920
575.000000 0.152441
576.000000 0.184297
577.000000 0.282239
578.000000 0.122453
579.000000 0.225847
580.000000 0.237593
581.000000 0.179962
582.000000 0.231106
583.000000 0.136280
584.000000 0.163578
585.000000 0.197314
586.000000 0.264649
587.000000 0.168454
588.000000 0.319022
589.000000 0.186863
590.000000 0.261602
591.000000 0.296046
592.000000 0.267994
593.000000 0.265562
594.000000 0.246625
595.000000 0.380367
596.000000 0.152719
597.000000 0.319423
598.000000 0.221467
599.000000 0.131707
600.000000 0.107613
601.000000 0.342633
602.000000 0.262803
603.000000 0.217716
604.000000 0.159573
605.000000 0.237452
606.000000 0.243382
607.000000 0.175715
608.000000 0.143008
609.000000 0.338440
610.000000 0.297553
611.000000 0.232336
612.000000 0.175366
613.000000 0.092220
614.000000 0.139381
615.000000 0.068231
616.000000 0.191783
617.000000 0.235435
618.000000 0.141235
619.000000 0.243050
620.000000 0.284135
621.000000 0.366864
622.000000 0.261776
623.000000 0.218540
624.000000 0.210140
625.000000 0.291681
626.000000 0.204163
627.000000 0.074945
628.000000 0.345472
629.000000 0.344815
630.000000 0.359258
631.000000 0.187489
632.000000 0.206874
633.000000 0.338625
634.000000 0.268223
635.000000 0.135847
636.000000 0.301557
637.000000 0.215765
638.000000 0.207639
639.000000 0.195243
640.000000 0.284107
641.000000 0.229813
642.000000 0.263615
643.000000 0.202795
644.000000 0.210557
645.000000 0.214505
646.000000 0.294514
647.000000 0.305060
648.000000 0.137683
649.000000 0.208297
650.000000 0.159438
651.000000 0.317751
652.000000 0.234753
653.000000 0.304459
654.000000 0.198119
655.000000 0.101539
656.000000 0.280164
657.000000 0.153627
658.000000 0.302715
659.000000 0.135765
660.000000 0.090196
661.000000 0.180420
662.000000 0.214573
663.000000 0.172434
664.000000 0.168572
665.000000 0.126847
666.000000 0.221457
667.000000 0.284550
668.000000 0.304726
669.000000 0.182441
670.000000 0.365426
671.000000 0.217890
672.000000 0.243629
673.000000 0.386896
674.000000 0.237051
675.000000 0.288051
676.000000 0.246086
677.000000 0.210849
678.000000 0.221114
679.000000 0.248924
680.000000 0.141902
681.000000 0.211137
682.000000 0.140945
683.000000 0.307174
684.000000 0.192270
685.000000 0.198198
686.000000 0.135933
687.000000 0.246361
688.000000 0.313884
689.000000 0.133441
690.000000 0.162087
691.000000 0.222590
692.000000 0.139705
693.000000 0.248496
694.000000 0.257910
695.000000 0.333212
696.000000 0.116036
697.000000 0.300056
698.000000 0.204392
699.000000 0.160050
700.000000 0.211068
701.000000 0.271973
702.000000 0.238171
703.000000 0.187136
704.000000 0.322646
705.000000 0.171718
706.000000 0.191516
707.000000 0.229341
708.000000 0.317250
709.000000 0.242402
710.000000 0.271524
711.000000 0.236716
712.000000 0.233558
713.000000 0.204435
714.000000 0.213017
715.000000 0.216129
716.000000 0.141346
717.000000 0.272721
718.000000 0.296489
719.000000 0.216020
720.000000 0.337433
721.000000 0.220043
722.000000 0.213296
723.000000 0.122921
724.000000 0.218669
725.000000 0.188355
726.000000 0.131871
727.000000 0.239102
728.000000 0.218668
729.000000 0.203620
730.000000 0.221423
731.000000 0.152556
732.000000 0.091499
733.000000 0.345710
734.000000 0.224997
735.000000 0.259051
736.000000 0.281340
737.000000 0.268585
738.000000 0.237057
739.000000 0.189820
740.000000 0.119592
741.000000 0.243709
742.000000 0.167351
743.000000 0.188582
744.000000 0.104173
745.000000 0.264339
746.000000 0.262982
747.000000 0.077825
748.000000 0.201461
749.000000 0.262687
750.000000 0.282916
751.000000 0.151897
752.000000 0.176514
753.000000 0.260727
754.000000 0.136658
755.000000 0.206689
756.000000 0.111963
757.000000 0.269299
758.000000 0.308306
759.000000 0.311434
760.000000 0.147911
761.000000 0.279701
762.000000 0.156820
763.000000 0.131452
764.000000 0.241405
765.000000 0.311219
766.000000 0.221991
767.000000 0.249031
768.000000 0.258728
769.000000 0.179878
770.000000 0.183581
771.000000 0.194562
772.000000 0.243910
773.000000 0.251480
774.000000 0.106122
775.000000 0.123304
776.000000 0.239873
777.000000 0.314969
778.000000 0.244184
779.000000 0.214690
780.000000 0.206528
781.000000 0.129903
782.000000 0.197108
783.000000 0.145387
784.000000 0.220334
785.000000 0.145800
786.000000 0.291465
787.000000 0.243875
788.000000 0.217694
789.000000 0.190862
790.000000 0.173660
791.000000 0.198277
792.000000 0.095013
793.000000 0.172761
794.000000 0.097638
795.000000 0.196225
796.000000 0.065039
797.000000 0.147460
798.000000 0.329313
799.000000 0.129346
800.000000 0.226550
801.000000 0.299637
802.000000 0.214119
803.000000 0.225038
804.000000 0.235518
805.000000 0.334298
806.000000 0.238255
807.000000 0.286711
808.000000 0.189848
809.000000 0.132575
810.000000 0.134323
811.000000 0.299758
812.000000 0.273270
813.000000 0.231759
814.000000 0.184184
815.000000 0.271469
816.000000 0.179987
817.000000 0.139795
818.000000 0.086185
819.000000 0.163263
820.000000 0.327107
821.000000 0.222404
822.000000 0.217451
823.000000 0.138444
824.000000 0.202876
825.000000 0.264240
826.000000 0.161566
827.000000 0.074619
828.000000 0.243344
829.000000 0.234506
830.000000 0.109244
831.000000 0.271372
832.000000 0.238753
833.000000 0.109695
834.000000 0.337624
835.000000 0.183369
836.000000 0.096934
837.000000 0.196016
838.000000 0.190766
839.000000 0.196094
840.000000 0.214655
841.000000 0.199569
842.000000 0.266600
843.000000 0.272118
844.000000 0.096716
845.000000 0.114644
846.000000 0.248421
847.000000 0.214316
848.000000 0.218469
849.000000 0.273739
850.000000 0.293373
851.000000 0.092851
852.000000 0.130452
853.000000 0.298612
854.000000 0.363311
855.000000 0.256944
856.000000 0.218390
857.000000 0.290974
858.000000 0.272934
859.000000 0.228351
860.000000 0.231528
861.000000 0.279610
862.000000 0.201103
863.000000 0.243977
864.000000 0.167067
865.000000 0.342226
866.000000 0.213052
867.000000 0.378476
868.000000 0.187301
869.000000 0.222192
870.000000 0.128793
871.000000 0.183050
872.000000 0.259307
873.000000 0.086879
874.000000 0.187991
875.000000 0.295098
876.000000 0.146571
877.000000 0.296529
878.000000 0.313025
879.000000 0.268840
880.000000 0.269096
881.000000 0.288237
882.000000 0.314823
883.000000 0.241792
884.000000 0.344081
885.000000 0.190969
886.000000 0.080490
887.000000 0.254692
888.000000 0.088484
889.000000 0.257377
890.000000 0.257717
891.000000 0.208209
892.000000 0.260844
893.000000 0.265658
894.000000 0.167621
895.000000 0.134470
896.000000 0.242588
897.000000 0.353865
898.000000 0.352837
899.000000 0.272698
900.000000 0.296721
901.000000 0.251244
902.000000 0.150956
903.000000 0.161089
904.000000 0.246091
905.000000 0.229577
906.000000 0.142368
907.000000 0.303711
908.000000 0.193151
909.000000 0.197533
910.000000 0.207885
911.000000 0.170904
912.000000 0.172389
913.000000 0.231657
914.000000 0.106455
915.000000 0.185997
916.000000 0.123090
917.000000 0.259762
918.000000 0.122704
919.000000 0.133959
920.000000 0.194936
921.000000 0.171977
922.000000 0.264863
923.000000 0.262387
924.000000 0.154151
925.000000 0.273934
926.000000 0.254573
927.000000 0.270132
928.000000 0.204551
929.000000 0.269771
930.000000 0.264080
931.000000 0.300661
932.000000 0.245996
933.000000 0.127885
934.000000 0.299679
935.000000 0.263124
936.000000 0.302576
937.000000 0.337046
938.000000 0.184983
939.000000 0.252337
940.000000 0.180169
941.000000 0.140571
942.000000 0.167640
943.000000 0.154812
944.000000 0.285079
945.000000 0.314800
946.000000 0.119894
947.000000 0.183064
948.000000 0.230753
949.000000 0.142276
950.000000 0.299670
951.000000 0.216469
952.000000 0.215615
953.000000 0.296391
954.000000 0.127545
955.000000 0.122975
956.000000 0.352153
957.000000 0.269664
958.000000 0.189066
959.000000 0.228723
960.000000 0.232144
961.000000 0.160198
962.000000 0.255370
963.000000 0.248867
964.000000 0.218537
965.000000 0.075202
966.000000 0.268745
967.000000 0.239414
968.000000 0.185363
969.000000 0.300776
970.000000 0.302137
971.000000 0.185582
972.000000 0.181371
973.000000 0.197526
974.000000 0.223939
975.000000 0.155938
976.000000 0.349127
977.000000 0.396799
978.000000 0.280370
979.000000 0.176935
980.000000 0.258910
981.000000 0.221835
982.000000 0.153189
983.000000 0.234103
984.000000 0.193261
985.000000 0.200953
986.000000 0.227126
987.000000 0.274026
988.000000 0.344931
989.000000 0.305490
990.000000 0.343584
991.000000 0.312555
992.000000 0.200450
993.000000 0.220353
994.000000 0.373220
995.000000 0.261145
996.000000 0.277336
997.000000 0.298872
998.000000 0.281660
999.000000 0.181645
1000.000000 0.115432
1001.000000 0.198001
1002.000000 0.193287
1003.000000 0.376232
1004.000000 0.252966
1005.000000 0.158093
1006.000000 0.046763
1007.000000 0.147633
1008.000000 0.124633
1009.000000 0.262372
1010.000000 0.165258
1011.000000 0.105477
1012.000000 0.226474
1013.000000 0.334890
1014.000000 0.316835
1015.000000 0.386879
1016.000000 0.173332
1017.000000 0.327421
1018.000000 0.182751
1019.000000 0.268957
1020.000000 0.225576
1021.000000 0.221403
1022.000000 0.159580
1023.000000 0.216707
1024.000000 0.151800
1025.000000 0.328897
1026.000000 0.315387
1027.000000 0.171735
1028.000000 0.356953
1029.000000 0.199872
1030.000000 0.261429
1031.000000 0.235779
1032.000000 0.206522
1033.000000 0.320400
1034.000000 0.222274
1035.000000 0.320880
1036.000000 0.186345
1037.000000 0.205443
1038.000000 0.162570
1039.000000 0.223056
1040.000000 0.176613
1041.000000 0.309541
1042.000000 0.302993
1043.000000 0.173299
1044.000000 0.127785
1045.000000 0.166696
1046.000000 0.266498
1047.000000 0.252416
1048.000000 0.161214
1049.000000 0.106897
1050.000000 0.141208
1051.000000 0.259071
1052.000000 0.095049
1053.000000 0.188819
1054.000000 0.138375
1055.000000 0.337071
1056.000000 0.329660
1057.000000 0.205477
1058.000000 0.179287
1059.000000 0.190333
1060.000000 0.104035
1061.000000 0.129535
1062.000000 0.252932
1063.000000 0.231568
1064.000000 0.213390
1065.000000 0.241043
1066.000000 0.193225
1067.000000 0.290968
1068.000000 0.128202
1069.000000 0.167370
1070.000000 0.283309
1071.000000 0.369344
1072.000000 0.256117
1073.000000 0.427365
1074.000000 0.263683
1075.000000 0.253894
1076.000000 0.219089
1077.000000 0.192977
1078.000000 0.266147
1079.000000 0.326865
1080.000000 0.240209
1081.000000 0.141196
1082.000000 0.319407
1083.000000 0.333223
1084.000000 0.157707
1085.000000 0.275621
1086.000000 0.289473
1087.000000 0.185500
1088.000000 0.219661
1089.000000 0.279210
1090.000000 0.260283
1091.000000 0.178772
1092.000000 0.219052
1093.000000 0.268158
1094.000000 0.125064
1095.000000 0.264772
1096.000000 0.159327
1097.000000 0.277063
1098.000000 0.289666
1099.000000 0.186106
1100.000000 0.248639
1101.000000 0.080419
1102.000000 0.217244
1103.000000 0.167951
1104.000000 0.256051
1105.000000 0.243447
1106.000000 0.247739
1107.000000 0.246199
1108.000000 0.149819
1109.000000 0.134106
1110.000000 0.240195
1111.000000 0.279765
1112.000000 0.199804
1113.000000 0.274023
1114.000000 0.231135
1115.000000 0.131414
1116.000000 0.251038
1117.000000 0.377664
1118.000000 0.359869
1119.000000 0.222256
1120.000000 0.339891
1121.000000 0.205368
1122.000000 0.206021
1123.000000 0.263317
1124.000000 0.253793
1125.000000 0.258899
1126.000000 0.299981
1127.000000 0.156823
1128.000000 0.147567
1129.000000 0.219613
1130.000000 0.230185
1131.000000 0.200789
1132.000000 0.132802
1133.000000 0.176224
1134.000000 0.215089
1135.000000 0.132598
1136.000000 0.142046
1137.000000 0.188075
1138.000000 0.219193
1139.000000 0.219477
1140.000000 0.221807
1141.000000 0.134201
1142.000000 0.150864
1143.000000 0.214011
1144.000000 0.134835
1145.000000 0.153821
1146.000000 0.256142
1147.000000 0.165893
1148.000000 0.173115
1149.000000 0.213881
1150.000000 0.256377
1151.000000 0.207822
1152.000000 0.261859
1153.000000 0.048761
1154.000000 0.319346
1155.000000 0.182865
1156.000000 0.304145
1157.000000 0.193686
1158.000000 0.214908
1159.000000 0.237349
1160.000000 0.087706
1161.000000 0.277282
1162.000000 0.221690
1163.000000 0.250283
1164.000000 0.259403
1165.000000 0.183606
1166.000000 0.250222
1167.000000 0.365553
1168.000000 0.226591
1169.000000 0.216269
1170.000000 0.112112
1171.000000 0.251740
1172.000000 0.143967
1173.000000 0.135351
1174.000000 0.228903
1175.000000 0.282835
1176.000000 0.414015
1177.000000 0.125839
1178.000000 0.240310
1179.000000 0.239213
1180.000000 0.295987
1181.000000 0.266030
1182.000000 0.239040
1183.000000 0.316481
1184.000000 0.017699
1185.000000 0.253503
1186.000000 0.261026
1187.000000 0.250549
1188.000000 0.291591
1189.000000 0.193918
1190.000000 0.146443
1191.000000 0.283129
1192.000000 0.147585
1193.000000 0.308349
1194.000000 0.236785
1195.000000 0.272377
1196.000000 0.228384
1197.000000 0.189783
1198.000000 0.165020
1199.000000 0.201593
1200.000000 0.309099
1201.000000 0.202467
1202.000000 0.189949
1203.000000 0.266443
1204.000000 0.237627
1205.000000 0.157182
1206.000000 0.304511
1207.000000 0.259817
1208.000000 0.264320
1209.000000 0.286754
1210.000000 0.160229
1211.000000 0.213076
1212.000000 0.141702
1213.000000 0.149779
1214.000000 0.236911
1215.000000 0.152464
1216.000000 0.207595
1217.000000 0.215608
1218.000000 0.254582
1219.000000 0.209232
1220.000000 0.116003
1221.000000 0.228616
1222.000000 0.202443
1223.000000 0.210705
1224.000000 0.271503
1225.000000 0.201953
1226.000000 0.035280
1227.000000 0.298596
1228.000000 0.286308
1229.000000 0.151253
1230.000000 0.160449
1231.000000 0.291462
1232.000000 0.260616
1233.000000 0.142789
1234.000000 0.213991
1235.000000 0.189614
1236.000000 0.240118
1237.000000 0.187737
1238.000000 0.186561
1239.000000 0.196909
1240.000000 0.113850
1241.000000 0.339539
1242.000000 0.141175
1243.000000 0.060813
1244.000000 0.176612
1245.000000 0.099028
1246.000000 0.074977
1247.000000 0.162827
1248.000000 0.165514
1249.000000 0.115823
1250.000000 0.342232
1251.000000 0.131621
1252.000000 0.228652
1253.000000 0.078226
1254.000000 0.310543
1255.000000 0.271234
1256.000000 0.284031
1257.000000 0.169503
1258.000000 0.214398
1259.000000 0.143065
1260.000000 0.216117
1261.000000 0.142057
1262.000000 0.251975
1263.000000 0.208243
1264.000000 0.214939
1265.000000 0.205533
1266.000000 0.262577
1267.000000 0.142372
1268.000000 0.113730
1269.000000 0.306697
1270.000000 0.431837
1271.000000 0.200723
1272.000000 0.248392
1273.000000 0.148624
1274.000000 0.116824
1275.000000 0.295700
1276.000000 0.245729
1277.000000 0.241027
1278.000000 0.254670
1279.000000 0.288835
1280.000000 0.183460
1281.000000 0.275415
1282.000000 0.265352
1283.000000 0.201286
1284.000000 0.278256
1285.000000 0.226129
1286.000000 0.270930
1287.000000 0.181572
1288.000000 0.174761
1289.000000 0.245975
1290.000000 0.191533
1291.000000 0.237018
1292.000000 0.332213
1293.000000 0.284785
1294.000000 0.391272
1295.000000 0.330058
1296.000000 0.277438
1297.000000 0.096326
1298.000000 0.221069
1299.000000 0.156161
1300.000000 0.112731
1301.000000 0.189681
1302.000000 0.247202
1303.000000 0.202969
1304.000000 0.264761
1305.000000 0.284750
1306.000000 0.202257
1307.000000 0.244000
1308.000000 0.256662
1309.000000 0.297932
1310.000000 0.181597
1311.000000 0.183577
1312.000000 0.155667
1313.000000 0.199061
1314.000000 0.300036
1315.000000 0.275707
1316.000000 0.300444
1317.000000 0.378498
1318.000000 0.259314
1319.000000 0.277025
1320.000000 0.301417
1321.000000 0.206989
1322.000000 0.247392
1323.000000 0.086305
1324.000000 0.261136
1325.000000 0.230134
1326.000000 0.149415
1327.000000 0.250643
1328.000000 0.142106
1329.000000 0.181470
1330.000000 0.127256
1331.000000 0.195063
1332.000000 0.187399
1333.000000 0.162969
1334.000000 0.309002
1335.000000 0.174893
1336.000000 0.141428
1337.000000 0.212970
1338.000000 0.147471
1339.000000 0.179295
1340.000000 0.272833
1341.000000 0.256296
1342.000000 0.234465
1343.000000 0.127039
1344.000000 0.166328
1345.000000 0.150864
1346.000000 0.157475
1347.000000 0.226293
1348.000000 0.290501
1349.000000 0.310900
1350.000000 0.117191
1351.000000 0.243422
1352.000000 0.352210
1353.000000 0.241172
1354.000000 0.142458
1355.000000 0.226962
1356.000000 0.334829
1357.000000 0.133690
1358.000000 0.236882
1359.000000 0.238438
1360.000000 0.239896
1361.000000 0.275249
1362.000000 0.259104
1363.000000 0.244223
1364.000000 0.205124
1365.000000 0.396230
1366.000000 0.194312
1367.000000 0.220393
1368.000000 0.187140
1369.000000 0.275172
1370.000000 0.168251
1371.000000 0.224304
1372.000000 0.260809
1373.000000 0.116980
1374.000000 0.185044
1375.000000 0.295362
1376.000000 0.373928
1377.000000 0.202762
1378.000000 0.292962
1379.000000 0.257224
1380.000000 0.200753
1381.000000 0.349553
1382.000000 0.269760
1383.000000 0.193491
1384.000000 0.236969
1385.000000 0.232871
1386.000000 0.239200
1387.000000 0.178413
1388.000000 0.420151
1389.000000 0.132335
1390.000000 0.165962
1391.000000 0.246585
1392.000000 0.257620
1393.000000 0.260904
1394.000000 0.187650
1395.000000 0.249895
1396.000000 0.285158
1397.000000 0.186073
1398.000000 0.056952
1399.000000 0.226490
1400.000000 0.224818
1401.000000 0.266330
1402.000000 0.175577
1403.000000 0.330147
1404.000000 0.253096
1405.000000 0.296388
1406.000000 0.140331
1407.000000 0.193483
1408.000000 0.148621
1409.000000 0.258332
1410.000000 0.135229
1411.000000 0.301473
1412.000000 0.200111
1413.000000 0.186754
1414.000000 0.099138
1415.000000 0.250970
1416.000000 0.115449
1417.000000 0.283304
1418.000000 0.179299
1419.000000 0.357235
1420.000000 0.284392
1421.000000 0.213460
1422.000000 0.258066
1423.000000 0.191253
1424.000000 0.172878
1425.000000 0.196550
1426.000000 0.135145
1427.000000 0.203559
1428.000000 0.139752
1429.000000 0.272666
1430.000000 0.232752
1431.000000 0.339895
1432.000000 0.223188
1433.000000 0.235735
1434.000000 0.299674
1435.000000 0.270324
1436.000000 0.307845
1437.000000 0.264823
1438.000000 0.233646
1439.000000 0.216058
1440.000000 0.224217
1441.000000 0.065056
1442.000000 0.106367
1443.000000 0.143576
1444.000000 0.131266
1445.000000 0.199971
1446.000000 0.138834
1447.000000 0.169054
1448.000000 0.272108
1449.000000 0.199456
1450.000000 0.258304
1451.000000 0.229251
1452.000000 0.114691
1453.000000 0.165471
1454.000000 0.259246
1455.000000 0.261733
1456.000000 0.171283
1457.000000 0.289672
1458.000000 0.264414
1459.000000 0.234239
1460.000000 0.230051
1461.000000 0.158604
1462.000000 0.157958
1463.000000 0.295808
1464.000000 0.192596
1465.000000 0.116052
1466.000000 0.290213
1467.000000 0.274905
1468.000000 0.247671
1469.000000 0.251836
1470.000000 0.237201
1471.000000 0.308685
1472.000000 0.215258
1473.000000 0.115204
1474.000000 0.205132
1475.000000 0.129846
1476.000000 0.256163
1477.000000 0.206632
1478.000000 0.166492
1479.000000 0.239870
1480.000000 0.273172
1481.000000 0.280175
1482.000000 0.114897
1483.000000 0.098341
1484.000000 0.212977
1485.000000 0.203409
1486.000000 0.368601
1487.000000 0.173989
1488.000000 0.185726
1489.000000 0.122318
1490.000000 0.266398
1491.000000 0.305486
1492.000000 0.150665
1493.000000 0.350662
1494.000000 0.239230
1495.000000 0.231970
1496.000000 0.103489
1497.000000 0.258378
1498.000000 0.337607
1499.000000 0.134404
1500.000000 0.250930
1501.000000 0.293089
1502.000000 0.352130
1503.000000 0.248480
1504.000000 0.146258
1505.000000 0.258610
1506.000000 0.240637
1507.000000 0.249188
1508.000000 0.214474
1509.000000 0.283762
1510.000000 0.229291
1511.000000 0.241391
1512.000000 0.186353
1513.000000 0.362392
1514.000000 0.219057
1515.000000 0.328748
1516.000000 0.175362
1517.000000 0.230450
1518.000000 0.228208
1519.000000 0.140306
1520.000000 0.140191
1521.000000 0.371693
1522.000000 0.140354
1523.000000 0.109974
1524.000000 0.181736
1525.000000 0.107315
1526.000000 0.171160
1527.000000 0.246076
1528.000000 0.256064
1529.000000 0.184204
1530.000000 0.237182
1531.000000 0.162649
1532.000000 0.212034
1533.000000 0.121010
1534.000000 0.258541
1535.000000 0.178265
1536.000000 0.311738
1537.000000 0.192725
1538.000000 0.127368
1539.000000 0.315913
1540.000000 0.274279
1541.000000 0.085540
1542.000000 0.180054
1543.000000 0.297718
1544.000000 0.274765
1545.000000 0.357338
1546.000000 0.232719
1547.000000 0.142828
1548.000000 0.198470
1549.000000 0.282265
1550.000000 0.210639
1551.000000 0.133104
1552.000000 0.211428
1553.000000 0.138257
1554.000000 0.290070
1555.000000 0.261989
1556.000000 0.173205
1557.000000 0.240555
1558.000000 0.226987
1559.000000 0.213309
1560.000000 0.289600
1561.000000 0.286933
1562.000000 0.301728
1563.000000 0.179949
1564.000000 0.331457
1565.000000 0.203650
1566.000000 0.224256
1567.000000 0.215689
1568.000000 0.221615
1569.000000 0.287512
1570.000000 0.257472
1571.000000 0.258618
1572.000000 0.133668
1573.000000 0.222128
1574.000000 0.206389
1575.000000 0.179394
1576.000000 0.241460
1577.000000 0.179590
1578.000000 0.164505
1579.000000 0.306963
1580.000000 0.249904
1581.000000 0.148118
1582.000000 0.265856
1583.000000 0.187546
1584.000000 0.175495
1585.000000 0.305151
1586.000000 0.261829
1587.000000 0.174336
1588.000000 0.125551
1589.000000 0.221262
1590.000000 0.319887
1591.000000 0.275847
1592.000000 0.271782
1593.000000 0.253298
1594.000000 0.224740
1595.000000 0.344900
1596.000000 0.185502
1597.000000 0.170514
1598.000000 0.189895
1599.000000 0.230955
1600.000000 0.232276
1601.000000 0.088995
1602.000000 0.141950
1603.000000 0.127126
1604.000000 0.271040
1605.000000 0.112536
1606.000000 0.192353
1607.000000 0.189731
1608.000000 0.244103
1609.000000 0.213434
1610.000000 0.269965
1611.000000 0.209334
1612.000000 0.275185
1613.000000 0.275034
1614.000000 0.235096
1615.000000 0.137457
1616.000000 0.129757
1617.000000 0.297647
1618.000000 0.321543
1619.000000 0.208469
1620.000000 0.161098
1621.000000 0.160257
1622.000000 0.194205
1623.000000 0.184326
1624.000000 0.296843
1625.000000 0.197351
1626.000000 0.247915
1627.000000 0.158204
1628.000000 0.298446
1629.000000 0.303847
1630.000000 0.237169
1631.000000 0.123874
1632.000000 0.291411
1633.000000 0.137524
1634.000000 0.232749
1635.000000 0.356725
1636.000000 0.161294
1637.000000 0.349991
1638.000000 0.197655
1639.000000 0.319008
1640.000000 0.153236
1641.000000 0.201516
1642.000000 0.250231
1643.000000 0.295771
1644.000000 0.250246
1645.000000 0.211192
1646.000000 0.311954
1647.000000 0.247810
1648.000000 0.238645
1649.000000 0.239101
1650.000000 0.054657
1651.000000 0.195187
1652.000000 0.293914
1653.000000 0.157269
1654.000000 0.364213
1655.000000 0.203257
1656.000000 0.247975
1657.000000 0.205986
1658.000000 0.112959
1659.000000 0.355264
1660.000000 0.200247
1661.000000 0.432506
1662.000000 0.142996
1663.000000 0.247208
1664.000000 0.098478
1665.000000 0.259780
1666.000000 0.326995
1667.000000 0.321484
1668.000000 0.273145
1669.000000 0.302059
1670.000000 0.190865
1671.000000 0.194639
1672.000000 0.207894
1673.000000 0.211678
1674.000000 0.203937
1675.000000 0.258302
1676.000000 0.203594
1677.000000 0.152580
1678.000000 0.129580
1679.000000 0.268966
1680.000000 0.258745
1681.000000 0.257064
1682.000000 0.170586
1683.000000 0.249237
1684.000000 0.135675
1685.000000 0.352482
1686.000000 0.212577
1687.000000 0.248626
1688.000000 0.173213
1689.000000 0.232714
1690.000000 0.201318
1691.000000 0.126035
1692.000000 0.181641
1693.000000 0.179567
1694.000000 0.152006
1695.000000 0.309320
1696.000000 0.283314
1697.000000 0.241653
1698.000000 0.316430
1699.000000 0.253356
1700.000000 0.291262
1701.000000 0.265794
1702.000000 0.267516
1703.000000 0.331795
1704.000000 0.124088
1705.000000 0.332665
1706.000000 0.157680
1707.000000 0.172729
1708.000000 0.178421
1709.000000 0.274165
1710.000000 0.332862
1711.000000 0.239027
1712.000000 0.229722
1713.000000 0.189184
1714.000000 0.226078
1715.000000 0.259650
1716.000000 0.161911
1717.000000 0.305892
1718.000000 0.260530
1719.000000 0.315128
1720.000000 0.317528
1721.000000 0.140674
1722.000000 0.190924
1723.000000 0.379555
1724.000000 0.087426
1725.000000 0.207436
1726.000000 0.183452
1727.000000 0.326476
1728.000000 0.188255
1729.000000 0.260829
1730.000000 0.136762
1731.000000 0.209440
1732.000000 0.312805
1733.000000 0.171396
1734.000000 0.274823
1735.000000 0.246861
1736.000000 0.131410
1737.000000 0.331260
1738.000000 0.301165
1739.000000 0.256827
1740.000000 0.268914
1741.000000 0.243719
1742.000000 0.123308
1743.000000 0.176791
1744.000000 0.230737
1745.000000 0.258934
1746.000000 0.184004
1747.000000 0.266242
1748.000000 0.238156
1749.000000 0.126279
1750.000000 0.251953
1751.000000 0.210405
1752.000000 0.146470
1753.000000 0.135659
1754.000000 0.251962
1755.000000 0.234993
1756.000000 0.234580
1757.000000 0.214924
1758.000000 0.240549
1759.000000 0.140572
1760.000000 0.138833
1761.000000 0.162719
1762.000000 0.223380
1763.000000 0.178735
1764.000000 0.251266
1765.000000 0.077872
1766.000000 0.110395
1767.000000 0.218299
1768.000000 0.186300
1769.000000 0.136855
1770.000000 0.327068
1771.000000 0.296051
1772.000000 0.112752
1773.000000 0.207349
1774.000000 0.183846
1775.000000 0.308402
1776.000000 0.191374
1777.000000 0.410571
1778.000000 0.244115
1779.000000 0.298885
1780.000000 0.252664
1781.000000 0.196032
1782.000000 0.109311
1783.000000 0.130313
1784.000000 0.178296
1785.000000 0.289709
1786.000000 0.170014
1787.000000 0.241925
1788.000000 0.186309
1789.000000 0.263284
1790.000000 0.266264
1791.000000 0.212364
1792.000000 0.303137
1793.000000 0.054757
1794.000000 0.105137
1795.000000 0.196617
1796.000000 0.222267
1797.000000 0.204592
1798.000000 0.225507
1799.000000 0.227290
1800.000000 0.218989
1801.000000 0.223613
1802.000000 0.176392
1803.000000 0.242901
1804.000000 0.096101
1805.000000 0.228540
1806.000000 0.237445
1807.000000 0.336125
1808.000000 0.158219
1809.000000 0.219338
1810.000000 0.250861
1811.000000 0.250298
1812.000000 0.146261
1813.000000 0.182991
1814.000000 0.257215
1815.000000 0.174674
1816.000000 0.149902
1817.000000 0.364055
1818.000000 0.272270
1819.000000 0.175574
1820.000000 0.335615
1821.000000 0.283694
1822.000000 0.204959
1823.000000 0.311864
1824.000000 0.179143
1825.000000 0.273442
1826.000000 0.219813
1827.000000 0.189145
1828.000000 0.199878
1829.000000 0.161612
1830.000000 0.338683
1831.000000 0.224189
1832.000000 0.318586
1833.000000 0.096833
1834.000000 0.159897
1835.000000 0.237247
1836.000000 0.197130
1837.000000 0.229654
1838.000000 0.332075
1839.000000 0.387551
1840.000000 0.173414
1841.000000 0.258622
1842.000000 0.169212
1843.000000 0.222178
1844.000000 0.133127
1845.000000 0.271018
1846.000000 0.153792
1847.000000 0.131476
1848.000000 0.135816
1849.000000 0.263142
1850.000000 0.248444
1851.000000 0.200217
1852.000000 0.338583
1853.000000 0.173928
1854.000000 0.302084
1855.000000 0.175464
1856.000000 0.215375
1857.000000 0.337875
1858.000000 0.347880
1859.000000 0.155087
1860.000000 0.188823
1861.000000 0.303692
1862.000000 0.242776
1863.000000 0.263067
1864.000000 0.244802
1865.000000 0.294846
1866.000000 0.092126
1867.000000 0.305476
1868.000000 0.268675
1869.000000 0.271653
1870.000000 0.136394
1871.000000 0.089895
1872.000000 0.290528
1873.000000 0.135346
1874.000000 0.129466
1875.000000 0.260542
1876.000000 0.298341
1877.000000 0.169772
1878.000000 0.146320
1879.000000 0.280351
1880.000000 0.200259
1881.000000 0.328850
1882.000000 0.176997
1883.000000 0.186621
1884.000000 0.246992
1885.000000 0.264664
1886.000000 0.145222
1887.000000 0.199495
1888.000000 0.147816
1889.000000 0.139388
1890.000000 0.222682
1891.000000 0.133688
1892.000000 0.277650
1893.000000 0.163523
1894.000000 0.348519
1895.000000 0.251599
1896.000000 0.401344
1897.000000 0.164323
1898.000000 0.155463
1899.000000 0.349710
1900.000000 0.115368
1901.000000 0.266341
1902.000000 0.217238
1903.000000 0.208476
1904.000000 0.240060
1905.000000 0.265662
1906.000000 0.255206
1907.000000 0.222823
1908.000000 0.169810
1909.000000 0.105741
1910.000000 0.146201
1911.000000 0.234968
1912.000000 0.360568
1913.000000 0.208723
1914.000000 0.203517
1915.000000 0.214699
1916.000000 0.217630
1917.000000 0.312384
1918.000000 0.185315
1919.000000 0.180610
1920.000000 0.306688
1921.000000 0.121882
1922.000000 0.167541
1923.000000 0.218309
1924.000000 0.320748
1925.000000 0.244696
1926.000000 0.157303
1927.000000 0.212629
1928.000000 0.158389
1929.000000 0.281071
1930.000000 0.231349
1931.000000 0.310862
1932.000000 0.244666
1933.000000 0.299752
1934.000000 0.347555
1935.000000 0.326656
1936.000000 0.129348
1937.000000 0.200673
1938.000000 0.172456
1939.000000 0.196920
1940.000000 0.188873
1941.000000 0.187499
1942.000000 0.278544
1943.000000 0.204678
1944.000000 0.190665
1945.000000 0.297314
1946.000000 0.276486
1947.000000 0.178239
1948.000000 0.275629
1949.000000 0.176406
1950.000000 0.232214
1951.000000 0.329598
1952.000000 0.263211
1953.000000 0.173422
1954.000000 0.335918
1955.000000 0.239178
1956.000000 0.277563
1957.000000 0.312011
1958.000000 0.420527
1959.000000 0.190726
1960.000000 0.261624
1961.000000 0.302889
1962.000000 0.259815
1963.000000 0.210537
1964.000000 0.156260
1965.000000 0.332074
1966.000000 0.213045
1967.000000 0.319181
1968.000000 0.207233
1969.000000 0.280733
1970.000000 0.270401
1971.000000 0.302196
1972.000000 0.261918
1973.000000 0.207884
1974.000000 0.236008
1975.000000 0.254470
1976.000000 0.311832
1977.000000 0.237936
1978.000000 0.164030
1979.000000 0.275276
1980.000000 0.165447
1981.000000 0.295467
1982.000000 0.251808
1983.000000 0.184417
1984.000000 0.231525
1985.000000 0.311006
1986.000000 0.213316
1987.000000 0.122725
1988.000000 0.143857
1989.000000 0.139051
1990.000000 0.224419
1991.000000 0.282499
1992.000000 0.259320
1993.000000 0.271305
1994.000000 0.247837
1995.000000 0.256362
1996.000000 0.280696
1997.000000 0.223095
1998.000000 0.202144
1999.000000 0.100499
2000.000000 0.149788
2001.000000 0.170949
2002.000000 0.154394
2003.000000 0.251096
2004.000000 0.110283
2005.000000 0.192503
2006.000000 0.234785
2007.000000 0.045493
2008.000000 0.199178
2009.000000 0.190989
2010.000000 0.275542
2011.000000 0.140732
2012.000000 0.347393
2013.000000 0.223413
2014.000000 0.426128
2015.000000 0.337462
2016.000000 0.177553
2017.000000 0.198974
2018.000000 0.305400
2019.000000 0.130352
2020.000000 0.255743
2021.000000 0.217722
2022.000000 0.327985
2023.000000 0.337363
2024.000000 0.196516
2025.000000 0.236117
2026.000000 0.204193
2027.000000 0.234041
2028.000000 0.140932
2029.000000 0.305805
2030.000000 0.393286
2031.000000 0.210358
2032.000000 0.276578
2033.000000 0.181944
2034.000000 0.225081
2035.000000 0.214336
2036.000000 0.216219
2037.000000 0.327293
2038.000000 0.381174
2039.000000 0.017887
2040.000000 0.391383
2041.000000 0.177190
2042.000000 0.137767
2043.000000 0.338687
2044.000000 0.309378
2045.000000 0.343572
2046.000000 0.227635
2047.000000 0.204481
2048.000000 0.212004
2049.000000 0.170673
2050.000000 0.262002
2051.000000 0.262651
2052.000000 0.180118
2053.000000 0.242148
2054.000000 0.373958
2055.000000 0.086270
2056.000000 0.357737
2057.000000 0.284285
2058.000000 0.349730
2059.000000 0.220306
2060.000000 0.280868
2061.000000 0.222895
2062.000000 0.263992
2063.000000 0.227395
2064.000000 0.119039
2065.000000 0.207728
2066.000000 0.216059
2067.000000 0.170190
2068.000000 0.150205
2069.000000 0.103854
2070.000000 0.183798
2071.000000 0.180761
2072.000000 0.220826
2073.000000 0.334989
2074.000000 0.178224
2075.000000 0.179279
2076.000000 0.209463
2077.000000 0.157284
2078.000000 0.273583
2079.000000 0.320154
2080.000000 0.314508
2081.000000 0.266771
2082.000000 0.248932
2083.000000 0.274662
2084.000000 0.257570
2085.000000 0.298670
2086.000000 0.251049
2087.000000 0.271595
2088.000000 0.236424
2089.000000 0.170269
2090.000000 0.210983
2091.000000 0.151329
2092.000000 0.161210
2093.000000 0.174552
2094.000000 0.165603
2095.000000 0.235995
2096.000000 0.091678
2097.000000 0.384504
2098.000000 0.317905
2099.000000 0.249489
2100.000000 0.190374
2101.000000 0.203734
2102.000000 0.152563
2103.000000 0.149310
2104.000000 0.214067
2105.000000 0.228573
2106.000000 0.236328
2107.000000 0.055653
2108.000000 0.224492
2109.000000 0.274075
2110.000000 0.149273
2111.000000 0.171933
2112.000000 0.173506
2113.000000 0.088805
2114.000000 0.187795
2115.000000 0.310926
2116.000000 0.222767
2117.000000 0.141074
2118.000000 0.180119
2119.000000 0.308518
2120.000000 0.299562
2121.000000 0.268413
2122.000000 0.289383
2123.000000 0.287199
2124.000000 0.239976
2125.000000 0.393556
2126.000000 0.405459
2127.000000 0.284049
2128.000000 0.171194
2129.000000 0.120757
2130.000000 0.271865
2131.000000 0.294650
2132.000000 0.134541
2133.000000 0.292948
2134.000000 0.154434
2135.000000 0.075484
2136.000000 0.202844
2137.000000 0.264448
2138.000000 0.261785
2139.000000 0.190143
2140.000000 0.248464
2141.000000 0.223084
2142.000000 0.277227
2143.000000 0.183514
2144.000000 0.276328
2145.000000 0.190428
2146.000000 0.222604
2147.000000 0.206666
2148.000000 0.212332
2149.000000 0.199554
2150.000000 0.217722
2151.000000 0.183752
2152.000000 0.022463
2153.000000 0.119991
2154.000000 0.317952
2155.000000 0.228779
2156.000000 0.321575
2157.000000 0.117482
2158.000000 0.207556
2159.000000 0.237591
2160.000000 0.257978
2161.000000 0.233260
2162.000000 0.315939
2163.000000 0.163757
2164.000000 0.209891
2165.000000 0.196047
2166.000000 0.228723
2167.000000 0.260375
2168.000000 0.107010
2169.000000 0.164855
2170.000000 0.249295
2171.000000 0.120177
2172.000000 0.300825
2173.000000 0.114203
2174.000000 0.233902
2175.000000 0.242979
2176.000000 0.294370
2177.000000 0.269149
2178.000000 0.179775
2179.000000 0.313288
2180.000000 0.139802
2181.000000 0.318942
2182.000000 0.248954
2183.000000 0.128600
2184.000000 0.110617
2185.000000 0.180726
2186.000000 0.257465
2187.000000 0.155566
2188.000000 0.113535
2189.000000 0.248088
2190.000000 0.195317
2191.000000 0.142616
2192.000000 0.171626
2193.000000 0.322214
2194.000000 0.366921
2195.000000 0.239758
2196.000000 0.217111
2197.000000 0.171946
2198.000000 0.237468
2199.000000 0.289595
2200.000000 0.173529
2201.000000 0.224072
2202.000000 0.236061
2203.000000 0.259495
2204.000000 0.187504
2205.000000 0.331216
2206.000000 0.310138
2207.000000 0.210847
2208.000000 0.214641
2209.000000 0.288647
2210.000000 0.100741
2211.000000 0.324089
2212.000000 0.182815
2213.000000 0.253080
2214.000000 0.178828
2215.000000 0.217701
2216.000000 0.200246
2217.000000 0.258271
2218.000000 0.229574
2219.000000 0.103920
2220.000000 0.407569
2221.000000 0.178797
2222.000000 0.287431
2223.000000 0.338246
2224.000000 0.121231
2225.000000 0.178003
2226.000000 0.154571
2227.000000 0.238578
2228.000000 0.256707
2229.000000 0.213112
2230.000000 0.331230
2231.000000 0.255688
2232.000000 0.139949
2233.000000 0.152098
2234.000000 0.345503
2235.000000 0.291770
2236.000000 0.316874
2237.000000 0.134367
2238.000000 0.105733
2239.000000 0.218378
2240.000000 0.292251
2241.000000 0.283183
2242.000000 0.207854
2243.000000 0.233148
2244.000000 0.203000
2245.000000 0.172786
2246.000000 0.138019
2247.000000 0.122070
2248.000000 0.154292
2249.000000 0.216749
2250.000000 0.354489
2251.000000 0.195202
2252.000000 0.281962
2253.000000 0.212706
2254.000000 0.196263
2255.000000 0.315152
2256.000000 0.211078
2257.000000 0.241401
2258.000000 0.255713
2259.000000 0.345882
2260.000000 0.239904
2261.000000 0.115482
2262.000000 0.197580
2263.000000 0.355942
2264.000000 0.262797
2265.000000 0.158646
2266.000000 0.366313
2267.000000 0.155370
2268.000000 0.234660
2269.000000 0.327746
2270.000000 0.228476
2271.000000 0.156915
2272.000000 0.217601
2273.000000 0.236325
2274.000000 0.294708
2275.000000 0.248984
2276.000000 0.286148
2277.000000 0.334550
2278.000000 0.139562
2279.000000 0.191325
2280.000000 0.209252
2281.000000 0.243559
2282.000000 0.215073
2283.000000 0.214619
2284.000000 0.319075
2285.000000 0.223897
2286.000000 0.230252
2287.000000 0.260403
2288.000000 0.287471
2289.000000 0.298029
2290.000000 0.223677
2291.000000 0.093741
2292.000000 0.310566
2293.000000 0.329494
2294.000000 0.250711
2295.000000 0.194644
2296.000000 0.148989
2297.000000 0.209503
2298.000000 0.219421
2299.000000 0.216855
2300.000000 0.168530
2301.000000 0.112643
2302.000000 0.210389
2303.000000 0.310448
2304.000000 0.210105
2305.000000 0.293579
2306.000000 0.062796
2307.000000 0.296385
2308.000000 0.259703
2309.000000 0.231816
2310.000000 0.239279
2311.000000 0.172176
2312.000000 0.232917
2313.000000 0.282038
2314.000000 0.071209
2315.000000 0.128911
2316.000000 0.199908
2317.000000 0.196079
2318.000000 0.269585
2319.000000 0.401262
2320.000000 0.108677
2321.000000 0.155978
2322.000000 0.230308
2323.000000 0.314416
2324.000000 0.258476
2325.000000 0.082727
2326.000000 0.138045
2327.000000 0.193588
2328.000000 0.243905
2329.000000 0.132920
2330.000000 0.211090
2331.000000 0.193040
2332.000000 0.221456
2333.000000 0.217720
2334.000000 0.210568
2335.000000 0.261308
2336.000000 0.125779
2337.000000 0.271615
2338.000000 0.210455
2339.000000 0.329375
2340.000000 0.213067
2341.000000 0.105110
2342.000000 0.361771
2343.000000 0.190538
2344.000000 0.178816
2345.000000 0.279865
2346.000000 0.095944
2347.000000 0.248224
2348.000000 0.114377
2349.000000 0.254580
2350.000000 0.172286
2351.000000 0.203792
2352.000000 0.228252
2353.000000 0.305779
2354.000000 0.163229
2355.000000 0.167828
2356.000000 0.259971
2357.000000 0.209633
2358.000000 0.305934
2359.000000 0.183409
2360.000000 0.097379
2361.000000 0.208862
2362.000000 0.202886
2363.000000 0.247514
2364.000000 0.124197
2365.000000 0.142165
2366.000000 0.241417
2367.000000 0.147518
2368.000000 0.235382
2369.000000 0.194502
2370.000000 0.289968
2371.000000 0.264661
2372.000000 0.270759
2373.000000 0.251904
2374.000000 0.217497
2375.000000 0.160642
2376.000000 0.195740
2377.000000 0.215762
2378.000000 0.344338
2379.000000 0.233958
2380.000000 0.185538
2381.000000 0.160055
2382.000000 0.160249
2383.000000 0.231127
2384.000000 0.342894
2385.000000 0.140007
2386.000000 0.114481
2387.000000 0.130523
2388.000000 0.201045
2389.000000 0.259576
2390.000000 0.215284
2391.000000 0.170878
2392.000000 0.184741
2393.000000 0.274191
2394.000000 0.305639
2395.000000 0.204816
2396.000000 0.124140
2397.000000 0.145048
2398.000000 0.292353
2399.000000 0.285377
2400.000000 0.122914
2401.000000 0.265027
2402.000000 0.190512
2403.000000 0.081903
2404.000000 0.202187
2405.000000 0.230178
2406.000000 0.202840
2407.000000 0.176762
2408.000000 0.322419
2409.000000 0.208325
2410.000000 0.237917
2411.000000 0.367450
2412.000000 0.237280
2413.000000 0.151465
2414.000000 0.160655
2415.000000 0.248064
2416.000000 0.168084
2417.000000 0.201718
2418.000000 0.287236
2419.000000 0.373814
2420.000000 0.303723
2421.000000 0.219900
2422.000000 0.103084
2423.000000 0.216030
2424.000000 0.193639
2425.000000 0.251770
2426.000000 0.291768
2427.000000 0.305028
2428.000000 0.083588
2429.000000 0.174040
2430.000000 0.122016
2431.000000 0.244306
2432.000000 0.115048
2433.000000 0.204128
2434.000000 0.160478
2435.000000 0.261827
2436.000000 0.319544
2437.000000 0.166000
2438.000000 0.345439
2439.000000 0.218338
2440.000000 0.193684
2441.000000 0.390227
2442.000000 0.226757
2443.000000 0.214853
2444.000000 0.306680
2445.000000 0.224424
2446.000000 0.219647
2447.000000 0.102003
2448.000000 0.075596
2449.000000 0.231332
2450.000000 0.153345
2451.000000 0.291646
2452.000000 0.295324
2453.000000 0.191554
2454.000000 0.183628
2455.000000 0.238339
2456.000000 0.195519
2457.000000 0.145943
2458.000000 0.318843
2459.000000 0.097333
2460.000000 0.296461
2461.000000 0.103178
2462.000000 0.318409
2463.000000 0.283041
2464.000000 0.275037
2465.000000 0.284582
2466.000000 0.227994
2467.000000 0.222921
2468.000000 0.234273
2469.000000 0.179349
2470.000000 0.318562
2471.000000 0.208132
2472.000000 0.271904
2473.000000 0.332826
2474.000000 0.191088
2475.000000 0.292677
2476.000000 0.206426
2477.000000 0.192077
2478.000000 0.172395
2479.000000 0.146015
2480.000000 0.170934
2481.000000 0.317041
2482.000000 0.302733
2483.000000 0.279007
2484.000000 0.256844
2485.000000 0.216258
2486.000000 0.139989
2487.000000 0.160685
2488.000000 0.312550
2489.000000 0.145595
2490.000000 0.196024
2491.000000 0.143109
2492.000000 0.318273
2493.000000 0.195379
2494.000000 0.203360
2495.000000 0.161101
2496.000000 0.157521
2497.000000 0.127744
2498.000000 0.271973
2499.000000 0.170323
2500.000000 0.219665
2501.000000 0.284760
2502.000000 0.161584
2503.000000 0.263332
2504.000000 0.216992
2505.000000 0.173193
2506.000000 0.335450
2507.000000 0.214443
2508.000000 0.301153
2509.000000 0.253944
2510.000000 0.321299
2511.000000 0.132594
2512.000000 0.167916
2513.000000 0.176027
2514.000000 0.231790
2515.000000 0.134808
2516.000000 0.236543
2517.000000 0.180453
2518.000000 0.002483
2519.000000 0.134899
2520.000000 0.239789
2521.000000 0.333671
2522.000000 0.279448
2523.000000 0.254231
2524.000000 0.035395
2525.000000 0.328046
2526.000000 0.159304
2527.000000 0.268808
2528.000000 0.179846
2529.000000 0.156276
2530.000000 0.314422
2531.000000 0.185977
2532.000000 0.221381
2533.000000 0.182876
2534.000000 0.265456
2535.000000 0.336199
2536.000000 0.206022
2537.000000 0.238657
2538.000000 0.117450
2539.000000 0.229873
2540.000000 0.219158
2541.000000 0.280181
2542.000000 0.326459
2543.000000 0.206951
2544.000000 0.295717
2545.000000 0.195849
2546.000000 0.299205
2547.000000 0.301219
2548.000000 0.221184
2549.000000 0.267375
2550.000000 0.166471
2551.000000 0.267052
2552.000000 0.244057
2553.000000 0.261032
2554.000000 0.255526
2555.000000 0.178757
2556.000000 0.280162
2557.000000 0.331303
2558.000000 0.317370
2559.000000 0.102993
2560.000000 0.325085
2561.000000 0.139107
2562.000000 0.285196
2563.000000 0.155876
2564.000000 0.155538
2565.000000 0.232793
2566.000000 0.237001
2567.000000 0.081517
2568.000000 0.284425
2569.000000 0.221055
2570.000000 0.252934
2571.000000 0.256187
2572.000000 0.184066
2573.000000 0.262337
2574.000000 0.276323
2575.000000 0.190971
2576.000000 0.269835
2577.000000 0.191721
2578.000000 0.274363
2579.000000 0.234610
2580.000000 0.234174
2581.000000 0.291356
2582.000000 0.207147
2583.000000 0.040190
2584.000000 0.314503
2585.000000 0.214296
2586.000000 0.232389
2587.000000 0.162847
2588.000000 0.145585
2589.000000 0.182179
2590.000000 0.214469
2591.000000 0.247585
2592.000000 0.266083
2593.000000 0.173891
2594.000000 0.143045
2595.000000 0.238507
2596.000000 0.112979
2597.000000 0.154619
2598.000000 0.216708
2599.000000 0.178179
2600.000000 0.060754
2601.000000 0.269970
2602.000000 0.137244
2603.000000 0.079872
2604.000000 0.422822
2605.000000 0.132542
2606.000000 0.322318
2607.000000 0.203123
2608.000000 0.344716
2609.000000 0.322116
2610.000000 0.255797
2611.000000 0.164276
2612.000000 0.128006
2613.000000 0.218765
2614.000000 0.213224
2615.000000 0.139189
2616.000000 0.251168
2617.000000 0.109718
2618.000000 0.197765
2619.000000 0.271858
2620.000000 0.177671
2621.000000 0.242040
2622.000000 0.261361
2623.000000 0.313068
2624.000000 0.232485
2625.000000 0.131811
2626.000000 0.080562
2627.000000 0.299076
2628.000000 0.057748
2629.000000 0.182514
2630.000000 0.208860
2631.000000 0.193576
2632.000000 0.195328
2633.000000 0.263419
2634.000000 0.241980
2635.000000 0.177613
2636.000000 0.132190
2637.000000 0.299128
2638.000000 0.137684
2639.000000 0.261388
2640.000000 0.326579
2641.000000 0.175802
2642.000000 0.202682
2643.000000 0.236306
2644.000000 0.072857
2645.000000 0.185681
2646.000000 0.099202
2647.000000 0.236547
2648.000000 0.311457
2649.000000 0.234839
2650.000000 0.235726
2651.000000 0.225354
2652.000000 0.222219
2653.000000 0.181391
2654.000000 0.133632
2655.000000 0.205300
2656.000000 0.196769
2657.000000 0.141859
2658.000000 0.191565
2659.000000 0.171085
2660.000000 0.060908
2661.000000 0.259175
2662.000000 0.257858
2663.000000 0.161928
2664.000000 0.346504
2665.000000 0.164476
2666.000000 0.167226
2667.000000 0.208557
2668.000000 0.065115
2669.000000 0.252842
2670.000000 0.216807
2671.000000 0.211789
2672.000000 0.207658
2673.000000 0.252608
2674.000000 0.134382
2675.000000 0.265131
2676.000000 0.185036
2677.000000 0.225204
2678.000000 0.285966
2679.000000 0.144365
2680.000000 0.143110
2681.000000 0.239656
2682.000000 0.211629
2683.000000 0.193501
2684.000000 0.360472
2685.000000 0.129172
2686.000000 0.178350
2687.000000 0.194009
2688.000000 0.225864
2689.000000 0.214541
2690.000000 0.148593
2691.000000 0.300505
2692.000000 0.268361
2693.000000 0.203879
2694.000000 0.291492
2695.000000 0.190673
2696.000000 0.226355
2697.000000 0.239823
2698.000000 0.226387
2699.000000 0.081909
2700.000000 0.154552
2701.000000 0.278249
2702.000000 0.197942
2703.000000 0.190177
2704.000000 0.320570
2705.000000 0.145137
2706.000000 0.180708
2707.000000 0.192806
2708.000000 0.147669
2709.000000 0.245678
2710.000000 0.121443
2711.000000 0.252427
2712.000000 0.210562
2713.000000 0.311707
2714.000000 0.357882
2715.000000 0.312026
2716.000000 0.186044
2717.000000 0.152656
2718.000000 0.180870
2719.000000 0.178535
2720.000000 0.235748
2721.000000 0.096193
2722.000000 0.242405
2723.000000 0.265122
2724.000000 0.300104
2725.000000 0.093675
2726.000000 0.260873
2727.000000 0.160427
2728.000000 0.310238
2729.000000 0.245560
2730.000000 0.226533
2731.000000 0.232234
2732.000000 0.226970
2733.000000 0.315391
2734.000000 0.275172
2735.000000 0.268532
2736.000000 0.287735
2737.000000 0.222710
2738.000000 0.306148
2739.000000 0.165838
2740.000000 0.367918
2741.000000 0.229541
2742.000000 0.171723
2743.000000 0.211629
2744.000000 0.188471
2745.000000 0.267477
2746.000000 0.178529
2747.000000 0.314942
2748.000000 0.286206
2749.000000 0.249595
2750.000000 0.253816
2751.000000 0.144207
2752.000000 0.251672
2753.000000 0.216948
2754.000000 0.177977
2755.000000 0.169009
2756.000000 0.189977
2757.000000 0.200069
2758.000000 0.268743
2759.000000 0.225648
2760.000000 0.064262
2761.000000 0.160773
2762.000000 0.071313
2763.000000 0.178380
2764.000000 0.169798
2765.000000 0.271100
2766.000000 0.237458
2767.000000 0.291235
2768.000000 0.273742
2769.000000 0.126411
2770.000000 0.079522
2771.000000 0.202367
2772.000000 0.260294
2773.000000 0.276132
2774.000000 0.215807
2775.000000 0.129292
2776.000000 0.117530
2777.000000 0.355723
2778.000000 0.071620
2779.000000 0.365153
2780.000000 0.241896
2781.000000 0.226737
2782.000000 0.176735
2783.000000 0.246528
2784.000000 0.120488
2785.000000 0.241202
2786.000000 0.247650
2787.000000 0.213287
2788.000000 0.160882
2789.000000 0.228003
2790.000000 0.223633
2791.000000 0.192675
2792.000000 0.331251
2793.000000 0.220278
2794.000000 0.277831
2795.000000 0.244802
2796.000000 0.138420
2797.000000 0.077276
2798.000000 0.357389
2799.000000 0.217658
2800.000000 0.224223
2801.000000 0.294976
2802.000000 0.235108
2803.000000 0.183055
2804.000000 0.288950
2805.000000 0.263926
2806.000000 0.170324
2807.000000 0.157037
2808.000000 0.187346
2809.000000 0.261545
2810.000000 0.253720
2811.000000 0.244520
2812.000000 0.240776
2813.000000 0.200155
2814.000000 0.168689
2815.000000 0.231213
2816.000000 0.239656
2817.000000 0.306821
2818.000000 0.075592
2819.000000 0.259269
2820.000000 0.109470
2821.000000 0.158978
2822.000000 0.131659
2823.000000 0.189908
2824.000000 0.179003
2825.000000 0.165248
2826.000000 0.274660
2827.000000 0.222703
2828.000000 0.254893
2829.000000 0.208042
2830.000000 0.216886
2831.000000 0.319965
2832.000000 0.321440
2833.000000 0.360892
2834.000000 0.202553
2835.000000 0.239780
2836.000000 0.281846
2837.000000 0.112115
2838.000000 0.212014
2839.000000 0.191858
2840.000000 0.137243
2841.000000 0.089196
2842.000000 0.095507
2843.000000 0.156447
2844.000000 0.259635
2845.000000 0.235906
2846.000000 0.197202
2847.000000 0.350269
2848.000000 0.223825
2849.000000 0.265131
2850.000000 0.241469
2851.000000 0.276806
2852.000000 0.203329
2853.000000 0.293283
2854.000000 0.095438
2855.000000 0.254267
2856.000000 0.336668
2857.000000 0.325651
2858.000000 0.291434
2859.000000 0.159226
2860.000000 0.291181
2861.000000 0.304922
2862.000000 0.232038
2863.000000 0.390536
2864.000000 0.285079
2865.000000 0.277495
2866.000000 0.186637
2867.000000 0.190684
2868.000000 0.223148
2869.000000 0.174513
2870.000000 0.399165
2871.000000 0.293251
2872.000000 0.187665
2873.000000 0.244461
2874.000000 0.229745
2875.000000 0.239030
2876.000000 0.242776
2877.000000 0.247530
2878.000000 0.290318
2879.000000 0.190273
2880.000000 0.407302
2881.000000 0.199262
2882.000000 0.283173
2883.000000 0.136704
2884.000000 0.188931
2885.000000 0.231640
2886.000000 0.244213
2887.000000 0.260334
2888.000000 0.300356
2889.000000 0.297762
2890.000000 0.200312
2891.000000 0.148929
2892.000000 0.367523
2893.000000 0.250863
2894.000000 0.342040
2895.000000 0.168906
2896.000000 0.096024
2897.000000 0.174815
2898.000000 0.148554
2899.000000 0.285760
2900.000000 0.280063
2901.000000 0.226392
2902.000000 0.297060
2903.000000 0.018772
2904.000000 0.232830
2905.000000 0.155419
2906.000000 0.235015
2907.000000 0.352785
2908.000000 0.323154
2909.000000 0.275031
2910.000000 0.386590
2911.000000 0.351641
2912.000000 0.355447
2913.000000 0.214531
2914.000000 0.184241
2915.000000 0.073132
2916.000000 0.223157
2917.000000 0.251618
2918.000000 0.258223
2919.000000 0.243105
2920.000000 0.190624
2921.000000 0.235690
2922.000000 0.156129
2923.000000 0.231507
2924.000000 0.309873
2925.000000 0.262410
2926.000000 0.273641
2927.000000 0.224665
2928.000000 0.150824
2929.000000 0.294521
2930.000000 0.199001
2931.000000 0.227594
2932.000000 0.057727
2933.000000 0.187706
2934.000000 0.326647
2935.000000 0.235267
2936.000000 0.281511
2937.000000 0.090704
2938.000000 0.235544
2939.000000 0.139797
2940.000000 0.289836
2941.000000 0.229303
2942.000000 0.266250
2943.000000 0.289855
2944.000000 0.193448
2945.000000 0.400960
2946.000000 0.228032
2947.000000 0.159617
2948.000000 0.143685
2949.000000 0.168693
2950.000000 0.300290
2951.000000 0.192251
2952.000000 0.159573
2953.000000 0.206610
2954.000000 0.162711
2955.000000 0.263087
2956.000000 0.249247
2957.000000 0.223188
2958.000000 0.268152
2959.000000 0.384545
2960.000000 0.172464
2961.000000 0.226223
2962.000000 0.175858
2963.000000 0.302182
2964.000000 0.175157
2965.000000 0.139743
2966.000000 0.272837
2967.000000 0.283802
2968.000000 0.129317
2969.000000 0.345672
2970.000000 0.116010
2971.000000 0.075841
2972.000000 0.192183
2973.000000 0.200714
2974.000000 0.259769
2975.000000 0.306146
2976.000000 0.250019
2977.000000 0.347489
2978.000000 0.166228
2979.000000 0.282696
2980.000000 0.326740
2981.000000 0.104688
2982.000000 0.253411
2983.000000 0.216911
2984.000000 0.105451
2985.000000 0.239842
2986.000000 0.273803
2987.000000 0.256911
2988.000000 0.212606
2989.000000 0.230678
2990.000000 0.297673
2991.000000 0.240393
2992.000000 0.231649
2993.000000 0.063081
2994.000000 0.200708
2995.000000 0.144475
2996.000000 0.084826
2997.000000 0.289173
2998.000000 0.174460
2999.000000 0.349916
3000.000000 0.217247
