0.000000 0.602173
1.000000 0.604665
2.000000 0.620839
3.000000 0.654018
4.000000 0.495092
5.000000 0.514897
6.000000 0.554179
7.000000 0.519695
8.000000 0.611430
9.000000 0.559561
10.000000 0.487611
11.000000 0.667649
12.000000 0.602105
13.000000 0.597890
14.000000 0.645042
15.000000 0.633601
16.000000 0.634587
17.000000 0.610511
18.000000 0.574358
19.000000 0.472386
20.000000 0.603554
21.000000 0.604553
22.000000 0.681526
23.000000 0.568287
24.000000 0.602955
25.000000 0.631615
26.000000 0.584030
27.000000 0.601836
28.000000 0.379038
29.000000 0.619667
30.000000 0.481017
31.000000 0.549879
32.000000 0.552870
33.000000 0.595233
34.000000 0.546193
35.000000 0.496564
36.000000 0.528859
37.000000 0.500951
38.000000 0.468437
39.000000 0.502935
40.000000 0.449372
41.000000 0.607540
42.000000 0.645777
43.000000 0.504453
44.000000 0.619475
45.000000 0.479778
46.000000 0.527042
47.000000 0.524632
48.000000 0.523929
49.000000 0.477959
50.000000 0.659202
51.000000 0.495900
52.000000 0.514394
53.000000 0.382306
54.000000 0.508440
55.000000 0.606935
56.000000 0.563079
57.000000 0.576604
58.000000 0.637227
59.000000 0.543015
60.000000 0.515737
61.000000 0.553188
62.000000 0.596041
63.000000 0.622444
64.000000 0.569841
65.000000 0.611120
66.000000 0.587478
67.000000 0.538151
68.000000 0.483382
69.000000 0.688487
70.000000 0.411339
71.000000 0.670089
72.000000 0.615307
73.000000 0.540777
74.000000 0.605898
75.000000 0.544672
76.000000 0.547737
77.000000 0.553984
78.000000 0.446708
79.000000 0.532876
80.000000 0.539389
81.000000 0.483140
82.000000 0.602317
83.000000 0.642598
84.000000 0.480183
85.000000 0.423707
86.000000 0.533645
87.000000 0.546108
88.000000 0.547069
89.000000 0.609455
90.000000 0.537785
91.000000 0.466259
92.000000 0.552030
93.000000 0.509802
94.000000 0.670844
95.000000 0.660416
96.000000 0.618181
97.000000 0.600922
98.000000 0.552378
99.000000 0.587904
100.000000 0.443261
101.000000 0.488749
102.000000 0.627155
103.000000 0.589980
104.000000 0.539452
105.000000 0.593659
106.000000 0.567035
107.000000 0.444723
108.000000 0.632143
109.000000 0.519813
110.000000 0.485162
111.000000 0.576387
112.000000 0.563537
113.000000 0.564346
114.000000 0.555837
115.000000 0.586241
116.000000 0.623904
117.000000 0.473634
118.000000 0.616803
119.000000 0.486576
120.000000 0.475142
121.000000 0.595879
122.000000 0.520727
123.000000 0.546935
124.000000 0.556860
125.000000 0.529864
126.000000 0.502217
127.000000 0.627378
128.000000 0.526334
129.000000 0.622119
130.000000 0.534220
131.000000 0.521445
132.000000 0.550485
133.000000 0.568622
134.000000 0.421300
135.000000 0.589747
136.000000 0.521349
137.000000 0.602071
138.000000 0.551936
139.000000 0.523182
140.000000 0.578724
141.000000 0.630357
142.000000 0.607708
143.000000 0.627100
144.000000 0.580893
145.000000 0.587222
146.000000 0.516737
147.000000 0.644965
148.000000 0.587220
149.000000 0.571065
150.000000 0.498525
151.000000 0.477728
152.000000 0.597000
153.000000 0.579067
154.000000 0.552078
155.000000 0.434449
156.000000 0.577889
157.000000 0.584181
158.000000 0.569176
159.000000 0.508663
160.000000 0.495427
161.000000 0.547127
162.000000 0.435737
163.000000 0.534417
164.000000 0.430616
165.000000 0.564238
166.000000 0.578671
167.000000 0.576295
168.000000 0.724129
169.000000 0.551046
170.000000 0.620454
171.000000 0.565499
172.000000 0.483659
173.000000 0.662625
174.000000 0.561819
175.000000 0.666651
176.000000 0.626573
177.000000 0.572290
178.000000 0.499317
179.000000 0.548792
180.000000 0.391393
181.000000 0.482614
182.000000 0.569364
183.000000 0.616917
184.000000 0.657438
185.000000 0.600543
186.000000 0.559153
187.000000 0.602529
188.000000 0.586703
189.000000 0.582738
190.000000 0.547865
191.000000 0.571111
192.000000 0.444477
193.000000 0.510241
194.000000 0.437781
195.000000 0.567258
196.000000 0.466741
197.000000 0.591200
198.000000 0.554635
199.000000 0.617508
200.000000 0.509508
201.000000 0.716416
202.000000 0.551018
203.000000 0.571510
204.000000 0.524697
205.000000 0.642813
206.000000 0.620865
207.000000 0.634117
208.000000 0.587121
209.000000 0.606814
210.000000 0.397894
211.000000 0.548475
212.000000 0.563437
213.000000 0.491966
214.000000 0.505307
215.000000 0.427778
216.000000 0.478747
217.000000 0.546822
218.000000 0.566516
219.000000 0.553904
220.000000 0.463736
221.000000 0.608066
222.000000 0.505423
223.000000 0.657632
224.000000 0.629270
225.000000 0.570388
226.000000 0.564184
227.000000 0.551884
228.000000 0.587096
229.000000 0.564966
230.000000 0.529146
231.000000 0.583761
232.000000 0.623230
233.000000 0.555031
234.000000 0.543713
235.000000 0.562212
236.000000 0.553782
237.000000 0.679087
238.000000 0.591947
239.000000 0.580907
240.000000 0.334308
241.000000 0.581335
242.000000 0.590348
243.000000 0.628989
244.000000 0.583876
245.000000 0.632326
246.000000 0.548349
247.000000 0.603551
248.000000 0.531676
249.000000 0.554413
250.000000 0.558031
251.000000 0.535125
252.000000 0.647411
253.000000 0.619343
254.000000 0.496378
255.000000 0.538435
256.000000 0.536799
257.000000 0.484431
258.000000 0.502457
259.000000 0.515841
260.000000 0.517452
261.000000 0.656750
262.000000 0.584299
263.000000 0.667811
264.000000 0.564153
265.000000 0.644931
266.000000 0.521495
267.000000 0.515604
268.000000 0.606967
269.000000 0.642522
270.000000 0.667469
271.000000 0.545706
272.000000 0.404131
273.000000 0.563581
274.000000 0.402016
275.000000 0.519034
276.000000 0.569410
277.000000 0.625883
278.000000 0.555964
279.000000 0.501304
280.000000 0.658451
281.000000 0.661038
282.000000 0.483447
283.000000 0.571594
284.000000 0.591169
285.000000 0.624620
286.000000 0.690490
287.000000 0.605216
288.000000 0.567478
289.000000 0.563690
290.000000 0.639986
291.000000 0.596286
292.000000 0.517473
293.000000 0.527522
294.000000 0.560984
295.000000 0.646366
296.000000 0.570485
297.000000 0.551893
298.000000 0.542548
299.000000 0.578778
300.000000 0.456578
301.000000 0.610413
302.000000 0.567442
303.000000 0.528426
304.000000 0.562944
305.000000 0.619592
306.000000 0.508777
307.000000 0.587722
308.000000 0.639941
309.000000 0.569676
310.000000 0.405412
311.000000 0.683087
312.000000 0.591790
313.000000 0.591635
314.000000 0.471407
315.000000 0.525785
316.000000 0.537189
317.000000 0.517884
318.000000 0.594116
319.000000 0.689271
320.000000 0.733770
321.000000 0.581439
322.000000 0.673047
323.000000 0.650679
324.000000 0.544302
325.000000 0.609479
326.000000 0.610855
327.000000 0.657281
328.000000 0.571364
329.000000 0.449596
330.000000 0.581255
331.000000 0.564406
332.000000 0.551673
333.000000 0.619641
334.000000 0.429061
335.000000 0.542406
336.000000 0.469043
337.000000 0.549773
338.000000 0.531345
339.000000 0.547451
340.000000 0.520048
341.000000 0.592104
342.000000 0.578143
343.000000 0.483572
344.000000 0.429429
345.000000 0.581973
346.000000 0.486935
347.000000 0.499109
348.000000 0.614943
349.000000 0.593251
350.000000 0.533014
351.000000 0.505077
352.000000 0.490775
353.000000 0.585248
354.000000 0.627859
355.000000 0.355234
356.000000 0.589474
357.000000 0.569410
358.000000 0.572183
359.000000 0.434643
360.000000 0.645176
361.000000 0.508514
362.000000 0.619073
363.000000 0.534858
364.000000 0.541715
365.000000 0.532711
366.000000 0.571885
367.000000 0.661748
368.000000 0.538116
369.000000 0.660522
370.000000 0.595620
371.000000 0.515607
372.000000 0.545522
373.000000 0.609411
374.000000 0.530144
375.000000 0.650783
376.000000 0.516106
377.000000 0.623420
378.000000 0.539218
379.000000 0.547386
380.000000 0.576971
381.000000 0.617824
382.000000 0.628984
383.000000 0.486824
384.000000 0.586847
385.000000 0.635362
386.000000 0.664123
387.000000 0.653225
388.000000 0.469735
389.000000 0.531461
390.000000 0.499800
391.000000 0.488782
392.000000 0.601443
393.000000 0.434253
394.000000 0.481910
395.000000 0.636210
396.000000 0.625792
397.000000 0.533305
398.000000 0.635319
399.000000 0.607669
400.000000 0.578625
401.000000 0.596211
402.000000 0.602220
403.000000 0.617308
404.000000 0.595508
405.000000 0.672794
406.000000 0.615151
407.000000 0.670780
408.000000 0.609679
409.000000 0.538660
410.000000 0.595317
411.000000 0.625515
412.000000 0.617337
413.000000 0.558048
414.000000 0.663574
415.000000 0.641651
416.000000 0.506514
417.000000 0.682270
418.000000 0.674686
419.000000 0.629368
420.000000 0.543041
421.000000 0.605813
422.000000 0.607644
423.000000 0.418055
424.000000 0.630665
425.000000 0.419043
426.000000 0.577366
427.000000 0.481345
428.000000 0.509214
429.000000 0.715220
430.000000 0.519897
431.000000 0.604491
432.000000 0.378603
433.000000 0.593383
434.000000 0.619057
435.000000 0.529080
436.000000 0.530378
437.000000 0.604889
438.000000 0.539880
439.000000 0.611228
440.000000 0.593952
441.000000 0.487210
442.000000 0.564552
443.000000 0.644683
444.000000 0.459169
445.000000 0.667969
446.000000 0.474351
447.000000 0.580721
448.000000 0.556401
449.000000 0.444861
450.000000 0.558414
451.000000 0.587352
452.000000 0.380678
453.000000 0.529501
454.000000 0.535533
455.000000 0.681034
456.000000 0.625179
457.000000 0.657399
458.000000 0.577916
459.000000 0.572101
460.000000 0.639949
461.000000 0.549671
462.000000 0.545914
463.000000 0.623928
464.000000 0.546766
465.000000 0.447194
466.000000 0.509522
467.000000 0.694828
468.000000 0.503532
469.000000 0.528055
470.000000 0.426608
471.000000 0.557854
472.000000 0.575066
473.000000 0.597343
474.000000 0.527522
475.000000 0.703509
476.000000 0.597959
477.000000 0.628080
478.000000 0.562681
479.000000 0.494089
480.000000 0.578677
481.000000 0.621205
482.000000 0.627286
483.000000 0.572800
484.000000 0.499839
485.000000 0.474544
486.000000 0.446792
487.000000 0.563488
488.000000 0.577492
489.000000 0.546960
490.000000 0.402924
491.000000 0.607052
492.000000 0.492316
493.000000 0.635106
494.000000 0.641003
495.000000 0.606915
496.000000 0.544341
497.000000 0.600392
498.000000 0.486631
499.000000 0.438950
500.000000 0.582121
501.000000 0.665107
502.000000 0.562834
503.000000 0.576654
504.000000 0.382457
505.000000 0.497487
506.000000 0.448743
507.000000 0.448507
508.000000 0.472855
509.000000 0.383781
510.000000 0.489266
511.000000 0.460528
512.000000 0.606973
513.000000 0.498822
514.000000 0.460059
515.000000 0.462839
516.000000 0.689696
517.000000 0.665505
518.000000 0.677159
519.000000 0.702056
520.000000 0.695763
521.000000 0.615157
522.000000 0.645804
523.000000 0.545659
524.000000 0.553046
525.000000 0.518279
526.000000 0.546488
527.000000 0.511316
528.000000 0.465965
529.000000 0.454793
530.000000 0.585806
531.000000 0.544275
532.000000 0.696925
533.000000 0.426375
534.000000 0.583480
535.000000 0.530144
536.000000 0.646960
537.000000 0.634637
538.000000 0.551512
539.000000 0.493198
540.000000 0.596655
541.000000 0.634869
542.000000 0.674068
543.000000 0.549947
544.000000 0.556274
545.000000 0.434217
546.000000 0.654954
547.000000 0.618722
548.000000 0.599411
549.000000 0.497754
550.000000 0.516055
551.000000 0.638710
552.000000 0.559608
553.000000 0.512101
554.000000 0.550332
555.000000 0.572725
556.000000 0.647189
557.000000 0.445733
558.000000 0.663345
559.000000 0.593144
560.000000 0.658675
561.000000 0.621649
562.000000 0.680518
563.000000 0.480003
564.000000 0.435926
565.000000 0.560251
566.000000 0.573947
567.000000 0.597484
568.000000 0.632651
569.000000 0.524943
570.000000 0.593115
571.000000 0.632082
572.000000 0.626033
573.000000 0.446689
574.000000 0.475304
575.000000 0.536632
576.000000 0.602185
577.000000 0.536099
578.000000 0.586950
579.000000 0.555463
580.000000 0.540204
581.000000 0.636228
582.000000 0.436744
583.000000 0.598634
584.000000 0.706907
585.000000 0.627580
586.000000 0.452573
587.000000 0.470756
588.000000 0.651856
589.000000 0.568194
590.000000 0.620168
591.000000 0.535014
592.000000 0.574321
593.000000 0.577001
594.000000 0.608443
595.000000 0.632599
596.000000 0.643626
597.000000 0.653894
598.000000 0.550903
599.000000 0.559728
600.000000 0.583252
601.000000 0.631813
602.000000 0.525994
603.000000 0.506427
604.000000 0.648503
605.000000 0.482017
606.000000 0.514450
607.000000 0.633358
608.000000 0.539306
609.000000 0.743424
610.000000 0.500056
611.000000 0.558238
612.000000 0.536398
613.000000 0.508589
614.000000 0.560668
615.000000 0.542085
616.000000 0.671244
617.000000 0.595338
618.000000 0.613854
619.000000 0.584865
620.000000 0.581742
621.000000 0.580066
622.000000 0.627852
623.000000 0.748191
624.000000 0.544687
625.000000 0.620335
626.000000 0.594860
627.000000 0.587356
628.000000 0.606178
629.000000 0.612224
630.000000 0.525240
631.000000 0.677547
632.000000 0.506675
633.000000 0.494607
634.000000 0.530140
635.000000 0.552660
636.000000 0.615584
637.000000 0.515299
638.000000 0.662759
639.000000 0.627382
640.000000 0.431301
641.000000 0.513495
642.000000 0.559844
643.000000 0.550614
644.000000 0.463465
645.000000 0.538910
646.000000 0.588844
647.000000 0.683183
648.000000 0.700423
649.000000 0.538416
650.000000 0.563981
651.000000 0.608373
652.000000 0.457742
653.000000 0.469713
654.000000 0.654898
655.000000 0.653234
656.000000 0.461087
657.000000 0.511754
658.000000 0.552970
659.000000 0.619815
660.000000 0.641137
661.000000 0.589926
662.000000 0.481957
663.000000 0.626581
664.000000 0.568610
665.000000 0.625760
666.000000 0.670411
667.000000 0.577736
668.000000 0.590312
669.000000 0.542202
670.000000 0.396556
671.000000 0.572357
672.000000 0.667009
673.000000 0.672386
674.000000 0.573226
675.000000 0.536328
676.000000 0.564028
677.000000 0.599704
678.000000 0.575523
679.000000 0.680992
680.000000 0.590803
681.000000 0.424343
682.000000 0.676054
683.000000 0.593254
684.000000 0.591059
685.000000 0.418448
686.000000 0.629728
687.000000 0.564882
688.000000 0.567857
689.000000 0.500439
690.000000 0.642323
691.000000 0.538596
692.000000 0.557413
693.000000 0.565836
694.000000 0.641510
695.000000 0.618100
696.000000 0.615449
697.000000 0.611785
698.000000 0.585140
699.000000 0.636436
700.000000 0.542637
701.000000 0.578633
702.000000 0.671600
703.000000 0.585595
704.000000 0.653741
705.000000 0.551457
706.000000 0.485261
707.000000 0.517904
708.000000 0.473794
709.000000 0.545918
710.000000 0.554113
711.000000 0.525284
712.000000 0.486690
713.000000 0.535981
714.000000 0.590768
715.000000 0.447493
716.000000 0.580541
717.000000 0.490706
718.000000 0.580742
719.000000 0.619053
720.000000 0.704565
721.000000 0.619191
722.000000 0.494696
723.000000 0.604281
724.000000 0.721462
725.000000 0.596011
726.000000 0.737549
727.000000 0.475245
728.000000 0.683617
729.000000 0.573450
730.000000 0.575008
731.000000 0.627480
732.000000 0.707427
733.000000 0.541210
734.000000 0.498628
735.000000 0.683331
736.000000 0.537181
737.000000 0.668217
738.000000 0.632938
739.000000 0.587247
740.000000 0.517253
741.000000 0.544088
742.000000 0.524606
743.000000 0.538081
744.000000 0.597687
745.000000 0.506049
746.000000 0.604533
747.000000 0.604569
748.000000 0.619129
749.000000 0.643863
750.000000 0.554798
751.000000 0.600317
752.000000 0.613340
753.000000 0.562988
754.000000 0.605408
755.000000 0.592451
756.000000 0.574184
757.000000 0.618290
758.000000 0.705094
759.000000 0.504773
760.000000 0.492893
761.000000 0.584717
762.000000 0.618417
763.000000 0.635448
764.000000 0.636212
765.000000 0.642298
766.000000 0.558001
767.000000 0.565734
768.000000 0.587318
769.000000 0.544140
770.000000 0.577781
771.000000 0.444500
772.000000 0.637480
773.000000 0.546819
774.000000 0.523293
775.000000 0.630843
776.000000 0.460087
777.000000 0.529896
778.000000 0.551972
779.000000 0.542828
780.000000 0.548796
781.000000 0.690723
782.000000 0.425278
783.000000 0.568548
784.000000 0.530073
785.000000 0.486586
786.000000 0.545048
787.000000 0.575790
788.000000 0.477003
789.000000 0.640838
790.000000 0.503019
791.000000 0.578125
792.000000 0.544403
793.000000 0.590300
794.000000 0.726809
795.000000 0.577872
796.000000 0.472719
797.000000 0.557617
798.000000 0.564975
799.000000 0.667384
800.000000 0.608474
801.000000 0.626354
802.000000 0.586608
803.000000 0.687479
804.000000 0.561751
805.000000 0.526306
806.000000 0.571244
807.000000 0.560807
808.000000 0.501164
809.000000 0.558449
810.000000 0.456250
811.000000 0.544471
812.000000 0.603863
813.000000 0.506312
814.000000 0.515572
815.000000 0.529902
816.000000 0.584599
817.000000 0.648454
818.000000 0.655674
819.000000 0.669375
820.000000 0.681637
821.000000 0.614654
822.000000 0.501138
823.000000 0.490323
824.000000 0.577550
825.000000 0.607113
826.000000 0.409543
827.000000 0.489986
828.000000 0.600361
829.000000 0.630723
830.000000 0.641563
831.000000 0.590692
832.000000 0.716232
833.000000 0.492051
834.000000 0.488517
835.000000 0.420887
836.000000 0.548145
837.000000 0.644302
838.000000 0.565147
839.000000 0.539747
840.000000 0.713534
841.000000 0.455116
842.000000 0.533593
843.000000 0.584235
844.000000 0.573112
845.000000 0.478475
846.000000 0.452642
847.000000 0.672338
848.000000 0.509225
849.000000 0.699518
850.000000 0.622191
851.000000 0.628892
852.000000 0.631667
853.000000 0.674345
854.000000 0.532277
855.000000 0.663264
856.000000 0.561775
857.000000 0.423805
858.000000 0.625867
859.000000 0.674580
860.000000 0.491669
861.000000 0.529653
862.000000 0.551109
863.000000 0.535052
864.000000 0.549796
865.000000 0.558293
866.000000 0.472842
867.000000 0.626408
868.000000 0.547646
869.000000 0.573832
870.000000 0.698640
871.000000 0.598079
872.000000 0.643991
873.000000 0.492557
874.000000 0.513054
875.000000 0.614195
876.000000 0.450220
877.000000 0.513574
878.000000 0.650143
879.000000 0.608312
880.000000 0.595033
881.000000 0.546114
882.000000 0.615769
883.000000 0.581094
884.000000 0.512549
885.000000 0.595786
886.000000 0.589064
887.000000 0.436432
888.000000 0.526057
889.000000 0.614198
890.000000 0.568498
891.000000 0.501046
892.000000 0.531747
893.000000 0.640860
894.000000 0.571598
895.000000 0.651626
896.000000 0.548107
897.000000 0.464267
898.000000 0.527340
899.000000 0.503364
900.000000 0.442654
901.000000 0.549312
902.000000 0.507881
903.000000 0.519907
904.000000 0.621297
905.000000 0.603267
906.000000 0.555579
907.000000 0.566804
908.000000 0.484316
909.000000 0.510117
910.000000 0.536816
911.000000 0.623586
912.000000 0.550580
913.000000 0.560341
914.000000 0.696824
915.000000 0.533750
916.000000 0.554480
917.000000 0.538496
918.000000 0.524286
919.000000 0.465841
920.000000 0.548075
921.000000 0.565439
922.000000 0.559424
923.000000 0.577597
924.000000 0.554946
925.000000 0.722569
926.000000 0.488701
927.000000 0.632138
928.000000 0.597899
929.000000 0.608342
930.000000 0.504286
931.000000 0.575788
932.000000 0.493568
933.000000 0.557474
934.000000 0.575359
935.000000 0.516598
936.000000 0.645832
937.000000 0.601855
938.000000 0.689639
939.000000 0.660193
940.000000 0.576078
941.000000 0.588685
942.000000 0.531828
943.000000 0.543478
944.000000 0.604361
945.000000 0.442977
946.000000 0.573127
947.000000 0.484251
948.000000 0.547304
949.000000 0.478255
950.000000 0.594060
951.000000 0.605561
952.000000 0.571372
953.000000 0.498562
954.000000 0.603893
955.000000 0.500976
956.000000 0.589181
957.000000 0.597739
958.000000 0.646694
959.000000 0.440385
960.000000 0.556448
961.000000 0.528746
962.000000 0.663198
963.000000 0.553964
964.000000 0.594509
965.000000 0.617672
966.000000 0.695490
967.000000 0.692409
968.000000 0.503975
969.000000 0.597362
970.000000 0.582188
971.000000 0.607793
972.000000 0.526335
973.000000 0.554460
974.000000 0.594261
975.000000 0.600019
976.000000 0.590627
977.000000 0.556756
978.000000 0.594145
979.000000 0.599968
980.000000 0.584976
981.000000 0.421167
982.000000 0.460592
983.000000 0.581172
984.000000 0.554045
985.000000 0.495323
986.000000 0.630113
987.000000 0.643620
988.000000 0.663526
989.000000 0.536807
990.000000 0.499192
991.000000 0.538868
992.000000 0.525921
993.000000 0.649748
994.000000 0.627741
995.000000 0.687444
996.000000 0.477177
997.000000 0.682806
998.000000 0.543922
999.000000 0.551181
1000.000000 0.588505
1001.000000 0.657005
1002.000000 0.702312
1003.000000 0.531062
1004.000000 0.594926
1005.000000 0.495651
1006.000000 0.512395
1007.000000 0.580868
1008.000000 0.608785
1009.000000 0.570633
1010.000000 0.577037
1011.000000 0.548109
1012.000000 0.566977
1013.000000 0.559903
1014.000000 0.494696
1015.000000 0.563690
1016.000000 0.453064
1017.000000 0.531061
1018.000000 0.554072
1019.000000 0.571600
1020.000000 0.548495
1021.000000 0.701036
1022.000000 0.676431
1023.000000 0.542067
1024.000000 0.612423
1025.000000 0.746383
1026.000000 0.602918
1027.000000 0.455432
1028.000000 0.571161
1029.000000 0.595088
1030.000000 0.617466
1031.000000 0.443180
1032.000000 0.553751
1033.000000 0.591771
1034.000000 0.525419
1035.000000 0.405328
1036.000000 0.583258
1037.000000 0.584118
1038.000000 0.617646
1039.000000 0.649792
1040.000000 0.638364
1041.000000 0.570557
1042.000000 0.484405
1043.000000 0.622958
1044.000000 0.460579
1045.000000 0.628409
1046.000000 0.470834
1047.000000 0.594388
1048.000000 0.644674
1049.000000 0.448668
1050.000000 0.683229
1051.000000 0.667888
1052.000000 0.699638
1053.000000 0.482247
1054.000000 0.481550
1055.000000 0.634343
1056.000000 0.547591
1057.000000 0.584418
1058.000000 0.619529
1059.000000 0.564110
1060.000000 0.562886
1061.000000 0.596421
1062.000000 0.647600
1063.000000 0.617070
1064.000000 0.652048
1065.000000 0.529509
1066.000000 0.437125
1067.000000 0.527498
1068.000000 0.581482
1069.000000 0.536570
1070.000000 0.684032
1071.000000 0.608972
1072.000000 0.662426
1073.000000 0.529909
1074.000000 0.497066
1075.000000 0.729317
1076.000000 0.597696
1077.000000 0.461258
1078.000000 0.525772
1079.000000 0.509762
1080.000000 0.588703
1081.000000 0.490122
1082.000000 0.597821
1083.000000 0.656738
1084.000000 0.579557
1085.000000 0.404203
1086.000000 0.642467
1087.000000 0.569749
1088.000000 0.627092
1089.000000 0.633229
1090.000000 0.615959
1091.000000 0.528911
1092.000000 0.607807
1093.000000 0.643644
1094.000000 0.567615
1095.000000 0.560758
1096.000000 0.501778
1097.000000 0.562201
1098.000000 0.505535
1099.000000 0.575047
1100.000000 0.548736
1101.000000 0.641395
1102.000000 0.562658
1103.000000 0.575773
1104.000000 0.569772
1105.000000 0.687539
1106.000000 0.597615
1107.000000 0.432471
1108.000000 0.454448
1109.000000 0.597890
1110.000000 0.540291
1111.000000 0.625289
1112.000000 0.681186
1113.000000 0.495418
1114.000000 0.578878
1115.000000 0.416112
1116.000000 0.547255
1117.000000 0.641966
1118.000000 0.606674
1119.000000 0.620815
1120.000000 0.691652
1121.000000 0.506912
1122.000000 0.537677
1123.000000 0.592552
1124.000000 0.470498
1125.000000 0.464695
1126.000000 0.568876
1127.000000 0.674770
1128.000000 0.527844
1129.000000 0.625030
1130.000000 0.668942
1131.000000 0.634244
1132.000000 0.391470
1133.000000 0.587830
1134.000000 0.454355
1135.000000 0.604646
1136.000000 0.535336
1137.000000 0.532750
1138.000000 0.461942
1139.000000 0.574542
1140.000000 0.696625
1141.000000 0.527546
1142.000000 0.424921
1143.000000 0.669627
1144.000000 0.654506
1145.000000 0.620349
1146.000000 0.594966
1147.000000 0.590265
1148.000000 0.549558
1149.000000 0.557171
1150.000000 0.452872
1151.000000 0.502003
1152.000000 0.559009
1153.000000 0.614945
1154.000000 0.337142
1155.000000 0.543410
1156.000000 0.570811
1157.000000 0.562222
1158.000000 0.557990
1159.000000 0.405167
1160.000000 0.499418
1161.000000 0.486539
1162.000000 0.440484
1163.000000 0.467231
1164.000000 0.645498
1165.000000 0.589012
1166.000000 0.706925
1167.000000 0.511081
1168.000000 0.632336
1169.000000 0.667773
1170.000000 0.631837
1171.000000 0.553418
1172.000000 0.602116
1173.000000 0.648708
1174.000000 0.521984
1175.000000 0.604912
1176.000000 0.633140
1177.000000 0.524004
1178.000000 0.532030
1179.000000 0.652677
1180.000000 0.642330
1181.000000 0.453535
1182.000000 0.540652
1183.000000 0.646166
1184.000000 0.627639
1185.000000 0.558089
1186.000000 0.643798
1187.000000 0.644084
1188.000000 0.660235
1189.000000 0.421928
1190.000000 0.636741
1191.000000 0.625704
1192.000000 0.656411
1193.000000 0.637442
1194.000000 0.578894
1195.000000 0.600142
1196.000000 0.653385
1197.000000 0.527902
1198.000000 0.522649
1199.000000 0.533158
1200.000000 0.619705
1201.000000 0.659188
1202.000000 0.518929
1203.000000 0.521086
1204.000000 0.499772
1205.000000 0.518114
1206.000000 0.585951
1207.000000 0.651271
1208.000000 0.560375
1209.000000 0.501829
1210.000000 0.617198
1211.000000 0.494947
1212.000000 0.613234
1213.000000 0.473769
1214.000000 0.487873
1215.000000 0.600900
1216.000000 0.552169
1217.000000 0.471944
1218.000000 0.590905
1219.000000 0.576219
1220.000000 0.405932
1221.000000 0.547499
1222.000000 0.412740
1223.000000 0.500131
1224.000000 0.606090
1225.000000 0.613496
1226.000000 0.544672
1227.000000 0.505496
1228.000000 0.596520
1229.000000 0.601762
1230.000000 0.544692
1231.000000 0.696999
1232.000000 0.587182
1233.000000 0.518605
1234.000000 0.602817
1235.000000 0.619828
1236.000000 0.579674
1237.000000 0.593341
1238.000000 0.660315
1239.000000 0.508057
1240.000000 0.411172
1241.000000 0.654489
1242.000000 0.576049
1243.000000 0.680809
1244.000000 0.583191
1245.000000 0.584083
1246.000000 0.635582
1247.000000 0.610268
1248.000000 0.605276
1249.000000 0.435784
1250.000000 0.573893
1251.000000 0.580324
1252.000000 0.539024
1253.000000 0.630198
1254.000000 0.550496
1255.000000 0.636172
1256.000000 0.495426
1257.000000 0.551858
1258.000000 0.546317
1259.000000 0.495648
1260.000000 0.466002
1261.000000 0.536148
1262.000000 0.620903
1263.000000 0.519081
1264.000000 0.677810
1265.000000 0.595216
1266.000000 0.620669
1267.000000 0.587296
1268.000000 0.437923
1269.000000 0.509080
1270.000000 0.453059
1271.000000 0.591400
1272.000000 0.536977
1273.000000 0.532313
1274.000000 0.617103
1275.000000 0.527282
1276.000000 0.647474
1277.000000 0.509751
1278.000000 0.618002
1279.000000 0.565704
1280.000000 0.609507
1281.000000 0.454673
1282.000000 0.342805
1283.000000 0.517003
1284.000000 0.474598
1285.000000 0.646250
1286.000000 0.504683
1287.000000 0.558101
1288.000000 0.507382
1289.000000 0.547565
1290.000000 0.605951
1291.000000 0.524188
1292.000000 0.586450
1293.000000 0.504750
1294.000000 0.523943
1295.000000 0.633904
1296.000000 0.593361
1297.000000 0.636203
1298.000000 0.591699
1299.000000 0.549007
1300.000000 0.650310
1301.000000 0.599748
1302.000000 0.581317
1303.000000 0.634458
1304.000000 0.689800
1305.000000 0.563516
1306.000000 0.658783
1307.000000 0.586896
1308.000000 0.487755
1309.000000 0.525323
1310.000000 0.523582
1311.000000 0.548420
1312.000000 0.671506
1313.000000 0.589793
1314.000000 0.537640
1315.000000 0.681427
1316.000000 0.597821
1317.000000 0.465700
1318.000000 0.573344
1319.000000 0.634867
1320.000000 0.441246
1321.000000 0.396917
1322.000000 0.592952
1323.000000 0.581403
1324.000000 0.472378
1325.000000 0.522328
1326.000000 0.557969
1327.000000 0.614569
1328.000000 0.592766
1329.000000 0.628904
1330.000000 0.540257
1331.000000 0.480109
1332.000000 0.665193
1333.000000 0.645047
1334.000000 0.602842
1335.000000 0.537542
1336.000000 0.527109
1337.000000 0.524378
1338.000000 0.580169
1339.000000 0.725911
1340.000000 0.656077
1341.000000 0.543720
1342.000000 0.568347
1343.000000 0.660727
1344.000000 0.601707
1345.000000 0.491506
1346.000000 0.499065
1347.000000 0.601467
1348.000000 0.568001
1349.000000 0.531959
1350.000000 0.551388
1351.000000 0.536222
1352.000000 0.501796
1353.000000 0.660697
1354.000000 0.600000
1355.000000 0.417034
1356.000000 0.474539
1357.000000 0.523100
1358.000000 0.578699
1359.000000 0.523252
1360.000000 0.505740
1361.000000 0.494627
1362.000000 0.450182
1363.000000 0.609066
1364.000000 0.569473
1365.000000 0.632835
1366.000000 0.530014
1367.000000 0.502782
1368.000000 0.650658
1369.000000 0.402051
1370.000000 0.579669
1371.000000 0.642874
1372.000000 0.601980
1373.000000 0.531877
1374.000000 0.553834
1375.000000 0.512439
1376.000000 0.438542
1377.000000 0.678655
1378.000000 0.633425
1379.000000 0.679863
1380.000000 0.636909
1381.000000 0.528354
1382.000000 0.614364
1383.000000 0.450477
1384.000000 0.559139
1385.000000 0.533931
1386.000000 0.641326
1387.000000 0.689513
1388.000000 0.483260
1389.000000 0.638646
1390.000000 0.555910
1391.000000 0.480943
1392.000000 0.486942
1393.000000 0.557692
1394.000000 0.616107
1395.000000 0.583039
1396.000000 0.603808
1397.000000 0.589590
1398.000000 0.560457
1399.000000 0.545386
1400.000000 0.656323
1401.000000 0.667588
1402.000000 0.653694
1403.000000 0.499414
1404.000000 0.614859
1405.000000 0.513478
1406.000000 0.622070
1407.000000 0.580071
1408.000000 0.526595
1409.000000 0.613239
1410.000000 0.490374
1411.000000 0.570300
1412.000000 0.569229
1413.000000 0.436619
1414.000000 0.522640
1415.000000 0.561652
1416.000000 0.613268
1417.000000 0.629933
1418.000000 0.569027
1419.000000 0.592588
1420.000000 0.573886
1421.000000 0.418204
1422.000000 0.583822
1423.000000 0.580785
1424.000000 0.583098
1425.000000 0.630858
1426.000000 0.563130
1427.000000 0.368482
1428.000000 0.646725
1429.000000 0.556240
1430.000000 0.499979
1431.000000 0.623873
1432.000000 0.650478
1433.000000 0.529283
1434.000000 0.470644
1435.000000 0.472708
1436.000000 0.606546
1437.000000 0.446922
1438.000000 0.467381
1439.000000 0.493175
1440.000000 0.606505
1441.000000 0.497143
1442.000000 0.470717
1443.000000 0.688754
1444.000000 0.579240
1445.000000 0.554614
1446.000000 0.581853
1447.000000 0.709050
1448.000000 0.538869
1449.000000 0.771685
1450.000000 0.575318
1451.000000 0.587209
1452.000000 0.544477
1453.000000 0.673944
1454.000000 0.604048
1455.000000 0.639994
1456.000000 0.545816
1457.000000 0.628551
1458.000000 0.584117
1459.000000 0.566507
1460.000000 0.609913
1461.000000 0.580995
1462.000000 0.606919
1463.000000 0.575585
1464.000000 0.601119
1465.000000 0.544045
1466.000000 0.499812
1467.000000 0.571469
1468.000000 0.568213
1469.000000 0.394052
1470.000000 0.419519
1471.000000 0.576568
1472.000000 0.523150
1473.000000 0.594765
1474.000000 0.630138
1475.000000 0.606661
1476.000000 0.625612
1477.000000 0.513466
1478.000000 0.510525
1479.000000 0.625179
1480.000000 0.604336
1481.000000 0.666534
1482.000000 0.586100
1483.000000 0.494586
1484.000000 0.515312
1485.000000 0.462263
1486.000000 0.593742
1487.000000 0.535439
1488.000000 0.619306
1489.000000 0.542593
1490.000000 0.646397
1491.000000 0.555526
1492.000000 0.622018
1493.000000 0.658137
1494.000000 0.648508
1495.000000 0.592035
1496.000000 0.564995
1497.000000 0.525789
1498.000000 0.546591
1499.000000 0.533847
1500.000000 0.614640
1501.000000 0.567044
1502.000000 0.514757
1503.000000 0.583402
1504.000000 0.615896
1505.000000 0.511390
1506.000000 0.699533
1507.000000 0.582835
1508.000000 0.622148
1509.000000 0.657638
1510.000000 0.714502
1511.000000 0.565988
1512.000000 0.690114
1513.000000 0.505925
1514.000000 0.523385
1515.000000 0.617687
1516.000000 0.566763
1517.000000 0.626617
1518.000000 0.528617
1519.000000 0.609262
1520.000000 0.553797
1521.000000 0.603275
1522.000000 0.658397
1523.000000 0.530902
1524.000000 0.678133
1525.000000 0.545664
1526.000000 0.625564
1527.000000 0.671273
1528.000000 0.593027
1529.000000 0.639422
1530.000000 0.594812
1531.000000 0.646379
1532.000000 0.607391
1533.000000 0.542489
1534.000000 0.558070
1535.000000 0.564878
1536.000000 0.519626
1537.000000 0.628504
1538.000000 0.579158
1539.000000 0.468074
1540.000000 0.555777
1541.000000 0.557283
1542.000000 0.617600
1543.000000 0.585814
1544.000000 0.450002
1545.000000 0.542672
1546.000000 0.492221
1547.000000 0.452129
1548.000000 0.579465
1549.000000 0.626928
1550.000000 0.557206
1551.000000 0.678177
1552.000000 0.624963
1553.000000 0.638561
1554.000000 0.543656
1555.000000 0.616176
1556.000000 0.657430
1557.000000 0.557326
1558.000000 0.505698
1559.000000 0.650400
1560.000000 0.545503
1561.000000 0.448371
1562.000000 0.552530
1563.000000 0.618663
1564.000000 0.573039
1565.000000 0.492894
1566.000000 0.663854
1567.000000 0.715617
1568.000000 0.602046
1569.000000 0.593277
1570.000000 0.434289
1571.000000 0.526759
1572.000000 0.556056
1573.000000 0.626492
1574.000000 0.577929
1575.000000 0.493502
1576.000000 0.459209
1577.000000 0.311674
1578.000000 0.474648
1579.000000 0.538664
1580.000000 0.680146
1581.000000 0.596590
1582.000000 0.555956
1583.000000 0.554049
1584.000000 0.569391
1585.000000 0.694086
1586.000000 0.476397
1587.000000 0.595421
1588.000000 0.573673
1589.000000 0.530608
1590.000000 0.619493
1591.000000 0.544709
1592.000000 0.619886
1593.000000 0.558638
1594.000000 0.643579
1595.000000 0.523561
1596.000000 0.572885
1597.000000 0.582441
1598.000000 0.609411
1599.000000 0.676773
1600.000000 0.525755
1601.000000 0.632168
1602.000000 0.505847
1603.000000 0.525165
1604.000000 0.544280
1605.000000 0.573665
1606.000000 0.459376
1607.000000 0.643676
1608.000000 0.587541
1609.000000 0.704277
1610.000000 0.681977
1611.000000 0.735672
1612.000000 0.562055
1613.000000 0.624548
1614.000000 0.548435
1615.000000 0.504534
1616.000000 0.525634
1617.000000 0.626835
1618.000000 0.599433
1619.000000 0.600439
1620.000000 0.540519
1621.000000 0.444803
1622.000000 0.527653
1623.000000 0.626995
1624.000000 0.553426
1625.000000 0.636835
1626.000000 0.578985
1627.000000 0.573040
1628.000000 0.698345
1629.000000 0.502851
1630.000000 0.598970
1631.000000 0.633974
1632.000000 0.567129
1633.000000 0.540612
1634.000000 0.487212
1635.000000 0.417376
1636.000000 0.502395
1637.000000 0.524925
1638.000000 0.590528
1639.000000 0.387921
1640.000000 0.558510
1641.000000 0.567616
1642.000000 0.579635
1643.000000 0.560366
1644.000000 0.557440
1645.000000 0.516918
1646.000000 0.607043
1647.000000 0.585635
1648.000000 0.632995
1649.000000 0.446793
1650.000000 0.567109
1651.000000 0.553736
1652.000000 0.599210
1653.000000 0.548204
1654.000000 0.624178
1655.000000 0.486278
1656.000000 0.586862
1657.000000 0.653104
1658.000000 0.557551
1659.000000 0.387012
1660.000000 0.460336
1661.000000 0.541512
1662.000000 0.564324
1663.000000 0.713342
1664.000000 0.722843
1665.000000 0.668511
1666.000000 0.622624
1667.000000 0.563246
1668.000000 0.624822
1669.000000 0.615417
1670.000000 0.640240
1671.000000 0.603923
1672.000000 0.663938
1673.000000 0.527075
1674.000000 0.613910
1675.000000 0.502593
1676.000000 0.596312
1677.000000 0.647068
1678.000000 0.638277
1679.000000 0.542914
1680.000000 0.582507
1681.000000 0.537690
1682.000000 0.547449
1683.000000 0.627115
1684.000000 0.422431
1685.000000 0.557773
1686.000000 0.431640
1687.000000 0.649977
1688.000000 0.557011
1689.000000 0.644283
1690.000000 0.621383
1691.000000 0.536893
1692.000000 0.508014
1693.000000 0.537752
1694.000000 0.603121
1695.000000 0.463406
1696.000000 0.664527
1697.000000 0.470570
1698.000000 0.570446
1699.000000 0.599943
1700.000000 0.530552
1701.000000 0.543659
1702.000000 0.478792
1703.000000 0.541673
1704.000000 0.467799
1705.000000 0.580714
1706.000000 0.515200
1707.000000 0.459656
1708.000000 0.568891
1709.000000 0.509733
1710.000000 0.636084
1711.000000 0.550861
1712.000000 0.511968
1713.000000 0.606650
1714.000000 0.665101
1715.000000 0.552389
1716.000000 0.554034
1717.000000 0.526489
1718.000000 0.484076
1719.000000 0.535490
1720.000000 0.561416
1721.000000 0.525724
1722.000000 0.593133
1723.000000 0.548274
1724.000000 0.569014
1725.000000 0.593266
1726.000000 0.523107
1727.000000 0.437041
1728.000000 0.530686
1729.000000 0.468987
1730.000000 0.475445
1731.000000 0.600637
1732.000000 0.578549
1733.000000 0.639341
1734.000000 0.607294
1735.000000 0.444324
1736.000000 0.709001
1737.000000 0.732301
1738.000000 0.519119
1739.000000 0.596343
1740.000000 0.422941
1741.000000 0.625472
1742.000000 0.539867
1743.000000 0.665419
1744.000000 0.566413
1745.000000 0.556772
1746.000000 0.508800
1747.000000 0.455181
1748.000000 0.615878
1749.000000 0.653073
1750.000000 0.601747
1751.000000 0.530415
1752.000000 0.551725
1753.000000 0.524443
1754.000000 0.678530
1755.000000 0.622380
1756.000000 0.546574
1757.000000 0.561831
1758.000000 0.632555
1759.000000 0.413660
1760.000000 0.538933
1761.000000 0.521024
1762.000000 0.595062
1763.000000 0.599674
1764.000000 0.561926
1765.000000 0.571722
1766.000000 0.617191
1767.000000 0.620490
1768.000000 0.521118
1769.000000 0.584937
1770.000000 0.476551
1771.000000 0.598826
1772.000000 0.555362
1773.000000 0.472720
1774.000000 0.484887
1775.000000 0.609296
1776.000000 0.565527
1777.000000 0.764344
1778.000000 0.593448
1779.000000 0.579118
1780.000000 0.646406
1781.000000 0.554562
1782.000000 0.631820
1783.000000 0.675323
1784.000000 0.599725
1785.000000 0.553437
1786.000000 0.520632
1787.000000 0.466837
1788.000000 0.547920
1789.000000 0.685457
1790.000000 0.678959
1791.000000 0.661750
1792.000000 0.549149
1793.000000 0.633024
1794.000000 0.564553
1795.000000 0.656884
1796.000000 0.622954
1797.000000 0.623973
1798.000000 0.570218
1799.000000 0.550517
1800.000000 0.580882
1801.000000 0.513855
1802.000000 0.437161
1803.000000 0.674778
1804.000000 0.606218
1805.000000 0.583356
1806.000000 0.583991
1807.000000 0.495995
1808.000000 0.548787
1809.000000 0.487635
1810.000000 0.601742
1811.000000 0.554190
1812.000000 0.605114
1813.000000 0.513415
1814.000000 0.437256
1815.000000 0.612855
1816.000000 0.466923
1817.000000 0.587669
1818.000000 0.636986
1819.000000 0.507310
1820.000000 0.524442
1821.000000 0.594251
1822.000000 0.350178
1823.000000 0.551865
1824.000000 0.634918
1825.000000 0.579416
1826.000000 0.630462
1827.000000 0.561490
1828.000000 0.481451
1829.000000 0.616653
1830.000000 0.448706
1831.000000 0.547290
1832.000000 0.530718
1833.000000 0.368896
1834.000000 0.584082
1835.000000 0.532464
1836.000000 0.513947
1837.000000 0.649884
1838.000000 0.582633
1839.000000 0.588161
1840.000000 0.535336
1841.000000 0.549501
1842.000000 0.488637
1843.000000 0.594654
1844.000000 0.481731
1845.000000 0.642546
1846.000000 0.569890
1847.000000 0.600070
1848.000000 0.309101
1849.000000 0.481607
1850.000000 0.712594
1851.000000 0.605280
1852.000000 0.535788
1853.000000 0.603682
1854.000000 0.595431
1855.000000 0.611022
1856.000000 0.604368
1857.000000 0.552273
1858.000000 0.450204
1859.000000 0.543572
1860.000000 0.685565
1861.000000 0.625633
1862.000000 0.482215
1863.000000 0.607385
1864.000000 0.417727
1865.000000 0.618937
1866.000000 0.637993
1867.000000 0.613951
1868.000000 0.603128
1869.000000 0.591068
1870.000000 0.526509
1871.000000 0.557505
1872.000000 0.469377
1873.000000 0.534012
1874.000000 0.544095
1875.000000 0.518568
1876.000000 0.547081
1877.000000 0.597483
1878.000000 0.440754
1879.000000 0.581658
1880.000000 0.525116
1881.000000 0.659746
1882.000000 0.672946
1883.000000 0.665778
1884.000000 0.564641
1885.000000 0.610685
1886.000000 0.581174
1887.000000 0.540496
1888.000000 0.606923
1889.000000 0.510568
1890.000000 0.600435
1891.000000 0.576691
1892.000000 0.608084
1893.000000 0.699319
1894.000000 0.541278
1895.000000 0.635578
1896.000000 0.505894
1897.000000 0.532610
1898.000000 0.612528
1899.000000 0.578032
1900.000000 0.540217
1901.000000 0.439885
1902.000000 0.495798
1903.000000 0.720884
1904.000000 0.587291
1905.000000 0.640948
1906.000000 0.665167
1907.000000 0.505626
1908.000000 0.572420
1909.000000 0.481015
1910.000000 0.541143
1911.000000 0.533671
1912.000000 0.604307
1913.000000 0.488521
1914.000000 0.449549
1915.000000 0.574240
1916.000000 0.617995
1917.000000 0.688545
1918.000000 0.667955
1919.000000 0.544316
1920.000000 0.628772
1921.000000 0.472559
1922.000000 0.598265
1923.000000 0.579597
1924.000000 0.636028
1925.000000 0.570914
1926.000000 0.544402
1927.000000 0.620495
1928.000000 0.518495
1929.000000 0.502800
1930.000000 0.470517
1931.000000 0.643698
1932.000000 0.517323
1933.000000 0.662675
1934.000000 0.663655
1935.000000 0.621354
1936.000000 0.572273
1937.000000 0.470429
1938.000000 0.480326
1939.000000 0.616018
1940.000000 0.598505
1941.000000 0.535421
1942.000000 0.537915
1943.000000 0.617708
1944.000000 0.498167
1945.000000 0.580044
1946.000000 0.532986
1947.000000 0.553131
1948.000000 0.662310
1949.000000 0.557885
1950.000000 0.599985
1951.000000 0.560551
1952.000000 0.568680
1953.000000 0.590443
1954.000000 0.630389
1955.000000 0.547520
1956.000000 0.549842
1957.000000 0.452786
1958.000000 0.538046
1959.000000 0.504819
1960.000000 0.555309
1961.000000 0.565984
1962.000000 0.615814
1963.000000 0.666452
1964.000000 0.602146
1965.000000 0.538094
1966.000000 0.542350
1967.000000 0.527550
1968.000000 0.431167
1969.000000 0.637117
1970.000000 0.621961
1971.000000 0.557316
1972.000000 0.631554
1973.000000 0.561630
1974.000000 0.430139
1975.000000 0.638562
1976.000000 0.673945
1977.000000 0.561427
1978.000000 0.647303
1979.000000 0.557057
1980.000000 0.535190
1981.000000 0.610673
1982.000000 0.613741
1983.000000 0.675241
1984.000000 0.613584
1985.000000 0.682518
1986.000000 0.581851
1987.000000 0.445846
1988.000000 0.545019
1989.000000 0.511103
1990.000000 0.500976
1991.000000 0.719159
1992.000000 0.641105
1993.000000 0.593987
1994.000000 0.557259
1995.000000 0.526394
1996.000000 0.640715
1997.000000 0.594906
1998.000000 0.498517
1999.000000 0.587500
2000.000000 0.581176
2001.000000 0.575614
2002.000000 0.656229
2003.000000 0.524640
2004.000000 0.546733
2005.000000 0.452242
2006.000000 0.470761
2007.000000 0.535992
2008.000000 0.572769
2009.000000 0.595391
2010.000000 0.564975
2011.000000 0.548186
2012.000000 0.622000
2013.000000 0.670958
2014.000000 0.529841
2015.000000 0.471913
2016.000000 0.559583
2017.000000 0.489227
2018.000000 0.516090
2019.000000 0.657531
2020.000000 0.564170
2021.000000 0.498420
2022.000000 0.600711
2023.000000 0.589339
2024.000000 0.601377
2025.000000 0.546752
2026.000000 0.522276
2027.000000 0.469033
2028.000000 0.622394
2029.000000 0.506977
2030.000000 0.571096
2031.000000 0.332116
2032.000000 0.661372
2033.000000 0.473938
2034.000000 0.577756
2035.000000 0.664749
2036.000000 0.661472
2037.000000 0.644358
2038.000000 0.656419
2039.000000 0.614347
2040.000000 0.548442
2041.000000 0.541904
2042.000000 0.478454
2043.000000 0.522392
2044.000000 0.659187
2045.000000 0.615749
2046.000000 0.508622
2047.000000 0.571966
2048.000000 0.540860
2049.000000 0.597637
2050.000000 0.526376
2051.000000 0.674581
2052.000000 0.601786
2053.000000 0.392720
2054.000000 0.605638
2055.000000 0.565796
2056.000000 0.636153
2057.000000 0.426652
2058.000000 0.534229
2059.000000 0.584527
2060.000000 0.434776
2061.000000 0.507805
2062.000000 0.442277
2063.000000 0.451632
2064.000000 0.485445
2065.000000 0.512280
2066.000000 0.502551
2067.000000 0.603891
2068.000000 0.487694
2069.000000 0.619589
2070.000000 0.533699
2071.000000 0.535503
2072.000000 0.718138
2073.000000 0.451153
2074.000000 0.513628
2075.000000 0.611516
2076.000000 0.623939
2077.000000 0.403506
2078.000000 0.681137
2079.000000 0.587069
2080.000000 0.625682
2081.000000 0.575472
2082.000000 0.433836
2083.000000 0.556721
2084.000000 0.584130
2085.000000 0.693776
2086.000000 0.545204
2087.000000 0.575052
2088.000000 0.495465
2089.000000 0.528097
2090.000000 0.507445
2091.000000 0.558053
2092.000000 0.512996
2093.000000 0.585577
2094.000000 0.553965
2095.000000 0.435299
2096.000000 0.481126
2097.000000 0.487086
2098.000000 0.568740
2099.000000 0.516128
2100.000000 0.533590
2101.000000 0.627260
2102.000000 0.613266
2103.000000 0.571778
2104.000000 0.732677
2105.000000 0.613894
2106.000000 0.581656
2107.000000 0.607357
2108.000000 0.541380
2109.000000 0.516162
2110.000000 0.618907
2111.000000 0.539995
2112.000000 0.348512
2113.000000 0.477442
2114.000000 0.534866
2115.000000 0.672384
2116.000000 0.578589
2117.000000 0.624257
2118.000000 0.505029
2119.000000 0.474458
2120.000000 0.636494
2121.000000 0.629340
2122.000000 0.586827
2123.000000 0.568173
2124.000000 0.603291
2125.000000 0.568482
2126.000000 0.532883
2127.000000 0.608630
2128.000000 0.620294
2129.000000 0.633423
2130.000000 0.589784
2131.000000 0.607565
2132.000000 0.501310
2133.000000 0.502690
2134.000000 0.489158
2135.000000 0.575084
2136.000000 0.589334
2137.000000 0.431249
2138.000000 0.450180
2139.000000 0.491830
2140.000000 0.523884
2141.000000 0.487018
2142.000000 0.551251
2143.000000 0.569637
2144.000000 0.580134
2145.000000 0.421498
2146.000000 0.416519
2147.000000 0.607959
2148.000000 0.622917
2149.000000 0.725458
2150.000000 0.541161
2151.000000 0.452495
2152.000000 0.616464
2153.000000 0.566157
2154.000000 0.694321
2155.000000 0.614394
2156.000000 0.528266
2157.000000 0.503831
2158.000000 0.499762
2159.000000 0.577288
2160.000000 0.469017
2161.000000 0.572487
2162.000000 0.521032
2163.000000 0.479403
2164.000000 0.540498
2165.000000 0.518097
2166.000000 0.655054
2167.000000 0.659920
2168.000000 0.666427
2169.000000 0.601639
2170.000000 0.658314
2171.000000 0.542864
2172.000000 0.600632
2173.000000 0.642745
2174.000000 0.685311
2175.000000 0.588410
2176.000000 0.524237
2177.000000 0.645647
2178.000000 0.589769
2179.000000 0.551935
2180.000000 0.563409
2181.000000 0.575850
2182.000000 0.523279
2183.000000 0.540798
2184.000000 0.587389
2185.000000 0.457558
2186.000000 0.569605
2187.000000 0.567898
2188.000000 0.736413
2189.000000 0.653216
2190.000000 0.737840
2191.000000 0.589206
2192.000000 0.585280
2193.000000 0.581375
2194.000000 0.602021
2195.000000 0.628899
2196.000000 0.568640
2197.000000 0.555161
2198.000000 0.520728
2199.000000 0.573194
2200.000000 0.562200
2201.000000 0.709902
2202.000000 0.559883
2203.000000 0.541221
2204.000000 0.618098
2205.000000 0.522729
2206.000000 0.549303
2207.000000 0.623865
2208.000000 0.524019
2209.000000 0.599502
2210.000000 0.640076
2211.000000 0.377956
2212.000000 0.656546
2213.000000 0.704805
2214.000000 0.672813
2215.000000 0.469530
2216.000000 0.538428
2217.000000 0.643913
2218.000000 0.557862
2219.000000 0.526359
2220.000000 0.530902
2221.000000 0.631927
2222.000000 0.608618
2223.000000 0.545908
2224.000000 0.522715
2225.000000 0.549507
2226.000000 0.480965
2227.000000 0.600530
2228.000000 0.684021
2229.000000 0.593602
2230.000000 0.622424
2231.000000 0.593239
2232.000000 0.587302
2233.000000 0.555983
2234.000000 0.565478
2235.000000 0.588304
2236.000000 0.555939
2237.000000 0.498961
2238.000000 0.485709
2239.000000 0.515614
2240.000000 0.487789
2241.000000 0.504772
2242.000000 0.552448
2243.000000 0.550012
2244.000000 0.611864
2245.000000 0.495933
2246.000000 0.583577
2247.000000 0.395346
2248.000000 0.666856
2249.000000 0.684964
2250.000000 0.590672
2251.000000 0.385157
2252.000000 0.605521
2253.000000 0.592152
2254.000000 0.555537
2255.000000 0.584193
2256.000000 0.522079
2257.000000 0.579948
2258.000000 0.665912
2259.000000 0.553310
2260.000000 0.599814
2261.000000 0.594872
2262.000000 0.489245
2263.000000 0.538232
2264.000000 0.487685
2265.000000 0.640743
2266.000000 0.489355
2267.000000 0.734444
2268.000000 0.621187
2269.000000 0.516136
2270.000000 0.653652
2271.000000 0.593774
2272.000000 0.661523
2273.000000 0.601660
2274.000000 0.437049
2275.000000 0.650418
2276.000000 0.596134
2277.000000 0.462214
2278.000000 0.528799
2279.000000 0.569503
2280.000000 0.499880
2281.000000 0.679813
2282.000000 0.496748
2283.000000 0.449743
2284.000000 0.452435
2285.000000 0.640498
2286.000000 0.454577
2287.000000 0.648142
2288.000000 0.508763
2289.000000 0.535273
2290.000000 0.598271
2291.000000 0.605130
2292.000000 0.540295
2293.000000 0.655789
2294.000000 0.513797
2295.000000 0.549417
2296.000000 0.545038
2297.000000 0.593628
2298.000000 0.651216
2299.000000 0.585751
2300.000000 0.661562
2301.000000 0.652970
2302.000000 0.493914
2303.000000 0.613551
2304.000000 0.605605
2305.000000 0.498560
2306.000000 0.534745
2307.000000 0.682885
2308.000000 0.591817
2309.000000 0.560912
2310.000000 0.579560
2311.000000 0.608585
2312.000000 0.625375
2313.000000 0.494537
2314.000000 0.543672
2315.000000 0.498987
2316.000000 0.562558
2317.000000 0.543830
2318.000000 0.600110
2319.000000 0.473942
2320.000000 0.623211
2321.000000 0.523993
2322.000000 0.663345
2323.000000 0.513252
2324.000000 0.596408
2325.000000 0.545377
2326.000000 0.454498
2327.000000 0.479584
2328.000000 0.618747
2329.000000 0.477561
2330.000000 0.566829
2331.000000 0.548006
2332.000000 0.498921
2333.000000 0.467321
2334.000000 0.547636
2335.000000 0.543007
2336.000000 0.395790
2337.000000 0.628719
2338.000000 0.691654
2339.000000 0.582228
2340.000000 0.498493
2341.000000 0.595222
2342.000000 0.629145
2343.000000 0.565002
2344.000000 0.480523
2345.000000 0.468738
2346.000000 0.558444
2347.000000 0.608714
2348.000000 0.574884
2349.000000 0.536867
2350.000000 0.626977
2351.000000 0.642770
2352.000000 0.453860
2353.000000 0.461754
2354.000000 0.499416
2355.000000 0.572955
2356.000000 0.565153
2357.000000 0.488170
2358.000000 0.664630
2359.000000 0.617484
2360.000000 0.562343
2361.000000 0.511601
2362.000000 0.615554
2363.000000 0.556900
2364.000000 0.468478
2365.000000 0.539084
2366.000000 0.605966
2367.000000 0.517425
2368.000000 0.608473
2369.000000 0.566944
2370.000000 0.609831
2371.000000 0.559985
2372.000000 0.581944
2373.000000 0.490488
2374.000000 0.501641
2375.000000 0.519906
2376.000000 0.499941
2377.000000 0.502118
2378.000000 0.519653
2379.000000 0.667539
2380.000000 0.611772
2381.000000 0.529398
2382.000000 0.517437
2383.000000 0.536144
2384.000000 0.627651
2385.000000 0.589350
2386.000000 0.633933
2387.000000 0.589273
2388.000000 0.469058
2389.000000 0.612776
2390.000000 0.580765
2391.000000 0.590032
2392.000000 0.523094
2393.000000 0.542260
2394.000000 0.591707
2395.000000 0.628358
2396.000000 0.617785
2397.000000 0.527938
2398.000000 0.492060
2399.000000 0.514466
2400.000000 0.629569
2401.000000 0.566773
2402.000000 0.625515
2403.000000 0.592204
2404.000000 0.616374
2405.000000 0.642525
2406.000000 0.562103
2407.000000 0.595367
2408.000000 0.453861
2409.000000 0.621461
2410.000000 0.641617
2411.000000 0.588514
2412.000000 0.596242
2413.000000 0.517120
2414.000000 0.572999
2415.000000 0.468349
2416.000000 0.507519
2417.000000 0.560264
2418.000000 0.610451
2419.000000 0.596216
2420.000000 0.725458
2421.000000 0.543775
2422.000000 0.531139
2423.000000 0.573477
2424.000000 0.435545
2425.000000 0.523609
2426.000000 0.510819
2427.000000 0.672659
2428.000000 0.582137
2429.000000 0.596541
2430.000000 0.454121
2431.000000 0.542701
2432.000000 0.606092
2433.000000 0.633577
2434.000000 0.497315
2435.000000 0.518370
2436.000000 0.603041
2437.000000 0.565968
2438.000000 0.495992
2439.000000 0.595406
2440.000000 0.587410
2441.000000 0.547463
2442.000000 0.505877
2443.000000 0.521618
2444.000000 0.511931
2445.000000 0.615550
2446.000000 0.571484
2447.000000 0.501609
2448.000000 0.493363
2449.000000 0.559132
2450.000000 0.622598
2451.000000 0.667010
2452.000000 0.577349
2453.000000 0.608459
2454.000000 0.517250
2455.000000 0.404669
2456.000000 0.492990
2457.000000 0.601543
2458.000000 0.568149
2459.000000 0.580293
2460.000000 0.549756
2461.000000 0.516824
2462.000000 0.564671
2463.000000 0.508097
2464.000000 0.564976
2465.000000 0.636188
2466.000000 0.639111
2467.000000 0.523972
2468.000000 0.442564
2469.000000 0.578780
2470.000000 0.508557
2471.000000 0.588884
2472.000000 0.518605
2473.000000 0.506549
2474.000000 0.582555
2475.000000 0.516936
2476.000000 0.674770
2477.000000 0.620487
2478.000000 0.418142
2479.000000 0.672887
2480.000000 0.625601
2481.000000 0.591885
2482.000000 0.696422
2483.000000 0.632465
2484.000000 0.551817
2485.000000 0.636169
2486.000000 0.665579
2487.000000 0.551790
2488.000000 0.534040
2489.000000 0.658980
2490.000000 0.491226
2491.000000 0.631861
2492.000000 0.509214
2493.000000 0.664939
2494.000000 0.600716
2495.000000 0.523343
2496.000000 0.554972
2497.000000 0.585593
2498.000000 0.623060
2499.000000 0.744043
2500.000000 0.545466
2501.000000 0.500679
2502.000000 0.485995
2503.000000 0.640253
2504.000000 0.598878
2505.000000 0.547631
2506.000000 0.562263
2507.000000 0.557857
2508.000000 0.517801
2509.000000 0.482162
2510.000000 0.465456
2511.000000 0.545923
2512.000000 0.638727
2513.000000 0.465862
2514.000000 0.503628
2515.000000 0.637488
2516.000000 0.568839
2517.000000 0.526166
2518.000000 0.628944
2519.000000 0.490704
2520.000000 0.478840
2521.000000 0.538904
2522.000000 0.502541
2523.000000 0.654982
2524.000000 0.602157
2525.000000 0.491672
2526.000000 0.570168
2527.000000 0.624854
2528.000000 0.569782
2529.000000 0.636261
2530.000000 0.614659
2531.000000 0.571050
2532.000000 0.585661
2533.000000 0.604085
2534.000000 0.688086
2535.000000 0.684112
2536.000000 0.549291
2537.000000 0.636954
2538.000000 0.623938
2539.000000 0.514111
2540.000000 0.584371
2541.000000 0.473246
2542.000000 0.707694
2543.000000 0.528972
2544.000000 0.517245
2545.000000 0.629981
2546.000000 0.644935
2547.000000 0.470739
2548.000000 0.562706
2549.000000 0.604570
2550.000000 0.490559
2551.000000 0.541090
2552.000000 0.450474
2553.000000 0.717662
2554.000000 0.572219
2555.000000 0.667086
2556.000000 0.430214
2557.000000 0.529947
2558.000000 0.587041
2559.000000 0.506900
2560.000000 0.569275
2561.000000 0.575466
2562.000000 0.664586
2563.000000 0.707993
2564.000000 0.676767
2565.000000 0.515050
2566.000000 0.530867
2567.000000 0.636453
2568.000000 0.671530
2569.000000 0.545296
2570.000000 0.453408
2571.000000 0.480282
2572.000000 0.581580
2573.000000 0.540216
2574.000000 0.438737
2575.000000 0.693916
2576.000000 0.596127
2577.000000 0.466404
2578.000000 0.483797
2579.000000 0.504513
2580.000000 0.521103
2581.000000 0.564577
2582.000000 0.559967
2583.000000 0.653285
2584.000000 0.552452
2585.000000 0.600236
2586.000000 0.574417
2587.000000 0.546247
2588.000000 0.574507
2589.000000 0.653422
2590.000000 0.588424
2591.000000 0.507215
2592.000000 0.622517
2593.000000 0.694254
2594.000000 0.542008
2595.000000 0.572345
2596.000000 0.496363
2597.000000 0.618959
2598.000000 0.579596
2599.000000 0.631858
2600.000000 0.619108
2601.000000 0.514603
2602.000000 0.565967
2603.000000 0.563284
2604.000000 0.643784
2605.000000 0.539289
2606.000000 0.650037
2607.000000 0.600307
2608.000000 0.540427
2609.000000 0.679982
2610.000000 0.486594
2611.000000 0.655417
2612.000000 0.447257
2613.000000 0.457218
2614.000000 0.509518
2615.000000 0.613055
2616.000000 0.603286
2617.000000 0.551939
2618.000000 0.516361
2619.000000 0.536189
2620.000000 0.568061
2621.000000 0.609656
2622.000000 0.598142
2623.000000 0.515963
2624.000000 0.658139
2625.000000 0.665395
2626.000000 0.520858
2627.000000 0.537728
2628.000000 0.702630
2629.000000 0.585442
2630.000000 0.618932
2631.000000 0.512180
2632.000000 0.625409
2633.000000 0.507377
2634.000000 0.479757
2635.000000 0.724182
2636.000000 0.629968
2637.000000 0.412056
2638.000000 0.613195
2639.000000 0.585363
2640.000000 0.518073
2641.000000 0.469885
2642.000000 0.534359
2643.000000 0.653874
2644.000000 0.599170
2645.000000 0.695547
2646.000000 0.538227
2647.000000 0.507927
2648.000000 0.475595
2649.000000 0.605515
2650.000000 0.624848
2651.000000 0.613733
2652.000000 0.485647
2653.000000 0.503714
2654.000000 0.594284
2655.000000 0.619528
2656.000000 0.503505
2657.000000 0.521762
2658.000000 0.567902
2659.000000 0.454291
2660.000000 0.534262
2661.000000 0.625807
2662.000000 0.516877
2663.000000 0.595676
2664.000000 0.580689
2665.000000 0.645985
2666.000000 0.632324
2667.000000 0.635928
2668.000000 0.628182
2669.000000 0.494503
2670.000000 0.611931
2671.000000 0.572381
2672.000000 0.520275
2673.000000 0.669747
2674.000000 0.558719
2675.000000 0.519162
2676.000000 0.602864
2677.000000 0.597881
2678.000000 0.605512
2679.000000 0.534981
2680.000000 0.608261
2681.000000 0.502332
2682.000000 0.685018
2683.000000 0.573718
2684.000000 0.588726
2685.000000 0.618880
2686.000000 0.565241
2687.000000 0.493101
2688.000000 0.587685
2689.000000 0.698696
2690.000000 0.568761
2691.000000 0.513579
2692.000000 0.593753
2693.000000 0.540555
2694.000000 0.484970
2695.000000 0.662594
2696.000000 0.490956
2697.000000 0.434710
2698.000000 0.520529
2699.000000 0.724478
2700.000000 0.740878
2701.000000 0.545278
2702.000000 0.697556
2703.000000 0.652643
2704.000000 0.558392
2705.000000 0.530535
2706.000000 0.687216
2707.000000 0.518004
2708.000000 0.527787
2709.000000 0.527010
2710.000000 0.509582
2711.000000 0.580979
2712.000000 0.670645
2713.000000 0.562689
2714.000000 0.527884
2715.000000 0.535871
2716.000000 0.579208
2717.000000 0.673317
2718.000000 0.558585
2719.000000 0.570178
2720.000000 0.568534
2721.000000 0.438911
2722.000000 0.542278
2723.000000 0.589388
2724.000000 0.611671
2725.000000 0.688767
2726.000000 0.569446
2727.000000 0.594514
2728.000000 0.616575
2729.000000 0.456550
2730.000000 0.660908
2731.000000 0.495459
2732.000000 0.650876
2733.000000 0.435935
2734.000000 0.512574
2735.000000 0.604055
2736.000000 0.614321
2737.000000 0.540419
2738.000000 0.613730
2739.000000 0.487921
2740.000000 0.559285
2741.000000 0.643049
2742.000000 0.504611
2743.000000 0.556133
2744.000000 0.538575
2745.000000 0.597373
2746.000000 0.559535
2747.000000 0.547293
2748.000000 0.634496
2749.000000 0.537923
2750.000000 0.490137
2751.000000 0.633199
2752.000000 0.514743
2753.000000 0.517814
2754.000000 0.622248
2755.000000 0.501047
2756.000000 0.561136
2757.000000 0.526748
2758.000000 0.538532
2759.000000 0.609280
2760.000000 0.597172
2761.000000 0.551065
2762.000000 0.567330
2763.000000 0.628959
2764.000000 0.615921
2765.000000 0.652387
2766.000000 0.592254
2767.000000 0.606624
2768.000000 0.552641
2769.000000 0.626077
2770.000000 0.503900
2771.000000 0.616581
2772.000000 0.570947
2773.000000 0.461782
2774.000000 0.605031
2775.000000 0.610447
2776.000000 0.649681
2777.000000 0.493679
2778.000000 0.500617
2779.000000 0.562317
2780.000000 0.462786
2781.000000 0.391576
2782.000000 0.453605
2783.000000 0.378058
2784.000000 0.551491
2785.000000 0.587997
2786.000000 0.599093
2787.000000 0.579785
2788.000000 0.605488
2789.000000 0.527961
2790.000000 0.545619
2791.000000 0.741724
2792.000000 0.625198
2793.000000 0.663829
2794.000000 0.688234
2795.000000 0.477546
2796.000000 0.651927
2797.000000 0.537026
2798.000000 0.548805
2799.000000 0.479307
2800.000000 0.544853
2801.000000 0.682923
2802.000000 0.673394
2803.000000 0.603912
2804.000000 0.503733
2805.000000 0.543678
2806.000000 0.532035
2807.000000 0.718033
2808.000000 0.580601
2809.000000 0.557534
2810.000000 0.418112
2811.000000 0.488327
2812.000000 0.565572
2813.000000 0.628654
2814.000000 0.592968
2815.000000 0.597136
2816.000000 0.558865
2817.000000 0.538414
2818.000000 0.550310
2819.000000 0.458468
2820.000000 0.427688
2821.000000 0.530742
2822.000000 0.546166
2823.000000 0.557905
2824.000000 0.496646
2825.000000 0.649412
2826.000000 0.573149
2827.000000 0.601562
2828.000000 0.572862
2829.000000 0.626000
2830.000000 0.569301
2831.000000 0.407249
2832.000000 0.491540
2833.000000 0.602334
2834.000000 0.461844
2835.000000 0.559331
2836.000000 0.690678
2837.000000 0.555153
2838.000000 0.523477
2839.000000 0.561582
2840.000000 0.624710
2841.000000 0.623924
2842.000000 0.478543
2843.000000 0.410980
2844.000000 0.703099
2845.000000 0.597249
2846.000000 0.501336
2847.000000 0.585528
2848.000000 0.538099
2849.000000 0.647316
2850.000000 0.560610
2851.000000 0.543259
2852.000000 0.627551
2853.000000 0.697373
2854.000000 0.565886
2855.000000 0.467566
2856.000000 0.598255
2857.000000 0.689294
2858.000000 0.522971
2859.000000 0.559981
2860.000000 0.389019
2861.000000 0.534877
2862.000000 0.533904
2863.000000 0.572845
2864.000000 0.632310
2865.000000 0.437983
2866.000000 0.323387
2867.000000 0.535543
2868.000000 0.633082
2869.000000 0.657569
2870.000000 0.507524
2871.000000 0.588120
2872.000000 0.616548
2873.000000 0.600347
2874.000000 0.506878
2875.000000 0.551851
2876.000000 0.539689
2877.000000 0.560847
2878.000000 0.546751
2879.000000 0.429585
2880.000000 0.501815
2881.000000 0.575065
2882.000000 0.560982
2883.000000 0.515248
2884.000000 0.702378
2885.000000 0.571914
2886.000000 0.562879
2887.000000 0.628981
2888.000000 0.455967
2889.000000 0.671144
2890.000000 0.659773
2891.000000 0.531392
2892.000000 0.650569
2893.000000 0.665491
2894.000000 0.504076
2895.000000 0.655874
2896.000000 0.491499
2897.000000 0.560556
2898.000000 0.646180
2899.000000 0.622159
2900.000000 0.621180
2901.000000 0.635035
2902.000000 0.536068
2903.000000 0.589623
2904.000000 0.620477
2905.000000 0.553351
2906.000000 0.598947
2907.000000 0.622522
2908.000000 0.660874
2909.000000 0.574868
2910.000000 0.593624
2911.000000 0.640797
2912.000000 0.464867
2913.000000 0.540208
2914.000000 0.589285
2915.000000 0.592279
2916.000000 0.699850
2917.000000 0.657782
2918.000000 0.628331
2919.000000 0.638269
2920.000000 0.475883
2921.000000 0.748977
2922.000000 0.641885
2923.000000 0.558424
2924.000000 0.718569
2925.000000 0.688384
2926.000000 0.637236
2927.000000 0.595350
2928.000000 0.492549
2929.000000 0.588648
2930.000000 0.518724
2931.000000 0.606821
2932.000000 0.514757
2933.000000 0.489442
2934.000000 0.718796
2935.000000 0.624308
2936.000000 0.610979
2937.000000 0.598738
2938.000000 0.537221
2939.000000 0.602885
2940.000000 0.512877
2941.000000 0.621915
2942.000000 0.609952
2943.000000 0.539830
2944.000000 0.630684
2945.000000 0.623275
2946.000000 0.542709
2947.000000 0.564693
2948.000000 0.622769
2949.000000 0.601202
2950.000000 0.696871
2951.000000 0.628580
2952.000000 0.677293
2953.000000 0.550930
2954.000000 0.606567
2955.000000 0.516475
2956.000000 0.520574
2957.000000 0.558119
2958.000000 0.537902
2959.000000 0.552881
2960.000000 0.526520
2961.000000 0.550532
2962.000000 0.626444
2963.000000 0.613199
2964.000000 0.558274
2965.000000 0.489757
2966.000000 0.741647
2967.000000 0.588875
2968.000000 0.563000
2969.000000 0.612812
2970.000000 0.470902
2971.000000 0.607127
2972.000000 0.593822
2973.000000 0.540928
2974.000000 0.482167
2975.000000 0.536494
2976.000000 0.617399
2977.000000 0.454544
2978.000000 0.459645
2979.000000 0.558636
2980.000000 0.494589
2981.000000 0.515380
2982.000000 0.505235
2983.000000 0.497853
2984.000000 0.531938
2985.000000 0.532251
2986.000000 0.663134
2987.000000 0.564958
2988.000000 0.401036
2989.000000 0.544695
2990.000000 0.569510
2991.000000 0.527799
2992.000000 0.649032
2993.000000 0.616774
2994.000000 0.412966
2995.000000 0.574709
2996.000000 0.585134
2997.000000 0.555193
2998.000000 0.610880
2999.000000 0.706253
3000.000000 0.620224
