0.000000 0.164957
1.000000 0.128269
2.000000 0.230949
3.000000 0.046738
4.000000 0.098250
5.000000 0.290112
6.000000 0.152784
7.000000 0.188861
8.000000 0.009750
9.000000 0.130451
10.000000 0.094628
11.000000 0.075118
12.000000 0.060289
13.000000 0.191600
14.000000 0.211495
15.000000 0.140537
16.000000 0.089880
17.000000 0.094557
18.000000 0.179737
19.000000 0.231429
20.000000 0.221601
21.000000 0.169556
22.000000 0.243681
23.000000 0.162396
24.000000 0.073438
25.000000 0.028587
26.000000 0.148168
27.000000 0.052294
28.000000 0.191008
29.000000 0.246746
30.000000 0.154500
31.000000 0.087175
32.000000 0.175291
33.000000 0.305636
34.000000 0.353571
35.000000 0.154861
36.000000 0.115076
37.000000 0.110312
38.000000 0.018058
39.000000 0.073478
40.000000 0.340504
41.000000 0.171479
42.000000 0.195674
43.000000 0.263926
44.000000 0.142771
45.000000 0.189291
46.000000 0.120120
47.000000 0.124554
48.000000 0.072462
49.000000 0.073596
50.000000 0.181121
51.000000 0.128991
52.000000 0.038982
53.000000 0.054792
54.000000 0.217497
55.000000 0.138669
56.000000 0.121134
57.000000 0.149838
58.000000 0.122714
59.000000 0.145636
60.000000 0.190258
61.000000 0.103919
62.000000 0.020235
63.000000 0.097274
64.000000 0.217385
65.000000 0.218680
66.000000 0.129496
67.000000 0.255826
68.000000 0.172114
69.000000 0.058809
70.000000 0.070382
71.000000 0.094270
72.000000 0.111067
73.000000 0.103542
74.000000 0.041797
75.000000 0.130270
76.000000 0.052882
77.000000 0.071207
78.000000 0.082189
79.000000 0.138490
80.000000 0.103932
81.000000 0.177324
82.000000 0.031545
83.000000 0.113946
84.000000 0.251406
85.000000 0.212449
86.000000 0.329717
87.000000 0.103341
88.000000 0.125449
89.000000 0.134316
90.000000 0.217414
91.000000 0.118947
92.000000 0.092792
93.000000 0.103791
94.000000 0.209491
95.000000 0.134159
96.000000 0.053826
97.000000 0.079315
98.000000 0.125744
99.000000 0.027671
100.000000 0.100429
101.000000 0.121188
102.000000 0.198714
103.000000 0.118257
104.000000 0.253130
105.000000 0.115693
106.000000 0.216252
107.000000 0.339441
108.000000 0.245849
109.000000 0.339478
110.000000 0.261699
111.000000 0.187779
112.000000 0.073332
113.000000 0.142752
114.000000 0.153000
115.000000 0.144292
116.000000 0.142796
117.000000 0.144664
118.000000 0.055535
119.000000 0.017152
120.000000 0.171865
121.000000 0.220721
122.000000 0.097503
123.000000 0.025316
124.000000 0.187184
125.000000 0.078820
126.000000 0.102072
127.000000 0.073321
128.000000 0.116770
129.000000 0.139373
130.000000 0.097076
131.000000 0.059046
132.000000 0.202098
133.000000 0.186298
134.000000 0.082669
135.000000 0.189441
136.000000 0.153240
137.000000 0.029687
138.000000 0.044057
139.000000 0.068457
140.000000 0.173215
141.000000 0.278870
142.000000 0.147577
143.000000 0.096125
144.000000 0.142616
145.000000 0.099606
146.000000 0.319421
147.000000 0.167027
148.000000 0.065958
149.000000 0.207943
150.000000 0.320318
151.000000 0.059772
152.000000 0.089061
153.000000 0.036575
154.000000 0.133028
155.000000 0.116286
156.000000 0.128630
157.000000 0.070134
158.000000 0.009140
159.000000 0.053298
160.000000 0.169610
161.000000 0.179291
162.000000 0.282665
163.000000 0.262934
164.000000 0.194940
165.000000 0.145885
166.000000 0.167272
167.000000 0.264336
168.000000 0.113760
169.000000 0.143965
170.000000 0.240684
171.000000 0.147151
172.000000 0.059818
173.000000 0.152747
174.000000 0.152002
175.000000 0.071724
176.000000 0.290864
177.000000 0.166426
178.000000 0.210465
179.000000 0.175434
180.000000 0.126466
181.000000 0.180819
182.000000 0.187876
183.000000 0.080047
184.000000 0.235801
185.000000 0.261753
186.000000 0.222129
187.000000 0.063362
188.000000 0.024539
189.000000 0.067757
190.000000 0.197239
191.000000 0.058734
192.000000 0.200119
193.000000 0.101631
194.000000 0.099672
195.000000 0.227901
196.000000 0.115343
197.000000 0.276592
198.000000 0.056674
199.000000 0.109622
200.000000 0.150593
201.000000 0.334480
202.000000 0.244081
203.000000 0.184413
204.000000 0.159710
205.000000 0.096828
206.000000 0.131346
207.000000 0.327250
208.000000 0.146775
209.000000 0.076252
210.000000 0.136055
211.000000 0.228798
212.000000 0.251082
213.000000 0.214382
214.000000 0.092785
215.000000 0.235883
216.000000 0.211284
217.000000 0.131364
218.000000 0.089297
219.000000 0.182863
220.000000 0.093407
221.000000 0.211848
222.000000 0.280809
223.000000 0.146917
224.000000 0.219539
225.000000 0.354072
226.000000 0.201980
227.000000 0.107461
228.000000 0.113987
229.000000 0.274243
230.000000 0.188828
231.000000 0.101021
232.000000 0.040687
233.000000 0.049659
234.000000 0.109821
235.000000 0.198812
236.000000 0.216406
237.000000 0.132718
238.000000 0.058158
239.000000 0.141785
240.000000 0.034122
241.000000 0.037793
242.000000 0.012658
243.000000 0.116060
244.000000 0.019360
245.000000 0.100735
246.000000 0.108360
247.000000 0.048976
248.000000 0.069072
249.000000 0.049910
250.000000 0.005999
251.000000 0.101877
252.000000 0.093434
253.000000 0.080577
254.000000 0.211558
255.000000 0.255965
256.000000 0.114747
257.000000 0.121695
258.000000 0.079519
259.000000 0.238363
260.000000 0.150199
261.000000 0.120752
262.000000 0.183958
263.000000 0.028088
264.000000 0.085580
265.000000 0.193342
266.000000 0.145685
267.000000 0.159652
268.000000 0.166868
269.000000 0.135231
270.000000 0.152131
271.000000 0.098093
272.000000 0.107449
273.000000 0.025368
274.000000 0.069520
275.000000 0.164601
276.000000 0.079261
277.000000 0.129290
278.000000 0.080090
279.000000 0.103001
280.000000 0.038783
281.000000 0.111235
282.000000 0.155937
283.000000 0.109132
284.000000 0.129099
285.000000 0.115357
286.000000 0.238925
287.000000 0.204134
288.000000 0.203026
289.000000 0.196505
290.000000 0.134622
291.000000 0.180304
292.000000 0.048095
293.000000 0.106211
294.000000 0.121730
295.000000 0.045397
296.000000 0.062841
297.000000 0.096820
298.000000 0.029866
299.000000 0.074003
300.000000 0.138969
301.000000 0.081862
302.000000 0.068407
303.000000 0.055099
304.000000 0.099117
305.000000 0.061903
306.000000 0.169410
307.000000 0.051992
308.000000 0.190979
309.000000 0.052685
310.000000 0.163414
311.000000 0.157768
312.000000 0.271639
313.000000 0.226900
314.000000 0.133262
315.000000 0.217450
316.000000 0.130303
317.000000 0.173858
318.000000 0.130906
319.000000 0.063031
320.000000 0.156544
321.000000 0.054846
322.000000 0.138636
323.000000 0.098056
324.000000 0.056268
325.000000 0.164125
326.000000 0.132823
327.000000 0.092636
328.000000 0.013606
329.000000 0.040822
330.000000 0.054727
331.000000 0.143510
332.000000 0.207640
333.000000 0.147003
334.000000 0.161517
335.000000 0.157124
336.000000 0.124288
337.000000 0.135494
338.000000 0.206924
339.000000 0.186287
340.000000 0.140590
341.000000 0.111656
342.000000 0.132819
343.000000 0.038390
344.000000 0.107250
345.000000 0.181924
346.000000 0.173130
347.000000 0.149251
348.000000 0.056111
349.000000 0.124079
350.000000 0.160881
351.000000 0.069320
352.000000 0.145085
353.000000 0.186083
354.000000 0.089488
355.000000 0.113338
356.000000 0.193184
357.000000 0.042428
358.000000 0.124272
359.000000 0.039650
360.000000 0.118688
361.000000 0.131914
362.000000 0.068782
363.000000 0.192234
364.000000 0.209846
365.000000 0.187149
366.000000 0.071101
367.000000 0.103707
368.000000 0.166259
369.000000 0.256279
370.000000 0.047658
371.000000 0.040615
372.000000 0.055252
373.000000 0.215598
374.000000 0.149742
375.000000 0.232936
376.000000 0.112413
377.000000 0.085535
378.000000 0.058937
379.000000 0.130284
380.000000 0.078732
381.000000 0.079809
382.000000 0.114075
383.000000 0.117244
384.000000 0.123165
385.000000 0.081859
386.000000 0.281250
387.000000 0.191270
388.000000 0.178807
389.000000 0.161708
390.000000 0.216431
391.000000 0.098041
392.000000 0.198585
393.000000 0.198001
394.000000 0.142519
395.000000 0.252454
396.000000 0.335295
397.000000 0.127821
398.000000 0.189755
399.000000 0.208862
400.000000 0.160535
401.000000 0.141254
402.000000 0.070168
403.000000 0.223272
404.000000 0.054002
405.000000 0.049172
406.000000 0.127287
407.000000 0.089400
408.000000 0.212178
409.000000 0.264750
410.000000 0.276408
411.000000 0.334263
412.000000 0.277500
413.000000 0.182127
414.000000 0.031114
415.000000 0.112091
416.000000 0.164985
417.000000 0.117945
418.000000 0.131308
419.000000 0.020629
420.000000 0.096925
421.000000 0.124266
422.000000 0.037602
423.000000 0.198625
424.000000 0.108646
425.000000 0.227750
426.000000 0.034534
427.000000 0.064655
428.000000 0.206995
429.000000 0.110495
430.000000 0.236333
431.000000 0.162307
432.000000 0.050777
433.000000 0.090268
434.000000 0.072210
435.000000 0.069756
436.000000 0.043419
437.000000 0.060857
438.000000 0.095859
439.000000 0.122422
440.000000 0.154215
441.000000 0.063690
442.000000 0.070207
443.000000 0.092312
444.000000 0.097566
445.000000 0.058639
446.000000 0.071825
447.000000 0.222772
448.000000 0.390885
449.000000 0.069706
450.000000 0.208017
451.000000 0.210688
452.000000 0.156788
453.000000 0.021232
454.000000 0.089523
455.000000 0.132078
456.000000 0.073016
457.000000 0.121080
458.000000 0.055341
459.000000 0.131419
460.000000 0.200099
461.000000 0.014848
462.000000 0.250044
463.000000 0.091316
464.000000 0.051526
465.000000 0.047915
466.000000 0.203274
467.000000 0.151400
468.000000 0.124453
469.000000 0.154526
470.000000 0.123210
471.000000 0.173451
472.000000 0.123943
473.000000 0.027321
474.000000 0.159406
475.000000 0.255773
476.000000 0.060680
477.000000 0.218607
478.000000 0.150412
479.000000 0.234804
480.000000 0.262044
481.000000 0.025459
482.000000 0.090335
483.000000 0.061693
484.000000 0.144926
485.000000 0.135215
486.000000 0.139217
487.000000 0.066308
488.000000 0.165968
489.000000 0.243463
490.000000 0.198314
491.000000 0.114082
492.000000 0.163033
493.000000 0.120517
494.000000 0.253151
495.000000 0.026503
496.000000 0.058058
497.000000 0.095201
498.000000 0.137457
499.000000 0.040548
500.000000 0.069237
501.000000 0.102693
502.000000 0.241394
503.000000 0.366027
504.000000 0.217672
505.000000 0.131382
506.000000 0.139357
507.000000 0.110754
508.000000 0.236212
509.000000 0.185112
510.000000 0.214049
511.000000 0.106188
512.000000 0.035454
513.000000 0.082271
514.000000 0.049667
515.000000 0.062483
516.000000 0.033074
517.000000 0.212707
518.000000 0.188910
519.000000 0.119251
520.000000 0.059546
521.000000 0.160067
522.000000 0.029483
523.000000 0.047645
524.000000 0.151261
525.000000 0.081183
526.000000 0.010886
527.000000 0.060142
528.000000 0.148533
529.000000 0.052117
530.000000 0.106634
531.000000 0.170632
532.000000 0.237321
533.000000 0.156605
534.000000 0.200915
535.000000 0.144366
536.000000 0.072891
537.000000 0.143311
538.000000 0.184393
539.000000 0.085219
540.000000 0.149826
541.000000 0.136455
542.000000 0.071899
543.000000 0.244091
544.000000 0.187310
545.000000 0.133100
546.000000 0.148648
547.000000 0.120108
548.000000 0.155347
549.000000 0.111635
550.000000 0.035100
551.000000 0.079222
552.000000 0.096059
553.000000 0.132687
554.000000 0.233381
555.000000 0.149876
556.000000 0.178981
557.000000 0.324293
558.000000 0.055558
559.000000 0.106861
560.000000 0.122723
561.000000 0.118016
562.000000 0.108961
563.000000 0.043305
564.000000 0.107662
565.000000 0.044821
566.000000 0.157853
567.000000 0.265689
568.000000 0.080329
569.000000 0.117359
570.000000 0.147722
571.000000 0.104272
572.000000 0.045410
573.000000 0.103589
574.000000 0.082419
575.000000 0.200295
576.000000 0.235181
577.000000 0.061117
578.000000 0.079002
579.000000 0.275679
580.000000 0.143967
581.000000 0.151180
582.000000 0.177155
583.000000 0.155970
584.000000 0.141106
585.000000 0.204454
586.000000 0.060553
587.000000 0.160811
588.000000 0.139708
589.000000 0.198953
590.000000 0.142814
591.000000 0.094341
592.000000 0.252522
593.000000 0.028554
594.000000 0.182927
595.000000 0.056203
596.000000 0.178655
597.000000 0.078618
598.000000 0.070546
599.000000 0.227156
600.000000 0.122522
601.000000 0.095613
602.000000 0.044014
603.000000 0.073418
604.000000 0.208029
605.000000 0.199394
606.000000 0.062573
607.000000 0.061302
608.000000 0.079953
609.000000 0.011109
610.000000 0.077814
611.000000 0.073085
612.000000 0.072293
613.000000 0.128506
614.000000 0.178935
615.000000 0.109188
616.000000 0.052879
617.000000 0.170066
618.000000 0.200799
619.000000 0.062830
620.000000 0.047135
621.000000 0.132605
622.000000 0.318263
623.000000 0.102605
624.000000 0.056087
625.000000 0.040511
626.000000 0.182771
627.000000 0.055830
628.000000 0.077053
629.000000 0.278430
630.000000 0.147082
631.000000 0.298023
632.000000 0.211413
633.000000 0.080295
634.000000 0.099263
635.000000 0.051951
636.000000 0.103805
637.000000 0.203040
638.000000 0.121441
639.000000 0.087335
640.000000 0.133131
641.000000 0.083625
642.000000 0.108437
643.000000 0.114880
644.000000 0.105771
645.000000 0.097110
646.000000 0.330061
647.000000 0.217755
648.000000 0.200594
649.000000 0.183688
650.000000 0.108051
651.000000 0.073378
652.000000 0.101381
653.000000 0.167599
654.000000 0.251448
655.000000 0.058235
656.000000 0.083360
657.000000 0.152198
658.000000 0.113691
659.000000 0.095482
660.000000 0.050102
661.000000 0.111907
662.000000 0.101320
663.000000 0.146010
664.000000 0.083858
665.000000 0.162235
666.000000 0.112147
667.000000 0.089977
668.000000 0.198021
669.000000 0.212327
670.000000 0.240690
671.000000 0.281323
672.000000 0.028406
673.000000 0.197141
674.000000 0.067949
675.000000 0.040770
676.000000 0.248914
677.000000 0.166397
678.000000 0.109164
679.000000 0.097039
680.000000 0.111520
681.000000 0.177278
682.000000 0.283321
683.000000 0.097019
684.000000 0.034966
685.000000 0.049373
686.000000 0.143061
687.000000 0.175184
688.000000 0.150730
689.000000 0.039180
690.000000 0.107482
691.000000 0.059496
692.000000 0.099265
693.000000 0.045181
694.000000 0.025586
695.000000 0.201165
696.000000 0.149700
697.000000 0.192189
698.000000 0.224514
699.000000 0.205653
700.000000 0.027367
701.000000 0.347627
702.000000 0.047958
703.000000 0.083802
704.000000 0.053616
705.000000 0.108114
706.000000 0.031991
707.000000 0.057172
708.000000 0.089829
709.000000 0.030980
710.000000 0.302107
711.000000 0.033195
712.000000 0.075042
713.000000 0.097071
714.000000 0.069175
715.000000 0.064859
716.000000 0.280043
717.000000 0.218638
718.000000 0.391621
719.000000 0.222267
720.000000 0.103548
721.000000 0.102659
722.000000 0.127514
723.000000 0.134052
724.000000 0.117922
725.000000 0.157985
726.000000 0.229271
727.000000 0.019493
728.000000 0.164155
729.000000 0.014797
730.000000 0.179428
731.000000 0.145781
732.000000 0.081380
733.000000 0.094766
734.000000 0.165186
735.000000 0.102148
736.000000 0.161284
737.000000 0.011414
738.000000 0.095571
739.000000 0.122527
740.000000 0.026726
741.000000 0.140246
742.000000 0.141415
743.000000 0.165448
744.000000 0.075806
745.000000 0.234466
746.000000 0.066170
747.000000 0.078407
748.000000 0.083527
749.000000 0.216329
750.000000 0.305636
751.000000 0.196337
752.000000 0.074669
753.000000 0.121456
754.000000 0.259347
755.000000 0.291279
756.000000 0.163933
757.000000 0.231655
758.000000 0.168121
759.000000 0.071377
760.000000 0.061663
761.000000 0.189666
762.000000 0.181151
763.000000 0.164876
764.000000 0.013551
765.000000 0.231630
766.000000 0.350645
767.000000 0.160225
768.000000 0.186836
769.000000 0.038088
770.000000 0.101841
771.000000 0.143757
772.000000 0.207979
773.000000 0.199942
774.000000 0.287164
775.000000 0.248684
776.000000 0.260405
777.000000 0.115804
778.000000 0.100367
779.000000 0.075545
780.000000 0.035718
781.000000 0.246104
782.000000 0.159215
783.000000 0.079126
784.000000 0.126068
785.000000 0.144406
786.000000 0.027470
787.000000 0.090385
788.000000 0.072051
789.000000 0.054282
790.000000 0.128883
791.000000 0.017007
792.000000 0.096580
793.000000 0.083029
794.000000 0.223606
795.000000 0.147288
796.000000 0.178545
797.000000 0.196324
798.000000 0.052523
799.000000 0.023324
800.000000 0.145330
801.000000 0.125382
802.000000 0.062346
803.000000 0.168694
804.000000 0.157788
805.000000 0.154562
806.000000 0.045764
807.000000 0.104523
808.000000 0.119143
809.000000 0.072703
810.000000 0.080880
811.000000 0.134496
812.000000 0.211579
813.000000 0.258753
814.000000 0.202682
815.000000 0.057981
816.000000 0.163627
817.000000 0.030250
818.000000 0.085274
819.000000 0.071645
820.000000 0.121146
821.000000 0.154358
822.000000 0.143091
823.000000 0.230158
824.000000 0.236255
825.000000 0.150814
826.000000 0.147038
827.000000 0.128284
828.000000 0.202118
829.000000 0.154227
830.000000 0.089083
831.000000 0.256227
832.000000 0.078537
833.000000 0.104991
834.000000 0.041488
835.000000 0.081394
836.000000 0.102563
837.000000 0.151517
838.000000 0.028336
839.000000 0.117178
840.000000 0.180587
841.000000 0.053350
842.000000 0.026458
843.000000 0.082356
844.000000 0.016834
845.000000 0.153982
846.000000 0.124032
847.000000 0.072991
848.000000 0.169987
849.000000 0.275708
850.000000 0.112502
851.000000 0.114396
852.000000 0.138646
853.000000 0.133554
854.000000 0.099485
855.000000 0.069822
856.000000 0.059570
857.000000 0.020849
858.000000 0.120153
859.000000 0.049729
860.000000 0.043026
861.000000 0.273124
862.000000 0.167498
863.000000 0.243227
864.000000 0.318697
865.000000 0.170161
866.000000 0.205512
867.000000 0.238928
868.000000 0.141724
869.000000 0.154535
870.000000 0.113323
871.000000 0.065735
872.000000 0.087863
873.000000 0.026985
874.000000 0.235025
875.000000 0.241173
876.000000 0.118965
877.000000 0.050203
878.000000 0.105477
879.000000 0.172941
880.000000 0.169033
881.000000 0.121852
882.000000 0.028211
883.000000 0.100025
884.000000 0.269290
885.000000 0.072637
886.000000 0.240895
887.000000 0.097424
888.000000 0.147242
889.000000 0.109311
890.000000 0.058000
891.000000 0.153959
892.000000 0.180913
893.000000 0.079563
894.000000 0.195612
895.000000 0.237406
896.000000 0.174692
897.000000 0.048736
898.000000 0.032311
899.000000 0.256096
900.000000 0.225765
901.000000 0.048417
902.000000 0.133999
903.000000 0.178284
904.000000 0.270681
905.000000 0.076453
906.000000 0.229422
907.000000 0.066933
908.000000 0.099794
909.000000 0.072029
910.000000 0.027527
911.000000 0.101510
912.000000 0.215958
913.000000 0.154863
914.000000 0.080909
915.000000 0.018694
916.000000 0.136747
917.000000 0.157276
918.000000 0.122289
919.000000 0.121728
920.000000 0.071048
921.000000 0.170717
922.000000 0.365104
923.000000 0.149464
924.000000 0.231259
925.000000 0.245871
926.000000 0.030203
927.000000 0.144349
928.000000 0.047240
929.000000 0.106910
930.000000 0.103561
931.000000 0.209145
932.000000 0.114332
933.000000 0.160561
934.000000 0.186694
935.000000 0.190091
936.000000 0.326756
937.000000 0.277823
938.000000 0.056385
939.000000 0.147898
940.000000 0.160480
941.000000 0.215443
942.000000 0.229875
943.000000 0.284238
944.000000 0.027564
945.000000 0.075708
946.000000 0.214705
947.000000 0.136925
948.000000 0.130315
949.000000 0.154082
950.000000 0.201609
951.000000 0.152752
952.000000 0.090090
953.000000 0.124919
954.000000 0.018849
955.000000 0.124748
956.000000 0.202246
957.000000 0.066042
958.000000 0.151882
959.000000 0.163477
960.000000 0.065660
961.000000 0.349167
962.000000 0.273017
963.000000 0.149910
964.000000 0.217878
965.000000 0.128664
966.000000 0.198702
967.000000 0.149300
968.000000 0.222860
969.000000 0.101435
970.000000 0.134989
971.000000 0.227374
972.000000 0.210842
973.000000 0.196983
974.000000 0.113952
975.000000 0.141517
976.000000 0.026128
977.000000 0.208129
978.000000 0.064806
979.000000 0.219791
980.000000 0.120625
981.000000 0.213014
982.000000 0.155934
983.000000 0.152171
984.000000 0.046268
985.000000 0.151517
986.000000 0.048074
987.000000 0.087464
988.000000 0.119692
989.000000 0.110731
990.000000 0.132757
991.000000 0.070222
992.000000 0.168427
993.000000 0.159309
994.000000 0.154589
995.000000 0.185467
996.000000 0.200338
997.000000 0.189337
998.000000 0.091962
999.000000 0.076617
1000.000000 0.213532
1001.000000 0.137997
1002.000000 0.067457
1003.000000 0.097005
1004.000000 0.078456
1005.000000 0.086640
1006.000000 0.094330
1007.000000 0.068111
1008.000000 0.102245
1009.000000 0.092149
1010.000000 0.012532
1011.000000 0.121448
1012.000000 0.197900
1013.000000 0.126539
1014.000000 0.187545
1015.000000 0.100447
1016.000000 0.037543
1017.000000 0.040565
1018.000000 0.076888
1019.000000 0.108005
1020.000000 0.123171
1021.000000 0.153188
1022.000000 0.322667
1023.000000 0.212451
1024.000000 0.172846
1025.000000 0.111690
1026.000000 0.081156
1027.000000 0.095020
1028.000000 0.146991
1029.000000 0.115658
1030.000000 0.221017
1031.000000 0.219298
1032.000000 0.123930
1033.000000 0.077546
1034.000000 0.077229
1035.000000 0.180647
1036.000000 0.204468
1037.000000 0.177790
1038.000000 0.032064
1039.000000 0.127530
1040.000000 0.305773
1041.000000 0.205433
1042.000000 0.115858
1043.000000 0.087966
1044.000000 0.081036
1045.000000 0.152427
1046.000000 0.158059
1047.000000 0.094278
1048.000000 0.034588
1049.000000 0.016318
1050.000000 0.164982
1051.000000 0.100674
1052.000000 0.133020
1053.000000 0.098102
1054.000000 0.137132
1055.000000 0.052625
1056.000000 0.086873
1057.000000 0.144803
1058.000000 0.066595
1059.000000 0.012792
1060.000000 0.111426
1061.000000 0.132792
1062.000000 0.053664
1063.000000 0.201889
1064.000000 0.147994
1065.000000 0.097010
1066.000000 0.316852
1067.000000 0.073317
1068.000000 0.176423
1069.000000 0.215305
1070.000000 0.342223
1071.000000 0.228271
1072.000000 0.042757
1073.000000 0.179466
1074.000000 0.227701
1075.000000 0.265599
1076.000000 0.303507
1077.000000 0.188558
1078.000000 0.193933
1079.000000 0.030080
1080.000000 0.145082
1081.000000 0.077143
1082.000000 0.093045
1083.000000 0.109630
1084.000000 0.079034
1085.000000 0.143222
1086.000000 0.298613
1087.000000 0.333896
1088.000000 0.121066
1089.000000 0.094455
1090.000000 0.048112
1091.000000 0.162684
1092.000000 0.147910
1093.000000 0.081311
1094.000000 0.132776
1095.000000 0.088917
1096.000000 0.039782
1097.000000 0.037320
1098.000000 0.231059
1099.000000 0.220056
1100.000000 0.143789
1101.000000 0.137486
1102.000000 0.166262
1103.000000 0.117990
1104.000000 0.097020
1105.000000 0.075667
1106.000000 0.172486
1107.000000 0.238571
1108.000000 0.164458
1109.000000 0.095294
1110.000000 0.101892
1111.000000 0.071292
1112.000000 0.097280
1113.000000 0.067980
1114.000000 0.032751
1115.000000 0.179546
1116.000000 0.032977
1117.000000 0.159426
1118.000000 0.253956
1119.000000 0.095535
1120.000000 0.067203
1121.000000 0.201830
1122.000000 0.017083
1123.000000 0.173309
1124.000000 0.212539
1125.000000 0.183168
1126.000000 0.153848
1127.000000 0.060924
1128.000000 0.093180
1129.000000 0.179868
1130.000000 0.100498
1131.000000 0.187418
1132.000000 0.144396
1133.000000 0.211510
1134.000000 0.094423
1135.000000 0.021074
1136.000000 0.293871
1137.000000 0.174771
1138.000000 0.077238
1139.000000 0.032075
1140.000000 0.187726
1141.000000 0.117304
1142.000000 0.230500
1143.000000 0.178471
1144.000000 0.084329
1145.000000 0.060015
1146.000000 0.058468
1147.000000 0.017737
1148.000000 0.099523
1149.000000 0.231279
1150.000000 0.157657
1151.000000 0.066028
1152.000000 0.109736
1153.000000 0.096700
1154.000000 0.191916
1155.000000 0.247291
1156.000000 0.045995
1157.000000 0.082093
1158.000000 0.087133
1159.000000 0.141553
1160.000000 0.098577
1161.000000 0.146948
1162.000000 0.056223
1163.000000 0.044370
1164.000000 0.078026
1165.000000 0.072698
1166.000000 0.216094
1167.000000 0.152143
1168.000000 0.120299
1169.000000 0.043852
1170.000000 0.191953
1171.000000 0.131878
1172.000000 0.119703
1173.000000 0.079454
1174.000000 0.178088
1175.000000 0.157614
1176.000000 0.078310
1177.000000 0.143702
1178.000000 0.176248
1179.000000 0.027051
1180.000000 0.051277
1181.000000 0.122196
1182.000000 0.143692
1183.000000 0.154985
1184.000000 0.085874
1185.000000 0.176385
1186.000000 0.216774
1187.000000 0.169792
1188.000000 0.096087
1189.000000 0.109915
1190.000000 0.254456
1191.000000 0.195113
1192.000000 0.157497
1193.000000 0.040206
1194.000000 0.057582
1195.000000 0.170327
1196.000000 0.155607
1197.000000 0.105367
1198.000000 0.163789
1199.000000 0.110526
1200.000000 0.017517
1201.000000 0.128040
1202.000000 0.093652
1203.000000 0.095116
1204.000000 0.081038
1205.000000 0.072236
1206.000000 0.129301
1207.000000 0.043355
1208.000000 0.137501
1209.000000 0.162980
1210.000000 0.140292
1211.000000 0.083321
1212.000000 0.121814
1213.000000 0.164645
1214.000000 0.096704
1215.000000 0.165482
1216.000000 0.264181
1217.000000 0.085331
1218.000000 0.172384
1219.000000 0.060908
1220.000000 0.136347
1221.000000 0.067115
1222.000000 0.022882
1223.000000 0.032016
1224.000000 0.162660
1225.000000 0.047204
1226.000000 0.079664
1227.000000 0.128798
1228.000000 0.033812
1229.000000 0.201574
1230.000000 0.032671
1231.000000 0.088343
1232.000000 0.071232
1233.000000 0.239514
1234.000000 0.166083
1235.000000 0.198470
1236.000000 0.170236
1237.000000 0.098084
1238.000000 0.156815
1239.000000 0.328991
1240.000000 0.132274
1241.000000 0.179436
1242.000000 0.260920
1243.000000 0.183911
1244.000000 0.050082
1245.000000 0.068212
1246.000000 0.228191
1247.000000 0.027443
1248.000000 0.106536
1249.000000 0.085583
1250.000000 0.175312
1251.000000 0.078550
1252.000000 0.043289
1253.000000 0.028511
1254.000000 0.045152
1255.000000 0.062027
1256.000000 0.110085
1257.000000 0.134190
1258.000000 0.151275
1259.000000 0.194680
1260.000000 0.059199
1261.000000 0.144200
1262.000000 0.071693
1263.000000 0.242917
1264.000000 0.099078
1265.000000 0.081575
1266.000000 0.039624
1267.000000 0.158757
1268.000000 0.247430
1269.000000 0.204613
1270.000000 0.292433
1271.000000 0.243117
1272.000000 0.090664
1273.000000 0.190397
1274.000000 0.016426
1275.000000 0.154729
1276.000000 0.174220
1277.000000 0.306698
1278.000000 0.270368
1279.000000 0.127304
1280.000000 0.169335
1281.000000 0.031985
1282.000000 0.123857
1283.000000 0.095044
1284.000000 0.164290
1285.000000 0.350413
1286.000000 0.052582
1287.000000 0.130179
1288.000000 0.238736
1289.000000 0.086324
1290.000000 0.119043
1291.000000 0.122325
1292.000000 0.072259
1293.000000 0.046922
1294.000000 0.094389
1295.000000 0.143206
1296.000000 0.157465
1297.000000 0.211583
1298.000000 0.055118
1299.000000 0.105740
1300.000000 0.083837
1301.000000 0.134264
1302.000000 0.040610
1303.000000 0.206999
1304.000000 0.249515
1305.000000 0.165439
1306.000000 0.262685
1307.000000 0.118926
1308.000000 0.092804
1309.000000 0.102796
1310.000000 0.138241
1311.000000 0.127815
1312.000000 0.169528
1313.000000 0.085568
1314.000000 0.038216
1315.000000 0.100597
1316.000000 0.187876
1317.000000 0.329283
1318.000000 0.344166
1319.000000 0.264210
1320.000000 0.314276
1321.000000 0.205945
1322.000000 0.170014
1323.000000 0.278126
1324.000000 0.227805
1325.000000 0.027020
1326.000000 0.196791
1327.000000 0.120246
1328.000000 0.110307
1329.000000 0.093765
1330.000000 0.209365
1331.000000 0.170120
1332.000000 0.050034
1333.000000 0.198183
1334.000000 0.066646
1335.000000 0.065706
1336.000000 0.153412
1337.000000 0.059415
1338.000000 0.120614
1339.000000 0.087156
1340.000000 0.266026
1341.000000 0.071460
1342.000000 0.053584
1343.000000 0.151418
1344.000000 0.340415
1345.000000 0.354464
1346.000000 0.115691
1347.000000 0.214663
1348.000000 0.192634
1349.000000 0.105305
1350.000000 0.134358
1351.000000 0.085514
1352.000000 0.091339
1353.000000 0.095002
1354.000000 0.054276
1355.000000 0.071632
1356.000000 0.148790
1357.000000 0.159683
1358.000000 0.174092
1359.000000 0.153154
1360.000000 0.141500
1361.000000 0.061856
1362.000000 0.073707
1363.000000 0.065439
1364.000000 0.126355
1365.000000 0.174591
1366.000000 0.068649
1367.000000 0.085377
1368.000000 0.108601
1369.000000 0.150920
1370.000000 0.116142
1371.000000 0.097577
1372.000000 0.204134
1373.000000 0.197682
1374.000000 0.117787
1375.000000 0.043793
1376.000000 0.217763
1377.000000 0.231156
1378.000000 0.166640
1379.000000 0.135751
1380.000000 0.111012
1381.000000 0.185730
1382.000000 0.015036
1383.000000 0.208666
1384.000000 0.093064
1385.000000 0.044631
1386.000000 0.191781
1387.000000 0.198225
1388.000000 0.119228
1389.000000 0.161809
1390.000000 0.266252
1391.000000 0.245017
1392.000000 0.118157
1393.000000 0.187232
1394.000000 0.233100
1395.000000 0.140007
1396.000000 0.125464
1397.000000 0.257541
1398.000000 0.102327
1399.000000 0.269392
1400.000000 0.102122
1401.000000 0.196113
1402.000000 0.145569
1403.000000 0.024874
1404.000000 0.210049
1405.000000 0.164778
1406.000000 0.282885
1407.000000 0.239732
1408.000000 0.237625
1409.000000 0.218647
1410.000000 0.095222
1411.000000 0.087323
1412.000000 0.195046
1413.000000 0.062748
1414.000000 0.150640
1415.000000 0.142200
1416.000000 0.115080
1417.000000 0.124624
1418.000000 0.067261
1419.000000 0.065653
1420.000000 0.009003
1421.000000 0.101054
1422.000000 0.101303
1423.000000 0.119323
1424.000000 0.033246
1425.000000 0.036465
1426.000000 0.064798
1427.000000 0.043963
1428.000000 0.085223
1429.000000 0.208965
1430.000000 0.184424
1431.000000 0.085297
1432.000000 0.206743
1433.000000 0.027254
1434.000000 0.047385
1435.000000 0.080300
1436.000000 0.100225
1437.000000 0.111737
1438.000000 0.081258
1439.000000 0.264529
1440.000000 0.289117
1441.000000 0.134989
1442.000000 0.011257
1443.000000 0.079753
1444.000000 0.071502
1445.000000 0.055023
1446.000000 0.048665
1447.000000 0.115827
1448.000000 0.077069
1449.000000 0.090283
1450.000000 0.187273
1451.000000 0.168385
1452.000000 0.286151
1453.000000 0.134840
1454.000000 0.149927
1455.000000 0.068772
1456.000000 0.255442
1457.000000 0.220788
1458.000000 0.186933
1459.000000 0.204973
1460.000000 0.140436
1461.000000 0.217866
1462.000000 0.237906
1463.000000 0.171603
1464.000000 0.158654
1465.000000 0.045962
1466.000000 0.126526
1467.000000 0.051301
1468.000000 0.105197
1469.000000 0.106097
1470.000000 0.226587
1471.000000 0.074848
1472.000000 0.099114
1473.000000 0.177765
1474.000000 0.108576
1475.000000 0.196725
1476.000000 0.097422
1477.000000 0.124986
1478.000000 0.128871
1479.000000 0.152928
1480.000000 0.080085
1481.000000 0.129509
1482.000000 0.077318
1483.000000 0.232884
1484.000000 0.217308
1485.000000 0.288604
1486.000000 0.148296
1487.000000 0.205717
1488.000000 0.144949
1489.000000 0.188820
1490.000000 0.073581
1491.000000 0.119088
1492.000000 0.198838
1493.000000 0.139518
1494.000000 0.181646
1495.000000 0.113417
1496.000000 0.148663
1497.000000 0.033712
1498.000000 0.149581
1499.000000 0.153361
1500.000000 0.170504
1501.000000 0.259864
1502.000000 0.106536
1503.000000 0.143263
1504.000000 0.068308
1505.000000 0.120577
1506.000000 0.070959
1507.000000 0.112405
1508.000000 0.130707
1509.000000 0.279225
1510.000000 0.373685
1511.000000 0.207953
1512.000000 0.070398
1513.000000 0.144356
1514.000000 0.295704
1515.000000 0.084963
1516.000000 0.100326
1517.000000 0.085750
1518.000000 0.132321
1519.000000 0.209241
1520.000000 0.131384
1521.000000 0.206562
1522.000000 0.168676
1523.000000 0.239029
1524.000000 0.241328
1525.000000 0.209850
1526.000000 0.038575
1527.000000 0.083065
1528.000000 0.041848
1529.000000 0.054804
1530.000000 0.130739
1531.000000 0.058797
1532.000000 0.062465
1533.000000 0.264951
1534.000000 0.076879
1535.000000 0.245831
1536.000000 0.071427
1537.000000 0.143466
1538.000000 0.048662
1539.000000 0.082705
1540.000000 0.055744
1541.000000 0.130118
1542.000000 0.058115
1543.000000 0.118534
1544.000000 0.189508
1545.000000 0.187642
1546.000000 0.124505
1547.000000 0.138417
1548.000000 0.169578
1549.000000 0.113211
1550.000000 0.076496
1551.000000 0.084327
1552.000000 0.186490
1553.000000 0.135438
1554.000000 0.099467
1555.000000 0.236459
1556.000000 0.242891
1557.000000 0.149350
1558.000000 0.039237
1559.000000 0.026209
1560.000000 0.053940
1561.000000 0.093426
1562.000000 0.023293
1563.000000 0.168923
1564.000000 0.132472
1565.000000 0.161166
1566.000000 0.238533
1567.000000 0.171541
1568.000000 0.171552
1569.000000 0.116521
1570.000000 0.049424
1571.000000 0.224423
1572.000000 0.065024
1573.000000 0.040819
1574.000000 0.057438
1575.000000 0.068813
1576.000000 0.186759
1577.000000 0.184350
1578.000000 0.095380
1579.000000 0.148866
1580.000000 0.195034
1581.000000 0.162970
1582.000000 0.047241
1583.000000 0.018344
1584.000000 0.138156
1585.000000 0.205844
1586.000000 0.343586
1587.000000 0.127253
1588.000000 0.107663
1589.000000 0.094615
1590.000000 0.094991
1591.000000 0.053255
1592.000000 0.114269
1593.000000 0.142087
1594.000000 0.264704
1595.000000 0.167839
1596.000000 0.070335
1597.000000 0.325917
1598.000000 0.185296
1599.000000 0.251370
1600.000000 0.189017
1601.000000 0.054174
1602.000000 0.185338
1603.000000 0.077202
1604.000000 0.106251
1605.000000 0.229337
1606.000000 0.139776
1607.000000 0.061543
1608.000000 0.083193
1609.000000 0.115926
1610.000000 0.146963
1611.000000 0.201948
1612.000000 0.143934
1613.000000 0.196196
1614.000000 0.134919
1615.000000 0.132216
1616.000000 0.120261
1617.000000 0.237140
1618.000000 0.274952
1619.000000 0.094219
1620.000000 0.109614
1621.000000 0.245926
1622.000000 0.075848
1623.000000 0.078725
1624.000000 0.161676
1625.000000 0.279009
1626.000000 0.134341
1627.000000 0.154550
1628.000000 0.132086
1629.000000 0.076627
1630.000000 0.160267
1631.000000 0.054509
1632.000000 0.090105
1633.000000 0.151042
1634.000000 0.076127
1635.000000 0.147295
1636.000000 0.170868
1637.000000 0.097522
1638.000000 0.034159
1639.000000 0.110568
1640.000000 0.152590
1641.000000 0.049426
1642.000000 0.244377
1643.000000 0.096827
1644.000000 0.081813
1645.000000 0.055784
1646.000000 0.150988
1647.000000 0.132843
1648.000000 0.209800
1649.000000 0.086688
1650.000000 0.153646
1651.000000 0.179461
1652.000000 0.023472
1653.000000 0.195188
1654.000000 0.207272
1655.000000 0.290852
1656.000000 0.194932
1657.000000 0.163715
1658.000000 0.080357
1659.000000 0.163362
1660.000000 0.047462
1661.000000 0.131563
1662.000000 0.041476
1663.000000 0.049259
1664.000000 0.072832
1665.000000 0.101624
1666.000000 0.132426
1667.000000 0.271984
1668.000000 0.014195
1669.000000 0.072527
1670.000000 0.133514
1671.000000 0.068360
1672.000000 0.056404
1673.000000 0.103464
1674.000000 0.118096
1675.000000 0.138134
1676.000000 0.174749
1677.000000 0.007940
1678.000000 0.070348
1679.000000 0.133095
1680.000000 0.204565
1681.000000 0.178860
1682.000000 0.212270
1683.000000 0.023990
1684.000000 0.093406
1685.000000 0.199458
1686.000000 0.046514
1687.000000 0.096613
1688.000000 0.094317
1689.000000 0.108771
1690.000000 0.227932
1691.000000 0.129447
1692.000000 0.123091
1693.000000 0.104480
1694.000000 0.011447
1695.000000 0.068207
1696.000000 0.081346
1697.000000 0.190950
1698.000000 0.073885
1699.000000 0.123984
1700.000000 0.136311
1701.000000 0.126054
1702.000000 0.156889
1703.000000 0.239443
1704.000000 0.218185
1705.000000 0.086393
1706.000000 0.114079
1707.000000 0.143114
1708.000000 0.257806
1709.000000 0.140254
1710.000000 0.106136
1711.000000 0.064467
1712.000000 0.136345
1713.000000 0.134741
1714.000000 0.168317
1715.000000 0.185882
1716.000000 0.138296
1717.000000 0.164014
1718.000000 0.139173
1719.000000 0.158894
1720.000000 0.094265
1721.000000 0.167027
1722.000000 0.159937
1723.000000 0.189483
1724.000000 0.078847
1725.000000 0.086399
1726.000000 0.045271
1727.000000 0.156713
1728.000000 0.047920
1729.000000 0.023176
1730.000000 0.057884
1731.000000 0.161591
1732.000000 0.128477
1733.000000 0.115090
1734.000000 0.186896
1735.000000 0.188225
1736.000000 0.099156
1737.000000 0.128887
1738.000000 0.072719
1739.000000 0.159694
1740.000000 0.050186
1741.000000 0.145134
1742.000000 0.124252
1743.000000 0.037639
1744.000000 0.076788
1745.000000 0.185510
1746.000000 0.231158
1747.000000 0.128300
1748.000000 0.073567
1749.000000 0.041456
1750.000000 0.166168
1751.000000 0.234703
1752.000000 0.101962
1753.000000 0.130397
1754.000000 0.191229
1755.000000 0.158841
1756.000000 0.083661
1757.000000 0.111602
1758.000000 0.211829
1759.000000 0.204951
1760.000000 0.034387
1761.000000 0.028023
1762.000000 0.096160
1763.000000 0.124748
1764.000000 0.099360
1765.000000 0.151590
1766.000000 0.061766
1767.000000 0.142132
1768.000000 0.153912
1769.000000 0.180597
1770.000000 0.037908
1771.000000 0.043004
1772.000000 0.104237
1773.000000 0.127507
1774.000000 0.065484
1775.000000 0.089246
1776.000000 0.081915
1777.000000 0.148128
1778.000000 0.260022
1779.000000 0.165183
1780.000000 0.108966
1781.000000 0.004453
1782.000000 0.132291
1783.000000 0.122292
1784.000000 0.113911
1785.000000 0.183060
1786.000000 0.143131
1787.000000 0.147392
1788.000000 0.141603
1789.000000 0.035721
1790.000000 0.097033
1791.000000 0.168331
1792.000000 0.183515
1793.000000 0.132413
1794.000000 0.042409
1795.000000 0.091888
1796.000000 0.076884
1797.000000 0.111475
1798.000000 0.275180
1799.000000 0.224410
1800.000000 0.214258
1801.000000 0.145056
1802.000000 0.091544
1803.000000 0.175888
1804.000000 0.085182
1805.000000 0.165995
1806.000000 0.038506
1807.000000 0.144957
1808.000000 0.162573
1809.000000 0.205421
1810.000000 0.126651
1811.000000 0.130222
1812.000000 0.052892
1813.000000 0.192678
1814.000000 0.119345
1815.000000 0.105224
1816.000000 0.156769
1817.000000 0.082040
1818.000000 0.044799
1819.000000 0.168340
1820.000000 0.171110
1821.000000 0.120180
1822.000000 0.040680
1823.000000 0.040183
1824.000000 0.026393
1825.000000 0.085490
1826.000000 0.286513
1827.000000 0.164863
1828.000000 0.134733
1829.000000 0.158951
1830.000000 0.256103
1831.000000 0.132997
1832.000000 0.223306
1833.000000 0.077662
1834.000000 0.040325
1835.000000 0.056058
1836.000000 0.092583
1837.000000 0.087005
1838.000000 0.147131
1839.000000 0.092148
1840.000000 0.086938
1841.000000 0.084350
1842.000000 0.231891
1843.000000 0.168860
1844.000000 0.148762
1845.000000 0.104234
1846.000000 0.041627
1847.000000 0.064979
1848.000000 0.089694
1849.000000 0.046548
1850.000000 0.087580
1851.000000 0.095321
1852.000000 0.105762
1853.000000 0.145894
1854.000000 0.060725
1855.000000 0.208949
1856.000000 0.137625
1857.000000 0.094300
1858.000000 0.103649
1859.000000 0.170146
1860.000000 0.036569
1861.000000 0.065346
1862.000000 0.108906
1863.000000 0.154069
1864.000000 0.220173
1865.000000 0.257313
1866.000000 0.185456
1867.000000 0.077841
1868.000000 0.169900
1869.000000 0.089451
1870.000000 0.146300
1871.000000 0.098585
1872.000000 0.128145
1873.000000 0.276853
1874.000000 0.174894
1875.000000 0.112876
1876.000000 0.024810
1877.000000 0.067162
1878.000000 0.089186
1879.000000 0.164540
1880.000000 0.201846
1881.000000 0.308531
1882.000000 0.257240
1883.000000 0.180093
1884.000000 0.148980
1885.000000 0.034437
1886.000000 0.040268
1887.000000 0.165036
1888.000000 0.110600
1889.000000 0.158729
1890.000000 0.042060
1891.000000 0.097004
1892.000000 0.213657
1893.000000 0.125589
1894.000000 0.132565
1895.000000 0.218615
1896.000000 0.162147
1897.000000 0.245889
1898.000000 0.106391
1899.000000 0.122339
1900.000000 0.048890
1901.000000 0.099766
1902.000000 0.076005
1903.000000 0.074977
1904.000000 0.250164
1905.000000 0.053044
1906.000000 0.137609
1907.000000 0.161575
1908.000000 0.073638
1909.000000 0.138393
1910.000000 0.115888
1911.000000 0.067889
1912.000000 0.103999
1913.000000 0.078940
1914.000000 0.205964
1915.000000 0.072583
1916.000000 0.041150
1917.000000 0.169477
1918.000000 0.214710
1919.000000 0.193487
1920.000000 0.228120
1921.000000 0.231398
1922.000000 0.212290
1923.000000 0.248834
1924.000000 0.042391
1925.000000 0.115119
1926.000000 0.132226
1927.000000 0.157914
1928.000000 0.129604
1929.000000 0.095363
1930.000000 0.093315
1931.000000 0.193257
1932.000000 0.063426
1933.000000 0.094337
1934.000000 0.141698
1935.000000 0.050594
1936.000000 0.243533
1937.000000 0.089818
1938.000000 0.036155
1939.000000 0.069626
1940.000000 0.072007
1941.000000 0.183428
1942.000000 0.125388
1943.000000 0.104215
1944.000000 0.195122
1945.000000 0.095704
1946.000000 0.140167
1947.000000 0.074138
1948.000000 0.102425
1949.000000 0.098736
1950.000000 0.088538
1951.000000 0.091938
1952.000000 0.044913
1953.000000 0.150045
1954.000000 0.139122
1955.000000 0.130141
1956.000000 0.150172
1957.000000 0.137900
1958.000000 0.123871
1959.000000 0.061898
1960.000000 0.050091
1961.000000 0.109514
1962.000000 0.112530
1963.000000 0.157210
1964.000000 0.244695
1965.000000 0.041632
1966.000000 0.142334
1967.000000 0.070265
1968.000000 0.139430
1969.000000 0.159660
1970.000000 0.066410
1971.000000 0.191474
1972.000000 0.129205
1973.000000 0.158436
1974.000000 0.224029
1975.000000 0.127668
1976.000000 0.067082
1977.000000 0.116011
1978.000000 0.142730
1979.000000 0.183293
1980.000000 0.154774
1981.000000 0.299975
1982.000000 0.315478
1983.000000 0.174987
1984.000000 0.020357
1985.000000 0.069586
1986.000000 0.195625
1987.000000 0.098184
1988.000000 0.140486
1989.000000 0.159396
1990.000000 0.252851
1991.000000 0.301799
1992.000000 0.107732
1993.000000 0.142282
1994.000000 0.009151
1995.000000 0.141042
1996.000000 0.201896
1997.000000 0.374634
1998.000000 0.321629
1999.000000 0.100123
2000.000000 0.063749
2001.000000 0.234308
2002.000000 0.049726
2003.000000 0.127939
2004.000000 0.166516
2005.000000 0.281839
2006.000000 0.271984
2007.000000 0.379762
2008.000000 0.312532
2009.000000 0.033387
2010.000000 0.070226
2011.000000 0.157601
2012.000000 0.103529
2013.000000 0.026596
2014.000000 0.191751
2015.000000 0.134924
2016.000000 0.184340
2017.000000 0.283056
2018.000000 0.045971
2019.000000 0.179883
2020.000000 0.221550
2021.000000 0.230211
2022.000000 0.270086
2023.000000 0.202677
2024.000000 0.309531
2025.000000 0.203254
2026.000000 0.180075
2027.000000 0.263700
2028.000000 0.052178
2029.000000 0.107403
2030.000000 0.202291
2031.000000 0.186398
2032.000000 0.112715
2033.000000 0.209941
2034.000000 0.279558
2035.000000 0.213560
2036.000000 0.251015
2037.000000 0.034105
2038.000000 0.012143
2039.000000 0.129180
2040.000000 0.162764
2041.000000 0.132296
2042.000000 0.053535
2043.000000 0.167121
2044.000000 0.206092
2045.000000 0.296730
2046.000000 0.166586
2047.000000 0.252246
2048.000000 0.088931
2049.000000 0.161404
2050.000000 0.081660
2051.000000 0.194733
2052.000000 0.077168
2053.000000 0.010766
2054.000000 0.160069
2055.000000 0.162369
2056.000000 0.206243
2057.000000 0.320719
2058.000000 0.130761
2059.000000 0.143708
2060.000000 0.154280
2061.000000 0.030374
2062.000000 0.131668
2063.000000 0.242004
2064.000000 0.262486
2065.000000 0.163529
2066.000000 0.072587
2067.000000 0.137984
2068.000000 0.090380
2069.000000 0.095135
2070.000000 0.221457
2071.000000 0.162073
2072.000000 0.136323
2073.000000 0.117050
2074.000000 0.098868
2075.000000 0.099378
2076.000000 0.092151
2077.000000 0.090401
2078.000000 0.195123
2079.000000 0.052558
2080.000000 0.008605
2081.000000 0.068912
2082.000000 0.125371
2083.000000 0.132606
2084.000000 0.086487
2085.000000 0.191717
2086.000000 0.038457
2087.000000 0.092903
2088.000000 0.134682
2089.000000 0.116718
2090.000000 0.203620
2091.000000 0.007143
2092.000000 0.044885
2093.000000 0.135005
2094.000000 0.187481
2095.000000 0.049178
2096.000000 0.073603
2097.000000 0.162865
2098.000000 0.088177
2099.000000 0.120578
2100.000000 0.152893
2101.000000 0.033469
2102.000000 0.127411
2103.000000 0.244364
2104.000000 0.146627
2105.000000 0.153805
2106.000000 0.084271
2107.000000 0.180976
2108.000000 0.131414
2109.000000 0.244402
2110.000000 0.287673
2111.000000 0.134174
2112.000000 0.046659
2113.000000 0.039478
2114.000000 0.062104
2115.000000 0.152822
2116.000000 0.132837
2117.000000 0.247714
2118.000000 0.068973
2119.000000 0.119889
2120.000000 0.061922
2121.000000 0.138827
2122.000000 0.309530
2123.000000 0.421111
2124.000000 0.195799
2125.000000 0.080655
2126.000000 0.145171
2127.000000 0.138603
2128.000000 0.166335
2129.000000 0.076022
2130.000000 0.046806
2131.000000 0.131482
2132.000000 0.093978
2133.000000 0.241302
2134.000000 0.285090
2135.000000 0.107110
2136.000000 0.130420
2137.000000 0.109775
2138.000000 0.086187
2139.000000 0.016031
2140.000000 0.067143
2141.000000 0.092954
2142.000000 0.096446
2143.000000 0.088558
2144.000000 0.108399
2145.000000 0.114742
2146.000000 0.220760
2147.000000 0.110372
2148.000000 0.061238
2149.000000 0.145609
2150.000000 0.079846
2151.000000 0.076414
2152.000000 0.076828
2153.000000 0.153347
2154.000000 0.135216
2155.000000 0.139164
2156.000000 0.063187
2157.000000 0.299580
2158.000000 0.174651
2159.000000 0.046316
2160.000000 0.140123
2161.000000 0.101403
2162.000000 0.147408
2163.000000 0.120028
2164.000000 0.075261
2165.000000 0.094530
2166.000000 0.075996
2167.000000 0.081208
2168.000000 0.103915
2169.000000 0.166383
2170.000000 0.188121
2171.000000 0.129507
2172.000000 0.089656
2173.000000 0.285279
2174.000000 0.427318
2175.000000 0.236921
2176.000000 0.174861
2177.000000 0.003726
2178.000000 0.092846
2179.000000 0.016700
2180.000000 0.027334
2181.000000 0.116023
2182.000000 0.058743
2183.000000 0.209806
2184.000000 0.077437
2185.000000 0.081820
2186.000000 0.113433
2187.000000 0.058003
2188.000000 0.188726
2189.000000 0.089009
2190.000000 0.182991
2191.000000 0.204973
2192.000000 0.364610
2193.000000 0.148292
2194.000000 0.121466
2195.000000 0.214683
2196.000000 0.066701
2197.000000 0.099548
2198.000000 0.046091
2199.000000 0.028449
2200.000000 0.143786
2201.000000 0.105496
2202.000000 0.205952
2203.000000 0.065382
2204.000000 0.128225
2205.000000 0.136977
2206.000000 0.146023
2207.000000 0.079131
2208.000000 0.118823
2209.000000 0.171155
2210.000000 0.133640
2211.000000 0.046254
2212.000000 0.166804
2213.000000 0.098687
2214.000000 0.165788
2215.000000 0.043402
2216.000000 0.124025
2217.000000 0.034398
2218.000000 0.078508
2219.000000 0.083767
2220.000000 0.215968
2221.000000 0.224535
2222.000000 0.225856
2223.000000 0.184188
2224.000000 0.156236
2225.000000 0.204767
2226.000000 0.173369
2227.000000 0.102204
2228.000000 0.064839
2229.000000 0.048649
2230.000000 0.073627
2231.000000 0.147254
2232.000000 0.072359
2233.000000 0.116358
2234.000000 0.118035
2235.000000 0.206565
2236.000000 0.150480
2237.000000 0.217816
2238.000000 0.182533
2239.000000 0.052912
2240.000000 0.118294
2241.000000 0.210085
2242.000000 0.144292
2243.000000 0.237670
2244.000000 0.125760
2245.000000 0.156794
2246.000000 0.319827
2247.000000 0.218324
2248.000000 0.034253
2249.000000 0.166848
2250.000000 0.153610
2251.000000 0.144928
2252.000000 0.199267
2253.000000 0.184226
2254.000000 0.118367
2255.000000 0.160311
2256.000000 0.066300
2257.000000 0.117682
2258.000000 0.067860
2259.000000 0.178413
2260.000000 0.038690
2261.000000 0.116284
2262.000000 0.289843
2263.000000 0.179659
2264.000000 0.220114
2265.000000 0.180214
2266.000000 0.073467
2267.000000 0.166359
2268.000000 0.078939
2269.000000 0.084277
2270.000000 0.110499
2271.000000 0.124491
2272.000000 0.062350
2273.000000 0.020815
2274.000000 0.072742
2275.000000 0.111127
2276.000000 0.173189
2277.000000 0.010919
2278.000000 0.101906
2279.000000 0.192828
2280.000000 0.070955
2281.000000 0.111297
2282.000000 0.202827
2283.000000 0.091547
2284.000000 0.077551
2285.000000 0.004404
2286.000000 0.201058
2287.000000 0.127806
2288.000000 0.109962
2289.000000 0.129481
2290.000000 0.144787
2291.000000 0.074289
2292.000000 0.238758
2293.000000 0.078275
2294.000000 0.189968
2295.000000 0.274850
2296.000000 0.324658
2297.000000 0.137247
2298.000000 0.070289
2299.000000 0.046692
2300.000000 0.071872
2301.000000 0.096441
2302.000000 0.046280
2303.000000 0.107263
2304.000000 0.149747
2305.000000 0.036657
2306.000000 0.139254
2307.000000 0.048273
2308.000000 0.081425
2309.000000 0.087997
2310.000000 0.086928
2311.000000 0.196755
2312.000000 0.122418
2313.000000 0.119264
2314.000000 0.137806
2315.000000 0.249129
2316.000000 0.208982
2317.000000 0.200678
2318.000000 0.115308
2319.000000 0.136537
2320.000000 0.090078
2321.000000 0.127459
2322.000000 0.126293
2323.000000 0.217313
2324.000000 0.039940
2325.000000 0.151570
2326.000000 0.190073
2327.000000 0.013328
2328.000000 0.081007
2329.000000 0.068966
2330.000000 0.078031
2331.000000 0.177205
2332.000000 0.139721
2333.000000 0.065839
2334.000000 0.038208
2335.000000 0.114816
2336.000000 0.070311
2337.000000 0.073247
2338.000000 0.070774
2339.000000 0.199187
2340.000000 0.108026
2341.000000 0.155295
2342.000000 0.296406
2343.000000 0.087122
2344.000000 0.058263
2345.000000 0.233208
2346.000000 0.195899
2347.000000 0.019039
2348.000000 0.128206
2349.000000 0.129085
2350.000000 0.079574
2351.000000 0.101167
2352.000000 0.059450
2353.000000 0.134166
2354.000000 0.120157
2355.000000 0.110022
2356.000000 0.193577
2357.000000 0.120368
2358.000000 0.103277
2359.000000 0.141586
2360.000000 0.257227
2361.000000 0.274174
2362.000000 0.237885
2363.000000 0.245094
2364.000000 0.076929
2365.000000 0.117522
2366.000000 0.205275
2367.000000 0.302861
2368.000000 0.093061
2369.000000 0.098438
2370.000000 0.226527
2371.000000 0.147550
2372.000000 0.102049
2373.000000 0.141109
2374.000000 0.057378
2375.000000 0.130191
2376.000000 0.093644
2377.000000 0.176936
2378.000000 0.092086
2379.000000 0.134917
2380.000000 0.103133
2381.000000 0.231333
2382.000000 0.158860
2383.000000 0.091483
2384.000000 0.005369
2385.000000 0.130749
2386.000000 0.020071
2387.000000 0.087691
2388.000000 0.119120
2389.000000 0.168474
2390.000000 0.154828
2391.000000 0.300160
2392.000000 0.164393
2393.000000 0.111839
2394.000000 0.086665
2395.000000 0.057790
2396.000000 0.057156
2397.000000 0.063309
2398.000000 0.065048
2399.000000 0.135509
2400.000000 0.105211
2401.000000 0.037858
2402.000000 0.110954
2403.000000 0.077695
2404.000000 0.127365
2405.000000 0.165607
2406.000000 0.215685
2407.000000 0.174387
2408.000000 0.163179
2409.000000 0.172420
2410.000000 0.076957
2411.000000 0.019488
2412.000000 0.042576
2413.000000 0.093911
2414.000000 0.071760
2415.000000 0.122370
2416.000000 0.045014
2417.000000 0.128982
2418.000000 0.172931
2419.000000 0.133235
2420.000000 0.035990
2421.000000 0.025037
2422.000000 0.088248
2423.000000 0.121136
2424.000000 0.060673
2425.000000 0.137339
2426.000000 0.096229
2427.000000 0.092119
2428.000000 0.098494
2429.000000 0.161666
2430.000000 0.144366
2431.000000 0.170152
2432.000000 0.113910
2433.000000 0.229558
2434.000000 0.134755
2435.000000 0.087669
2436.000000 0.100617
2437.000000 0.240163
2438.000000 0.163668
2439.000000 0.267627
2440.000000 0.251192
2441.000000 0.148133
2442.000000 0.062225
2443.000000 0.084226
2444.000000 0.077428
2445.000000 0.118170
2446.000000 0.112181
2447.000000 0.139646
2448.000000 0.085321
2449.000000 0.102040
2450.000000 0.107130
2451.000000 0.086156
2452.000000 0.034215
2453.000000 0.219847
2454.000000 0.116506
2455.000000 0.072121
2456.000000 0.077077
2457.000000 0.136092
2458.000000 0.153025
2459.000000 0.143439
2460.000000 0.068684
2461.000000 0.145536
2462.000000 0.041988
2463.000000 0.143826
2464.000000 0.143503
2465.000000 0.195610
2466.000000 0.076126
2467.000000 0.120857
2468.000000 0.089972
2469.000000 0.065747
2470.000000 0.171731
2471.000000 0.050151
2472.000000 0.044290
2473.000000 0.036840
2474.000000 0.172784
2475.000000 0.180167
2476.000000 0.116142
2477.000000 0.087411
2478.000000 0.112885
2479.000000 0.129162
2480.000000 0.112052
2481.000000 0.169462
2482.000000 0.118151
2483.000000 0.158558
2484.000000 0.092309
2485.000000 0.105016
2486.000000 0.183581
2487.000000 0.059334
2488.000000 0.020813
2489.000000 0.164598
2490.000000 0.221308
2491.000000 0.144620
2492.000000 0.018603
2493.000000 0.229489
2494.000000 0.078524
2495.000000 0.153767
2496.000000 0.155469
2497.000000 0.124679
2498.000000 0.096797
2499.000000 0.191889
2500.000000 0.178941
2501.000000 0.170442
2502.000000 0.286185
2503.000000 0.113167
2504.000000 0.091904
2505.000000 0.143717
2506.000000 0.065345
2507.000000 0.143006
2508.000000 0.120348
2509.000000 0.156892
2510.000000 0.116533
2511.000000 0.149650
2512.000000 0.026383
2513.000000 0.078984
2514.000000 0.124351
2515.000000 0.116720
2516.000000 0.156790
2517.000000 0.054972
2518.000000 0.097016
2519.000000 0.138958
2520.000000 0.144815
2521.000000 0.100065
2522.000000 0.176694
2523.000000 0.172022
2524.000000 0.127999
2525.000000 0.110736
2526.000000 0.028781
2527.000000 0.069847
2528.000000 0.153967
2529.000000 0.156230
2530.000000 0.111024
2531.000000 0.114089
2532.000000 0.271579
2533.000000 0.091582
2534.000000 0.045436
2535.000000 0.076072
2536.000000 0.100482
2537.000000 0.070316
2538.000000 0.063488
2539.000000 0.129760
2540.000000 0.145755
2541.000000 0.265217
2542.000000 0.161191
2543.000000 0.227956
2544.000000 0.387626
2545.000000 0.205772
2546.000000 0.157158
2547.000000 0.199097
2548.000000 0.159480
2549.000000 0.119367
2550.000000 0.252538
2551.000000 0.177801
2552.000000 0.085109
2553.000000 0.064582
2554.000000 0.118775
2555.000000 0.057058
2556.000000 0.245057
2557.000000 0.264115
2558.000000 0.213113
2559.000000 0.048317
2560.000000 0.077164
2561.000000 0.130014
2562.000000 0.155425
2563.000000 0.232838
2564.000000 0.103589
2565.000000 0.084680
2566.000000 0.091977
2567.000000 0.045171
2568.000000 0.092954
2569.000000 0.093590
2570.000000 0.068514
2571.000000 0.151093
2572.000000 0.096432
2573.000000 0.025939
2574.000000 0.127663
2575.000000 0.166200
2576.000000 0.337110
2577.000000 0.187137
2578.000000 0.170221
2579.000000 0.124863
2580.000000 0.072403
2581.000000 0.131614
2582.000000 0.118581
2583.000000 0.079380
2584.000000 0.128904
2585.000000 0.103280
2586.000000 0.049847
2587.000000 0.099369
2588.000000 0.201199
2589.000000 0.257731
2590.000000 0.040812
2591.000000 0.184257
2592.000000 0.243723
2593.000000 0.198258
2594.000000 0.046400
2595.000000 0.056213
2596.000000 0.079796
2597.000000 0.163693
2598.000000 0.098996
2599.000000 0.079248
2600.000000 0.194887
2601.000000 0.191351
2602.000000 0.162678
2603.000000 0.238185
2604.000000 0.083176
2605.000000 0.093318
2606.000000 0.087532
2607.000000 0.140200
2608.000000 0.062964
2609.000000 0.100318
2610.000000 0.086810
2611.000000 0.032255
2612.000000 0.081292
2613.000000 0.049119
2614.000000 0.046900
2615.000000 0.091274
2616.000000 0.299144
2617.000000 0.274464
2618.000000 0.106360
2619.000000 0.085940
2620.000000 0.136684
2621.000000 0.190931
2622.000000 0.123607
2623.000000 0.150758
2624.000000 0.034851
2625.000000 0.157158
2626.000000 0.083360
2627.000000 0.088337
2628.000000 0.087598
2629.000000 0.127861
2630.000000 0.075444
2631.000000 0.114045
2632.000000 0.156140
2633.000000 0.073222
2634.000000 0.238859
2635.000000 0.205988
2636.000000 0.090650
2637.000000 0.060130
2638.000000 0.117455
2639.000000 0.098298
2640.000000 0.254363
2641.000000 0.164404
2642.000000 0.065198
2643.000000 0.064505
2644.000000 0.074731
2645.000000 0.203304
2646.000000 0.114887
2647.000000 0.052695
2648.000000 0.105523
2649.000000 0.089174
2650.000000 0.190259
2651.000000 0.097543
2652.000000 0.092039
2653.000000 0.058138
2654.000000 0.050583
2655.000000 0.115091
2656.000000 0.132551
2657.000000 0.149745
2658.000000 0.096646
2659.000000 0.097670
2660.000000 0.070182
2661.000000 0.146447
2662.000000 0.052879
2663.000000 0.014448
2664.000000 0.154874
2665.000000 0.123109
2666.000000 0.100336
2667.000000 0.138689
2668.000000 0.075996
2669.000000 0.033276
2670.000000 0.079538
2671.000000 0.087882
2672.000000 0.280453
2673.000000 0.192354
2674.000000 0.066285
2675.000000 0.045960
2676.000000 0.165215
2677.000000 0.159535
2678.000000 0.235213
2679.000000 0.037915
2680.000000 0.063967
2681.000000 0.125022
2682.000000 0.169812
2683.000000 0.111501
2684.000000 0.214719
2685.000000 0.143079
2686.000000 0.196224
2687.000000 0.200184
2688.000000 0.269674
2689.000000 0.159223
2690.000000 0.122601
2691.000000 0.105393
2692.000000 0.158757
2693.000000 0.103423
2694.000000 0.141132
2695.000000 0.166712
2696.000000 0.075357
2697.000000 0.044612
2698.000000 0.105851
2699.000000 0.066425
2700.000000 0.147908
2701.000000 0.168698
2702.000000 0.272160
2703.000000 0.135413
2704.000000 0.125029
2705.000000 0.117167
2706.000000 0.061350
2707.000000 0.063336
2708.000000 0.014599
2709.000000 0.065758
2710.000000 0.125658
2711.000000 0.015439
2712.000000 0.092868
2713.000000 0.065991
2714.000000 0.174392
2715.000000 0.307150
2716.000000 0.077654
2717.000000 0.131039
2718.000000 0.061863
2719.000000 0.073882
2720.000000 0.130780
2721.000000 0.114481
2722.000000 0.104237
2723.000000 0.060296
2724.000000 0.124329
2725.000000 0.138155
2726.000000 0.137809
2727.000000 0.077315
2728.000000 0.105914
2729.000000 0.172550
2730.000000 0.071231
2731.000000 0.225659
2732.000000 0.180850
2733.000000 0.065923
2734.000000 0.184948
2735.000000 0.105374
2736.000000 0.093487
2737.000000 0.112213
2738.000000 0.261124
2739.000000 0.039743
2740.000000 0.233613
2741.000000 0.179025
2742.000000 0.144963
2743.000000 0.162151
2744.000000 0.246400
2745.000000 0.099178
2746.000000 0.160081
2747.000000 0.159506
2748.000000 0.149574
2749.000000 0.095692
2750.000000 0.116120
2751.000000 0.115674
2752.000000 0.090180
2753.000000 0.110525
2754.000000 0.057610
2755.000000 0.196346
2756.000000 0.095810
2757.000000 0.091071
2758.000000 0.125531
2759.000000 0.213812
2760.000000 0.077874
2761.000000 0.146960
2762.000000 0.122906
2763.000000 0.143899
2764.000000 0.092781
2765.000000 0.210449
2766.000000 0.219693
2767.000000 0.147856
2768.000000 0.211537
2769.000000 0.163443
2770.000000 0.227014
2771.000000 0.017572
2772.000000 0.094813
2773.000000 0.266505
2774.000000 0.112614
2775.000000 0.157898
2776.000000 0.211893
2777.000000 0.119780
2778.000000 0.143340
2779.000000 0.029647
2780.000000 0.079712
2781.000000 0.037822
2782.000000 0.156463
2783.000000 0.200186
2784.000000 0.063043
2785.000000 0.106369
2786.000000 0.093862
2787.000000 0.244788
2788.000000 0.414205
2789.000000 0.061688
2790.000000 0.098233
2791.000000 0.065715
2792.000000 0.110683
2793.000000 0.171131
2794.000000 0.158790
2795.000000 0.136329
2796.000000 0.050054
2797.000000 0.031743
2798.000000 0.141667
2799.000000 0.115672
2800.000000 0.126378
2801.000000 0.130841
2802.000000 0.329401
2803.000000 0.261978
2804.000000 0.038467
2805.000000 0.162732
2806.000000 0.176059
2807.000000 0.190344
2808.000000 0.119277
2809.000000 0.225304
2810.000000 0.107729
2811.000000 0.098811
2812.000000 0.161576
2813.000000 0.095550
2814.000000 0.123464
2815.000000 0.095243
2816.000000 0.202940
2817.000000 0.151218
2818.000000 0.053577
2819.000000 0.026613
2820.000000 0.126899
2821.000000 0.068604
2822.000000 0.085497
2823.000000 0.121159
2824.000000 0.010952
2825.000000 0.032516
2826.000000 0.071678
2827.000000 0.185302
2828.000000 0.051320
2829.000000 0.093767
2830.000000 0.090295
2831.000000 0.315593
2832.000000 0.150742
2833.000000 0.056007
2834.000000 0.056374
2835.000000 0.069426
2836.000000 0.140975
2837.000000 0.088587
2838.000000 0.058156
2839.000000 0.130937
2840.000000 0.209143
2841.000000 0.240825
2842.000000 0.100011
2843.000000 0.063819
2844.000000 0.202817
2845.000000 0.227705
2846.000000 0.104150
2847.000000 0.257526
2848.000000 0.332936
2849.000000 0.258921
2850.000000 0.179225
2851.000000 0.081335
2852.000000 0.213349
2853.000000 0.155145
2854.000000 0.064595
2855.000000 0.012394
2856.000000 0.077677
2857.000000 0.313878
2858.000000 0.074751
2859.000000 0.150859
2860.000000 0.275110
2861.000000 0.177430
2862.000000 0.100070
2863.000000 0.110338
2864.000000 0.114775
2865.000000 0.068996
2866.000000 0.129930
2867.000000 0.039508
2868.000000 0.215617
2869.000000 0.222224
2870.000000 0.071037
2871.000000 0.075574
2872.000000 0.252015
2873.000000 0.045122
2874.000000 0.097673
2875.000000 0.087786
2876.000000 0.062279
2877.000000 0.041009
2878.000000 0.124533
2879.000000 0.241566
2880.000000 0.273003
2881.000000 0.019434
2882.000000 0.142023
2883.000000 0.104964
2884.000000 0.123070
2885.000000 0.227144
2886.000000 0.229596
2887.000000 0.105507
2888.000000 0.105003
2889.000000 0.130158
2890.000000 0.077613
2891.000000 0.019526
2892.000000 0.140552
2893.000000 0.041525
2894.000000 0.123165
2895.000000 0.228542
2896.000000 0.204107
2897.000000 0.217231
2898.000000 0.349207
2899.000000 0.180972
2900.000000 0.080727
2901.000000 0.166043
2902.000000 0.026302
2903.000000 0.072944
2904.000000 0.175137
2905.000000 0.053408
2906.000000 0.093893
2907.000000 0.033182
2908.000000 0.131437
2909.000000 0.109681
2910.000000 0.230356
2911.000000 0.034888
2912.000000 0.125924
2913.000000 0.176946
2914.000000 0.080049
2915.000000 0.057427
2916.000000 0.129417
2917.000000 0.152399
2918.000000 0.045611
2919.000000 0.020139
2920.000000 0.126600
2921.000000 0.182981
2922.000000 0.087786
2923.000000 0.183101
2924.000000 0.110365
2925.000000 0.090605
2926.000000 0.097578
2927.000000 0.169147
2928.000000 0.034050
2929.000000 0.123644
2930.000000 0.200899
2931.000000 0.072777
2932.000000 0.095014
2933.000000 0.169533
2934.000000 0.176605
2935.000000 0.117770
2936.000000 0.188616
2937.000000 0.072913
2938.000000 0.199044
2939.000000 0.128842
2940.000000 0.299177
2941.000000 0.194062
2942.000000 0.017892
2943.000000 0.094968
2944.000000 0.147658
2945.000000 0.100895
2946.000000 0.098856
2947.000000 0.075919
2948.000000 0.291727
2949.000000 0.115469
2950.000000 0.098979
2951.000000 0.092088
2952.000000 0.017404
2953.000000 0.145474
2954.000000 0.145105
2955.000000 0.137698
2956.000000 0.142963
2957.000000 0.227546
2958.000000 0.159785
2959.000000 0.144526
2960.000000 0.093034
2961.000000 0.199303
2962.000000 0.086320
2963.000000 0.033685
2964.000000 0.090382
2965.000000 0.109148
2966.000000 0.089077
2967.000000 0.131012
2968.000000 0.143031
2969.000000 0.223867
2970.000000 0.244973
2971.000000 0.170455
2972.000000 0.140622
2973.000000 0.129579
2974.000000 0.168843
2975.000000 0.051286
2976.000000 0.143651
2977.000000 0.165431
2978.000000 0.073142
2979.000000 0.103138
2980.000000 0.126716
2981.000000 0.060734
2982.000000 0.074936
2983.000000 0.093819
2984.000000 0.124568
2985.000000 0.187760
2986.000000 0.156018
2987.000000 0.232220
2988.000000 0.203918
2989.000000 0.034032
2990.000000 0.128697
2991.000000 0.302839
2992.000000 0.193133
2993.000000 0.364357
2994.000000 0.345975
2995.000000 0.168273
2996.000000 0.167649
2997.000000 0.083490
2998.000000 0.085124
2999.000000 0.133788
3000.000000 0.096994
