0.000000 0.389673
1.000000 0.506765
2.000000 0.449363
3.000000 0.484311
4.000000 0.847596
5.000000 0.454321
6.000000 0.587309
7.000000 0.624728
8.000000 0.722468
9.000000 0.269774
10.000000 0.390320
11.000000 0.631441
12.000000 0.621779
13.000000 0.729076
14.000000 0.659844
15.000000 0.366304
16.000000 0.490907
17.000000 0.711000
18.000000 0.370538
19.000000 0.336364
20.000000 0.437097
21.000000 0.151287
22.000000 0.168583
23.000000 0.276239
24.000000 0.380649
25.000000 0.455711
26.000000 0.705146
27.000000 0.515017
28.000000 0.616609
29.000000 0.551565
30.000000 0.249179
31.000000 0.144162
32.000000 0.246657
33.000000 0.053437
34.000000 0.426112
35.000000 0.377424
36.000000 0.559807
37.000000 0.367272
38.000000 0.587339
39.000000 0.596880
40.000000 0.747392
41.000000 0.585332
42.000000 0.654568
43.000000 0.299517
44.000000 0.466733
45.000000 0.534537
46.000000 0.430226
47.000000 0.634828
48.000000 0.526222
49.000000 0.448853
50.000000 0.536793
51.000000 0.378231
52.000000 0.511883
53.000000 0.418129
54.000000 0.239016
55.000000 0.335948
56.000000 0.067646
57.000000 0.464322
58.000000 0.471751
59.000000 0.489308
60.000000 0.322579
61.000000 0.425462
62.000000 0.343801
63.000000 0.382424
64.000000 0.209581
65.000000 0.412146
66.000000 0.482637
67.000000 0.625525
68.000000 0.709850
69.000000 0.736467
70.000000 0.478734
71.000000 0.374938
72.000000 0.343325
73.000000 0.335318
74.000000 0.411171
75.000000 0.593645
76.000000 0.488017
77.000000 0.497618
78.000000 0.557362
79.000000 0.572354
80.000000 0.682626
81.000000 0.502247
82.000000 0.647505
83.000000 0.427799
84.000000 0.554059
85.000000 0.128852
86.000000 0.580434
87.000000 0.287520
88.000000 0.289169
89.000000 0.327677
90.000000 0.328256
91.000000 0.312717
92.000000 0.391226
93.000000 0.261054
94.000000 0.160023
95.000000 0.343749
96.000000 0.176765
97.000000 0.431539
98.000000 0.272874
99.000000 0.474241
100.000000 0.598343
101.000000 0.377102
102.000000 0.320880
103.000000 0.599217
104.000000 0.525094
105.000000 0.308944
106.000000 0.739449
107.000000 0.401924
108.000000 0.405588
109.000000 0.553432
110.000000 0.422428
111.000000 0.198152
112.000000 0.465382
113.000000 0.598887
114.000000 0.536769
115.000000 0.490669
116.000000 0.477828
117.000000 0.468344
118.000000 0.027087
119.000000 0.200382
120.000000 0.218996
121.000000 0.206496
122.000000 0.303971
123.000000 0.199055
124.000000 0.476260
125.000000 0.334154
126.000000 0.095660
127.000000 0.472545
128.000000 0.377522
129.000000 0.186380
130.000000 0.199036
131.000000 0.326136
132.000000 0.473667
133.000000 0.375732
134.000000 0.261164
135.000000 0.275281
136.000000 0.219506
137.000000 0.198327
138.000000 0.523233
139.000000 0.449568
140.000000 0.432247
141.000000 0.141071
142.000000 0.337807
143.000000 0.237406
144.000000 0.259178
145.000000 0.366498
146.000000 0.382100
147.000000 0.552550
148.000000 0.375906
149.000000 0.351468
150.000000 0.267194
151.000000 0.374376
152.000000 0.468854
153.000000 0.414239
154.000000 0.412388
155.000000 0.408666
156.000000 0.588609
157.000000 0.303865
158.000000 0.188004
159.000000 0.380119
160.000000 0.582722
161.000000 0.418356
162.000000 0.573286
163.000000 0.482287
164.000000 0.537174
165.000000 0.545152
166.000000 0.610835
167.000000 0.422578
168.000000 0.666493
169.000000 0.544665
170.000000 0.164543
171.000000 0.451582
172.000000 0.283193
173.000000 0.303314
174.000000 0.575110
175.000000 0.537016
176.000000 0.380309
177.000000 0.145477
178.000000 0.179269
179.000000 0.061806
180.000000 0.159610
181.000000 0.368404
182.000000 0.386497
183.000000 0.546086
184.000000 0.413512
185.000000 0.454505
186.000000 0.388238
187.000000 0.630603
188.000000 0.634914
189.000000 0.388285
190.000000 0.234828
191.000000 0.052171
192.000000 0.207756
193.000000 0.290866
194.000000 0.013134
195.000000 0.556643
196.000000 0.379249
197.000000 0.281757
198.000000 0.476083
199.000000 0.237122
200.000000 0.502347
201.000000 0.486633
202.000000 0.240197
203.000000 0.491583
204.000000 0.428886
205.000000 0.464293
206.000000 0.352076
207.000000 0.306120
208.000000 0.345890
209.000000 0.426769
210.000000 0.445332
211.000000 0.239366
212.000000 0.475698
213.000000 0.615658
214.000000 0.654715
215.000000 0.739867
216.000000 0.489937
217.000000 0.506249
218.000000 0.506505
219.000000 0.600453
220.000000 0.340232
221.000000 0.597854
222.000000 0.389034
223.000000 0.458325
224.000000 0.421970
225.000000 0.481014
226.000000 0.528666
227.000000 0.692423
228.000000 0.628220
229.000000 0.322671
230.000000 0.517600
231.000000 0.520333
232.000000 0.517409
233.000000 0.425965
234.000000 0.364467
235.000000 0.529117
236.000000 0.660897
237.000000 0.599333
238.000000 0.510127
239.000000 0.475332
240.000000 0.348744
241.000000 0.319975
242.000000 0.708979
243.000000 0.500849
244.000000 0.520032
245.000000 0.415540
246.000000 0.465701
247.000000 0.464626
248.000000 0.245953
249.000000 0.413474
250.000000 0.439663
251.000000 0.494345
252.000000 0.477090
253.000000 0.422549
254.000000 0.437002
255.000000 0.246225
256.000000 0.489449
257.000000 0.461486
258.000000 0.668526
259.000000 0.756129
260.000000 0.464341
261.000000 0.621045
262.000000 0.329699
263.000000 0.238922
264.000000 0.513123
265.000000 0.422069
266.000000 0.650155
267.000000 0.751999
268.000000 0.502606
269.000000 0.792097
270.000000 0.491943
271.000000 0.565864
272.000000 0.634150
273.000000 0.535305
274.000000 0.579834
275.000000 0.579424
276.000000 0.567157
277.000000 0.434598
278.000000 0.215760
279.000000 0.242627
280.000000 0.227639
281.000000 0.078941
282.000000 0.275798
283.000000 0.252460
284.000000 0.306821
285.000000 0.374772
286.000000 0.126268
287.000000 0.443810
288.000000 0.564821
289.000000 0.511171
290.000000 0.445615
291.000000 0.430714
292.000000 0.364501
293.000000 0.637419
294.000000 0.505466
295.000000 0.435644
296.000000 0.537356
297.000000 0.267822
298.000000 0.332101
299.000000 0.482813
300.000000 0.303810
301.000000 0.254826
302.000000 0.380526
303.000000 0.478001
304.000000 0.358323
305.000000 0.488677
306.000000 0.217988
307.000000 0.308220
308.000000 0.250398
309.000000 0.524713
310.000000 0.202370
311.000000 0.485934
312.000000 0.370792
313.000000 0.354729
314.000000 0.494569
315.000000 0.476636
316.000000 0.385570
317.000000 0.488751
318.000000 0.609526
319.000000 0.404270
320.000000 0.549846
321.000000 0.322072
322.000000 0.281636
323.000000 0.730808
324.000000 0.417325
325.000000 0.529266
326.000000 0.202147
327.000000 0.201948
328.000000 0.420802
329.000000 0.459049
330.000000 0.144370
331.000000 0.358127
332.000000 0.345840
333.000000 0.022238
334.000000 0.296655
335.000000 0.332646
336.000000 0.526273
337.000000 0.744619
338.000000 0.545799
339.000000 0.462599
340.000000 0.626576
341.000000 0.302108
342.000000 0.718570
343.000000 0.683520
344.000000 0.567429
345.000000 0.452371
346.000000 0.413546
347.000000 0.583931
348.000000 0.288917
349.000000 0.553959
350.000000 0.524465
351.000000 0.539494
352.000000 0.350749
353.000000 0.136528
354.000000 0.356467
355.000000 0.255423
356.000000 0.518610
357.000000 0.578269
358.000000 0.437303
359.000000 0.574465
360.000000 0.562113
361.000000 0.329020
362.000000 0.433452
363.000000 0.567114
364.000000 0.174488
365.000000 0.093250
366.000000 0.344660
367.000000 0.307348
368.000000 0.413497
369.000000 0.413937
370.000000 0.428281
371.000000 0.082516
372.000000 0.521917
373.000000 0.688918
374.000000 0.600569
375.000000 0.453395
376.000000 0.429140
377.000000 0.563500
378.000000 0.420173
379.000000 0.389501
380.000000 0.383625
381.000000 0.345603
382.000000 0.299592
383.000000 0.356966
384.000000 0.173909
385.000000 0.099320
386.000000 0.276866
387.000000 0.488168
388.000000 0.284415
389.000000 0.487636
390.000000 0.270168
391.000000 0.533678
392.000000 0.305394
393.000000 0.394109
394.000000 0.186593
395.000000 0.304586
396.000000 0.462707
397.000000 0.510773
398.000000 0.406109
399.000000 0.145883
400.000000 0.211689
401.000000 0.325548
402.000000 0.546482
403.000000 0.322960
404.000000 0.595012
405.000000 0.440774
406.000000 0.552025
407.000000 0.492345
408.000000 0.509825
409.000000 0.354034
410.000000 0.243167
411.000000 0.179115
412.000000 0.340527
413.000000 0.367909
414.000000 0.333255
415.000000 0.138179
416.000000 0.151719
417.000000 0.294610
418.000000 0.678866
419.000000 0.327287
420.000000 0.444437
421.000000 0.321693
422.000000 0.471865
423.000000 0.514554
424.000000 0.600719
425.000000 0.753172
426.000000 0.614633
427.000000 0.402810
428.000000 0.453036
429.000000 0.281650
430.000000 0.206688
431.000000 0.132485
432.000000 0.332445
433.000000 0.377484
434.000000 0.216134
435.000000 0.483702
436.000000 0.394684
437.000000 0.433631
438.000000 0.485151
439.000000 0.440745
440.000000 0.362594
441.000000 0.601522
442.000000 0.372971
443.000000 0.285923
444.000000 0.108252
445.000000 0.375189
446.000000 0.315428
447.000000 0.238275
448.000000 0.227909
449.000000 0.328306
450.000000 0.044589
451.000000 0.244609
452.000000 0.526118
453.000000 0.074385
454.000000 0.415095
455.000000 0.197259
456.000000 0.457008
457.000000 0.331111
458.000000 0.341570
459.000000 0.573702
460.000000 0.132764
461.000000 0.294911
462.000000 0.522069
463.000000 0.494894
464.000000 0.696395
465.000000 0.502850
466.000000 0.472861
467.000000 0.314429
468.000000 0.350636
469.000000 0.503786
470.000000 0.473139
471.000000 0.342792
472.000000 0.426194
473.000000 0.243149
474.000000 0.276609
475.000000 0.624517
476.000000 0.613790
477.000000 0.445322
478.000000 0.432044
479.000000 0.389534
480.000000 0.357565
481.000000 0.520401
482.000000 0.341034
483.000000 0.523867
484.000000 0.510178
485.000000 0.464583
486.000000 0.277916
487.000000 0.489326
488.000000 0.577380
489.000000 0.584220
490.000000 0.433224
491.000000 0.530046
492.000000 0.248187
493.000000 0.289890
494.000000 0.322040
495.000000 0.150650
496.000000 0.433258
497.000000 0.039784
498.000000 0.111300
499.000000 0.124549
500.000000 0.322476
501.000000 0.261005
502.000000 0.155920
503.000000 0.148612
504.000000 0.362549
505.000000 0.569735
506.000000 0.582914
507.000000 0.700732
508.000000 0.477756
509.000000 0.392481
510.000000 0.256759
511.000000 0.178533
512.000000 0.122511
513.000000 0.077082
514.000000 0.180831
515.000000 0.278179
516.000000 0.231951
517.000000 0.087382
518.000000 0.524395
519.000000 0.328585
520.000000 0.621428
521.000000 0.579211
522.000000 0.398524
523.000000 0.290975
524.000000 0.374300
525.000000 0.350658
526.000000 0.040472
527.000000 0.336097
528.000000 0.059687
529.000000 0.395721
530.000000 0.191516
531.000000 0.160914
532.000000 0.347912
533.000000 0.449514
534.000000 0.488065
535.000000 0.671212
536.000000 0.531004
537.000000 0.387951
538.000000 0.580169
539.000000 0.551060
540.000000 0.359818
541.000000 0.274126
542.000000 0.156501
543.000000 0.218863
544.000000 0.167830
545.000000 0.406888
546.000000 0.347378
547.000000 0.656264
548.000000 0.479049
549.000000 0.252887
550.000000 0.475989
551.000000 0.339384
552.000000 0.603860
553.000000 0.412868
554.000000 0.664946
555.000000 0.326490
556.000000 0.419972
557.000000 0.473011
558.000000 0.411597
559.000000 0.145256
560.000000 0.194090
561.000000 0.415078
562.000000 0.410705
563.000000 0.409867
564.000000 0.512312
565.000000 0.365974
566.000000 0.595602
567.000000 0.684241
568.000000 0.440374
569.000000 0.757155
570.000000 0.633144
571.000000 0.409752
572.000000 0.125423
573.000000 0.474147
574.000000 0.675293
575.000000 0.733339
576.000000 0.654369
577.000000 0.479116
578.000000 0.571786
579.000000 0.588222
580.000000 0.422037
581.000000 0.608483
582.000000 0.512502
583.000000 0.203151
584.000000 0.474049
585.000000 0.472110
586.000000 0.291353
587.000000 0.382289
588.000000 0.459460
589.000000 0.371260
590.000000 0.290941
591.000000 0.335320
592.000000 0.154237
593.000000 0.236243
594.000000 0.391055
595.000000 0.447691
596.000000 0.436463
597.000000 0.457687
598.000000 0.307580
599.000000 0.446234
600.000000 0.229750
601.000000 0.288727
602.000000 0.192559
603.000000 0.308997
604.000000 0.470248
605.000000 0.334700
606.000000 0.144852
607.000000 0.198715
608.000000 0.368797
609.000000 0.540278
610.000000 0.438483
611.000000 0.147612
612.000000 0.450186
613.000000 0.219801
614.000000 0.250211
615.000000 0.396172
616.000000 0.236826
617.000000 0.150304
618.000000 0.332656
619.000000 0.360099
620.000000 0.357612
621.000000 0.351965
622.000000 0.599839
623.000000 0.312517
624.000000 0.330270
625.000000 0.262245
626.000000 0.229493
627.000000 0.138140
628.000000 0.393840
629.000000 0.421226
630.000000 0.650658
631.000000 0.404458
632.000000 0.415609
633.000000 0.182346
634.000000 0.456020
635.000000 0.397343
636.000000 0.400632
637.000000 0.378778
638.000000 0.669884
639.000000 0.472210
640.000000 0.460427
641.000000 0.290337
642.000000 0.680826
643.000000 0.128491
644.000000 0.230791
645.000000 0.325390
646.000000 0.351833
647.000000 0.410927
648.000000 0.466701
649.000000 0.184559
650.000000 0.256606
651.000000 0.073229
652.000000 0.239748
653.000000 0.131368
654.000000 0.496997
655.000000 0.457777
656.000000 0.369273
657.000000 0.664687
658.000000 0.565465
659.000000 0.775604
660.000000 0.525960
661.000000 0.564740
662.000000 0.293197
663.000000 0.382812
664.000000 0.384132
665.000000 0.259959
666.000000 0.059363
667.000000 0.490996
668.000000 0.517816
669.000000 0.046057
670.000000 0.340585
671.000000 0.254571
672.000000 0.394193
673.000000 0.436125
674.000000 0.167606
675.000000 0.301253
676.000000 0.388331
677.000000 0.536583
678.000000 0.693295
679.000000 0.373290
680.000000 0.330669
681.000000 0.324565
682.000000 0.266359
683.000000 0.278301
684.000000 0.362934
685.000000 0.431762
686.000000 0.447955
687.000000 0.410133
688.000000 0.335683
689.000000 0.608385
690.000000 0.349031
691.000000 0.354135
692.000000 0.625802
693.000000 0.378647
694.000000 0.332165
695.000000 0.263195
696.000000 0.108408
697.000000 0.110336
698.000000 0.328786
699.000000 0.261518
700.000000 0.245500
701.000000 0.415434
702.000000 0.515632
703.000000 0.402346
704.000000 0.518666
705.000000 0.397371
706.000000 0.478263
707.000000 0.260801
708.000000 0.464325
709.000000 0.137171
710.000000 0.421550
711.000000 0.221435
712.000000 0.275805
713.000000 0.203565
714.000000 0.326201
715.000000 0.309870
716.000000 0.422376
717.000000 0.502024
718.000000 0.212855
719.000000 0.166214
720.000000 0.199065
721.000000 0.330227
722.000000 0.236522
723.000000 0.346905
724.000000 0.134310
725.000000 0.301097
726.000000 0.185920
727.000000 0.224847
728.000000 0.195644
729.000000 0.149044
730.000000 0.331524
731.000000 0.251558
732.000000 0.110128
733.000000 0.304480
734.000000 0.198212
735.000000 0.271702
736.000000 0.495393
737.000000 0.323714
738.000000 0.516473
739.000000 0.654154
740.000000 0.480377
741.000000 0.438940
742.000000 0.428857
743.000000 0.182035
744.000000 0.067182
745.000000 0.033172
746.000000 0.256758
747.000000 0.190764
748.000000 0.193916
749.000000 0.270867
750.000000 0.538401
751.000000 0.317498
752.000000 0.178048
753.000000 0.197231
754.000000 0.062536
755.000000 0.380010
756.000000 0.343212
757.000000 0.362215
758.000000 0.255005
759.000000 0.321283
760.000000 0.468498
761.000000 0.029809
762.000000 0.234249
763.000000 0.401591
764.000000 0.422933
765.000000 0.187903
766.000000 0.210640
767.000000 0.430964
768.000000 0.617502
769.000000 0.391933
770.000000 0.496801
771.000000 0.389492
772.000000 0.555616
773.000000 0.430633
774.000000 0.252561
775.000000 0.484110
776.000000 0.542844
777.000000 0.426523
778.000000 0.269741
779.000000 0.183020
780.000000 0.482720
781.000000 0.486792
782.000000 0.547574
783.000000 0.468939
784.000000 0.465327
785.000000 0.340514
786.000000 0.478856
787.000000 0.318800
788.000000 0.339606
789.000000 0.499545
790.000000 0.584859
791.000000 0.655327
792.000000 0.417849
793.000000 0.233129
794.000000 0.255992
795.000000 0.252453
796.000000 0.237922
797.000000 0.415345
798.000000 0.405399
799.000000 0.331631
800.000000 0.211126
801.000000 0.418298
802.000000 0.347448
803.000000 0.270161
804.000000 0.259198
805.000000 0.392543
806.000000 0.537569
807.000000 0.520390
808.000000 0.429704
809.000000 0.473228
810.000000 0.262118
811.000000 0.502782
812.000000 0.696350
813.000000 0.546749
814.000000 0.606347
815.000000 0.462484
816.000000 0.492462
817.000000 0.693787
818.000000 0.376072
819.000000 0.308335
820.000000 0.334393
821.000000 0.236037
822.000000 0.054784
823.000000 0.389552
824.000000 0.553407
825.000000 0.352190
826.000000 0.143659
827.000000 0.068164
828.000000 0.293669
829.000000 0.305846
830.000000 0.122620
831.000000 0.584218
832.000000 0.213070
833.000000 0.170224
834.000000 0.011974
835.000000 0.289258
836.000000 0.427184
837.000000 0.199213
838.000000 0.071790
839.000000 0.110181
840.000000 0.150756
841.000000 0.083282
842.000000 0.275744
843.000000 0.382412
844.000000 0.445466
845.000000 0.360018
846.000000 0.370110
847.000000 0.482512
848.000000 0.404261
849.000000 0.492339
850.000000 0.414730
851.000000 0.258273
852.000000 0.617879
853.000000 0.285264
854.000000 0.543364
855.000000 0.594238
856.000000 0.404451
857.000000 0.313690
858.000000 0.060165
859.000000 0.257833
860.000000 0.452665
861.000000 0.305055
862.000000 0.173444
863.000000 0.348200
864.000000 0.151478
865.000000 0.426829
866.000000 0.639483
867.000000 0.598463
868.000000 0.428407
869.000000 0.336328
870.000000 0.462922
871.000000 0.451008
872.000000 0.536307
873.000000 0.497436
874.000000 0.550353
875.000000 0.461112
876.000000 0.311650
877.000000 0.510367
878.000000 0.326567
879.000000 0.511042
880.000000 0.334729
881.000000 0.568709
882.000000 0.585680
883.000000 0.483880
884.000000 0.242558
885.000000 0.451019
886.000000 0.359154
887.000000 0.457836
888.000000 0.338711
889.000000 0.223093
890.000000 0.390470
891.000000 0.524372
892.000000 0.513344
893.000000 0.537909
894.000000 0.757760
895.000000 0.516074
896.000000 0.657459
897.000000 0.474705
898.000000 0.394808
899.000000 0.341994
900.000000 0.299377
901.000000 0.101062
902.000000 0.290030
903.000000 0.046256
904.000000 0.272852
905.000000 0.061747
906.000000 0.342487
907.000000 0.376325
908.000000 0.286182
909.000000 0.441896
910.000000 0.400405
911.000000 0.431713
912.000000 0.291090
913.000000 0.205821
914.000000 0.270334
915.000000 0.394596
916.000000 0.583821
917.000000 0.499973
918.000000 0.593585
919.000000 0.443397
920.000000 0.426151
921.000000 0.499978
922.000000 0.460876
923.000000 0.455972
924.000000 0.357709
925.000000 0.449599
926.000000 0.524170
927.000000 0.418511
928.000000 0.411820
929.000000 0.743044
930.000000 0.255113
931.000000 0.546011
932.000000 0.385989
933.000000 0.286968
934.000000 0.150203
935.000000 0.031864
936.000000 0.296740
937.000000 0.359265
938.000000 0.416467
939.000000 0.288111
940.000000 0.080550
941.000000 0.295761
942.000000 0.028418
943.000000 0.049143
944.000000 0.074813
945.000000 0.185155
946.000000 0.539965
947.000000 0.560545
948.000000 0.354856
949.000000 0.377328
950.000000 0.633011
951.000000 0.480069
952.000000 0.560951
953.000000 0.174164
954.000000 0.442978
955.000000 0.341437
956.000000 0.185343
957.000000 0.422233
958.000000 0.342753
959.000000 0.147658
960.000000 0.353468
961.000000 0.394240
962.000000 0.136265
963.000000 0.364622
964.000000 0.298088
965.000000 0.541065
966.000000 0.444556
967.000000 0.525445
968.000000 0.522480
969.000000 0.463323
970.000000 0.476925
971.000000 0.227800
972.000000 0.407392
973.000000 0.344799
974.000000 0.364250
975.000000 0.422305
976.000000 0.372778
977.000000 0.393972
978.000000 0.111652
979.000000 0.232191
980.000000 0.355435
981.000000 0.129765
982.000000 0.261824
983.000000 0.437723
984.000000 0.437887
985.000000 0.423899
986.000000 0.657341
987.000000 0.165246
988.000000 0.248036
989.000000 0.420740
990.000000 0.314812
991.000000 0.172161
992.000000 0.113493
993.000000 0.408568
994.000000 0.374687
995.000000 0.601164
996.000000 0.528200
997.000000 0.499207
998.000000 0.562690
999.000000 0.399698
1000.000000 0.417036
1001.000000 0.301817
1002.000000 0.159110
1003.000000 0.158865
1004.000000 0.076679
1005.000000 0.202092
1006.000000 0.326433
1007.000000 0.236172
1008.000000 0.069293
1009.000000 0.397233
1010.000000 0.342722
1011.000000 0.410189
1012.000000 0.330053
1013.000000 0.367718
1014.000000 0.317123
1015.000000 0.179378
1016.000000 0.315819
1017.000000 0.268690
1018.000000 0.134192
1019.000000 0.286010
1020.000000 0.304740
1021.000000 0.537757
1022.000000 0.595015
1023.000000 0.428740
1024.000000 0.465861
1025.000000 0.428991
1026.000000 0.210639
1027.000000 0.397782
1028.000000 0.256090
1029.000000 0.515974
1030.000000 0.392846
1031.000000 0.235571
1032.000000 0.388265
1033.000000 0.350878
1034.000000 0.376041
1035.000000 0.455176
1036.000000 0.144117
1037.000000 0.471427
1038.000000 0.410872
1039.000000 0.345307
1040.000000 0.542233
1041.000000 0.490141
1042.000000 0.464880
1043.000000 0.371345
1044.000000 0.334432
1045.000000 0.413370
1046.000000 0.431539
1047.000000 0.396400
1048.000000 0.465620
1049.000000 0.207752
1050.000000 0.520640
1051.000000 0.450159
1052.000000 0.403481
1053.000000 0.492523
1054.000000 0.322854
1055.000000 0.216537
1056.000000 0.315058
1057.000000 0.322634
1058.000000 0.496949
1059.000000 0.506569
1060.000000 0.407983
1061.000000 0.441390
1062.000000 0.319807
1063.000000 0.268455
1064.000000 0.235612
1065.000000 0.227262
1066.000000 0.148158
1067.000000 0.100213
1068.000000 0.167147
1069.000000 0.327181
1070.000000 0.563228
1071.000000 0.620225
1072.000000 0.494216
1073.000000 0.386435
1074.000000 0.668883
1075.000000 0.459012
1076.000000 0.573800
1077.000000 0.100106
1078.000000 0.149169
1079.000000 0.363823
1080.000000 0.326547
1081.000000 0.252827
1082.000000 0.269789
1083.000000 0.420292
1084.000000 0.140628
1085.000000 0.246215
1086.000000 0.090592
1087.000000 0.206701
1088.000000 0.308585
1089.000000 0.168489
1090.000000 0.446467
1091.000000 0.324870
1092.000000 0.442277
1093.000000 0.168053
1094.000000 0.163924
1095.000000 0.192946
1096.000000 0.191480
1097.000000 0.327688
1098.000000 0.447707
1099.000000 0.455872
1100.000000 0.244014
1101.000000 0.278805
1102.000000 0.207161
1103.000000 0.090533
1104.000000 0.226903
1105.000000 0.256599
1106.000000 0.510610
1107.000000 0.203983
1108.000000 0.506422
1109.000000 0.267830
1110.000000 0.252068
1111.000000 0.090267
1112.000000 0.207686
1113.000000 0.466162
1114.000000 0.579259
1115.000000 0.503904
1116.000000 0.206143
1117.000000 0.455670
1118.000000 0.380449
1119.000000 0.498383
1120.000000 0.349932
1121.000000 0.275298
1122.000000 0.558198
1123.000000 0.210291
1124.000000 0.540961
1125.000000 0.261316
1126.000000 0.126645
1127.000000 0.549680
1128.000000 0.469265
1129.000000 0.381494
1130.000000 0.511642
1131.000000 0.366321
1132.000000 0.194280
1133.000000 0.496866
1134.000000 0.567626
1135.000000 0.542648
1136.000000 0.362598
1137.000000 0.603958
1138.000000 0.597366
1139.000000 0.380798
1140.000000 0.593887
1141.000000 0.373727
1142.000000 0.190368
1143.000000 0.420912
1144.000000 0.590784
1145.000000 0.584362
1146.000000 0.173015
1147.000000 0.362543
1148.000000 0.597707
1149.000000 0.650483
1150.000000 0.619089
1151.000000 0.563005
1152.000000 0.405854
1153.000000 0.689022
1154.000000 0.482479
1155.000000 0.420296
1156.000000 0.271016
1157.000000 0.345560
1158.000000 0.529661
1159.000000 0.454742
1160.000000 0.457520
1161.000000 0.378961
1162.000000 0.623531
1163.000000 0.363420
1164.000000 0.189013
1165.000000 0.487732
1166.000000 0.142626
1167.000000 0.339778
1168.000000 0.471372
1169.000000 0.344109
1170.000000 0.173626
1171.000000 0.429151
1172.000000 0.601278
1173.000000 0.319510
1174.000000 0.225324
1175.000000 0.398794
1176.000000 0.291090
1177.000000 0.452860
1178.000000 0.150337
1179.000000 0.117575
1180.000000 0.493229
1181.000000 0.345551
1182.000000 0.252580
1183.000000 0.295089
1184.000000 0.024140
1185.000000 0.388040
1186.000000 0.100869
1187.000000 0.313430
1188.000000 0.342197
1189.000000 0.390516
1190.000000 0.330940
1191.000000 0.235677
1192.000000 0.148879
1193.000000 0.528127
1194.000000 0.418435
1195.000000 0.377946
1196.000000 0.418961
1197.000000 0.166730
1198.000000 0.356811
1199.000000 0.442369
1200.000000 0.527589
1201.000000 0.457591
1202.000000 0.408936
1203.000000 0.455935
1204.000000 0.316711
1205.000000 0.306014
1206.000000 0.221555
1207.000000 0.330313
1208.000000 0.064594
1209.000000 0.206325
1210.000000 0.237127
1211.000000 0.225666
1212.000000 0.221678
1213.000000 0.165421
1214.000000 0.240385
1215.000000 0.304391
1216.000000 0.133716
1217.000000 0.155370
1218.000000 0.169408
1219.000000 0.031974
1220.000000 0.488107
1221.000000 0.276873
1222.000000 0.453707
1223.000000 0.620509
1224.000000 0.539615
1225.000000 0.343991
1226.000000 0.261804
1227.000000 0.398683
1228.000000 0.616242
1229.000000 0.825700
1230.000000 0.404767
1231.000000 0.510359
1232.000000 0.089992
1233.000000 0.425433
1234.000000 0.307773
1235.000000 0.761632
1236.000000 0.671561
1237.000000 0.426617
1238.000000 0.245373
1239.000000 0.412274
1240.000000 0.468454
1241.000000 0.231269
1242.000000 0.339529
1243.000000 0.124549
1244.000000 0.204952
1245.000000 0.383883
1246.000000 0.575707
1247.000000 0.515063
1248.000000 0.665689
1249.000000 0.395198
1250.000000 0.617763
1251.000000 0.227898
1252.000000 0.173721
1253.000000 0.353205
1254.000000 0.317076
1255.000000 0.243128
1256.000000 0.433203
1257.000000 0.494881
1258.000000 0.269961
1259.000000 0.243249
1260.000000 0.141818
1261.000000 0.219698
1262.000000 0.052817
1263.000000 0.309075
1264.000000 0.288487
1265.000000 0.400591
1266.000000 0.546749
1267.000000 0.400189
1268.000000 0.313445
1269.000000 0.159896
1270.000000 0.368419
1271.000000 0.343955
1272.000000 0.535077
1273.000000 0.443860
1274.000000 0.308222
1275.000000 0.514527
1276.000000 0.220245
1277.000000 0.426039
1278.000000 0.307098
1279.000000 0.537051
1280.000000 0.603635
1281.000000 0.506249
1282.000000 0.226855
1283.000000 0.155020
1284.000000 0.335024
1285.000000 0.271486
1286.000000 0.342954
1287.000000 0.243665
1288.000000 0.259726
1289.000000 0.226877
1290.000000 0.187371
1291.000000 0.051541
1292.000000 0.292556
1293.000000 0.466816
1294.000000 0.487538
1295.000000 0.570905
1296.000000 0.592025
1297.000000 0.744796
1298.000000 0.354898
1299.000000 0.317671
1300.000000 0.182811
1301.000000 0.120390
1302.000000 0.270116
1303.000000 0.214263
1304.000000 0.323984
1305.000000 0.240710
1306.000000 0.247725
1307.000000 0.096586
1308.000000 0.101483
1309.000000 0.235597
1310.000000 0.444724
1311.000000 0.405509
1312.000000 0.636045
1313.000000 0.620431
1314.000000 0.609699
1315.000000 0.639450
1316.000000 0.429673
1317.000000 0.554236
1318.000000 0.547293
1319.000000 0.620647
1320.000000 0.570567
1321.000000 0.384772
1322.000000 0.646063
1323.000000 0.578713
1324.000000 0.515829
1325.000000 0.258003
1326.000000 0.469292
1327.000000 0.579418
1328.000000 0.459210
1329.000000 0.589901
1330.000000 0.475863
1331.000000 0.623095
1332.000000 0.639914
1333.000000 0.559496
1334.000000 0.490655
1335.000000 0.618270
1336.000000 0.582880
1337.000000 0.412457
1338.000000 0.171709
1339.000000 0.548823
1340.000000 0.568911
1341.000000 0.398935
1342.000000 0.525901
1343.000000 0.566512
1344.000000 0.305051
1345.000000 0.418011
1346.000000 0.314430
1347.000000 0.544636
1348.000000 0.495308
1349.000000 0.439866
1350.000000 0.552433
1351.000000 0.643522
1352.000000 0.479574
1353.000000 0.491231
1354.000000 0.525047
1355.000000 0.569103
1356.000000 0.516845
1357.000000 0.347247
1358.000000 0.357128
1359.000000 0.214574
1360.000000 0.442671
1361.000000 0.352006
1362.000000 0.478741
1363.000000 0.289143
1364.000000 0.460894
1365.000000 0.309307
1366.000000 0.107205
1367.000000 0.271358
1368.000000 0.308774
1369.000000 0.432389
1370.000000 0.257749
1371.000000 0.223446
1372.000000 0.392082
1373.000000 0.171153
1374.000000 0.454681
1375.000000 0.277095
1376.000000 0.477206
1377.000000 0.609142
1378.000000 0.303855
1379.000000 0.278877
1380.000000 0.318492
1381.000000 0.138719
1382.000000 0.120408
1383.000000 0.191839
1384.000000 0.322276
1385.000000 0.446515
1386.000000 0.560925
1387.000000 0.475252
1388.000000 0.508336
1389.000000 0.364346
1390.000000 0.435409
1391.000000 0.363612
1392.000000 0.350508
1393.000000 0.273257
1394.000000 0.582141
1395.000000 0.161388
1396.000000 0.660079
1397.000000 0.506792
1398.000000 0.355355
1399.000000 0.451262
1400.000000 0.302027
1401.000000 0.280049
1402.000000 0.498936
1403.000000 0.255225
1404.000000 0.361483
1405.000000 0.317128
1406.000000 0.363706
1407.000000 0.252519
1408.000000 0.350828
1409.000000 0.233340
1410.000000 0.250609
1411.000000 0.210421
1412.000000 0.027791
1413.000000 0.132465
1414.000000 0.489098
1415.000000 0.210578
1416.000000 0.294675
1417.000000 0.405637
1418.000000 0.261834
1419.000000 0.377008
1420.000000 0.122326
1421.000000 0.311960
1422.000000 0.429200
1423.000000 0.515265
1424.000000 0.437189
1425.000000 0.306447
1426.000000 0.116557
1427.000000 0.683079
1428.000000 0.597959
1429.000000 0.237174
1430.000000 0.294011
1431.000000 0.172913
1432.000000 0.168894
1433.000000 0.238173
1434.000000 0.189425
1435.000000 0.553730
1436.000000 0.591803
1437.000000 0.239960
1438.000000 0.288038
1439.000000 0.245459
1440.000000 0.200578
1441.000000 0.169498
1442.000000 0.511506
1443.000000 0.212140
1444.000000 0.276743
1445.000000 0.278207
1446.000000 0.205440
1447.000000 0.270043
1448.000000 0.245352
1449.000000 0.239404
1450.000000 0.485472
1451.000000 0.423286
1452.000000 0.169920
1453.000000 0.105110
1454.000000 0.341938
1455.000000 0.304413
1456.000000 0.521338
1457.000000 0.308616
1458.000000 0.080466
1459.000000 0.357111
1460.000000 0.176349
1461.000000 0.202552
1462.000000 0.241144
1463.000000 0.255685
1464.000000 0.289681
1465.000000 0.285537
1466.000000 0.053570
1467.000000 0.268751
1468.000000 0.165328
1469.000000 0.491632
1470.000000 0.667916
1471.000000 0.299475
1472.000000 0.445429
1473.000000 0.532451
1474.000000 0.405211
1475.000000 0.309948
1476.000000 0.174414
1477.000000 0.381713
1478.000000 0.421721
1479.000000 0.125140
1480.000000 0.215874
1481.000000 0.186205
1482.000000 0.579552
1483.000000 0.027260
1484.000000 0.308937
1485.000000 0.396101
1486.000000 0.551053
1487.000000 0.479186
1488.000000 0.431446
1489.000000 0.401410
1490.000000 0.380156
1491.000000 0.273820
1492.000000 0.317648
1493.000000 0.336464
1494.000000 0.298084
1495.000000 0.439274
1496.000000 0.273149
1497.000000 0.392996
1498.000000 0.202740
1499.000000 0.560175
1500.000000 0.468326
1501.000000 0.297394
1502.000000 0.207642
1503.000000 0.670354
1504.000000 0.309737
1505.000000 0.549769
1506.000000 0.596480
1507.000000 0.561052
1508.000000 0.170402
1509.000000 0.209697
1510.000000 0.137570
1511.000000 0.371616
1512.000000 0.288404
1513.000000 0.247192
1514.000000 0.445295
1515.000000 0.275353
1516.000000 0.396683
1517.000000 0.386782
1518.000000 0.332129
1519.000000 0.340698
1520.000000 0.322953
1521.000000 0.265423
1522.000000 0.221863
1523.000000 0.142314
1524.000000 0.095759
1525.000000 0.413041
1526.000000 0.420326
1527.000000 0.310168
1528.000000 0.204408
1529.000000 0.175190
1530.000000 0.250647
1531.000000 0.100306
1532.000000 0.405326
1533.000000 0.521682
1534.000000 0.408977
1535.000000 0.445457
1536.000000 0.227733
1537.000000 0.415647
1538.000000 0.422514
1539.000000 0.049185
1540.000000 0.305604
1541.000000 0.517301
1542.000000 0.581601
1543.000000 0.341138
1544.000000 0.326716
1545.000000 0.231892
1546.000000 0.437603
1547.000000 0.402026
1548.000000 0.476981
1549.000000 0.601939
1550.000000 0.413627
1551.000000 0.287475
1552.000000 0.241987
1553.000000 0.509074
1554.000000 0.703950
1555.000000 0.506287
1556.000000 0.602695
1557.000000 0.467628
1558.000000 0.573621
1559.000000 0.683883
1560.000000 0.596542
1561.000000 0.667683
1562.000000 0.764136
1563.000000 0.433204
1564.000000 0.320817
1565.000000 0.485577
1566.000000 0.271671
1567.000000 0.508060
1568.000000 0.683692
1569.000000 0.521468
1570.000000 0.478847
1571.000000 0.594912
1572.000000 0.651797
1573.000000 0.489863
1574.000000 0.589508
1575.000000 0.611209
1576.000000 0.627365
1577.000000 0.761617
1578.000000 0.645309
1579.000000 0.464339
1580.000000 0.387284
1581.000000 0.337577
1582.000000 0.518006
1583.000000 0.214736
1584.000000 0.333992
1585.000000 0.410772
1586.000000 0.635124
1587.000000 0.288954
1588.000000 0.376997
1589.000000 0.087468
1590.000000 0.207933
1591.000000 0.569207
1592.000000 0.442305
1593.000000 0.263087
1594.000000 0.147760
1595.000000 0.046602
1596.000000 0.058887
1597.000000 0.376785
1598.000000 0.244802
1599.000000 0.461747
1600.000000 0.332209
1601.000000 0.345394
1602.000000 0.341853
1603.000000 0.233282
1604.000000 0.346815
1605.000000 0.426037
1606.000000 0.236719
1607.000000 0.287295
1608.000000 0.371499
1609.000000 0.419789
1610.000000 0.210013
1611.000000 0.266879
1612.000000 0.414843
1613.000000 0.219124
1614.000000 0.323720
1615.000000 0.471923
1616.000000 0.340604
1617.000000 0.358435
1618.000000 0.585786
1619.000000 0.314869
1620.000000 0.467163
1621.000000 0.485122
1622.000000 0.639013
1623.000000 0.522244
1624.000000 0.171240
1625.000000 0.336498
1626.000000 0.169618
1627.000000 0.122771
1628.000000 0.600146
1629.000000 0.672200
1630.000000 0.545406
1631.000000 0.254769
1632.000000 0.408060
1633.000000 0.511880
1634.000000 0.261107
1635.000000 0.214339
1636.000000 0.350346
1637.000000 0.180877
1638.000000 0.283425
1639.000000 0.037390
1640.000000 0.239875
1641.000000 0.296639
1642.000000 0.588101
1643.000000 0.253845
1644.000000 0.506095
1645.000000 0.474397
1646.000000 0.476117
1647.000000 0.586850
1648.000000 0.334182
1649.000000 0.432809
1650.000000 0.107068
1651.000000 0.497358
1652.000000 0.473126
1653.000000 0.536040
1654.000000 0.553894
1655.000000 0.465766
1656.000000 0.334552
1657.000000 0.381268
1658.000000 0.309181
1659.000000 0.100658
1660.000000 0.103285
1661.000000 0.060957
1662.000000 0.459405
1663.000000 0.470915
1664.000000 0.327657
1665.000000 0.441171
1666.000000 0.231672
1667.000000 0.372215
1668.000000 0.372252
1669.000000 0.304480
1670.000000 0.099373
1671.000000 0.555109
1672.000000 0.526758
1673.000000 0.522207
1674.000000 0.583602
1675.000000 0.358896
1676.000000 0.539228
1677.000000 0.681767
1678.000000 0.409015
1679.000000 0.422978
1680.000000 0.286211
1681.000000 0.396108
1682.000000 0.611727
1683.000000 0.270553
1684.000000 0.110437
1685.000000 0.391527
1686.000000 0.311732
1687.000000 0.624444
1688.000000 0.629502
1689.000000 0.514981
1690.000000 0.367841
1691.000000 0.607510
1692.000000 0.555649
1693.000000 0.462737
1694.000000 0.274172
1695.000000 0.335926
1696.000000 0.381545
1697.000000 0.431008
1698.000000 0.269303
1699.000000 0.526435
1700.000000 0.563642
1701.000000 0.715079
1702.000000 0.241294
1703.000000 0.196701
1704.000000 0.170214
1705.000000 0.426335
1706.000000 0.224624
1707.000000 0.406538
1708.000000 0.433970
1709.000000 0.352989
1710.000000 0.235098
1711.000000 0.413810
1712.000000 0.576717
1713.000000 0.520228
1714.000000 0.331010
1715.000000 0.137438
1716.000000 0.152286
1717.000000 0.427989
1718.000000 0.226941
1719.000000 0.328180
1720.000000 0.476946
1721.000000 0.681538
1722.000000 0.433189
1723.000000 0.617025
1724.000000 0.530990
1725.000000 0.389677
1726.000000 0.190271
1727.000000 0.303100
1728.000000 0.296432
1729.000000 0.460538
1730.000000 0.410604
1731.000000 0.586049
1732.000000 0.492469
1733.000000 0.482642
1734.000000 0.083589
1735.000000 0.169202
1736.000000 0.401683
1737.000000 0.278676
1738.000000 0.533300
1739.000000 0.126291
1740.000000 0.294574
1741.000000 0.318864
1742.000000 0.609591
1743.000000 0.525139
1744.000000 0.241030
1745.000000 0.043743
1746.000000 0.281170
1747.000000 0.373280
1748.000000 0.134420
1749.000000 0.343174
1750.000000 0.188556
1751.000000 0.293511
1752.000000 0.282514
1753.000000 0.204787
1754.000000 0.294759
1755.000000 0.502682
1756.000000 0.178054
1757.000000 0.293712
1758.000000 0.131357
1759.000000 0.223905
1760.000000 0.210554
1761.000000 0.087094
1762.000000 0.426993
1763.000000 0.228283
1764.000000 0.167166
1765.000000 0.208513
1766.000000 0.073702
1767.000000 0.097136
1768.000000 0.429736
1769.000000 0.588681
1770.000000 0.266703
1771.000000 0.166468
1772.000000 0.264301
1773.000000 0.216514
1774.000000 0.326778
1775.000000 0.225604
1776.000000 0.253837
1777.000000 0.192389
1778.000000 0.118155
1779.000000 0.363526
1780.000000 0.135174
1781.000000 0.572027
1782.000000 0.448073
1783.000000 0.551987
1784.000000 0.480917
1785.000000 0.475855
1786.000000 0.542732
1787.000000 0.346797
1788.000000 0.585523
1789.000000 0.531107
1790.000000 0.198397
1791.000000 0.538544
1792.000000 0.444062
1793.000000 0.639864
1794.000000 0.476648
1795.000000 0.434597
1796.000000 0.509194
1797.000000 0.710229
1798.000000 0.472153
1799.000000 0.621463
1800.000000 0.363716
1801.000000 0.282095
1802.000000 0.322379
1803.000000 0.238432
1804.000000 0.225996
1805.000000 0.415708
1806.000000 0.177118
1807.000000 0.524886
1808.000000 0.338515
1809.000000 0.741363
1810.000000 0.495534
1811.000000 0.200076
1812.000000 0.296326
1813.000000 0.528212
1814.000000 0.124187
1815.000000 0.197509
1816.000000 0.193575
1817.000000 0.457073
1818.000000 0.282039
1819.000000 0.462457
1820.000000 0.281032
1821.000000 0.125774
1822.000000 0.444501
1823.000000 0.491686
1824.000000 0.304443
1825.000000 0.285432
1826.000000 0.334011
1827.000000 0.754801
1828.000000 0.412769
1829.000000 0.363565
1830.000000 0.312215
1831.000000 0.050344
1832.000000 0.046184
1833.000000 0.056331
1834.000000 0.072622
1835.000000 0.531941
1836.000000 0.297478
1837.000000 0.260783
1838.000000 0.311472
1839.000000 0.187031
1840.000000 0.157935
1841.000000 0.099594
1842.000000 0.426130
1843.000000 0.130907
1844.000000 0.064322
1845.000000 0.325425
1846.000000 0.290415
1847.000000 0.246286
1848.000000 0.067674
1849.000000 0.236167
1850.000000 0.174430
1851.000000 0.412290
1852.000000 0.386804
1853.000000 0.322682
1854.000000 0.443951
1855.000000 0.516584
1856.000000 0.549312
1857.000000 0.345995
1858.000000 0.209079
1859.000000 0.253994
1860.000000 0.354909
1861.000000 0.247336
1862.000000 0.479275
1863.000000 0.561061
1864.000000 0.440559
1865.000000 0.627482
1866.000000 0.506260
1867.000000 0.369318
1868.000000 0.584312
1869.000000 0.406649
1870.000000 0.267073
1871.000000 0.175141
1872.000000 0.364165
1873.000000 0.285857
1874.000000 0.300249
1875.000000 0.387923
1876.000000 0.204563
1877.000000 0.100127
1878.000000 0.253156
1879.000000 0.048211
1880.000000 0.349059
1881.000000 0.306803
1882.000000 0.395073
1883.000000 0.496638
1884.000000 0.267099
1885.000000 0.448807
1886.000000 0.240035
1887.000000 0.103613
1888.000000 0.269605
1889.000000 0.422129
1890.000000 0.281148
1891.000000 0.278920
1892.000000 0.394171
1893.000000 0.379701
1894.000000 0.342056
1895.000000 0.294253
1896.000000 0.111309
1897.000000 0.409112
1898.000000 0.439121
1899.000000 0.425164
1900.000000 0.445740
1901.000000 0.448903
1902.000000 0.124016
1903.000000 0.222103
1904.000000 0.222648
1905.000000 0.110762
1906.000000 0.409524
1907.000000 0.367481
1908.000000 0.280488
1909.000000 0.419447
1910.000000 0.230293
1911.000000 0.344422
1912.000000 0.116253
1913.000000 0.322266
1914.000000 0.233378
1915.000000 0.573171
1916.000000 0.458770
1917.000000 0.536612
1918.000000 0.382760
1919.000000 0.470186
1920.000000 0.266615
1921.000000 0.457953
1922.000000 0.286817
1923.000000 0.194543
1924.000000 0.069402
1925.000000 0.232932
1926.000000 0.046290
1927.000000 0.081343
1928.000000 0.155813
1929.000000 0.382284
1930.000000 0.302745
1931.000000 0.357021
1932.000000 0.453044
1933.000000 0.692291
1934.000000 0.553952
1935.000000 0.624826
1936.000000 0.388705
1937.000000 0.533331
1938.000000 0.591350
1939.000000 0.595268
1940.000000 0.497161
1941.000000 0.693976
1942.000000 0.304152
1943.000000 0.124689
1944.000000 0.076011
1945.000000 0.105993
1946.000000 0.570220
1947.000000 0.356481
1948.000000 0.304705
1949.000000 0.366216
1950.000000 0.599487
1951.000000 0.569099
1952.000000 0.571907
1953.000000 0.636715
1954.000000 0.329864
1955.000000 0.258873
1956.000000 0.296639
1957.000000 0.269270
1958.000000 0.222342
1959.000000 0.373680
1960.000000 0.389927
1961.000000 0.513213
1962.000000 0.599505
1963.000000 0.374703
1964.000000 0.380552
1965.000000 0.331327
1966.000000 0.229112
1967.000000 0.062970
1968.000000 0.433596
1969.000000 0.462402
1970.000000 0.196045
1971.000000 0.216548
1972.000000 0.091730
1973.000000 0.146108
1974.000000 0.115446
1975.000000 0.500223
1976.000000 0.200147
1977.000000 0.407708
1978.000000 0.549506
1979.000000 0.513511
1980.000000 0.477173
1981.000000 0.330503
1982.000000 0.425826
1983.000000 0.437409
1984.000000 0.337809
1985.000000 0.333029
1986.000000 0.258007
1987.000000 0.330351
1988.000000 0.300112
1989.000000 0.527302
1990.000000 0.519376
1991.000000 0.363871
1992.000000 0.196669
1993.000000 0.152318
1994.000000 0.132116
1995.000000 0.459780
1996.000000 0.413949
1997.000000 0.184244
1998.000000 0.620433
1999.000000 0.523230
2000.000000 0.546873
2001.000000 0.622336
2002.000000 0.703366
2003.000000 0.340183
2004.000000 0.480637
2005.000000 0.566736
2006.000000 0.375631
2007.000000 0.238331
2008.000000 0.258971
2009.000000 0.184207
2010.000000 0.202093
2011.000000 0.408759
2012.000000 0.349730
2013.000000 0.550454
2014.000000 0.495471
2015.000000 0.181025
2016.000000 0.181400
2017.000000 0.372415
2018.000000 0.486589
2019.000000 0.305225
2020.000000 0.293504
2021.000000 0.172915
2022.000000 0.439013
2023.000000 0.398887
2024.000000 0.427572
2025.000000 0.236085
2026.000000 0.418617
2027.000000 0.375805
2028.000000 0.378521
2029.000000 0.682283
2030.000000 0.349938
2031.000000 0.597617
2032.000000 0.180360
2033.000000 0.310175
2034.000000 0.122446
2035.000000 0.355137
2036.000000 0.401212
2037.000000 0.452550
2038.000000 0.186883
2039.000000 0.514758
2040.000000 0.502525
2041.000000 0.568140
2042.000000 0.526285
2043.000000 0.295211
2044.000000 0.264596
2045.000000 0.370489
2046.000000 0.370153
2047.000000 0.126568
2048.000000 0.339500
2049.000000 0.323250
2050.000000 0.240900
2051.000000 0.264609
2052.000000 0.333415
2053.000000 0.552643
2054.000000 0.570449
2055.000000 0.380541
2056.000000 0.443177
2057.000000 0.649731
2058.000000 0.510805
2059.000000 0.188054
2060.000000 0.084338
2061.000000 0.202932
2062.000000 0.233370
2063.000000 0.454880
2064.000000 0.246917
2065.000000 0.231306
2066.000000 0.274893
2067.000000 0.409025
2068.000000 0.247586
2069.000000 0.262561
2070.000000 0.181080
2071.000000 0.325224
2072.000000 0.639108
2073.000000 0.455621
2074.000000 0.390451
2075.000000 0.060443
2076.000000 0.206750
2077.000000 0.417773
2078.000000 0.056284
2079.000000 0.142996
2080.000000 0.207682
2081.000000 0.229572
2082.000000 0.357286
2083.000000 0.443941
2084.000000 0.150291
2085.000000 0.192871
2086.000000 0.332271
2087.000000 0.279319
2088.000000 0.208726
2089.000000 0.027246
2090.000000 0.396297
2091.000000 0.425707
2092.000000 0.207054
2093.000000 0.371063
2094.000000 0.258702
2095.000000 0.213378
2096.000000 0.257982
2097.000000 0.420324
2098.000000 0.417444
2099.000000 0.299046
2100.000000 0.139890
2101.000000 0.096340
2102.000000 0.217635
2103.000000 0.391977
2104.000000 0.308156
2105.000000 0.400055
2106.000000 0.325156
2107.000000 0.294294
2108.000000 0.239320
2109.000000 0.210544
2110.000000 0.295442
2111.000000 0.299634
2112.000000 0.354533
2113.000000 0.248033
2114.000000 0.378595
2115.000000 0.179360
2116.000000 0.296572
2117.000000 0.214898
2118.000000 0.326132
2119.000000 0.291348
2120.000000 0.297368
2121.000000 0.047258
2122.000000 0.198733
2123.000000 0.128583
2124.000000 0.168066
2125.000000 0.244579
2126.000000 0.380229
2127.000000 0.283272
2128.000000 0.217180
2129.000000 0.274371
2130.000000 0.200958
2131.000000 0.324709
2132.000000 0.173070
2133.000000 0.278615
2134.000000 0.146295
2135.000000 0.250418
2136.000000 0.374081
2137.000000 0.307296
2138.000000 0.374931
2139.000000 0.256249
2140.000000 0.180377
2141.000000 0.182559
2142.000000 0.275068
2143.000000 0.425436
2144.000000 0.460753
2145.000000 0.099823
2146.000000 0.172447
2147.000000 0.104570
2148.000000 0.222796
2149.000000 0.350929
2150.000000 0.523883
2151.000000 0.252001
2152.000000 0.191482
2153.000000 0.398149
2154.000000 0.484239
2155.000000 0.266998
2156.000000 0.216286
2157.000000 0.409958
2158.000000 0.195344
2159.000000 0.253685
2160.000000 0.316268
2161.000000 0.091888
2162.000000 0.535595
2163.000000 0.405389
2164.000000 0.263796
2165.000000 0.410105
2166.000000 0.394509
2167.000000 0.269120
2168.000000 0.186434
2169.000000 0.325140
2170.000000 0.213658
2171.000000 0.122683
2172.000000 0.069299
2173.000000 0.228768
2174.000000 0.071399
2175.000000 0.210127
2176.000000 0.293945
2177.000000 0.104177
2178.000000 0.374908
2179.000000 0.341811
2180.000000 0.399224
2181.000000 0.524083
2182.000000 0.395716
2183.000000 0.283857
2184.000000 0.243902
2185.000000 0.190915
2186.000000 0.143645
2187.000000 0.556086
2188.000000 0.442778
2189.000000 0.506139
2190.000000 0.389027
2191.000000 0.153876
2192.000000 0.568902
2193.000000 0.559426
2194.000000 0.232517
2195.000000 0.542283
2196.000000 0.548108
2197.000000 0.394969
2198.000000 0.651355
2199.000000 0.582640
2200.000000 0.723761
2201.000000 0.575191
2202.000000 0.532096
2203.000000 0.224764
2204.000000 0.233981
2205.000000 0.126023
2206.000000 0.187792
2207.000000 0.266804
2208.000000 0.293356
2209.000000 0.505316
2210.000000 0.304491
2211.000000 0.676128
2212.000000 0.425040
2213.000000 0.319664
2214.000000 0.212432
2215.000000 0.240687
2216.000000 0.146868
2217.000000 0.370610
2218.000000 0.266440
2219.000000 0.473175
2220.000000 0.617702
2221.000000 0.613715
2222.000000 0.639682
2223.000000 0.279814
2224.000000 0.564917
2225.000000 0.160066
2226.000000 0.187824
2227.000000 0.147406
2228.000000 0.351361
2229.000000 0.183370
2230.000000 0.268663
2231.000000 0.405164
2232.000000 0.606596
2233.000000 0.493085
2234.000000 0.446608
2235.000000 0.105868
2236.000000 0.245163
2237.000000 0.231882
2238.000000 0.249703
2239.000000 0.401518
2240.000000 0.555668
2241.000000 0.782152
2242.000000 0.399016
2243.000000 0.222301
2244.000000 0.188895
2245.000000 0.344978
2246.000000 0.541934
2247.000000 0.332711
2248.000000 0.478830
2249.000000 0.095161
2250.000000 0.237048
2251.000000 0.366697
2252.000000 0.379013
2253.000000 0.476455
2254.000000 0.525172
2255.000000 0.443914
2256.000000 0.561699
2257.000000 0.656984
2258.000000 0.503277
2259.000000 0.511955
2260.000000 0.314659
2261.000000 0.651413
2262.000000 0.609106
2263.000000 0.476054
2264.000000 0.540790
2265.000000 0.557206
2266.000000 0.436235
2267.000000 0.650534
2268.000000 0.699953
2269.000000 0.483862
2270.000000 0.321379
2271.000000 0.011190
2272.000000 0.486043
2273.000000 0.440196
2274.000000 0.562318
2275.000000 0.507804
2276.000000 0.640856
2277.000000 0.566625
2278.000000 0.409631
2279.000000 0.362998
2280.000000 0.391922
2281.000000 0.320976
2282.000000 0.288304
2283.000000 0.286287
2284.000000 0.284514
2285.000000 0.191088
2286.000000 0.383024
2287.000000 0.342374
2288.000000 0.465083
2289.000000 0.648138
2290.000000 0.435781
2291.000000 0.422675
2292.000000 0.288948
2293.000000 0.417478
2294.000000 0.579615
2295.000000 0.447605
2296.000000 0.463745
2297.000000 0.343742
2298.000000 0.413915
2299.000000 0.278928
2300.000000 0.465163
2301.000000 0.416419
2302.000000 0.452836
2303.000000 0.575604
2304.000000 0.288120
2305.000000 0.313411
2306.000000 0.388432
2307.000000 0.171506
2308.000000 0.148622
2309.000000 0.410217
2310.000000 0.602777
2311.000000 0.141925
2312.000000 0.157333
2313.000000 0.155190
2314.000000 0.203524
2315.000000 0.167961
2316.000000 0.156485
2317.000000 0.377059
2318.000000 0.279934
2319.000000 0.143308
2320.000000 0.266482
2321.000000 0.496769
2322.000000 0.259845
2323.000000 0.285462
2324.000000 0.201905
2325.000000 0.517152
2326.000000 0.312868
2327.000000 0.304661
2328.000000 0.316609
2329.000000 0.524966
2330.000000 0.403473
2331.000000 0.349327
2332.000000 0.263585
2333.000000 0.080780
2334.000000 0.124542
2335.000000 0.254680
2336.000000 0.301116
2337.000000 0.107093
2338.000000 0.080680
2339.000000 0.301019
2340.000000 0.211716
2341.000000 0.373026
2342.000000 0.370826
2343.000000 0.099080
2344.000000 0.226056
2345.000000 0.053036
2346.000000 0.398146
2347.000000 0.438682
2348.000000 0.259525
2349.000000 0.156076
2350.000000 0.087518
2351.000000 0.323387
2352.000000 0.187942
2353.000000 0.111762
2354.000000 0.112993
2355.000000 0.262210
2356.000000 0.596906
2357.000000 0.520667
2358.000000 0.224127
2359.000000 0.442367
2360.000000 0.522086
2361.000000 0.325212
2362.000000 0.206146
2363.000000 0.215150
2364.000000 0.373515
2365.000000 0.300025
2366.000000 0.246919
2367.000000 0.210555
2368.000000 0.380831
2369.000000 0.390923
2370.000000 0.225262
2371.000000 0.292811
2372.000000 0.402077
2373.000000 0.314774
2374.000000 0.282843
2375.000000 0.360766
2376.000000 0.271314
2377.000000 0.285047
2378.000000 0.197900
2379.000000 0.360370
2380.000000 0.470512
2381.000000 0.236035
2382.000000 0.199610
2383.000000 0.300956
2384.000000 0.403907
2385.000000 0.251342
2386.000000 0.215501
2387.000000 0.189718
2388.000000 0.146411
2389.000000 0.111285
2390.000000 0.281933
2391.000000 0.218483
2392.000000 0.077542
2393.000000 0.513047
2394.000000 0.360933
2395.000000 0.050215
2396.000000 0.157563
2397.000000 0.495337
2398.000000 0.104494
2399.000000 0.248757
2400.000000 0.348374
2401.000000 0.173978
2402.000000 0.244222
2403.000000 0.246885
2404.000000 0.085529
2405.000000 0.143272
2406.000000 0.036032
2407.000000 0.161613
2408.000000 0.162092
2409.000000 0.253411
2410.000000 0.183906
2411.000000 0.243045
2412.000000 0.032212
2413.000000 0.183745
2414.000000 0.124628
2415.000000 0.129021
2416.000000 0.102422
2417.000000 0.192085
2418.000000 0.225257
2419.000000 0.350542
2420.000000 0.531956
2421.000000 0.517914
2422.000000 0.081699
2423.000000 0.360072
2424.000000 0.510744
2425.000000 0.188736
2426.000000 0.408978
2427.000000 0.451436
2428.000000 0.244226
2429.000000 0.583478
2430.000000 0.511801
2431.000000 0.268306
2432.000000 0.128823
2433.000000 0.422072
2434.000000 0.318403
2435.000000 0.471371
2436.000000 0.386753
2437.000000 0.479119
2438.000000 0.256634
2439.000000 0.399968
2440.000000 0.317305
2441.000000 0.192755
2442.000000 0.381333
2443.000000 0.349213
2444.000000 0.180536
2445.000000 0.172749
2446.000000 0.522568
2447.000000 0.324130
2448.000000 0.536287
2449.000000 0.557148
2450.000000 0.329189
2451.000000 0.177843
2452.000000 0.316115
2453.000000 0.134982
2454.000000 0.382342
2455.000000 0.234457
2456.000000 0.379887
2457.000000 0.050716
2458.000000 0.175407
2459.000000 0.257020
2460.000000 0.400086
2461.000000 0.465341
2462.000000 0.251830
2463.000000 0.034593
2464.000000 0.187004
2465.000000 0.348067
2466.000000 0.164826
2467.000000 0.468937
2468.000000 0.209081
2469.000000 0.342300
2470.000000 0.177853
2471.000000 0.185142
2472.000000 0.121165
2473.000000 0.099307
2474.000000 0.245984
2475.000000 0.064886
2476.000000 0.094617
2477.000000 0.284597
2478.000000 0.279167
2479.000000 0.418246
2480.000000 0.487462
2481.000000 0.551532
2482.000000 0.090613
2483.000000 0.360021
2484.000000 0.457776
2485.000000 0.406138
2486.000000 0.448958
2487.000000 0.362546
2488.000000 0.609311
2489.000000 0.590369
2490.000000 0.421557
2491.000000 0.238326
2492.000000 0.405649
2493.000000 0.133652
2494.000000 0.260052
2495.000000 0.400996
2496.000000 0.252544
2497.000000 0.630784
2498.000000 0.321436
2499.000000 0.295978
2500.000000 0.152895
2501.000000 0.246278
2502.000000 0.367872
2503.000000 0.426418
2504.000000 0.266088
2505.000000 0.332281
2506.000000 0.341960
2507.000000 0.225423
2508.000000 0.056673
2509.000000 0.043922
2510.000000 0.301226
2511.000000 0.231430
2512.000000 0.113174
2513.000000 0.480717
2514.000000 0.218627
2515.000000 0.162178
2516.000000 0.282647
2517.000000 0.430549
2518.000000 0.116743
2519.000000 0.271110
2520.000000 0.525229
2521.000000 0.684368
2522.000000 0.496333
2523.000000 0.329241
2524.000000 0.422234
2525.000000 0.498485
2526.000000 0.456360
2527.000000 0.286360
2528.000000 0.520247
2529.000000 0.229919
2530.000000 0.434939
2531.000000 0.276877
2532.000000 0.225645
2533.000000 0.106766
2534.000000 0.150883
2535.000000 0.265364
2536.000000 0.298610
2537.000000 0.542751
2538.000000 0.475517
2539.000000 0.280507
2540.000000 0.060863
2541.000000 0.274742
2542.000000 0.459376
2543.000000 0.363701
2544.000000 0.155520
2545.000000 0.192419
2546.000000 0.029475
2547.000000 0.310069
2548.000000 0.285121
2549.000000 0.172850
2550.000000 0.205868
2551.000000 0.270153
2552.000000 0.279817
2553.000000 0.140577
2554.000000 0.155107
2555.000000 0.244176
2556.000000 0.264874
2557.000000 0.260986
2558.000000 0.325822
2559.000000 0.188636
2560.000000 0.247855
2561.000000 0.376391
2562.000000 0.351118
2563.000000 0.694167
2564.000000 0.461250
2565.000000 0.543957
2566.000000 0.470306
2567.000000 0.359178
2568.000000 0.475729
2569.000000 0.229776
2570.000000 0.364236
2571.000000 0.444604
2572.000000 0.471959
2573.000000 0.449216
2574.000000 0.211584
2575.000000 0.360047
2576.000000 0.560140
2577.000000 0.385077
2578.000000 0.280751
2579.000000 0.688138
2580.000000 0.570272
2581.000000 0.570836
2582.000000 0.563111
2583.000000 0.507925
2584.000000 0.559050
2585.000000 0.413761
2586.000000 0.193520
2587.000000 0.480519
2588.000000 0.181155
2589.000000 0.161474
2590.000000 0.112496
2591.000000 0.490399
2592.000000 0.419092
2593.000000 0.472080
2594.000000 0.648884
2595.000000 0.518164
2596.000000 0.645691
2597.000000 0.633523
2598.000000 0.604722
2599.000000 0.597020
2600.000000 0.484106
2601.000000 0.529607
2602.000000 0.262395
2603.000000 0.577139
2604.000000 0.554763
2605.000000 0.623677
2606.000000 0.370424
2607.000000 0.374621
2608.000000 0.462153
2609.000000 0.476175
2610.000000 0.305410
2611.000000 0.164763
2612.000000 0.550255
2613.000000 0.550745
2614.000000 0.471643
2615.000000 0.194417
2616.000000 0.523374
2617.000000 0.124183
2618.000000 0.402408
2619.000000 0.534711
2620.000000 0.578675
2621.000000 0.584112
2622.000000 0.496020
2623.000000 0.049944
2624.000000 0.392852
2625.000000 0.148269
2626.000000 0.039011
2627.000000 0.102761
2628.000000 0.087352
2629.000000 0.275994
2630.000000 0.359431
2631.000000 0.400935
2632.000000 0.609062
2633.000000 0.482108
2634.000000 0.360908
2635.000000 0.628387
2636.000000 0.416207
2637.000000 0.158806
2638.000000 0.289529
2639.000000 0.206371
2640.000000 0.380683
2641.000000 0.568834
2642.000000 0.510018
2643.000000 0.336313
2644.000000 0.318115
2645.000000 0.163921
2646.000000 0.480281
2647.000000 0.583336
2648.000000 0.466088
2649.000000 0.296194
2650.000000 0.528999
2651.000000 0.436020
2652.000000 0.228481
2653.000000 0.396839
2654.000000 0.254813
2655.000000 0.198784
2656.000000 0.341121
2657.000000 0.309410
2658.000000 0.357072
2659.000000 0.558397
2660.000000 0.557356
2661.000000 0.417310
2662.000000 0.585712
2663.000000 0.671667
2664.000000 0.617687
2665.000000 0.468741
2666.000000 0.377533
2667.000000 0.126063
2668.000000 0.159461
2669.000000 0.267511
2670.000000 0.249951
2671.000000 0.234346
2672.000000 0.159854
2673.000000 0.452039
2674.000000 0.602484
2675.000000 0.567133
2676.000000 0.248475
2677.000000 0.246135
2678.000000 0.284679
2679.000000 0.375754
2680.000000 0.713015
2681.000000 0.467170
2682.000000 0.373463
2683.000000 0.404521
2684.000000 0.503788
2685.000000 0.329981
2686.000000 0.334236
2687.000000 0.447766
2688.000000 0.309119
2689.000000 0.250678
2690.000000 0.718897
2691.000000 0.516757
2692.000000 0.289628
2693.000000 0.356912
2694.000000 0.594271
2695.000000 0.421381
2696.000000 0.600160
2697.000000 0.379201
2698.000000 0.263011
2699.000000 0.320122
2700.000000 0.471085
2701.000000 0.483127
2702.000000 0.542857
2703.000000 0.486244
2704.000000 0.613123
2705.000000 0.415266
2706.000000 0.627702
2707.000000 0.369160
2708.000000 0.322281
2709.000000 0.278206
2710.000000 0.424249
2711.000000 0.531566
2712.000000 0.268207
2713.000000 0.393815
2714.000000 0.369621
2715.000000 0.123224
2716.000000 0.317821
2717.000000 0.203464
2718.000000 0.119295
2719.000000 0.469864
2720.000000 0.350004
2721.000000 0.326555
2722.000000 0.265341
2723.000000 0.214312
2724.000000 0.392313
2725.000000 0.616383
2726.000000 0.320453
2727.000000 0.250945
2728.000000 0.172775
2729.000000 0.149282
2730.000000 0.357299
2731.000000 0.336064
2732.000000 0.477389
2733.000000 0.146408
2734.000000 0.405526
2735.000000 0.168647
2736.000000 0.475871
2737.000000 0.613039
2738.000000 0.551120
2739.000000 0.779837
2740.000000 0.680325
2741.000000 0.545785
2742.000000 0.495831
2743.000000 0.553646
2744.000000 0.386831
2745.000000 0.355530
2746.000000 0.540764
2747.000000 0.344368
2748.000000 0.242132
2749.000000 0.118001
2750.000000 0.126475
2751.000000 0.253707
2752.000000 0.138248
2753.000000 0.423826
2754.000000 0.586057
2755.000000 0.272798
2756.000000 0.347227
2757.000000 0.511549
2758.000000 0.423498
2759.000000 0.403317
2760.000000 0.540329
2761.000000 0.483186
2762.000000 0.384742
2763.000000 0.446436
2764.000000 0.103274
2765.000000 0.292265
2766.000000 0.216796
2767.000000 0.440923
2768.000000 0.593104
2769.000000 0.771637
2770.000000 0.423820
2771.000000 0.360741
2772.000000 0.137967
2773.000000 0.361683
2774.000000 0.374096
2775.000000 0.322791
2776.000000 0.501823
2777.000000 0.305997
2778.000000 0.165844
2779.000000 0.508238
2780.000000 0.468258
2781.000000 0.569234
2782.000000 0.383471
2783.000000 0.597591
2784.000000 0.233232
2785.000000 0.359647
2786.000000 0.424581
2787.000000 0.508779
2788.000000 0.611550
2789.000000 0.258282
2790.000000 0.394939
2791.000000 0.452005
2792.000000 0.348589
2793.000000 0.405907
2794.000000 0.294928
2795.000000 0.133139
2796.000000 0.387982
2797.000000 0.278150
2798.000000 0.242194
2799.000000 0.493774
2800.000000 0.275467
2801.000000 0.100722
2802.000000 0.173448
2803.000000 0.369432
2804.000000 0.295821
2805.000000 0.185773
2806.000000 0.544156
2807.000000 0.412853
2808.000000 0.377528
2809.000000 0.272755
2810.000000 0.149057
2811.000000 0.267637
2812.000000 0.330891
2813.000000 0.755954
2814.000000 0.342675
2815.000000 0.324170
2816.000000 0.150473
2817.000000 0.458120
2818.000000 0.535470
2819.000000 0.465265
2820.000000 0.266736
2821.000000 0.480443
2822.000000 0.583680
2823.000000 0.185070
2824.000000 0.423757
2825.000000 0.460255
2826.000000 0.427595
2827.000000 0.404146
2828.000000 0.167253
2829.000000 0.416163
2830.000000 0.415645
2831.000000 0.416935
2832.000000 0.463935
2833.000000 0.271569
2834.000000 0.297646
2835.000000 0.255818
2836.000000 0.119458
2837.000000 0.336165
2838.000000 0.350124
2839.000000 0.282310
2840.000000 0.483595
2841.000000 0.294180
2842.000000 0.258986
2843.000000 0.225368
2844.000000 0.235748
2845.000000 0.399003
2846.000000 0.383263
2847.000000 0.488519
2848.000000 0.089690
2849.000000 0.178194
2850.000000 0.344533
2851.000000 0.340114
2852.000000 0.075136
2853.000000 0.406064
2854.000000 0.213658
2855.000000 0.259895
2856.000000 0.214275
2857.000000 0.238563
2858.000000 0.086651
2859.000000 0.129547
2860.000000 0.327939
2861.000000 0.373123
2862.000000 0.414608
2863.000000 0.423741
2864.000000 0.427345
2865.000000 0.081072
2866.000000 0.846044
2867.000000 0.577990
2868.000000 0.278521
2869.000000 0.503102
2870.000000 0.279015
2871.000000 0.362894
2872.000000 0.435747
2873.000000 0.217352
2874.000000 0.352966
2875.000000 0.241271
2876.000000 0.331147
2877.000000 0.515207
2878.000000 0.516718
2879.000000 0.277958
2880.000000 0.257373
2881.000000 0.445790
2882.000000 0.141616
2883.000000 0.242984
2884.000000 0.201067
2885.000000 0.335321
2886.000000 0.343609
2887.000000 0.181044
2888.000000 0.426865
2889.000000 0.526981
2890.000000 0.510230
2891.000000 0.405008
2892.000000 0.303522
2893.000000 0.645201
2894.000000 0.509165
2895.000000 0.379087
2896.000000 0.425906
2897.000000 0.485549
2898.000000 0.547363
2899.000000 0.548384
2900.000000 0.595243
2901.000000 0.461210
2902.000000 0.516493
2903.000000 0.638848
2904.000000 0.640187
2905.000000 0.571058
2906.000000 0.320281
2907.000000 0.381152
2908.000000 0.502955
2909.000000 0.489900
2910.000000 0.655556
2911.000000 0.364533
2912.000000 0.370391
2913.000000 0.436543
2914.000000 0.307248
2915.000000 0.728284
2916.000000 0.482984
2917.000000 0.705049
2918.000000 0.471653
2919.000000 0.438058
2920.000000 0.500900
2921.000000 0.481583
2922.000000 0.386197
2923.000000 0.560512
2924.000000 0.407793
2925.000000 0.167495
2926.000000 0.341953
2927.000000 0.536293
2928.000000 0.108827
2929.000000 0.121455
2930.000000 0.134082
2931.000000 0.397113
2932.000000 0.543877
2933.000000 0.314439
2934.000000 0.353452
2935.000000 0.514842
2936.000000 0.597570
2937.000000 0.470255
2938.000000 0.236936
2939.000000 0.231909
2940.000000 0.297003
2941.000000 0.315722
2942.000000 0.374916
2943.000000 0.307632
2944.000000 0.218855
2945.000000 0.038274
2946.000000 0.284517
2947.000000 0.424128
2948.000000 0.365249
2949.000000 0.420643
2950.000000 0.471307
2951.000000 0.355894
2952.000000 0.546342
2953.000000 0.700311
2954.000000 0.561893
2955.000000 0.368863
2956.000000 0.460966
2957.000000 0.429600
2958.000000 0.290391
2959.000000 0.471106
2960.000000 0.537219
2961.000000 0.417338
2962.000000 0.491122
2963.000000 0.350822
2964.000000 0.675935
2965.000000 0.652836
2966.000000 0.691432
2967.000000 0.501202
2968.000000 0.477104
2969.000000 0.112913
2970.000000 0.166674
2971.000000 0.075994
2972.000000 0.099850
2973.000000 0.332593
2974.000000 0.038019
2975.000000 0.265436
2976.000000 0.412378
2977.000000 0.438207
2978.000000 0.242066
2979.000000 0.548923
2980.000000 0.250096
2981.000000 0.238796
2982.000000 0.440085
2983.000000 0.153226
2984.000000 0.202577
2985.000000 0.431467
2986.000000 0.372700
2987.000000 0.593849
2988.000000 0.446895
2989.000000 0.267266
2990.000000 0.338994
2991.000000 0.399927
2992.000000 0.522962
2993.000000 0.209729
2994.000000 0.230086
2995.000000 0.462311
2996.000000 0.702289
2997.000000 0.657091
2998.000000 0.503309
2999.000000 0.689257
3000.000000 0.499130
