0.000000 0.164834
1.000000 0.173136
2.000000 0.419069
3.000000 0.065192
4.000000 0.281744
5.000000 0.231516
6.000000 0.059413
7.000000 0.057093
8.000000 0.246332
9.000000 0.167049
10.000000 0.232436
11.000000 0.088690
12.000000 0.248294
13.000000 0.280305
14.000000 0.492009
15.000000 0.398784
16.000000 0.344466
17.000000 0.447008
18.000000 0.110509
19.000000 0.398475
20.000000 0.317760
21.000000 0.380594
22.000000 0.498884
23.000000 0.113958
24.000000 0.176048
25.000000 0.361526
26.000000 0.370675
27.000000 0.064757
28.000000 0.214477
29.000000 0.274615
30.000000 0.261799
31.000000 0.100890
32.000000 0.507830
33.000000 0.093501
34.000000 0.055786
35.000000 0.130218
36.000000 0.266032
37.000000 0.194835
38.000000 0.154566
39.000000 0.136514
40.000000 0.268478
41.000000 0.228832
42.000000 0.128972
43.000000 0.241417
44.000000 0.183305
45.000000 0.167482
46.000000 0.176875
47.000000 0.254912
48.000000 0.394720
49.000000 0.196239
50.000000 0.269963
51.000000 0.149887
52.000000 0.292256
53.000000 0.008810
54.000000 0.071329
55.000000 0.299448
56.000000 0.161117
57.000000 0.196683
58.000000 0.153350
59.000000 0.050329
60.000000 0.364811
61.000000 0.295576
62.000000 0.296549
63.000000 0.062965
64.000000 0.110029
65.000000 0.185741
66.000000 0.128284
67.000000 0.159323
68.000000 0.311914
69.000000 0.192719
70.000000 0.308402
71.000000 0.182870
72.000000 0.192619
73.000000 0.224443
74.000000 0.289421
75.000000 0.044592
76.000000 0.201247
77.000000 0.040438
78.000000 0.076279
79.000000 0.103056
80.000000 0.079178
81.000000 0.228342
82.000000 0.294965
83.000000 0.119715
84.000000 0.204147
85.000000 0.399112
86.000000 0.357206
87.000000 0.144198
88.000000 0.487277
89.000000 0.465750
90.000000 0.409582
91.000000 0.212351
92.000000 0.033251
93.000000 0.199531
94.000000 0.283944
95.000000 0.242952
96.000000 0.154984
97.000000 0.152033
98.000000 0.122385
99.000000 0.112772
100.000000 0.186936
101.000000 0.245352
102.000000 0.250448
103.000000 0.197068
104.000000 0.342248
105.000000 0.434125
106.000000 0.138263
107.000000 0.391694
108.000000 0.185521
109.000000 0.100042
110.000000 0.132364
111.000000 0.135883
112.000000 0.179219
113.000000 0.208004
114.000000 0.336305
115.000000 0.289407
116.000000 0.136705
117.000000 0.189284
118.000000 0.348817
119.000000 0.121213
120.000000 0.316923
121.000000 0.153339
122.000000 0.499641
123.000000 0.349687
124.000000 0.341353
125.000000 0.193509
126.000000 0.194363
127.000000 0.187256
128.000000 0.209701
129.000000 0.399711
130.000000 0.235742
131.000000 0.268456
132.000000 0.073476
133.000000 0.065453
134.000000 0.279494
135.000000 0.021823
136.000000 0.396462
137.000000 0.158854
138.000000 0.164278
139.000000 0.038592
140.000000 0.161839
141.000000 0.361176
142.000000 0.269252
143.000000 0.134342
144.000000 0.247956
145.000000 0.263127
146.000000 0.133056
147.000000 0.233665
148.000000 0.338516
149.000000 0.213824
150.000000 0.116431
151.000000 0.286790
152.000000 0.306521
153.000000 0.076015
154.000000 0.094626
155.000000 0.223450
156.000000 0.215578
157.000000 0.067886
158.000000 0.146531
159.000000 0.206801
160.000000 0.084867
161.000000 0.056068
162.000000 0.240350
163.000000 0.225496
164.000000 0.226016
165.000000 0.037154
166.000000 0.205336
167.000000 0.040438
168.000000 0.023050
169.000000 0.139101
170.000000 0.287203
171.000000 0.235582
172.000000 0.108080
173.000000 0.194673
174.000000 0.239643
175.000000 0.329274
176.000000 0.244425
177.000000 0.317569
178.000000 0.017397
179.000000 0.168685
180.000000 0.208350
181.000000 0.249308
182.000000 0.172089
183.000000 0.301090
184.000000 0.319718
185.000000 0.149850
186.000000 0.167616
187.000000 0.330645
188.000000 0.387232
189.000000 0.299083
190.000000 0.216698
191.000000 0.144376
192.000000 0.061598
193.000000 0.333903
194.000000 0.140317
195.000000 0.315754
196.000000 0.215848
197.000000 0.283855
198.000000 0.184959
199.000000 0.285067
200.000000 0.201695
201.000000 0.332104
202.000000 0.311366
203.000000 0.052008
204.000000 0.282641
205.000000 0.234911
206.000000 0.263794
207.000000 0.425415
208.000000 0.411291
209.000000 0.300272
210.000000 0.251896
211.000000 0.105246
212.000000 0.369020
213.000000 0.262612
214.000000 0.290084
215.000000 0.050970
216.000000 0.278629
217.000000 0.008599
218.000000 0.056825
219.000000 0.349407
220.000000 0.121278
221.000000 0.083062
222.000000 0.226730
223.000000 0.137794
224.000000 0.064773
225.000000 0.247390
226.000000 0.087901
227.000000 0.312158
228.000000 0.182683
229.000000 0.377279
230.000000 0.289810
231.000000 0.437517
232.000000 0.435961
233.000000 0.231011
234.000000 0.092306
235.000000 0.211035
236.000000 0.174005
237.000000 0.208954
238.000000 0.198977
239.000000 0.324290
240.000000 0.222684
241.000000 0.149444
242.000000 0.094474
243.000000 0.267183
244.000000 0.239226
245.000000 0.321209
246.000000 0.117681
247.000000 0.192352
248.000000 0.180859
249.000000 0.100906
250.000000 0.113369
251.000000 0.117177
252.000000 0.225125
253.000000 0.095767
254.000000 0.212658
255.000000 0.427324
256.000000 0.737879
257.000000 0.029336
258.000000 0.210874
259.000000 0.230346
260.000000 0.184791
261.000000 0.309354
262.000000 0.165803
263.000000 0.627955
264.000000 0.122324
265.000000 0.375706
266.000000 0.300917
267.000000 0.136288
268.000000 0.235709
269.000000 0.357116
270.000000 0.212261
271.000000 0.093625
272.000000 0.388053
273.000000 0.137593
274.000000 0.464729
275.000000 0.112720
276.000000 0.165778
277.000000 0.150141
278.000000 0.389458
279.000000 0.080575
280.000000 0.043320
281.000000 0.273669
282.000000 0.142267
283.000000 0.203453
284.000000 0.385764
285.000000 0.297245
286.000000 0.255071
287.000000 0.089101
288.000000 0.212693
289.000000 0.084399
290.000000 0.184758
291.000000 0.248040
292.000000 0.491884
293.000000 0.146509
294.000000 0.312894
295.000000 0.179729
296.000000 0.301704
297.000000 0.272089
298.000000 0.226513
299.000000 0.132286
300.000000 0.249697
301.000000 0.269068
302.000000 0.338351
303.000000 0.127049
304.000000 0.146931
305.000000 0.041795
306.000000 0.508550
307.000000 0.126319
308.000000 0.148762
309.000000 0.335838
310.000000 0.160779
311.000000 0.375752
312.000000 0.087570
313.000000 0.112831
314.000000 0.400611
315.000000 0.304622
316.000000 0.245282
317.000000 0.290506
318.000000 0.196932
319.000000 0.242874
320.000000 0.096417
321.000000 0.219314
322.000000 0.248648
323.000000 0.151625
324.000000 0.136305
325.000000 0.143593
326.000000 0.196699
327.000000 0.298011
328.000000 0.296921
329.000000 0.144356
330.000000 0.414241
331.000000 0.170495
332.000000 0.276844
333.000000 0.254860
334.000000 0.282535
335.000000 0.169170
336.000000 0.105761
337.000000 0.081285
338.000000 0.445549
339.000000 0.464269
340.000000 0.323699
341.000000 0.022845
342.000000 0.191822
343.000000 0.147791
344.000000 0.307420
345.000000 0.532546
346.000000 0.193769
347.000000 0.362184
348.000000 0.149969
349.000000 0.109543
350.000000 0.315846
351.000000 0.121163
352.000000 0.252140
353.000000 0.226673
354.000000 0.328501
355.000000 0.226400
356.000000 0.063432
357.000000 0.391873
358.000000 0.198321
359.000000 0.176666
360.000000 0.329806
361.000000 0.173817
362.000000 0.425668
363.000000 0.250366
364.000000 0.119147
365.000000 0.164284
366.000000 0.414912
367.000000 0.455046
368.000000 0.332032
369.000000 0.279469
370.000000 0.386673
371.000000 0.245311
372.000000 0.254169
373.000000 0.480525
374.000000 0.340411
375.000000 0.401799
376.000000 0.227022
377.000000 0.171250
378.000000 0.053788
379.000000 0.130376
380.000000 0.286856
381.000000 0.240831
382.000000 0.152719
383.000000 0.481722
384.000000 0.195903
385.000000 0.101351
386.000000 0.446445
387.000000 0.194863
388.000000 0.284056
389.000000 0.456398
390.000000 0.285248
391.000000 0.357508
392.000000 0.107675
393.000000 0.130488
394.000000 0.404893
395.000000 0.170437
396.000000 0.179021
397.000000 0.275814
398.000000 0.341330
399.000000 0.142624
400.000000 0.215862
401.000000 0.256890
402.000000 0.274180
403.000000 0.400793
404.000000 0.200705
405.000000 0.162583
406.000000 0.072482
407.000000 0.236307
408.000000 0.238136
409.000000 0.358413
410.000000 0.260318
411.000000 0.138900
412.000000 0.102862
413.000000 0.116993
414.000000 0.116759
415.000000 0.127429
416.000000 0.148145
417.000000 0.222021
418.000000 0.060369
419.000000 0.088908
420.000000 0.335870
421.000000 0.229404
422.000000 0.141098
423.000000 0.220533
424.000000 0.237231
425.000000 0.151072
426.000000 0.157404
427.000000 0.228479
428.000000 0.478128
429.000000 0.807249
430.000000 0.363161
431.000000 0.311873
432.000000 0.320855
433.000000 0.329969
434.000000 0.407666
435.000000 0.138851
436.000000 0.126847
437.000000 0.353827
438.000000 0.378034
439.000000 0.463673
440.000000 0.113366
441.000000 0.256064
442.000000 0.018885
443.000000 0.309899
444.000000 0.415922
445.000000 0.100950
446.000000 0.195082
447.000000 0.185343
448.000000 0.087525
449.000000 0.224325
450.000000 0.391753
451.000000 0.175473
452.000000 0.078155
453.000000 0.037145
454.000000 0.113698
455.000000 0.315137
456.000000 0.096327
457.000000 0.271395
458.000000 0.181743
459.000000 0.180870
460.000000 0.209982
461.000000 0.272475
462.000000 0.140699
463.000000 0.326582
464.000000 0.161278
465.000000 0.094112
466.000000 0.084986
467.000000 0.165085
468.000000 0.187117
469.000000 0.138623
470.000000 0.405693
471.000000 0.311048
472.000000 0.222519
473.000000 0.211375
474.000000 0.161023
475.000000 0.175544
476.000000 0.103955
477.000000 0.078768
478.000000 0.489167
479.000000 0.228603
480.000000 0.273171
481.000000 0.121911
482.000000 0.322864
483.000000 0.320019
484.000000 0.418246
485.000000 0.265627
486.000000 0.067778
487.000000 0.097404
488.000000 0.129666
489.000000 0.340832
490.000000 0.273146
491.000000 0.171900
492.000000 0.141313
493.000000 0.125902
494.000000 0.269016
495.000000 0.278674
496.000000 0.128073
497.000000 0.357140
498.000000 0.141702
499.000000 0.390372
500.000000 0.139567
501.000000 0.424423
502.000000 0.153460
503.000000 0.171651
504.000000 0.062841
505.000000 0.277344
506.000000 0.281893
507.000000 0.223721
508.000000 0.323162
509.000000 0.198450
510.000000 0.440869
511.000000 0.237782
512.000000 0.037745
513.000000 0.287046
514.000000 0.158656
515.000000 0.180323
516.000000 0.269370
517.000000 0.214290
518.000000 0.117424
519.000000 0.096400
520.000000 0.381935
521.000000 0.272313
522.000000 0.164746
523.000000 0.458875
524.000000 0.313019
525.000000 0.181471
526.000000 0.216337
527.000000 0.254335
528.000000 0.099714
529.000000 0.227389
530.000000 0.175652
531.000000 0.040692
532.000000 0.424430
533.000000 0.356789
534.000000 0.272977
535.000000 0.174722
536.000000 0.394009
537.000000 0.418640
538.000000 0.323267
539.000000 0.415280
540.000000 0.131839
541.000000 0.187028
542.000000 0.322449
543.000000 0.245438
544.000000 0.193593
545.000000 0.434992
546.000000 0.203347
547.000000 0.077864
548.000000 0.252513
549.000000 0.381490
550.000000 0.044529
551.000000 0.132313
552.000000 0.425038
553.000000 0.170464
554.000000 0.303068
555.000000 0.523044
556.000000 0.269794
557.000000 0.337047
558.000000 0.249835
559.000000 0.201775
560.000000 0.158514
561.000000 0.202521
562.000000 0.186623
563.000000 0.439463
564.000000 0.170751
565.000000 0.395575
566.000000 0.306968
567.000000 0.399068
568.000000 0.225385
569.000000 0.228403
570.000000 0.310274
571.000000 0.224806
572.000000 0.487744
573.000000 0.063389
574.000000 0.193549
575.000000 0.174554
576.000000 0.164486
577.000000 0.069850
578.000000 0.348871
579.000000 0.033392
580.000000 0.037333
581.000000 0.201935
582.000000 0.278866
583.000000 0.268808
584.000000 0.202434
585.000000 0.191000
586.000000 0.249340
587.000000 0.183031
588.000000 0.051624
589.000000 0.294128
590.000000 0.363349
591.000000 0.268222
592.000000 0.015305
593.000000 0.347193
594.000000 0.271287
595.000000 0.288838
596.000000 0.313882
597.000000 0.237727
598.000000 0.238054
599.000000 0.206115
600.000000 0.154789
601.000000 0.300273
602.000000 0.264715
603.000000 0.239435
604.000000 0.374794
605.000000 0.062490
606.000000 0.342316
607.000000 0.351919
608.000000 0.059231
609.000000 0.209767
610.000000 0.126527
611.000000 0.238690
612.000000 0.096839
613.000000 0.180758
614.000000 0.298631
615.000000 0.180476
616.000000 0.245363
617.000000 0.147979
618.000000 0.115806
619.000000 0.505543
620.000000 0.222296
621.000000 0.236840
622.000000 0.279678
623.000000 0.359188
624.000000 0.236619
625.000000 0.107936
626.000000 0.131559
627.000000 0.296841
628.000000 0.084360
629.000000 0.194260
630.000000 0.381349
631.000000 0.252614
632.000000 0.329749
633.000000 0.091795
634.000000 0.424030
635.000000 0.209482
636.000000 0.090487
637.000000 0.171126
638.000000 0.143189
639.000000 0.063764
640.000000 0.165760
641.000000 0.182726
642.000000 0.121059
643.000000 0.166506
644.000000 0.310000
645.000000 0.142558
646.000000 0.224687
647.000000 0.334287
648.000000 0.207121
649.000000 0.138748
650.000000 0.077207
651.000000 0.260049
652.000000 0.137755
653.000000 0.207284
654.000000 0.198948
655.000000 0.126104
656.000000 0.335239
657.000000 0.248443
658.000000 0.116436
659.000000 0.389141
660.000000 0.192662
661.000000 0.181422
662.000000 0.068913
663.000000 0.181733
664.000000 0.068118
665.000000 0.306201
666.000000 0.357057
667.000000 0.196537
668.000000 0.111250
669.000000 0.285756
670.000000 0.299969
671.000000 0.091444
672.000000 0.091372
673.000000 0.444799
674.000000 0.321523
675.000000 0.169171
676.000000 0.379992
677.000000 0.039707
678.000000 0.371480
679.000000 0.116593
680.000000 0.124670
681.000000 0.279291
682.000000 0.319198
683.000000 0.127797
684.000000 0.315764
685.000000 0.116907
686.000000 0.280559
687.000000 0.290236
688.000000 0.290988
689.000000 0.393043
690.000000 0.131008
691.000000 0.265270
692.000000 0.302487
693.000000 0.411161
694.000000 0.061470
695.000000 0.178782
696.000000 0.213328
697.000000 0.233188
698.000000 0.150725
699.000000 0.451168
700.000000 0.085897
701.000000 0.370423
702.000000 0.283157
703.000000 0.376653
704.000000 0.211679
705.000000 0.475649
706.000000 0.203403
707.000000 0.194572
708.000000 0.242644
709.000000 0.466186
710.000000 0.217569
711.000000 0.319646
712.000000 0.371596
713.000000 0.283782
714.000000 0.353829
715.000000 0.074605
716.000000 0.181568
717.000000 0.257264
718.000000 0.222636
719.000000 0.416839
720.000000 0.146995
721.000000 0.425489
722.000000 0.318314
723.000000 0.341142
724.000000 0.238583
725.000000 0.397430
726.000000 0.217468
727.000000 0.151312
728.000000 0.126757
729.000000 0.465059
730.000000 0.091588
731.000000 0.452600
732.000000 0.250459
733.000000 0.120035
734.000000 0.040120
735.000000 0.169484
736.000000 0.249243
737.000000 0.250771
738.000000 0.138737
739.000000 0.034201
740.000000 0.153841
741.000000 0.219338
742.000000 0.428829
743.000000 0.061699
744.000000 0.163733
745.000000 0.114007
746.000000 0.077362
747.000000 0.187721
748.000000 0.078001
749.000000 0.067613
750.000000 0.453943
751.000000 0.301613
752.000000 0.481654
753.000000 0.091029
754.000000 0.188733
755.000000 0.145414
756.000000 0.325685
757.000000 0.024352
758.000000 0.329224
759.000000 0.117331
760.000000 0.415002
761.000000 0.344337
762.000000 0.060139
763.000000 0.175767
764.000000 0.497979
765.000000 0.063541
766.000000 0.192799
767.000000 0.202678
768.000000 0.258459
769.000000 0.245358
770.000000 0.140067
771.000000 0.218785
772.000000 0.271219
773.000000 0.106964
774.000000 0.354165
775.000000 0.253055
776.000000 0.190118
777.000000 0.268400
778.000000 0.163130
779.000000 0.116837
780.000000 0.083373
781.000000 0.480243
782.000000 0.117186
783.000000 0.102115
784.000000 0.387481
785.000000 0.221570
786.000000 0.209166
787.000000 0.242739
788.000000 0.220151
789.000000 0.202482
790.000000 0.232306
791.000000 0.361072
792.000000 0.143739
793.000000 0.153516
794.000000 0.470203
795.000000 0.136902
796.000000 0.118314
797.000000 0.558416
798.000000 0.067045
799.000000 0.287251
800.000000 0.080549
801.000000 0.117386
802.000000 0.123736
803.000000 0.130639
804.000000 0.082555
805.000000 0.206924
806.000000 0.393549
807.000000 0.216157
808.000000 0.183357
809.000000 0.169942
810.000000 0.304438
811.000000 0.143421
812.000000 0.322904
813.000000 0.309258
814.000000 0.035193
815.000000 0.103101
816.000000 0.163281
817.000000 0.284578
818.000000 0.289132
819.000000 0.219070
820.000000 0.490866
821.000000 0.238098
822.000000 0.039363
823.000000 0.366409
824.000000 0.108063
825.000000 0.483162
826.000000 0.063569
827.000000 0.225862
828.000000 0.303747
829.000000 0.461589
830.000000 0.380571
831.000000 0.295419
832.000000 0.313106
833.000000 0.352406
834.000000 0.273424
835.000000 0.515688
836.000000 0.155122
837.000000 0.302610
838.000000 0.037028
839.000000 0.155047
840.000000 0.075076
841.000000 0.037913
842.000000 0.223757
843.000000 0.252095
844.000000 0.184848
845.000000 0.184276
846.000000 0.413861
847.000000 0.293414
848.000000 0.418839
849.000000 0.215811
850.000000 0.113579
851.000000 0.237441
852.000000 0.161336
853.000000 0.178128
854.000000 0.249924
855.000000 0.333051
856.000000 0.176526
857.000000 0.264442
858.000000 0.268354
859.000000 0.124839
860.000000 0.116000
861.000000 0.134499
862.000000 0.283977
863.000000 0.283677
864.000000 0.106799
865.000000 0.353360
866.000000 0.347668
867.000000 0.328696
868.000000 0.063572
869.000000 0.206974
870.000000 0.045861
871.000000 0.091786
872.000000 0.385480
873.000000 0.089546
874.000000 0.188236
875.000000 0.360061
876.000000 0.261341
877.000000 0.268453
878.000000 0.128232
879.000000 0.272993
880.000000 0.276046
881.000000 0.150272
882.000000 0.042909
883.000000 0.038013
884.000000 0.088335
885.000000 0.224838
886.000000 0.409097
887.000000 0.257506
888.000000 0.008017
889.000000 0.148134
890.000000 0.363799
891.000000 0.091954
892.000000 0.195620
893.000000 0.219887
894.000000 0.244423
895.000000 0.118865
896.000000 0.056494
897.000000 0.334525
898.000000 0.128042
899.000000 0.392854
900.000000 0.247852
901.000000 0.299508
902.000000 0.277288
903.000000 0.200378
904.000000 0.150021
905.000000 0.114171
906.000000 0.213262
907.000000 0.400373
908.000000 0.155194
909.000000 0.330927
910.000000 0.253875
911.000000 0.228415
912.000000 0.115785
913.000000 0.191244
914.000000 0.228896
915.000000 0.294531
916.000000 0.379808
917.000000 0.235500
918.000000 0.310051
919.000000 0.345707
920.000000 0.222154
921.000000 0.391749
922.000000 0.247708
923.000000 0.145174
924.000000 0.276842
925.000000 0.189884
926.000000 0.465698
927.000000 0.271783
928.000000 0.272958
929.000000 0.318551
930.000000 0.327629
931.000000 0.373192
932.000000 0.185399
933.000000 0.201605
934.000000 0.036857
935.000000 0.262338
936.000000 0.349297
937.000000 0.204732
938.000000 0.224047
939.000000 0.181696
940.000000 0.363198
941.000000 0.220534
942.000000 0.211665
943.000000 0.345306
944.000000 0.161108
945.000000 0.173177
946.000000 0.204990
947.000000 0.223765
948.000000 0.429812
949.000000 0.436719
950.000000 0.403816
951.000000 0.137839
952.000000 0.161625
953.000000 0.273431
954.000000 0.138818
955.000000 0.317449
956.000000 0.191928
957.000000 0.090919
958.000000 0.181359
959.000000 0.245919
960.000000 0.163063
961.000000 0.060879
962.000000 0.194370
963.000000 0.304976
964.000000 0.153740
965.000000 0.222656
966.000000 0.317515
967.000000 0.371955
968.000000 0.447465
969.000000 0.189476
970.000000 0.118835
971.000000 0.327106
972.000000 0.137516
973.000000 0.320228
974.000000 0.441920
975.000000 0.210989
976.000000 0.152108
977.000000 0.205272
978.000000 0.300227
979.000000 0.103415
980.000000 0.082047
981.000000 0.137270
982.000000 0.346949
983.000000 0.418837
984.000000 0.256514
985.000000 0.422677
986.000000 0.246419
987.000000 0.322443
988.000000 0.118705
989.000000 0.231468
990.000000 0.112642
991.000000 0.165973
992.000000 0.367761
993.000000 0.179560
994.000000 0.243220
995.000000 0.097805
996.000000 0.278345
997.000000 0.153119
998.000000 0.239215
999.000000 0.096977
1000.000000 0.302781
1001.000000 0.287451
1002.000000 0.436570
1003.000000 0.225204
1004.000000 0.169944
1005.000000 0.163765
1006.000000 0.396207
1007.000000 0.166886
1008.000000 0.241367
1009.000000 0.163200
1010.000000 0.106201
1011.000000 0.082776
1012.000000 0.197057
1013.000000 0.167784
1014.000000 0.165863
1015.000000 0.069219
1016.000000 0.161203
1017.000000 0.107136
1018.000000 0.249744
1019.000000 0.030557
1020.000000 0.266531
1021.000000 0.425200
1022.000000 0.188118
1023.000000 0.271548
1024.000000 0.579663
1025.000000 0.320403
1026.000000 0.202715
1027.000000 0.302512
1028.000000 0.228051
1029.000000 0.283201
1030.000000 0.103959
1031.000000 0.084525
1032.000000 0.402179
1033.000000 0.225508
1034.000000 0.178031
1035.000000 0.134219
1036.000000 0.158218
1037.000000 0.208358
1038.000000 0.159279
1039.000000 0.291758
1040.000000 0.185863
1041.000000 0.293898
1042.000000 0.190931
1043.000000 0.158010
1044.000000 0.323215
1045.000000 0.457149
1046.000000 0.344190
1047.000000 0.078709
1048.000000 0.202444
1049.000000 0.089496
1050.000000 0.141870
1051.000000 0.204603
1052.000000 0.511194
1053.000000 0.243857
1054.000000 0.194820
1055.000000 0.217637
1056.000000 0.050797
1057.000000 0.194516
1058.000000 0.232909
1059.000000 0.295730
1060.000000 0.282437
1061.000000 0.078073
1062.000000 0.376134
1063.000000 0.099023
1064.000000 0.278024
1065.000000 0.126357
1066.000000 0.047237
1067.000000 0.274555
1068.000000 0.204538
1069.000000 0.207685
1070.000000 0.225886
1071.000000 0.398501
1072.000000 0.201004
1073.000000 0.348127
1074.000000 0.354180
1075.000000 0.173228
1076.000000 0.208661
1077.000000 0.480314
1078.000000 0.117527
1079.000000 0.200628
1080.000000 0.072480
1081.000000 0.095151
1082.000000 0.063163
1083.000000 0.211380
1084.000000 0.153238
1085.000000 0.280830
1086.000000 0.199751
1087.000000 0.185429
1088.000000 0.301591
1089.000000 0.136786
1090.000000 0.200592
1091.000000 0.265793
1092.000000 0.111661
1093.000000 0.511539
1094.000000 0.461156
1095.000000 0.419973
1096.000000 0.156320
1097.000000 0.064491
1098.000000 0.228846
1099.000000 0.434823
1100.000000 0.117177
1101.000000 0.440877
1102.000000 0.344642
1103.000000 0.216892
1104.000000 0.223020
1105.000000 0.250148
1106.000000 0.383868
1107.000000 0.117811
1108.000000 0.147534
1109.000000 0.314470
1110.000000 0.148535
1111.000000 0.163901
1112.000000 0.047715
1113.000000 0.196641
1114.000000 0.417061
1115.000000 0.301394
1116.000000 0.381250
1117.000000 0.143713
1118.000000 0.397225
1119.000000 0.211681
1120.000000 0.209024
1121.000000 0.275394
1122.000000 0.243876
1123.000000 0.145323
1124.000000 0.137960
1125.000000 0.331399
1126.000000 0.272181
1127.000000 0.068234
1128.000000 0.169657
1129.000000 0.281755
1130.000000 0.129876
1131.000000 0.122920
1132.000000 0.016342
1133.000000 0.165624
1134.000000 0.184843
1135.000000 0.212411
1136.000000 0.284978
1137.000000 0.254998
1138.000000 0.032664
1139.000000 0.123894
1140.000000 0.307700
1141.000000 0.614692
1142.000000 0.091986
1143.000000 0.143588
1144.000000 0.017626
1145.000000 0.082124
1146.000000 0.162301
1147.000000 0.266403
1148.000000 0.156409
1149.000000 0.261153
1150.000000 0.268486
1151.000000 0.229855
1152.000000 0.316995
1153.000000 0.058538
1154.000000 0.317965
1155.000000 0.156478
1156.000000 0.403882
1157.000000 0.457603
1158.000000 0.092168
1159.000000 0.155351
1160.000000 0.369809
1161.000000 0.268682
1162.000000 0.207224
1163.000000 0.425347
1164.000000 0.256440
1165.000000 0.026539
1166.000000 0.260113
1167.000000 0.123945
1168.000000 0.310211
1169.000000 0.027004
1170.000000 0.063322
1171.000000 0.039974
1172.000000 0.166651
1173.000000 0.211598
1174.000000 0.176341
1175.000000 0.055953
1176.000000 0.345266
1177.000000 0.173341
1178.000000 0.104168
1179.000000 0.044169
1180.000000 0.068097
1181.000000 0.381574
1182.000000 0.244262
1183.000000 0.368665
1184.000000 0.252578
1185.000000 0.152818
1186.000000 0.284662
1187.000000 0.291217
1188.000000 0.407748
1189.000000 0.190070
1190.000000 0.309611
1191.000000 0.058776
1192.000000 0.317346
1193.000000 0.438243
1194.000000 0.259074
1195.000000 0.310719
1196.000000 0.375394
1197.000000 0.322188
1198.000000 0.155283
1199.000000 0.199447
1200.000000 0.033789
1201.000000 0.202901
1202.000000 0.222546
1203.000000 0.140584
1204.000000 0.106567
1205.000000 0.198059
1206.000000 0.287979
1207.000000 0.131474
1208.000000 0.533982
1209.000000 0.205733
1210.000000 0.347058
1211.000000 0.104800
1212.000000 0.272587
1213.000000 0.300355
1214.000000 0.373580
1215.000000 0.125749
1216.000000 0.083846
1217.000000 0.291001
1218.000000 0.102601
1219.000000 0.409249
1220.000000 0.210788
1221.000000 0.380640
1222.000000 0.544152
1223.000000 0.236453
1224.000000 0.096584
1225.000000 0.126468
1226.000000 0.289046
1227.000000 0.200661
1228.000000 0.317541
1229.000000 0.311037
1230.000000 0.267245
1231.000000 0.371665
1232.000000 0.069386
1233.000000 0.234467
1234.000000 0.141640
1235.000000 0.283345
1236.000000 0.374611
1237.000000 0.341114
1238.000000 0.273285
1239.000000 0.202900
1240.000000 0.177083
1241.000000 0.415913
1242.000000 0.146500
1243.000000 0.334197
1244.000000 0.194353
1245.000000 0.199673
1246.000000 0.201177
1247.000000 0.071546
1248.000000 0.267055
1249.000000 0.267173
1250.000000 0.021023
1251.000000 0.151128
1252.000000 0.203517
1253.000000 0.294962
1254.000000 0.185241
1255.000000 0.137144
1256.000000 0.356925
1257.000000 0.291788
1258.000000 0.175605
1259.000000 0.033591
1260.000000 0.153262
1261.000000 0.251760
1262.000000 0.126681
1263.000000 0.457997
1264.000000 0.147070
1265.000000 0.358904
1266.000000 0.220774
1267.000000 0.262408
1268.000000 0.196206
1269.000000 0.127575
1270.000000 0.157619
1271.000000 0.053806
1272.000000 0.191309
1273.000000 0.289615
1274.000000 0.102350
1275.000000 0.144664
1276.000000 0.119056
1277.000000 0.260826
1278.000000 0.200462
1279.000000 0.136105
1280.000000 0.369892
1281.000000 0.186894
1282.000000 0.187881
1283.000000 0.113273
1284.000000 0.420863
1285.000000 0.135293
1286.000000 0.408547
1287.000000 0.288857
1288.000000 0.198775
1289.000000 0.123739
1290.000000 0.180254
1291.000000 0.050262
1292.000000 0.373083
1293.000000 0.170292
1294.000000 0.186957
1295.000000 0.160393
1296.000000 0.324834
1297.000000 0.223181
1298.000000 0.159096
1299.000000 0.099510
1300.000000 0.269105
1301.000000 0.145217
1302.000000 0.080343
1303.000000 0.195274
1304.000000 0.130065
1305.000000 0.129879
1306.000000 0.104669
1307.000000 0.181341
1308.000000 0.274237
1309.000000 0.106038
1310.000000 0.412841
1311.000000 0.431928
1312.000000 0.276115
1313.000000 0.180465
1314.000000 0.176501
1315.000000 0.314914
1316.000000 0.413934
1317.000000 0.103021
1318.000000 0.112497
1319.000000 0.114364
1320.000000 0.041908
1321.000000 0.131794
1322.000000 0.173629
1323.000000 0.326818
1324.000000 0.051223
1325.000000 0.279703
1326.000000 0.031804
1327.000000 0.378493
1328.000000 0.155434
1329.000000 0.244069
1330.000000 0.363858
1331.000000 0.122921
1332.000000 0.389353
1333.000000 0.049873
1334.000000 0.535436
1335.000000 0.056077
1336.000000 0.133596
1337.000000 0.264262
1338.000000 0.093514
1339.000000 0.164451
1340.000000 0.274029
1341.000000 0.191092
1342.000000 0.170384
1343.000000 0.020020
1344.000000 0.146149
1345.000000 0.126254
1346.000000 0.221982
1347.000000 0.362293
1348.000000 0.185612
1349.000000 0.170516
1350.000000 0.085791
1351.000000 0.236110
1352.000000 0.298786
1353.000000 0.239766
1354.000000 0.105423
1355.000000 0.174191
1356.000000 0.301128
1357.000000 0.148988
1358.000000 0.215308
1359.000000 0.162587
1360.000000 0.506070
1361.000000 0.115923
1362.000000 0.374090
1363.000000 0.388199
1364.000000 0.448160
1365.000000 0.150862
1366.000000 0.062786
1367.000000 0.164132
1368.000000 0.161903
1369.000000 0.201624
1370.000000 0.224810
1371.000000 0.067329
1372.000000 0.485335
1373.000000 0.227358
1374.000000 0.285256
1375.000000 0.130600
1376.000000 0.395316
1377.000000 0.296219
1378.000000 0.183334
1379.000000 0.239912
1380.000000 0.372575
1381.000000 0.095752
1382.000000 0.106223
1383.000000 0.342806
1384.000000 0.137449
1385.000000 0.302040
1386.000000 0.143499
1387.000000 0.247035
1388.000000 0.267318
1389.000000 0.264686
1390.000000 0.286054
1391.000000 0.271812
1392.000000 0.068828
1393.000000 0.328774
1394.000000 0.205156
1395.000000 0.196893
1396.000000 0.275533
1397.000000 0.075170
1398.000000 0.150383
1399.000000 0.239131
1400.000000 0.196538
1401.000000 0.415051
1402.000000 0.453144
1403.000000 0.311527
1404.000000 0.236226
1405.000000 0.081646
1406.000000 0.358196
1407.000000 0.443114
1408.000000 0.153052
1409.000000 0.124807
1410.000000 0.220162
1411.000000 0.160552
1412.000000 0.213260
1413.000000 0.162690
1414.000000 0.086445
1415.000000 0.224702
1416.000000 0.281260
1417.000000 0.198083
1418.000000 0.173152
1419.000000 0.105931
1420.000000 0.166895
1421.000000 0.302810
1422.000000 0.234506
1423.000000 0.391071
1424.000000 0.084550
1425.000000 0.402868
1426.000000 0.288747
1427.000000 0.343265
1428.000000 0.288837
1429.000000 0.214055
1430.000000 0.201622
1431.000000 0.267083
1432.000000 0.260939
1433.000000 0.059915
1434.000000 0.207931
1435.000000 0.381092
1436.000000 0.232062
1437.000000 0.555910
1438.000000 0.052488
1439.000000 0.138756
1440.000000 0.312407
1441.000000 0.158166
1442.000000 0.341490
1443.000000 0.420770
1444.000000 0.396265
1445.000000 0.049365
1446.000000 0.254646
1447.000000 0.268906
1448.000000 0.055260
1449.000000 0.130639
1450.000000 0.246003
1451.000000 0.200458
1452.000000 0.216072
1453.000000 0.293645
1454.000000 0.191098
1455.000000 0.348579
1456.000000 0.381255
1457.000000 0.202726
1458.000000 0.266537
1459.000000 0.247384
1460.000000 0.131416
1461.000000 0.295448
1462.000000 0.093282
1463.000000 0.445227
1464.000000 0.178361
1465.000000 0.047786
1466.000000 0.054077
1467.000000 0.169569
1468.000000 0.404090
1469.000000 0.111174
1470.000000 0.223236
1471.000000 0.334098
1472.000000 0.217974
1473.000000 0.145963
1474.000000 0.107367
1475.000000 0.350056
1476.000000 0.041566
1477.000000 0.136877
1478.000000 0.056951
1479.000000 0.163306
1480.000000 0.121218
1481.000000 0.458706
1482.000000 0.241899
1483.000000 0.157224
1484.000000 0.200085
1485.000000 0.386342
1486.000000 0.212956
1487.000000 0.091997
1488.000000 0.366059
1489.000000 0.175756
1490.000000 0.173628
1491.000000 0.128781
1492.000000 0.239831
1493.000000 0.223031
1494.000000 0.164371
1495.000000 0.072765
1496.000000 0.073147
1497.000000 0.136741
1498.000000 0.198379
1499.000000 0.303466
1500.000000 0.340861
1501.000000 0.203632
1502.000000 0.162651
1503.000000 0.298888
1504.000000 0.203293
1505.000000 0.004700
1506.000000 0.090924
1507.000000 0.079747
1508.000000 0.159652
1509.000000 0.092529
1510.000000 0.451438
1511.000000 0.045455
1512.000000 0.113727
1513.000000 0.397479
1514.000000 0.126873
1515.000000 0.167631
1516.000000 0.127710
1517.000000 0.223258
1518.000000 0.208726
1519.000000 0.207927
1520.000000 0.410390
1521.000000 0.211459
1522.000000 0.107990
1523.000000 0.057735
1524.000000 0.131541
1525.000000 0.328062
1526.000000 0.239450
1527.000000 0.239198
1528.000000 0.260685
1529.000000 0.275515
1530.000000 0.186933
1531.000000 0.102023
1532.000000 0.138753
1533.000000 0.353914
1534.000000 0.217704
1535.000000 0.399570
1536.000000 0.494660
1537.000000 0.222067
1538.000000 0.113435
1539.000000 0.210632
1540.000000 0.331509
1541.000000 0.115225
1542.000000 0.128486
1543.000000 0.481333
1544.000000 0.107541
1545.000000 0.399303
1546.000000 0.104075
1547.000000 0.209144
1548.000000 0.532595
1549.000000 0.160886
1550.000000 0.144305
1551.000000 0.122877
1552.000000 0.217256
1553.000000 0.187001
1554.000000 0.183890
1555.000000 0.051959
1556.000000 0.279723
1557.000000 0.501761
1558.000000 0.241250
1559.000000 0.225770
1560.000000 0.341898
1561.000000 0.379290
1562.000000 0.094685
1563.000000 0.079868
1564.000000 0.507028
1565.000000 0.349147
1566.000000 0.242128
1567.000000 0.403337
1568.000000 0.278442
1569.000000 0.293779
1570.000000 0.316449
1571.000000 0.418255
1572.000000 0.411750
1573.000000 0.067583
1574.000000 0.094613
1575.000000 0.273120
1576.000000 0.444461
1577.000000 0.193181
1578.000000 0.422620
1579.000000 0.017031
1580.000000 0.317154
1581.000000 0.230606
1582.000000 0.051736
1583.000000 0.068291
1584.000000 0.176818
1585.000000 0.067832
1586.000000 0.100892
1587.000000 0.165969
1588.000000 0.272129
1589.000000 0.118315
1590.000000 0.521536
1591.000000 0.153531
1592.000000 0.262083
1593.000000 0.290845
1594.000000 0.115741
1595.000000 0.258850
1596.000000 0.194621
1597.000000 0.149795
1598.000000 0.058397
1599.000000 0.242595
1600.000000 0.261389
1601.000000 0.346910
1602.000000 0.117828
1603.000000 0.118543
1604.000000 0.303980
1605.000000 0.359341
1606.000000 0.117516
1607.000000 0.347249
1608.000000 0.188430
1609.000000 0.194471
1610.000000 0.187261
1611.000000 0.197730
1612.000000 0.240456
1613.000000 0.201425
1614.000000 0.133599
1615.000000 0.262648
1616.000000 0.123195
1617.000000 0.079508
1618.000000 0.295045
1619.000000 0.176902
1620.000000 0.315146
1621.000000 0.042143
1622.000000 0.173306
1623.000000 0.171661
1624.000000 0.151966
1625.000000 0.167457
1626.000000 0.190519
1627.000000 0.337540
1628.000000 0.079886
1629.000000 0.096003
1630.000000 0.158935
1631.000000 0.126563
1632.000000 0.404296
1633.000000 0.237004
1634.000000 0.035612
1635.000000 0.052624
1636.000000 0.262821
1637.000000 0.323234
1638.000000 0.095465
1639.000000 0.246444
1640.000000 0.044589
1641.000000 0.531606
1642.000000 0.260513
1643.000000 0.482847
1644.000000 0.097126
1645.000000 0.266526
1646.000000 0.401782
1647.000000 0.049849
1648.000000 0.097419
1649.000000 0.270162
1650.000000 0.246137
1651.000000 0.060259
1652.000000 0.332538
1653.000000 0.301484
1654.000000 0.226137
1655.000000 0.125683
1656.000000 0.264390
1657.000000 0.107417
1658.000000 0.276942
1659.000000 0.158042
1660.000000 0.285778
1661.000000 0.081793
1662.000000 0.536093
1663.000000 0.323772
1664.000000 0.342908
1665.000000 0.197191
1666.000000 0.079640
1667.000000 0.203757
1668.000000 0.327514
1669.000000 0.258121
1670.000000 0.224384
1671.000000 0.318709
1672.000000 0.324131
1673.000000 0.125578
1674.000000 0.345834
1675.000000 0.151288
1676.000000 0.205463
1677.000000 0.121234
1678.000000 0.272547
1679.000000 0.276290
1680.000000 0.071433
1681.000000 0.180632
1682.000000 0.271865
1683.000000 0.198078
1684.000000 0.196447
1685.000000 0.084795
1686.000000 0.269123
1687.000000 0.454986
1688.000000 0.368648
1689.000000 0.259857
1690.000000 0.238234
1691.000000 0.318983
1692.000000 0.103916
1693.000000 0.137872
1694.000000 0.542133
1695.000000 0.108489
1696.000000 0.310932
1697.000000 0.273637
1698.000000 0.280634
1699.000000 0.196088
1700.000000 0.213320
1701.000000 0.072462
1702.000000 0.097617
1703.000000 0.206144
1704.000000 0.006903
1705.000000 0.143806
1706.000000 0.276832
1707.000000 0.353204
1708.000000 0.197614
1709.000000 0.302505
1710.000000 0.174529
1711.000000 0.039736
1712.000000 0.489823
1713.000000 0.302410
1714.000000 0.240876
1715.000000 0.299977
1716.000000 0.315812
1717.000000 0.145317
1718.000000 0.273961
1719.000000 0.159073
1720.000000 0.275000
1721.000000 0.116973
1722.000000 0.448083
1723.000000 0.259923
1724.000000 0.383938
1725.000000 0.207973
1726.000000 0.307151
1727.000000 0.051343
1728.000000 0.110353
1729.000000 0.307171
1730.000000 0.615400
1731.000000 0.198948
1732.000000 0.117684
1733.000000 0.329579
1734.000000 0.326879
1735.000000 0.124697
1736.000000 0.063984
1737.000000 0.189876
1738.000000 0.158138
1739.000000 0.206714
1740.000000 0.205443
1741.000000 0.319401
1742.000000 0.387477
1743.000000 0.243031
1744.000000 0.154545
1745.000000 0.158667
1746.000000 0.355929
1747.000000 0.300363
1748.000000 0.083276
1749.000000 0.126409
1750.000000 0.054889
1751.000000 0.078032
1752.000000 0.270561
1753.000000 0.103788
1754.000000 0.036331
1755.000000 0.132197
1756.000000 0.172403
1757.000000 0.289859
1758.000000 0.099300
1759.000000 0.132831
1760.000000 0.344325
1761.000000 0.294136
1762.000000 0.179124
1763.000000 0.251673
1764.000000 0.346019
1765.000000 0.220598
1766.000000 0.159130
1767.000000 0.267048
1768.000000 0.201904
1769.000000 0.173257
1770.000000 0.230527
1771.000000 0.065545
1772.000000 0.160103
1773.000000 0.310756
1774.000000 0.388757
1775.000000 0.248221
1776.000000 0.205386
1777.000000 0.165073
1778.000000 0.244169
1779.000000 0.105446
1780.000000 0.419142
1781.000000 0.263918
1782.000000 0.373243
1783.000000 0.563847
1784.000000 0.341790
1785.000000 0.075225
1786.000000 0.172496
1787.000000 0.105288
1788.000000 0.055604
1789.000000 0.101627
1790.000000 0.124625
1791.000000 0.456709
1792.000000 0.104568
1793.000000 0.092719
1794.000000 0.159468
1795.000000 0.078889
1796.000000 0.194696
1797.000000 0.162855
1798.000000 0.284783
1799.000000 0.309788
1800.000000 0.246924
1801.000000 0.269428
1802.000000 0.309271
1803.000000 0.088420
1804.000000 0.160931
1805.000000 0.251409
1806.000000 0.269180
1807.000000 0.238677
1808.000000 0.238395
1809.000000 0.134062
1810.000000 0.383771
1811.000000 0.251292
1812.000000 0.177158
1813.000000 0.082820
1814.000000 0.160942
1815.000000 0.312504
1816.000000 0.037466
1817.000000 0.288755
1818.000000 0.231019
1819.000000 0.428575
1820.000000 0.237639
1821.000000 0.298919
1822.000000 0.192351
1823.000000 0.150509
1824.000000 0.125293
1825.000000 0.318536
1826.000000 0.248107
1827.000000 0.157638
1828.000000 0.200689
1829.000000 0.146674
1830.000000 0.214902
1831.000000 0.249975
1832.000000 0.155889
1833.000000 0.283875
1834.000000 0.160330
1835.000000 0.395410
1836.000000 0.391855
1837.000000 0.114131
1838.000000 0.281252
1839.000000 0.517791
1840.000000 0.028244
1841.000000 0.318525
1842.000000 0.098192
1843.000000 0.257508
1844.000000 0.209232
1845.000000 0.238795
1846.000000 0.365998
1847.000000 0.387311
1848.000000 0.233212
1849.000000 0.342124
1850.000000 0.400324
1851.000000 0.553549
1852.000000 0.159880
1853.000000 0.330239
1854.000000 0.179706
1855.000000 0.341095
1856.000000 0.315847
1857.000000 0.074068
1858.000000 0.238040
1859.000000 0.285166
1860.000000 0.142318
1861.000000 0.270244
1862.000000 0.253956
1863.000000 0.030244
1864.000000 0.200202
1865.000000 0.256266
1866.000000 0.281533
1867.000000 0.039500
1868.000000 0.083899
1869.000000 0.396426
1870.000000 0.072088
1871.000000 0.189347
1872.000000 0.027174
1873.000000 0.126570
1874.000000 0.208928
1875.000000 0.162987
1876.000000 0.266666
1877.000000 0.404458
1878.000000 0.222082
1879.000000 0.325650
1880.000000 0.062321
1881.000000 0.033297
1882.000000 0.089587
1883.000000 0.383517
1884.000000 0.321715
1885.000000 0.065467
1886.000000 0.040641
1887.000000 0.244629
1888.000000 0.400844
1889.000000 0.016606
1890.000000 0.145084
1891.000000 0.330501
1892.000000 0.112558
1893.000000 0.291649
1894.000000 0.379933
1895.000000 0.198147
1896.000000 0.219924
1897.000000 0.124886
1898.000000 0.327603
1899.000000 0.187407
1900.000000 0.269101
1901.000000 0.128773
1902.000000 0.147658
1903.000000 0.455166
1904.000000 0.134035
1905.000000 0.201214
1906.000000 0.042428
1907.000000 0.234470
1908.000000 0.339447
1909.000000 0.397059
1910.000000 0.397504
1911.000000 0.237170
1912.000000 0.160390
1913.000000 0.014132
1914.000000 0.104093
1915.000000 0.205581
1916.000000 0.154900
1917.000000 0.131338
1918.000000 0.152389
1919.000000 0.297326
1920.000000 0.148085
1921.000000 0.214975
1922.000000 0.085430
1923.000000 0.135196
1924.000000 0.155764
1925.000000 0.325695
1926.000000 0.150358
1927.000000 0.258835
1928.000000 0.379004
1929.000000 0.066225
1930.000000 0.408127
1931.000000 0.341354
1932.000000 0.216436
1933.000000 0.252577
1934.000000 0.046552
1935.000000 0.349628
1936.000000 0.324033
1937.000000 0.123259
1938.000000 0.133167
1939.000000 0.169063
1940.000000 0.129457
1941.000000 0.221207
1942.000000 0.155350
1943.000000 0.131489
1944.000000 0.168288
1945.000000 0.288465
1946.000000 0.159025
1947.000000 0.132063
1948.000000 0.219185
1949.000000 0.187418
1950.000000 0.252923
1951.000000 0.337473
1952.000000 0.172739
1953.000000 0.457271
1954.000000 0.075434
1955.000000 0.447741
1956.000000 0.182135
1957.000000 0.110171
1958.000000 0.238784
1959.000000 0.408825
1960.000000 0.491858
1961.000000 0.434440
1962.000000 0.323777
1963.000000 0.281063
1964.000000 0.050301
1965.000000 0.241201
1966.000000 0.217218
1967.000000 0.286345
1968.000000 0.403778
1969.000000 0.292434
1970.000000 0.323156
1971.000000 0.193881
1972.000000 0.118325
1973.000000 0.169948
1974.000000 0.220701
1975.000000 0.233969
1976.000000 0.300004
1977.000000 0.137783
1978.000000 0.214632
1979.000000 0.256317
1980.000000 0.181913
1981.000000 0.149263
1982.000000 0.243474
1983.000000 0.340493
1984.000000 0.041501
1985.000000 0.488980
1986.000000 0.435307
1987.000000 0.258798
1988.000000 0.167999
1989.000000 0.188755
1990.000000 0.300257
1991.000000 0.328588
1992.000000 0.064467
1993.000000 0.052680
1994.000000 0.240719
1995.000000 0.132712
1996.000000 0.328298
1997.000000 0.178521
1998.000000 0.156957
1999.000000 0.155152
2000.000000 0.271736
2001.000000 0.201911
2002.000000 0.260936
2003.000000 0.162111
2004.000000 0.294516
2005.000000 0.181154
2006.000000 0.404408
2007.000000 0.021901
2008.000000 0.120835
2009.000000 0.306313
2010.000000 0.293351
2011.000000 0.434071
2012.000000 0.268022
2013.000000 0.158823
2014.000000 0.350053
2015.000000 0.156812
2016.000000 0.200335
2017.000000 0.240261
2018.000000 0.178693
2019.000000 0.383313
2020.000000 0.460333
2021.000000 0.215164
2022.000000 0.249554
2023.000000 0.112241
2024.000000 0.141334
2025.000000 0.249175
2026.000000 0.220111
2027.000000 0.345493
2028.000000 0.373925
2029.000000 0.271238
2030.000000 0.218759
2031.000000 0.581349
2032.000000 0.137852
2033.000000 0.189904
2034.000000 0.314274
2035.000000 0.049411
2036.000000 0.200579
2037.000000 0.216570
2038.000000 0.186858
2039.000000 0.248451
2040.000000 0.316294
2041.000000 0.378280
2042.000000 0.156342
2043.000000 0.338914
2044.000000 0.476538
2045.000000 0.140731
2046.000000 0.372826
2047.000000 0.112387
2048.000000 0.133306
2049.000000 0.098402
2050.000000 0.122710
2051.000000 0.103440
2052.000000 0.140726
2053.000000 0.178166
2054.000000 0.155947
2055.000000 0.269655
2056.000000 0.082050
2057.000000 0.233113
2058.000000 0.347548
2059.000000 0.208563
2060.000000 0.206610
2061.000000 0.095446
2062.000000 0.214634
2063.000000 0.393884
2064.000000 0.093251
2065.000000 0.511946
2066.000000 0.073636
2067.000000 0.063489
2068.000000 0.217943
2069.000000 0.332268
2070.000000 0.191028
2071.000000 0.407960
2072.000000 0.180471
2073.000000 0.420658
2074.000000 0.111678
2075.000000 0.238590
2076.000000 0.194659
2077.000000 0.137274
2078.000000 0.399458
2079.000000 0.122596
2080.000000 0.171275
2081.000000 0.307120
2082.000000 0.124638
2083.000000 0.582212
2084.000000 0.266004
2085.000000 0.135736
2086.000000 0.083184
2087.000000 0.419280
2088.000000 0.256224
2089.000000 0.257746
2090.000000 0.295519
2091.000000 0.136153
2092.000000 0.323190
2093.000000 0.327128
2094.000000 0.252269
2095.000000 0.322847
2096.000000 0.078674
2097.000000 0.113909
2098.000000 0.333925
2099.000000 0.245476
2100.000000 0.364804
2101.000000 0.097877
2102.000000 0.362017
2103.000000 0.078919
2104.000000 0.221108
2105.000000 0.092798
2106.000000 0.370487
2107.000000 0.339732
2108.000000 0.192600
2109.000000 0.222639
2110.000000 0.391013
2111.000000 0.297005
2112.000000 0.124742
2113.000000 0.269460
2114.000000 0.083787
2115.000000 0.135760
2116.000000 0.260363
2117.000000 0.073010
2118.000000 0.051305
2119.000000 0.113480
2120.000000 0.058439
2121.000000 0.285186
2122.000000 0.214968
2123.000000 0.475686
2124.000000 0.178470
2125.000000 0.387875
2126.000000 0.144195
2127.000000 0.246349
2128.000000 0.259922
2129.000000 0.217036
2130.000000 0.040976
2131.000000 0.160423
2132.000000 0.007211
2133.000000 0.200859
2134.000000 0.251199
2135.000000 0.208765
2136.000000 0.321757
2137.000000 0.166669
2138.000000 0.277627
2139.000000 0.314671
2140.000000 0.194383
2141.000000 0.121576
2142.000000 0.308657
2143.000000 0.252476
2144.000000 0.193177
2145.000000 0.294665
2146.000000 0.304759
2147.000000 0.323186
2148.000000 0.121528
2149.000000 0.269994
2150.000000 0.015259
2151.000000 0.239574
2152.000000 0.476520
2153.000000 0.204038
2154.000000 0.530983
2155.000000 0.188408
2156.000000 0.131039
2157.000000 0.180261
2158.000000 0.375716
2159.000000 0.425715
2160.000000 0.117673
2161.000000 0.253570
2162.000000 0.349738
2163.000000 0.182129
2164.000000 0.067935
2165.000000 0.236195
2166.000000 0.369832
2167.000000 0.377152
2168.000000 0.065155
2169.000000 0.241584
2170.000000 0.053504
2171.000000 0.404306
2172.000000 0.264590
2173.000000 0.194791
2174.000000 0.160757
2175.000000 0.184089
2176.000000 0.113757
2177.000000 0.187546
2178.000000 0.266193
2179.000000 0.131793
2180.000000 0.074893
2181.000000 0.123104
2182.000000 0.120700
2183.000000 0.120599
2184.000000 0.106533
2185.000000 0.370256
2186.000000 0.348077
2187.000000 0.317384
2188.000000 0.364985
2189.000000 0.132084
2190.000000 0.238329
2191.000000 0.270245
2192.000000 0.211362
2193.000000 0.236875
2194.000000 0.199478
2195.000000 0.283178
2196.000000 0.230354
2197.000000 0.254100
2198.000000 0.271910
2199.000000 0.191377
2200.000000 0.305843
2201.000000 0.254183
2202.000000 0.187962
2203.000000 0.055679
2204.000000 0.180609
2205.000000 0.390386
2206.000000 0.107704
2207.000000 0.310891
2208.000000 0.212802
2209.000000 0.319337
2210.000000 0.129816
2211.000000 0.176886
2212.000000 0.117670
2213.000000 0.358317
2214.000000 0.192027
2215.000000 0.178949
2216.000000 0.168573
2217.000000 0.337994
2218.000000 0.192968
2219.000000 0.189333
2220.000000 0.132039
2221.000000 0.475616
2222.000000 0.069329
2223.000000 0.085322
2224.000000 0.086117
2225.000000 0.103083
2226.000000 0.339658
2227.000000 0.480719
2228.000000 0.249400
2229.000000 0.193392
2230.000000 0.389178
2231.000000 0.181586
2232.000000 0.359003
2233.000000 0.337896
2234.000000 0.434341
2235.000000 0.191869
2236.000000 0.193868
2237.000000 0.043765
2238.000000 0.363802
2239.000000 0.120876
2240.000000 0.167468
2241.000000 0.072724
2242.000000 0.247507
2243.000000 0.283155
2244.000000 0.109235
2245.000000 0.521658
2246.000000 0.282711
2247.000000 0.145694
2248.000000 0.111028
2249.000000 0.098627
2250.000000 0.245241
2251.000000 0.208844
2252.000000 0.411694
2253.000000 0.283553
2254.000000 0.056522
2255.000000 0.074136
2256.000000 0.376277
2257.000000 0.271869
2258.000000 0.418531
2259.000000 0.276720
2260.000000 0.359467
2261.000000 0.054397
2262.000000 0.454713
2263.000000 0.234945
2264.000000 0.222240
2265.000000 0.142642
2266.000000 0.009461
2267.000000 0.112016
2268.000000 0.210081
2269.000000 0.424254
2270.000000 0.250417
2271.000000 0.204687
2272.000000 0.257041
2273.000000 0.065777
2274.000000 0.173210
2275.000000 0.189332
2276.000000 0.156744
2277.000000 0.188088
2278.000000 0.489969
2279.000000 0.002211
2280.000000 0.096329
2281.000000 0.257367
2282.000000 0.390408
2283.000000 0.107389
2284.000000 0.226138
2285.000000 0.184874
2286.000000 0.051306
2287.000000 0.069307
2288.000000 0.215977
2289.000000 0.182805
2290.000000 0.036655
2291.000000 0.222713
2292.000000 0.116085
2293.000000 0.294756
2294.000000 0.212748
2295.000000 0.252565
2296.000000 0.052512
2297.000000 0.214554
2298.000000 0.165444
2299.000000 0.179234
2300.000000 0.173867
2301.000000 0.114184
2302.000000 0.063452
2303.000000 0.289953
2304.000000 0.267209
2305.000000 0.310856
2306.000000 0.068569
2307.000000 0.129639
2308.000000 0.263716
2309.000000 0.165168
2310.000000 0.177439
2311.000000 0.105811
2312.000000 0.222727
2313.000000 0.538328
2314.000000 0.334999
2315.000000 0.163574
2316.000000 0.318551
2317.000000 0.147400
2318.000000 0.110536
2319.000000 0.275199
2320.000000 0.081952
2321.000000 0.299333
2322.000000 0.242550
2323.000000 0.245802
2324.000000 0.296098
2325.000000 0.311185
2326.000000 0.212126
2327.000000 0.292214
2328.000000 0.125136
2329.000000 0.445507
2330.000000 0.239882
2331.000000 0.170994
2332.000000 0.246040
2333.000000 0.521685
2334.000000 0.269343
2335.000000 0.064081
2336.000000 0.147607
2337.000000 0.178998
2338.000000 0.331542
2339.000000 0.183463
2340.000000 0.356512
2341.000000 0.160112
2342.000000 0.267490
2343.000000 0.417642
2344.000000 0.183391
2345.000000 0.329821
2346.000000 0.129957
2347.000000 0.179750
2348.000000 0.315726
2349.000000 0.037325
2350.000000 0.325227
2351.000000 0.272492
2352.000000 0.528500
2353.000000 0.152180
2354.000000 0.408227
2355.000000 0.119692
2356.000000 0.241722
2357.000000 0.256823
2358.000000 0.257674
2359.000000 0.066983
2360.000000 0.235301
2361.000000 0.255480
2362.000000 0.197194
2363.000000 0.125606
2364.000000 0.301563
2365.000000 0.493643
2366.000000 0.117318
2367.000000 0.170461
2368.000000 0.299978
2369.000000 0.234263
2370.000000 0.294405
2371.000000 0.133048
2372.000000 0.301656
2373.000000 0.184665
2374.000000 0.151904
2375.000000 0.266944
2376.000000 0.107452
2377.000000 0.226444
2378.000000 0.189868
2379.000000 0.343259
2380.000000 0.331289
2381.000000 0.259489
2382.000000 0.173325
2383.000000 0.357873
2384.000000 0.422853
2385.000000 0.201193
2386.000000 0.072834
2387.000000 0.429348
2388.000000 0.234764
2389.000000 0.212064
2390.000000 0.200928
2391.000000 0.225721
2392.000000 0.119372
2393.000000 0.362116
2394.000000 0.163881
2395.000000 0.223607
2396.000000 0.235490
2397.000000 0.299950
2398.000000 0.321898
2399.000000 0.155534
2400.000000 0.050677
2401.000000 0.184988
2402.000000 0.198353
2403.000000 0.275490
2404.000000 0.257354
2405.000000 0.145181
2406.000000 0.174655
2407.000000 0.182313
2408.000000 0.253357
2409.000000 0.140271
2410.000000 0.123128
2411.000000 0.152585
2412.000000 0.236540
2413.000000 0.096428
2414.000000 0.301379
2415.000000 0.134257
2416.000000 0.229998
2417.000000 0.267047
2418.000000 0.416833
2419.000000 0.107128
2420.000000 0.055751
2421.000000 0.244504
2422.000000 0.456877
2423.000000 0.193307
2424.000000 0.189229
2425.000000 0.191150
2426.000000 0.119535
2427.000000 0.291386
2428.000000 0.235049
2429.000000 0.258881
2430.000000 0.389863
2431.000000 0.249173
2432.000000 0.179894
2433.000000 0.274151
2434.000000 0.356841
2435.000000 0.232425
2436.000000 0.315349
2437.000000 0.247742
2438.000000 0.155326
2439.000000 0.282963
2440.000000 0.166600
2441.000000 0.318713
2442.000000 0.162707
2443.000000 0.172997
2444.000000 0.206942
2445.000000 0.221694
2446.000000 0.073164
2447.000000 0.171204
2448.000000 0.070446
2449.000000 0.337426
2450.000000 0.294993
2451.000000 0.053409
2452.000000 0.575910
2453.000000 0.189293
2454.000000 0.335309
2455.000000 0.126026
2456.000000 0.068666
2457.000000 0.134777
2458.000000 0.132030
2459.000000 0.200778
2460.000000 0.202950
2461.000000 0.113629
2462.000000 0.247256
2463.000000 0.294669
2464.000000 0.092592
2465.000000 0.146209
2466.000000 0.146791
2467.000000 0.463045
2468.000000 0.182841
2469.000000 0.153719
2470.000000 0.237274
2471.000000 0.343935
2472.000000 0.179270
2473.000000 0.231770
2474.000000 0.151166
2475.000000 0.295018
2476.000000 0.366297
2477.000000 0.294565
2478.000000 0.378746
2479.000000 0.227913
2480.000000 0.246989
2481.000000 0.146077
2482.000000 0.300951
2483.000000 0.410922
2484.000000 0.028095
2485.000000 0.298043
2486.000000 0.494955
2487.000000 0.186330
2488.000000 0.216473
2489.000000 0.138338
2490.000000 0.200670
2491.000000 0.334842
2492.000000 0.064095
2493.000000 0.118487
2494.000000 0.301942
2495.000000 0.338955
2496.000000 0.546531
2497.000000 0.118040
2498.000000 0.085835
2499.000000 0.152180
2500.000000 0.119500
2501.000000 0.253896
2502.000000 0.231955
2503.000000 0.314191
2504.000000 0.221372
2505.000000 0.271984
2506.000000 0.138625
2507.000000 0.108304
2508.000000 0.257795
2509.000000 0.256309
2510.000000 0.338481
2511.000000 0.240690
2512.000000 0.502927
2513.000000 0.116707
2514.000000 0.334687
2515.000000 0.362048
2516.000000 0.262955
2517.000000 0.013469
2518.000000 0.352285
2519.000000 0.342713
2520.000000 0.342169
2521.000000 0.096727
2522.000000 0.229852
2523.000000 0.164882
2524.000000 0.263442
2525.000000 0.198492
2526.000000 0.339510
2527.000000 0.264404
2528.000000 0.105440
2529.000000 0.230952
2530.000000 0.226846
2531.000000 0.267885
2532.000000 0.198420
2533.000000 0.132959
2534.000000 0.154843
2535.000000 0.249693
2536.000000 0.174816
2537.000000 0.403057
2538.000000 0.479360
2539.000000 0.134666
2540.000000 0.334789
2541.000000 0.022199
2542.000000 0.232413
2543.000000 0.400001
2544.000000 0.274338
2545.000000 0.287363
2546.000000 0.180699
2547.000000 0.103184
2548.000000 0.118666
2549.000000 0.116774
2550.000000 0.177735
2551.000000 0.207262
2552.000000 0.210750
2553.000000 0.194200
2554.000000 0.161484
2555.000000 0.296408
2556.000000 0.388267
2557.000000 0.329697
2558.000000 0.095736
2559.000000 0.176053
2560.000000 0.227789
2561.000000 0.247637
2562.000000 0.349502
2563.000000 0.372669
2564.000000 0.081629
2565.000000 0.124918
2566.000000 0.302993
2567.000000 0.154730
2568.000000 0.223888
2569.000000 0.147019
2570.000000 0.396399
2571.000000 0.447036
2572.000000 0.299820
2573.000000 0.110654
2574.000000 0.197766
2575.000000 0.424096
2576.000000 0.106881
2577.000000 0.103207
2578.000000 0.161901
2579.000000 0.067034
2580.000000 0.071776
2581.000000 0.271016
2582.000000 0.307776
2583.000000 0.094828
2584.000000 0.201719
2585.000000 0.191018
2586.000000 0.037416
2587.000000 0.224538
2588.000000 0.317789
2589.000000 0.425625
2590.000000 0.288200
2591.000000 0.297460
2592.000000 0.207500
2593.000000 0.419965
2594.000000 0.340324
2595.000000 0.262250
2596.000000 0.253236
2597.000000 0.174910
2598.000000 0.262925
2599.000000 0.299294
2600.000000 0.366443
2601.000000 0.446969
2602.000000 0.163576
2603.000000 0.352392
2604.000000 0.271956
2605.000000 0.157455
2606.000000 0.246230
2607.000000 0.160932
2608.000000 0.101208
2609.000000 0.123415
2610.000000 0.116245
2611.000000 0.176947
2612.000000 0.158425
2613.000000 0.370216
2614.000000 0.165083
2615.000000 0.305650
2616.000000 0.160829
2617.000000 0.276974
2618.000000 0.055662
2619.000000 0.350645
2620.000000 0.181511
2621.000000 0.060509
2622.000000 0.071442
2623.000000 0.643741
2624.000000 0.150742
2625.000000 0.108822
2626.000000 0.256174
2627.000000 0.164658
2628.000000 0.245819
2629.000000 0.156574
2630.000000 0.242882
2631.000000 0.318180
2632.000000 0.123358
2633.000000 0.386353
2634.000000 0.114319
2635.000000 0.239517
2636.000000 0.411417
2637.000000 0.278402
2638.000000 0.051324
2639.000000 0.476346
2640.000000 0.352829
2641.000000 0.179474
2642.000000 0.226279
2643.000000 0.056547
2644.000000 0.069962
2645.000000 0.042183
2646.000000 0.060543
2647.000000 0.258877
2648.000000 0.049749
2649.000000 0.061794
2650.000000 0.369243
2651.000000 0.472362
2652.000000 0.180821
2653.000000 0.194161
2654.000000 0.259523
2655.000000 0.238989
2656.000000 0.113081
2657.000000 0.066054
2658.000000 0.255333
2659.000000 0.121276
2660.000000 0.119599
2661.000000 0.254776
2662.000000 0.114823
2663.000000 0.071835
2664.000000 0.399207
2665.000000 0.064109
2666.000000 0.290763
2667.000000 0.202744
2668.000000 0.050063
2669.000000 0.117790
2670.000000 0.194862
2671.000000 0.314546
2672.000000 0.179019
2673.000000 0.059246
2674.000000 0.201525
2675.000000 0.247607
2676.000000 0.146573
2677.000000 0.221984
2678.000000 0.110231
2679.000000 0.055680
2680.000000 0.327375
2681.000000 0.268345
2682.000000 0.216437
2683.000000 0.465452
2684.000000 0.399663
2685.000000 0.279068
2686.000000 0.168459
2687.000000 0.233021
2688.000000 0.161288
2689.000000 0.328779
2690.000000 0.248559
2691.000000 0.142734
2692.000000 0.248858
2693.000000 0.031879
2694.000000 0.347503
2695.000000 0.208928
2696.000000 0.060725
2697.000000 0.224247
2698.000000 0.062236
2699.000000 0.196700
2700.000000 0.149949
2701.000000 0.127585
2702.000000 0.135077
2703.000000 0.172526
2704.000000 0.356849
2705.000000 0.252864
2706.000000 0.086209
2707.000000 0.343695
2708.000000 0.261434
2709.000000 0.084401
2710.000000 0.249927
2711.000000 0.084961
2712.000000 0.433967
2713.000000 0.055737
2714.000000 0.427832
2715.000000 0.349912
2716.000000 0.193591
2717.000000 0.195741
2718.000000 0.047695
2719.000000 0.437076
2720.000000 0.270422
2721.000000 0.193244
2722.000000 0.151518
2723.000000 0.220234
2724.000000 0.204346
2725.000000 0.067154
2726.000000 0.137340
2727.000000 0.034696
2728.000000 0.132142
2729.000000 0.363587
2730.000000 0.302410
2731.000000 0.223682
2732.000000 0.294960
2733.000000 0.083925
2734.000000 0.225823
2735.000000 0.152788
2736.000000 0.062411
2737.000000 0.084207
2738.000000 0.441353
2739.000000 0.386373
2740.000000 0.076447
2741.000000 0.356075
2742.000000 0.295496
2743.000000 0.219924
2744.000000 0.411493
2745.000000 0.152272
2746.000000 0.392694
2747.000000 0.091237
2748.000000 0.281340
2749.000000 0.200248
2750.000000 0.214352
2751.000000 0.306205
2752.000000 0.289085
2753.000000 0.154218
2754.000000 0.215107
2755.000000 0.185132
2756.000000 0.094711
2757.000000 0.238917
2758.000000 0.184262
2759.000000 0.362752
2760.000000 0.273003
2761.000000 0.016575
2762.000000 0.529580
2763.000000 0.123997
2764.000000 0.377537
2765.000000 0.204442
2766.000000 0.073843
2767.000000 0.519203
2768.000000 0.144874
2769.000000 0.613944
2770.000000 0.114507
2771.000000 0.030380
2772.000000 0.130804
2773.000000 0.148458
2774.000000 0.041614
2775.000000 0.034488
2776.000000 0.212452
2777.000000 0.153850
2778.000000 0.086440
2779.000000 0.128601
2780.000000 0.334423
2781.000000 0.340997
2782.000000 0.461603
2783.000000 0.096727
2784.000000 0.051344
2785.000000 0.257398
2786.000000 0.284879
2787.000000 0.158809
2788.000000 0.371534
2789.000000 0.295969
2790.000000 0.158418
2791.000000 0.151859
2792.000000 0.385861
2793.000000 0.297665
2794.000000 0.252297
2795.000000 0.268396
2796.000000 0.425587
2797.000000 0.147343
2798.000000 0.311762
2799.000000 0.180641
2800.000000 0.268264
2801.000000 0.279338
2802.000000 0.403482
2803.000000 0.251919
2804.000000 0.183900
2805.000000 0.359636
2806.000000 0.064014
2807.000000 0.106309
2808.000000 0.222066
2809.000000 0.421716
2810.000000 0.297402
2811.000000 0.312865
2812.000000 0.091766
2813.000000 0.197104
2814.000000 0.179707
2815.000000 0.097703
2816.000000 0.137977
2817.000000 0.195123
2818.000000 0.143942
2819.000000 0.493405
2820.000000 0.429670
2821.000000 0.298436
2822.000000 0.168051
2823.000000 0.105719
2824.000000 0.161715
2825.000000 0.141272
2826.000000 0.178444
2827.000000 0.149123
2828.000000 0.193351
2829.000000 0.185036
2830.000000 0.291287
2831.000000 0.120231
2832.000000 0.389815
2833.000000 0.221865
2834.000000 0.241454
2835.000000 0.178505
2836.000000 0.637347
2837.000000 0.072216
2838.000000 0.177583
2839.000000 0.283974
2840.000000 0.128765
2841.000000 0.333448
2842.000000 0.189003
2843.000000 0.627000
2844.000000 0.311718
2845.000000 0.085181
2846.000000 0.300360
2847.000000 0.295277
2848.000000 0.157850
2849.000000 0.384463
2850.000000 0.172461
2851.000000 0.181309
2852.000000 0.159103
2853.000000 0.198245
2854.000000 0.320011
2855.000000 0.316188
2856.000000 0.172297
2857.000000 0.440940
2858.000000 0.231150
2859.000000 0.313026
2860.000000 0.078857
2861.000000 0.091156
2862.000000 0.163474
2863.000000 0.131894
2864.000000 0.222625
2865.000000 0.112437
2866.000000 0.314061
2867.000000 0.344371
2868.000000 0.468443
2869.000000 0.055392
2870.000000 0.038020
2871.000000 0.122714
2872.000000 0.392257
2873.000000 0.292839
2874.000000 0.177406
2875.000000 0.387115
2876.000000 0.047988
2877.000000 0.168961
2878.000000 0.250290
2879.000000 0.171836
2880.000000 0.056020
2881.000000 0.282986
2882.000000 0.195715
2883.000000 0.145167
2884.000000 0.415341
2885.000000 0.470030
2886.000000 0.285535
2887.000000 0.417302
2888.000000 0.084042
2889.000000 0.276897
2890.000000 0.127789
2891.000000 0.191581
2892.000000 0.332219
2893.000000 0.073834
2894.000000 0.304053
2895.000000 0.037969
2896.000000 0.074531
2897.000000 0.236351
2898.000000 0.266388
2899.000000 0.308670
2900.000000 0.115469
2901.000000 0.234335
2902.000000 0.075790
2903.000000 0.182448
2904.000000 0.246110
2905.000000 0.145208
2906.000000 0.161863
2907.000000 0.359170
2908.000000 0.134860
2909.000000 0.048393
2910.000000 0.169272
2911.000000 0.430481
2912.000000 0.161010
2913.000000 0.117990
2914.000000 0.266704
2915.000000 0.223728
2916.000000 0.242155
2917.000000 0.417586
2918.000000 0.143119
2919.000000 0.324295
2920.000000 0.272689
2921.000000 0.068074
2922.000000 0.714149
2923.000000 0.276482
2924.000000 0.140226
2925.000000 0.278114
2926.000000 0.206090
2927.000000 0.157465
2928.000000 0.141077
2929.000000 0.103480
2930.000000 0.286395
2931.000000 0.040632
2932.000000 0.365355
2933.000000 0.127680
2934.000000 0.126284
2935.000000 0.000985
2936.000000 0.189483
2937.000000 0.069162
2938.000000 0.168718
2939.000000 0.044580
2940.000000 0.178254
2941.000000 0.334981
2942.000000 0.131403
2943.000000 0.038356
2944.000000 0.164150
2945.000000 0.137673
2946.000000 0.211832
2947.000000 0.156853
2948.000000 0.143423
2949.000000 0.083571
2950.000000 0.218601
2951.000000 0.129042
2952.000000 0.091559
2953.000000 0.152261
2954.000000 0.286381
2955.000000 0.276520
2956.000000 0.271394
2957.000000 0.108550
2958.000000 0.167890
2959.000000 0.286962
2960.000000 0.134745
2961.000000 0.255961
2962.000000 0.121954
2963.000000 0.043816
2964.000000 0.240503
2965.000000 0.283850
2966.000000 0.114102
2967.000000 0.189988
2968.000000 0.297821
2969.000000 0.140836
2970.000000 0.360341
2971.000000 0.207550
2972.000000 0.359391
2973.000000 0.296958
2974.000000 0.194913
2975.000000 0.226187
2976.000000 0.205150
2977.000000 0.102824
2978.000000 0.077540
2979.000000 0.285128
2980.000000 0.464426
2981.000000 0.220294
2982.000000 0.248110
2983.000000 0.201640
2984.000000 0.088742
2985.000000 0.285693
2986.000000 0.158465
2987.000000 0.149961
2988.000000 0.265058
2989.000000 0.351578
2990.000000 0.149014
2991.000000 0.119561
2992.000000 0.205692
2993.000000 0.124146
2994.000000 0.122041
2995.000000 0.304275
2996.000000 0.042873
2997.000000 0.259360
2998.000000 0.109322
2999.000000 0.327593
3000.000000 0.196991
